,number,value,datetime_start,datetime_complete,duration,params_depth,params_grid,params_k,params_neurons_layer_0,params_neurons_layer_1,params_neurons_layer_10,params_neurons_layer_11,params_neurons_layer_12,params_neurons_layer_13,params_neurons_layer_14,params_neurons_layer_2,params_neurons_layer_3,params_neurons_layer_4,params_neurons_layer_5,params_neurons_layer_6,params_neurons_layer_7,params_neurons_layer_8,params_neurons_layer_9,state
0,0,0.6666292723085584,2025-01-08 00:19:27.309923,2025-01-08 00:20:00.883275,0 days 00:00:33.573352,4,1,4,25,35.0,,,,,,5.0,15.0,,,,,,,COMPLETE
1,1,0.8913222908306278,2025-01-08 00:20:00.884045,2025-01-08 00:20:19.120338,0 days 00:00:18.236293,2,9,2,20,40.0,,,,,,,,,,,,,,COMPLETE
2,2,0.7803151101397541,2025-01-08 00:20:19.120988,2025-01-08 00:21:56.079388,0 days 00:01:36.958400,14,1,2,45,50.0,45.0,25.0,20.0,50.0,,35.0,50.0,25.0,45.0,45.0,50.0,10.0,50.0,COMPLETE
3,3,0.0003359086328518643,2025-01-08 00:21:56.080522,2025-01-08 00:22:44.949410,0 days 00:00:48.868888,13,5,5,50,35.0,40.0,40.0,50.0,,,40.0,5.0,20.0,25.0,50.0,35.0,35.0,45.0,COMPLETE
4,4,0.7869004208800492,2025-01-08 00:22:44.950524,2025-01-08 00:22:53.223354,0 days 00:00:08.272830,1,7,1,10,,,,,,,,,,,,,,,COMPLETE
5,5,0.6503537735849056,2025-01-08 00:22:53.224071,2025-01-08 00:23:06.051138,0 days 00:00:12.827067,1,1,5,15,,,,,,,,,,,,,,,COMPLETE
6,6,0.0,2025-01-08 00:23:06.051863,2025-01-08 00:23:49.496210,0 days 00:00:43.444347,13,9,1,5,50.0,15.0,35.0,40.0,,,40.0,35.0,35.0,30.0,20.0,45.0,40.0,30.0,COMPLETE
7,7,0.0,2025-01-08 00:23:49.497433,2025-01-08 00:24:19.782956,0 days 00:00:30.285523,13,7,1,15,25.0,20.0,50.0,10.0,,,25.0,40.0,20.0,35.0,15.0,5.0,5.0,45.0,COMPLETE
8,8,0.821407440468926,2025-01-08 00:24:19.784286,2025-01-08 00:24:46.355251,0 days 00:00:26.570965,6,5,1,20,40.0,,,,,,15.0,35.0,5.0,15.0,,,,,COMPLETE
9,9,0.0003361344537815126,2025-01-08 00:24:46.356410,2025-01-08 00:25:46.840230,0 days 00:01:00.483820,7,5,5,25,35.0,,,,,,5.0,50.0,20.0,45.0,30.0,,,,COMPLETE
10,10,0.670830011498717,2025-01-08 00:25:46.841224,2025-01-08 00:26:38.073813,0 days 00:00:51.232589,10,9,3,35,5.0,,,,,,25.0,20.0,50.0,5.0,5.0,10.0,20.0,5.0,COMPLETE
11,11,0.8904033975095336,2025-01-08 00:26:38.074828,2025-01-08 00:27:07.387960,0 days 00:00:29.313132,5,3,2,30,40.0,,,,,,15.0,30.0,5.0,,,,,,COMPLETE
12,12,0.8023534110234232,2025-01-08 00:27:07.389147,2025-01-08 00:27:40.797997,0 days 00:00:33.408850,4,3,3,35,20.0,,,,,,50.0,25.0,,,,,,,COMPLETE
13,13,0.8497964722634437,2025-01-08 00:27:40.798923,2025-01-08 00:28:07.673869,0 days 00:00:26.874946,4,3,2,35,45.0,,,,,,15.0,10.0,,,,,,,COMPLETE
14,14,0.35735849056603775,2025-01-08 00:28:07.674802,2025-01-08 00:28:57.766309,0 days 00:00:50.091507,10,3,2,30,25.0,,,,,,15.0,30.0,5.0,5.0,35.0,20.0,50.0,5.0,COMPLETE
15,15,0.8809995739733842,2025-01-08 00:28:57.767551,2025-01-08 00:29:25.497799,0 days 00:00:27.730248,3,7,3,30,40.0,,,,,,20.0,,,,,,,,COMPLETE
16,16,0.8689835599830619,2025-01-08 00:29:25.498698,2025-01-08 00:30:14.425452,0 days 00:00:48.926754,6,9,2,40,15.0,,,,,,30.0,40.0,40.0,50.0,,,,,COMPLETE
17,17,0.43122433238773245,2025-01-08 00:30:14.426342,2025-01-08 00:31:01.670518,0 days 00:00:47.244176,9,3,3,20,30.0,,,,,,10.0,20.0,10.0,20.0,5.0,30.0,20.0,,COMPLETE
18,18,0.6713938800633599,2025-01-08 00:31:01.671695,2025-01-08 00:31:26.455300,0 days 00:00:24.783605,2,7,4,20,45.0,,,,,,,,,,,,,,COMPLETE
19,19,0.8862880507113573,2025-01-08 00:31:26.456279,2025-01-08 00:31:55.065283,0 days 00:00:28.609004,5,3,2,5,40.0,,,,,,50.0,25.0,15.0,,,,,,COMPLETE
20,20,0.35948473610689147,2025-01-08 00:31:55.066146,2025-01-08 00:32:55.606392,0 days 00:01:00.540246,8,5,4,15,30.0,,,,,,20.0,45.0,35.0,35.0,40.0,20.0,,,COMPLETE
21,21,0.8764004951378065,2025-01-08 00:32:55.607798,2025-01-08 00:33:23.881932,0 days 00:00:28.274134,5,3,2,5,40.0,,,,,,50.0,25.0,10.0,,,,,,COMPLETE
22,22,0.8996006417857932,2025-01-08 00:33:23.882966,2025-01-08 00:33:44.443281,0 days 00:00:20.560315,3,3,2,10,45.0,,,,,,45.0,,,,,,,,COMPLETE
23,23,0.7931171250933955,2025-01-08 00:33:44.444190,2025-01-08 00:33:57.076227,0 days 00:00:12.632037,2,1,2,10,45.0,,,,,,,,,,,,,,COMPLETE
24,24,0.8954621367664846,2025-01-08 00:33:57.076960,2025-01-08 00:34:26.516417,0 days 00:00:29.439457,3,5,3,25,50.0,,,,,,40.0,,,,,,,,COMPLETE
25,25,0.8127141774071266,2025-01-08 00:34:26.517108,2025-01-08 00:34:43.222537,0 days 00:00:16.705429,2,5,3,10,50.0,,,,,,,,,,,,,,COMPLETE
26,26,0.7269887298123472,2025-01-08 00:34:43.223381,2025-01-08 00:35:23.896453,0 days 00:00:40.673072,3,7,4,25,50.0,,,,,,40.0,,,,,,,,COMPLETE
27,27,0.8199827364779404,2025-01-08 00:35:23.897369,2025-01-08 00:35:36.186957,0 days 00:00:12.289588,1,5,3,20,,,,,,,,,,,,,,,COMPLETE
28,28,0.8713984480431849,2025-01-08 00:35:36.187829,2025-01-08 00:35:55.569369,0 days 00:00:19.381540,3,9,1,15,45.0,,,,,,45.0,,,,,,,,COMPLETE
29,29,0.8942251217869239,2025-01-08 00:35:55.570274,2025-01-08 00:36:23.418784,0 days 00:00:27.848510,3,5,3,25,45.0,,,,,,35.0,,,,,,,,COMPLETE
30,30,0.31800469530669984,2025-01-08 00:36:23.419683,2025-01-08 00:37:27.528786,0 days 00:01:04.109103,7,5,4,25,50.0,,,,,,35.0,5.0,50.0,15.0,20.0,,,,COMPLETE
31,31,0.8715060117121053,2025-01-08 00:37:27.529831,2025-01-08 00:37:56.890291,0 days 00:00:29.360460,3,5,3,25,45.0,,,,,,45.0,,,,,,,,COMPLETE
32,32,0.8703031124468719,2025-01-08 00:37:56.891230,2025-01-08 00:38:28.225628,0 days 00:00:31.334398,4,7,3,20,45.0,,,,,,35.0,10.0,,,,,,,COMPLETE
33,33,0.0003363605785401951,2025-01-08 00:38:28.226524,2025-01-08 00:38:51.294054,0 days 00:00:23.067530,2,1,4,30,35.0,,,,,,,,,,,,,,COMPLETE
34,34,0.7866140655531355,2025-01-08 00:38:51.294921,2025-01-08 00:39:00.296650,0 days 00:00:09.001729,1,5,2,10,,,,,,,,,,,,,,,COMPLETE
35,35,0.8874292144093727,2025-01-08 00:39:00.297330,2025-01-08 00:39:36.695455,0 days 00:00:36.398125,3,7,3,40,50.0,,,,,,45.0,,,,,,,,COMPLETE
36,36,0.0,2025-01-08 00:39:36.696397,2025-01-08 00:40:58.880074,0 days 00:01:22.183677,15,1,2,50,45.0,5.0,5.0,5.0,5.0,50.0,30.0,15.0,45.0,10.0,25.0,40.0,50.0,20.0,COMPLETE
37,37,0.8850466165230754,2025-01-08 00:40:58.880908,2025-01-08 00:41:22.162507,0 days 00:00:23.281599,4,3,1,15,35.0,,,,,,40.0,45.0,,,,,,,COMPLETE
38,38,0.868070260596453,2025-01-08 00:41:22.163618,2025-01-08 00:41:34.512029,0 days 00:00:12.348411,1,7,2,25,,,,,,,,,,,,,,,COMPLETE
39,39,0.8426654742891035,2025-01-08 00:41:34.512895,2025-01-08 00:42:22.053748,0 days 00:00:47.540853,6,5,3,20,50.0,,,,,,35.0,35.0,30.0,30.0,,,,,COMPLETE
40,40,0.8771622130590826,2025-01-08 00:42:22.055128,2025-01-08 00:42:34.686775,0 days 00:00:12.631647,2,7,1,15,40.0,,,,,,,,,,,,,,COMPLETE
41,41,0.8738741380053716,2025-01-08 00:42:34.687596,2025-01-08 00:43:08.567823,0 days 00:00:33.880227,5,3,2,30,40.0,,,,,,45.0,30.0,10.0,,,,,,COMPLETE
42,42,0.8725877482976014,2025-01-08 00:43:08.568645,2025-01-08 00:43:40.680248,0 days 00:00:32.111603,5,3,2,30,40.0,,,,,,30.0,20.0,30.0,,,,,,COMPLETE
43,43,0.8940739112908827,2025-01-08 00:43:40.681214,2025-01-08 00:44:01.198429,0 days 00:00:20.517215,3,3,1,35,45.0,,,,,,5.0,,,,,,,,COMPLETE
44,44,0.8827572054227402,2025-01-08 00:44:01.199342,2025-01-08 00:44:25.630328,0 days 00:00:24.430986,3,5,1,40,50.0,,,,,,40.0,,,,,,,,COMPLETE
45,45,0.8647684444528377,2025-01-08 00:44:25.631189,2025-01-08 00:44:50.981981,0 days 00:00:25.350792,4,1,1,45,45.0,,,,,,5.0,45.0,,,,,,,COMPLETE
46,46,0.0010063737001006373,2025-01-08 00:44:50.982862,2025-01-08 00:46:05.559857,0 days 00:01:14.576995,12,5,5,35,45.0,30.0,5.0,,,,40.0,10.0,40.0,40.0,10.0,20.0,30.0,30.0,COMPLETE
47,47,0.8991898223953239,2025-01-08 00:46:05.561063,2025-01-08 00:46:15.721793,0 days 00:00:10.160730,1,9,1,25,,,,,,,,,,,,,,,COMPLETE
48,48,0.8466577932877297,2025-01-08 00:46:15.722681,2025-01-08 00:46:28.593427,0 days 00:00:12.870746,1,3,1,45,,,,,,,,,,,,,,,COMPLETE
49,49,0.7395992726276925,2025-01-08 00:46:28.594490,2025-01-08 00:46:43.765618,0 days 00:00:15.171128,2,9,1,35,15.0,,,,,,,,,,,,,,COMPLETE
50,50,0.8665164800793805,2025-01-08 00:46:43.766322,2025-01-08 00:47:09.727995,0 days 00:00:25.961673,4,5,1,40,35.0,,,,,,35.0,15.0,,,,,,,COMPLETE
51,51,0.8991898223953239,2025-01-08 00:47:09.728814,2025-01-08 00:47:19.903912,0 days 00:00:10.175098,1,9,1,25,,,,,,,,,,,,,,,COMPLETE
52,52,0.8991898223953239,2025-01-08 00:47:19.904790,2025-01-08 00:47:30.075168,0 days 00:00:10.170378,1,9,1,25,,,,,,,,,,,,,,,COMPLETE
53,53,0.8991898223953239,2025-01-08 00:47:30.076022,2025-01-08 00:47:40.237655,0 days 00:00:10.161633,1,9,1,25,,,,,,,,,,,,,,,COMPLETE
54,54,0.8991898223953239,2025-01-08 00:47:40.238491,2025-01-08 00:47:50.517993,0 days 00:00:10.279502,1,9,1,25,,,,,,,,,,,,,,,COMPLETE
55,55,0.8556878377181327,2025-01-08 00:47:50.518791,2025-01-08 00:47:59.971347,0 days 00:00:09.452556,1,9,1,20,,,,,,,,,,,,,,,COMPLETE
56,56,0.8847796583032213,2025-01-08 00:47:59.972069,2025-01-08 00:48:10.891624,0 days 00:00:10.919555,1,9,1,30,,,,,,,,,,,,,,,COMPLETE
57,57,0.8530312444337778,2025-01-08 00:48:10.892548,2025-01-08 00:48:24.018224,0 days 00:00:13.125676,2,9,1,25,5.0,,,,,,,,,,,,,,COMPLETE
58,58,0.8556878377181327,2025-01-08 00:48:24.019031,2025-01-08 00:48:33.473399,0 days 00:00:09.454368,1,9,1,20,,,,,,,,,,,,,,,COMPLETE
59,59,0.8732666983911996,2025-01-08 00:48:33.474115,2025-01-08 00:48:47.329982,0 days 00:00:13.855867,2,9,1,25,20.0,,,,,,,,,,,,,,COMPLETE
60,60,0.8847796583032213,2025-01-08 00:48:47.330769,2025-01-08 00:48:58.242339,0 days 00:00:10.911570,1,9,1,30,,,,,,,,,,,,,,,COMPLETE
61,61,0.8789546984830117,2025-01-08 00:48:58.243164,2025-01-08 00:49:12.505050,0 days 00:00:14.261886,2,9,1,25,30.0,,,,,,,,,,,,,,COMPLETE
62,62,0.8556878377181327,2025-01-08 00:49:12.505784,2025-01-08 00:49:21.955968,0 days 00:00:09.450184,1,9,1,20,,,,,,,,,,,,,,,COMPLETE
63,63,0.8991898223953239,2025-01-08 00:49:21.956677,2025-01-08 00:49:32.135864,0 days 00:00:10.179187,1,9,1,25,,,,,,,,,,,,,,,COMPLETE
64,64,0.8847796583032213,2025-01-08 00:49:32.136579,2025-01-08 00:49:43.156585,0 days 00:00:11.020006,1,9,1,30,,,,,,,,,,,,,,,COMPLETE
65,65,0.8752174961803244,2025-01-08 00:49:43.157504,2025-01-08 00:49:56.214139,0 days 00:00:13.056635,2,9,1,25,10.0,,,,,,,,,,,,,,COMPLETE
66,66,0.8556878377181327,2025-01-08 00:49:56.214835,2025-01-08 00:50:05.661979,0 days 00:00:09.447144,1,9,1,20,,,,,,,,,,,,,,,COMPLETE
67,67,0.8545976855968952,2025-01-08 00:50:05.662672,2025-01-08 00:50:25.075062,0 days 00:00:19.412390,2,9,2,30,25.0,,,,,,,,,,,,,,COMPLETE
68,68,0.867790140928915,2025-01-08 00:50:25.075818,2025-01-08 00:50:32.610560,0 days 00:00:07.534742,1,9,1,5,,,,,,,,,,,,,,,COMPLETE
69,69,0.18514929958728088,2025-01-08 00:50:32.612222,2025-01-08 00:51:04.544954,0 days 00:00:31.932732,12,7,2,25,20.0,50.0,20.0,,,,25.0,40.0,25.0,50.0,50.0,10.0,20.0,20.0,COMPLETE
70,70,0.871970396008326,2025-01-08 00:51:04.546153,2025-01-08 00:51:16.439638,0 days 00:00:11.893485,2,9,1,15,15.0,,,,,,,,,,,,,,COMPLETE
71,71,0.8805723646421657,2025-01-08 00:51:16.440433,2025-01-08 00:51:36.305692,0 days 00:00:19.865259,3,9,1,25,30.0,,,,,,50.0,,,,,,,,COMPLETE
72,72,0.868070260596453,2025-01-08 00:51:36.306383,2025-01-08 00:51:48.672775,0 days 00:00:12.366392,1,7,2,25,,,,,,,,,,,,,,,COMPLETE
73,73,0.8556878377181327,2025-01-08 00:51:48.673645,2025-01-08 00:51:58.119541,0 days 00:00:09.445896,1,9,1,20,,,,,,,,,,,,,,,COMPLETE
74,74,0.8498133086034418,2025-01-08 00:51:58.120348,2025-01-08 00:52:12.455822,0 days 00:00:14.335474,2,9,1,25,25.0,,,,,,,,,,,,,,COMPLETE
75,75,0.8954903321449994,2025-01-08 00:52:12.456570,2025-01-08 00:52:27.359254,0 days 00:00:14.902684,2,7,1,30,30.0,,,,,,,,,,,,,,COMPLETE
76,76,0.8954903321449994,2025-01-08 00:52:27.360011,2025-01-08 00:52:42.282936,0 days 00:00:14.922925,2,7,1,30,30.0,,,,,,,,,,,,,,COMPLETE
77,77,0.8983967731398896,2025-01-08 00:52:42.283714,2025-01-08 00:52:53.978396,0 days 00:00:11.694682,1,9,1,35,,,,,,,,,,,,,,,COMPLETE
78,78,0.8556878377181327,2025-01-08 00:52:53.979343,2025-01-08 00:53:03.542224,0 days 00:00:09.562881,1,9,1,20,,,,,,,,,,,,,,,COMPLETE
79,79,0.8146787270442419,2025-01-08 00:53:03.542993,2025-01-08 00:53:17.878118,0 days 00:00:14.335125,1,9,2,35,,,,,,,,,,,,,,,COMPLETE
80,80,0.8696719731613691,2025-01-08 00:53:17.878893,2025-01-08 00:53:33.917534,0 days 00:00:16.038641,3,9,1,25,10.0,,,,,,20.0,,,,,,,,COMPLETE
81,81,0.8764850605347948,2025-01-08 00:53:33.918276,2025-01-08 00:53:49.906956,0 days 00:00:15.988680,2,9,1,35,25.0,,,,,,,,,,,,,,COMPLETE
82,82,0.8347660899105567,2025-01-08 00:53:49.907759,2025-01-08 00:54:00.515848,0 days 00:00:10.608089,1,7,1,30,,,,,,,,,,,,,,,COMPLETE
83,83,0.8859958316013248,2025-01-08 00:54:00.516828,2025-01-08 00:54:17.278574,0 days 00:00:16.761746,2,9,1,35,35.0,,,,,,,,,,,,,,COMPLETE
84,84,0.8847796583032213,2025-01-08 00:54:17.279414,2025-01-08 00:54:28.326130,0 days 00:00:11.046716,1,9,1,30,,,,,,,,,,,,,,,COMPLETE
85,85,0.6094097669381612,2025-01-08 00:54:28.326884,2025-01-08 00:55:12.204805,0 days 00:00:43.877921,8,9,1,25,35.0,,,,,,10.0,50.0,45.0,20.0,35.0,50.0,,,COMPLETE
86,86,0.8795633733970128,2025-01-08 00:55:12.205912,2025-01-08 00:55:26.547773,0 days 00:00:14.341861,2,7,1,30,20.0,,,,,,,,,,,,,,COMPLETE
87,87,0.876843400777827,2025-01-08 00:55:26.548579,2025-01-08 00:55:40.109341,0 days 00:00:13.560762,3,9,1,10,5.0,,,,,,25.0,,,,,,,,COMPLETE
88,88,0.8741626193217829,2025-01-08 00:55:40.110391,2025-01-08 00:55:51.741809,0 days 00:00:11.631418,1,9,2,20,,,,,,,,,,,,,,,COMPLETE
89,89,0.8807071454596018,2025-01-08 00:55:51.742588,2025-01-08 00:56:07.142051,0 days 00:00:15.399463,2,7,1,40,10.0,,,,,,,,,,,,,,COMPLETE
90,90,0.8983967731398896,2025-01-08 00:56:07.143010,2025-01-08 00:56:18.956202,0 days 00:00:11.813192,1,9,1,35,,,,,,,,,,,,,,,COMPLETE
91,91,0.8983967731398896,2025-01-08 00:56:18.957056,2025-01-08 00:56:30.642755,0 days 00:00:11.685699,1,9,1,35,,,,,,,,,,,,,,,COMPLETE
92,92,0.0,2025-01-08 00:56:30.643587,2025-01-08 00:57:14.853470,0 days 00:00:44.209883,9,9,1,35,25.0,,,,,,45.0,5.0,15.0,40.0,25.0,25.0,40.0,,COMPLETE
93,93,0.8533344643340475,2025-01-08 00:57:14.854326,2025-01-08 00:57:27.142155,0 days 00:00:12.287829,1,9,1,40,,,,,,,,,,,,,,,COMPLETE
94,94,0.8991898223953239,2025-01-08 00:57:27.143158,2025-01-08 00:57:37.306698,0 days 00:00:10.163540,1,9,1,25,,,,,,,,,,,,,,,COMPLETE
95,95,0.8991898223953239,2025-01-08 00:57:37.307503,2025-01-08 00:57:47.477147,0 days 00:00:10.169644,1,9,1,25,,,,,,,,,,,,,,,COMPLETE
96,96,0.8991898223953239,2025-01-08 00:57:47.477957,2025-01-08 00:57:57.649148,0 days 00:00:10.171191,1,9,1,25,,,,,,,,,,,,,,,COMPLETE
97,97,0.8993251217088357,2025-01-08 00:57:57.649862,2025-01-08 00:58:14.389205,0 days 00:00:16.739343,2,9,2,25,15.0,,,,,,,,,,,,,,COMPLETE
98,98,0.8686604893158354,2025-01-08 00:58:14.390128,2025-01-08 00:58:56.355961,0 days 00:00:41.965833,7,9,2,25,15.0,,,,,,10.0,15.0,35.0,25.0,40.0,,,,COMPLETE
99,99,0.8512661771763095,2025-01-08 00:58:56.356770,2025-01-08 00:59:11.698002,0 days 00:00:15.341232,2,9,2,20,10.0,,,,,,,,,,,,,,COMPLETE
100,100,0.8839129977280802,2025-01-08 00:59:11.698878,2025-01-08 00:59:36.016335,0 days 00:00:24.317457,3,9,2,25,20.0,,,,,,50.0,,,,,,,,COMPLETE
101,101,0.8991898223953239,2025-01-08 00:59:36.017291,2025-01-08 00:59:46.184225,0 days 00:00:10.166934,1,9,1,25,,,,,,,,,,,,,,,COMPLETE
102,102,0.8991898223953239,2025-01-08 00:59:46.184944,2025-01-08 00:59:56.358628,0 days 00:00:10.173684,1,9,1,25,,,,,,,,,,,,,,,COMPLETE
103,103,0.8530312444337778,2025-01-08 00:59:56.359361,2025-01-08 01:00:09.481883,0 days 00:00:13.122522,2,9,1,25,5.0,,,,,,,,,,,,,,COMPLETE
104,104,0.8991898223953239,2025-01-08 01:00:09.482682,2025-01-08 01:00:19.648519,0 days 00:00:10.165837,1,9,1,25,,,,,,,,,,,,,,,COMPLETE
105,105,0.888337629109847,2025-01-08 01:00:19.649317,2025-01-08 01:00:32.324219,0 days 00:00:12.674902,2,9,1,20,15.0,,,,,,,,,,,,,,COMPLETE
106,106,0.8991898223953239,2025-01-08 01:00:32.324966,2025-01-08 01:00:42.491538,0 days 00:00:10.166572,1,9,1,25,,,,,,,,,,,,,,,COMPLETE
107,107,0.8732666983911996,2025-01-08 01:00:42.492212,2025-01-08 01:00:56.233369,0 days 00:00:13.741157,2,9,1,25,20.0,,,,,,,,,,,,,,COMPLETE
108,108,0.8601046017156364,2025-01-08 01:00:56.234106,2025-01-08 01:01:24.315768,0 days 00:00:28.081662,3,9,4,20,10.0,,,,,,30.0,,,,,,,,COMPLETE
109,109,0.8111343698535669,2025-01-08 01:01:24.316750,2025-01-08 01:01:34.317299,0 days 00:00:10.000549,1,1,1,25,,,,,,,,,,,,,,,COMPLETE
110,110,0.8847796583032213,2025-01-08 01:01:34.318001,2025-01-08 01:01:45.355340,0 days 00:00:11.037339,1,9,1,30,,,,,,,,,,,,,,,COMPLETE
111,111,0.8991898223953239,2025-01-08 01:01:45.356219,2025-01-08 01:01:55.531932,0 days 00:00:10.175713,1,9,1,25,,,,,,,,,,,,,,,COMPLETE
112,112,0.8991898223953239,2025-01-08 01:01:55.532703,2025-01-08 01:02:05.701945,0 days 00:00:10.169242,1,9,1,25,,,,,,,,,,,,,,,COMPLETE
113,113,0.8787877018544628,2025-01-08 01:02:05.702671,2025-01-08 01:02:19.206907,0 days 00:00:13.504236,2,9,1,25,15.0,,,,,,,,,,,,,,COMPLETE
114,114,0.8556878377181327,2025-01-08 01:02:19.207618,2025-01-08 01:02:28.658199,0 days 00:00:09.450581,1,9,1,20,,,,,,,,,,,,,,,COMPLETE
115,115,0.8498133086034418,2025-01-08 01:02:28.658950,2025-01-08 01:02:42.872694,0 days 00:00:14.213744,2,9,1,25,25.0,,,,,,,,,,,,,,COMPLETE
116,116,0.8991898223953239,2025-01-08 01:02:42.873396,2025-01-08 01:02:53.159041,0 days 00:00:10.285645,1,9,1,25,,,,,,,,,,,,,,,COMPLETE
117,117,0.6654318234921972,2025-01-08 01:02:53.159752,2025-01-08 01:03:18.671407,0 days 00:00:25.511655,2,9,3,30,35.0,,,,,,,,,,,,,,COMPLETE
118,118,0.8556878377181327,2025-01-08 01:03:18.672314,2025-01-08 01:03:28.121062,0 days 00:00:09.448748,1,9,1,20,,,,,,,,,,,,,,,COMPLETE
119,119,0.8888254406196069,2025-01-08 01:03:28.121900,2025-01-08 01:03:43.168659,0 days 00:00:15.046759,2,9,1,25,40.0,,,,,,,,,,,,,,COMPLETE
120,120,0.8847796583032213,2025-01-08 01:03:43.169383,2025-01-08 01:03:54.083767,0 days 00:00:10.914384,1,9,1,30,,,,,,,,,,,,,,,COMPLETE
121,121,0.8991898223953239,2025-01-08 01:03:54.084589,2025-01-08 01:04:04.257368,0 days 00:00:10.172779,1,9,1,25,,,,,,,,,,,,,,,COMPLETE
122,122,0.8991898223953239,2025-01-08 01:04:04.258081,2025-01-08 01:04:14.428605,0 days 00:00:10.170524,1,9,1,25,,,,,,,,,,,,,,,COMPLETE
123,123,0.8991898223953239,2025-01-08 01:04:14.429381,2025-01-08 01:04:24.596145,0 days 00:00:10.166764,1,9,1,25,,,,,,,,,,,,,,,COMPLETE
124,124,0.8530312444337778,2025-01-08 01:04:24.596930,2025-01-08 01:04:37.714701,0 days 00:00:13.117771,2,9,1,25,5.0,,,,,,,,,,,,,,COMPLETE
125,125,0.8991898223953239,2025-01-08 01:04:37.715565,2025-01-08 01:04:48.000743,0 days 00:00:10.285178,1,9,1,25,,,,,,,,,,,,,,,COMPLETE
126,126,0.8651257277344234,2025-01-08 01:04:48.001477,2025-01-08 01:05:00.718325,0 days 00:00:12.716848,2,9,1,20,20.0,,,,,,,,,,,,,,COMPLETE
127,127,0.8991898223953239,2025-01-08 01:05:00.719120,2025-01-08 01:05:10.902245,0 days 00:00:10.183125,1,9,1,25,,,,,,,,,,,,,,,COMPLETE
128,128,0.8847796583032213,2025-01-08 01:05:10.902960,2025-01-08 01:05:21.823581,0 days 00:00:10.920621,1,9,1,30,,,,,,,,,,,,,,,COMPLETE
129,129,0.0,2025-01-08 01:05:21.824440,2025-01-08 01:06:12.129912,0 days 00:00:50.305472,11,9,1,25,10.0,30.0,,,,,20.0,50.0,45.0,10.0,15.0,35.0,10.0,15.0,COMPLETE
130,130,0.8745085073212262,2025-01-08 01:06:12.131300,2025-01-08 01:06:25.470368,0 days 00:00:13.339068,2,1,2,20,15.0,,,,,,,,,,,,,,COMPLETE
131,131,0.8991898223953239,2025-01-08 01:06:25.471332,2025-01-08 01:06:35.634651,0 days 00:00:10.163319,1,9,1,25,,,,,,,,,,,,,,,COMPLETE
132,132,0.8991898223953239,2025-01-08 01:06:35.635589,2025-01-08 01:06:45.923761,0 days 00:00:10.288172,1,9,1,25,,,,,,,,,,,,,,,COMPLETE
133,133,0.8898342049999135,2025-01-08 01:06:45.924599,2025-01-08 01:07:00.288320,0 days 00:00:14.363721,1,9,1,50,,,,,,,,,,,,,,,COMPLETE
134,134,0.8991898223953239,2025-01-08 01:07:00.289316,2025-01-08 01:07:10.467409,0 days 00:00:10.178093,1,9,1,25,,,,,,,,,,,,,,,COMPLETE
135,135,0.8880892581596147,2025-01-08 01:07:10.468207,2025-01-08 01:07:26.131688,0 days 00:00:15.663481,2,9,1,25,50.0,,,,,,,,,,,,,,COMPLETE
136,136,0.8847796583032213,2025-01-08 01:07:26.132319,2025-01-08 01:07:37.157133,0 days 00:00:11.024814,1,9,1,30,,,,,,,,,,,,,,,COMPLETE
137,137,0.8811245627310365,2025-01-08 01:07:37.158059,2025-01-08 01:07:48.288562,0 days 00:00:11.130503,2,9,1,5,40.0,,,,,,,,,,,,,,COMPLETE
138,138,0.8991898223953239,2025-01-08 01:07:48.290085,2025-01-08 01:07:58.449285,0 days 00:00:10.159200,1,9,1,25,,,,,,,,,,,,,,,COMPLETE
139,139,0.8556878377181327,2025-01-08 01:07:58.450034,2025-01-08 01:08:07.898629,0 days 00:00:09.448595,1,9,1,20,,,,,,,,,,,,,,,COMPLETE
140,140,0.8789546984830117,2025-01-08 01:08:07.899303,2025-01-08 01:08:22.186642,0 days 00:00:14.287339,2,9,1,25,30.0,,,,,,,,,,,,,,COMPLETE
141,141,0.8991898223953239,2025-01-08 01:08:22.187331,2025-01-08 01:08:32.353617,0 days 00:00:10.166286,1,9,1,25,,,,,,,,,,,,,,,COMPLETE
142,142,0.8991898223953239,2025-01-08 01:08:32.354377,2025-01-08 01:08:42.644020,0 days 00:00:10.289643,1,9,1,25,,,,,,,,,,,,,,,COMPLETE
143,143,0.7308477390325732,2025-01-08 01:08:42.644833,2025-01-08 01:09:15.894486,0 days 00:00:33.249653,6,9,1,25,35.0,,,,,,30.0,35.0,40.0,20.0,,,,,COMPLETE
144,144,0.8055819387482074,2025-01-08 01:09:15.895622,2025-01-08 01:09:36.404112,0 days 00:00:20.508490,1,9,5,25,,,,,,,,,,,,,,,COMPLETE
145,145,0.0,2025-01-08 01:09:36.405050,2025-01-08 01:10:58.141024,0 days 00:01:21.735974,14,9,1,25,40.0,5.0,15.0,30.0,30.0,,45.0,45.0,25.0,35.0,35.0,5.0,25.0,35.0,COMPLETE
146,146,0.8991898223953239,2025-01-08 01:10:58.142352,2025-01-08 01:11:08.304872,0 days 00:00:10.162520,1,9,1,25,,,,,,,,,,,,,,,COMPLETE
147,147,0.8847796583032213,2025-01-08 01:11:08.305728,2025-01-08 01:11:19.230247,0 days 00:00:10.924519,1,9,1,30,,,,,,,,,,,,,,,COMPLETE
