,number,value,datetime_start,datetime_complete,duration,params_depth,params_grid,params_k,params_neurons_layer_0,params_neurons_layer_1,params_neurons_layer_10,params_neurons_layer_11,params_neurons_layer_12,params_neurons_layer_13,params_neurons_layer_14,params_neurons_layer_2,params_neurons_layer_3,params_neurons_layer_4,params_neurons_layer_5,params_neurons_layer_6,params_neurons_layer_7,params_neurons_layer_8,params_neurons_layer_9,state
0,0,0.541156462585034,2025-01-08 12:19:43.628122,2025-01-08 12:19:53.939209,0 days 00:00:10.311087,12,7,5,50,20.0,30.0,35.0,,,,35.0,45.0,5.0,20.0,30.0,15.0,10.0,35.0,COMPLETE
1,1,0.04,2025-01-08 12:19:53.940934,2025-01-08 12:20:05.914827,0 days 00:00:11.973893,12,9,3,15,40.0,45.0,5.0,,,,40.0,45.0,50.0,35.0,10.0,5.0,20.0,45.0,COMPLETE
2,2,0.49402199904351984,2025-01-08 12:20:05.916348,2025-01-08 12:20:08.117692,0 days 00:00:02.201344,1,9,4,5,,,,,,,,,,,,,,,COMPLETE
3,3,0.0,2025-01-08 12:20:08.120219,2025-01-08 12:20:19.209323,0 days 00:00:11.089104,15,3,2,30,20.0,15.0,50.0,20.0,5.0,50.0,15.0,30.0,10.0,10.0,10.0,25.0,50.0,25.0,COMPLETE
4,4,0.0,2025-01-08 12:20:19.211000,2025-01-08 12:20:38.779219,0 days 00:00:19.568219,14,9,4,10,25.0,30.0,45.0,20.0,50.0,,10.0,30.0,25.0,25.0,40.0,30.0,45.0,40.0,COMPLETE
5,5,0.041666666666666664,2025-01-08 12:20:38.780586,2025-01-08 12:20:46.635157,0 days 00:00:07.854571,6,1,3,45,10.0,,,,,,45.0,40.0,15.0,35.0,,,,,COMPLETE
6,6,0.13523573200992556,2025-01-08 12:20:46.636671,2025-01-08 12:20:54.078067,0 days 00:00:07.441396,7,5,2,35,5.0,,,,,,20.0,20.0,50.0,25.0,35.0,,,,COMPLETE
7,7,0.14588859416445624,2025-01-08 12:20:54.079749,2025-01-08 12:21:04.814348,0 days 00:00:10.734599,12,9,2,10,20.0,15.0,35.0,,,,30.0,5.0,40.0,50.0,25.0,30.0,35.0,10.0,COMPLETE
8,8,0.0,2025-01-08 12:21:04.815478,2025-01-08 12:21:21.521297,0 days 00:00:16.705819,13,7,4,10,15.0,30.0,35.0,20.0,,,25.0,30.0,40.0,30.0,25.0,25.0,45.0,25.0,COMPLETE
9,9,0.0,2025-01-08 12:21:21.522662,2025-01-08 12:21:32.962218,0 days 00:00:11.439556,14,1,3,25,35.0,40.0,10.0,5.0,25.0,,10.0,50.0,40.0,15.0,10.0,10.0,30.0,20.0,COMPLETE
10,10,0.04,2025-01-08 12:21:32.963819,2025-01-08 12:21:44.755862,0 days 00:00:11.792043,9,5,5,50,30.0,,,,,,35.0,15.0,5.0,5.0,50.0,50.0,5.0,,COMPLETE
11,11,0.5327272727272727,2025-01-08 12:21:44.757304,2025-01-08 12:21:48.387811,0 days 00:00:03.630507,1,7,5,40,,,,,,,,,,,,,,,COMPLETE
12,12,0.4919011082693947,2025-01-08 12:21:48.389215,2025-01-08 12:21:53.736986,0 days 00:00:05.347771,2,7,5,40,50.0,,,,,,,,,,,,,,COMPLETE
13,13,0.4997720018239854,2025-01-08 12:21:53.738470,2025-01-08 12:22:01.598229,0 days 00:00:07.859759,10,7,5,50,45.0,,,,,,50.0,40.0,20.0,50.0,35.0,15.0,5.0,40.0,COMPLETE
14,14,0.38354978354978353,2025-01-08 12:22:01.599799,2025-01-08 12:22:06.189893,0 days 00:00:04.590094,4,7,1,40,5.0,,,,,,30.0,50.0,,,,,,,COMPLETE
15,15,0.4916387959866221,2025-01-08 12:22:06.191379,2025-01-08 12:22:13.734619,0 days 00:00:07.543240,4,5,5,25,30.0,,,,,,40.0,40.0,,,,,,,COMPLETE
16,16,0.0,2025-01-08 12:22:13.736110,2025-01-08 12:22:25.301147,0 days 00:00:11.565037,10,5,4,45,15.0,,,,,,5.0,5.0,5.0,15.0,20.0,45.0,15.0,50.0,COMPLETE
17,17,0.21428571428571427,2025-01-08 12:22:25.302772,2025-01-08 12:22:33.536195,0 days 00:00:08.233423,4,3,5,35,35.0,,,,,,50.0,20.0,,,,,,,COMPLETE
18,18,0.535569105691057,2025-01-08 12:22:33.537682,2025-01-08 12:22:43.459405,0 days 00:00:09.921723,6,7,4,45,25.0,,,,,,20.0,35.0,30.0,20.0,,,,,COMPLETE
19,19,0.2857142857142857,2025-01-08 12:22:43.460866,2025-01-08 12:22:50.961903,0 days 00:00:07.501037,6,3,4,50,25.0,,,,,,20.0,35.0,25.0,20.0,,,,,COMPLETE
20,20,0.2777777777777778,2025-01-08 12:22:50.963328,2025-01-08 12:23:01.648056,0 days 00:00:10.684728,8,7,4,20,20.0,,,,,,25.0,45.0,30.0,20.0,50.0,15.0,,,COMPLETE
21,21,0.5222222222222221,2025-01-08 12:23:01.649062,2025-01-08 12:23:07.513183,0 days 00:00:05.864121,2,7,5,45,15.0,,,,,,,,,,,,,,COMPLETE
22,22,0.41056910569105687,2025-01-08 12:23:07.514649,2025-01-08 12:23:18.226093,0 days 00:00:10.711444,11,7,5,40,35.0,5.0,,,,,35.0,35.0,30.0,5.0,40.0,40.0,15.0,5.0,COMPLETE
23,23,0.07407407407407407,2025-01-08 12:23:18.227828,2025-01-08 12:23:26.487155,0 days 00:00:08.259327,5,5,4,35,25.0,,,,,,20.0,25.0,15.0,,,,,,COMPLETE
24,24,0.4074754901960784,2025-01-08 12:23:26.488597,2025-01-08 12:23:37.854514,0 days 00:00:11.365917,8,9,5,45,10.0,,,,,,35.0,45.0,20.0,40.0,20.0,20.0,,,COMPLETE
25,25,0.5970307529162249,2025-01-08 12:23:37.856173,2025-01-08 12:23:41.594601,0 days 00:00:03.738428,1,7,4,50,,,,,,,,,,,,,,,COMPLETE
26,26,0.5241066364152014,2025-01-08 12:23:41.595923,2025-01-08 12:23:47.324850,0 days 00:00:05.728927,3,5,3,50,40.0,,,,,,15.0,,,,,,,,COMPLETE
27,27,0.5040697674418605,2025-01-08 12:23:47.326222,2025-01-08 12:23:57.758334,0 days 00:00:10.432112,6,7,4,50,30.0,,,,,,40.0,35.0,35.0,15.0,,,,,COMPLETE
28,28,0.0,2025-01-08 12:23:57.759776,2025-01-08 12:24:11.281936,0 days 00:00:13.522160,9,9,4,45,10.0,,,,,,30.0,50.0,15.0,30.0,5.0,5.0,20.0,,COMPLETE
29,29,0.0,2025-01-08 12:24:11.283729,2025-01-08 12:24:26.500294,0 days 00:00:15.216565,12,9,3,30,25.0,50.0,20.0,,,,25.0,40.0,35.0,20.0,30.0,35.0,10.0,35.0,COMPLETE
30,30,0.0,2025-01-08 12:24:26.501832,2025-01-08 12:24:40.460470,0 days 00:00:13.958638,11,7,3,50,20.0,20.0,,,,,45.0,25.0,10.0,10.0,45.0,15.0,25.0,15.0,COMPLETE
31,31,0.5327272727272727,2025-01-08 12:24:40.461991,2025-01-08 12:24:44.094560,0 days 00:00:03.632569,1,7,5,40,,,,,,,,,,,,,,,COMPLETE
32,32,0.5700000000000001,2025-01-08 12:24:44.095841,2025-01-08 12:24:47.663793,0 days 00:00:03.567952,1,7,4,45,,,,,,,,,,,,,,,COMPLETE
33,33,0.4808139534883721,2025-01-08 12:24:47.665188,2025-01-08 12:24:52.863902,0 days 00:00:05.198714,2,9,4,45,40.0,,,,,,,,,,,,,,COMPLETE
34,34,0.4642105263157895,2025-01-08 12:24:52.865303,2025-01-08 12:24:58.848399,0 days 00:00:05.983096,3,7,4,45,15.0,,,,,,15.0,,,,,,,,COMPLETE
35,35,0.0,2025-01-08 12:24:58.849796,2025-01-08 12:25:21.559543,0 days 00:00:22.709747,15,9,4,50,45.0,35.0,25.0,50.0,50.0,5.0,5.0,10.0,45.0,40.0,20.0,20.0,35.0,30.0,COMPLETE
36,36,0.7123233908948194,2025-01-08 12:25:21.561259,2025-01-08 12:25:24.603712,0 days 00:00:03.042453,1,5,3,35,,,,,,,,,,,,,,,COMPLETE
37,37,0.6356589147286822,2025-01-08 12:25:24.604936,2025-01-08 12:25:27.453017,0 days 00:00:02.848081,1,3,2,35,,,,,,,,,,,,,,,COMPLETE
38,38,0.6764957264957265,2025-01-08 12:25:27.454134,2025-01-08 12:25:30.060419,0 days 00:00:02.606285,1,3,1,30,,,,,,,,,,,,,,,COMPLETE
39,39,0.5543478260869565,2025-01-08 12:25:30.061590,2025-01-08 12:25:34.130583,0 days 00:00:04.068993,3,3,1,30,50.0,,,,,,45.0,,,,,,,,COMPLETE
40,40,0.6307692307692307,2025-01-08 12:25:34.131969,2025-01-08 12:25:37.350485,0 days 00:00:03.218516,2,1,2,20,45.0,,,,,,,,,,,,,,COMPLETE
41,41,0.6307692307692307,2025-01-08 12:25:37.351697,2025-01-08 12:25:40.568591,0 days 00:00:03.216894,2,1,2,20,45.0,,,,,,,,,,,,,,COMPLETE
42,42,0.6307692307692307,2025-01-08 12:25:40.569821,2025-01-08 12:25:43.790782,0 days 00:00:03.220961,2,1,2,20,45.0,,,,,,,,,,,,,,COMPLETE
43,43,0.666599597585513,2025-01-08 12:25:43.792005,2025-01-08 12:25:47.751641,0 days 00:00:03.959636,3,1,2,15,50.0,,,,,,5.0,,,,,,,,COMPLETE
44,44,0.5815126050420169,2025-01-08 12:25:47.752885,2025-01-08 12:25:51.329640,0 days 00:00:03.576755,3,3,1,25,50.0,,,,,,10.0,,,,,,,,COMPLETE
45,45,0.0,2025-01-08 12:25:51.330937,2025-01-08 12:25:53.499885,0 days 00:00:02.168948,1,1,2,15,,,,,,,,,,,,,,,COMPLETE
46,46,0.64473033151905,2025-01-08 12:25:53.501218,2025-01-08 12:25:55.649162,0 days 00:00:02.147944,2,3,1,5,40.0,,,,,,,,,,,,,,COMPLETE
47,47,0.602787456445993,2025-01-08 12:25:55.650054,2025-01-08 12:25:57.248804,0 days 00:00:01.598750,1,3,1,5,,,,,,,,,,,,,,,COMPLETE
48,48,0.49030612244897964,2025-01-08 12:25:57.250036,2025-01-08 12:26:01.155257,0 days 00:00:03.905221,5,3,1,5,40.0,,,,,,5.0,10.0,45.0,,,,,,COMPLETE
49,49,0.5839126117179742,2025-01-08 12:26:01.156559,2025-01-08 12:26:04.861173,0 days 00:00:03.704614,3,3,1,30,35.0,,,,,,15.0,,,,,,,,COMPLETE
50,50,0.6714285714285715,2025-01-08 12:26:04.862423,2025-01-08 12:26:09.444860,0 days 00:00:04.582437,4,1,2,15,50.0,,,,,,10.0,15.0,,,,,,,COMPLETE
51,51,0.6714285714285715,2025-01-08 12:26:09.446112,2025-01-08 12:26:14.125105,0 days 00:00:04.678993,4,1,2,15,50.0,,,,,,10.0,15.0,,,,,,,COMPLETE
52,52,0.6714285714285715,2025-01-08 12:26:14.126280,2025-01-08 12:26:18.708762,0 days 00:00:04.582482,4,1,2,15,50.0,,,,,,10.0,15.0,,,,,,,COMPLETE
53,53,0.4845088991430455,2025-01-08 12:26:18.709421,2025-01-08 12:26:24.030517,0 days 00:00:05.321096,5,1,2,15,50.0,,,,,,10.0,15.0,20.0,,,,,,COMPLETE
54,54,0.0,2025-01-08 12:26:24.031974,2025-01-08 12:26:29.380049,0 days 00:00:05.348075,4,1,3,10,50.0,,,,,,5.0,15.0,,,,,,,COMPLETE
55,55,0.6532763532763532,2025-01-08 12:26:29.381280,2025-01-08 12:26:33.761356,0 days 00:00:04.380076,4,1,2,10,50.0,,,,,,10.0,20.0,,,,,,,COMPLETE
56,56,0.0,2025-01-08 12:26:33.762488,2025-01-08 12:26:42.422968,0 days 00:00:08.660480,7,1,3,15,45.0,,,,,,15.0,10.0,35.0,40.0,5.0,,,,COMPLETE
57,57,0.04,2025-01-08 12:26:42.424394,2025-01-08 12:26:47.603658,0 days 00:00:05.179264,5,1,2,10,50.0,,,,,,10.0,15.0,45.0,,,,,,COMPLETE
58,58,0.40512820512820513,2025-01-08 12:26:47.604385,2025-01-08 12:26:54.638936,0 days 00:00:07.034551,7,1,2,15,45.0,,,,,,5.0,20.0,10.0,45.0,15.0,,,,COMPLETE
59,59,0.0,2025-01-08 12:26:54.640157,2025-01-08 12:26:59.340581,0 days 00:00:04.700424,4,1,3,25,40.0,,,,,,10.0,25.0,,,,,,,COMPLETE
60,60,0.0,2025-01-08 12:26:59.341819,2025-01-08 12:27:03.352061,0 days 00:00:04.010242,3,1,2,15,50.0,,,,,,15.0,,,,,,,,COMPLETE
61,61,0.6532763532763532,2025-01-08 12:27:03.353277,2025-01-08 12:27:07.734187,0 days 00:00:04.380910,4,1,2,10,50.0,,,,,,10.0,20.0,,,,,,,COMPLETE
62,62,0.23809523809523808,2025-01-08 12:27:07.735335,2025-01-08 12:27:12.161180,0 days 00:00:04.425845,4,1,2,10,50.0,,,,,,5.0,10.0,,,,,,,COMPLETE
63,63,0.6711229946524064,2025-01-08 12:27:12.162284,2025-01-08 12:27:17.611929,0 days 00:00:05.449645,5,1,2,15,45.0,,,,,,10.0,15.0,50.0,,,,,,COMPLETE
64,64,0.49489795918367346,2025-01-08 12:27:17.613191,2025-01-08 12:27:23.376873,0 days 00:00:05.763682,6,1,1,20,45.0,,,,,,15.0,5.0,50.0,45.0,,,,,COMPLETE
65,65,0.4391304347826087,2025-01-08 12:27:23.378197,2025-01-08 12:27:28.692567,0 days 00:00:05.314370,5,5,2,20,45.0,,,,,,5.0,15.0,50.0,,,,,,COMPLETE
66,66,0.7009090909090909,2025-01-08 12:27:28.693989,2025-01-08 12:27:32.554307,0 days 00:00:03.860318,3,3,2,15,50.0,,,,,,20.0,,,,,,,,COMPLETE
67,67,0.5886977886977887,2025-01-08 12:27:32.555395,2025-01-08 12:27:36.792519,0 days 00:00:04.237124,2,5,3,35,45.0,,,,,,,,,,,,,,COMPLETE
68,68,0.5601617795753286,2025-01-08 12:27:36.793664,2025-01-08 12:27:43.509660,0 days 00:00:06.715996,5,3,3,25,40.0,,,,,,20.0,10.0,45.0,,,,,,COMPLETE
69,69,0.5273273273273273,2025-01-08 12:27:43.511021,2025-01-08 12:27:49.820228,0 days 00:00:06.309207,6,5,2,20,50.0,,,,,,20.0,15.0,25.0,35.0,,,,,COMPLETE
70,70,0.595959595959596,2025-01-08 12:27:49.821626,2025-01-08 12:27:53.671522,0 days 00:00:03.849896,3,3,1,30,50.0,,,,,,10.0,,,,,,,,COMPLETE
71,71,0.666599597585513,2025-01-08 12:27:53.672890,2025-01-08 12:27:57.536666,0 days 00:00:03.863776,3,1,2,15,50.0,,,,,,5.0,,,,,,,,COMPLETE
72,72,0.666599597585513,2025-01-08 12:27:57.537864,2025-01-08 12:28:00.694426,0 days 00:00:03.156562,2,1,2,15,45.0,,,,,,,,,,,,,,COMPLETE
73,73,0.0,2025-01-08 12:28:00.695898,2025-01-08 12:28:04.547535,0 days 00:00:03.851637,3,1,2,15,50.0,,,,,,10.0,,,,,,,,COMPLETE
74,74,0.11538461538461539,2025-01-08 12:28:04.548749,2025-01-08 12:28:08.848790,0 days 00:00:04.300041,4,1,2,10,45.0,,,,,,15.0,5.0,,,,,,,COMPLETE
75,75,0.6356589147286822,2025-01-08 12:28:08.850091,2025-01-08 12:28:11.703897,0 days 00:00:02.853806,1,3,2,35,,,,,,,,,,,,,,,COMPLETE
76,76,0.0,2025-01-08 12:28:11.705192,2025-01-08 12:28:17.485509,0 days 00:00:05.780317,5,1,3,15,50.0,,,,,,10.0,25.0,40.0,,,,,,COMPLETE
77,77,0.7229024943310658,2025-01-08 12:28:17.486689,2025-01-08 12:28:20.874623,0 days 00:00:03.387934,3,1,1,20,50.0,,,,,,5.0,,,,,,,,COMPLETE
78,78,0.6719387755102041,2025-01-08 12:28:20.875850,2025-01-08 12:28:23.841379,0 days 00:00:02.965529,2,3,1,20,40.0,,,,,,,,,,,,,,COMPLETE
79,79,0.5834175935288171,2025-01-08 12:28:23.842600,2025-01-08 12:28:26.509373,0 days 00:00:02.666773,2,3,1,20,35.0,,,,,,,,,,,,,,COMPLETE
80,80,0.5445134575569358,2025-01-08 12:28:26.510626,2025-01-08 12:28:28.565234,0 days 00:00:02.054608,1,3,1,25,,,,,,,,,,,,,,,COMPLETE
81,81,0.5299417064122947,2025-01-08 12:28:28.566384,2025-01-08 12:28:31.493941,0 days 00:00:02.927557,2,5,1,20,45.0,,,,,,,,,,,,,,COMPLETE
82,82,0.715359828141783,2025-01-08 12:28:31.495162,2025-01-08 12:28:35.052854,0 days 00:00:03.557692,3,3,1,20,40.0,,,,,,25.0,,,,,,,,COMPLETE
83,83,0.0,2025-01-08 12:28:35.054118,2025-01-08 12:28:46.680228,0 days 00:00:11.626110,14,3,1,20,30.0,5.0,15.0,50.0,5.0,,25.0,30.0,5.0,10.0,45.0,50.0,40.0,50.0,COMPLETE
84,84,0.5445134575569358,2025-01-08 12:28:46.681699,2025-01-08 12:28:48.739243,0 days 00:00:02.057544,1,3,1,25,,,,,,,,,,,,,,,COMPLETE
85,85,0.5619047619047619,2025-01-08 12:28:48.740361,2025-01-08 12:28:52.792759,0 days 00:00:04.052398,3,3,1,30,40.0,,,,,,30.0,,,,,,,,COMPLETE
86,86,0.6719387755102041,2025-01-08 12:28:52.794130,2025-01-08 12:28:55.663191,0 days 00:00:02.869061,2,3,1,20,40.0,,,,,,,,,,,,,,COMPLETE
87,87,0.5834175935288171,2025-01-08 12:28:55.664967,2025-01-08 12:28:58.432511,0 days 00:00:02.767544,2,3,1,20,35.0,,,,,,,,,,,,,,COMPLETE
88,88,0.5445134575569358,2025-01-08 12:28:58.433744,2025-01-08 12:29:00.488144,0 days 00:00:02.054400,1,3,1,25,,,,,,,,,,,,,,,COMPLETE
89,89,0.6719387755102041,2025-01-08 12:29:00.489094,2025-01-08 12:29:03.355286,0 days 00:00:02.866192,2,3,1,20,40.0,,,,,,,,,,,,,,COMPLETE
90,90,0.5834175935288171,2025-01-08 12:29:03.356474,2025-01-08 12:29:06.023398,0 days 00:00:02.666924,2,3,1,20,35.0,,,,,,,,,,,,,,COMPLETE
91,91,0.715359828141783,2025-01-08 12:29:06.024624,2025-01-08 12:29:09.558441,0 days 00:00:03.533817,3,3,1,20,40.0,,,,,,25.0,,,,,,,,COMPLETE
92,92,0.6719387755102041,2025-01-08 12:29:09.559675,2025-01-08 12:29:12.426090,0 days 00:00:02.866415,2,3,1,20,40.0,,,,,,,,,,,,,,COMPLETE
93,93,0.6916979557780559,2025-01-08 12:29:12.427354,2025-01-08 12:29:14.528101,0 days 00:00:02.100747,1,3,1,20,,,,,,,,,,,,,,,COMPLETE
94,94,0.5445134575569358,2025-01-08 12:29:14.529242,2025-01-08 12:29:16.677170,0 days 00:00:02.147928,1,3,1,25,,,,,,,,,,,,,,,COMPLETE
95,95,0.6916979557780559,2025-01-08 12:29:16.678423,2025-01-08 12:29:18.777421,0 days 00:00:02.098998,1,3,1,20,,,,,,,,,,,,,,,COMPLETE
96,96,0.5445134575569358,2025-01-08 12:29:18.778514,2025-01-08 12:29:20.822926,0 days 00:00:02.044412,1,3,1,25,,,,,,,,,,,,,,,COMPLETE
97,97,0.6262254901960784,2025-01-08 12:29:20.834322,2025-01-08 12:29:23.482442,0 days 00:00:02.648120,1,5,1,35,,,,,,,,,,,,,,,COMPLETE
98,98,0.6916979557780559,2025-01-08 12:29:23.483737,2025-01-08 12:29:25.582649,0 days 00:00:02.098912,1,3,1,20,,,,,,,,,,,,,,,COMPLETE
99,99,0.5445134575569358,2025-01-08 12:29:25.583734,2025-01-08 12:29:27.634078,0 days 00:00:02.050344,1,3,1,25,,,,,,,,,,,,,,,COMPLETE
100,100,0.5107142857142857,2025-01-08 12:29:27.645666,2025-01-08 12:29:30.566977,0 days 00:00:02.921311,1,5,1,40,,,,,,,,,,,,,,,COMPLETE
101,101,0.6371980676328503,2025-01-08 12:29:30.567753,2025-01-08 12:29:33.301353,0 days 00:00:02.733600,2,3,1,20,30.0,,,,,,,,,,,,,,COMPLETE
102,102,0.6164241164241164,2025-01-08 12:29:33.302657,2025-01-08 12:29:36.945126,0 days 00:00:03.642469,3,3,1,20,30.0,,,,,,25.0,,,,,,,,COMPLETE
103,103,0.6036036036036037,2025-01-08 12:29:36.946441,2025-01-08 12:29:40.243546,0 days 00:00:03.297105,2,3,1,30,35.0,,,,,,,,,,,,,,COMPLETE
104,104,0.6916979557780559,2025-01-08 12:29:40.244973,2025-01-08 12:29:42.352204,0 days 00:00:02.107231,1,3,1,20,,,,,,,,,,,,,,,COMPLETE
105,105,0.6916979557780559,2025-01-08 12:29:42.353420,2025-01-08 12:29:44.451813,0 days 00:00:02.098393,1,3,1,20,,,,,,,,,,,,,,,COMPLETE
106,106,0.5445134575569358,2025-01-08 12:29:44.453003,2025-01-08 12:29:46.497570,0 days 00:00:02.044567,1,3,1,25,,,,,,,,,,,,,,,COMPLETE
107,107,0.6916979557780559,2025-01-08 12:29:46.509269,2025-01-08 12:29:48.708130,0 days 00:00:02.198861,1,3,1,20,,,,,,,,,,,,,,,COMPLETE
108,108,0.6916979557780559,2025-01-08 12:29:48.709354,2025-01-08 12:29:50.810519,0 days 00:00:02.101165,1,3,1,20,,,,,,,,,,,,,,,COMPLETE
109,109,0.6916979557780559,2025-01-08 12:29:50.811725,2025-01-08 12:29:52.903179,0 days 00:00:02.091454,1,3,1,20,,,,,,,,,,,,,,,COMPLETE
110,110,0.6916979557780559,2025-01-08 12:29:52.912297,2025-01-08 12:29:55.005407,0 days 00:00:02.093110,1,3,1,20,,,,,,,,,,,,,,,COMPLETE
111,111,0.6916979557780559,2025-01-08 12:29:55.014400,2025-01-08 12:29:57.108256,0 days 00:00:02.093856,1,3,1,20,,,,,,,,,,,,,,,COMPLETE
112,112,0.6916979557780559,2025-01-08 12:29:57.116509,2025-01-08 12:29:59.316158,0 days 00:00:02.199649,1,3,1,20,,,,,,,,,,,,,,,COMPLETE
113,113,0.6916979557780559,2025-01-08 12:29:59.317271,2025-01-08 12:30:01.412627,0 days 00:00:02.095356,1,3,1,20,,,,,,,,,,,,,,,COMPLETE
114,114,0.49624060150375937,2025-01-08 12:30:01.420930,2025-01-08 12:30:04.239333,0 days 00:00:02.818403,2,5,1,25,25.0,,,,,,,,,,,,,,COMPLETE
115,115,0.6570731707317073,2025-01-08 12:30:04.240565,2025-01-08 12:30:07.718165,0 days 00:00:03.477600,3,3,1,15,35.0,,,,,,35.0,,,,,,,,COMPLETE
116,116,0.6916979557780559,2025-01-08 12:30:07.718789,2025-01-08 12:30:09.822988,0 days 00:00:02.104199,1,3,1,20,,,,,,,,,,,,,,,COMPLETE
117,117,0.5445134575569358,2025-01-08 12:30:09.824253,2025-01-08 12:30:11.879188,0 days 00:00:02.054935,1,3,1,25,,,,,,,,,,,,,,,COMPLETE
118,118,0.5358139534883721,2025-01-08 12:30:11.880423,2025-01-08 12:30:15.075835,0 days 00:00:03.195412,3,3,1,20,5.0,,,,,,30.0,,,,,,,,COMPLETE
119,119,0.5280126849894292,2025-01-08 12:30:15.076910,2025-01-08 12:30:17.704095,0 days 00:00:02.627185,2,3,1,15,20.0,,,,,,,,,,,,,,COMPLETE
120,120,0.45032679738562087,2025-01-08 12:30:17.705445,2025-01-08 12:30:19.847400,0 days 00:00:02.141955,1,5,1,20,,,,,,,,,,,,,,,COMPLETE
121,121,0.6916979557780559,2025-01-08 12:30:19.848608,2025-01-08 12:30:21.945242,0 days 00:00:02.096634,1,3,1,20,,,,,,,,,,,,,,,COMPLETE
122,122,0.6916979557780559,2025-01-08 12:30:21.955016,2025-01-08 12:30:24.050728,0 days 00:00:02.095712,1,3,1,20,,,,,,,,,,,,,,,COMPLETE
123,123,0.7009090909090909,2025-01-08 12:30:24.060168,2025-01-08 12:30:26.741970,0 days 00:00:02.681802,2,3,1,20,25.0,,,,,,,,,,,,,,COMPLETE
124,124,0.6862745098039216,2025-01-08 12:30:26.743235,2025-01-08 12:30:29.754620,0 days 00:00:03.011385,2,3,1,25,25.0,,,,,,,,,,,,,,COMPLETE
125,125,0.5280126849894292,2025-01-08 12:30:29.755959,2025-01-08 12:30:32.284097,0 days 00:00:02.528138,2,3,1,15,20.0,,,,,,,,,,,,,,COMPLETE
126,126,0.5964912280701754,2025-01-08 12:30:32.285360,2025-01-08 12:30:35.787709,0 days 00:00:03.502349,3,3,1,20,30.0,,,,,,40.0,,,,,,,,COMPLETE
127,127,0.0,2025-01-08 12:30:35.789115,2025-01-08 12:30:41.959742,0 days 00:00:06.170627,9,3,1,20,15.0,,,,,,20.0,50.0,10.0,45.0,15.0,40.0,50.0,,COMPLETE
128,128,0.5828658847526772,2025-01-08 12:30:41.961241,2025-01-08 12:30:44.465824,0 days 00:00:02.504583,2,3,1,15,25.0,,,,,,,,,,,,,,COMPLETE
129,129,0.6916979557780559,2025-01-08 12:30:44.466863,2025-01-08 12:30:46.663798,0 days 00:00:02.196935,1,3,1,20,,,,,,,,,,,,,,,COMPLETE
130,130,0.6953703703703704,2025-01-08 12:30:46.665196,2025-01-08 12:30:49.428849,0 days 00:00:02.763653,2,3,1,20,20.0,,,,,,,,,,,,,,COMPLETE
131,131,0.6953703703703704,2025-01-08 12:30:49.430044,2025-01-08 12:30:52.195185,0 days 00:00:02.765141,2,3,1,20,20.0,,,,,,,,,,,,,,COMPLETE
132,132,0.7140124342419896,2025-01-08 12:30:52.196973,2025-01-08 12:30:55.597146,0 days 00:00:03.400173,3,3,1,20,20.0,,,,,,30.0,,,,,,,,COMPLETE
133,133,0.7140124342419896,2025-01-08 12:30:55.598425,2025-01-08 12:30:58.898879,0 days 00:00:03.300454,3,3,1,20,20.0,,,,,,30.0,,,,,,,,COMPLETE
134,134,0.6564922480620154,2025-01-08 12:30:58.900162,2025-01-08 12:31:02.355395,0 days 00:00:03.455233,3,3,1,25,20.0,,,,,,30.0,,,,,,,,COMPLETE
135,135,0.6093117408906883,2025-01-08 12:31:02.356696,2025-01-08 12:31:05.732794,0 days 00:00:03.376098,3,3,1,20,15.0,,,,,,25.0,,,,,,,,COMPLETE
136,136,0.6630727762803235,2025-01-08 12:31:05.734122,2025-01-08 12:31:09.091250,0 days 00:00:03.357128,3,3,1,20,20.0,,,,,,35.0,,,,,,,,COMPLETE
137,137,0.42358803986710963,2025-01-08 12:31:09.092596,2025-01-08 12:31:12.840121,0 days 00:00:03.747525,4,3,1,15,20.0,,,,,,30.0,30.0,,,,,,,COMPLETE
138,138,0.4883468834688347,2025-01-08 12:31:12.841433,2025-01-08 12:31:16.160006,0 days 00:00:03.318573,3,5,1,20,25.0,,,,,,25.0,,,,,,,,COMPLETE
139,139,0.6223255813953488,2025-01-08 12:31:16.161333,2025-01-08 12:31:19.050463,0 days 00:00:02.889130,2,3,1,25,15.0,,,,,,,,,,,,,,COMPLETE
140,140,0.5280126849894292,2025-01-08 12:31:19.051696,2025-01-08 12:31:21.581838,0 days 00:00:02.530142,2,3,1,15,20.0,,,,,,,,,,,,,,COMPLETE
141,141,0.6630727762803235,2025-01-08 12:31:21.583260,2025-01-08 12:31:25.065941,0 days 00:00:03.482681,3,3,1,20,20.0,,,,,,35.0,,,,,,,,COMPLETE
142,142,0.6028059990324142,2025-01-08 12:31:25.067125,2025-01-08 12:31:27.740912,0 days 00:00:02.673787,2,3,1,20,15.0,,,,,,,,,,,,,,COMPLETE
143,143,0.7009090909090909,2025-01-08 12:31:27.742188,2025-01-08 12:31:30.424656,0 days 00:00:02.682468,2,3,1,20,25.0,,,,,,,,,,,,,,COMPLETE
144,144,0.7009090909090909,2025-01-08 12:31:30.425925,2025-01-08 12:31:33.106963,0 days 00:00:02.681038,2,3,1,20,25.0,,,,,,,,,,,,,,COMPLETE
145,145,0.5347144456886898,2025-01-08 12:31:33.108219,2025-01-08 12:31:36.492457,0 days 00:00:03.384238,3,3,1,20,25.0,,,,,,20.0,,,,,,,,COMPLETE
146,146,0.0,2025-01-08 12:31:36.493436,2025-01-08 12:31:44.622152,0 days 00:00:08.128716,10,3,1,20,25.0,,,,,,40.0,45.0,25.0,30.0,35.0,35.0,30.0,15.0,COMPLETE
