,number,value,datetime_start,datetime_complete,duration,params_depth,params_grid,params_k,params_neurons_layer_0,params_neurons_layer_1,params_neurons_layer_10,params_neurons_layer_11,params_neurons_layer_12,params_neurons_layer_13,params_neurons_layer_14,params_neurons_layer_2,params_neurons_layer_3,params_neurons_layer_4,params_neurons_layer_5,params_neurons_layer_6,params_neurons_layer_7,params_neurons_layer_8,params_neurons_layer_9,state
0,0,0.4251012145748988,2025-01-08 10:04:13.692330,2025-01-08 10:04:28.942932,0 days 00:00:15.250602,12,7,5,50,15.0,45.0,15.0,,,,25.0,25.0,10.0,5.0,30.0,50.0,50.0,40.0,COMPLETE
1,1,0.6575342465753424,2025-01-08 10:04:28.944116,2025-01-08 10:04:35.851551,0 days 00:00:06.907435,1,1,4,40,,,,,,,,,,,,,,,COMPLETE
2,2,0.28214285714285714,2025-01-08 10:04:35.852634,2025-01-08 10:04:50.484555,0 days 00:00:14.631921,10,5,4,20,30.0,,,,,,35.0,50.0,45.0,40.0,15.0,15.0,25.0,45.0,COMPLETE
3,3,0.038461538461538464,2025-01-08 10:04:50.485732,2025-01-08 10:05:05.652806,0 days 00:00:15.167074,12,3,3,45,20.0,20.0,35.0,,,,5.0,30.0,50.0,40.0,30.0,35.0,10.0,20.0,COMPLETE
4,4,0.37433155080213903,2025-01-08 10:05:05.654008,2025-01-08 10:05:17.037175,0 days 00:00:11.383167,11,9,5,25,15.0,35.0,,,,,50.0,45.0,25.0,10.0,35.0,20.0,50.0,45.0,COMPLETE
5,5,0.07407407407407407,2025-01-08 10:05:17.038568,2025-01-08 10:05:23.684724,0 days 00:00:06.646156,3,1,4,20,50.0,,,,,,45.0,,,,,,,,COMPLETE
6,6,0.0,2025-01-08 10:05:23.685660,2025-01-08 10:05:45.619466,0 days 00:00:21.933806,12,9,5,25,20.0,40.0,45.0,,,,25.0,25.0,35.0,25.0,40.0,30.0,25.0,10.0,COMPLETE
7,7,0.5629629629629629,2025-01-08 10:05:45.620564,2025-01-08 10:06:00.218045,0 days 00:00:14.597481,7,7,5,40,30.0,,,,,,35.0,25.0,45.0,50.0,50.0,,,,COMPLETE
8,8,0.10714285714285714,2025-01-08 10:06:00.219200,2025-01-08 10:06:09.699558,0 days 00:00:09.480358,4,9,4,20,50.0,,,,,,50.0,40.0,,,,,,,COMPLETE
9,9,0.36242083040112594,2025-01-08 10:06:09.700630,2025-01-08 10:06:18.533052,0 days 00:00:08.832422,2,7,2,50,20.0,,,,,,,,,,,,,,COMPLETE
10,10,0.0,2025-01-08 10:06:18.534066,2025-01-08 10:06:24.138101,0 days 00:00:05.604035,15,1,1,5,5.0,5.0,5.0,50.0,20.0,45.0,5.0,5.0,5.0,20.0,5.0,5.0,5.0,5.0,COMPLETE
11,11,0.20535714285714285,2025-01-08 10:06:24.146333,2025-01-08 10:06:37.509716,0 days 00:00:13.363383,7,5,3,40,35.0,,,,,,35.0,10.0,30.0,50.0,50.0,,,,COMPLETE
12,12,0.40904255319148936,2025-01-08 10:06:37.510867,2025-01-08 10:06:48.501616,0 days 00:00:10.990749,6,3,4,35,40.0,,,,,,15.0,15.0,40.0,50.0,,,,,COMPLETE
13,13,0.6190476190476191,2025-01-08 10:06:48.502628,2025-01-08 10:06:58.965304,0 days 00:00:10.462676,5,7,5,35,40.0,,,,,,35.0,35.0,20.0,,,,,,COMPLETE
14,14,0.4641891891891892,2025-01-08 10:06:58.966302,2025-01-08 10:07:05.248189,0 days 00:00:06.281887,1,3,4,35,,,,,,,,,,,,,,,COMPLETE
15,15,0.41419860627177696,2025-01-08 10:07:05.249149,2025-01-08 10:07:14.546967,0 days 00:00:09.297818,5,5,2,35,40.0,,,,,,15.0,35.0,20.0,,,,,,COMPLETE
16,16,0.0,2025-01-08 10:07:14.547857,2025-01-08 10:07:18.138531,0 days 00:00:03.590674,1,1,5,10,,,,,,,,,,,,,,,COMPLETE
17,17,0.0,2025-01-08 10:07:18.155501,2025-01-08 10:07:31.752852,0 days 00:00:13.597351,9,7,3,30,45.0,,,,,,40.0,15.0,15.0,15.0,15.0,50.0,35.0,,COMPLETE
18,18,0.27653301886792453,2025-01-08 10:07:31.753996,2025-01-08 10:07:41.128962,0 days 00:00:09.374966,4,3,4,45,5.0,,,,,,20.0,35.0,,,,,,,COMPLETE
19,19,0.037037037037037035,2025-01-08 10:07:41.130023,2025-01-08 10:07:48.526553,0 days 00:00:07.396530,3,7,2,30,40.0,,,,,,30.0,,,,,,,,COMPLETE
20,20,0.4372294372294372,2025-01-08 10:07:48.527473,2025-01-08 10:07:59.738792,0 days 00:00:11.211319,5,5,3,40,35.0,,,,,,40.0,50.0,20.0,,,,,,COMPLETE
21,21,0.39215686274509803,2025-01-08 10:07:59.739632,2025-01-08 10:08:13.535560,0 days 00:00:13.795928,7,7,5,40,30.0,,,,,,35.0,20.0,30.0,35.0,50.0,,,,COMPLETE
22,22,0.5683563748079877,2025-01-08 10:08:13.536726,2025-01-08 10:08:27.759417,0 days 00:00:14.222691,8,7,5,45,25.0,,,,,,30.0,30.0,50.0,30.0,40.0,40.0,,,COMPLETE
23,23,0.510873440285205,2025-01-08 10:08:27.760267,2025-01-08 10:08:41.168886,0 days 00:00:13.408619,9,9,5,45,25.0,,,,,,30.0,35.0,35.0,30.0,40.0,40.0,35.0,,COMPLETE
24,24,0.39293139293139295,2025-01-08 10:08:41.170085,2025-01-08 10:08:56.873746,0 days 00:00:15.703661,8,5,4,50,35.0,,,,,,20.0,40.0,20.0,25.0,20.0,40.0,,,COMPLETE
25,25,0.6549145299145299,2025-01-08 10:08:56.874790,2025-01-08 10:09:10.144199,0 days 00:00:13.269409,6,7,5,35,45.0,,,,,,45.0,30.0,50.0,35.0,,,,,COMPLETE
26,26,0.07407407407407407,2025-01-08 10:09:10.145271,2025-01-08 10:09:21.950104,0 days 00:00:11.804833,5,9,4,30,45.0,,,,,,45.0,40.0,10.0,,,,,,COMPLETE
27,27,0.5976190476190476,2025-01-08 10:09:21.951244,2025-01-08 10:09:32.713744,0 days 00:00:10.762500,3,7,5,35,45.0,,,,,,45.0,,,,,,,,COMPLETE
28,28,0.605193661971831,2025-01-08 10:09:32.714814,2025-01-08 10:09:39.649939,0 days 00:00:06.935125,2,3,4,25,50.0,,,,,,,,,,,,,,COMPLETE
29,29,0.07407407407407407,2025-01-08 10:09:39.651088,2025-01-08 10:09:53.520863,0 days 00:00:13.869775,6,5,5,35,45.0,,,,,,40.0,45.0,25.0,40.0,,,,,COMPLETE
30,30,0.3667763157894737,2025-01-08 10:09:53.521913,2025-01-08 10:10:02.002093,0 days 00:00:08.480180,4,1,5,30,40.0,,,,,,50.0,20.0,,,,,,,COMPLETE
31,31,0.605193661971831,2025-01-08 10:10:02.003133,2025-01-08 10:10:08.914223,0 days 00:00:06.911090,2,3,4,25,50.0,,,,,,,,,,,,,,COMPLETE
32,32,0.0,2025-01-08 10:10:08.915228,2025-01-08 10:10:15.542701,0 days 00:00:06.627473,2,1,4,25,50.0,,,,,,,,,,,,,,COMPLETE
33,33,0.6895238095238095,2025-01-08 10:10:15.543781,2025-01-08 10:10:18.637525,0 days 00:00:03.093744,1,3,3,15,,,,,,,,,,,,,,,COMPLETE
34,34,0.6895238095238095,2025-01-08 10:10:18.638323,2025-01-08 10:10:21.605047,0 days 00:00:02.966724,1,3,3,15,,,,,,,,,,,,,,,COMPLETE
35,35,0.6895238095238095,2025-01-08 10:10:21.631633,2025-01-08 10:10:24.699315,0 days 00:00:03.067682,1,3,3,15,,,,,,,,,,,,,,,COMPLETE
36,36,0.6895238095238095,2025-01-08 10:10:24.725953,2025-01-08 10:10:27.795608,0 days 00:00:03.069655,1,3,3,15,,,,,,,,,,,,,,,COMPLETE
37,37,0.6895238095238095,2025-01-08 10:10:27.822462,2025-01-08 10:10:30.784684,0 days 00:00:02.962222,1,3,3,15,,,,,,,,,,,,,,,COMPLETE
38,38,0.6895238095238095,2025-01-08 10:10:30.811149,2025-01-08 10:10:33.881439,0 days 00:00:03.070290,1,3,3,15,,,,,,,,,,,,,,,COMPLETE
39,39,0.7151515151515151,2025-01-08 10:10:33.908031,2025-01-08 10:10:38.370523,0 days 00:00:04.462492,3,3,2,15,10.0,,,,,,10.0,,,,,,,,COMPLETE
40,40,0.7144702842377262,2025-01-08 10:10:38.371549,2025-01-08 10:10:42.623882,0 days 00:00:04.252333,3,3,2,10,10.0,,,,,,10.0,,,,,,,,COMPLETE
41,41,0.7144702842377262,2025-01-08 10:10:42.624816,2025-01-08 10:10:46.757190,0 days 00:00:04.132374,3,3,2,10,10.0,,,,,,10.0,,,,,,,,COMPLETE
42,42,0.6899545266639107,2025-01-08 10:10:46.758108,2025-01-08 10:10:49.662679,0 days 00:00:02.904571,3,1,1,5,10.0,,,,,,10.0,,,,,,,,COMPLETE
43,43,0.6899545266639107,2025-01-08 10:10:49.669346,2025-01-08 10:10:52.672389,0 days 00:00:03.003043,3,1,1,5,10.0,,,,,,10.0,,,,,,,,COMPLETE
44,44,0.6899545266639107,2025-01-08 10:10:52.679475,2025-01-08 10:10:55.584166,0 days 00:00:02.904691,3,1,1,5,10.0,,,,,,10.0,,,,,,,,COMPLETE
45,45,0.779205138498595,2025-01-08 10:10:55.590863,2025-01-08 10:11:00.104871,0 days 00:00:04.514008,4,1,1,10,10.0,,,,,,10.0,5.0,,,,,,,COMPLETE
46,46,0.7373737373737375,2025-01-08 10:11:00.105815,2025-01-08 10:11:05.475707,0 days 00:00:05.369892,4,1,2,10,10.0,,,,,,10.0,5.0,,,,,,,COMPLETE
47,47,0.0,2025-01-08 10:11:05.476692,2025-01-08 10:11:10.656351,0 days 00:00:05.179659,4,1,2,10,15.0,,,,,,5.0,5.0,,,,,,,COMPLETE
48,48,0.034482758620689655,2025-01-08 10:11:10.657357,2025-01-08 10:11:21.580223,0 days 00:00:10.922866,15,1,2,10,10.0,20.0,25.0,5.0,50.0,5.0,15.0,10.0,40.0,15.0,5.0,5.0,15.0,30.0,COMPLETE
49,49,0.038461538461538464,2025-01-08 10:11:21.581561,2025-01-08 10:11:31.632130,0 days 00:00:10.050569,13,1,2,10,15.0,5.0,50.0,25.0,,,10.0,10.0,5.0,5.0,20.0,20.0,40.0,25.0,COMPLETE
50,50,0.40404040404040403,2025-01-08 10:11:31.633416,2025-01-08 10:11:37.670148,0 days 00:00:06.036732,4,5,2,20,5.0,,,,,,5.0,5.0,,,,,,,COMPLETE
51,51,0.6899545266639107,2025-01-08 10:11:37.671208,2025-01-08 10:11:40.582248,0 days 00:00:02.911040,3,1,1,5,10.0,,,,,,10.0,,,,,,,,COMPLETE
52,52,0.6680143755615453,2025-01-08 10:11:40.583004,2025-01-08 10:11:43.454736,0 days 00:00:02.871732,2,1,1,10,15.0,,,,,,,,,,,,,,COMPLETE
53,53,0.5225694444444444,2025-01-08 10:11:43.455705,2025-01-08 10:11:46.974244,0 days 00:00:03.518539,4,1,1,5,10.0,,,,,,10.0,15.0,,,,,,,COMPLETE
54,54,0.0,2025-01-08 10:11:46.981176,2025-01-08 10:11:52.998515,0 days 00:00:06.017339,5,1,2,10,20.0,,,,,,15.0,20.0,10.0,,,,,,COMPLETE
55,55,0.767156862745098,2025-01-08 10:11:52.999546,2025-01-08 10:11:55.789403,0 days 00:00:02.789857,3,3,1,5,5.0,,,,,,5.0,,,,,,,,COMPLETE
56,56,0.0,2025-01-08 10:11:55.795977,2025-01-08 10:11:59.523310,0 days 00:00:03.727333,2,3,2,10,5.0,,,,,,,,,,,,,,COMPLETE
57,57,0.6139830508474576,2025-01-08 10:11:59.524187,2025-01-08 10:12:05.143249,0 days 00:00:05.619062,4,3,1,20,15.0,,,,,,5.0,10.0,,,,,,,COMPLETE
58,58,0.6448111159357359,2025-01-08 10:12:05.144187,2025-01-08 10:12:11.642430,0 days 00:00:06.498243,6,3,2,10,5.0,,,,,,5.0,5.0,35.0,20.0,,,,,COMPLETE
59,59,0.135632183908046,2025-01-08 10:12:11.643526,2025-01-08 10:12:16.538852,0 days 00:00:04.895326,5,5,2,5,5.0,,,,,,20.0,15.0,15.0,,,,,,COMPLETE
60,60,0.7192982456140351,2025-01-08 10:12:16.539707,2025-01-08 10:12:19.046326,0 days 00:00:02.506619,2,3,1,5,10.0,,,,,,,,,,,,,,COMPLETE
61,61,0.7192982456140351,2025-01-08 10:12:19.052899,2025-01-08 10:12:21.558341,0 days 00:00:02.505442,2,3,1,5,10.0,,,,,,,,,,,,,,COMPLETE
62,62,0.7192982456140351,2025-01-08 10:12:21.564897,2025-01-08 10:12:24.071735,0 days 00:00:02.506838,2,3,1,5,10.0,,,,,,,,,,,,,,COMPLETE
63,63,0.76,2025-01-08 10:12:24.072470,2025-01-08 10:12:26.839225,0 days 00:00:02.766755,2,3,1,5,5.0,,,,,,,,,,,,,,COMPLETE
64,64,0.7751436781609196,2025-01-08 10:12:26.845665,2025-01-08 10:12:28.858335,0 days 00:00:02.012670,2,5,1,5,5.0,,,,,,,,,,,,,,COMPLETE
65,65,0.7751436781609196,2025-01-08 10:12:28.864787,2025-01-08 10:12:30.980006,0 days 00:00:02.115219,2,5,1,5,5.0,,,,,,,,,,,,,,COMPLETE
66,66,0.7751436781609196,2025-01-08 10:12:30.986589,2025-01-08 10:12:32.997160,0 days 00:00:02.010571,2,5,1,5,5.0,,,,,,,,,,,,,,COMPLETE
67,67,0.3508771929824561,2025-01-08 10:12:33.003690,2025-01-08 10:12:36.700574,0 days 00:00:03.696884,4,5,1,5,5.0,,,,,,25.0,20.0,,,,,,,COMPLETE
68,68,0.7751436781609196,2025-01-08 10:12:36.701354,2025-01-08 10:12:38.721416,0 days 00:00:02.020062,2,5,1,5,5.0,,,,,,,,,,,,,,COMPLETE
69,69,0.7751436781609196,2025-01-08 10:12:38.727946,2025-01-08 10:12:40.740987,0 days 00:00:02.013041,2,5,1,5,5.0,,,,,,,,,,,,,,COMPLETE
70,70,0.0,2025-01-08 10:12:40.747492,2025-01-08 10:12:48.283132,0 days 00:00:07.535640,11,5,1,5,5.0,50.0,,,,,25.0,25.0,40.0,45.0,10.0,15.0,15.0,35.0,COMPLETE
71,71,0.7751436781609196,2025-01-08 10:12:48.284237,2025-01-08 10:12:50.305796,0 days 00:00:02.021559,2,5,1,5,5.0,,,,,,,,,,,,,,COMPLETE
72,72,0.7751436781609196,2025-01-08 10:12:50.306624,2025-01-08 10:12:52.422320,0 days 00:00:02.115696,2,5,1,5,5.0,,,,,,,,,,,,,,COMPLETE
73,73,0.7726333195535345,2025-01-08 10:12:52.430240,2025-01-08 10:12:54.681154,0 days 00:00:02.250914,1,5,1,5,,,,,,,,,,,,,,,COMPLETE
74,74,0.7751436781609196,2025-01-08 10:12:54.688756,2025-01-08 10:12:56.704776,0 days 00:00:02.016020,2,5,1,5,5.0,,,,,,,,,,,,,,COMPLETE
75,75,0.725837504813246,2025-01-08 10:12:56.711415,2025-01-08 10:12:58.780497,0 days 00:00:02.069082,1,5,1,10,,,,,,,,,,,,,,,COMPLETE
76,76,0.7751436781609196,2025-01-08 10:12:58.781400,2025-01-08 10:13:00.798283,0 days 00:00:02.016883,2,5,1,5,5.0,,,,,,,,,,,,,,COMPLETE
77,77,0.7726333195535345,2025-01-08 10:13:00.804899,2025-01-08 10:13:03.176900,0 days 00:00:02.372001,1,5,1,5,,,,,,,,,,,,,,,COMPLETE
78,78,0.765791632485644,2025-01-08 10:13:03.184578,2025-01-08 10:13:06.251998,0 days 00:00:03.067420,2,5,1,10,5.0,,,,,,,,,,,,,,COMPLETE
79,79,0.6865793780687397,2025-01-08 10:13:06.252818,2025-01-08 10:13:09.319995,0 days 00:00:03.067177,3,7,1,5,5.0,,,,,,20.0,,,,,,,,COMPLETE
80,80,0.725837504813246,2025-01-08 10:13:09.320762,2025-01-08 10:13:11.476489,0 days 00:00:02.155727,1,5,1,10,,,,,,,,,,,,,,,COMPLETE
81,81,0.7751436781609196,2025-01-08 10:13:11.492479,2025-01-08 10:13:13.504754,0 days 00:00:02.012275,2,5,1,5,5.0,,,,,,,,,,,,,,COMPLETE
82,82,0.7751436781609196,2025-01-08 10:13:13.511330,2025-01-08 10:13:15.519650,0 days 00:00:02.008320,2,5,1,5,5.0,,,,,,,,,,,,,,COMPLETE
83,83,0.49955357142857143,2025-01-08 10:13:15.526102,2025-01-08 10:13:18.592449,0 days 00:00:03.066347,3,5,1,5,5.0,,,,,,30.0,,,,,,,,COMPLETE
84,84,0.7726333195535345,2025-01-08 10:13:18.599199,2025-01-08 10:13:20.852846,0 days 00:00:02.253647,1,5,1,5,,,,,,,,,,,,,,,COMPLETE
85,85,0.765791632485644,2025-01-08 10:13:20.860088,2025-01-08 10:13:24.034282,0 days 00:00:03.174194,2,5,1,10,5.0,,,,,,,,,,,,,,COMPLETE
86,86,0.6865793780687397,2025-01-08 10:13:24.035160,2025-01-08 10:13:27.101238,0 days 00:00:03.066078,3,7,1,5,5.0,,,,,,20.0,,,,,,,,COMPLETE
87,87,0.725837504813246,2025-01-08 10:13:27.101970,2025-01-08 10:13:29.151294,0 days 00:00:02.049324,1,5,1,10,,,,,,,,,,,,,,,COMPLETE
88,88,0.6874435411020776,2025-01-08 10:13:29.167534,2025-01-08 10:13:32.297967,0 days 00:00:03.130433,3,5,1,5,5.0,,,,,,25.0,,,,,,,,COMPLETE
89,89,0.7388888888888889,2025-01-08 10:13:32.298741,2025-01-08 10:13:34.987380,0 days 00:00:02.688639,2,7,1,5,5.0,,,,,,,,,,,,,,COMPLETE
90,90,0.725837504813246,2025-01-08 10:13:34.994688,2025-01-08 10:13:37.046141,0 days 00:00:02.051453,1,5,1,10,,,,,,,,,,,,,,,COMPLETE
91,91,0.7751436781609196,2025-01-08 10:13:37.062729,2025-01-08 10:13:39.074912,0 days 00:00:02.012183,2,5,1,5,5.0,,,,,,,,,,,,,,COMPLETE
92,92,0.7751436781609196,2025-01-08 10:13:39.081473,2025-01-08 10:13:41.094723,0 days 00:00:02.013250,2,5,1,5,5.0,,,,,,,,,,,,,,COMPLETE
93,93,0.47777777777777775,2025-01-08 10:13:41.101228,2025-01-08 10:13:44.204035,0 days 00:00:03.102807,3,5,1,5,5.0,,,,,,15.0,,,,,,,,COMPLETE
94,94,0.7506802721088436,2025-01-08 10:13:44.204866,2025-01-08 10:13:46.785311,0 days 00:00:02.580445,2,5,1,5,10.0,,,,,,,,,,,,,,COMPLETE
95,95,0.725837504813246,2025-01-08 10:13:46.786053,2025-01-08 10:13:48.837849,0 days 00:00:02.051796,1,5,1,10,,,,,,,,,,,,,,,COMPLETE
96,96,0.7751436781609196,2025-01-08 10:13:48.854476,2025-01-08 10:13:50.876813,0 days 00:00:02.022337,2,5,1,5,5.0,,,,,,,,,,,,,,COMPLETE
97,97,0.601923076923077,2025-01-08 10:13:50.877556,2025-01-08 10:13:54.000838,0 days 00:00:03.123282,3,5,1,5,10.0,,,,,,25.0,,,,,,,,COMPLETE
98,98,0.0,2025-01-08 10:13:54.007746,2025-01-08 10:14:00.312635,0 days 00:00:06.304889,9,5,1,10,5.0,,,,,,35.0,45.0,10.0,10.0,25.0,25.0,20.0,,COMPLETE
99,99,0.37448979591836734,2025-01-08 10:14:00.314099,2025-01-08 10:14:04.452224,0 days 00:00:04.138125,4,5,1,5,10.0,,,,,,40.0,50.0,,,,,,,COMPLETE
100,100,0.0,2025-01-08 10:14:04.453069,2025-01-08 10:14:15.472963,0 days 00:00:11.019894,14,5,1,5,5.0,25.0,30.0,50.0,5.0,,15.0,25.0,45.0,20.0,45.0,10.0,40.0,15.0,COMPLETE
101,101,0.7751436781609196,2025-01-08 10:14:15.474147,2025-01-08 10:14:17.604875,0 days 00:00:02.130728,2,5,1,5,5.0,,,,,,,,,,,,,,COMPLETE
102,102,0.7751436781609196,2025-01-08 10:14:17.605739,2025-01-08 10:14:19.619663,0 days 00:00:02.013924,2,5,1,5,5.0,,,,,,,,,,,,,,COMPLETE
103,103,0.7751436781609196,2025-01-08 10:14:19.626167,2025-01-08 10:14:21.639606,0 days 00:00:02.013439,2,5,1,5,5.0,,,,,,,,,,,,,,COMPLETE
104,104,0.725837504813246,2025-01-08 10:14:21.646151,2025-01-08 10:14:23.712200,0 days 00:00:02.066049,1,5,1,10,,,,,,,,,,,,,,,COMPLETE
105,105,0.5464285714285715,2025-01-08 10:14:23.713103,2025-01-08 10:14:27.012353,0 days 00:00:03.299250,3,7,1,5,5.0,,,,,,35.0,,,,,,,,COMPLETE
106,106,0.7055813953488372,2025-01-08 10:14:27.013168,2025-01-08 10:14:30.182477,0 days 00:00:03.169309,2,9,1,10,25.0,,,,,,,,,,,,,,COMPLETE
107,107,0.7726333195535345,2025-01-08 10:14:30.183427,2025-01-08 10:14:32.439898,0 days 00:00:02.256471,1,5,1,5,,,,,,,,,,,,,,,COMPLETE
108,108,0.755,2025-01-08 10:14:32.445521,2025-01-08 10:14:36.280290,0 days 00:00:03.834769,3,5,1,10,10.0,,,,,,50.0,,,,,,,,COMPLETE
109,109,0.7751436781609196,2025-01-08 10:14:36.281273,2025-01-08 10:14:38.318968,0 days 00:00:02.037695,2,5,1,5,5.0,,,,,,,,,,,,,,COMPLETE
110,110,0.7726333195535345,2025-01-08 10:14:38.319701,2025-01-08 10:14:40.570656,0 days 00:00:02.250955,1,5,1,5,,,,,,,,,,,,,,,COMPLETE
111,111,0.7751436781609196,2025-01-08 10:14:40.578161,2025-01-08 10:14:42.589605,0 days 00:00:02.011444,2,5,1,5,5.0,,,,,,,,,,,,,,COMPLETE
112,112,0.7751436781609196,2025-01-08 10:14:42.596051,2025-01-08 10:14:44.608529,0 days 00:00:02.012478,2,5,1,5,5.0,,,,,,,,,,,,,,COMPLETE
113,113,0.825925925925926,2025-01-08 10:14:44.615090,2025-01-08 10:14:47.909875,0 days 00:00:03.294785,3,5,1,5,5.0,,,,,,20.0,,,,,,,,COMPLETE
114,114,0.6192135390741662,2025-01-08 10:14:47.916687,2025-01-08 10:14:51.048095,0 days 00:00:03.131408,3,5,1,5,10.0,,,,,,20.0,,,,,,,,COMPLETE
115,115,0.4561497326203209,2025-01-08 10:14:51.054953,2025-01-08 10:14:54.705073,0 days 00:00:03.650120,3,7,1,10,5.0,,,,,,30.0,,,,,,,,COMPLETE
116,116,0.6192135390741662,2025-01-08 10:14:54.705957,2025-01-08 10:14:57.938790,0 days 00:00:03.232833,3,5,1,5,10.0,,,,,,20.0,,,,,,,,COMPLETE
117,117,0.7751436781609196,2025-01-08 10:14:57.946013,2025-01-08 10:14:59.963111,0 days 00:00:02.017098,2,5,1,5,5.0,,,,,,,,,,,,,,COMPLETE
118,118,0.725837504813246,2025-01-08 10:14:59.969590,2025-01-08 10:15:02.033662,0 days 00:00:02.064072,1,5,1,10,,,,,,,,,,,,,,,COMPLETE
119,119,0.40865384615384615,2025-01-08 10:15:02.034536,2025-01-08 10:15:05.674891,0 days 00:00:03.640355,4,5,1,5,5.0,,,,,,15.0,30.0,,,,,,,COMPLETE
120,120,0.702939885914875,2025-01-08 10:15:05.675690,2025-01-08 10:15:09.023394,0 days 00:00:03.347704,3,5,1,5,30.0,,,,,,20.0,,,,,,,,COMPLETE
121,121,0.7751436781609196,2025-01-08 10:15:09.024377,2025-01-08 10:15:11.041856,0 days 00:00:02.017479,2,5,1,5,5.0,,,,,,,,,,,,,,COMPLETE
122,122,0.7751436781609196,2025-01-08 10:15:11.048420,2025-01-08 10:15:13.066922,0 days 00:00:02.018502,2,5,1,5,5.0,,,,,,,,,,,,,,COMPLETE
123,123,0.7751436781609196,2025-01-08 10:15:13.067679,2025-01-08 10:15:15.079951,0 days 00:00:02.012272,2,5,1,5,5.0,,,,,,,,,,,,,,COMPLETE
124,124,0.7726333195535345,2025-01-08 10:15:15.086371,2025-01-08 10:15:17.338070,0 days 00:00:02.251699,1,5,1,5,,,,,,,,,,,,,,,COMPLETE
125,125,0.765791632485644,2025-01-08 10:15:17.345583,2025-01-08 10:15:20.536032,0 days 00:00:03.190449,2,5,1,10,5.0,,,,,,,,,,,,,,COMPLETE
126,126,0.601923076923077,2025-01-08 10:15:20.536893,2025-01-08 10:15:23.670824,0 days 00:00:03.133931,3,5,1,5,10.0,,,,,,25.0,,,,,,,,COMPLETE
127,127,0.7751436781609196,2025-01-08 10:15:23.671635,2025-01-08 10:15:25.691394,0 days 00:00:02.019759,2,5,1,5,5.0,,,,,,,,,,,,,,COMPLETE
128,128,0.7726333195535345,2025-01-08 10:15:25.692105,2025-01-08 10:15:27.943569,0 days 00:00:02.251464,1,5,1,5,,,,,,,,,,,,,,,COMPLETE
129,129,0.0,2025-01-08 10:15:27.951120,2025-01-08 10:15:33.663055,0 days 00:00:05.711935,7,5,1,10,5.0,,,,,,30.0,15.0,30.0,35.0,25.0,,,,COMPLETE
130,130,0.47777777777777775,2025-01-08 10:15:33.664180,2025-01-08 10:15:36.768295,0 days 00:00:03.104115,3,5,1,5,5.0,,,,,,15.0,,,,,,,,COMPLETE
131,131,0.7751436781609196,2025-01-08 10:15:36.775013,2025-01-08 10:15:38.896238,0 days 00:00:02.121225,2,5,1,5,5.0,,,,,,,,,,,,,,COMPLETE
132,132,0.7751436781609196,2025-01-08 10:15:38.903995,2025-01-08 10:15:40.920412,0 days 00:00:02.016417,2,5,1,5,5.0,,,,,,,,,,,,,,COMPLETE
133,133,0.7751436781609196,2025-01-08 10:15:40.926983,2025-01-08 10:15:42.939812,0 days 00:00:02.012829,2,5,1,5,5.0,,,,,,,,,,,,,,COMPLETE
134,134,0.7726333195535345,2025-01-08 10:15:42.946295,2025-01-08 10:15:45.197514,0 days 00:00:02.251219,1,5,1,5,,,,,,,,,,,,,,,COMPLETE
135,135,0.7506802721088436,2025-01-08 10:15:45.204991,2025-01-08 10:15:47.674271,0 days 00:00:02.469280,2,5,1,5,10.0,,,,,,,,,,,,,,COMPLETE
136,136,0.6137472283813747,2025-01-08 10:15:47.680748,2025-01-08 10:15:50.871433,0 days 00:00:03.190685,3,5,1,5,5.0,,,,,,45.0,,,,,,,,COMPLETE
137,137,0.6989160979526294,2025-01-08 10:15:50.872186,2025-01-08 10:15:54.349552,0 days 00:00:03.477366,2,5,1,10,10.0,,,,,,,,,,,,,,COMPLETE
138,138,0.7726333195535345,2025-01-08 10:15:54.350480,2025-01-08 10:15:56.612189,0 days 00:00:02.261709,1,5,1,5,,,,,,,,,,,,,,,COMPLETE
139,139,0.49955357142857143,2025-01-08 10:15:56.619768,2025-01-08 10:15:59.689515,0 days 00:00:03.069747,3,5,1,5,5.0,,,,,,30.0,,,,,,,,COMPLETE
140,140,0.765791632485644,2025-01-08 10:15:59.696285,2025-01-08 10:16:02.873868,0 days 00:00:03.177583,2,5,1,10,5.0,,,,,,,,,,,,,,COMPLETE
141,141,0.7751436781609196,2025-01-08 10:16:02.874672,2025-01-08 10:16:04.895634,0 days 00:00:02.020962,2,5,1,5,5.0,,,,,,,,,,,,,,COMPLETE
142,142,0.7751436781609196,2025-01-08 10:16:04.896361,2025-01-08 10:16:06.912429,0 days 00:00:02.016068,2,5,1,5,5.0,,,,,,,,,,,,,,COMPLETE
143,143,0.6756616502335235,2025-01-08 10:16:06.918870,2025-01-08 10:16:14.304566,0 days 00:00:07.385696,1,5,1,50,,,,,,,,,,,,,,,COMPLETE
144,144,0.7751436781609196,2025-01-08 10:16:14.305559,2025-01-08 10:16:16.326441,0 days 00:00:02.020882,2,5,1,5,5.0,,,,,,,,,,,,,,COMPLETE
145,145,0.7751436781609196,2025-01-08 10:16:16.332958,2025-01-08 10:16:18.348061,0 days 00:00:02.015103,2,5,1,5,5.0,,,,,,,,,,,,,,COMPLETE
146,146,0.7958333333333334,2025-01-08 10:16:18.354559,2025-01-08 10:16:21.615883,0 days 00:00:03.261324,3,5,1,5,35.0,,,,,,5.0,,,,,,,,COMPLETE
147,147,0.0,2025-01-08 10:16:21.616723,2025-01-08 10:16:30.419045,0 days 00:00:08.802322,11,5,1,5,30.0,15.0,,,,,5.0,10.0,15.0,45.0,35.0,30.0,5.0,50.0,COMPLETE
