,number,value,datetime_start,datetime_complete,duration,params_depth,params_grid,params_k,params_neurons_layer_0,params_neurons_layer_1,params_neurons_layer_10,params_neurons_layer_11,params_neurons_layer_12,params_neurons_layer_13,params_neurons_layer_14,params_neurons_layer_2,params_neurons_layer_3,params_neurons_layer_4,params_neurons_layer_5,params_neurons_layer_6,params_neurons_layer_7,params_neurons_layer_8,params_neurons_layer_9,state
0,0,0.002017654861495394,2025-01-08 13:43:49.180789,2025-01-08 13:44:33.436326,0 days 00:00:44.255537,8,5,5,35,40.0,,,,,,30.0,5.0,25.0,35.0,50.0,45.0,,,COMPLETE
1,1,0.819960423829613,2025-01-08 13:44:33.437214,2025-01-08 13:44:39.928675,0 days 00:00:06.491461,1,1,2,15,,,,,,,,,,,,,,,COMPLETE
2,2,0.7784785043423343,2025-01-08 13:44:39.929971,2025-01-08 13:45:22.417184,0 days 00:00:42.487213,8,5,3,30,40.0,,,,,,35.0,10.0,30.0,50.0,45.0,40.0,,,COMPLETE
3,3,0.30559963057631395,2025-01-08 13:45:22.417991,2025-01-08 13:45:43.460844,0 days 00:00:21.042853,4,9,5,10,50.0,,,,,,35.0,20.0,,,,,,,COMPLETE
4,4,0.569223389675651,2025-01-08 13:45:43.462135,2025-01-08 13:45:57.163266,0 days 00:00:13.701131,1,5,4,40,,,,,,,,,,,,,,,COMPLETE
5,5,0.8222570786649137,2025-01-08 13:45:57.164530,2025-01-08 13:46:27.523083,0 days 00:00:30.358553,6,7,3,45,15.0,,,,,,20.0,45.0,5.0,10.0,,,,,COMPLETE
6,6,0.6667809338745708,2025-01-08 13:46:27.524923,2025-01-08 13:46:53.703413,0 days 00:00:26.178490,5,1,5,50,5.0,,,,,,20.0,10.0,25.0,,,,,,COMPLETE
7,7,0.3558597091531223,2025-01-08 13:46:53.705072,2025-01-08 13:47:33.318778,0 days 00:00:39.613706,10,5,2,25,30.0,,,,,,25.0,15.0,30.0,5.0,35.0,40.0,25.0,50.0,COMPLETE
8,8,0.0,2025-01-08 13:47:33.319693,2025-01-08 13:48:24.141448,0 days 00:00:50.821755,14,3,2,30,20.0,10.0,30.0,10.0,15.0,,45.0,35.0,15.0,45.0,5.0,20.0,30.0,35.0,COMPLETE
9,9,0.8094215849045963,2025-01-08 13:48:24.142418,2025-01-08 13:48:42.720581,0 days 00:00:18.578163,5,7,1,30,30.0,,,,,,30.0,35.0,5.0,,,,,,COMPLETE
10,10,0.0,2025-01-08 13:48:42.721295,2025-01-08 13:49:40.814335,0 days 00:00:58.093040,15,9,3,50,5.0,50.0,5.0,50.0,50.0,50.0,5.0,50.0,50.0,10.0,10.0,5.0,50.0,5.0,COMPLETE
11,11,0.819960423829613,2025-01-08 13:49:40.815330,2025-01-08 13:49:47.319990,0 days 00:00:06.504660,1,1,2,15,,,,,,,,,,,,,,,COMPLETE
12,12,0.8758214248078731,2025-01-08 13:49:47.320595,2025-01-08 13:50:01.540270,0 days 00:00:14.219675,3,7,3,20,15.0,,,,,,10.0,,,,,,,,COMPLETE
13,13,0.8671964879693939,2025-01-08 13:50:01.542542,2025-01-08 13:50:20.661028,0 days 00:00:19.118486,4,7,3,20,15.0,,,,,,10.0,50.0,,,,,,,COMPLETE
14,14,0.8992523320280958,2025-01-08 13:50:20.662297,2025-01-08 13:50:37.385543,0 days 00:00:16.723246,3,7,4,20,15.0,,,,,,5.0,,,,,,,,COMPLETE
15,15,0.8806037506329714,2025-01-08 13:50:37.386533,2025-01-08 13:50:52.097517,0 days 00:00:14.710984,3,7,4,5,20.0,,,,,,10.0,,,,,,,,COMPLETE
16,16,0.0,2025-01-08 13:50:52.099421,2025-01-08 13:51:50.512577,0 days 00:00:58.413156,11,9,4,5,25.0,40.0,,,,,5.0,25.0,50.0,25.0,25.0,20.0,5.0,5.0,COMPLETE
17,17,0.3751723916633095,2025-01-08 13:51:50.513687,2025-01-08 13:52:17.310917,0 days 00:00:26.797230,7,3,4,5,10.0,,,,,,15.0,35.0,40.0,25.0,20.0,,,,COMPLETE
18,18,0.8828903308499559,2025-01-08 13:52:17.312167,2025-01-08 13:52:33.919394,0 days 00:00:16.607227,3,7,4,10,25.0,,,,,,15.0,,,,,,,,COMPLETE
19,19,0.0,2025-01-08 13:52:33.920166,2025-01-08 13:53:20.713329,0 days 00:00:46.793163,10,9,4,15,35.0,,,,,,15.0,25.0,40.0,35.0,35.0,5.0,50.0,30.0,COMPLETE
20,20,0.3124456500780485,2025-01-08 13:53:20.714303,2025-01-08 13:53:40.610831,0 days 00:00:19.896528,3,3,5,20,25.0,,,,,,5.0,,,,,,,,COMPLETE
21,21,0.8743789720550119,2025-01-08 13:53:40.612035,2025-01-08 13:53:56.983154,0 days 00:00:16.371119,3,7,4,10,20.0,,,,,,15.0,,,,,,,,COMPLETE
22,22,0.7254335817503065,2025-01-08 13:53:56.986585,2025-01-08 13:54:09.417406,0 days 00:00:12.430821,2,7,4,10,20.0,,,,,,,,,,,,,,COMPLETE
23,23,0.7055895360735277,2025-01-08 13:54:09.420315,2025-01-08 13:54:33.452620,0 days 00:00:24.032305,6,7,4,5,10.0,,,,,,10.0,40.0,15.0,20.0,,,,,COMPLETE
24,24,0.7261534382798351,2025-01-08 13:54:33.453935,2025-01-08 13:54:50.892818,0 days 00:00:17.438883,2,9,5,10,25.0,,,,,,,,,,,,,,COMPLETE
25,25,0.8707379534974724,2025-01-08 13:54:50.895722,2025-01-08 13:55:16.335280,0 days 00:00:25.439558,4,7,4,25,20.0,,,,,,20.0,30.0,,,,,,,COMPLETE
26,26,0.7705529151578681,2025-01-08 13:55:16.336749,2025-01-08 13:55:43.566673,0 days 00:00:27.229924,6,5,4,15,10.0,,,,,,10.0,5.0,15.0,40.0,,,,,COMPLETE
27,27,0.7468556319687407,2025-01-08 13:55:43.567986,2025-01-08 13:56:00.492221,0 days 00:00:16.924235,2,5,5,5,35.0,,,,,,,,,,,,,,COMPLETE
28,28,0.8578859174347213,2025-01-08 13:56:00.493816,2025-01-08 13:56:25.238124,0 days 00:00:24.744308,5,7,3,20,15.0,,,,,,50.0,20.0,40.0,,,,,,COMPLETE
29,29,0.000505050505050505,2025-01-08 13:56:25.239233,2025-01-08 13:57:00.049546,0 days 00:00:34.810313,9,5,5,10,30.0,,,,,,5.0,45.0,20.0,15.0,15.0,30.0,5.0,,COMPLETE
30,30,0.0005053057099545225,2025-01-08 13:57:00.050864,2025-01-08 13:57:36.398881,0 days 00:00:36.348017,7,9,4,35,25.0,,,,,,15.0,15.0,35.0,50.0,35.0,,,,COMPLETE
31,31,0.8758214248078731,2025-01-08 13:57:36.399851,2025-01-08 13:57:50.626130,0 days 00:00:14.226279,3,7,3,20,15.0,,,,,,10.0,,,,,,,,COMPLETE
32,32,0.8783490878704109,2025-01-08 13:57:50.627666,2025-01-08 13:58:04.974874,0 days 00:00:14.347208,3,7,3,15,20.0,,,,,,10.0,,,,,,,,COMPLETE
33,33,0.8961743401464021,2025-01-08 13:58:04.975917,2025-01-08 13:58:13.322945,0 days 00:00:08.347028,1,7,3,15,,,,,,,,,,,,,,,COMPLETE
34,34,0.8803923687649318,2025-01-08 13:58:13.327657,2025-01-08 13:58:19.545594,0 days 00:00:06.217937,1,9,1,15,,,,,,,,,,,,,,,COMPLETE
35,35,0.876375477299029,2025-01-08 13:58:19.550795,2025-01-08 13:58:29.272415,0 days 00:00:09.721620,2,7,2,10,35.0,,,,,,,,,,,,,,COMPLETE
36,36,0.8735106226574632,2025-01-08 13:58:29.273461,2025-01-08 13:58:40.248921,0 days 00:00:10.975460,1,5,4,25,,,,,,,,,,,,,,,COMPLETE
37,37,0.8643700673794168,2025-01-08 13:58:40.254254,2025-01-08 13:59:00.596492,0 days 00:00:20.342238,4,9,3,5,45.0,,,,,,25.0,30.0,,,,,,,COMPLETE
38,38,0.6689886417480131,2025-01-08 13:59:00.597544,2025-01-08 13:59:15.404869,0 days 00:00:14.807325,2,7,5,10,10.0,,,,,,,,,,,,,,COMPLETE
39,39,0.8196690542539462,2025-01-08 13:59:15.407873,2025-01-08 13:59:46.096365,0 days 00:00:30.688492,5,5,4,15,30.0,,,,,,5.0,40.0,45.0,,,,,,COMPLETE
40,40,0.0,2025-01-08 13:59:46.097556,2025-01-08 14:00:31.533343,0 days 00:00:45.435787,12,5,3,35,50.0,5.0,45.0,,,,20.0,20.0,10.0,30.0,45.0,50.0,30.0,50.0,COMPLETE
41,41,0.8803923687649318,2025-01-08 14:00:31.534375,2025-01-08 14:00:37.757914,0 days 00:00:06.223539,1,9,1,15,,,,,,,,,,,,,,,COMPLETE
42,42,0.8845588799311463,2025-01-08 14:00:37.758560,2025-01-08 14:00:43.758458,0 days 00:00:05.999898,1,9,1,10,,,,,,,,,,,,,,,COMPLETE
43,43,0.8565518930234162,2025-01-08 14:00:43.761921,2025-01-08 14:00:49.653510,0 days 00:00:05.891589,1,7,1,10,,,,,,,,,,,,,,,COMPLETE
44,44,0.8410353237003825,2025-01-08 14:00:49.656912,2025-01-08 14:00:59.390786,0 days 00:00:09.733874,2,9,2,5,40.0,,,,,,,,,,,,,,COMPLETE
45,45,0.27921924885323535,2025-01-08 14:00:59.391695,2025-01-08 14:01:15.629800,0 days 00:00:16.238105,4,7,2,10,25.0,,,,,,15.0,45.0,,,,,,,COMPLETE
46,46,0.24269133511615637,2025-01-08 14:01:15.631051,2025-01-08 14:01:39.235594,0 days 00:00:23.604543,3,9,5,25,5.0,,,,,,30.0,,,,,,,,COMPLETE
47,47,0.8900690525690526,2025-01-08 14:01:39.236680,2025-01-08 14:01:49.846889,0 days 00:00:10.610209,1,7,4,20,,,,,,,,,,,,,,,COMPLETE
48,48,0.895831361816757,2025-01-08 14:01:49.853644,2025-01-08 14:01:58.851391,0 days 00:00:08.997747,1,7,3,20,,,,,,,,,,,,,,,COMPLETE
49,49,0.81271633442565,2025-01-08 14:01:58.857998,2025-01-08 14:02:07.168364,0 days 00:00:08.310366,1,9,2,20,,,,,,,,,,,,,,,COMPLETE
50,50,0.8853172741018822,2025-01-08 14:02:07.174920,2025-01-08 14:02:16.861067,0 days 00:00:09.686147,1,3,3,30,,,,,,,,,,,,,,,COMPLETE
51,51,0.6666666666666666,2025-01-08 14:02:16.862138,2025-01-08 14:02:26.425178,0 days 00:00:09.563040,1,1,3,30,,,,,,,,,,,,,,,COMPLETE
52,52,0.7200513436917162,2025-01-08 14:02:26.426209,2025-01-08 14:02:42.270986,0 days 00:00:15.844777,2,3,3,35,45.0,,,,,,,,,,,,,,COMPLETE
53,53,0.7223419083469034,2025-01-08 14:02:42.272811,2025-01-08 14:02:51.695627,0 days 00:00:09.422816,1,5,3,25,,,,,,,,,,,,,,,COMPLETE
54,54,0.9002598700588313,2025-01-08 14:02:51.698243,2025-01-08 14:03:03.896579,0 days 00:00:12.198336,2,5,3,30,5.0,,,,,,,,,,,,,,COMPLETE
55,55,0.8620163524039817,2025-01-08 14:03:03.897661,2025-01-08 14:03:15.954348,0 days 00:00:12.056687,2,3,3,30,5.0,,,,,,,,,,,,,,COMPLETE
56,56,0.7141252457174951,2025-01-08 14:03:15.955356,2025-01-08 14:03:26.499136,0 days 00:00:10.543780,2,1,3,30,5.0,,,,,,,,,,,,,,COMPLETE
57,57,0.876385774322809,2025-01-08 14:03:26.508088,2025-01-08 14:03:44.595999,0 days 00:00:18.087911,4,3,3,25,10.0,,,,,,40.0,10.0,,,,,,,COMPLETE
58,58,0.8783847217576127,2025-01-08 14:03:44.597424,2025-01-08 14:03:55.798943,0 days 00:00:11.201519,1,3,3,40,,,,,,,,,,,,,,,COMPLETE
59,59,0.8845396309981969,2025-01-08 14:03:55.800076,2025-01-08 14:04:11.032040,0 days 00:00:15.231964,3,5,3,20,15.0,,,,,,35.0,,,,,,,,COMPLETE
60,60,0.887977361778165,2025-01-08 14:04:11.033282,2025-01-08 14:04:25.107943,0 days 00:00:14.074661,2,7,3,35,5.0,,,,,,,,,,,,,,COMPLETE
61,61,0.8246635926716627,2025-01-08 14:04:25.109221,2025-01-08 14:04:39.680814,0 days 00:00:14.571593,2,7,3,40,5.0,,,,,,,,,,,,,,COMPLETE
62,62,0.8680726759936237,2025-01-08 14:04:39.681905,2025-01-08 14:04:51.819993,0 days 00:00:12.138088,1,7,3,35,,,,,,,,,,,,,,,COMPLETE
63,63,0.8786792452830189,2025-01-08 14:04:51.821021,2025-01-08 14:05:05.952066,0 days 00:00:14.131045,2,7,3,35,10.0,,,,,,,,,,,,,,COMPLETE
64,64,0.8691461547345402,2025-01-08 14:05:05.953181,2025-01-08 14:05:25.095736,0 days 00:00:19.142555,3,7,4,25,5.0,,,,,,40.0,,,,,,,,COMPLETE
65,65,0.0,2025-01-08 14:05:25.097259,2025-01-08 14:06:18.459258,0 days 00:00:53.361999,13,7,3,45,15.0,25.0,5.0,40.0,,,25.0,40.0,20.0,5.0,5.0,30.0,20.0,20.0,COMPLETE
66,66,0.8629202414205905,2025-01-08 14:06:18.460287,2025-01-08 14:06:33.129257,0 days 00:00:14.668970,2,7,4,30,5.0,,,,,,,,,,,,,,COMPLETE
67,67,0.8663126270050088,2025-01-08 14:06:33.130585,2025-01-08 14:06:44.634148,0 days 00:00:11.503563,1,5,3,40,,,,,,,,,,,,,,,COMPLETE
68,68,0.8757632911468438,2025-01-08 14:06:44.635425,2025-01-08 14:06:58.068886,0 days 00:00:13.433461,3,5,2,20,10.0,,,,,,50.0,,,,,,,,COMPLETE
69,69,0.8723103849044082,2025-01-08 14:06:58.070374,2025-01-08 14:07:23.247712,0 days 00:00:25.177338,4,7,4,30,10.0,,,,,,35.0,15.0,,,,,,,COMPLETE
70,70,0.0,2025-01-08 14:07:23.249215,2025-01-08 14:07:57.711442,0 days 00:00:34.462227,8,7,3,20,5.0,,,,,,45.0,30.0,35.0,20.0,25.0,15.0,,,COMPLETE
71,71,0.8926474573022858,2025-01-08 14:07:57.712418,2025-01-08 14:08:04.790079,0 days 00:00:07.077661,1,7,2,15,,,,,,,,,,,,,,,COMPLETE
72,72,0.8926474573022858,2025-01-08 14:08:04.790910,2025-01-08 14:08:11.858963,0 days 00:00:07.068053,1,7,2,15,,,,,,,,,,,,,,,COMPLETE
73,73,0.8906331286619162,2025-01-08 14:08:11.863232,2025-01-08 14:08:21.707418,0 days 00:00:09.844186,2,7,2,15,15.0,,,,,,,,,,,,,,COMPLETE
74,74,0.8926474573022858,2025-01-08 14:08:21.710746,2025-01-08 14:08:28.779898,0 days 00:00:07.069152,1,7,2,15,,,,,,,,,,,,,,,COMPLETE
75,75,0.8906331286619162,2025-01-08 14:08:28.784969,2025-01-08 14:08:38.626446,0 days 00:00:09.841477,2,7,2,15,15.0,,,,,,,,,,,,,,COMPLETE
76,76,0.8774123200384653,2025-01-08 14:08:38.630681,2025-01-08 14:08:51.033859,0 days 00:00:12.403178,3,5,2,15,20.0,,,,,,25.0,,,,,,,,COMPLETE
77,77,0.8926474573022858,2025-01-08 14:08:51.035312,2025-01-08 14:08:58.107358,0 days 00:00:07.072046,1,7,2,15,,,,,,,,,,,,,,,COMPLETE
78,78,0.8926474573022858,2025-01-08 14:08:58.111894,2025-01-08 14:09:05.306486,0 days 00:00:07.194592,1,7,2,15,,,,,,,,,,,,,,,COMPLETE
79,79,0.23575098806146363,2025-01-08 14:09:05.311356,2025-01-08 14:09:43.982676,0 days 00:00:38.671320,9,7,2,15,20.0,,,,,,30.0,5.0,45.0,40.0,15.0,35.0,40.0,,COMPLETE
80,80,0.8474033580632565,2025-01-08 14:09:43.983612,2025-01-08 14:09:52.135144,0 days 00:00:08.151532,1,7,2,20,,,,,,,,,,,,,,,COMPLETE
81,81,0.8926474573022858,2025-01-08 14:09:52.140533,2025-01-08 14:09:59.218423,0 days 00:00:07.077890,1,7,2,15,,,,,,,,,,,,,,,COMPLETE
82,82,0.8926474573022858,2025-01-08 14:09:59.219009,2025-01-08 14:10:06.416607,0 days 00:00:07.197598,1,7,2,15,,,,,,,,,,,,,,,COMPLETE
83,83,0.8476641647250418,2025-01-08 14:10:06.421554,2025-01-08 14:10:16.824738,0 days 00:00:10.403184,2,7,2,15,30.0,,,,,,,,,,,,,,COMPLETE
84,84,0.8926474573022858,2025-01-08 14:10:16.825740,2025-01-08 14:10:23.901733,0 days 00:00:07.075993,1,7,2,15,,,,,,,,,,,,,,,COMPLETE
85,85,0.8897866549864717,2025-01-08 14:10:23.906337,2025-01-08 14:10:30.593480,0 days 00:00:06.687143,1,7,1,20,,,,,,,,,,,,,,,COMPLETE
86,86,0.876375477299029,2025-01-08 14:10:30.599426,2025-01-08 14:10:40.322659,0 days 00:00:09.723233,2,7,2,10,35.0,,,,,,,,,,,,,,COMPLETE
87,87,0.8989612489488217,2025-01-08 14:10:40.323763,2025-01-08 14:10:47.250590,0 days 00:00:06.926827,1,5,2,15,,,,,,,,,,,,,,,COMPLETE
88,88,0.8972551556203658,2025-01-08 14:10:47.255616,2025-01-08 14:10:58.968556,0 days 00:00:11.712940,2,5,2,20,45.0,,,,,,,,,,,,,,COMPLETE
89,89,0.0,2025-01-08 14:10:58.970045,2025-01-08 14:11:47.643424,0 days 00:00:48.673379,15,5,1,20,45.0,25.0,50.0,5.0,5.0,5.0,40.0,5.0,10.0,30.0,30.0,10.0,15.0,20.0,COMPLETE
90,90,0.8725403699329384,2025-01-08 14:11:47.644574,2025-01-08 14:12:03.737270,0 days 00:00:16.092696,3,5,2,20,40.0,,,,,,45.0,,,,,,,,COMPLETE
91,91,0.8812512944235256,2025-01-08 14:12:03.738618,2025-01-08 14:12:14.804004,0 days 00:00:11.065386,2,5,2,15,50.0,,,,,,,,,,,,,,COMPLETE
92,92,0.8868887258011364,2025-01-08 14:12:14.805352,2025-01-08 14:12:21.282602,0 days 00:00:06.477250,1,5,2,10,,,,,,,,,,,,,,,COMPLETE
93,93,0.8846294638672623,2025-01-08 14:12:21.285735,2025-01-08 14:12:33.648260,0 days 00:00:12.362525,2,5,2,25,45.0,,,,,,,,,,,,,,COMPLETE
94,94,0.8472849562211203,2025-01-08 14:12:33.649556,2025-01-08 14:12:41.276157,0 days 00:00:07.626601,1,5,2,20,,,,,,,,,,,,,,,COMPLETE
95,95,0.8926474573022858,2025-01-08 14:12:41.281852,2025-01-08 14:12:48.351878,0 days 00:00:07.070026,1,7,2,15,,,,,,,,,,,,,,,COMPLETE
96,96,0.7132487326177837,2025-01-08 14:12:48.356826,2025-01-08 14:13:10.290638,0 days 00:00:21.933812,7,7,1,20,35.0,,,,,,20.0,25.0,20.0,15.0,50.0,,,,COMPLETE
97,97,0.8861409137530158,2025-01-08 14:13:10.291350,2025-01-08 14:13:20.150899,0 days 00:00:09.859549,2,5,2,10,40.0,,,,,,,,,,,,,,COMPLETE
98,98,0.8989612489488217,2025-01-08 14:13:20.151811,2025-01-08 14:13:27.081166,0 days 00:00:06.929355,1,5,2,15,,,,,,,,,,,,,,,COMPLETE
99,99,0.8707983470549037,2025-01-08 14:13:27.081706,2025-01-08 14:13:37.277294,0 days 00:00:10.195588,2,5,2,20,25.0,,,,,,,,,,,,,,COMPLETE
100,100,0.8825869509134829,2025-01-08 14:13:37.278900,2025-01-08 14:13:52.447556,0 days 00:00:15.168656,3,5,2,15,50.0,,,,,,30.0,,,,,,,,COMPLETE
101,101,0.8989612489488217,2025-01-08 14:13:52.449147,2025-01-08 14:13:59.503195,0 days 00:00:07.054048,1,5,2,15,,,,,,,,,,,,,,,COMPLETE
102,102,0.8989612489488217,2025-01-08 14:13:59.509337,2025-01-08 14:14:06.434406,0 days 00:00:06.925069,1,5,2,15,,,,,,,,,,,,,,,COMPLETE
103,103,0.8868887258011364,2025-01-08 14:14:06.439399,2025-01-08 14:14:12.915980,0 days 00:00:06.476581,1,5,2,10,,,,,,,,,,,,,,,COMPLETE
104,104,0.884849993333037,2025-01-08 14:14:12.919169,2025-01-08 14:14:22.877342,0 days 00:00:09.958173,2,5,2,15,30.0,,,,,,,,,,,,,,COMPLETE
105,105,0.8472849562211203,2025-01-08 14:14:22.879004,2025-01-08 14:14:30.507775,0 days 00:00:07.628771,1,5,2,20,,,,,,,,,,,,,,,COMPLETE
106,106,0.9018177208460589,2025-01-08 14:14:30.511525,2025-01-08 14:14:39.587463,0 days 00:00:09.075938,2,5,2,15,10.0,,,,,,,,,,,,,,COMPLETE
107,107,0.8735980951731641,2025-01-08 14:14:39.591203,2025-01-08 14:14:54.195865,0 days 00:00:14.604662,3,5,3,25,10.0,,,,,,20.0,,,,,,,,COMPLETE
108,108,0.8735884465493173,2025-01-08 14:14:54.196977,2025-01-08 14:15:04.001417,0 days 00:00:09.804440,2,5,3,10,15.0,,,,,,,,,,,,,,COMPLETE
109,109,0.865785823816704,2025-01-08 14:15:04.004279,2025-01-08 14:15:14.088420,0 days 00:00:10.084141,2,5,2,20,10.0,,,,,,,,,,,,,,COMPLETE
110,110,0.8847037272892565,2025-01-08 14:15:14.093992,2025-01-08 14:15:25.120123,0 days 00:00:11.026131,3,5,1,15,15.0,,,,,,35.0,,,,,,,,COMPLETE
111,111,0.8989612489488217,2025-01-08 14:15:25.123456,2025-01-08 14:15:32.054363,0 days 00:00:06.930907,1,5,2,15,,,,,,,,,,,,,,,COMPLETE
112,112,0.8989612489488217,2025-01-08 14:15:32.055349,2025-01-08 14:15:38.980602,0 days 00:00:06.925253,1,5,2,15,,,,,,,,,,,,,,,COMPLETE
113,113,0.8777699585992658,2025-01-08 14:15:38.985222,2025-01-08 14:15:48.405683,0 days 00:00:09.420461,2,5,2,15,20.0,,,,,,,,,,,,,,COMPLETE
114,114,0.8868887258011364,2025-01-08 14:15:48.410072,2025-01-08 14:15:54.886583,0 days 00:00:06.476511,1,5,2,10,,,,,,,,,,,,,,,COMPLETE
115,115,0.8472849562211203,2025-01-08 14:15:54.890025,2025-01-08 14:16:02.516764,0 days 00:00:07.626739,1,5,2,20,,,,,,,,,,,,,,,COMPLETE
116,116,0.8980272434294755,2025-01-08 14:16:02.523298,2025-01-08 14:16:12.740954,0 days 00:00:10.217656,2,5,3,15,10.0,,,,,,,,,,,,,,COMPLETE
117,117,0.9018177208460589,2025-01-08 14:16:12.745235,2025-01-08 14:16:21.818710,0 days 00:00:09.073475,2,5,2,15,10.0,,,,,,,,,,,,,,COMPLETE
118,118,0.9018177208460589,2025-01-08 14:16:21.822874,2025-01-08 14:16:30.894559,0 days 00:00:09.071685,2,5,2,15,10.0,,,,,,,,,,,,,,COMPLETE
119,119,0.9018177208460589,2025-01-08 14:16:30.898721,2025-01-08 14:16:39.970181,0 days 00:00:09.071460,2,5,2,15,10.0,,,,,,,,,,,,,,COMPLETE
120,120,0.8793791968785025,2025-01-08 14:16:39.974295,2025-01-08 14:16:50.514059,0 days 00:00:10.539764,3,5,2,10,10.0,,,,,,5.0,,,,,,,,COMPLETE
121,121,0.9018177208460589,2025-01-08 14:16:50.516945,2025-01-08 14:16:59.587469,0 days 00:00:09.070524,2,5,2,15,10.0,,,,,,,,,,,,,,COMPLETE
122,122,0.9058225672488682,2025-01-08 14:16:59.591585,2025-01-08 14:17:08.641556,0 days 00:00:09.049971,2,5,2,15,5.0,,,,,,,,,,,,,,COMPLETE
123,123,0.9058225672488682,2025-01-08 14:17:08.645776,2025-01-08 14:17:17.694712,0 days 00:00:09.048936,2,5,2,15,5.0,,,,,,,,,,,,,,COMPLETE
124,124,0.8896699434190334,2025-01-08 14:17:17.698807,2025-01-08 14:17:29.206994,0 days 00:00:11.508187,3,5,2,15,5.0,,,,,,25.0,,,,,,,,COMPLETE
125,125,0.883188466439698,2025-01-08 14:17:29.211227,2025-01-08 14:17:47.267939,0 days 00:00:18.056712,4,5,2,15,5.0,,,,,,45.0,50.0,,,,,,,COMPLETE
126,126,0.8800832482774774,2025-01-08 14:17:47.269197,2025-01-08 14:17:55.824856,0 days 00:00:08.555659,2,5,2,10,10.0,,,,,,,,,,,,,,COMPLETE
127,127,0.9058225672488682,2025-01-08 14:17:55.826811,2025-01-08 14:18:04.876486,0 days 00:00:09.049675,2,5,2,15,5.0,,,,,,,,,,,,,,COMPLETE
128,128,0.9058225672488682,2025-01-08 14:18:04.880545,2025-01-08 14:18:13.928681,0 days 00:00:09.048136,2,5,2,15,5.0,,,,,,,,,,,,,,COMPLETE
129,129,0.8896248713293682,2025-01-08 14:18:13.932709,2025-01-08 14:18:25.177984,0 days 00:00:11.245275,3,5,2,15,5.0,,,,,,20.0,,,,,,,,COMPLETE
130,130,0.8686182577440331,2025-01-08 14:18:25.182238,2025-01-08 14:18:37.445945,0 days 00:00:12.263707,4,5,2,10,5.0,,,,,,5.0,10.0,,,,,,,COMPLETE
131,131,0.9058225672488682,2025-01-08 14:18:37.448795,2025-01-08 14:18:46.498622,0 days 00:00:09.049827,2,5,2,15,5.0,,,,,,,,,,,,,,COMPLETE
132,132,0.8072806905485572,2025-01-08 14:18:46.502822,2025-01-08 14:18:55.366422,0 days 00:00:08.863600,2,3,2,15,5.0,,,,,,,,,,,,,,COMPLETE
133,133,0.9058225672488682,2025-01-08 14:18:55.370441,2025-01-08 14:19:04.418756,0 days 00:00:09.048315,2,5,2,15,5.0,,,,,,,,,,,,,,COMPLETE
134,134,0.8794731621984841,2025-01-08 14:19:04.422746,2025-01-08 14:19:15.528937,0 days 00:00:11.106191,3,5,2,15,5.0,,,,,,15.0,,,,,,,,COMPLETE
135,135,0.9058225672488682,2025-01-08 14:19:15.533069,2025-01-08 14:19:24.581156,0 days 00:00:09.048087,2,5,2,15,5.0,,,,,,,,,,,,,,COMPLETE
136,136,0.9058225672488682,2025-01-08 14:19:24.585204,2025-01-08 14:19:33.632752,0 days 00:00:09.047548,2,5,2,15,5.0,,,,,,,,,,,,,,COMPLETE
137,137,0.9058225672488682,2025-01-08 14:19:33.636789,2025-01-08 14:19:42.688244,0 days 00:00:09.051455,2,5,2,15,5.0,,,,,,,,,,,,,,COMPLETE
138,138,0.9058225672488682,2025-01-08 14:19:42.692454,2025-01-08 14:19:51.742861,0 days 00:00:09.050407,2,5,2,15,5.0,,,,,,,,,,,,,,COMPLETE
139,139,0.9058225672488682,2025-01-08 14:19:51.746964,2025-01-08 14:20:00.921191,0 days 00:00:09.174227,2,5,2,15,5.0,,,,,,,,,,,,,,COMPLETE
140,140,0.8808059124708438,2025-01-08 14:20:00.926146,2025-01-08 14:20:12.964751,0 days 00:00:12.038605,3,5,2,15,5.0,,,,,,50.0,,,,,,,,COMPLETE
141,141,0.9058225672488682,2025-01-08 14:20:12.966415,2025-01-08 14:20:22.013697,0 days 00:00:09.047282,2,5,2,15,5.0,,,,,,,,,,,,,,COMPLETE
142,142,0.9058225672488682,2025-01-08 14:20:22.017747,2025-01-08 14:20:31.066832,0 days 00:00:09.049085,2,5,2,15,5.0,,,,,,,,,,,,,,COMPLETE
143,143,0.9058225672488682,2025-01-08 14:20:31.071101,2025-01-08 14:20:40.117820,0 days 00:00:09.046719,2,5,2,15,5.0,,,,,,,,,,,,,,COMPLETE
144,144,0.8774587727721428,2025-01-08 14:20:40.121886,2025-01-08 14:20:52.291309,0 days 00:00:12.169423,3,5,2,15,5.0,,,,,,40.0,,,,,,,,COMPLETE
145,145,0.8737259454449721,2025-01-08 14:20:52.295684,2025-01-08 14:21:00.969451,0 days 00:00:08.673767,2,5,2,10,5.0,,,,,,,,,,,,,,COMPLETE
146,146,0.9058225672488682,2025-01-08 14:21:00.972186,2025-01-08 14:21:10.019826,0 days 00:00:09.047640,2,5,2,15,5.0,,,,,,,,,,,,,,COMPLETE
147,147,0.8883319180311898,2025-01-08 14:21:10.023874,2025-01-08 14:21:21.705647,0 days 00:00:11.681773,3,5,2,15,5.0,,,,,,35.0,,,,,,,,COMPLETE
148,148,0.9058225672488682,2025-01-08 14:21:21.710106,2025-01-08 14:21:30.759039,0 days 00:00:09.048933,2,5,2,15,5.0,,,,,,,,,,,,,,COMPLETE
