,number,value,datetime_start,datetime_complete,duration,params_depth,params_grid,params_k,params_neurons_layer_0,params_neurons_layer_1,params_neurons_layer_10,params_neurons_layer_11,params_neurons_layer_12,params_neurons_layer_13,params_neurons_layer_14,params_neurons_layer_2,params_neurons_layer_3,params_neurons_layer_4,params_neurons_layer_5,params_neurons_layer_6,params_neurons_layer_7,params_neurons_layer_8,params_neurons_layer_9,state
0,0,0.18582375478927204,2025-01-08 07:14:48.026196,2025-01-08 07:14:58.346783,0 days 00:00:10.320587,8,7,3,5,15.0,,,,,,15.0,50.0,20.0,30.0,40.0,5.0,,,COMPLETE
1,1,0.80893581758752,2025-01-08 07:14:58.347452,2025-01-08 07:15:04.266136,0 days 00:00:05.918684,4,3,1,50,35.0,,,,,,25.0,50.0,,,,,,,COMPLETE
2,2,0.0,2025-01-08 07:15:04.266945,2025-01-08 07:15:15.617940,0 days 00:00:11.350995,10,3,2,15,30.0,,,,,,30.0,15.0,5.0,30.0,10.0,20.0,35.0,40.0,COMPLETE
3,3,0.0,2025-01-08 07:15:15.618910,2025-01-08 07:15:23.798732,0 days 00:00:08.179822,8,1,1,5,5.0,,,,,,45.0,15.0,20.0,40.0,25.0,20.0,,,COMPLETE
4,4,0.8309481627296589,2025-01-08 07:15:23.799451,2025-01-08 07:15:28.218044,0 days 00:00:04.418593,3,1,1,50,10.0,,,,,,40.0,,,,,,,,COMPLETE
5,5,0.8197175506683916,2025-01-08 07:15:28.218584,2025-01-08 07:15:32.176263,0 days 00:00:03.957679,3,3,2,5,15.0,,,,,,40.0,,,,,,,,COMPLETE
6,6,0.0,2025-01-08 07:15:32.176782,2025-01-08 07:15:51.858544,0 days 00:00:19.681762,15,9,4,15,20.0,15.0,50.0,20.0,25.0,50.0,45.0,45.0,5.0,40.0,50.0,15.0,10.0,15.0,COMPLETE
7,7,0.5652843812392137,2025-01-08 07:15:51.859402,2025-01-08 07:16:13.438563,0 days 00:00:21.579161,14,9,5,50,45.0,40.0,50.0,50.0,5.0,,45.0,45.0,45.0,25.0,40.0,25.0,5.0,10.0,COMPLETE
8,8,0.02122641509433962,2025-01-08 07:16:13.439507,2025-01-08 07:16:19.515710,0 days 00:00:06.076203,6,5,1,25,5.0,,,,,,30.0,5.0,50.0,15.0,,,,,COMPLETE
9,9,0.0,2025-01-08 07:16:19.516465,2025-01-08 07:16:38.258356,0 days 00:00:18.741891,12,3,4,35,30.0,20.0,45.0,,,,40.0,15.0,40.0,5.0,5.0,5.0,50.0,45.0,COMPLETE
10,10,0.6731875581867226,2025-01-08 07:16:38.259053,2025-01-08 07:16:42.433751,0 days 00:00:04.174698,2,1,2,40,50.0,,,,,,,,,,,,,,COMPLETE
11,11,0.6506006664737565,2025-01-08 07:16:42.434285,2025-01-08 07:16:44.833446,0 days 00:00:02.399161,1,1,2,25,,,,,,,,,,,,,,,COMPLETE
12,12,0.8188683236382867,2025-01-08 07:16:44.833917,2025-01-08 07:16:50.509900,0 days 00:00:05.675983,4,5,2,40,15.0,,,,,,35.0,30.0,,,,,,,COMPLETE
13,13,0.7957777486663319,2025-01-08 07:16:50.510564,2025-01-08 07:16:56.685785,0 days 00:00:06.175221,4,3,3,15,15.0,,,,,,50.0,30.0,,,,,,,COMPLETE
14,14,0.6631344945721014,2025-01-08 07:16:56.686422,2025-01-08 07:17:03.272464,0 days 00:00:06.586042,6,5,1,30,20.0,,,,,,5.0,5.0,35.0,50.0,,,,,COMPLETE
15,15,0.7898561989895064,2025-01-08 07:17:03.273205,2025-01-08 07:17:06.106124,0 days 00:00:02.832919,1,1,3,45,,,,,,,,,,,,,,,COMPLETE
16,16,0.8263686073425668,2025-01-08 07:17:06.106640,2025-01-08 07:17:10.237468,0 days 00:00:04.130828,3,3,2,20,10.0,,,,,,20.0,,,,,,,,COMPLETE
17,17,0.6736641221374046,2025-01-08 07:17:10.237961,2025-01-08 07:17:16.627095,0 days 00:00:06.389134,6,1,1,20,5.0,,,,,,20.0,35.0,20.0,5.0,,,,,COMPLETE
18,18,0.2688967136150235,2025-01-08 07:17:16.627705,2025-01-08 07:17:27.123624,0 days 00:00:10.495919,10,7,2,35,10.0,,,,,,10.0,20.0,30.0,50.0,20.0,50.0,25.0,25.0,COMPLETE
19,19,0.05930129060970182,2025-01-08 07:17:27.124519,2025-01-08 07:17:35.599701,0 days 00:00:08.475182,5,3,4,30,25.0,,,,,,20.0,40.0,15.0,,,,,,COMPLETE
20,20,0.0,2025-01-08 07:17:35.600353,2025-01-08 07:17:44.840129,0 days 00:00:09.239776,8,7,1,20,10.0,,,,,,25.0,25.0,50.0,15.0,35.0,45.0,,,COMPLETE
21,21,0.814499659632403,2025-01-08 07:17:44.841066,2025-01-08 07:17:48.860873,0 days 00:00:04.019807,3,3,2,10,10.0,,,,,,35.0,,,,,,,,COMPLETE
22,22,0.7890600684718332,2025-01-08 07:17:48.861388,2025-01-08 07:17:52.195812,0 days 00:00:03.334424,2,5,3,10,20.0,,,,,,,,,,,,,,COMPLETE
23,23,0.8388572611229168,2025-01-08 07:17:52.196280,2025-01-08 07:17:56.472197,0 days 00:00:04.275917,3,1,2,20,10.0,,,,,,35.0,,,,,,,,COMPLETE
24,24,0.8036276301865011,2025-01-08 07:17:56.472666,2025-01-08 07:17:59.423291,0 days 00:00:02.950625,2,1,1,20,10.0,,,,,,,,,,,,,,COMPLETE
25,25,0.8015699195974331,2025-01-08 07:17:59.423745,2025-01-08 07:18:06.226061,0 days 00:00:06.802316,5,1,2,25,40.0,,,,,,35.0,10.0,30.0,,,,,,COMPLETE
26,26,0.8216981698169817,2025-01-08 07:18:06.226740,2025-01-08 07:18:10.959285,0 days 00:00:04.732545,3,1,3,20,25.0,,,,,,20.0,,,,,,,,COMPLETE
27,27,0.7817402476813613,2025-01-08 07:18:10.959840,2025-01-08 07:18:13.567856,0 days 00:00:02.608016,1,3,2,35,,,,,,,,,,,,,,,COMPLETE
28,28,0.6258003172600959,2025-01-08 07:18:13.568372,2025-01-08 07:18:21.252771,0 days 00:00:07.684399,7,1,1,30,5.0,,,,,,40.0,25.0,10.0,20.0,15.0,,,,COMPLETE
29,29,0.16199740100902002,2025-01-08 07:18:21.253504,2025-01-08 07:18:36.551350,0 days 00:00:15.297846,10,1,3,10,10.0,,,,,,30.0,35.0,40.0,35.0,50.0,40.0,50.0,30.0,COMPLETE
30,30,0.7971806121200469,2025-01-08 07:18:36.552151,2025-01-08 07:18:43.610912,0 days 00:00:07.058761,5,3,3,40,20.0,,,,,,15.0,20.0,25.0,,,,,,COMPLETE
31,31,0.8216981698169817,2025-01-08 07:18:43.611601,2025-01-08 07:18:48.341040,0 days 00:00:04.729439,3,1,3,20,25.0,,,,,,20.0,,,,,,,,COMPLETE
32,32,0.64999455989555,2025-01-08 07:18:48.341559,2025-01-08 07:18:54.361039,0 days 00:00:06.019480,3,1,4,15,35.0,,,,,,15.0,,,,,,,,COMPLETE
33,33,0.8030936923071366,2025-01-08 07:18:54.361576,2025-01-08 07:19:00.367914,0 days 00:00:06.006338,4,3,3,25,15.0,,,,,,25.0,40.0,,,,,,,COMPLETE
34,34,0.5210770121598147,2025-01-08 07:19:00.368550,2025-01-08 07:19:04.813800,0 days 00:00:04.445250,2,1,5,20,10.0,,,,,,,,,,,,,,COMPLETE
35,35,0.7979193758127439,2025-01-08 07:19:04.814329,2025-01-08 07:19:09.705118,0 days 00:00:04.890789,4,3,2,15,25.0,,,,,,20.0,10.0,,,,,,,COMPLETE
36,36,0.7251565124446481,2025-01-08 07:19:09.705715,2025-01-08 07:19:17.740658,0 days 00:00:08.034943,7,1,1,25,35.0,,,,,,35.0,35.0,10.0,10.0,30.0,,,,COMPLETE
37,37,0.8057547150791029,2025-01-08 07:19:17.741555,2025-01-08 07:19:22.356622,0 days 00:00:04.615067,3,3,2,45,15.0,,,,,,10.0,,,,,,,,COMPLETE
38,38,0.18637546164062074,2025-01-08 07:19:22.357182,2025-01-08 07:19:30.713125,0 days 00:00:08.355943,5,1,4,10,5.0,,,,,,25.0,20.0,35.0,,,,,,COMPLETE
39,39,0.8251450086816478,2025-01-08 07:19:30.713770,2025-01-08 07:19:34.499150,0 days 00:00:03.785380,2,5,1,50,30.0,,,,,,,,,,,,,,COMPLETE
40,40,0.8087358768626167,2025-01-08 07:19:34.499652,2025-01-08 07:19:36.988181,0 days 00:00:02.488529,1,5,1,50,,,,,,,,,,,,,,,COMPLETE
41,41,0.8247226430732448,2025-01-08 07:19:36.988711,2025-01-08 07:19:40.541240,0 days 00:00:03.552529,2,7,1,45,30.0,,,,,,,,,,,,,,COMPLETE
42,42,0.8247226430732448,2025-01-08 07:19:40.541729,2025-01-08 07:19:44.196261,0 days 00:00:03.654532,2,7,1,45,30.0,,,,,,,,,,,,,,COMPLETE
43,43,0.8131159489178312,2025-01-08 07:19:44.196793,2025-01-08 07:19:48.040763,0 days 00:00:03.843970,2,9,1,50,35.0,,,,,,,,,,,,,,COMPLETE
44,44,0.7924321604519557,2025-01-08 07:19:48.041496,2025-01-08 07:19:54.303828,0 days 00:00:06.262332,4,7,1,50,30.0,,,,,,50.0,40.0,,,,,,,COMPLETE
45,45,0.7880551895993546,2025-01-08 07:19:54.304510,2025-01-08 07:19:56.826447,0 days 00:00:02.521937,1,5,1,45,,,,,,,,,,,,,,,COMPLETE
46,46,0.8194274106398689,2025-01-08 07:19:56.827006,2025-01-08 07:20:02.231651,0 days 00:00:05.404645,3,5,2,45,40.0,,,,,,30.0,,,,,,,,COMPLETE
47,47,0.8152419354838709,2025-01-08 07:20:02.232314,2025-01-08 07:20:05.926162,0 days 00:00:03.693848,2,7,1,50,30.0,,,,,,,,,,,,,,COMPLETE
48,48,0.8084699814863792,2025-01-08 07:20:05.926686,2025-01-08 07:20:11.900264,0 days 00:00:05.973578,4,5,1,50,40.0,,,,,,40.0,10.0,,,,,,,COMPLETE
49,49,0.0,2025-01-08 07:20:11.900948,2025-01-08 07:20:28.822699,0 days 00:00:16.921751,13,9,2,40,20.0,50.0,5.0,5.0,,,45.0,45.0,25.0,45.0,5.0,35.0,25.0,50.0,COMPLETE
50,50,0.7926695060476059,2025-01-08 07:20:28.823685,2025-01-08 07:20:31.522909,0 days 00:00:02.699224,1,5,2,45,,,,,,,,,,,,,,,COMPLETE
51,51,0.8247226430732448,2025-01-08 07:20:31.523481,2025-01-08 07:20:35.078479,0 days 00:00:03.554998,2,7,1,45,30.0,,,,,,,,,,,,,,COMPLETE
52,52,0.0,2025-01-08 07:20:35.078948,2025-01-08 07:20:47.334976,0 days 00:00:12.256028,9,7,1,40,35.0,,,,,,35.0,50.0,45.0,25.0,20.0,35.0,35.0,,COMPLETE
53,53,0.8247226430732448,2025-01-08 07:20:47.335923,2025-01-08 07:20:50.895407,0 days 00:00:03.559484,2,7,1,45,30.0,,,,,,,,,,,,,,COMPLETE
54,54,0.8255684354794901,2025-01-08 07:20:50.895919,2025-01-08 07:20:55.582832,0 days 00:00:04.686913,3,9,1,50,25.0,,,,,,40.0,,,,,,,,COMPLETE
55,55,0.7507891694227098,2025-01-08 07:20:55.583383,2025-01-08 07:21:00.704413,0 days 00:00:05.121030,4,9,1,50,5.0,,,,,,40.0,30.0,,,,,,,COMPLETE
56,56,0.8182161094716289,2025-01-08 07:21:00.705147,2025-01-08 07:21:07.355581,0 days 00:00:06.650434,3,9,2,50,50.0,,,,,,45.0,,,,,,,,COMPLETE
57,57,0.5899682715444732,2025-01-08 07:21:07.356427,2025-01-08 07:21:13.495031,0 days 00:00:06.138604,5,9,1,50,15.0,,,,,,40.0,25.0,15.0,,,,,,COMPLETE
58,58,0.0,2025-01-08 07:21:13.495856,2025-01-08 07:21:26.743195,0 days 00:00:13.247339,15,5,2,30,25.0,5.0,15.0,50.0,50.0,5.0,50.0,50.0,35.0,35.0,45.0,30.0,15.0,5.0,COMPLETE
59,59,0.780564977933399,2025-01-08 07:21:26.744151,2025-01-08 07:21:29.178899,0 days 00:00:02.434748,1,3,1,45,,,,,,,,,,,,,,,COMPLETE
60,60,0.29054487179487176,2025-01-08 07:21:29.179507,2025-01-08 07:21:35.381623,0 days 00:00:06.202116,6,9,1,5,45.0,,,,,,30.0,20.0,10.0,20.0,,,,,COMPLETE
61,61,0.8284907798945028,2025-01-08 07:21:35.382299,2025-01-08 07:21:40.084033,0 days 00:00:04.701734,3,7,1,45,30.0,,,,,,45.0,,,,,,,,COMPLETE
62,62,0.7769575111563032,2025-01-08 07:21:40.084586,2025-01-08 07:21:44.711606,0 days 00:00:04.627020,4,7,1,15,25.0,,,,,,45.0,5.0,,,,,,,COMPLETE
63,63,0.8245940258190156,2025-01-08 07:21:44.712199,2025-01-08 07:21:49.455421,0 days 00:00:04.743222,3,7,1,35,35.0,,,,,,45.0,,,,,,,,COMPLETE
64,64,0.0,2025-01-08 07:21:49.456238,2025-01-08 07:21:58.291825,0 days 00:00:08.835587,11,5,1,40,10.0,40.0,,,,,35.0,15.0,45.0,45.0,30.0,10.0,40.0,30.0,COMPLETE
65,65,0.3269341077430814,2025-01-08 07:21:58.292780,2025-01-08 07:22:03.377319,0 days 00:00:05.084539,3,7,2,50,20.0,,,,,,40.0,,,,,,,,COMPLETE
66,66,0.8096692111959287,2025-01-08 07:22:03.378028,2025-01-08 07:22:06.626164,0 days 00:00:03.248136,2,3,1,45,10.0,,,,,,,,,,,,,,COMPLETE
67,67,0.7480983589856782,2025-01-08 07:22:06.626697,2025-01-08 07:22:11.671874,0 days 00:00:05.045177,3,1,1,50,30.0,,,,,,45.0,,,,,,,,COMPLETE
68,68,0.8303617975185069,2025-01-08 07:22:11.672708,2025-01-08 07:22:14.004247,0 days 00:00:02.331539,1,9,2,20,,,,,,,,,,,,,,,COMPLETE
69,69,0.8303617975185069,2025-01-08 07:22:14.004761,2025-01-08 07:22:16.326966,0 days 00:00:02.322205,1,9,2,20,,,,,,,,,,,,,,,COMPLETE
70,70,0.8303617975185069,2025-01-08 07:22:16.327463,2025-01-08 07:22:18.648305,0 days 00:00:02.320842,1,9,2,20,,,,,,,,,,,,,,,COMPLETE
71,71,0.8303617975185069,2025-01-08 07:22:18.650658,2025-01-08 07:22:20.975716,0 days 00:00:02.325058,1,9,2,20,,,,,,,,,,,,,,,COMPLETE
72,72,0.8303617975185069,2025-01-08 07:22:20.976179,2025-01-08 07:22:23.298946,0 days 00:00:02.322767,1,9,2,20,,,,,,,,,,,,,,,COMPLETE
73,73,0.8303617975185069,2025-01-08 07:22:23.299414,2025-01-08 07:22:25.625135,0 days 00:00:02.325721,1,9,2,20,,,,,,,,,,,,,,,COMPLETE
74,74,0.8303617975185069,2025-01-08 07:22:25.625621,2025-01-08 07:22:27.949358,0 days 00:00:02.323737,1,9,2,20,,,,,,,,,,,,,,,COMPLETE
75,75,0.8285948527839168,2025-01-08 07:22:27.949821,2025-01-08 07:22:30.171852,0 days 00:00:02.222031,1,9,2,15,,,,,,,,,,,,,,,COMPLETE
76,76,0.575563909774436,2025-01-08 07:22:30.173687,2025-01-08 07:22:32.768408,0 days 00:00:02.594721,1,9,3,25,,,,,,,,,,,,,,,COMPLETE
77,77,0.8303617975185069,2025-01-08 07:22:32.768877,2025-01-08 07:22:35.096044,0 days 00:00:02.327167,1,9,2,20,,,,,,,,,,,,,,,COMPLETE
78,78,0.8285948527839168,2025-01-08 07:22:35.096506,2025-01-08 07:22:37.317033,0 days 00:00:02.220527,1,9,2,15,,,,,,,,,,,,,,,COMPLETE
79,79,0.8303617975185069,2025-01-08 07:22:37.318875,2025-01-08 07:22:39.642286,0 days 00:00:02.323411,1,9,2,20,,,,,,,,,,,,,,,COMPLETE
80,80,0.7310743474711086,2025-01-08 07:22:39.644650,2025-01-08 07:22:43.349952,0 days 00:00:03.705302,2,9,3,25,5.0,,,,,,,,,,,,,,COMPLETE
81,81,0.8303617975185069,2025-01-08 07:22:43.350473,2025-01-08 07:22:45.675054,0 days 00:00:02.324581,1,9,2,20,,,,,,,,,,,,,,,COMPLETE
82,82,0.8303617975185069,2025-01-08 07:22:45.675543,2025-01-08 07:22:48.001343,0 days 00:00:02.325800,1,9,2,20,,,,,,,,,,,,,,,COMPLETE
83,83,0.8303617975185069,2025-01-08 07:22:48.001847,2025-01-08 07:22:50.325957,0 days 00:00:02.324110,1,9,2,20,,,,,,,,,,,,,,,COMPLETE
84,84,0.8108443251184773,2025-01-08 07:22:50.328029,2025-01-08 07:22:53.697892,0 days 00:00:03.369863,2,9,2,25,20.0,,,,,,,,,,,,,,COMPLETE
85,85,0.8285948527839168,2025-01-08 07:22:53.698410,2025-01-08 07:22:55.922012,0 days 00:00:02.223602,1,9,2,15,,,,,,,,,,,,,,,COMPLETE
86,86,0.8118200924758302,2025-01-08 07:22:55.922489,2025-01-08 07:22:59.108459,0 days 00:00:03.185970,2,9,2,20,15.0,,,,,,,,,,,,,,COMPLETE
87,87,0.575563909774436,2025-01-08 07:22:59.109105,2025-01-08 07:23:01.705374,0 days 00:00:02.596269,1,9,3,25,,,,,,,,,,,,,,,COMPLETE
88,88,0.7918945668594051,2025-01-08 07:23:01.705875,2025-01-08 07:23:04.742816,0 days 00:00:03.036941,2,9,2,15,5.0,,,,,,,,,,,,,,COMPLETE
89,89,0.8303617975185069,2025-01-08 07:23:04.743323,2025-01-08 07:23:07.197413,0 days 00:00:02.454090,1,9,2,20,,,,,,,,,,,,,,,COMPLETE
90,90,0.8145311289072591,2025-01-08 07:23:07.200359,2025-01-08 07:23:10.482695,0 days 00:00:03.282336,2,9,2,25,15.0,,,,,,,,,,,,,,COMPLETE
91,91,0.8303617975185069,2025-01-08 07:23:10.483217,2025-01-08 07:23:12.808960,0 days 00:00:02.325743,1,9,2,20,,,,,,,,,,,,,,,COMPLETE
92,92,0.8303617975185069,2025-01-08 07:23:12.809466,2025-01-08 07:23:15.134275,0 days 00:00:02.324809,1,9,2,20,,,,,,,,,,,,,,,COMPLETE
93,93,0.8003837511938254,2025-01-08 07:23:15.134774,2025-01-08 07:23:18.662978,0 days 00:00:03.528204,2,9,2,20,45.0,,,,,,,,,,,,,,COMPLETE
94,94,0.8285948527839168,2025-01-08 07:23:18.663505,2025-01-08 07:23:20.887706,0 days 00:00:02.224201,1,9,2,15,,,,,,,,,,,,,,,COMPLETE
95,95,0.8108443251184773,2025-01-08 07:23:20.888170,2025-01-08 07:23:24.256752,0 days 00:00:03.368582,2,9,2,25,20.0,,,,,,,,,,,,,,COMPLETE
96,96,0.8077788058564197,2025-01-08 07:23:24.257270,2025-01-08 07:23:26.877683,0 days 00:00:02.620413,1,9,3,20,,,,,,,,,,,,,,,COMPLETE
97,97,0.7960215395017352,2025-01-08 07:23:26.878169,2025-01-08 07:23:29.856921,0 days 00:00:02.978752,2,9,2,15,10.0,,,,,,,,,,,,,,COMPLETE
98,98,0.8303617975185069,2025-01-08 07:23:29.857419,2025-01-08 07:23:32.182043,0 days 00:00:02.324624,1,9,2,20,,,,,,,,,,,,,,,COMPLETE
99,99,0.8303617975185069,2025-01-08 07:23:32.182542,2025-01-08 07:23:34.508648,0 days 00:00:02.326106,1,9,2,20,,,,,,,,,,,,,,,COMPLETE
100,100,0.0024096385542168677,2025-01-08 07:23:34.509129,2025-01-08 07:23:43.906887,0 days 00:00:09.397758,7,9,3,15,15.0,,,,,,25.0,45.0,40.0,10.0,20.0,,,,COMPLETE
101,101,0.8303617975185069,2025-01-08 07:23:43.907806,2025-01-08 07:23:46.241687,0 days 00:00:02.333881,1,9,2,20,,,,,,,,,,,,,,,COMPLETE
102,102,0.8303617975185069,2025-01-08 07:23:46.242187,2025-01-08 07:23:48.565117,0 days 00:00:02.322930,1,9,2,20,,,,,,,,,,,,,,,COMPLETE
103,103,0.8206914046444719,2025-01-08 07:23:48.565610,2025-01-08 07:23:51.774318,0 days 00:00:03.208708,2,9,2,25,5.0,,,,,,,,,,,,,,COMPLETE
104,104,0.4969345939882329,2025-01-08 07:23:51.774823,2025-01-08 07:23:54.681625,0 days 00:00:02.906802,1,1,5,20,,,,,,,,,,,,,,,COMPLETE
105,105,0.8041155637174526,2025-01-08 07:23:54.682271,2025-01-08 07:23:58.158148,0 days 00:00:03.475877,2,9,2,30,20.0,,,,,,,,,,,,,,COMPLETE
106,106,0.8303617975185069,2025-01-08 07:23:58.158637,2025-01-08 07:24:00.487870,0 days 00:00:02.329233,1,9,2,20,,,,,,,,,,,,,,,COMPLETE
107,107,0.8145311289072591,2025-01-08 07:24:00.488346,2025-01-08 07:24:03.773745,0 days 00:00:03.285399,2,9,2,25,15.0,,,,,,,,,,,,,,COMPLETE
108,108,0.7326788206783754,2025-01-08 07:24:03.774265,2025-01-08 07:24:07.973861,0 days 00:00:04.199596,3,1,2,15,10.0,,,,,,50.0,,,,,,,,COMPLETE
109,109,0.8303617975185069,2025-01-08 07:24:07.974405,2025-01-08 07:24:10.301281,0 days 00:00:02.326876,1,9,2,20,,,,,,,,,,,,,,,COMPLETE
110,110,0.8303617975185069,2025-01-08 07:24:10.301774,2025-01-08 07:24:12.626881,0 days 00:00:02.325107,1,9,2,20,,,,,,,,,,,,,,,COMPLETE
111,111,0.8303617975185069,2025-01-08 07:24:12.627371,2025-01-08 07:24:14.953566,0 days 00:00:02.326195,1,9,2,20,,,,,,,,,,,,,,,COMPLETE
112,112,0.8046398046398047,2025-01-08 07:24:14.954065,2025-01-08 07:24:18.013906,0 days 00:00:03.059841,2,9,2,20,5.0,,,,,,,,,,,,,,COMPLETE
113,113,0.8176883043634313,2025-01-08 07:24:18.014399,2025-01-08 07:24:20.424282,0 days 00:00:02.409883,1,9,2,25,,,,,,,,,,,,,,,COMPLETE
114,114,0.8303617975185069,2025-01-08 07:24:20.424787,2025-01-08 07:24:22.749857,0 days 00:00:02.325070,1,9,2,20,,,,,,,,,,,,,,,COMPLETE
115,115,0.8264452938365981,2025-01-08 07:24:22.750339,2025-01-08 07:24:26.375234,0 days 00:00:03.624895,2,9,2,20,50.0,,,,,,,,,,,,,,COMPLETE
116,116,0.8285948527839168,2025-01-08 07:24:26.375761,2025-01-08 07:24:28.600954,0 days 00:00:02.225193,1,9,2,15,,,,,,,,,,,,,,,COMPLETE
117,117,0.7310170947901592,2025-01-08 07:24:28.601431,2025-01-08 07:24:32.999409,0 days 00:00:04.397978,2,9,3,25,40.0,,,,,,,,,,,,,,COMPLETE
118,118,0.8303617975185069,2025-01-08 07:24:33.000038,2025-01-08 07:24:35.329914,0 days 00:00:02.329876,1,9,2,20,,,,,,,,,,,,,,,COMPLETE
119,119,0.49737766688731605,2025-01-08 07:24:35.330409,2025-01-08 07:24:38.540936,0 days 00:00:03.210527,2,1,2,15,20.0,,,,,,,,,,,,,,COMPLETE
120,120,0.8303617975185069,2025-01-08 07:24:38.541449,2025-01-08 07:24:40.869942,0 days 00:00:02.328493,1,9,2,20,,,,,,,,,,,,,,,COMPLETE
121,121,0.8303617975185069,2025-01-08 07:24:40.870488,2025-01-08 07:24:43.195907,0 days 00:00:02.325419,1,9,2,20,,,,,,,,,,,,,,,COMPLETE
122,122,0.8303617975185069,2025-01-08 07:24:43.197006,2025-01-08 07:24:45.523410,0 days 00:00:02.326404,1,9,2,20,,,,,,,,,,,,,,,COMPLETE
123,123,0.4788816625551319,2025-01-08 07:24:45.523905,2025-01-08 07:25:01.318362,0 days 00:00:15.794457,14,9,2,20,10.0,35.0,30.0,30.0,50.0,,10.0,15.0,15.0,35.0,10.0,50.0,15.0,20.0,COMPLETE
124,124,0.7298599985828766,2025-01-08 07:25:01.319379,2025-01-08 07:25:11.770061,0 days 00:00:10.450682,9,9,2,25,15.0,,,,,,5.0,35.0,25.0,20.0,35.0,25.0,20.0,,COMPLETE
125,125,0.8046398046398047,2025-01-08 07:25:11.770959,2025-01-08 07:25:14.839835,0 days 00:00:03.068876,2,9,2,20,5.0,,,,,,,,,,,,,,COMPLETE
126,126,0.8285948527839168,2025-01-08 07:25:14.840365,2025-01-08 07:25:17.062053,0 days 00:00:02.221688,1,9,2,15,,,,,,,,,,,,,,,COMPLETE
127,127,0.8303617975185069,2025-01-08 07:25:17.062844,2025-01-08 07:25:19.387609,0 days 00:00:02.324765,1,9,2,20,,,,,,,,,,,,,,,COMPLETE
128,128,0.8222189906040702,2025-01-08 07:25:19.389922,2025-01-08 07:25:22.810281,0 days 00:00:03.420359,2,9,2,25,25.0,,,,,,,,,,,,,,COMPLETE
129,129,0.7346384267186314,2025-01-08 07:25:22.810765,2025-01-08 07:25:25.515468,0 days 00:00:02.704703,1,9,4,20,,,,,,,,,,,,,,,COMPLETE
130,130,0.33009708737864074,2025-01-08 07:25:25.515963,2025-01-08 07:25:29.619286,0 days 00:00:04.103323,3,7,2,15,15.0,,,,,,30.0,,,,,,,,COMPLETE
131,131,0.8303617975185069,2025-01-08 07:25:29.619867,2025-01-08 07:25:31.942816,0 days 00:00:02.322949,1,9,2,20,,,,,,,,,,,,,,,COMPLETE
132,132,0.8303617975185069,2025-01-08 07:25:31.945198,2025-01-08 07:25:34.271215,0 days 00:00:02.326017,1,9,2,20,,,,,,,,,,,,,,,COMPLETE
133,133,0.8303617975185069,2025-01-08 07:25:34.271716,2025-01-08 07:25:36.693856,0 days 00:00:02.422140,1,9,2,20,,,,,,,,,,,,,,,COMPLETE
134,134,0.8046398046398047,2025-01-08 07:25:36.696285,2025-01-08 07:25:39.757150,0 days 00:00:03.060865,2,9,2,20,5.0,,,,,,,,,,,,,,COMPLETE
135,135,0.8303617975185069,2025-01-08 07:25:39.757694,2025-01-08 07:25:42.083024,0 days 00:00:02.325330,1,9,2,20,,,,,,,,,,,,,,,COMPLETE
136,136,0.8160966486115029,2025-01-08 07:25:42.083518,2025-01-08 07:25:45.780397,0 days 00:00:03.696879,2,9,2,25,45.0,,,,,,,,,,,,,,COMPLETE
137,137,0.7090818363273452,2025-01-08 07:25:45.781037,2025-01-08 07:25:48.124498,0 days 00:00:02.343461,1,1,2,20,,,,,,,,,,,,,,,COMPLETE
138,138,0.8285948527839168,2025-01-08 07:25:48.127024,2025-01-08 07:25:50.351359,0 days 00:00:02.224335,1,9,2,15,,,,,,,,,,,,,,,COMPLETE
139,139,0.00480772008898905,2025-01-08 07:25:50.351968,2025-01-08 07:25:57.737416,0 days 00:00:07.385448,6,9,3,25,10.0,,,,,,35.0,50.0,30.0,10.0,,,,,COMPLETE
140,140,0.6328671196392361,2025-01-08 07:25:57.738269,2025-01-08 07:26:04.383596,0 days 00:00:06.645327,5,9,2,20,25.0,,,,,,30.0,45.0,5.0,,,,,,COMPLETE
141,141,0.8303617975185069,2025-01-08 07:26:04.384215,2025-01-08 07:26:06.717966,0 days 00:00:02.333751,1,9,2,20,,,,,,,,,,,,,,,COMPLETE
142,142,0.8303617975185069,2025-01-08 07:26:06.718478,2025-01-08 07:26:09.043669,0 days 00:00:02.325191,1,9,2,20,,,,,,,,,,,,,,,COMPLETE
143,143,0.8254668512847465,2025-01-08 07:26:09.044163,2025-01-08 07:26:12.509689,0 days 00:00:03.465526,2,9,2,20,40.0,,,,,,,,,,,,,,COMPLETE
144,144,0.8303617975185069,2025-01-08 07:26:12.510246,2025-01-08 07:26:14.836486,0 days 00:00:02.326240,1,9,2,20,,,,,,,,,,,,,,,COMPLETE
145,145,0.8303617975185069,2025-01-08 07:26:14.838890,2025-01-08 07:26:17.165509,0 days 00:00:02.326619,1,9,2,20,,,,,,,,,,,,,,,COMPLETE
146,146,0.8131216402984214,2025-01-08 07:26:17.166003,2025-01-08 07:26:20.331189,0 days 00:00:03.165186,2,9,2,15,20.0,,,,,,,,,,,,,,COMPLETE
147,147,0.8303617975185069,2025-01-08 07:26:20.331707,2025-01-08 07:26:22.654908,0 days 00:00:02.323201,1,9,2,20,,,,,,,,,,,,,,,COMPLETE
