,number,value,datetime_start,datetime_complete,duration,params_depth,params_neurons_layer_0,params_neurons_layer_1,params_neurons_layer_10,params_neurons_layer_11,params_neurons_layer_12,params_neurons_layer_13,params_neurons_layer_14,params_neurons_layer_15,params_neurons_layer_16,params_neurons_layer_17,params_neurons_layer_18,params_neurons_layer_19,params_neurons_layer_2,params_neurons_layer_3,params_neurons_layer_4,params_neurons_layer_5,params_neurons_layer_6,params_neurons_layer_7,params_neurons_layer_8,params_neurons_layer_9,params_orders_layer_0,params_orders_layer_1,params_orders_layer_10,params_orders_layer_11,params_orders_layer_12,params_orders_layer_13,params_orders_layer_14,params_orders_layer_15,params_orders_layer_16,params_orders_layer_17,params_orders_layer_18,params_orders_layer_19,params_orders_layer_2,params_orders_layer_3,params_orders_layer_4,params_orders_layer_5,params_orders_layer_6,params_orders_layer_7,params_orders_layer_8,params_orders_layer_9,state
495,495,0.8770871185359137,2024-12-31 23:52:48.679466,2024-12-31 23:53:47.309014,0 days 00:00:58.629548,2,50,95.0,,,,,,,,,,,,,,,,,,,6,5.0,,,,,,,,,,,,,,,,,,,COMPLETE
496,496,0.9080943808666582,2024-12-31 23:53:47.309849,2024-12-31 23:54:12.110654,0 days 00:00:24.800805,1,40,,,,,,,,,,,,,,,,,,,,6,,,,,,,,,,,,,,,,,,,,COMPLETE
497,497,0.8083939017869494,2024-12-31 23:54:12.111520,2024-12-31 23:54:37.067675,0 days 00:00:24.956155,1,35,,,,,,,,,,,,,,,,,,,,6,,,,,,,,,,,,,,,,,,,,COMPLETE
498,498,0.8755910065400344,2024-12-31 23:54:37.068221,2024-12-31 23:55:13.508747,0 days 00:00:36.440526,2,40,150.0,,,,,,,,,,,,,,,,,,,6,3.0,,,,,,,,,,,,,,,,,,,COMPLETE
499,499,0.0,2024-12-31 23:55:13.509592,2024-12-31 23:56:03.872801,0 days 00:00:50.363209,11,35,165.0,175.0,,,,,,,,,,110.0,15.0,70.0,130.0,10.0,100.0,75.0,55.0,6,2.0,2.0,,,,,,,,,,5.0,3.0,6.0,2.0,3.0,2.0,4.0,6.0,COMPLETE
500,500,0.9069789798445171,2024-12-31 23:56:03.873855,2024-12-31 23:56:25.773419,0 days 00:00:21.899564,1,20,,,,,,,,,,,,,,,,,,,,6,,,,,,,,,,,,,,,,,,,,COMPLETE
501,501,0.8968369905014955,2024-12-31 23:56:25.774003,2024-12-31 23:56:47.759678,0 days 00:00:21.985675,1,15,,,,,,,,,,,,,,,,,,,,6,,,,,,,,,,,,,,,,,,,,COMPLETE
502,502,0.784723509943078,2024-12-31 23:56:47.760529,2024-12-31 23:57:09.473396,0 days 00:00:21.712867,1,20,,,,,,,,,,,,,,,,,,,,6,,,,,,,,,,,,,,,,,,,,COMPLETE
503,503,0.8746773852057694,2024-12-31 23:57:09.473968,2024-12-31 23:57:54.380571,0 days 00:00:44.906603,2,20,175.0,,,,,,,,,,,,,,,,,,,6,6.0,,,,,,,,,,,,,,,,,,,COMPLETE
504,504,0.6066502305327869,2024-12-31 23:57:54.381455,2024-12-31 23:58:17.931227,0 days 00:00:23.549772,1,15,,,,,,,,,,,,,,,,,,,,6,,,,,,,,,,,,,,,,,,,,COMPLETE
505,505,0.8742263391728072,2024-12-31 23:58:17.931948,2024-12-31 23:59:24.044733,0 days 00:01:06.112785,2,85,200.0,,,,,,,,,,,,,,,,,,,6,4.0,,,,,,,,,,,,,,,,,,,COMPLETE
506,506,0.8849096960545497,2024-12-31 23:59:24.045591,2024-12-31 23:59:42.638299,0 days 00:00:18.592708,1,25,,,,,,,,,,,,,,,,,,,,5,,,,,,,,,,,,,,,,,,,,COMPLETE
507,507,0.8850574717878272,2024-12-31 23:59:42.638870,2025-01-01 00:00:05.709837,0 days 00:00:23.070967,1,20,,,,,,,,,,,,,,,,,,,,6,,,,,,,,,,,,,,,,,,,,COMPLETE
508,508,0.8786042905920458,2025-01-01 00:00:05.710644,2025-01-01 00:00:28.166421,0 days 00:00:22.455777,1,25,,,,,,,,,,,,,,,,,,,,6,,,,,,,,,,,,,,,,,,,,COMPLETE
509,509,0.6507463905180508,2025-01-01 00:00:28.166998,2025-01-01 00:00:51.578695,0 days 00:00:23.411697,1,15,,,,,,,,,,,,,,,,,,,,6,,,,,,,,,,,,,,,,,,,,COMPLETE
510,510,0.8785170213536679,2025-01-01 00:00:51.579385,2025-01-01 00:01:33.566460,0 days 00:00:41.987075,2,25,110.0,,,,,,,,,,,,,,,,,,,6,5.0,,,,,,,,,,,,,,,,,,,COMPLETE
511,511,0.0,2025-01-01 00:01:33.567169,2025-01-01 00:02:50.665007,0 days 00:01:17.097838,13,10,145.0,105.0,95.0,20.0,,,,,,,,65.0,95.0,180.0,40.0,200.0,140.0,115.0,155.0,6,3.0,3.0,2.0,3.0,,,,,,,,3.0,2.0,5.0,6.0,4.0,3.0,2.0,5.0,COMPLETE
512,512,0.8025642726257041,2025-01-01 00:02:50.666132,2025-01-01 00:03:13.105899,0 days 00:00:22.439767,1,30,,,,,,,,,,,,,,,,,,,,6,,,,,,,,,,,,,,,,,,,,COMPLETE
513,513,0.9030471912046582,2025-01-01 00:03:13.106528,2025-01-01 00:03:37.163013,0 days 00:00:24.056485,1,45,,,,,,,,,,,,,,,,,,,,6,,,,,,,,,,,,,,,,,,,,COMPLETE
514,514,0.8795929442499121,2025-01-01 00:03:37.163880,2025-01-01 00:04:11.110111,0 days 00:00:33.946231,2,20,120.0,,,,,,,,,,,,,,,,,,,6,4.0,,,,,,,,,,,,,,,,,,,COMPLETE
515,515,0.8841399081330815,2025-01-01 00:04:11.110882,2025-01-01 00:04:35.037680,0 days 00:00:23.926798,1,55,,,,,,,,,,,,,,,,,,,,6,,,,,,,,,,,,,,,,,,,,COMPLETE
516,516,0.8744968924577778,2025-01-01 00:04:35.038402,2025-01-01 00:04:59.332902,0 days 00:00:24.294500,1,30,,,,,,,,,,,,,,,,,,,,6,,,,,,,,,,,,,,,,,,,,COMPLETE
517,517,0.8888203691002501,2025-01-01 00:04:59.333471,2025-01-01 00:05:22.683860,0 days 00:00:23.350389,2,25,15.0,,,,,,,,,,,,,,,,,,,5,2.0,,,,,,,,,,,,,,,,,,,COMPLETE
518,518,0.0,2025-01-01 00:05:22.684706,2025-01-01 00:06:21.759985,0 days 00:00:59.075279,8,45,30.0,,,,,,,,,,,170.0,190.0,45.0,175.0,130.0,5.0,,,6,6.0,,,,,,,,,,,6.0,4.0,3.0,3.0,5.0,6.0,,,COMPLETE
519,519,0.8462993910931667,2025-01-01 00:06:21.761085,2025-01-01 00:06:46.095916,0 days 00:00:24.334831,1,40,,,,,,,,,,,,,,,,,,,,6,,,,,,,,,,,,,,,,,,,,COMPLETE
520,520,0.8726286805210429,2025-01-01 00:06:46.096634,2025-01-01 00:07:34.965877,0 days 00:00:48.869243,3,20,75.0,,,,,,,,,,,125.0,,,,,,,,6,5.0,,,,,,,,,,,2.0,,,,,,,,COMPLETE
521,521,0.8943071763631959,2025-01-01 00:07:34.966656,2025-01-01 00:07:56.679853,0 days 00:00:21.713197,1,35,,,,,,,,,,,,,,,,,,,,6,,,,,,,,,,,,,,,,,,,,COMPLETE
522,522,0.8790218141659571,2025-01-01 00:07:56.680718,2025-01-01 00:08:34.557392,0 days 00:00:37.876674,2,30,40.0,,,,,,,,,,,,,,,,,,,6,4.0,,,,,,,,,,,,,,,,,,,COMPLETE
523,523,0.8302763166743657,2025-01-01 00:08:34.558162,2025-01-01 00:08:56.160598,0 days 00:00:21.602436,1,5,,,,,,,,,,,,,,,,,,,,6,,,,,,,,,,,,,,,,,,,,COMPLETE
524,524,0.8327512450246727,2025-01-01 00:08:56.161333,2025-01-01 00:09:18.684439,0 days 00:00:22.523106,1,15,,,,,,,,,,,,,,,,,,,,6,,,,,,,,,,,,,,,,,,,,COMPLETE
525,525,0.8705369422432312,2025-01-01 00:09:18.685038,2025-01-01 00:09:46.304545,0 days 00:00:27.619507,2,25,10.0,,,,,,,,,,,,,,,,,,,6,2.0,,,,,,,,,,,,,,,,,,,COMPLETE
526,526,0.8875299562881023,2025-01-01 00:09:46.305405,2025-01-01 00:10:10.426941,0 days 00:00:24.121536,1,30,,,,,,,,,,,,,,,,,,,,6,,,,,,,,,,,,,,,,,,,,COMPLETE
527,527,0.8714154609247393,2025-01-01 00:10:10.427560,2025-01-01 00:10:48.714535,0 days 00:00:38.286975,2,50,70.0,,,,,,,,,,,,,,,,,,,6,3.0,,,,,,,,,,,,,,,,,,,COMPLETE
528,528,0.0,2025-01-01 00:10:48.715416,2025-01-01 00:12:31.059785,0 days 00:01:42.344369,9,40,180.0,,,,,,,,,,,180.0,165.0,160.0,110.0,110.0,65.0,105.0,,6,6.0,,,,,,,,,,,5.0,6.0,4.0,5.0,2.0,5.0,4.0,,COMPLETE
529,529,0.6986430899784222,2025-01-01 00:12:31.060911,2025-01-01 00:12:54.469764,0 days 00:00:23.408853,1,35,,,,,,,,,,,,,,,,,,,,6,,,,,,,,,,,,,,,,,,,,COMPLETE
530,530,0.9084445904271897,2025-01-01 00:12:54.470511,2025-01-01 00:13:17.220474,0 days 00:00:22.749963,1,45,,,,,,,,,,,,,,,,,,,,6,,,,,,,,,,,,,,,,,,,,COMPLETE
531,531,0.8832036545342727,2025-01-01 00:13:17.221233,2025-01-01 00:13:34.516680,0 days 00:00:17.295447,1,45,,,,,,,,,,,,,,,,,,,,5,,,,,,,,,,,,,,,,,,,,COMPLETE
532,532,0.830027100699654,2025-01-01 00:13:34.517432,2025-01-01 00:13:57.903104,0 days 00:00:23.385672,1,50,,,,,,,,,,,,,,,,,,,,6,,,,,,,,,,,,,,,,,,,,COMPLETE
533,533,0.881463020288805,2025-01-01 00:13:57.903835,2025-01-01 00:14:52.720094,0 days 00:00:54.816259,2,45,50.0,,,,,,,,,,,,,,,,,,,6,5.0,,,,,,,,,,,,,,,,,,,COMPLETE
534,534,0.0,2025-01-01 00:14:52.721010,2025-01-01 00:15:11.662076,0 days 00:00:18.941066,5,60,130.0,,,,,,,,,,,135.0,30.0,110.0,,,,,,6,2.0,,,,,,,,,,,4.0,2.0,2.0,,,,,,COMPLETE
535,535,0.9063192389549422,2025-01-01 00:15:11.662744,2025-01-01 00:15:36.684072,0 days 00:00:25.021328,1,55,,,,,,,,,,,,,,,,,,,,6,,,,,,,,,,,,,,,,,,,,COMPLETE
536,536,0.882452002020623,2025-01-01 00:15:36.684947,2025-01-01 00:16:21.054779,0 days 00:00:44.369832,2,40,145.0,,,,,,,,,,,,,,,,,,,6,4.0,,,,,,,,,,,,,,,,,,,COMPLETE
537,537,0.9095521311016538,2025-01-01 00:16:21.055536,2025-01-01 00:16:40.599546,0 days 00:00:19.544010,1,45,,,,,,,,,,,,,,,,,,,,6,,,,,,,,,,,,,,,,,,,,COMPLETE
538,538,0.909819870095671,2025-01-01 00:16:40.600281,2025-01-01 00:17:04.122314,0 days 00:00:23.522033,1,45,,,,,,,,,,,,,,,,,,,,6,,,,,,,,,,,,,,,,,,,,COMPLETE
539,539,0.8750592187432706,2025-01-01 00:17:04.123043,2025-01-01 00:17:27.078502,0 days 00:00:22.955459,1,50,,,,,,,,,,,,,,,,,,,,6,,,,,,,,,,,,,,,,,,,,COMPLETE
540,540,0.8763223860676985,2025-01-01 00:17:27.079206,2025-01-01 00:19:55.049521,0 days 00:02:27.970315,3,50,85.0,,,,,,,,,,,45.0,,,,,,,,6,6.0,,,,,,,,,,,6.0,,,,,,,,COMPLETE
541,541,0.909813681834791,2025-01-01 00:19:55.050412,2025-01-01 00:20:19.215148,0 days 00:00:24.164736,1,55,,,,,,,,,,,,,,,,,,,,6,,,,,,,,,,,,,,,,,,,,COMPLETE
542,542,0.8790352011648155,2025-01-01 00:20:19.215731,2025-01-01 00:21:21.995231,0 days 00:01:02.779500,2,55,135.0,,,,,,,,,,,,,,,,,,,6,5.0,,,,,,,,,,,,,,,,,,,COMPLETE
543,543,0.8961543335787103,2025-01-01 00:21:21.996119,2025-01-01 00:21:46.117548,0 days 00:00:24.121429,1,55,,,,,,,,,,,,,,,,,,,,6,,,,,,,,,,,,,,,,,,,,COMPLETE
544,544,0.8264746034398011,2025-01-01 00:21:46.118230,2025-01-01 00:22:10.558900,0 days 00:00:24.440670,1,60,,,,,,,,,,,,,,,,,,,,6,,,,,,,,,,,,,,,,,,,,COMPLETE
545,545,0.8767908309455588,2025-01-01 00:22:10.559611,2025-01-01 00:22:49.717862,0 days 00:00:39.158251,2,50,160.0,,,,,,,,,,,,,,,,,,,6,3.0,,,,,,,,,,,,,,,,,,,COMPLETE
546,546,0.9044672206235788,2025-01-01 00:22:49.718587,2025-01-01 00:23:12.898034,0 days 00:00:23.179447,1,50,,,,,,,,,,,,,,,,,,,,6,,,,,,,,,,,,,,,,,,,,COMPLETE
547,547,0.8749488225522934,2025-01-01 00:23:12.898884,2025-01-01 00:23:36.663866,0 days 00:00:23.764982,1,50,,,,,,,,,,,,,,,,,,,,6,,,,,,,,,,,,,,,,,,,,COMPLETE
548,548,0.8800107915894675,2025-01-01 00:23:36.664450,2025-01-01 00:24:08.890291,0 days 00:00:32.225841,2,55,100.0,,,,,,,,,,,,,,,,,,,6,2.0,,,,,,,,,,,,,,,,,,,COMPLETE
549,549,0.8920118094560451,2025-01-01 00:24:08.891149,2025-01-01 00:24:33.779102,0 days 00:00:24.887953,1,60,,,,,,,,,,,,,,,,,,,,6,,,,,,,,,,,,,,,,,,,,COMPLETE
550,550,0.4583936101968299,2025-01-01 00:24:33.779664,2025-01-01 00:24:52.410793,0 days 00:00:18.631129,1,45,,,,,,,,,,,,,,,,,,,,6,,,,,,,,,,,,,,,,,,,,COMPLETE
551,551,0.8415322176306359,2025-01-01 00:24:52.411488,2025-01-01 00:25:15.827274,0 days 00:00:23.415786,1,50,,,,,,,,,,,,,,,,,,,,6,,,,,,,,,,,,,,,,,,,,COMPLETE
552,552,0.871690492204114,2025-01-01 00:25:15.827965,2025-01-01 00:26:01.021090,0 days 00:00:45.193125,2,45,80.0,,,,,,,,,,,,,,,,,,,6,4.0,,,,,,,,,,,,,,,,,,,COMPLETE
553,553,0.880404446157126,2025-01-01 00:26:01.021964,2025-01-01 00:26:26.760569,0 days 00:00:25.738605,1,65,,,,,,,,,,,,,,,,,,,,6,,,,,,,,,,,,,,,,,,,,COMPLETE
554,554,0.8395700133220009,2025-01-01 00:26:26.761267,2025-01-01 00:26:50.765151,0 days 00:00:24.003884,1,55,,,,,,,,,,,,,,,,,,,,6,,,,,,,,,,,,,,,,,,,,COMPLETE
555,555,0.8793608883139148,2025-01-01 00:26:50.765854,2025-01-01 00:27:45.164302,0 days 00:00:54.398448,2,45,20.0,,,,,,,,,,,,,,,,,,,6,5.0,,,,,,,,,,,,,,,,,,,COMPLETE
556,556,0.8456471185032337,2025-01-01 00:27:45.165193,2025-01-01 00:28:09.731117,0 days 00:00:24.565924,1,45,,,,,,,,,,,,,,,,,,,,6,,,,,,,,,,,,,,,,,,,,COMPLETE
557,557,0.8855929067830951,2025-01-01 00:28:09.731832,2025-01-01 00:28:33.581618,0 days 00:00:23.849786,1,45,,,,,,,,,,,,,,,,,,,,6,,,,,,,,,,,,,,,,,,,,COMPLETE
558,558,0.8774269687931913,2025-01-01 00:28:33.582321,2025-01-01 00:29:43.922743,0 days 00:01:10.340422,2,50,60.0,,,,,,,,,,,,,,,,,,,6,6.0,,,,,,,,,,,,,,,,,,,COMPLETE
559,559,0.0,2025-01-01 00:29:43.923619,2025-01-01 00:31:07.256920,0 days 00:01:23.333301,15,45,175.0,5.0,120.0,75.0,140.0,75.0,,,,,,60.0,105.0,170.0,160.0,95.0,155.0,165.0,5.0,6,3.0,4.0,3.0,2.0,2.0,3.0,,,,,,3.0,3.0,4.0,4.0,6.0,3.0,5.0,3.0,COMPLETE
560,560,0.9102869342726125,2025-01-01 00:31:07.258225,2025-01-01 00:31:30.953859,0 days 00:00:23.695634,1,55,,,,,,,,,,,,,,,,,,,,6,,,,,,,,,,,,,,,,,,,,COMPLETE
561,561,0.8368213104206579,2025-01-01 00:31:30.954615,2025-01-01 00:31:55.629524,0 days 00:00:24.674909,1,55,,,,,,,,,,,,,,,,,,,,6,,,,,,,,,,,,,,,,,,,,COMPLETE
562,562,0.8800222017608685,2025-01-01 00:31:55.630274,2025-01-01 00:32:28.458529,0 days 00:00:32.828255,2,60,125.0,,,,,,,,,,,,,,,,,,,6,2.0,,,,,,,,,,,,,,,,,,,COMPLETE
563,563,0.8773470500686285,2025-01-01 00:32:28.459288,2025-01-01 00:33:22.255215,0 days 00:00:53.795927,2,65,55.0,,,,,,,,,,,,,,,,,,,6,4.0,,,,,,,,,,,,,,,,,,,COMPLETE
564,564,0.8804450799736592,2025-01-01 00:33:22.256125,2025-01-01 00:33:46.453999,0 days 00:00:24.197874,1,55,,,,,,,,,,,,,,,,,,,,6,,,,,,,,,,,,,,,,,,,,COMPLETE
565,565,0.9033637562132901,2025-01-01 00:33:46.454728,2025-01-01 00:34:09.023506,0 days 00:00:22.568778,1,55,,,,,,,,,,,,,,,,,,,,6,,,,,,,,,,,,,,,,,,,,COMPLETE
566,566,0.47926509150532437,2025-01-01 00:34:09.024251,2025-01-01 00:34:24.130834,0 days 00:00:15.106583,1,50,,,,,,,,,,,,,,,,,,,,5,,,,,,,,,,,,,,,,,,,,COMPLETE
567,567,0.8732802902436629,2025-01-01 00:34:24.131567,2025-01-01 00:35:46.168142,0 days 00:01:22.036575,2,60,185.0,,,,,,,,,,,,,,,,,,,6,6.0,,,,,,,,,,,,,,,,,,,COMPLETE
568,568,0.6969831284971668,2025-01-01 00:35:46.169064,2025-01-01 00:36:09.891981,0 days 00:00:23.722917,1,50,,,,,,,,,,,,,,,,,,,,6,,,,,,,,,,,,,,,,,,,,COMPLETE
569,569,0.0,2025-01-01 00:36:09.892869,2025-01-01 00:37:19.170885,0 days 00:01:09.278016,19,50,5.0,40.0,45.0,135.0,25.0,35.0,115.0,70.0,125.0,25.0,,95.0,70.0,120.0,145.0,165.0,15.0,185.0,105.0,6,5.0,2.0,5.0,4.0,4.0,5.0,2.0,3.0,2.0,5.0,,5.0,4.0,5.0,5.0,3.0,2.0,6.0,2.0,COMPLETE
570,570,0.8579007294718193,2025-01-01 00:37:19.172337,2025-01-01 00:37:40.911853,0 days 00:00:21.739516,1,45,,,,,,,,,,,,,,,,,,,,6,,,,,,,,,,,,,,,,,,,,COMPLETE
571,571,0.8751338012234923,2025-01-01 00:37:40.912470,2025-01-01 00:37:59.603521,0 days 00:00:18.691051,1,65,,,,,,,,,,,,,,,,,,,,6,,,,,,,,,,,,,,,,,,,,COMPLETE
572,572,0.8781609958149582,2025-01-01 00:37:59.604426,2025-01-01 00:38:40.736763,0 days 00:00:41.132337,2,55,170.0,,,,,,,,,,,,,,,,,,,6,3.0,,,,,,,,,,,,,,,,,,,COMPLETE
573,573,0.8929520392682448,2025-01-01 00:38:40.737556,2025-01-01 00:39:04.953707,0 days 00:00:24.216151,1,40,,,,,,,,,,,,,,,,,,,,6,,,,,,,,,,,,,,,,,,,,COMPLETE
574,574,0.7044379058296285,2025-01-01 00:39:04.954448,2025-01-01 00:39:23.799369,0 days 00:00:18.844921,1,45,,,,,,,,,,,,,,,,,,,,6,,,,,,,,,,,,,,,,,,,,COMPLETE
575,575,0.846339439351808,2025-01-01 00:39:23.799978,2025-01-01 00:39:46.096928,0 days 00:00:22.296950,1,50,,,,,,,,,,,,,,,,,,,,6,,,,,,,,,,,,,,,,,,,,COMPLETE
576,576,0.881950904873541,2025-01-01 00:39:46.097812,2025-01-01 00:40:30.927537,0 days 00:00:44.829725,2,40,190.0,,,,,,,,,,,,,,,,,,,6,4.0,,,,,,,,,,,,,,,,,,,COMPLETE
577,577,0.8674977028737403,2025-01-01 00:40:30.928460,2025-01-01 00:40:55.528442,0 days 00:00:24.599982,1,55,,,,,,,,,,,,,,,,,,,,6,,,,,,,,,,,,,,,,,,,,COMPLETE
578,578,0.8770134652479602,2025-01-01 00:40:55.529072,2025-01-01 00:41:33.766518,0 days 00:00:38.237446,2,100,45.0,,,,,,,,,,,,,,,,,,,6,2.0,,,,,,,,,,,,,,,,,,,COMPLETE
579,579,0.8313058078565331,2025-01-01 00:41:33.767409,2025-01-01 00:41:57.575199,0 days 00:00:23.807790,1,40,,,,,,,,,,,,,,,,,,,,6,,,,,,,,,,,,,,,,,,,,COMPLETE
580,580,0.8833839924996566,2025-01-01 00:41:57.575824,2025-01-01 00:42:17.992889,0 days 00:00:20.417065,1,45,,,,,,,,,,,,,,,,,,,,5,,,,,,,,,,,,,,,,,,,,COMPLETE
581,581,0.9085874727966732,2025-01-01 00:42:17.993729,2025-01-01 00:42:41.768231,0 days 00:00:23.774502,1,50,,,,,,,,,,,,,,,,,,,,6,,,,,,,,,,,,,,,,,,,,COMPLETE
582,582,0.8743152087150367,2025-01-01 00:42:41.768833,2025-01-01 00:43:44.550884,0 days 00:01:02.782051,2,55,155.0,,,,,,,,,,,,,,,,,,,6,5.0,,,,,,,,,,,,,,,,,,,COMPLETE
583,583,0.8854719060053593,2025-01-01 00:43:44.551767,2025-01-01 00:44:06.905437,0 days 00:00:22.353670,1,50,,,,,,,,,,,,,,,,,,,,6,,,,,,,,,,,,,,,,,,,,COMPLETE
584,584,0.8806302358620968,2025-01-01 00:44:06.906121,2025-01-01 00:44:29.725741,0 days 00:00:22.819620,1,50,,,,,,,,,,,,,,,,,,,,6,,,,,,,,,,,,,,,,,,,,COMPLETE
585,585,0.8792347822058637,2025-01-01 00:44:29.726296,2025-01-01 00:45:36.164745,0 days 00:01:06.438449,2,45,105.0,,,,,,,,,,,,,,,,,,,6,6.0,,,,,,,,,,,,,,,,,,,COMPLETE
586,586,0.871680897279517,2025-01-01 00:45:36.165621,2025-01-01 00:46:00.808607,0 days 00:00:24.642986,1,60,,,,,,,,,,,,,,,,,,,,6,,,,,,,,,,,,,,,,,,,,COMPLETE
587,587,0.8910266339632122,2025-01-01 00:46:00.809301,2025-01-01 00:46:22.015126,0 days 00:00:21.205825,1,70,,,,,,,,,,,,,,,,,,,,6,,,,,,,,,,,,,,,,,,,,COMPLETE
588,588,0.5379714538335227,2025-01-01 00:46:22.015864,2025-01-01 00:46:44.929608,0 days 00:00:22.913744,1,50,,,,,,,,,,,,,,,,,,,,6,,,,,,,,,,,,,,,,,,,,COMPLETE
589,589,0.8800331025900927,2025-01-01 00:46:44.930309,2025-01-01 00:47:17.988318,0 days 00:00:33.058009,2,60,115.0,,,,,,,,,,,,,,,,,,,4,3.0,,,,,,,,,,,,,,,,,,,COMPLETE
590,590,0.8803436311283384,2025-01-01 00:47:17.989053,2025-01-01 00:48:21.350443,0 days 00:01:03.361390,3,45,160.0,,,,,,,,,,,10.0,,,,,,,,6,4.0,,,,,,,,,,,2.0,,,,,,,,COMPLETE
591,591,0.0,2025-01-01 00:48:21.351386,2025-01-01 00:48:40.692137,0 days 00:00:19.340751,4,55,65.0,,,,,,,,,,,20.0,155.0,,,,,,,6,2.0,,,,,,,,,,,4.0,5.0,,,,,,,COMPLETE
592,592,0.827875335031165,2025-01-01 00:48:40.692794,2025-01-01 00:49:00.304768,0 days 00:00:19.611974,1,45,,,,,,,,,,,,,,,,,,,,6,,,,,,,,,,,,,,,,,,,,COMPLETE
593,593,0.8660868317944225,2025-01-01 00:49:00.305506,2025-01-01 00:49:23.350119,0 days 00:00:23.044613,1,50,,,,,,,,,,,,,,,,,,,,6,,,,,,,,,,,,,,,,,,,,COMPLETE
594,594,0.8759794567710977,2025-01-01 00:49:23.350836,2025-01-01 00:50:14.117459,0 days 00:00:50.766623,2,40,15.0,,,,,,,,,,,,,,,,,,,6,5.0,,,,,,,,,,,,,,,,,,,COMPLETE
595,595,0.8598654269164694,2025-01-01 00:50:14.118353,2025-01-01 00:50:38.343917,0 days 00:00:24.225564,1,50,,,,,,,,,,,,,,,,,,,,6,,,,,,,,,,,,,,,,,,,,COMPLETE
596,596,0.8807784603731597,2025-01-01 00:50:38.344669,2025-01-01 00:51:02.622789,0 days 00:00:24.278120,1,40,,,,,,,,,,,,,,,,,,,,6,,,,,,,,,,,,,,,,,,,,COMPLETE
597,597,0.8761071547354462,2025-01-01 00:51:02.623559,2025-01-01 00:51:40.673434,0 days 00:00:38.049875,2,45,145.0,,,,,,,,,,,,,,,,,,,6,3.0,,,,,,,,,,,,,,,,,,,COMPLETE
598,598,0.8785554442563592,2025-01-01 00:51:40.674305,2025-01-01 00:52:05.415956,0 days 00:00:24.741651,1,40,,,,,,,,,,,,,,,,,,,,6,,,,,,,,,,,,,,,,,,,,COMPLETE
599,599,0.0,2025-01-01 00:52:05.416536,2025-01-01 00:52:57.465983,0 days 00:00:52.049447,10,55,30.0,,,,,,,,,,,75.0,120.0,95.0,180.0,15.0,200.0,15.0,200.0,6,6.0,,,,,,,,,,,6.0,5.0,6.0,2.0,6.0,4.0,3.0,6.0,COMPLETE
600,600,0.7377296563995188,2025-01-01 00:52:57.467113,2025-01-01 00:53:21.246775,0 days 00:00:23.779662,1,45,,,,,,,,,,,,,,,,,,,,6,,,,,,,,,,,,,,,,,,,,COMPLETE
601,601,0.9088199436402108,2025-01-01 00:53:21.247678,2025-01-01 00:53:46.301049,0 days 00:00:25.053371,1,60,,,,,,,,,,,,,,,,,,,,6,,,,,,,,,,,,,,,,,,,,COMPLETE
602,602,0.8796360527663918,2025-01-01 00:53:46.301679,2025-01-01 00:54:09.169741,0 days 00:00:22.868062,1,60,,,,,,,,,,,,,,,,,,,,6,,,,,,,,,,,,,,,,,,,,COMPLETE
603,603,0.8734646333163576,2025-01-01 00:54:09.170499,2025-01-01 00:55:05.894684,0 days 00:00:56.724185,2,70,95.0,,,,,,,,,,,,,,,,,,,6,4.0,,,,,,,,,,,,,,,,,,,COMPLETE
604,604,0.8897839332093356,2025-01-01 00:55:05.895617,2025-01-01 00:55:29.610990,0 days 00:00:23.715373,1,65,,,,,,,,,,,,,,,,,,,,6,,,,,,,,,,,,,,,,,,,,COMPLETE
605,605,0.8835428229773846,2025-01-01 00:55:29.611607,2025-01-01 00:55:55.023087,0 days 00:00:25.411480,1,65,,,,,,,,,,,,,,,,,,,,6,,,,,,,,,,,,,,,,,,,,COMPLETE
606,606,0.8904482824937483,2025-01-01 00:55:55.024009,2025-01-01 00:56:16.733177,0 days 00:00:21.709168,1,60,,,,,,,,,,,,,,,,,,,,6,,,,,,,,,,,,,,,,,,,,COMPLETE
607,607,0.8721674713523946,2025-01-01 00:56:16.733809,2025-01-01 00:57:02.071823,0 days 00:00:45.338014,2,65,200.0,,,,,,,,,,,,,,,,,,,6,3.0,,,,,,,,,,,,,,,,,,,COMPLETE
608,608,0.7767488761708723,2025-01-01 00:57:02.072768,2025-01-01 00:57:20.875828,0 days 00:00:18.803060,1,60,,,,,,,,,,,,,,,,,,,,6,,,,,,,,,,,,,,,,,,,,COMPLETE
609,609,0.879306234604985,2025-01-01 00:57:20.876426,2025-01-01 00:57:54.260810,0 days 00:00:33.384384,2,55,180.0,,,,,,,,,,,,,,,,,,,6,2.0,,,,,,,,,,,,,,,,,,,COMPLETE
610,610,0.8241709719032624,2025-01-01 00:57:54.261738,2025-01-01 00:58:19.485409,0 days 00:00:25.223671,1,80,,,,,,,,,,,,,,,,,,,,6,,,,,,,,,,,,,,,,,,,,COMPLETE
611,611,0.872674187005209,2025-01-01 00:58:19.486144,2025-01-01 00:59:35.889937,0 days 00:01:16.403793,2,55,120.0,,,,,,,,,,,,,,,,,,,6,6.0,,,,,,,,,,,,,,,,,,,COMPLETE
612,612,0.0,2025-01-01 00:59:35.890855,2025-01-01 01:00:42.244821,0 days 00:01:06.353966,12,60,60.0,185.0,150.0,,,,,,,,,30.0,45.0,80.0,195.0,35.0,100.0,55.0,90.0,5,5.0,4.0,6.0,,,,,,,,,3.0,2.0,2.0,4.0,2.0,3.0,2.0,4.0,COMPLETE
613,613,0.9093463314764544,2025-01-01 01:00:42.245974,2025-01-01 01:01:06.851939,0 days 00:00:24.605965,1,55,,,,,,,,,,,,,,,,,,,,6,,,,,,,,,,,,,,,,,,,,COMPLETE
614,614,0.9043683798463472,2025-01-01 01:01:06.852823,2025-01-01 01:01:21.378276,0 days 00:00:14.525453,1,55,,,,,,,,,,,,,,,,,,,,4,,,,,,,,,,,,,,,,,,,,COMPLETE
615,615,0.8780132414309931,2025-01-01 01:01:21.378885,2025-01-01 01:02:03.136297,0 days 00:00:41.757412,2,60,140.0,,,,,,,,,,,,,,,,,,,6,3.0,,,,,,,,,,,,,,,,,,,COMPLETE
616,616,0.8906679589845814,2025-01-01 01:02:03.137186,2025-01-01 01:02:27.674686,0 days 00:00:24.537500,1,55,,,,,,,,,,,,,,,,,,,,6,,,,,,,,,,,,,,,,,,,,COMPLETE
617,617,0.8942723973189182,2025-01-01 01:02:27.675273,2025-01-01 01:02:50.498999,0 days 00:00:22.823726,1,50,,,,,,,,,,,,,,,,,,,,6,,,,,,,,,,,,,,,,,,,,COMPLETE
618,618,0.8816939904657212,2025-01-01 01:02:50.499866,2025-01-01 01:03:14.617450,0 days 00:00:24.117584,1,55,,,,,,,,,,,,,,,,,,,,6,,,,,,,,,,,,,,,,,,,,COMPLETE
619,619,0.8800810532093752,2025-01-01 01:03:14.618035,2025-01-01 01:04:11.753711,0 days 00:00:57.135676,2,65,195.0,,,,,,,,,,,,,,,,,,,6,4.0,,,,,,,,,,,,,,,,,,,COMPLETE
620,620,0.8768731563421829,2025-01-01 01:04:11.754615,2025-01-01 01:05:23.010443,0 days 00:01:11.255828,2,50,90.0,,,,,,,,,,,,,,,,,,,6,6.0,,,,,,,,,,,,,,,,,,,COMPLETE
621,621,0.898062405441963,2025-01-01 01:05:23.011362,2025-01-01 01:05:46.810610,0 days 00:00:23.799248,1,50,,,,,,,,,,,,,,,,,,,,6,,,,,,,,,,,,,,,,,,,,COMPLETE
