,number,value,datetime_start,datetime_complete,duration,params_depth,params_neurons_layer_0,params_neurons_layer_1,params_neurons_layer_10,params_neurons_layer_11,params_neurons_layer_12,params_neurons_layer_13,params_neurons_layer_14,params_neurons_layer_15,params_neurons_layer_16,params_neurons_layer_17,params_neurons_layer_18,params_neurons_layer_19,params_neurons_layer_2,params_neurons_layer_3,params_neurons_layer_4,params_neurons_layer_5,params_neurons_layer_6,params_neurons_layer_7,params_neurons_layer_8,params_neurons_layer_9,params_orders_layer_0,params_orders_layer_1,params_orders_layer_10,params_orders_layer_11,params_orders_layer_12,params_orders_layer_13,params_orders_layer_14,params_orders_layer_15,params_orders_layer_16,params_orders_layer_17,params_orders_layer_18,params_orders_layer_19,params_orders_layer_2,params_orders_layer_3,params_orders_layer_4,params_orders_layer_5,params_orders_layer_6,params_orders_layer_7,params_orders_layer_8,params_orders_layer_9,state
488,488,0.6802721088435374,2025-01-01 11:48:17.309966,2025-01-01 11:48:21.703545,0 days 00:00:04.393579,3,185,55.0,,,,,,,,,,,105.0,,,,,,,,6,3.0,,,,,,,,,,,5.0,,,,,,,,COMPLETE
489,489,0.0,2025-01-01 11:48:21.704059,2025-01-01 11:48:24.486517,0 days 00:00:02.782458,4,180,145.0,,,,,,,,,,,110.0,60.0,,,,,,,6,3.0,,,,,,,,,,,5.0,4.0,,,,,,,COMPLETE
490,490,0.5950113378684807,2025-01-01 11:48:24.487031,2025-01-01 11:48:29.715578,0 days 00:00:05.228547,3,180,135.0,,,,,,,,,,,85.0,,,,,,,,6,3.0,,,,,,,,,,,5.0,,,,,,,,COMPLETE
491,491,0.5742753623188406,2025-01-01 11:48:29.716073,2025-01-01 11:48:35.602820,0 days 00:00:05.886747,3,185,140.0,,,,,,,,,,,105.0,,,,,,,,6,3.0,,,,,,,,,,,5.0,,,,,,,,COMPLETE
492,492,0.559204440333025,2025-01-01 11:48:35.603343,2025-01-01 11:48:41.213885,0 days 00:00:05.610542,3,25,20.0,,,,,,,,,,,65.0,,,,,,,,6,3.0,,,,,,,,,,,5.0,,,,,,,,COMPLETE
493,493,0.5820181731229077,2025-01-01 11:48:41.214417,2025-01-01 11:48:46.078186,0 days 00:00:04.863769,3,115,105.0,,,,,,,,,,,100.0,,,,,,,,6,3.0,,,,,,,,,,,6.0,,,,,,,,COMPLETE
494,494,0.0,2025-01-01 11:48:46.078699,2025-01-01 11:48:48.472523,0 days 00:00:02.393824,4,190,75.0,,,,,,,,,,,115.0,40.0,,,,,,,6,3.0,,,,,,,,,,,5.0,2.0,,,,,,,COMPLETE
495,495,0.0,2025-01-01 11:48:48.473045,2025-01-01 11:48:51.252122,0 days 00:00:02.779077,3,185,180.0,,,,,,,,,,,35.0,,,,,,,,6,3.0,,,,,,,,,,,5.0,,,,,,,,COMPLETE
496,496,0.0,2025-01-01 11:48:51.252621,2025-01-01 11:48:53.817236,0 days 00:00:02.564615,3,190,185.0,,,,,,,,,,,75.0,,,,,,,,6,3.0,,,,,,,,,,,6.0,,,,,,,,COMPLETE
497,497,0.0,2025-01-01 11:48:53.817881,2025-01-01 11:48:56.775684,0 days 00:00:02.957803,4,175,130.0,,,,,,,,,,,90.0,95.0,,,,,,,6,3.0,,,,,,,,,,,5.0,5.0,,,,,,,COMPLETE
498,498,0.6356589147286822,2025-01-01 11:48:56.776198,2025-01-01 11:49:01.132550,0 days 00:00:04.356352,2,85,60.0,,,,,,,,,,,,,,,,,,,6,3.0,,,,,,,,,,,,,,,,,,,COMPLETE
499,499,0.5239024390243903,2025-01-01 11:49:01.133024,2025-01-01 11:49:07.008086,0 days 00:00:05.875062,3,165,25.0,,,,,,,,,,,95.0,,,,,,,,6,3.0,,,,,,,,,,,5.0,,,,,,,,COMPLETE
500,500,0.53,2025-01-01 11:49:07.008592,2025-01-01 11:49:11.910848,0 days 00:00:04.902256,2,80,145.0,,,,,,,,,,,,,,,,,,,6,3.0,,,,,,,,,,,,,,,,,,,COMPLETE
501,501,0.5499316005471957,2025-01-01 11:49:11.911325,2025-01-01 11:49:16.196771,0 days 00:00:04.285446,3,80,125.0,,,,,,,,,,,125.0,,,,,,,,6,3.0,,,,,,,,,,,5.0,,,,,,,,COMPLETE
502,502,0.5523809523809524,2025-01-01 11:49:16.197274,2025-01-01 11:49:19.256902,0 days 00:00:03.059628,2,190,175.0,,,,,,,,,,,,,,,,,,,6,3.0,,,,,,,,,,,,,,,,,,,COMPLETE
503,503,0.6304347826086957,2025-01-01 11:49:19.257370,2025-01-01 11:49:24.290559,0 days 00:00:05.033189,3,85,40.0,,,,,,,,,,,110.0,,,,,,,,6,3.0,,,,,,,,,,,6.0,,,,,,,,COMPLETE
504,504,0.0,2025-01-01 11:49:24.291059,2025-01-01 11:49:29.116859,0 days 00:00:04.825800,8,185,150.0,,,,,,,,,,,80.0,130.0,5.0,130.0,155.0,70.0,,,5,3.0,,,,,,,,,,,4.0,3.0,6.0,2.0,6.0,2.0,,,COMPLETE
505,505,0.0,2025-01-01 11:49:29.117471,2025-01-01 11:49:36.066606,0 days 00:00:06.949135,12,200,15.0,70.0,130.0,,,,,,,,,120.0,15.0,120.0,165.0,200.0,135.0,165.0,45.0,3,3.0,5.0,3.0,,,,,,,,,5.0,6.0,4.0,3.0,4.0,4.0,5.0,4.0,COMPLETE
506,506,0.5727272727272728,2025-01-01 11:49:36.067325,2025-01-01 11:49:40.274359,0 days 00:00:04.207034,2,195,180.0,,,,,,,,,,,,,,,,,,,6,3.0,,,,,,,,,,,,,,,,,,,COMPLETE
507,507,0.6802721088435374,2025-01-01 11:49:40.274851,2025-01-01 11:49:43.835568,0 days 00:00:03.560717,2,175,170.0,,,,,,,,,,,,,,,,,,,6,3.0,,,,,,,,,,,,,,,,,,,COMPLETE
508,508,0.6581818181818182,2025-01-01 11:49:43.836039,2025-01-01 11:49:48.589508,0 days 00:00:04.753469,3,175,165.0,,,,,,,,,,,105.0,,,,,,,,6,3.0,,,,,,,,,,,4.0,,,,,,,,COMPLETE
509,509,0.614622641509434,2025-01-01 11:49:48.590011,2025-01-01 11:49:52.436079,0 days 00:00:03.846068,2,170,170.0,,,,,,,,,,,,,,,,,,,6,3.0,,,,,,,,,,,,,,,,,,,COMPLETE
510,510,0.5727272727272728,2025-01-01 11:49:52.436559,2025-01-01 11:49:56.540870,0 days 00:00:04.104311,2,180,170.0,,,,,,,,,,,,,,,,,,,6,3.0,,,,,,,,,,,,,,,,,,,COMPLETE
511,511,0.0,2025-01-01 11:49:56.541382,2025-01-01 11:49:59.281190,0 days 00:00:02.739808,5,185,115.0,,,,,,,,,,,120.0,170.0,25.0,,,,,,6,3.0,,,,,,,,,,,5.0,2.0,2.0,,,,,,COMPLETE
512,512,0.0,2025-01-01 11:49:59.281738,2025-01-01 11:50:02.182906,0 days 00:00:02.901168,3,170,185.0,,,,,,,,,,,140.0,,,,,,,,6,3.0,,,,,,,,,,,6.0,,,,,,,,COMPLETE
513,513,0.6556776556776557,2025-01-01 11:50:02.183410,2025-01-01 11:50:06.178673,0 days 00:00:03.995263,2,175,175.0,,,,,,,,,,,,,,,,,,,6,3.0,,,,,,,,,,,,,,,,,,,COMPLETE
514,514,0.0,2025-01-01 11:50:06.179178,2025-01-01 11:50:08.602299,0 days 00:00:02.423121,4,180,175.0,,,,,,,,,,,70.0,30.0,,,,,,,6,3.0,,,,,,,,,,,4.0,3.0,,,,,,,COMPLETE
515,515,0.7273584905660377,2025-01-01 11:50:08.602836,2025-01-01 11:50:14.623030,0 days 00:00:06.020194,3,190,160.0,,,,,,,,,,,130.0,,,,,,,,6,3.0,,,,,,,,,,,5.0,,,,,,,,COMPLETE
516,516,0.0,2025-01-01 11:50:14.623698,2025-01-01 11:50:17.315600,0 days 00:00:02.691902,4,190,155.0,,,,,,,,,,,140.0,70.0,,,,,,,6,3.0,,,,,,,,,,,5.0,4.0,,,,,,,COMPLETE
517,517,0.0,2025-01-01 11:50:17.316127,2025-01-01 11:50:20.676133,0 days 00:00:03.360006,3,190,160.0,,,,,,,,,,,130.0,,,,,,,,6,3.0,,,,,,,,,,,5.0,,,,,,,,COMPLETE
518,518,0.0,2025-01-01 11:50:20.676650,2025-01-01 11:50:23.611557,0 days 00:00:02.934907,3,195,150.0,,,,,,,,,,,135.0,,,,,,,,6,3.0,,,,,,,,,,,5.0,,,,,,,,COMPLETE
519,519,0.0,2025-01-01 11:50:23.612062,2025-01-01 11:50:31.845206,0 days 00:00:08.233144,14,200,165.0,80.0,100.0,35.0,75.0,,,,,,,115.0,110.0,165.0,150.0,135.0,20.0,20.0,15.0,6,3.0,4.0,6.0,4.0,5.0,,,,,,,5.0,5.0,3.0,6.0,4.0,3.0,3.0,6.0,COMPLETE
520,520,0.0,2025-01-01 11:50:31.846024,2025-01-01 11:50:35.000606,0 days 00:00:03.154582,3,190,160.0,,,,,,,,,,,125.0,,,,,,,,5,3.0,,,,,,,,,,,5.0,,,,,,,,COMPLETE
521,521,0.0,2025-01-01 11:50:35.001110,2025-01-01 11:50:37.984863,0 days 00:00:02.983753,4,185,155.0,,,,,,,,,,,150.0,85.0,,,,,,,6,3.0,,,,,,,,,,,5.0,6.0,,,,,,,COMPLETE
522,522,0.5804810360777057,2025-01-01 11:50:37.985415,2025-01-01 11:50:42.724227,0 days 00:00:04.738812,3,195,110.0,,,,,,,,,,,110.0,,,,,,,,6,3.0,,,,,,,,,,,5.0,,,,,,,,COMPLETE
523,523,0.0,2025-01-01 11:50:42.724743,2025-01-01 11:50:49.983349,0 days 00:00:07.258606,11,50,135.0,145.0,,,,,,,,,,95.0,50.0,55.0,70.0,185.0,90.0,95.0,110.0,6,3.0,3.0,,,,,,,,,,5.0,2.0,6.0,5.0,3.0,6.0,6.0,5.0,COMPLETE
524,524,0.6755637367694431,2025-01-01 11:50:49.984084,2025-01-01 11:50:56.344120,0 days 00:00:06.360036,3,75,140.0,,,,,,,,,,,130.0,,,,,,,,6,3.0,,,,,,,,,,,6.0,,,,,,,,COMPLETE
525,525,0.0,2025-01-01 11:50:56.344649,2025-01-01 11:50:58.886432,0 days 00:00:02.541783,4,185,95.0,,,,,,,,,,,120.0,155.0,,,,,,,6,3.0,,,,,,,,,,,4.0,4.0,,,,,,,COMPLETE
526,526,0.5317028985507246,2025-01-01 11:50:58.886979,2025-01-01 11:51:04.757765,0 days 00:00:05.870786,3,200,190.0,,,,,,,,,,,100.0,,,,,,,,6,6.0,,,,,,,,,,,5.0,,,,,,,,COMPLETE
527,527,0.6326530612244898,2025-01-01 11:51:04.758285,2025-01-01 11:51:08.043520,0 days 00:00:03.285235,2,20,145.0,,,,,,,,,,,,,,,,,,,6,3.0,,,,,,,,,,,,,,,,,,,COMPLETE
528,528,0.7088372093023256,2025-01-01 11:51:08.044004,2025-01-01 11:51:12.004695,0 days 00:00:03.960691,2,195,155.0,,,,,,,,,,,,,,,,,,,6,3.0,,,,,,,,,,,,,,,,,,,COMPLETE
529,529,0.5195681511470984,2025-01-01 11:51:12.005186,2025-01-01 11:51:16.295296,0 days 00:00:04.290110,1,195,,,,,,,,,,,,,,,,,,,,6,,,,,,,,,,,,,,,,,,,,COMPLETE
530,530,0.0,2025-01-01 11:51:16.295807,2025-01-01 11:51:21.448513,0 days 00:00:05.152706,9,200,155.0,,,,,,,,,,,155.0,185.0,150.0,180.0,170.0,180.0,135.0,,6,3.0,,,,,,,,,,,4.0,6.0,5.0,4.0,2.0,4.0,4.0,,COMPLETE
531,531,0.575984990619137,2025-01-01 11:51:21.449175,2025-01-01 11:51:24.920504,0 days 00:00:03.471329,2,195,160.0,,,,,,,,,,,,,,,,,,,6,3.0,,,,,,,,,,,,,,,,,,,COMPLETE
532,532,0.4050420168067227,2025-01-01 11:51:24.920991,2025-01-01 11:51:28.573382,0 days 00:00:03.652391,1,25,,,,,,,,,,,,,,,,,,,,6,,,,,,,,,,,,,,,,,,,,COMPLETE
533,533,0.6356589147286822,2025-01-01 11:51:28.573834,2025-01-01 11:51:32.007984,0 days 00:00:03.434150,2,200,150.0,,,,,,,,,,,,,,,,,,,6,3.0,,,,,,,,,,,,,,,,,,,COMPLETE
534,534,0.3411534701857283,2025-01-01 11:51:32.008627,2025-01-01 11:51:36.330335,0 days 00:00:04.321708,1,110,,,,,,,,,,,,,,,,,,,,6,,,,,,,,,,,,,,,,,,,,COMPLETE
535,535,0.6802721088435374,2025-01-01 11:51:36.330807,2025-01-01 11:51:40.356315,0 days 00:00:04.025508,2,195,155.0,,,,,,,,,,,,,,,,,,,6,3.0,,,,,,,,,,,,,,,,,,,COMPLETE
536,536,0.4049707602339181,2025-01-01 11:51:40.356791,2025-01-01 11:51:43.279670,0 days 00:00:02.922879,1,200,,,,,,,,,,,,,,,,,,,,3,,,,,,,,,,,,,,,,,,,,COMPLETE
537,537,0.6382978723404256,2025-01-01 11:51:43.280134,2025-01-01 11:51:47.731432,0 days 00:00:04.451298,2,30,150.0,,,,,,,,,,,,,,,,,,,6,3.0,,,,,,,,,,,,,,,,,,,COMPLETE
538,538,0.0,2025-01-01 11:51:47.731926,2025-01-01 11:51:50.414855,0 days 00:00:02.682929,6,75,160.0,,,,,,,,,,,145.0,165.0,40.0,5.0,,,,,6,3.0,,,,,,,,,,,4.0,3.0,4.0,2.0,,,,,COMPLETE
539,539,0.5826923076923077,2025-01-01 11:51:50.415410,2025-01-01 11:51:54.412912,0 days 00:00:03.997502,2,190,145.0,,,,,,,,,,,,,,,,,,,5,3.0,,,,,,,,,,,,,,,,,,,COMPLETE
540,540,0.6126373626373627,2025-01-01 11:51:54.413376,2025-01-01 11:51:58.515782,0 days 00:00:04.102406,2,195,165.0,,,,,,,,,,,,,,,,,,,6,3.0,,,,,,,,,,,,,,,,,,,COMPLETE
541,541,0.3737373737373737,2025-01-01 11:51:58.516256,2025-01-01 11:52:02.258413,0 days 00:00:03.742157,1,80,,,,,,,,,,,,,,,,,,,,6,,,,,,,,,,,,,,,,,,,,COMPLETE
542,542,0.5820181731229077,2025-01-01 11:52:02.258881,2025-01-01 11:52:05.937354,0 days 00:00:03.678473,2,200,155.0,,,,,,,,,,,,,,,,,,,6,3.0,,,,,,,,,,,,,,,,,,,COMPLETE
543,543,0.5857142857142856,2025-01-01 11:52:05.937832,2025-01-01 11:52:09.271291,0 days 00:00:03.333459,2,190,160.0,,,,,,,,,,,,,,,,,,,6,3.0,,,,,,,,,,,,,,,,,,,COMPLETE
544,544,0.6124031007751938,2025-01-01 11:52:09.271773,2025-01-01 11:52:13.070015,0 days 00:00:03.798242,2,160,200.0,,,,,,,,,,,,,,,,,,,6,3.0,,,,,,,,,,,,,,,,,,,COMPLETE
545,545,0.565483476132191,2025-01-01 11:52:13.070488,2025-01-01 11:52:17.420645,0 days 00:00:04.350157,1,195,,,,,,,,,,,,,,,,,,,,6,,,,,,,,,,,,,,,,,,,,COMPLETE
546,546,0.0,2025-01-01 11:52:17.421099,2025-01-01 11:52:20.059693,0 days 00:00:02.638594,3,75,180.0,,,,,,,,,,,135.0,,,,,,,,6,3.0,,,,,,,,,,,4.0,,,,,,,,COMPLETE
547,547,0.5152777777777777,2025-01-01 11:52:20.060213,2025-01-01 11:52:23.185646,0 days 00:00:03.125433,2,70,165.0,,,,,,,,,,,,,,,,,,,6,3.0,,,,,,,,,,,,,,,,,,,COMPLETE
548,548,0.0,2025-01-01 11:52:23.186110,2025-01-01 11:52:25.989423,0 days 00:00:02.803313,3,190,145.0,,,,,,,,,,,160.0,,,,,,,,6,3.0,,,,,,,,,,,6.0,,,,,,,,COMPLETE
549,549,0.36363636363636365,2025-01-01 11:52:25.989951,2025-01-01 11:52:30.157861,0 days 00:00:04.167910,1,80,,,,,,,,,,,,,,,,,,,,6,,,,,,,,,,,,,,,,,,,,COMPLETE
550,550,0.6594202898550725,2025-01-01 11:52:30.158316,2025-01-01 11:52:34.628340,0 days 00:00:04.470024,2,55,175.0,,,,,,,,,,,,,,,,,,,6,3.0,,,,,,,,,,,,,,,,,,,COMPLETE
551,551,0.0,2025-01-01 11:52:34.628973,2025-01-01 11:52:36.832175,0 days 00:00:02.203202,3,195,185.0,,,,,,,,,,,165.0,,,,,,,,5,3.0,,,,,,,,,,,4.0,,,,,,,,COMPLETE
552,552,0.608983451536643,2025-01-01 11:52:36.832666,2025-01-01 11:52:41.156732,0 days 00:00:04.324066,2,200,170.0,,,,,,,,,,,,,,,,,,,6,3.0,,,,,,,,,,,,,,,,,,,COMPLETE
553,553,0.5115359261700725,2025-01-01 11:52:41.157216,2025-01-01 11:52:45.527228,0 days 00:00:04.370012,1,25,,,,,,,,,,,,,,,,,,,,6,,,,,,,,,,,,,,,,,,,,COMPLETE
554,554,0.6056003796867584,2025-01-01 11:52:45.527703,2025-01-01 11:52:48.231120,0 days 00:00:02.703417,2,80,155.0,,,,,,,,,,,,,,,,,,,6,3.0,,,,,,,,,,,,,,,,,,,COMPLETE
555,555,0.6022201665124884,2025-01-01 11:52:48.231586,2025-01-01 11:52:51.736671,0 days 00:00:03.505085,2,200,180.0,,,,,,,,,,,,,,,,,,,6,3.0,,,,,,,,,,,,,,,,,,,COMPLETE
556,556,0.7417582417582418,2025-01-01 11:52:51.737151,2025-01-01 11:52:57.940535,0 days 00:00:06.203384,3,65,150.0,,,,,,,,,,,140.0,,,,,,,,6,3.0,,,,,,,,,,,4.0,,,,,,,,COMPLETE
557,557,0.40032679738562094,2025-01-01 11:52:57.941056,2025-01-01 11:53:02.661893,0 days 00:00:04.720837,1,65,,,,,,,,,,,,,,,,,,,,6,,,,,,,,,,,,,,,,,,,,COMPLETE
558,558,0.6802721088435374,2025-01-01 11:53:02.662365,2025-01-01 11:53:07.556278,0 days 00:00:04.893913,3,60,130.0,,,,,,,,,,,140.0,,,,,,,,6,3.0,,,,,,,,,,,4.0,,,,,,,,COMPLETE
559,559,0.6632270168855534,2025-01-01 11:53:07.556810,2025-01-01 11:53:11.204047,0 days 00:00:03.647237,2,65,190.0,,,,,,,,,,,,,,,,,,,6,3.0,,,,,,,,,,,,,,,,,,,COMPLETE
560,560,0.5790697674418605,2025-01-01 11:53:11.204550,2025-01-01 11:53:15.686214,0 days 00:00:04.481664,3,45,125.0,,,,,,,,,,,125.0,,,,,,,,6,3.0,,,,,,,,,,,4.0,,,,,,,,COMPLETE
561,561,0.6168478260869565,2025-01-01 11:53:15.686732,2025-01-01 11:53:19.066873,0 days 00:00:03.380141,2,190,160.0,,,,,,,,,,,,,,,,,,,6,3.0,,,,,,,,,,,,,,,,,,,COMPLETE
562,562,0.6287878787878788,2025-01-01 11:53:19.067361,2025-01-01 11:53:22.971228,0 days 00:00:03.903867,1,60,,,,,,,,,,,,,,,,,,,,6,,,,,,,,,,,,,,,,,,,,COMPLETE
563,563,0.6802721088435374,2025-01-01 11:53:22.971718,2025-01-01 11:53:26.270324,0 days 00:00:03.298606,2,130,165.0,,,,,,,,,,,,,,,,,,,6,3.0,,,,,,,,,,,,,,,,,,,COMPLETE
564,564,0.5950113378684807,2025-01-01 11:53:26.270862,2025-01-01 11:53:32.372655,0 days 00:00:06.101793,3,65,180.0,,,,,,,,,,,145.0,,,,,,,,6,3.0,,,,,,,,,,,6.0,,,,,,,,COMPLETE
565,565,0.6794871794871795,2025-01-01 11:53:32.373179,2025-01-01 11:53:36.796585,0 days 00:00:04.423406,1,195,,,,,,,,,,,,,,,,,,,,6,,,,,,,,,,,,,,,,,,,,COMPLETE
566,566,0.0,2025-01-01 11:53:36.797064,2025-01-01 11:53:43.250086,0 days 00:00:06.453022,17,70,80.0,105.0,175.0,170.0,25.0,40.0,5.0,150.0,,,,130.0,95.0,170.0,100.0,10.0,65.0,160.0,140.0,4,3.0,2.0,2.0,6.0,6.0,4.0,5.0,3.0,,,,4.0,5.0,3.0,3.0,5.0,5.0,2.0,3.0,COMPLETE
567,567,0.0,2025-01-01 11:53:43.251093,2025-01-01 11:53:45.380857,0 days 00:00:02.129764,4,35,120.0,,,,,,,,,,,150.0,195.0,,,,,,,6,3.0,,,,,,,,,,,3.0,2.0,,,,,,,COMPLETE
568,568,0.6755637367694431,2025-01-01 11:53:45.381389,2025-01-01 11:53:49.137523,0 days 00:00:03.756134,2,190,140.0,,,,,,,,,,,,,,,,,,,6,3.0,,,,,,,,,,,,,,,,,,,COMPLETE
569,569,0.3270944741532977,2025-01-01 11:53:49.138019,2025-01-01 11:53:51.783243,0 days 00:00:02.645224,1,140,,,,,,,,,,,,,,,,,,,,5,,,,,,,,,,,,,,,,,,,,COMPLETE
570,570,0.6275058275058275,2025-01-01 11:53:51.783717,2025-01-01 11:53:55.847599,0 days 00:00:04.063882,3,20,150.0,,,,,,,,,,,115.0,,,,,,,,6,3.0,,,,,,,,,,,4.0,,,,,,,,COMPLETE
571,571,0.6586073500967118,2025-01-01 11:53:55.848119,2025-01-01 11:53:59.860975,0 days 00:00:04.012856,2,55,5.0,,,,,,,,,,,,,,,,,,,6,3.0,,,,,,,,,,,,,,,,,,,COMPLETE
572,572,0.637641723356009,2025-01-01 11:53:59.861490,2025-01-01 11:54:03.807144,0 days 00:00:03.945654,2,200,170.0,,,,,,,,,,,,,,,,,,,6,3.0,,,,,,,,,,,,,,,,,,,COMPLETE
573,573,0.525062656641604,2025-01-01 11:54:03.807654,2025-01-01 11:54:07.775230,0 days 00:00:03.967576,1,195,,,,,,,,,,,,,,,,,,,,6,,,,,,,,,,,,,,,,,,,,COMPLETE
574,574,0.0,2025-01-01 11:54:07.775718,2025-01-01 11:54:10.442694,0 days 00:00:02.666976,4,195,155.0,,,,,,,,,,,135.0,140.0,,,,,,,6,3.0,,,,,,,,,,,4.0,4.0,,,,,,,COMPLETE
575,575,0.0,2025-01-01 11:54:10.443227,2025-01-01 11:54:13.160821,0 days 00:00:02.717594,3,185,135.0,,,,,,,,,,,180.0,,,,,,,,6,3.0,,,,,,,,,,,6.0,,,,,,,,COMPLETE
576,576,0.0,2025-01-01 11:54:13.161359,2025-01-01 11:54:19.288891,0 days 00:00:06.127532,13,200,10.0,175.0,55.0,60.0,,,,,,,,120.0,130.0,125.0,135.0,90.0,165.0,60.0,5.0,6,3.0,4.0,4.0,5.0,,,,,,,,3.0,5.0,2.0,5.0,3.0,2.0,4.0,2.0,COMPLETE
577,577,0.6356589147286822,2025-01-01 11:54:19.289651,2025-01-01 11:54:22.019244,0 days 00:00:02.729593,2,190,100.0,,,,,,,,,,,,,,,,,,,6,3.0,,,,,,,,,,,,,,,,,,,COMPLETE
578,578,0.5432624113475177,2025-01-01 11:54:22.019751,2025-01-01 11:54:25.167112,0 days 00:00:03.147361,2,15,165.0,,,,,,,,,,,,,,,,,,,6,3.0,,,,,,,,,,,,,,,,,,,COMPLETE
579,579,0.0,2025-01-01 11:54:25.167621,2025-01-01 11:54:28.274961,0 days 00:00:03.107340,3,195,160.0,,,,,,,,,,,195.0,,,,,,,,6,3.0,,,,,,,,,,,5.0,,,,,,,,COMPLETE
580,580,0.6950757575757576,2025-01-01 11:54:28.275477,2025-01-01 11:54:31.320402,0 days 00:00:03.044925,2,50,145.0,,,,,,,,,,,,,,,,,,,6,3.0,,,,,,,,,,,,,,,,,,,COMPLETE
581,581,0.0,2025-01-01 11:54:31.320921,2025-01-01 11:54:35.052066,0 days 00:00:03.731145,5,45,140.0,,,,,,,,,,,140.0,80.0,80.0,,,,,,5,3.0,,,,,,,,,,,4.0,6.0,6.0,,,,,,COMPLETE
582,582,0.35357142857142854,2025-01-01 11:54:35.052668,2025-01-01 11:54:39.495924,0 days 00:00:04.443256,1,50,,,,,,,,,,,,,,,,,,,,6,,,,,,,,,,,,,,,,,,,,COMPLETE
583,583,0.0,2025-01-01 11:54:39.496446,2025-01-01 11:54:44.097563,0 days 00:00:04.601117,8,50,145.0,,,,,,,,,,,200.0,120.0,140.0,40.0,35.0,30.0,,,6,3.0,,,,,,,,,,,5.0,3.0,5.0,4.0,6.0,3.0,,,COMPLETE
584,584,0.5682926829268293,2025-01-01 11:54:44.098222,2025-01-01 11:54:47.563457,0 days 00:00:03.465235,2,60,145.0,,,,,,,,,,,,,,,,,,,6,5.0,,,,,,,,,,,,,,,,,,,COMPLETE
585,585,0.6428571428571428,2025-01-01 11:54:47.563972,2025-01-01 11:54:52.752312,0 days 00:00:05.188340,3,40,145.0,,,,,,,,,,,130.0,,,,,,,,6,3.0,,,,,,,,,,,3.0,,,,,,,,COMPLETE
586,586,0.6594202898550725,2025-01-01 11:54:52.752847,2025-01-01 11:54:56.080415,0 days 00:00:03.327568,2,30,140.0,,,,,,,,,,,,,,,,,,,6,3.0,,,,,,,,,,,,,,,,,,,COMPLETE
587,587,0.5314505776636713,2025-01-01 11:54:56.081050,2025-01-01 11:55:00.226592,0 days 00:00:04.145542,1,70,,,,,,,,,,,,,,,,,,,,6,,,,,,,,,,,,,,,,,,,,COMPLETE
588,588,0.6452358926919519,2025-01-01 11:55:00.227068,2025-01-01 11:55:04.548924,0 days 00:00:04.321856,3,20,150.0,,,,,,,,,,,45.0,,,,,,,,6,3.0,,,,,,,,,,,4.0,,,,,,,,COMPLETE
589,589,0.6168478260869565,2025-01-01 11:55:04.549453,2025-01-01 11:55:07.752214,0 days 00:00:03.202761,2,55,150.0,,,,,,,,,,,,,,,,,,,6,3.0,,,,,,,,,,,,,,,,,,,COMPLETE
590,590,0.6356589147286822,2025-01-01 11:55:07.752774,2025-01-01 11:55:11.946470,0 days 00:00:04.193696,2,60,110.0,,,,,,,,,,,,,,,,,,,4,3.0,,,,,,,,,,,,,,,,,,,COMPLETE
591,591,0.5675057208237986,2025-01-01 11:55:11.946990,2025-01-01 11:55:15.857429,0 days 00:00:03.910439,1,125,,,,,,,,,,,,,,,,,,,,6,,,,,,,,,,,,,,,,,,,,COMPLETE
592,592,0.7023584905660378,2025-01-01 11:55:15.857918,2025-01-01 11:55:20.797524,0 days 00:00:04.939606,3,85,135.0,,,,,,,,,,,155.0,,,,,,,,6,3.0,,,,,,,,,,,5.0,,,,,,,,COMPLETE
593,593,0.6802721088435374,2025-01-01 11:55:20.798051,2025-01-01 11:55:25.834578,0 days 00:00:05.036527,3,35,130.0,,,,,,,,,,,150.0,,,,,,,,6,3.0,,,,,,,,,,,5.0,,,,,,,,COMPLETE
594,594,0.5952157598499062,2025-01-01 11:55:25.835098,2025-01-01 11:55:30.521464,0 days 00:00:04.686366,3,40,140.0,,,,,,,,,,,160.0,,,,,,,,6,3.0,,,,,,,,,,,5.0,,,,,,,,COMPLETE
595,595,0.0,2025-01-01 11:55:30.522010,2025-01-01 11:55:33.375997,0 days 00:00:02.853987,4,90,140.0,,,,,,,,,,,155.0,55.0,,,,,,,6,3.0,,,,,,,,,,,5.0,5.0,,,,,,,COMPLETE
596,596,0.0,2025-01-01 11:55:33.376568,2025-01-01 11:55:35.689645,0 days 00:00:02.313077,4,105,130.0,,,,,,,,,,,145.0,25.0,,,,,,,3,3.0,,,,,,,,,,,5.0,2.0,,,,,,,COMPLETE
597,597,0.5742753623188406,2025-01-01 11:55:35.690173,2025-01-01 11:55:40.909808,0 days 00:00:05.219635,3,85,135.0,,,,,,,,,,,170.0,,,,,,,,5,3.0,,,,,,,,,,,5.0,,,,,,,,COMPLETE
598,598,0.5441176470588236,2025-01-01 11:55:40.910345,2025-01-01 11:55:46.005670,0 days 00:00:05.095325,3,85,25.0,,,,,,,,,,,185.0,,,,,,,,6,3.0,,,,,,,,,,,4.0,,,,,,,,COMPLETE
599,599,0.5742753623188406,2025-01-01 11:55:46.006211,2025-01-01 11:55:54.702772,0 days 00:00:08.696561,4,25,135.0,,,,,,,,,,,150.0,40.0,,,,,,,6,3.0,,,,,,,,,,,5.0,4.0,,,,,,,COMPLETE
600,600,0.0,2025-01-01 11:55:54.703376,2025-01-01 11:55:57.229331,0 days 00:00:02.525955,3,150,135.0,,,,,,,,,,,175.0,,,,,,,,2,3.0,,,,,,,,,,,4.0,,,,,,,,COMPLETE
601,601,0.6581818181818182,2025-01-01 11:55:57.229850,2025-01-01 11:56:04.336406,0 days 00:00:07.106556,3,165,125.0,,,,,,,,,,,165.0,,,,,,,,6,3.0,,,,,,,,,,,5.0,,,,,,,,COMPLETE
602,602,0.6126373626373627,2025-01-01 11:56:04.336953,2025-01-01 11:56:09.654437,0 days 00:00:05.317484,3,180,145.0,,,,,,,,,,,140.0,,,,,,,,6,3.0,,,,,,,,,,,5.0,,,,,,,,COMPLETE
603,603,0.0,2025-01-01 11:56:09.655121,2025-01-01 11:56:12.490386,0 days 00:00:02.835265,3,85,150.0,,,,,,,,,,,125.0,,,,,,,,6,3.0,,,,,,,,,,,4.0,,,,,,,,COMPLETE
604,604,0.4542002847650688,2025-01-01 11:56:12.490896,2025-01-01 11:56:20.344144,0 days 00:00:07.853248,4,165,15.0,,,,,,,,,,,155.0,65.0,,,,,,,6,3.0,,,,,,,,,,,6.0,3.0,,,,,,,COMPLETE
605,605,0.6371980676328503,2025-01-01 11:56:20.344706,2025-01-01 11:56:24.049163,0 days 00:00:03.704457,2,90,115.0,,,,,,,,,,,,,,,,,,,6,3.0,,,,,,,,,,,,,,,,,,,COMPLETE
606,606,0.6366771159874608,2025-01-01 11:56:24.049675,2025-01-01 11:56:27.751727,0 days 00:00:03.702052,1,75,,,,,,,,,,,,,,,,,,,,6,,,,,,,,,,,,,,,,,,,,COMPLETE
607,607,0.637641723356009,2025-01-01 11:56:27.752255,2025-01-01 11:56:31.074473,0 days 00:00:03.322218,2,65,105.0,,,,,,,,,,,,,,,,,,,6,3.0,,,,,,,,,,,,,,,,,,,COMPLETE
608,608,0.0,2025-01-01 11:56:31.074981,2025-01-01 11:56:41.482677,0 days 00:00:10.407696,19,185,25.0,200.0,95.0,145.0,35.0,170.0,165.0,55.0,85.0,105.0,,135.0,175.0,105.0,55.0,75.0,190.0,190.0,100.0,5,3.0,6.0,5.0,3.0,2.0,5.0,2.0,5.0,3.0,4.0,,5.0,4.0,2.0,3.0,2.0,4.0,6.0,6.0,COMPLETE
609,609,0.637641723356009,2025-01-01 11:56:41.483474,2025-01-01 11:56:46.594754,0 days 00:00:05.111280,2,30,140.0,,,,,,,,,,,,,,,,,,,6,3.0,,,,,,,,,,,,,,,,,,,COMPLETE
