,number,value,datetime_start,datetime_complete,duration,params_depth,params_neurons_layer_0,params_neurons_layer_1,params_neurons_layer_10,params_neurons_layer_11,params_neurons_layer_12,params_neurons_layer_13,params_neurons_layer_14,params_neurons_layer_15,params_neurons_layer_16,params_neurons_layer_17,params_neurons_layer_18,params_neurons_layer_19,params_neurons_layer_2,params_neurons_layer_3,params_neurons_layer_4,params_neurons_layer_5,params_neurons_layer_6,params_neurons_layer_7,params_neurons_layer_8,params_neurons_layer_9,params_orders_layer_0,params_orders_layer_1,params_orders_layer_10,params_orders_layer_11,params_orders_layer_12,params_orders_layer_13,params_orders_layer_14,params_orders_layer_15,params_orders_layer_16,params_orders_layer_17,params_orders_layer_18,params_orders_layer_19,params_orders_layer_2,params_orders_layer_3,params_orders_layer_4,params_orders_layer_5,params_orders_layer_6,params_orders_layer_7,params_orders_layer_8,params_orders_layer_9,state
968,968,0.6527777777777778,2025-01-01 09:46:17.605450,2025-01-01 09:46:28.204508,0 days 00:00:10.599058,4,140,95.0,,,,,,,,,,,10.0,135.0,,,,,,,3,6.0,,,,,,,,,,,6.0,2.0,,,,,,,COMPLETE
969,969,0.0,2025-01-01 09:46:28.205407,2025-01-01 09:46:30.835015,0 days 00:00:02.629608,3,170,195.0,,,,,,,,,,,40.0,,,,,,,,3,6.0,,,,,,,,,,,3.0,,,,,,,,COMPLETE
970,970,0.8366666666666667,2025-01-01 09:46:30.835639,2025-01-01 09:46:35.995393,0 days 00:00:05.159754,2,130,160.0,,,,,,,,,,,,,,,,,,,3,6.0,,,,,,,,,,,,,,,,,,,COMPLETE
971,971,0.0,2025-01-01 09:46:35.996001,2025-01-01 09:46:39.356809,0 days 00:00:03.360808,5,165,100.0,,,,,,,,,,,100.0,85.0,150.0,,,,,,3,6.0,,,,,,,,,,,2.0,6.0,3.0,,,,,,COMPLETE
972,972,0.0,2025-01-01 09:46:39.357492,2025-01-01 09:46:44.596225,0 days 00:00:05.238733,9,160,115.0,,,,,,,,,,,20.0,45.0,160.0,15.0,145.0,100.0,200.0,,3,6.0,,,,,,,,,,,6.0,5.0,6.0,4.0,2.0,5.0,2.0,,COMPLETE
973,973,0.8181818181818181,2025-01-01 09:46:44.597054,2025-01-01 09:46:51.198677,0 days 00:00:06.601623,3,155,105.0,,,,,,,,,,,25.0,,,,,,,,3,6.0,,,,,,,,,,,3.0,,,,,,,,COMPLETE
974,974,0.8397435897435898,2025-01-01 09:46:51.199317,2025-01-01 09:46:56.714223,0 days 00:00:05.514906,2,145,195.0,,,,,,,,,,,,,,,,,,,3,6.0,,,,,,,,,,,,,,,,,,,COMPLETE
975,975,0.8397435897435898,2025-01-01 09:46:56.714828,2025-01-01 09:46:59.506162,0 days 00:00:02.791334,1,135,,,,,,,,,,,,,,,,,,,,3,,,,,,,,,,,,,,,,,,,,COMPLETE
976,976,0.8284313725490196,2025-01-01 09:46:59.506740,2025-01-01 09:47:06.908476,0 days 00:00:07.401736,3,35,95.0,,,,,,,,,,,15.0,,,,,,,,3,6.0,,,,,,,,,,,6.0,,,,,,,,COMPLETE
977,977,0.8876127973748975,2025-01-01 09:47:06.909129,2025-01-01 09:47:11.709253,0 days 00:00:04.800124,2,145,200.0,,,,,,,,,,,,,,,,,,,3,6.0,,,,,,,,,,,,,,,,,,,COMPLETE
978,978,0.0,2025-01-01 09:47:11.709870,2025-01-01 09:47:22.176569,0 days 00:00:10.466699,16,40,190.0,140.0,100.0,85.0,185.0,25.0,125.0,,,,,130.0,120.0,45.0,60.0,175.0,85.0,85.0,95.0,3,6.0,5.0,3.0,5.0,6.0,5.0,6.0,,,,,4.0,3.0,4.0,5.0,5.0,4.0,6.0,2.0,COMPLETE
979,979,0.8999599839935974,2025-01-01 09:47:22.177560,2025-01-01 09:47:28.757959,0 days 00:00:06.580399,3,80,90.0,,,,,,,,,,,35.0,,,,,,,,3,6.0,,,,,,,,,,,3.0,,,,,,,,COMPLETE
980,980,0.84,2025-01-01 09:47:28.758609,2025-01-01 09:47:37.479284,0 days 00:00:08.720675,4,165,185.0,,,,,,,,,,,5.0,170.0,,,,,,,3,4.0,,,,,,,,,,,6.0,3.0,,,,,,,COMPLETE
981,981,0.8486088379705401,2025-01-01 09:47:37.480193,2025-01-01 09:47:42.527732,0 days 00:00:05.047539,2,180,110.0,,,,,,,,,,,,,,,,,,,3,5.0,,,,,,,,,,,,,,,,,,,COMPLETE
982,982,0.8389694041867954,2025-01-01 09:47:42.528341,2025-01-01 09:47:46.135221,0 days 00:00:03.606880,2,135,75.0,,,,,,,,,,,,,,,,,,,3,3.0,,,,,,,,,,,,,,,,,,,COMPLETE
983,983,0.8678396072013093,2025-01-01 09:47:46.135839,2025-01-01 09:47:52.827586,0 days 00:00:06.691747,3,175,100.0,,,,,,,,,,,25.0,,,,,,,,3,6.0,,,,,,,,,,,3.0,,,,,,,,COMPLETE
984,984,0.8389694041867954,2025-01-01 09:47:52.828228,2025-01-01 09:47:58.006243,0 days 00:00:05.178015,2,105,160.0,,,,,,,,,,,,,,,,,,,3,6.0,,,,,,,,,,,,,,,,,,,COMPLETE
985,985,0.0,2025-01-01 09:47:58.006871,2025-01-01 09:48:07.206576,0 days 00:00:09.199705,13,140,130.0,170.0,65.0,200.0,,,,,,,,20.0,65.0,130.0,190.0,185.0,160.0,155.0,115.0,3,6.0,3.0,5.0,2.0,,,,,,,,6.0,5.0,2.0,6.0,6.0,6.0,4.0,6.0,COMPLETE
986,986,0.8389694041867954,2025-01-01 09:48:07.207513,2025-01-01 09:48:09.869191,0 days 00:00:02.661678,1,130,,,,,,,,,,,,,,,,,,,,3,,,,,,,,,,,,,,,,,,,,COMPLETE
987,987,0.8063986874487286,2025-01-01 09:48:09.869776,2025-01-01 09:48:16.029914,0 days 00:00:06.160138,3,170,180.0,,,,,,,,,,,15.0,,,,,,,,3,6.0,,,,,,,,,,,3.0,,,,,,,,COMPLETE
988,988,0.8,2025-01-01 09:48:16.030552,2025-01-01 09:48:24.496218,0 days 00:00:08.465666,4,150,95.0,,,,,,,,,,,105.0,10.0,,,,,,,3,6.0,,,,,,,,,,,5.0,4.0,,,,,,,COMPLETE
989,989,0.8272727272727273,2025-01-01 09:48:24.496901,2025-01-01 09:48:29.704076,0 days 00:00:05.207175,2,90,190.0,,,,,,,,,,,,,,,,,,,3,6.0,,,,,,,,,,,,,,,,,,,COMPLETE
990,990,0.8281632653061224,2025-01-01 09:48:29.704700,2025-01-01 09:48:34.877204,0 days 00:00:05.172504,2,140,185.0,,,,,,,,,,,,,,,,,,,3,6.0,,,,,,,,,,,,,,,,,,,COMPLETE
991,991,0.0,2025-01-01 09:48:34.877820,2025-01-01 09:48:37.469460,0 days 00:00:02.591640,4,30,195.0,,,,,,,,,,,85.0,20.0,,,,,,,3,6.0,,,,,,,,,,,4.0,2.0,,,,,,,COMPLETE
992,992,0.6053921568627452,2025-01-01 09:48:37.470096,2025-01-01 09:48:44.780539,0 days 00:00:07.310443,3,15,165.0,,,,,,,,,,,115.0,,,,,,,,3,6.0,,,,,,,,,,,2.0,,,,,,,,COMPLETE
993,993,0.8193496587715776,2025-01-01 09:48:44.781180,2025-01-01 09:48:47.424448,0 days 00:00:02.643268,1,155,,,,,,,,,,,,,,,,,,,,3,,,,,,,,,,,,,,,,,,,,COMPLETE
994,994,0.9198717948717949,2025-01-01 09:48:47.425261,2025-01-01 09:48:55.367231,0 days 00:00:07.941970,3,70,105.0,,,,,,,,,,,75.0,,,,,,,,3,6.0,,,,,,,,,,,6.0,,,,,,,,COMPLETE
995,995,0.8889795918367347,2025-01-01 09:48:55.367881,2025-01-01 09:48:59.879226,0 days 00:00:04.511345,2,20,180.0,,,,,,,,,,,,,,,,,,,3,6.0,,,,,,,,,,,,,,,,,,,COMPLETE
996,996,0.9194847020933977,2025-01-01 09:48:59.879833,2025-01-01 09:49:06.471308,0 days 00:00:06.591475,3,175,200.0,,,,,,,,,,,30.0,,,,,,,,3,6.0,,,,,,,,,,,3.0,,,,,,,,COMPLETE
997,997,0.8996386993175431,2025-01-01 09:49:06.471979,2025-01-01 09:49:11.987287,0 days 00:00:05.515308,2,145,85.0,,,,,,,,,,,,,,,,,,,3,6.0,,,,,,,,,,,,,,,,,,,COMPLETE
998,998,0.88,2025-01-01 09:49:11.987906,2025-01-01 09:49:18.838700,0 days 00:00:06.850794,3,50,100.0,,,,,,,,,,,10.0,,,,,,,,3,6.0,,,,,,,,,,,6.0,,,,,,,,COMPLETE
999,999,0.8193496587715776,2025-01-01 09:49:18.839344,2025-01-01 09:49:21.455000,0 days 00:00:02.615656,1,40,,,,,,,,,,,,,,,,,,,,3,,,,,,,,,,,,,,,,,,,,COMPLETE
