,number,value,datetime_start,datetime_complete,duration,params_depth,params_neurons_layer_0,params_neurons_layer_1,params_neurons_layer_10,params_neurons_layer_11,params_neurons_layer_12,params_neurons_layer_13,params_neurons_layer_14,params_neurons_layer_15,params_neurons_layer_16,params_neurons_layer_17,params_neurons_layer_18,params_neurons_layer_19,params_neurons_layer_2,params_neurons_layer_3,params_neurons_layer_4,params_neurons_layer_5,params_neurons_layer_6,params_neurons_layer_7,params_neurons_layer_8,params_neurons_layer_9,params_orders_layer_0,params_orders_layer_1,params_orders_layer_10,params_orders_layer_11,params_orders_layer_12,params_orders_layer_13,params_orders_layer_14,params_orders_layer_15,params_orders_layer_16,params_orders_layer_17,params_orders_layer_18,params_orders_layer_19,params_orders_layer_2,params_orders_layer_3,params_orders_layer_4,params_orders_layer_5,params_orders_layer_6,params_orders_layer_7,params_orders_layer_8,params_orders_layer_9,state
0,0,0.0,2025-01-01 21:35:42.255670,2025-01-01 21:35:55.424313,0 days 00:00:13.168643,16,70,120.0,50.0,120.0,40.0,70.0,105.0,195.0,,,,,80.0,50.0,95.0,170.0,35.0,125.0,185.0,190.0,5,3.0,5.0,4.0,5.0,4.0,6.0,6.0,,,,,6.0,6.0,5.0,6.0,5.0,4.0,2.0,3.0,COMPLETE
1,1,0.0,2025-01-01 21:35:55.425227,2025-01-01 21:36:05.122325,0 days 00:00:09.697098,18,70,80.0,30.0,135.0,35.0,180.0,90.0,125.0,105.0,175.0,,,75.0,55.0,200.0,25.0,140.0,120.0,45.0,95.0,4,5.0,4.0,5.0,2.0,4.0,5.0,4.0,3.0,4.0,,,2.0,6.0,3.0,3.0,6.0,5.0,4.0,3.0,COMPLETE
2,2,0.0,2025-01-01 21:36:05.123285,2025-01-01 21:36:11.420245,0 days 00:00:06.296960,4,60,105.0,,,,,,,,,,,125.0,140.0,,,,,,,3,6.0,,,,,,,,,,,5.0,6.0,,,,,,,COMPLETE
3,3,0.0,2025-01-01 21:36:11.420873,2025-01-01 21:36:22.006678,0 days 00:00:10.585805,19,15,80.0,125.0,105.0,40.0,195.0,105.0,95.0,100.0,145.0,50.0,,10.0,110.0,35.0,15.0,115.0,100.0,65.0,170.0,6,4.0,2.0,2.0,5.0,5.0,2.0,6.0,4.0,5.0,2.0,,4.0,6.0,5.0,5.0,2.0,3.0,4.0,6.0,COMPLETE
4,4,0.0,2025-01-01 21:36:22.007707,2025-01-01 21:36:31.378107,0 days 00:00:09.370400,17,30,140.0,30.0,175.0,40.0,130.0,150.0,150.0,195.0,,,,195.0,40.0,135.0,170.0,75.0,30.0,15.0,110.0,6,3.0,6.0,6.0,3.0,3.0,3.0,3.0,3.0,,,,3.0,6.0,5.0,2.0,5.0,5.0,3.0,3.0,COMPLETE
5,5,0.9383547134282688,2025-01-01 21:36:31.379115,2025-01-01 21:36:36.675045,0 days 00:00:05.295930,1,45,,,,,,,,,,,,,,,,,,,,2,,,,,,,,,,,,,,,,,,,,COMPLETE
6,6,0.0,2025-01-01 21:36:36.675362,2025-01-01 21:36:47.335359,0 days 00:00:10.659997,15,100,150.0,95.0,30.0,155.0,95.0,165.0,,,,,,70.0,85.0,160.0,160.0,155.0,60.0,90.0,110.0,5,2.0,2.0,3.0,5.0,3.0,3.0,,,,,,3.0,5.0,2.0,3.0,6.0,4.0,6.0,6.0,COMPLETE
7,7,0.0,2025-01-01 21:36:47.336031,2025-01-01 21:36:57.720651,0 days 00:00:10.384620,16,155,50.0,45.0,195.0,25.0,145.0,45.0,145.0,,,,,110.0,150.0,20.0,185.0,80.0,10.0,30.0,75.0,5,4.0,5.0,4.0,5.0,3.0,6.0,6.0,,,,,5.0,5.0,3.0,3.0,3.0,3.0,4.0,6.0,COMPLETE
8,8,0.0,2025-01-01 21:36:57.721348,2025-01-01 21:37:05.948144,0 days 00:00:08.226796,12,170,40.0,155.0,95.0,,,,,,,,,20.0,185.0,10.0,130.0,65.0,55.0,110.0,10.0,2,4.0,6.0,6.0,,,,,,,,,5.0,2.0,4.0,6.0,6.0,6.0,5.0,4.0,COMPLETE
9,9,0.0,2025-01-01 21:37:05.948750,2025-01-01 21:37:16.827803,0 days 00:00:10.879053,16,115,85.0,85.0,100.0,165.0,130.0,60.0,170.0,,,,,15.0,130.0,140.0,185.0,80.0,180.0,70.0,90.0,4,2.0,5.0,5.0,4.0,5.0,4.0,3.0,,,,,3.0,3.0,2.0,2.0,4.0,6.0,5.0,5.0,COMPLETE
10,10,0.9256356854906251,2025-01-01 21:37:16.828476,2025-01-01 21:37:26.702846,0 days 00:00:09.874370,2,5,185.0,,,,,,,,,,,,,,,,,,,2,6.0,,,,,,,,,,,,,,,,,,,COMPLETE
11,11,0.8915211405969262,2025-01-01 21:37:26.703183,2025-01-01 21:37:31.783866,0 days 00:00:05.080683,1,10,,,,,,,,,,,,,,,,,,,,2,,,,,,,,,,,,,,,,,,,,COMPLETE
12,12,0.0,2025-01-01 21:37:31.784265,2025-01-01 21:37:38.861207,0 days 00:00:07.076942,6,40,195.0,,,,,,,,,,,200.0,5.0,70.0,75.0,,,,,3,6.0,,,,,,,,,,,6.0,2.0,6.0,5.0,,,,,COMPLETE
13,13,0.0,2025-01-01 21:37:38.861669,2025-01-01 21:37:44.488076,0 days 00:00:05.626407,7,45,200.0,,,,,,,,,,,155.0,195.0,60.0,80.0,195.0,,,,2,5.0,,,,,,,,,,,2.0,4.0,6.0,4.0,2.0,,,,COMPLETE
14,14,0.9447335674745314,2025-01-01 21:37:44.488597,2025-01-01 21:37:50.042072,0 days 00:00:05.553475,1,200,,,,,,,,,,,,,,,,,,,,3,,,,,,,,,,,,,,,,,,,,COMPLETE
15,15,0.0,2025-01-01 21:37:50.042392,2025-01-01 21:37:53.629305,0 days 00:00:03.586913,9,135,5.0,,,,,,,,,,,160.0,10.0,185.0,50.0,10.0,175.0,200.0,,3,3.0,,,,,,,,,,,4.0,3.0,4.0,4.0,3.0,2.0,2.0,,COMPLETE
16,16,0.0,2025-01-01 21:37:53.629799,2025-01-01 21:37:59.254322,0 days 00:00:05.624523,4,190,165.0,,,,,,,,,,,55.0,90.0,,,,,,,3,5.0,,,,,,,,,,,4.0,4.0,,,,,,,COMPLETE
17,17,0.9432325242407267,2025-01-01 21:37:59.254740,2025-01-01 21:38:11.305449,0 days 00:00:12.050709,3,200,25.0,,,,,,,,,,,40.0,,,,,,,,3,2.0,,,,,,,,,,,6.0,,,,,,,,COMPLETE
18,18,0.0,2025-01-01 21:38:11.305827,2025-01-01 21:38:19.953905,0 days 00:00:08.648078,12,200,5.0,195.0,5.0,,,,,,,,,50.0,170.0,105.0,120.0,190.0,200.0,140.0,20.0,4,2.0,3.0,2.0,,,,,,,,,6.0,3.0,3.0,5.0,4.0,2.0,6.0,2.0,COMPLETE
19,19,0.9340819904817567,2025-01-01 21:38:19.954486,2025-01-01 21:38:32.262368,0 days 00:00:12.307882,3,170,40.0,,,,,,,,,,,35.0,,,,,,,,3,3.0,,,,,,,,,,,5.0,,,,,,,,COMPLETE
20,20,0.0,2025-01-01 21:38:32.262754,2025-01-01 21:38:37.774720,0 days 00:00:05.511966,6,180,60.0,,,,,,,,,,,100.0,75.0,100.0,95.0,,,,,4,2.0,,,,,,,,,,,6.0,5.0,6.0,2.0,,,,,COMPLETE
21,21,0.9470227446971633,2025-01-01 21:38:37.775159,2025-01-01 21:38:43.079651,0 days 00:00:05.304492,1,95,,,,,,,,,,,,,,,,,,,,2,,,,,,,,,,,,,,,,,,,,COMPLETE
22,22,0.9499949994999499,2025-01-01 21:38:43.080095,2025-01-01 21:38:55.332444,0 days 00:00:12.252349,4,90,25.0,,,,,,,,,,,135.0,115.0,,,,,,,3,4.0,,,,,,,,,,,5.0,2.0,,,,,,,COMPLETE
23,23,0.0,2025-01-01 21:38:55.332889,2025-01-01 21:38:59.727220,0 days 00:00:04.394331,5,100,120.0,,,,,,,,,,,145.0,115.0,50.0,,,,,,3,5.0,,,,,,,,,,,5.0,2.0,2.0,,,,,,COMPLETE
24,24,0.0,2025-01-01 21:38:59.727731,2025-01-01 21:39:04.567622,0 days 00:00:04.839891,8,120,25.0,,,,,,,,,,,175.0,165.0,165.0,135.0,10.0,145.0,,,2,4.0,,,,,,,,,,,3.0,3.0,4.0,4.0,3.0,5.0,,,COMPLETE
25,25,0.9288194444444444,2025-01-01 21:39:04.568152,2025-01-01 21:39:09.852530,0 days 00:00:05.284378,1,90,,,,,,,,,,,,,,,,,,,,2,,,,,,,,,,,,,,,,,,,,COMPLETE
26,26,0.951473660365961,2025-01-01 21:39:09.852900,2025-01-01 21:39:18.281579,0 days 00:00:08.428679,3,140,65.0,,,,,,,,,,,130.0,,,,,,,,3,4.0,,,,,,,,,,,4.0,,,,,,,,COMPLETE
27,27,0.0,2025-01-01 21:39:18.281991,2025-01-01 21:39:25.067581,0 days 00:00:06.785590,9,130,70.0,,,,,,,,,,,130.0,125.0,135.0,50.0,160.0,80.0,150.0,,4,4.0,,,,,,,,,,,4.0,4.0,3.0,6.0,5.0,3.0,3.0,,COMPLETE
28,28,0.9424197723287595,2025-01-01 21:39:25.068124,2025-01-01 21:39:42.016882,0 days 00:00:16.948758,3,145,25.0,,,,,,,,,,,105.0,,,,,,,,3,5.0,,,,,,,,,,,4.0,,,,,,,,COMPLETE
29,29,0.0,2025-01-01 21:39:42.017292,2025-01-01 21:39:46.252772,0 days 00:00:04.235480,5,85,100.0,,,,,,,,,,,175.0,70.0,80.0,,,,,,2,3.0,,,,,,,,,,,5.0,2.0,5.0,,,,,,COMPLETE
30,30,0.0,2025-01-01 21:39:46.253218,2025-01-01 21:39:51.514757,0 days 00:00:05.261539,10,80,60.0,,,,,,,,,,,120.0,30.0,120.0,5.0,115.0,145.0,155.0,150.0,3,4.0,,,,,,,,,,,4.0,3.0,6.0,5.0,2.0,2.0,5.0,2.0,COMPLETE
31,31,0.9549998749996528,2025-01-01 21:39:51.515395,2025-01-01 21:39:57.054582,0 days 00:00:05.539187,2,115,95.0,,,,,,,,,,,,,,,,,,,3,5.0,,,,,,,,,,,,,,,,,,,COMPLETE
32,32,0.9407558932398208,2025-01-01 21:39:57.054943,2025-01-01 21:40:06.083876,0 days 00:00:09.028933,3,115,95.0,,,,,,,,,,,90.0,,,,,,,,4,5.0,,,,,,,,,,,3.0,,,,,,,,COMPLETE
33,33,0.0,2025-01-01 21:40:06.084264,2025-01-01 21:40:11.074043,0 days 00:00:04.989779,5,75,115.0,,,,,,,,,,,140.0,100.0,35.0,,,,,,3,5.0,,,,,,,,,,,5.0,4.0,2.0,,,,,,COMPLETE
34,34,0.94911514274584,2025-01-01 21:40:11.074544,2025-01-01 21:40:14.576452,0 days 00:00:03.501908,2,60,140.0,,,,,,,,,,,,,,,,,,,4,3.0,,,,,,,,,,,,,,,,,,,COMPLETE
35,35,0.0,2025-01-01 21:40:14.576825,2025-01-01 21:40:16.783345,0 days 00:00:02.206520,4,60,130.0,,,,,,,,,,,175.0,155.0,,,,,,,5,3.0,,,,,,,,,,,2.0,2.0,,,,,,,COMPLETE
36,36,0.957534664448142,2025-01-01 21:40:16.783749,2025-01-01 21:40:21.227691,0 days 00:00:04.443942,2,65,170.0,,,,,,,,,,,,,,,,,,,4,4.0,,,,,,,,,,,,,,,,,,,COMPLETE
37,37,0.0,2025-01-01 21:40:21.228053,2025-01-01 21:40:26.963401,0 days 00:00:05.735348,7,110,165.0,,,,,,,,,,,90.0,175.0,165.0,200.0,40.0,,,,4,4.0,,,,,,,,,,,4.0,5.0,4.0,3.0,4.0,,,,COMPLETE
38,38,0.9591344414827017,2025-01-01 21:40:26.963908,2025-01-01 21:40:31.580573,0 days 00:00:04.616665,2,135,90.0,,,,,,,,,,,,,,,,,,,5,4.0,,,,,,,,,,,,,,,,,,,COMPLETE
39,39,0.0,2025-01-01 21:40:31.580945,2025-01-01 21:40:43.183665,0 days 00:00:11.602720,20,155,85.0,195.0,55.0,105.0,5.0,190.0,5.0,15.0,5.0,200.0,85.0,65.0,25.0,200.0,45.0,130.0,10.0,5.0,45.0,5,4.0,3.0,3.0,6.0,6.0,2.0,2.0,6.0,2.0,6.0,5.0,2.0,5.0,3.0,6.0,5.0,6.0,3.0,5.0,COMPLETE
40,40,0.9632711989119044,2025-01-01 21:40:43.184517,2025-01-01 21:40:47.854352,0 days 00:00:04.669835,2,135,110.0,,,,,,,,,,,,,,,,,,,6,4.0,,,,,,,,,,,,,,,,,,,COMPLETE
41,41,0.9575311846564281,2025-01-01 21:40:47.854725,2025-01-01 21:40:52.575312,0 days 00:00:04.720587,2,130,105.0,,,,,,,,,,,,,,,,,,,6,4.0,,,,,,,,,,,,,,,,,,,COMPLETE
42,42,0.9448811435197574,2025-01-01 21:40:52.575686,2025-01-01 21:40:57.308789,0 days 00:00:04.733103,2,150,110.0,,,,,,,,,,,,,,,,,,,6,4.0,,,,,,,,,,,,,,,,,,,COMPLETE
43,43,0.9616721157558772,2025-01-01 21:40:57.309156,2025-01-01 21:41:01.449400,0 days 00:00:04.140244,2,130,95.0,,,,,,,,,,,,,,,,,,,6,4.0,,,,,,,,,,,,,,,,,,,COMPLETE
44,44,0.9490371354710471,2025-01-01 21:41:01.449776,2025-01-01 21:41:06.151278,0 days 00:00:04.701502,2,125,120.0,,,,,,,,,,,,,,,,,,,6,4.0,,,,,,,,,,,,,,,,,,,COMPLETE
45,45,0.0,2025-01-01 21:41:06.151730,2025-01-01 21:41:13.968851,0 days 00:00:07.817121,12,165,75.0,5.0,155.0,,,,,,,,,5.0,200.0,85.0,105.0,175.0,40.0,125.0,140.0,6,3.0,4.0,5.0,,,,,,,,,2.0,4.0,5.0,2.0,3.0,4.0,6.0,4.0,COMPLETE
46,46,0.9557253570670806,2025-01-01 21:41:13.969456,2025-01-01 21:41:29.837937,0 days 00:00:15.868481,4,130,130.0,,,,,,,,,,,30.0,55.0,,,,,,,5,4.0,,,,,,,,,,,3.0,6.0,,,,,,,COMPLETE
47,47,0.0,2025-01-01 21:41:29.838405,2025-01-01 21:41:36.937196,0 days 00:00:07.098791,14,25,90.0,145.0,65.0,195.0,15.0,,,,,,,190.0,70.0,5.0,150.0,50.0,90.0,175.0,50.0,6,4.0,3.0,3.0,2.0,2.0,,,,,,,6.0,5.0,6.0,4.0,2.0,5.0,2.0,5.0,COMPLETE
48,48,0.9401477832512315,2025-01-01 21:41:36.937874,2025-01-01 21:41:43.327932,0 days 00:00:06.390058,1,105,,,,,,,,,,,,,,,,,,,,6,,,,,,,,,,,,,,,,,,,,COMPLETE
49,49,0.0,2025-01-01 21:41:43.328286,2025-01-01 21:41:46.888218,0 days 00:00:03.559932,6,135,165.0,,,,,,,,,,,75.0,20.0,180.0,35.0,,,,,5,4.0,,,,,,,,,,,2.0,3.0,2.0,5.0,,,,,COMPLETE
50,50,0.0,2025-01-01 21:41:46.888680,2025-01-01 21:41:51.906380,0 days 00:00:05.017700,5,165,105.0,,,,,,,,,,,115.0,55.0,120.0,,,,,,5,3.0,,,,,,,,,,,3.0,6.0,4.0,,,,,,COMPLETE
51,51,0.9565943238731218,2025-01-01 21:41:51.906829,2025-01-01 21:41:56.141041,0 days 00:00:04.234212,2,125,130.0,,,,,,,,,,,,,,,,,,,5,4.0,,,,,,,,,,,,,,,,,,,COMPLETE
52,52,0.9557957707289928,2025-01-01 21:41:56.141402,2025-01-01 21:42:00.346652,0 days 00:00:04.205250,2,125,145.0,,,,,,,,,,,,,,,,,,,6,4.0,,,,,,,,,,,,,,,,,,,COMPLETE
53,53,0.9502258433390509,2025-01-01 21:42:00.347014,2025-01-01 21:42:06.335409,0 days 00:00:05.988395,1,145,,,,,,,,,,,,,,,,,,,,5,,,,,,,,,,,,,,,,,,,,COMPLETE
54,54,0.9499994444382716,2025-01-01 21:42:06.335762,2025-01-01 21:42:16.504614,0 days 00:00:10.168852,3,140,130.0,,,,,,,,,,,25.0,,,,,,,,6,4.0,,,,,,,,,,,6.0,,,,,,,,COMPLETE
55,55,0.0,2025-01-01 21:42:16.505099,2025-01-01 21:42:20.250581,0 days 00:00:03.745482,4,155,180.0,,,,,,,,,,,90.0,140.0,,,,,,,5,4.0,,,,,,,,,,,2.0,4.0,,,,,,,COMPLETE
56,56,0.947237349289588,2025-01-01 21:42:20.251001,2025-01-01 21:42:25.633745,0 days 00:00:05.382744,2,110,155.0,,,,,,,,,,,,,,,,,,,6,5.0,,,,,,,,,,,,,,,,,,,COMPLETE
57,57,0.9430601270223912,2025-01-01 21:42:25.634180,2025-01-01 21:42:32.038797,0 days 00:00:06.404617,1,125,,,,,,,,,,,,,,,,,,,,6,,,,,,,,,,,,,,,,,,,,COMPLETE
58,58,0.949913037661382,2025-01-01 21:42:32.039150,2025-01-01 21:42:38.459841,0 days 00:00:06.420691,3,135,80.0,,,,,,,,,,,155.0,,,,,,,,5,4.0,,,,,,,,,,,3.0,,,,,,,,COMPLETE
59,59,0.9441176634260625,2025-01-01 21:42:38.460246,2025-01-01 21:42:56.702339,0 days 00:00:18.242093,4,120,110.0,,,,,,,,,,,185.0,40.0,,,,,,,6,4.0,,,,,,,,,,,5.0,6.0,,,,,,,COMPLETE
60,60,0.9570446548211737,2025-01-01 21:42:56.702772,2025-01-01 21:43:02.625753,0 days 00:00:05.922981,1,50,,,,,,,,,,,,,,,,,,,,5,,,,,,,,,,,,,,,,,,,,COMPLETE
61,61,0.9420782851817335,2025-01-01 21:43:02.626098,2025-01-01 21:43:08.521328,0 days 00:00:05.895230,1,50,,,,,,,,,,,,,,,,,,,,5,,,,,,,,,,,,,,,,,,,,COMPLETE
62,62,0.9590649968453554,2025-01-01 21:43:08.521696,2025-01-01 21:43:12.827467,0 days 00:00:04.305771,2,35,100.0,,,,,,,,,,,,,,,,,,,5,3.0,,,,,,,,,,,,,,,,,,,COMPLETE
63,63,0.0,2025-01-01 21:43:12.827838,2025-01-01 21:43:28.262257,0 days 00:00:15.434419,18,30,100.0,160.0,60.0,90.0,55.0,10.0,65.0,200.0,55.0,,,60.0,90.0,40.0,65.0,95.0,70.0,95.0,195.0,6,3.0,6.0,6.0,3.0,6.0,4.0,5.0,6.0,6.0,,,2.0,5.0,3.0,3.0,4.0,3.0,5.0,4.0,COMPLETE
64,64,0.9424425399298793,2025-01-01 21:43:28.263137,2025-01-01 21:43:32.008682,0 days 00:00:03.745545,2,40,85.0,,,,,,,,,,,,,,,,,,,5,3.0,,,,,,,,,,,,,,,,,,,COMPLETE
65,65,0.9540355677154583,2025-01-01 21:43:32.009114,2025-01-01 21:43:40.008686,0 days 00:00:07.999572,3,50,110.0,,,,,,,,,,,165.0,,,,,,,,4,3.0,,,,,,,,,,,6.0,,,,,,,,COMPLETE
66,66,0.9402688486265343,2025-01-01 21:43:40.009083,2025-01-01 21:43:46.317295,0 days 00:00:06.308212,1,70,,,,,,,,,,,,,,,,,,,,6,,,,,,,,,,,,,,,,,,,,COMPLETE
67,67,0.956738768718802,2025-01-01 21:43:46.317673,2025-01-01 21:43:51.997517,0 days 00:00:05.679844,3,30,75.0,,,,,,,,,,,15.0,,,,,,,,5,5.0,,,,,,,,,,,3.0,,,,,,,,COMPLETE
68,68,0.0,2025-01-01 21:43:51.997914,2025-01-01 21:43:56.894053,0 days 00:00:04.896139,5,55,90.0,,,,,,,,,,,45.0,100.0,110.0,,,,,,6,2.0,,,,,,,,,,,5.0,6.0,5.0,,,,,,COMPLETE
69,69,0.9337963875779002,2025-01-01 21:43:56.894506,2025-01-01 21:44:02.619293,0 days 00:00:05.724787,1,15,,,,,,,,,,,,,,,,,,,,4,,,,,,,,,,,,,,,,,,,,COMPLETE
70,70,0.9498399026832031,2025-01-01 21:44:02.619652,2025-01-01 21:44:05.768231,0 days 00:00:03.148579,2,40,45.0,,,,,,,,,,,,,,,,,,,5,4.0,,,,,,,,,,,,,,,,,,,COMPLETE
71,71,0.9432788051209103,2025-01-01 21:44:05.768612,2025-01-01 21:44:12.289886,0 days 00:00:06.521274,3,20,70.0,,,,,,,,,,,15.0,,,,,,,,5,6.0,,,,,,,,,,,3.0,,,,,,,,COMPLETE
72,72,0.9407869107908065,2025-01-01 21:44:12.290284,2025-01-01 21:44:17.905664,0 days 00:00:05.615380,3,30,80.0,,,,,,,,,,,80.0,,,,,,,,5,5.0,,,,,,,,,,,3.0,,,,,,,,COMPLETE
73,73,0.943012348727388,2025-01-01 21:44:17.906063,2025-01-01 21:44:22.902045,0 days 00:00:04.995982,2,35,120.0,,,,,,,,,,,,,,,,,,,4,6.0,,,,,,,,,,,,,,,,,,,COMPLETE
74,74,0.7687262006137631,2025-01-01 21:44:22.902415,2025-01-01 21:44:28.679095,0 days 00:00:05.776680,1,5,,,,,,,,,,,,,,,,,,,,5,,,,,,,,,,,,,,,,,,,,COMPLETE
75,75,0.9482374188945126,2025-01-01 21:44:28.679548,2025-01-01 21:44:37.095624,0 days 00:00:08.416076,4,65,95.0,,,,,,,,,,,10.0,185.0,,,,,,,6,5.0,,,,,,,,,,,4.0,3.0,,,,,,,COMPLETE
76,76,0.9406443182389305,2025-01-01 21:44:37.096049,2025-01-01 21:44:42.240445,0 days 00:00:05.144396,3,45,60.0,,,,,,,,,,,35.0,,,,,,,,5,5.0,,,,,,,,,,,3.0,,,,,,,,COMPLETE
77,77,0.0,2025-01-01 21:44:42.240906,2025-01-01 21:44:51.280908,0 days 00:00:09.040002,14,145,105.0,75.0,200.0,95.0,45.0,,,,,,,50.0,40.0,90.0,115.0,25.0,160.0,55.0,135.0,4,4.0,2.0,2.0,6.0,2.0,,,,,,,2.0,4.0,5.0,4.0,6.0,2.0,3.0,2.0,COMPLETE
78,78,0.9373457445026412,2025-01-01 21:44:51.281576,2025-01-01 21:44:55.372259,0 days 00:00:04.090683,2,20,75.0,,,,,,,,,,,,,,,,,,,6,4.0,,,,,,,,,,,,,,,,,,,COMPLETE
79,79,0.0,2025-01-01 21:44:55.372656,2025-01-01 21:45:01.943298,0 days 00:00:06.570642,6,95,185.0,,,,,,,,,,,20.0,145.0,70.0,85.0,,,,,4,5.0,,,,,,,,,,,4.0,5.0,4.0,6.0,,,,,COMPLETE
80,80,0.0,2025-01-01 21:45:01.943795,2025-01-01 21:45:05.790551,0 days 00:00:03.846756,4,75,55.0,,,,,,,,,,,60.0,160.0,,,,,,,6,4.0,,,,,,,,,,,3.0,6.0,,,,,,,COMPLETE
81,81,0.9549998749996528,2025-01-01 21:45:05.790986,2025-01-01 21:45:10.193548,0 days 00:00:04.402562,2,120,115.0,,,,,,,,,,,,,,,,,,,5,4.0,,,,,,,,,,,,,,,,,,,COMPLETE
82,82,0.9438805571599818,2025-01-01 21:45:10.193925,2025-01-01 21:45:16.187761,0 days 00:00:05.993836,1,130,,,,,,,,,,,,,,,,,,,,5,,,,,,,,,,,,,,,,,,,,COMPLETE
83,83,0.9599425839987736,2025-01-01 21:45:16.188121,2025-01-01 21:45:20.922291,0 days 00:00:04.734170,2,140,125.0,,,,,,,,,,,,,,,,,,,5,4.0,,,,,,,,,,,,,,,,,,,COMPLETE
84,84,0.9533328148090534,2025-01-01 21:45:20.922677,2025-01-01 21:45:27.103827,0 days 00:00:06.181150,3,155,90.0,,,,,,,,,,,80.0,,,,,,,,5,4.0,,,,,,,,,,,2.0,,,,,,,,COMPLETE
85,85,0.9455915008490443,2025-01-01 21:45:27.104214,2025-01-01 21:45:33.033431,0 days 00:00:05.929217,1,35,,,,,,,,,,,,,,,,,,,,5,,,,,,,,,,,,,,,,,,,,COMPLETE
86,86,0.9623529411764706,2025-01-01 21:45:33.033899,2025-01-01 21:45:37.805280,0 days 00:00:04.771381,2,140,100.0,,,,,,,,,,,,,,,,,,,6,4.0,,,,,,,,,,,,,,,,,,,COMPLETE
87,87,0.9616614483638051,2025-01-01 21:45:37.805665,2025-01-01 21:45:42.981087,0 days 00:00:05.175422,2,140,125.0,,,,,,,,,,,,,,,,,,,6,4.0,,,,,,,,,,,,,,,,,,,COMPLETE
88,88,0.0,2025-01-01 21:45:42.981466,2025-01-01 21:45:47.070745,0 days 00:00:04.089279,4,140,100.0,,,,,,,,,,,200.0,75.0,,,,,,,6,4.0,,,,,,,,,,,5.0,2.0,,,,,,,COMPLETE
89,89,0.9532554257095158,2025-01-01 21:45:47.071171,2025-01-01 21:45:52.836140,0 days 00:00:05.764969,2,150,125.0,,,,,,,,,,,,,,,,,,,6,4.0,,,,,,,,,,,,,,,,,,,COMPLETE
90,90,0.9557202680067002,2025-01-01 21:45:52.836575,2025-01-01 21:45:57.808455,0 days 00:00:04.971880,2,165,115.0,,,,,,,,,,,,,,,,,,,6,4.0,,,,,,,,,,,,,,,,,,,COMPLETE
91,91,0.0,2025-01-01 21:45:57.808838,2025-01-01 21:46:05.893216,0 days 00:00:08.084378,11,135,135.0,120.0,,,,,,,,,,100.0,130.0,150.0,140.0,55.0,115.0,110.0,55.0,6,4.0,4.0,,,,,,,,,,6.0,3.0,3.0,2.0,3.0,4.0,6.0,3.0,COMPLETE
92,92,0.9458556360993073,2025-01-01 21:46:05.893828,2025-01-01 21:46:12.394655,0 days 00:00:06.500827,1,150,,,,,,,,,,,,,,,,,,,,6,,,,,,,,,,,,,,,,,,,,COMPLETE
93,93,0.9391113930672188,2025-01-01 21:46:12.395012,2025-01-01 21:46:22.485448,0 days 00:00:10.090436,3,140,105.0,,,,,,,,,,,150.0,,,,,,,,6,4.0,,,,,,,,,,,6.0,,,,,,,,COMPLETE
94,94,0.9574672921640317,2025-01-01 21:46:22.485864,2025-01-01 21:46:26.336063,0 days 00:00:03.850199,2,130,95.0,,,,,,,,,,,,,,,,,,,6,3.0,,,,,,,,,,,,,,,,,,,COMPLETE
95,95,0.9599751077229957,2025-01-01 21:46:26.336432,2025-01-01 21:46:29.893926,0 days 00:00:03.557494,2,130,95.0,,,,,,,,,,,,,,,,,,,6,3.0,,,,,,,,,,,,,,,,,,,COMPLETE
96,96,0.9541220074126013,2025-01-01 21:46:29.894290,2025-01-01 21:46:37.290279,0 days 00:00:07.395989,3,115,110.0,,,,,,,,,,,185.0,,,,,,,,6,3.0,,,,,,,,,,,5.0,,,,,,,,COMPLETE
97,97,0.0,2025-01-01 21:46:37.290690,2025-01-01 21:46:41.913177,0 days 00:00:04.622487,4,135,100.0,,,,,,,,,,,165.0,185.0,,,,,,,6,4.0,,,,,,,,,,,4.0,4.0,,,,,,,COMPLETE
98,98,0.9442148874924431,2025-01-01 21:46:41.913706,2025-01-01 21:46:44.570407,0 days 00:00:02.656701,2,145,125.0,,,,,,,,,,,,,,,,,,,6,2.0,,,,,,,,,,,,,,,,,,,COMPLETE
99,99,0.9382121435101567,2025-01-01 21:46:44.570786,2025-01-01 21:47:12.066285,0 days 00:00:27.495499,5,160,85.0,,,,,,,,,,,125.0,15.0,185.0,,,,,,6,3.0,,,,,,,,,,,5.0,6.0,5.0,,,,,,COMPLETE
100,100,0.9466613327999467,2025-01-01 21:47:12.066810,2025-01-01 21:47:21.332504,0 days 00:00:09.265694,3,125,95.0,,,,,,,,,,,110.0,,,,,,,,6,4.0,,,,,,,,,,,6.0,,,,,,,,COMPLETE
101,101,0.9583304396138621,2025-01-01 21:47:21.332910,2025-01-01 21:47:25.010986,0 days 00:00:03.678076,2,130,95.0,,,,,,,,,,,,,,,,,,,6,3.0,,,,,,,,,,,,,,,,,,,COMPLETE
102,102,0.9507929883138564,2025-01-01 21:47:25.011371,2025-01-01 21:47:28.692822,0 days 00:00:03.681451,2,135,105.0,,,,,,,,,,,,,,,,,,,6,3.0,,,,,,,,,,,,,,,,,,,COMPLETE
103,103,0.9431738771361413,2025-01-01 21:47:28.693199,2025-01-01 21:47:35.170827,0 days 00:00:06.477628,1,130,,,,,,,,,,,,,,,,,,,,6,,,,,,,,,,,,,,,,,,,,COMPLETE
104,104,0.9624315223400512,2025-01-01 21:47:35.171191,2025-01-01 21:47:38.673428,0 days 00:00:03.502237,2,110,90.0,,,,,,,,,,,,,,,,,,,6,3.0,,,,,,,,,,,,,,,,,,,COMPLETE
105,105,0.949913037661382,2025-01-01 21:47:38.673808,2025-01-01 21:47:44.374602,0 days 00:00:05.700794,3,105,85.0,,,,,,,,,,,140.0,,,,,,,,6,3.0,,,,,,,,,,,4.0,,,,,,,,COMPLETE
106,106,0.9410573151454833,2025-01-01 21:47:44.375005,2025-01-01 21:47:50.767472,0 days 00:00:06.392467,1,110,,,,,,,,,,,,,,,,,,,,6,,,,,,,,,,,,,,,,,,,,COMPLETE
107,107,0.9566661851798354,2025-01-01 21:47:50.767912,2025-01-01 21:47:54.088064,0 days 00:00:03.320152,2,120,95.0,,,,,,,,,,,,,,,,,,,6,3.0,,,,,,,,,,,,,,,,,,,COMPLETE
108,108,0.0,2025-01-01 21:47:54.088443,2025-01-01 21:47:57.315338,0 days 00:00:03.226895,4,145,155.0,,,,,,,,,,,95.0,5.0,,,,,,,4,3.0,,,,,,,,,,,4.0,2.0,,,,,,,COMPLETE
109,109,0.9457840356096774,2025-01-01 21:47:57.315746,2025-01-01 21:48:03.769620,0 days 00:00:06.453874,1,140,,,,,,,,,,,,,,,,,,,,6,,,,,,,,,,,,,,,,,,,,COMPLETE
110,110,0.9591344414827017,2025-01-01 21:48:03.770045,2025-01-01 21:48:07.387692,0 days 00:00:03.617647,2,120,90.0,,,,,,,,,,,,,,,,,,,6,3.0,,,,,,,,,,,,,,,,,,,COMPLETE
