,number,value,datetime_start,datetime_complete,duration,params_depth,params_neurons_layer_0,params_neurons_layer_1,params_neurons_layer_10,params_neurons_layer_11,params_neurons_layer_12,params_neurons_layer_13,params_neurons_layer_14,params_neurons_layer_15,params_neurons_layer_16,params_neurons_layer_17,params_neurons_layer_18,params_neurons_layer_19,params_neurons_layer_2,params_neurons_layer_3,params_neurons_layer_4,params_neurons_layer_5,params_neurons_layer_6,params_neurons_layer_7,params_neurons_layer_8,params_neurons_layer_9,params_orders_layer_0,params_orders_layer_1,params_orders_layer_10,params_orders_layer_11,params_orders_layer_12,params_orders_layer_13,params_orders_layer_14,params_orders_layer_15,params_orders_layer_16,params_orders_layer_17,params_orders_layer_18,params_orders_layer_19,params_orders_layer_2,params_orders_layer_3,params_orders_layer_4,params_orders_layer_5,params_orders_layer_6,params_orders_layer_7,params_orders_layer_8,params_orders_layer_9,state
369,369,0.9057466028242829,2024-12-31 22:36:15.977956,2024-12-31 22:36:40.862015,0 days 00:00:24.884059,1,45,,,,,,,,,,,,,,,,,,,,6,,,,,,,,,,,,,,,,,,,,COMPLETE
370,370,0.8775553276533883,2024-12-31 22:36:40.862754,2024-12-31 22:37:35.466848,0 days 00:00:54.604094,2,45,75.0,,,,,,,,,,,,,,,,,,,6,5.0,,,,,,,,,,,,,,,,,,,COMPLETE
371,371,0.6649807052680164,2024-12-31 22:37:35.467624,2024-12-31 22:38:00.597931,0 days 00:00:25.130307,1,45,,,,,,,,,,,,,,,,,,,,6,,,,,,,,,,,,,,,,,,,,COMPLETE
372,372,0.8954025015965708,2024-12-31 22:38:00.598454,2024-12-31 22:38:19.856949,0 days 00:00:19.258495,1,40,,,,,,,,,,,,,,,,,,,,6,,,,,,,,,,,,,,,,,,,,COMPLETE
373,373,0.6762308636773454,2024-12-31 22:38:19.857567,2024-12-31 22:38:43.705851,0 days 00:00:23.848284,1,45,,,,,,,,,,,,,,,,,,,,6,,,,,,,,,,,,,,,,,,,,COMPLETE
374,374,0.8801876710300067,2024-12-31 22:38:43.706493,2024-12-31 22:39:19.674958,0 days 00:00:35.968465,2,40,120.0,,,,,,,,,,,,,,,,,,,6,3.0,,,,,,,,,,,,,,,,,,,COMPLETE
375,375,0.9034032998584818,2024-12-31 22:39:19.675710,2024-12-31 22:39:40.787006,0 days 00:00:21.111296,1,45,,,,,,,,,,,,,,,,,,,,6,,,,,,,,,,,,,,,,,,,,COMPLETE
376,376,0.8767078253794456,2024-12-31 22:39:40.787544,2024-12-31 22:40:39.425216,0 days 00:00:58.637672,2,35,150.0,,,,,,,,,,,,,,,,,,,6,6.0,,,,,,,,,,,,,,,,,,,COMPLETE
377,377,0.8744588052505805,2024-12-31 22:40:39.425986,2024-12-31 22:41:04.126008,0 days 00:00:24.700022,1,105,,,,,,,,,,,,,,,,,,,,6,,,,,,,,,,,,,,,,,,,,COMPLETE
378,378,0.8993905980552198,2024-12-31 22:41:04.126757,2024-12-31 22:41:30.664862,0 days 00:00:26.538105,1,125,,,,,,,,,,,,,,,,,,,,6,,,,,,,,,,,,,,,,,,,,COMPLETE
379,379,0.0,2024-12-31 22:41:30.665376,2024-12-31 22:43:45.664385,0 days 00:02:14.999009,20,40,55.0,195.0,200.0,200.0,45.0,90.0,140.0,100.0,85.0,125.0,100.0,190.0,175.0,100.0,100.0,125.0,105.0,5.0,80.0,6,4.0,3.0,4.0,5.0,4.0,3.0,5.0,5.0,5.0,4.0,2.0,6.0,3.0,6.0,4.0,6.0,5.0,5.0,6.0,COMPLETE
380,380,0.6498052853196044,2024-12-31 22:43:45.665617,2024-12-31 22:44:09.320324,0 days 00:00:23.654707,1,45,,,,,,,,,,,,,,,,,,,,6,,,,,,,,,,,,,,,,,,,,COMPLETE
381,381,0.9031360367079928,2024-12-31 22:44:09.321002,2024-12-31 22:44:32.354617,0 days 00:00:23.033615,1,25,,,,,,,,,,,,,,,,,,,,6,,,,,,,,,,,,,,,,,,,,COMPLETE
382,382,0.9079276234892769,2024-12-31 22:44:32.355277,2024-12-31 22:44:55.713828,0 days 00:00:23.358551,1,35,,,,,,,,,,,,,,,,,,,,6,,,,,,,,,,,,,,,,,,,,COMPLETE
383,383,0.8814593465569898,2024-12-31 22:44:55.714490,2024-12-31 22:45:25.381363,0 days 00:00:29.666873,2,35,90.0,,,,,,,,,,,,,,,,,,,6,2.0,,,,,,,,,,,,,,,,,,,COMPLETE
384,384,0.8985937913368197,2024-12-31 22:45:25.382093,2024-12-31 22:45:49.890146,0 days 00:00:24.508053,1,40,,,,,,,,,,,,,,,,,,,,6,,,,,,,,,,,,,,,,,,,,COMPLETE
385,385,0.8763735718061783,2024-12-31 22:45:49.890810,2024-12-31 22:46:38.542661,0 days 00:00:48.651851,2,35,65.0,,,,,,,,,,,,,,,,,,,6,5.0,,,,,,,,,,,,,,,,,,,COMPLETE
386,386,0.0,2024-12-31 22:46:38.543385,2024-12-31 22:47:11.727140,0 days 00:00:33.183755,5,40,25.0,,,,,,,,,,,130.0,85.0,125.0,,,,,,6,3.0,,,,,,,,,,,2.0,6.0,4.0,,,,,,COMPLETE
387,387,0.8914931029025304,2024-12-31 22:47:11.727959,2024-12-31 22:47:33.565951,0 days 00:00:21.837992,1,30,,,,,,,,,,,,,,,,,,,,6,,,,,,,,,,,,,,,,,,,,COMPLETE
388,388,0.8598225147013896,2024-12-31 22:47:33.566602,2024-12-31 22:47:57.449669,0 days 00:00:23.883067,1,35,,,,,,,,,,,,,,,,,,,,6,,,,,,,,,,,,,,,,,,,,COMPLETE
389,389,0.8718128494879023,2024-12-31 22:47:57.450354,2024-12-31 22:49:22.774835,0 days 00:01:25.324481,2,90,115.0,,,,,,,,,,,,,,,,,,,6,5.0,,,,,,,,,,,,,,,,,,,COMPLETE
390,390,0.4328443107726322,2024-12-31 22:49:22.775671,2024-12-31 22:49:47.531345,0 days 00:00:24.755674,1,55,,,,,,,,,,,,,,,,,,,,6,,,,,,,,,,,,,,,,,,,,COMPLETE
391,391,0.0,2024-12-31 22:49:47.532011,2024-12-31 22:51:00.427906,0 days 00:01:12.895895,12,45,175.0,110.0,160.0,,,,,,,,,140.0,20.0,155.0,165.0,20.0,35.0,80.0,20.0,6,2.0,5.0,6.0,,,,,,,,,3.0,4.0,6.0,6.0,5.0,2.0,6.0,2.0,COMPLETE
392,392,0.6943950340230418,2024-12-31 22:51:00.429078,2024-12-31 22:51:24.224957,0 days 00:00:23.795879,1,40,,,,,,,,,,,,,,,,,,,,6,,,,,,,,,,,,,,,,,,,,COMPLETE
393,393,0.8736054465535108,2024-12-31 22:51:24.225661,2024-12-31 22:53:44.632078,0 days 00:02:20.406417,3,35,125.0,,,,,,,,,,,90.0,,,,,,,,6,6.0,,,,,,,,,,,5.0,,,,,,,,COMPLETE
394,394,0.9094120796418852,2024-12-31 22:53:44.632953,2024-12-31 22:54:06.834757,0 days 00:00:22.201804,1,30,,,,,,,,,,,,,,,,,,,,6,,,,,,,,,,,,,,,,,,,,COMPLETE
395,395,0.8091993143202976,2024-12-31 22:54:06.835313,2024-12-31 22:54:28.510800,0 days 00:00:21.675487,1,30,,,,,,,,,,,,,,,,,,,,6,,,,,,,,,,,,,,,,,,,,COMPLETE
396,396,0.8881282883107701,2024-12-31 22:54:28.511453,2024-12-31 22:54:49.488665,0 days 00:00:20.977212,1,30,,,,,,,,,,,,,,,,,,,,6,,,,,,,,,,,,,,,,,,,,COMPLETE
397,397,0.8783427445258016,2024-12-31 22:54:49.489338,2024-12-31 22:55:31.802428,0 days 00:00:42.313090,2,35,185.0,,,,,,,,,,,,,,,,,,,6,4.0,,,,,,,,,,,,,,,,,,,COMPLETE
398,398,0.5255133628046518,2024-12-31 22:55:31.803247,2024-12-31 22:55:55.031695,0 days 00:00:23.228448,1,40,,,,,,,,,,,,,,,,,,,,6,,,,,,,,,,,,,,,,,,,,COMPLETE
399,399,0.8796546823041325,2024-12-31 22:55:55.032246,2024-12-31 22:56:28.891547,0 days 00:00:33.859301,2,30,200.0,,,,,,,,,,,,,,,,,,,6,3.0,,,,,,,,,,,,,,,,,,,COMPLETE
400,400,0.847786203959848,2024-12-31 22:56:28.892371,2024-12-31 22:56:53.080909,0 days 00:00:24.188538,1,25,,,,,,,,,,,,,,,,,,,,6,,,,,,,,,,,,,,,,,,,,COMPLETE
401,401,0.8758463865945096,2024-12-31 22:56:53.081579,2024-12-31 22:57:38.305199,0 days 00:00:45.223620,2,45,100.0,,,,,,,,,,,,,,,,,,,6,4.0,,,,,,,,,,,,,,,,,,,COMPLETE
402,402,0.7333563783697098,2024-12-31 22:57:38.305870,2024-12-31 22:58:02.252672,0 days 00:00:23.946802,1,35,,,,,,,,,,,,,,,,,,,,6,,,,,,,,,,,,,,,,,,,,COMPLETE
403,403,0.8856112488896877,2024-12-31 22:58:02.253430,2024-12-31 22:58:26.181278,0 days 00:00:23.927848,1,35,,,,,,,,,,,,,,,,,,,,6,,,,,,,,,,,,,,,,,,,,COMPLETE
404,404,0.8883075263719836,2024-12-31 22:58:26.181812,2024-12-31 22:58:56.190638,0 days 00:00:30.008826,2,45,10.0,,,,,,,,,,,,,,,,,,,6,2.0,,,,,,,,,,,,,,,,,,,COMPLETE
405,405,0.9099359758052072,2024-12-31 22:58:56.191385,2024-12-31 22:59:18.264953,0 days 00:00:22.073568,1,25,,,,,,,,,,,,,,,,,,,,6,,,,,,,,,,,,,,,,,,,,COMPLETE
406,406,0.9062114703855694,2024-12-31 22:59:18.265497,2024-12-31 22:59:41.922017,0 days 00:00:23.656520,1,25,,,,,,,,,,,,,,,,,,,,6,,,,,,,,,,,,,,,,,,,,COMPLETE
407,407,0.8265118840047719,2024-12-31 22:59:41.922796,2024-12-31 23:00:04.019834,0 days 00:00:22.097038,1,25,,,,,,,,,,,,,,,,,,,,6,,,,,,,,,,,,,,,,,,,,COMPLETE
408,408,0.0,2024-12-31 23:00:04.020364,2024-12-31 23:02:00.945125,0 days 00:01:56.924761,16,25,155.0,35.0,85.0,40.0,170.0,40.0,55.0,,,,,185.0,145.0,200.0,30.0,190.0,75.0,115.0,115.0,6,6.0,2.0,3.0,6.0,2.0,6.0,3.0,,,,,4.0,3.0,2.0,5.0,3.0,4.0,5.0,5.0,COMPLETE
409,409,0.8842141343581882,2024-12-31 23:02:00.946276,2024-12-31 23:02:43.479840,0 days 00:00:42.533564,2,25,160.0,,,,,,,,,,,,,,,,,,,6,5.0,,,,,,,,,,,,,,,,,,,COMPLETE
410,410,0.873085786775001,2024-12-31 23:02:43.480675,2024-12-31 23:03:07.555000,0 days 00:00:24.074325,1,30,,,,,,,,,,,,,,,,,,,,6,,,,,,,,,,,,,,,,,,,,COMPLETE
411,411,0.8486951937407442,2024-12-31 23:03:07.555584,2024-12-31 23:03:30.022448,0 days 00:00:22.466864,1,30,,,,,,,,,,,,,,,,,,,,6,,,,,,,,,,,,,,,,,,,,COMPLETE
412,412,0.910327066637628,2024-12-31 23:03:30.023266,2024-12-31 23:03:52.249463,0 days 00:00:22.226197,1,25,,,,,,,,,,,,,,,,,,,,6,,,,,,,,,,,,,,,,,,,,COMPLETE
413,413,0.8846714574945698,2024-12-31 23:03:52.250027,2024-12-31 23:04:16.131977,0 days 00:00:23.881950,1,25,,,,,,,,,,,,,,,,,,,,6,,,,,,,,,,,,,,,,,,,,COMPLETE
414,414,0.0,2024-12-31 23:04:16.132770,2024-12-31 23:04:49.046825,0 days 00:00:32.914055,7,30,15.0,,,,,,,,,,,150.0,65.0,15.0,15.0,70.0,,,,6,3.0,,,,,,,,,,,2.0,5.0,5.0,4.0,4.0,,,,COMPLETE
415,415,0.8770019183523314,2024-12-31 23:04:49.047546,2024-12-31 23:07:55.556149,0 days 00:03:06.508603,3,25,165.0,,,,,,,,,,,70.0,,,,,,,,6,4.0,,,,,,,,,,,6.0,,,,,,,,COMPLETE
416,416,0.8635051252396266,2024-12-31 23:07:55.557008,2024-12-31 23:08:18.939979,0 days 00:00:23.382971,1,30,,,,,,,,,,,,,,,,,,,,6,,,,,,,,,,,,,,,,,,,,COMPLETE
417,417,0.8812652758422344,2024-12-31 23:08:18.940653,2024-12-31 23:08:58.114237,0 days 00:00:39.173584,2,20,135.0,,,,,,,,,,,,,,,,,,,6,5.0,,,,,,,,,,,,,,,,,,,COMPLETE
418,418,0.8864339850799989,2024-12-31 23:08:58.114977,2024-12-31 23:09:26.647008,0 days 00:00:28.532031,2,25,140.0,,,,,,,,,,,,,,,,,,,6,2.0,,,,,,,,,,,,,,,,,,,COMPLETE
419,419,0.8855312044714587,2024-12-31 23:09:26.647824,2024-12-31 23:09:50.445139,0 days 00:00:23.797315,1,30,,,,,,,,,,,,,,,,,,,,6,,,,,,,,,,,,,,,,,,,,COMPLETE
420,420,0.8805989154709841,2024-12-31 23:09:50.445679,2024-12-31 23:10:13.704854,0 days 00:00:23.259175,1,35,,,,,,,,,,,,,,,,,,,,6,,,,,,,,,,,,,,,,,,,,COMPLETE
421,421,0.8775750954492361,2024-12-31 23:10:13.705639,2024-12-31 23:11:11.216242,0 days 00:00:57.510603,2,35,95.0,,,,,,,,,,,,,,,,,,,6,6.0,,,,,,,,,,,,,,,,,,,COMPLETE
422,422,0.8519216240197922,2024-12-31 23:11:11.217047,2024-12-31 23:11:34.226980,0 days 00:00:23.009933,1,25,,,,,,,,,,,,,,,,,,,,6,,,,,,,,,,,,,,,,,,,,COMPLETE
423,423,0.7249341123762036,2024-12-31 23:11:34.227516,2024-12-31 23:11:58.130361,0 days 00:00:23.902845,1,30,,,,,,,,,,,,,,,,,,,,6,,,,,,,,,,,,,,,,,,,,COMPLETE
424,424,0.8822276630635361,2024-12-31 23:11:58.131147,2024-12-31 23:12:19.999071,0 days 00:00:21.867924,1,20,,,,,,,,,,,,,,,,,,,,6,,,,,,,,,,,,,,,,,,,,COMPLETE
425,425,0.9094282505454045,2024-12-31 23:12:19.999614,2024-12-31 23:12:42.074189,0 days 00:00:22.074575,1,40,,,,,,,,,,,,,,,,,,,,6,,,,,,,,,,,,,,,,,,,,COMPLETE
426,426,0.0,2024-12-31 23:12:42.074869,2024-12-31 23:13:38.387581,0 days 00:00:56.312712,10,40,110.0,,,,,,,,,,,200.0,200.0,85.0,200.0,165.0,130.0,200.0,155.0,6,3.0,,,,,,,,,,,5.0,2.0,3.0,2.0,2.0,3.0,6.0,2.0,COMPLETE
427,427,0.8757965788444744,2024-12-31 23:13:38.388595,2024-12-31 23:14:20.630634,0 days 00:00:42.242039,2,40,40.0,,,,,,,,,,,,,,,,,,,6,4.0,,,,,,,,,,,,,,,,,,,COMPLETE
428,428,0.9086456431627401,2024-12-31 23:14:20.631330,2024-12-31 23:14:44.691154,0 days 00:00:24.059824,1,40,,,,,,,,,,,,,,,,,,,,6,,,,,,,,,,,,,,,,,,,,COMPLETE
429,429,0.8797684489898905,2024-12-31 23:14:44.691852,2024-12-31 23:15:41.799965,0 days 00:00:57.108113,2,35,80.0,,,,,,,,,,,,,,,,,,,6,6.0,,,,,,,,,,,,,,,,,,,COMPLETE
430,430,0.8832859073285046,2024-12-31 23:15:41.800765,2024-12-31 23:16:05.175771,0 days 00:00:23.375006,1,40,,,,,,,,,,,,,,,,,,,,6,,,,,,,,,,,,,,,,,,,,COMPLETE
431,431,0.8844628692884963,2024-12-31 23:16:05.176404,2024-12-31 23:16:27.891217,0 days 00:00:22.714813,1,35,,,,,,,,,,,,,,,,,,,,6,,,,,,,,,,,,,,,,,,,,COMPLETE
432,432,0.8822612348872432,2024-12-31 23:16:27.891880,2024-12-31 23:17:18.912965,0 days 00:00:51.021085,2,40,50.0,,,,,,,,,,,,,,,,,,,6,5.0,,,,,,,,,,,,,,,,,,,COMPLETE
433,433,0.8779293077513197,2024-12-31 23:17:18.913772,2024-12-31 23:17:42.795624,0 days 00:00:23.881852,1,35,,,,,,,,,,,,,,,,,,,,6,,,,,,,,,,,,,,,,,,,,COMPLETE
434,434,0.8663007194776747,2024-12-31 23:17:42.796273,2024-12-31 23:18:05.887314,0 days 00:00:23.091041,1,50,,,,,,,,,,,,,,,,,,,,6,,,,,,,,,,,,,,,,,,,,COMPLETE
435,435,0.8187798357439657,2024-12-31 23:18:05.887979,2024-12-31 23:18:34.245851,0 days 00:00:28.357872,2,30,35.0,,,,,,,,,,,,,,,,,,,6,2.0,,,,,,,,,,,,,,,,,,,COMPLETE
436,436,0.8939204167590336,2024-12-31 23:18:34.246525,2024-12-31 23:18:58.117666,0 days 00:00:23.871141,1,35,,,,,,,,,,,,,,,,,,,,6,,,,,,,,,,,,,,,,,,,,COMPLETE
437,437,0.8907582668789958,2024-12-31 23:18:58.118304,2024-12-31 23:19:22.413292,0 days 00:00:24.294988,1,40,,,,,,,,,,,,,,,,,,,,6,,,,,,,,,,,,,,,,,,,,COMPLETE
438,438,0.8909784331104128,2024-12-31 23:19:22.413846,2024-12-31 23:19:46.191667,0 days 00:00:23.777821,1,30,,,,,,,,,,,,,,,,,,,,6,,,,,,,,,,,,,,,,,,,,COMPLETE
439,439,0.8791569645949011,2024-12-31 23:19:46.192516,2024-12-31 23:20:31.107247,0 days 00:00:44.914731,2,45,75.0,,,,,,,,,,,,,,,,,,,6,4.0,,,,,,,,,,,,,,,,,,,COMPLETE
440,440,0.8866905360526183,2024-12-31 23:20:31.108058,2024-12-31 23:20:54.436839,0 days 00:00:23.328781,1,50,,,,,,,,,,,,,,,,,,,,6,,,,,,,,,,,,,,,,,,,,COMPLETE
441,441,0.8876656825872327,2024-12-31 23:20:54.437371,2024-12-31 23:21:15.483104,0 days 00:00:21.045733,1,35,,,,,,,,,,,,,,,,,,,,6,,,,,,,,,,,,,,,,,,,,COMPLETE
442,442,0.9068559703425296,2024-12-31 23:21:15.483745,2024-12-31 23:21:37.252943,0 days 00:00:21.769198,1,30,,,,,,,,,,,,,,,,,,,,6,,,,,,,,,,,,,,,,,,,,COMPLETE
443,443,0.8731291273392318,2024-12-31 23:21:37.253627,2024-12-31 23:22:44.038944,0 days 00:01:06.785317,2,45,70.0,,,,,,,,,,,,,,,,,,,6,6.0,,,,,,,,,,,,,,,,,,,COMPLETE
444,444,0.8557618347497788,2024-12-31 23:22:44.039756,2024-12-31 23:23:03.648298,0 days 00:00:19.608542,1,30,,,,,,,,,,,,,,,,,,,,6,,,,,,,,,,,,,,,,,,,,COMPLETE
445,445,0.0,2024-12-31 23:23:03.649079,2024-12-31 23:23:58.584763,0 days 00:00:54.935684,14,40,60.0,140.0,20.0,125.0,100.0,,,,,,,20.0,5.0,135.0,5.0,45.0,115.0,145.0,135.0,6,2.0,4.0,5.0,2.0,3.0,,,,,,,3.0,6.0,5.0,3.0,6.0,4.0,3.0,3.0,COMPLETE
446,446,0.8506100804396555,2024-12-31 23:23:58.585879,2024-12-31 23:24:21.424303,0 days 00:00:22.838424,1,35,,,,,,,,,,,,,,,,,,,,6,,,,,,,,,,,,,,,,,,,,COMPLETE
447,447,0.0,2024-12-31 23:24:21.424886,2024-12-31 23:24:46.281226,0 days 00:00:24.856340,6,20,20.0,,,,,,,,,,,40.0,110.0,60.0,110.0,,,,,6,5.0,,,,,,,,,,,2.0,4.0,4.0,5.0,,,,,COMPLETE
448,448,0.879082598675144,2024-12-31 23:24:46.282033,2024-12-31 23:26:12.568103,0 days 00:01:26.286070,3,40,190.0,,,,,,,,,,,100.0,,,,,,,,6,3.0,,,,,,,,,,,3.0,,,,,,,,COMPLETE
449,449,0.8761374815024656,2024-12-31 23:26:12.568988,2024-12-31 23:26:53.410151,0 days 00:00:40.841163,2,35,105.0,,,,,,,,,,,,,,,,,,,6,4.0,,,,,,,,,,,,,,,,,,,COMPLETE
450,450,0.8787468731333006,2024-12-31 23:26:53.411019,2024-12-31 23:27:16.203920,0 days 00:00:22.792901,1,25,,,,,,,,,,,,,,,,,,,,6,,,,,,,,,,,,,,,,,,,,COMPLETE
451,451,0.9037219364957327,2024-12-31 23:27:16.204612,2024-12-31 23:27:39.914868,0 days 00:00:23.710256,1,30,,,,,,,,,,,,,,,,,,,,6,,,,,,,,,,,,,,,,,,,,COMPLETE
452,452,0.8738723673693605,2024-12-31 23:27:39.915557,2024-12-31 23:28:32.456189,0 days 00:00:52.540632,2,40,130.0,,,,,,,,,,,,,,,,,,,6,5.0,,,,,,,,,,,,,,,,,,,COMPLETE
453,453,0.8898658614158945,2024-12-31 23:28:32.457044,2024-12-31 23:28:56.307507,0 days 00:00:23.850463,1,20,,,,,,,,,,,,,,,,,,,,6,,,,,,,,,,,,,,,,,,,,COMPLETE
454,454,0.9041311757913839,2024-12-31 23:28:56.308203,2024-12-31 23:29:20.595339,0 days 00:00:24.287136,1,30,,,,,,,,,,,,,,,,,,,,6,,,,,,,,,,,,,,,,,,,,COMPLETE
455,455,0.8764450900148256,2024-12-31 23:29:20.596073,2024-12-31 23:29:56.818161,0 days 00:00:36.222088,2,45,5.0,,,,,,,,,,,,,,,,,,,6,3.0,,,,,,,,,,,,,,,,,,,COMPLETE
456,456,0.7705792728270247,2024-12-31 23:29:56.818997,2024-12-31 23:30:18.526461,0 days 00:00:21.707464,1,25,,,,,,,,,,,,,,,,,,,,6,,,,,,,,,,,,,,,,,,,,COMPLETE
457,457,0.8632607062359128,2024-12-31 23:30:18.527009,2024-12-31 23:30:40.734384,0 days 00:00:22.207375,1,40,,,,,,,,,,,,,,,,,,,,6,,,,,,,,,,,,,,,,,,,,COMPLETE
458,458,0.0,2024-12-31 23:30:40.735046,2024-12-31 23:32:30.951033,0 days 00:01:50.215987,15,55,45.0,165.0,175.0,160.0,35.0,155.0,,,,,,195.0,130.0,35.0,145.0,30.0,20.0,20.0,105.0,6,2.0,6.0,4.0,4.0,5.0,2.0,,,,,,4.0,5.0,2.0,6.0,5.0,5.0,4.0,4.0,COMPLETE
459,459,0.8780345420880853,2024-12-31 23:32:30.952192,2024-12-31 23:33:29.474211,0 days 00:00:58.522019,2,35,170.0,,,,,,,,,,,,,,,,,,,6,6.0,,,,,,,,,,,,,,,,,,,COMPLETE
460,460,0.8937004807546675,2024-12-31 23:33:29.475088,2024-12-31 23:33:53.737341,0 days 00:00:24.262253,1,30,,,,,,,,,,,,,,,,,,,,6,,,,,,,,,,,,,,,,,,,,COMPLETE
461,461,0.8803269674153757,2024-12-31 23:33:53.738159,2024-12-31 23:34:11.380021,0 days 00:00:17.641862,1,35,,,,,,,,,,,,,,,,,,,,6,,,,,,,,,,,,,,,,,,,,COMPLETE
462,462,0.883019738930138,2024-12-31 23:34:11.380628,2024-12-31 23:34:34.381794,0 days 00:00:23.001166,1,50,,,,,,,,,,,,,,,,,,,,6,,,,,,,,,,,,,,,,,,,,COMPLETE
463,463,0.8749715713610287,2024-12-31 23:34:34.382488,2024-12-31 23:35:17.331860,0 days 00:00:42.949372,2,40,85.0,,,,,,,,,,,,,,,,,,,6,4.0,,,,,,,,,,,,,,,,,,,COMPLETE
464,464,0.881255320511315,2024-12-31 23:35:17.332723,2024-12-31 23:35:39.410918,0 days 00:00:22.078195,1,25,,,,,,,,,,,,,,,,,,,,6,,,,,,,,,,,,,,,,,,,,COMPLETE
465,465,0.7959485356320677,2024-12-31 23:35:39.411624,2024-12-31 23:36:03.561686,0 days 00:00:24.150062,1,30,,,,,,,,,,,,,,,,,,,,6,,,,,,,,,,,,,,,,,,,,COMPLETE
466,466,0.8772963056432009,2024-12-31 23:36:03.562260,2024-12-31 23:36:34.072378,0 days 00:00:30.510118,2,45,25.0,,,,,,,,,,,,,,,,,,,6,2.0,,,,,,,,,,,,,,,,,,,COMPLETE
467,467,0.894121055425456,2024-12-31 23:36:34.073261,2024-12-31 23:36:58.121396,0 days 00:00:24.048135,1,25,,,,,,,,,,,,,,,,,,,,6,,,,,,,,,,,,,,,,,,,,COMPLETE
468,468,0.8887578242237053,2024-12-31 23:36:58.122097,2024-12-31 23:37:21.501144,0 days 00:00:23.379047,1,35,,,,,,,,,,,,,,,,,,,,6,,,,,,,,,,,,,,,,,,,,COMPLETE
469,469,0.8761702879349939,2024-12-31 23:37:21.501870,2024-12-31 23:38:45.142790,0 days 00:01:23.640920,2,60,195.0,,,,,,,,,,,,,,,,,,,6,6.0,,,,,,,,,,,,,,,,,,,COMPLETE
470,470,0.8865526219604176,2024-12-31 23:38:45.143615,2024-12-31 23:39:06.980477,0 days 00:00:21.836862,1,45,,,,,,,,,,,,,,,,,,,,6,,,,,,,,,,,,,,,,,,,,COMPLETE
471,471,0.8825991693409178,2024-12-31 23:39:06.981169,2024-12-31 23:39:29.803537,0 days 00:00:22.822368,1,30,,,,,,,,,,,,,,,,,,,,6,,,,,,,,,,,,,,,,,,,,COMPLETE
472,472,0.713229894924089,2024-12-31 23:39:29.804074,2024-12-31 23:39:53.506383,0 days 00:00:23.702309,1,40,,,,,,,,,,,,,,,,,,,,6,,,,,,,,,,,,,,,,,,,,COMPLETE
473,473,0.8780473190669891,2024-12-31 23:39:53.507188,2024-12-31 23:40:24.149159,0 days 00:00:30.641971,2,20,155.0,,,,,,,,,,,,,,,,,,,6,3.0,,,,,,,,,,,,,,,,,,,COMPLETE
474,474,0.0,2024-12-31 23:40:24.149857,2024-12-31 23:42:25.438950,0 days 00:02:01.289093,18,50,140.0,70.0,70.0,40.0,85.0,130.0,175.0,150.0,200.0,,,5.0,55.0,190.0,65.0,65.0,185.0,45.0,185.0,6,5.0,5.0,6.0,5.0,6.0,4.0,6.0,3.0,4.0,,,4.0,3.0,3.0,3.0,4.0,6.0,2.0,5.0,COMPLETE
475,475,0.8132595873421963,2024-12-31 23:42:25.440330,2024-12-31 23:42:48.105409,0 days 00:00:22.665079,1,35,,,,,,,,,,,,,,,,,,,,6,,,,,,,,,,,,,,,,,,,,COMPLETE
476,476,0.8832957692849179,2024-12-31 23:42:48.106112,2024-12-31 23:43:24.785518,0 days 00:00:36.679406,2,25,185.0,,,,,,,,,,,,,,,,,,,6,4.0,,,,,,,,,,,,,,,,,,,COMPLETE
477,477,0.8242304851021915,2024-12-31 23:43:24.786233,2024-12-31 23:43:47.425333,0 days 00:00:22.639100,1,30,,,,,,,,,,,,,,,,,,,,6,,,,,,,,,,,,,,,,,,,,COMPLETE
478,478,0.872319812615051,2024-12-31 23:43:47.426175,2024-12-31 23:44:11.875760,0 days 00:00:24.449585,1,40,,,,,,,,,,,,,,,,,,,,6,,,,,,,,,,,,,,,,,,,,COMPLETE
479,479,0.8783464284629174,2024-12-31 23:44:11.876347,2024-12-31 23:45:41.137557,0 days 00:01:29.261210,2,70,65.0,,,,,,,,,,,,,,,,,,,6,6.0,,,,,,,,,,,,,,,,,,,COMPLETE
480,480,0.671334820652844,2024-12-31 23:45:41.138430,2024-12-31 23:46:04.008876,0 days 00:00:22.870446,1,35,,,,,,,,,,,,,,,,,,,,6,,,,,,,,,,,,,,,,,,,,COMPLETE
481,481,0.8780931427566232,2024-12-31 23:46:04.009427,2024-12-31 23:47:06.040457,0 days 00:01:02.031030,3,20,35.0,,,,,,,,,,,155.0,,,,,,,,6,2.0,,,,,,,,,,,6.0,,,,,,,,COMPLETE
482,482,0.888439018183801,2024-12-31 23:47:06.041354,2024-12-31 23:47:30.255702,0 days 00:00:24.214348,1,40,,,,,,,,,,,,,,,,,,,,6,,,,,,,,,,,,,,,,,,,,COMPLETE
483,483,0.8779261625766428,2024-12-31 23:47:30.256405,2024-12-31 23:48:02.805172,0 days 00:00:32.548767,2,30,55.0,,,,,,,,,,,,,,,,,,,6,3.0,,,,,,,,,,,,,,,,,,,COMPLETE
484,484,0.0,2024-12-31 23:48:02.805898,2024-12-31 23:48:25.554985,0 days 00:00:22.749087,4,45,125.0,,,,,,,,,,,80.0,80.0,,,,,,,6,3.0,,,,,,,,,,,2.0,6.0,,,,,,,COMPLETE
485,485,0.8980296251791846,2024-12-31 23:48:25.555779,2024-12-31 23:48:48.825434,0 days 00:00:23.269655,1,35,,,,,,,,,,,,,,,,,,,,6,,,,,,,,,,,,,,,,,,,,COMPLETE
486,486,0.8892608299358447,2024-12-31 23:48:48.826122,2024-12-31 23:49:12.640257,0 days 00:00:23.814135,1,25,,,,,,,,,,,,,,,,,,,,6,,,,,,,,,,,,,,,,,,,,COMPLETE
487,487,0.8990724908918917,2024-12-31 23:49:12.640968,2024-12-31 23:49:36.131848,0 days 00:00:23.490880,1,20,,,,,,,,,,,,,,,,,,,,6,,,,,,,,,,,,,,,,,,,,COMPLETE
488,488,0.8785884357466953,2024-12-31 23:49:36.132526,2024-12-31 23:50:20.786806,0 days 00:00:44.654280,2,30,90.0,,,,,,,,,,,,,,,,,,,6,5.0,,,,,,,,,,,,,,,,,,,COMPLETE
489,489,0.8902498707645217,2024-12-31 23:50:20.787517,2024-12-31 23:50:44.494626,0 days 00:00:23.707109,1,45,,,,,,,,,,,,,,,,,,,,6,,,,,,,,,,,,,,,,,,,,COMPLETE
490,490,0.8800713227121155,2024-12-31 23:50:44.495441,2024-12-31 23:51:08.356992,0 days 00:00:23.861551,1,35,,,,,,,,,,,,,,,,,,,,6,,,,,,,,,,,,,,,,,,,,COMPLETE
491,491,0.8846419903616507,2024-12-31 23:51:08.357554,2024-12-31 23:51:40.327458,0 days 00:00:31.969904,2,15,115.0,,,,,,,,,,,,,,,,,,,6,4.0,,,,,,,,,,,,,,,,,,,COMPLETE
492,492,0.8655151641174524,2024-12-31 23:51:40.328269,2024-12-31 23:52:04.592617,0 days 00:00:24.264348,1,40,,,,,,,,,,,,,,,,,,,,6,,,,,,,,,,,,,,,,,,,,COMPLETE
493,493,0.6598639455782314,2024-12-31 23:52:04.593171,2024-12-31 23:52:26.697177,0 days 00:00:22.104006,1,30,,,,,,,,,,,,,,,,,,,,6,,,,,,,,,,,,,,,,,,,,COMPLETE
494,494,0.8949249938220878,2024-12-31 23:52:26.697981,2024-12-31 23:52:48.678910,0 days 00:00:21.980929,1,25,,,,,,,,,,,,,,,,,,,,6,,,,,,,,,,,,,,,,,,,,COMPLETE
