,number,value,datetime_start,datetime_complete,duration,params_depth,params_neurons_layer_0,params_neurons_layer_1,params_neurons_layer_10,params_neurons_layer_11,params_neurons_layer_12,params_neurons_layer_13,params_neurons_layer_14,params_neurons_layer_15,params_neurons_layer_16,params_neurons_layer_17,params_neurons_layer_18,params_neurons_layer_19,params_neurons_layer_2,params_neurons_layer_3,params_neurons_layer_4,params_neurons_layer_5,params_neurons_layer_6,params_neurons_layer_7,params_neurons_layer_8,params_neurons_layer_9,params_orders_layer_0,params_orders_layer_1,params_orders_layer_10,params_orders_layer_11,params_orders_layer_12,params_orders_layer_13,params_orders_layer_14,params_orders_layer_15,params_orders_layer_16,params_orders_layer_17,params_orders_layer_18,params_orders_layer_19,params_orders_layer_2,params_orders_layer_3,params_orders_layer_4,params_orders_layer_5,params_orders_layer_6,params_orders_layer_7,params_orders_layer_8,params_orders_layer_9,state
876,876,0.9088612076872442,2025-01-01 03:34:36.692701,2025-01-01 03:34:57.831875,0 days 00:00:21.139174,1,50,,,,,,,,,,,,,,,,,,,,6,,,,,,,,,,,,,,,,,,,,COMPLETE
877,877,0.0,2025-01-01 03:34:57.832527,2025-01-01 03:36:36.135679,0 days 00:01:38.303152,14,45,145.0,145.0,155.0,175.0,180.0,,,,,,,90.0,180.0,160.0,140.0,175.0,155.0,85.0,140.0,2,5.0,2.0,2.0,6.0,5.0,,,,,,,2.0,3.0,4.0,2.0,2.0,2.0,4.0,4.0,COMPLETE
878,878,0.8763870045091713,2025-01-01 03:36:36.136622,2025-01-01 03:37:23.092326,0 days 00:00:46.955704,2,50,170.0,,,,,,,,,,,,,,,,,,,3,5.0,,,,,,,,,,,,,,,,,,,COMPLETE
879,879,0.8324688937896485,2025-01-01 03:37:23.093046,2025-01-01 03:37:41.755853,0 days 00:00:18.662807,1,45,,,,,,,,,,,,,,,,,,,,5,,,,,,,,,,,,,,,,,,,,COMPLETE
880,880,0.9041215880129954,2025-01-01 03:37:41.756389,2025-01-01 03:37:59.261107,0 days 00:00:17.504718,1,30,,,,,,,,,,,,,,,,,,,,5,,,,,,,,,,,,,,,,,,,,COMPLETE
881,881,0.8755746823680493,2025-01-01 03:37:59.261687,2025-01-01 03:38:30.169711,0 days 00:00:30.908024,2,40,190.0,,,,,,,,,,,,,,,,,,,5,3.0,,,,,,,,,,,,,,,,,,,COMPLETE
882,882,0.8562187267815702,2025-01-01 03:38:30.170386,2025-01-01 03:38:37.746359,0 days 00:00:07.575973,1,35,,,,,,,,,,,,,,,,,,,,3,,,,,,,,,,,,,,,,,,,,COMPLETE
883,883,0.8792436276195608,2025-01-01 03:38:37.746887,2025-01-01 03:39:18.702227,0 days 00:00:40.955340,2,50,90.0,,,,,,,,,,,,,,,,,,,5,4.0,,,,,,,,,,,,,,,,,,,COMPLETE
884,884,0.9040387728881003,2025-01-01 03:39:18.702956,2025-01-01 03:39:27.057700,0 days 00:00:08.354744,1,40,,,,,,,,,,,,,,,,,,,,3,,,,,,,,,,,,,,,,,,,,COMPLETE
885,885,0.8774104471780675,2025-01-01 03:39:27.058223,2025-01-01 03:40:33.619693,0 days 00:01:06.561470,3,45,10.0,,,,,,,,,,,95.0,,,,,,,,6,6.0,,,,,,,,,,,3.0,,,,,,,,COMPLETE
886,886,0.8845835137691185,2025-01-01 03:40:33.620439,2025-01-01 03:40:55.569068,0 days 00:00:21.948629,1,35,,,,,,,,,,,,,,,,,,,,6,,,,,,,,,,,,,,,,,,,,COMPLETE
887,887,0.87967949761275,2025-01-01 03:40:55.569658,2025-01-01 03:41:18.098137,0 days 00:00:22.528479,1,15,,,,,,,,,,,,,,,,,,,,6,,,,,,,,,,,,,,,,,,,,COMPLETE
888,888,0.8850759139156705,2025-01-01 03:41:18.098790,2025-01-01 03:41:30.961708,0 days 00:00:12.862918,2,25,125.0,,,,,,,,,,,,,,,,,,,2,2.0,,,,,,,,,,,,,,,,,,,COMPLETE
889,889,0.9049465329109191,2025-01-01 03:41:30.962243,2025-01-01 03:41:41.821634,0 days 00:00:10.859391,1,50,,,,,,,,,,,,,,,,,,,,3,,,,,,,,,,,,,,,,,,,,COMPLETE
890,890,0.8734907190484772,2025-01-01 03:41:41.822218,2025-01-01 03:42:24.650401,0 days 00:00:42.828183,2,45,75.0,,,,,,,,,,,,,,,,,,,6,4.0,,,,,,,,,,,,,,,,,,,COMPLETE
891,891,0.8890216497238159,2025-01-01 03:42:24.651123,2025-01-01 03:42:47.596782,0 days 00:00:22.945659,1,40,,,,,,,,,,,,,,,,,,,,6,,,,,,,,,,,,,,,,,,,,COMPLETE
892,892,0.9075076508120066,2025-01-01 03:42:47.597411,2025-01-01 03:43:07.198693,0 days 00:00:19.601282,1,30,,,,,,,,,,,,,,,,,,,,6,,,,,,,,,,,,,,,,,,,,COMPLETE
893,893,0.9093115897046604,2025-01-01 03:43:07.199218,2025-01-01 03:43:28.787031,0 days 00:00:21.587813,1,50,,,,,,,,,,,,,,,,,,,,6,,,,,,,,,,,,,,,,,,,,COMPLETE
894,894,0.821076149800982,2025-01-01 03:43:28.787683,2025-01-01 03:43:50.778411,0 days 00:00:21.990728,1,20,,,,,,,,,,,,,,,,,,,,6,,,,,,,,,,,,,,,,,,,,COMPLETE
895,895,0.8756746037570871,2025-01-01 03:43:50.779013,2025-01-01 03:44:38.744090,0 days 00:00:47.965077,2,45,25.0,,,,,,,,,,,,,,,,,,,5,5.0,,,,,,,,,,,,,,,,,,,COMPLETE
896,896,0.8923890052946846,2025-01-01 03:44:38.744817,2025-01-01 03:45:01.517905,0 days 00:00:22.773088,1,55,,,,,,,,,,,,,,,,,,,,6,,,,,,,,,,,,,,,,,,,,COMPLETE
897,897,0.908420112357885,2025-01-01 03:45:01.518488,2025-01-01 03:45:22.507887,0 days 00:00:20.989399,1,25,,,,,,,,,,,,,,,,,,,,6,,,,,,,,,,,,,,,,,,,,COMPLETE
898,898,0.878166342191364,2025-01-01 03:45:22.508537,2025-01-01 03:46:18.151566,0 days 00:00:55.643029,2,35,55.0,,,,,,,,,,,,,,,,,,,6,6.0,,,,,,,,,,,,,,,,,,,COMPLETE
899,899,0.47485684508144504,2025-01-01 03:46:18.152294,2025-01-01 03:46:40.220842,0 days 00:00:22.068548,1,40,,,,,,,,,,,,,,,,,,,,6,,,,,,,,,,,,,,,,,,,,COMPLETE
900,900,0.9078989804768338,2025-01-01 03:46:40.221374,2025-01-01 03:46:57.450164,0 days 00:00:17.228790,1,50,,,,,,,,,,,,,,,,,,,,5,,,,,,,,,,,,,,,,,,,,COMPLETE
901,901,0.8598949409003389,2025-01-01 03:46:57.450818,2025-01-01 03:47:18.951148,0 days 00:00:21.500330,1,30,,,,,,,,,,,,,,,,,,,,6,,,,,,,,,,,,,,,,,,,,COMPLETE
902,902,0.8880323068975919,2025-01-01 03:47:18.951733,2025-01-01 03:47:48.763538,0 days 00:00:29.811805,2,55,30.0,,,,,,,,,,,,,,,,,,,6,2.0,,,,,,,,,,,,,,,,,,,COMPLETE
903,903,0.9087178894300556,2025-01-01 03:47:48.764194,2025-01-01 03:48:12.241525,0 days 00:00:23.477331,1,40,,,,,,,,,,,,,,,,,,,,6,,,,,,,,,,,,,,,,,,,,COMPLETE
904,904,0.7419037387952803,2025-01-01 03:48:12.242111,2025-01-01 03:48:30.043285,0 days 00:00:17.801174,1,50,,,,,,,,,,,,,,,,,,,,6,,,,,,,,,,,,,,,,,,,,COMPLETE
905,905,0.8794392352157903,2025-01-01 03:48:30.043872,2025-01-01 03:49:12.874838,0 days 00:00:42.830966,2,45,70.0,,,,,,,,,,,,,,,,,,,6,4.0,,,,,,,,,,,,,,,,,,,COMPLETE
906,906,0.8701981038643,2025-01-01 03:49:12.875524,2025-01-01 03:49:36.310748,0 days 00:00:23.435224,1,35,,,,,,,,,,,,,,,,,,,,6,,,,,,,,,,,,,,,,,,,,COMPLETE
907,907,0.8559924186902648,2025-01-01 03:49:36.311350,2025-01-01 03:49:47.291213,0 days 00:00:10.979863,1,45,,,,,,,,,,,,,,,,,,,,3,,,,,,,,,,,,,,,,,,,,COMPLETE
908,908,0.879450866302495,2025-01-01 03:49:47.291841,2025-01-01 03:50:21.277260,0 days 00:00:33.985419,2,40,95.0,,,,,,,,,,,,,,,,,,,6,3.0,,,,,,,,,,,,,,,,,,,COMPLETE
909,909,0.0,2025-01-01 03:50:21.277824,2025-01-01 03:51:51.410205,0 days 00:01:30.132381,15,25,5.0,65.0,140.0,150.0,50.0,95.0,,,,,,195.0,65.0,75.0,125.0,145.0,175.0,65.0,40.0,6,6.0,3.0,4.0,2.0,4.0,6.0,,,,,,6.0,2.0,3.0,5.0,6.0,4.0,5.0,6.0,COMPLETE
910,910,0.0,2025-01-01 03:51:51.411179,2025-01-01 03:52:16.030256,0 days 00:00:24.619077,5,55,115.0,,,,,,,,,,,30.0,170.0,90.0,,,,,,6,5.0,,,,,,,,,,,4.0,4.0,2.0,,,,,,COMPLETE
911,911,0.8772232973215255,2025-01-01 03:52:16.030914,2025-01-01 03:52:39.243320,0 days 00:00:23.212406,1,50,,,,,,,,,,,,,,,,,,,,6,,,,,,,,,,,,,,,,,,,,COMPLETE
912,912,0.814309573552497,2025-01-01 03:52:39.244068,2025-01-01 03:52:59.905461,0 days 00:00:20.661393,1,35,,,,,,,,,,,,,,,,,,,,6,,,,,,,,,,,,,,,,,,,,COMPLETE
913,913,0.0,2025-01-01 03:52:59.906042,2025-01-01 03:54:53.583189,0 days 00:01:53.677147,19,30,175.0,115.0,15.0,5.0,185.0,180.0,165.0,70.0,15.0,60.0,,170.0,185.0,110.0,70.0,160.0,120.0,10.0,30.0,6,2.0,4.0,3.0,3.0,6.0,2.0,4.0,3.0,3.0,3.0,,5.0,6.0,4.0,4.0,4.0,3.0,2.0,5.0,COMPLETE
914,914,0.8730244212018561,2025-01-01 03:54:53.584324,2025-01-01 03:55:29.951886,0 days 00:00:36.367562,2,20,65.0,,,,,,,,,,,,,,,,,,,6,5.0,,,,,,,,,,,,,,,,,,,COMPLETE
915,915,0.8786615043156863,2025-01-01 03:55:29.952646,2025-01-01 03:55:51.445449,0 days 00:00:21.492803,1,45,,,,,,,,,,,,,,,,,,,,6,,,,,,,,,,,,,,,,,,,,COMPLETE
916,916,0.9078615149656942,2025-01-01 03:55:51.446031,2025-01-01 03:56:14.027326,0 days 00:00:22.581295,1,40,,,,,,,,,,,,,,,,,,,,6,,,,,,,,,,,,,,,,,,,,COMPLETE
917,917,0.9063071019112316,2025-01-01 03:56:14.027965,2025-01-01 03:56:32.484333,0 days 00:00:18.456368,1,55,,,,,,,,,,,,,,,,,,,,5,,,,,,,,,,,,,,,,,,,,COMPLETE
918,918,0.8765458970089053,2025-01-01 03:56:32.484998,2025-01-01 03:57:09.584570,0 days 00:00:37.099572,2,45,195.0,,,,,,,,,,,,,,,,,,,6,3.0,,,,,,,,,,,,,,,,,,,COMPLETE
919,919,0.8768070170328597,2025-01-01 03:57:09.585226,2025-01-01 03:58:18.632799,0 days 00:01:09.047573,2,100,160.0,,,,,,,,,,,,,,,,,,,6,4.0,,,,,,,,,,,,,,,,,,,COMPLETE
920,920,0.9071085388157321,2025-01-01 03:58:18.633570,2025-01-01 03:58:41.543476,0 days 00:00:22.909906,1,35,,,,,,,,,,,,,,,,,,,,6,,,,,,,,,,,,,,,,,,,,COMPLETE
921,921,0.86138783204767,2025-01-01 03:58:41.544031,2025-01-01 03:59:03.997513,0 days 00:00:22.453482,1,50,,,,,,,,,,,,,,,,,,,,6,,,,,,,,,,,,,,,,,,,,COMPLETE
922,922,0.899043317762074,2025-01-01 03:59:03.998265,2025-01-01 03:59:26.542048,0 days 00:00:22.543783,1,20,,,,,,,,,,,,,,,,,,,,6,,,,,,,,,,,,,,,,,,,,COMPLETE
923,923,0.875446797995359,2025-01-01 03:59:26.542620,2025-01-01 04:00:32.400550,0 days 00:01:05.857930,2,45,140.0,,,,,,,,,,,,,,,,,,,6,6.0,,,,,,,,,,,,,,,,,,,COMPLETE
924,924,0.9067962855570262,2025-01-01 04:00:32.401314,2025-01-01 04:00:55.438061,0 days 00:00:23.036747,1,60,,,,,,,,,,,,,,,,,,,,6,,,,,,,,,,,,,,,,,,,,COMPLETE
925,925,0.8838998431203666,2025-01-01 04:00:55.438795,2025-01-01 04:01:22.591306,0 days 00:00:27.152511,2,15,35.0,,,,,,,,,,,,,,,,,,,6,3.0,,,,,,,,,,,,,,,,,,,COMPLETE
926,926,0.9074229956275239,2025-01-01 04:01:22.591890,2025-01-01 04:01:42.843689,0 days 00:00:20.251799,1,25,,,,,,,,,,,,,,,,,,,,6,,,,,,,,,,,,,,,,,,,,COMPLETE
927,927,0.8841890590031273,2025-01-01 04:01:42.844385,2025-01-01 04:02:04.788649,0 days 00:00:21.944264,1,30,,,,,,,,,,,,,,,,,,,,6,,,,,,,,,,,,,,,,,,,,COMPLETE
928,928,0.89130282809499,2025-01-01 04:02:04.789183,2025-01-01 04:02:26.253703,0 days 00:00:21.464520,1,50,,,,,,,,,,,,,,,,,,,,6,,,,,,,,,,,,,,,,,,,,COMPLETE
929,929,0.8731767362876188,2025-01-01 04:02:26.254320,2025-01-01 04:02:49.123349,0 days 00:00:22.869029,1,40,,,,,,,,,,,,,,,,,,,,6,,,,,,,,,,,,,,,,,,,,COMPLETE
930,930,0.43118632707774796,2025-01-01 04:02:49.123991,2025-01-01 04:03:10.099427,0 days 00:00:20.975436,1,40,,,,,,,,,,,,,,,,,,,,6,,,,,,,,,,,,,,,,,,,,COMPLETE
931,931,0.8826380810952803,2025-01-01 04:03:10.100061,2025-01-01 04:03:40.667040,0 days 00:00:30.566979,2,55,120.0,,,,,,,,,,,,,,,,,,,6,2.0,,,,,,,,,,,,,,,,,,,COMPLETE
932,932,0.8816789585880678,2025-01-01 04:03:40.667691,2025-01-01 04:04:35.650647,0 days 00:00:54.982956,3,45,85.0,,,,,,,,,,,150.0,,,,,,,,6,4.0,,,,,,,,,,,2.0,,,,,,,,COMPLETE
933,933,0.0,2025-01-01 04:04:35.651392,2025-01-01 04:05:11.058370,0 days 00:00:35.406978,4,35,135.0,,,,,,,,,,,80.0,160.0,,,,,,,6,5.0,,,,,,,,,,,3.0,5.0,,,,,,,COMPLETE
934,934,0.8820324643518123,2025-01-01 04:05:11.059149,2025-01-01 04:05:34.111008,0 days 00:00:23.051859,1,50,,,,,,,,,,,,,,,,,,,,6,,,,,,,,,,,,,,,,,,,,COMPLETE
935,935,0.8807999660520298,2025-01-01 04:05:34.111558,2025-01-01 04:06:25.275955,0 days 00:00:51.164397,2,30,110.0,,,,,,,,,,,,,,,,,,,6,6.0,,,,,,,,,,,,,,,,,,,COMPLETE
936,936,0.9093923646369765,2025-01-01 04:06:25.276698,2025-01-01 04:06:45.442924,0 days 00:00:20.166226,1,45,,,,,,,,,,,,,,,,,,,,6,,,,,,,,,,,,,,,,,,,,COMPLETE
937,937,0.4704569663532327,2025-01-01 04:06:45.443556,2025-01-01 04:07:06.452276,0 days 00:00:21.008720,1,40,,,,,,,,,,,,,,,,,,,,6,,,,,,,,,,,,,,,,,,,,COMPLETE
938,938,0.875184096012758,2025-01-01 04:07:06.452913,2025-01-01 04:07:42.965088,0 days 00:00:36.512175,2,45,155.0,,,,,,,,,,,,,,,,,,,6,3.0,,,,,,,,,,,,,,,,,,,COMPLETE
939,939,0.8702249646508388,2025-01-01 04:07:42.965734,2025-01-01 04:08:00.882139,0 days 00:00:17.916405,2,35,185.0,,,,,,,,,,,,,,,,,,,3,2.0,,,,,,,,,,,,,,,,,,,COMPLETE
940,940,0.7161970163390954,2025-01-01 04:08:00.882847,2025-01-01 04:08:19.071970,0 days 00:00:18.189123,1,40,,,,,,,,,,,,,,,,,,,,5,,,,,,,,,,,,,,,,,,,,COMPLETE
941,941,0.8816571266212533,2025-01-01 04:08:19.072518,2025-01-01 04:08:42.566123,0 days 00:00:23.493605,1,45,,,,,,,,,,,,,,,,,,,,6,,,,,,,,,,,,,,,,,,,,COMPLETE
942,942,0.8957920418409635,2025-01-01 04:08:42.566877,2025-01-01 04:09:04.394261,0 days 00:00:21.827384,1,40,,,,,,,,,,,,,,,,,,,,6,,,,,,,,,,,,,,,,,,,,COMPLETE
943,943,0.0,2025-01-01 04:09:04.394809,2025-01-01 04:11:35.325734,0 days 00:02:30.930925,13,35,75.0,135.0,95.0,75.0,,,,,,,,190.0,150.0,60.0,180.0,100.0,85.0,105.0,110.0,6,5.0,5.0,6.0,6.0,,,,,,,,5.0,3.0,5.0,6.0,6.0,5.0,3.0,2.0,COMPLETE
944,944,0.8740443545839388,2025-01-01 04:11:35.326711,2025-01-01 04:12:10.549743,0 days 00:00:35.223032,2,45,50.0,,,,,,,,,,,,,,,,,,,6,3.0,,,,,,,,,,,,,,,,,,,COMPLETE
945,945,0.44093756034205434,2025-01-01 04:12:10.550417,2025-01-01 04:12:33.540823,0 days 00:00:22.990406,1,40,,,,,,,,,,,,,,,,,,,,6,,,,,,,,,,,,,,,,,,,,COMPLETE
946,946,0.8780717505358527,2025-01-01 04:12:33.541466,2025-01-01 04:12:54.715953,0 days 00:00:21.174487,1,25,,,,,,,,,,,,,,,,,,,,6,,,,,,,,,,,,,,,,,,,,COMPLETE
947,947,0.8742761529346895,2025-01-01 04:12:54.716621,2025-01-01 04:13:38.229203,0 days 00:00:43.512582,2,45,95.0,,,,,,,,,,,,,,,,,,,6,4.0,,,,,,,,,,,,,,,,,,,COMPLETE
948,948,0.883071995018246,2025-01-01 04:13:38.229972,2025-01-01 04:13:59.473724,0 days 00:00:21.243752,1,35,,,,,,,,,,,,,,,,,,,,6,,,,,,,,,,,,,,,,,,,,COMPLETE
949,949,0.0,2025-01-01 04:13:59.474285,2025-01-01 04:14:58.347216,0 days 00:00:58.872931,11,50,200.0,190.0,,,,,,,,,,70.0,115.0,35.0,95.0,60.0,10.0,50.0,65.0,6,6.0,4.0,,,,,,,,,,4.0,4.0,6.0,2.0,2.0,2.0,6.0,3.0,COMPLETE
950,950,0.8919462547268484,2025-01-01 04:14:58.348165,2025-01-01 04:15:21.273411,0 days 00:00:22.925246,1,40,,,,,,,,,,,,,,,,,,,,6,,,,,,,,,,,,,,,,,,,,COMPLETE
951,951,0.8834760303298668,2025-01-01 04:15:21.274167,2025-01-01 04:15:44.127273,0 days 00:00:22.853106,1,45,,,,,,,,,,,,,,,,,,,,6,,,,,,,,,,,,,,,,,,,,COMPLETE
952,952,0.0,2025-01-01 04:15:44.127850,2025-01-01 04:16:39.784012,0 days 00:00:55.656162,8,180,125.0,,,,,,,,,,,105.0,125.0,125.0,35.0,30.0,65.0,,,5,3.0,,,,,,,,,,,6.0,6.0,4.0,3.0,3.0,6.0,,,COMPLETE
953,953,0.766974632422905,2025-01-01 04:16:39.784932,2025-01-01 04:17:02.482173,0 days 00:00:22.697241,1,30,,,,,,,,,,,,,,,,,,,,6,,,,,,,,,,,,,,,,,,,,COMPLETE
954,954,0.8863583673833801,2025-01-01 04:17:02.483236,2025-01-01 04:17:30.190920,0 days 00:00:27.707684,2,35,15.0,,,,,,,,,,,,,,,,,,,6,2.0,,,,,,,,,,,,,,,,,,,COMPLETE
955,955,0.8065140124171363,2025-01-01 04:17:30.191519,2025-01-01 04:17:52.511335,0 days 00:00:22.319816,1,15,,,,,,,,,,,,,,,,,,,,6,,,,,,,,,,,,,,,,,,,,COMPLETE
956,956,0.8781779661016949,2025-01-01 04:17:52.512093,2025-01-01 04:18:51.340177,0 days 00:00:58.828084,2,50,165.0,,,,,,,,,,,,,,,,,,,6,5.0,,,,,,,,,,,,,,,,,,,COMPLETE
957,957,0.8817308193849922,2025-01-01 04:18:51.340968,2025-01-01 04:19:13.892131,0 days 00:00:22.551163,1,45,,,,,,,,,,,,,,,,,,,,6,,,,,,,,,,,,,,,,,,,,COMPLETE
958,958,0.0,2025-01-01 04:19:13.892702,2025-01-01 04:20:40.523673,0 days 00:01:26.630971,16,30,105.0,125.0,50.0,120.0,75.0,135.0,70.0,,,,,45.0,10.0,175.0,160.0,185.0,165.0,180.0,95.0,6,4.0,6.0,5.0,2.0,3.0,4.0,5.0,,,,,3.0,2.0,3.0,5.0,4.0,3.0,4.0,6.0,COMPLETE
959,959,0.8635647394188424,2025-01-01 04:20:40.525076,2025-01-01 04:21:02.486788,0 days 00:00:21.961712,1,40,,,,,,,,,,,,,,,,,,,,6,,,,,,,,,,,,,,,,,,,,COMPLETE
960,960,0.804749562221972,2025-01-01 04:21:02.487350,2025-01-01 04:21:24.377228,0 days 00:00:21.889878,1,45,,,,,,,,,,,,,,,,,,,,6,,,,,,,,,,,,,,,,,,,,COMPLETE
961,961,0.8802135790170815,2025-01-01 04:21:24.377896,2025-01-01 04:21:51.191616,0 days 00:00:26.813720,2,25,130.0,,,,,,,,,,,,,,,,,,,6,2.0,,,,,,,,,,,,,,,,,,,COMPLETE
962,962,0.832298494751355,2025-01-01 04:21:51.192303,2025-01-01 04:22:13.792695,0 days 00:00:22.600392,1,50,,,,,,,,,,,,,,,,,,,,6,,,,,,,,,,,,,,,,,,,,COMPLETE
963,963,0.8992415044218718,2025-01-01 04:22:13.793354,2025-01-01 04:22:37.090885,0 days 00:00:23.297531,1,35,,,,,,,,,,,,,,,,,,,,6,,,,,,,,,,,,,,,,,,,,COMPLETE
964,964,0.819850367202058,2025-01-01 04:22:37.091557,2025-01-01 04:22:59.559265,0 days 00:00:22.467708,1,20,,,,,,,,,,,,,,,,,,,,6,,,,,,,,,,,,,,,,,,,,COMPLETE
965,965,0.8761037313695783,2025-01-01 04:22:59.559829,2025-01-01 04:23:39.873626,0 days 00:00:40.313797,2,45,180.0,,,,,,,,,,,,,,,,,,,5,4.0,,,,,,,,,,,,,,,,,,,COMPLETE
966,966,0.9015168776671746,2025-01-01 04:23:39.874402,2025-01-01 04:24:02.962803,0 days 00:00:23.088401,1,40,,,,,,,,,,,,,,,,,,,,6,,,,,,,,,,,,,,,,,,,,COMPLETE
967,967,0.8936152302442466,2025-01-01 04:24:02.963464,2025-01-01 04:24:25.525898,0 days 00:00:22.562434,1,50,,,,,,,,,,,,,,,,,,,,6,,,,,,,,,,,,,,,,,,,,COMPLETE
968,968,0.8759036584623501,2025-01-01 04:24:25.526575,2025-01-01 04:25:16.767493,0 days 00:00:51.240918,2,30,100.0,,,,,,,,,,,,,,,,,,,6,6.0,,,,,,,,,,,,,,,,,,,COMPLETE
969,969,0.8179497798786041,2025-01-01 04:25:16.768280,2025-01-01 04:25:39.490292,0 days 00:00:22.722012,1,40,,,,,,,,,,,,,,,,,,,,6,,,,,,,,,,,,,,,,,,,,COMPLETE
970,970,0.9091927416439225,2025-01-01 04:25:39.490868,2025-01-01 04:25:57.364644,0 days 00:00:17.873776,1,35,,,,,,,,,,,,,,,,,,,,6,,,,,,,,,,,,,,,,,,,,COMPLETE
971,971,0.8796006598700155,2025-01-01 04:25:57.365379,2025-01-01 04:26:37.027901,0 days 00:00:39.662522,2,25,45.0,,,,,,,,,,,,,,,,,,,6,5.0,,,,,,,,,,,,,,,,,,,COMPLETE
972,972,0.877550904079248,2025-01-01 04:26:37.028502,2025-01-01 04:27:02.307087,0 days 00:00:25.278585,1,140,,,,,,,,,,,,,,,,,,,,6,,,,,,,,,,,,,,,,,,,,COMPLETE
973,973,0.880238700667972,2025-01-01 04:27:02.307837,2025-01-01 04:27:33.528846,0 days 00:00:31.221009,2,30,115.0,,,,,,,,,,,,,,,,,,,6,3.0,,,,,,,,,,,,,,,,,,,COMPLETE
974,974,0.8662498243503912,2025-01-01 04:27:33.529513,2025-01-01 04:27:55.513900,0 days 00:00:21.984387,1,35,,,,,,,,,,,,,,,,,,,,6,,,,,,,,,,,,,,,,,,,,COMPLETE
975,975,0.8746065825096505,2025-01-01 04:27:55.514549,2025-01-01 04:28:55.186321,0 days 00:00:59.671772,3,30,80.0,,,,,,,,,,,15.0,,,,,,,,6,6.0,,,,,,,,,,,2.0,,,,,,,,COMPLETE
976,976,0.8819455448026876,2025-01-01 04:28:55.187127,2025-01-01 04:29:18.175325,0 days 00:00:22.988198,1,35,,,,,,,,,,,,,,,,,,,,6,,,,,,,,,,,,,,,,,,,,COMPLETE
977,977,0.8723378980492831,2025-01-01 04:29:18.175880,2025-01-01 04:29:44.553129,0 days 00:00:26.377249,2,30,55.0,,,,,,,,,,,,,,,,,,,6,2.0,,,,,,,,,,,,,,,,,,,COMPLETE
978,978,0.8883825042676164,2025-01-01 04:29:44.553899,2025-01-01 04:30:03.998669,0 days 00:00:19.444770,1,25,,,,,,,,,,,,,,,,,,,,6,,,,,,,,,,,,,,,,,,,,COMPLETE
979,979,0.8816627467630053,2025-01-01 04:30:03.999194,2025-01-01 04:31:06.002554,0 days 00:01:02.003360,3,35,60.0,,,,,,,,,,,200.0,,,,,,,,6,3.0,,,,,,,,,,,4.0,,,,,,,,COMPLETE
980,980,0.8659084973695417,2025-01-01 04:31:06.003341,2025-01-01 04:31:28.541553,0 days 00:00:22.538212,1,25,,,,,,,,,,,,,,,,,,,,6,,,,,,,,,,,,,,,,,,,,COMPLETE
981,981,0.8808794721901079,2025-01-01 04:31:28.542209,2025-01-01 04:32:04.845340,0 days 00:00:36.303131,2,20,5.0,,,,,,,,,,,,,,,,,,,6,5.0,,,,,,,,,,,,,,,,,,,COMPLETE
982,982,0.8630364775281427,2025-01-01 04:32:04.846010,2025-01-01 04:32:28.280455,0 days 00:00:23.434445,1,35,,,,,,,,,,,,,,,,,,,,6,,,,,,,,,,,,,,,,,,,,COMPLETE
983,983,0.8806640617140373,2025-01-01 04:32:28.281110,2025-01-01 04:32:49.213620,0 days 00:00:20.932510,1,30,,,,,,,,,,,,,,,,,,,,6,,,,,,,,,,,,,,,,,,,,COMPLETE
984,984,0.8820203984309597,2025-01-01 04:32:49.214163,2025-01-01 04:33:11.167621,0 days 00:00:21.953458,1,35,,,,,,,,,,,,,,,,,,,,6,,,,,,,,,,,,,,,,,,,,COMPLETE
985,985,0.8759210577627833,2025-01-01 04:33:11.168349,2025-01-01 04:33:53.989176,0 days 00:00:42.820827,2,40,190.0,,,,,,,,,,,,,,,,,,,6,4.0,,,,,,,,,,,,,,,,,,,COMPLETE
986,986,0.8598230916157715,2025-01-01 04:33:53.989863,2025-01-01 04:34:16.101978,0 days 00:00:22.112115,1,15,,,,,,,,,,,,,,,,,,,,6,,,,,,,,,,,,,,,,,,,,COMPLETE
987,987,0.8745363938731129,2025-01-01 04:34:16.102628,2025-01-01 04:35:08.033156,0 days 00:00:51.930528,2,30,150.0,,,,,,,,,,,,,,,,,,,6,6.0,,,,,,,,,,,,,,,,,,,COMPLETE
988,988,0.7378978977321389,2025-01-01 04:35:08.033934,2025-01-01 04:35:30.544825,0 days 00:00:22.510891,1,20,,,,,,,,,,,,,,,,,,,,6,,,,,,,,,,,,,,,,,,,,COMPLETE
989,989,0.8788461545921242,2025-01-01 04:35:30.545475,2025-01-01 04:36:12.613417,0 days 00:00:42.067942,2,40,145.0,,,,,,,,,,,,,,,,,,,6,4.0,,,,,,,,,,,,,,,,,,,COMPLETE
990,990,0.9088943330168158,2025-01-01 04:36:12.614085,2025-01-01 04:36:29.046336,0 days 00:00:16.432251,1,10,,,,,,,,,,,,,,,,,,,,6,,,,,,,,,,,,,,,,,,,,COMPLETE
991,991,0.8942621500465644,2025-01-01 04:36:29.047008,2025-01-01 04:36:49.893753,0 days 00:00:20.846745,1,35,,,,,,,,,,,,,,,,,,,,6,,,,,,,,,,,,,,,,,,,,COMPLETE
992,992,0.8568850741508635,2025-01-01 04:36:49.894399,2025-01-01 04:37:13.037743,0 days 00:00:23.143344,1,40,,,,,,,,,,,,,,,,,,,,6,,,,,,,,,,,,,,,,,,,,COMPLETE
993,993,0.9078847551280194,2025-01-01 04:37:13.038283,2025-01-01 04:37:33.785873,0 days 00:00:20.747590,1,25,,,,,,,,,,,,,,,,,,,,6,,,,,,,,,,,,,,,,,,,,COMPLETE
994,994,0.41443007338439064,2025-01-01 04:37:33.786614,2025-01-01 04:37:57.194382,0 days 00:00:23.407768,1,35,,,,,,,,,,,,,,,,,,,,6,,,,,,,,,,,,,,,,,,,,COMPLETE
995,995,0.8705931547106316,2025-01-01 04:37:57.194946,2025-01-01 04:38:27.536326,0 days 00:00:30.341380,2,30,30.0,,,,,,,,,,,,,,,,,,,6,3.0,,,,,,,,,,,,,,,,,,,COMPLETE
996,996,0.8870901346893285,2025-01-01 04:38:27.537077,2025-01-01 04:38:48.635403,0 days 00:00:21.098326,1,25,,,,,,,,,,,,,,,,,,,,6,,,,,,,,,,,,,,,,,,,,COMPLETE
997,997,0.0,2025-01-01 04:38:48.635960,2025-01-01 04:39:24.376196,0 days 00:00:35.740236,6,50,20.0,,,,,,,,,,,125.0,85.0,95.0,200.0,,,,,6,5.0,,,,,,,,,,,6.0,5.0,2.0,4.0,,,,,COMPLETE
998,998,0.8792236172344626,2025-01-01 04:39:24.377040,2025-01-01 04:40:01.015280,0 days 00:00:36.638240,2,85,170.0,,,,,,,,,,,,,,,,,,,6,2.0,,,,,,,,,,,,,,,,,,,COMPLETE
999,999,0.0,2025-01-01 04:40:01.015963,2025-01-01 04:40:38.358806,0 days 00:00:37.342843,7,40,40.0,,,,,,,,,,,165.0,45.0,145.0,5.0,20.0,,,,6,6.0,,,,,,,,,,,5.0,3.0,5.0,4.0,5.0,,,,COMPLETE
