,number,value,datetime_start,datetime_complete,duration,params_depth,params_neurons_layer_0,params_neurons_layer_1,params_neurons_layer_10,params_neurons_layer_11,params_neurons_layer_12,params_neurons_layer_13,params_neurons_layer_14,params_neurons_layer_15,params_neurons_layer_16,params_neurons_layer_17,params_neurons_layer_18,params_neurons_layer_19,params_neurons_layer_2,params_neurons_layer_3,params_neurons_layer_4,params_neurons_layer_5,params_neurons_layer_6,params_neurons_layer_7,params_neurons_layer_8,params_neurons_layer_9,params_orders_layer_0,params_orders_layer_1,params_orders_layer_10,params_orders_layer_11,params_orders_layer_12,params_orders_layer_13,params_orders_layer_14,params_orders_layer_15,params_orders_layer_16,params_orders_layer_17,params_orders_layer_18,params_orders_layer_19,params_orders_layer_2,params_orders_layer_3,params_orders_layer_4,params_orders_layer_5,params_orders_layer_6,params_orders_layer_7,params_orders_layer_8,params_orders_layer_9,state
0,0,0.0,2025-01-01 09:49:28.743286,2025-01-01 09:49:34.565714,0 days 00:00:05.822428,8,105,180.0,,,,,,,,,,,85.0,135.0,185.0,90.0,150.0,50.0,,,2,5.0,,,,,,,,,,,5.0,6.0,4.0,4.0,6.0,4.0,,,COMPLETE
1,1,0.797318984234872,2025-01-01 09:49:34.566321,2025-01-01 09:49:38.265851,0 days 00:00:03.699530,1,90,,,,,,,,,,,,,,,,,,,,6,,,,,,,,,,,,,,,,,,,,COMPLETE
2,2,0.8392344497607656,2025-01-01 09:49:38.266156,2025-01-01 09:49:41.865142,0 days 00:00:03.598986,2,45,180.0,,,,,,,,,,,,,,,,,,,2,3.0,,,,,,,,,,,,,,,,,,,COMPLETE
3,3,0.812125569134915,2025-01-01 09:49:41.865474,2025-01-01 09:49:52.282796,0 days 00:00:10.417322,4,35,40.0,,,,,,,,,,,160.0,55.0,,,,,,,2,6.0,,,,,,,,,,,6.0,4.0,,,,,,,COMPLETE
4,4,0.0,2025-01-01 09:49:52.283191,2025-01-01 09:49:55.957414,0 days 00:00:03.674223,7,15,125.0,,,,,,,,,,,10.0,10.0,15.0,145.0,110.0,,,,2,5.0,,,,,,,,,,,2.0,3.0,2.0,5.0,3.0,,,,COMPLETE
5,5,0.7533783783783784,2025-01-01 09:49:55.957878,2025-01-01 09:50:05.565828,0 days 00:00:09.607950,5,90,175.0,,,,,,,,,,,25.0,60.0,25.0,,,,,,2,5.0,,,,,,,,,,,3.0,4.0,4.0,,,,,,COMPLETE
6,6,0.0,2025-01-01 09:50:05.566350,2025-01-01 09:50:08.110513,0 days 00:00:02.544163,4,185,85.0,,,,,,,,,,,25.0,185.0,,,,,,,3,5.0,,,,,,,,,,,2.0,2.0,,,,,,,COMPLETE
7,7,0.0,2025-01-01 09:50:08.110890,2025-01-01 09:50:18.925224,0 days 00:00:10.814334,18,100,25.0,185.0,35.0,195.0,65.0,120.0,90.0,85.0,120.0,,,125.0,5.0,105.0,5.0,55.0,50.0,95.0,180.0,5,6.0,2.0,3.0,4.0,4.0,3.0,4.0,5.0,6.0,,,5.0,3.0,6.0,2.0,6.0,4.0,3.0,2.0,COMPLETE
8,8,0.8303436179542374,2025-01-01 09:50:18.925972,2025-01-01 09:50:24.069612,0 days 00:00:05.143640,2,125,15.0,,,,,,,,,,,,,,,,,,,6,4.0,,,,,,,,,,,,,,,,,,,COMPLETE
9,9,0.0,2025-01-01 09:50:24.069986,2025-01-01 09:50:32.755617,0 days 00:00:08.685631,12,195,105.0,165.0,10.0,,,,,,,,,160.0,125.0,145.0,110.0,85.0,70.0,55.0,130.0,6,3.0,6.0,5.0,,,,,,,,,5.0,2.0,6.0,6.0,6.0,4.0,3.0,6.0,COMPLETE
10,10,0.0,2025-01-01 09:50:32.756223,2025-01-01 09:50:39.928852,0 days 00:00:07.172629,13,50,200.0,10.0,200.0,5.0,,,,,,,,200.0,190.0,80.0,190.0,5.0,200.0,180.0,20.0,4,2.0,4.0,6.0,2.0,,,,,,,,4.0,6.0,2.0,2.0,2.0,2.0,6.0,4.0,COMPLETE
11,11,0.8087291399229781,2025-01-01 09:50:39.929439,2025-01-01 09:50:41.843414,0 days 00:00:01.913975,1,145,,,,,,,,,,,,,,,,,,,,4,,,,,,,,,,,,,,,,,,,,COMPLETE
12,12,0.66693657219973,2025-01-01 09:50:41.843739,2025-01-01 09:50:44.245392,0 days 00:00:02.401653,1,140,,,,,,,,,,,,,,,,,,,,5,,,,,,,,,,,,,,,,,,,,COMPLETE
13,13,0.0,2025-01-01 09:50:44.245722,2025-01-01 09:50:54.662028,0 days 00:00:10.416306,16,60,60.0,40.0,160.0,95.0,190.0,5.0,195.0,,,,,70.0,80.0,200.0,10.0,190.0,145.0,5.0,15.0,3,3.0,6.0,2.0,6.0,6.0,6.0,6.0,,,,,3.0,5.0,3.0,3.0,4.0,6.0,6.0,6.0,COMPLETE
14,14,0.0,2025-01-01 09:50:54.662773,2025-01-01 09:51:00.213684,0 days 00:00:05.550911,9,140,140.0,,,,,,,,,,,60.0,145.0,75.0,45.0,200.0,5.0,180.0,,5,3.0,,,,,,,,,,,6.0,5.0,5.0,6.0,4.0,2.0,2.0,,COMPLETE
15,15,0.7919648666232921,2025-01-01 09:51:00.214212,2025-01-01 09:51:10.203378,0 days 00:00:09.989166,5,5,5.0,,,,,,,,,,,125.0,100.0,140.0,,,,,,3,4.0,,,,,,,,,,,4.0,3.0,3.0,,,,,,COMPLETE
16,16,0.8392857142857143,2025-01-01 09:51:10.203814,2025-01-01 09:51:15.632081,0 days 00:00:05.428267,3,65,150.0,,,,,,,,,,,200.0,,,,,,,,4,2.0,,,,,,,,,,,3.0,,,,,,,,COMPLETE
17,17,0.0,2025-01-01 09:51:15.632452,2025-01-01 09:51:21.565716,0 days 00:00:05.933264,10,65,150.0,,,,,,,,,,,200.0,160.0,50.0,195.0,20.0,130.0,135.0,85.0,4,2.0,,,,,,,,,,,3.0,5.0,5.0,4.0,2.0,6.0,5.0,2.0,COMPLETE
18,18,0.0,2025-01-01 09:51:21.566271,2025-01-01 09:51:26.106295,0 days 00:00:04.540024,7,35,165.0,,,,,,,,,,,165.0,40.0,150.0,65.0,135.0,,,,3,2.0,,,,,,,,,,,4.0,4.0,5.0,5.0,5.0,,,,COMPLETE
19,19,0.7873873873873873,2025-01-01 09:51:26.106778,2025-01-01 09:51:30.705395,0 days 00:00:04.598617,3,75,120.0,,,,,,,,,,,125.0,,,,,,,,4,3.0,,,,,,,,,,,2.0,,,,,,,,COMPLETE
20,20,0.0,2025-01-01 09:51:30.705899,2025-01-01 09:51:34.076360,0 days 00:00:03.370461,6,40,190.0,,,,,,,,,,,180.0,105.0,115.0,155.0,,,,,3,2.0,,,,,,,,,,,3.0,6.0,3.0,3.0,,,,,COMPLETE
21,21,0.8482021844853703,2025-01-01 09:51:34.076823,2025-01-01 09:51:39.689739,0 days 00:00:05.612916,3,120,150.0,,,,,,,,,,,110.0,,,,,,,,6,4.0,,,,,,,,,,,3.0,,,,,,,,COMPLETE
22,22,0.8303436179542374,2025-01-01 09:51:39.690115,2025-01-01 09:51:45.166711,0 days 00:00:05.476596,3,75,155.0,,,,,,,,,,,100.0,,,,,,,,5,4.0,,,,,,,,,,,3.0,,,,,,,,COMPLETE
23,23,0.857097288676236,2025-01-01 09:51:45.167106,2025-01-01 09:51:50.233255,0 days 00:00:05.066149,3,110,135.0,,,,,,,,,,,140.0,,,,,,,,6,3.0,,,,,,,,,,,2.0,,,,,,,,COMPLETE
24,24,0.0,2025-01-01 09:51:50.233638,2025-01-01 09:51:52.942571,0 days 00:00:02.708933,6,120,135.0,,,,,,,,,,,140.0,160.0,45.0,130.0,,,,,6,3.0,,,,,,,,,,,2.0,2.0,2.0,3.0,,,,,COMPLETE
25,25,0.0,2025-01-01 09:51:52.943021,2025-01-01 09:52:01.452098,0 days 00:00:08.509077,14,155,95.0,100.0,95.0,180.0,10.0,,,,,,,105.0,30.0,170.0,65.0,65.0,195.0,5.0,200.0,5,4.0,2.0,4.0,6.0,2.0,,,,,,,2.0,5.0,6.0,5.0,3.0,3.0,4.0,4.0,COMPLETE
26,26,0.0,2025-01-01 09:52:01.452766,2025-01-01 09:52:12.425597,0 days 00:00:10.972831,20,170,115.0,105.0,90.0,5.0,190.0,195.0,25.0,200.0,5.0,200.0,55.0,145.0,85.0,5.0,170.0,165.0,5.0,110.0,80.0,6,2.0,4.0,2.0,2.0,6.0,2.0,2.0,2.0,2.0,4.0,5.0,3.0,3.0,4.0,6.0,5.0,5.0,2.0,5.0,COMPLETE
27,27,0.0,2025-01-01 09:52:12.426386,2025-01-01 09:52:17.998668,0 days 00:00:05.572282,11,120,75.0,115.0,,,,,,,,,,180.0,170.0,80.0,35.0,115.0,105.0,55.0,140.0,5,4.0,3.0,,,,,,,,,,4.0,2.0,3.0,2.0,3.0,3.0,4.0,3.0,COMPLETE
28,28,0.8212005108556832,2025-01-01 09:52:17.999233,2025-01-01 09:52:23.599566,0 days 00:00:05.600333,3,95,150.0,,,,,,,,,,,95.0,,,,,,,,6,3.0,,,,,,,,,,,3.0,,,,,,,,COMPLETE
29,29,0.0,2025-01-01 09:52:23.599950,2025-01-01 09:52:28.411669,0 days 00:00:04.811719,8,110,130.0,,,,,,,,,,,55.0,200.0,115.0,100.0,55.0,160.0,,,5,2.0,,,,,,,,,,,2.0,4.0,5.0,4.0,5.0,5.0,,,COMPLETE
30,30,0.0,2025-01-01 09:52:28.412174,2025-01-01 09:52:31.329073,0 days 00:00:02.916899,5,80,165.0,,,,,,,,,,,115.0,115.0,45.0,,,,,,4,4.0,,,,,,,,,,,2.0,6.0,2.0,,,,,,COMPLETE
31,31,0.8230516817063167,2025-01-01 09:52:31.329508,2025-01-01 09:52:35.040537,0 days 00:00:03.711029,2,20,170.0,,,,,,,,,,,,,,,,,,,2,3.0,,,,,,,,,,,,,,,,,,,COMPLETE
32,32,0.8482021844853703,2025-01-01 09:52:35.040914,2025-01-01 09:52:39.049121,0 days 00:00:04.008207,2,60,190.0,,,,,,,,,,,,,,,,,,,6,3.0,,,,,,,,,,,,,,,,,,,COMPLETE
33,33,0.790796425220955,2025-01-01 09:52:39.049489,2025-01-01 09:52:42.418789,0 days 00:00:03.369300,1,110,,,,,,,,,,,,,,,,,,,,6,,,,,,,,,,,,,,,,,,,,COMPLETE
34,34,0.8123653769445554,2025-01-01 09:52:42.419125,2025-01-01 09:52:48.915374,0 days 00:00:06.496249,4,60,195.0,,,,,,,,,,,140.0,65.0,,,,,,,6,2.0,,,,,,,,,,,3.0,3.0,,,,,,,COMPLETE
35,35,0.8392344497607656,2025-01-01 09:52:48.915785,2025-01-01 09:52:54.575393,0 days 00:00:05.659608,3,85,145.0,,,,,,,,,,,170.0,,,,,,,,6,3.0,,,,,,,,,,,4.0,,,,,,,,COMPLETE
36,36,0.0,2025-01-01 09:52:54.575909,2025-01-01 09:52:58.330572,0 days 00:00:03.754663,6,130,185.0,,,,,,,,,,,85.0,25.0,130.0,120.0,,,,,6,4.0,,,,,,,,,,,3.0,5.0,4.0,3.0,,,,,COMPLETE
37,37,0.8508355176933159,2025-01-01 09:52:58.331054,2025-01-01 09:53:03.147425,0 days 00:00:04.816371,2,105,160.0,,,,,,,,,,,,,,,,,,,5,5.0,,,,,,,,,,,,,,,,,,,COMPLETE
38,38,0.8071911196911197,2025-01-01 09:53:03.147802,2025-01-01 09:53:07.958199,0 days 00:00:04.810397,2,105,180.0,,,,,,,,,,,,,,,,,,,5,5.0,,,,,,,,,,,,,,,,,,,COMPLETE
39,39,0.0,2025-01-01 09:53:07.958582,2025-01-01 09:53:11.539110,0 days 00:00:03.580528,4,160,165.0,,,,,,,,,,,75.0,90.0,,,,,,,6,6.0,,,,,,,,,,,5.0,4.0,,,,,,,COMPLETE
40,40,0.0,2025-01-01 09:53:11.539538,2025-01-01 09:53:16.488570,0 days 00:00:04.949032,8,90,105.0,,,,,,,,,,,45.0,145.0,170.0,75.0,30.0,90.0,,,6,5.0,,,,,,,,,,,2.0,2.0,6.0,5.0,2.0,5.0,,,COMPLETE
41,41,0.8325962325962326,2025-01-01 09:53:16.489085,2025-01-01 09:53:21.329114,0 days 00:00:04.840029,2,115,160.0,,,,,,,,,,,,,,,,,,,5,5.0,,,,,,,,,,,,,,,,,,,COMPLETE
42,42,0.0,2025-01-01 09:53:21.329474,2025-01-01 09:53:24.618245,0 days 00:00:03.288771,4,100,175.0,,,,,,,,,,,185.0,70.0,,,,,,,6,6.0,,,,,,,,,,,4.0,6.0,,,,,,,COMPLETE
43,43,0.8176392572944298,2025-01-01 09:53:24.618659,2025-01-01 09:53:27.101742,0 days 00:00:02.483083,1,50,,,,,,,,,,,,,,,,,,,,5,,,,,,,,,,,,,,,,,,,,COMPLETE
44,44,0.0,2025-01-01 09:53:27.102076,2025-01-01 09:53:30.219155,0 days 00:00:03.117079,5,130,130.0,,,,,,,,,,,145.0,45.0,65.0,,,,,,6,5.0,,,,,,,,,,,2.0,5.0,3.0,,,,,,COMPLETE
45,45,0.8198198198198199,2025-01-01 09:53:30.219584,2025-01-01 09:53:36.051430,0 days 00:00:05.831846,3,65,140.0,,,,,,,,,,,110.0,,,,,,,,4,4.0,,,,,,,,,,,3.0,,,,,,,,COMPLETE
46,46,0.5747054202670856,2025-01-01 09:53:36.051830,2025-01-01 09:53:38.591647,0 days 00:00:02.539817,1,25,,,,,,,,,,,,,,,,,,,,5,,,,,,,,,,,,,,,,,,,,COMPLETE
47,47,0.8108108108108109,2025-01-01 09:53:38.591992,2025-01-01 09:53:42.942759,0 days 00:00:04.350767,2,95,115.0,,,,,,,,,,,,,,,,,,,6,3.0,,,,,,,,,,,,,,,,,,,COMPLETE
48,48,0.0,2025-01-01 09:53:42.943120,2025-01-01 09:53:47.531951,0 days 00:00:04.588831,7,70,180.0,,,,,,,,,,,90.0,135.0,90.0,35.0,85.0,,,,5,5.0,,,,,,,,,,,2.0,3.0,5.0,6.0,4.0,,,,COMPLETE
49,49,0.0,2025-01-01 09:53:47.532452,2025-01-01 09:53:50.153946,0 days 00:00:02.621494,4,130,155.0,,,,,,,,,,,155.0,175.0,,,,,,,4,2.0,,,,,,,,,,,6.0,4.0,,,,,,,COMPLETE
50,50,0.0,2025-01-01 09:53:50.154345,2025-01-01 09:53:53.078775,0 days 00:00:02.924430,5,55,200.0,,,,,,,,,,,190.0,120.0,30.0,,,,,,4,3.0,,,,,,,,,,,3.0,6.0,2.0,,,,,,COMPLETE
51,51,0.8520514883346741,2025-01-01 09:53:53.079200,2025-01-01 09:53:56.947378,0 days 00:00:03.868178,2,35,190.0,,,,,,,,,,,,,,,,,,,2,3.0,,,,,,,,,,,,,,,,,,,COMPLETE
52,52,0.8430662805662805,2025-01-01 09:53:56.947765,2025-01-01 09:54:00.591970,0 days 00:00:03.644205,2,30,185.0,,,,,,,,,,,,,,,,,,,2,3.0,,,,,,,,,,,,,,,,,,,COMPLETE
53,53,0.7694378684491482,2025-01-01 09:54:00.592328,2025-01-01 09:54:02.887737,0 days 00:00:02.295409,1,5,,,,,,,,,,,,,,,,,,,,2,,,,,,,,,,,,,,,,,,,,COMPLETE
54,54,0.8152542372881356,2025-01-01 09:54:02.888076,2025-01-01 09:54:06.793723,0 days 00:00:03.905647,2,25,190.0,,,,,,,,,,,,,,,,,,,2,3.0,,,,,,,,,,,,,,,,,,,COMPLETE
55,55,0.8071784967004667,2025-01-01 09:54:06.794083,2025-01-01 09:54:13.013594,0 days 00:00:06.219511,3,35,185.0,,,,,,,,,,,15.0,,,,,,,,2,3.0,,,,,,,,,,,5.0,,,,,,,,COMPLETE
56,56,0.4342105263157895,2025-01-01 09:54:13.014115,2025-01-01 09:54:15.073191,0 days 00:00:02.059076,1,45,,,,,,,,,,,,,,,,,,,,3,,,,,,,,,,,,,,,,,,,,COMPLETE
57,57,0.7686628383921248,2025-01-01 09:54:15.073538,2025-01-01 09:54:18.411277,0 days 00:00:03.337739,2,10,175.0,,,,,,,,,,,,,,,,,,,2,3.0,,,,,,,,,,,,,,,,,,,COMPLETE
58,58,0.0,2025-01-01 09:54:18.411648,2025-01-01 09:54:21.699527,0 days 00:00:03.287879,5,30,195.0,,,,,,,,,,,40.0,45.0,165.0,,,,,,2,3.0,,,,,,,,,,,5.0,4.0,4.0,,,,,,COMPLETE
59,59,0.0,2025-01-01 09:54:21.699983,2025-01-01 09:54:30.047156,0 days 00:00:08.347173,14,15,170.0,55.0,145.0,100.0,120.0,,,,,,,120.0,20.0,200.0,170.0,180.0,170.0,150.0,50.0,3,4.0,5.0,6.0,4.0,2.0,,,,,,,2.0,3.0,6.0,2.0,5.0,3.0,5.0,3.0,COMPLETE
60,60,0.0,2025-01-01 09:54:30.047820,2025-01-01 09:54:32.547561,0 days 00:00:02.499741,4,140,160.0,,,,,,,,,,,80.0,200.0,,,,,,,6,4.0,,,,,,,,,,,4.0,2.0,,,,,,,COMPLETE
61,61,0.8251287001287001,2025-01-01 09:54:32.547994,2025-01-01 09:54:37.498811,0 days 00:00:04.950817,3,80,145.0,,,,,,,,,,,130.0,,,,,,,,2,2.0,,,,,,,,,,,3.0,,,,,,,,COMPLETE
62,62,0.7766254487435182,2025-01-01 09:54:37.499201,2025-01-01 09:54:41.559278,0 days 00:00:04.060077,2,40,185.0,,,,,,,,,,,,,,,,,,,6,3.0,,,,,,,,,,,,,,,,,,,COMPLETE
63,63,0.8070796460176992,2025-01-01 09:54:41.559652,2025-01-01 09:54:46.899010,0 days 00:00:05.339358,3,105,155.0,,,,,,,,,,,155.0,,,,,,,,3,3.0,,,,,,,,,,,3.0,,,,,,,,COMPLETE
64,64,0.8124850514231046,2025-01-01 09:54:46.899396,2025-01-01 09:54:55.021133,0 days 00:00:08.121737,4,50,200.0,,,,,,,,,,,195.0,15.0,,,,,,,5,2.0,,,,,,,,,,,4.0,5.0,,,,,,,COMPLETE
65,65,0.8182194616977225,2025-01-01 09:54:55.021556,2025-01-01 09:54:57.877991,0 days 00:00:02.856435,1,115,,,,,,,,,,,,,,,,,,,,6,,,,,,,,,,,,,,,,,,,,COMPLETE
66,66,0.0,2025-01-01 09:54:57.878330,2025-01-01 09:55:01.333884,0 days 00:00:03.455554,6,40,170.0,,,,,,,,,,,130.0,75.0,60.0,135.0,,,,,2,3.0,,,,,,,,,,,2.0,6.0,3.0,4.0,,,,,COMPLETE
67,67,0.8287732402370707,2025-01-01 09:55:01.334348,2025-01-01 09:55:05.640886,0 days 00:00:04.306538,2,85,140.0,,,,,,,,,,,,,,,,,,,4,4.0,,,,,,,,,,,,,,,,,,,COMPLETE
68,68,0.0,2025-01-01 09:55:05.641258,2025-01-01 09:55:14.742856,0 days 00:00:09.101598,16,95,190.0,150.0,50.0,140.0,110.0,10.0,195.0,,,,,170.0,100.0,185.0,90.0,135.0,115.0,200.0,145.0,3,2.0,5.0,4.0,5.0,4.0,6.0,2.0,,,,,3.0,2.0,4.0,5.0,3.0,2.0,3.0,5.0,COMPLETE
69,69,0.8289473684210527,2025-01-01 09:55:14.743594,2025-01-01 09:55:19.922232,0 days 00:00:05.178638,3,60,150.0,,,,,,,,,,,70.0,,,,,,,,6,3.0,,,,,,,,,,,2.0,,,,,,,,COMPLETE
70,70,0.8213716108452951,2025-01-01 09:55:19.922636,2025-01-01 09:55:26.300340,0 days 00:00:06.377704,3,125,130.0,,,,,,,,,,,175.0,,,,,,,,5,4.0,,,,,,,,,,,4.0,,,,,,,,COMPLETE
71,71,0.8212005108556832,2025-01-01 09:55:26.300742,2025-01-01 09:55:30.233305,0 days 00:00:03.932563,2,25,35.0,,,,,,,,,,,,,,,,,,,2,3.0,,,,,,,,,,,,,,,,,,,COMPLETE
72,72,0.8245499419279907,2025-01-01 09:55:30.233682,2025-01-01 09:55:32.199479,0 days 00:00:01.965797,1,35,,,,,,,,,,,,,,,,,,,,2,,,,,,,,,,,,,,,,,,,,COMPLETE
73,73,0.8156622623267805,2025-01-01 09:55:32.199955,2025-01-01 09:55:35.826143,0 days 00:00:03.626188,2,45,180.0,,,,,,,,,,,,,,,,,,,2,3.0,,,,,,,,,,,,,,,,,,,COMPLETE
74,74,0.7854406130268199,2025-01-01 09:55:35.826513,2025-01-01 09:55:40.571242,0 days 00:00:04.744729,3,55,160.0,,,,,,,,,,,160.0,,,,,,,,2,2.0,,,,,,,,,,,3.0,,,,,,,,COMPLETE
75,75,0.0,2025-01-01 09:55:40.571636,2025-01-01 09:55:42.709942,0 days 00:00:02.138306,4,65,175.0,,,,,,,,,,,110.0,55.0,,,,,,,6,3.0,,,,,,,,,,,2.0,3.0,,,,,,,COMPLETE
76,76,0.7933279814467933,2025-01-01 09:55:42.710340,2025-01-01 09:55:45.960513,0 days 00:00:03.250173,1,75,,,,,,,,,,,,,,,,,,,,6,,,,,,,,,,,,,,,,,,,,COMPLETE
77,77,0.0,2025-01-01 09:55:45.960865,2025-01-01 09:55:48.410376,0 days 00:00:02.449511,4,110,190.0,,,,,,,,,,,135.0,145.0,,,,,,,2,3.0,,,,,,,,,,,4.0,4.0,,,,,,,COMPLETE
78,78,0.7584471603163192,2025-01-01 09:55:48.410801,2025-01-01 09:56:01.169020,0 days 00:00:12.758219,5,30,60.0,,,,,,,,,,,100.0,5.0,95.0,,,,,,3,6.0,,,,,,,,,,,3.0,5.0,5.0,,,,,,COMPLETE
79,79,0.0,2025-01-01 09:56:01.169509,2025-01-01 09:56:06.819378,0 days 00:00:05.649869,9,100,170.0,,,,,,,,,,,150.0,130.0,125.0,20.0,35.0,40.0,65.0,,5,4.0,,,,,,,,,,,2.0,6.0,4.0,3.0,2.0,6.0,5.0,,COMPLETE
80,80,0.7837662337662338,2025-01-01 09:56:06.819926,2025-01-01 09:56:11.173603,0 days 00:00:04.353677,2,120,195.0,,,,,,,,,,,,,,,,,,,6,3.0,,,,,,,,,,,,,,,,,,,COMPLETE
81,81,0.7944954128440367,2025-01-01 09:56:11.173974,2025-01-01 09:56:17.698449,0 days 00:00:06.524475,3,70,145.0,,,,,,,,,,,200.0,,,,,,,,6,3.0,,,,,,,,,,,5.0,,,,,,,,COMPLETE
82,82,0.8559934985778139,2025-01-01 09:56:17.698858,2025-01-01 09:56:23.722408,0 days 00:00:06.023550,3,85,120.0,,,,,,,,,,,170.0,,,,,,,,6,3.0,,,,,,,,,,,4.0,,,,,,,,COMPLETE
83,83,0.7050540608498868,2025-01-01 09:56:23.722811,2025-01-01 09:56:27.325059,0 days 00:00:03.602248,1,200,,,,,,,,,,,,,,,,,,,,6,,,,,,,,,,,,,,,,,,,,COMPLETE
84,84,0.8035087719298246,2025-01-01 09:56:27.325409,2025-01-01 09:56:31.390488,0 days 00:00:04.065079,2,90,115.0,,,,,,,,,,,,,,,,,,,6,3.0,,,,,,,,,,,,,,,,,,,COMPLETE
85,85,0.8300183720744468,2025-01-01 09:56:31.390920,2025-01-01 09:56:37.052950,0 days 00:00:05.662030,3,55,135.0,,,,,,,,,,,185.0,,,,,,,,6,3.0,,,,,,,,,,,4.0,,,,,,,,COMPLETE
86,86,0.0,2025-01-01 09:56:37.053348,2025-01-01 09:56:39.555599,0 days 00:00:02.502251,4,45,125.0,,,,,,,,,,,165.0,185.0,,,,,,,6,2.0,,,,,,,,,,,5.0,3.0,,,,,,,COMPLETE
87,87,0.0,2025-01-01 09:56:39.556002,2025-01-01 09:56:46.936611,0 days 00:00:07.380609,12,85,165.0,200.0,150.0,,,,,,,,,180.0,110.0,25.0,160.0,90.0,85.0,90.0,45.0,5,3.0,3.0,3.0,,,,,,,,,4.0,2.0,2.0,6.0,4.0,5.0,6.0,5.0,COMPLETE
88,88,0.744210043567989,2025-01-01 09:56:46.937361,2025-01-01 09:56:48.932986,0 days 00:00:01.995625,1,150,,,,,,,,,,,,,,,,,,,,2,,,,,,,,,,,,,,,,,,,,COMPLETE
89,89,0.0,2025-01-01 09:56:48.933328,2025-01-01 09:56:52.655652,0 days 00:00:03.722324,5,135,125.0,,,,,,,,,,,190.0,155.0,5.0,,,,,,6,5.0,,,,,,,,,,,3.0,5.0,6.0,,,,,,COMPLETE
90,90,0.857097288676236,2025-01-01 09:56:52.656122,2025-01-01 09:56:57.183405,0 days 00:00:04.527283,2,115,100.0,,,,,,,,,,,,,,,,,,,3,4.0,,,,,,,,,,,,,,,,,,,COMPLETE
91,91,0.8161030595813205,2025-01-01 09:56:57.183791,2025-01-01 09:57:01.729006,0 days 00:00:04.545215,2,115,95.0,,,,,,,,,,,,,,,,,,,3,4.0,,,,,,,,,,,,,,,,,,,COMPLETE
92,92,0.8064828253507499,2025-01-01 09:57:01.729386,2025-01-01 09:57:08.589793,0 days 00:00:06.860407,3,105,105.0,,,,,,,,,,,170.0,,,,,,,,4,4.0,,,,,,,,,,,6.0,,,,,,,,COMPLETE
93,93,0.0,2025-01-01 09:57:08.590190,2025-01-01 09:57:19.971010,0 days 00:00:11.380820,20,95,80.0,70.0,75.0,55.0,10.0,90.0,5.0,20.0,200.0,10.0,195.0,120.0,90.0,185.0,200.0,165.0,175.0,140.0,110.0,2,5.0,3.0,5.0,3.0,3.0,4.0,6.0,6.0,4.0,2.0,2.0,4.0,4.0,4.0,2.0,6.0,3.0,2.0,3.0,COMPLETE
94,94,0.8644688644688645,2025-01-01 09:57:19.971845,2025-01-01 09:57:24.112855,0 days 00:00:04.141010,2,125,110.0,,,,,,,,,,,,,,,,,,,4,3.0,,,,,,,,,,,,,,,,,,,COMPLETE
95,95,0.8108108108108109,2025-01-01 09:57:24.113216,2025-01-01 09:57:28.849259,0 days 00:00:04.736043,2,125,100.0,,,,,,,,,,,,,,,,,,,4,5.0,,,,,,,,,,,,,,,,,,,COMPLETE
96,96,0.7561211340206185,2025-01-01 09:57:28.849625,2025-01-01 09:57:31.071214,0 days 00:00:02.221589,1,120,,,,,,,,,,,,,,,,,,,,4,,,,,,,,,,,,,,,,,,,,COMPLETE
97,97,0.7678571428571429,2025-01-01 09:57:31.071546,2025-01-01 09:57:36.923191,0 days 00:00:05.851645,3,110,110.0,,,,,,,,,,,145.0,,,,,,,,4,3.0,,,,,,,,,,,3.0,,,,,,,,COMPLETE
98,98,0.0,2025-01-01 09:57:36.923586,2025-01-01 09:57:39.253373,0 days 00:00:02.329787,4,125,95.0,,,,,,,,,,,160.0,35.0,,,,,,,4,3.0,,,,,,,,,,,3.0,3.0,,,,,,,COMPLETE
99,99,0.8247987117552334,2025-01-01 09:57:39.253775,2025-01-01 09:57:43.128377,0 days 00:00:03.874602,2,115,120.0,,,,,,,,,,,,,,,,,,,3,2.0,,,,,,,,,,,,,,,,,,,COMPLETE
100,100,0.0,2025-01-01 09:57:43.128783,2025-01-01 09:57:47.573771,0 days 00:00:04.444988,6,135,135.0,,,,,,,,,,,135.0,175.0,160.0,55.0,,,,,5,6.0,,,,,,,,,,,5.0,4.0,5.0,4.0,,,,,COMPLETE
101,101,0.5216374269005848,2025-01-01 09:57:47.574246,2025-01-01 09:57:49.657377,0 days 00:00:02.083131,1,100,,,,,,,,,,,,,,,,,,,,2,,,,,,,,,,,,,,,,,,,,COMPLETE
102,102,0.857097288676236,2025-01-01 09:57:49.657710,2025-01-01 09:57:54.920001,0 days 00:00:05.262291,3,50,110.0,,,,,,,,,,,195.0,,,,,,,,3,4.0,,,,,,,,,,,2.0,,,,,,,,COMPLETE
103,103,0.7892322549492998,2025-01-01 09:57:54.920407,2025-01-01 09:58:00.155008,0 days 00:00:05.234601,3,70,110.0,,,,,,,,,,,195.0,,,,,,,,3,4.0,,,,,,,,,,,2.0,,,,,,,,COMPLETE
104,104,0.828715775749674,2025-01-01 09:58:00.155385,2025-01-01 09:58:05.490757,0 days 00:00:05.335372,3,60,90.0,,,,,,,,,,,175.0,,,,,,,,4,4.0,,,,,,,,,,,2.0,,,,,,,,COMPLETE
105,105,0.8377192982456141,2025-01-01 09:58:05.491141,2025-01-01 09:58:09.735963,0 days 00:00:04.244822,2,30,110.0,,,,,,,,,,,,,,,,,,,3,4.0,,,,,,,,,,,,,,,,,,,COMPLETE
106,106,0.0,2025-01-01 09:58:09.736325,2025-01-01 09:58:11.789200,0 days 00:00:02.052875,4,40,150.0,,,,,,,,,,,200.0,55.0,,,,,,,4,4.0,,,,,,,,,,,2.0,2.0,,,,,,,COMPLETE
107,107,0.8161196911196911,2025-01-01 09:58:11.789733,2025-01-01 09:58:16.289233,0 days 00:00:04.499500,2,110,120.0,,,,,,,,,,,,,,,,,,,3,4.0,,,,,,,,,,,,,,,,,,,COMPLETE
108,108,0.7925233644859813,2025-01-01 09:58:16.289601,2025-01-01 09:58:21.236764,0 days 00:00:04.947163,3,20,100.0,,,,,,,,,,,190.0,,,,,,,,4,4.0,,,,,,,,,,,2.0,,,,,,,,COMPLETE
109,109,0.8067539046010975,2025-01-01 09:58:21.237144,2025-01-01 09:58:24.399921,0 days 00:00:03.162777,1,80,,,,,,,,,,,,,,,,,,,,6,,,,,,,,,,,,,,,,,,,,COMPLETE
110,110,0.0,2025-01-01 09:58:24.400255,2025-01-01 09:58:26.841355,0 days 00:00:02.441100,4,50,115.0,,,,,,,,,,,175.0,125.0,,,,,,,6,3.0,,,,,,,,,,,2.0,5.0,,,,,,,COMPLETE
111,111,0.7836257309941521,2025-01-01 09:58:26.841760,2025-01-01 09:58:30.508918,0 days 00:00:03.667158,2,35,185.0,,,,,,,,,,,,,,,,,,,2,3.0,,,,,,,,,,,,,,,,,,,COMPLETE
