,number,value,datetime_start,datetime_complete,duration,params_depth,params_neurons_layer_0,params_neurons_layer_1,params_neurons_layer_10,params_neurons_layer_11,params_neurons_layer_12,params_neurons_layer_13,params_neurons_layer_14,params_neurons_layer_15,params_neurons_layer_16,params_neurons_layer_17,params_neurons_layer_18,params_neurons_layer_19,params_neurons_layer_2,params_neurons_layer_3,params_neurons_layer_4,params_neurons_layer_5,params_neurons_layer_6,params_neurons_layer_7,params_neurons_layer_8,params_neurons_layer_9,params_orders_layer_0,params_orders_layer_1,params_orders_layer_10,params_orders_layer_11,params_orders_layer_12,params_orders_layer_13,params_orders_layer_14,params_orders_layer_15,params_orders_layer_16,params_orders_layer_17,params_orders_layer_18,params_orders_layer_19,params_orders_layer_2,params_orders_layer_3,params_orders_layer_4,params_orders_layer_5,params_orders_layer_6,params_orders_layer_7,params_orders_layer_8,params_orders_layer_9,state
970,970,0.9523785594639866,2025-01-01 23:13:02.030983,2025-01-01 23:13:09.516323,0 days 00:00:07.485340,3,120,85.0,,,,,,,,,,,110.0,,,,,,,,6,4.0,,,,,,,,,,,5.0,,,,,,,,COMPLETE
971,971,0.9582097065115565,2025-01-01 23:13:09.516995,2025-01-01 23:13:14.606978,0 days 00:00:05.089983,2,145,170.0,,,,,,,,,,,,,,,,,,,5,4.0,,,,,,,,,,,,,,,,,,,COMPLETE
972,972,0.962528910310096,2025-01-01 23:13:14.607573,2025-01-01 23:13:19.274977,0 days 00:00:04.667404,2,105,95.0,,,,,,,,,,,,,,,,,,,6,4.0,,,,,,,,,,,,,,,,,,,COMPLETE
973,973,0.9456766982540179,2025-01-01 23:13:19.275581,2025-01-01 23:13:25.751194,0 days 00:00:06.475613,1,130,,,,,,,,,,,,,,,,,,,,6,,,,,,,,,,,,,,,,,,,,COMPLETE
974,974,0.9657611881962087,2025-01-01 23:13:25.751794,2025-01-01 23:13:29.545509,0 days 00:00:03.793715,2,95,120.0,,,,,,,,,,,,,,,,,,,6,4.0,,,,,,,,,,,,,,,,,,,COMPLETE
975,975,0.9482465015036358,2025-01-01 23:13:29.546099,2025-01-01 23:13:36.156056,0 days 00:00:06.609957,3,100,150.0,,,,,,,,,,,155.0,,,,,,,,6,4.0,,,,,,,,,,,3.0,,,,,,,,COMPLETE
976,976,0.9549998749996528,2025-01-01 23:13:36.156674,2025-01-01 23:13:42.504190,0 days 00:00:06.347516,3,100,100.0,,,,,,,,,,,175.0,,,,,,,,6,4.0,,,,,,,,,,,4.0,,,,,,,,COMPLETE
977,977,0.9565217391304348,2025-01-01 23:13:42.504795,2025-01-01 23:13:46.468985,0 days 00:00:03.964190,2,90,105.0,,,,,,,,,,,,,,,,,,,6,4.0,,,,,,,,,,,,,,,,,,,COMPLETE
978,978,0.9248385951173315,2025-01-01 23:13:46.469592,2025-01-01 23:13:52.833460,0 days 00:00:06.363868,1,90,,,,,,,,,,,,,,,,,,,,6,,,,,,,,,,,,,,,,,,,,COMPLETE
979,979,0.9548494983277592,2025-01-01 23:13:52.834040,2025-01-01 23:13:56.891925,0 days 00:00:04.057885,2,95,170.0,,,,,,,,,,,,,,,,,,,6,4.0,,,,,,,,,,,,,,,,,,,COMPLETE
980,980,0.9541321164227281,2025-01-01 23:13:56.892522,2025-01-01 23:14:02.654363,0 days 00:00:05.761841,3,105,115.0,,,,,,,,,,,90.0,,,,,,,,6,4.0,,,,,,,,,,,2.0,,,,,,,,COMPLETE
981,981,0.9549203517622957,2025-01-01 23:14:02.655196,2025-01-01 23:14:07.139167,0 days 00:00:04.483971,2,80,175.0,,,,,,,,,,,,,,,,,,,6,4.0,,,,,,,,,,,,,,,,,,,COMPLETE
982,982,0.9401477832512315,2025-01-01 23:14:07.139777,2025-01-01 23:14:13.489311,0 days 00:00:06.349534,1,90,,,,,,,,,,,,,,,,,,,,6,,,,,,,,,,,,,,,,,,,,COMPLETE
983,983,0.0,2025-01-01 23:14:13.489952,2025-01-01 23:14:18.620166,0 days 00:00:05.130214,7,90,140.0,,,,,,,,,,,130.0,125.0,5.0,35.0,150.0,,,,6,3.0,,,,,,,,,,,6.0,2.0,5.0,3.0,5.0,,,,COMPLETE
984,984,0.9530814663093952,2025-01-01 23:14:18.620892,2025-01-01 23:14:23.733814,0 days 00:00:05.112922,2,145,95.0,,,,,,,,,,,,,,,,,,,6,4.0,,,,,,,,,,,,,,,,,,,COMPLETE
985,985,0.9474568725653867,2025-01-01 23:14:23.734417,2025-01-01 23:14:27.673701,0 days 00:00:03.939284,2,95,180.0,,,,,,,,,,,,,,,,,,,6,4.0,,,,,,,,,,,,,,,,,,,COMPLETE
986,986,0.941959445835732,2025-01-01 23:14:27.674326,2025-01-01 23:14:33.792144,0 days 00:00:06.117818,1,100,,,,,,,,,,,,,,,,,,,,6,,,,,,,,,,,,,,,,,,,,COMPLETE
987,987,0.9607944616959943,2025-01-01 23:14:33.792729,2025-01-01 23:14:37.781780,0 days 00:00:03.989051,2,100,175.0,,,,,,,,,,,,,,,,,,,6,4.0,,,,,,,,,,,,,,,,,,,COMPLETE
988,988,0.9466666666666667,2025-01-01 23:14:37.782370,2025-01-01 23:14:44.374073,0 days 00:00:06.591703,3,85,150.0,,,,,,,,,,,105.0,,,,,,,,6,4.0,,,,,,,,,,,3.0,,,,,,,,COMPLETE
989,989,0.0,2025-01-01 23:14:44.374684,2025-01-01 23:14:48.044621,0 days 00:00:03.669937,3,85,145.0,,,,,,,,,,,150.0,,,,,,,,5,4.0,,,,,,,,,,,2.0,,,,,,,,COMPLETE
990,990,0.9515859766277128,2025-01-01 23:14:48.045237,2025-01-01 23:14:52.292132,0 days 00:00:04.246895,2,105,155.0,,,,,,,,,,,,,,,,,,,6,4.0,,,,,,,,,,,,,,,,,,,COMPLETE
991,991,0.9565882657881755,2025-01-01 23:14:52.292728,2025-01-01 23:14:56.823354,0 days 00:00:04.530626,2,95,90.0,,,,,,,,,,,,,,,,,,,6,4.0,,,,,,,,,,,,,,,,,,,COMPLETE
992,992,0.9421942165191723,2025-01-01 23:14:56.823973,2025-01-01 23:15:03.199357,0 days 00:00:06.375384,1,95,,,,,,,,,,,,,,,,,,,,6,,,,,,,,,,,,,,,,,,,,COMPLETE
993,993,0.9607944616959943,2025-01-01 23:15:03.199943,2025-01-01 23:15:07.047421,0 days 00:00:03.847478,2,95,90.0,,,,,,,,,,,,,,,,,,,6,4.0,,,,,,,,,,,,,,,,,,,COMPLETE
994,994,0.0,2025-01-01 23:15:07.048223,2025-01-01 23:15:18.030383,0 days 00:00:10.982160,18,110,185.0,10.0,70.0,165.0,85.0,185.0,105.0,35.0,85.0,,,135.0,55.0,190.0,110.0,10.0,130.0,30.0,145.0,6,4.0,2.0,4.0,3.0,2.0,6.0,4.0,3.0,6.0,,,4.0,6.0,2.0,4.0,2.0,6.0,2.0,4.0,COMPLETE
995,995,0.9565882657881755,2025-01-01 23:15:18.031314,2025-01-01 23:15:24.096000,0 days 00:00:06.064686,3,140,110.0,,,,,,,,,,,85.0,,,,,,,,6,4.0,,,,,,,,,,,3.0,,,,,,,,COMPLETE
996,996,0.9516665324070345,2025-01-01 23:15:24.096637,2025-01-01 23:15:28.779330,0 days 00:00:04.682693,2,145,120.0,,,,,,,,,,,,,,,,,,,6,4.0,,,,,,,,,,,,,,,,,,,COMPLETE
997,997,0.9457840356096774,2025-01-01 23:15:28.779938,2025-01-01 23:15:35.046793,0 days 00:00:06.266855,1,95,,,,,,,,,,,,,,,,,,,,6,,,,,,,,,,,,,,,,,,,,COMPLETE
998,998,0.9575372020920804,2025-01-01 23:15:35.047394,2025-01-01 23:15:39.902075,0 days 00:00:04.854681,2,145,95.0,,,,,,,,,,,,,,,,,,,6,4.0,,,,,,,,,,,,,,,,,,,COMPLETE
999,999,0.9583304396138621,2025-01-01 23:15:39.902688,2025-01-01 23:15:48.782924,0 days 00:00:08.880236,3,100,130.0,,,,,,,,,,,145.0,,,,,,,,6,4.0,,,,,,,,,,,5.0,,,,,,,,COMPLETE
