,number,value,datetime_start,datetime_complete,duration,params_depth,params_neurons_layer_0,params_neurons_layer_1,params_neurons_layer_10,params_neurons_layer_11,params_neurons_layer_12,params_neurons_layer_13,params_neurons_layer_14,params_neurons_layer_15,params_neurons_layer_16,params_neurons_layer_17,params_neurons_layer_18,params_neurons_layer_19,params_neurons_layer_2,params_neurons_layer_3,params_neurons_layer_4,params_neurons_layer_5,params_neurons_layer_6,params_neurons_layer_7,params_neurons_layer_8,params_neurons_layer_9,params_orders_layer_0,params_orders_layer_1,params_orders_layer_10,params_orders_layer_11,params_orders_layer_12,params_orders_layer_13,params_orders_layer_14,params_orders_layer_15,params_orders_layer_16,params_orders_layer_17,params_orders_layer_18,params_orders_layer_19,params_orders_layer_2,params_orders_layer_3,params_orders_layer_4,params_orders_layer_5,params_orders_layer_6,params_orders_layer_7,params_orders_layer_8,params_orders_layer_9,state
622,622,0.88664949048517,2025-01-01 01:05:46.811183,2025-01-01 01:06:10.636892,0 days 00:00:23.825709,1,55,,,,,,,,,,,,,,,,,,,,6,,,,,,,,,,,,,,,,,,,,COMPLETE
623,623,0.5724052983487717,2025-01-01 01:06:10.637779,2025-01-01 01:06:33.272149,0 days 00:00:22.634370,1,50,,,,,,,,,,,,,,,,,,,,6,,,,,,,,,,,,,,,,,,,,COMPLETE
624,624,0.0,2025-01-01 01:06:33.272739,2025-01-01 01:09:55.820897,0 days 00:03:22.548158,18,60,40.0,25.0,185.0,110.0,180.0,175.0,60.0,150.0,55.0,,,110.0,180.0,150.0,95.0,145.0,145.0,140.0,30.0,6,2.0,6.0,5.0,6.0,3.0,6.0,4.0,5.0,4.0,,,4.0,4.0,6.0,6.0,5.0,4.0,5.0,4.0,COMPLETE
625,625,0.9034343893953599,2025-01-01 01:09:55.822415,2025-01-01 01:10:16.353063,0 days 00:00:20.530648,1,60,,,,,,,,,,,,,,,,,,,,6,,,,,,,,,,,,,,,,,,,,COMPLETE
626,626,0.8745898780986501,2025-01-01 01:10:16.353703,2025-01-01 01:11:12.823076,0 days 00:00:56.469373,2,45,150.0,,,,,,,,,,,,,,,,,,,6,5.0,,,,,,,,,,,,,,,,,,,COMPLETE
627,627,0.9017206807207592,2025-01-01 01:11:12.824043,2025-01-01 01:11:35.991498,0 days 00:00:23.167455,1,50,,,,,,,,,,,,,,,,,,,,6,,,,,,,,,,,,,,,,,,,,COMPLETE
628,628,0.9044950656785535,2025-01-01 01:11:35.992399,2025-01-01 01:11:53.186745,0 days 00:00:17.194346,1,45,,,,,,,,,,,,,,,,,,,,6,,,,,,,,,,,,,,,,,,,,COMPLETE
629,629,0.8755436383448929,2025-01-01 01:11:53.187354,2025-01-01 01:14:17.191554,0 days 00:02:24.004200,3,10,170.0,,,,,,,,,,,165.0,,,,,,,,6,3.0,,,,,,,,,,,5.0,,,,,,,,COMPLETE
630,630,0.8737039454424882,2025-01-01 01:14:17.192543,2025-01-01 01:15:15.759498,0 days 00:00:58.566955,2,75,70.0,,,,,,,,,,,,,,,,,,,6,4.0,,,,,,,,,,,,,,,,,,,COMPLETE
631,631,0.8714867773147119,2025-01-01 01:15:15.760438,2025-01-01 01:15:40.799707,0 days 00:00:25.039269,1,55,,,,,,,,,,,,,,,,,,,,6,,,,,,,,,,,,,,,,,,,,COMPLETE
632,632,0.8554580313393039,2025-01-01 01:15:40.800492,2025-01-01 01:15:59.344298,0 days 00:00:18.543806,1,50,,,,,,,,,,,,,,,,,,,,5,,,,,,,,,,,,,,,,,,,,COMPLETE
633,633,0.8739213594923607,2025-01-01 01:15:59.345066,2025-01-01 01:17:22.914694,0 days 00:01:23.569628,2,65,25.0,,,,,,,,,,,,,,,,,,,6,6.0,,,,,,,,,,,,,,,,,,,COMPLETE
634,634,0.0,2025-01-01 01:17:22.915653,2025-01-01 01:17:57.447034,0 days 00:00:34.531381,7,55,75.0,,,,,,,,,,,85.0,60.0,10.0,75.0,115.0,,,,6,3.0,,,,,,,,,,,2.0,6.0,4.0,3.0,5.0,,,,COMPLETE
635,635,0.8904186920361188,2025-01-01 01:17:57.447958,2025-01-01 01:18:22.506877,0 days 00:00:25.058919,1,120,,,,,,,,,,,,,,,,,,,,6,,,,,,,,,,,,,,,,,,,,COMPLETE
636,636,0.7698086636374257,2025-01-01 01:18:22.507845,2025-01-01 01:18:46.856463,0 days 00:00:24.348618,1,60,,,,,,,,,,,,,,,,,,,,6,,,,,,,,,,,,,,,,,,,,COMPLETE
637,637,0.8808830349993363,2025-01-01 01:18:46.857054,2025-01-01 01:19:09.797992,0 days 00:00:22.940938,1,45,,,,,,,,,,,,,,,,,,,,6,,,,,,,,,,,,,,,,,,,,COMPLETE
638,638,0.8481635154928522,2025-01-01 01:19:09.798861,2025-01-01 01:19:33.536342,0 days 00:00:23.737481,1,50,,,,,,,,,,,,,,,,,,,,6,,,,,,,,,,,,,,,,,,,,COMPLETE
639,639,0.8824673746762319,2025-01-01 01:19:33.536941,2025-01-01 01:20:00.601380,0 days 00:00:27.064439,2,15,130.0,,,,,,,,,,,,,,,,,,,6,2.0,,,,,,,,,,,,,,,,,,,COMPLETE
640,640,0.873081134749138,2025-01-01 01:20:00.602305,2025-01-01 01:20:26.999652,0 days 00:00:26.397347,1,95,,,,,,,,,,,,,,,,,,,,6,,,,,,,,,,,,,,,,,,,,COMPLETE
641,641,0.8743897488286272,2025-01-01 01:20:27.000258,2025-01-01 01:21:39.659575,0 days 00:01:12.659317,2,70,100.0,,,,,,,,,,,,,,,,,,,6,5.0,,,,,,,,,,,,,,,,,,,COMPLETE
642,642,0.0,2025-01-01 01:21:39.660505,2025-01-01 01:22:21.240770,0 days 00:00:41.580265,9,45,80.0,,,,,,,,,,,145.0,145.0,25.0,120.0,80.0,165.0,90.0,,6,4.0,,,,,,,,,,,3.0,3.0,3.0,2.0,4.0,6.0,3.0,,COMPLETE
643,643,0.9036164221964756,2025-01-01 01:22:21.241726,2025-01-01 01:22:49.654432,0 days 00:00:28.412706,1,165,,,,,,,,,,,,,,,,,,,,6,,,,,,,,,,,,,,,,,,,,COMPLETE
644,644,0.8958954513555601,2025-01-01 01:22:49.655162,2025-01-01 01:23:14.266284,0 days 00:00:24.611122,1,40,,,,,,,,,,,,,,,,,,,,6,,,,,,,,,,,,,,,,,,,,COMPLETE
645,645,0.8754676473095739,2025-01-01 01:23:14.267044,2025-01-01 01:24:24.023273,0 days 00:01:09.756229,2,50,45.0,,,,,,,,,,,,,,,,,,,6,6.0,,,,,,,,,,,,,,,,,,,COMPLETE
646,646,0.884454425721432,2025-01-01 01:24:24.024198,2025-01-01 01:25:25.170817,0 days 00:01:01.146619,3,40,35.0,,,,,,,,,,,195.0,,,,,,,,6,3.0,,,,,,,,,,,5.0,,,,,,,,COMPLETE
647,647,0.9026401102531669,2025-01-01 01:25:25.171758,2025-01-01 01:25:50.280970,0 days 00:00:25.109212,1,55,,,,,,,,,,,,,,,,,,,,6,,,,,,,,,,,,,,,,,,,,COMPLETE
648,648,0.8921140635370213,2025-01-01 01:25:50.281728,2025-01-01 01:26:13.796686,0 days 00:00:23.514958,1,45,,,,,,,,,,,,,,,,,,,,6,,,,,,,,,,,,,,,,,,,,COMPLETE
649,649,0.903706830707201,2025-01-01 01:26:13.797407,2025-01-01 01:26:37.217559,0 days 00:00:23.420152,1,5,,,,,,,,,,,,,,,,,,,,6,,,,,,,,,,,,,,,,,,,,COMPLETE
650,650,0.0,2025-01-01 01:26:37.218324,2025-01-01 01:27:49.284955,0 days 00:01:12.066631,13,50,110.0,90.0,20.0,25.0,,,,,,,,130.0,90.0,130.0,50.0,50.0,40.0,125.0,130.0,6,5.0,5.0,2.0,3.0,,,,,,,,2.0,4.0,2.0,4.0,2.0,5.0,6.0,5.0,COMPLETE
651,651,0.8840146530723556,2025-01-01 01:27:49.286271,2025-01-01 01:28:19.712445,0 days 00:00:30.426174,2,40,105.0,,,,,,,,,,,,,,,,,,,6,2.0,,,,,,,,,,,,,,,,,,,COMPLETE
652,652,0.0,2025-01-01 01:28:19.713310,2025-01-01 01:29:14.694534,0 days 00:00:54.981224,6,60,190.0,,,,,,,,,,,40.0,135.0,65.0,60.0,,,,,6,4.0,,,,,,,,,,,4.0,5.0,6.0,5.0,,,,,COMPLETE
653,653,0.9038321214501124,2025-01-01 01:29:14.695459,2025-01-01 01:29:37.342102,0 days 00:00:22.646643,1,20,,,,,,,,,,,,,,,,,,,,6,,,,,,,,,,,,,,,,,,,,COMPLETE
654,654,0.884202201984933,2025-01-01 01:29:37.342878,2025-01-01 01:29:54.483894,0 days 00:00:17.141016,1,15,,,,,,,,,,,,,,,,,,,,6,,,,,,,,,,,,,,,,,,,,COMPLETE
655,655,0.9084785487661243,2025-01-01 01:29:54.484500,2025-01-01 01:30:16.430310,0 days 00:00:21.945810,1,45,,,,,,,,,,,,,,,,,,,,6,,,,,,,,,,,,,,,,,,,,COMPLETE
656,656,0.8851734955439963,2025-01-01 01:30:16.431082,2025-01-01 01:31:21.880993,0 days 00:01:05.449911,2,45,10.0,,,,,,,,,,,,,,,,,,,6,6.0,,,,,,,,,,,,,,,,,,,COMPLETE
657,657,0.7602967906908802,2025-01-01 01:31:21.881769,2025-01-01 01:31:44.919139,0 days 00:00:23.037370,1,45,,,,,,,,,,,,,,,,,,,,6,,,,,,,,,,,,,,,,,,,,COMPLETE
658,658,0.8802197734450549,2025-01-01 01:31:44.919767,2025-01-01 01:32:37.834772,0 days 00:00:52.915005,2,40,135.0,,,,,,,,,,,,,,,,,,,6,5.0,,,,,,,,,,,,,,,,,,,COMPLETE
659,659,0.8755636882102,2025-01-01 01:32:37.835578,2025-01-01 01:33:01.596625,0 days 00:00:23.761047,1,40,,,,,,,,,,,,,,,,,,,,6,,,,,,,,,,,,,,,,,,,,COMPLETE
660,660,0.763604245083391,2025-01-01 01:33:01.597377,2025-01-01 01:33:17.168431,0 days 00:00:15.571054,1,45,,,,,,,,,,,,,,,,,,,,4,,,,,,,,,,,,,,,,,,,,COMPLETE
661,661,0.8129994110749972,2025-01-01 01:33:17.169033,2025-01-01 01:33:40.380162,0 days 00:00:23.211129,1,50,,,,,,,,,,,,,,,,,,,,6,,,,,,,,,,,,,,,,,,,,COMPLETE
662,662,0.878847836944558,2025-01-01 01:33:40.380976,2025-01-01 01:34:00.181994,0 days 00:00:19.801018,2,45,125.0,,,,,,,,,,,,,,,,,,,3,2.0,,,,,,,,,,,,,,,,,,,COMPLETE
663,663,0.8821478039241711,2025-01-01 01:34:00.182636,2025-01-01 01:34:24.553102,0 days 00:00:24.370466,1,40,,,,,,,,,,,,,,,,,,,,6,,,,,,,,,,,,,,,,,,,,COMPLETE
664,664,0.907180741082677,2025-01-01 01:34:24.553724,2025-01-01 01:34:49.502245,0 days 00:00:24.948521,1,45,,,,,,,,,,,,,,,,,,,,6,,,,,,,,,,,,,,,,,,,,COMPLETE
665,665,0.8861244913800115,2025-01-01 01:34:49.502973,2025-01-01 01:35:25.180616,0 days 00:00:35.677643,2,35,175.0,,,,,,,,,,,,,,,,,,,6,3.0,,,,,,,,,,,,,,,,,,,COMPLETE
666,666,0.9015854139695418,2025-01-01 01:35:25.181353,2025-01-01 01:35:50.053551,0 days 00:00:24.872198,1,50,,,,,,,,,,,,,,,,,,,,6,,,,,,,,,,,,,,,,,,,,COMPLETE
667,667,0.8313768176142166,2025-01-01 01:35:50.054125,2025-01-01 01:36:13.915695,0 days 00:00:23.861570,1,40,,,,,,,,,,,,,,,,,,,,6,,,,,,,,,,,,,,,,,,,,COMPLETE
668,668,0.90995159791663,2025-01-01 01:36:13.916418,2025-01-01 01:36:37.964226,0 days 00:00:24.047808,1,40,,,,,,,,,,,,,,,,,,,,6,,,,,,,,,,,,,,,,,,,,COMPLETE
669,669,0.8848890309766468,2025-01-01 01:36:37.964848,2025-01-01 01:37:18.684244,0 days 00:00:40.719396,2,35,55.0,,,,,,,,,,,,,,,,,,,6,4.0,,,,,,,,,,,,,,,,,,,COMPLETE
670,670,0.8824939545281497,2025-01-01 01:37:18.685003,2025-01-01 01:37:42.403671,0 days 00:00:23.718668,1,40,,,,,,,,,,,,,,,,,,,,6,,,,,,,,,,,,,,,,,,,,COMPLETE
671,671,0.890028338518082,2025-01-01 01:37:42.404248,2025-01-01 01:38:07.324633,0 days 00:00:24.920385,1,135,,,,,,,,,,,,,,,,,,,,6,,,,,,,,,,,,,,,,,,,,COMPLETE
672,672,0.8784232167309372,2025-01-01 01:38:07.325352,2025-01-01 01:38:55.813586,0 days 00:00:48.488234,2,35,85.0,,,,,,,,,,,,,,,,,,,6,5.0,,,,,,,,,,,,,,,,,,,COMPLETE
673,673,0.8720465343092643,2025-01-01 01:38:55.814350,2025-01-01 01:39:17.834674,0 days 00:00:22.020324,1,25,,,,,,,,,,,,,,,,,,,,6,,,,,,,,,,,,,,,,,,,,COMPLETE
674,674,0.8796720773920534,2025-01-01 01:39:17.835268,2025-01-01 01:40:21.328227,0 days 00:01:03.492959,2,40,165.0,,,,,,,,,,,,,,,,,,,6,6.0,,,,,,,,,,,,,,,,,,,COMPLETE
675,675,0.7429735988777487,2025-01-01 01:40:21.329003,2025-01-01 01:40:43.821001,0 days 00:00:22.491998,1,10,,,,,,,,,,,,,,,,,,,,6,,,,,,,,,,,,,,,,,,,,COMPLETE
676,676,0.88382768346395,2025-01-01 01:40:43.821758,2025-01-01 01:41:08.347708,0 days 00:00:24.525950,1,35,,,,,,,,,,,,,,,,,,,,6,,,,,,,,,,,,,,,,,,,,COMPLETE
677,677,0.8981324945208857,2025-01-01 01:41:08.348291,2025-01-01 01:41:31.031047,0 days 00:00:22.682756,1,20,,,,,,,,,,,,,,,,,,,,6,,,,,,,,,,,,,,,,,,,,COMPLETE
678,678,0.8785510161860096,2025-01-01 01:41:31.031836,2025-01-01 01:42:20.955461,0 days 00:00:49.923625,3,20,20.0,,,,,,,,,,,90.0,,,,,,,,6,3.0,,,,,,,,,,,6.0,,,,,,,,COMPLETE
679,679,0.882063057689003,2025-01-01 01:42:20.956268,2025-01-01 01:42:51.799943,0 days 00:00:30.843675,2,40,150.0,,,,,,,,,,,,,,,,,,,6,2.0,,,,,,,,,,,,,,,,,,,COMPLETE
680,680,0.8009731754544318,2025-01-01 01:42:51.800571,2025-01-01 01:43:16.393102,0 days 00:00:24.592531,1,35,,,,,,,,,,,,,,,,,,,,6,,,,,,,,,,,,,,,,,,,,COMPLETE
681,681,0.8818804001608542,2025-01-01 01:43:16.393841,2025-01-01 01:44:03.499387,0 days 00:00:47.105546,2,50,90.0,,,,,,,,,,,,,,,,,,,6,4.0,,,,,,,,,,,,,,,,,,,COMPLETE
682,682,0.0,2025-01-01 01:44:03.500163,2025-01-01 01:45:21.910886,0 days 00:01:18.410723,16,25,115.0,120.0,60.0,150.0,115.0,105.0,110.0,,,,,70.0,75.0,105.0,30.0,155.0,125.0,155.0,150.0,5,5.0,3.0,4.0,2.0,5.0,2.0,3.0,,,,,5.0,2.0,5.0,3.0,3.0,2.0,3.0,2.0,COMPLETE
683,683,0.7728166302227503,2025-01-01 01:45:21.911967,2025-01-01 01:45:46.265104,0 days 00:00:24.353137,1,45,,,,,,,,,,,,,,,,,,,,6,,,,,,,,,,,,,,,,,,,,COMPLETE
684,684,0.7793390336548232,2025-01-01 01:45:46.265877,2025-01-01 01:46:11.827846,0 days 00:00:25.561969,1,110,,,,,,,,,,,,,,,,,,,,6,,,,,,,,,,,,,,,,,,,,COMPLETE
685,685,0.8544592052102269,2025-01-01 01:46:11.828499,2025-01-01 01:46:34.874784,0 days 00:00:23.046285,1,35,,,,,,,,,,,,,,,,,,,,6,,,,,,,,,,,,,,,,,,,,COMPLETE
686,686,0.8138589953032469,2025-01-01 01:46:34.875546,2025-01-01 01:46:52.907305,0 days 00:00:18.031759,1,55,,,,,,,,,,,,,,,,,,,,6,,,,,,,,,,,,,,,,,,,,COMPLETE
687,687,0.0,2025-01-01 01:46:52.907946,2025-01-01 01:48:26.932088,0 days 00:01:34.024142,11,15,50.0,200.0,,,,,,,,,,120.0,35.0,45.0,135.0,175.0,55.0,30.0,190.0,6,6.0,6.0,,,,,,,,,,3.0,6.0,3.0,6.0,6.0,3.0,4.0,3.0,COMPLETE
688,688,0.8904746455465552,2025-01-01 01:48:26.933170,2025-01-01 01:48:57.181891,0 days 00:00:30.248721,2,45,30.0,,,,,,,,,,,,,,,,,,,6,2.0,,,,,,,,,,,,,,,,,,,COMPLETE
689,689,0.884960816301668,2025-01-01 01:48:57.182537,2025-01-01 01:49:39.357749,0 days 00:00:42.175212,2,40,15.0,,,,,,,,,,,,,,,,,,,6,4.0,,,,,,,,,,,,,,,,,,,COMPLETE
690,690,0.4321968880147779,2025-01-01 01:49:39.358563,2025-01-01 01:50:02.965655,0 days 00:00:23.607092,1,50,,,,,,,,,,,,,,,,,,,,6,,,,,,,,,,,,,,,,,,,,COMPLETE
691,691,0.892270038982591,2025-01-01 01:50:02.966289,2025-01-01 01:50:24.660902,0 days 00:00:21.694613,1,25,,,,,,,,,,,,,,,,,,,,6,,,,,,,,,,,,,,,,,,,,COMPLETE
692,692,0.9094238265011908,2025-01-01 01:50:24.661687,2025-01-01 01:50:48.781297,0 days 00:00:24.119610,1,30,,,,,,,,,,,,,,,,,,,,6,,,,,,,,,,,,,,,,,,,,COMPLETE
693,693,0.40838593091692665,2025-01-01 01:50:48.781948,2025-01-01 01:51:10.769472,0 days 00:00:21.987524,1,30,,,,,,,,,,,,,,,,,,,,6,,,,,,,,,,,,,,,,,,,,COMPLETE
694,694,0.881594986774589,2025-01-01 01:51:10.770243,2025-01-01 01:51:39.673901,0 days 00:00:28.903658,2,30,135.0,,,,,,,,,,,,,,,,,,,5,3.0,,,,,,,,,,,,,,,,,,,COMPLETE
695,695,0.8811940915117349,2025-01-01 01:51:39.674563,2025-01-01 01:52:01.173520,0 days 00:00:21.498957,1,30,,,,,,,,,,,,,,,,,,,,6,,,,,,,,,,,,,,,,,,,,COMPLETE
696,696,0.8786998583671413,2025-01-01 01:52:01.174298,2025-01-01 01:52:24.531660,0 days 00:00:23.357362,1,35,,,,,,,,,,,,,,,,,,,,6,,,,,,,,,,,,,,,,,,,,COMPLETE
697,697,0.8743038010452778,2025-01-01 01:52:24.532302,2025-01-01 01:53:22.402802,0 days 00:00:57.870500,2,35,65.0,,,,,,,,,,,,,,,,,,,6,6.0,,,,,,,,,,,,,,,,,,,COMPLETE
698,698,0.8600551802371524,2025-01-01 01:53:22.403596,2025-01-01 01:53:46.844827,0 days 00:00:24.441231,1,40,,,,,,,,,,,,,,,,,,,,6,,,,,,,,,,,,,,,,,,,,COMPLETE
699,699,0.8791820372787347,2025-01-01 01:53:46.845564,2025-01-01 01:54:07.981858,0 days 00:00:21.136294,1,30,,,,,,,,,,,,,,,,,,,,6,,,,,,,,,,,,,,,,,,,,COMPLETE
700,700,0.825289277795071,2025-01-01 01:54:07.982467,2025-01-01 01:54:30.639590,0 days 00:00:22.657123,1,35,,,,,,,,,,,,,,,,,,,,6,,,,,,,,,,,,,,,,,,,,COMPLETE
701,701,0.8859538579741721,2025-01-01 01:54:30.640269,2025-01-01 01:55:06.053038,0 days 00:00:35.412769,2,25,25.0,,,,,,,,,,,,,,,,,,,6,4.0,,,,,,,,,,,,,,,,,,,COMPLETE
702,702,0.8948610396460772,2025-01-01 01:55:06.053702,2025-01-01 01:55:29.614674,0 days 00:00:23.560972,1,45,,,,,,,,,,,,,,,,,,,,6,,,,,,,,,,,,,,,,,,,,COMPLETE
703,703,0.7695532319341554,2025-01-01 01:55:29.615386,2025-01-01 01:55:54.499703,0 days 00:00:24.884317,1,40,,,,,,,,,,,,,,,,,,,,6,,,,,,,,,,,,,,,,,,,,COMPLETE
704,704,0.8698110879487668,2025-01-01 01:55:54.500325,2025-01-01 01:56:39.106273,0 days 00:00:44.605948,2,30,75.0,,,,,,,,,,,,,,,,,,,6,5.0,,,,,,,,,,,,,,,,,,,COMPLETE
705,705,0.9097692095802954,2025-01-01 01:56:39.107032,2025-01-01 01:57:03.299253,0 days 00:00:24.192221,1,50,,,,,,,,,,,,,,,,,,,,6,,,,,,,,,,,,,,,,,,,,COMPLETE
706,706,0.872120389935306,2025-01-01 01:57:03.299996,2025-01-01 01:57:44.232151,0 days 00:00:40.932155,2,55,180.0,,,,,,,,,,,,,,,,,,,6,3.0,,,,,,,,,,,,,,,,,,,COMPLETE
707,707,0.844292739726573,2025-01-01 01:57:44.232809,2025-01-01 01:58:09.112291,0 days 00:00:24.879482,1,50,,,,,,,,,,,,,,,,,,,,6,,,,,,,,,,,,,,,,,,,,COMPLETE
708,708,0.9028061287027579,2025-01-01 01:58:09.113037,2025-01-01 01:58:33.831389,0 days 00:00:24.718352,1,55,,,,,,,,,,,,,,,,,,,,6,,,,,,,,,,,,,,,,,,,,COMPLETE
709,709,0.8478580496174395,2025-01-01 01:58:33.832033,2025-01-01 01:58:55.306735,0 days 00:00:21.474702,1,25,,,,,,,,,,,,,,,,,,,,6,,,,,,,,,,,,,,,,,,,,COMPLETE
710,710,0.8921910719690964,2025-01-01 01:58:55.307464,2025-01-01 01:59:28.959657,0 days 00:00:33.652193,2,55,200.0,,,,,,,,,,,,,,,,,,,6,2.0,,,,,,,,,,,,,,,,,,,COMPLETE
711,711,0.9077567805123054,2025-01-01 01:59:28.960276,2025-01-01 01:59:52.328791,0 days 00:00:23.368515,1,35,,,,,,,,,,,,,,,,,,,,6,,,,,,,,,,,,,,,,,,,,COMPLETE
712,712,0.9080017002017877,2025-01-01 01:59:52.329521,2025-01-01 02:00:15.233925,0 days 00:00:22.904404,1,50,,,,,,,,,,,,,,,,,,,,6,,,,,,,,,,,,,,,,,,,,COMPLETE
713,713,0.8603751215094473,2025-01-01 02:00:15.234539,2025-01-01 02:00:39.490937,0 days 00:00:24.256398,1,50,,,,,,,,,,,,,,,,,,,,6,,,,,,,,,,,,,,,,,,,,COMPLETE
714,714,0.8796302472413827,2025-01-01 02:00:39.491698,2025-01-01 02:01:27.999051,0 days 00:00:48.507353,2,40,160.0,,,,,,,,,,,,,,,,,,,5,5.0,,,,,,,,,,,,,,,,,,,COMPLETE
715,715,0.7982117597659069,2025-01-01 02:01:27.999825,2025-01-01 02:01:43.199337,0 days 00:00:15.199512,1,30,,,,,,,,,,,,,,,,,,,,4,,,,,,,,,,,,,,,,,,,,COMPLETE
716,716,0.0,2025-01-01 02:01:43.199941,2025-01-01 02:05:00.303599,0 days 00:03:17.103658,20,45,185.0,95.0,170.0,165.0,150.0,145.0,160.0,10.0,130.0,150.0,195.0,185.0,170.0,35.0,90.0,105.0,75.0,200.0,50.0,6,2.0,2.0,2.0,5.0,6.0,4.0,5.0,6.0,5.0,3.0,6.0,4.0,3.0,4.0,2.0,3.0,6.0,2.0,6.0,COMPLETE
717,717,0.0,2025-01-01 02:05:00.304831,2025-01-01 02:06:29.840317,0 days 00:01:29.535486,14,35,5.0,75.0,120.0,95.0,90.0,,,,,,,105.0,195.0,190.0,20.0,120.0,25.0,100.0,75.0,6,4.0,3.0,5.0,4.0,2.0,,,,,,,6.0,5.0,2.0,5.0,4.0,5.0,5.0,5.0,COMPLETE
718,718,0.8756681488407139,2025-01-01 02:06:29.841551,2025-01-01 02:09:24.704799,0 days 00:02:54.863248,2,155,195.0,,,,,,,,,,,,,,,,,,,6,6.0,,,,,,,,,,,,,,,,,,,COMPLETE
719,719,0.4085040772752997,2025-01-01 02:09:24.705620,2025-01-01 02:09:48.288113,0 days 00:00:23.582493,1,25,,,,,,,,,,,,,,,,,,,,6,,,,,,,,,,,,,,,,,,,,COMPLETE
720,720,0.9023723818621878,2025-01-01 02:09:48.288749,2025-01-01 02:10:12.264166,0 days 00:00:23.975417,1,55,,,,,,,,,,,,,,,,,,,,6,,,,,,,,,,,,,,,,,,,,COMPLETE
721,721,0.8786608362686692,2025-01-01 02:10:12.264924,2025-01-01 02:11:07.588446,0 days 00:00:55.323522,2,45,100.0,,,,,,,,,,,,,,,,,,,6,5.0,,,,,,,,,,,,,,,,,,,COMPLETE
722,722,0.0,2025-01-01 02:11:07.589272,2025-01-01 02:11:39.891349,0 days 00:00:32.302077,8,40,140.0,,,,,,,,,,,155.0,15.0,5.0,115.0,135.0,85.0,,,6,3.0,,,,,,,,,,,2.0,4.0,5.0,4.0,5.0,4.0,,,COMPLETE
723,723,0.8778968326541596,2025-01-01 02:11:39.892340,2025-01-01 02:12:03.814576,0 days 00:00:23.922236,1,50,,,,,,,,,,,,,,,,,,,,6,,,,,,,,,,,,,,,,,,,,COMPLETE
724,724,0.7327383329440338,2025-01-01 02:12:03.815225,2025-01-01 02:12:26.980478,0 days 00:00:23.165253,1,30,,,,,,,,,,,,,,,,,,,,6,,,,,,,,,,,,,,,,,,,,COMPLETE
725,725,0.8752866693727639,2025-01-01 02:12:26.981263,2025-01-01 02:14:11.546061,0 days 00:01:44.564798,3,40,95.0,,,,,,,,,,,55.0,,,,,,,,6,4.0,,,,,,,,,,,5.0,,,,,,,,COMPLETE
726,726,0.8708947608822319,2025-01-01 02:14:11.546909,2025-01-01 02:14:33.001899,0 days 00:00:21.454990,1,25,,,,,,,,,,,,,,,,,,,,6,,,,,,,,,,,,,,,,,,,,COMPLETE
727,727,0.883385938685338,2025-01-01 02:14:33.002538,2025-01-01 02:15:03.449824,0 days 00:00:30.447286,2,35,150.0,,,,,,,,,,,,,,,,,,,6,2.0,,,,,,,,,,,,,,,,,,,COMPLETE
728,728,0.8596515066058213,2025-01-01 02:15:03.450618,2025-01-01 02:15:28.217913,0 days 00:00:24.767295,1,50,,,,,,,,,,,,,,,,,,,,6,,,,,,,,,,,,,,,,,,,,COMPLETE
729,729,0.8733108151439206,2025-01-01 02:15:28.218551,2025-01-01 02:16:31.237676,0 days 00:01:03.019125,2,55,170.0,,,,,,,,,,,,,,,,,,,6,5.0,,,,,,,,,,,,,,,,,,,COMPLETE
730,730,0.7388785063343459,2025-01-01 02:16:31.238441,2025-01-01 02:16:53.826413,0 days 00:00:22.587972,1,35,,,,,,,,,,,,,,,,,,,,6,,,,,,,,,,,,,,,,,,,,COMPLETE
731,731,0.0,2025-01-01 02:16:53.827136,2025-01-01 02:17:43.446005,0 days 00:00:49.618869,5,45,70.0,,,,,,,,,,,180.0,110.0,140.0,,,,,,6,3.0,,,,,,,,,,,3.0,6.0,5.0,,,,,,COMPLETE
732,732,0.8552607664612615,2025-01-01 02:17:43.446870,2025-01-01 02:18:05.855582,0 days 00:00:22.408712,1,60,,,,,,,,,,,,,,,,,,,,6,,,,,,,,,,,,,,,,,,,,COMPLETE
733,733,0.8428494675858018,2025-01-01 02:18:05.856215,2025-01-01 02:18:27.419998,0 days 00:00:21.563783,1,30,,,,,,,,,,,,,,,,,,,,6,,,,,,,,,,,,,,,,,,,,COMPLETE
734,734,0.878916432071734,2025-01-01 02:18:27.420730,2025-01-01 02:19:11.043798,0 days 00:00:43.623068,2,20,40.0,,,,,,,,,,,,,,,,,,,6,6.0,,,,,,,,,,,,,,,,,,,COMPLETE
735,735,0.8166405564023309,2025-01-01 02:19:11.044488,2025-01-01 02:19:32.640102,0 days 00:00:21.595614,1,40,,,,,,,,,,,,,,,,,,,,6,,,,,,,,,,,,,,,,,,,,COMPLETE
736,736,0.8303220225804601,2025-01-01 02:19:32.640856,2025-01-01 02:19:55.551522,0 days 00:00:22.910666,1,50,,,,,,,,,,,,,,,,,,,,6,,,,,,,,,,,,,,,,,,,,COMPLETE
737,737,0.908304302440381,2025-01-01 02:19:55.552128,2025-01-01 02:20:16.430871,0 days 00:00:20.878743,1,25,,,,,,,,,,,,,,,,,,,,6,,,,,,,,,,,,,,,,,,,,COMPLETE
738,738,0.875499449945942,2025-01-01 02:20:16.431613,2025-01-01 02:21:23.807471,0 days 00:01:07.375858,2,45,120.0,,,,,,,,,,,,,,,,,,,6,6.0,,,,,,,,,,,,,,,,,,,COMPLETE
739,739,0.8373002628622537,2025-01-01 02:21:23.808285,2025-01-01 02:21:47.850947,0 days 00:00:24.042662,1,35,,,,,,,,,,,,,,,,,,,,6,,,,,,,,,,,,,,,,,,,,COMPLETE
740,740,0.866293791078298,2025-01-01 02:21:47.851586,2025-01-01 02:22:12.217984,0 days 00:00:24.366398,2,30,125.0,,,,,,,,,,,,,,,,,,,5,2.0,,,,,,,,,,,,,,,,,,,COMPLETE
741,741,0.8953063538625695,2025-01-01 02:22:12.218753,2025-01-01 02:22:36.659895,0 days 00:00:24.441142,1,85,,,,,,,,,,,,,,,,,,,,6,,,,,,,,,,,,,,,,,,,,COMPLETE
742,742,0.8807124763039138,2025-01-01 02:22:36.660530,2025-01-01 02:23:01.801436,0 days 00:00:25.140906,1,125,,,,,,,,,,,,,,,,,,,,6,,,,,,,,,,,,,,,,,,,,COMPLETE
743,743,0.8835998582169418,2025-01-01 02:23:01.802151,2025-01-01 02:23:37.127289,0 days 00:00:35.325138,2,40,50.0,,,,,,,,,,,,,,,,,,,6,3.0,,,,,,,,,,,,,,,,,,,COMPLETE
744,744,0.8867450379078287,2025-01-01 02:23:37.128048,2025-01-01 02:24:00.433687,0 days 00:00:23.305639,1,55,,,,,,,,,,,,,,,,,,,,6,,,,,,,,,,,,,,,,,,,,COMPLETE
745,745,0.8180978151610767,2025-01-01 02:24:00.434293,2025-01-01 02:24:27.113032,0 days 00:00:26.678739,1,175,,,,,,,,,,,,,,,,,,,,6,,,,,,,,,,,,,,,,,,,,COMPLETE
746,746,0.3998384491114701,2025-01-01 02:24:27.113789,2025-01-01 02:24:45.365781,0 days 00:00:18.251992,1,25,,,,,,,,,,,,,,,,,,,,6,,,,,,,,,,,,,,,,,,,,COMPLETE
747,747,0.8741765490506153,2025-01-01 02:24:45.366403,2025-01-01 02:25:30.782111,0 days 00:00:45.415708,2,45,110.0,,,,,,,,,,,,,,,,,,,6,4.0,,,,,,,,,,,,,,,,,,,COMPLETE
