,number,value,datetime_start,datetime_complete,duration,params_depth,params_neurons_layer_0,params_neurons_layer_1,params_neurons_layer_10,params_neurons_layer_11,params_neurons_layer_12,params_neurons_layer_13,params_neurons_layer_14,params_neurons_layer_15,params_neurons_layer_16,params_neurons_layer_17,params_neurons_layer_18,params_neurons_layer_19,params_neurons_layer_2,params_neurons_layer_3,params_neurons_layer_4,params_neurons_layer_5,params_neurons_layer_6,params_neurons_layer_7,params_neurons_layer_8,params_neurons_layer_9,params_orders_layer_0,params_orders_layer_1,params_orders_layer_10,params_orders_layer_11,params_orders_layer_12,params_orders_layer_13,params_orders_layer_14,params_orders_layer_15,params_orders_layer_16,params_orders_layer_17,params_orders_layer_18,params_orders_layer_19,params_orders_layer_2,params_orders_layer_3,params_orders_layer_4,params_orders_layer_5,params_orders_layer_6,params_orders_layer_7,params_orders_layer_8,params_orders_layer_9,state
232,232,0.8416052416052415,2025-01-01 10:09:20.157731,2025-01-01 10:09:24.662261,0 days 00:00:04.504530,2,115,195.0,,,,,,,,,,,,,,,,,,,6,4.0,,,,,,,,,,,,,,,,,,,COMPLETE
233,233,0.8430709802028006,2025-01-01 10:09:24.662677,2025-01-01 10:09:29.027817,0 days 00:00:04.365140,2,115,190.0,,,,,,,,,,,,,,,,,,,6,3.0,,,,,,,,,,,,,,,,,,,COMPLETE
234,234,0.8213716108452951,2025-01-01 10:09:29.028219,2025-01-01 10:09:35.817584,0 days 00:00:06.789365,3,100,200.0,,,,,,,,,,,80.0,,,,,,,,6,5.0,,,,,,,,,,,4.0,,,,,,,,COMPLETE
235,235,0.814344746162928,2025-01-01 10:09:35.818019,2025-01-01 10:09:37.818600,0 days 00:00:02.000581,1,120,,,,,,,,,,,,,,,,,,,,3,,,,,,,,,,,,,,,,,,,,COMPLETE
236,236,0.818121693121693,2025-01-01 10:09:37.818978,2025-01-01 10:09:42.018238,0 days 00:00:04.199260,2,110,190.0,,,,,,,,,,,,,,,,,,,6,4.0,,,,,,,,,,,,,,,,,,,COMPLETE
237,237,0.8390804597701149,2025-01-01 10:09:42.018653,2025-01-01 10:09:49.015334,0 days 00:00:06.996681,3,105,195.0,,,,,,,,,,,65.0,,,,,,,,6,4.0,,,,,,,,,,,5.0,,,,,,,,COMPLETE
238,238,0.8340572715572716,2025-01-01 10:09:49.015822,2025-01-01 10:09:53.353840,0 days 00:00:04.338018,2,125,185.0,,,,,,,,,,,,,,,,,,,6,3.0,,,,,,,,,,,,,,,,,,,COMPLETE
239,239,0.8213716108452951,2025-01-01 10:09:53.354249,2025-01-01 10:09:59.733776,0 days 00:00:06.379527,3,80,200.0,,,,,,,,,,,20.0,,,,,,,,6,4.0,,,,,,,,,,,4.0,,,,,,,,COMPLETE
240,240,0.8659752692461109,2025-01-01 10:09:59.734208,2025-01-01 10:10:03.769226,0 days 00:00:04.035018,2,115,125.0,,,,,,,,,,,,,,,,,,,6,3.0,,,,,,,,,,,,,,,,,,,COMPLETE
241,241,0.8322675848499754,2025-01-01 10:10:03.769650,2025-01-01 10:10:08.125591,0 days 00:00:04.355941,2,115,125.0,,,,,,,,,,,,,,,,,,,6,3.0,,,,,,,,,,,,,,,,,,,COMPLETE
242,242,0.7692496723460027,2025-01-01 10:10:08.126125,2025-01-01 10:10:12.470722,0 days 00:00:04.344597,2,115,125.0,,,,,,,,,,,,,,,,,,,6,3.0,,,,,,,,,,,,,,,,,,,COMPLETE
243,243,0.8250201126307322,2025-01-01 10:10:12.471129,2025-01-01 10:10:19.052663,0 days 00:00:06.581534,3,110,135.0,,,,,,,,,,,110.0,,,,,,,,6,3.0,,,,,,,,,,,6.0,,,,,,,,COMPLETE
244,244,0.833896668276195,2025-01-01 10:10:19.053099,2025-01-01 10:10:22.845859,0 days 00:00:03.792760,2,120,115.0,,,,,,,,,,,,,,,,,,,6,3.0,,,,,,,,,,,,,,,,,,,COMPLETE
245,245,0.8009338669716028,2025-01-01 10:10:22.846264,2025-01-01 10:10:25.672131,0 days 00:00:02.825867,1,105,,,,,,,,,,,,,,,,,,,,6,,,,,,,,,,,,,,,,,,,,COMPLETE
246,246,0.0,2025-01-01 10:10:25.672533,2025-01-01 10:10:27.677214,0 days 00:00:02.004681,4,115,130.0,,,,,,,,,,,85.0,165.0,,,,,,,6,3.0,,,,,,,,,,,2.0,2.0,,,,,,,COMPLETE
247,247,0.8390804597701149,2025-01-01 10:10:27.677655,2025-01-01 10:10:34.640881,0 days 00:00:06.963226,3,120,120.0,,,,,,,,,,,95.0,,,,,,,,6,4.0,,,,,,,,,,,5.0,,,,,,,,COMPLETE
248,248,0.8392344497607656,2025-01-01 10:10:34.641328,2025-01-01 10:10:38.677188,0 days 00:00:04.035860,2,110,195.0,,,,,,,,,,,,,,,,,,,6,3.0,,,,,,,,,,,,,,,,,,,COMPLETE
249,249,0.8520514883346741,2025-01-01 10:10:38.677601,2025-01-01 10:10:45.490602,0 days 00:00:06.813001,3,100,110.0,,,,,,,,,,,20.0,,,,,,,,6,5.0,,,,,,,,,,,4.0,,,,,,,,COMPLETE
250,250,0.8212005108556832,2025-01-01 10:10:45.491047,2025-01-01 10:10:52.738489,0 days 00:00:07.247442,4,95,190.0,,,,,,,,,,,20.0,100.0,,,,,,,6,5.0,,,,,,,,,,,4.0,3.0,,,,,,,COMPLETE
251,251,0.7944954128440367,2025-01-01 10:10:52.738956,2025-01-01 10:10:59.495798,0 days 00:00:06.756842,3,100,110.0,,,,,,,,,,,15.0,,,,,,,,6,6.0,,,,,,,,,,,4.0,,,,,,,,COMPLETE
252,252,0.0,2025-01-01 10:10:59.496237,2025-01-01 10:11:09.684643,0 days 00:00:10.188406,17,130,115.0,40.0,120.0,135.0,160.0,50.0,65.0,5.0,,,,30.0,15.0,90.0,5.0,180.0,185.0,200.0,80.0,6,5.0,3.0,4.0,3.0,3.0,3.0,5.0,4.0,,,,4.0,4.0,4.0,3.0,5.0,2.0,3.0,6.0,COMPLETE
253,253,0.8341110217216412,2025-01-01 10:11:09.685383,2025-01-01 10:11:16.523874,0 days 00:00:06.838491,3,110,200.0,,,,,,,,,,,10.0,,,,,,,,6,5.0,,,,,,,,,,,4.0,,,,,,,,COMPLETE
254,254,0.7797292942313889,2025-01-01 10:11:16.524318,2025-01-01 10:11:25.256499,0 days 00:00:08.732181,4,125,110.0,,,,,,,,,,,5.0,55.0,,,,,,,6,3.0,,,,,,,,,,,4.0,5.0,,,,,,,COMPLETE
255,255,0.8288288288288288,2025-01-01 10:11:25.257090,2025-01-01 10:11:30.940708,0 days 00:00:05.683618,3,105,180.0,,,,,,,,,,,35.0,,,,,,,,6,3.0,,,,,,,,,,,4.0,,,,,,,,COMPLETE
256,256,0.8429605792437651,2025-01-01 10:11:30.941137,2025-01-01 10:11:37.740752,0 days 00:00:06.799615,3,115,145.0,,,,,,,,,,,120.0,,,,,,,,6,6.0,,,,,,,,,,,4.0,,,,,,,,COMPLETE
257,257,0.7875307629204267,2025-01-01 10:11:37.741190,2025-01-01 10:11:41.791230,0 days 00:00:04.050040,2,120,120.0,,,,,,,,,,,,,,,,,,,6,3.0,,,,,,,,,,,,,,,,,,,COMPLETE
258,258,0.8411812961443806,2025-01-01 10:11:41.791647,2025-01-01 10:11:47.600281,0 days 00:00:05.808634,3,110,195.0,,,,,,,,,,,70.0,,,,,,,,3,4.0,,,,,,,,,,,4.0,,,,,,,,COMPLETE
259,259,0.8695617144698679,2025-01-01 10:11:47.600746,2025-01-01 10:11:56.303983,0 days 00:00:08.703237,4,135,125.0,,,,,,,,,,,40.0,110.0,,,,,,,6,5.0,,,,,,,,,,,2.0,6.0,,,,,,,COMPLETE
260,260,0.0,2025-01-01 10:11:56.304449,2025-01-01 10:11:59.626496,0 days 00:00:03.322047,5,150,130.0,,,,,,,,,,,40.0,110.0,190.0,,,,,,6,5.0,,,,,,,,,,,2.0,6.0,3.0,,,,,,COMPLETE
261,261,0.0,2025-01-01 10:11:59.626972,2025-01-01 10:12:02.619841,0 days 00:00:02.992869,4,100,125.0,,,,,,,,,,,20.0,135.0,,,,,,,6,3.0,,,,,,,,,,,2.0,6.0,,,,,,,COMPLETE
262,262,0.735440797940798,2025-01-01 10:12:02.620293,2025-01-01 10:12:11.129301,0 days 00:00:08.509008,4,105,120.0,,,,,,,,,,,25.0,95.0,,,,,,,6,5.0,,,,,,,,,,,2.0,6.0,,,,,,,COMPLETE
263,263,0.7747016318908826,2025-01-01 10:12:11.129773,2025-01-01 10:12:16.403357,0 days 00:00:05.273584,2,110,135.0,,,,,,,,,,,,,,,,,,,6,5.0,,,,,,,,,,,,,,,,,,,COMPLETE
264,264,0.8009338669716028,2025-01-01 10:12:16.403781,2025-01-01 10:12:20.004266,0 days 00:00:03.600485,1,140,,,,,,,,,,,,,,,,,,,,6,,,,,,,,,,,,,,,,,,,,COMPLETE
265,265,0.8196881091617934,2025-01-01 10:12:20.004664,2025-01-01 10:12:24.098380,0 days 00:00:04.093716,2,140,195.0,,,,,,,,,,,,,,,,,,,6,3.0,,,,,,,,,,,,,,,,,,,COMPLETE
266,266,0.8213716108452951,2025-01-01 10:12:24.098809,2025-01-01 10:12:29.675147,0 days 00:00:05.576338,3,115,190.0,,,,,,,,,,,25.0,,,,,,,,6,5.0,,,,,,,,,,,2.0,,,,,,,,COMPLETE
267,267,0.0,2025-01-01 10:12:29.675633,2025-01-01 10:12:32.319017,0 days 00:00:02.643384,4,135,200.0,,,,,,,,,,,35.0,120.0,,,,,,,5,4.0,,,,,,,,,,,2.0,5.0,,,,,,,COMPLETE
268,268,0.0,2025-01-01 10:12:32.319486,2025-01-01 10:12:35.056755,0 days 00:00:02.737269,5,90,105.0,,,,,,,,,,,45.0,130.0,15.0,,,,,,6,3.0,,,,,,,,,,,2.0,5.0,2.0,,,,,,COMPLETE
269,269,0.0,2025-01-01 10:12:35.057223,2025-01-01 10:12:43.280559,0 days 00:00:08.223336,13,100,85.0,170.0,175.0,165.0,,,,,,,,60.0,140.0,155.0,155.0,105.0,70.0,125.0,200.0,6,4.0,5.0,3.0,2.0,,,,,,,,5.0,6.0,4.0,2.0,4.0,6.0,5.0,2.0,COMPLETE
270,270,0.8071784967004667,2025-01-01 10:12:43.281263,2025-01-01 10:12:47.424112,0 days 00:00:04.142849,2,45,115.0,,,,,,,,,,,,,,,,,,,3,3.0,,,,,,,,,,,,,,,,,,,COMPLETE
271,271,0.8035714285714286,2025-01-01 10:12:47.424536,2025-01-01 10:12:54.361930,0 days 00:00:06.937394,3,105,140.0,,,,,,,,,,,40.0,,,,,,,,6,4.0,,,,,,,,,,,5.0,,,,,,,,COMPLETE
272,272,0.7218949435444281,2025-01-01 10:12:54.362504,2025-01-01 10:12:58.098181,0 days 00:00:03.735677,1,145,,,,,,,,,,,,,,,,,,,,6,,,,,,,,,,,,,,,,,,,,COMPLETE
273,273,0.8199236827149469,2025-01-01 10:12:58.098584,2025-01-01 10:13:02.616147,0 days 00:00:04.517563,2,110,195.0,,,,,,,,,,,,,,,,,,,6,4.0,,,,,,,,,,,,,,,,,,,COMPLETE
274,274,0.8482021844853703,2025-01-01 10:13:02.616574,2025-01-01 10:13:07.684948,0 days 00:00:05.068374,3,120,130.0,,,,,,,,,,,130.0,,,,,,,,6,3.0,,,,,,,,,,,2.0,,,,,,,,COMPLETE
275,275,0.0,2025-01-01 10:13:07.685400,2025-01-01 10:13:10.374522,0 days 00:00:02.689122,4,120,130.0,,,,,,,,,,,140.0,155.0,,,,,,,6,5.0,,,,,,,,,,,2.0,5.0,,,,,,,COMPLETE
276,276,0.8424447669730688,2025-01-01 10:13:10.374985,2025-01-01 10:13:14.707949,0 days 00:00:04.332964,2,125,125.0,,,,,,,,,,,,,,,,,,,6,3.0,,,,,,,,,,,,,,,,,,,COMPLETE
277,277,0.0,2025-01-01 10:13:14.708362,2025-01-01 10:13:18.582134,0 days 00:00:03.873772,6,115,135.0,,,,,,,,,,,130.0,65.0,175.0,110.0,,,,,6,3.0,,,,,,,,,,,2.0,6.0,3.0,6.0,,,,,COMPLETE
278,278,0.8300183720744468,2025-01-01 10:13:18.582648,2025-01-01 10:13:23.620796,0 days 00:00:05.038148,3,120,125.0,,,,,,,,,,,30.0,,,,,,,,6,3.0,,,,,,,,,,,2.0,,,,,,,,COMPLETE
279,279,0.8071784967004667,2025-01-01 10:13:23.621235,2025-01-01 10:13:28.782279,0 days 00:00:05.161044,2,35,125.0,,,,,,,,,,,,,,,,,,,5,5.0,,,,,,,,,,,,,,,,,,,COMPLETE
280,280,0.8213716108452951,2025-01-01 10:13:28.782706,2025-01-01 10:13:33.657781,0 days 00:00:04.875075,3,115,95.0,,,,,,,,,,,115.0,,,,,,,,3,3.0,,,,,,,,,,,2.0,,,,,,,,COMPLETE
281,281,0.8159504265250281,2025-01-01 10:13:33.658216,2025-01-01 10:13:37.703000,0 days 00:00:04.044784,2,55,185.0,,,,,,,,,,,,,,,,,,,6,3.0,,,,,,,,,,,,,,,,,,,COMPLETE
282,282,0.8378510378510379,2025-01-01 10:13:37.703415,2025-01-01 10:13:42.767931,0 days 00:00:05.064516,3,130,145.0,,,,,,,,,,,160.0,,,,,,,,6,3.0,,,,,,,,,,,2.0,,,,,,,,COMPLETE
283,283,0.0,2025-01-01 10:13:42.768353,2025-01-01 10:13:47.727354,0 days 00:00:04.959001,8,15,160.0,,,,,,,,,,,115.0,170.0,120.0,45.0,115.0,95.0,,,6,3.0,,,,,,,,,,,2.0,5.0,5.0,4.0,3.0,5.0,,,COMPLETE
284,284,0.8071784967004667,2025-01-01 10:13:47.727981,2025-01-01 10:13:54.195527,0 days 00:00:06.467546,3,120,130.0,,,,,,,,,,,125.0,,,,,,,,6,5.0,,,,,,,,,,,3.0,,,,,,,,COMPLETE
285,285,0.0,2025-01-01 10:13:54.195974,2025-01-01 10:14:01.433169,0 days 00:00:07.237195,11,110,190.0,25.0,,,,,,,,,,95.0,90.0,40.0,185.0,75.0,60.0,175.0,30.0,6,3.0,6.0,,,,,,,,,,2.0,4.0,6.0,5.0,6.0,4.0,2.0,4.0,COMPLETE
286,286,0.6371929824561403,2025-01-01 10:14:01.433949,2025-01-01 10:14:03.332699,0 days 00:00:01.898750,1,130,,,,,,,,,,,,,,,,,,,,4,,,,,,,,,,,,,,,,,,,,COMPLETE
287,287,0.8838452333466295,2025-01-01 10:14:03.333082,2025-01-01 10:14:07.422261,0 days 00:00:04.089179,2,95,140.0,,,,,,,,,,,,,,,,,,,6,3.0,,,,,,,,,,,,,,,,,,,COMPLETE
288,288,0.8250080567193039,2025-01-01 10:14:07.422673,2025-01-01 10:14:12.325615,0 days 00:00:04.902942,2,75,140.0,,,,,,,,,,,,,,,,,,,6,5.0,,,,,,,,,,,,,,,,,,,COMPLETE
289,289,0.8009338669716028,2025-01-01 10:14:12.326023,2025-01-01 10:14:15.273818,0 days 00:00:02.947795,1,95,,,,,,,,,,,,,,,,,,,,6,,,,,,,,,,,,,,,,,,,,COMPLETE
290,290,0.8124850514231046,2025-01-01 10:14:15.274197,2025-01-01 10:14:19.349610,0 days 00:00:04.075413,2,95,150.0,,,,,,,,,,,,,,,,,,,6,3.0,,,,,,,,,,,,,,,,,,,COMPLETE
291,291,0.0,2025-01-01 10:14:19.350015,2025-01-01 10:14:22.360271,0 days 00:00:03.010256,5,165,140.0,,,,,,,,,,,50.0,80.0,140.0,,,,,,6,4.0,,,,,,,,,,,4.0,4.0,2.0,,,,,,COMPLETE
292,292,0.8392344497607656,2025-01-01 10:14:22.360742,2025-01-01 10:14:26.677942,0 days 00:00:04.317200,2,90,105.0,,,,,,,,,,,,,,,,,,,6,3.0,,,,,,,,,,,,,,,,,,,COMPLETE
293,293,0.7585735325057859,2025-01-01 10:14:26.678356,2025-01-01 10:14:28.760957,0 days 00:00:02.082601,1,100,,,,,,,,,,,,,,,,,,,,4,,,,,,,,,,,,,,,,,,,,COMPLETE
294,294,0.8288961038961038,2025-01-01 10:14:28.761325,2025-01-01 10:14:32.080022,0 days 00:00:03.318697,2,100,200.0,,,,,,,,,,,,,,,,,,,3,3.0,,,,,,,,,,,,,,,,,,,COMPLETE
295,295,0.857097288676236,2025-01-01 10:14:32.080435,2025-01-01 10:14:37.006398,0 days 00:00:04.925963,2,135,110.0,,,,,,,,,,,,,,,,,,,6,5.0,,,,,,,,,,,,,,,,,,,COMPLETE
296,296,0.8427764326069411,2025-01-01 10:14:37.006818,2025-01-01 10:14:41.946837,0 days 00:00:04.940019,2,140,110.0,,,,,,,,,,,,,,,,,,,6,5.0,,,,,,,,,,,,,,,,,,,COMPLETE
297,297,0.7621173469387755,2025-01-01 10:14:41.947252,2025-01-01 10:14:45.021509,0 days 00:00:03.074257,1,135,,,,,,,,,,,,,,,,,,,,6,,,,,,,,,,,,,,,,,,,,COMPLETE
298,298,0.8054054054054054,2025-01-01 10:14:45.021902,2025-01-01 10:14:50.205644,0 days 00:00:05.183742,2,25,115.0,,,,,,,,,,,,,,,,,,,5,5.0,,,,,,,,,,,,,,,,,,,COMPLETE
299,299,0.8341110217216412,2025-01-01 10:14:50.206054,2025-01-01 10:14:54.776515,0 days 00:00:04.570461,2,135,110.0,,,,,,,,,,,,,,,,,,,2,5.0,,,,,,,,,,,,,,,,,,,COMPLETE
300,300,0.8212005108556832,2025-01-01 10:14:54.776953,2025-01-01 10:14:59.688208,0 days 00:00:04.911255,2,145,100.0,,,,,,,,,,,,,,,,,,,6,5.0,,,,,,,,,,,,,,,,,,,COMPLETE
301,301,0.8227642276422764,2025-01-01 10:14:59.688676,2025-01-01 10:15:02.603144,0 days 00:00:02.914468,1,185,,,,,,,,,,,,,,,,,,,,6,,,,,,,,,,,,,,,,,,,,COMPLETE
302,302,0.8364327630382676,2025-01-01 10:15:02.603548,2025-01-01 10:15:07.514738,0 days 00:00:04.911190,2,85,120.0,,,,,,,,,,,,,,,,,,,6,5.0,,,,,,,,,,,,,,,,,,,COMPLETE
303,303,0.8152542372881356,2025-01-01 10:15:07.515151,2025-01-01 10:15:13.958061,0 days 00:00:06.442910,3,85,90.0,,,,,,,,,,,10.0,,,,,,,,6,5.0,,,,,,,,,,,3.0,,,,,,,,COMPLETE
304,304,0.8925487687879757,2025-01-01 10:15:13.958635,2025-01-01 10:15:18.278287,0 days 00:00:04.319652,2,125,180.0,,,,,,,,,,,,,,,,,,,6,3.0,,,,,,,,,,,,,,,,,,,COMPLETE
305,305,0.771902700474129,2025-01-01 10:15:18.278702,2025-01-01 10:15:21.476371,0 days 00:00:03.197669,1,125,,,,,,,,,,,,,,,,,,,,6,,,,,,,,,,,,,,,,,,,,COMPLETE
306,306,0.788888888888889,2025-01-01 10:15:21.476764,2025-01-01 10:15:25.815711,0 days 00:00:04.338947,2,130,170.0,,,,,,,,,,,,,,,,,,,6,3.0,,,,,,,,,,,,,,,,,,,COMPLETE
307,307,0.8251247384516337,2025-01-01 10:15:25.816116,2025-01-01 10:15:29.708200,0 days 00:00:03.892084,2,10,180.0,,,,,,,,,,,,,,,,,,,6,3.0,,,,,,,,,,,,,,,,,,,COMPLETE
308,308,0.8009090909090909,2025-01-01 10:15:29.708617,2025-01-01 10:15:32.538318,0 days 00:00:02.829701,1,125,,,,,,,,,,,,,,,,,,,,6,,,,,,,,,,,,,,,,,,,,COMPLETE
309,309,0.7801932367149759,2025-01-01 10:15:32.538738,2025-01-01 10:15:36.926801,0 days 00:00:04.388063,2,115,150.0,,,,,,,,,,,,,,,,,,,6,3.0,,,,,,,,,,,,,,,,,,,COMPLETE
310,310,0.7994009484982112,2025-01-01 10:15:36.927205,2025-01-01 10:15:41.290867,0 days 00:00:04.363662,2,110,175.0,,,,,,,,,,,,,,,,,,,6,3.0,,,,,,,,,,,,,,,,,,,COMPLETE
311,311,0.8303436179542374,2025-01-01 10:15:41.291283,2025-01-01 10:15:48.448402,0 days 00:00:07.157119,3,115,190.0,,,,,,,,,,,190.0,,,,,,,,6,3.0,,,,,,,,,,,6.0,,,,,,,,COMPLETE
312,312,0.7621117012715275,2025-01-01 10:15:48.448851,2025-01-01 10:15:55.070772,0 days 00:00:06.621921,3,135,105.0,,,,,,,,,,,170.0,,,,,,,,6,3.0,,,,,,,,,,,5.0,,,,,,,,COMPLETE
313,313,0.8260869565217391,2025-01-01 10:15:55.071205,2025-01-01 10:15:59.430691,0 days 00:00:04.359486,2,125,155.0,,,,,,,,,,,,,,,,,,,6,3.0,,,,,,,,,,,,,,,,,,,COMPLETE
314,314,0.0,2025-01-01 10:15:59.431109,2025-01-01 10:16:03.813985,0 days 00:00:04.382876,7,120,180.0,,,,,,,,,,,180.0,40.0,50.0,125.0,50.0,,,,4,3.0,,,,,,,,,,,5.0,6.0,6.0,2.0,2.0,,,,COMPLETE
315,315,0.8303436179542374,2025-01-01 10:16:03.814532,2025-01-01 10:16:10.404261,0 days 00:00:06.589729,3,130,115.0,,,,,,,,,,,155.0,,,,,,,,6,3.0,,,,,,,,,,,5.0,,,,,,,,COMPLETE
316,316,0.852012882447665,2025-01-01 10:16:10.404705,2025-01-01 10:16:15.317062,0 days 00:00:04.912357,2,115,185.0,,,,,,,,,,,,,,,,,,,6,5.0,,,,,,,,,,,,,,,,,,,COMPLETE
317,317,0.8107142857142857,2025-01-01 10:16:15.317525,2025-01-01 10:16:20.252911,0 days 00:00:04.935386,2,115,185.0,,,,,,,,,,,,,,,,,,,6,5.0,,,,,,,,,,,,,,,,,,,COMPLETE
318,318,0.7099901816396661,2025-01-01 10:16:20.253325,2025-01-01 10:16:24.006580,0 days 00:00:03.753255,1,110,,,,,,,,,,,,,,,,,,,,6,,,,,,,,,,,,,,,,,,,,COMPLETE
319,319,0.8213716108452951,2025-01-01 10:16:24.006966,2025-01-01 10:16:31.248707,0 days 00:00:07.241741,3,120,145.0,,,,,,,,,,,175.0,,,,,,,,6,5.0,,,,,,,,,,,6.0,,,,,,,,COMPLETE
320,320,0.8430709802028006,2025-01-01 10:16:31.249284,2025-01-01 10:16:36.066302,0 days 00:00:04.817018,2,110,185.0,,,,,,,,,,,,,,,,,,,5,5.0,,,,,,,,,,,,,,,,,,,COMPLETE
321,321,0.0,2025-01-01 10:16:36.066729,2025-01-01 10:16:41.278375,0 days 00:00:05.211646,10,105,200.0,,,,,,,,,,,45.0,5.0,105.0,145.0,160.0,35.0,85.0,125.0,6,5.0,,,,,,,,,,,5.0,6.0,3.0,3.0,5.0,3.0,4.0,5.0,COMPLETE
322,322,0.8035087719298246,2025-01-01 10:16:41.278996,2025-01-01 10:16:47.730685,0 days 00:00:06.451689,3,115,195.0,,,,,,,,,,,145.0,,,,,,,,6,5.0,,,,,,,,,,,4.0,,,,,,,,COMPLETE
323,323,0.7789320388349514,2025-01-01 10:16:47.731132,2025-01-01 10:16:49.882798,0 days 00:00:02.151666,1,125,,,,,,,,,,,,,,,,,,,,3,,,,,,,,,,,,,,,,,,,,COMPLETE
324,324,0.8392344497607656,2025-01-01 10:16:49.883186,2025-01-01 10:16:54.768449,0 days 00:00:04.885263,2,120,165.0,,,,,,,,,,,,,,,,,,,6,5.0,,,,,,,,,,,,,,,,,,,COMPLETE
325,325,0.8161196911196911,2025-01-01 10:16:54.768874,2025-01-01 10:17:00.665176,0 days 00:00:05.896302,3,110,190.0,,,,,,,,,,,185.0,,,,,,,,4,4.0,,,,,,,,,,,3.0,,,,,,,,COMPLETE
326,326,0.857097288676236,2025-01-01 10:17:00.665620,2025-01-01 10:17:05.174979,0 days 00:00:04.509359,2,140,120.0,,,,,,,,,,,,,,,,,,,6,4.0,,,,,,,,,,,,,,,,,,,COMPLETE
327,327,0.8270502645502645,2025-01-01 10:17:05.175394,2025-01-01 10:17:10.117092,0 days 00:00:04.941698,2,140,110.0,,,,,,,,,,,,,,,,,,,6,5.0,,,,,,,,,,,,,,,,,,,COMPLETE
328,328,0.0,2025-01-01 10:17:10.117516,2025-01-01 10:17:23.264033,0 days 00:00:13.146517,19,130,120.0,80.0,125.0,30.0,40.0,140.0,155.0,120.0,200.0,15.0,,25.0,25.0,175.0,20.0,200.0,150.0,165.0,65.0,6,2.0,2.0,5.0,6.0,5.0,5.0,5.0,3.0,2.0,6.0,,5.0,5.0,5.0,6.0,6.0,4.0,6.0,3.0,COMPLETE
329,329,0.7578914141414141,2025-01-01 10:17:23.264903,2025-01-01 10:17:26.165654,0 days 00:00:02.900751,1,150,,,,,,,,,,,,,,,,,,,,6,,,,,,,,,,,,,,,,,,,,COMPLETE
330,330,0.8250201126307322,2025-01-01 10:17:26.166042,2025-01-01 10:17:30.494304,0 days 00:00:04.328262,2,140,120.0,,,,,,,,,,,,,,,,,,,6,3.0,,,,,,,,,,,,,,,,,,,COMPLETE
331,331,0.8430709802028006,2025-01-01 10:17:30.495418,2025-01-01 10:17:35.440401,0 days 00:00:04.944983,2,145,115.0,,,,,,,,,,,,,,,,,,,6,5.0,,,,,,,,,,,,,,,,,,,COMPLETE
332,332,0.8429605792437651,2025-01-01 10:17:35.440826,2025-01-01 10:17:39.534261,0 days 00:00:04.093435,2,135,110.0,,,,,,,,,,,,,,,,,,,6,3.0,,,,,,,,,,,,,,,,,,,COMPLETE
333,333,0.7967924528301886,2025-01-01 10:17:39.534683,2025-01-01 10:17:42.995722,0 days 00:00:03.461039,1,105,,,,,,,,,,,,,,,,,,,,6,,,,,,,,,,,,,,,,,,,,COMPLETE
334,334,0.8198051948051948,2025-01-01 10:17:42.996107,2025-01-01 10:17:47.067883,0 days 00:00:04.071776,2,115,105.0,,,,,,,,,,,,,,,,,,,6,3.0,,,,,,,,,,,,,,,,,,,COMPLETE
335,335,0.8213716108452951,2025-01-01 10:17:47.068426,2025-01-01 10:17:54.231028,0 days 00:00:07.162602,3,100,200.0,,,,,,,,,,,50.0,,,,,,,,6,5.0,,,,,,,,,,,6.0,,,,,,,,COMPLETE
336,336,0.8482021844853703,2025-01-01 10:17:54.231470,2025-01-01 10:17:58.064580,0 days 00:00:03.833110,2,110,185.0,,,,,,,,,,,,,,,,,,,3,3.0,,,,,,,,,,,,,,,,,,,COMPLETE
337,337,0.8303436179542374,2025-01-01 10:17:58.064991,2025-01-01 10:18:05.493506,0 days 00:00:07.428515,3,105,115.0,,,,,,,,,,,40.0,,,,,,,,6,4.0,,,,,,,,,,,6.0,,,,,,,,COMPLETE
338,338,0.6473684210526316,2025-01-01 10:18:05.493952,2025-01-01 10:18:08.136804,0 days 00:00:02.642852,1,155,,,,,,,,,,,,,,,,,,,,6,,,,,,,,,,,,,,,,,,,,COMPLETE
339,339,0.7891391794046662,2025-01-01 10:18:08.137197,2025-01-01 10:18:12.171829,0 days 00:00:04.034632,2,115,125.0,,,,,,,,,,,,,,,,,,,6,3.0,,,,,,,,,,,,,,,,,,,COMPLETE
340,340,0.0,2025-01-01 10:18:12.172243,2025-01-01 10:18:15.370562,0 days 00:00:03.198319,4,95,195.0,,,,,,,,,,,200.0,180.0,,,,,,,5,4.0,,,,,,,,,,,5.0,5.0,,,,,,,COMPLETE
341,341,0.8159504265250281,2025-01-01 10:18:15.371030,2025-01-01 10:18:21.893591,0 days 00:00:06.522561,3,135,120.0,,,,,,,,,,,10.0,,,,,,,,6,3.0,,,,,,,,,,,5.0,,,,,,,,COMPLETE
342,342,0.8509591736350222,2025-01-01 10:18:21.894036,2025-01-01 10:18:26.814833,0 days 00:00:04.920797,2,145,190.0,,,,,,,,,,,,,,,,,,,6,5.0,,,,,,,,,,,,,,,,,,,COMPLETE
343,343,0.8340572715572716,2025-01-01 10:18:26.815256,2025-01-01 10:18:34.207826,0 days 00:00:07.392570,3,145,180.0,,,,,,,,,,,55.0,,,,,,,,6,5.0,,,,,,,,,,,5.0,,,,,,,,COMPLETE
344,344,0.8468468468468469,2025-01-01 10:18:34.208280,2025-01-01 10:18:39.160924,0 days 00:00:04.952644,2,145,190.0,,,,,,,,,,,,,,,,,,,6,5.0,,,,,,,,,,,,,,,,,,,COMPLETE
345,345,0.7641414141414141,2025-01-01 10:18:39.161346,2025-01-01 10:18:42.353330,0 days 00:00:03.191984,1,140,,,,,,,,,,,,,,,,,,,,6,,,,,,,,,,,,,,,,,,,,COMPLETE
346,346,0.8017857142857143,2025-01-01 10:18:42.353732,2025-01-01 10:18:47.069976,0 days 00:00:04.716244,2,135,190.0,,,,,,,,,,,,,,,,,,,3,5.0,,,,,,,,,,,,,,,,,,,COMPLETE
347,347,0.8519948519948519,2025-01-01 10:18:47.070457,2025-01-01 10:18:54.863061,0 days 00:00:07.792604,3,155,185.0,,,,,,,,,,,35.0,,,,,,,,6,5.0,,,,,,,,,,,6.0,,,,,,,,COMPLETE
348,348,0.852012882447665,2025-01-01 10:18:54.863520,2025-01-01 10:19:02.738072,0 days 00:00:07.874552,3,155,185.0,,,,,,,,,,,35.0,,,,,,,,6,5.0,,,,,,,,,,,6.0,,,,,,,,COMPLETE
349,349,0.7658520743687587,2025-01-01 10:19:02.738661,2025-01-01 10:19:14.133561,0 days 00:00:11.394900,4,160,185.0,,,,,,,,,,,35.0,50.0,,,,,,,6,5.0,,,,,,,,,,,6.0,6.0,,,,,,,COMPLETE
350,350,0.7802896218825423,2025-01-01 10:19:14.134060,2025-01-01 10:19:25.258873,0 days 00:00:11.124813,4,150,180.0,,,,,,,,,,,35.0,70.0,,,,,,,6,5.0,,,,,,,,,,,6.0,6.0,,,,,,,COMPLETE
351,351,0.7330439056356488,2025-01-01 10:19:25.259371,2025-01-01 10:19:32.124022,0 days 00:00:06.864651,3,170,175.0,,,,,,,,,,,45.0,,,,,,,,6,3.0,,,,,,,,,,,6.0,,,,,,,,COMPLETE
352,352,0.8340579710144927,2025-01-01 10:19:32.124469,2025-01-01 10:19:39.898303,0 days 00:00:07.773834,3,160,185.0,,,,,,,,,,,20.0,,,,,,,,6,5.0,,,,,,,,,,,6.0,,,,,,,,COMPLETE
