,number,value,datetime_start,datetime_complete,duration,params_depth,params_neurons_layer_0,params_neurons_layer_1,params_neurons_layer_10,params_neurons_layer_11,params_neurons_layer_12,params_neurons_layer_13,params_neurons_layer_14,params_neurons_layer_15,params_neurons_layer_16,params_neurons_layer_17,params_neurons_layer_18,params_neurons_layer_19,params_neurons_layer_2,params_neurons_layer_3,params_neurons_layer_4,params_neurons_layer_5,params_neurons_layer_6,params_neurons_layer_7,params_neurons_layer_8,params_neurons_layer_9,params_orders_layer_0,params_orders_layer_1,params_orders_layer_10,params_orders_layer_11,params_orders_layer_12,params_orders_layer_13,params_orders_layer_14,params_orders_layer_15,params_orders_layer_16,params_orders_layer_17,params_orders_layer_18,params_orders_layer_19,params_orders_layer_2,params_orders_layer_3,params_orders_layer_4,params_orders_layer_5,params_orders_layer_6,params_orders_layer_7,params_orders_layer_8,params_orders_layer_9,state
836,836,0.8427536231884059,2025-01-01 11:00:35.688716,2025-01-01 11:00:41.319221,0 days 00:00:05.630505,3,130,95.0,,,,,,,,,,,70.0,,,,,,,,6,4.0,,,,,,,,,,,2.0,,,,,,,,COMPLETE
837,837,0.0,2025-01-01 11:00:41.319795,2025-01-01 11:00:43.684033,0 days 00:00:02.364238,4,125,85.0,,,,,,,,,,,60.0,110.0,,,,,,,6,4.0,,,,,,,,,,,2.0,3.0,,,,,,,COMPLETE
838,838,0.8427536231884059,2025-01-01 11:00:43.684716,2025-01-01 11:00:48.257352,0 days 00:00:04.572636,2,125,95.0,,,,,,,,,,,,,,,,,,,6,4.0,,,,,,,,,,,,,,,,,,,COMPLETE
839,839,0.8287337662337663,2025-01-01 11:00:48.257905,2025-01-01 11:00:53.766469,0 days 00:00:05.508564,3,135,70.0,,,,,,,,,,,65.0,,,,,,,,6,4.0,,,,,,,,,,,2.0,,,,,,,,COMPLETE
840,840,0.7982300884955753,2025-01-01 11:00:53.767045,2025-01-01 11:00:58.019211,0 days 00:00:04.252166,2,160,175.0,,,,,,,,,,,,,,,,,,,6,4.0,,,,,,,,,,,,,,,,,,,COMPLETE
841,841,0.8251247384516337,2025-01-01 11:00:58.019765,2025-01-01 11:01:03.347853,0 days 00:00:05.328088,3,140,145.0,,,,,,,,,,,80.0,,,,,,,,6,4.0,,,,,,,,,,,2.0,,,,,,,,COMPLETE
842,842,0.0,2025-01-01 11:01:03.348429,2025-01-01 11:01:05.252820,0 days 00:00:01.904391,3,130,90.0,,,,,,,,,,,70.0,,,,,,,,6,2.0,,,,,,,,,,,2.0,,,,,,,,COMPLETE
843,843,0.0,2025-01-01 11:01:05.253344,2025-01-01 11:01:08.967624,0 days 00:00:03.714280,7,125,85.0,,,,,,,,,,,40.0,95.0,85.0,5.0,135.0,,,,6,4.0,,,,,,,,,,,2.0,2.0,5.0,3.0,2.0,,,,COMPLETE
844,844,0.8520514883346741,2025-01-01 11:01:08.968429,2025-01-01 11:01:13.873995,0 days 00:00:04.905566,2,150,65.0,,,,,,,,,,,,,,,,,,,6,4.0,,,,,,,,,,,,,,,,,,,COMPLETE
845,845,0.8303436179542374,2025-01-01 11:01:13.874566,2025-01-01 11:01:19.418888,0 days 00:00:05.544322,3,140,75.0,,,,,,,,,,,95.0,,,,,,,,6,4.0,,,,,,,,,,,2.0,,,,,,,,COMPLETE
846,846,0.0,2025-01-01 11:01:19.419455,2025-01-01 11:01:22.168557,0 days 00:00:02.749102,4,95,170.0,,,,,,,,,,,55.0,130.0,,,,,,,6,6.0,,,,,,,,,,,2.0,4.0,,,,,,,COMPLETE
847,847,0.8214285714285714,2025-01-01 11:01:22.169124,2025-01-01 11:01:30.558454,0 days 00:00:08.389330,4,125,90.0,,,,,,,,,,,80.0,15.0,,,,,,,6,4.0,,,,,,,,,,,2.0,6.0,,,,,,,COMPLETE
848,848,0.8429745407669997,2025-01-01 11:01:30.559080,2025-01-01 11:01:35.137077,0 days 00:00:04.577997,2,130,80.0,,,,,,,,,,,,,,,,,,,6,4.0,,,,,,,,,,,,,,,,,,,COMPLETE
849,849,0.8429605792437651,2025-01-01 11:01:35.137642,2025-01-01 11:01:40.677288,0 days 00:00:05.539646,3,145,100.0,,,,,,,,,,,65.0,,,,,,,,6,4.0,,,,,,,,,,,2.0,,,,,,,,COMPLETE
850,850,0.8213716108452951,2025-01-01 11:01:40.677858,2025-01-01 11:01:45.530296,0 days 00:00:04.852438,2,135,200.0,,,,,,,,,,,,,,,,,,,6,4.0,,,,,,,,,,,,,,,,,,,COMPLETE
851,851,0.0,2025-01-01 11:01:45.530863,2025-01-01 11:01:48.387031,0 days 00:00:02.856168,4,125,180.0,,,,,,,,,,,60.0,145.0,,,,,,,6,4.0,,,,,,,,,,,4.0,4.0,,,,,,,COMPLETE
852,852,0.812125569134915,2025-01-01 11:01:48.387618,2025-01-01 11:01:54.907305,0 days 00:00:06.519687,3,140,50.0,,,,,,,,,,,75.0,,,,,,,,6,4.0,,,,,,,,,,,3.0,,,,,,,,COMPLETE
853,853,0.8182945992887272,2025-01-01 11:01:54.907895,2025-01-01 11:02:00.430172,0 days 00:00:05.522277,3,130,160.0,,,,,,,,,,,55.0,,,,,,,,6,4.0,,,,,,,,,,,2.0,,,,,,,,COMPLETE
854,854,0.7819038954594326,2025-01-01 11:02:00.430756,2025-01-01 11:02:05.005587,0 days 00:00:04.574831,2,135,185.0,,,,,,,,,,,,,,,,,,,6,4.0,,,,,,,,,,,,,,,,,,,COMPLETE
855,855,0.8123653769445554,2025-01-01 11:02:05.006138,2025-01-01 11:02:10.209285,0 days 00:00:05.203147,3,130,95.0,,,,,,,,,,,45.0,,,,,,,,6,4.0,,,,,,,,,,,2.0,,,,,,,,COMPLETE
856,856,0.8212005108556832,2025-01-01 11:02:10.209950,2025-01-01 11:02:16.704058,0 days 00:00:06.494108,3,125,75.0,,,,,,,,,,,90.0,,,,,,,,6,4.0,,,,,,,,,,,4.0,,,,,,,,COMPLETE
857,857,0.0,2025-01-01 11:02:16.704641,2025-01-01 11:02:19.401899,0 days 00:00:02.697258,4,85,175.0,,,,,,,,,,,100.0,155.0,,,,,,,6,4.0,,,,,,,,,,,2.0,5.0,,,,,,,COMPLETE
858,858,0.8288288288288288,2025-01-01 11:02:19.402643,2025-01-01 11:02:23.969350,0 days 00:00:04.566707,2,145,105.0,,,,,,,,,,,,,,,,,,,6,4.0,,,,,,,,,,,,,,,,,,,COMPLETE
859,859,0.8161196911196911,2025-01-01 11:02:23.969927,2025-01-01 11:02:28.870527,0 days 00:00:04.900600,2,150,95.0,,,,,,,,,,,,,,,,,,,6,4.0,,,,,,,,,,,,,,,,,,,COMPLETE
860,860,0.8789075088623912,2025-01-01 11:02:28.871083,2025-01-01 11:02:34.026779,0 days 00:00:05.155696,3,125,155.0,,,,,,,,,,,70.0,,,,,,,,6,4.0,,,,,,,,,,,2.0,,,,,,,,COMPLETE
861,861,0.0,2025-01-01 11:02:34.027365,2025-01-01 11:02:36.911816,0 days 00:00:02.884451,4,125,145.0,,,,,,,,,,,70.0,135.0,,,,,,,6,4.0,,,,,,,,,,,2.0,6.0,,,,,,,COMPLETE
862,862,0.8569604086845466,2025-01-01 11:02:36.912401,2025-01-01 11:02:42.869640,0 days 00:00:05.957239,3,125,145.0,,,,,,,,,,,75.0,,,,,,,,6,4.0,,,,,,,,,,,2.0,,,,,,,,COMPLETE
863,863,0.7944954128440367,2025-01-01 11:02:42.870199,2025-01-01 11:02:50.490947,0 days 00:00:07.620748,4,125,150.0,,,,,,,,,,,65.0,90.0,,,,,,,6,2.0,,,,,,,,,,,2.0,5.0,,,,,,,COMPLETE
864,864,0.0,2025-01-01 11:02:50.491580,2025-01-01 11:02:54.752423,0 days 00:00:04.260843,3,130,150.0,,,,,,,,,,,70.0,,,,,,,,6,4.0,,,,,,,,,,,2.0,,,,,,,,COMPLETE
865,865,0.8659752692461109,2025-01-01 11:02:54.752998,2025-01-01 11:02:59.372741,0 days 00:00:04.619743,3,125,155.0,,,,,,,,,,,60.0,,,,,,,,6,4.0,,,,,,,,,,,2.0,,,,,,,,COMPLETE
866,866,0.0,2025-01-01 11:02:59.373310,2025-01-01 11:03:01.590118,0 days 00:00:02.216808,4,130,160.0,,,,,,,,,,,60.0,190.0,,,,,,,6,4.0,,,,,,,,,,,2.0,2.0,,,,,,,COMPLETE
867,867,0.0,2025-01-01 11:03:01.590719,2025-01-01 11:03:04.391560,0 days 00:00:02.800841,4,165,155.0,,,,,,,,,,,65.0,100.0,,,,,,,6,4.0,,,,,,,,,,,2.0,6.0,,,,,,,COMPLETE
868,868,0.8070796460176992,2025-01-01 11:03:04.392143,2025-01-01 11:03:09.947565,0 days 00:00:05.555422,3,125,170.0,,,,,,,,,,,60.0,,,,,,,,6,4.0,,,,,,,,,,,2.0,,,,,,,,COMPLETE
869,869,0.8214285714285714,2025-01-01 11:03:09.948146,2025-01-01 11:03:15.482223,0 days 00:00:05.534077,3,125,165.0,,,,,,,,,,,65.0,,,,,,,,6,4.0,,,,,,,,,,,2.0,,,,,,,,COMPLETE
870,870,0.0,2025-01-01 11:03:15.482810,2025-01-01 11:03:25.809202,0 days 00:00:10.326392,18,135,165.0,130.0,90.0,90.0,170.0,95.0,5.0,40.0,160.0,,,70.0,120.0,135.0,135.0,95.0,145.0,110.0,70.0,6,4.0,3.0,5.0,5.0,6.0,4.0,3.0,5.0,5.0,,,2.0,4.0,2.0,2.0,4.0,2.0,3.0,2.0,COMPLETE
871,871,0.8123653769445554,2025-01-01 11:03:25.810138,2025-01-01 11:03:31.402688,0 days 00:00:05.592550,3,120,155.0,,,,,,,,,,,60.0,,,,,,,,6,4.0,,,,,,,,,,,2.0,,,,,,,,COMPLETE
872,872,0.8251247384516337,2025-01-01 11:03:31.403276,2025-01-01 11:03:38.673436,0 days 00:00:07.270160,4,135,160.0,,,,,,,,,,,55.0,140.0,,,,,,,6,4.0,,,,,,,,,,,2.0,5.0,,,,,,,COMPLETE
873,873,0.8341110217216412,2025-01-01 11:03:38.674062,2025-01-01 11:03:44.239542,0 days 00:00:05.565480,3,130,135.0,,,,,,,,,,,65.0,,,,,,,,6,4.0,,,,,,,,,,,2.0,,,,,,,,COMPLETE
874,874,0.788888888888889,2025-01-01 11:03:44.240128,2025-01-01 11:03:52.275007,0 days 00:00:08.034879,4,125,145.0,,,,,,,,,,,60.0,40.0,,,,,,,6,4.0,,,,,,,,,,,2.0,6.0,,,,,,,COMPLETE
875,875,0.8124850514231046,2025-01-01 11:03:52.275773,2025-01-01 11:03:57.834783,0 days 00:00:05.559010,3,120,150.0,,,,,,,,,,,70.0,,,,,,,,6,4.0,,,,,,,,,,,2.0,,,,,,,,COMPLETE
876,876,0.8429745407669997,2025-01-01 11:03:57.835371,2025-01-01 11:04:03.416957,0 days 00:00:05.581586,3,130,140.0,,,,,,,,,,,50.0,,,,,,,,6,4.0,,,,,,,,,,,2.0,,,,,,,,COMPLETE
877,877,0.0,2025-01-01 11:04:03.417545,2025-01-01 11:04:06.622139,0 days 00:00:03.204594,5,155,150.0,,,,,,,,,,,70.0,65.0,105.0,,,,,,6,4.0,,,,,,,,,,,2.0,5.0,4.0,,,,,,COMPLETE
878,878,0.8569604086845466,2025-01-01 11:04:06.622763,2025-01-01 11:04:12.160916,0 days 00:00:05.538153,3,140,135.0,,,,,,,,,,,80.0,,,,,,,,6,4.0,,,,,,,,,,,2.0,,,,,,,,COMPLETE
879,879,0.0,2025-01-01 11:04:12.161517,2025-01-01 11:04:14.603726,0 days 00:00:02.442209,4,120,170.0,,,,,,,,,,,55.0,170.0,,,,,,,6,4.0,,,,,,,,,,,2.0,3.0,,,,,,,COMPLETE
880,880,0.0,2025-01-01 11:04:14.604297,2025-01-01 11:04:24.133074,0 days 00:00:09.528777,15,135,140.0,95.0,135.0,200.0,50.0,120.0,,,,,,65.0,60.0,120.0,150.0,80.0,175.0,20.0,120.0,6,4.0,5.0,3.0,4.0,2.0,6.0,,,,,,2.0,4.0,5.0,5.0,5.0,4.0,6.0,3.0,COMPLETE
881,881,0.0,2025-01-01 11:04:24.133961,2025-01-01 11:04:28.780401,0 days 00:00:04.646440,3,125,175.0,,,,,,,,,,,75.0,,,,,,,,6,4.0,,,,,,,,,,,2.0,,,,,,,,COMPLETE
882,882,0.8392857142857143,2025-01-01 11:04:28.780991,2025-01-01 11:04:34.711342,0 days 00:00:05.930351,3,140,85.0,,,,,,,,,,,60.0,,,,,,,,6,4.0,,,,,,,,,,,2.0,,,,,,,,COMPLETE
883,883,0.8469155844155845,2025-01-01 11:04:34.711943,2025-01-01 11:04:39.702812,0 days 00:00:04.990869,3,120,160.0,,,,,,,,,,,85.0,,,,,,,,6,4.0,,,,,,,,,,,2.0,,,,,,,,COMPLETE
884,884,0.0,2025-01-01 11:04:39.703396,2025-01-01 11:04:42.342507,0 days 00:00:02.639111,4,130,150.0,,,,,,,,,,,75.0,50.0,,,,,,,6,4.0,,,,,,,,,,,2.0,5.0,,,,,,,COMPLETE
885,885,0.8481053051455923,2025-01-01 11:04:42.343087,2025-01-01 11:04:47.997114,0 days 00:00:05.654027,3,145,90.0,,,,,,,,,,,65.0,,,,,,,,6,4.0,,,,,,,,,,,2.0,,,,,,,,COMPLETE
886,886,0.0,2025-01-01 11:04:47.997789,2025-01-01 11:04:51.488961,0 days 00:00:03.491172,3,120,155.0,,,,,,,,,,,60.0,,,,,,,,6,4.0,,,,,,,,,,,2.0,,,,,,,,COMPLETE
887,887,0.0,2025-01-01 11:04:51.489527,2025-01-01 11:04:57.393522,0 days 00:00:05.903995,11,135,180.0,155.0,,,,,,,,,,50.0,30.0,30.0,175.0,155.0,190.0,195.0,190.0,6,4.0,4.0,,,,,,,,,,2.0,6.0,6.0,4.0,6.0,3.0,4.0,4.0,COMPLETE
888,888,0.0,2025-01-01 11:04:57.394294,2025-01-01 11:05:00.150964,0 days 00:00:02.756670,4,125,180.0,,,,,,,,,,,55.0,160.0,,,,,,,6,4.0,,,,,,,,,,,2.0,5.0,,,,,,,COMPLETE
889,889,0.8430662805662805,2025-01-01 11:05:00.151560,2025-01-01 11:05:05.100706,0 days 00:00:04.949146,3,130,140.0,,,,,,,,,,,70.0,,,,,,,,6,4.0,,,,,,,,,,,2.0,,,,,,,,COMPLETE
890,890,0.0,2025-01-01 11:05:05.101284,2025-01-01 11:05:08.170132,0 days 00:00:03.068848,5,155,155.0,,,,,,,,,,,80.0,115.0,195.0,,,,,,6,4.0,,,,,,,,,,,2.0,6.0,2.0,,,,,,COMPLETE
891,891,0.8692493946731235,2025-01-01 11:05:08.170752,2025-01-01 11:05:13.664887,0 days 00:00:05.494135,3,145,80.0,,,,,,,,,,,30.0,,,,,,,,6,4.0,,,,,,,,,,,2.0,,,,,,,,COMPLETE
892,892,0.8302353410450738,2025-01-01 11:05:13.665643,2025-01-01 11:05:20.657560,0 days 00:00:06.991917,4,150,75.0,,,,,,,,,,,25.0,75.0,,,,,,,6,4.0,,,,,,,,,,,2.0,2.0,,,,,,,COMPLETE
893,893,0.0,2025-01-01 11:05:20.658157,2025-01-01 11:05:33.778615,0 days 00:00:13.120458,20,145,70.0,70.0,155.0,15.0,80.0,75.0,175.0,85.0,55.0,90.0,155.0,30.0,125.0,75.0,105.0,145.0,90.0,180.0,170.0,6,6.0,6.0,6.0,2.0,4.0,5.0,5.0,6.0,3.0,5.0,3.0,2.0,4.0,3.0,5.0,2.0,4.0,2.0,6.0,COMPLETE
894,894,0.8379520520113775,2025-01-01 11:05:33.779700,2025-01-01 11:05:40.826719,0 days 00:00:07.047019,3,145,80.0,,,,,,,,,,,35.0,,,,,,,,6,4.0,,,,,,,,,,,5.0,,,,,,,,COMPLETE
895,895,0.7767679183608387,2025-01-01 11:05:40.827319,2025-01-01 11:05:49.344821,0 days 00:00:08.517502,4,150,80.0,,,,,,,,,,,20.0,105.0,,,,,,,6,4.0,,,,,,,,,,,4.0,3.0,,,,,,,COMPLETE
896,896,0.7946264848919716,2025-01-01 11:05:49.345432,2025-01-01 11:05:55.260619,0 days 00:00:05.915187,3,145,75.0,,,,,,,,,,,30.0,,,,,,,,6,4.0,,,,,,,,,,,2.0,,,,,,,,COMPLETE
897,897,0.8302353410450738,2025-01-01 11:05:55.261201,2025-01-01 11:06:01.176615,0 days 00:00:05.915414,3,145,80.0,,,,,,,,,,,25.0,,,,,,,,6,4.0,,,,,,,,,,,2.0,,,,,,,,COMPLETE
898,898,0.8341110217216412,2025-01-01 11:06:01.177213,2025-01-01 11:06:08.729833,0 days 00:00:07.552620,4,140,70.0,,,,,,,,,,,35.0,80.0,,,,,,,6,4.0,,,,,,,,,,,2.0,6.0,,,,,,,COMPLETE
899,899,0.8035087719298246,2025-01-01 11:06:08.730542,2025-01-01 11:06:14.878474,0 days 00:00:06.147932,3,155,75.0,,,,,,,,,,,15.0,,,,,,,,6,4.0,,,,,,,,,,,4.0,,,,,,,,COMPLETE
900,900,0.8392344497607656,2025-01-01 11:06:14.879076,2025-01-01 11:06:21.997737,0 days 00:00:07.118661,3,150,165.0,,,,,,,,,,,30.0,,,,,,,,6,4.0,,,,,,,,,,,5.0,,,,,,,,COMPLETE
901,901,0.7946264848919716,2025-01-01 11:06:21.998341,2025-01-01 11:06:27.550586,0 days 00:00:05.552245,3,145,75.0,,,,,,,,,,,25.0,,,,,,,,6,4.0,,,,,,,,,,,2.0,,,,,,,,COMPLETE
902,902,0.8646891507517269,2025-01-01 11:06:27.551178,2025-01-01 11:06:33.128306,0 days 00:00:05.577128,3,150,60.0,,,,,,,,,,,40.0,,,,,,,,6,4.0,,,,,,,,,,,2.0,,,,,,,,COMPLETE
903,903,0.8558558558558559,2025-01-01 11:06:33.128910,2025-01-01 11:06:38.720137,0 days 00:00:05.591227,3,140,80.0,,,,,,,,,,,45.0,,,,,,,,6,4.0,,,,,,,,,,,2.0,,,,,,,,COMPLETE
904,904,0.8336287463744763,2025-01-01 11:06:38.720884,2025-01-01 11:06:48.998609,0 days 00:00:10.277725,4,140,145.0,,,,,,,,,,,35.0,175.0,,,,,,,6,4.0,,,,,,,,,,,5.0,5.0,,,,,,,COMPLETE
905,905,0.0,2025-01-01 11:06:48.999236,2025-01-01 11:06:51.597335,0 days 00:00:02.598099,4,195,185.0,,,,,,,,,,,40.0,110.0,,,,,,,6,4.0,,,,,,,,,,,2.0,4.0,,,,,,,COMPLETE
906,906,0.0,2025-01-01 11:06:51.597937,2025-01-01 11:06:53.661845,0 days 00:00:02.063908,3,120,85.0,,,,,,,,,,,50.0,,,,,,,,6,2.0,,,,,,,,,,,2.0,,,,,,,,COMPLETE
907,907,0.8519948519948519,2025-01-01 11:06:53.662419,2025-01-01 11:06:58.187342,0 days 00:00:04.524923,2,120,80.0,,,,,,,,,,,,,,,,,,,6,4.0,,,,,,,,,,,,,,,,,,,COMPLETE
908,908,0.7837837837837838,2025-01-01 11:06:58.187929,2025-01-01 11:07:05.198922,0 days 00:00:07.010993,3,140,85.0,,,,,,,,,,,55.0,,,,,,,,6,4.0,,,,,,,,,,,5.0,,,,,,,,COMPLETE
909,909,0.0,2025-01-01 11:07:05.199530,2025-01-01 11:07:08.667797,0 days 00:00:03.468267,3,145,190.0,,,,,,,,,,,65.0,,,,,,,,6,4.0,,,,,,,,,,,2.0,,,,,,,,COMPLETE
910,910,0.8341110217216412,2025-01-01 11:07:08.668373,2025-01-01 11:07:13.192857,0 days 00:00:04.524484,2,120,185.0,,,,,,,,,,,,,,,,,,,6,4.0,,,,,,,,,,,,,,,,,,,COMPLETE
911,911,0.8464912280701755,2025-01-01 11:07:13.193420,2025-01-01 11:07:19.156178,0 days 00:00:05.962758,3,155,135.0,,,,,,,,,,,25.0,,,,,,,,6,4.0,,,,,,,,,,,2.0,,,,,,,,COMPLETE
912,912,0.0,2025-01-01 11:07:19.156774,2025-01-01 11:07:22.892164,0 days 00:00:03.735390,4,150,165.0,,,,,,,,,,,60.0,195.0,,,,,,,6,4.0,,,,,,,,,,,5.0,5.0,,,,,,,COMPLETE
913,913,0.8251247384516337,2025-01-01 11:07:22.892808,2025-01-01 11:07:27.411280,0 days 00:00:04.518472,2,135,80.0,,,,,,,,,,,,,,,,,,,6,4.0,,,,,,,,,,,,,,,,,,,COMPLETE
914,914,0.0,2025-01-01 11:07:27.411852,2025-01-01 11:07:30.260821,0 days 00:00:02.848969,4,125,65.0,,,,,,,,,,,55.0,135.0,,,,,,,6,4.0,,,,,,,,,,,2.0,6.0,,,,,,,COMPLETE
915,915,0.860901045856798,2025-01-01 11:07:30.261428,2025-01-01 11:07:36.201451,0 days 00:00:05.940023,3,125,85.0,,,,,,,,,,,115.0,,,,,,,,6,4.0,,,,,,,,,,,2.0,,,,,,,,COMPLETE
916,916,0.0,2025-01-01 11:07:36.202126,2025-01-01 11:07:39.482173,0 days 00:00:03.280047,3,120,175.0,,,,,,,,,,,65.0,,,,,,,,6,4.0,,,,,,,,,,,2.0,,,,,,,,COMPLETE
917,917,0.0,2025-01-01 11:07:39.482780,2025-01-01 11:07:43.138382,0 days 00:00:03.655602,5,135,155.0,,,,,,,,,,,20.0,165.0,175.0,,,,,,6,4.0,,,,,,,,,,,4.0,6.0,4.0,,,,,,COMPLETE
918,918,0.7966828478964401,2025-01-01 11:07:43.139065,2025-01-01 11:07:47.716431,0 days 00:00:04.577366,2,125,135.0,,,,,,,,,,,,,,,,,,,6,4.0,,,,,,,,,,,,,,,,,,,COMPLETE
919,919,0.8213716108452951,2025-01-01 11:07:47.717015,2025-01-01 11:07:53.289916,0 days 00:00:05.572901,3,140,145.0,,,,,,,,,,,45.0,,,,,,,,6,4.0,,,,,,,,,,,2.0,,,,,,,,COMPLETE
920,920,0.8341110217216412,2025-01-01 11:07:53.290507,2025-01-01 11:08:03.530559,0 days 00:00:10.240052,4,120,180.0,,,,,,,,,,,60.0,5.0,,,,,,,6,4.0,,,,,,,,,,,5.0,5.0,,,,,,,COMPLETE
921,921,0.8341110217216412,2025-01-01 11:08:03.531255,2025-01-01 11:08:08.078987,0 days 00:00:04.547732,2,135,185.0,,,,,,,,,,,,,,,,,,,6,4.0,,,,,,,,,,,,,,,,,,,COMPLETE
922,922,0.0,2025-01-01 11:08:08.079568,2025-01-01 11:08:12.186058,0 days 00:00:04.106490,3,145,170.0,,,,,,,,,,,50.0,,,,,,,,6,4.0,,,,,,,,,,,2.0,,,,,,,,COMPLETE
923,923,0.8214285714285714,2025-01-01 11:08:12.186664,2025-01-01 11:08:18.661617,0 days 00:00:06.474953,3,120,190.0,,,,,,,,,,,35.0,,,,,,,,6,6.0,,,,,,,,,,,2.0,,,,,,,,COMPLETE
924,924,0.8379475521636762,2025-01-01 11:08:18.662217,2025-01-01 11:08:23.166026,0 days 00:00:04.503809,2,130,70.0,,,,,,,,,,,,,,,,,,,6,4.0,,,,,,,,,,,,,,,,,,,COMPLETE
925,925,0.0,2025-01-01 11:08:23.166597,2025-01-01 11:08:26.037687,0 days 00:00:02.871090,4,130,140.0,,,,,,,,,,,105.0,100.0,,,,,,,6,4.0,,,,,,,,,,,4.0,4.0,,,,,,,COMPLETE
926,926,0.851842910027362,2025-01-01 11:08:26.038289,2025-01-01 11:08:32.677057,0 days 00:00:06.638768,3,150,75.0,,,,,,,,,,,65.0,,,,,,,,6,4.0,,,,,,,,,,,5.0,,,,,,,,COMPLETE
927,927,0.8161030595813205,2025-01-01 11:08:32.677678,2025-01-01 11:08:37.543455,0 days 00:00:04.865777,2,140,60.0,,,,,,,,,,,,,,,,,,,6,4.0,,,,,,,,,,,,,,,,,,,COMPLETE
928,928,0.8429745407669997,2025-01-01 11:08:37.544031,2025-01-01 11:08:43.239824,0 days 00:00:05.695793,3,125,155.0,,,,,,,,,,,60.0,,,,,,,,6,4.0,,,,,,,,,,,3.0,,,,,,,,COMPLETE
929,929,0.7802896218825423,2025-01-01 11:08:43.240426,2025-01-01 11:08:48.856015,0 days 00:00:05.615589,3,90,80.0,,,,,,,,,,,55.0,,,,,,,,6,4.0,,,,,,,,,,,2.0,,,,,,,,COMPLETE
930,930,0.0,2025-01-01 11:08:48.856615,2025-01-01 11:08:51.866237,0 days 00:00:03.009622,4,180,130.0,,,,,,,,,,,70.0,45.0,,,,,,,6,4.0,,,,,,,,,,,5.0,3.0,,,,,,,COMPLETE
931,931,0.8161196911196911,2025-01-01 11:08:51.866846,2025-01-01 11:08:56.698706,0 days 00:00:04.831860,2,120,85.0,,,,,,,,,,,,,,,,,,,6,4.0,,,,,,,,,,,,,,,,,,,COMPLETE
932,932,0.8303436179542374,2025-01-01 11:08:56.699373,2025-01-01 11:09:03.123685,0 days 00:00:06.424312,3,145,85.0,,,,,,,,,,,30.0,,,,,,,,6,5.0,,,,,,,,,,,2.0,,,,,,,,COMPLETE
933,933,0.8198051948051948,2025-01-01 11:09:03.124284,2025-01-01 11:09:07.963209,0 days 00:00:04.838925,2,130,175.0,,,,,,,,,,,,,,,,,,,6,4.0,,,,,,,,,,,,,,,,,,,COMPLETE
934,934,0.8071911196911197,2025-01-01 11:09:07.963776,2025-01-01 11:09:13.602755,0 days 00:00:05.638979,3,135,195.0,,,,,,,,,,,45.0,,,,,,,,6,4.0,,,,,,,,,,,2.0,,,,,,,,COMPLETE
935,935,0.0,2025-01-01 11:09:13.603521,2025-01-01 11:09:18.505199,0 days 00:00:04.901678,7,125,190.0,,,,,,,,,,,40.0,70.0,130.0,30.0,5.0,,,,6,4.0,,,,,,,,,,,2.0,6.0,5.0,6.0,3.0,,,,COMPLETE
936,936,0.7981821106821108,2025-01-01 11:09:18.505909,2025-01-01 11:09:25.523024,0 days 00:00:07.017115,3,125,135.0,,,,,,,,,,,135.0,,,,,,,,6,4.0,,,,,,,,,,,5.0,,,,,,,,COMPLETE
937,937,0.8156622623267805,2025-01-01 11:09:25.523636,2025-01-01 11:09:29.801999,0 days 00:00:04.278363,2,155,160.0,,,,,,,,,,,,,,,,,,,6,4.0,,,,,,,,,,,,,,,,,,,COMPLETE
938,938,0.0,2025-01-01 11:09:29.802575,2025-01-01 11:09:32.639530,0 days 00:00:02.836955,4,120,185.0,,,,,,,,,,,110.0,150.0,,,,,,,6,4.0,,,,,,,,,,,2.0,5.0,,,,,,,COMPLETE
939,939,0.0,2025-01-01 11:09:32.640147,2025-01-01 11:09:35.378375,0 days 00:00:02.738228,4,140,90.0,,,,,,,,,,,70.0,90.0,,,,,,,6,4.0,,,,,,,,,,,5.0,2.0,,,,,,,COMPLETE
940,940,0.8340579710144927,2025-01-01 11:09:35.378991,2025-01-01 11:09:41.439848,0 days 00:00:06.060857,3,130,80.0,,,,,,,,,,,15.0,,,,,,,,6,4.0,,,,,,,,,,,3.0,,,,,,,,COMPLETE
941,941,0.8251287001287001,2025-01-01 11:09:41.440447,2025-01-01 11:09:46.019533,0 days 00:00:04.579086,2,120,165.0,,,,,,,,,,,,,,,,,,,6,4.0,,,,,,,,,,,,,,,,,,,COMPLETE
942,942,0.8430709802028006,2025-01-01 11:09:46.020144,2025-01-01 11:09:51.604620,0 days 00:00:05.584476,3,135,150.0,,,,,,,,,,,50.0,,,,,,,,6,4.0,,,,,,,,,,,2.0,,,,,,,,COMPLETE
943,943,0.0,2025-01-01 11:09:51.605219,2025-01-01 11:09:54.886051,0 days 00:00:03.280832,5,150,75.0,,,,,,,,,,,60.0,35.0,165.0,,,,,,2,3.0,,,,,,,,,,,6.0,4.0,3.0,,,,,,COMPLETE
944,944,0.8379475521636762,2025-01-01 11:09:54.886696,2025-01-01 11:09:59.410877,0 days 00:00:04.524181,2,130,130.0,,,,,,,,,,,,,,,,,,,6,4.0,,,,,,,,,,,,,,,,,,,COMPLETE
945,945,0.0,2025-01-01 11:09:59.411451,2025-01-01 11:10:06.156750,0 days 00:00:06.745299,10,125,190.0,,,,,,,,,,,65.0,180.0,155.0,190.0,110.0,105.0,145.0,155.0,6,3.0,,,,,,,,,,,2.0,5.0,6.0,3.0,6.0,6.0,3.0,4.0,COMPLETE
946,946,0.7532582461786002,2025-01-01 11:10:06.157533,2025-01-01 11:10:14.045198,0 days 00:00:07.887665,4,140,5.0,,,,,,,,,,,55.0,200.0,,,,,,,6,4.0,,,,,,,,,,,2.0,6.0,,,,,,,COMPLETE
947,947,0.0,2025-01-01 11:10:14.045926,2025-01-01 11:10:18.510968,0 days 00:00:04.465042,9,160,180.0,,,,,,,,,,,65.0,155.0,20.0,60.0,195.0,30.0,130.0,,6,3.0,,,,,,,,,,,2.0,3.0,2.0,2.0,4.0,2.0,5.0,,COMPLETE
948,948,0.8571428571428571,2025-01-01 11:10:18.511681,2025-01-01 11:10:24.448612,0 days 00:00:05.936931,3,125,65.0,,,,,,,,,,,145.0,,,,,,,,6,4.0,,,,,,,,,,,2.0,,,,,,,,COMPLETE
949,949,0.8213716108452951,2025-01-01 11:10:24.449205,2025-01-01 11:10:31.507471,0 days 00:00:07.058266,3,145,90.0,,,,,,,,,,,70.0,,,,,,,,6,4.0,,,,,,,,,,,5.0,,,,,,,,COMPLETE
950,950,0.8482021844853703,2025-01-01 11:10:31.508100,2025-01-01 11:10:37.339223,0 days 00:00:05.831123,2,120,85.0,,,,,,,,,,,,,,,,,,,6,6.0,,,,,,,,,,,,,,,,,,,COMPLETE
951,951,0.8035087719298246,2025-01-01 11:10:37.339964,2025-01-01 11:10:42.518006,0 days 00:00:05.178042,3,135,185.0,,,,,,,,,,,75.0,,,,,,,,6,5.0,,,,,,,,,,,2.0,,,,,,,,COMPLETE
952,952,0.0,2025-01-01 11:10:42.518610,2025-01-01 11:10:44.928305,0 days 00:00:02.409695,4,115,195.0,,,,,,,,,,,55.0,130.0,,,,,,,6,3.0,,,,,,,,,,,2.0,4.0,,,,,,,COMPLETE
953,953,0.8161705551086083,2025-01-01 11:10:44.928937,2025-01-01 11:10:49.790736,0 days 00:00:04.861799,2,130,70.0,,,,,,,,,,,,,,,,,,,6,4.0,,,,,,,,,,,,,,,,,,,COMPLETE
954,954,0.8519948519948519,2025-01-01 11:10:49.791320,2025-01-01 11:10:54.543278,0 days 00:00:04.751958,3,125,145.0,,,,,,,,,,,60.0,,,,,,,,6,3.0,,,,,,,,,,,2.0,,,,,,,,COMPLETE
955,955,0.8303436179542374,2025-01-01 11:10:54.543900,2025-01-01 11:10:59.090574,0 days 00:00:04.546674,2,145,175.0,,,,,,,,,,,,,,,,,,,6,4.0,,,,,,,,,,,,,,,,,,,COMPLETE
