,number,value,datetime_start,datetime_complete,duration,params_depth,params_neurons_layer_0,params_neurons_layer_1,params_neurons_layer_10,params_neurons_layer_11,params_neurons_layer_12,params_neurons_layer_13,params_neurons_layer_14,params_neurons_layer_15,params_neurons_layer_16,params_neurons_layer_17,params_neurons_layer_18,params_neurons_layer_19,params_neurons_layer_2,params_neurons_layer_3,params_neurons_layer_4,params_neurons_layer_5,params_neurons_layer_6,params_neurons_layer_7,params_neurons_layer_8,params_neurons_layer_9,params_orders_layer_0,params_orders_layer_1,params_orders_layer_10,params_orders_layer_11,params_orders_layer_12,params_orders_layer_13,params_orders_layer_14,params_orders_layer_15,params_orders_layer_16,params_orders_layer_17,params_orders_layer_18,params_orders_layer_19,params_orders_layer_2,params_orders_layer_3,params_orders_layer_4,params_orders_layer_5,params_orders_layer_6,params_orders_layer_7,params_orders_layer_8,params_orders_layer_9,state
113,113,0.7306553911205074,2025-01-01 08:30:05.612596,2025-01-01 08:30:09.387893,0 days 00:00:03.775297,2,45,180.0,,,,,,,,,,,,,,,,,,,5,3.0,,,,,,,,,,,,,,,,,,,COMPLETE
114,114,0.7567796610169492,2025-01-01 08:30:09.388299,2025-01-01 08:30:16.172088,0 days 00:00:06.783789,3,30,190.0,,,,,,,,,,,90.0,,,,,,,,5,3.0,,,,,,,,,,,6.0,,,,,,,,COMPLETE
115,115,0.0,2025-01-01 08:30:16.172517,2025-01-01 08:30:19.611410,0 days 00:00:03.438893,4,50,195.0,,,,,,,,,,,30.0,105.0,,,,,,,5,4.0,,,,,,,,,,,6.0,6.0,,,,,,,COMPLETE
116,116,0.8181818181818181,2025-01-01 08:30:19.611867,2025-01-01 08:30:23.939621,0 days 00:00:04.327754,2,90,170.0,,,,,,,,,,,,,,,,,,,5,2.0,,,,,,,,,,,,,,,,,,,COMPLETE
117,117,0.8397435897435898,2025-01-01 08:30:23.940031,2025-01-01 08:30:26.565103,0 days 00:00:02.625072,1,35,,,,,,,,,,,,,,,,,,,,3,,,,,,,,,,,,,,,,,,,,COMPLETE
118,118,0.7756017951856384,2025-01-01 08:30:26.565468,2025-01-01 08:30:35.112642,0 days 00:00:08.547174,4,20,160.0,,,,,,,,,,,80.0,5.0,,,,,,,5,3.0,,,,,,,,,,,6.0,5.0,,,,,,,COMPLETE
119,119,0.8,2025-01-01 08:30:35.113094,2025-01-01 08:30:40.577477,0 days 00:00:05.464383,3,55,185.0,,,,,,,,,,,40.0,,,,,,,,4,3.0,,,,,,,,,,,5.0,,,,,,,,COMPLETE
120,120,0.8273322422258592,2025-01-01 08:30:40.577908,2025-01-01 08:30:47.275506,0 days 00:00:06.697598,3,40,190.0,,,,,,,,,,,65.0,,,,,,,,3,3.0,,,,,,,,,,,6.0,,,,,,,,COMPLETE
121,121,0.8594941790445605,2025-01-01 08:30:47.275930,2025-01-01 08:30:53.628081,0 days 00:00:06.352151,3,45,195.0,,,,,,,,,,,65.0,,,,,,,,5,3.0,,,,,,,,,,,6.0,,,,,,,,COMPLETE
122,122,0.828137817883511,2025-01-01 08:30:53.628509,2025-01-01 08:30:57.378781,0 days 00:00:03.750272,2,50,200.0,,,,,,,,,,,,,,,,,,,5,3.0,,,,,,,,,,,,,,,,,,,COMPLETE
123,123,0.0,2025-01-01 08:30:57.379173,2025-01-01 08:31:00.444678,0 days 00:00:03.065505,5,45,35.0,,,,,,,,,,,75.0,175.0,120.0,,,,,,5,3.0,,,,,,,,,,,6.0,3.0,3.0,,,,,,COMPLETE
124,124,0.7851851851851852,2025-01-01 08:31:00.445285,2025-01-01 08:31:07.172011,0 days 00:00:06.726726,3,30,195.0,,,,,,,,,,,60.0,,,,,,,,5,3.0,,,,,,,,,,,6.0,,,,,,,,COMPLETE
125,125,0.8585858585858586,2025-01-01 08:31:07.172460,2025-01-01 08:31:11.072311,0 days 00:00:03.899851,2,60,190.0,,,,,,,,,,,,,,,,,,,5,4.0,,,,,,,,,,,,,,,,,,,COMPLETE
126,126,0.8181818181818181,2025-01-01 08:31:11.072711,2025-01-01 08:31:17.332787,0 days 00:00:06.260076,3,45,175.0,,,,,,,,,,,50.0,,,,,,,,5,3.0,,,,,,,,,,,6.0,,,,,,,,COMPLETE
127,127,0.7695652173913043,2025-01-01 08:31:17.333229,2025-01-01 08:31:20.199474,0 days 00:00:02.866245,1,65,,,,,,,,,,,,,,,,,,,,5,,,,,,,,,,,,,,,,,,,,COMPLETE
128,128,0.0,2025-01-01 08:31:20.199843,2025-01-01 08:31:26.134778,0 days 00:00:05.934935,13,110,185.0,160.0,140.0,70.0,,,,,,,,70.0,20.0,195.0,65.0,135.0,170.0,165.0,40.0,3,2.0,5.0,3.0,3.0,,,,,,,,6.0,2.0,5.0,4.0,5.0,2.0,2.0,6.0,COMPLETE
129,129,0.8535353535353536,2025-01-01 08:31:26.135443,2025-01-01 08:31:35.009367,0 days 00:00:08.873924,4,35,170.0,,,,,,,,,,,55.0,50.0,,,,,,,4,3.0,,,,,,,,,,,5.0,5.0,,,,,,,COMPLETE
130,130,0.7916666666666666,2025-01-01 08:31:35.009829,2025-01-01 08:31:39.599973,0 days 00:00:04.590144,2,80,180.0,,,,,,,,,,,,,,,,,,,6,4.0,,,,,,,,,,,,,,,,,,,COMPLETE
131,131,0.8158333333333333,2025-01-01 08:31:39.600376,2025-01-01 08:31:47.043177,0 days 00:00:07.442801,3,40,155.0,,,,,,,,,,,125.0,,,,,,,,3,6.0,,,,,,,,,,,6.0,,,,,,,,COMPLETE
132,132,0.8876127973748975,2025-01-01 08:31:47.043616,2025-01-01 08:31:51.735306,0 days 00:00:04.691690,2,40,195.0,,,,,,,,,,,,,,,,,,,3,5.0,,,,,,,,,,,,,,,,,,,COMPLETE
133,133,0.8569044639132248,2025-01-01 08:31:51.735714,2025-01-01 08:31:55.876144,0 days 00:00:04.140430,2,25,200.0,,,,,,,,,,,,,,,,,,,3,5.0,,,,,,,,,,,,,,,,,,,COMPLETE
134,134,0.7868248772504092,2025-01-01 08:31:55.876548,2025-01-01 08:32:02.222559,0 days 00:00:06.346011,3,55,195.0,,,,,,,,,,,100.0,,,,,,,,3,5.0,,,,,,,,,,,6.0,,,,,,,,COMPLETE
135,135,0.8312401883830456,2025-01-01 08:32:02.222985,2025-01-01 08:32:04.673297,0 days 00:00:02.450312,1,35,,,,,,,,,,,,,,,,,,,,3,,,,,,,,,,,,,,,,,,,,COMPLETE
136,136,0.8666666666666667,2025-01-01 08:32:04.673669,2025-01-01 08:32:09.395416,0 days 00:00:04.721747,2,50,190.0,,,,,,,,,,,,,,,,,,,3,5.0,,,,,,,,,,,,,,,,,,,COMPLETE
137,137,0.7751355861493534,2025-01-01 08:32:09.395976,2025-01-01 08:32:16.102549,0 days 00:00:06.706573,3,40,195.0,,,,,,,,,,,25.0,,,,,,,,5,5.0,,,,,,,,,,,5.0,,,,,,,,COMPLETE
138,138,0.0,2025-01-01 08:32:16.102985,2025-01-01 08:32:27.778317,0 days 00:00:11.675332,20,45,95.0,105.0,50.0,60.0,65.0,115.0,120.0,190.0,195.0,15.0,10.0,90.0,85.0,155.0,115.0,170.0,30.0,200.0,165.0,5,3.0,2.0,3.0,5.0,3.0,3.0,4.0,6.0,2.0,2.0,6.0,5.0,4.0,4.0,5.0,3.0,4.0,3.0,4.0,COMPLETE
139,139,0.6998799519807923,2025-01-01 08:32:27.779167,2025-01-01 08:32:35.699536,0 days 00:00:07.920369,4,30,200.0,,,,,,,,,,,65.0,150.0,,,,,,,3,4.0,,,,,,,,,,,6.0,4.0,,,,,,,COMPLETE
140,140,0.8081014729950899,2025-01-01 08:32:35.699990,2025-01-01 08:32:39.457241,0 days 00:00:03.757251,2,60,180.0,,,,,,,,,,,,,,,,,,,5,3.0,,,,,,,,,,,,,,,,,,,COMPLETE
141,141,0.8193496587715776,2025-01-01 08:32:39.457642,2025-01-01 08:32:42.078800,0 days 00:00:02.621158,1,40,,,,,,,,,,,,,,,,,,,,3,,,,,,,,,,,,,,,,,,,,COMPLETE
142,142,0.9282198523379819,2025-01-01 08:32:42.079153,2025-01-01 08:32:49.442052,0 days 00:00:07.362899,3,50,165.0,,,,,,,,,,,110.0,,,,,,,,3,6.0,,,,,,,,,,,6.0,,,,,,,,COMPLETE
143,143,0.8253968253968254,2025-01-01 08:32:49.442488,2025-01-01 08:32:56.735279,0 days 00:00:07.292791,3,50,165.0,,,,,,,,,,,110.0,,,,,,,,3,6.0,,,,,,,,,,,6.0,,,,,,,,COMPLETE
144,144,0.0,2025-01-01 08:32:56.735713,2025-01-01 08:32:59.887584,0 days 00:00:03.151871,4,55,110.0,,,,,,,,,,,120.0,130.0,,,,,,,3,6.0,,,,,,,,,,,6.0,3.0,,,,,,,COMPLETE
145,145,0.7947434292866082,2025-01-01 08:32:59.888048,2025-01-01 08:33:03.601628,0 days 00:00:03.713580,2,45,150.0,,,,,,,,,,,,,,,,,,,3,4.0,,,,,,,,,,,,,,,,,,,COMPLETE
146,146,0.88,2025-01-01 08:33:03.602026,2025-01-01 08:33:09.614832,0 days 00:00:06.012806,3,55,140.0,,,,,,,,,,,105.0,,,,,,,,3,3.0,,,,,,,,,,,6.0,,,,,,,,COMPLETE
147,147,0.0,2025-01-01 08:33:09.615252,2025-01-01 08:33:19.595758,0 days 00:00:09.980506,18,75,135.0,35.0,200.0,190.0,155.0,80.0,115.0,90.0,115.0,,,105.0,25.0,5.0,35.0,5.0,75.0,30.0,120.0,3,3.0,4.0,5.0,5.0,3.0,6.0,4.0,4.0,6.0,,,6.0,6.0,6.0,4.0,4.0,6.0,5.0,3.0,COMPLETE
148,148,0.7947454844006567,2025-01-01 08:33:19.596575,2025-01-01 08:33:25.239872,0 days 00:00:05.643297,3,95,120.0,,,,,,,,,,,115.0,,,,,,,,2,4.0,,,,,,,,,,,5.0,,,,,,,,COMPLETE
149,149,0.0,2025-01-01 08:33:25.240453,2025-01-01 08:33:27.630170,0 days 00:00:02.389717,4,60,130.0,,,,,,,,,,,105.0,200.0,,,,,,,3,3.0,,,,,,,,,,,6.0,2.0,,,,,,,COMPLETE
150,150,0.8366666666666667,2025-01-01 08:33:27.630614,2025-01-01 08:33:31.912366,0 days 00:00:04.281752,2,70,140.0,,,,,,,,,,,,,,,,,,,3,4.0,,,,,,,,,,,,,,,,,,,COMPLETE
151,151,0.779205138498595,2025-01-01 08:33:31.912768,2025-01-01 08:33:38.534690,0 days 00:00:06.621922,3,45,160.0,,,,,,,,,,,80.0,,,,,,,,3,3.0,,,,,,,,,,,6.0,,,,,,,,COMPLETE
152,152,0.8685714285714285,2025-01-01 08:33:38.535130,2025-01-01 08:33:45.097069,0 days 00:00:06.561939,3,55,165.0,,,,,,,,,,,125.0,,,,,,,,3,3.0,,,,,,,,,,,6.0,,,,,,,,COMPLETE
153,153,0.797077922077922,2025-01-01 08:33:45.097504,2025-01-01 08:33:49.130831,0 days 00:00:04.033327,2,50,190.0,,,,,,,,,,,,,,,,,,,5,3.0,,,,,,,,,,,,,,,,,,,COMPLETE
154,154,0.0,2025-01-01 08:33:49.131229,2025-01-01 08:33:52.159884,0 days 00:00:03.028655,4,40,150.0,,,,,,,,,,,95.0,65.0,,,,,,,3,3.0,,,,,,,,,,,6.0,5.0,,,,,,,COMPLETE
155,155,0.8181818181818181,2025-01-01 08:33:52.160329,2025-01-01 08:33:59.426054,0 days 00:00:07.265725,3,30,185.0,,,,,,,,,,,60.0,,,,,,,,5,3.0,,,,,,,,,,,6.0,,,,,,,,COMPLETE
156,156,0.8284313725490196,2025-01-01 08:33:59.426495,2025-01-01 08:34:02.992124,0 days 00:00:03.565629,2,65,200.0,,,,,,,,,,,,,,,,,,,3,3.0,,,,,,,,,,,,,,,,,,,COMPLETE
157,157,0.8397435897435898,2025-01-01 08:34:02.992531,2025-01-01 08:34:11.374140,0 days 00:00:08.381609,4,35,195.0,,,,,,,,,,,110.0,165.0,,,,,,,4,4.0,,,,,,,,,,,6.0,4.0,,,,,,,COMPLETE
158,158,0.0,2025-01-01 08:34:11.374614,2025-01-01 08:34:14.498895,0 days 00:00:03.124281,5,50,135.0,,,,,,,,,,,45.0,120.0,75.0,,,,,,5,3.0,,,,,,,,,,,5.0,6.0,2.0,,,,,,COMPLETE
159,159,0.0,2025-01-01 08:34:14.499363,2025-01-01 08:34:17.789063,0 days 00:00:03.289700,8,140,175.0,,,,,,,,,,,75.0,185.0,20.0,145.0,120.0,115.0,,,3,3.0,,,,,,,,,,,6.0,2.0,5.0,6.0,2.0,3.0,,,COMPLETE
160,160,0.0,2025-01-01 08:34:17.789634,2025-01-01 08:34:20.118447,0 days 00:00:02.328813,3,55,145.0,,,,,,,,,,,35.0,,,,,,,,5,2.0,,,,,,,,,,,6.0,,,,,,,,COMPLETE
161,161,0.8486088379705401,2025-01-01 08:34:20.118870,2025-01-01 08:34:24.577658,0 days 00:00:04.458788,2,40,170.0,,,,,,,,,,,,,,,,,,,3,6.0,,,,,,,,,,,,,,,,,,,COMPLETE
162,162,0.81438127090301,2025-01-01 08:34:24.578068,2025-01-01 08:34:27.142338,0 days 00:00:02.564270,1,25,,,,,,,,,,,,,,,,,,,,3,,,,,,,,,,,,,,,,,,,,COMPLETE
163,163,0.8599439775910365,2025-01-01 08:34:27.142719,2025-01-01 08:34:34.068049,0 days 00:00:06.925330,3,35,155.0,,,,,,,,,,,100.0,,,,,,,,3,6.0,,,,,,,,,,,5.0,,,,,,,,COMPLETE
164,164,0.9183333333333333,2025-01-01 08:34:34.068642,2025-01-01 08:34:38.556411,0 days 00:00:04.487769,2,45,190.0,,,,,,,,,,,,,,,,,,,3,6.0,,,,,,,,,,,,,,,,,,,COMPLETE
165,165,0.8666666666666667,2025-01-01 08:34:38.556836,2025-01-01 08:34:43.712755,0 days 00:00:05.155919,2,45,190.0,,,,,,,,,,,,,,,,,,,3,6.0,,,,,,,,,,,,,,,,,,,COMPLETE
166,166,0.0,2025-01-01 08:34:43.713171,2025-01-01 08:34:46.028007,0 days 00:00:02.314836,3,50,200.0,,,,,,,,,,,55.0,,,,,,,,4,6.0,,,,,,,,,,,2.0,,,,,,,,COMPLETE
167,167,0.8884803921568627,2025-01-01 08:34:46.028419,2025-01-01 08:34:50.417291,0 days 00:00:04.388872,2,60,185.0,,,,,,,,,,,,,,,,,,,3,6.0,,,,,,,,,,,,,,,,,,,COMPLETE
168,168,0.8193496587715776,2025-01-01 08:34:50.417720,2025-01-01 08:34:53.044216,0 days 00:00:02.626496,1,65,,,,,,,,,,,,,,,,,,,,3,,,,,,,,,,,,,,,,,,,,COMPLETE
169,169,0.8750524109014675,2025-01-01 08:34:53.044589,2025-01-01 08:34:58.179315,0 days 00:00:05.134726,2,60,185.0,,,,,,,,,,,,,,,,,,,3,6.0,,,,,,,,,,,,,,,,,,,COMPLETE
170,170,0.7879901960784313,2025-01-01 08:34:58.179731,2025-01-01 08:35:03.664942,0 days 00:00:05.485211,2,60,180.0,,,,,,,,,,,,,,,,,,,3,6.0,,,,,,,,,,,,,,,,,,,COMPLETE
171,171,0.825925925925926,2025-01-01 08:35:03.665355,2025-01-01 08:35:10.928338,0 days 00:00:07.262983,3,45,195.0,,,,,,,,,,,190.0,,,,,,,,3,6.0,,,,,,,,,,,6.0,,,,,,,,COMPLETE
172,172,0.8284313725490196,2025-01-01 08:35:10.928787,2025-01-01 08:35:15.861283,0 days 00:00:04.932496,2,55,190.0,,,,,,,,,,,,,,,,,,,5,6.0,,,,,,,,,,,,,,,,,,,COMPLETE
173,173,0.8366666666666667,2025-01-01 08:35:15.861690,2025-01-01 08:35:21.956150,0 days 00:00:06.094460,3,55,195.0,,,,,,,,,,,115.0,,,,,,,,3,6.0,,,,,,,,,,,3.0,,,,,,,,COMPLETE
174,174,0.928921568627451,2025-01-01 08:35:21.956589,2025-01-01 08:35:25.501897,0 days 00:00:03.545308,2,40,180.0,,,,,,,,,,,,,,,,,,,3,3.0,,,,,,,,,,,,,,,,,,,COMPLETE
175,175,0.792059748427673,2025-01-01 08:35:25.502279,2025-01-01 08:35:28.148627,0 days 00:00:02.646348,1,40,,,,,,,,,,,,,,,,,,,,3,,,,,,,,,,,,,,,,,,,,COMPLETE
176,176,0.84,2025-01-01 08:35:28.148977,2025-01-01 08:35:32.638161,0 days 00:00:04.489184,2,50,175.0,,,,,,,,,,,,,,,,,,,3,5.0,,,,,,,,,,,,,,,,,,,COMPLETE
177,177,0.8397435897435898,2025-01-01 08:35:32.638559,2025-01-01 08:35:35.393450,0 days 00:00:02.754891,1,85,,,,,,,,,,,,,,,,,,,,3,,,,,,,,,,,,,,,,,,,,COMPLETE
178,178,0.8166666666666667,2025-01-01 08:35:35.393970,2025-01-01 08:35:38.986901,0 days 00:00:03.592931,2,45,180.0,,,,,,,,,,,,,,,,,,,3,3.0,,,,,,,,,,,,,,,,,,,COMPLETE
179,179,0.7996794871794872,2025-01-01 08:35:38.987294,2025-01-01 08:35:43.932159,0 days 00:00:04.944865,3,30,185.0,,,,,,,,,,,135.0,,,,,,,,3,3.0,,,,,,,,,,,4.0,,,,,,,,COMPLETE
180,180,0.8265856950067476,2025-01-01 08:35:43.932583,2025-01-01 08:35:46.863020,0 days 00:00:02.930437,1,35,,,,,,,,,,,,,,,,,,,,3,,,,,,,,,,,,,,,,,,,,COMPLETE
181,181,0.8063986874487286,2025-01-01 08:35:46.863385,2025-01-01 08:35:53.260618,0 days 00:00:06.397233,3,50,190.0,,,,,,,,,,,40.0,,,,,,,,5,3.0,,,,,,,,,,,5.0,,,,,,,,COMPLETE
182,182,0.8688725490196079,2025-01-01 08:35:53.261053,2025-01-01 08:36:00.009978,0 days 00:00:06.748925,3,40,200.0,,,,,,,,,,,85.0,,,,,,,,5,3.0,,,,,,,,,,,6.0,,,,,,,,COMPLETE
183,183,0.0,2025-01-01 08:36:00.010400,2025-01-01 08:36:03.134215,0 days 00:00:03.123815,4,45,195.0,,,,,,,,,,,50.0,75.0,,,,,,,3,3.0,,,,,,,,,,,6.0,5.0,,,,,,,COMPLETE
184,184,0.8486088379705401,2025-01-01 08:36:03.134655,2025-01-01 08:36:07.189407,0 days 00:00:04.054752,2,55,185.0,,,,,,,,,,,,,,,,,,,5,3.0,,,,,,,,,,,,,,,,,,,COMPLETE
185,185,0.8876127973748975,2025-01-01 08:36:07.189814,2025-01-01 08:36:12.912603,0 days 00:00:05.722789,3,40,190.0,,,,,,,,,,,65.0,,,,,,,,3,3.0,,,,,,,,,,,5.0,,,,,,,,COMPLETE
186,186,0.8181818181818181,2025-01-01 08:36:12.913018,2025-01-01 08:36:20.784100,0 days 00:00:07.871082,4,35,180.0,,,,,,,,,,,125.0,35.0,,,,,,,3,5.0,,,,,,,,,,,5.0,3.0,,,,,,,COMPLETE
187,187,0.8585858585858586,2025-01-01 08:36:20.784567,2025-01-01 08:36:24.335335,0 days 00:00:03.550768,2,50,125.0,,,,,,,,,,,,,,,,,,,3,3.0,,,,,,,,,,,,,,,,,,,COMPLETE
188,188,0.9198717948717949,2025-01-01 08:36:24.335725,2025-01-01 08:36:31.254573,0 days 00:00:06.918848,3,40,170.0,,,,,,,,,,,10.0,,,,,,,,3,6.0,,,,,,,,,,,5.0,,,,,,,,COMPLETE
189,189,0.8193496587715776,2025-01-01 08:36:31.255008,2025-01-01 08:36:38.658180,0 days 00:00:07.403172,3,40,170.0,,,,,,,,,,,5.0,,,,,,,,3,6.0,,,,,,,,,,,4.0,,,,,,,,COMPLETE
190,190,0.8678396072013093,2025-01-01 08:36:38.658610,2025-01-01 08:36:43.824976,0 days 00:00:05.166366,2,100,165.0,,,,,,,,,,,,,,,,,,,3,6.0,,,,,,,,,,,,,,,,,,,COMPLETE
191,191,0.8996386993175431,2025-01-01 08:36:43.825541,2025-01-01 08:36:50.740070,0 days 00:00:06.914529,3,120,175.0,,,,,,,,,,,15.0,,,,,,,,3,6.0,,,,,,,,,,,5.0,,,,,,,,COMPLETE
192,192,0.84,2025-01-01 08:36:50.740507,2025-01-01 08:36:57.637140,0 days 00:00:06.896633,3,120,175.0,,,,,,,,,,,15.0,,,,,,,,3,6.0,,,,,,,,,,,5.0,,,,,,,,COMPLETE
193,193,0.8792270531400965,2025-01-01 08:36:57.637571,2025-01-01 08:37:04.083668,0 days 00:00:06.446097,3,130,175.0,,,,,,,,,,,15.0,,,,,,,,3,6.0,,,,,,,,,,,5.0,,,,,,,,COMPLETE
194,194,0.9089795918367347,2025-01-01 08:37:04.084109,2025-01-01 08:37:08.835283,0 days 00:00:04.751174,2,120,160.0,,,,,,,,,,,,,,,,,,,3,6.0,,,,,,,,,,,,,,,,,,,COMPLETE
195,195,0.8397435897435898,2025-01-01 08:37:08.835692,2025-01-01 08:37:13.928830,0 days 00:00:05.093138,2,125,160.0,,,,,,,,,,,,,,,,,,,3,6.0,,,,,,,,,,,,,,,,,,,COMPLETE
196,196,0.8122895622895623,2025-01-01 08:37:13.929232,2025-01-01 08:37:19.081624,0 days 00:00:05.152392,2,125,170.0,,,,,,,,,,,,,,,,,,,3,6.0,,,,,,,,,,,,,,,,,,,COMPLETE
197,197,0.8996386993175431,2025-01-01 08:37:19.082026,2025-01-01 08:37:23.883080,0 days 00:00:04.801054,2,110,185.0,,,,,,,,,,,,,,,,,,,3,6.0,,,,,,,,,,,,,,,,,,,COMPLETE
198,198,0.8150943396226416,2025-01-01 08:37:23.883489,2025-01-01 08:37:29.037182,0 days 00:00:05.153693,2,115,180.0,,,,,,,,,,,,,,,,,,,3,6.0,,,,,,,,,,,,,,,,,,,COMPLETE
199,199,0.8470057424118129,2025-01-01 08:37:29.037584,2025-01-01 08:37:31.649515,0 days 00:00:02.611931,1,110,,,,,,,,,,,,,,,,,,,,3,,,,,,,,,,,,,,,,,,,,COMPLETE
200,200,0.7777777777777778,2025-01-01 08:37:31.649887,2025-01-01 08:37:39.439253,0 days 00:00:07.789366,4,110,185.0,,,,,,,,,,,20.0,110.0,,,,,,,3,6.0,,,,,,,,,,,4.0,3.0,,,,,,,COMPLETE
201,201,0.8792270531400965,2025-01-01 08:37:39.439717,2025-01-01 08:37:44.749388,0 days 00:00:05.309671,2,115,190.0,,,,,,,,,,,,,,,,,,,3,6.0,,,,,,,,,,,,,,,,,,,COMPLETE
202,202,0.9089795918367347,2025-01-01 08:37:44.749815,2025-01-01 08:37:49.903625,0 days 00:00:05.153810,2,120,175.0,,,,,,,,,,,,,,,,,,,3,6.0,,,,,,,,,,,,,,,,,,,COMPLETE
203,203,0.8063986874487286,2025-01-01 08:37:49.904027,2025-01-01 08:37:55.416004,0 days 00:00:05.511977,2,120,165.0,,,,,,,,,,,,,,,,,,,3,6.0,,,,,,,,,,,,,,,,,,,COMPLETE
204,204,0.8687448728465956,2025-01-01 08:37:55.416562,2025-01-01 08:38:02.419265,0 days 00:00:07.002703,3,135,180.0,,,,,,,,,,,5.0,,,,,,,,3,6.0,,,,,,,,,,,5.0,,,,,,,,COMPLETE
205,205,0.8397435897435898,2025-01-01 08:38:02.419707,2025-01-01 08:38:07.268368,0 days 00:00:04.848661,2,120,170.0,,,,,,,,,,,,,,,,,,,3,6.0,,,,,,,,,,,,,,,,,,,COMPLETE
206,206,0.8193496587715776,2025-01-01 08:38:07.268771,2025-01-01 08:38:09.696624,0 days 00:00:02.427853,1,130,,,,,,,,,,,,,,,,,,,,3,,,,,,,,,,,,,,,,,,,,COMPLETE
207,207,0.8594941790445605,2025-01-01 08:38:09.697007,2025-01-01 08:38:16.646326,0 days 00:00:06.949319,3,115,175.0,,,,,,,,,,,10.0,,,,,,,,3,6.0,,,,,,,,,,,5.0,,,,,,,,COMPLETE
208,208,0.9194847020933977,2025-01-01 08:38:16.646763,2025-01-01 08:38:21.772672,0 days 00:00:05.125909,2,125,185.0,,,,,,,,,,,,,,,,,,,3,6.0,,,,,,,,,,,,,,,,,,,COMPLETE
209,209,0.8963210702341138,2025-01-01 08:38:21.773075,2025-01-01 08:38:28.681651,0 days 00:00:06.908576,3,120,185.0,,,,,,,,,,,25.0,,,,,,,,3,6.0,,,,,,,,,,,5.0,,,,,,,,COMPLETE
210,210,0.8792270531400965,2025-01-01 08:38:28.682084,2025-01-01 08:38:35.153000,0 days 00:00:06.470916,3,125,185.0,,,,,,,,,,,35.0,,,,,,,,3,6.0,,,,,,,,,,,5.0,,,,,,,,COMPLETE
211,211,0.8063986874487286,2025-01-01 08:38:35.153430,2025-01-01 08:38:42.099944,0 days 00:00:06.946514,3,105,190.0,,,,,,,,,,,10.0,,,,,,,,3,6.0,,,,,,,,,,,5.0,,,,,,,,COMPLETE
212,212,0.8481481481481481,2025-01-01 08:38:42.100378,2025-01-01 08:38:47.230957,0 days 00:00:05.130579,2,120,185.0,,,,,,,,,,,,,,,,,,,3,6.0,,,,,,,,,,,,,,,,,,,COMPLETE
213,213,0.0,2025-01-01 08:38:47.231356,2025-01-01 08:39:00.845884,0 days 00:00:13.614528,19,125,175.0,165.0,115.0,145.0,50.0,145.0,5.0,15.0,5.0,200.0,,25.0,45.0,180.0,65.0,75.0,150.0,90.0,30.0,3,6.0,6.0,6.0,3.0,5.0,4.0,2.0,4.0,4.0,4.0,,5.0,6.0,3.0,2.0,6.0,5.0,2.0,5.0,COMPLETE
214,214,0.8242553191489361,2025-01-01 08:39:00.846791,2025-01-01 08:39:05.346648,0 days 00:00:04.499857,3,115,190.0,,,,,,,,,,,25.0,,,,,,,,3,6.0,,,,,,,,,,,5.0,,,,,,,,COMPLETE
215,215,0.885531914893617,2025-01-01 08:39:05.347084,2025-01-01 08:39:10.481954,0 days 00:00:05.134870,2,135,170.0,,,,,,,,,,,,,,,,,,,3,6.0,,,,,,,,,,,,,,,,,,,COMPLETE
216,216,0.7937710437710437,2025-01-01 08:39:10.482358,2025-01-01 08:39:15.677093,0 days 00:00:05.194735,2,135,165.0,,,,,,,,,,,,,,,,,,,3,6.0,,,,,,,,,,,,,,,,,,,COMPLETE
217,217,0.0,2025-01-01 08:39:15.677520,2025-01-01 08:39:21.111275,0 days 00:00:05.433755,10,145,175.0,,,,,,,,,,,30.0,135.0,40.0,80.0,185.0,35.0,150.0,200.0,3,6.0,,,,,,,,,,,6.0,4.0,6.0,2.0,5.0,2.0,4.0,6.0,COMPLETE
218,218,0.8321678321678322,2025-01-01 08:39:21.111903,2025-01-01 08:39:23.886518,0 days 00:00:02.774615,1,120,,,,,,,,,,,,,,,,,,,,3,,,,,,,,,,,,,,,,,,,,COMPLETE
219,219,0.8020050125313283,2025-01-01 08:39:23.886883,2025-01-01 08:39:28.659359,0 days 00:00:04.772476,2,130,170.0,,,,,,,,,,,,,,,,,,,3,6.0,,,,,,,,,,,,,,,,,,,COMPLETE
220,220,0.8687448728465956,2025-01-01 08:39:28.659769,2025-01-01 08:39:33.448980,0 days 00:00:04.789211,2,110,180.0,,,,,,,,,,,,,,,,,,,3,6.0,,,,,,,,,,,,,,,,,,,COMPLETE
221,221,0.8486088379705401,2025-01-01 08:39:33.449388,2025-01-01 08:39:40.359530,0 days 00:00:06.910142,3,120,200.0,,,,,,,,,,,15.0,,,,,,,,3,6.0,,,,,,,,,,,5.0,,,,,,,,COMPLETE
222,222,0.9293877551020409,2025-01-01 08:39:40.359961,2025-01-01 08:39:47.804560,0 days 00:00:07.444599,3,125,185.0,,,,,,,,,,,20.0,,,,,,,,3,6.0,,,,,,,,,,,5.0,,,,,,,,COMPLETE
223,223,0.8798076923076923,2025-01-01 08:39:47.805014,2025-01-01 08:39:54.431131,0 days 00:00:06.626117,3,130,185.0,,,,,,,,,,,20.0,,,,,,,,3,6.0,,,,,,,,,,,5.0,,,,,,,,COMPLETE
224,224,0.828137817883511,2025-01-01 08:39:54.431585,2025-01-01 08:39:59.553945,0 days 00:00:05.122360,2,125,185.0,,,,,,,,,,,,,,,,,,,3,6.0,,,,,,,,,,,,,,,,,,,COMPLETE
225,225,0.7444444444444445,2025-01-01 08:39:59.554355,2025-01-01 08:40:08.553251,0 days 00:00:08.998896,4,140,155.0,,,,,,,,,,,10.0,100.0,,,,,,,3,6.0,,,,,,,,,,,6.0,2.0,,,,,,,COMPLETE
226,226,0.8599439775910365,2025-01-01 08:40:08.553736,2025-01-01 08:40:15.795692,0 days 00:00:07.241956,3,115,170.0,,,,,,,,,,,20.0,,,,,,,,3,6.0,,,,,,,,,,,5.0,,,,,,,,COMPLETE
227,227,0.8594941790445605,2025-01-01 08:40:15.796147,2025-01-01 08:40:20.931400,0 days 00:00:05.135253,2,125,160.0,,,,,,,,,,,,,,,,,,,3,6.0,,,,,,,,,,,,,,,,,,,COMPLETE
228,228,0.8996386993175431,2025-01-01 08:40:20.931975,2025-01-01 08:40:28.794173,0 days 00:00:07.862198,3,135,180.0,,,,,,,,,,,5.0,,,,,,,,3,6.0,,,,,,,,,,,6.0,,,,,,,,COMPLETE
229,229,0.8599439775910365,2025-01-01 08:40:28.794631,2025-01-01 08:40:36.139828,0 days 00:00:07.345197,3,135,180.0,,,,,,,,,,,5.0,,,,,,,,3,6.0,,,,,,,,,,,6.0,,,,,,,,COMPLETE
230,230,0.0,2025-01-01 08:40:36.140284,2025-01-01 08:40:39.830492,0 days 00:00:03.690208,4,135,180.0,,,,,,,,,,,30.0,160.0,,,,,,,3,6.0,,,,,,,,,,,6.0,6.0,,,,,,,COMPLETE
231,231,0.9068877551020409,2025-01-01 08:40:39.830992,2025-01-01 08:40:47.685647,0 days 00:00:07.854655,3,140,175.0,,,,,,,,,,,10.0,,,,,,,,3,6.0,,,,,,,,,,,6.0,,,,,,,,COMPLETE
232,232,0.0,2025-01-01 08:40:47.686100,2025-01-01 08:40:56.168309,0 days 00:00:08.482209,16,140,175.0,85.0,70.0,40.0,145.0,50.0,75.0,,,,,10.0,175.0,165.0,185.0,160.0,185.0,115.0,75.0,3,6.0,5.0,2.0,2.0,5.0,3.0,5.0,,,,,6.0,4.0,4.0,5.0,2.0,4.0,5.0,2.0,COMPLETE
233,233,0.8999599839935974,2025-01-01 08:40:56.169061,2025-01-01 08:41:03.552429,0 days 00:00:07.383368,3,145,190.0,,,,,,,,,,,15.0,,,,,,,,3,6.0,,,,,,,,,,,6.0,,,,,,,,COMPLETE
