,number,value,datetime_start,datetime_complete,duration,params_depth,params_neurons_layer_0,params_neurons_layer_1,params_neurons_layer_10,params_neurons_layer_11,params_neurons_layer_12,params_neurons_layer_13,params_neurons_layer_14,params_neurons_layer_15,params_neurons_layer_16,params_neurons_layer_17,params_neurons_layer_18,params_neurons_layer_19,params_neurons_layer_2,params_neurons_layer_3,params_neurons_layer_4,params_neurons_layer_5,params_neurons_layer_6,params_neurons_layer_7,params_neurons_layer_8,params_neurons_layer_9,params_orders_layer_0,params_orders_layer_1,params_orders_layer_10,params_orders_layer_11,params_orders_layer_12,params_orders_layer_13,params_orders_layer_14,params_orders_layer_15,params_orders_layer_16,params_orders_layer_17,params_orders_layer_18,params_orders_layer_19,params_orders_layer_2,params_orders_layer_3,params_orders_layer_4,params_orders_layer_5,params_orders_layer_6,params_orders_layer_7,params_orders_layer_8,params_orders_layer_9,state
111,111,0.9565943238731218,2025-01-01 21:48:07.388077,2025-01-01 21:48:10.865446,0 days 00:00:03.477369,2,120,90.0,,,,,,,,,,,,,,,,,,,6,3.0,,,,,,,,,,,,,,,,,,,COMPLETE
112,112,0.9541311207198785,2025-01-01 21:48:10.865822,2025-01-01 21:48:20.146621,0 days 00:00:09.280799,3,100,200.0,,,,,,,,,,,70.0,,,,,,,,6,3.0,,,,,,,,,,,5.0,,,,,,,,COMPLETE
113,113,0.9574672921640317,2025-01-01 21:48:20.147044,2025-01-01 21:48:23.620887,0 days 00:00:03.473843,2,110,80.0,,,,,,,,,,,,,,,,,,,6,3.0,,,,,,,,,,,,,,,,,,,COMPLETE
114,114,0.9476285518746224,2025-01-01 21:48:23.621260,2025-01-01 21:48:29.542045,0 days 00:00:05.920785,1,125,,,,,,,,,,,,,,,,,,,,6,,,,,,,,,,,,,,,,,,,,COMPLETE
115,115,0.9465640982761263,2025-01-01 21:48:29.542419,2025-01-01 21:48:38.281916,0 days 00:00:08.739497,3,115,90.0,,,,,,,,,,,120.0,,,,,,,,6,3.0,,,,,,,,,,,6.0,,,,,,,,COMPLETE
116,116,0.9525402107598447,2025-01-01 21:48:38.282324,2025-01-01 21:48:42.451944,0 days 00:00:04.169620,2,150,100.0,,,,,,,,,,,,,,,,,,,4,3.0,,,,,,,,,,,,,,,,,,,COMPLETE
117,117,0.0,2025-01-01 21:48:42.452329,2025-01-01 21:48:44.195214,0 days 00:00:01.742885,3,140,110.0,,,,,,,,,,,40.0,,,,,,,,6,2.0,,,,,,,,,,,2.0,,,,,,,,COMPLETE
118,118,0.9502854830989447,2025-01-01 21:48:44.195624,2025-01-01 21:48:50.628550,0 days 00:00:06.432926,1,125,,,,,,,,,,,,,,,,,,,,6,,,,,,,,,,,,,,,,,,,,COMPLETE
119,119,0.9640998436452982,2025-01-01 21:48:50.628992,2025-01-01 21:48:55.058576,0 days 00:00:04.429584,2,130,115.0,,,,,,,,,,,,,,,,,,,6,4.0,,,,,,,,,,,,,,,,,,,COMPLETE
120,120,0.9489560399545106,2025-01-01 21:48:55.058960,2025-01-01 21:48:59.347830,0 days 00:00:04.288870,2,130,115.0,,,,,,,,,,,,,,,,,,,6,3.0,,,,,,,,,,,,,,,,,,,COMPLETE
121,121,0.9531767337807606,2025-01-01 21:48:59.348204,2025-01-01 21:49:03.926992,0 days 00:00:04.578788,2,135,120.0,,,,,,,,,,,,,,,,,,,6,4.0,,,,,,,,,,,,,,,,,,,COMPLETE
122,122,0.0,2025-01-01 21:49:03.927428,2025-01-01 21:49:10.423674,0 days 00:00:06.496246,8,130,175.0,,,,,,,,,,,170.0,110.0,25.0,65.0,100.0,200.0,,,6,4.0,,,,,,,,,,,5.0,5.0,2.0,5.0,5.0,6.0,,,COMPLETE
123,123,0.9517375800128464,2025-01-01 21:49:10.424202,2025-01-01 21:49:17.817900,0 days 00:00:07.393698,3,145,100.0,,,,,,,,,,,5.0,,,,,,,,6,4.0,,,,,,,,,,,3.0,,,,,,,,COMPLETE
124,124,0.9520544055427776,2025-01-01 21:49:17.818298,2025-01-01 21:49:24.138847,0 days 00:00:06.320549,1,115,,,,,,,,,,,,,,,,,,,,6,,,,,,,,,,,,,,,,,,,,COMPLETE
125,125,0.9599995555506172,2025-01-01 21:49:24.139194,2025-01-01 21:49:28.837698,0 days 00:00:04.698504,2,120,140.0,,,,,,,,,,,,,,,,,,,6,4.0,,,,,,,,,,,,,,,,,,,COMPLETE
126,126,0.9514992883169324,2025-01-01 21:49:28.838084,2025-01-01 21:49:32.961193,0 days 00:00:04.123109,2,120,145.0,,,,,,,,,,,,,,,,,,,6,4.0,,,,,,,,,,,,,,,,,,,COMPLETE
127,127,0.0,2025-01-01 21:49:32.961574,2025-01-01 21:49:38.593080,0 days 00:00:05.631506,3,135,135.0,,,,,,,,,,,180.0,,,,,,,,6,4.0,,,,,,,,,,,2.0,,,,,,,,COMPLETE
128,128,0.9458556360993073,2025-01-01 21:49:38.593493,2025-01-01 21:49:44.945919,0 days 00:00:06.352426,1,120,,,,,,,,,,,,,,,,,,,,6,,,,,,,,,,,,,,,,,,,,COMPLETE
129,129,0.9430428048753114,2025-01-01 21:49:44.946293,2025-01-01 21:49:51.597172,0 days 00:00:06.650879,3,135,110.0,,,,,,,,,,,195.0,,,,,,,,6,3.0,,,,,,,,,,,4.0,,,,,,,,COMPLETE
130,130,0.9557205152400042,2025-01-01 21:49:51.597593,2025-01-01 21:49:56.504183,0 days 00:00:04.906590,2,125,125.0,,,,,,,,,,,,,,,,,,,6,4.0,,,,,,,,,,,,,,,,,,,COMPLETE
131,131,0.964126109580655,2025-01-01 21:49:56.504675,2025-01-01 21:50:01.628199,0 days 00:00:05.123524,2,130,90.0,,,,,,,,,,,,,,,,,,,6,4.0,,,,,,,,,,,,,,,,,,,COMPLETE
132,132,0.9591344414827017,2025-01-01 21:50:01.628564,2025-01-01 21:50:06.553849,0 days 00:00:04.925285,2,140,85.0,,,,,,,,,,,,,,,,,,,6,4.0,,,,,,,,,,,,,,,,,,,COMPLETE
133,133,0.8556276376826759,2025-01-01 21:50:06.554271,2025-01-01 21:50:12.574957,0 days 00:00:06.020686,1,140,,,,,,,,,,,,,,,,,,,,6,,,,,,,,,,,,,,,,,,,,COMPLETE
134,134,0.9649991249781245,2025-01-01 21:50:12.575318,2025-01-01 21:50:17.059015,0 days 00:00:04.483697,2,150,85.0,,,,,,,,,,,,,,,,,,,6,4.0,,,,,,,,,,,,,,,,,,,COMPLETE
135,135,0.9414577670391624,2025-01-01 21:50:17.059367,2025-01-01 21:50:30.856638,0 days 00:00:13.797271,3,150,80.0,,,,,,,,,,,150.0,,,,,,,,6,4.0,,,,,,,,,,,6.0,,,,,,,,COMPLETE
136,136,0.9419637638807714,2025-01-01 21:50:30.857067,2025-01-01 21:50:37.334217,0 days 00:00:06.477150,1,145,,,,,,,,,,,,,,,,,,,,6,,,,,,,,,,,,,,,,,,,,COMPLETE
137,137,0.9649952354626046,2025-01-01 21:50:37.334570,2025-01-01 21:50:42.353658,0 days 00:00:05.019088,2,140,85.0,,,,,,,,,,,,,,,,,,,6,4.0,,,,,,,,,,,,,,,,,,,COMPLETE
138,138,0.0,2025-01-01 21:50:42.354028,2025-01-01 21:50:45.546351,0 days 00:00:03.192323,4,160,90.0,,,,,,,,,,,110.0,60.0,,,,,,,6,4.0,,,,,,,,,,,2.0,3.0,,,,,,,COMPLETE
139,139,0.9531879194630872,2025-01-01 21:50:45.546795,2025-01-01 21:50:49.588229,0 days 00:00:04.041434,2,105,70.0,,,,,,,,,,,,,,,,,,,6,4.0,,,,,,,,,,,,,,,,,,,COMPLETE
140,140,0.9401477832512315,2025-01-01 21:50:49.588629,2025-01-01 21:50:56.028488,0 days 00:00:06.439859,1,155,,,,,,,,,,,,,,,,,,,,6,,,,,,,,,,,,,,,,,,,,COMPLETE
141,141,0.9539915966386554,2025-01-01 21:50:56.028939,2025-01-01 21:51:00.637180,0 days 00:00:04.608241,2,140,85.0,,,,,,,,,,,,,,,,,,,6,4.0,,,,,,,,,,,,,,,,,,,COMPLETE
142,142,0.9591366490048533,2025-01-01 21:51:00.637560,2025-01-01 21:51:05.236094,0 days 00:00:04.598534,2,135,75.0,,,,,,,,,,,,,,,,,,,6,4.0,,,,,,,,,,,,,,,,,,,COMPLETE
143,143,0.9465714596275889,2025-01-01 21:51:05.236490,2025-01-01 21:51:14.430858,0 days 00:00:09.194368,3,130,75.0,,,,,,,,,,,130.0,,,,,,,,6,4.0,,,,,,,,,,,4.0,,,,,,,,COMPLETE
144,144,0.9581910570810925,2025-01-01 21:51:14.431325,2025-01-01 21:51:19.049028,0 days 00:00:04.617703,2,145,95.0,,,,,,,,,,,,,,,,,,,6,4.0,,,,,,,,,,,,,,,,,,,COMPLETE
145,145,0.9440708015624775,2025-01-01 21:51:19.049394,2025-01-01 21:51:25.543021,0 days 00:00:06.493627,1,135,,,,,,,,,,,,,,,,,,,,6,,,,,,,,,,,,,,,,,,,,COMPLETE
146,146,0.9515838176066447,2025-01-01 21:51:25.543382,2025-01-01 21:51:30.005566,0 days 00:00:04.462184,2,115,65.0,,,,,,,,,,,,,,,,,,,6,4.0,,,,,,,,,,,,,,,,,,,COMPLETE
147,147,0.9532554257095158,2025-01-01 21:51:30.005962,2025-01-01 21:51:39.083812,0 days 00:00:09.077850,3,130,90.0,,,,,,,,,,,80.0,,,,,,,,6,4.0,,,,,,,,,,,6.0,,,,,,,,COMPLETE
148,148,0.959933110367893,2025-01-01 21:51:39.084231,2025-01-01 21:51:43.740623,0 days 00:00:04.656392,2,125,80.0,,,,,,,,,,,,,,,,,,,6,4.0,,,,,,,,,,,,,,,,,,,COMPLETE
149,149,0.9520544055427776,2025-01-01 21:51:43.741022,2025-01-01 21:51:50.171800,0 days 00:00:06.430778,1,125,,,,,,,,,,,,,,,,,,,,6,,,,,,,,,,,,,,,,,,,,COMPLETE
150,150,0.9425501583656444,2025-01-01 21:51:50.172174,2025-01-01 21:51:57.577822,0 days 00:00:07.405648,3,140,75.0,,,,,,,,,,,25.0,,,,,,,,6,4.0,,,,,,,,,,,4.0,,,,,,,,COMPLETE
151,151,0.9523816170763982,2025-01-01 21:51:57.578238,2025-01-01 21:52:02.380856,0 days 00:00:04.802618,2,120,80.0,,,,,,,,,,,,,,,,,,,6,4.0,,,,,,,,,,,,,,,,,,,COMPLETE
152,152,0.9583332175922711,2025-01-01 21:52:02.381327,2025-01-01 21:52:06.929026,0 days 00:00:04.547699,2,135,85.0,,,,,,,,,,,,,,,,,,,6,4.0,,,,,,,,,,,,,,,,,,,COMPLETE
153,153,0.9499152712435059,2025-01-01 21:52:06.929418,2025-01-01 21:52:11.617080,0 days 00:00:04.687662,2,125,135.0,,,,,,,,,,,,,,,,,,,6,4.0,,,,,,,,,,,,,,,,,,,COMPLETE
154,154,0.0,2025-01-01 21:52:11.617451,2025-01-01 21:52:26.736061,0 days 00:00:15.118610,16,130,90.0,175.0,155.0,5.0,160.0,10.0,15.0,,,,,50.0,35.0,120.0,195.0,175.0,35.0,80.0,170.0,6,4.0,3.0,4.0,3.0,5.0,5.0,2.0,,,,,5.0,5.0,6.0,3.0,4.0,5.0,2.0,5.0,COMPLETE
155,155,0.9467435763580144,2025-01-01 21:52:26.736741,2025-01-01 21:52:33.204889,0 days 00:00:06.468148,1,150,,,,,,,,,,,,,,,,,,,,6,,,,,,,,,,,,,,,,,,,,COMPLETE
156,156,0.9490279065092855,2025-01-01 21:52:33.205287,2025-01-01 21:52:37.797594,0 days 00:00:04.592307,2,115,120.0,,,,,,,,,,,,,,,,,,,6,4.0,,,,,,,,,,,,,,,,,,,COMPLETE
157,157,0.9483320416343741,2025-01-01 21:52:37.797992,2025-01-01 21:52:42.871884,0 days 00:00:05.073892,3,110,65.0,,,,,,,,,,,140.0,,,,,,,,6,4.0,,,,,,,,,,,2.0,,,,,,,,COMPLETE
158,158,0.0,2025-01-01 21:52:42.872301,2025-01-01 21:52:46.498420,0 days 00:00:03.626119,4,135,80.0,,,,,,,,,,,105.0,125.0,,,,,,,6,4.0,,,,,,,,,,,3.0,4.0,,,,,,,COMPLETE
159,159,0.0,2025-01-01 21:52:46.498867,2025-01-01 21:52:54.704106,0 days 00:00:08.205239,13,120,105.0,5.0,25.0,130.0,,,,,,,,160.0,85.0,55.0,100.0,135.0,140.0,35.0,30.0,6,4.0,5.0,3.0,4.0,,,,,,,,5.0,2.0,4.0,6.0,6.0,3.0,4.0,2.0,COMPLETE
160,160,0.9573955477635524,2025-01-01 21:52:54.704777,2025-01-01 21:52:59.199491,0 days 00:00:04.494714,2,140,70.0,,,,,,,,,,,,,,,,,,,6,4.0,,,,,,,,,,,,,,,,,,,COMPLETE
161,161,0.9573114026733593,2025-01-01 21:52:59.199898,2025-01-01 21:53:04.414227,0 days 00:00:05.214329,2,140,85.0,,,,,,,,,,,,,,,,,,,6,4.0,,,,,,,,,,,,,,,,,,,COMPLETE
162,162,0.9457727391626178,2025-01-01 21:53:04.414627,2025-01-01 21:53:12.755035,0 days 00:00:08.340408,3,145,95.0,,,,,,,,,,,85.0,,,,,,,,6,4.0,,,,,,,,,,,3.0,,,,,,,,COMPLETE
163,163,0.9549248747913188,2025-01-01 21:53:12.755568,2025-01-01 21:53:17.443047,0 days 00:00:04.687479,2,135,80.0,,,,,,,,,,,,,,,,,,,6,4.0,,,,,,,,,,,,,,,,,,,COMPLETE
164,164,0.9494063926940639,2025-01-01 21:53:17.443452,2025-01-01 21:53:23.770543,0 days 00:00:06.327091,1,125,,,,,,,,,,,,,,,,,,,,6,,,,,,,,,,,,,,,,,,,,COMPLETE
165,165,0.9607449552758824,2025-01-01 21:53:23.770976,2025-01-01 21:53:28.326606,0 days 00:00:04.555630,2,130,85.0,,,,,,,,,,,,,,,,,,,6,4.0,,,,,,,,,,,,,,,,,,,COMPLETE
166,166,0.9392201453214266,2025-01-01 21:53:28.327005,2025-01-01 21:53:38.785279,0 days 00:00:10.458274,3,130,115.0,,,,,,,,,,,70.0,,,,,,,,6,4.0,,,,,,,,,,,6.0,,,,,,,,COMPLETE
167,167,0.9458556360993073,2025-01-01 21:53:38.785725,2025-01-01 21:53:45.112424,0 days 00:00:06.326699,1,125,,,,,,,,,,,,,,,,,,,,6,,,,,,,,,,,,,,,,,,,,COMPLETE
168,168,0.9565932350777052,2025-01-01 21:53:45.112819,2025-01-01 21:53:49.981470,0 days 00:00:04.868651,2,135,100.0,,,,,,,,,,,,,,,,,,,6,4.0,,,,,,,,,,,,,,,,,,,COMPLETE
169,169,0.9448084910013844,2025-01-01 21:53:49.981881,2025-01-01 21:53:54.824199,0 days 00:00:04.842318,3,120,90.0,,,,,,,,,,,60.0,,,,,,,,6,4.0,,,,,,,,,,,2.0,,,,,,,,COMPLETE
170,170,0.0,2025-01-01 21:53:54.824629,2025-01-01 21:54:05.464860,0 days 00:00:10.640231,20,150,90.0,70.0,80.0,70.0,105.0,140.0,55.0,5.0,110.0,160.0,185.0,95.0,175.0,20.0,165.0,120.0,180.0,170.0,70.0,6,4.0,6.0,5.0,2.0,2.0,3.0,4.0,2.0,2.0,4.0,2.0,5.0,3.0,3.0,5.0,2.0,4.0,5.0,4.0,COMPLETE
171,171,0.9607449552758824,2025-01-01 21:54:05.465707,2025-01-01 21:54:09.968083,0 days 00:00:04.502376,2,140,85.0,,,,,,,,,,,,,,,,,,,6,4.0,,,,,,,,,,,,,,,,,,,COMPLETE
172,172,0.9549998749996528,2025-01-01 21:54:09.968495,2025-01-01 21:54:14.639605,0 days 00:00:04.671110,2,140,95.0,,,,,,,,,,,,,,,,,,,6,4.0,,,,,,,,,,,,,,,,,,,COMPLETE
173,173,0.9499031453377371,2025-01-01 21:54:14.640107,2025-01-01 21:54:19.328335,0 days 00:00:04.688228,2,130,85.0,,,,,,,,,,,,,,,,,,,6,4.0,,,,,,,,,,,,,,,,,,,COMPLETE
174,174,0.9402688486265343,2025-01-01 21:54:19.328746,2025-01-01 21:54:25.824083,0 days 00:00:06.495337,1,145,,,,,,,,,,,,,,,,,,,,6,,,,,,,,,,,,,,,,,,,,COMPLETE
175,175,0.9532554257095158,2025-01-01 21:54:25.824523,2025-01-01 21:54:30.256173,0 days 00:00:04.431650,2,130,75.0,,,,,,,,,,,,,,,,,,,6,4.0,,,,,,,,,,,,,,,,,,,COMPLETE
176,176,0.9574652198107958,2025-01-01 21:54:30.256591,2025-01-01 21:54:34.944127,0 days 00:00:04.687536,2,135,80.0,,,,,,,,,,,,,,,,,,,6,4.0,,,,,,,,,,,,,,,,,,,COMPLETE
177,177,0.9473601999375196,2025-01-01 21:54:34.944531,2025-01-01 21:54:41.281132,0 days 00:00:06.336601,1,125,,,,,,,,,,,,,,,,,,,,6,,,,,,,,,,,,,,,,,,,,COMPLETE
178,178,0.9558587791552264,2025-01-01 21:54:41.281529,2025-01-01 21:54:46.937800,0 days 00:00:05.656271,3,145,125.0,,,,,,,,,,,190.0,,,,,,,,6,4.0,,,,,,,,,,,3.0,,,,,,,,COMPLETE
179,179,0.9533304259178498,2025-01-01 21:54:46.938223,2025-01-01 21:54:52.656298,0 days 00:00:05.718075,2,180,95.0,,,,,,,,,,,,,,,,,,,6,4.0,,,,,,,,,,,,,,,,,,,COMPLETE
180,180,0.9401477832512315,2025-01-01 21:54:52.656713,2025-01-01 21:54:59.105702,0 days 00:00:06.448989,1,140,,,,,,,,,,,,,,,,,,,,6,,,,,,,,,,,,,,,,,,,,COMPLETE
181,181,0.9507949492757253,2025-01-01 21:54:59.106078,2025-01-01 21:55:03.651001,0 days 00:00:04.544923,2,140,85.0,,,,,,,,,,,,,,,,,,,6,4.0,,,,,,,,,,,,,,,,,,,COMPLETE
182,182,0.9525402107598447,2025-01-01 21:55:03.651406,2025-01-01 21:55:08.411760,0 days 00:00:04.760354,2,135,85.0,,,,,,,,,,,,,,,,,,,6,4.0,,,,,,,,,,,,,,,,,,,COMPLETE
183,183,0.0,2025-01-01 21:55:08.412167,2025-01-01 21:55:13.612067,0 days 00:00:05.199900,10,130,90.0,,,,,,,,,,,35.0,45.0,200.0,25.0,150.0,95.0,130.0,125.0,6,4.0,,,,,,,,,,,4.0,4.0,2.0,2.0,5.0,2.0,3.0,6.0,COMPLETE
184,184,0.9549998749996528,2025-01-01 21:55:13.612659,2025-01-01 21:55:18.059839,0 days 00:00:04.447180,2,140,100.0,,,,,,,,,,,,,,,,,,,6,4.0,,,,,,,,,,,,,,,,,,,COMPLETE
185,185,0.94566394907304,2025-01-01 21:55:18.060352,2025-01-01 21:55:28.705896,0 days 00:00:10.645544,3,150,85.0,,,,,,,,,,,125.0,,,,,,,,6,4.0,,,,,,,,,,,6.0,,,,,,,,COMPLETE
186,186,0.0,2025-01-01 21:55:28.706381,2025-01-01 21:55:46.110995,0 days 00:00:17.404614,18,125,105.0,115.0,135.0,175.0,95.0,55.0,90.0,120.0,200.0,,,145.0,140.0,150.0,5.0,175.0,20.0,195.0,5.0,6,4.0,2.0,6.0,4.0,6.0,5.0,5.0,5.0,3.0,,,2.0,6.0,5.0,4.0,3.0,6.0,4.0,5.0,COMPLETE
187,187,0.9540452261306533,2025-01-01 21:55:46.111851,2025-01-01 21:55:50.528819,0 days 00:00:04.416968,2,135,75.0,,,,,,,,,,,,,,,,,,,6,4.0,,,,,,,,,,,,,,,,,,,COMPLETE
188,188,0.9458556360993073,2025-01-01 21:55:50.529232,2025-01-01 21:55:57.000251,0 days 00:00:06.471019,1,155,,,,,,,,,,,,,,,,,,,,6,,,,,,,,,,,,,,,,,,,,COMPLETE
189,189,0.9532421923993477,2025-01-01 21:55:57.000645,2025-01-01 21:56:01.807688,0 days 00:00:04.807043,2,130,140.0,,,,,,,,,,,,,,,,,,,6,4.0,,,,,,,,,,,,,,,,,,,COMPLETE
190,190,0.9565994141534071,2025-01-01 21:56:01.808093,2025-01-01 21:56:08.317818,0 days 00:00:06.509725,3,145,80.0,,,,,,,,,,,135.0,,,,,,,,6,4.0,,,,,,,,,,,3.0,,,,,,,,COMPLETE
191,191,0.9558707709373266,2025-01-01 21:56:08.318242,2025-01-01 21:56:12.034057,0 days 00:00:03.715815,2,140,100.0,,,,,,,,,,,,,,,,,,,5,3.0,,,,,,,,,,,,,,,,,,,COMPLETE
192,192,0.9616009587914768,2025-01-01 21:56:12.034489,2025-01-01 21:56:15.818747,0 days 00:00:03.784258,2,115,95.0,,,,,,,,,,,,,,,,,,,5,3.0,,,,,,,,,,,,,,,,,,,COMPLETE
193,193,0.9658096112641568,2025-01-01 21:56:15.819158,2025-01-01 21:56:20.350552,0 days 00:00:04.531394,2,115,95.0,,,,,,,,,,,,,,,,,,,5,4.0,,,,,,,,,,,,,,,,,,,COMPLETE
194,194,0.9564419164543061,2025-01-01 21:56:20.351065,2025-01-01 21:56:26.348713,0 days 00:00:05.997648,1,110,,,,,,,,,,,,,,,,,,,,5,,,,,,,,,,,,,,,,,,,,COMPLETE
195,195,0.9482465015036358,2025-01-01 21:56:26.349102,2025-01-01 21:56:30.395142,0 days 00:00:04.046040,2,120,90.0,,,,,,,,,,,,,,,,,,,5,4.0,,,,,,,,,,,,,,,,,,,COMPLETE
196,196,0.9525402107598447,2025-01-01 21:56:30.395559,2025-01-01 21:56:39.092360,0 days 00:00:08.696801,3,100,95.0,,,,,,,,,,,200.0,,,,,,,,5,4.0,,,,,,,,,,,4.0,,,,,,,,COMPLETE
197,197,0.9515830546265329,2025-01-01 21:56:39.092843,2025-01-01 21:56:42.615222,0 days 00:00:03.522379,2,115,95.0,,,,,,,,,,,,,,,,,,,5,3.0,,,,,,,,,,,,,,,,,,,COMPLETE
198,198,0.9429784264697332,2025-01-01 21:56:42.615642,2025-01-01 21:56:48.593920,0 days 00:00:05.978278,1,105,,,,,,,,,,,,,,,,,,,,5,,,,,,,,,,,,,,,,,,,,COMPLETE
199,199,0.9566666666666667,2025-01-01 21:56:48.594328,2025-01-01 21:56:56.719134,0 days 00:00:08.124806,3,115,110.0,,,,,,,,,,,45.0,,,,,,,,5,4.0,,,,,,,,,,,5.0,,,,,,,,COMPLETE
200,200,0.949748743718593,2025-01-01 21:56:56.719581,2025-01-01 21:57:01.104821,0 days 00:00:04.385240,2,120,105.0,,,,,,,,,,,,,,,,,,,5,4.0,,,,,,,,,,,,,,,,,,,COMPLETE
201,201,0.9658085411866841,2025-01-01 21:57:01.105225,2025-01-01 21:57:05.646999,0 days 00:00:04.541774,2,125,85.0,,,,,,,,,,,,,,,,,,,6,4.0,,,,,,,,,,,,,,,,,,,COMPLETE
202,202,0.9566666666666667,2025-01-01 21:57:05.647406,2025-01-01 21:57:09.840337,0 days 00:00:04.192931,2,125,90.0,,,,,,,,,,,,,,,,,,,6,4.0,,,,,,,,,,,,,,,,,,,COMPLETE
203,203,0.9473676863892441,2025-01-01 21:57:09.840750,2025-01-01 21:57:14.031409,0 days 00:00:04.190659,2,115,90.0,,,,,,,,,,,,,,,,,,,6,4.0,,,,,,,,,,,,,,,,,,,COMPLETE
204,204,0.9457899042287381,2025-01-01 21:57:14.031829,2025-01-01 21:57:19.600336,0 days 00:00:05.568507,3,120,115.0,,,,,,,,,,,115.0,,,,,,,,6,4.0,,,,,,,,,,,3.0,,,,,,,,COMPLETE
205,205,0.9521108903718043,2025-01-01 21:57:19.600775,2025-01-01 21:57:26.082646,0 days 00:00:06.481871,1,130,,,,,,,,,,,,,,,,,,,,6,,,,,,,,,,,,,,,,,,,,COMPLETE
206,206,0.9591318864774624,2025-01-01 21:57:26.083150,2025-01-01 21:57:30.367762,0 days 00:00:04.284612,2,110,85.0,,,,,,,,,,,,,,,,,,,6,4.0,,,,,,,,,,,,,,,,,,,COMPLETE
207,207,0.0,2025-01-01 21:57:30.368174,2025-01-01 21:57:36.894178,0 days 00:00:06.526004,7,130,95.0,,,,,,,,,,,25.0,190.0,175.0,155.0,30.0,,,,6,4.0,,,,,,,,,,,5.0,2.0,6.0,3.0,5.0,,,,COMPLETE
208,208,0.9382024351083758,2025-01-01 21:57:36.894719,2025-01-01 21:57:48.066910,0 days 00:00:11.172191,3,125,80.0,,,,,,,,,,,75.0,,,,,,,,5,3.0,,,,,,,,,,,6.0,,,,,,,,COMPLETE
209,209,0.9558728098637248,2025-01-01 21:57:48.067397,2025-01-01 21:57:53.302073,0 days 00:00:05.234676,2,135,100.0,,,,,,,,,,,,,,,,,,,6,4.0,,,,,,,,,,,,,,,,,,,COMPLETE
210,210,0.9485897435897437,2025-01-01 21:57:53.302506,2025-01-01 21:57:59.685368,0 days 00:00:06.382862,1,125,,,,,,,,,,,,,,,,,,,,6,,,,,,,,,,,,,,,,,,,,COMPLETE
211,211,0.9541260663665352,2025-01-01 21:57:59.685767,2025-01-01 21:58:04.865696,0 days 00:00:05.179929,2,135,85.0,,,,,,,,,,,,,,,,,,,6,4.0,,,,,,,,,,,,,,,,,,,COMPLETE
212,212,0.9532521684839566,2025-01-01 21:58:04.866105,2025-01-01 21:58:09.677846,0 days 00:00:04.811741,2,130,90.0,,,,,,,,,,,,,,,,,,,6,4.0,,,,,,,,,,,,,,,,,,,COMPLETE
213,213,0.9599995555506172,2025-01-01 21:58:09.678262,2025-01-01 21:58:14.203987,0 days 00:00:04.525725,2,145,155.0,,,,,,,,,,,,,,,,,,,6,4.0,,,,,,,,,,,,,,,,,,,COMPLETE
214,214,0.9616657083093744,2025-01-01 21:58:14.204390,2025-01-01 21:58:19.886787,0 days 00:00:05.682397,2,145,155.0,,,,,,,,,,,,,,,,,,,6,4.0,,,,,,,,,,,,,,,,,,,COMPLETE
215,215,0.9447795877447658,2025-01-01 21:58:19.887199,2025-01-01 21:58:26.365599,0 days 00:00:06.478400,1,150,,,,,,,,,,,,,,,,,,,,6,,,,,,,,,,,,,,,,,,,,COMPLETE
216,216,0.9575267624382939,2025-01-01 21:58:26.365991,2025-01-01 21:58:31.026689,0 days 00:00:04.660698,2,145,145.0,,,,,,,,,,,,,,,,,,,6,4.0,,,,,,,,,,,,,,,,,,,COMPLETE
217,217,0.9624101713653952,2025-01-01 21:58:31.027149,2025-01-01 21:58:36.092433,0 days 00:00:05.065284,2,145,155.0,,,,,,,,,,,,,,,,,,,6,4.0,,,,,,,,,,,,,,,,,,,COMPLETE
218,218,0.9532554257095158,2025-01-01 21:58:36.092862,2025-01-01 21:58:41.808914,0 days 00:00:05.716052,3,155,155.0,,,,,,,,,,,55.0,,,,,,,,6,4.0,,,,,,,,,,,2.0,,,,,,,,COMPLETE
219,219,0.9590775845221811,2025-01-01 21:58:41.809375,2025-01-01 21:58:46.314871,0 days 00:00:04.505496,2,145,165.0,,,,,,,,,,,,,,,,,,,6,4.0,,,,,,,,,,,,,,,,,,,COMPLETE
220,220,0.9524560788438317,2025-01-01 21:58:46.315284,2025-01-01 21:58:51.741978,0 days 00:00:05.426694,2,150,120.0,,,,,,,,,,,,,,,,,,,6,4.0,,,,,,,,,,,,,,,,,,,COMPLETE
221,221,0.9649873327703453,2025-01-01 21:58:51.742393,2025-01-01 21:58:56.290101,0 days 00:00:04.547708,2,140,160.0,,,,,,,,,,,,,,,,,,,6,4.0,,,,,,,,,,,,,,,,,,,COMPLETE
222,222,0.950785780270905,2025-01-01 21:58:56.290535,2025-01-01 21:59:01.340127,0 days 00:00:05.049592,2,145,160.0,,,,,,,,,,,,,,,,,,,6,4.0,,,,,,,,,,,,,,,,,,,COMPLETE
223,223,0.9531767337807606,2025-01-01 21:59:01.340550,2025-01-01 21:59:06.125325,0 days 00:00:04.784775,2,140,150.0,,,,,,,,,,,,,,,,,,,6,4.0,,,,,,,,,,,,,,,,,,,COMPLETE
224,224,0.9499163879598662,2025-01-01 21:59:06.125745,2025-01-01 21:59:14.377797,0 days 00:00:08.252052,3,135,150.0,,,,,,,,,,,170.0,,,,,,,,6,4.0,,,,,,,,,,,4.0,,,,,,,,COMPLETE
225,225,0.9448901209968523,2025-01-01 21:59:14.378226,2025-01-01 21:59:20.864099,0 days 00:00:06.485873,1,140,,,,,,,,,,,,,,,,,,,,6,,,,,,,,,,,,,,,,,,,,COMPLETE
226,226,0.9549219620958751,2025-01-01 21:59:20.864500,2025-01-01 21:59:25.737860,0 days 00:00:04.873360,2,145,150.0,,,,,,,,,,,,,,,,,,,6,4.0,,,,,,,,,,,,,,,,,,,COMPLETE
227,227,0.9608047192386888,2025-01-01 21:59:25.738274,2025-01-01 21:59:32.354067,0 days 00:00:06.615793,3,150,165.0,,,,,,,,,,,85.0,,,,,,,,6,4.0,,,,,,,,,,,3.0,,,,,,,,COMPLETE
228,228,0.9538487575099428,2025-01-01 21:59:32.354619,2025-01-01 21:59:38.856434,0 days 00:00:06.501815,1,160,,,,,,,,,,,,,,,,,,,,6,,,,,,,,,,,,,,,,,,,,COMPLETE
229,229,0.9607387140902872,2025-01-01 21:59:38.856847,2025-01-01 21:59:46.667819,0 days 00:00:07.810972,3,150,170.0,,,,,,,,,,,85.0,,,,,,,,6,4.0,,,,,,,,,,,3.0,,,,,,,,COMPLETE
230,230,0.9449986249656241,2025-01-01 21:59:46.668280,2025-01-01 21:59:53.553763,0 days 00:00:06.885483,3,155,170.0,,,,,,,,,,,85.0,,,,,,,,6,4.0,,,,,,,,,,,3.0,,,,,,,,COMPLETE
231,231,0.9599383495402694,2025-01-01 21:59:53.554197,2025-01-01 21:59:58.481958,0 days 00:00:04.927761,2,150,160.0,,,,,,,,,,,,,,,,,,,6,4.0,,,,,,,,,,,,,,,,,,,COMPLETE
232,232,0.9533359814888375,2025-01-01 21:59:58.482366,2025-01-01 22:00:05.241696,0 days 00:00:06.759330,3,150,160.0,,,,,,,,,,,70.0,,,,,,,,6,4.0,,,,,,,,,,,3.0,,,,,,,,COMPLETE
233,233,0.9582065509217828,2025-01-01 22:00:05.242133,2025-01-01 22:00:10.104188,0 days 00:00:04.862055,2,150,160.0,,,,,,,,,,,,,,,,,,,6,4.0,,,,,,,,,,,,,,,,,,,COMPLETE
