,number,value,datetime_start,datetime_complete,duration,params_depth,params_neurons_layer_0,params_neurons_layer_1,params_neurons_layer_10,params_neurons_layer_11,params_neurons_layer_12,params_neurons_layer_13,params_neurons_layer_14,params_neurons_layer_15,params_neurons_layer_16,params_neurons_layer_17,params_neurons_layer_18,params_neurons_layer_19,params_neurons_layer_2,params_neurons_layer_3,params_neurons_layer_4,params_neurons_layer_5,params_neurons_layer_6,params_neurons_layer_7,params_neurons_layer_8,params_neurons_layer_9,params_orders_layer_0,params_orders_layer_1,params_orders_layer_10,params_orders_layer_11,params_orders_layer_12,params_orders_layer_13,params_orders_layer_14,params_orders_layer_15,params_orders_layer_16,params_orders_layer_17,params_orders_layer_18,params_orders_layer_19,params_orders_layer_2,params_orders_layer_3,params_orders_layer_4,params_orders_layer_5,params_orders_layer_6,params_orders_layer_7,params_orders_layer_8,params_orders_layer_9,state
967,967,0.7876152832674572,2025-01-01 08:18:38.444280,2025-01-01 08:18:48.256920,0 days 00:00:09.812640,4,150,85.0,,,,,,,,,,,5.0,175.0,,,,,,,2,5.0,,,,,,,,,,,4.0,4.0,,,,,,,COMPLETE
968,968,0.8130618720253834,2025-01-01 08:18:48.257581,2025-01-01 08:18:54.093102,0 days 00:00:05.835521,3,160,80.0,,,,,,,,,,,10.0,,,,,,,,2,2.0,,,,,,,,,,,4.0,,,,,,,,COMPLETE
969,969,0.7804555084745763,2025-01-01 08:18:54.093721,2025-01-01 08:18:59.867150,0 days 00:00:05.773429,3,145,65.0,,,,,,,,,,,30.0,,,,,,,,2,2.0,,,,,,,,,,,4.0,,,,,,,,COMPLETE
970,970,0.8225344782721832,2025-01-01 08:18:59.867769,2025-01-01 08:19:05.723646,0 days 00:00:05.855877,3,155,70.0,,,,,,,,,,,20.0,,,,,,,,2,2.0,,,,,,,,,,,4.0,,,,,,,,COMPLETE
971,971,0.8032786885245902,2025-01-01 08:19:05.724256,2025-01-01 08:19:11.031603,0 days 00:00:05.307347,3,150,80.0,,,,,,,,,,,10.0,,,,,,,,2,2.0,,,,,,,,,,,4.0,,,,,,,,COMPLETE
972,972,0.8225344782721832,2025-01-01 08:19:11.032226,2025-01-01 08:19:17.246362,0 days 00:00:06.214136,3,160,60.0,,,,,,,,,,,25.0,,,,,,,,2,3.0,,,,,,,,,,,5.0,,,,,,,,COMPLETE
973,973,0.0,2025-01-01 08:19:17.246993,2025-01-01 08:19:20.207443,0 days 00:00:02.960450,5,140,75.0,,,,,,,,,,,25.0,120.0,105.0,,,,,,2,2.0,,,,,,,,,,,4.0,3.0,5.0,,,,,,COMPLETE
974,974,0.7902680197762164,2025-01-01 08:19:20.208095,2025-01-01 08:19:27.390469,0 days 00:00:07.182374,4,145,85.0,,,,,,,,,,,20.0,105.0,,,,,,,2,2.0,,,,,,,,,,,5.0,2.0,,,,,,,COMPLETE
975,975,0.8221642764015646,2025-01-01 08:19:27.391112,2025-01-01 08:19:32.985623,0 days 00:00:05.594511,3,165,145.0,,,,,,,,,,,40.0,,,,,,,,2,2.0,,,,,,,,,,,4.0,,,,,,,,COMPLETE
976,976,0.8387096774193549,2025-01-01 08:19:32.986455,2025-01-01 08:19:38.965287,0 days 00:00:05.978832,3,160,200.0,,,,,,,,,,,10.0,,,,,,,,2,2.0,,,,,,,,,,,4.0,,,,,,,,COMPLETE
977,977,0.0,2025-01-01 08:19:38.965910,2025-01-01 08:19:42.311979,0 days 00:00:03.346069,4,145,65.0,,,,,,,,,,,30.0,160.0,,,,,,,2,2.0,,,,,,,,,,,4.0,6.0,,,,,,,COMPLETE
978,978,0.845603813559322,2025-01-01 08:19:42.312608,2025-01-01 08:19:47.939303,0 days 00:00:05.626695,3,140,70.0,,,,,,,,,,,5.0,,,,,,,,6,2.0,,,,,,,,,,,4.0,,,,,,,,COMPLETE
979,979,0.8221642764015646,2025-01-01 08:19:47.939937,2025-01-01 08:19:55.398044,0 days 00:00:07.458107,3,165,150.0,,,,,,,,,,,15.0,,,,,,,,2,5.0,,,,,,,,,,,6.0,,,,,,,,COMPLETE
980,980,0.8385416666666667,2025-01-01 08:19:55.398700,2025-01-01 08:20:01.569329,0 days 00:00:06.170629,3,155,80.0,,,,,,,,,,,15.0,,,,,,,,2,2.0,,,,,,,,,,,5.0,,,,,,,,COMPLETE
981,981,0.7965517241379311,2025-01-01 08:20:01.569962,2025-01-01 08:20:07.612020,0 days 00:00:06.042058,3,140,85.0,,,,,,,,,,,30.0,,,,,,,,2,2.0,,,,,,,,,,,5.0,,,,,,,,COMPLETE
982,982,0.0,2025-01-01 08:20:07.612636,2025-01-01 08:20:10.110509,0 days 00:00:02.497873,4,150,75.0,,,,,,,,,,,45.0,65.0,,,,,,,2,2.0,,,,,,,,,,,4.0,3.0,,,,,,,COMPLETE
983,983,0.7902680197762164,2025-01-01 08:20:10.111130,2025-01-01 08:20:15.208643,0 days 00:00:05.097513,3,135,70.0,,,,,,,,,,,35.0,,,,,,,,2,2.0,,,,,,,,,,,4.0,,,,,,,,COMPLETE
984,984,0.8452380952380952,2025-01-01 08:20:15.209262,2025-01-01 08:20:19.205947,0 days 00:00:03.996685,2,140,75.0,,,,,,,,,,,,,,,,,,,2,3.0,,,,,,,,,,,,,,,,,,,COMPLETE
985,985,0.8387096774193549,2025-01-01 08:20:19.206516,2025-01-01 08:20:24.643074,0 days 00:00:05.436558,3,145,60.0,,,,,,,,,,,15.0,,,,,,,,2,2.0,,,,,,,,,,,4.0,,,,,,,,COMPLETE
986,986,0.8387096774193549,2025-01-01 08:20:24.643691,2025-01-01 08:20:28.328041,0 days 00:00:03.684350,2,135,135.0,,,,,,,,,,,,,,,,,,,2,2.0,,,,,,,,,,,,,,,,,,,COMPLETE
987,987,0.8225344782721832,2025-01-01 08:20:28.328637,2025-01-01 08:20:31.995639,0 days 00:00:03.667002,2,155,80.0,,,,,,,,,,,,,,,,,,,2,2.0,,,,,,,,,,,,,,,,,,,COMPLETE
988,988,0.7889499869075673,2025-01-01 08:20:31.996237,2025-01-01 08:20:37.877765,0 days 00:00:05.881528,3,160,140.0,,,,,,,,,,,10.0,,,,,,,,2,2.0,,,,,,,,,,,5.0,,,,,,,,COMPLETE
989,989,0.8221642764015646,2025-01-01 08:20:37.878374,2025-01-01 08:20:41.531349,0 days 00:00:03.652975,2,145,85.0,,,,,,,,,,,,,,,,,,,2,2.0,,,,,,,,,,,,,,,,,,,COMPLETE
990,990,0.8544980443285528,2025-01-01 08:20:41.532154,2025-01-01 08:20:46.753803,0 days 00:00:05.221649,3,150,65.0,,,,,,,,,,,50.0,,,,,,,,2,2.0,,,,,,,,,,,4.0,,,,,,,,COMPLETE
991,991,0.7801587301587302,2025-01-01 08:20:46.754418,2025-01-01 08:20:56.486597,0 days 00:00:09.732179,4,140,70.0,,,,,,,,,,,55.0,25.0,,,,,,,2,5.0,,,,,,,,,,,6.0,5.0,,,,,,,COMPLETE
992,992,0.8870673952641166,2025-01-01 08:20:56.487290,2025-01-01 08:21:00.126958,0 days 00:00:03.639668,2,145,75.0,,,,,,,,,,,,,,,,,,,2,2.0,,,,,,,,,,,,,,,,,,,COMPLETE
993,993,0.8225344782721832,2025-01-01 08:21:00.127550,2025-01-01 08:21:03.794917,0 days 00:00:03.667367,2,165,135.0,,,,,,,,,,,,,,,,,,,2,2.0,,,,,,,,,,,,,,,,,,,COMPLETE
994,994,0.8709677419354839,2025-01-01 08:21:03.795507,2025-01-01 08:21:09.426875,0 days 00:00:05.631368,3,60,70.0,,,,,,,,,,,20.0,,,,,,,,2,2.0,,,,,,,,,,,4.0,,,,,,,,COMPLETE
995,995,0.8119363395225465,2025-01-01 08:21:09.427495,2025-01-01 08:21:14.895621,0 days 00:00:05.468126,3,135,80.0,,,,,,,,,,,25.0,,,,,,,,3,2.0,,,,,,,,,,,4.0,,,,,,,,COMPLETE
996,996,0.7898305084745763,2025-01-01 08:21:14.896241,2025-01-01 08:21:23.428512,0 days 00:00:08.532271,4,135,135.0,,,,,,,,,,,40.0,135.0,,,,,,,2,2.0,,,,,,,,,,,5.0,4.0,,,,,,,COMPLETE
997,997,0.8225344782721832,2025-01-01 08:21:23.429162,2025-01-01 08:21:27.088860,0 days 00:00:03.659698,2,55,80.0,,,,,,,,,,,,,,,,,,,2,2.0,,,,,,,,,,,,,,,,,,,COMPLETE
998,998,0.8385416666666667,2025-01-01 08:21:27.089445,2025-01-01 08:21:30.730859,0 days 00:00:03.641414,2,140,85.0,,,,,,,,,,,,,,,,,,,2,2.0,,,,,,,,,,,,,,,,,,,COMPLETE
999,999,0.8107675906183369,2025-01-01 08:21:30.731438,2025-01-01 08:21:37.596344,0 days 00:00:06.864906,4,150,75.0,,,,,,,,,,,5.0,80.0,,,,,,,2,2.0,,,,,,,,,,,4.0,2.0,,,,,,,COMPLETE
