,number,value,datetime_start,datetime_complete,duration,params_depth,params_neurons_layer_0,params_neurons_layer_1,params_neurons_layer_10,params_neurons_layer_11,params_neurons_layer_12,params_neurons_layer_13,params_neurons_layer_14,params_neurons_layer_15,params_neurons_layer_16,params_neurons_layer_17,params_neurons_layer_18,params_neurons_layer_19,params_neurons_layer_2,params_neurons_layer_3,params_neurons_layer_4,params_neurons_layer_5,params_neurons_layer_6,params_neurons_layer_7,params_neurons_layer_8,params_neurons_layer_9,params_orders_layer_0,params_orders_layer_1,params_orders_layer_10,params_orders_layer_11,params_orders_layer_12,params_orders_layer_13,params_orders_layer_14,params_orders_layer_15,params_orders_layer_16,params_orders_layer_17,params_orders_layer_18,params_orders_layer_19,params_orders_layer_2,params_orders_layer_3,params_orders_layer_4,params_orders_layer_5,params_orders_layer_6,params_orders_layer_7,params_orders_layer_8,params_orders_layer_9,state
365,365,0.5890473999079613,2025-01-01 11:40:05.935137,2025-01-01 11:40:09.411186,0 days 00:00:03.476049,2,75,20.0,,,,,,,,,,,,,,,,,,,6,3.0,,,,,,,,,,,,,,,,,,,COMPLETE
366,366,0.5771649733913884,2025-01-01 11:40:09.411621,2025-01-01 11:40:12.544277,0 days 00:00:03.132656,2,70,30.0,,,,,,,,,,,,,,,,,,,6,3.0,,,,,,,,,,,,,,,,,,,COMPLETE
367,367,0.5643939393939394,2025-01-01 11:40:12.544713,2025-01-01 11:40:16.572435,0 days 00:00:04.027722,3,60,15.0,,,,,,,,,,,175.0,,,,,,,,6,3.0,,,,,,,,,,,2.0,,,,,,,,COMPLETE
368,368,0.0,2025-01-01 11:40:16.572874,2025-01-01 11:40:19.314035,0 days 00:00:02.741161,4,75,25.0,,,,,,,,,,,160.0,110.0,,,,,,,6,3.0,,,,,,,,,,,3.0,6.0,,,,,,,COMPLETE
369,369,0.55,2025-01-01 11:40:19.314518,2025-01-01 11:40:23.317489,0 days 00:00:04.002971,2,65,10.0,,,,,,,,,,,,,,,,,,,6,3.0,,,,,,,,,,,,,,,,,,,COMPLETE
370,370,0.5398601398601399,2025-01-01 11:40:23.317940,2025-01-01 11:40:26.793588,0 days 00:00:03.475648,2,10,95.0,,,,,,,,,,,,,,,,,,,6,3.0,,,,,,,,,,,,,,,,,,,COMPLETE
371,371,0.5357142857142857,2025-01-01 11:40:26.794023,2025-01-01 11:40:33.025436,0 days 00:00:06.231413,3,195,5.0,,,,,,,,,,,180.0,,,,,,,,6,3.0,,,,,,,,,,,2.0,,,,,,,,COMPLETE
372,372,0.5422276621787026,2025-01-01 11:40:33.025910,2025-01-01 11:40:37.501276,0 days 00:00:04.475366,1,35,,,,,,,,,,,,,,,,,,,,6,,,,,,,,,,,,,,,,,,,,COMPLETE
373,373,0.6223255813953488,2025-01-01 11:40:37.501856,2025-01-01 11:40:41.191083,0 days 00:00:03.689227,2,25,20.0,,,,,,,,,,,,,,,,,,,6,3.0,,,,,,,,,,,,,,,,,,,COMPLETE
374,374,0.0,2025-01-01 11:40:41.191519,2025-01-01 11:40:44.962555,0 days 00:00:03.771036,9,105,15.0,,,,,,,,,,,135.0,200.0,10.0,35.0,90.0,85.0,5.0,,6,3.0,,,,,,,,,,,3.0,4.0,4.0,4.0,3.0,4.0,3.0,,COMPLETE
375,375,0.4297385620915033,2025-01-01 11:40:44.963160,2025-01-01 11:40:48.824070,0 days 00:00:03.860910,1,65,,,,,,,,,,,,,,,,,,,,6,,,,,,,,,,,,,,,,,,,,COMPLETE
376,376,0.5867612293144208,2025-01-01 11:40:48.824501,2025-01-01 11:40:53.349591,0 days 00:00:04.525090,3,45,25.0,,,,,,,,,,,170.0,,,,,,,,6,3.0,,,,,,,,,,,4.0,,,,,,,,COMPLETE
377,377,0.0,2025-01-01 11:40:53.350063,2025-01-01 11:40:59.648527,0 days 00:00:06.298464,13,195,40.0,150.0,180.0,165.0,,,,,,,,150.0,20.0,200.0,20.0,110.0,15.0,115.0,130.0,6,3.0,5.0,2.0,2.0,,,,,,,,2.0,3.0,5.0,2.0,5.0,3.0,3.0,4.0,COMPLETE
378,378,0.6126373626373627,2025-01-01 11:40:59.649154,2025-01-01 11:41:03.695639,0 days 00:00:04.046485,2,5,45.0,,,,,,,,,,,,,,,,,,,6,3.0,,,,,,,,,,,,,,,,,,,COMPLETE
379,379,0.5384615384615384,2025-01-01 11:41:03.696078,2025-01-01 11:41:08.201383,0 days 00:00:04.505305,1,75,,,,,,,,,,,,,,,,,,,,6,,,,,,,,,,,,,,,,,,,,COMPLETE
380,380,0.5523809523809524,2025-01-01 11:41:08.201815,2025-01-01 11:41:12.214563,0 days 00:00:04.012748,2,95,15.0,,,,,,,,,,,,,,,,,,,6,3.0,,,,,,,,,,,,,,,,,,,COMPLETE
381,381,0.6730769230769231,2025-01-01 11:41:12.215003,2025-01-01 11:41:15.386331,0 days 00:00:03.171328,2,80,120.0,,,,,,,,,,,,,,,,,,,6,3.0,,,,,,,,,,,,,,,,,,,COMPLETE
382,382,0.0,2025-01-01 11:41:15.386780,2025-01-01 11:41:17.972238,0 days 00:00:02.585458,4,80,120.0,,,,,,,,,,,100.0,85.0,,,,,,,6,3.0,,,,,,,,,,,3.0,5.0,,,,,,,COMPLETE
383,383,0.0,2025-01-01 11:41:17.972727,2025-01-01 11:41:19.816858,0 days 00:00:01.844131,3,70,125.0,,,,,,,,,,,140.0,,,,,,,,6,3.0,,,,,,,,,,,2.0,,,,,,,,COMPLETE
384,384,0.5558139534883721,2025-01-01 11:41:19.817294,2025-01-01 11:41:23.290473,0 days 00:00:03.473179,2,75,110.0,,,,,,,,,,,,,,,,,,,6,3.0,,,,,,,,,,,,,,,,,,,COMPLETE
385,385,0.6959810874704492,2025-01-01 11:41:23.290926,2025-01-01 11:41:27.869850,0 days 00:00:04.578924,3,20,135.0,,,,,,,,,,,195.0,,,,,,,,5,3.0,,,,,,,,,,,4.0,,,,,,,,COMPLETE
386,386,0.6882516188714154,2025-01-01 11:41:27.870317,2025-01-01 11:41:33.415939,0 days 00:00:05.545622,3,25,20.0,,,,,,,,,,,200.0,,,,,,,,5,3.0,,,,,,,,,,,5.0,,,,,,,,COMPLETE
387,387,0.6015769944341374,2025-01-01 11:41:33.416438,2025-01-01 11:41:38.156393,0 days 00:00:04.739955,3,25,140.0,,,,,,,,,,,195.0,,,,,,,,5,3.0,,,,,,,,,,,5.0,,,,,,,,COMPLETE
388,388,0.6126373626373627,2025-01-01 11:41:38.156867,2025-01-01 11:41:43.383592,0 days 00:00:05.226725,3,20,135.0,,,,,,,,,,,200.0,,,,,,,,5,3.0,,,,,,,,,,,5.0,,,,,,,,COMPLETE
389,389,0.0,2025-01-01 11:41:43.384070,2025-01-01 11:41:45.686416,0 days 00:00:02.302346,4,15,130.0,,,,,,,,,,,195.0,135.0,,,,,,,3,3.0,,,,,,,,,,,5.0,2.0,,,,,,,COMPLETE
390,390,0.6356589147286822,2025-01-01 11:41:45.686907,2025-01-01 11:41:50.847249,0 days 00:00:05.160342,3,15,115.0,,,,,,,,,,,190.0,,,,,,,,4,3.0,,,,,,,,,,,5.0,,,,,,,,COMPLETE
391,391,0.0,2025-01-01 11:41:50.847862,2025-01-01 11:41:54.314375,0 days 00:00:03.466513,5,20,20.0,,,,,,,,,,,185.0,60.0,60.0,,,,,,5,3.0,,,,,,,,,,,4.0,4.0,6.0,,,,,,COMPLETE
392,392,0.6382978723404256,2025-01-01 11:41:54.314901,2025-01-01 11:41:59.737193,0 days 00:00:05.422292,3,190,145.0,,,,,,,,,,,180.0,,,,,,,,5,3.0,,,,,,,,,,,5.0,,,,,,,,COMPLETE
393,393,0.0,2025-01-01 11:41:59.737674,2025-01-01 11:42:02.995691,0 days 00:00:03.258017,4,20,25.0,,,,,,,,,,,200.0,125.0,,,,,,,5,3.0,,,,,,,,,,,6.0,6.0,,,,,,,COMPLETE
394,394,0.0,2025-01-01 11:42:02.996174,2025-01-01 11:42:05.305560,0 days 00:00:02.309386,3,80,140.0,,,,,,,,,,,195.0,,,,,,,,5,3.0,,,,,,,,,,,4.0,,,,,,,,COMPLETE
395,395,0.5523809523809524,2025-01-01 11:42:05.306017,2025-01-01 11:42:10.961429,0 days 00:00:05.655412,3,30,130.0,,,,,,,,,,,190.0,,,,,,,,4,3.0,,,,,,,,,,,4.0,,,,,,,,COMPLETE
396,396,0.6022201665124884,2025-01-01 11:42:10.961924,2025-01-01 11:42:16.371551,0 days 00:00:05.409627,3,190,30.0,,,,,,,,,,,175.0,,,,,,,,5,3.0,,,,,,,,,,,5.0,,,,,,,,COMPLETE
397,397,0.6083333333333334,2025-01-01 11:42:16.372013,2025-01-01 11:42:22.217816,0 days 00:00:05.845803,3,75,100.0,,,,,,,,,,,170.0,,,,,,,,6,3.0,,,,,,,,,,,4.0,,,,,,,,COMPLETE
398,398,0.5695970695970696,2025-01-01 11:42:22.218286,2025-01-01 11:42:26.642531,0 days 00:00:04.424245,2,200,20.0,,,,,,,,,,,,,,,,,,,4,3.0,,,,,,,,,,,,,,,,,,,COMPLETE
399,399,0.6581818181818182,2025-01-01 11:42:26.642975,2025-01-01 11:42:31.719046,0 days 00:00:05.076071,3,70,145.0,,,,,,,,,,,185.0,,,,,,,,6,3.0,,,,,,,,,,,5.0,,,,,,,,COMPLETE
400,400,0.0,2025-01-01 11:42:31.719544,2025-01-01 11:42:34.516291,0 days 00:00:02.796747,4,80,15.0,,,,,,,,,,,155.0,170.0,,,,,,,4,6.0,,,,,,,,,,,4.0,3.0,,,,,,,COMPLETE
401,401,0.6556776556776557,2025-01-01 11:42:34.516780,2025-01-01 11:42:38.694594,0 days 00:00:04.177814,2,195,155.0,,,,,,,,,,,,,,,,,,,5,3.0,,,,,,,,,,,,,,,,,,,COMPLETE
402,402,0.6452358926919519,2025-01-01 11:42:38.695036,2025-01-01 11:42:45.597165,0 days 00:00:06.902129,4,25,120.0,,,,,,,,,,,190.0,10.0,,,,,,,6,3.0,,,,,,,,,,,3.0,5.0,,,,,,,COMPLETE
403,403,0.6288561936402468,2025-01-01 11:42:45.597669,2025-01-01 11:42:49.490518,0 days 00:00:03.892849,2,15,125.0,,,,,,,,,,,,,,,,,,,6,3.0,,,,,,,,,,,,,,,,,,,COMPLETE
404,404,0.6380813953488372,2025-01-01 11:42:49.490994,2025-01-01 11:42:56.511261,0 days 00:00:07.020267,3,10,25.0,,,,,,,,,,,200.0,,,,,,,,6,3.0,,,,,,,,,,,6.0,,,,,,,,COMPLETE
405,405,0.637641723356009,2025-01-01 11:42:56.511749,2025-01-01 11:42:59.653590,0 days 00:00:03.141841,2,80,110.0,,,,,,,,,,,,,,,,,,,6,3.0,,,,,,,,,,,,,,,,,,,COMPLETE
406,406,0.6581818181818182,2025-01-01 11:42:59.654041,2025-01-01 11:43:03.853992,0 days 00:00:04.199951,3,70,85.0,,,,,,,,,,,175.0,,,,,,,,6,3.0,,,,,,,,,,,5.0,,,,,,,,COMPLETE
407,407,0.5619047619047619,2025-01-01 11:43:03.854618,2025-01-01 11:43:07.712240,0 days 00:00:03.857622,2,185,10.0,,,,,,,,,,,,,,,,,,,6,3.0,,,,,,,,,,,,,,,,,,,COMPLETE
408,408,0.6323055683387022,2025-01-01 11:43:07.712695,2025-01-01 11:43:11.938611,0 days 00:00:04.225916,2,60,35.0,,,,,,,,,,,,,,,,,,,6,3.0,,,,,,,,,,,,,,,,,,,COMPLETE
409,409,0.0,2025-01-01 11:43:11.939052,2025-01-01 11:43:14.983444,0 days 00:00:03.044392,3,200,150.0,,,,,,,,,,,180.0,,,,,,,,6,3.0,,,,,,,,,,,3.0,,,,,,,,COMPLETE
410,410,0.6515151515151515,2025-01-01 11:43:14.983918,2025-01-01 11:43:18.374598,0 days 00:00:03.390680,2,180,20.0,,,,,,,,,,,,,,,,,,,6,3.0,,,,,,,,,,,,,,,,,,,COMPLETE
411,411,0.5374653098982424,2025-01-01 11:43:18.375042,2025-01-01 11:43:21.319330,0 days 00:00:02.944288,2,75,10.0,,,,,,,,,,,,,,,,,,,6,3.0,,,,,,,,,,,,,,,,,,,COMPLETE
412,412,0.0,2025-01-01 11:43:21.319774,2025-01-01 11:43:23.514768,0 days 00:00:02.194994,3,195,190.0,,,,,,,,,,,160.0,,,,,,,,6,3.0,,,,,,,,,,,4.0,,,,,,,,COMPLETE
413,413,0.6556776556776557,2025-01-01 11:43:23.515225,2025-01-01 11:43:27.322798,0 days 00:00:03.807573,2,65,185.0,,,,,,,,,,,,,,,,,,,6,3.0,,,,,,,,,,,,,,,,,,,COMPLETE
414,414,0.0,2025-01-01 11:43:27.323248,2025-01-01 11:43:29.570804,0 days 00:00:02.247556,4,25,135.0,,,,,,,,,,,165.0,25.0,,,,,,,6,3.0,,,,,,,,,,,4.0,2.0,,,,,,,COMPLETE
415,415,0.5790697674418605,2025-01-01 11:43:29.571298,2025-01-01 11:43:33.528026,0 days 00:00:03.956728,2,10,15.0,,,,,,,,,,,,,,,,,,,6,3.0,,,,,,,,,,,,,,,,,,,COMPLETE
416,416,0.6153846153846154,2025-01-01 11:43:33.528476,2025-01-01 11:43:37.001676,0 days 00:00:03.473200,2,75,30.0,,,,,,,,,,,,,,,,,,,6,3.0,,,,,,,,,,,,,,,,,,,COMPLETE
417,417,0.45138888888888884,2025-01-01 11:43:37.002133,2025-01-01 11:43:42.094210,0 days 00:00:05.092077,3,120,30.0,,,,,,,,,,,185.0,,,,,,,,6,3.0,,,,,,,,,,,3.0,,,,,,,,COMPLETE
418,418,0.0,2025-01-01 11:43:42.094688,2025-01-01 11:43:44.081380,0 days 00:00:01.986692,3,50,115.0,,,,,,,,,,,155.0,,,,,,,,6,3.0,,,,,,,,,,,2.0,,,,,,,,COMPLETE
419,419,0.5238095238095237,2025-01-01 11:43:44.081856,2025-01-01 11:43:49.457894,0 days 00:00:05.376038,3,80,5.0,,,,,,,,,,,145.0,,,,,,,,5,3.0,,,,,,,,,,,3.0,,,,,,,,COMPLETE
420,420,0.5805555555555555,2025-01-01 11:43:49.458364,2025-01-01 11:43:53.697840,0 days 00:00:04.239476,2,200,175.0,,,,,,,,,,,,,,,,,,,6,3.0,,,,,,,,,,,,,,,,,,,COMPLETE
421,421,0.7014634146341463,2025-01-01 11:43:53.698273,2025-01-01 11:43:56.920490,0 days 00:00:03.222217,2,85,170.0,,,,,,,,,,,,,,,,,,,6,3.0,,,,,,,,,,,,,,,,,,,COMPLETE
422,422,0.5152777777777777,2025-01-01 11:43:56.920935,2025-01-01 11:44:00.337335,0 days 00:00:03.416400,2,85,170.0,,,,,,,,,,,,,,,,,,,6,3.0,,,,,,,,,,,,,,,,,,,COMPLETE
423,423,0.0,2025-01-01 11:44:00.337829,2025-01-01 11:44:03.598530,0 days 00:00:03.260701,5,85,175.0,,,,,,,,,,,180.0,150.0,190.0,,,,,,6,3.0,,,,,,,,,,,6.0,4.0,2.0,,,,,,COMPLETE
424,424,0.6219387755102042,2025-01-01 11:44:03.599042,2025-01-01 11:44:06.907332,0 days 00:00:03.308290,2,85,180.0,,,,,,,,,,,,,,,,,,,6,3.0,,,,,,,,,,,,,,,,,,,COMPLETE
425,425,0.6219851576994434,2025-01-01 11:44:06.907787,2025-01-01 11:44:11.895827,0 days 00:00:04.988040,3,20,170.0,,,,,,,,,,,195.0,,,,,,,,6,3.0,,,,,,,,,,,4.0,,,,,,,,COMPLETE
426,426,0.0,2025-01-01 11:44:11.896297,2025-01-01 11:44:13.719015,0 days 00:00:01.822718,3,80,165.0,,,,,,,,,,,150.0,,,,,,,,6,3.0,,,,,,,,,,,2.0,,,,,,,,COMPLETE
427,427,0.0,2025-01-01 11:44:13.719466,2025-01-01 11:44:16.472160,0 days 00:00:02.752694,4,5,170.0,,,,,,,,,,,170.0,195.0,,,,,,,6,3.0,,,,,,,,,,,3.0,6.0,,,,,,,COMPLETE
428,428,0.6957759848125297,2025-01-01 11:44:16.472664,2025-01-01 11:44:20.683536,0 days 00:00:04.210872,2,115,105.0,,,,,,,,,,,,,,,,,,,4,3.0,,,,,,,,,,,,,,,,,,,COMPLETE
429,429,0.5890473999079613,2025-01-01 11:44:20.684140,2025-01-01 11:44:24.189816,0 days 00:00:03.505676,2,185,105.0,,,,,,,,,,,,,,,,,,,4,3.0,,,,,,,,,,,,,,,,,,,COMPLETE
430,430,0.0,2025-01-01 11:44:24.190262,2025-01-01 11:44:25.967162,0 days 00:00:01.776900,3,115,155.0,,,,,,,,,,,145.0,,,,,,,,6,3.0,,,,,,,,,,,2.0,,,,,,,,COMPLETE
431,431,0.0,2025-01-01 11:44:25.967623,2025-01-01 11:44:31.634751,0 days 00:00:05.667128,10,190,175.0,,,,,,,,,,,200.0,5.0,115.0,95.0,115.0,35.0,20.0,185.0,4,3.0,,,,,,,,,,,3.0,5.0,5.0,6.0,2.0,5.0,4.0,6.0,COMPLETE
432,432,0.6518518518518519,2025-01-01 11:44:31.635353,2025-01-01 11:44:36.021601,0 days 00:00:04.386248,2,195,185.0,,,,,,,,,,,,,,,,,,,4,3.0,,,,,,,,,,,,,,,,,,,COMPLETE
433,433,0.6594202898550725,2025-01-01 11:44:36.022065,2025-01-01 11:44:39.196815,0 days 00:00:03.174750,2,170,160.0,,,,,,,,,,,,,,,,,,,4,3.0,,,,,,,,,,,,,,,,,,,COMPLETE
434,434,0.5317028985507246,2025-01-01 11:44:39.197271,2025-01-01 11:44:45.069452,0 days 00:00:05.872181,3,90,95.0,,,,,,,,,,,125.0,,,,,,,,4,3.0,,,,,,,,,,,5.0,,,,,,,,COMPLETE
435,435,0.6154545454545455,2025-01-01 11:44:45.069948,2025-01-01 11:44:49.014747,0 days 00:00:03.944799,2,200,180.0,,,,,,,,,,,,,,,,,,,4,3.0,,,,,,,,,,,,,,,,,,,COMPLETE
436,436,0.0,2025-01-01 11:44:49.015202,2025-01-01 11:44:50.674576,0 days 00:00:01.659374,3,125,140.0,,,,,,,,,,,190.0,,,,,,,,4,3.0,,,,,,,,,,,2.0,,,,,,,,COMPLETE
437,437,0.5584415584415584,2025-01-01 11:44:50.675025,2025-01-01 11:44:54.198575,0 days 00:00:03.523550,2,190,165.0,,,,,,,,,,,,,,,,,,,4,3.0,,,,,,,,,,,,,,,,,,,COMPLETE
438,438,0.0,2025-01-01 11:44:54.199024,2025-01-01 11:44:56.423882,0 days 00:00:02.224858,4,135,175.0,,,,,,,,,,,165.0,115.0,,,,,,,4,3.0,,,,,,,,,,,4.0,2.0,,,,,,,COMPLETE
439,439,0.6091800356506238,2025-01-01 11:44:56.424358,2025-01-01 11:44:59.027624,0 days 00:00:02.603266,1,30,,,,,,,,,,,,,,,,,,,,5,,,,,,,,,,,,,,,,,,,,COMPLETE
440,440,0.6153846153846154,2025-01-01 11:44:59.028050,2025-01-01 11:45:02.929908,0 days 00:00:03.901858,2,195,70.0,,,,,,,,,,,,,,,,,,,6,3.0,,,,,,,,,,,,,,,,,,,COMPLETE
441,441,0.0,2025-01-01 11:45:02.930365,2025-01-01 11:45:05.049494,0 days 00:00:02.119129,1,175,,,,,,,,,,,,,,,,,,,,4,,,,,,,,,,,,,,,,,,,,COMPLETE
442,442,0.4925581395348837,2025-01-01 11:45:05.049921,2025-01-01 11:45:08.813615,0 days 00:00:03.763694,3,55,160.0,,,,,,,,,,,170.0,,,,,,,,6,3.0,,,,,,,,,,,3.0,,,,,,,,COMPLETE
443,443,0.6584905660377358,2025-01-01 11:45:08.814088,2025-01-01 11:45:12.534011,0 days 00:00:03.719923,2,185,20.0,,,,,,,,,,,,,,,,,,,6,3.0,,,,,,,,,,,,,,,,,,,COMPLETE
444,444,0.0,2025-01-01 11:45:12.534504,2025-01-01 11:45:20.501216,0 days 00:00:07.966712,16,90,180.0,40.0,80.0,105.0,90.0,155.0,65.0,,,,,130.0,75.0,145.0,200.0,65.0,110.0,140.0,95.0,6,3.0,6.0,4.0,5.0,6.0,5.0,5.0,,,,,2.0,3.0,2.0,5.0,6.0,2.0,6.0,5.0,COMPLETE
445,445,0.5584415584415584,2025-01-01 11:45:20.502049,2025-01-01 11:45:24.353826,0 days 00:00:03.851777,2,100,25.0,,,,,,,,,,,,,,,,,,,6,4.0,,,,,,,,,,,,,,,,,,,COMPLETE
446,446,0.6594202898550725,2025-01-01 11:45:24.354281,2025-01-01 11:45:29.679605,0 days 00:00:05.325324,3,20,150.0,,,,,,,,,,,135.0,,,,,,,,6,3.0,,,,,,,,,,,5.0,,,,,,,,COMPLETE
447,447,0.6378233719892952,2025-01-01 11:45:29.680229,2025-01-01 11:45:33.916049,0 days 00:00:04.235820,1,180,,,,,,,,,,,,,,,,,,,,6,,,,,,,,,,,,,,,,,,,,COMPLETE
448,448,0.0,2025-01-01 11:45:33.916497,2025-01-01 11:45:36.340397,0 days 00:00:02.423900,4,200,195.0,,,,,,,,,,,115.0,145.0,,,,,,,2,3.0,,,,,,,,,,,3.0,5.0,,,,,,,COMPLETE
449,449,0.5960328979196903,2025-01-01 11:45:36.340894,2025-01-01 11:45:41.471467,0 days 00:00:05.130573,2,15,100.0,,,,,,,,,,,,,,,,,,,5,3.0,,,,,,,,,,,,,,,,,,,COMPLETE
450,450,0.0,2025-01-01 11:45:41.471931,2025-01-01 11:45:48.074159,0 days 00:00:06.602228,15,95,90.0,95.0,25.0,200.0,135.0,5.0,,,,,,160.0,120.0,175.0,60.0,20.0,200.0,90.0,200.0,6,3.0,2.0,6.0,3.0,4.0,6.0,,,,,,4.0,6.0,4.0,3.0,3.0,6.0,2.0,2.0,COMPLETE
451,451,0.5119047619047619,2025-01-01 11:45:48.074951,2025-01-01 11:45:52.285910,0 days 00:00:04.210959,1,85,,,,,,,,,,,,,,,,,,,,6,,,,,,,,,,,,,,,,,,,,COMPLETE
452,452,0.0,2025-01-01 11:45:52.286368,2025-01-01 11:45:54.089831,0 days 00:00:01.803463,3,190,170.0,,,,,,,,,,,175.0,,,,,,,,6,3.0,,,,,,,,,,,2.0,,,,,,,,COMPLETE
453,453,0.34545454545454546,2025-01-01 11:45:54.090284,2025-01-01 11:45:57.867170,0 days 00:00:03.776886,1,90,,,,,,,,,,,,,,,,,,,,6,,,,,,,,,,,,,,,,,,,,COMPLETE
454,454,0.6987179487179487,2025-01-01 11:45:57.867617,2025-01-01 11:46:01.876366,0 days 00:00:04.008749,2,200,145.0,,,,,,,,,,,,,,,,,,,6,3.0,,,,,,,,,,,,,,,,,,,COMPLETE
455,455,0.53,2025-01-01 11:46:01.876835,2025-01-01 11:46:05.066398,0 days 00:00:03.189563,2,200,185.0,,,,,,,,,,,,,,,,,,,5,3.0,,,,,,,,,,,,,,,,,,,COMPLETE
456,456,0.6665124884366327,2025-01-01 11:46:05.066860,2025-01-01 11:46:09.530671,0 days 00:00:04.463811,2,195,85.0,,,,,,,,,,,,,,,,,,,6,3.0,,,,,,,,,,,,,,,,,,,COMPLETE
457,457,0.6260162601626016,2025-01-01 11:46:09.531132,2025-01-01 11:46:13.324245,0 days 00:00:03.793113,2,195,20.0,,,,,,,,,,,,,,,,,,,5,3.0,,,,,,,,,,,,,,,,,,,COMPLETE
458,458,0.5875,2025-01-01 11:46:13.324706,2025-01-01 11:46:16.457534,0 days 00:00:03.132828,1,200,,,,,,,,,,,,,,,,,,,,3,,,,,,,,,,,,,,,,,,,,COMPLETE
459,459,0.5499316005471957,2025-01-01 11:46:16.457970,2025-01-01 11:46:21.137477,0 days 00:00:04.679507,2,200,155.0,,,,,,,,,,,,,,,,,,,3,3.0,,,,,,,,,,,,,,,,,,,COMPLETE
460,460,0.5422276621787026,2025-01-01 11:46:21.137978,2025-01-01 11:46:25.327557,0 days 00:00:04.189579,1,190,,,,,,,,,,,,,,,,,,,,6,,,,,,,,,,,,,,,,,,,,COMPLETE
461,461,0.6655813953488372,2025-01-01 11:46:25.327996,2025-01-01 11:46:28.340442,0 days 00:00:03.012446,2,185,130.0,,,,,,,,,,,,,,,,,,,6,3.0,,,,,,,,,,,,,,,,,,,COMPLETE
462,462,0.6785225718194254,2025-01-01 11:46:28.340891,2025-01-01 11:46:32.028804,0 days 00:00:03.687913,2,195,50.0,,,,,,,,,,,,,,,,,,,6,2.0,,,,,,,,,,,,,,,,,,,COMPLETE
463,463,0.6,2025-01-01 11:46:32.029262,2025-01-01 11:46:34.699303,0 days 00:00:02.670041,1,200,,,,,,,,,,,,,,,,,,,,3,,,,,,,,,,,,,,,,,,,,COMPLETE
464,464,0.6154545454545455,2025-01-01 11:46:34.699885,2025-01-01 11:46:39.271607,0 days 00:00:04.571722,2,195,25.0,,,,,,,,,,,,,,,,,,,6,4.0,,,,,,,,,,,,,,,,,,,COMPLETE
465,465,0.6594202898550725,2025-01-01 11:46:39.272066,2025-01-01 11:46:43.342395,0 days 00:00:04.070329,2,190,30.0,,,,,,,,,,,,,,,,,,,6,4.0,,,,,,,,,,,,,,,,,,,COMPLETE
466,466,0.48684210526315785,2025-01-01 11:46:43.342877,2025-01-01 11:46:47.381138,0 days 00:00:04.038261,1,195,,,,,,,,,,,,,,,,,,,,6,,,,,,,,,,,,,,,,,,,,COMPLETE
467,467,0.5727272727272728,2025-01-01 11:46:47.381581,2025-01-01 11:46:50.876769,0 days 00:00:03.495188,2,190,50.0,,,,,,,,,,,,,,,,,,,6,2.0,,,,,,,,,,,,,,,,,,,COMPLETE
468,468,0.6234967622571693,2025-01-01 11:46:50.877212,2025-01-01 11:46:53.574253,0 days 00:00:02.697041,2,200,60.0,,,,,,,,,,,,,,,,,,,6,2.0,,,,,,,,,,,,,,,,,,,COMPLETE
469,469,0.38235294117647056,2025-01-01 11:46:53.574707,2025-01-01 11:46:58.027811,0 days 00:00:04.453104,1,185,,,,,,,,,,,,,,,,,,,,6,,,,,,,,,,,,,,,,,,,,COMPLETE
470,470,0.5523809523809524,2025-01-01 11:46:58.028243,2025-01-01 11:47:00.235721,0 days 00:00:02.207478,2,130,40.0,,,,,,,,,,,,,,,,,,,6,2.0,,,,,,,,,,,,,,,,,,,COMPLETE
471,471,0.6082926829268294,2025-01-01 11:47:00.236167,2025-01-01 11:47:03.280760,0 days 00:00:03.044593,1,195,,,,,,,,,,,,,,,,,,,,6,,,,,,,,,,,,,,,,,,,,COMPLETE
472,472,0.6126373626373627,2025-01-01 11:47:03.281198,2025-01-01 11:47:06.101643,0 days 00:00:02.820445,2,195,25.0,,,,,,,,,,,,,,,,,,,6,2.0,,,,,,,,,,,,,,,,,,,COMPLETE
473,473,0.0,2025-01-01 11:47:06.102093,2025-01-01 11:47:10.571837,0 days 00:00:04.469744,7,170,35.0,,,,,,,,,,,15.0,160.0,130.0,45.0,40.0,,,,2,2.0,,,,,,,,,,,6.0,3.0,5.0,4.0,5.0,,,,COMPLETE
474,474,0.41666666666666663,2025-01-01 11:47:10.572442,2025-01-01 11:47:14.542723,0 days 00:00:03.970281,1,200,,,,,,,,,,,,,,,,,,,,5,,,,,,,,,,,,,,,,,,,,COMPLETE
475,475,0.0,2025-01-01 11:47:14.543160,2025-01-01 11:47:23.160125,0 days 00:00:08.616965,18,195,15.0,25.0,65.0,115.0,175.0,90.0,150.0,70.0,100.0,,,75.0,180.0,95.0,185.0,55.0,55.0,110.0,75.0,6,5.0,4.0,5.0,2.0,3.0,2.0,3.0,5.0,4.0,,,4.0,4.0,3.0,5.0,2.0,5.0,6.0,3.0,COMPLETE
476,476,0.6168478260869565,2025-01-01 11:47:23.160984,2025-01-01 11:47:26.127490,0 days 00:00:02.966506,2,180,35.0,,,,,,,,,,,,,,,,,,,6,2.0,,,,,,,,,,,,,,,,,,,COMPLETE
477,477,0.4783573806881243,2025-01-01 11:47:26.127979,2025-01-01 11:47:33.269836,0 days 00:00:07.141857,2,10,190.0,,,,,,,,,,,,,,,,,,,6,2.0,,,,,,,,,,,,,,,,,,,COMPLETE
478,478,0.6260162601626016,2025-01-01 11:47:33.270300,2025-01-01 11:47:36.977423,0 days 00:00:03.707123,1,190,,,,,,,,,,,,,,,,,,,,6,,,,,,,,,,,,,,,,,,,,COMPLETE
479,479,0.6518518518518519,2025-01-01 11:47:36.977868,2025-01-01 11:47:40.771575,0 days 00:00:03.793707,2,15,30.0,,,,,,,,,,,,,,,,,,,6,4.0,,,,,,,,,,,,,,,,,,,COMPLETE
480,480,0.5726405090137858,2025-01-01 11:47:40.772183,2025-01-01 11:47:44.498305,0 days 00:00:03.726122,2,40,145.0,,,,,,,,,,,,,,,,,,,6,2.0,,,,,,,,,,,,,,,,,,,COMPLETE
481,481,0.4285714285714286,2025-01-01 11:47:44.498789,2025-01-01 11:47:48.606714,0 days 00:00:04.107925,1,200,,,,,,,,,,,,,,,,,,,,6,,,,,,,,,,,,,,,,,,,,COMPLETE
482,482,0.6388367729831144,2025-01-01 11:47:48.607150,2025-01-01 11:47:51.843929,0 days 00:00:03.236779,2,185,20.0,,,,,,,,,,,,,,,,,,,6,3.0,,,,,,,,,,,,,,,,,,,COMPLETE
483,483,0.7213862289101687,2025-01-01 11:47:51.844390,2025-01-01 11:47:57.954241,0 days 00:00:06.109851,3,195,140.0,,,,,,,,,,,105.0,,,,,,,,6,3.0,,,,,,,,,,,5.0,,,,,,,,COMPLETE
484,484,0.5954545454545455,2025-01-01 11:47:57.954758,2025-01-01 11:48:02.413454,0 days 00:00:04.458696,3,195,135.0,,,,,,,,,,,85.0,,,,,,,,6,3.0,,,,,,,,,,,5.0,,,,,,,,COMPLETE
485,485,0.0,2025-01-01 11:48:02.413952,2025-01-01 11:48:05.586775,0 days 00:00:03.172823,3,190,140.0,,,,,,,,,,,105.0,,,,,,,,5,3.0,,,,,,,,,,,5.0,,,,,,,,COMPLETE
486,486,0.6222222222222222,2025-01-01 11:48:05.587259,2025-01-01 11:48:11.585713,0 days 00:00:05.998454,3,195,140.0,,,,,,,,,,,95.0,,,,,,,,6,3.0,,,,,,,,,,,5.0,,,,,,,,COMPLETE
487,487,0.6168478260869565,2025-01-01 11:48:11.586205,2025-01-01 11:48:17.309462,0 days 00:00:05.723257,3,200,150.0,,,,,,,,,,,55.0,,,,,,,,6,3.0,,,,,,,,,,,5.0,,,,,,,,COMPLETE
