,number,value,datetime_start,datetime_complete,duration,params_depth,params_neurons_layer_0,params_neurons_layer_1,params_neurons_layer_10,params_neurons_layer_11,params_neurons_layer_12,params_neurons_layer_13,params_neurons_layer_14,params_neurons_layer_15,params_neurons_layer_16,params_neurons_layer_17,params_neurons_layer_18,params_neurons_layer_19,params_neurons_layer_2,params_neurons_layer_3,params_neurons_layer_4,params_neurons_layer_5,params_neurons_layer_6,params_neurons_layer_7,params_neurons_layer_8,params_neurons_layer_9,params_orders_layer_0,params_orders_layer_1,params_orders_layer_10,params_orders_layer_11,params_orders_layer_12,params_orders_layer_13,params_orders_layer_14,params_orders_layer_15,params_orders_layer_16,params_orders_layer_17,params_orders_layer_18,params_orders_layer_19,params_orders_layer_2,params_orders_layer_3,params_orders_layer_4,params_orders_layer_5,params_orders_layer_6,params_orders_layer_7,params_orders_layer_8,params_orders_layer_9,state
357,357,0.0,2025-01-01 22:12:20.029130,2025-01-01 22:12:37.737257,0 days 00:00:17.708127,19,135,180.0,25.0,80.0,195.0,170.0,85.0,190.0,140.0,65.0,5.0,,180.0,135.0,190.0,75.0,115.0,80.0,80.0,120.0,6,4.0,4.0,3.0,4.0,3.0,6.0,5.0,4.0,6.0,6.0,,5.0,5.0,6.0,5.0,2.0,6.0,4.0,5.0,COMPLETE
358,358,0.9401477832512315,2025-01-01 22:12:37.738163,2025-01-01 22:12:44.211830,0 days 00:00:06.473667,1,145,,,,,,,,,,,,,,,,,,,,6,,,,,,,,,,,,,,,,,,,,COMPLETE
359,359,0.9465714596275889,2025-01-01 22:12:44.212268,2025-01-01 22:12:54.743072,0 days 00:00:10.530804,3,150,110.0,,,,,,,,,,,195.0,,,,,,,,6,4.0,,,,,,,,,,,5.0,,,,,,,,COMPLETE
360,360,0.9557205152400042,2025-01-01 22:12:54.743554,2025-01-01 22:12:59.591298,0 days 00:00:04.847744,2,140,190.0,,,,,,,,,,,,,,,,,,,6,4.0,,,,,,,,,,,,,,,,,,,COMPLETE
361,361,0.9624732170186716,2025-01-01 22:12:59.591757,2025-01-01 22:13:04.012204,0 days 00:00:04.420447,2,135,195.0,,,,,,,,,,,,,,,,,,,6,4.0,,,,,,,,,,,,,,,,,,,COMPLETE
362,362,0.9475454661423524,2025-01-01 22:13:04.012653,2025-01-01 22:13:16.303965,0 days 00:00:12.291312,3,135,195.0,,,,,,,,,,,160.0,,,,,,,,6,4.0,,,,,,,,,,,6.0,,,,,,,,COMPLETE
363,363,0.9549998749996528,2025-01-01 22:13:16.304563,2025-01-01 22:13:21.896883,0 days 00:00:05.592320,2,135,195.0,,,,,,,,,,,,,,,,,,,6,4.0,,,,,,,,,,,,,,,,,,,COMPLETE
364,364,0.9400258914911146,2025-01-01 22:13:21.897332,2025-01-01 22:13:28.350210,0 days 00:00:06.452878,1,145,,,,,,,,,,,,,,,,,,,,6,,,,,,,,,,,,,,,,,,,,COMPLETE
365,365,0.9557957707289928,2025-01-01 22:13:28.350698,2025-01-01 22:13:33.252177,0 days 00:00:04.901479,2,140,185.0,,,,,,,,,,,,,,,,,,,6,4.0,,,,,,,,,,,,,,,,,,,COMPLETE
366,366,0.9511782357040262,2025-01-01 22:13:33.252638,2025-01-01 22:13:39.636883,0 days 00:00:06.384245,1,135,,,,,,,,,,,,,,,,,,,,6,,,,,,,,,,,,,,,,,,,,COMPLETE
367,367,0.9457727391626178,2025-01-01 22:13:39.637324,2025-01-01 22:13:50.029996,0 days 00:00:10.392672,3,150,190.0,,,,,,,,,,,145.0,,,,,,,,6,4.0,,,,,,,,,,,5.0,,,,,,,,COMPLETE
368,368,0.9574652198107958,2025-01-01 22:13:50.030462,2025-01-01 22:13:55.008284,0 days 00:00:04.977822,2,135,175.0,,,,,,,,,,,,,,,,,,,6,4.0,,,,,,,,,,,,,,,,,,,COMPLETE
369,369,0.9408852649970879,2025-01-01 22:13:55.008741,2025-01-01 22:14:08.719535,0 days 00:00:13.710794,3,140,195.0,,,,,,,,,,,15.0,,,,,,,,6,4.0,,,,,,,,,,,6.0,,,,,,,,COMPLETE
370,370,0.9557983071692108,2025-01-01 22:14:08.720023,2025-01-01 22:14:13.903503,0 days 00:00:05.183480,2,150,185.0,,,,,,,,,,,,,,,,,,,6,4.0,,,,,,,,,,,,,,,,,,,COMPLETE
371,371,0.9363431686218746,2025-01-01 22:14:13.904072,2025-01-01 22:14:20.349305,0 days 00:00:06.445233,1,155,,,,,,,,,,,,,,,,,,,,6,,,,,,,,,,,,,,,,,,,,COMPLETE
372,372,0.9507899320530443,2025-01-01 22:14:20.349750,2025-01-01 22:14:25.000795,0 days 00:00:04.651045,2,130,200.0,,,,,,,,,,,,,,,,,,,6,4.0,,,,,,,,,,,,,,,,,,,COMPLETE
373,373,0.9490279065092855,2025-01-01 22:14:25.001297,2025-01-01 22:14:36.201558,0 days 00:00:11.200261,3,150,155.0,,,,,,,,,,,170.0,,,,,,,,6,4.0,,,,,,,,,,,5.0,,,,,,,,COMPLETE
374,374,0.9566637685104681,2025-01-01 22:14:36.202052,2025-01-01 22:14:41.066098,0 days 00:00:04.864046,2,145,180.0,,,,,,,,,,,,,,,,,,,6,4.0,,,,,,,,,,,,,,,,,,,COMPLETE
375,375,0.9333763033175355,2025-01-01 22:14:41.066550,2025-01-01 22:14:47.578238,0 days 00:00:06.511688,1,145,,,,,,,,,,,,,,,,,,,,6,,,,,,,,,,,,,,,,,,,,COMPLETE
376,376,0.0,2025-01-01 22:14:47.578673,2025-01-01 22:14:51.902274,0 days 00:00:04.323601,9,140,190.0,,,,,,,,,,,20.0,120.0,110.0,15.0,40.0,160.0,190.0,,6,4.0,,,,,,,,,,,2.0,4.0,3.0,3.0,6.0,2.0,4.0,,COMPLETE
377,377,0.9582710874266984,2025-01-01 22:14:51.902886,2025-01-01 22:14:55.557106,0 days 00:00:03.654220,2,130,105.0,,,,,,,,,,,,,,,,,,,6,2.0,,,,,,,,,,,,,,,,,,,COMPLETE
378,378,0.9582633076642224,2025-01-01 22:14:55.557563,2025-01-01 22:15:00.221534,0 days 00:00:04.663971,2,135,165.0,,,,,,,,,,,,,,,,,,,6,4.0,,,,,,,,,,,,,,,,,,,COMPLETE
379,379,0.9396801346801347,2025-01-01 22:15:00.221993,2025-01-01 22:15:05.955494,0 days 00:00:05.733501,2,10,175.0,,,,,,,,,,,,,,,,,,,6,4.0,,,,,,,,,,,,,,,,,,,COMPLETE
380,380,0.9494063926940639,2025-01-01 22:15:05.955940,2025-01-01 22:15:12.410604,0 days 00:00:06.454664,1,145,,,,,,,,,,,,,,,,,,,,6,,,,,,,,,,,,,,,,,,,,COMPLETE
381,381,0.9574684178307085,2025-01-01 22:15:12.411034,2025-01-01 22:15:22.407861,0 days 00:00:09.996827,3,155,185.0,,,,,,,,,,,115.0,,,,,,,,6,4.0,,,,,,,,,,,5.0,,,,,,,,COMPLETE
382,382,0.9541321164227281,2025-01-01 22:15:22.408450,2025-01-01 22:15:27.660319,0 days 00:00:05.251869,2,160,200.0,,,,,,,,,,,,,,,,,,,6,4.0,,,,,,,,,,,,,,,,,,,COMPLETE
383,383,0.9699301950957581,2025-01-01 22:15:27.660829,2025-01-01 22:15:32.270329,0 days 00:00:04.609500,2,140,160.0,,,,,,,,,,,,,,,,,,,6,4.0,,,,,,,,,,,,,,,,,,,COMPLETE
384,384,0.9516665324070345,2025-01-01 22:15:32.270799,2025-01-01 22:15:40.057289,0 days 00:00:07.786490,3,140,160.0,,,,,,,,,,,70.0,,,,,,,,6,4.0,,,,,,,,,,,4.0,,,,,,,,COMPLETE
385,385,0.9649530626351819,2025-01-01 22:15:40.057792,2025-01-01 22:15:44.879669,0 days 00:00:04.821877,2,150,155.0,,,,,,,,,,,,,,,,,,,6,4.0,,,,,,,,,,,,,,,,,,,COMPLETE
386,386,0.9421942165191723,2025-01-01 22:15:44.880135,2025-01-01 22:15:51.392373,0 days 00:00:06.512238,1,150,,,,,,,,,,,,,,,,,,,,6,,,,,,,,,,,,,,,,,,,,COMPLETE
387,387,0.9524636326198983,2025-01-01 22:15:51.392811,2025-01-01 22:15:56.492259,0 days 00:00:05.099448,2,150,160.0,,,,,,,,,,,,,,,,,,,6,4.0,,,,,,,,,,,,,,,,,,,COMPLETE
388,388,0.9640936730488969,2025-01-01 22:15:56.492714,2025-01-01 22:16:00.868063,0 days 00:00:04.375349,2,155,90.0,,,,,,,,,,,,,,,,,,,6,4.0,,,,,,,,,,,,,,,,,,,COMPLETE
389,389,0.9549998749996528,2025-01-01 22:16:00.868520,2025-01-01 22:16:12.074342,0 days 00:00:11.205822,3,160,90.0,,,,,,,,,,,190.0,,,,,,,,6,4.0,,,,,,,,,,,6.0,,,,,,,,COMPLETE
390,390,0.9532604787665448,2025-01-01 22:16:12.074826,2025-01-01 22:16:17.032898,0 days 00:00:04.958072,2,165,90.0,,,,,,,,,,,,,,,,,,,6,4.0,,,,,,,,,,,,,,,,,,,COMPLETE
391,391,0.9402688486265343,2025-01-01 22:16:17.033454,2025-01-01 22:16:23.512199,0 days 00:00:06.478745,1,155,,,,,,,,,,,,,,,,,,,,6,,,,,,,,,,,,,,,,,,,,COMPLETE
392,392,0.9583332175922711,2025-01-01 22:16:23.512638,2025-01-01 22:16:28.007370,0 days 00:00:04.494732,2,130,100.0,,,,,,,,,,,,,,,,,,,6,4.0,,,,,,,,,,,,,,,,,,,COMPLETE
393,393,0.9520544055427776,2025-01-01 22:16:28.007873,2025-01-01 22:16:34.358020,0 days 00:00:06.350147,1,85,,,,,,,,,,,,,,,,,,,,6,,,,,,,,,,,,,,,,,,,,COMPLETE
394,394,0.9616657083093744,2025-01-01 22:16:34.358457,2025-01-01 22:16:40.022727,0 days 00:00:05.664270,2,170,155.0,,,,,,,,,,,,,,,,,,,6,4.0,,,,,,,,,,,,,,,,,,,COMPLETE
395,395,0.9591318864774624,2025-01-01 22:16:40.023194,2025-01-01 22:16:45.425339,0 days 00:00:05.402145,3,155,90.0,,,,,,,,,,,130.0,,,,,,,,6,4.0,,,,,,,,,,,2.0,,,,,,,,COMPLETE
396,396,0.9633317036312725,2025-01-01 22:16:45.425799,2025-01-01 22:16:50.013027,0 days 00:00:04.587228,2,130,165.0,,,,,,,,,,,,,,,,,,,6,4.0,,,,,,,,,,,,,,,,,,,COMPLETE
397,397,0.9608013355592655,2025-01-01 22:16:50.013479,2025-01-01 22:16:55.298344,0 days 00:00:05.284865,2,135,165.0,,,,,,,,,,,,,,,,,,,6,4.0,,,,,,,,,,,,,,,,,,,COMPLETE
398,398,0.9515764008116123,2025-01-01 22:16:55.298805,2025-01-01 22:17:03.225142,0 days 00:00:07.926337,3,160,170.0,,,,,,,,,,,30.0,,,,,,,,6,4.0,,,,,,,,,,,4.0,,,,,,,,COMPLETE
399,399,0.9549998749996528,2025-01-01 22:17:03.225628,2025-01-01 22:17:08.222674,0 days 00:00:04.997046,2,145,160.0,,,,,,,,,,,,,,,,,,,6,4.0,,,,,,,,,,,,,,,,,,,COMPLETE
400,400,0.9232535756926001,2025-01-01 22:17:08.223111,2025-01-01 22:17:13.557711,0 days 00:00:05.334600,1,130,,,,,,,,,,,,,,,,,,,,2,,,,,,,,,,,,,,,,,,,,COMPLETE
401,401,0.9456954455865685,2025-01-01 22:17:13.558151,2025-01-01 22:17:26.223762,0 days 00:00:12.665611,3,140,170.0,,,,,,,,,,,120.0,,,,,,,,6,5.0,,,,,,,,,,,5.0,,,,,,,,COMPLETE
402,402,0.96,2025-01-01 22:17:26.224367,2025-01-01 22:17:31.215611,0 days 00:00:04.991244,2,155,165.0,,,,,,,,,,,,,,,,,,,6,4.0,,,,,,,,,,,,,,,,,,,COMPLETE
403,403,0.9492115786729673,2025-01-01 22:17:31.216131,2025-01-01 22:17:38.016503,0 days 00:00:06.800372,2,125,160.0,,,,,,,,,,,,,,,,,,,6,6.0,,,,,,,,,,,,,,,,,,,COMPLETE
404,404,0.9449647161753025,2025-01-01 22:17:38.016967,2025-01-01 22:17:44.499297,0 days 00:00:06.482330,1,135,,,,,,,,,,,,,,,,,,,,6,,,,,,,,,,,,,,,,,,,,COMPLETE
405,405,0.9591360869032911,2025-01-01 22:17:44.499758,2025-01-01 22:17:49.341648,0 days 00:00:04.841890,2,150,155.0,,,,,,,,,,,,,,,,,,,6,4.0,,,,,,,,,,,,,,,,,,,COMPLETE
406,406,0.9516633099520799,2025-01-01 22:17:49.342105,2025-01-01 22:18:01.649099,0 days 00:00:12.306994,3,145,150.0,,,,,,,,,,,105.0,,,,,,,,6,4.0,,,,,,,,,,,6.0,,,,,,,,COMPLETE
407,407,0.9549153827287119,2025-01-01 22:18:01.649588,2025-01-01 22:18:05.989907,0 days 00:00:04.340319,2,140,165.0,,,,,,,,,,,,,,,,,,,6,4.0,,,,,,,,,,,,,,,,,,,COMPLETE
408,408,0.9520544055427776,2025-01-01 22:18:05.990368,2025-01-01 22:18:12.283316,0 days 00:00:06.292948,1,130,,,,,,,,,,,,,,,,,,,,6,,,,,,,,,,,,,,,,,,,,COMPLETE
409,409,0.9583203697942131,2025-01-01 22:18:12.283766,2025-01-01 22:18:16.796500,0 days 00:00:04.512734,2,155,85.0,,,,,,,,,,,,,,,,,,,6,4.0,,,,,,,,,,,,,,,,,,,COMPLETE
410,410,0.9449647161753025,2025-01-01 22:18:16.796957,2025-01-01 22:18:23.248229,0 days 00:00:06.451272,1,135,,,,,,,,,,,,,,,,,,,,6,,,,,,,,,,,,,,,,,,,,COMPLETE
411,411,0.9491235392320534,2025-01-01 22:18:23.248799,2025-01-01 22:18:28.444299,0 days 00:00:05.195500,2,140,170.0,,,,,,,,,,,,,,,,,,,6,4.0,,,,,,,,,,,,,,,,,,,COMPLETE
412,412,0.9542066234421711,2025-01-01 22:18:28.444767,2025-01-01 22:18:33.275164,0 days 00:00:04.830397,2,150,160.0,,,,,,,,,,,,,,,,,,,6,4.0,,,,,,,,,,,,,,,,,,,COMPLETE
413,413,0.0,2025-01-01 22:18:33.275682,2025-01-01 22:18:36.649507,0 days 00:00:03.373825,3,105,150.0,,,,,,,,,,,180.0,,,,,,,,6,4.0,,,,,,,,,,,2.0,,,,,,,,COMPLETE
414,414,0.0,2025-01-01 22:18:36.649984,2025-01-01 22:18:46.165855,0 days 00:00:09.515871,12,155,175.0,180.0,120.0,,,,,,,,,15.0,160.0,125.0,165.0,125.0,45.0,140.0,65.0,6,4.0,6.0,2.0,,,,,,,,,4.0,6.0,4.0,4.0,5.0,5.0,6.0,3.0,COMPLETE
415,415,0.9557983071692108,2025-01-01 22:18:46.166502,2025-01-01 22:18:50.914877,0 days 00:00:04.748375,2,145,95.0,,,,,,,,,,,,,,,,,,,6,4.0,,,,,,,,,,,,,,,,,,,COMPLETE
416,416,0.9549219620958751,2025-01-01 22:18:50.915337,2025-01-01 22:18:57.101361,0 days 00:00:06.186024,3,135,165.0,,,,,,,,,,,5.0,,,,,,,,6,4.0,,,,,,,,,,,3.0,,,,,,,,COMPLETE
417,417,0.9599383495402694,2025-01-01 22:18:57.101845,2025-01-01 22:19:02.610743,0 days 00:00:05.508898,2,125,50.0,,,,,,,,,,,,,,,,,,,6,4.0,,,,,,,,,,,,,,,,,,,COMPLETE
418,418,0.9429804158719821,2025-01-01 22:19:02.611199,2025-01-01 22:19:09.082526,0 days 00:00:06.471327,1,150,,,,,,,,,,,,,,,,,,,,6,,,,,,,,,,,,,,,,,,,,COMPLETE
419,419,0.9566666666666667,2025-01-01 22:19:09.082970,2025-01-01 22:19:14.350007,0 days 00:00:05.267037,2,150,80.0,,,,,,,,,,,,,,,,,,,6,4.0,,,,,,,,,,,,,,,,,,,COMPLETE
420,420,0.9491235392320534,2025-01-01 22:19:14.350467,2025-01-01 22:19:22.964150,0 days 00:00:08.613683,3,140,190.0,,,,,,,,,,,140.0,,,,,,,,6,4.0,,,,,,,,,,,4.0,,,,,,,,COMPLETE
421,421,0.9533328148090534,2025-01-01 22:19:22.964774,2025-01-01 22:19:28.252507,0 days 00:00:05.287733,2,160,85.0,,,,,,,,,,,,,,,,,,,6,4.0,,,,,,,,,,,,,,,,,,,COMPLETE
422,422,0.9421920352954836,2025-01-01 22:19:28.252979,2025-01-01 22:19:34.609969,0 days 00:00:06.356990,1,120,,,,,,,,,,,,,,,,,,,,6,,,,,,,,,,,,,,,,,,,,COMPLETE
423,423,0.9541291040623261,2025-01-01 22:19:34.610470,2025-01-01 22:19:39.371650,0 days 00:00:04.761180,2,145,75.0,,,,,,,,,,,,,,,,,,,6,4.0,,,,,,,,,,,,,,,,,,,COMPLETE
424,424,0.9499994444382716,2025-01-01 22:19:39.372111,2025-01-01 22:19:48.219209,0 days 00:00:08.847098,3,130,155.0,,,,,,,,,,,90.0,,,,,,,,6,4.0,,,,,,,,,,,5.0,,,,,,,,COMPLETE
425,425,0.0,2025-01-01 22:19:48.219720,2025-01-01 22:19:52.407109,0 days 00:00:04.187389,4,135,180.0,,,,,,,,,,,165.0,150.0,,,,,,,6,4.0,,,,,,,,,,,2.0,4.0,,,,,,,COMPLETE
426,426,0.9515931235924993,2025-01-01 22:19:52.407634,2025-01-01 22:19:56.932186,0 days 00:00:04.524552,2,145,85.0,,,,,,,,,,,,,,,,,,,6,4.0,,,,,,,,,,,,,,,,,,,COMPLETE
427,427,0.9608047192386888,2025-01-01 22:19:56.932666,2025-01-01 22:20:02.769257,0 days 00:00:05.836591,2,155,195.0,,,,,,,,,,,,,,,,,,,6,4.0,,,,,,,,,,,,,,,,,,,COMPLETE
428,428,0.9438794464567661,2025-01-01 22:20:02.769731,2025-01-01 22:20:09.352641,0 days 00:00:06.582910,1,165,,,,,,,,,,,,,,,,,,,,6,,,,,,,,,,,,,,,,,,,,COMPLETE
429,429,0.9425501583656444,2025-01-01 22:20:09.353080,2025-01-01 22:20:15.884712,0 days 00:00:06.531632,3,140,90.0,,,,,,,,,,,55.0,,,,,,,,6,4.0,,,,,,,,,,,3.0,,,,,,,,COMPLETE
430,430,0.9616022430510847,2025-01-01 22:20:15.885194,2025-01-01 22:20:21.467668,0 days 00:00:05.582474,2,110,185.0,,,,,,,,,,,,,,,,,,,6,5.0,,,,,,,,,,,,,,,,,,,COMPLETE
431,431,0.9590189190854748,2025-01-01 22:20:21.468137,2025-01-01 22:20:26.226955,0 days 00:00:04.758818,2,130,170.0,,,,,,,,,,,,,,,,,,,6,4.0,,,,,,,,,,,,,,,,,,,COMPLETE
432,432,0.9449647161753025,2025-01-01 22:20:26.227550,2025-01-01 22:20:32.669792,0 days 00:00:06.442242,1,140,,,,,,,,,,,,,,,,,,,,6,,,,,,,,,,,,,,,,,,,,COMPLETE
433,433,0.0,2025-01-01 22:20:32.670249,2025-01-01 22:20:36.620159,0 days 00:00:03.949910,3,150,145.0,,,,,,,,,,,130.0,,,,,,,,6,4.0,,,,,,,,,,,2.0,,,,,,,,COMPLETE
434,434,0.95819945582112,2025-01-01 22:20:36.620701,2025-01-01 22:20:42.091707,0 days 00:00:05.471006,2,145,165.0,,,,,,,,,,,,,,,,,,,6,4.0,,,,,,,,,,,,,,,,,,,COMPLETE
435,435,0.9607153826822662,2025-01-01 22:20:42.092174,2025-01-01 22:20:46.846530,0 days 00:00:04.754356,2,135,95.0,,,,,,,,,,,,,,,,,,,6,4.0,,,,,,,,,,,,,,,,,,,COMPLETE
436,436,0.9476285518746224,2025-01-01 22:20:46.847003,2025-01-01 22:20:53.263044,0 days 00:00:06.416041,1,125,,,,,,,,,,,,,,,,,,,,6,,,,,,,,,,,,,,,,,,,,COMPLETE
437,437,0.9591344414827017,2025-01-01 22:20:53.263515,2025-01-01 22:20:58.061449,0 days 00:00:04.797934,2,150,175.0,,,,,,,,,,,,,,,,,,,6,4.0,,,,,,,,,,,,,,,,,,,COMPLETE
438,438,0.9425501583656444,2025-01-01 22:20:58.061928,2025-01-01 22:21:02.763806,0 days 00:00:04.701878,2,120,195.0,,,,,,,,,,,,,,,,,,,6,4.0,,,,,,,,,,,,,,,,,,,COMPLETE
439,439,0.9573969122532735,2025-01-01 22:21:02.764272,2025-01-01 22:21:10.531562,0 days 00:00:07.767290,3,155,160.0,,,,,,,,,,,145.0,,,,,,,,6,4.0,,,,,,,,,,,4.0,,,,,,,,COMPLETE
440,440,0.9429784264697332,2025-01-01 22:21:10.532055,2025-01-01 22:21:16.993422,0 days 00:00:06.461367,1,145,,,,,,,,,,,,,,,,,,,,6,,,,,,,,,,,,,,,,,,,,COMPLETE
441,441,0.9532554257095158,2025-01-01 22:21:16.993882,2025-01-01 22:21:25.762963,0 days 00:00:08.769081,3,130,90.0,,,,,,,,,,,20.0,,,,,,,,6,4.0,,,,,,,,,,,5.0,,,,,,,,COMPLETE
442,442,0.9381908360888049,2025-01-01 22:21:25.763587,2025-01-01 22:21:32.209685,0 days 00:00:06.446098,1,140,,,,,,,,,,,,,,,,,,,,6,,,,,,,,,,,,,,,,,,,,COMPLETE
443,443,0.9507118927973199,2025-01-01 22:21:32.210149,2025-01-01 22:21:37.427555,0 days 00:00:05.217406,2,160,190.0,,,,,,,,,,,,,,,,,,,6,4.0,,,,,,,,,,,,,,,,,,,COMPLETE
444,444,0.0,2025-01-01 22:21:37.428074,2025-01-01 22:21:43.766299,0 days 00:00:06.338225,10,145,100.0,,,,,,,,,,,45.0,25.0,175.0,190.0,185.0,65.0,5.0,180.0,6,4.0,,,,,,,,,,,3.0,2.0,2.0,4.0,4.0,4.0,3.0,3.0,COMPLETE
445,445,0.0,2025-01-01 22:21:43.766952,2025-01-01 22:21:55.676933,0 days 00:00:11.909981,14,135,170.0,110.0,170.0,70.0,200.0,,,,,,,35.0,195.0,5.0,55.0,5.0,20.0,40.0,200.0,6,4.0,5.0,4.0,6.0,6.0,,,,,,,6.0,3.0,6.0,5.0,2.0,6.0,5.0,4.0,COMPLETE
446,446,0.9549998749996528,2025-01-01 22:21:55.677625,2025-01-01 22:22:00.906130,0 days 00:00:05.228505,2,150,180.0,,,,,,,,,,,,,,,,,,,6,4.0,,,,,,,,,,,,,,,,,,,COMPLETE
447,447,0.9557957707289928,2025-01-01 22:22:00.906608,2025-01-01 22:22:05.406476,0 days 00:00:04.499868,2,140,185.0,,,,,,,,,,,,,,,,,,,6,4.0,,,,,,,,,,,,,,,,,,,COMPLETE
448,448,0.9305969813020951,2025-01-01 22:22:05.406953,2025-01-01 22:22:11.807777,0 days 00:00:06.400824,1,125,,,,,,,,,,,,,,,,,,,,6,,,,,,,,,,,,,,,,,,,,COMPLETE
449,449,0.9541169268441996,2025-01-01 22:22:11.808220,2025-01-01 22:22:16.086315,0 days 00:00:04.278095,2,100,75.0,,,,,,,,,,,,,,,,,,,6,4.0,,,,,,,,,,,,,,,,,,,COMPLETE
450,450,0.9616657083093744,2025-01-01 22:22:16.086783,2025-01-01 22:22:24.608803,0 days 00:00:08.522020,3,155,155.0,,,,,,,,,,,110.0,,,,,,,,6,4.0,,,,,,,,,,,4.0,,,,,,,,COMPLETE
451,451,0.9541260663665352,2025-01-01 22:22:24.609292,2025-01-01 22:22:29.077306,0 days 00:00:04.468014,2,115,160.0,,,,,,,,,,,,,,,,,,,6,4.0,,,,,,,,,,,,,,,,,,,COMPLETE
452,452,0.9607387140902872,2025-01-01 22:22:29.077783,2025-01-01 22:22:33.006710,0 days 00:00:03.928927,2,135,165.0,,,,,,,,,,,,,,,,,,,6,4.0,,,,,,,,,,,,,,,,,,,COMPLETE
453,453,0.9474441383532293,2025-01-01 22:22:33.007307,2025-01-01 22:22:37.999550,0 days 00:00:04.992243,3,150,95.0,,,,,,,,,,,60.0,,,,,,,,5,4.0,,,,,,,,,,,2.0,,,,,,,,COMPLETE
454,454,0.0,2025-01-01 22:22:38.000033,2025-01-01 22:22:46.054471,0 days 00:00:08.054438,11,145,105.0,45.0,,,,,,,,,,155.0,85.0,160.0,110.0,70.0,170.0,60.0,155.0,6,2.0,3.0,,,,,,,,,,3.0,6.0,5.0,2.0,3.0,3.0,2.0,6.0,COMPLETE
455,455,0.9265533625730995,2025-01-01 22:22:46.055201,2025-01-01 22:22:51.345011,0 days 00:00:05.289810,1,135,,,,,,,,,,,,,,,,,,,,4,,,,,,,,,,,,,,,,,,,,COMPLETE
456,456,0.9583322916406243,2025-01-01 22:22:51.345469,2025-01-01 22:22:55.978182,0 days 00:00:04.632713,2,140,175.0,,,,,,,,,,,,,,,,,,,6,4.0,,,,,,,,,,,,,,,,,,,COMPLETE
457,457,0.9424475645113719,2025-01-01 22:22:55.978684,2025-01-01 22:23:04.381356,0 days 00:00:08.402672,3,130,85.0,,,,,,,,,,,25.0,,,,,,,,6,4.0,,,,,,,,,,,5.0,,,,,,,,COMPLETE
458,458,0.9583332175922711,2025-01-01 22:23:04.381859,2025-01-01 22:23:09.485324,0 days 00:00:05.103465,2,165,90.0,,,,,,,,,,,,,,,,,,,6,4.0,,,,,,,,,,,,,,,,,,,COMPLETE
459,459,0.965767843382509,2025-01-01 22:23:09.485802,2025-01-01 22:23:13.612407,0 days 00:00:04.126605,2,120,170.0,,,,,,,,,,,,,,,,,,,6,4.0,,,,,,,,,,,,,,,,,,,COMPLETE
460,460,0.0,2025-01-01 22:23:13.612888,2025-01-01 22:23:18.920554,0 days 00:00:05.307666,8,120,170.0,,,,,,,,,,,70.0,5.0,65.0,35.0,55.0,190.0,,,6,4.0,,,,,,,,,,,3.0,5.0,4.0,6.0,6.0,5.0,,,COMPLETE
461,461,0.9362364335209081,2025-01-01 22:23:18.921173,2025-01-01 22:23:25.319166,0 days 00:00:06.397993,1,120,,,,,,,,,,,,,,,,,,,,6,,,,,,,,,,,,,,,,,,,,COMPLETE
462,462,0.0,2025-01-01 22:23:25.319636,2025-01-01 22:23:28.491619,0 days 00:00:03.171983,3,115,165.0,,,,,,,,,,,175.0,,,,,,,,6,4.0,,,,,,,,,,,2.0,,,,,,,,COMPLETE
463,463,0.9557983071692108,2025-01-01 22:23:28.492105,2025-01-01 22:23:33.101225,0 days 00:00:04.609120,2,110,175.0,,,,,,,,,,,,,,,,,,,6,4.0,,,,,,,,,,,,,,,,,,,COMPLETE
464,464,0.9633360092666925,2025-01-01 22:23:33.101707,2025-01-01 22:23:38.087131,0 days 00:00:04.985424,2,125,170.0,,,,,,,,,,,,,,,,,,,3,4.0,,,,,,,,,,,,,,,,,,,COMPLETE
465,465,0.9279920084729443,2025-01-01 22:23:38.087734,2025-01-01 22:23:43.391871,0 days 00:00:05.304137,1,125,,,,,,,,,,,,,,,,,,,,2,,,,,,,,,,,,,,,,,,,,COMPLETE
466,466,0.9533328148090534,2025-01-01 22:23:43.392329,2025-01-01 22:23:48.549167,0 days 00:00:05.156838,2,115,170.0,,,,,,,,,,,,,,,,,,,3,4.0,,,,,,,,,,,,,,,,,,,COMPLETE
467,467,0.9382024351083758,2025-01-01 22:23:48.549707,2025-01-01 22:23:58.984674,0 days 00:00:10.434967,3,120,175.0,,,,,,,,,,,100.0,,,,,,,,3,4.0,,,,,,,,,,,4.0,,,,,,,,COMPLETE
468,468,0.9574582345542979,2025-01-01 22:23:58.985166,2025-01-01 22:24:03.812818,0 days 00:00:04.827652,2,125,170.0,,,,,,,,,,,,,,,,,,,3,4.0,,,,,,,,,,,,,,,,,,,COMPLETE
469,469,0.0,2025-01-01 22:24:03.813315,2025-01-01 22:24:08.623365,0 days 00:00:04.810050,7,115,180.0,,,,,,,,,,,90.0,105.0,140.0,130.0,85.0,,,,2,4.0,,,,,,,,,,,6.0,3.0,2.0,3.0,5.0,,,,COMPLETE
470,470,0.9523785594639866,2025-01-01 22:24:08.623952,2025-01-01 22:24:13.617948,0 days 00:00:04.993996,2,125,180.0,,,,,,,,,,,,,,,,,,,4,4.0,,,,,,,,,,,,,,,,,,,COMPLETE
471,471,0.9562313733168004,2025-01-01 22:24:13.618424,2025-01-01 22:24:19.039839,0 days 00:00:05.421415,1,130,,,,,,,,,,,,,,,,,,,,3,,,,,,,,,,,,,,,,,,,,COMPLETE
472,472,0.9549998749996528,2025-01-01 22:24:19.040298,2025-01-01 22:24:24.451170,0 days 00:00:05.410872,2,120,170.0,,,,,,,,,,,,,,,,,,,3,4.0,,,,,,,,,,,,,,,,,,,COMPLETE
473,473,0.9524640342822162,2025-01-01 22:24:24.451654,2025-01-01 22:24:35.764853,0 days 00:00:11.313199,3,125,165.0,,,,,,,,,,,135.0,,,,,,,,4,4.0,,,,,,,,,,,4.0,,,,,,,,COMPLETE
474,474,0.9438805571599818,2025-01-01 22:24:35.765353,2025-01-01 22:24:41.747029,0 days 00:00:05.981676,1,125,,,,,,,,,,,,,,,,,,,,5,,,,,,,,,,,,,,,,,,,,COMPLETE
475,475,0.9582608695652174,2025-01-01 22:24:41.747626,2025-01-01 22:24:46.352129,0 days 00:00:04.604503,2,110,185.0,,,,,,,,,,,,,,,,,,,6,4.0,,,,,,,,,,,,,,,,,,,COMPLETE
476,476,0.0,2025-01-01 22:24:46.352612,2025-01-01 22:24:51.272542,0 days 00:00:04.919930,4,120,80.0,,,,,,,,,,,185.0,70.0,,,,,,,6,4.0,,,,,,,,,,,5.0,4.0,,,,,,,COMPLETE
477,477,0.9599383495402694,2025-01-01 22:24:51.273073,2025-01-01 22:24:56.983608,0 days 00:00:05.710535,2,160,175.0,,,,,,,,,,,,,,,,,,,6,4.0,,,,,,,,,,,,,,,,,,,COMPLETE
478,478,0.9566637685104681,2025-01-01 22:24:56.984140,2025-01-01 22:25:03.380748,0 days 00:00:06.396608,3,125,160.0,,,,,,,,,,,125.0,,,,,,,,6,4.0,,,,,,,,,,,3.0,,,,,,,,COMPLETE
479,479,0.9582710874266984,2025-01-01 22:25:03.381250,2025-01-01 22:25:08.103877,0 days 00:00:04.722627,2,130,200.0,,,,,,,,,,,,,,,,,,,6,4.0,,,,,,,,,,,,,,,,,,,COMPLETE
