,number,value,datetime_start,datetime_complete,duration,params_depth,params_neurons_layer_0,params_neurons_layer_1,params_neurons_layer_10,params_neurons_layer_11,params_neurons_layer_12,params_neurons_layer_13,params_neurons_layer_14,params_neurons_layer_15,params_neurons_layer_16,params_neurons_layer_17,params_neurons_layer_18,params_neurons_layer_19,params_neurons_layer_2,params_neurons_layer_3,params_neurons_layer_4,params_neurons_layer_5,params_neurons_layer_6,params_neurons_layer_7,params_neurons_layer_8,params_neurons_layer_9,params_orders_layer_0,params_orders_layer_1,params_orders_layer_10,params_orders_layer_11,params_orders_layer_12,params_orders_layer_13,params_orders_layer_14,params_orders_layer_15,params_orders_layer_16,params_orders_layer_17,params_orders_layer_18,params_orders_layer_19,params_orders_layer_2,params_orders_layer_3,params_orders_layer_4,params_orders_layer_5,params_orders_layer_6,params_orders_layer_7,params_orders_layer_8,params_orders_layer_9,state
0,0,0.8765123070504798,2025-01-01 08:21:43.659264,2025-01-01 08:21:48.887990,0 days 00:00:05.228726,2,35,170.0,,,,,,,,,,,,,,,,,,,3,6.0,,,,,,,,,,,,,,,,,,,COMPLETE
1,1,0.0,2025-01-01 08:21:48.888454,2025-01-01 08:21:50.481052,0 days 00:00:01.592598,4,15,25.0,,,,,,,,,,,150.0,175.0,,,,,,,2,2.0,,,,,,,,,,,2.0,2.0,,,,,,,COMPLETE
2,2,0.76759410801964,2025-01-01 08:21:50.481429,2025-01-01 08:21:55.611348,0 days 00:00:05.129919,3,65,45.0,,,,,,,,,,,150.0,,,,,,,,5,4.0,,,,,,,,,,,2.0,,,,,,,,COMPLETE
3,3,0.0,2025-01-01 08:21:55.611720,2025-01-01 08:21:59.970562,0 days 00:00:04.358842,10,105,110.0,,,,,,,,,,,35.0,140.0,50.0,70.0,145.0,105.0,140.0,150.0,2,2.0,,,,,,,,,,,5.0,4.0,2.0,4.0,2.0,5.0,6.0,2.0,COMPLETE
4,4,0.0,2025-01-01 08:21:59.971137,2025-01-01 08:22:05.213637,0 days 00:00:05.242500,13,15,65.0,5.0,165.0,15.0,,,,,,,,30.0,135.0,155.0,115.0,150.0,190.0,105.0,85.0,3,6.0,3.0,2.0,4.0,,,,,,,,4.0,2.0,3.0,6.0,5.0,6.0,6.0,2.0,COMPLETE
5,5,0.0,2025-01-01 08:22:05.214249,2025-01-01 08:22:07.111017,0 days 00:00:01.896768,6,145,60.0,,,,,,,,,,,105.0,140.0,185.0,70.0,,,,,6,4.0,,,,,,,,,,,2.0,5.0,2.0,2.0,,,,,COMPLETE
6,6,0.0,2025-01-01 08:22:07.111458,2025-01-01 08:22:09.178138,0 days 00:00:02.066680,7,180,45.0,,,,,,,,,,,115.0,20.0,200.0,170.0,50.0,,,,2,3.0,,,,,,,,,,,3.0,6.0,2.0,2.0,4.0,,,,COMPLETE
7,7,0.0,2025-01-01 08:22:09.178605,2025-01-01 08:22:16.516203,0 days 00:00:07.337598,14,105,125.0,120.0,100.0,170.0,185.0,,,,,,,75.0,25.0,110.0,10.0,150.0,105.0,180.0,180.0,2,5.0,3.0,2.0,6.0,6.0,,,,,,,5.0,5.0,5.0,2.0,4.0,5.0,6.0,4.0,COMPLETE
8,8,0.0,2025-01-01 08:22:16.516890,2025-01-01 08:22:19.511033,0 days 00:00:02.994143,8,100,15.0,,,,,,,,,,,100.0,5.0,45.0,15.0,105.0,10.0,,,2,5.0,,,,,,,,,,,5.0,6.0,5.0,5.0,3.0,2.0,,,COMPLETE
9,9,0.0,2025-01-01 08:22:19.511537,2025-01-01 08:22:23.628558,0 days 00:00:04.117021,11,135,190.0,130.0,,,,,,,,,,95.0,85.0,65.0,160.0,60.0,165.0,50.0,120.0,3,3.0,4.0,,,,,,,,,,4.0,5.0,6.0,3.0,3.0,3.0,6.0,6.0,COMPLETE
10,10,0.0,2025-01-01 08:22:23.629125,2025-01-01 08:22:37.841979,0 days 00:00:14.212854,18,50,180.0,200.0,5.0,55.0,25.0,5.0,65.0,5.0,10.0,,,200.0,200.0,115.0,200.0,200.0,10.0,15.0,15.0,4,6.0,6.0,6.0,2.0,2.0,5.0,3.0,3.0,6.0,,,6.0,3.0,4.0,6.0,6.0,2.0,2.0,6.0,COMPLETE
11,11,0.7584541062801933,2025-01-01 08:22:37.842748,2025-01-01 08:22:40.660720,0 days 00:00:02.817972,1,60,,,,,,,,,,,,,,,,,,,,5,,,,,,,,,,,,,,,,,,,,COMPLETE
12,12,0.7551362683438155,2025-01-01 08:22:40.661048,2025-01-01 08:22:43.837227,0 days 00:00:03.176179,1,50,,,,,,,,,,,,,,,,,,,,5,,,,,,,,,,,,,,,,,,,,COMPLETE
13,13,0.0,2025-01-01 08:22:43.837566,2025-01-01 08:22:46.065161,0 days 00:00:02.227595,4,70,145.0,,,,,,,,,,,175.0,60.0,,,,,,,4,4.0,,,,,,,,,,,3.0,3.0,,,,,,,COMPLETE
14,14,0.0,2025-01-01 08:22:46.065552,2025-01-01 08:22:48.802727,0 days 00:00:02.737175,4,25,80.0,,,,,,,,,,,145.0,70.0,,,,,,,6,5.0,,,,,,,,,,,3.0,4.0,,,,,,,COMPLETE
15,15,0.8063986874487286,2025-01-01 08:22:48.803121,2025-01-01 08:22:51.341433,0 days 00:00:02.538312,1,80,,,,,,,,,,,,,,,,,,,,4,,,,,,,,,,,,,,,,,,,,COMPLETE
16,16,0.0,2025-01-01 08:22:51.341761,2025-01-01 08:22:59.062701,0 days 00:00:07.720940,20,85,150.0,15.0,200.0,200.0,195.0,195.0,195.0,195.0,190.0,130.0,135.0,5.0,105.0,10.0,105.0,15.0,55.0,195.0,5.0,3,6.0,6.0,6.0,2.0,4.0,2.0,6.0,6.0,2.0,6.0,4.0,6.0,3.0,6.0,4.0,6.0,4.0,2.0,4.0,COMPLETE
17,17,0.7987117552334944,2025-01-01 08:22:59.063627,2025-01-01 08:23:01.790433,0 days 00:00:02.726806,1,35,,,,,,,,,,,,,,,,,,,,4,,,,,,,,,,,,,,,,,,,,COMPLETE
18,18,0.0,2025-01-01 08:23:01.790769,2025-01-01 08:23:04.458406,0 days 00:00:02.667637,6,140,200.0,,,,,,,,,,,65.0,200.0,145.0,50.0,,,,,3,5.0,,,,,,,,,,,6.0,6.0,4.0,5.0,,,,,COMPLETE
19,19,0.0,2025-01-01 08:23:04.458880,2025-01-01 08:23:07.412262,0 days 00:00:02.953382,9,80,155.0,,,,,,,,,,,200.0,45.0,80.0,135.0,15.0,145.0,65.0,,4,6.0,,,,,,,,,,,4.0,2.0,3.0,3.0,2.0,6.0,4.0,,COMPLETE
20,20,0.8480392156862746,2025-01-01 08:23:07.412783,2025-01-01 08:23:13.361058,0 days 00:00:05.948275,3,40,170.0,,,,,,,,,,,60.0,,,,,,,,3,3.0,,,,,,,,,,,5.0,,,,,,,,COMPLETE
21,21,0.8891162029459901,2025-01-01 08:23:13.361440,2025-01-01 08:23:19.440280,0 days 00:00:06.078840,3,40,175.0,,,,,,,,,,,55.0,,,,,,,,3,3.0,,,,,,,,,,,5.0,,,,,,,,COMPLETE
22,22,0.0,2025-01-01 08:23:19.440697,2025-01-01 08:23:22.736358,0 days 00:00:03.295661,5,5,170.0,,,,,,,,,,,55.0,110.0,10.0,,,,,,3,3.0,,,,,,,,,,,5.0,4.0,5.0,,,,,,COMPLETE
23,23,0.8685714285714285,2025-01-01 08:23:22.736809,2025-01-01 08:23:26.817760,0 days 00:00:04.080951,2,40,130.0,,,,,,,,,,,,,,,,,,,3,3.0,,,,,,,,,,,,,,,,,,,COMPLETE
24,24,0.8996386993175431,2025-01-01 08:23:26.818131,2025-01-01 08:23:32.543562,0 days 00:00:05.725431,3,35,130.0,,,,,,,,,,,25.0,,,,,,,,3,2.0,,,,,,,,,,,6.0,,,,,,,,COMPLETE
25,25,0.0,2025-01-01 08:23:32.543979,2025-01-01 08:23:34.621255,0 days 00:00:02.077276,6,5,105.0,,,,,,,,,,,20.0,165.0,145.0,45.0,,,,,3,2.0,,,,,,,,,,,6.0,3.0,3.0,5.0,,,,,COMPLETE
26,26,0.8470057424118129,2025-01-01 08:23:34.621711,2025-01-01 08:23:40.698381,0 days 00:00:06.076670,3,25,130.0,,,,,,,,,,,40.0,,,,,,,,3,2.0,,,,,,,,,,,6.0,,,,,,,,COMPLETE
27,27,0.0,2025-01-01 08:23:40.698778,2025-01-01 08:23:43.545295,0 days 00:00:02.846517,8,200,165.0,,,,,,,,,,,80.0,85.0,90.0,185.0,200.0,60.0,,,4,2.0,,,,,,,,,,,5.0,5.0,4.0,3.0,5.0,4.0,,,COMPLETE
28,28,0.0,2025-01-01 08:23:43.545814,2025-01-01 08:23:50.164910,0 days 00:00:06.619096,12,55,185.0,190.0,10.0,,,,,,,,,5.0,170.0,170.0,135.0,95.0,135.0,135.0,70.0,2,3.0,2.0,4.0,,,,,,,,,6.0,2.0,6.0,4.0,5.0,3.0,4.0,3.0,COMPLETE
29,29,0.0,2025-01-01 08:23:50.165546,2025-01-01 08:24:00.760125,0 days 00:00:10.594579,16,20,90.0,65.0,90.0,120.0,5.0,95.0,15.0,,,,,45.0,120.0,125.0,80.0,105.0,55.0,10.0,200.0,2,4.0,5.0,4.0,6.0,6.0,6.0,2.0,,,,,4.0,4.0,3.0,6.0,3.0,5.0,3.0,5.0,COMPLETE
30,30,0.8199279711884754,2025-01-01 08:24:00.760869,2025-01-01 08:24:09.362462,0 days 00:00:08.601593,4,35,145.0,,,,,,,,,,,20.0,45.0,,,,,,,3,2.0,,,,,,,,,,,5.0,6.0,,,,,,,COMPLETE
31,31,0.8199279711884754,2025-01-01 08:24:09.363024,2025-01-01 08:24:13.201510,0 days 00:00:03.838486,2,40,125.0,,,,,,,,,,,,,,,,,,,3,3.0,,,,,,,,,,,,,,,,,,,COMPLETE
32,32,0.8792270531400965,2025-01-01 08:24:13.201886,2025-01-01 08:24:17.053644,0 days 00:00:03.851758,2,30,135.0,,,,,,,,,,,,,,,,,,,3,3.0,,,,,,,,,,,,,,,,,,,COMPLETE
33,33,0.8389694041867954,2025-01-01 08:24:17.054015,2025-01-01 08:24:23.108233,0 days 00:00:06.054218,3,70,155.0,,,,,,,,,,,130.0,,,,,,,,2,3.0,,,,,,,,,,,6.0,,,,,,,,COMPLETE
34,34,0.0,2025-01-01 08:24:23.108637,2025-01-01 08:24:26.148571,0 days 00:00:03.039934,5,15,200.0,,,,,,,,,,,75.0,155.0,30.0,,,,,,4,2.0,,,,,,,,,,,5.0,3.0,5.0,,,,,,COMPLETE
35,35,0.8,2025-01-01 08:24:26.149012,2025-01-01 08:24:29.558647,0 days 00:00:03.409635,2,30,115.0,,,,,,,,,,,,,,,,,,,3,4.0,,,,,,,,,,,,,,,,,,,COMPLETE
36,36,0.0,2025-01-01 08:24:29.559025,2025-01-01 08:24:32.846772,0 days 00:00:03.287747,5,120,140.0,,,,,,,,,,,50.0,85.0,90.0,,,,,,2,2.0,,,,,,,,,,,4.0,5.0,6.0,,,,,,COMPLETE
37,37,0.0,2025-01-01 08:24:32.847248,2025-01-01 08:24:35.776293,0 days 00:00:02.929045,7,5,160.0,,,,,,,,,,,20.0,5.0,130.0,140.0,60.0,,,,3,3.0,,,,,,,,,,,6.0,2.0,2.0,5.0,2.0,,,,COMPLETE
38,38,0.7756017951856384,2025-01-01 08:24:35.776788,2025-01-01 08:24:39.584087,0 days 00:00:03.807299,2,45,175.0,,,,,,,,,,,,,,,,,,,2,2.0,,,,,,,,,,,,,,,,,,,COMPLETE
39,39,0.0,2025-01-01 08:24:39.584458,2025-01-01 08:24:42.140722,0 days 00:00:02.556264,4,65,90.0,,,,,,,,,,,90.0,120.0,,,,,,,4,4.0,,,,,,,,,,,4.0,4.0,,,,,,,COMPLETE
40,40,0.0,2025-01-01 08:24:42.141131,2025-01-01 08:24:48.741740,0 days 00:00:06.600609,10,95,135.0,,,,,,,,,,,65.0,40.0,175.0,30.0,175.0,200.0,70.0,55.0,3,4.0,,,,,,,,,,,5.0,6.0,4.0,3.0,6.0,3.0,4.0,3.0,COMPLETE
41,41,0.8485714285714285,2025-01-01 08:24:48.742320,2025-01-01 08:24:52.356394,0 days 00:00:03.614074,2,15,115.0,,,,,,,,,,,,,,,,,,,3,3.0,,,,,,,,,,,,,,,,,,,COMPLETE
42,42,0.0,2025-01-01 08:24:52.356776,2025-01-01 08:24:54.444495,0 days 00:00:02.087719,3,50,125.0,,,,,,,,,,,120.0,,,,,,,,3,3.0,,,,,,,,,,,2.0,,,,,,,,COMPLETE
43,43,0.8553511705685619,2025-01-01 08:24:54.444878,2025-01-01 08:24:58.488223,0 days 00:00:04.043345,2,165,140.0,,,,,,,,,,,,,,,,,,,3,3.0,,,,,,,,,,,,,,,,,,,COMPLETE
44,44,0.8373165618448637,2025-01-01 08:24:58.488615,2025-01-01 08:25:00.150184,0 days 00:00:01.661569,1,30,,,,,,,,,,,,,,,,,,,,2,,,,,,,,,,,,,,,,,,,,COMPLETE
45,45,0.0,2025-01-01 08:25:00.150542,2025-01-01 08:25:02.907834,0 days 00:00:02.757292,5,60,95.0,,,,,,,,,,,35.0,65.0,25.0,,,,,,4,4.0,,,,,,,,,,,3.0,3.0,3.0,,,,,,COMPLETE
46,46,0.0,2025-01-01 08:25:02.908272,2025-01-01 08:25:08.955681,0 days 00:00:06.047409,14,45,115.0,70.0,60.0,105.0,100.0,,,,,,,25.0,155.0,200.0,95.0,125.0,90.0,160.0,125.0,3,2.0,2.0,3.0,4.0,2.0,,,,,,,6.0,2.0,5.0,2.0,4.0,4.0,5.0,5.0,COMPLETE
47,47,0.0,2025-01-01 08:25:08.956336,2025-01-01 08:25:12.064846,0 days 00:00:03.108510,4,25,185.0,,,,,,,,,,,170.0,185.0,,,,,,,2,5.0,,,,,,,,,,,5.0,5.0,,,,,,,COMPLETE
48,48,0.0,2025-01-01 08:25:12.065271,2025-01-01 08:25:14.271172,0 days 00:00:02.205901,7,115,135.0,,,,,,,,,,,85.0,190.0,65.0,200.0,40.0,,,,5,3.0,,,,,,,,,,,2.0,4.0,2.0,4.0,5.0,,,,COMPLETE
49,49,0.8181818181818181,2025-01-01 08:25:14.271649,2025-01-01 08:25:17.151616,0 days 00:00:02.879967,1,70,,,,,,,,,,,,,,,,,,,,4,,,,,,,,,,,,,,,,,,,,COMPLETE
50,50,0.0,2025-01-01 08:25:17.151958,2025-01-01 08:25:19.256173,0 days 00:00:02.104215,6,55,45.0,,,,,,,,,,,110.0,130.0,95.0,155.0,,,,,3,4.0,,,,,,,,,,,4.0,2.0,4.0,6.0,,,,,COMPLETE
51,51,0.8688725490196079,2025-01-01 08:25:19.256767,2025-01-01 08:25:23.298846,0 days 00:00:04.042079,2,160,145.0,,,,,,,,,,,,,,,,,,,3,3.0,,,,,,,,,,,,,,,,,,,COMPLETE
52,52,0.0,2025-01-01 08:25:23.299215,2025-01-01 08:25:26.060001,0 days 00:00:02.760786,3,160,160.0,,,,,,,,,,,10.0,,,,,,,,3,3.0,,,,,,,,,,,5.0,,,,,,,,COMPLETE
53,53,0.8485714285714285,2025-01-01 08:25:26.060390,2025-01-01 08:25:30.098886,0 days 00:00:04.038496,2,130,150.0,,,,,,,,,,,,,,,,,,,3,3.0,,,,,,,,,,,,,,,,,,,COMPLETE
54,54,0.8284313725490196,2025-01-01 08:25:30.099257,2025-01-01 08:25:32.709835,0 days 00:00:02.610578,1,185,,,,,,,,,,,,,,,,,,,,3,,,,,,,,,,,,,,,,,,,,COMPLETE
55,55,0.835016835016835,2025-01-01 08:25:32.710204,2025-01-01 08:25:37.283497,0 days 00:00:04.573293,2,150,165.0,,,,,,,,,,,,,,,,,,,3,4.0,,,,,,,,,,,,,,,,,,,COMPLETE
56,56,0.8599439775910365,2025-01-01 08:25:37.283883,2025-01-01 08:25:43.986262,0 days 00:00:06.702379,3,35,175.0,,,,,,,,,,,35.0,,,,,,,,6,5.0,,,,,,,,,,,6.0,,,,,,,,COMPLETE
57,57,0.0,2025-01-01 08:25:43.986683,2025-01-01 08:25:46.725467,0 days 00:00:02.738784,4,20,150.0,,,,,,,,,,,70.0,155.0,,,,,,,4,3.0,,,,,,,,,,,5.0,4.0,,,,,,,COMPLETE
58,58,0.8193496587715776,2025-01-01 08:25:46.725892,2025-01-01 08:25:49.146760,0 days 00:00:02.420868,1,85,,,,,,,,,,,,,,,,,,,,3,,,,,,,,,,,,,,,,,,,,COMPLETE
59,59,0.8199279711884754,2025-01-01 08:25:49.147100,2025-01-01 08:25:55.135272,0 days 00:00:05.988172,3,45,120.0,,,,,,,,,,,50.0,,,,,,,,2,6.0,,,,,,,,,,,3.0,,,,,,,,COMPLETE
60,60,0.0,2025-01-01 08:25:55.135668,2025-01-01 08:25:58.583368,0 days 00:00:03.447700,5,10,190.0,,,,,,,,,,,135.0,30.0,60.0,,,,,,3,2.0,,,,,,,,,,,4.0,6.0,6.0,,,,,,COMPLETE
61,61,0.8081632653061225,2025-01-01 08:25:58.583847,2025-01-01 08:26:06.376671,0 days 00:00:07.792824,3,30,180.0,,,,,,,,,,,30.0,,,,,,,,6,5.0,,,,,,,,,,,6.0,,,,,,,,COMPLETE
62,62,0.76759410801964,2025-01-01 08:26:06.377080,2025-01-01 08:26:11.418412,0 days 00:00:05.041332,2,35,175.0,,,,,,,,,,,,,,,,,,,5,6.0,,,,,,,,,,,,,,,,,,,COMPLETE
63,63,0.6465306122448979,2025-01-01 08:26:11.418805,2025-01-01 08:26:20.971466,0 days 00:00:09.552661,4,20,105.0,,,,,,,,,,,40.0,95.0,,,,,,,6,5.0,,,,,,,,,,,6.0,5.0,,,,,,,COMPLETE
64,64,0.7987117552334944,2025-01-01 08:26:20.971914,2025-01-01 08:26:23.866495,0 days 00:00:02.894581,1,40,,,,,,,,,,,,,,,,,,,,4,,,,,,,,,,,,,,,,,,,,COMPLETE
65,65,0.8999599839935974,2025-01-01 08:26:23.866845,2025-01-01 08:26:31.474798,0 days 00:00:07.607953,3,50,195.0,,,,,,,,,,,100.0,,,,,,,,5,5.0,,,,,,,,,,,6.0,,,,,,,,COMPLETE
66,66,0.7312939231087227,2025-01-01 08:26:31.475334,2025-01-01 08:26:40.579820,0 days 00:00:09.104486,4,60,195.0,,,,,,,,,,,95.0,15.0,,,,,,,5,6.0,,,,,,,,,,,6.0,3.0,,,,,,,COMPLETE
67,67,0.0,2025-01-01 08:26:40.580276,2025-01-01 08:26:44.710672,0 days 00:00:04.130396,6,50,130.0,,,,,,,,,,,155.0,55.0,30.0,115.0,,,,,5,3.0,,,,,,,,,,,5.0,6.0,3.0,5.0,,,,,COMPLETE
68,68,0.0,2025-01-01 08:26:44.711178,2025-01-01 08:26:53.744628,0 days 00:00:09.033450,18,25,190.0,150.0,150.0,5.0,105.0,200.0,180.0,90.0,80.0,,,105.0,145.0,50.0,50.0,75.0,35.0,105.0,45.0,3,6.0,4.0,5.0,5.0,4.0,2.0,6.0,2.0,4.0,,,6.0,5.0,2.0,3.0,3.0,6.0,3.0,5.0,COMPLETE
69,69,0.8798076923076923,2025-01-01 08:26:53.745400,2025-01-01 08:26:57.170561,0 days 00:00:03.425161,2,75,165.0,,,,,,,,,,,,,,,,,,,4,3.0,,,,,,,,,,,,,,,,,,,COMPLETE
70,70,0.8792270531400965,2025-01-01 08:26:57.170937,2025-01-01 08:27:02.995615,0 days 00:00:05.824678,3,100,165.0,,,,,,,,,,,115.0,,,,,,,,4,3.0,,,,,,,,,,,5.0,,,,,,,,COMPLETE
71,71,0.8454545454545455,2025-01-01 08:27:02.996018,2025-01-01 08:27:09.262395,0 days 00:00:06.266377,3,95,165.0,,,,,,,,,,,120.0,,,,,,,,4,3.0,,,,,,,,,,,5.0,,,,,,,,COMPLETE
72,72,0.767156862745098,2025-01-01 08:27:09.262806,2025-01-01 08:27:13.175862,0 days 00:00:03.913056,2,75,155.0,,,,,,,,,,,,,,,,,,,4,3.0,,,,,,,,,,,,,,,,,,,COMPLETE
73,73,0.0,2025-01-01 08:27:13.176261,2025-01-01 08:27:16.060249,0 days 00:00:02.883988,5,110,145.0,,,,,,,,,,,140.0,95.0,130.0,,,,,,4,3.0,,,,,,,,,,,5.0,2.0,5.0,,,,,,COMPLETE
74,74,0.7584541062801933,2025-01-01 08:27:16.060699,2025-01-01 08:27:18.920075,0 days 00:00:02.859376,1,125,,,,,,,,,,,,,,,,,,,,5,,,,,,,,,,,,,,,,,,,,COMPLETE
75,75,0.8361204013377926,2025-01-01 08:27:18.920422,2025-01-01 08:27:25.935250,0 days 00:00:07.014828,3,100,170.0,,,,,,,,,,,155.0,,,,,,,,4,5.0,,,,,,,,,,,6.0,,,,,,,,COMPLETE
76,76,0.0,2025-01-01 08:27:25.935676,2025-01-01 08:27:28.406579,0 days 00:00:02.470903,4,90,180.0,,,,,,,,,,,130.0,180.0,,,,,,,4,2.0,,,,,,,,,,,5.0,4.0,,,,,,,COMPLETE
77,77,0.8999599839935974,2025-01-01 08:27:28.406994,2025-01-01 08:27:32.913112,0 days 00:00:04.506118,2,75,200.0,,,,,,,,,,,,,,,,,,,5,4.0,,,,,,,,,,,,,,,,,,,COMPLETE
78,78,0.0,2025-01-01 08:27:32.913503,2025-01-01 08:27:35.760138,0 days 00:00:02.846635,4,80,200.0,,,,,,,,,,,115.0,75.0,,,,,,,5,4.0,,,,,,,,,,,6.0,3.0,,,,,,,COMPLETE
79,79,0.779205138498595,2025-01-01 08:27:35.760568,2025-01-01 08:27:38.757474,0 days 00:00:02.996906,1,65,,,,,,,,,,,,,,,,,,,,5,,,,,,,,,,,,,,,,,,,,COMPLETE
80,80,0.8792270531400965,2025-01-01 08:27:38.757965,2025-01-01 08:27:45.051840,0 days 00:00:06.293875,3,55,195.0,,,,,,,,,,,60.0,,,,,,,,5,4.0,,,,,,,,,,,5.0,,,,,,,,COMPLETE
81,81,0.8798076923076923,2025-01-01 08:27:45.052257,2025-01-01 08:27:51.817036,0 days 00:00:06.764779,3,50,195.0,,,,,,,,,,,55.0,,,,,,,,5,4.0,,,,,,,,,,,5.0,,,,,,,,COMPLETE
82,82,0.8599439775910365,2025-01-01 08:27:51.817461,2025-01-01 08:27:57.621015,0 days 00:00:05.803554,3,55,195.0,,,,,,,,,,,60.0,,,,,,,,5,4.0,,,,,,,,,,,5.0,,,,,,,,COMPLETE
83,83,0.772093023255814,2025-01-01 08:27:57.621429,2025-01-01 08:28:04.458395,0 days 00:00:06.836966,3,75,185.0,,,,,,,,,,,80.0,,,,,,,,5,4.0,,,,,,,,,,,5.0,,,,,,,,COMPLETE
84,84,0.7584541062801933,2025-01-01 08:28:04.458822,2025-01-01 08:28:09.207244,0 days 00:00:04.748422,2,60,195.0,,,,,,,,,,,,,,,,,,,5,4.0,,,,,,,,,,,,,,,,,,,COMPLETE
85,85,0.0,2025-01-01 08:28:09.207638,2025-01-01 08:28:12.729898,0 days 00:00:03.522260,5,45,200.0,,,,,,,,,,,95.0,130.0,160.0,,,,,,5,4.0,,,,,,,,,,,5.0,5.0,4.0,,,,,,COMPLETE
86,86,0.0,2025-01-01 08:28:12.730358,2025-01-01 08:28:15.374787,0 days 00:00:02.644429,6,55,190.0,,,,,,,,,,,50.0,115.0,75.0,25.0,,,,,5,4.0,,,,,,,,,,,4.0,6.0,3.0,4.0,,,,,COMPLETE
87,87,0.0,2025-01-01 08:28:15.375286,2025-01-01 08:28:17.980294,0 days 00:00:02.605008,4,65,180.0,,,,,,,,,,,70.0,35.0,,,,,,,5,4.0,,,,,,,,,,,5.0,2.0,,,,,,,COMPLETE
88,88,0.8199279711884754,2025-01-01 08:28:17.980742,2025-01-01 08:28:22.693782,0 days 00:00:04.713040,2,40,190.0,,,,,,,,,,,,,,,,,,,6,5.0,,,,,,,,,,,,,,,,,,,COMPLETE
89,89,0.0,2025-01-01 08:28:22.694178,2025-01-01 08:28:26.291431,0 days 00:00:03.597253,9,75,195.0,,,,,,,,,,,60.0,15.0,185.0,90.0,175.0,130.0,40.0,,5,4.0,,,,,,,,,,,4.0,3.0,2.0,2.0,2.0,2.0,5.0,,COMPLETE
90,90,0.0,2025-01-01 08:28:26.291966,2025-01-01 08:28:30.164511,0 days 00:00:03.872545,11,50,185.0,80.0,,,,,,,,,,85.0,140.0,105.0,5.0,85.0,85.0,80.0,150.0,5,4.0,5.0,,,,,,,,,,5.0,4.0,2.0,6.0,4.0,3.0,3.0,3.0,COMPLETE
91,91,0.783461210571185,2025-01-01 08:28:30.165130,2025-01-01 08:28:36.335190,0 days 00:00:06.170060,3,30,160.0,,,,,,,,,,,100.0,,,,,,,,5,5.0,,,,,,,,,,,6.0,,,,,,,,COMPLETE
92,92,0.779205138498595,2025-01-01 08:28:36.335618,2025-01-01 08:28:39.732532,0 days 00:00:03.396914,2,105,170.0,,,,,,,,,,,,,,,,,,,4,3.0,,,,,,,,,,,,,,,,,,,COMPLETE
93,93,0.7584541062801933,2025-01-01 08:28:39.732904,2025-01-01 08:28:42.191269,0 days 00:00:02.458365,1,50,,,,,,,,,,,,,,,,,,,,5,,,,,,,,,,,,,,,,,,,,COMPLETE
94,94,0.8678396072013093,2025-01-01 08:28:42.191629,2025-01-01 08:28:47.867760,0 days 00:00:05.676131,3,40,175.0,,,,,,,,,,,15.0,,,,,,,,3,4.0,,,,,,,,,,,5.0,,,,,,,,COMPLETE
95,95,0.0,2025-01-01 08:28:47.868305,2025-01-01 08:28:50.320604,0 days 00:00:02.452299,4,60,70.0,,,,,,,,,,,45.0,75.0,,,,,,,4,2.0,,,,,,,,,,,4.0,5.0,,,,,,,COMPLETE
96,96,0.8798076923076923,2025-01-01 08:28:50.321025,2025-01-01 08:28:54.151936,0 days 00:00:03.830911,2,45,180.0,,,,,,,,,,,,,,,,,,,3,3.0,,,,,,,,,,,,,,,,,,,COMPLETE
97,97,0.8486088379705401,2025-01-01 08:28:54.152313,2025-01-01 08:28:57.745714,0 days 00:00:03.593401,2,45,180.0,,,,,,,,,,,,,,,,,,,3,3.0,,,,,,,,,,,,,,,,,,,COMPLETE
98,98,0.851457840819543,2025-01-01 08:28:57.746099,2025-01-01 08:29:00.165359,0 days 00:00:02.419260,1,85,,,,,,,,,,,,,,,,,,,,3,,,,,,,,,,,,,,,,,,,,COMPLETE
99,99,0.8996386993175431,2025-01-01 08:29:00.165767,2025-01-01 08:29:06.365524,0 days 00:00:06.199757,3,55,200.0,,,,,,,,,,,75.0,,,,,,,,5,3.0,,,,,,,,,,,6.0,,,,,,,,COMPLETE
100,100,0.84,2025-01-01 08:29:06.365938,2025-01-01 08:29:10.114197,0 days 00:00:03.748259,2,70,200.0,,,,,,,,,,,,,,,,,,,5,3.0,,,,,,,,,,,,,,,,,,,COMPLETE
101,101,0.7584541062801933,2025-01-01 08:29:10.114591,2025-01-01 08:29:16.435911,0 days 00:00:06.321320,3,35,10.0,,,,,,,,,,,75.0,,,,,,,,5,3.0,,,,,,,,,,,6.0,,,,,,,,COMPLETE
102,102,0.0,2025-01-01 08:29:16.436325,2025-01-01 08:29:19.367874,0 days 00:00:02.931549,4,55,185.0,,,,,,,,,,,55.0,55.0,,,,,,,5,3.0,,,,,,,,,,,6.0,4.0,,,,,,,COMPLETE
103,103,0.8792270531400965,2025-01-01 08:29:19.368304,2025-01-01 08:29:26.177298,0 days 00:00:06.808994,3,45,195.0,,,,,,,,,,,65.0,,,,,,,,5,3.0,,,,,,,,,,,6.0,,,,,,,,COMPLETE
104,104,0.0,2025-01-01 08:29:26.177720,2025-01-01 08:29:30.043650,0 days 00:00:03.865930,5,65,190.0,,,,,,,,,,,85.0,195.0,145.0,,,,,,6,3.0,,,,,,,,,,,6.0,6.0,5.0,,,,,,COMPLETE
105,105,0.7799119647859143,2025-01-01 08:29:30.044149,2025-01-01 08:29:33.280313,0 days 00:00:03.236164,2,35,200.0,,,,,,,,,,,,,,,,,,,5,3.0,,,,,,,,,,,,,,,,,,,COMPLETE
106,106,0.0,2025-01-01 08:29:33.280712,2025-01-01 08:29:35.777160,0 days 00:00:02.496448,3,25,185.0,,,,,,,,,,,110.0,,,,,,,,3,2.0,,,,,,,,,,,6.0,,,,,,,,COMPLETE
107,107,0.7695652173913043,2025-01-01 08:29:35.777576,2025-01-01 08:29:38.264607,0 days 00:00:02.487031,1,50,,,,,,,,,,,,,,,,,,,,5,,,,,,,,,,,,,,,,,,,,COMPLETE
108,108,0.0,2025-01-01 08:29:38.264960,2025-01-01 08:29:46.143522,0 days 00:00:07.878562,15,40,165.0,40.0,50.0,145.0,115.0,5.0,,,,,,70.0,165.0,40.0,180.0,35.0,165.0,125.0,100.0,4,4.0,3.0,5.0,3.0,5.0,4.0,,,,,,5.0,3.0,6.0,3.0,6.0,5.0,5.0,2.0,COMPLETE
109,109,0.8193496587715776,2025-01-01 08:29:46.144244,2025-01-01 08:29:49.953951,0 days 00:00:03.809707,2,55,175.0,,,,,,,,,,,,,,,,,,,3,3.0,,,,,,,,,,,,,,,,,,,COMPLETE
110,110,0.0,2025-01-01 08:29:49.954490,2025-01-01 08:29:52.365861,0 days 00:00:02.411371,4,60,195.0,,,,,,,,,,,45.0,95.0,,,,,,,4,3.0,,,,,,,,,,,5.0,2.0,,,,,,,COMPLETE
111,111,0.8884803921568627,2025-01-01 08:29:52.366287,2025-01-01 08:29:59.142345,0 days 00:00:06.776058,3,45,195.0,,,,,,,,,,,65.0,,,,,,,,5,3.0,,,,,,,,,,,6.0,,,,,,,,COMPLETE
112,112,0.7987117552334944,2025-01-01 08:29:59.142771,2025-01-01 08:30:05.612171,0 days 00:00:06.469400,3,70,200.0,,,,,,,,,,,55.0,,,,,,,,5,3.0,,,,,,,,,,,6.0,,,,,,,,COMPLETE
