,number,value,datetime_start,datetime_complete,duration,params_depth,params_neurons_layer_0,params_neurons_layer_1,params_neurons_layer_10,params_neurons_layer_11,params_neurons_layer_12,params_neurons_layer_13,params_neurons_layer_14,params_neurons_layer_15,params_neurons_layer_16,params_neurons_layer_17,params_neurons_layer_18,params_neurons_layer_19,params_neurons_layer_2,params_neurons_layer_3,params_neurons_layer_4,params_neurons_layer_5,params_neurons_layer_6,params_neurons_layer_7,params_neurons_layer_8,params_neurons_layer_9,params_orders_layer_0,params_orders_layer_1,params_orders_layer_10,params_orders_layer_11,params_orders_layer_12,params_orders_layer_13,params_orders_layer_14,params_orders_layer_15,params_orders_layer_16,params_orders_layer_17,params_orders_layer_18,params_orders_layer_19,params_orders_layer_2,params_orders_layer_3,params_orders_layer_4,params_orders_layer_5,params_orders_layer_6,params_orders_layer_7,params_orders_layer_8,params_orders_layer_9,state
234,234,0.0,2025-01-01 08:41:03.552894,2025-01-01 08:41:06.515293,0 days 00:00:02.962399,3,150,190.0,,,,,,,,,,,15.0,,,,,,,,3,6.0,,,,,,,,,,,6.0,,,,,,,,COMPLETE
235,235,0.0,2025-01-01 08:41:06.515742,2025-01-01 08:41:09.697077,0 days 00:00:03.181335,3,140,185.0,,,,,,,,,,,25.0,,,,,,,,3,6.0,,,,,,,,,,,6.0,,,,,,,,COMPLETE
236,236,0.0,2025-01-01 08:41:09.697528,2025-01-01 08:41:14.069600,0 days 00:00:04.372072,4,145,195.0,,,,,,,,,,,5.0,65.0,,,,,,,3,6.0,,,,,,,,,,,6.0,5.0,,,,,,,COMPLETE
237,237,0.9493877551020409,2025-01-01 08:41:14.070075,2025-01-01 08:41:22.028458,0 days 00:00:07.958383,3,150,180.0,,,,,,,,,,,20.0,,,,,,,,3,6.0,,,,,,,,,,,6.0,,,,,,,,COMPLETE
238,238,0.88,2025-01-01 08:41:22.028921,2025-01-01 08:41:29.840017,0 days 00:00:07.811096,3,150,180.0,,,,,,,,,,,20.0,,,,,,,,3,6.0,,,,,,,,,,,6.0,,,,,,,,COMPLETE
239,239,0.8,2025-01-01 08:41:29.840465,2025-01-01 08:41:37.086775,0 days 00:00:07.246310,4,150,190.0,,,,,,,,,,,15.0,90.0,,,,,,,3,6.0,,,,,,,,,,,6.0,2.0,,,,,,,COMPLETE
240,240,0.8996386993175431,2025-01-01 08:41:37.087243,2025-01-01 08:41:45.456353,0 days 00:00:08.369110,3,145,185.0,,,,,,,,,,,10.0,,,,,,,,3,6.0,,,,,,,,,,,6.0,,,,,,,,COMPLETE
241,241,0.898989898989899,2025-01-01 08:41:45.456959,2025-01-01 08:41:52.844825,0 days 00:00:07.387866,3,155,185.0,,,,,,,,,,,10.0,,,,,,,,3,6.0,,,,,,,,,,,6.0,,,,,,,,COMPLETE
242,242,0.8979591836734694,2025-01-01 08:41:52.845299,2025-01-01 08:42:00.716177,0 days 00:00:07.870878,3,160,180.0,,,,,,,,,,,10.0,,,,,,,,3,6.0,,,,,,,,,,,6.0,,,,,,,,COMPLETE
243,243,0.88,2025-01-01 08:42:00.716646,2025-01-01 08:42:09.131984,0 days 00:00:08.415338,3,170,180.0,,,,,,,,,,,10.0,,,,,,,,3,6.0,,,,,,,,,,,6.0,,,,,,,,COMPLETE
244,244,0.6598639455782312,2025-01-01 08:42:09.132435,2025-01-01 08:42:19.321762,0 days 00:00:10.189327,4,160,185.0,,,,,,,,,,,5.0,10.0,,,,,,,3,6.0,,,,,,,,,,,6.0,3.0,,,,,,,COMPLETE
245,245,0.0,2025-01-01 08:42:19.322271,2025-01-01 08:42:25.581393,0 days 00:00:06.259122,12,145,180.0,40.0,175.0,,,,,,,,,10.0,145.0,110.0,125.0,30.0,120.0,55.0,100.0,3,6.0,3.0,4.0,,,,,,,,,6.0,5.0,5.0,3.0,3.0,6.0,3.0,4.0,COMPLETE
246,246,0.8389694041867954,2025-01-01 08:42:25.582079,2025-01-01 08:42:32.936144,0 days 00:00:07.354065,3,155,175.0,,,,,,,,,,,20.0,,,,,,,,3,6.0,,,,,,,,,,,6.0,,,,,,,,COMPLETE
247,247,0.8585858585858586,2025-01-01 08:42:32.936617,2025-01-01 08:42:40.244612,0 days 00:00:07.307995,3,145,185.0,,,,,,,,,,,15.0,,,,,,,,3,6.0,,,,,,,,,,,6.0,,,,,,,,COMPLETE
248,248,0.8199279711884754,2025-01-01 08:42:40.245073,2025-01-01 08:42:48.161180,0 days 00:00:07.916107,3,155,180.0,,,,,,,,,,,25.0,,,,,,,,3,6.0,,,,,,,,,,,6.0,,,,,,,,COMPLETE
249,249,0.8284313725490196,2025-01-01 08:42:48.161646,2025-01-01 08:43:00.452878,0 days 00:00:12.291232,4,155,175.0,,,,,,,,,,,10.0,110.0,,,,,,,3,6.0,,,,,,,,,,,6.0,5.0,,,,,,,COMPLETE
250,250,0.8798076923076923,2025-01-01 08:43:00.453531,2025-01-01 08:43:07.818180,0 days 00:00:07.364649,3,165,185.0,,,,,,,,,,,15.0,,,,,,,,3,6.0,,,,,,,,,,,6.0,,,,,,,,COMPLETE
251,251,0.8452380952380952,2025-01-01 08:43:07.818650,2025-01-01 08:43:15.204426,0 days 00:00:07.385776,3,155,175.0,,,,,,,,,,,5.0,,,,,,,,3,6.0,,,,,,,,,,,6.0,,,,,,,,COMPLETE
252,252,0.8599439775910365,2025-01-01 08:43:15.204927,2025-01-01 08:43:23.120147,0 days 00:00:07.915220,3,145,185.0,,,,,,,,,,,20.0,,,,,,,,3,6.0,,,,,,,,,,,6.0,,,,,,,,COMPLETE
253,253,0.7475490196078431,2025-01-01 08:43:23.120619,2025-01-01 08:43:33.434039,0 days 00:00:10.313420,4,150,190.0,,,,,,,,,,,30.0,190.0,,,,,,,3,6.0,,,,,,,,,,,6.0,4.0,,,,,,,COMPLETE
254,254,0.8685714285714285,2025-01-01 08:43:33.434547,2025-01-01 08:43:39.716047,0 days 00:00:06.281500,3,160,180.0,,,,,,,,,,,10.0,,,,,,,,3,6.0,,,,,,,,,,,6.0,,,,,,,,COMPLETE
255,255,0.8281632653061224,2025-01-01 08:43:39.716512,2025-01-01 08:43:44.833627,0 days 00:00:05.117115,2,150,190.0,,,,,,,,,,,,,,,,,,,3,6.0,,,,,,,,,,,,,,,,,,,COMPLETE
256,256,0.8,2025-01-01 08:43:44.834080,2025-01-01 08:43:56.130096,0 days 00:00:11.296016,4,140,180.0,,,,,,,,,,,15.0,125.0,,,,,,,3,6.0,,,,,,,,,,,6.0,6.0,,,,,,,COMPLETE
257,257,0.828137817883511,2025-01-01 08:43:56.130588,2025-01-01 08:44:00.928188,0 days 00:00:04.797600,2,170,185.0,,,,,,,,,,,,,,,,,,,3,6.0,,,,,,,,,,,,,,,,,,,COMPLETE
258,258,0.8775510204081632,2025-01-01 08:44:00.928628,2025-01-01 08:44:08.303747,0 days 00:00:07.375119,3,120,170.0,,,,,,,,,,,20.0,,,,,,,,3,6.0,,,,,,,,,,,6.0,,,,,,,,COMPLETE
259,259,0.84,2025-01-01 08:44:08.304214,2025-01-01 08:44:16.160383,0 days 00:00:07.856169,3,130,175.0,,,,,,,,,,,5.0,,,,,,,,3,6.0,,,,,,,,,,,6.0,,,,,,,,COMPLETE
260,260,0.8594941790445605,2025-01-01 08:44:16.160999,2025-01-01 08:44:21.643399,0 days 00:00:05.482400,2,155,195.0,,,,,,,,,,,,,,,,,,,3,6.0,,,,,,,,,,,,,,,,,,,COMPLETE
261,261,0.8884803921568627,2025-01-01 08:44:21.643837,2025-01-01 08:44:29.546409,0 days 00:00:07.902572,3,165,185.0,,,,,,,,,,,10.0,,,,,,,,3,6.0,,,,,,,,,,,6.0,,,,,,,,COMPLETE
262,262,0.0,2025-01-01 08:44:29.546873,2025-01-01 08:44:31.821552,0 days 00:00:02.274679,4,120,200.0,,,,,,,,,,,25.0,55.0,,,,,,,3,2.0,,,,,,,,,,,6.0,2.0,,,,,,,COMPLETE
263,263,0.8798076923076923,2025-01-01 08:44:31.822022,2025-01-01 08:44:37.348287,0 days 00:00:05.526265,2,115,190.0,,,,,,,,,,,,,,,,,,,3,6.0,,,,,,,,,,,,,,,,,,,COMPLETE
264,264,0.8193496587715776,2025-01-01 08:44:37.348748,2025-01-01 08:44:45.245929,0 days 00:00:07.897181,3,125,175.0,,,,,,,,,,,15.0,,,,,,,,3,6.0,,,,,,,,,,,6.0,,,,,,,,COMPLETE
265,265,0.8199279711884754,2025-01-01 08:44:45.246396,2025-01-01 08:44:50.334777,0 days 00:00:05.088381,2,145,185.0,,,,,,,,,,,,,,,,,,,3,6.0,,,,,,,,,,,,,,,,,,,COMPLETE
266,266,0.0,2025-01-01 08:44:50.335209,2025-01-01 08:44:53.507751,0 days 00:00:03.172542,3,130,180.0,,,,,,,,,,,30.0,,,,,,,,3,6.0,,,,,,,,,,,6.0,,,,,,,,COMPLETE
267,267,0.8470057424118129,2025-01-01 08:44:53.508206,2025-01-01 08:44:58.231119,0 days 00:00:04.722913,2,150,195.0,,,,,,,,,,,,,,,,,,,2,6.0,,,,,,,,,,,,,,,,,,,COMPLETE
268,268,0.9194847020933977,2025-01-01 08:44:58.231555,2025-01-01 08:45:06.108199,0 days 00:00:07.876644,3,140,175.0,,,,,,,,,,,5.0,,,,,,,,3,6.0,,,,,,,,,,,6.0,,,,,,,,COMPLETE
269,269,0.6524822695035462,2025-01-01 08:45:06.108671,2025-01-01 08:45:17.073444,0 days 00:00:10.964773,4,140,170.0,,,,,,,,,,,5.0,80.0,,,,,,,3,6.0,,,,,,,,,,,6.0,3.0,,,,,,,COMPLETE
270,270,0.8193496587715776,2025-01-01 08:45:17.073971,2025-01-01 08:45:24.972575,0 days 00:00:07.898604,3,130,175.0,,,,,,,,,,,10.0,,,,,,,,3,6.0,,,,,,,,,,,6.0,,,,,,,,COMPLETE
271,271,0.8884803921568627,2025-01-01 08:45:24.973039,2025-01-01 08:45:32.814182,0 days 00:00:07.841143,3,105,180.0,,,,,,,,,,,15.0,,,,,,,,3,6.0,,,,,,,,,,,6.0,,,,,,,,COMPLETE
272,272,0.8957881024750325,2025-01-01 08:45:32.814806,2025-01-01 08:45:40.629193,0 days 00:00:07.814387,3,135,65.0,,,,,,,,,,,20.0,,,,,,,,3,6.0,,,,,,,,,,,6.0,,,,,,,,COMPLETE
273,273,0.7564935064935066,2025-01-01 08:45:40.629658,2025-01-01 08:45:51.919120,0 days 00:00:11.289462,4,140,35.0,,,,,,,,,,,20.0,25.0,,,,,,,3,6.0,,,,,,,,,,,6.0,5.0,,,,,,,COMPLETE
274,274,0.816020025031289,2025-01-01 08:45:51.919652,2025-01-01 08:45:59.861241,0 days 00:00:07.941589,3,135,75.0,,,,,,,,,,,5.0,,,,,,,,3,6.0,,,,,,,,,,,6.0,,,,,,,,COMPLETE
275,275,0.7584541062801933,2025-01-01 08:45:59.861715,2025-01-01 08:46:10.974187,0 days 00:00:11.112472,4,145,170.0,,,,,,,,,,,25.0,35.0,,,,,,,3,6.0,,,,,,,,,,,6.0,4.0,,,,,,,COMPLETE
276,276,0.8599439775910365,2025-01-01 08:46:10.974694,2025-01-01 08:46:18.874802,0 days 00:00:07.900108,3,140,175.0,,,,,,,,,,,15.0,,,,,,,,3,6.0,,,,,,,,,,,6.0,,,,,,,,COMPLETE
277,277,0.6247954173486088,2025-01-01 08:46:18.875267,2025-01-01 08:46:26.277057,0 days 00:00:07.401790,3,125,15.0,,,,,,,,,,,10.0,,,,,,,,3,6.0,,,,,,,,,,,6.0,,,,,,,,COMPLETE
278,278,0.8688725490196079,2025-01-01 08:46:26.277525,2025-01-01 08:46:31.031033,0 days 00:00:04.753508,2,135,45.0,,,,,,,,,,,,,,,,,,,3,6.0,,,,,,,,,,,,,,,,,,,COMPLETE
279,279,0.8996386993175431,2025-01-01 08:46:31.031461,2025-01-01 08:46:39.481114,0 days 00:00:08.449653,3,200,165.0,,,,,,,,,,,20.0,,,,,,,,3,6.0,,,,,,,,,,,6.0,,,,,,,,COMPLETE
280,280,0.8486088379705401,2025-01-01 08:46:39.481584,2025-01-01 08:46:45.941693,0 days 00:00:06.460109,3,190,95.0,,,,,,,,,,,20.0,,,,,,,,3,6.0,,,,,,,,,,,6.0,,,,,,,,COMPLETE
281,281,0.8685714285714285,2025-01-01 08:46:45.942305,2025-01-01 08:46:51.413039,0 days 00:00:05.470734,2,135,165.0,,,,,,,,,,,,,,,,,,,3,6.0,,,,,,,,,,,,,,,,,,,COMPLETE
282,282,0.0,2025-01-01 08:46:51.413466,2025-01-01 08:46:55.107122,0 days 00:00:03.693656,4,180,165.0,,,,,,,,,,,25.0,70.0,,,,,,,3,6.0,,,,,,,,,,,6.0,6.0,,,,,,,COMPLETE
283,283,0.828137817883511,2025-01-01 08:46:55.107633,2025-01-01 08:47:02.540169,0 days 00:00:07.432536,3,195,170.0,,,,,,,,,,,10.0,,,,,,,,3,6.0,,,,,,,,,,,6.0,,,,,,,,COMPLETE
284,284,0.8594941790445605,2025-01-01 08:47:02.540656,2025-01-01 08:47:09.413518,0 days 00:00:06.872862,3,115,65.0,,,,,,,,,,,20.0,,,,,,,,3,2.0,,,,,,,,,,,6.0,,,,,,,,COMPLETE
285,285,0.8389694041867954,2025-01-01 08:47:09.413976,2025-01-01 08:47:14.868391,0 days 00:00:05.454415,2,145,180.0,,,,,,,,,,,,,,,,,,,3,6.0,,,,,,,,,,,,,,,,,,,COMPLETE
286,286,0.0,2025-01-01 08:47:14.868838,2025-01-01 08:47:17.977145,0 days 00:00:03.108307,3,200,175.0,,,,,,,,,,,5.0,,,,,,,,3,6.0,,,,,,,,,,,6.0,,,,,,,,COMPLETE
287,287,0.8687448728465956,2025-01-01 08:47:17.977608,2025-01-01 08:47:23.109367,0 days 00:00:05.131759,2,120,160.0,,,,,,,,,,,,,,,,,,,3,6.0,,,,,,,,,,,,,,,,,,,COMPLETE
288,288,0.8594941790445605,2025-01-01 08:47:23.109820,2025-01-01 08:47:30.460928,0 days 00:00:07.351108,3,130,190.0,,,,,,,,,,,15.0,,,,,,,,3,6.0,,,,,,,,,,,6.0,,,,,,,,COMPLETE
289,289,0.0,2025-01-01 08:47:30.461399,2025-01-01 08:47:33.433045,0 days 00:00:02.971646,7,140,55.0,,,,,,,,,,,20.0,140.0,190.0,165.0,120.0,,,,3,6.0,,,,,,,,,,,6.0,2.0,3.0,6.0,4.0,,,,COMPLETE
290,290,0.7469237079573421,2025-01-01 08:47:33.433618,2025-01-01 08:47:44.114534,0 days 00:00:10.680916,4,175,185.0,,,,,,,,,,,10.0,170.0,,,,,,,3,6.0,,,,,,,,,,,6.0,3.0,,,,,,,COMPLETE
291,291,0.7895424836601307,2025-01-01 08:47:44.115028,2025-01-01 08:47:46.547556,0 days 00:00:02.432528,1,110,,,,,,,,,,,,,,,,,,,,3,,,,,,,,,,,,,,,,,,,,COMPLETE
292,292,0.8470057424118129,2025-01-01 08:47:46.547955,2025-01-01 08:47:51.669896,0 days 00:00:05.121941,2,125,180.0,,,,,,,,,,,,,,,,,,,3,6.0,,,,,,,,,,,,,,,,,,,COMPLETE
293,293,0.0,2025-01-01 08:47:51.670335,2025-01-01 08:47:56.171844,0 days 00:00:04.501509,9,150,165.0,,,,,,,,,,,15.0,195.0,135.0,155.0,135.0,70.0,85.0,,3,6.0,,,,,,,,,,,6.0,4.0,4.0,2.0,5.0,3.0,4.0,,COMPLETE
294,294,0.0,2025-01-01 08:47:56.172458,2025-01-01 08:47:59.664386,0 days 00:00:03.491928,3,135,170.0,,,,,,,,,,,35.0,,,,,,,,3,6.0,,,,,,,,,,,6.0,,,,,,,,COMPLETE
295,295,0.828137817883511,2025-01-01 08:47:59.664858,2025-01-01 08:48:04.720690,0 days 00:00:05.055832,2,115,200.0,,,,,,,,,,,,,,,,,,,3,5.0,,,,,,,,,,,,,,,,,,,COMPLETE
296,296,0.8481481481481481,2025-01-01 08:48:04.721271,2025-01-01 08:48:13.446233,0 days 00:00:08.724962,3,130,90.0,,,,,,,,,,,5.0,,,,,,,,6,6.0,,,,,,,,,,,6.0,,,,,,,,COMPLETE
297,297,0.0,2025-01-01 08:48:13.446714,2025-01-01 08:48:16.710608,0 days 00:00:03.263894,4,145,110.0,,,,,,,,,,,25.0,90.0,,,,,,,3,6.0,,,,,,,,,,,6.0,3.0,,,,,,,COMPLETE
298,298,0.8798076923076923,2025-01-01 08:48:16.711093,2025-01-01 08:48:21.833615,0 days 00:00:05.122522,2,140,180.0,,,,,,,,,,,,,,,,,,,3,6.0,,,,,,,,,,,,,,,,,,,COMPLETE
299,299,0.8599439775910365,2025-01-01 08:48:21.834069,2025-01-01 08:48:28.319413,0 days 00:00:06.485344,3,120,185.0,,,,,,,,,,,10.0,,,,,,,,3,6.0,,,,,,,,,,,3.0,,,,,,,,COMPLETE
300,300,0.8150943396226416,2025-01-01 08:48:28.319879,2025-01-01 08:48:33.504318,0 days 00:00:05.184439,2,125,190.0,,,,,,,,,,,,,,,,,,,3,6.0,,,,,,,,,,,,,,,,,,,COMPLETE
301,301,0.0,2025-01-01 08:48:33.504772,2025-01-01 08:48:35.563071,0 days 00:00:02.058299,3,155,195.0,,,,,,,,,,,15.0,,,,,,,,3,2.0,,,,,,,,,,,6.0,,,,,,,,COMPLETE
302,302,0.7868248772504092,2025-01-01 08:48:35.563525,2025-01-01 08:48:46.998528,0 days 00:00:11.435003,4,145,175.0,,,,,,,,,,,20.0,115.0,,,,,,,3,6.0,,,,,,,,,,,6.0,5.0,,,,,,,COMPLETE
303,303,0.8361204013377926,2025-01-01 08:48:46.999047,2025-01-01 08:48:54.165617,0 days 00:00:07.166570,3,100,160.0,,,,,,,,,,,30.0,,,,,,,,3,6.0,,,,,,,,,,,6.0,,,,,,,,COMPLETE
304,304,0.8116627265563435,2025-01-01 08:48:54.166083,2025-01-01 08:48:56.612387,0 days 00:00:02.446304,1,150,,,,,,,,,,,,,,,,,,,,3,,,,,,,,,,,,,,,,,,,,COMPLETE
305,305,0.8578595317725752,2025-01-01 08:48:56.612784,2025-01-01 08:49:01.717599,0 days 00:00:05.104815,2,135,185.0,,,,,,,,,,,,,,,,,,,3,6.0,,,,,,,,,,,,,,,,,,,COMPLETE
306,306,0.8599439775910365,2025-01-01 08:49:01.718045,2025-01-01 08:49:09.063072,0 days 00:00:07.345027,3,110,180.0,,,,,,,,,,,5.0,,,,,,,,3,6.0,,,,,,,,,,,6.0,,,,,,,,COMPLETE
307,307,0.8122895622895623,2025-01-01 08:49:09.063551,2025-01-01 08:49:16.917928,0 days 00:00:07.854377,3,125,190.0,,,,,,,,,,,10.0,,,,,,,,2,6.0,,,,,,,,,,,6.0,,,,,,,,COMPLETE
308,308,0.8891162029459901,2025-01-01 08:49:16.918578,2025-01-01 08:49:22.056299,0 days 00:00:05.137721,2,120,170.0,,,,,,,,,,,,,,,,,,,3,6.0,,,,,,,,,,,,,,,,,,,COMPLETE
309,309,0.7726333195535345,2025-01-01 08:49:22.056756,2025-01-01 08:49:32.230824,0 days 00:00:10.174068,4,130,175.0,,,,,,,,,,,15.0,60.0,,,,,,,3,6.0,,,,,,,,,,,6.0,6.0,,,,,,,COMPLETE
310,310,0.0,2025-01-01 08:49:32.231354,2025-01-01 08:49:35.447020,0 days 00:00:03.215666,3,140,195.0,,,,,,,,,,,145.0,,,,,,,,3,6.0,,,,,,,,,,,6.0,,,,,,,,COMPLETE
311,311,0.0,2025-01-01 08:49:35.447502,2025-01-01 08:49:38.563325,0 days 00:00:03.115823,3,160,180.0,,,,,,,,,,,35.0,,,,,,,,3,6.0,,,,,,,,,,,6.0,,,,,,,,COMPLETE
312,312,0.8181818181818181,2025-01-01 08:49:38.563823,2025-01-01 08:49:41.201359,0 days 00:00:02.637536,1,90,,,,,,,,,,,,,,,,,,,,3,,,,,,,,,,,,,,,,,,,,COMPLETE
313,313,0.8281632653061224,2025-01-01 08:49:41.201802,2025-01-01 08:49:45.979413,0 days 00:00:04.777611,2,115,165.0,,,,,,,,,,,,,,,,,,,3,5.0,,,,,,,,,,,,,,,,,,,COMPLETE
314,314,0.8199279711884754,2025-01-01 08:49:45.979886,2025-01-01 08:49:51.189504,0 days 00:00:05.209618,2,145,190.0,,,,,,,,,,,,,,,,,,,3,6.0,,,,,,,,,,,,,,,,,,,COMPLETE
315,315,0.8193496587715776,2025-01-01 08:49:51.189968,2025-01-01 08:49:57.575511,0 days 00:00:06.385543,4,135,25.0,,,,,,,,,,,25.0,40.0,,,,,,,3,6.0,,,,,,,,,,,6.0,4.0,,,,,,,COMPLETE
316,316,0.0,2025-01-01 08:49:57.576022,2025-01-01 08:50:00.788382,0 days 00:00:03.212360,5,120,170.0,,,,,,,,,,,5.0,150.0,55.0,,,,,,3,6.0,,,,,,,,,,,6.0,2.0,2.0,,,,,,COMPLETE
317,317,0.8470057424118129,2025-01-01 08:50:00.788903,2025-01-01 08:50:08.772382,0 days 00:00:07.983479,3,150,200.0,,,,,,,,,,,15.0,,,,,,,,3,6.0,,,,,,,,,,,6.0,,,,,,,,COMPLETE
318,318,0.8599439775910365,2025-01-01 08:50:08.772858,2025-01-01 08:50:17.344205,0 days 00:00:08.571347,3,125,80.0,,,,,,,,,,,20.0,,,,,,,,3,6.0,,,,,,,,,,,6.0,,,,,,,,COMPLETE
319,319,0.8798076923076923,2025-01-01 08:50:17.344703,2025-01-01 08:50:21.387786,0 days 00:00:04.043083,2,155,185.0,,,,,,,,,,,,,,,,,,,3,2.0,,,,,,,,,,,,,,,,,,,COMPLETE
320,320,0.0,2025-01-01 08:50:21.388230,2025-01-01 08:50:24.288185,0 days 00:00:02.899955,4,180,105.0,,,,,,,,,,,30.0,100.0,,,,,,,3,6.0,,,,,,,,,,,4.0,3.0,,,,,,,COMPLETE
321,321,0.0,2025-01-01 08:50:24.288828,2025-01-01 08:50:27.872467,0 days 00:00:03.583639,3,105,175.0,,,,,,,,,,,10.0,,,,,,,,3,6.0,,,,,,,,,,,6.0,,,,,,,,COMPLETE
322,322,0.825925925925926,2025-01-01 08:50:27.872986,2025-01-01 08:50:33.468350,0 days 00:00:05.595364,2,130,155.0,,,,,,,,,,,,,,,,,,,3,6.0,,,,,,,,,,,,,,,,,,,COMPLETE
323,323,0.8470057424118129,2025-01-01 08:50:33.468819,2025-01-01 08:50:41.467895,0 days 00:00:07.999076,3,35,190.0,,,,,,,,,,,20.0,,,,,,,,3,6.0,,,,,,,,,,,6.0,,,,,,,,COMPLETE
324,324,0.8999599839935974,2025-01-01 08:50:41.468387,2025-01-01 08:50:45.619229,0 days 00:00:04.150842,2,140,55.0,,,,,,,,,,,,,,,,,,,3,6.0,,,,,,,,,,,,,,,,,,,COMPLETE
325,325,0.84,2025-01-01 08:50:45.619704,2025-01-01 08:50:48.475833,0 days 00:00:02.856129,1,140,,,,,,,,,,,,,,,,,,,,3,,,,,,,,,,,,,,,,,,,,COMPLETE
326,326,0.0,2025-01-01 08:50:48.476278,2025-01-01 08:50:53.294336,0 days 00:00:04.818058,8,195,180.0,,,,,,,,,,,110.0,15.0,85.0,20.0,155.0,100.0,,,3,6.0,,,,,,,,,,,5.0,5.0,6.0,4.0,4.0,5.0,,,COMPLETE
327,327,0.9089795918367347,2025-01-01 08:50:53.294973,2025-01-01 08:50:58.408785,0 days 00:00:05.113812,2,145,185.0,,,,,,,,,,,,,,,,,,,3,6.0,,,,,,,,,,,,,,,,,,,COMPLETE
328,328,0.8240740740740741,2025-01-01 08:50:58.409242,2025-01-01 08:51:00.149635,0 days 00:00:01.740393,1,145,,,,,,,,,,,,,,,,,,,,3,,,,,,,,,,,,,,,,,,,,COMPLETE
329,329,0.8566666666666667,2025-01-01 08:51:00.150046,2025-01-01 08:51:05.194915,0 days 00:00:05.044869,2,160,55.0,,,,,,,,,,,,,,,,,,,3,5.0,,,,,,,,,,,,,,,,,,,COMPLETE
330,330,0.8889795918367347,2025-01-01 08:51:05.195363,2025-01-01 08:51:10.365700,0 days 00:00:05.170337,2,145,175.0,,,,,,,,,,,,,,,,,,,3,6.0,,,,,,,,,,,,,,,,,,,COMPLETE
331,331,0.8480392156862746,2025-01-01 08:51:10.366151,2025-01-01 08:51:13.013243,0 days 00:00:02.647092,1,140,,,,,,,,,,,,,,,,,,,,3,,,,,,,,,,,,,,,,,,,,COMPLETE
332,332,0.8685714285714285,2025-01-01 08:51:13.013701,2025-01-01 08:51:18.218648,0 days 00:00:05.204947,2,150,195.0,,,,,,,,,,,,,,,,,,,3,6.0,,,,,,,,,,,,,,,,,,,COMPLETE
333,333,0.8864795918367347,2025-01-01 08:51:18.219106,2025-01-01 08:51:21.039630,0 days 00:00:02.820524,1,150,,,,,,,,,,,,,,,,,,,,3,,,,,,,,,,,,,,,,,,,,COMPLETE
334,334,0.8470057424118129,2025-01-01 08:51:21.040050,2025-01-01 08:51:25.465898,0 days 00:00:04.425848,2,45,120.0,,,,,,,,,,,,,,,,,,,3,6.0,,,,,,,,,,,,,,,,,,,COMPLETE
335,335,0.8313725490196079,2025-01-01 08:51:25.466354,2025-01-01 08:51:30.933578,0 days 00:00:05.467224,2,140,185.0,,,,,,,,,,,,,,,,,,,3,6.0,,,,,,,,,,,,,,,,,,,COMPLETE
336,336,0.8685714285714285,2025-01-01 08:51:30.934026,2025-01-01 08:51:36.058077,0 days 00:00:05.124051,2,150,180.0,,,,,,,,,,,,,,,,,,,3,6.0,,,,,,,,,,,,,,,,,,,COMPLETE
337,337,0.7987117552334944,2025-01-01 08:51:36.058678,2025-01-01 08:51:41.496210,0 days 00:00:05.437532,2,145,200.0,,,,,,,,,,,,,,,,,,,6,6.0,,,,,,,,,,,,,,,,,,,COMPLETE
338,338,0.8678396072013093,2025-01-01 08:51:41.496676,2025-01-01 08:51:46.393948,0 days 00:00:04.897272,2,35,170.0,,,,,,,,,,,,,,,,,,,3,6.0,,,,,,,,,,,,,,,,,,,COMPLETE
339,339,0.8775,2025-01-01 08:51:46.394404,2025-01-01 08:51:51.891313,0 days 00:00:05.496909,2,155,180.0,,,,,,,,,,,,,,,,,,,3,6.0,,,,,,,,,,,,,,,,,,,COMPLETE
340,340,0.0,2025-01-01 08:51:51.891791,2025-01-01 08:51:56.535423,0 days 00:00:04.643632,6,140,190.0,,,,,,,,,,,5.0,50.0,100.0,105.0,,,,,3,6.0,,,,,,,,,,,6.0,6.0,3.0,5.0,,,,,COMPLETE
341,341,0.8574999999999999,2025-01-01 08:51:56.536003,2025-01-01 08:52:03.878297,0 days 00:00:07.342294,3,40,175.0,,,,,,,,,,,10.0,,,,,,,,3,6.0,,,,,,,,,,,6.0,,,,,,,,COMPLETE
342,342,0.0,2025-01-01 08:52:03.878791,2025-01-01 08:52:10.875392,0 days 00:00:06.996601,14,145,160.0,180.0,125.0,85.0,70.0,,,,,,,90.0,180.0,15.0,40.0,90.0,25.0,180.0,145.0,3,6.0,2.0,3.0,6.0,3.0,,,,,,,2.0,2.0,4.0,3.0,6.0,5.0,2.0,3.0,COMPLETE
343,343,0.7614634146341464,2025-01-01 08:52:10.876129,2025-01-01 08:52:13.651723,0 days 00:00:02.775594,1,50,,,,,,,,,,,,,,,,,,,,3,,,,,,,,,,,,,,,,,,,,COMPLETE
344,344,0.8792270531400965,2025-01-01 08:52:13.652150,2025-01-01 08:52:22.032516,0 days 00:00:08.380366,3,135,185.0,,,,,,,,,,,5.0,,,,,,,,3,6.0,,,,,,,,,,,6.0,,,,,,,,COMPLETE
345,345,0.0,2025-01-01 08:52:22.033002,2025-01-01 08:52:26.353366,0 days 00:00:04.320364,11,30,165.0,140.0,,,,,,,,,,120.0,125.0,140.0,125.0,65.0,180.0,25.0,180.0,3,6.0,4.0,,,,,,,,,,6.0,3.0,5.0,2.0,3.0,6.0,6.0,5.0,COMPLETE
346,346,0.88,2025-01-01 08:52:26.354057,2025-01-01 08:52:31.500869,0 days 00:00:05.146812,3,40,190.0,,,,,,,,,,,170.0,,,,,,,,3,6.0,,,,,,,,,,,6.0,,,,,,,,COMPLETE
347,347,0.0,2025-01-01 08:52:31.501352,2025-01-01 08:52:34.177387,0 days 00:00:02.676035,4,115,185.0,,,,,,,,,,,40.0,160.0,,,,,,,3,2.0,,,,,,,,,,,6.0,4.0,,,,,,,COMPLETE
348,348,0.9089795918367347,2025-01-01 08:52:34.177877,2025-01-01 08:52:39.353362,0 days 00:00:05.175485,2,165,195.0,,,,,,,,,,,,,,,,,,,3,6.0,,,,,,,,,,,,,,,,,,,COMPLETE
349,349,0.0,2025-01-01 08:52:39.353842,2025-01-01 08:52:46.381422,0 days 00:00:07.027580,17,45,200.0,110.0,30.0,130.0,155.0,155.0,145.0,140.0,,,,30.0,80.0,65.0,60.0,45.0,110.0,5.0,25.0,3,6.0,6.0,5.0,4.0,6.0,5.0,3.0,2.0,,,,6.0,6.0,6.0,6.0,2.0,5.0,3.0,6.0,COMPLETE
350,350,0.8240740740740741,2025-01-01 08:52:46.382387,2025-01-01 08:52:49.008324,0 days 00:00:02.625937,1,165,,,,,,,,,,,,,,,,,,,,3,,,,,,,,,,,,,,,,,,,,COMPLETE
351,351,0.8599439775910365,2025-01-01 08:52:49.008753,2025-01-01 08:52:53.816179,0 days 00:00:04.807426,2,185,195.0,,,,,,,,,,,,,,,,,,,3,4.0,,,,,,,,,,,,,,,,,,,COMPLETE
352,352,0.8553511705685619,2025-01-01 08:52:53.816630,2025-01-01 08:52:58.943518,0 days 00:00:05.126888,2,140,195.0,,,,,,,,,,,,,,,,,,,3,6.0,,,,,,,,,,,,,,,,,,,COMPLETE
353,353,0.7937710437710437,2025-01-01 08:52:58.943969,2025-01-01 08:53:03.901281,0 days 00:00:04.957312,2,130,195.0,,,,,,,,,,,,,,,,,,,5,6.0,,,,,,,,,,,,,,,,,,,COMPLETE
354,354,0.7996794871794872,2025-01-01 08:53:03.901758,2025-01-01 08:53:06.334031,0 days 00:00:02.432273,1,145,,,,,,,,,,,,,,,,,,,,3,,,,,,,,,,,,,,,,,,,,COMPLETE
355,355,0.828137817883511,2025-01-01 08:53:06.334441,2025-01-01 08:53:11.857127,0 days 00:00:05.522686,2,110,200.0,,,,,,,,,,,,,,,,,,,3,6.0,,,,,,,,,,,,,,,,,,,COMPLETE
