,number,value,datetime_start,datetime_complete,duration,params_depth,params_neurons_layer_0,params_neurons_layer_1,params_neurons_layer_10,params_neurons_layer_11,params_neurons_layer_12,params_neurons_layer_13,params_neurons_layer_14,params_neurons_layer_15,params_neurons_layer_16,params_neurons_layer_17,params_neurons_layer_18,params_neurons_layer_19,params_neurons_layer_2,params_neurons_layer_3,params_neurons_layer_4,params_neurons_layer_5,params_neurons_layer_6,params_neurons_layer_7,params_neurons_layer_8,params_neurons_layer_9,params_orders_layer_0,params_orders_layer_1,params_orders_layer_10,params_orders_layer_11,params_orders_layer_12,params_orders_layer_13,params_orders_layer_14,params_orders_layer_15,params_orders_layer_16,params_orders_layer_17,params_orders_layer_18,params_orders_layer_19,params_orders_layer_2,params_orders_layer_3,params_orders_layer_4,params_orders_layer_5,params_orders_layer_6,params_orders_layer_7,params_orders_layer_8,params_orders_layer_9,state
368,368,0.883747639677998,2025-01-01 16:09:34.906886,2025-01-01 16:09:52.543758,0 days 00:00:17.636872,1,135,,,,,,,,,,,,,,,,,,,,6,,,,,,,,,,,,,,,,,,,,COMPLETE
369,369,0.808821445339243,2025-01-01 16:09:52.544209,2025-01-01 16:10:09.133009,0 days 00:00:16.588800,1,195,,,,,,,,,,,,,,,,,,,,6,,,,,,,,,,,,,,,,,,,,COMPLETE
370,370,0.861315118011902,2025-01-01 16:10:09.133529,2025-01-01 16:10:27.267347,0 days 00:00:18.133818,1,130,,,,,,,,,,,,,,,,,,,,6,,,,,,,,,,,,,,,,,,,,COMPLETE
371,371,0.8703991067036929,2025-01-01 16:10:27.267762,2025-01-01 16:11:26.680314,0 days 00:00:59.412552,2,140,125.0,,,,,,,,,,,,,,,,,,,6,4.0,,,,,,,,,,,,,,,,,,,COMPLETE
372,372,0.0,2025-01-01 16:11:26.680920,2025-01-01 16:11:58.213276,0 days 00:00:31.532356,7,145,140.0,,,,,,,,,,,70.0,145.0,60.0,40.0,90.0,,,,6,5.0,,,,,,,,,,,5.0,5.0,4.0,3.0,5.0,,,,COMPLETE
373,373,0.8557301025556686,2025-01-01 16:11:58.213961,2025-01-01 16:12:14.523729,0 days 00:00:16.309768,1,140,,,,,,,,,,,,,,,,,,,,6,,,,,,,,,,,,,,,,,,,,COMPLETE
374,374,0.8731164214297795,2025-01-01 16:12:14.524134,2025-01-01 16:13:01.966676,0 days 00:00:47.442542,2,150,195.0,,,,,,,,,,,,,,,,,,,6,3.0,,,,,,,,,,,,,,,,,,,COMPLETE
375,375,0.39621911032157825,2025-01-01 16:13:01.967274,2025-01-01 16:13:14.890982,0 days 00:00:12.923708,1,125,,,,,,,,,,,,,,,,,,,,6,,,,,,,,,,,,,,,,,,,,COMPLETE
376,376,0.8739515328808474,2025-01-01 16:13:14.891426,2025-01-01 16:13:32.549887,0 days 00:00:17.658461,1,130,,,,,,,,,,,,,,,,,,,,6,,,,,,,,,,,,,,,,,,,,COMPLETE
377,377,0.8693944281795429,2025-01-01 16:13:32.550361,2025-01-01 16:14:40.147830,0 days 00:01:07.597469,2,185,40.0,,,,,,,,,,,,,,,,,,,5,4.0,,,,,,,,,,,,,,,,,,,COMPLETE
378,378,0.0,2025-01-01 16:14:40.148431,2025-01-01 16:15:59.306472,0 days 00:01:19.158041,18,180,170.0,50.0,120.0,40.0,175.0,150.0,140.0,45.0,200.0,,,135.0,90.0,5.0,155.0,115.0,90.0,105.0,115.0,5,6.0,3.0,4.0,3.0,2.0,5.0,5.0,4.0,6.0,,,4.0,4.0,6.0,2.0,2.0,2.0,5.0,2.0,COMPLETE
379,379,0.0,2025-01-01 16:15:59.307360,2025-01-01 16:16:07.327666,0 days 00:00:08.020306,3,150,155.0,,,,,,,,,,,115.0,,,,,,,,5,2.0,,,,,,,,,,,2.0,,,,,,,,COMPLETE
380,380,0.8038564586456143,2025-01-01 16:16:07.328116,2025-01-01 16:16:23.991425,0 days 00:00:16.663309,1,190,,,,,,,,,,,,,,,,,,,,6,,,,,,,,,,,,,,,,,,,,COMPLETE
381,381,0.8549804411230763,2025-01-01 16:16:23.991981,2025-01-01 16:16:36.341889,0 days 00:00:12.349908,1,185,,,,,,,,,,,,,,,,,,,,5,,,,,,,,,,,,,,,,,,,,COMPLETE
382,382,0.8929866670877614,2025-01-01 16:16:36.342354,2025-01-01 16:16:51.417473,0 days 00:00:15.075119,1,180,,,,,,,,,,,,,,,,,,,,5,,,,,,,,,,,,,,,,,,,,COMPLETE
383,383,0.8644472942663379,2025-01-01 16:16:51.417919,2025-01-01 16:17:40.509126,0 days 00:00:49.091207,2,195,60.0,,,,,,,,,,,,,,,,,,,5,3.0,,,,,,,,,,,,,,,,,,,COMPLETE
384,384,0.9051680119605889,2025-01-01 16:17:40.509753,2025-01-01 16:17:54.605375,0 days 00:00:14.095622,1,140,,,,,,,,,,,,,,,,,,,,5,,,,,,,,,,,,,,,,,,,,COMPLETE
385,385,0.8708456939991057,2025-01-01 16:17:54.605851,2025-01-01 16:18:48.840613,0 days 00:00:54.234762,2,140,105.0,,,,,,,,,,,,,,,,,,,4,4.0,,,,,,,,,,,,,,,,,,,COMPLETE
386,386,0.8472918459588048,2025-01-01 16:18:48.841237,2025-01-01 16:19:03.929754,0 days 00:00:15.088517,1,65,,,,,,,,,,,,,,,,,,,,6,,,,,,,,,,,,,,,,,,,,COMPLETE
387,387,0.9101941285138238,2025-01-01 16:19:03.930245,2025-01-01 16:19:19.803144,0 days 00:00:15.872899,1,135,,,,,,,,,,,,,,,,,,,,6,,,,,,,,,,,,,,,,,,,,COMPLETE
388,388,0.8920899231065681,2025-01-01 16:19:19.803630,2025-01-01 16:19:35.887030,0 days 00:00:16.083400,1,135,,,,,,,,,,,,,,,,,,,,5,,,,,,,,,,,,,,,,,,,,COMPLETE
389,389,0.8675960058456758,2025-01-01 16:19:35.887450,2025-01-01 16:21:11.978294,0 days 00:01:36.090844,2,130,145.0,,,,,,,,,,,,,,,,,,,5,6.0,,,,,,,,,,,,,,,,,,,COMPLETE
390,390,0.898842589668776,2025-01-01 16:21:11.978902,2025-01-01 16:21:27.282506,0 days 00:00:15.303604,1,135,,,,,,,,,,,,,,,,,,,,5,,,,,,,,,,,,,,,,,,,,COMPLETE
391,391,0.8130552777339113,2025-01-01 16:21:27.283036,2025-01-01 16:21:42.446862,0 days 00:00:15.163826,1,140,,,,,,,,,,,,,,,,,,,,5,,,,,,,,,,,,,,,,,,,,COMPLETE
392,392,0.8603402240095238,2025-01-01 16:21:42.447313,2025-01-01 16:22:19.800694,0 days 00:00:37.353381,2,135,20.0,,,,,,,,,,,,,,,,,,,5,3.0,,,,,,,,,,,,,,,,,,,COMPLETE
393,393,0.8839393983688097,2025-01-01 16:22:19.801245,2025-01-01 16:22:35.529716,0 days 00:00:15.728471,1,145,,,,,,,,,,,,,,,,,,,,6,,,,,,,,,,,,,,,,,,,,COMPLETE
394,394,0.8987898897079722,2025-01-01 16:22:35.530160,2025-01-01 16:22:46.785246,0 days 00:00:11.255086,1,140,,,,,,,,,,,,,,,,,,,,4,,,,,,,,,,,,,,,,,,,,COMPLETE
395,395,0.8707567956059146,2025-01-01 16:22:46.785672,2025-01-01 16:24:02.401446,0 days 00:01:15.615774,2,145,35.0,,,,,,,,,,,,,,,,,,,5,5.0,,,,,,,,,,,,,,,,,,,COMPLETE
396,396,0.8661302570886869,2025-01-01 16:24:02.402059,2025-01-01 16:24:21.076143,0 days 00:00:18.674084,1,135,,,,,,,,,,,,,,,,,,,,6,,,,,,,,,,,,,,,,,,,,COMPLETE
397,397,0.8903053200527847,2025-01-01 16:24:21.076577,2025-01-01 16:24:34.797236,0 days 00:00:13.720659,1,140,,,,,,,,,,,,,,,,,,,,5,,,,,,,,,,,,,,,,,,,,COMPLETE
398,398,0.8745147303982317,2025-01-01 16:24:34.797696,2025-01-01 16:25:02.870513,0 days 00:00:28.072817,2,145,75.0,,,,,,,,,,,,,,,,,,,5,2.0,,,,,,,,,,,,,,,,,,,COMPLETE
399,399,0.644506230083899,2025-01-01 16:25:02.871049,2025-01-01 16:25:20.936757,0 days 00:00:18.065708,1,200,,,,,,,,,,,,,,,,,,,,6,,,,,,,,,,,,,,,,,,,,COMPLETE
400,400,0.859479149604952,2025-01-01 16:25:20.937165,2025-01-01 16:25:36.610494,0 days 00:00:15.673329,1,150,,,,,,,,,,,,,,,,,,,,5,,,,,,,,,,,,,,,,,,,,COMPLETE
401,401,0.9012511396457529,2025-01-01 16:25:36.611027,2025-01-01 16:25:51.654252,0 days 00:00:15.043225,1,130,,,,,,,,,,,,,,,,,,,,5,,,,,,,,,,,,,,,,,,,,COMPLETE
402,402,0.8723348311923154,2025-01-01 16:25:51.654711,2025-01-01 16:26:47.995965,0 days 00:00:56.341254,2,140,110.0,,,,,,,,,,,,,,,,,,,5,4.0,,,,,,,,,,,,,,,,,,,COMPLETE
403,403,0.7410741447551169,2025-01-01 16:26:47.996567,2025-01-01 16:27:03.845539,0 days 00:00:15.848972,1,190,,,,,,,,,,,,,,,,,,,,5,,,,,,,,,,,,,,,,,,,,COMPLETE
404,404,0.8947931610960268,2025-01-01 16:27:03.845956,2025-01-01 16:27:18.173399,0 days 00:00:14.327443,1,180,,,,,,,,,,,,,,,,,,,,5,,,,,,,,,,,,,,,,,,,,COMPLETE
405,405,0.8700720360104145,2025-01-01 16:27:18.173873,2025-01-01 16:28:32.381207,0 days 00:01:14.207334,2,155,50.0,,,,,,,,,,,,,,,,,,,2,5.0,,,,,,,,,,,,,,,,,,,COMPLETE
406,406,0.9081578293656987,2025-01-01 16:28:32.381827,2025-01-01 16:28:49.952977,0 days 00:00:17.571150,1,175,,,,,,,,,,,,,,,,,,,,6,,,,,,,,,,,,,,,,,,,,COMPLETE
407,407,0.0,2025-01-01 16:28:49.953438,2025-01-01 16:30:04.960978,0 days 00:01:15.007540,16,175,100.0,170.0,35.0,130.0,105.0,30.0,190.0,,,,,155.0,120.0,50.0,145.0,185.0,130.0,20.0,40.0,6,6.0,5.0,6.0,5.0,4.0,2.0,3.0,,,,,4.0,2.0,2.0,4.0,3.0,6.0,5.0,4.0,COMPLETE
408,408,0.8900725976581857,2025-01-01 16:30:04.961852,2025-01-01 16:30:24.168625,0 days 00:00:19.206773,1,175,,,,,,,,,,,,,,,,,,,,6,,,,,,,,,,,,,,,,,,,,COMPLETE
409,409,0.9087075634997281,2025-01-01 16:30:24.169071,2025-01-01 16:30:43.683071,0 days 00:00:19.514000,1,170,,,,,,,,,,,,,,,,,,,,6,,,,,,,,,,,,,,,,,,,,COMPLETE
410,410,0.8747261702046232,2025-01-01 16:30:43.683644,2025-01-01 16:32:25.740683,0 days 00:01:42.057039,3,170,120.0,,,,,,,,,,,105.0,,,,,,,,6,3.0,,,,,,,,,,,5.0,,,,,,,,COMPLETE
411,411,0.8993888213592647,2025-01-01 16:32:25.741353,2025-01-01 16:32:43.561146,0 days 00:00:17.819793,1,170,,,,,,,,,,,,,,,,,,,,6,,,,,,,,,,,,,,,,,,,,COMPLETE
412,412,0.7793853598922025,2025-01-01 16:32:43.561600,2025-01-01 16:33:01.775128,0 days 00:00:18.213528,1,175,,,,,,,,,,,,,,,,,,,,6,,,,,,,,,,,,,,,,,,,,COMPLETE
413,413,0.8630239771357738,2025-01-01 16:33:01.775621,2025-01-01 16:33:34.697342,0 days 00:00:32.921721,2,170,80.0,,,,,,,,,,,,,,,,,,,6,2.0,,,,,,,,,,,,,,,,,,,COMPLETE
414,414,0.8681034950838957,2025-01-01 16:33:34.697929,2025-01-01 16:33:54.556361,0 days 00:00:19.858432,1,175,,,,,,,,,,,,,,,,,,,,6,,,,,,,,,,,,,,,,,,,,COMPLETE
415,415,0.9097502344343062,2025-01-01 16:33:54.556862,2025-01-01 16:34:11.918405,0 days 00:00:17.361543,1,170,,,,,,,,,,,,,,,,,,,,6,,,,,,,,,,,,,,,,,,,,COMPLETE
416,416,0.8702405281775643,2025-01-01 16:34:11.918965,2025-01-01 16:35:19.685648,0 days 00:01:07.766683,2,170,65.0,,,,,,,,,,,,,,,,,,,6,4.0,,,,,,,,,,,,,,,,,,,COMPLETE
417,417,0.8671919080515419,2025-01-01 16:35:19.686261,2025-01-01 16:36:51.324681,0 days 00:01:31.638420,2,165,190.0,,,,,,,,,,,,,,,,,,,6,5.0,,,,,,,,,,,,,,,,,,,COMPLETE
418,418,0.8508722954254662,2025-01-01 16:36:51.325299,2025-01-01 16:37:09.663747,0 days 00:00:18.338448,1,160,,,,,,,,,,,,,,,,,,,,6,,,,,,,,,,,,,,,,,,,,COMPLETE
419,419,0.8703618297712785,2025-01-01 16:37:09.664216,2025-01-01 16:37:26.644237,0 days 00:00:16.980021,1,165,,,,,,,,,,,,,,,,,,,,6,,,,,,,,,,,,,,,,,,,,COMPLETE
420,420,0.0,2025-01-01 16:37:26.644785,2025-01-01 16:38:14.032933,0 days 00:00:47.388148,11,175,165.0,20.0,,,,,,,,,,90.0,150.0,120.0,5.0,70.0,200.0,130.0,5.0,6,6.0,6.0,,,,,,,,,,3.0,5.0,3.0,5.0,4.0,6.0,2.0,3.0,COMPLETE
421,421,0.893641236622429,2025-01-01 16:38:14.033737,2025-01-01 16:38:32.468907,0 days 00:00:18.435170,1,170,,,,,,,,,,,,,,,,,,,,6,,,,,,,,,,,,,,,,,,,,COMPLETE
422,422,0.8717357910906298,2025-01-01 16:38:32.469381,2025-01-01 16:39:19.652688,0 days 00:00:47.183307,2,175,10.0,,,,,,,,,,,,,,,,,,,6,3.0,,,,,,,,,,,,,,,,,,,COMPLETE
423,423,0.0,2025-01-01 16:39:19.653293,2025-01-01 16:39:55.390383,0 days 00:00:35.737090,5,165,130.0,,,,,,,,,,,200.0,175.0,35.0,,,,,,6,2.0,,,,,,,,,,,6.0,3.0,4.0,,,,,,COMPLETE
424,424,0.8734071752421555,2025-01-01 16:39:55.391019,2025-01-01 16:40:14.517190,0 days 00:00:19.126171,1,155,,,,,,,,,,,,,,,,,,,,6,,,,,,,,,,,,,,,,,,,,COMPLETE
425,425,0.8831906311011111,2025-01-01 16:40:14.517670,2025-01-01 16:40:34.856776,0 days 00:00:20.339106,1,170,,,,,,,,,,,,,,,,,,,,6,,,,,,,,,,,,,,,,,,,,COMPLETE
426,426,0.8655755271745464,2025-01-01 16:40:34.857247,2025-01-01 16:41:26.229318,0 days 00:00:51.372071,2,180,150.0,,,,,,,,,,,,,,,,,,,6,3.0,,,,,,,,,,,,,,,,,,,COMPLETE
427,427,0.8673608999695956,2025-01-01 16:41:26.229883,2025-01-01 16:41:46.036897,0 days 00:00:19.807014,1,170,,,,,,,,,,,,,,,,,,,,6,,,,,,,,,,,,,,,,,,,,COMPLETE
428,428,0.8364072118048319,2025-01-01 16:41:46.037443,2025-01-01 16:42:01.647104,0 days 00:00:15.609661,1,155,,,,,,,,,,,,,,,,,,,,6,,,,,,,,,,,,,,,,,,,,COMPLETE
429,429,0.0,2025-01-01 16:42:01.647583,2025-01-01 16:43:25.997426,0 days 00:01:24.349843,20,160,200.0,165.0,120.0,100.0,30.0,120.0,55.0,145.0,110.0,20.0,195.0,60.0,135.0,145.0,100.0,20.0,55.0,45.0,140.0,6,5.0,2.0,3.0,6.0,5.0,6.0,3.0,5.0,4.0,2.0,4.0,2.0,4.0,5.0,6.0,6.0,5.0,4.0,4.0,COMPLETE
430,430,0.9039973697835149,2025-01-01 16:43:25.998498,2025-01-01 16:43:41.460317,0 days 00:00:15.461819,1,175,,,,,,,,,,,,,,,,,,,,6,,,,,,,,,,,,,,,,,,,,COMPLETE
431,431,0.8775908246519531,2025-01-01 16:43:41.460829,2025-01-01 16:45:45.227596,0 days 00:02:03.766767,2,180,15.0,,,,,,,,,,,,,,,,,,,6,6.0,,,,,,,,,,,,,,,,,,,COMPLETE
432,432,0.8919368623235652,2025-01-01 16:45:45.228257,2025-01-01 16:45:59.484747,0 days 00:00:14.256490,1,150,,,,,,,,,,,,,,,,,,,,6,,,,,,,,,,,,,,,,,,,,COMPLETE
433,433,0.8736193855716741,2025-01-01 16:45:59.485238,2025-01-01 16:47:01.395273,0 days 00:01:01.910035,2,160,30.0,,,,,,,,,,,,,,,,,,,6,4.0,,,,,,,,,,,,,,,,,,,COMPLETE
434,434,0.8831800961285339,2025-01-01 16:47:01.395924,2025-01-01 16:47:20.449459,0 days 00:00:19.053535,1,175,,,,,,,,,,,,,,,,,,,,6,,,,,,,,,,,,,,,,,,,,COMPLETE
435,435,0.8233906281867668,2025-01-01 16:47:20.449913,2025-01-01 16:47:36.185048,0 days 00:00:15.735135,1,170,,,,,,,,,,,,,,,,,,,,6,,,,,,,,,,,,,,,,,,,,COMPLETE
436,436,0.8872341970668389,2025-01-01 16:47:36.185628,2025-01-01 16:47:54.659393,0 days 00:00:18.473765,1,165,,,,,,,,,,,,,,,,,,,,6,,,,,,,,,,,,,,,,,,,,COMPLETE
437,437,0.8737699179468384,2025-01-01 16:47:54.659896,2025-01-01 16:48:27.700642,0 days 00:00:33.040746,2,180,5.0,,,,,,,,,,,,,,,,,,,6,2.0,,,,,,,,,,,,,,,,,,,COMPLETE
438,438,0.8940840351703434,2025-01-01 16:48:27.701221,2025-01-01 16:48:45.332847,0 days 00:00:17.631626,1,160,,,,,,,,,,,,,,,,,,,,6,,,,,,,,,,,,,,,,,,,,COMPLETE
439,439,0.8721072626113062,2025-01-01 16:48:45.333322,2025-01-01 16:49:47.894995,0 days 00:01:02.561673,2,175,95.0,,,,,,,,,,,,,,,,,,,4,4.0,,,,,,,,,,,,,,,,,,,COMPLETE
440,440,0.8579521927348015,2025-01-01 16:49:47.895623,2025-01-01 16:49:54.446994,0 days 00:00:06.551371,1,155,,,,,,,,,,,,,,,,,,,,3,,,,,,,,,,,,,,,,,,,,COMPLETE
441,441,0.8849341356730995,2025-01-01 16:49:54.447387,2025-01-01 16:50:01.102718,0 days 00:00:06.655331,1,150,,,,,,,,,,,,,,,,,,,,3,,,,,,,,,,,,,,,,,,,,COMPLETE
442,442,0.0,2025-01-01 16:50:01.103185,2025-01-01 16:50:33.210452,0 days 00:00:32.107267,8,165,115.0,,,,,,,,,,,100.0,105.0,100.0,70.0,55.0,20.0,,,6,3.0,,,,,,,,,,,6.0,2.0,6.0,3.0,5.0,3.0,,,COMPLETE
443,443,0.9073544860029064,2025-01-01 16:50:33.211150,2025-01-01 16:50:51.583380,0 days 00:00:18.372230,1,180,,,,,,,,,,,,,,,,,,,,6,,,,,,,,,,,,,,,,,,,,COMPLETE
444,444,0.0,2025-01-01 16:50:51.583801,2025-01-01 16:51:49.681090,0 days 00:00:58.097289,13,180,180.0,130.0,170.0,165.0,,,,,,,,85.0,40.0,85.0,190.0,165.0,40.0,65.0,160.0,6,6.0,4.0,5.0,2.0,,,,,,,,3.0,6.0,2.0,4.0,2.0,2.0,6.0,5.0,COMPLETE
445,445,0.8688836557306234,2025-01-01 16:51:49.681915,2025-01-01 16:53:25.070534,0 days 00:01:35.388619,2,180,70.0,,,,,,,,,,,,,,,,,,,6,5.0,,,,,,,,,,,,,,,,,,,COMPLETE
446,446,0.8008636355467795,2025-01-01 16:53:25.071165,2025-01-01 16:53:40.520832,0 days 00:00:15.449667,1,125,,,,,,,,,,,,,,,,,,,,6,,,,,,,,,,,,,,,,,,,,COMPLETE
447,447,0.8778754992746021,2025-01-01 16:53:40.521323,2025-01-01 16:53:59.948465,0 days 00:00:19.427142,1,170,,,,,,,,,,,,,,,,,,,,6,,,,,,,,,,,,,,,,,,,,COMPLETE
448,448,0.8702762167899847,2025-01-01 16:53:59.948946,2025-01-01 16:54:16.418538,0 days 00:00:16.469592,1,185,,,,,,,,,,,,,,,,,,,,6,,,,,,,,,,,,,,,,,,,,COMPLETE
449,449,0.8760020392412894,2025-01-01 16:54:16.419013,2025-01-01 16:54:49.697580,0 days 00:00:33.278567,2,175,45.0,,,,,,,,,,,,,,,,,,,6,2.0,,,,,,,,,,,,,,,,,,,COMPLETE
450,450,0.8408842467848756,2025-01-01 16:54:49.698142,2025-01-01 16:55:07.160320,0 days 00:00:17.462178,1,185,,,,,,,,,,,,,,,,,,,,6,,,,,,,,,,,,,,,,,,,,COMPLETE
451,451,0.8760263969594984,2025-01-01 16:55:07.160808,2025-01-01 16:57:24.461862,0 days 00:02:17.301054,3,170,160.0,,,,,,,,,,,45.0,,,,,,,,6,4.0,,,,,,,,,,,5.0,,,,,,,,COMPLETE
452,452,0.9023721346579141,2025-01-01 16:57:24.462518,2025-01-01 16:57:43.080855,0 days 00:00:18.618337,1,175,,,,,,,,,,,,,,,,,,,,6,,,,,,,,,,,,,,,,,,,,COMPLETE
453,453,0.8649068251717258,2025-01-01 16:57:43.081415,2025-01-01 16:58:32.185149,0 days 00:00:49.103734,2,180,55.0,,,,,,,,,,,,,,,,,,,6,3.0,,,,,,,,,,,,,,,,,,,COMPLETE
454,454,0.8896305651363898,2025-01-01 16:58:32.185738,2025-01-01 16:58:51.954864,0 days 00:00:19.769126,1,185,,,,,,,,,,,,,,,,,,,,6,,,,,,,,,,,,,,,,,,,,COMPLETE
455,455,0.8535301968311721,2025-01-01 16:58:51.955336,2025-01-01 16:59:10.360071,0 days 00:00:18.404735,1,120,,,,,,,,,,,,,,,,,,,,6,,,,,,,,,,,,,,,,,,,,COMPLETE
456,456,0.8624032068255656,2025-01-01 16:59:10.360562,2025-01-01 17:00:46.173865,0 days 00:01:35.813303,2,175,135.0,,,,,,,,,,,,,,,,,,,6,5.0,,,,,,,,,,,,,,,,,,,COMPLETE
457,457,0.8378259915247039,2025-01-01 17:00:46.174504,2025-01-01 17:00:59.400155,0 days 00:00:13.225651,1,165,,,,,,,,,,,,,,,,,,,,4,,,,,,,,,,,,,,,,,,,,COMPLETE
458,458,0.8589596419071732,2025-01-01 17:00:59.400657,2025-01-01 17:01:16.021841,0 days 00:00:16.621184,1,170,,,,,,,,,,,,,,,,,,,,6,,,,,,,,,,,,,,,,,,,,COMPLETE
459,459,0.8769335108117335,2025-01-01 17:01:16.022317,2025-01-01 17:01:31.865994,0 days 00:00:15.843677,1,180,,,,,,,,,,,,,,,,,,,,6,,,,,,,,,,,,,,,,,,,,COMPLETE
460,460,0.8670214882636642,2025-01-01 17:01:31.866489,2025-01-01 17:03:28.290834,0 days 00:01:56.424345,2,160,170.0,,,,,,,,,,,,,,,,,,,6,6.0,,,,,,,,,,,,,,,,,,,COMPLETE
461,461,0.41969565519104346,2025-01-01 17:03:28.291466,2025-01-01 17:03:35.460810,0 days 00:00:07.169344,1,175,,,,,,,,,,,,,,,,,,,,2,,,,,,,,,,,,,,,,,,,,COMPLETE
462,462,0.0,2025-01-01 17:03:35.461223,2025-01-01 17:04:08.998019,0 days 00:00:33.536796,12,165,155.0,110.0,75.0,,,,,,,,,10.0,15.0,40.0,90.0,40.0,155.0,145.0,25.0,6,2.0,5.0,2.0,,,,,,,,,2.0,4.0,3.0,2.0,3.0,4.0,5.0,6.0,COMPLETE
463,463,0.8866523366912885,2025-01-01 17:04:08.998829,2025-01-01 17:04:25.220610,0 days 00:00:16.221781,1,180,,,,,,,,,,,,,,,,,,,,6,,,,,,,,,,,,,,,,,,,,COMPLETE
464,464,0.871262416887948,2025-01-01 17:04:25.221043,2025-01-01 17:05:33.357107,0 days 00:01:08.136064,2,170,90.0,,,,,,,,,,,,,,,,,,,6,4.0,,,,,,,,,,,,,,,,,,,COMPLETE
465,465,0.8752356264765206,2025-01-01 17:05:33.357747,2025-01-01 17:05:48.152224,0 days 00:00:14.794477,1,185,,,,,,,,,,,,,,,,,,,,6,,,,,,,,,,,,,,,,,,,,COMPLETE
466,466,0.8745222643320374,2025-01-01 17:05:48.152726,2025-01-01 17:07:42.718882,0 days 00:01:54.566156,2,155,185.0,,,,,,,,,,,,,,,,,,,6,6.0,,,,,,,,,,,,,,,,,,,COMPLETE
467,467,0.8724695462535128,2025-01-01 17:07:42.719518,2025-01-01 17:08:02.489610,0 days 00:00:19.770092,1,175,,,,,,,,,,,,,,,,,,,,6,,,,,,,,,,,,,,,,,,,,COMPLETE
468,468,0.8824941748098911,2025-01-01 17:08:02.490100,2025-01-01 17:08:21.110214,0 days 00:00:18.620114,1,160,,,,,,,,,,,,,,,,,,,,6,,,,,,,,,,,,,,,,,,,,COMPLETE
469,469,0.870503497254449,2025-01-01 17:08:21.110772,2025-01-01 17:09:07.649228,0 days 00:00:46.538456,2,170,25.0,,,,,,,,,,,,,,,,,,,6,3.0,,,,,,,,,,,,,,,,,,,COMPLETE
470,470,0.8993212977307472,2025-01-01 17:09:07.649820,2025-01-01 17:09:24.692785,0 days 00:00:17.042965,1,150,,,,,,,,,,,,,,,,,,,,6,,,,,,,,,,,,,,,,,,,,COMPLETE
471,471,0.8573879513352018,2025-01-01 17:09:24.693272,2025-01-01 17:09:36.842428,0 days 00:00:12.149156,1,180,,,,,,,,,,,,,,,,,,,,4,,,,,,,,,,,,,,,,,,,,COMPLETE
472,472,0.0,2025-01-01 17:09:36.842854,2025-01-01 17:10:19.654015,0 days 00:00:42.811161,4,165,40.0,,,,,,,,,,,175.0,195.0,,,,,,,5,5.0,,,,,,,,,,,5.0,5.0,,,,,,,COMPLETE
473,473,0.8687619529071485,2025-01-01 17:10:19.654687,2025-01-01 17:10:54.179039,0 days 00:00:34.524352,2,185,85.0,,,,,,,,,,,,,,,,,,,6,2.0,,,,,,,,,,,,,,,,,,,COMPLETE
474,474,0.8671071084018489,2025-01-01 17:10:54.179626,2025-01-01 17:11:02.053606,0 days 00:00:07.873980,1,175,,,,,,,,,,,,,,,,,,,,3,,,,,,,,,,,,,,,,,,,,COMPLETE
475,475,0.8683762890294451,2025-01-01 17:11:02.054073,2025-01-01 17:12:37.500994,0 days 00:01:35.446921,3,130,125.0,,,,,,,,,,,165.0,,,,,,,,6,4.0,,,,,,,,,,,4.0,,,,,,,,COMPLETE
476,476,0.895758902423157,2025-01-01 17:12:37.501654,2025-01-01 17:12:50.548672,0 days 00:00:13.047018,1,165,,,,,,,,,,,,,,,,,,,,5,,,,,,,,,,,,,,,,,,,,COMPLETE
477,477,0.0,2025-01-01 17:12:50.549102,2025-01-01 17:14:14.991809,0 days 00:01:24.442707,19,155,145.0,65.0,155.0,65.0,80.0,175.0,110.0,55.0,145.0,200.0,,135.0,165.0,175.0,110.0,130.0,65.0,90.0,50.0,5,3.0,2.0,4.0,4.0,3.0,4.0,5.0,3.0,3.0,4.0,,4.0,3.0,5.0,3.0,6.0,6.0,5.0,2.0,COMPLETE
478,478,0.8936150212864176,2025-01-01 17:14:14.992754,2025-01-01 17:14:33.445763,0 days 00:00:18.453009,1,170,,,,,,,,,,,,,,,,,,,,6,,,,,,,,,,,,,,,,,,,,COMPLETE
479,479,0.8891265712035714,2025-01-01 17:14:33.446284,2025-01-01 17:14:49.065034,0 days 00:00:15.618750,1,175,,,,,,,,,,,,,,,,,,,,5,,,,,,,,,,,,,,,,,,,,COMPLETE
480,480,0.8707823412262634,2025-01-01 17:14:49.065551,2025-01-01 17:16:29.225698,0 days 00:01:40.160147,2,190,105.0,,,,,,,,,,,,,,,,,,,6,5.0,,,,,,,,,,,,,,,,,,,COMPLETE
481,481,0.881309003650424,2025-01-01 17:16:29.226364,2025-01-01 17:16:43.784428,0 days 00:00:14.558064,1,160,,,,,,,,,,,,,,,,,,,,5,,,,,,,,,,,,,,,,,,,,COMPLETE
482,482,0.9046039693483126,2025-01-01 17:16:43.784949,2025-01-01 17:16:57.782817,0 days 00:00:13.997868,1,125,,,,,,,,,,,,,,,,,,,,5,,,,,,,,,,,,,,,,,,,,COMPLETE
483,483,0.865830024607352,2025-01-01 17:16:57.783330,2025-01-01 17:19:02.589260,0 days 00:02:04.805930,2,180,75.0,,,,,,,,,,,,,,,,,,,6,6.0,,,,,,,,,,,,,,,,,,,COMPLETE
484,484,0.8355606049148248,2025-01-01 17:19:02.589934,2025-01-01 17:19:17.381247,0 days 00:00:14.791313,1,185,,,,,,,,,,,,,,,,,,,,5,,,,,,,,,,,,,,,,,,,,COMPLETE
485,485,0.8493294946313087,2025-01-01 17:19:17.381840,2025-01-01 17:19:31.542724,0 days 00:00:14.160884,1,155,,,,,,,,,,,,,,,,,,,,5,,,,,,,,,,,,,,,,,,,,COMPLETE
486,486,0.8634459840200732,2025-01-01 17:19:31.543216,2025-01-01 17:20:04.789241,0 days 00:00:33.246025,2,165,120.0,,,,,,,,,,,,,,,,,,,6,2.0,,,,,,,,,,,,,,,,,,,COMPLETE
487,487,0.9005311335087938,2025-01-01 17:20:04.789791,2025-01-01 17:20:20.826514,0 days 00:00:16.036723,1,170,,,,,,,,,,,,,,,,,,,,5,,,,,,,,,,,,,,,,,,,,COMPLETE
488,488,0.8690341108962756,2025-01-01 17:20:20.827090,2025-01-01 17:21:25.171312,0 days 00:01:04.344222,2,150,175.0,,,,,,,,,,,,,,,,,,,6,4.0,,,,,,,,,,,,,,,,,,,COMPLETE
489,489,0.8976134562245026,2025-01-01 17:21:25.171959,2025-01-01 17:21:40.842681,0 days 00:00:15.670722,1,175,,,,,,,,,,,,,,,,,,,,5,,,,,,,,,,,,,,,,,,,,COMPLETE
490,490,0.8835528986947019,2025-01-01 17:21:40.843098,2025-01-01 17:22:00.909498,0 days 00:00:20.066400,1,180,,,,,,,,,,,,,,,,,,,,6,,,,,,,,,,,,,,,,,,,,COMPLETE
491,491,0.8716776204870951,2025-01-01 17:22:00.910068,2025-01-01 17:23:29.853055,0 days 00:01:28.942987,2,170,110.0,,,,,,,,,,,,,,,,,,,5,5.0,,,,,,,,,,,,,,,,,,,COMPLETE
492,492,0.0,2025-01-01 17:23:29.853702,2025-01-01 17:24:02.323927,0 days 00:00:32.470225,9,135,195.0,,,,,,,,,,,115.0,70.0,20.0,30.0,75.0,175.0,190.0,,6,6.0,,,,,,,,,,,3.0,2.0,4.0,6.0,5.0,4.0,3.0,,COMPLETE
