,number,value,datetime_start,datetime_complete,duration,params_depth,params_neurons_layer_0,params_neurons_layer_1,params_neurons_layer_10,params_neurons_layer_11,params_neurons_layer_12,params_neurons_layer_13,params_neurons_layer_14,params_neurons_layer_15,params_neurons_layer_16,params_neurons_layer_17,params_neurons_layer_18,params_neurons_layer_19,params_neurons_layer_2,params_neurons_layer_3,params_neurons_layer_4,params_neurons_layer_5,params_neurons_layer_6,params_neurons_layer_7,params_neurons_layer_8,params_neurons_layer_9,params_orders_layer_0,params_orders_layer_1,params_orders_layer_10,params_orders_layer_11,params_orders_layer_12,params_orders_layer_13,params_orders_layer_14,params_orders_layer_15,params_orders_layer_16,params_orders_layer_17,params_orders_layer_18,params_orders_layer_19,params_orders_layer_2,params_orders_layer_3,params_orders_layer_4,params_orders_layer_5,params_orders_layer_6,params_orders_layer_7,params_orders_layer_8,params_orders_layer_9,state
353,353,0.7675606641123882,2025-01-01 10:19:39.898761,2025-01-01 10:19:50.365065,0 days 00:00:10.466304,4,155,135.0,,,,,,,,,,,30.0,60.0,,,,,,,6,3.0,,,,,,,,,,,6.0,5.0,,,,,,,COMPLETE
354,354,0.8251247384516337,2025-01-01 10:19:50.365549,2025-01-01 10:19:57.323878,0 days 00:00:06.958329,3,130,100.0,,,,,,,,,,,40.0,,,,,,,,6,3.0,,,,,,,,,,,6.0,,,,,,,,COMPLETE
355,355,0.8068438003220613,2025-01-01 10:19:57.324325,2025-01-01 10:20:04.411893,0 days 00:00:07.087568,3,155,180.0,,,,,,,,,,,30.0,,,,,,,,3,4.0,,,,,,,,,,,6.0,,,,,,,,COMPLETE
356,356,0.8213716108452951,2025-01-01 10:20:04.412363,2025-01-01 10:20:12.190396,0 days 00:00:07.778033,3,125,105.0,,,,,,,,,,,15.0,,,,,,,,6,5.0,,,,,,,,,,,6.0,,,,,,,,COMPLETE
357,357,0.7855355355355356,2025-01-01 10:20:12.190859,2025-01-01 10:20:19.030532,0 days 00:00:06.839673,4,165,190.0,,,,,,,,,,,20.0,195.0,,,,,,,6,3.0,,,,,,,,,,,6.0,4.0,,,,,,,COMPLETE
358,358,0.7982300884955753,2025-01-01 10:20:19.031066,2025-01-01 10:20:26.685523,0 days 00:00:07.654457,3,160,185.0,,,,,,,,,,,40.0,,,,,,,,6,4.0,,,,,,,,,,,6.0,,,,,,,,COMPLETE
359,359,0.8482021844853703,2025-01-01 10:20:26.685977,2025-01-01 10:20:33.685445,0 days 00:00:06.999468,3,150,110.0,,,,,,,,,,,60.0,,,,,,,,6,3.0,,,,,,,,,,,6.0,,,,,,,,COMPLETE
360,360,0.7946264848919716,2025-01-01 10:20:33.685909,2025-01-01 10:20:40.685786,0 days 00:00:06.999877,3,155,125.0,,,,,,,,,,,45.0,,,,,,,,6,3.0,,,,,,,,,,,6.0,,,,,,,,COMPLETE
361,361,0.8379520520113775,2025-01-01 10:20:40.686360,2025-01-01 10:20:47.726322,0 days 00:00:07.039962,3,170,115.0,,,,,,,,,,,25.0,,,,,,,,6,4.0,,,,,,,,,,,5.0,,,,,,,,COMPLETE
362,362,0.8035087719298246,2025-01-01 10:20:47.726783,2025-01-01 10:20:54.780893,0 days 00:00:07.054110,3,120,130.0,,,,,,,,,,,35.0,,,,,,,,6,3.0,,,,,,,,,,,6.0,,,,,,,,COMPLETE
363,363,0.0,2025-01-01 10:20:54.781343,2025-01-01 10:20:58.656507,0 days 00:00:03.875164,4,30,195.0,,,,,,,,,,,75.0,105.0,,,,,,,6,5.0,,,,,,,,,,,4.0,6.0,,,,,,,COMPLETE
364,364,0.8481053051455923,2025-01-01 10:20:58.656992,2025-01-01 10:21:03.159134,0 days 00:00:04.502142,2,130,185.0,,,,,,,,,,,,,,,,,,,6,4.0,,,,,,,,,,,,,,,,,,,COMPLETE
365,365,0.8520514883346741,2025-01-01 10:21:03.159571,2025-01-01 10:21:09.594193,0 days 00:00:06.434622,3,120,120.0,,,,,,,,,,,50.0,,,,,,,,6,4.0,,,,,,,,,,,5.0,,,,,,,,COMPLETE
366,366,0.8117647058823529,2025-01-01 10:21:09.594652,2025-01-01 10:21:19.228782,0 days 00:00:09.634130,4,125,120.0,,,,,,,,,,,55.0,35.0,,,,,,,6,5.0,,,,,,,,,,,5.0,5.0,,,,,,,COMPLETE
367,367,0.8559714216124057,2025-01-01 10:21:19.229266,2025-01-01 10:21:25.279624,0 days 00:00:06.050358,3,125,125.0,,,,,,,,,,,50.0,,,,,,,,3,3.0,,,,,,,,,,,5.0,,,,,,,,COMPLETE
368,368,0.8466477041852905,2025-01-01 10:21:25.280079,2025-01-01 10:21:31.411902,0 days 00:00:06.131823,3,125,125.0,,,,,,,,,,,65.0,,,,,,,,3,3.0,,,,,,,,,,,5.0,,,,,,,,COMPLETE
369,369,0.0,2025-01-01 10:21:31.412365,2025-01-01 10:21:39.785780,0 days 00:00:08.373415,14,120,120.0,60.0,25.0,120.0,135.0,,,,,,,50.0,120.0,80.0,110.0,20.0,50.0,20.0,160.0,3,3.0,4.0,6.0,4.0,2.0,,,,,,,5.0,4.0,4.0,5.0,3.0,4.0,3.0,2.0,COMPLETE
370,370,0.8388231531819635,2025-01-01 10:21:39.786582,2025-01-01 10:21:50.323884,0 days 00:00:10.537302,4,130,125.0,,,,,,,,,,,50.0,15.0,,,,,,,3,3.0,,,,,,,,,,,5.0,6.0,,,,,,,COMPLETE
371,371,0.7981821106821108,2025-01-01 10:21:50.324379,2025-01-01 10:21:56.427418,0 days 00:00:06.103039,3,125,115.0,,,,,,,,,,,70.0,,,,,,,,3,3.0,,,,,,,,,,,5.0,,,,,,,,COMPLETE
372,372,0.7856459330143541,2025-01-01 10:21:56.427878,2025-01-01 10:22:02.255803,0 days 00:00:05.827925,3,20,130.0,,,,,,,,,,,60.0,,,,,,,,3,3.0,,,,,,,,,,,5.0,,,,,,,,COMPLETE
373,373,0.8482021844853703,2025-01-01 10:22:02.256255,2025-01-01 10:22:08.259733,0 days 00:00:06.003478,3,120,120.0,,,,,,,,,,,55.0,,,,,,,,3,3.0,,,,,,,,,,,5.0,,,,,,,,COMPLETE
374,374,0.8213716108452951,2025-01-01 10:22:08.260314,2025-01-01 10:22:11.851892,0 days 00:00:03.591578,2,115,135.0,,,,,,,,,,,,,,,,,,,3,2.0,,,,,,,,,,,,,,,,,,,COMPLETE
375,375,0.8214285714285714,2025-01-01 10:22:11.852313,2025-01-01 10:22:17.896515,0 days 00:00:06.044202,3,130,110.0,,,,,,,,,,,50.0,,,,,,,,3,3.0,,,,,,,,,,,5.0,,,,,,,,COMPLETE
376,376,0.8520514883346741,2025-01-01 10:22:17.896962,2025-01-01 10:22:27.050781,0 days 00:00:09.153819,4,120,115.0,,,,,,,,,,,45.0,110.0,,,,,,,4,3.0,,,,,,,,,,,5.0,5.0,,,,,,,COMPLETE
377,377,0.8660607510165033,2025-01-01 10:22:27.051272,2025-01-01 10:22:36.377567,0 days 00:00:09.326295,4,120,115.0,,,,,,,,,,,45.0,110.0,,,,,,,2,3.0,,,,,,,,,,,5.0,5.0,,,,,,,COMPLETE
378,378,0.0,2025-01-01 10:22:36.378072,2025-01-01 10:22:39.396433,0 days 00:00:03.018361,5,120,115.0,,,,,,,,,,,40.0,110.0,200.0,,,,,,2,3.0,,,,,,,,,,,5.0,5.0,2.0,,,,,,COMPLETE
379,379,0.0,2025-01-01 10:22:39.396926,2025-01-01 10:22:42.914682,0 days 00:00:03.517756,5,125,120.0,,,,,,,,,,,45.0,85.0,50.0,,,,,,2,3.0,,,,,,,,,,,5.0,5.0,5.0,,,,,,COMPLETE
380,380,0.8182263196540752,2025-01-01 10:22:42.915171,2025-01-01 10:22:52.788855,0 days 00:00:09.873684,4,135,115.0,,,,,,,,,,,55.0,95.0,,,,,,,2,3.0,,,,,,,,,,,5.0,5.0,,,,,,,COMPLETE
381,381,0.7713159588159588,2025-01-01 10:22:52.789345,2025-01-01 10:23:02.813923,0 days 00:00:10.024578,4,120,110.0,,,,,,,,,,,45.0,125.0,,,,,,,2,3.0,,,,,,,,,,,5.0,6.0,,,,,,,COMPLETE
382,382,0.7801932367149759,2025-01-01 10:23:02.814407,2025-01-01 10:23:13.106291,0 days 00:00:10.291884,5,125,125.0,,,,,,,,,,,60.0,75.0,85.0,,,,,,4,3.0,,,,,,,,,,,5.0,5.0,3.0,,,,,,COMPLETE
383,383,0.0,2025-01-01 10:23:13.106865,2025-01-01 10:23:17.411491,0 days 00:00:04.304626,4,120,105.0,,,,,,,,,,,65.0,100.0,,,,,,,2,3.0,,,,,,,,,,,5.0,6.0,,,,,,,COMPLETE
384,384,0.7856459330143541,2025-01-01 10:23:17.411968,2025-01-01 10:23:26.807867,0 days 00:00:09.395899,4,130,115.0,,,,,,,,,,,50.0,130.0,,,,,,,2,3.0,,,,,,,,,,,5.0,5.0,,,,,,,COMPLETE
385,385,0.0,2025-01-01 10:23:26.808352,2025-01-01 10:23:30.762949,0 days 00:00:03.954597,6,125,120.0,,,,,,,,,,,165.0,140.0,125.0,60.0,,,,,2,3.0,,,,,,,,,,,5.0,6.0,4.0,3.0,,,,,COMPLETE
386,386,0.8033205619412516,2025-01-01 10:23:30.763460,2025-01-01 10:23:39.894659,0 days 00:00:09.131199,4,140,115.0,,,,,,,,,,,55.0,150.0,,,,,,,2,3.0,,,,,,,,,,,5.0,5.0,,,,,,,COMPLETE
387,387,0.7801932367149759,2025-01-01 10:23:39.895263,2025-01-01 10:23:47.282582,0 days 00:00:07.387319,4,120,110.0,,,,,,,,,,,40.0,115.0,,,,,,,4,3.0,,,,,,,,,,,5.0,4.0,,,,,,,COMPLETE
388,388,0.8287337662337663,2025-01-01 10:23:47.283074,2025-01-01 10:23:56.702257,0 days 00:00:09.419183,4,115,110.0,,,,,,,,,,,45.0,90.0,,,,,,,4,3.0,,,,,,,,,,,5.0,6.0,,,,,,,COMPLETE
389,389,0.0,2025-01-01 10:23:56.702758,2025-01-01 10:24:00.359499,0 days 00:00:03.656741,5,95,120.0,,,,,,,,,,,50.0,105.0,70.0,,,,,,2,3.0,,,,,,,,,,,5.0,5.0,6.0,,,,,,COMPLETE
390,390,0.8378246753246753,2025-01-01 10:24:00.360009,2025-01-01 10:24:06.153769,0 days 00:00:05.793760,3,120,100.0,,,,,,,,,,,70.0,,,,,,,,3,3.0,,,,,,,,,,,5.0,,,,,,,,COMPLETE
391,391,0.8198198198198199,2025-01-01 10:24:06.154227,2025-01-01 10:24:12.207086,0 days 00:00:06.052859,3,135,125.0,,,,,,,,,,,25.0,,,,,,,,2,3.0,,,,,,,,,,,5.0,,,,,,,,COMPLETE
392,392,0.7946264848919716,2025-01-01 10:24:12.207546,2025-01-01 10:24:18.206807,0 days 00:00:05.999261,3,115,115.0,,,,,,,,,,,190.0,,,,,,,,2,3.0,,,,,,,,,,,5.0,,,,,,,,COMPLETE
393,393,0.0,2025-01-01 10:24:18.207260,2025-01-01 10:24:25.387791,0 days 00:00:07.180531,13,110,105.0,125.0,75.0,75.0,,,,,,,,60.0,80.0,145.0,75.0,180.0,20.0,105.0,95.0,3,3.0,3.0,2.0,5.0,,,,,,,,5.0,5.0,4.0,2.0,2.0,2.0,5.0,4.0,COMPLETE
394,394,0.8016569200779726,2025-01-01 10:24:25.388478,2025-01-01 10:24:29.286927,0 days 00:00:03.898449,2,130,135.0,,,,,,,,,,,,,,,,,,,4,3.0,,,,,,,,,,,,,,,,,,,COMPLETE
395,395,0.7975921137685844,2025-01-01 10:24:29.287353,2025-01-01 10:24:40.523473,0 days 00:00:11.236120,4,120,130.0,,,,,,,,,,,40.0,120.0,,,,,,,3,3.0,,,,,,,,,,,5.0,6.0,,,,,,,COMPLETE
396,396,0.8469420949902408,2025-01-01 10:24:40.524039,2025-01-01 10:24:44.943619,0 days 00:00:04.419580,2,125,120.0,,,,,,,,,,,,,,,,,,,2,4.0,,,,,,,,,,,,,,,,,,,COMPLETE
397,397,0.8607085346215781,2025-01-01 10:24:44.944057,2025-01-01 10:24:51.021782,0 days 00:00:06.077725,3,115,125.0,,,,,,,,,,,55.0,,,,,,,,5,3.0,,,,,,,,,,,5.0,,,,,,,,COMPLETE
398,398,0.0,2025-01-01 10:24:51.022238,2025-01-01 10:25:01.099970,0 days 00:00:10.077732,15,105,130.0,200.0,170.0,195.0,90.0,60.0,,,,,,75.0,70.0,25.0,35.0,145.0,105.0,45.0,35.0,5,3.0,5.0,4.0,3.0,6.0,5.0,,,,,,5.0,4.0,2.0,4.0,4.0,6.0,3.0,6.0,COMPLETE
399,399,0.8000992473740799,2025-01-01 10:25:01.100737,2025-01-01 10:25:06.243950,0 days 00:00:05.143213,3,115,125.0,,,,,,,,,,,60.0,,,,,,,,6,3.0,,,,,,,,,,,2.0,,,,,,,,COMPLETE
400,400,0.851842910027362,2025-01-01 10:25:06.244547,2025-01-01 10:25:12.216566,0 days 00:00:05.972019,3,110,130.0,,,,,,,,,,,65.0,,,,,,,,5,3.0,,,,,,,,,,,4.0,,,,,,,,COMPLETE
401,401,0.8429605792437651,2025-01-01 10:25:12.217022,2025-01-01 10:25:16.311681,0 days 00:00:04.094659,2,100,125.0,,,,,,,,,,,,,,,,,,,6,3.0,,,,,,,,,,,,,,,,,,,COMPLETE
402,402,0.8300183720744468,2025-01-01 10:25:16.312106,2025-01-01 10:25:23.405898,0 days 00:00:07.093792,3,105,200.0,,,,,,,,,,,150.0,,,,,,,,6,4.0,,,,,,,,,,,5.0,,,,,,,,COMPLETE
403,403,0.8300183720744468,2025-01-01 10:25:23.406370,2025-01-01 10:25:27.469224,0 days 00:00:04.062854,2,90,120.0,,,,,,,,,,,,,,,,,,,6,3.0,,,,,,,,,,,,,,,,,,,COMPLETE
404,404,0.8571428571428571,2025-01-01 10:25:27.469666,2025-01-01 10:25:34.459928,0 days 00:00:06.990262,3,110,200.0,,,,,,,,,,,50.0,,,,,,,,6,4.0,,,,,,,,,,,5.0,,,,,,,,COMPLETE
405,405,0.8378378378378378,2025-01-01 10:25:34.460385,2025-01-01 10:25:39.292377,0 days 00:00:04.831992,2,110,200.0,,,,,,,,,,,,,,,,,,,6,4.0,,,,,,,,,,,,,,,,,,,COMPLETE
406,406,0.8482021844853703,2025-01-01 10:25:39.292817,2025-01-01 10:25:45.316374,0 days 00:00:06.023557,3,25,200.0,,,,,,,,,,,55.0,,,,,,,,6,3.0,,,,,,,,,,,4.0,,,,,,,,COMPLETE
407,407,0.7950937950937951,2025-01-01 10:25:45.316847,2025-01-01 10:25:48.538381,0 days 00:00:03.221534,1,110,,,,,,,,,,,,,,,,,,,,6,,,,,,,,,,,,,,,,,,,,COMPLETE
408,408,0.7729648991784914,2025-01-01 10:25:48.538790,2025-01-01 10:25:52.521070,0 days 00:00:03.982280,2,105,195.0,,,,,,,,,,,,,,,,,,,5,3.0,,,,,,,,,,,,,,,,,,,COMPLETE
409,409,0.7958815958815959,2025-01-01 10:25:52.521504,2025-01-01 10:25:56.881180,0 days 00:00:04.359676,2,100,140.0,,,,,,,,,,,,,,,,,,,6,3.0,,,,,,,,,,,,,,,,,,,COMPLETE
410,410,0.0,2025-01-01 10:25:56.881615,2025-01-01 10:26:00.086086,0 days 00:00:03.204471,3,115,200.0,,,,,,,,,,,180.0,,,,,,,,5,4.0,,,,,,,,,,,2.0,,,,,,,,COMPLETE
411,411,0.8213716108452951,2025-01-01 10:26:00.086594,2025-01-01 10:26:06.293006,0 days 00:00:06.206412,3,40,195.0,,,,,,,,,,,195.0,,,,,,,,6,3.0,,,,,,,,,,,5.0,,,,,,,,COMPLETE
412,412,0.8161196911196911,2025-01-01 10:26:06.293471,2025-01-01 10:26:12.098829,0 days 00:00:05.805358,3,115,100.0,,,,,,,,,,,60.0,,,,,,,,6,3.0,,,,,,,,,,,5.0,,,,,,,,COMPLETE
413,413,0.8025233644859813,2025-01-01 10:26:12.099287,2025-01-01 10:26:14.168911,0 days 00:00:02.069624,1,110,,,,,,,,,,,,,,,,,,,,2,,,,,,,,,,,,,,,,,,,,COMPLETE
414,414,0.8287337662337663,2025-01-01 10:26:14.169434,2025-01-01 10:26:18.319993,0 days 00:00:04.150559,2,35,200.0,,,,,,,,,,,,,,,,,,,6,4.0,,,,,,,,,,,,,,,,,,,COMPLETE
415,415,0.8123653769445554,2025-01-01 10:26:18.320423,2025-01-01 10:26:25.378760,0 days 00:00:07.058337,3,140,195.0,,,,,,,,,,,30.0,,,,,,,,6,4.0,,,,,,,,,,,5.0,,,,,,,,COMPLETE
416,416,0.8124850514231046,2025-01-01 10:26:25.379225,2025-01-01 10:26:29.425049,0 days 00:00:04.045824,2,105,195.0,,,,,,,,,,,,,,,,,,,3,3.0,,,,,,,,,,,,,,,,,,,COMPLETE
417,417,0.8378378378378378,2025-01-01 10:26:29.425489,2025-01-01 10:26:35.807374,0 days 00:00:06.381885,3,110,105.0,,,,,,,,,,,170.0,,,,,,,,6,4.0,,,,,,,,,,,4.0,,,,,,,,COMPLETE
418,418,0.8371903520208605,2025-01-01 10:26:35.807844,2025-01-01 10:26:39.881001,0 days 00:00:04.073157,2,135,95.0,,,,,,,,,,,,,,,,,,,6,3.0,,,,,,,,,,,,,,,,,,,COMPLETE
419,419,0.8388231531819635,2025-01-01 10:26:39.881453,2025-01-01 10:26:44.392819,0 days 00:00:04.511366,2,115,110.0,,,,,,,,,,,,,,,,,,,6,4.0,,,,,,,,,,,,,,,,,,,COMPLETE
420,420,0.0,2025-01-01 10:26:44.393266,2025-01-01 10:26:46.858102,0 days 00:00:02.464836,4,45,200.0,,,,,,,,,,,65.0,165.0,,,,,,,6,2.0,,,,,,,,,,,2.0,6.0,,,,,,,COMPLETE
421,421,0.8479111750139787,2025-01-01 10:26:46.858582,2025-01-01 10:26:53.036915,0 days 00:00:06.178333,3,130,195.0,,,,,,,,,,,55.0,,,,,,,,6,3.0,,,,,,,,,,,5.0,,,,,,,,COMPLETE
422,422,0.8520514883346741,2025-01-01 10:26:53.037382,2025-01-01 10:26:57.363941,0 days 00:00:04.326559,2,95,130.0,,,,,,,,,,,,,,,,,,,6,3.0,,,,,,,,,,,,,,,,,,,COMPLETE
423,423,0.6463963963963965,2025-01-01 10:26:57.364373,2025-01-01 10:26:59.344059,0 days 00:00:01.979686,1,105,,,,,,,,,,,,,,,,,,,,2,,,,,,,,,,,,,,,,,,,,COMPLETE
424,424,0.7748376623376624,2025-01-01 10:26:59.344459,2025-01-01 10:27:05.366486,0 days 00:00:06.022027,3,125,135.0,,,,,,,,,,,45.0,,,,,,,,6,3.0,,,,,,,,,,,4.0,,,,,,,,COMPLETE
425,425,0.8302353410450738,2025-01-01 10:27:05.366947,2025-01-01 10:27:12.232801,0 days 00:00:06.865854,3,110,125.0,,,,,,,,,,,80.0,,,,,,,,3,4.0,,,,,,,,,,,5.0,,,,,,,,COMPLETE
426,426,0.0,2025-01-01 10:27:12.233274,2025-01-01 10:27:17.972043,0 days 00:00:05.738769,8,115,110.0,,,,,,,,,,,185.0,60.0,195.0,170.0,125.0,190.0,,,6,3.0,,,,,,,,,,,5.0,4.0,5.0,5.0,5.0,5.0,,,COMPLETE
427,427,0.8213716108452951,2025-01-01 10:27:17.972721,2025-01-01 10:27:21.898740,0 days 00:00:03.926019,2,15,200.0,,,,,,,,,,,,,,,,,,,6,3.0,,,,,,,,,,,,,,,,,,,COMPLETE
428,428,0.0,2025-01-01 10:27:21.899176,2025-01-01 10:27:24.638333,0 days 00:00:02.739157,4,100,195.0,,,,,,,,,,,175.0,145.0,,,,,,,6,4.0,,,,,,,,,,,2.0,6.0,,,,,,,COMPLETE
429,429,0.8251287001287001,2025-01-01 10:27:24.638804,2025-01-01 10:27:28.870006,0 days 00:00:04.231202,2,120,140.0,,,,,,,,,,,,,,,,,,,5,3.0,,,,,,,,,,,,,,,,,,,COMPLETE
430,430,0.851842910027362,2025-01-01 10:27:28.870445,2025-01-01 10:27:34.475644,0 days 00:00:05.605199,3,110,110.0,,,,,,,,,,,35.0,,,,,,,,6,3.0,,,,,,,,,,,4.0,,,,,,,,COMPLETE
431,431,0.0,2025-01-01 10:27:34.476109,2025-01-01 10:27:39.927804,0 days 00:00:05.451695,9,125,105.0,,,,,,,,,,,70.0,170.0,5.0,45.0,5.0,85.0,75.0,,2,3.0,,,,,,,,,,,5.0,6.0,3.0,3.0,4.0,3.0,4.0,,COMPLETE
432,432,0.814636246233319,2025-01-01 10:27:39.928562,2025-01-01 10:27:43.224578,0 days 00:00:03.296016,1,115,,,,,,,,,,,,,,,,,,,,6,,,,,,,,,,,,,,,,,,,,COMPLETE
433,433,0.0,2025-01-01 10:27:43.225014,2025-01-01 10:27:50.350780,0 days 00:00:07.125766,11,130,130.0,150.0,,,,,,,,,,40.0,160.0,115.0,90.0,60.0,20.0,125.0,70.0,3,4.0,2.0,,,,,,,,,,5.0,4.0,4.0,4.0,6.0,2.0,6.0,5.0,COMPLETE
434,434,0.7802896218825423,2025-01-01 10:27:50.351448,2025-01-01 10:27:55.840261,0 days 00:00:05.488813,3,105,115.0,,,,,,,,,,,55.0,,,,,,,,6,3.0,,,,,,,,,,,2.0,,,,,,,,COMPLETE
435,435,0.8054054054054054,2025-01-01 10:27:55.840727,2025-01-01 10:28:00.200288,0 days 00:00:04.359561,2,115,120.0,,,,,,,,,,,,,,,,,,,6,3.0,,,,,,,,,,,,,,,,,,,COMPLETE
436,436,0.0,2025-01-01 10:28:00.200745,2025-01-01 10:28:07.695672,0 days 00:00:07.494927,12,100,200.0,95.0,110.0,,,,,,,,,105.0,180.0,100.0,195.0,80.0,140.0,95.0,185.0,6,4.0,4.0,3.0,,,,,,,,,4.0,3.0,6.0,6.0,2.0,6.0,3.0,2.0,COMPLETE
437,437,0.7837662337662338,2025-01-01 10:28:07.696360,2025-01-01 10:28:13.761333,0 days 00:00:06.064973,3,140,125.0,,,,,,,,,,,25.0,,,,,,,,2,3.0,,,,,,,,,,,5.0,,,,,,,,COMPLETE
438,438,0.8080238726790451,2025-01-01 10:28:13.761805,2025-01-01 10:28:18.161843,0 days 00:00:04.400038,2,125,135.0,,,,,,,,,,,,,,,,,,,6,3.0,,,,,,,,,,,,,,,,,,,COMPLETE
439,439,0.7766254487435182,2025-01-01 10:28:18.162278,2025-01-01 10:28:28.916506,0 days 00:00:10.754228,4,135,195.0,,,,,,,,,,,50.0,40.0,,,,,,,6,3.0,,,,,,,,,,,5.0,5.0,,,,,,,COMPLETE
440,440,0.8286062576188541,2025-01-01 10:28:28.917005,2025-01-01 10:28:34.788928,0 days 00:00:05.871923,3,110,95.0,,,,,,,,,,,20.0,,,,,,,,4,4.0,,,,,,,,,,,4.0,,,,,,,,COMPLETE
441,441,0.7814285714285714,2025-01-01 10:28:34.789391,2025-01-01 10:28:38.237816,0 days 00:00:03.448425,1,120,,,,,,,,,,,,,,,,,,,,6,,,,,,,,,,,,,,,,,,,,COMPLETE
442,442,0.8507046869878728,2025-01-01 10:28:38.238293,2025-01-01 10:28:42.669720,0 days 00:00:04.431427,2,115,10.0,,,,,,,,,,,,,,,,,,,2,4.0,,,,,,,,,,,,,,,,,,,COMPLETE
443,443,0.8430662805662805,2025-01-01 10:28:42.670172,2025-01-01 10:28:48.706429,0 days 00:00:06.036257,3,105,115.0,,,,,,,,,,,65.0,,,,,,,,6,3.0,,,,,,,,,,,5.0,,,,,,,,COMPLETE
444,444,0.0,2025-01-01 10:28:48.706911,2025-01-01 10:28:51.638439,0 days 00:00:02.931528,4,95,195.0,,,,,,,,,,,30.0,50.0,,,,,,,6,4.0,,,,,,,,,,,2.0,6.0,,,,,,,COMPLETE
445,445,0.8250080567193039,2025-01-01 10:28:51.638930,2025-01-01 10:28:56.301121,0 days 00:00:04.662191,2,130,25.0,,,,,,,,,,,,,,,,,,,6,3.0,,,,,,,,,,,,,,,,,,,COMPLETE
446,446,0.8213716108452951,2025-01-01 10:28:56.301575,2025-01-01 10:29:02.823658,0 days 00:00:06.522083,3,110,190.0,,,,,,,,,,,50.0,,,,,,,,6,3.0,,,,,,,,,,,5.0,,,,,,,,COMPLETE
447,447,0.8303436179542374,2025-01-01 10:29:02.824208,2025-01-01 10:29:07.337044,0 days 00:00:04.512836,2,120,100.0,,,,,,,,,,,,,,,,,,,6,4.0,,,,,,,,,,,,,,,,,,,COMPLETE
448,448,0.8035714285714286,2025-01-01 10:29:07.337497,2025-01-01 10:29:13.215068,0 days 00:00:05.877571,3,125,125.0,,,,,,,,,,,10.0,,,,,,,,4,3.0,,,,,,,,,,,4.0,,,,,,,,COMPLETE
449,449,0.0,2025-01-01 10:29:13.215539,2025-01-01 10:29:23.619338,0 days 00:00:10.403799,17,115,120.0,175.0,140.0,115.0,35.0,165.0,50.0,125.0,,,,60.0,130.0,55.0,150.0,45.0,200.0,15.0,165.0,3,3.0,6.0,5.0,2.0,4.0,3.0,3.0,6.0,,,,5.0,4.0,2.0,6.0,4.0,5.0,2.0,3.0,COMPLETE
450,450,0.8519948519948519,2025-01-01 10:29:23.620188,2025-01-01 10:29:30.553118,0 days 00:00:06.932930,3,120,145.0,,,,,,,,,,,155.0,,,,,,,,6,4.0,,,,,,,,,,,5.0,,,,,,,,COMPLETE
451,451,0.812125569134915,2025-01-01 10:29:30.553602,2025-01-01 10:29:33.618014,0 days 00:00:03.064412,1,90,,,,,,,,,,,,,,,,,,,,6,,,,,,,,,,,,,,,,,,,,COMPLETE
452,452,0.8123653769445554,2025-01-01 10:29:33.618438,2025-01-01 10:29:37.663080,0 days 00:00:04.044642,2,50,110.0,,,,,,,,,,,,,,,,,,,6,3.0,,,,,,,,,,,,,,,,,,,COMPLETE
453,453,0.0,2025-01-01 10:29:37.663529,2025-01-01 10:29:40.204393,0 days 00:00:02.540864,4,200,190.0,,,,,,,,,,,35.0,155.0,,,,,,,3,3.0,,,,,,,,,,,2.0,6.0,,,,,,,COMPLETE
454,454,0.8161705551086083,2025-01-01 10:29:40.204879,2025-01-01 10:29:45.050641,0 days 00:00:04.845762,2,100,200.0,,,,,,,,,,,,,,,,,,,6,4.0,,,,,,,,,,,,,,,,,,,COMPLETE
455,455,0.7982300884955753,2025-01-01 10:29:45.051093,2025-01-01 10:29:50.248581,0 days 00:00:05.197488,3,135,105.0,,,,,,,,,,,70.0,,,,,,,,5,3.0,,,,,,,,,,,3.0,,,,,,,,COMPLETE
456,456,0.7318007662835249,2025-01-01 10:29:50.249046,2025-01-01 10:29:59.753343,0 days 00:00:09.504297,4,10,115.0,,,,,,,,,,,45.0,95.0,,,,,,,2,6.0,,,,,,,,,,,4.0,5.0,,,,,,,COMPLETE
457,457,0.8429605792437651,2025-01-01 10:29:59.753975,2025-01-01 10:30:06.733449,0 days 00:00:06.979474,3,110,195.0,,,,,,,,,,,200.0,,,,,,,,6,4.0,,,,,,,,,,,5.0,,,,,,,,COMPLETE
458,458,0.8593109105824446,2025-01-01 10:30:06.733928,2025-01-01 10:30:11.053155,0 days 00:00:04.319227,2,115,120.0,,,,,,,,,,,,,,,,,,,6,3.0,,,,,,,,,,,,,,,,,,,COMPLETE
459,459,0.8122379805548122,2025-01-01 10:30:11.053605,2025-01-01 10:30:12.867067,0 days 00:00:01.813462,1,115,,,,,,,,,,,,,,,,,,,,2,,,,,,,,,,,,,,,,,,,,COMPLETE
460,460,0.8221288515406162,2025-01-01 10:30:12.867473,2025-01-01 10:30:17.239398,0 days 00:00:04.371925,2,115,125.0,,,,,,,,,,,,,,,,,,,6,3.0,,,,,,,,,,,,,,,,,,,COMPLETE
461,461,0.8220372261053954,2025-01-01 10:30:17.239973,2025-01-01 10:30:20.598423,0 days 00:00:03.358450,1,120,,,,,,,,,,,,,,,,,,,,6,,,,,,,,,,,,,,,,,,,,COMPLETE
462,462,0.8416612057667103,2025-01-01 10:30:20.598847,2025-01-01 10:30:24.925297,0 days 00:00:04.326450,2,110,130.0,,,,,,,,,,,,,,,,,,,6,3.0,,,,,,,,,,,,,,,,,,,COMPLETE
463,463,0.6960408684546615,2025-01-01 10:30:24.925749,2025-01-01 10:30:29.288238,0 days 00:00:04.362489,2,5,170.0,,,,,,,,,,,,,,,,,,,6,3.0,,,,,,,,,,,,,,,,,,,COMPLETE
464,464,0.8199106054449411,2025-01-01 10:30:29.288692,2025-01-01 10:30:33.643854,0 days 00:00:04.355162,2,125,35.0,,,,,,,,,,,,,,,,,,,6,3.0,,,,,,,,,,,,,,,,,,,COMPLETE
465,465,0.7967924528301886,2025-01-01 10:30:33.644317,2025-01-01 10:30:36.527051,0 days 00:00:02.882734,1,120,,,,,,,,,,,,,,,,,,,,6,,,,,,,,,,,,,,,,,,,,COMPLETE
466,466,0.8595183486238532,2025-01-01 10:30:36.527465,2025-01-01 10:30:40.585016,0 days 00:00:04.057551,2,115,120.0,,,,,,,,,,,,,,,,,,,3,3.0,,,,,,,,,,,,,,,,,,,COMPLETE
467,467,0.8250201126307322,2025-01-01 10:30:40.585450,2025-01-01 10:30:44.425718,0 days 00:00:03.840268,2,115,120.0,,,,,,,,,,,,,,,,,,,3,3.0,,,,,,,,,,,,,,,,,,,COMPLETE
468,468,0.0,2025-01-01 10:30:44.426169,2025-01-01 10:30:48.808467,0 days 00:00:04.382298,7,115,120.0,,,,,,,,,,,55.0,195.0,165.0,50.0,190.0,,,,3,3.0,,,,,,,,,,,5.0,4.0,5.0,2.0,5.0,,,,COMPLETE
469,469,0.8213716108452951,2025-01-01 10:30:48.809063,2025-01-01 10:30:52.597010,0 days 00:00:03.787947,2,110,125.0,,,,,,,,,,,,,,,,,,,3,3.0,,,,,,,,,,,,,,,,,,,COMPLETE
470,470,0.8296918767507002,2025-01-01 10:30:52.597451,2025-01-01 10:30:57.471146,0 days 00:00:04.873695,3,125,120.0,,,,,,,,,,,45.0,,,,,,,,3,3.0,,,,,,,,,,,2.0,,,,,,,,COMPLETE
471,471,0.8519948519948519,2025-01-01 10:30:57.471622,2025-01-01 10:31:01.275099,0 days 00:00:03.803477,2,120,125.0,,,,,,,,,,,,,,,,,,,3,3.0,,,,,,,,,,,,,,,,,,,COMPLETE
