,number,value,datetime_start,datetime_complete,duration,params_depth,params_neurons_layer_0,params_neurons_layer_1,params_neurons_layer_10,params_neurons_layer_11,params_neurons_layer_12,params_neurons_layer_13,params_neurons_layer_14,params_neurons_layer_15,params_neurons_layer_16,params_neurons_layer_17,params_neurons_layer_18,params_neurons_layer_19,params_neurons_layer_2,params_neurons_layer_3,params_neurons_layer_4,params_neurons_layer_5,params_neurons_layer_6,params_neurons_layer_7,params_neurons_layer_8,params_neurons_layer_9,params_orders_layer_0,params_orders_layer_1,params_orders_layer_10,params_orders_layer_11,params_orders_layer_12,params_orders_layer_13,params_orders_layer_14,params_orders_layer_15,params_orders_layer_16,params_orders_layer_17,params_orders_layer_18,params_orders_layer_19,params_orders_layer_2,params_orders_layer_3,params_orders_layer_4,params_orders_layer_5,params_orders_layer_6,params_orders_layer_7,params_orders_layer_8,params_orders_layer_9,state
845,845,0.0,2025-01-01 09:36:05.038625,2025-01-01 09:36:07.908511,0 days 00:00:02.869886,4,175,115.0,,,,,,,,,,,100.0,30.0,,,,,,,3,6.0,,,,,,,,,,,3.0,4.0,,,,,,,COMPLETE
846,846,0.7987117552334944,2025-01-01 09:36:07.909110,2025-01-01 09:36:13.612467,0 days 00:00:05.703357,3,190,110.0,,,,,,,,,,,95.0,,,,,,,,3,6.0,,,,,,,,,,,3.0,,,,,,,,COMPLETE
847,847,0.8678396072013093,2025-01-01 09:36:13.613076,2025-01-01 09:36:19.687248,0 days 00:00:06.074172,3,30,90.0,,,,,,,,,,,20.0,,,,,,,,3,4.0,,,,,,,,,,,3.0,,,,,,,,COMPLETE
848,848,0.88,2025-01-01 09:36:19.688088,2025-01-01 09:36:26.733885,0 days 00:00:07.045797,3,180,100.0,,,,,,,,,,,15.0,,,,,,,,3,6.0,,,,,,,,,,,3.0,,,,,,,,COMPLETE
849,849,0.0,2025-01-01 09:36:26.734490,2025-01-01 09:36:29.789877,0 days 00:00:03.055387,4,195,110.0,,,,,,,,,,,115.0,5.0,,,,,,,3,6.0,,,,,,,,,,,3.0,6.0,,,,,,,COMPLETE
850,850,0.0,2025-01-01 09:36:29.790492,2025-01-01 09:36:33.691862,0 days 00:00:03.901370,12,190,145.0,180.0,75.0,,,,,,,,,25.0,125.0,120.0,135.0,65.0,140.0,160.0,170.0,3,3.0,2.0,4.0,,,,,,,,,3.0,3.0,5.0,4.0,4.0,4.0,3.0,4.0,COMPLETE
851,851,0.8798076923076923,2025-01-01 09:36:33.692678,2025-01-01 09:36:38.827302,0 days 00:00:05.134624,2,185,155.0,,,,,,,,,,,,,,,,,,,3,6.0,,,,,,,,,,,,,,,,,,,COMPLETE
852,852,0.8889795918367347,2025-01-01 09:36:38.827891,2025-01-01 09:36:45.867423,0 days 00:00:07.039532,3,155,160.0,,,,,,,,,,,105.0,,,,,,,,3,6.0,,,,,,,,,,,4.0,,,,,,,,COMPLETE
853,853,0.8594941790445605,2025-01-01 09:36:45.868043,2025-01-01 09:36:52.581268,0 days 00:00:06.713225,3,175,105.0,,,,,,,,,,,125.0,,,,,,,,2,6.0,,,,,,,,,,,3.0,,,,,,,,COMPLETE
854,854,0.928921568627451,2025-01-01 09:36:52.581871,2025-01-01 09:36:57.370270,0 days 00:00:04.788399,2,165,95.0,,,,,,,,,,,,,,,,,,,3,6.0,,,,,,,,,,,,,,,,,,,COMPLETE
855,855,0.8452380952380952,2025-01-01 09:36:57.370845,2025-01-01 09:37:02.899972,0 days 00:00:05.529127,2,170,90.0,,,,,,,,,,,,,,,,,,,3,6.0,,,,,,,,,,,,,,,,,,,COMPLETE
856,856,0.8397435897435898,2025-01-01 09:37:02.900554,2025-01-01 09:37:08.059388,0 days 00:00:05.158834,2,165,95.0,,,,,,,,,,,,,,,,,,,3,6.0,,,,,,,,,,,,,,,,,,,COMPLETE
857,857,0.928921568627451,2025-01-01 09:37:08.059982,2025-01-01 09:37:13.568857,0 days 00:00:05.508875,2,165,95.0,,,,,,,,,,,,,,,,,,,3,6.0,,,,,,,,,,,,,,,,,,,COMPLETE
858,858,0.816020025031289,2025-01-01 09:37:13.569462,2025-01-01 09:37:18.701683,0 days 00:00:05.132221,2,165,95.0,,,,,,,,,,,,,,,,,,,3,6.0,,,,,,,,,,,,,,,,,,,COMPLETE
859,859,0.0,2025-01-01 09:37:18.702255,2025-01-01 09:37:26.487317,0 days 00:00:07.785062,15,165,100.0,125.0,165.0,5.0,50.0,130.0,,,,,,120.0,190.0,20.0,75.0,125.0,115.0,75.0,75.0,3,6.0,4.0,5.0,5.0,4.0,2.0,,,,,,2.0,5.0,3.0,6.0,3.0,2.0,4.0,5.0,COMPLETE
860,860,0.7987117552334944,2025-01-01 09:37:26.488426,2025-01-01 09:37:31.991062,0 days 00:00:05.502636,2,170,90.0,,,,,,,,,,,,,,,,,,,3,6.0,,,,,,,,,,,,,,,,,,,COMPLETE
861,861,0.8996386993175431,2025-01-01 09:37:31.991656,2025-01-01 09:37:37.508782,0 days 00:00:05.517126,2,165,85.0,,,,,,,,,,,,,,,,,,,3,6.0,,,,,,,,,,,,,,,,,,,COMPLETE
862,862,0.8798076923076923,2025-01-01 09:37:37.509369,2025-01-01 09:37:42.745442,0 days 00:00:05.236073,2,170,95.0,,,,,,,,,,,,,,,,,,,3,6.0,,,,,,,,,,,,,,,,,,,COMPLETE
863,863,0.0,2025-01-01 09:37:42.746047,2025-01-01 09:37:48.556115,0 days 00:00:05.810068,13,160,100.0,155.0,190.0,115.0,,,,,,,,45.0,185.0,175.0,30.0,40.0,75.0,170.0,5.0,3,6.0,5.0,6.0,2.0,,,,,,,,4.0,6.0,2.0,2.0,5.0,5.0,6.0,4.0,COMPLETE
864,864,0.0,2025-01-01 09:37:48.556972,2025-01-01 09:37:53.726083,0 days 00:00:05.169111,9,165,95.0,,,,,,,,,,,105.0,90.0,95.0,45.0,100.0,35.0,145.0,,3,6.0,,,,,,,,,,,2.0,4.0,4.0,3.0,6.0,3.0,2.0,,COMPLETE
865,865,0.8389694041867954,2025-01-01 09:37:53.726825,2025-01-01 09:37:58.920208,0 days 00:00:05.193383,2,170,90.0,,,,,,,,,,,,,,,,,,,3,6.0,,,,,,,,,,,,,,,,,,,COMPLETE
866,866,0.92,2025-01-01 09:37:58.920789,2025-01-01 09:38:04.118661,0 days 00:00:05.197872,2,170,100.0,,,,,,,,,,,,,,,,,,,3,6.0,,,,,,,,,,,,,,,,,,,COMPLETE
867,867,0.7964121818940342,2025-01-01 09:38:04.119238,2025-01-01 09:38:06.908296,0 days 00:00:02.789058,1,170,,,,,,,,,,,,,,,,,,,,4,,,,,,,,,,,,,,,,,,,,COMPLETE
868,868,0.8798076923076923,2025-01-01 09:38:06.908839,2025-01-01 09:38:12.391132,0 days 00:00:05.482293,2,165,100.0,,,,,,,,,,,,,,,,,,,3,6.0,,,,,,,,,,,,,,,,,,,COMPLETE
869,869,0.8199279711884754,2025-01-01 09:38:12.391721,2025-01-01 09:38:17.905579,0 days 00:00:05.513858,2,170,100.0,,,,,,,,,,,,,,,,,,,3,6.0,,,,,,,,,,,,,,,,,,,COMPLETE
870,870,0.8798076923076923,2025-01-01 09:38:17.906154,2025-01-01 09:38:23.065184,0 days 00:00:05.159030,2,170,95.0,,,,,,,,,,,,,,,,,,,3,6.0,,,,,,,,,,,,,,,,,,,COMPLETE
871,871,0.8,2025-01-01 09:38:23.065771,2025-01-01 09:38:25.671242,0 days 00:00:02.605471,1,165,,,,,,,,,,,,,,,,,,,,3,,,,,,,,,,,,,,,,,,,,COMPLETE
872,872,0.8193496587715776,2025-01-01 09:38:25.671793,2025-01-01 09:38:31.199782,0 days 00:00:05.527989,2,160,105.0,,,,,,,,,,,,,,,,,,,3,6.0,,,,,,,,,,,,,,,,,,,COMPLETE
873,873,0.8594941790445605,2025-01-01 09:38:31.200370,2025-01-01 09:38:36.712262,0 days 00:00:05.511892,2,165,85.0,,,,,,,,,,,,,,,,,,,3,6.0,,,,,,,,,,,,,,,,,,,COMPLETE
874,874,0.779205138498595,2025-01-01 09:38:36.713069,2025-01-01 09:38:39.376274,0 days 00:00:02.663205,1,175,,,,,,,,,,,,,,,,,,,,3,,,,,,,,,,,,,,,,,,,,COMPLETE
875,875,0.8765123070504798,2025-01-01 09:38:39.376829,2025-01-01 09:38:44.912886,0 days 00:00:05.536057,2,160,95.0,,,,,,,,,,,,,,,,,,,3,6.0,,,,,,,,,,,,,,,,,,,COMPLETE
876,876,0.8284313725490196,2025-01-01 09:38:44.913471,2025-01-01 09:38:50.413412,0 days 00:00:05.499941,2,170,100.0,,,,,,,,,,,,,,,,,,,3,6.0,,,,,,,,,,,,,,,,,,,COMPLETE
877,877,0.7863636363636364,2025-01-01 09:38:50.414002,2025-01-01 09:38:55.629256,0 days 00:00:05.215254,2,170,90.0,,,,,,,,,,,,,,,,,,,3,6.0,,,,,,,,,,,,,,,,,,,COMPLETE
878,878,0.8397435897435898,2025-01-01 09:38:55.629841,2025-01-01 09:38:58.091334,0 days 00:00:02.461493,1,165,,,,,,,,,,,,,,,,,,,,3,,,,,,,,,,,,,,,,,,,,COMPLETE
879,879,0.8594941790445605,2025-01-01 09:38:58.091876,2025-01-01 09:39:03.240723,0 days 00:00:05.148847,2,175,105.0,,,,,,,,,,,,,,,,,,,3,6.0,,,,,,,,,,,,,,,,,,,COMPLETE
880,880,0.8281632653061224,2025-01-01 09:39:03.241310,2025-01-01 09:39:08.414216,0 days 00:00:05.172906,2,165,100.0,,,,,,,,,,,,,,,,,,,3,6.0,,,,,,,,,,,,,,,,,,,COMPLETE
881,881,0.81438127090301,2025-01-01 09:39:08.414822,2025-01-01 09:39:11.037443,0 days 00:00:02.622621,1,160,,,,,,,,,,,,,,,,,,,,3,,,,,,,,,,,,,,,,,,,,COMPLETE
882,882,0.8181818181818181,2025-01-01 09:39:11.037996,2025-01-01 09:39:15.172689,0 days 00:00:04.134693,2,20,110.0,,,,,,,,,,,,,,,,,,,3,2.0,,,,,,,,,,,,,,,,,,,COMPLETE
883,883,0.8599439775910365,2025-01-01 09:39:15.173262,2025-01-01 09:39:20.705818,0 days 00:00:05.532556,2,170,95.0,,,,,,,,,,,,,,,,,,,3,6.0,,,,,,,,,,,,,,,,,,,COMPLETE
884,884,0.828137817883511,2025-01-01 09:39:20.706405,2025-01-01 09:39:24.806468,0 days 00:00:04.100063,2,175,105.0,,,,,,,,,,,,,,,,,,,3,3.0,,,,,,,,,,,,,,,,,,,COMPLETE
885,885,0.8461538461538461,2025-01-01 09:39:24.807051,2025-01-01 09:39:27.457883,0 days 00:00:02.650832,1,160,,,,,,,,,,,,,,,,,,,,3,,,,,,,,,,,,,,,,,,,,COMPLETE
886,886,0.8485714285714285,2025-01-01 09:39:27.458420,2025-01-01 09:39:32.982334,0 days 00:00:05.523914,2,175,90.0,,,,,,,,,,,,,,,,,,,3,6.0,,,,,,,,,,,,,,,,,,,COMPLETE
887,887,0.8792270531400965,2025-01-01 09:39:32.982930,2025-01-01 09:39:38.164933,0 days 00:00:05.182003,2,35,100.0,,,,,,,,,,,,,,,,,,,3,6.0,,,,,,,,,,,,,,,,,,,COMPLETE
888,888,0.8480392156862746,2025-01-01 09:39:38.165741,2025-01-01 09:39:42.629420,0 days 00:00:04.463679,2,40,85.0,,,,,,,,,,,,,,,,,,,3,6.0,,,,,,,,,,,,,,,,,,,COMPLETE
889,889,0.828137817883511,2025-01-01 09:39:42.630005,2025-01-01 09:39:45.101062,0 days 00:00:02.471057,1,165,,,,,,,,,,,,,,,,,,,,3,,,,,,,,,,,,,,,,,,,,COMPLETE
890,890,0.84,2025-01-01 09:39:45.101631,2025-01-01 09:39:50.322299,0 days 00:00:05.220668,2,175,100.0,,,,,,,,,,,,,,,,,,,3,6.0,,,,,,,,,,,,,,,,,,,COMPLETE
891,891,0.8765123070504798,2025-01-01 09:39:50.322894,2025-01-01 09:39:55.495756,0 days 00:00:05.172862,2,170,95.0,,,,,,,,,,,,,,,,,,,3,6.0,,,,,,,,,,,,,,,,,,,COMPLETE
892,892,0.8397435897435898,2025-01-01 09:39:55.496348,2025-01-01 09:39:57.913771,0 days 00:00:02.417423,1,25,,,,,,,,,,,,,,,,,,,,3,,,,,,,,,,,,,,,,,,,,COMPLETE
893,893,0.8792270531400965,2025-01-01 09:39:57.914308,2025-01-01 09:40:03.101522,0 days 00:00:05.187214,2,40,95.0,,,,,,,,,,,,,,,,,,,3,6.0,,,,,,,,,,,,,,,,,,,COMPLETE
894,894,0.8685714285714285,2025-01-01 09:40:03.102113,2025-01-01 09:40:07.548064,0 days 00:00:04.445951,2,160,110.0,,,,,,,,,,,,,,,,,,,3,6.0,,,,,,,,,,,,,,,,,,,COMPLETE
895,895,0.0,2025-01-01 09:40:07.548658,2025-01-01 09:40:16.376824,0 days 00:00:08.828166,18,165,90.0,190.0,15.0,160.0,25.0,80.0,95.0,115.0,50.0,,,85.0,200.0,35.0,120.0,155.0,150.0,35.0,195.0,3,6.0,2.0,3.0,6.0,6.0,4.0,3.0,2.0,3.0,,,4.0,2.0,5.0,5.0,2.0,6.0,3.0,6.0,COMPLETE
896,896,0.9093137254901961,2025-01-01 09:40:16.377696,2025-01-01 09:40:20.907593,0 days 00:00:04.529897,2,135,105.0,,,,,,,,,,,,,,,,,,,3,4.0,,,,,,,,,,,,,,,,,,,COMPLETE
897,897,0.7740041928721174,2025-01-01 09:40:20.908177,2025-01-01 09:40:26.296870,0 days 00:00:05.388693,2,5,80.0,,,,,,,,,,,,,,,,,,,3,6.0,,,,,,,,,,,,,,,,,,,COMPLETE
898,898,0.7958333333333334,2025-01-01 09:40:26.297457,2025-01-01 09:40:28.946587,0 days 00:00:02.649130,1,170,,,,,,,,,,,,,,,,,,,,3,,,,,,,,,,,,,,,,,,,,COMPLETE
899,899,0.8792270531400965,2025-01-01 09:40:28.947134,2025-01-01 09:40:33.830999,0 days 00:00:04.883865,2,135,95.0,,,,,,,,,,,,,,,,,,,3,6.0,,,,,,,,,,,,,,,,,,,COMPLETE
900,900,0.7868248772504092,2025-01-01 09:40:33.831590,2025-01-01 09:40:39.025759,0 days 00:00:05.194169,2,45,100.0,,,,,,,,,,,,,,,,,,,3,6.0,,,,,,,,,,,,,,,,,,,COMPLETE
901,901,0.8594941790445605,2025-01-01 09:40:39.026342,2025-01-01 09:40:41.651898,0 days 00:00:02.625556,1,35,,,,,,,,,,,,,,,,,,,,3,,,,,,,,,,,,,,,,,,,,COMPLETE
902,902,0.828137817883511,2025-01-01 09:40:41.652671,2025-01-01 09:40:48.678673,0 days 00:00:07.026002,3,175,110.0,,,,,,,,,,,5.0,,,,,,,,3,6.0,,,,,,,,,,,4.0,,,,,,,,COMPLETE
903,903,0.845531914893617,2025-01-01 09:40:48.679293,2025-01-01 09:40:53.484323,0 days 00:00:04.805030,2,160,105.0,,,,,,,,,,,,,,,,,,,3,6.0,,,,,,,,,,,,,,,,,,,COMPLETE
904,904,0.8454545454545455,2025-01-01 09:40:53.484932,2025-01-01 09:40:58.296562,0 days 00:00:04.811630,2,30,85.0,,,,,,,,,,,,,,,,,,,3,6.0,,,,,,,,,,,,,,,,,,,COMPLETE
905,905,0.0,2025-01-01 09:40:58.297135,2025-01-01 09:41:00.644231,0 days 00:00:02.347096,3,140,95.0,,,,,,,,,,,130.0,,,,,,,,3,6.0,,,,,,,,,,,2.0,,,,,,,,COMPLETE
906,906,0.8063986874487286,2025-01-01 09:41:00.644820,2025-01-01 09:41:07.644441,0 days 00:00:06.999621,3,170,90.0,,,,,,,,,,,5.0,,,,,,,,3,6.0,,,,,,,,,,,4.0,,,,,,,,COMPLETE
907,907,0.8486088379705401,2025-01-01 09:41:07.645072,2025-01-01 09:41:12.783397,0 days 00:00:05.138325,2,65,95.0,,,,,,,,,,,,,,,,,,,3,6.0,,,,,,,,,,,,,,,,,,,COMPLETE
908,908,0.8317610062893082,2025-01-01 09:41:12.783984,2025-01-01 09:41:15.389047,0 days 00:00:02.605063,1,135,,,,,,,,,,,,,,,,,,,,3,,,,,,,,,,,,,,,,,,,,COMPLETE
909,909,0.8389694041867954,2025-01-01 09:41:15.389603,2025-01-01 09:41:20.267744,0 days 00:00:04.878141,2,160,100.0,,,,,,,,,,,,,,,,,,,3,6.0,,,,,,,,,,,,,,,,,,,COMPLETE
910,910,0.8687448728465956,2025-01-01 09:41:20.268334,2025-01-01 09:41:25.215044,0 days 00:00:04.946710,3,165,115.0,,,,,,,,,,,90.0,,,,,,,,3,6.0,,,,,,,,,,,4.0,,,,,,,,COMPLETE
911,911,0.84,2025-01-01 09:41:25.215660,2025-01-01 09:41:30.710907,0 days 00:00:05.495247,2,150,90.0,,,,,,,,,,,,,,,,,,,3,6.0,,,,,,,,,,,,,,,,,,,COMPLETE
912,912,0.8199279711884754,2025-01-01 09:41:30.711510,2025-01-01 09:41:36.957287,0 days 00:00:06.245777,3,25,105.0,,,,,,,,,,,100.0,,,,,,,,3,6.0,,,,,,,,,,,2.0,,,,,,,,COMPLETE
913,913,0.8389694041867954,2025-01-01 09:41:36.957904,2025-01-01 09:41:43.517615,0 days 00:00:06.559711,3,175,120.0,,,,,,,,,,,5.0,,,,,,,,3,6.0,,,,,,,,,,,4.0,,,,,,,,COMPLETE
914,914,0.816020025031289,2025-01-01 09:41:43.518474,2025-01-01 09:41:45.972571,0 days 00:00:02.454097,1,145,,,,,,,,,,,,,,,,,,,,3,,,,,,,,,,,,,,,,,,,,COMPLETE
915,915,0.8199279711884754,2025-01-01 09:41:45.973110,2025-01-01 09:41:51.457011,0 days 00:00:05.483901,2,140,95.0,,,,,,,,,,,,,,,,,,,3,6.0,,,,,,,,,,,,,,,,,,,COMPLETE
916,916,0.9093137254901961,2025-01-01 09:41:51.457617,2025-01-01 09:41:56.027048,0 days 00:00:04.569431,2,45,100.0,,,,,,,,,,,,,,,,,,,3,6.0,,,,,,,,,,,,,,,,,,,COMPLETE
917,917,0.8798076923076923,2025-01-01 09:41:56.027658,2025-01-01 09:42:03.179899,0 days 00:00:07.152241,3,40,110.0,,,,,,,,,,,110.0,,,,,,,,3,6.0,,,,,,,,,,,4.0,,,,,,,,COMPLETE
918,918,0.7636363636363637,2025-01-01 09:42:03.180529,2025-01-01 09:42:10.128932,0 days 00:00:06.948403,3,140,100.0,,,,,,,,,,,80.0,,,,,,,,2,6.0,,,,,,,,,,,4.0,,,,,,,,COMPLETE
919,919,0.8798076923076923,2025-01-01 09:42:10.129561,2025-01-01 09:42:14.610402,0 days 00:00:04.480841,2,165,80.0,,,,,,,,,,,,,,,,,,,3,6.0,,,,,,,,,,,,,,,,,,,COMPLETE
920,920,0.8137931034482759,2025-01-01 09:42:14.611001,2025-01-01 09:42:17.383504,0 days 00:00:02.772503,1,85,,,,,,,,,,,,,,,,,,,,3,,,,,,,,,,,,,,,,,,,,COMPLETE
921,921,0.0,2025-01-01 09:42:17.384042,2025-01-01 09:42:20.013744,0 days 00:00:02.629702,7,175,90.0,,,,,,,,,,,95.0,160.0,60.0,150.0,195.0,,,,3,6.0,,,,,,,,,,,2.0,3.0,6.0,3.0,4.0,,,,COMPLETE
922,922,0.8397435897435898,2025-01-01 09:42:20.014431,2025-01-01 09:42:25.053136,0 days 00:00:05.038705,2,135,105.0,,,,,,,,,,,,,,,,,,,3,5.0,,,,,,,,,,,,,,,,,,,COMPLETE
923,923,0.8798076923076923,2025-01-01 09:42:25.053746,2025-01-01 09:42:32.061274,0 days 00:00:07.007528,3,145,115.0,,,,,,,,,,,10.0,,,,,,,,3,6.0,,,,,,,,,,,4.0,,,,,,,,COMPLETE
924,924,0.8775510204081632,2025-01-01 09:42:32.061900,2025-01-01 09:42:36.888377,0 days 00:00:04.826477,3,55,95.0,,,,,,,,,,,10.0,,,,,,,,3,3.0,,,,,,,,,,,2.0,,,,,,,,COMPLETE
925,925,0.8863636363636364,2025-01-01 09:42:36.888987,2025-01-01 09:42:41.759804,0 days 00:00:04.870817,2,20,105.0,,,,,,,,,,,,,,,,,,,3,6.0,,,,,,,,,,,,,,,,,,,COMPLETE
926,926,0.0,2025-01-01 09:42:41.760387,2025-01-01 09:42:45.067929,0 days 00:00:03.307542,8,35,100.0,,,,,,,,,,,5.0,180.0,80.0,105.0,10.0,175.0,,,4,6.0,,,,,,,,,,,4.0,5.0,5.0,4.0,3.0,4.0,,,COMPLETE
927,927,0.8193496587715776,2025-01-01 09:42:45.068648,2025-01-01 09:42:51.643247,0 days 00:00:06.574599,3,170,85.0,,,,,,,,,,,120.0,,,,,,,,3,6.0,,,,,,,,,,,2.0,,,,,,,,COMPLETE
928,928,0.8397435897435898,2025-01-01 09:42:51.643869,2025-01-01 09:42:55.817203,0 days 00:00:04.173334,2,60,200.0,,,,,,,,,,,,,,,,,,,3,6.0,,,,,,,,,,,,,,,,,,,COMPLETE
929,929,0.8397435897435898,2025-01-01 09:42:55.818030,2025-01-01 09:42:58.280363,0 days 00:00:02.462333,1,150,,,,,,,,,,,,,,,,,,,,3,,,,,,,,,,,,,,,,,,,,COMPLETE
930,930,0.8199279711884754,2025-01-01 09:42:58.280927,2025-01-01 09:43:03.071133,0 days 00:00:04.790206,2,160,110.0,,,,,,,,,,,,,,,,,,,3,6.0,,,,,,,,,,,,,,,,,,,COMPLETE
931,931,0.8480392156862746,2025-01-01 09:43:03.071732,2025-01-01 09:43:10.599324,0 days 00:00:07.527592,3,155,95.0,,,,,,,,,,,30.0,,,,,,,,3,6.0,,,,,,,,,,,4.0,,,,,,,,COMPLETE
932,932,0.8284313725490196,2025-01-01 09:43:10.599958,2025-01-01 09:43:15.740903,0 days 00:00:05.140945,2,140,90.0,,,,,,,,,,,,,,,,,,,3,6.0,,,,,,,,,,,,,,,,,,,COMPLETE
933,933,0.8999599839935974,2025-01-01 09:43:15.741520,2025-01-01 09:43:22.321114,0 days 00:00:06.579594,3,45,100.0,,,,,,,,,,,20.0,,,,,,,,3,4.0,,,,,,,,,,,5.0,,,,,,,,COMPLETE
934,934,0.8397435897435898,2025-01-01 09:43:22.321724,2025-01-01 09:43:31.877423,0 days 00:00:09.555699,4,180,160.0,,,,,,,,,,,10.0,70.0,,,,,,,3,6.0,,,,,,,,,,,5.0,4.0,,,,,,,COMPLETE
935,935,0.8284313725490196,2025-01-01 09:43:31.878098,2025-01-01 09:43:38.884446,0 days 00:00:07.006348,3,135,200.0,,,,,,,,,,,135.0,,,,,,,,3,6.0,,,,,,,,,,,4.0,,,,,,,,COMPLETE
936,936,0.8193496587715776,2025-01-01 09:43:38.885081,2025-01-01 09:43:44.116059,0 days 00:00:05.230978,2,145,120.0,,,,,,,,,,,,,,,,,,,3,6.0,,,,,,,,,,,,,,,,,,,COMPLETE
937,937,0.816020025031289,2025-01-01 09:43:44.116674,2025-01-01 09:43:46.893505,0 days 00:00:02.776831,1,170,,,,,,,,,,,,,,,,,,,,3,,,,,,,,,,,,,,,,,,,,COMPLETE
938,938,0.8678396072013093,2025-01-01 09:43:46.894051,2025-01-01 09:43:52.434583,0 days 00:00:05.540532,2,165,105.0,,,,,,,,,,,,,,,,,,,3,6.0,,,,,,,,,,,,,,,,,,,COMPLETE
939,939,0.9089795918367347,2025-01-01 09:43:52.435185,2025-01-01 09:43:59.328469,0 days 00:00:06.893284,3,140,125.0,,,,,,,,,,,195.0,,,,,,,,3,6.0,,,,,,,,,,,5.0,,,,,,,,COMPLETE
940,940,0.0,2025-01-01 09:43:59.329099,2025-01-01 09:44:02.668553,0 days 00:00:03.339454,4,135,90.0,,,,,,,,,,,5.0,80.0,,,,,,,3,6.0,,,,,,,,,,,2.0,6.0,,,,,,,COMPLETE
941,941,0.8685714285714285,2025-01-01 09:44:02.669195,2025-01-01 09:44:07.517617,0 days 00:00:04.848422,2,30,195.0,,,,,,,,,,,,,,,,,,,3,6.0,,,,,,,,,,,,,,,,,,,COMPLETE
942,942,0.779205138498595,2025-01-01 09:44:07.518439,2025-01-01 09:44:13.604144,0 days 00:00:06.085705,3,40,95.0,,,,,,,,,,,90.0,,,,,,,,3,6.0,,,,,,,,,,,3.0,,,,,,,,COMPLETE
943,943,0.8193496587715776,2025-01-01 09:44:13.604796,2025-01-01 09:44:16.382039,0 days 00:00:02.777243,1,130,,,,,,,,,,,,,,,,,,,,3,,,,,,,,,,,,,,,,,,,,COMPLETE
944,944,0.8600713012477719,2025-01-01 09:44:16.382603,2025-01-01 09:44:21.550747,0 days 00:00:05.168144,2,70,100.0,,,,,,,,,,,,,,,,,,,3,6.0,,,,,,,,,,,,,,,,,,,COMPLETE
945,945,0.7902748414376322,2025-01-01 09:44:21.551342,2025-01-01 09:44:28.126906,0 days 00:00:06.575564,3,145,105.0,,,,,,,,,,,115.0,,,,,,,,3,6.0,,,,,,,,,,,3.0,,,,,,,,COMPLETE
946,946,0.8594941790445605,2025-01-01 09:44:28.127527,2025-01-01 09:44:33.137172,0 days 00:00:05.009645,2,15,85.0,,,,,,,,,,,,,,,,,,,3,6.0,,,,,,,,,,,,,,,,,,,COMPLETE
947,947,0.0,2025-01-01 09:44:33.137776,2025-01-01 09:44:34.756626,0 days 00:00:01.618850,3,180,190.0,,,,,,,,,,,25.0,,,,,,,,3,2.0,,,,,,,,,,,3.0,,,,,,,,COMPLETE
948,948,0.8747826086956522,2025-01-01 09:44:34.757192,2025-01-01 09:44:39.544379,0 days 00:00:04.787187,2,175,110.0,,,,,,,,,,,,,,,,,,,2,6.0,,,,,,,,,,,,,,,,,,,COMPLETE
949,949,0.0,2025-01-01 09:44:39.544987,2025-01-01 09:44:42.345002,0 days 00:00:02.800015,4,165,160.0,,,,,,,,,,,15.0,150.0,,,,,,,3,6.0,,,,,,,,,,,4.0,2.0,,,,,,,COMPLETE
950,950,0.8389694041867954,2025-01-01 09:44:42.345620,2025-01-01 09:44:44.839787,0 days 00:00:02.494167,1,155,,,,,,,,,,,,,,,,,,,,3,,,,,,,,,,,,,,,,,,,,COMPLETE
951,951,0.8891162029459901,2025-01-01 09:44:44.840360,2025-01-01 09:44:51.915251,0 days 00:00:07.074891,3,140,95.0,,,,,,,,,,,35.0,,,,,,,,3,5.0,,,,,,,,,,,5.0,,,,,,,,COMPLETE
952,952,0.83729662077597,2025-01-01 09:44:51.915883,2025-01-01 09:44:56.380831,0 days 00:00:04.464948,2,25,100.0,,,,,,,,,,,,,,,,,,,3,6.0,,,,,,,,,,,,,,,,,,,COMPLETE
953,953,0.8193496587715776,2025-01-01 09:44:56.381431,2025-01-01 09:45:01.561133,0 days 00:00:05.179702,2,160,195.0,,,,,,,,,,,,,,,,,,,3,6.0,,,,,,,,,,,,,,,,,,,COMPLETE
954,954,0.9183673469387755,2025-01-01 09:45:01.561757,2025-01-01 09:45:07.692697,0 days 00:00:06.130940,3,150,190.0,,,,,,,,,,,10.0,,,,,,,,3,6.0,,,,,,,,,,,3.0,,,,,,,,COMPLETE
955,955,0.7584541062801933,2025-01-01 09:45:07.693324,2025-01-01 09:45:17.216776,0 days 00:00:09.523452,4,100,90.0,,,,,,,,,,,15.0,100.0,,,,,,,3,6.0,,,,,,,,,,,3.0,5.0,,,,,,,COMPLETE
956,956,0.0,2025-01-01 09:45:17.217658,2025-01-01 09:45:24.407113,0 days 00:00:07.189455,20,130,95.0,95.0,5.0,20.0,75.0,105.0,175.0,165.0,150.0,200.0,20.0,20.0,110.0,70.0,85.0,25.0,50.0,120.0,175.0,3,6.0,6.0,2.0,4.0,5.0,3.0,5.0,6.0,3.0,3.0,6.0,3.0,3.0,2.0,6.0,6.0,2.0,4.0,3.0,COMPLETE
957,957,0.0,2025-01-01 09:45:24.408030,2025-01-01 09:45:26.997013,0 days 00:00:02.588983,3,170,200.0,,,,,,,,,,,30.0,,,,,,,,3,6.0,,,,,,,,,,,4.0,,,,,,,,COMPLETE
958,958,0.8046218487394958,2025-01-01 09:45:26.997621,2025-01-01 09:45:29.631431,0 days 00:00:02.633810,1,10,,,,,,,,,,,,,,,,,,,,3,,,,,,,,,,,,,,,,,,,,COMPLETE
959,959,0.907312925170068,2025-01-01 09:45:29.631992,2025-01-01 09:45:34.781105,0 days 00:00:05.149113,2,175,110.0,,,,,,,,,,,,,,,,,,,3,6.0,,,,,,,,,,,,,,,,,,,COMPLETE
960,960,0.8569044639132248,2025-01-01 09:45:34.781744,2025-01-01 09:45:39.355186,0 days 00:00:04.573442,2,35,195.0,,,,,,,,,,,,,,,,,,,3,6.0,,,,,,,,,,,,,,,,,,,COMPLETE
961,961,0.8798076923076923,2025-01-01 09:45:39.355799,2025-01-01 09:45:46.395999,0 days 00:00:07.040200,3,145,100.0,,,,,,,,,,,5.0,,,,,,,,3,6.0,,,,,,,,,,,5.0,,,,,,,,COMPLETE
962,962,0.7895424836601307,2025-01-01 09:45:46.396654,2025-01-01 09:45:49.200472,0 days 00:00:02.803818,1,45,,,,,,,,,,,,,,,,,,,,3,,,,,,,,,,,,,,,,,,,,COMPLETE
963,963,0.8074074074074074,2025-01-01 09:45:49.201054,2025-01-01 09:45:55.769017,0 days 00:00:06.567963,3,135,105.0,,,,,,,,,,,125.0,,,,,,,,3,6.0,,,,,,,,,,,3.0,,,,,,,,COMPLETE
964,964,0.0,2025-01-01 09:45:55.769650,2025-01-01 09:46:00.241391,0 days 00:00:04.471741,11,50,85.0,30.0,,,,,,,,,,30.0,35.0,185.0,185.0,55.0,15.0,20.0,35.0,4,6.0,4.0,,,,,,,,,,5.0,4.0,4.0,2.0,4.0,3.0,5.0,5.0,COMPLETE
965,965,0.8199279711884754,2025-01-01 09:46:00.242219,2025-01-01 09:46:05.459211,0 days 00:00:05.216992,2,55,90.0,,,,,,,,,,,,,,,,,,,3,6.0,,,,,,,,,,,,,,,,,,,COMPLETE
966,966,0.8977889027951607,2025-01-01 09:46:05.459837,2025-01-01 09:46:12.049565,0 days 00:00:06.589728,3,150,190.0,,,,,,,,,,,110.0,,,,,,,,3,6.0,,,,,,,,,,,3.0,,,,,,,,COMPLETE
967,967,0.8397435897435898,2025-01-01 09:46:12.050176,2025-01-01 09:46:17.604838,0 days 00:00:05.554662,2,180,80.0,,,,,,,,,,,,,,,,,,,3,6.0,,,,,,,,,,,,,,,,,,,COMPLETE
