,number,value,datetime_start,datetime_complete,duration,params_depth,params_neurons_layer_0,params_neurons_layer_1,params_neurons_layer_10,params_neurons_layer_11,params_neurons_layer_12,params_neurons_layer_13,params_neurons_layer_14,params_neurons_layer_15,params_neurons_layer_16,params_neurons_layer_17,params_neurons_layer_18,params_neurons_layer_19,params_neurons_layer_2,params_neurons_layer_3,params_neurons_layer_4,params_neurons_layer_5,params_neurons_layer_6,params_neurons_layer_7,params_neurons_layer_8,params_neurons_layer_9,params_orders_layer_0,params_orders_layer_1,params_orders_layer_10,params_orders_layer_11,params_orders_layer_12,params_orders_layer_13,params_orders_layer_14,params_orders_layer_15,params_orders_layer_16,params_orders_layer_17,params_orders_layer_18,params_orders_layer_19,params_orders_layer_2,params_orders_layer_3,params_orders_layer_4,params_orders_layer_5,params_orders_layer_6,params_orders_layer_7,params_orders_layer_8,params_orders_layer_9,state
602,602,0.9549243722773602,2025-01-01 22:37:36.498091,2025-01-01 22:37:41.138053,0 days 00:00:04.639962,2,140,85.0,,,,,,,,,,,,,,,,,,,6,4.0,,,,,,,,,,,,,,,,,,,COMPLETE
603,603,0.9582608695652174,2025-01-01 22:37:41.138550,2025-01-01 22:37:45.816511,0 days 00:00:04.677961,2,145,85.0,,,,,,,,,,,,,,,,,,,6,4.0,,,,,,,,,,,,,,,,,,,COMPLETE
604,604,0.0,2025-01-01 22:37:45.817074,2025-01-01 22:37:48.864693,0 days 00:00:03.047619,4,150,155.0,,,,,,,,,,,100.0,95.0,,,,,,,6,4.0,,,,,,,,,,,2.0,2.0,,,,,,,COMPLETE
605,605,0.9457840356096774,2025-01-01 22:37:48.865241,2025-01-01 22:37:55.265434,0 days 00:00:06.400193,1,155,,,,,,,,,,,,,,,,,,,,6,,,,,,,,,,,,,,,,,,,,COMPLETE
606,606,0.9490418653474635,2025-01-01 22:37:55.265934,2025-01-01 22:37:59.792873,0 days 00:00:04.526939,2,140,70.0,,,,,,,,,,,,,,,,,,,6,4.0,,,,,,,,,,,,,,,,,,,COMPLETE
607,607,0.9549998749996528,2025-01-01 22:37:59.793392,2025-01-01 22:38:05.760662,0 days 00:00:05.967270,3,130,90.0,,,,,,,,,,,10.0,,,,,,,,6,4.0,,,,,,,,,,,3.0,,,,,,,,COMPLETE
608,608,0.9515859766277128,2025-01-01 22:38:05.761171,2025-01-01 22:38:10.387347,0 days 00:00:04.626176,2,145,165.0,,,,,,,,,,,,,,,,,,,6,4.0,,,,,,,,,,,,,,,,,,,COMPLETE
609,609,0.9549275362318841,2025-01-01 22:38:10.387866,2025-01-01 22:38:17.007772,0 days 00:00:06.619906,3,125,80.0,,,,,,,,,,,80.0,,,,,,,,6,4.0,,,,,,,,,,,3.0,,,,,,,,COMPLETE
610,610,0.0,2025-01-01 22:38:17.008266,2025-01-01 22:38:26.016447,0 days 00:00:09.008181,10,150,160.0,,,,,,,,,,,60.0,110.0,140.0,105.0,30.0,190.0,45.0,130.0,6,4.0,,,,,,,,,,,4.0,6.0,6.0,3.0,5.0,4.0,5.0,2.0,COMPLETE
611,611,0.9402688486265343,2025-01-01 22:38:26.017093,2025-01-01 22:38:32.283605,0 days 00:00:06.266512,1,140,,,,,,,,,,,,,,,,,,,,6,,,,,,,,,,,,,,,,,,,,COMPLETE
612,612,0.9657917731064843,2025-01-01 22:38:32.284096,2025-01-01 22:38:36.598344,0 days 00:00:04.314248,2,130,85.0,,,,,,,,,,,,,,,,,,,6,4.0,,,,,,,,,,,,,,,,,,,COMPLETE
613,613,0.9607370184254607,2025-01-01 22:38:36.598858,2025-01-01 22:38:41.491051,0 days 00:00:04.892193,2,130,85.0,,,,,,,,,,,,,,,,,,,6,4.0,,,,,,,,,,,,,,,,,,,COMPLETE
614,614,0.9616606851187235,2025-01-01 22:38:41.491711,2025-01-01 22:38:46.460345,0 days 00:00:04.968634,3,125,80.0,,,,,,,,,,,20.0,,,,,,,,6,4.0,,,,,,,,,,,2.0,,,,,,,,COMPLETE
615,615,0.9401477832512315,2025-01-01 22:38:46.460879,2025-01-01 22:38:52.857937,0 days 00:00:06.397058,1,135,,,,,,,,,,,,,,,,,,,,6,,,,,,,,,,,,,,,,,,,,COMPLETE
616,616,0.9566666666666667,2025-01-01 22:38:52.858476,2025-01-01 22:38:56.402154,0 days 00:00:03.543678,2,45,90.0,,,,,,,,,,,,,,,,,,,6,4.0,,,,,,,,,,,,,,,,,,,COMPLETE
617,617,0.9575372020920804,2025-01-01 22:38:56.402671,2025-01-01 22:39:01.542319,0 days 00:00:05.139648,2,130,75.0,,,,,,,,,,,,,,,,,,,6,4.0,,,,,,,,,,,,,,,,,,,COMPLETE
618,618,0.9649975692756442,2025-01-01 22:39:01.542840,2025-01-01 22:39:07.705623,0 days 00:00:06.162783,3,120,85.0,,,,,,,,,,,75.0,,,,,,,,6,4.0,,,,,,,,,,,3.0,,,,,,,,COMPLETE
619,619,0.9474568725653867,2025-01-01 22:39:07.706172,2025-01-01 22:39:17.721117,0 days 00:00:10.014945,4,120,90.0,,,,,,,,,,,75.0,20.0,,,,,,,6,4.0,,,,,,,,,,,3.0,4.0,,,,,,,COMPLETE
620,620,0.0,2025-01-01 22:39:17.721673,2025-01-01 22:39:21.543244,0 days 00:00:03.821571,4,120,85.0,,,,,,,,,,,60.0,135.0,,,,,,,6,4.0,,,,,,,,,,,3.0,5.0,,,,,,,COMPLETE
621,621,0.9450049444993833,2025-01-01 22:39:21.543807,2025-01-01 22:39:27.666750,0 days 00:00:06.122943,3,120,90.0,,,,,,,,,,,85.0,,,,,,,,6,4.0,,,,,,,,,,,3.0,,,,,,,,COMPLETE
622,622,0.9391062385218989,2025-01-01 22:39:27.667259,2025-01-01 22:39:34.355458,0 days 00:00:06.688199,3,125,85.0,,,,,,,,,,,95.0,,,,,,,,6,4.0,,,,,,,,,,,3.0,,,,,,,,COMPLETE
623,623,0.9574672921640317,2025-01-01 22:39:34.355997,2025-01-01 22:39:40.451508,0 days 00:00:06.095511,3,115,95.0,,,,,,,,,,,35.0,,,,,,,,6,4.0,,,,,,,,,,,3.0,,,,,,,,COMPLETE
624,624,0.9465714596275889,2025-01-01 22:39:40.452051,2025-01-01 22:39:46.698061,0 days 00:00:06.246010,3,130,170.0,,,,,,,,,,,70.0,,,,,,,,6,4.0,,,,,,,,,,,3.0,,,,,,,,COMPLETE
625,625,0.9524560788438317,2025-01-01 22:39:46.698741,2025-01-01 22:39:52.729156,0 days 00:00:06.030415,3,120,85.0,,,,,,,,,,,45.0,,,,,,,,5,4.0,,,,,,,,,,,3.0,,,,,,,,COMPLETE
626,626,0.9591360869032911,2025-01-01 22:39:52.729697,2025-01-01 22:39:59.489019,0 days 00:00:06.759322,4,125,90.0,,,,,,,,,,,55.0,180.0,,,,,,,6,4.0,,,,,,,,,,,2.0,3.0,,,,,,,COMPLETE
627,627,0.9498322147651006,2025-01-01 22:39:59.489577,2025-01-01 22:40:05.312426,0 days 00:00:05.822849,3,130,95.0,,,,,,,,,,,65.0,,,,,,,,6,4.0,,,,,,,,,,,3.0,,,,,,,,COMPLETE
628,628,0.9533333333333334,2025-01-01 22:40:05.312981,2025-01-01 22:40:10.022951,0 days 00:00:04.709970,2,125,155.0,,,,,,,,,,,,,,,,,,,6,4.0,,,,,,,,,,,,,,,,,,,COMPLETE
629,629,0.9449986249656241,2025-01-01 22:40:10.023466,2025-01-01 22:40:18.095337,0 days 00:00:08.071871,3,135,165.0,,,,,,,,,,,90.0,,,,,,,,4,4.0,,,,,,,,,,,4.0,,,,,,,,COMPLETE
630,630,0.9558707709373266,2025-01-01 22:40:18.095890,2025-01-01 22:40:22.606861,0 days 00:00:04.510971,2,115,170.0,,,,,,,,,,,,,,,,,,,6,4.0,,,,,,,,,,,,,,,,,,,COMPLETE
631,631,0.9501066382298053,2025-01-01 22:40:22.607346,2025-01-01 22:40:28.995793,0 days 00:00:06.388447,1,120,,,,,,,,,,,,,,,,,,,,6,,,,,,,,,,,,,,,,,,,,COMPLETE
632,632,0.9398668105046315,2025-01-01 22:40:28.996264,2025-01-01 22:40:34.528130,0 days 00:00:05.531866,2,135,80.0,,,,,,,,,,,,,,,,,,,3,4.0,,,,,,,,,,,,,,,,,,,COMPLETE
633,633,0.9541291040623261,2025-01-01 22:40:34.528651,2025-01-01 22:40:38.857805,0 days 00:00:04.329154,2,110,160.0,,,,,,,,,,,,,,,,,,,6,4.0,,,,,,,,,,,,,,,,,,,COMPLETE
634,634,0.9666651851193386,2025-01-01 22:40:38.858298,2025-01-01 22:40:44.279088,0 days 00:00:05.420790,3,125,85.0,,,,,,,,,,,105.0,,,,,,,,6,4.0,,,,,,,,,,,2.0,,,,,,,,COMPLETE
635,635,0.0,2025-01-01 22:40:44.279595,2025-01-01 22:40:46.964406,0 days 00:00:02.684811,4,120,85.0,,,,,,,,,,,125.0,200.0,,,,,,,6,4.0,,,,,,,,,,,2.0,2.0,,,,,,,COMPLETE
636,636,0.0,2025-01-01 22:40:46.964953,2025-01-01 22:40:52.103410,0 days 00:00:05.138457,5,120,85.0,,,,,,,,,,,105.0,165.0,55.0,,,,,,6,4.0,,,,,,,,,,,2.0,6.0,3.0,,,,,,COMPLETE
637,637,0.9590622051244828,2025-01-01 22:40:52.104115,2025-01-01 22:40:59.091035,0 days 00:00:06.986920,3,125,95.0,,,,,,,,,,,100.0,,,,,,,,6,4.0,,,,,,,,,,,2.0,,,,,,,,COMPLETE
638,638,0.9499152712435059,2025-01-01 22:40:59.091576,2025-01-01 22:41:03.727506,0 days 00:00:04.635930,3,115,80.0,,,,,,,,,,,115.0,,,,,,,,6,4.0,,,,,,,,,,,2.0,,,,,,,,COMPLETE
639,639,0.0,2025-01-01 22:41:03.728011,2025-01-01 22:41:07.071983,0 days 00:00:03.343972,4,130,90.0,,,,,,,,,,,120.0,35.0,,,,,,,5,4.0,,,,,,,,,,,2.0,4.0,,,,,,,COMPLETE
640,640,0.9549988749718743,2025-01-01 22:41:07.072600,2025-01-01 22:41:12.851228,0 days 00:00:05.778628,3,125,100.0,,,,,,,,,,,85.0,,,,,,,,6,4.0,,,,,,,,,,,2.0,,,,,,,,COMPLETE
641,641,0.9541260663665352,2025-01-01 22:41:12.851749,2025-01-01 22:41:18.890115,0 days 00:00:06.038366,3,115,80.0,,,,,,,,,,,80.0,,,,,,,,2,4.0,,,,,,,,,,,2.0,,,,,,,,COMPLETE
642,642,0.9573969122532735,2025-01-01 22:41:18.890639,2025-01-01 22:41:25.587239,0 days 00:00:06.696600,3,135,145.0,,,,,,,,,,,95.0,,,,,,,,6,4.0,,,,,,,,,,,3.0,,,,,,,,COMPLETE
643,643,0.0,2025-01-01 22:41:25.587776,2025-01-01 22:41:29.107413,0 days 00:00:03.519637,4,130,90.0,,,,,,,,,,,105.0,130.0,,,,,,,6,4.0,,,,,,,,,,,3.0,3.0,,,,,,,COMPLETE
644,644,0.9616538512822792,2025-01-01 22:41:29.107958,2025-01-01 22:41:34.428843,0 days 00:00:05.320885,3,110,75.0,,,,,,,,,,,65.0,,,,,,,,6,4.0,,,,,,,,,,,2.0,,,,,,,,COMPLETE
645,645,0.9583332175922711,2025-01-01 22:41:34.429382,2025-01-01 22:41:38.537638,0 days 00:00:04.108256,2,120,95.0,,,,,,,,,,,,,,,,,,,6,4.0,,,,,,,,,,,,,,,,,,,COMPLETE
646,646,0.9498947779186933,2025-01-01 22:41:38.538142,2025-01-01 22:41:45.874055,0 days 00:00:07.335913,3,125,85.0,,,,,,,,,,,110.0,,,,,,,,6,4.0,,,,,,,,,,,3.0,,,,,,,,COMPLETE
647,647,0.9599322169948048,2025-01-01 22:41:45.874592,2025-01-01 22:41:50.436742,0 days 00:00:04.562150,2,140,75.0,,,,,,,,,,,,,,,,,,,6,4.0,,,,,,,,,,,,,,,,,,,COMPLETE
648,648,0.9532554257095158,2025-01-01 22:41:50.437235,2025-01-01 22:41:54.529028,0 days 00:00:04.091793,2,100,90.0,,,,,,,,,,,,,,,,,,,6,4.0,,,,,,,,,,,,,,,,,,,COMPLETE
649,649,0.9458790904048808,2025-01-01 22:41:54.529553,2025-01-01 22:42:05.722687,0 days 00:00:11.193134,4,135,85.0,,,,,,,,,,,115.0,90.0,,,,,,,6,4.0,,,,,,,,,,,2.0,5.0,,,,,,,COMPLETE
650,650,0.9420772284205714,2025-01-01 22:42:05.723403,2025-01-01 22:42:12.218112,0 days 00:00:06.494709,1,140,,,,,,,,,,,,,,,,,,,,6,,,,,,,,,,,,,,,,,,,,COMPLETE
651,651,0.9507805325987144,2025-01-01 22:42:12.218623,2025-01-01 22:42:18.006047,0 days 00:00:05.787424,3,125,80.0,,,,,,,,,,,95.0,,,,,,,,6,4.0,,,,,,,,,,,3.0,,,,,,,,COMPLETE
652,652,0.9499949994999499,2025-01-01 22:42:18.006616,2025-01-01 22:42:22.529285,0 days 00:00:04.522669,2,130,85.0,,,,,,,,,,,,,,,,,,,6,4.0,,,,,,,,,,,,,,,,,,,COMPLETE
653,653,0.959128421732138,2025-01-01 22:42:22.529811,2025-01-01 22:42:26.574702,0 days 00:00:04.044891,2,115,95.0,,,,,,,,,,,,,,,,,,,6,4.0,,,,,,,,,,,,,,,,,,,COMPLETE
654,654,0.9362364335209081,2025-01-01 22:42:26.575208,2025-01-01 22:42:32.957653,0 days 00:00:06.382445,1,105,,,,,,,,,,,,,,,,,,,,6,,,,,,,,,,,,,,,,,,,,COMPLETE
655,655,0.9532521684839566,2025-01-01 22:42:32.958154,2025-01-01 22:42:40.130872,0 days 00:00:07.172718,3,120,100.0,,,,,,,,,,,135.0,,,,,,,,6,4.0,,,,,,,,,,,3.0,,,,,,,,COMPLETE
656,656,0.9624723140449876,2025-01-01 22:42:40.131417,2025-01-01 22:42:45.252039,0 days 00:00:05.120622,2,140,130.0,,,,,,,,,,,,,,,,,,,6,4.0,,,,,,,,,,,,,,,,,,,COMPLETE
657,657,0.95420410427066,2025-01-01 22:42:45.252562,2025-01-01 22:42:49.586418,0 days 00:00:04.333856,3,135,90.0,,,,,,,,,,,85.0,,,,,,,,6,4.0,,,,,,,,,,,2.0,,,,,,,,COMPLETE
658,658,0.9666607396870555,2025-01-01 22:42:49.586933,2025-01-01 22:42:54.241930,0 days 00:00:04.654997,2,145,80.0,,,,,,,,,,,,,,,,,,,6,4.0,,,,,,,,,,,,,,,,,,,COMPLETE
659,659,0.0,2025-01-01 22:42:54.242447,2025-01-01 22:42:59.927725,0 days 00:00:05.685278,8,145,75.0,,,,,,,,,,,70.0,60.0,115.0,30.0,200.0,85.0,,,6,4.0,,,,,,,,,,,3.0,2.0,4.0,5.0,4.0,6.0,,,COMPLETE
660,660,0.9430613746863464,2025-01-01 22:42:59.928388,2025-01-01 22:43:06.454147,0 days 00:00:06.525759,1,145,,,,,,,,,,,,,,,,,,,,6,,,,,,,,,,,,,,,,,,,,COMPLETE
661,661,0.9557264184129856,2025-01-01 22:43:06.454814,2025-01-01 22:43:10.960916,0 days 00:00:04.506102,2,140,80.0,,,,,,,,,,,,,,,,,,,6,4.0,,,,,,,,,,,,,,,,,,,COMPLETE
662,662,0.9499215433796827,2025-01-01 22:43:10.961416,2025-01-01 22:43:16.080214,0 days 00:00:05.118798,2,145,85.0,,,,,,,,,,,,,,,,,,,6,4.0,,,,,,,,,,,,,,,,,,,COMPLETE
663,663,0.9429804158719821,2025-01-01 22:43:16.080744,2025-01-01 22:43:22.469971,0 days 00:00:06.389227,1,140,,,,,,,,,,,,,,,,,,,,6,,,,,,,,,,,,,,,,,,,,COMPLETE
664,664,0.9574685967753604,2025-01-01 22:43:22.470530,2025-01-01 22:43:27.700107,0 days 00:00:05.229577,3,145,80.0,,,,,,,,,,,100.0,,,,,,,,6,4.0,,,,,,,,,,,2.0,,,,,,,,COMPLETE
665,665,0.9583273147479416,2025-01-01 22:43:27.700628,2025-01-01 22:43:32.150487,0 days 00:00:04.449859,2,145,80.0,,,,,,,,,,,,,,,,,,,6,4.0,,,,,,,,,,,,,,,,,,,COMPLETE
666,666,0.9507929883138564,2025-01-01 22:43:32.150997,2025-01-01 22:43:36.758914,0 days 00:00:04.607917,2,150,85.0,,,,,,,,,,,,,,,,,,,6,4.0,,,,,,,,,,,,,,,,,,,COMPLETE
667,667,0.9658096112641568,2025-01-01 22:43:36.759411,2025-01-01 22:43:41.530273,0 days 00:00:04.770862,2,140,90.0,,,,,,,,,,,,,,,,,,,6,4.0,,,,,,,,,,,,,,,,,,,COMPLETE
668,668,0.9591318864774624,2025-01-01 22:43:41.530804,2025-01-01 22:43:46.441892,0 days 00:00:04.911088,3,55,75.0,,,,,,,,,,,75.0,,,,,,,,6,4.0,,,,,,,,,,,3.0,,,,,,,,COMPLETE
669,669,0.0,2025-01-01 22:43:46.442429,2025-01-01 22:44:04.965864,0 days 00:00:18.523435,12,150,85.0,200.0,120.0,,,,,,,,,90.0,145.0,25.0,175.0,60.0,50.0,160.0,145.0,6,4.0,6.0,6.0,,,,,,,,,2.0,6.0,2.0,6.0,6.0,4.0,3.0,5.0,COMPLETE
670,670,0.9419637638807714,2025-01-01 22:44:04.966575,2025-01-01 22:44:11.216082,0 days 00:00:06.249507,1,145,,,,,,,,,,,,,,,,,,,,6,,,,,,,,,,,,,,,,,,,,COMPLETE
671,671,0.948047138047138,2025-01-01 22:44:11.216757,2025-01-01 22:44:18.026028,0 days 00:00:06.809271,3,145,90.0,,,,,,,,,,,145.0,,,,,,,,6,4.0,,,,,,,,,,,3.0,,,,,,,,COMPLETE
672,672,0.0,2025-01-01 22:44:18.026577,2025-01-01 22:44:22.552194,0 days 00:00:04.525617,6,150,95.0,,,,,,,,,,,120.0,155.0,185.0,5.0,,,,,6,4.0,,,,,,,,,,,4.0,4.0,4.0,2.0,,,,,COMPLETE
673,673,0.9566623328999566,2025-01-01 22:44:22.552870,2025-01-01 22:44:28.318223,0 days 00:00:05.765353,2,200,80.0,,,,,,,,,,,,,,,,,,,6,4.0,,,,,,,,,,,,,,,,,,,COMPLETE
674,674,0.9583203697942131,2025-01-01 22:44:28.318765,2025-01-01 22:44:32.932379,0 days 00:00:04.613614,2,140,140.0,,,,,,,,,,,,,,,,,,,6,4.0,,,,,,,,,,,,,,,,,,,COMPLETE
675,675,0.9491199073996783,2025-01-01 22:44:32.932913,2025-01-01 22:44:39.702801,0 days 00:00:06.769888,3,150,90.0,,,,,,,,,,,65.0,,,,,,,,6,4.0,,,,,,,,,,,2.0,,,,,,,,COMPLETE
676,676,0.9547383389415293,2025-01-01 22:44:39.703352,2025-01-01 22:44:46.189822,0 days 00:00:06.486470,1,155,,,,,,,,,,,,,,,,,,,,6,,,,,,,,,,,,,,,,,,,,COMPLETE
677,677,0.9524596549805231,2025-01-01 22:44:46.190328,2025-01-01 22:44:50.812013,0 days 00:00:04.621685,2,145,75.0,,,,,,,,,,,,,,,,,,,6,4.0,,,,,,,,,,,,,,,,,,,COMPLETE
678,678,0.9507949492757253,2025-01-01 22:44:50.812548,2025-01-01 22:44:56.055154,0 days 00:00:05.242606,2,155,85.0,,,,,,,,,,,,,,,,,,,6,4.0,,,,,,,,,,,,,,,,,,,COMPLETE
679,679,0.0,2025-01-01 22:44:56.055684,2025-01-01 22:45:00.090065,0 days 00:00:04.034381,4,140,100.0,,,,,,,,,,,55.0,195.0,,,,,,,6,4.0,,,,,,,,,,,3.0,5.0,,,,,,,COMPLETE
680,680,0.961484827653933,2025-01-01 22:45:00.090645,2025-01-01 22:45:04.867839,0 days 00:00:04.777194,2,150,70.0,,,,,,,,,,,,,,,,,,,6,4.0,,,,,,,,,,,,,,,,,,,COMPLETE
681,681,0.9529812625726104,2025-01-01 22:45:04.868350,2025-01-01 22:45:11.343662,0 days 00:00:06.475312,1,145,,,,,,,,,,,,,,,,,,,,6,,,,,,,,,,,,,,,,,,,,COMPLETE
682,682,0.9565882657881755,2025-01-01 22:45:11.344296,2025-01-01 22:45:18.049784,0 days 00:00:06.705488,3,150,80.0,,,,,,,,,,,130.0,,,,,,,,6,4.0,,,,,,,,,,,2.0,,,,,,,,COMPLETE
683,683,0.9633168970067366,2025-01-01 22:45:18.050322,2025-01-01 22:45:23.406814,0 days 00:00:05.356492,2,160,150.0,,,,,,,,,,,,,,,,,,,6,4.0,,,,,,,,,,,,,,,,,,,COMPLETE
684,684,0.9457837359555251,2025-01-01 22:45:23.407320,2025-01-01 22:45:31.011377,0 days 00:00:07.604057,3,140,85.0,,,,,,,,,,,125.0,,,,,,,,6,4.0,,,,,,,,,,,3.0,,,,,,,,COMPLETE
685,685,0.9549248747913188,2025-01-01 22:45:31.011951,2025-01-01 22:45:35.350504,0 days 00:00:04.338553,2,110,90.0,,,,,,,,,,,,,,,,,,,6,4.0,,,,,,,,,,,,,,,,,,,COMPLETE
686,686,0.9159696521095484,2025-01-01 22:45:35.351037,2025-01-01 22:45:41.847113,0 days 00:00:06.496076,1,145,,,,,,,,,,,,,,,,,,,,6,,,,,,,,,,,,,,,,,,,,COMPLETE
687,687,0.9574684178307085,2025-01-01 22:45:41.847648,2025-01-01 22:45:49.121949,0 days 00:00:07.274301,3,155,75.0,,,,,,,,,,,80.0,,,,,,,,6,4.0,,,,,,,,,,,4.0,,,,,,,,COMPLETE
688,688,0.9575267624382939,2025-01-01 22:45:49.122472,2025-01-01 22:45:53.076617,0 days 00:00:03.954145,2,110,80.0,,,,,,,,,,,,,,,,,,,6,4.0,,,,,,,,,,,,,,,,,,,COMPLETE
689,689,0.9590649968453554,2025-01-01 22:45:53.077147,2025-01-01 22:45:57.616780,0 days 00:00:04.539633,2,140,95.0,,,,,,,,,,,,,,,,,,,6,4.0,,,,,,,,,,,,,,,,,,,COMPLETE
690,690,0.9421612333983468,2025-01-01 22:45:57.617302,2025-01-01 22:46:03.930817,0 days 00:00:06.313515,1,145,,,,,,,,,,,,,,,,,,,,6,,,,,,,,,,,,,,,,,,,,COMPLETE
691,691,0.9582710874266984,2025-01-01 22:46:03.931311,2025-01-01 22:46:12.599947,0 days 00:00:08.668636,3,150,90.0,,,,,,,,,,,105.0,,,,,,,,6,4.0,,,,,,,,,,,3.0,,,,,,,,COMPLETE
692,692,0.959070351758794,2025-01-01 22:46:12.600468,2025-01-01 22:46:17.938265,0 days 00:00:05.337797,2,160,85.0,,,,,,,,,,,,,,,,,,,6,4.0,,,,,,,,,,,,,,,,,,,COMPLETE
693,693,0.9523696523690941,2025-01-01 22:46:17.938957,2025-01-01 22:46:22.679096,0 days 00:00:04.740139,2,135,155.0,,,,,,,,,,,,,,,,,,,6,4.0,,,,,,,,,,,,,,,,,,,COMPLETE
694,694,0.9524560788438317,2025-01-01 22:46:22.679605,2025-01-01 22:46:28.100013,0 days 00:00:05.420408,3,75,80.0,,,,,,,,,,,140.0,,,,,,,,6,4.0,,,,,,,,,,,4.0,,,,,,,,COMPLETE
695,695,0.9446974058373021,2025-01-01 22:46:28.100566,2025-01-01 22:46:34.028223,0 days 00:00:05.927657,1,115,,,,,,,,,,,,,,,,,,,,5,,,,,,,,,,,,,,,,,,,,COMPLETE
696,696,0.9575311846564281,2025-01-01 22:46:34.028774,2025-01-01 22:46:38.709172,0 days 00:00:04.680398,2,140,95.0,,,,,,,,,,,,,,,,,,,6,4.0,,,,,,,,,,,,,,,,,,,COMPLETE
697,697,0.9624106544561091,2025-01-01 22:46:38.709689,2025-01-01 22:46:44.446608,0 days 00:00:05.736919,2,155,90.0,,,,,,,,,,,,,,,,,,,6,4.0,,,,,,,,,,,,,,,,,,,COMPLETE
698,698,0.0,2025-01-01 22:46:44.447153,2025-01-01 22:46:47.445032,0 days 00:00:02.997879,4,165,85.0,,,,,,,,,,,30.0,110.0,,,,,,,6,4.0,,,,,,,,,,,2.0,2.0,,,,,,,COMPLETE
699,699,0.0,2025-01-01 22:46:47.445601,2025-01-01 22:47:00.537594,0 days 00:00:13.091993,19,120,80.0,15.0,90.0,90.0,20.0,170.0,165.0,170.0,70.0,140.0,,110.0,45.0,145.0,45.0,130.0,115.0,15.0,170.0,6,4.0,3.0,3.0,5.0,2.0,3.0,6.0,2.0,5.0,5.0,,3.0,3.0,6.0,5.0,2.0,5.0,2.0,4.0,COMPLETE
700,700,0.9524514441538204,2025-01-01 22:47:00.538412,2025-01-01 22:47:05.997930,0 days 00:00:05.459518,3,150,90.0,,,,,,,,,,,40.0,,,,,,,,6,4.0,,,,,,,,,,,2.0,,,,,,,,COMPLETE
701,701,0.9608013355592655,2025-01-01 22:47:05.998490,2025-01-01 22:47:10.407927,0 days 00:00:04.409437,2,140,160.0,,,,,,,,,,,,,,,,,,,6,4.0,,,,,,,,,,,,,,,,,,,COMPLETE
702,702,0.9467435763580144,2025-01-01 22:47:10.408449,2025-01-01 22:47:16.764041,0 days 00:00:06.355592,1,135,,,,,,,,,,,,,,,,,,,,6,,,,,,,,,,,,,,,,,,,,COMPLETE
703,703,0.0,2025-01-01 22:47:16.764562,2025-01-01 22:47:28.316882,0 days 00:00:11.552320,14,145,100.0,80.0,185.0,55.0,85.0,,,,,,,60.0,30.0,105.0,145.0,95.0,170.0,130.0,60.0,6,4.0,2.0,6.0,5.0,6.0,,,,,,,4.0,4.0,3.0,4.0,3.0,3.0,3.0,6.0,COMPLETE
704,704,0.0,2025-01-01 22:47:28.317865,2025-01-01 22:47:39.576325,0 days 00:00:11.258460,18,155,85.0,185.0,140.0,25.0,55.0,120.0,30.0,80.0,145.0,,,90.0,170.0,165.0,120.0,190.0,150.0,70.0,40.0,6,4.0,4.0,2.0,2.0,3.0,5.0,2.0,4.0,3.0,,,3.0,5.0,5.0,2.0,5.0,2.0,5.0,2.0,COMPLETE
705,705,0.0,2025-01-01 22:47:39.577288,2025-01-01 22:47:43.275399,0 days 00:00:03.698111,4,150,75.0,,,,,,,,,,,50.0,25.0,,,,,,,6,4.0,,,,,,,,,,,2.0,6.0,,,,,,,COMPLETE
706,706,0.9590775845221811,2025-01-01 22:47:43.275988,2025-01-01 22:47:47.702404,0 days 00:00:04.426416,2,150,95.0,,,,,,,,,,,,,,,,,,,6,4.0,,,,,,,,,,,,,,,,,,,COMPLETE
707,707,0.9566661851798354,2025-01-01 22:47:47.702944,2025-01-01 22:47:55.124979,0 days 00:00:07.422035,3,145,80.0,,,,,,,,,,,15.0,,,,,,,,6,4.0,,,,,,,,,,,3.0,,,,,,,,COMPLETE
708,708,0.9324898303714945,2025-01-01 22:47:55.125558,2025-01-01 22:48:01.467920,0 days 00:00:06.342362,1,115,,,,,,,,,,,,,,,,,,,,6,,,,,,,,,,,,,,,,,,,,COMPLETE
709,709,0.9557922502879848,2025-01-01 22:48:01.468431,2025-01-01 22:48:06.149810,0 days 00:00:04.681379,2,160,85.0,,,,,,,,,,,,,,,,,,,6,4.0,,,,,,,,,,,,,,,,,,,COMPLETE
710,710,0.9507121679945952,2025-01-01 22:48:06.150347,2025-01-01 22:48:14.165399,0 days 00:00:08.015052,3,130,155.0,,,,,,,,,,,165.0,,,,,,,,6,4.0,,,,,,,,,,,4.0,,,,,,,,COMPLETE
711,711,0.0,2025-01-01 22:48:14.165971,2025-01-01 22:48:18.225285,0 days 00:00:04.059314,5,120,70.0,,,,,,,,,,,80.0,100.0,10.0,,,,,,6,4.0,,,,,,,,,,,2.0,3.0,5.0,,,,,,COMPLETE
712,712,0.9598736000223718,2025-01-01 22:48:18.225892,2025-01-01 22:48:22.968468,0 days 00:00:04.742576,2,135,150.0,,,,,,,,,,,,,,,,,,,6,4.0,,,,,,,,,,,,,,,,,,,COMPLETE
713,713,0.9491199073996783,2025-01-01 22:48:22.969013,2025-01-01 22:48:27.395079,0 days 00:00:04.426066,2,105,90.0,,,,,,,,,,,,,,,,,,,6,4.0,,,,,,,,,,,,,,,,,,,COMPLETE
714,714,0.9466472890526074,2025-01-01 22:48:27.395616,2025-01-01 22:48:33.874928,0 days 00:00:06.479312,1,140,,,,,,,,,,,,,,,,,,,,6,,,,,,,,,,,,,,,,,,,,COMPLETE
715,715,0.9389797855706947,2025-01-01 22:48:33.875609,2025-01-01 22:48:42.303730,0 days 00:00:08.428121,3,135,95.0,,,,,,,,,,,75.0,,,,,,,,6,4.0,,,,,,,,,,,3.0,,,,,,,,COMPLETE
716,716,0.959868904902923,2025-01-01 22:48:42.304332,2025-01-01 22:48:46.815723,0 days 00:00:04.511391,2,145,160.0,,,,,,,,,,,,,,,,,,,6,4.0,,,,,,,,,,,,,,,,,,,COMPLETE
717,717,0.96,2025-01-01 22:48:46.816263,2025-01-01 22:48:55.037683,0 days 00:00:08.221420,3,155,85.0,,,,,,,,,,,100.0,,,,,,,,5,4.0,,,,,,,,,,,3.0,,,,,,,,COMPLETE
718,718,0.967508764922558,2025-01-01 22:48:55.038256,2025-01-01 22:48:59.392428,0 days 00:00:04.354172,2,125,75.0,,,,,,,,,,,,,,,,,,,6,4.0,,,,,,,,,,,,,,,,,,,COMPLETE
719,719,0.9541291040623261,2025-01-01 22:48:59.392968,2025-01-01 22:49:03.898723,0 days 00:00:04.505755,2,125,70.0,,,,,,,,,,,,,,,,,,,6,4.0,,,,,,,,,,,,,,,,,,,COMPLETE
720,720,0.9438794464567661,2025-01-01 22:49:03.899265,2025-01-01 22:49:10.089502,0 days 00:00:06.190237,1,120,,,,,,,,,,,,,,,,,,,,6,,,,,,,,,,,,,,,,,,,,COMPLETE
721,721,0.9608034636081848,2025-01-01 22:49:10.090018,2025-01-01 22:49:14.989569,0 days 00:00:04.899551,2,125,75.0,,,,,,,,,,,,,,,,,,,6,4.0,,,,,,,,,,,,,,,,,,,COMPLETE
722,722,0.949997777679008,2025-01-01 22:49:14.990099,2025-01-01 22:49:19.638423,0 days 00:00:04.648324,2,125,75.0,,,,,,,,,,,,,,,,,,,6,4.0,,,,,,,,,,,,,,,,,,,COMPLETE
723,723,0.9566035369371629,2025-01-01 22:49:19.638965,2025-01-01 22:49:24.275902,0 days 00:00:04.636937,2,130,70.0,,,,,,,,,,,,,,,,,,,6,4.0,,,,,,,,,,,,,,,,,,,COMPLETE
