,number,value,datetime_start,datetime_complete,duration,params_depth,params_neurons_layer_0,params_neurons_layer_1,params_neurons_layer_10,params_neurons_layer_11,params_neurons_layer_12,params_neurons_layer_13,params_neurons_layer_14,params_neurons_layer_15,params_neurons_layer_16,params_neurons_layer_17,params_neurons_layer_18,params_neurons_layer_19,params_neurons_layer_2,params_neurons_layer_3,params_neurons_layer_4,params_neurons_layer_5,params_neurons_layer_6,params_neurons_layer_7,params_neurons_layer_8,params_neurons_layer_9,params_orders_layer_0,params_orders_layer_1,params_orders_layer_10,params_orders_layer_11,params_orders_layer_12,params_orders_layer_13,params_orders_layer_14,params_orders_layer_15,params_orders_layer_16,params_orders_layer_17,params_orders_layer_18,params_orders_layer_19,params_orders_layer_2,params_orders_layer_3,params_orders_layer_4,params_orders_layer_5,params_orders_layer_6,params_orders_layer_7,params_orders_layer_8,params_orders_layer_9,state
620,620,0.870824668572914,2025-01-01 18:24:02.142418,2025-01-01 18:24:55.463849,0 days 00:00:53.321431,2,135,15.0,,,,,,,,,,,,,,,,,,,5,4.0,,,,,,,,,,,,,,,,,,,COMPLETE
621,621,0.9118153342657708,2025-01-01 18:24:55.464535,2025-01-01 18:25:10.108555,0 days 00:00:14.644020,1,150,,,,,,,,,,,,,,,,,,,,5,,,,,,,,,,,,,,,,,,,,COMPLETE
622,622,0.90016664971317,2025-01-01 18:25:10.109398,2025-01-01 18:25:23.634822,0 days 00:00:13.525424,1,40,,,,,,,,,,,,,,,,,,,,5,,,,,,,,,,,,,,,,,,,,COMPLETE
623,623,0.8859194973257093,2025-01-01 18:25:23.635273,2025-01-01 18:25:36.942146,0 days 00:00:13.306873,1,145,,,,,,,,,,,,,,,,,,,,5,,,,,,,,,,,,,,,,,,,,COMPLETE
624,624,0.8647433904684159,2025-01-01 18:25:36.942676,2025-01-01 18:26:20.192012,0 days 00:00:43.249336,2,130,190.0,,,,,,,,,,,,,,,,,,,6,3.0,,,,,,,,,,,,,,,,,,,COMPLETE
625,625,0.8696357838797605,2025-01-01 18:26:20.192620,2025-01-01 18:26:33.671113,0 days 00:00:13.478493,1,150,,,,,,,,,,,,,,,,,,,,5,,,,,,,,,,,,,,,,,,,,COMPLETE
626,626,0.0,2025-01-01 18:26:33.671725,2025-01-01 18:27:33.454313,0 days 00:00:59.782588,17,140,80.0,80.0,20.0,130.0,170.0,120.0,120.0,155.0,,,,90.0,45.0,110.0,30.0,60.0,120.0,60.0,50.0,6,6.0,5.0,2.0,6.0,6.0,3.0,2.0,3.0,,,,2.0,6.0,3.0,3.0,2.0,5.0,3.0,6.0,COMPLETE
627,627,0.9110374077346322,2025-01-01 18:27:33.455694,2025-01-01 18:27:47.883263,0 days 00:00:14.427569,1,95,,,,,,,,,,,,,,,,,,,,5,,,,,,,,,,,,,,,,,,,,COMPLETE
628,628,0.8939731849114296,2025-01-01 18:27:47.883876,2025-01-01 18:28:03.603894,0 days 00:00:15.720018,1,135,,,,,,,,,,,,,,,,,,,,5,,,,,,,,,,,,,,,,,,,,COMPLETE
629,629,0.8618817502324583,2025-01-01 18:28:03.604389,2025-01-01 18:28:27.123581,0 days 00:00:23.519192,2,105,55.0,,,,,,,,,,,,,,,,,,,5,2.0,,,,,,,,,,,,,,,,,,,COMPLETE
630,630,0.0,2025-01-01 18:28:27.124155,2025-01-01 18:29:12.118450,0 days 00:00:44.994295,13,125,100.0,185.0,110.0,30.0,,,,,,,,160.0,105.0,25.0,200.0,70.0,50.0,5.0,20.0,5,4.0,4.0,3.0,2.0,,,,,,,,5.0,4.0,5.0,2.0,5.0,4.0,2.0,2.0,COMPLETE
631,631,0.9033894220018973,2025-01-01 18:29:12.119659,2025-01-01 18:29:27.429305,0 days 00:00:15.309646,1,120,,,,,,,,,,,,,,,,,,,,5,,,,,,,,,,,,,,,,,,,,COMPLETE
632,632,0.8699774596762391,2025-01-01 18:29:27.429950,2025-01-01 18:30:11.213219,0 days 00:00:43.783269,2,155,150.0,,,,,,,,,,,,,,,,,,,5,3.0,,,,,,,,,,,,,,,,,,,COMPLETE
633,633,0.0,2025-01-01 18:30:11.213860,2025-01-01 18:31:34.474814,0 days 00:01:23.260954,14,145,65.0,20.0,185.0,50.0,35.0,,,,,,,195.0,160.0,170.0,120.0,10.0,25.0,180.0,185.0,5,6.0,6.0,4.0,4.0,3.0,,,,,,,6.0,2.0,5.0,6.0,6.0,2.0,4.0,4.0,COMPLETE
634,634,0.7148768913605561,2025-01-01 18:31:34.475808,2025-01-01 18:31:47.972786,0 days 00:00:13.496978,1,85,,,,,,,,,,,,,,,,,,,,5,,,,,,,,,,,,,,,,,,,,COMPLETE
635,635,0.8140035775046028,2025-01-01 18:31:47.973257,2025-01-01 18:32:01.443139,0 days 00:00:13.469882,1,75,,,,,,,,,,,,,,,,,,,,5,,,,,,,,,,,,,,,,,,,,COMPLETE
636,636,0.8869439227821183,2025-01-01 18:32:01.443777,2025-01-01 18:32:17.471881,0 days 00:00:16.028104,1,140,,,,,,,,,,,,,,,,,,,,5,,,,,,,,,,,,,,,,,,,,COMPLETE
637,637,0.8704317604404324,2025-01-01 18:32:17.472741,2025-01-01 18:33:22.095496,0 days 00:01:04.622755,2,110,175.0,,,,,,,,,,,,,,,,,,,5,5.0,,,,,,,,,,,,,,,,,,,COMPLETE
638,638,0.8844738317161213,2025-01-01 18:33:22.096203,2025-01-01 18:33:34.261008,0 days 00:00:12.164805,1,95,,,,,,,,,,,,,,,,,,,,5,,,,,,,,,,,,,,,,,,,,COMPLETE
639,639,0.8045865422378737,2025-01-01 18:33:34.261496,2025-01-01 18:33:48.333507,0 days 00:00:14.072011,1,55,,,,,,,,,,,,,,,,,,,,5,,,,,,,,,,,,,,,,,,,,COMPLETE
640,640,0.8711650268351365,2025-01-01 18:33:48.334132,2025-01-01 18:35:00.941653,0 days 00:01:12.607521,2,200,75.0,,,,,,,,,,,,,,,,,,,5,4.0,,,,,,,,,,,,,,,,,,,COMPLETE
641,641,0.7664405560859028,2025-01-01 18:35:00.942370,2025-01-01 18:35:15.689673,0 days 00:00:14.747303,1,95,,,,,,,,,,,,,,,,,,,,5,,,,,,,,,,,,,,,,,,,,COMPLETE
642,642,0.903769580064082,2025-01-01 18:35:15.690152,2025-01-01 18:35:28.903393,0 days 00:00:13.213241,1,150,,,,,,,,,,,,,,,,,,,,5,,,,,,,,,,,,,,,,,,,,COMPLETE
643,643,0.881220553170778,2025-01-01 18:35:28.903950,2025-01-01 18:35:47.462972,0 days 00:00:18.559022,2,50,30.0,,,,,,,,,,,,,,,,,,,5,2.0,,,,,,,,,,,,,,,,,,,COMPLETE
644,644,0.8855411574416165,2025-01-01 18:35:47.463862,2025-01-01 18:35:59.719456,0 days 00:00:12.255594,1,20,,,,,,,,,,,,,,,,,,,,5,,,,,,,,,,,,,,,,,,,,COMPLETE
645,645,0.8975633267762209,2025-01-01 18:35:59.719967,2025-01-01 18:36:05.115858,0 days 00:00:05.395891,1,45,,,,,,,,,,,,,,,,,,,,2,,,,,,,,,,,,,,,,,,,,COMPLETE
646,646,0.8696941921738434,2025-01-01 18:36:05.116312,2025-01-01 18:37:44.515755,0 days 00:01:39.399443,3,135,90.0,,,,,,,,,,,10.0,,,,,,,,5,5.0,,,,,,,,,,,4.0,,,,,,,,COMPLETE
647,647,0.8679695249099127,2025-01-01 18:37:44.516463,2025-01-01 18:39:17.059417,0 days 00:01:32.542954,2,130,40.0,,,,,,,,,,,,,,,,,,,5,6.0,,,,,,,,,,,,,,,,,,,COMPLETE
648,648,0.9053072642390696,2025-01-01 18:39:17.060107,2025-01-01 18:39:30.367747,0 days 00:00:13.307640,1,145,,,,,,,,,,,,,,,,,,,,4,,,,,,,,,,,,,,,,,,,,COMPLETE
649,649,0.0,2025-01-01 18:39:30.368266,2025-01-01 18:40:04.981646,0 days 00:00:34.613380,12,125,45.0,100.0,75.0,,,,,,,,,20.0,60.0,150.0,175.0,165.0,70.0,140.0,130.0,5,4.0,2.0,3.0,,,,,,,,,3.0,3.0,2.0,4.0,4.0,3.0,5.0,2.0,COMPLETE
650,650,0.9106323850597979,2025-01-01 18:40:04.982473,2025-01-01 18:40:20.070640,0 days 00:00:15.088167,1,135,,,,,,,,,,,,,,,,,,,,5,,,,,,,,,,,,,,,,,,,,COMPLETE
651,651,0.8569024741875219,2025-01-01 18:40:20.071181,2025-01-01 18:40:27.326754,0 days 00:00:07.255573,1,130,,,,,,,,,,,,,,,,,,,,3,,,,,,,,,,,,,,,,,,,,COMPLETE
652,652,0.0,2025-01-01 18:40:27.327220,2025-01-01 18:41:57.044991,0 days 00:01:29.717771,19,140,160.0,130.0,25.0,85.0,120.0,30.0,170.0,50.0,65.0,105.0,,185.0,135.0,70.0,10.0,185.0,140.0,95.0,80.0,5,3.0,3.0,5.0,3.0,5.0,2.0,4.0,5.0,5.0,3.0,,5.0,5.0,6.0,5.0,5.0,5.0,3.0,5.0,COMPLETE
653,653,0.0,2025-01-01 18:41:57.046123,2025-01-01 18:42:58.453917,0 days 00:01:01.407794,15,135,5.0,55.0,65.0,150.0,100.0,130.0,,,,,,150.0,85.0,95.0,105.0,150.0,10.0,155.0,155.0,5,2.0,6.0,6.0,5.0,4.0,4.0,,,,,,2.0,4.0,4.0,3.0,2.0,6.0,6.0,3.0,COMPLETE
654,654,0.9070946148442427,2025-01-01 18:42:58.454923,2025-01-01 18:43:12.496892,0 days 00:00:14.041969,1,115,,,,,,,,,,,,,,,,,,,,5,,,,,,,,,,,,,,,,,,,,COMPLETE
655,655,0.867948820835965,2025-01-01 18:43:12.497458,2025-01-01 18:44:23.319739,0 days 00:01:10.822281,2,140,10.0,,,,,,,,,,,,,,,,,,,4,5.0,,,,,,,,,,,,,,,,,,,COMPLETE
656,656,0.9111842842102905,2025-01-01 18:44:23.320838,2025-01-01 18:44:39.234845,0 days 00:00:15.914007,1,135,,,,,,,,,,,,,,,,,,,,5,,,,,,,,,,,,,,,,,,,,COMPLETE
657,657,0.9108377488468438,2025-01-01 18:44:39.235345,2025-01-01 18:44:54.386507,0 days 00:00:15.151162,1,135,,,,,,,,,,,,,,,,,,,,5,,,,,,,,,,,,,,,,,,,,COMPLETE
658,658,0.8702264211564301,2025-01-01 18:44:54.387071,2025-01-01 18:45:08.527306,0 days 00:00:14.140235,1,130,,,,,,,,,,,,,,,,,,,,5,,,,,,,,,,,,,,,,,,,,COMPLETE
659,659,0.8698879572221971,2025-01-01 18:45:08.527927,2025-01-01 18:46:47.667777,0 days 00:01:39.139850,2,135,135.0,,,,,,,,,,,,,,,,,,,5,6.0,,,,,,,,,,,,,,,,,,,COMPLETE
660,660,0.8809422688618802,2025-01-01 18:46:47.668503,2025-01-01 18:47:01.070839,0 days 00:00:13.402336,1,70,,,,,,,,,,,,,,,,,,,,5,,,,,,,,,,,,,,,,,,,,COMPLETE
661,661,0.0,2025-01-01 18:47:01.071336,2025-01-01 18:47:36.264022,0 days 00:00:35.192686,4,135,180.0,,,,,,,,,,,175.0,175.0,,,,,,,5,3.0,,,,,,,,,,,4.0,6.0,,,,,,,COMPLETE
662,662,0.8884817346161173,2025-01-01 18:47:36.264782,2025-01-01 18:47:50.039221,0 days 00:00:13.774439,1,130,,,,,,,,,,,,,,,,,,,,5,,,,,,,,,,,,,,,,,,,,COMPLETE
663,663,0.8704547833423322,2025-01-01 18:47:50.039735,2025-01-01 18:48:17.129281,0 days 00:00:27.089546,2,125,200.0,,,,,,,,,,,,,,,,,,,5,2.0,,,,,,,,,,,,,,,,,,,COMPLETE
664,664,0.8597762065480128,2025-01-01 18:48:17.129946,2025-01-01 18:48:31.852962,0 days 00:00:14.723016,1,140,,,,,,,,,,,,,,,,,,,,5,,,,,,,,,,,,,,,,,,,,COMPLETE
665,665,0.8950621965581956,2025-01-01 18:48:31.853499,2025-01-01 18:48:44.570353,0 days 00:00:12.716854,1,80,,,,,,,,,,,,,,,,,,,,5,,,,,,,,,,,,,,,,,,,,COMPLETE
666,666,0.8741960860117479,2025-01-01 18:48:44.570868,2025-01-01 18:49:27.796776,0 days 00:00:43.225908,2,90,165.0,,,,,,,,,,,,,,,,,,,5,4.0,,,,,,,,,,,,,,,,,,,COMPLETE
667,667,0.8548120788606981,2025-01-01 18:49:27.797441,2025-01-01 18:49:42.698741,0 days 00:00:14.901300,1,135,,,,,,,,,,,,,,,,,,,,5,,,,,,,,,,,,,,,,,,,,COMPLETE
668,668,0.41528664411029603,2025-01-01 18:49:42.699242,2025-01-01 18:49:58.719671,0 days 00:00:16.020429,1,135,,,,,,,,,,,,,,,,,,,,5,,,,,,,,,,,,,,,,,,,,COMPLETE
669,669,0.910224026065932,2025-01-01 18:49:58.720212,2025-01-01 18:50:14.648519,0 days 00:00:15.928307,1,140,,,,,,,,,,,,,,,,,,,,5,,,,,,,,,,,,,,,,,,,,COMPLETE
670,670,0.8224800295624963,2025-01-01 18:50:14.649114,2025-01-01 18:50:30.453815,0 days 00:00:15.804701,1,140,,,,,,,,,,,,,,,,,,,,5,,,,,,,,,,,,,,,,,,,,COMPLETE
671,671,0.8721051444995798,2025-01-01 18:50:30.454290,2025-01-01 18:51:43.150660,0 days 00:01:12.696370,2,130,110.0,,,,,,,,,,,,,,,,,,,5,5.0,,,,,,,,,,,,,,,,,,,COMPLETE
672,672,0.8217427350320123,2025-01-01 18:51:43.151346,2025-01-01 18:51:57.630880,0 days 00:00:14.479534,1,140,,,,,,,,,,,,,,,,,,,,5,,,,,,,,,,,,,,,,,,,,COMPLETE
673,673,0.8847723379316563,2025-01-01 18:51:57.631414,2025-01-01 18:52:12.205894,0 days 00:00:14.574480,1,135,,,,,,,,,,,,,,,,,,,,5,,,,,,,,,,,,,,,,,,,,COMPLETE
674,674,0.8670943236812498,2025-01-01 18:52:12.206411,2025-01-01 18:53:05.259346,0 days 00:00:53.052935,2,135,50.0,,,,,,,,,,,,,,,,,,,5,4.0,,,,,,,,,,,,,,,,,,,COMPLETE
675,675,0.0,2025-01-01 18:53:05.260047,2025-01-01 18:53:28.747181,0 days 00:00:23.487134,7,130,15.0,,,,,,,,,,,140.0,200.0,195.0,85.0,110.0,,,,5,6.0,,,,,,,,,,,5.0,2.0,3.0,2.0,3.0,,,,COMPLETE
676,676,0.78142247221253,2025-01-01 18:53:28.747841,2025-01-01 18:53:39.091576,0 days 00:00:10.343735,1,140,,,,,,,,,,,,,,,,,,,,5,,,,,,,,,,,,,,,,,,,,COMPLETE
677,677,0.8753915673051783,2025-01-01 18:53:39.092121,2025-01-01 18:53:53.597373,0 days 00:00:14.505252,1,145,,,,,,,,,,,,,,,,,,,,5,,,,,,,,,,,,,,,,,,,,COMPLETE
678,678,0.8685762746583423,2025-01-01 18:53:53.597893,2025-01-01 18:54:34.751163,0 days 00:00:41.153270,2,135,185.0,,,,,,,,,,,,,,,,,,,5,3.0,,,,,,,,,,,,,,,,,,,COMPLETE
679,679,0.7878519167124263,2025-01-01 18:54:34.751823,2025-01-01 18:54:47.580323,0 days 00:00:12.828500,1,140,,,,,,,,,,,,,,,,,,,,5,,,,,,,,,,,,,,,,,,,,COMPLETE
680,680,0.7959859051889188,2025-01-01 18:54:47.580865,2025-01-01 18:55:02.114573,0 days 00:00:14.533708,1,130,,,,,,,,,,,,,,,,,,,,5,,,,,,,,,,,,,,,,,,,,COMPLETE
681,681,0.8664329770524462,2025-01-01 18:55:02.115033,2025-01-01 18:55:44.203908,0 days 00:00:42.088875,2,150,115.0,,,,,,,,,,,,,,,,,,,5,3.0,,,,,,,,,,,,,,,,,,,COMPLETE
682,682,0.8753375795190006,2025-01-01 18:55:44.204614,2025-01-01 18:56:25.721769,0 days 00:00:41.517155,3,145,75.0,,,,,,,,,,,125.0,,,,,,,,5,2.0,,,,,,,,,,,3.0,,,,,,,,COMPLETE
683,683,0.0,2025-01-01 18:56:25.722474,2025-01-01 18:57:10.271908,0 days 00:00:44.549434,11,70,155.0,80.0,,,,,,,,,,70.0,115.0,5.0,50.0,80.0,105.0,75.0,105.0,5,5.0,2.0,,,,,,,,,,6.0,5.0,6.0,5.0,5.0,2.0,3.0,6.0,COMPLETE
684,684,0.8509222017607867,2025-01-01 18:57:10.272740,2025-01-01 18:57:22.971470,0 days 00:00:12.698730,1,60,,,,,,,,,,,,,,,,,,,,5,,,,,,,,,,,,,,,,,,,,COMPLETE
685,685,0.9037043417507693,2025-01-01 18:57:22.972001,2025-01-01 18:57:36.837943,0 days 00:00:13.865942,1,125,,,,,,,,,,,,,,,,,,,,5,,,,,,,,,,,,,,,,,,,,COMPLETE
686,686,0.8664483385546521,2025-01-01 18:57:36.838426,2025-01-01 18:58:51.514883,0 days 00:01:14.676457,2,100,20.0,,,,,,,,,,,,,,,,,,,5,6.0,,,,,,,,,,,,,,,,,,,COMPLETE
687,687,0.8964388341853182,2025-01-01 18:58:51.515580,2025-01-01 18:59:05.895586,0 days 00:00:14.380006,1,135,,,,,,,,,,,,,,,,,,,,5,,,,,,,,,,,,,,,,,,,,COMPLETE
688,688,0.9098302937349885,2025-01-01 18:59:05.896183,2025-01-01 18:59:21.437737,0 days 00:00:15.541554,1,140,,,,,,,,,,,,,,,,,,,,5,,,,,,,,,,,,,,,,,,,,COMPLETE
689,689,0.9105287505798689,2025-01-01 18:59:21.438222,2025-01-01 18:59:34.085328,0 days 00:00:12.647106,1,140,,,,,,,,,,,,,,,,,,,,5,,,,,,,,,,,,,,,,,,,,COMPLETE
690,690,0.8821988830176961,2025-01-01 18:59:34.085878,2025-01-01 18:59:48.673681,0 days 00:00:14.587803,1,140,,,,,,,,,,,,,,,,,,,,5,,,,,,,,,,,,,,,,,,,,COMPLETE
691,691,0.8690287762110966,2025-01-01 18:59:48.674224,2025-01-01 19:00:42.527175,0 days 00:00:53.852951,2,140,25.0,,,,,,,,,,,,,,,,,,,5,4.0,,,,,,,,,,,,,,,,,,,COMPLETE
692,692,0.8400763752449618,2025-01-01 19:00:42.527874,2025-01-01 19:00:58.033083,0 days 00:00:15.505209,1,135,,,,,,,,,,,,,,,,,,,,5,,,,,,,,,,,,,,,,,,,,COMPLETE
693,693,0.8631635172638805,2025-01-01 19:00:58.033601,2025-01-01 19:01:13.229283,0 days 00:00:15.195682,1,140,,,,,,,,,,,,,,,,,,,,5,,,,,,,,,,,,,,,,,,,,COMPLETE
694,694,0.8718476061316063,2025-01-01 19:01:13.229773,2025-01-01 19:01:41.431626,0 days 00:00:28.201853,2,130,145.0,,,,,,,,,,,,,,,,,,,5,2.0,,,,,,,,,,,,,,,,,,,COMPLETE
695,695,0.0,2025-01-01 19:01:41.432313,2025-01-01 19:01:57.521174,0 days 00:00:16.088861,6,140,125.0,,,,,,,,,,,45.0,35.0,55.0,190.0,,,,,5,5.0,,,,,,,,,,,2.0,4.0,3.0,4.0,,,,,COMPLETE
696,696,0.8605035200856648,2025-01-01 19:01:57.521772,2025-01-01 19:02:12.905626,0 days 00:00:15.383854,1,135,,,,,,,,,,,,,,,,,,,,5,,,,,,,,,,,,,,,,,,,,COMPLETE
697,697,0.8715555162037862,2025-01-01 19:02:12.906172,2025-01-01 19:02:54.735042,0 days 00:00:41.828870,2,145,105.0,,,,,,,,,,,,,,,,,,,5,3.0,,,,,,,,,,,,,,,,,,,COMPLETE
698,698,0.8886031588980261,2025-01-01 19:02:54.735667,2025-01-01 19:03:08.109332,0 days 00:00:13.373665,1,135,,,,,,,,,,,,,,,,,,,,5,,,,,,,,,,,,,,,,,,,,COMPLETE
699,699,0.8935086310771032,2025-01-01 19:03:08.109887,2025-01-01 19:03:22.077903,0 days 00:00:13.968016,1,145,,,,,,,,,,,,,,,,,,,,5,,,,,,,,,,,,,,,,,,,,COMPLETE
700,700,0.8685389275586491,2025-01-01 19:03:22.078455,2025-01-01 19:04:50.920283,0 days 00:01:28.841828,2,125,60.0,,,,,,,,,,,,,,,,,,,5,6.0,,,,,,,,,,,,,,,,,,,COMPLETE
701,701,0.8852079232076455,2025-01-01 19:04:50.920999,2025-01-01 19:05:05.929487,0 days 00:00:15.008488,1,130,,,,,,,,,,,,,,,,,,,,5,,,,,,,,,,,,,,,,,,,,COMPLETE
702,702,0.90675571621417,2025-01-01 19:05:05.930039,2025-01-01 19:05:18.942223,0 days 00:00:13.012184,1,140,,,,,,,,,,,,,,,,,,,,5,,,,,,,,,,,,,,,,,,,,COMPLETE
703,703,0.8666473781573706,2025-01-01 19:05:18.942751,2025-01-01 19:06:15.379361,0 days 00:00:56.436610,2,135,165.0,,,,,,,,,,,,,,,,,,,5,4.0,,,,,,,,,,,,,,,,,,,COMPLETE
704,704,0.8735187121441785,2025-01-01 19:06:15.380073,2025-01-01 19:06:29.282183,0 days 00:00:13.902110,1,145,,,,,,,,,,,,,,,,,,,,5,,,,,,,,,,,,,,,,,,,,COMPLETE
705,705,0.9052654354351195,2025-01-01 19:06:29.282666,2025-01-01 19:06:44.976465,0 days 00:00:15.693799,1,130,,,,,,,,,,,,,,,,,,,,5,,,,,,,,,,,,,,,,,,,,COMPLETE
706,706,0.8768499833850181,2025-01-01 19:06:44.977022,2025-01-01 19:06:59.671276,0 days 00:00:14.694254,1,135,,,,,,,,,,,,,,,,,,,,5,,,,,,,,,,,,,,,,,,,,COMPLETE
707,707,0.8738083002720378,2025-01-01 19:06:59.671884,2025-01-01 19:08:16.793357,0 days 00:01:17.121473,2,140,140.0,,,,,,,,,,,,,,,,,,,5,5.0,,,,,,,,,,,,,,,,,,,COMPLETE
708,708,0.7477340104832129,2025-01-01 19:08:16.794073,2025-01-01 19:08:29.630935,0 days 00:00:12.836862,1,145,,,,,,,,,,,,,,,,,,,,5,,,,,,,,,,,,,,,,,,,,COMPLETE
709,709,0.905623831661619,2025-01-01 19:08:29.631489,2025-01-01 19:08:45.368372,0 days 00:00:15.736883,1,140,,,,,,,,,,,,,,,,,,,,5,,,,,,,,,,,,,,,,,,,,COMPLETE
710,710,0.8446156374611122,2025-01-01 19:08:45.368978,2025-01-01 19:08:58.481684,0 days 00:00:13.112706,1,135,,,,,,,,,,,,,,,,,,,,5,,,,,,,,,,,,,,,,,,,,COMPLETE
711,711,0.8263163618894972,2025-01-01 19:08:58.482162,2025-01-01 19:09:12.949381,0 days 00:00:14.467219,1,120,,,,,,,,,,,,,,,,,,,,5,,,,,,,,,,,,,,,,,,,,COMPLETE
712,712,0.8784708661271774,2025-01-01 19:09:12.949945,2025-01-01 19:09:38.761853,0 days 00:00:25.811908,2,130,30.0,,,,,,,,,,,,,,,,,,,5,2.0,,,,,,,,,,,,,,,,,,,COMPLETE
713,713,0.9019204500970324,2025-01-01 19:09:38.762462,2025-01-01 19:09:48.542403,0 days 00:00:09.779941,1,140,,,,,,,,,,,,,,,,,,,,5,,,,,,,,,,,,,,,,,,,,COMPLETE
714,714,0.8731477872476237,2025-01-01 19:09:48.542900,2025-01-01 19:11:02.049455,0 days 00:01:13.506555,3,55,95.0,,,,,,,,,,,115.0,,,,,,,,5,4.0,,,,,,,,,,,5.0,,,,,,,,COMPLETE
715,715,0.8555549842480829,2025-01-01 19:11:02.050189,2025-01-01 19:11:16.855007,0 days 00:00:14.804818,1,145,,,,,,,,,,,,,,,,,,,,5,,,,,,,,,,,,,,,,,,,,COMPLETE
716,716,0.881326054499592,2025-01-01 19:11:16.855567,2025-01-01 19:11:39.628155,0 days 00:00:22.772588,2,40,190.0,,,,,,,,,,,,,,,,,,,5,3.0,,,,,,,,,,,,,,,,,,,COMPLETE
717,717,0.8737675920197958,2025-01-01 19:11:39.628712,2025-01-01 19:13:17.279055,0 days 00:01:37.650343,2,135,150.0,,,,,,,,,,,,,,,,,,,5,6.0,,,,,,,,,,,,,,,,,,,COMPLETE
718,718,0.8588070788326588,2025-01-01 19:13:17.279770,2025-01-01 19:13:32.115400,0 days 00:00:14.835630,1,145,,,,,,,,,,,,,,,,,,,,5,,,,,,,,,,,,,,,,,,,,COMPLETE
719,719,0.445022033970821,2025-01-01 19:13:32.115969,2025-01-01 19:13:44.318566,0 days 00:00:12.202597,1,130,,,,,,,,,,,,,,,,,,,,5,,,,,,,,,,,,,,,,,,,,COMPLETE
720,720,0.877680459515475,2025-01-01 19:13:44.319127,2025-01-01 19:15:00.051596,0 days 00:01:15.732469,2,140,100.0,,,,,,,,,,,,,,,,,,,5,5.0,,,,,,,,,,,,,,,,,,,COMPLETE
721,721,0.8769296772577961,2025-01-01 19:15:00.052317,2025-01-01 19:15:15.929898,0 days 00:00:15.877581,1,135,,,,,,,,,,,,,,,,,,,,5,,,,,,,,,,,,,,,,,,,,COMPLETE
722,722,0.9098187653369871,2025-01-01 19:15:15.930454,2025-01-01 19:15:30.149455,0 days 00:00:14.219001,1,150,,,,,,,,,,,,,,,,,,,,5,,,,,,,,,,,,,,,,,,,,COMPLETE
723,723,0.8669793600825301,2025-01-01 19:15:30.150032,2025-01-01 19:16:00.443004,0 days 00:00:30.292972,2,150,170.0,,,,,,,,,,,,,,,,,,,5,2.0,,,,,,,,,,,,,,,,,,,COMPLETE
724,724,0.8801028327121702,2025-01-01 19:16:00.443565,2025-01-01 19:16:11.332642,0 days 00:00:10.889077,1,150,,,,,,,,,,,,,,,,,,,,5,,,,,,,,,,,,,,,,,,,,COMPLETE
725,725,0.8589165238119061,2025-01-01 19:16:11.333196,2025-01-01 19:16:27.001251,0 days 00:00:15.668055,1,155,,,,,,,,,,,,,,,,,,,,5,,,,,,,,,,,,,,,,,,,,COMPLETE
726,726,0.8358054427325508,2025-01-01 19:16:27.001870,2025-01-01 19:16:41.188915,0 days 00:00:14.187045,1,145,,,,,,,,,,,,,,,,,,,,5,,,,,,,,,,,,,,,,,,,,COMPLETE
727,727,0.8715130601234933,2025-01-01 19:16:41.189404,2025-01-01 19:17:23.311588,0 days 00:00:42.122184,2,150,125.0,,,,,,,,,,,,,,,,,,,5,3.0,,,,,,,,,,,,,,,,,,,COMPLETE
728,728,0.8877474804683602,2025-01-01 19:17:23.312288,2025-01-01 19:17:39.276538,0 days 00:00:15.964250,1,155,,,,,,,,,,,,,,,,,,,,5,,,,,,,,,,,,,,,,,,,,COMPLETE
729,729,0.8865902625800173,2025-01-01 19:17:39.277039,2025-01-01 19:17:52.903022,0 days 00:00:13.625983,1,140,,,,,,,,,,,,,,,,,,,,5,,,,,,,,,,,,,,,,,,,,COMPLETE
730,730,0.8749980245309359,2025-01-01 19:17:52.903590,2025-01-01 19:18:18.511527,0 days 00:00:25.607937,2,25,35.0,,,,,,,,,,,,,,,,,,,5,5.0,,,,,,,,,,,,,,,,,,,COMPLETE
731,731,0.8715754562854099,2025-01-01 19:18:18.512152,2025-01-01 19:18:33.808352,0 days 00:00:15.296200,1,155,,,,,,,,,,,,,,,,,,,,5,,,,,,,,,,,,,,,,,,,,COMPLETE
732,732,0.8507826652022352,2025-01-01 19:18:33.808855,2025-01-01 19:18:46.795003,0 days 00:00:12.986148,1,125,,,,,,,,,,,,,,,,,,,,5,,,,,,,,,,,,,,,,,,,,COMPLETE
733,733,0.869433974085946,2025-01-01 19:18:46.795565,2025-01-01 19:20:30.802697,0 days 00:01:44.007132,2,150,85.0,,,,,,,,,,,,,,,,,,,5,6.0,,,,,,,,,,,,,,,,,,,COMPLETE
734,734,0.8837414396476302,2025-01-01 19:20:30.803410,2025-01-01 19:20:44.959458,0 days 00:00:14.156048,1,145,,,,,,,,,,,,,,,,,,,,5,,,,,,,,,,,,,,,,,,,,COMPLETE
735,735,0.8625640682336527,2025-01-01 19:20:44.959969,2025-01-01 19:20:58.182443,0 days 00:00:13.222474,1,140,,,,,,,,,,,,,,,,,,,,5,,,,,,,,,,,,,,,,,,,,COMPLETE
736,736,0.8912725968304192,2025-01-01 19:20:58.182938,2025-01-01 19:21:09.584371,0 days 00:00:11.401433,1,130,,,,,,,,,,,,,,,,,,,,5,,,,,,,,,,,,,,,,,,,,COMPLETE
737,737,0.8630968944757533,2025-01-01 19:21:09.584936,2025-01-01 19:21:22.430134,0 days 00:00:12.845198,1,135,,,,,,,,,,,,,,,,,,,,5,,,,,,,,,,,,,,,,,,,,COMPLETE
738,738,0.8671114599686027,2025-01-01 19:21:22.430749,2025-01-01 19:22:02.431491,0 days 00:00:40.000742,2,145,50.0,,,,,,,,,,,,,,,,,,,5,3.0,,,,,,,,,,,,,,,,,,,COMPLETE
739,739,0.8964309619292639,2025-01-01 19:22:02.432077,2025-01-01 19:22:14.101007,0 days 00:00:11.668930,1,5,,,,,,,,,,,,,,,,,,,,5,,,,,,,,,,,,,,,,,,,,COMPLETE
740,740,0.8705187099488956,2025-01-01 19:22:14.101574,2025-01-01 19:23:15.284600,0 days 00:01:01.183026,2,150,130.0,,,,,,,,,,,,,,,,,,,5,4.0,,,,,,,,,,,,,,,,,,,COMPLETE
741,741,0.9047406938390858,2025-01-01 19:23:15.285308,2025-01-01 19:23:30.095151,0 days 00:00:14.809843,1,135,,,,,,,,,,,,,,,,,,,,5,,,,,,,,,,,,,,,,,,,,COMPLETE
742,742,0.8920017650349388,2025-01-01 19:23:30.095653,2025-01-01 19:23:45.931925,0 days 00:00:15.836272,1,140,,,,,,,,,,,,,,,,,,,,5,,,,,,,,,,,,,,,,,,,,COMPLETE
743,743,0.874180020294336,2025-01-01 19:23:45.932496,2025-01-01 19:24:10.785678,0 days 00:00:24.853182,2,125,40.0,,,,,,,,,,,,,,,,,,,5,2.0,,,,,,,,,,,,,,,,,,,COMPLETE
744,744,0.8409912708747512,2025-01-01 19:24:10.786293,2025-01-01 19:24:25.314240,0 days 00:00:14.527947,1,145,,,,,,,,,,,,,,,,,,,,5,,,,,,,,,,,,,,,,,,,,COMPLETE
745,745,0.8819204865811705,2025-01-01 19:24:25.314740,2025-01-01 19:24:39.071412,0 days 00:00:13.756672,1,80,,,,,,,,,,,,,,,,,,,,5,,,,,,,,,,,,,,,,,,,,COMPLETE
