,number,value,datetime_start,datetime_complete,duration,params_depth,params_neurons_layer_0,params_neurons_layer_1,params_neurons_layer_10,params_neurons_layer_11,params_neurons_layer_12,params_neurons_layer_13,params_neurons_layer_14,params_neurons_layer_15,params_neurons_layer_16,params_neurons_layer_17,params_neurons_layer_18,params_neurons_layer_19,params_neurons_layer_2,params_neurons_layer_3,params_neurons_layer_4,params_neurons_layer_5,params_neurons_layer_6,params_neurons_layer_7,params_neurons_layer_8,params_neurons_layer_9,params_orders_layer_0,params_orders_layer_1,params_orders_layer_10,params_orders_layer_11,params_orders_layer_12,params_orders_layer_13,params_orders_layer_14,params_orders_layer_15,params_orders_layer_16,params_orders_layer_17,params_orders_layer_18,params_orders_layer_19,params_orders_layer_2,params_orders_layer_3,params_orders_layer_4,params_orders_layer_5,params_orders_layer_6,params_orders_layer_7,params_orders_layer_8,params_orders_layer_9,state
479,479,0.8775510204081632,2025-01-01 09:03:05.494821,2025-01-01 09:03:07.769803,0 days 00:00:02.274982,2,135,180.0,,,,,,,,,,,,,,,,,,,3,2.0,,,,,,,,,,,,,,,,,,,COMPLETE
480,480,0.779205138498595,2025-01-01 09:03:07.770257,2025-01-01 09:03:18.304516,0 days 00:00:10.534259,4,140,190.0,,,,,,,,,,,35.0,125.0,,,,,,,3,6.0,,,,,,,,,,,6.0,6.0,,,,,,,COMPLETE
481,481,0.8678396072013093,2025-01-01 09:03:18.305066,2025-01-01 09:03:23.149602,0 days 00:00:04.844536,2,30,195.0,,,,,,,,,,,,,,,,,,,3,6.0,,,,,,,,,,,,,,,,,,,COMPLETE
482,482,0.8397435897435898,2025-01-01 09:03:23.150065,2025-01-01 09:03:25.574920,0 days 00:00:02.424855,1,40,,,,,,,,,,,,,,,,,,,,3,,,,,,,,,,,,,,,,,,,,COMPLETE
483,483,0.7227272727272727,2025-01-01 09:03:25.575338,2025-01-01 09:03:33.854733,0 days 00:00:08.279395,3,155,40.0,,,,,,,,,,,20.0,,,,,,,,5,6.0,,,,,,,,,,,5.0,,,,,,,,COMPLETE
484,484,0.7525252525252526,2025-01-01 09:03:33.855233,2025-01-01 09:03:44.305879,0 days 00:00:10.450646,4,145,185.0,,,,,,,,,,,50.0,50.0,,,,,,,3,6.0,,,,,,,,,,,6.0,5.0,,,,,,,COMPLETE
485,485,0.898989898989899,2025-01-01 09:03:44.306418,2025-01-01 09:03:51.529353,0 days 00:00:07.222935,3,175,75.0,,,,,,,,,,,30.0,,,,,,,,3,6.0,,,,,,,,,,,4.0,,,,,,,,COMPLETE
486,486,0.8193496587715776,2025-01-01 09:03:51.529863,2025-01-01 09:03:53.968081,0 days 00:00:02.438218,1,45,,,,,,,,,,,,,,,,,,,,3,,,,,,,,,,,,,,,,,,,,COMPLETE
487,487,0.8397435897435898,2025-01-01 09:03:53.968503,2025-01-01 09:03:59.473041,0 days 00:00:05.504538,3,105,170.0,,,,,,,,,,,105.0,,,,,,,,3,6.0,,,,,,,,,,,6.0,,,,,,,,COMPLETE
488,488,0.7564935064935066,2025-01-01 09:03:59.473555,2025-01-01 09:04:04.953391,0 days 00:00:05.479836,2,150,200.0,,,,,,,,,,,,,,,,,,,3,6.0,,,,,,,,,,,,,,,,,,,COMPLETE
489,489,0.7831632653061225,2025-01-01 09:04:04.953875,2025-01-01 09:04:10.422468,0 days 00:00:05.468593,2,130,180.0,,,,,,,,,,,,,,,,,,,3,6.0,,,,,,,,,,,,,,,,,,,COMPLETE
490,490,0.8397435897435898,2025-01-01 09:04:10.423098,2025-01-01 09:04:17.776703,0 days 00:00:07.353605,3,50,165.0,,,,,,,,,,,50.0,,,,,,,,3,6.0,,,,,,,,,,,6.0,,,,,,,,COMPLETE
491,491,0.8376623376623377,2025-01-01 09:04:17.777197,2025-01-01 09:04:22.625891,0 days 00:00:04.848694,2,70,190.0,,,,,,,,,,,,,,,,,,,3,6.0,,,,,,,,,,,,,,,,,,,COMPLETE
492,492,0.8585858585858586,2025-01-01 09:04:22.626368,2025-01-01 09:04:27.657659,0 days 00:00:05.031291,2,125,100.0,,,,,,,,,,,,,,,,,,,3,5.0,,,,,,,,,,,,,,,,,,,COMPLETE
493,493,0.8999599839935974,2025-01-01 09:04:27.658159,2025-01-01 09:04:35.113180,0 days 00:00:07.455021,3,135,160.0,,,,,,,,,,,15.0,,,,,,,,3,6.0,,,,,,,,,,,5.0,,,,,,,,COMPLETE
494,494,0.64,2025-01-01 09:04:35.113687,2025-01-01 09:04:49.489341,0 days 00:00:14.375654,4,135,155.0,,,,,,,,,,,15.0,60.0,,,,,,,5,6.0,,,,,,,,,,,5.0,3.0,,,,,,,COMPLETE
495,495,0.8397435897435898,2025-01-01 09:04:49.489873,2025-01-01 09:04:56.356281,0 days 00:00:06.866408,3,140,150.0,,,,,,,,,,,20.0,,,,,,,,3,6.0,,,,,,,,,,,5.0,,,,,,,,COMPLETE
496,496,0.0,2025-01-01 09:04:56.356795,2025-01-01 09:04:59.764263,0 days 00:00:03.407468,4,135,160.0,,,,,,,,,,,25.0,80.0,,,,,,,3,6.0,,,,,,,,,,,5.0,4.0,,,,,,,COMPLETE
497,497,0.0,2025-01-01 09:04:59.764800,2025-01-01 09:05:01.678504,0 days 00:00:01.913704,3,145,170.0,,,,,,,,,,,95.0,,,,,,,,3,2.0,,,,,,,,,,,5.0,,,,,,,,COMPLETE
498,498,0.8397435897435898,2025-01-01 09:05:01.678994,2025-01-01 09:05:08.622424,0 days 00:00:06.943430,3,140,160.0,,,,,,,,,,,15.0,,,,,,,,3,6.0,,,,,,,,,,,5.0,,,,,,,,COMPLETE
499,499,0.7267156862745099,2025-01-01 09:05:08.622926,2025-01-01 09:05:19.119651,0 days 00:00:10.496725,4,130,165.0,,,,,,,,,,,10.0,95.0,,,,,,,3,6.0,,,,,,,,,,,5.0,6.0,,,,,,,COMPLETE
500,500,0.8798076923076923,2025-01-01 09:05:19.120364,2025-01-01 09:05:25.279448,0 days 00:00:06.159084,3,135,170.0,,,,,,,,,,,5.0,,,,,,,,3,4.0,,,,,,,,,,,5.0,,,,,,,,COMPLETE
501,501,0.0,2025-01-01 09:05:25.279960,2025-01-01 09:05:28.111405,0 days 00:00:02.831445,4,145,150.0,,,,,,,,,,,20.0,195.0,,,,,,,3,6.0,,,,,,,,,,,5.0,2.0,,,,,,,COMPLETE
502,502,0.8798076923076923,2025-01-01 09:05:28.111920,2025-01-01 09:05:35.997513,0 days 00:00:07.885593,3,160,155.0,,,,,,,,,,,85.0,,,,,,,,3,6.0,,,,,,,,,,,6.0,,,,,,,,COMPLETE
503,503,0.8465473145780051,2025-01-01 09:05:35.998017,2025-01-01 09:05:42.004536,0 days 00:00:06.006519,3,80,160.0,,,,,,,,,,,15.0,,,,,,,,3,6.0,,,,,,,,,,,6.0,,,,,,,,COMPLETE
504,504,0.0,2025-01-01 09:05:42.005056,2025-01-01 09:05:46.782743,0 days 00:00:04.777687,6,140,200.0,,,,,,,,,,,25.0,135.0,50.0,125.0,,,,,3,6.0,,,,,,,,,,,5.0,5.0,4.0,6.0,,,,,COMPLETE
505,505,0.8423076923076923,2025-01-01 09:05:46.783330,2025-01-01 09:05:53.715818,0 days 00:00:06.932488,3,45,165.0,,,,,,,,,,,90.0,,,,,,,,5,6.0,,,,,,,,,,,4.0,,,,,,,,COMPLETE
506,506,0.8798076923076923,2025-01-01 09:05:53.716315,2025-01-01 09:05:58.176289,0 days 00:00:04.459974,2,150,175.0,,,,,,,,,,,,,,,,,,,3,6.0,,,,,,,,,,,,,,,,,,,COMPLETE
507,507,0.7851851851851852,2025-01-01 09:05:58.176781,2025-01-01 09:06:02.844606,0 days 00:00:04.667825,2,130,195.0,,,,,,,,,,,,,,,,,,,2,5.0,,,,,,,,,,,,,,,,,,,COMPLETE
508,508,0.8454545454545455,2025-01-01 09:06:02.845087,2025-01-01 09:06:08.164323,0 days 00:00:05.319236,2,135,20.0,,,,,,,,,,,,,,,,,,,4,6.0,,,,,,,,,,,,,,,,,,,COMPLETE
509,509,0.8876127973748975,2025-01-01 09:06:08.164810,2025-01-01 09:06:15.035433,0 days 00:00:06.870623,3,55,175.0,,,,,,,,,,,10.0,,,,,,,,3,6.0,,,,,,,,,,,6.0,,,,,,,,COMPLETE
510,510,0.8594941790445605,2025-01-01 09:06:15.035948,2025-01-01 09:06:17.634202,0 days 00:00:02.598254,1,40,,,,,,,,,,,,,,,,,,,,3,,,,,,,,,,,,,,,,,,,,COMPLETE
511,511,0.8242553191489361,2025-01-01 09:06:17.634656,2025-01-01 09:06:22.148587,0 days 00:00:04.513931,2,30,195.0,,,,,,,,,,,,,,,,,,,3,6.0,,,,,,,,,,,,,,,,,,,COMPLETE
512,512,0.8470057424118129,2025-01-01 09:06:22.149070,2025-01-01 09:06:30.152306,0 days 00:00:08.003236,3,140,160.0,,,,,,,,,,,5.0,,,,,,,,5,6.0,,,,,,,,,,,6.0,,,,,,,,COMPLETE
513,513,0.0,2025-01-01 09:06:30.152823,2025-01-01 09:06:33.317564,0 days 00:00:03.164741,4,145,130.0,,,,,,,,,,,30.0,30.0,,,,,,,3,6.0,,,,,,,,,,,5.0,3.0,,,,,,,COMPLETE
514,514,0.8599439775910365,2025-01-01 09:06:33.318249,2025-01-01 09:06:38.125413,0 days 00:00:04.807164,2,125,180.0,,,,,,,,,,,,,,,,,,,3,6.0,,,,,,,,,,,,,,,,,,,COMPLETE
515,515,0.0,2025-01-01 09:06:38.125898,2025-01-01 09:06:43.917097,0 days 00:00:05.791199,8,25,190.0,,,,,,,,,,,20.0,155.0,125.0,195.0,20.0,65.0,,,3,6.0,,,,,,,,,,,6.0,4.0,6.0,4.0,3.0,5.0,,,COMPLETE
516,516,0.8193496587715776,2025-01-01 09:06:43.917753,2025-01-01 09:06:50.348895,0 days 00:00:06.431142,3,165,200.0,,,,,,,,,,,120.0,,,,,,,,3,2.0,,,,,,,,,,,6.0,,,,,,,,COMPLETE
517,517,0.7868248772504092,2025-01-01 09:06:50.349410,2025-01-01 09:06:54.751148,0 days 00:00:04.401738,2,50,195.0,,,,,,,,,,,,,,,,,,,6,6.0,,,,,,,,,,,,,,,,,,,COMPLETE
518,518,0.8425925925925926,2025-01-01 09:06:54.751642,2025-01-01 09:06:57.369148,0 days 00:00:02.617506,1,85,,,,,,,,,,,,,,,,,,,,3,,,,,,,,,,,,,,,,,,,,COMPLETE
519,519,0.0,2025-01-01 09:06:57.369595,2025-01-01 09:07:00.543860,0 days 00:00:03.174265,5,55,170.0,,,,,,,,,,,15.0,45.0,180.0,,,,,,3,4.0,,,,,,,,,,,5.0,2.0,5.0,,,,,,COMPLETE
520,520,0.8792270531400965,2025-01-01 09:07:00.544396,2025-01-01 09:07:07.908967,0 days 00:00:07.364571,3,155,185.0,,,,,,,,,,,10.0,,,,,,,,3,6.0,,,,,,,,,,,6.0,,,,,,,,COMPLETE
521,521,0.7937710437710437,2025-01-01 09:07:07.909500,2025-01-01 09:07:13.431008,0 days 00:00:05.521508,2,180,165.0,,,,,,,,,,,,,,,,,,,3,6.0,,,,,,,,,,,,,,,,,,,COMPLETE
522,522,0.8599439775910365,2025-01-01 09:07:13.431501,2025-01-01 09:07:21.378656,0 days 00:00:07.947155,3,35,185.0,,,,,,,,,,,25.0,,,,,,,,3,6.0,,,,,,,,,,,6.0,,,,,,,,COMPLETE
523,523,0.8599439775910365,2025-01-01 09:07:21.379163,2025-01-01 09:07:26.850574,0 days 00:00:05.471411,2,130,195.0,,,,,,,,,,,,,,,,,,,3,6.0,,,,,,,,,,,,,,,,,,,COMPLETE
524,524,0.84,2025-01-01 09:07:26.851061,2025-01-01 09:07:34.200633,0 days 00:00:07.349572,3,45,175.0,,,,,,,,,,,5.0,,,,,,,,3,6.0,,,,,,,,,,,6.0,,,,,,,,COMPLETE
525,525,0.0,2025-01-01 09:07:34.201141,2025-01-01 09:07:38.031579,0 days 00:00:03.830438,4,135,170.0,,,,,,,,,,,15.0,185.0,,,,,,,3,6.0,,,,,,,,,,,5.0,6.0,,,,,,,COMPLETE
526,526,0.8585858585858586,2025-01-01 09:07:38.032115,2025-01-01 09:07:43.521995,0 days 00:00:05.489880,2,65,180.0,,,,,,,,,,,,,,,,,,,3,6.0,,,,,,,,,,,,,,,,,,,COMPLETE
527,527,0.8193496587715776,2025-01-01 09:07:43.522502,2025-01-01 09:07:46.138469,0 days 00:00:02.615967,1,145,,,,,,,,,,,,,,,,,,,,3,,,,,,,,,,,,,,,,,,,,COMPLETE
528,528,0.8272727272727273,2025-01-01 09:07:46.138922,2025-01-01 09:07:54.304592,0 days 00:00:08.165670,3,40,190.0,,,,,,,,,,,35.0,,,,,,,,5,6.0,,,,,,,,,,,6.0,,,,,,,,COMPLETE
529,529,0.0,2025-01-01 09:07:54.305084,2025-01-01 09:07:56.882608,0 days 00:00:02.577524,3,150,200.0,,,,,,,,,,,100.0,,,,,,,,3,4.0,,,,,,,,,,,5.0,,,,,,,,COMPLETE
530,530,0.6862745098039216,2025-01-01 09:07:56.883252,2025-01-01 09:08:08.370045,0 days 00:00:11.486793,4,140,190.0,,,,,,,,,,,10.0,120.0,,,,,,,3,6.0,,,,,,,,,,,6.0,5.0,,,,,,,COMPLETE
531,531,0.7751355861493534,2025-01-01 09:08:08.370619,2025-01-01 09:08:12.834375,0 days 00:00:04.463756,2,35,90.0,,,,,,,,,,,,,,,,,,,3,6.0,,,,,,,,,,,,,,,,,,,COMPLETE
532,532,0.8397435897435898,2025-01-01 09:08:12.834860,2025-01-01 09:08:15.458368,0 days 00:00:02.623508,1,120,,,,,,,,,,,,,,,,,,,,3,,,,,,,,,,,,,,,,,,,,COMPLETE
533,533,0.7851851851851852,2025-01-01 09:08:15.458814,2025-01-01 09:08:21.296849,0 days 00:00:05.838035,3,125,175.0,,,,,,,,,,,20.0,,,,,,,,5,3.0,,,,,,,,,,,4.0,,,,,,,,COMPLETE
534,534,0.7987117552334944,2025-01-01 09:08:21.297358,2025-01-01 09:08:26.478890,0 days 00:00:05.181532,2,130,185.0,,,,,,,,,,,,,,,,,,,3,6.0,,,,,,,,,,,,,,,,,,,COMPLETE
535,535,0.0,2025-01-01 09:08:26.479374,2025-01-01 09:08:29.279842,0 days 00:00:02.800468,7,60,120.0,,,,,,,,,,,70.0,25.0,85.0,170.0,190.0,,,,3,5.0,,,,,,,,,,,6.0,3.0,3.0,5.0,5.0,,,,COMPLETE
536,536,0.797077922077922,2025-01-01 09:08:29.280438,2025-01-01 09:08:34.411421,0 days 00:00:05.130983,2,45,60.0,,,,,,,,,,,,,,,,,,,2,6.0,,,,,,,,,,,,,,,,,,,COMPLETE
537,537,0.92,2025-01-01 09:08:34.411918,2025-01-01 09:08:39.938855,0 days 00:00:05.526937,3,135,115.0,,,,,,,,,,,30.0,,,,,,,,3,6.0,,,,,,,,,,,6.0,,,,,,,,COMPLETE
538,538,0.8999599839935974,2025-01-01 09:08:39.939380,2025-01-01 09:08:47.864897,0 days 00:00:07.925517,3,135,115.0,,,,,,,,,,,30.0,,,,,,,,3,6.0,,,,,,,,,,,6.0,,,,,,,,COMPLETE
539,539,0.8361204013377926,2025-01-01 09:08:47.865413,2025-01-01 09:08:53.005611,0 days 00:00:05.140198,2,135,115.0,,,,,,,,,,,,,,,,,,,3,6.0,,,,,,,,,,,,,,,,,,,COMPLETE
540,540,0.8045454545454545,2025-01-01 09:08:53.006098,2025-01-01 09:09:00.887928,0 days 00:00:07.881830,3,135,95.0,,,,,,,,,,,45.0,,,,,,,,3,6.0,,,,,,,,,,,6.0,,,,,,,,COMPLETE
541,541,0.0,2025-01-01 09:09:00.888435,2025-01-01 09:09:03.851600,0 days 00:00:02.963165,4,135,125.0,,,,,,,,,,,40.0,65.0,,,,,,,3,6.0,,,,,,,,,,,6.0,2.0,,,,,,,COMPLETE
542,542,0.8199279711884754,2025-01-01 09:09:03.852122,2025-01-01 09:09:08.992111,0 days 00:00:05.139989,2,140,105.0,,,,,,,,,,,,,,,,,,,3,6.0,,,,,,,,,,,,,,,,,,,COMPLETE
543,543,0.831764705882353,2025-01-01 09:09:08.992604,2025-01-01 09:09:10.461333,0 days 00:00:01.468729,1,140,,,,,,,,,,,,,,,,,,,,3,,,,,,,,,,,,,,,,,,,,COMPLETE
544,544,0.8594941790445605,2025-01-01 09:09:10.461785,2025-01-01 09:09:18.325241,0 days 00:00:07.863456,3,130,115.0,,,,,,,,,,,35.0,,,,,,,,3,6.0,,,,,,,,,,,6.0,,,,,,,,COMPLETE
545,545,0.8193496587715776,2025-01-01 09:09:18.325927,2025-01-01 09:09:26.258780,0 days 00:00:07.932853,3,145,130.0,,,,,,,,,,,30.0,,,,,,,,3,6.0,,,,,,,,,,,6.0,,,,,,,,COMPLETE
546,546,0.92,2025-01-01 09:09:26.259306,2025-01-01 09:09:31.424252,0 days 00:00:05.164946,2,135,100.0,,,,,,,,,,,,,,,,,,,3,6.0,,,,,,,,,,,,,,,,,,,COMPLETE
547,547,0.85062893081761,2025-01-01 09:09:31.424753,2025-01-01 09:09:33.881753,0 days 00:00:02.457000,1,135,,,,,,,,,,,,,,,,,,,,3,,,,,,,,,,,,,,,,,,,,COMPLETE
548,548,0.7996794871794872,2025-01-01 09:09:33.882193,2025-01-01 09:09:39.379510,0 days 00:00:05.497317,2,135,120.0,,,,,,,,,,,,,,,,,,,3,6.0,,,,,,,,,,,,,,,,,,,COMPLETE
549,549,0.0,2025-01-01 09:09:39.379995,2025-01-01 09:09:42.546733,0 days 00:00:03.166738,9,140,105.0,,,,,,,,,,,40.0,110.0,60.0,5.0,110.0,140.0,75.0,,3,6.0,,,,,,,,,,,3.0,5.0,2.0,2.0,2.0,2.0,3.0,,COMPLETE
550,550,0.8470057424118129,2025-01-01 09:09:42.547353,2025-01-01 09:09:48.041812,0 days 00:00:05.494459,2,130,80.0,,,,,,,,,,,,,,,,,,,3,6.0,,,,,,,,,,,,,,,,,,,COMPLETE
551,551,0.779205138498595,2025-01-01 09:09:48.042305,2025-01-01 09:09:50.811175,0 days 00:00:02.768870,1,135,,,,,,,,,,,,,,,,,,,,4,,,,,,,,,,,,,,,,,,,,COMPLETE
552,552,0.7868248772504092,2025-01-01 09:09:50.811631,2025-01-01 09:09:55.939115,0 days 00:00:05.127484,2,140,115.0,,,,,,,,,,,,,,,,,,,3,6.0,,,,,,,,,,,,,,,,,,,COMPLETE
553,553,0.8999599839935974,2025-01-01 09:09:55.939609,2025-01-01 09:10:01.406672,0 days 00:00:05.467063,2,145,180.0,,,,,,,,,,,,,,,,,,,3,6.0,,,,,,,,,,,,,,,,,,,COMPLETE
554,554,0.8594941790445605,2025-01-01 09:10:01.407169,2025-01-01 09:10:06.566798,0 days 00:00:05.159629,2,130,70.0,,,,,,,,,,,,,,,,,,,3,6.0,,,,,,,,,,,,,,,,,,,COMPLETE
555,555,0.0,2025-01-01 09:10:06.567266,2025-01-01 09:10:15.861551,0 days 00:00:09.294285,16,135,30.0,95.0,150.0,30.0,85.0,45.0,155.0,,,,,175.0,140.0,110.0,45.0,55.0,45.0,20.0,85.0,3,6.0,5.0,5.0,4.0,3.0,2.0,5.0,,,,,6.0,4.0,6.0,3.0,3.0,3.0,4.0,2.0,COMPLETE
556,556,0.8273322422258592,2025-01-01 09:10:15.862567,2025-01-01 09:10:18.473185,0 days 00:00:02.610618,1,140,,,,,,,,,,,,,,,,,,,,3,,,,,,,,,,,,,,,,,,,,COMPLETE
557,557,0.8470057424118129,2025-01-01 09:10:18.473650,2025-01-01 09:10:23.605282,0 days 00:00:05.131632,2,130,135.0,,,,,,,,,,,,,,,,,,,3,6.0,,,,,,,,,,,,,,,,,,,COMPLETE
558,558,0.8193496587715776,2025-01-01 09:10:23.605802,2025-01-01 09:10:26.051168,0 days 00:00:02.445366,1,145,,,,,,,,,,,,,,,,,,,,3,,,,,,,,,,,,,,,,,,,,COMPLETE
559,559,0.86615515771526,2025-01-01 09:10:26.051631,2025-01-01 09:10:31.566692,0 days 00:00:05.515061,2,135,110.0,,,,,,,,,,,,,,,,,,,3,6.0,,,,,,,,,,,,,,,,,,,COMPLETE
560,560,0.8678396072013093,2025-01-01 09:10:31.567185,2025-01-01 09:10:37.124726,0 days 00:00:05.557541,2,140,85.0,,,,,,,,,,,,,,,,,,,3,6.0,,,,,,,,,,,,,,,,,,,COMPLETE
561,561,0.7740041928721174,2025-01-01 09:10:37.125233,2025-01-01 09:10:45.607453,0 days 00:00:08.482220,3,150,40.0,,,,,,,,,,,50.0,,,,,,,,3,6.0,,,,,,,,,,,6.0,,,,,,,,COMPLETE
562,562,0.779205138498595,2025-01-01 09:10:45.607982,2025-01-01 09:10:51.037499,0 days 00:00:05.429517,2,125,70.0,,,,,,,,,,,,,,,,,,,6,6.0,,,,,,,,,,,,,,,,,,,COMPLETE
563,563,0.7996794871794872,2025-01-01 09:10:51.037985,2025-01-01 09:10:56.191537,0 days 00:00:05.153552,2,140,85.0,,,,,,,,,,,,,,,,,,,3,6.0,,,,,,,,,,,,,,,,,,,COMPLETE
564,564,0.0,2025-01-01 09:10:56.192025,2025-01-01 09:10:59.699411,0 days 00:00:03.507386,3,130,165.0,,,,,,,,,,,60.0,,,,,,,,3,6.0,,,,,,,,,,,6.0,,,,,,,,COMPLETE
565,565,0.8685714285714285,2025-01-01 09:10:59.699939,2025-01-01 09:11:05.774840,0 days 00:00:06.074901,3,135,140.0,,,,,,,,,,,30.0,,,,,,,,3,6.0,,,,,,,,,,,2.0,,,,,,,,COMPLETE
566,566,0.8240740740740741,2025-01-01 09:11:05.775338,2025-01-01 09:11:08.252657,0 days 00:00:02.477319,1,140,,,,,,,,,,,,,,,,,,,,3,,,,,,,,,,,,,,,,,,,,COMPLETE
567,567,0.8996386993175431,2025-01-01 09:11:08.253109,2025-01-01 09:11:16.145461,0 days 00:00:07.892352,3,145,100.0,,,,,,,,,,,35.0,,,,,,,,3,6.0,,,,,,,,,,,6.0,,,,,,,,COMPLETE
568,568,0.8181818181818181,2025-01-01 09:11:16.145989,2025-01-01 09:11:21.637303,0 days 00:00:05.491314,2,130,120.0,,,,,,,,,,,,,,,,,,,3,6.0,,,,,,,,,,,,,,,,,,,COMPLETE
569,569,0.8063986874487286,2025-01-01 09:11:21.637802,2025-01-01 09:11:26.566390,0 days 00:00:04.928588,2,170,160.0,,,,,,,,,,,,,,,,,,,4,6.0,,,,,,,,,,,,,,,,,,,COMPLETE
570,570,0.8485714285714285,2025-01-01 09:11:26.566887,2025-01-01 09:11:31.358793,0 days 00:00:04.791906,2,155,190.0,,,,,,,,,,,,,,,,,,,3,6.0,,,,,,,,,,,,,,,,,,,COMPLETE
571,571,0.767156862745098,2025-01-01 09:11:31.359449,2025-01-01 09:11:41.884090,0 days 00:00:10.524641,4,125,185.0,,,,,,,,,,,30.0,100.0,,,,,,,3,6.0,,,,,,,,,,,6.0,6.0,,,,,,,COMPLETE
572,572,0.84,2025-01-01 09:11:41.884680,2025-01-01 09:11:48.652324,0 days 00:00:06.767644,3,135,155.0,,,,,,,,,,,20.0,,,,,,,,3,6.0,,,,,,,,,,,6.0,,,,,,,,COMPLETE
573,573,0.7996794871794872,2025-01-01 09:11:48.652881,2025-01-01 09:11:54.188848,0 days 00:00:05.535967,2,190,60.0,,,,,,,,,,,,,,,,,,,3,6.0,,,,,,,,,,,,,,,,,,,COMPLETE
574,574,0.783461210571185,2025-01-01 09:11:54.189344,2025-01-01 09:11:56.507726,0 days 00:00:02.318382,1,145,,,,,,,,,,,,,,,,,,,,3,,,,,,,,,,,,,,,,,,,,COMPLETE
575,575,0.635042735042735,2025-01-01 09:11:56.508202,2025-01-01 09:12:04.977558,0 days 00:00:08.469356,3,135,10.0,,,,,,,,,,,145.0,,,,,,,,3,6.0,,,,,,,,,,,6.0,,,,,,,,COMPLETE
576,576,0.9198717948717949,2025-01-01 09:12:04.978079,2025-01-01 09:12:12.863301,0 days 00:00:07.885222,3,140,110.0,,,,,,,,,,,25.0,,,,,,,,3,6.0,,,,,,,,,,,6.0,,,,,,,,COMPLETE
577,577,0.8999599839935974,2025-01-01 09:12:12.863828,2025-01-01 09:12:17.658666,0 days 00:00:04.794838,2,150,105.0,,,,,,,,,,,,,,,,,,,3,6.0,,,,,,,,,,,,,,,,,,,COMPLETE
578,578,0.8792270531400965,2025-01-01 09:12:17.659169,2025-01-01 09:12:25.510993,0 days 00:00:07.851824,3,145,190.0,,,,,,,,,,,5.0,,,,,,,,3,6.0,,,,,,,,,,,6.0,,,,,,,,COMPLETE
579,579,0.9089795918367347,2025-01-01 09:12:25.511527,2025-01-01 09:12:30.692496,0 days 00:00:05.180969,2,145,185.0,,,,,,,,,,,,,,,,,,,3,6.0,,,,,,,,,,,,,,,,,,,COMPLETE
580,580,0.8116627265563435,2025-01-01 09:12:30.693005,2025-01-01 09:12:33.321273,0 days 00:00:02.628268,1,150,,,,,,,,,,,,,,,,,,,,3,,,,,,,,,,,,,,,,,,,,COMPLETE
581,581,0.8045454545454545,2025-01-01 09:12:33.321749,2025-01-01 09:12:38.814185,0 days 00:00:05.492436,2,160,180.0,,,,,,,,,,,,,,,,,,,3,6.0,,,,,,,,,,,,,,,,,,,COMPLETE
582,582,0.8317610062893082,2025-01-01 09:12:38.814847,2025-01-01 09:12:41.441754,0 days 00:00:02.626907,1,150,,,,,,,,,,,,,,,,,,,,3,,,,,,,,,,,,,,,,,,,,COMPLETE
583,583,0.8884803921568627,2025-01-01 09:12:41.442231,2025-01-01 09:12:46.939752,0 days 00:00:05.497521,2,145,110.0,,,,,,,,,,,,,,,,,,,3,6.0,,,,,,,,,,,,,,,,,,,COMPLETE
584,584,0.92,2025-01-01 09:12:46.940245,2025-01-01 09:12:52.421981,0 days 00:00:05.481736,2,145,185.0,,,,,,,,,,,,,,,,,,,3,6.0,,,,,,,,,,,,,,,,,,,COMPLETE
585,585,0.8263450834879407,2025-01-01 09:12:52.422494,2025-01-01 09:12:55.076361,0 days 00:00:02.653867,1,150,,,,,,,,,,,,,,,,,,,,3,,,,,,,,,,,,,,,,,,,,COMPLETE
586,586,0.8561844863731656,2025-01-01 09:12:55.076863,2025-01-01 09:13:00.177201,0 days 00:00:05.100338,2,145,185.0,,,,,,,,,,,,,,,,,,,3,6.0,,,,,,,,,,,,,,,,,,,COMPLETE
587,587,0.8397435897435898,2025-01-01 09:13:00.177714,2025-01-01 09:13:05.333443,0 days 00:00:05.155729,2,150,180.0,,,,,,,,,,,,,,,,,,,3,6.0,,,,,,,,,,,,,,,,,,,COMPLETE
588,588,0.816020025031289,2025-01-01 09:13:05.333956,2025-01-01 09:13:10.129970,0 days 00:00:04.796014,2,145,180.0,,,,,,,,,,,,,,,,,,,3,6.0,,,,,,,,,,,,,,,,,,,COMPLETE
589,589,0.8594941790445605,2025-01-01 09:13:10.130476,2025-01-01 09:13:12.737854,0 days 00:00:02.607378,1,150,,,,,,,,,,,,,,,,,,,,3,,,,,,,,,,,,,,,,,,,,COMPLETE
590,590,0.9391666666666667,2025-01-01 09:13:12.738336,2025-01-01 09:13:17.882822,0 days 00:00:05.144486,2,140,185.0,,,,,,,,,,,,,,,,,,,3,6.0,,,,,,,,,,,,,,,,,,,COMPLETE
591,591,0.8397435897435898,2025-01-01 09:13:17.883331,2025-01-01 09:13:20.179079,0 days 00:00:02.295748,1,145,,,,,,,,,,,,,,,,,,,,3,,,,,,,,,,,,,,,,,,,,COMPLETE
592,592,0.88,2025-01-01 09:13:20.179560,2025-01-01 09:13:25.337381,0 days 00:00:05.157821,2,155,95.0,,,,,,,,,,,,,,,,,,,3,6.0,,,,,,,,,,,,,,,,,,,COMPLETE
593,593,0.7987117552334944,2025-01-01 09:13:25.337897,2025-01-01 09:13:30.467030,0 days 00:00:05.129133,2,155,110.0,,,,,,,,,,,,,,,,,,,3,6.0,,,,,,,,,,,,,,,,,,,COMPLETE
594,594,0.83729662077597,2025-01-01 09:13:30.467547,2025-01-01 09:13:35.511330,0 days 00:00:05.043783,2,140,185.0,,,,,,,,,,,,,,,,,,,3,5.0,,,,,,,,,,,,,,,,,,,COMPLETE
595,595,0.8798076923076923,2025-01-01 09:13:35.511843,2025-01-01 09:13:40.997589,0 days 00:00:05.485746,2,175,185.0,,,,,,,,,,,,,,,,,,,3,6.0,,,,,,,,,,,,,,,,,,,COMPLETE
596,596,0.0,2025-01-01 09:13:40.998092,2025-01-01 09:13:44.631897,0 days 00:00:03.633805,3,145,185.0,,,,,,,,,,,55.0,,,,,,,,3,6.0,,,,,,,,,,,6.0,,,,,,,,COMPLETE
597,597,0.8240740740740741,2025-01-01 09:13:44.632610,2025-01-01 09:13:46.431457,0 days 00:00:01.798847,1,155,,,,,,,,,,,,,,,,,,,,3,,,,,,,,,,,,,,,,,,,,COMPLETE
598,598,0.0,2025-01-01 09:13:46.431945,2025-01-01 09:13:53.294439,0 days 00:00:06.862494,13,165,100.0,5.0,25.0,75.0,,,,,,,,40.0,70.0,190.0,95.0,75.0,125.0,35.0,160.0,2,6.0,3.0,6.0,2.0,,,,,,,,6.0,3.0,3.0,5.0,6.0,6.0,2.0,4.0,COMPLETE
599,599,0.7937710437710437,2025-01-01 09:13:53.295184,2025-01-01 09:13:59.949386,0 days 00:00:06.654202,3,145,105.0,,,,,,,,,,,165.0,,,,,,,,3,6.0,,,,,,,,,,,3.0,,,,,,,,COMPLETE
600,600,0.8889795918367347,2025-01-01 09:13:59.949940,2025-01-01 09:14:04.744113,0 days 00:00:04.794173,2,140,185.0,,,,,,,,,,,,,,,,,,,3,6.0,,,,,,,,,,,,,,,,,,,COMPLETE
601,601,0.0,2025-01-01 09:14:04.744629,2025-01-01 09:14:08.118551,0 days 00:00:03.373922,4,150,175.0,,,,,,,,,,,25.0,175.0,,,,,,,3,6.0,,,,,,,,,,,6.0,4.0,,,,,,,COMPLETE
602,602,0.0,2025-01-01 09:14:08.119119,2025-01-01 09:14:11.288856,0 days 00:00:03.169737,3,140,190.0,,,,,,,,,,,185.0,,,,,,,,4,6.0,,,,,,,,,,,6.0,,,,,,,,COMPLETE
