,number,value,datetime_start,datetime_complete,duration,params_depth,params_neurons_layer_0,params_neurons_layer_1,params_neurons_layer_10,params_neurons_layer_11,params_neurons_layer_12,params_neurons_layer_13,params_neurons_layer_14,params_neurons_layer_15,params_neurons_layer_16,params_neurons_layer_17,params_neurons_layer_18,params_neurons_layer_19,params_neurons_layer_2,params_neurons_layer_3,params_neurons_layer_4,params_neurons_layer_5,params_neurons_layer_6,params_neurons_layer_7,params_neurons_layer_8,params_neurons_layer_9,params_orders_layer_0,params_orders_layer_1,params_orders_layer_10,params_orders_layer_11,params_orders_layer_12,params_orders_layer_13,params_orders_layer_14,params_orders_layer_15,params_orders_layer_16,params_orders_layer_17,params_orders_layer_18,params_orders_layer_19,params_orders_layer_2,params_orders_layer_3,params_orders_layer_4,params_orders_layer_5,params_orders_layer_6,params_orders_layer_7,params_orders_layer_8,params_orders_layer_9,state
357,357,0.7416666666666667,2025-01-01 07:33:48.108607,2025-01-01 07:33:52.112238,0 days 00:00:04.003631,2,25,85.0,,,,,,,,,,,,,,,,,,,5,2.0,,,,,,,,,,,,,,,,,,,COMPLETE
358,358,0.7580015612802498,2025-01-01 07:33:52.112695,2025-01-01 07:33:56.885237,0 days 00:00:04.772542,3,195,180.0,,,,,,,,,,,15.0,,,,,,,,3,2.0,,,,,,,,,,,3.0,,,,,,,,COMPLETE
359,359,0.8499583217560434,2025-01-01 07:33:56.885705,2025-01-01 07:33:59.734362,0 days 00:00:02.848657,1,140,,,,,,,,,,,,,,,,,,,,2,,,,,,,,,,,,,,,,,,,,COMPLETE
360,360,0.0,2025-01-01 07:33:59.734776,2025-01-01 07:34:02.151808,0 days 00:00:02.417032,4,115,90.0,,,,,,,,,,,65.0,95.0,,,,,,,2,4.0,,,,,,,,,,,2.0,4.0,,,,,,,COMPLETE
361,361,0.8617133791644632,2025-01-01 07:34:02.152292,2025-01-01 07:34:06.278514,0 days 00:00:04.126222,2,145,165.0,,,,,,,,,,,,,,,,,,,2,4.0,,,,,,,,,,,,,,,,,,,COMPLETE
362,362,0.8380355276907001,2025-01-01 07:34:06.278971,2025-01-01 07:34:10.581191,0 days 00:00:04.302220,3,160,70.0,,,,,,,,,,,155.0,,,,,,,,2,2.0,,,,,,,,,,,2.0,,,,,,,,COMPLETE
363,363,0.80625,2025-01-01 07:34:10.581657,2025-01-01 07:34:15.490059,0 days 00:00:04.908402,3,180,80.0,,,,,,,,,,,190.0,,,,,,,,2,2.0,,,,,,,,,,,2.0,,,,,,,,COMPLETE
364,364,0.8225344782721832,2025-01-01 07:34:15.490525,2025-01-01 07:34:19.613807,0 days 00:00:04.123282,2,135,185.0,,,,,,,,,,,,,,,,,,,2,4.0,,,,,,,,,,,,,,,,,,,COMPLETE
365,365,0.8696969696969696,2025-01-01 07:34:19.614251,2025-01-01 07:34:22.929503,0 days 00:00:03.315252,1,190,,,,,,,,,,,,,,,,,,,,2,,,,,,,,,,,,,,,,,,,,COMPLETE
366,366,0.8056426332288402,2025-01-01 07:34:22.929931,2025-01-01 07:34:26.443443,0 days 00:00:03.513512,2,170,75.0,,,,,,,,,,,,,,,,,,,2,4.0,,,,,,,,,,,,,,,,,,,COMPLETE
367,367,0.0,2025-01-01 07:34:26.443904,2025-01-01 07:34:28.755941,0 days 00:00:02.312037,4,130,80.0,,,,,,,,,,,200.0,130.0,,,,,,,2,2.0,,,,,,,,,,,6.0,2.0,,,,,,,COMPLETE
368,368,0.7720588235294117,2025-01-01 07:34:28.756570,2025-01-01 07:34:34.304199,0 days 00:00:05.547629,3,185,60.0,,,,,,,,,,,55.0,,,,,,,,2,4.0,,,,,,,,,,,3.0,,,,,,,,COMPLETE
369,369,0.8548009367681498,2025-01-01 07:34:34.304708,2025-01-01 07:34:37.931094,0 days 00:00:03.626386,2,120,90.0,,,,,,,,,,,,,,,,,,,2,2.0,,,,,,,,,,,,,,,,,,,COMPLETE
370,370,0.8696969696969696,2025-01-01 07:34:37.931550,2025-01-01 07:34:40.859981,0 days 00:00:02.928431,1,150,,,,,,,,,,,,,,,,,,,,2,,,,,,,,,,,,,,,,,,,,COMPLETE
371,371,0.7704918032786885,2025-01-01 07:34:40.860400,2025-01-01 07:34:46.717944,0 days 00:00:05.857544,3,125,70.0,,,,,,,,,,,70.0,,,,,,,,2,2.0,,,,,,,,,,,5.0,,,,,,,,COMPLETE
372,372,0.861904761904762,2025-01-01 07:34:46.718437,2025-01-01 07:34:49.436891,0 days 00:00:02.718454,1,100,,,,,,,,,,,,,,,,,,,,2,,,,,,,,,,,,,,,,,,,,COMPLETE
373,373,0.8385416666666667,2025-01-01 07:34:49.437275,2025-01-01 07:34:54.781941,0 days 00:00:05.344666,2,180,170.0,,,,,,,,,,,,,,,,,,,2,6.0,,,,,,,,,,,,,,,,,,,COMPLETE
374,374,0.0,2025-01-01 07:34:54.782388,2025-01-01 07:34:59.002473,0 days 00:00:04.220085,7,140,100.0,,,,,,,,,,,130.0,140.0,85.0,185.0,90.0,,,,2,4.0,,,,,,,,,,,2.0,4.0,2.0,5.0,6.0,,,,COMPLETE
375,375,0.80625,2025-01-01 07:34:59.003059,2025-01-01 07:35:03.411129,0 days 00:00:04.408070,2,175,85.0,,,,,,,,,,,,,,,,,,,2,4.0,,,,,,,,,,,,,,,,,,,COMPLETE
376,376,0.8221642764015646,2025-01-01 07:35:03.411581,2025-01-01 07:35:08.374413,0 days 00:00:04.962832,3,185,75.0,,,,,,,,,,,170.0,,,,,,,,2,2.0,,,,,,,,,,,2.0,,,,,,,,COMPLETE
377,377,0.7739583333333333,2025-01-01 07:35:08.374879,2025-01-01 07:35:12.018031,0 days 00:00:03.643152,2,115,155.0,,,,,,,,,,,,,,,,,,,2,3.0,,,,,,,,,,,,,,,,,,,COMPLETE
378,378,0.8544980443285528,2025-01-01 07:35:12.018451,2025-01-01 07:35:17.208527,0 days 00:00:05.190076,3,170,175.0,,,,,,,,,,,80.0,,,,,,,,2,4.0,,,,,,,,,,,2.0,,,,,,,,COMPLETE
379,379,0.7902680197762164,2025-01-01 07:35:17.208983,2025-01-01 07:35:20.631266,0 days 00:00:03.422283,2,160,180.0,,,,,,,,,,,,,,,,,,,2,2.0,,,,,,,,,,,,,,,,,,,COMPLETE
380,380,0.8501567398119122,2025-01-01 07:35:20.631712,2025-01-01 07:35:23.385472,0 days 00:00:02.753760,1,110,,,,,,,,,,,,,,,,,,,,2,,,,,,,,,,,,,,,,,,,,COMPLETE
381,381,0.0,2025-01-01 07:35:23.385901,2025-01-01 07:35:26.563439,0 days 00:00:03.177538,4,125,185.0,,,,,,,,,,,115.0,110.0,,,,,,,2,4.0,,,,,,,,,,,3.0,3.0,,,,,,,COMPLETE
382,382,0.8130618720253834,2025-01-01 07:35:26.563916,2025-01-01 07:35:32.192148,0 days 00:00:05.628232,3,135,65.0,,,,,,,,,,,165.0,,,,,,,,2,2.0,,,,,,,,,,,4.0,,,,,,,,COMPLETE
383,383,0.7732497387669801,2025-01-01 07:35:32.192774,2025-01-01 07:35:37.346447,0 days 00:00:05.153673,3,165,200.0,,,,,,,,,,,135.0,,,,,,,,2,4.0,,,,,,,,,,,2.0,,,,,,,,COMPLETE
384,384,0.8544980443285528,2025-01-01 07:35:37.346919,2025-01-01 07:35:40.978051,0 days 00:00:03.631132,2,120,85.0,,,,,,,,,,,,,,,,,,,2,2.0,,,,,,,,,,,,,,,,,,,COMPLETE
385,385,0.8708333333333333,2025-01-01 07:35:40.978469,2025-01-01 07:35:45.102868,0 days 00:00:04.124399,2,130,80.0,,,,,,,,,,,,,,,,,,,2,4.0,,,,,,,,,,,,,,,,,,,COMPLETE
386,386,0.829190904283448,2025-01-01 07:35:45.103324,2025-01-01 07:35:49.656744,0 days 00:00:04.553420,3,175,70.0,,,,,,,,,,,150.0,,,,,,,,2,2.0,,,,,,,,,,,2.0,,,,,,,,COMPLETE
387,387,0.802801724137931,2025-01-01 07:35:49.657215,2025-01-01 07:35:54.219058,0 days 00:00:04.561843,2,190,95.0,,,,,,,,,,,,,,,,,,,2,5.0,,,,,,,,,,,,,,,,,,,COMPLETE
388,388,0.8572639909553419,2025-01-01 07:35:54.219512,2025-01-01 07:35:57.118929,0 days 00:00:02.899417,1,145,,,,,,,,,,,,,,,,,,,,3,,,,,,,,,,,,,,,,,,,,COMPLETE
389,389,0.0,2025-01-01 07:35:57.119393,2025-01-01 07:35:59.721986,0 days 00:00:02.602593,4,180,75.0,,,,,,,,,,,195.0,155.0,,,,,,,2,4.0,,,,,,,,,,,2.0,6.0,,,,,,,COMPLETE
390,390,0.0,2025-01-01 07:35:59.722455,2025-01-01 07:36:09.759545,0 days 00:00:10.037090,16,135,190.0,175.0,25.0,170.0,100.0,120.0,150.0,,,,,175.0,35.0,160.0,150.0,150.0,105.0,20.0,20.0,2,2.0,2.0,4.0,5.0,2.0,6.0,5.0,,,,,3.0,5.0,5.0,6.0,4.0,5.0,2.0,5.0,COMPLETE
391,391,0.845603813559322,2025-01-01 07:36:09.760360,2025-01-01 07:36:14.180528,0 days 00:00:04.420168,2,185,80.0,,,,,,,,,,,,,,,,,,,2,4.0,,,,,,,,,,,,,,,,,,,COMPLETE
392,392,0.0,2025-01-01 07:36:14.180975,2025-01-01 07:36:16.708715,0 days 00:00:02.527740,3,125,175.0,,,,,,,,,,,190.0,,,,,,,,2,2.0,,,,,,,,,,,2.0,,,,,,,,COMPLETE
393,393,0.8360215053763441,2025-01-01 07:36:16.709156,2025-01-01 07:36:21.889567,0 days 00:00:05.180411,3,170,90.0,,,,,,,,,,,185.0,,,,,,,,2,4.0,,,,,,,,,,,2.0,,,,,,,,COMPLETE
394,394,0.8544980443285528,2025-01-01 07:36:21.890038,2025-01-01 07:36:25.633284,0 days 00:00:03.743246,2,175,75.0,,,,,,,,,,,,,,,,,,,2,3.0,,,,,,,,,,,,,,,,,,,COMPLETE
395,395,0.8696969696969696,2025-01-01 07:36:25.633730,2025-01-01 07:36:28.477607,0 days 00:00:02.843877,1,155,,,,,,,,,,,,,,,,,,,,2,,,,,,,,,,,,,,,,,,,,COMPLETE
396,396,0.7960805084745763,2025-01-01 07:36:28.478005,2025-01-01 07:36:31.883291,0 days 00:00:03.405286,2,140,85.0,,,,,,,,,,,,,,,,,,,2,2.0,,,,,,,,,,,,,,,,,,,COMPLETE
397,397,0.8364272262577347,2025-01-01 07:36:31.883748,2025-01-01 07:36:36.037511,0 days 00:00:04.153763,2,180,185.0,,,,,,,,,,,,,,,,,,,2,4.0,,,,,,,,,,,,,,,,,,,COMPLETE
398,398,0.7641459545214172,2025-01-01 07:36:36.038081,2025-01-01 07:36:41.639193,0 days 00:00:05.601112,3,130,80.0,,,,,,,,,,,160.0,,,,,,,,6,2.0,,,,,,,,,,,4.0,,,,,,,,COMPLETE
399,399,0.8548009367681498,2025-01-01 07:36:41.639668,2025-01-01 07:36:45.460610,0 days 00:00:03.820942,2,115,195.0,,,,,,,,,,,,,,,,,,,2,4.0,,,,,,,,,,,,,,,,,,,COMPLETE
400,400,0.0,2025-01-01 07:36:45.461074,2025-01-01 07:36:48.436925,0 days 00:00:02.975851,5,165,65.0,,,,,,,,,,,180.0,75.0,50.0,,,,,,4,2.0,,,,,,,,,,,3.0,3.0,6.0,,,,,,COMPLETE
401,401,0.7472089314194577,2025-01-01 07:36:48.437431,2025-01-01 07:36:53.687156,0 days 00:00:05.249725,3,120,85.0,,,,,,,,,,,40.0,,,,,,,,2,4.0,,,,,,,,,,,2.0,,,,,,,,COMPLETE
402,402,0.8696969696969696,2025-01-01 07:36:53.687637,2025-01-01 07:36:56.607802,0 days 00:00:02.920165,1,190,,,,,,,,,,,,,,,,,,,,2,,,,,,,,,,,,,,,,,,,,COMPLETE
403,403,0.8385416666666667,2025-01-01 07:36:56.608204,2025-01-01 07:37:01.712728,0 days 00:00:05.104524,3,195,180.0,,,,,,,,,,,170.0,,,,,,,,2,2.0,,,,,,,,,,,3.0,,,,,,,,COMPLETE
404,404,0.0,2025-01-01 07:37:01.713191,2025-01-01 07:37:08.742124,0 days 00:00:07.028933,13,150,135.0,65.0,80.0,85.0,,,,,,,,160.0,25.0,65.0,35.0,130.0,20.0,50.0,180.0,2,3.0,4.0,3.0,2.0,,,,,,,,2.0,4.0,4.0,3.0,5.0,3.0,4.0,4.0,COMPLETE
405,405,0.8225344782721832,2025-01-01 07:37:08.742859,2025-01-01 07:37:13.160104,0 days 00:00:04.417245,2,130,170.0,,,,,,,,,,,,,,,,,,,2,4.0,,,,,,,,,,,,,,,,,,,COMPLETE
406,406,0.0,2025-01-01 07:37:13.160553,2025-01-01 07:37:14.862274,0 days 00:00:01.701721,4,110,105.0,,,,,,,,,,,180.0,90.0,,,,,,,2,2.0,,,,,,,,,,,2.0,2.0,,,,,,,COMPLETE
407,407,0.8708333333333333,2025-01-01 07:37:14.862744,2025-01-01 07:37:19.275569,0 days 00:00:04.412825,2,180,75.0,,,,,,,,,,,,,,,,,,,2,4.0,,,,,,,,,,,,,,,,,,,COMPLETE
408,408,0.859212684527064,2025-01-01 07:37:19.276015,2025-01-01 07:37:22.309430,0 days 00:00:03.033415,1,140,,,,,,,,,,,,,,,,,,,,2,,,,,,,,,,,,,,,,,,,,COMPLETE
409,409,0.8225344782721832,2025-01-01 07:37:22.309853,2025-01-01 07:37:28.972157,0 days 00:00:06.662304,3,170,90.0,,,,,,,,,,,145.0,,,,,,,,2,5.0,,,,,,,,,,,3.0,,,,,,,,COMPLETE
410,410,0.8548009367681498,2025-01-01 07:37:28.972642,2025-01-01 07:37:32.428448,0 days 00:00:03.455806,2,185,160.0,,,,,,,,,,,,,,,,,,,2,2.0,,,,,,,,,,,,,,,,,,,COMPLETE
411,411,0.8380355276907001,2025-01-01 07:37:32.428908,2025-01-01 07:37:38.302815,0 days 00:00:05.873907,3,120,70.0,,,,,,,,,,,155.0,,,,,,,,2,4.0,,,,,,,,,,,5.0,,,,,,,,COMPLETE
412,412,0.7574967405475881,2025-01-01 07:37:38.303289,2025-01-01 07:37:41.985565,0 days 00:00:03.682276,2,160,95.0,,,,,,,,,,,,,,,,,,,2,2.0,,,,,,,,,,,,,,,,,,,COMPLETE
413,413,0.845603813559322,2025-01-01 07:37:41.986154,2025-01-01 07:37:47.357467,0 days 00:00:05.371313,3,135,180.0,,,,,,,,,,,190.0,,,,,,,,5,4.0,,,,,,,,,,,2.0,,,,,,,,COMPLETE
414,414,0.8064516129032258,2025-01-01 07:37:47.357959,2025-01-01 07:37:51.490290,0 days 00:00:04.132331,2,175,80.0,,,,,,,,,,,,,,,,,,,2,4.0,,,,,,,,,,,,,,,,,,,COMPLETE
415,415,0.0,2025-01-01 07:37:51.490752,2025-01-01 07:37:54.872676,0 days 00:00:03.381924,4,125,115.0,,,,,,,,,,,75.0,195.0,,,,,,,2,2.0,,,,,,,,,,,6.0,5.0,,,,,,,COMPLETE
416,416,0.8696969696969696,2025-01-01 07:37:54.873179,2025-01-01 07:37:57.506675,0 days 00:00:02.633496,1,180,,,,,,,,,,,,,,,,,,,,2,,,,,,,,,,,,,,,,,,,,COMPLETE
417,417,0.80625,2025-01-01 07:37:57.507085,2025-01-01 07:38:01.606257,0 days 00:00:04.099172,2,145,85.0,,,,,,,,,,,,,,,,,,,2,4.0,,,,,,,,,,,,,,,,,,,COMPLETE
418,418,0.0,2025-01-01 07:38:01.606707,2025-01-01 07:38:09.259404,0 days 00:00:07.652697,12,170,175.0,100.0,200.0,,,,,,,,,165.0,45.0,180.0,5.0,170.0,180.0,165.0,115.0,2,3.0,6.0,5.0,,,,,,,,,2.0,6.0,5.0,5.0,4.0,6.0,2.0,3.0,COMPLETE
419,419,0.8548009367681498,2025-01-01 07:38:09.260129,2025-01-01 07:38:12.928727,0 days 00:00:03.668598,2,130,90.0,,,,,,,,,,,,,,,,,,,2,2.0,,,,,,,,,,,,,,,,,,,COMPLETE
420,420,0.8225344782721832,2025-01-01 07:38:12.929175,2025-01-01 07:38:18.473864,0 days 00:00:05.544689,3,165,65.0,,,,,,,,,,,200.0,,,,,,,,2,2.0,,,,,,,,,,,4.0,,,,,,,,COMPLETE
421,421,0.8572639909553419,2025-01-01 07:38:18.474336,2025-01-01 07:38:21.893099,0 days 00:00:03.418763,1,115,,,,,,,,,,,,,,,,,,,,3,,,,,,,,,,,,,,,,,,,,COMPLETE
422,422,0.8064516129032258,2025-01-01 07:38:21.893524,2025-01-01 07:38:25.566157,0 days 00:00:03.672633,2,185,185.0,,,,,,,,,,,,,,,,,,,2,2.0,,,,,,,,,,,,,,,,,,,COMPLETE
423,423,0.8225344782721832,2025-01-01 07:38:25.566612,2025-01-01 07:38:30.704169,0 days 00:00:05.137557,3,105,145.0,,,,,,,,,,,125.0,,,,,,,,2,4.0,,,,,,,,,,,2.0,,,,,,,,COMPLETE
424,424,0.80625,2025-01-01 07:38:30.704655,2025-01-01 07:38:34.344577,0 days 00:00:03.639922,2,125,70.0,,,,,,,,,,,,,,,,,,,2,2.0,,,,,,,,,,,,,,,,,,,COMPLETE
425,425,0.7889499869075673,2025-01-01 07:38:34.345026,2025-01-01 07:38:40.584988,0 days 00:00:06.239962,3,155,80.0,,,,,,,,,,,50.0,,,,,,,,2,6.0,,,,,,,,,,,3.0,,,,,,,,COMPLETE
426,426,0.8380355276907001,2025-01-01 07:38:40.585623,2025-01-01 07:38:45.059774,0 days 00:00:04.474151,2,175,75.0,,,,,,,,,,,,,,,,,,,2,4.0,,,,,,,,,,,,,,,,,,,COMPLETE
427,427,0.8696969696969696,2025-01-01 07:38:45.060237,2025-01-01 07:38:48.240796,0 days 00:00:03.180559,1,135,,,,,,,,,,,,,,,,,,,,2,,,,,,,,,,,,,,,,,,,,COMPLETE
428,428,0.8091787439613527,2025-01-01 07:38:48.241219,2025-01-01 07:38:53.213493,0 days 00:00:04.972274,3,195,85.0,,,,,,,,,,,175.0,,,,,,,,2,2.0,,,,,,,,,,,2.0,,,,,,,,COMPLETE
429,429,0.8385416666666667,2025-01-01 07:38:53.213969,2025-01-01 07:38:57.493370,0 days 00:00:04.279401,2,120,170.0,,,,,,,,,,,,,,,,,,,4,4.0,,,,,,,,,,,,,,,,,,,COMPLETE
430,430,0.0,2025-01-01 07:38:57.493856,2025-01-01 07:39:01.408860,0 days 00:00:03.915004,8,190,95.0,,,,,,,,,,,185.0,170.0,105.0,165.0,15.0,165.0,,,2,4.0,,,,,,,,,,,2.0,3.0,2.0,4.0,3.0,3.0,,,COMPLETE
431,431,0.8548009367681498,2025-01-01 07:39:01.409452,2025-01-01 07:39:05.802880,0 days 00:00:04.393428,3,140,75.0,,,,,,,,,,,120.0,,,,,,,,2,2.0,,,,,,,,,,,2.0,,,,,,,,COMPLETE
432,432,0.7898305084745763,2025-01-01 07:39:05.803355,2025-01-01 07:39:12.303881,0 days 00:00:06.500526,4,165,185.0,,,,,,,,,,,170.0,10.0,,,,,,,2,4.0,,,,,,,,,,,4.0,2.0,,,,,,,COMPLETE
433,433,0.8385416666666667,2025-01-01 07:39:12.304388,2025-01-01 07:39:15.930581,0 days 00:00:03.626193,2,130,80.0,,,,,,,,,,,,,,,,,,,2,2.0,,,,,,,,,,,,,,,,,,,COMPLETE
434,434,0.8385416666666667,2025-01-01 07:39:15.931040,2025-01-01 07:39:20.095801,0 days 00:00:04.164761,2,175,100.0,,,,,,,,,,,,,,,,,,,2,4.0,,,,,,,,,,,,,,,,,,,COMPLETE
435,435,0.7580015612802498,2025-01-01 07:39:20.096262,2025-01-01 07:39:25.449364,0 days 00:00:05.353102,3,180,180.0,,,,,,,,,,,150.0,,,,,,,,5,2.0,,,,,,,,,,,3.0,,,,,,,,COMPLETE
436,436,0.8696969696969696,2025-01-01 07:39:25.449854,2025-01-01 07:39:28.347894,0 days 00:00:02.898040,1,135,,,,,,,,,,,,,,,,,,,,2,,,,,,,,,,,,,,,,,,,,COMPLETE
437,437,0.8380355276907001,2025-01-01 07:39:28.348327,2025-01-01 07:39:34.584144,0 days 00:00:06.235817,3,150,60.0,,,,,,,,,,,185.0,,,,,,,,2,4.0,,,,,,,,,,,2.0,,,,,,,,COMPLETE
438,438,0.8387096774193549,2025-01-01 07:39:34.584635,2025-01-01 07:39:38.302169,0 days 00:00:03.717534,2,185,70.0,,,,,,,,,,,,,,,,,,,2,2.0,,,,,,,,,,,,,,,,,,,COMPLETE
439,439,0.0,2025-01-01 07:39:38.302630,2025-01-01 07:39:41.293097,0 days 00:00:02.990467,4,170,190.0,,,,,,,,,,,195.0,120.0,,,,,,,2,4.0,,,,,,,,,,,5.0,4.0,,,,,,,COMPLETE
440,440,0.8548009367681498,2025-01-01 07:39:41.293603,2025-01-01 07:39:44.928692,0 days 00:00:03.635089,2,110,90.0,,,,,,,,,,,,,,,,,,,2,2.0,,,,,,,,,,,,,,,,,,,COMPLETE
441,441,0.0,2025-01-01 07:39:44.929310,2025-01-01 07:39:51.991795,0 days 00:00:07.062485,14,125,80.0,185.0,115.0,45.0,170.0,,,,,,,35.0,160.0,135.0,130.0,45.0,70.0,90.0,95.0,2,3.0,3.0,2.0,4.0,3.0,,,,,,,2.0,3.0,3.0,2.0,2.0,4.0,6.0,4.0,COMPLETE
442,442,0.861904761904762,2025-01-01 07:39:51.992553,2025-01-01 07:39:54.939950,0 days 00:00:02.947397,1,115,,,,,,,,,,,,,,,,,,,,2,,,,,,,,,,,,,,,,,,,,COMPLETE
443,443,0.7902680197762164,2025-01-01 07:39:54.940379,2025-01-01 07:40:00.339203,0 days 00:00:05.398824,3,120,75.0,,,,,,,,,,,140.0,,,,,,,,2,4.0,,,,,,,,,,,3.0,,,,,,,,COMPLETE
444,444,0.8709677419354839,2025-01-01 07:40:00.339707,2025-01-01 07:40:05.666491,0 days 00:00:05.326784,3,145,85.0,,,,,,,,,,,60.0,,,,,,,,2,5.0,,,,,,,,,,,2.0,,,,,,,,COMPLETE
445,445,0.0,2025-01-01 07:40:05.666985,2025-01-01 07:40:12.001545,0 days 00:00:06.334560,10,160,70.0,,,,,,,,,,,70.0,180.0,20.0,115.0,185.0,45.0,110.0,80.0,2,2.0,,,,,,,,,,,2.0,6.0,5.0,6.0,5.0,2.0,3.0,6.0,COMPLETE
446,446,0.8385416666666667,2025-01-01 07:40:12.002206,2025-01-01 07:40:16.157175,0 days 00:00:04.154969,2,180,180.0,,,,,,,,,,,,,,,,,,,2,4.0,,,,,,,,,,,,,,,,,,,COMPLETE
447,447,0.8600924499229583,2025-01-01 07:40:16.157638,2025-01-01 07:40:19.116362,0 days 00:00:02.958724,1,190,,,,,,,,,,,,,,,,,,,,2,,,,,,,,,,,,,,,,,,,,COMPLETE
448,448,0.0,2025-01-01 07:40:19.116792,2025-01-01 07:40:21.273444,0 days 00:00:02.156652,4,170,40.0,,,,,,,,,,,130.0,145.0,,,,,,,2,2.0,,,,,,,,,,,2.0,5.0,,,,,,,COMPLETE
449,449,0.8380355276907001,2025-01-01 07:40:21.273942,2025-01-01 07:40:25.452373,0 days 00:00:04.178431,2,200,165.0,,,,,,,,,,,,,,,,,,,2,4.0,,,,,,,,,,,,,,,,,,,COMPLETE
450,450,0.8548009367681498,2025-01-01 07:40:25.452851,2025-01-01 07:40:29.120560,0 days 00:00:03.667709,2,175,90.0,,,,,,,,,,,,,,,,,,,2,2.0,,,,,,,,,,,,,,,,,,,COMPLETE
451,451,0.7606951871657754,2025-01-01 07:40:29.121013,2025-01-01 07:40:35.223759,0 days 00:00:06.102746,3,130,5.0,,,,,,,,,,,45.0,,,,,,,,2,4.0,,,,,,,,,,,3.0,,,,,,,,COMPLETE
452,452,0.8499583217560434,2025-01-01 07:40:35.224250,2025-01-01 07:40:37.931243,0 days 00:00:02.706993,1,135,,,,,,,,,,,,,,,,,,,,2,,,,,,,,,,,,,,,,,,,,COMPLETE
453,453,0.8225344782721832,2025-01-01 07:40:37.931678,2025-01-01 07:40:41.633755,0 days 00:00:03.702077,2,140,175.0,,,,,,,,,,,,,,,,,,,2,2.0,,,,,,,,,,,,,,,,,,,COMPLETE
454,454,0.8548009367681498,2025-01-01 07:40:41.634208,2025-01-01 07:40:48.211409,0 days 00:00:06.577201,3,180,65.0,,,,,,,,,,,105.0,,,,,,,,2,4.0,,,,,,,,,,,4.0,,,,,,,,COMPLETE
455,455,0.8709677419354839,2025-01-01 07:40:48.212065,2025-01-01 07:40:51.850894,0 days 00:00:03.638829,2,85,95.0,,,,,,,,,,,,,,,,,,,2,2.0,,,,,,,,,,,,,,,,,,,COMPLETE
456,456,0.8385416666666667,2025-01-01 07:40:51.851344,2025-01-01 07:40:57.361079,0 days 00:00:05.509735,3,110,85.0,,,,,,,,,,,175.0,,,,,,,,2,4.0,,,,,,,,,,,2.0,,,,,,,,COMPLETE
457,457,0.8387096774193549,2025-01-01 07:40:57.361574,2025-01-01 07:41:01.013846,0 days 00:00:03.652272,2,125,80.0,,,,,,,,,,,,,,,,,,,2,2.0,,,,,,,,,,,,,,,,,,,COMPLETE
458,458,0.8452380952380952,2025-01-01 07:41:01.014318,2025-01-01 07:41:05.489878,0 days 00:00:04.475560,2,185,120.0,,,,,,,,,,,,,,,,,,,2,4.0,,,,,,,,,,,,,,,,,,,COMPLETE
459,459,0.7968253968253969,2025-01-01 07:41:05.490344,2025-01-01 07:41:10.339515,0 days 00:00:04.849171,3,120,75.0,,,,,,,,,,,155.0,,,,,,,,5,2.0,,,,,,,,,,,2.0,,,,,,,,COMPLETE
460,460,0.0,2025-01-01 07:41:10.339992,2025-01-01 07:41:13.673407,0 days 00:00:03.333415,5,165,185.0,,,,,,,,,,,165.0,80.0,190.0,,,,,,2,4.0,,,,,,,,,,,3.0,4.0,6.0,,,,,,COMPLETE
461,461,0.8548009367681498,2025-01-01 07:41:13.673972,2025-01-01 07:41:17.722146,0 days 00:00:04.048174,1,130,,,,,,,,,,,,,,,,,,,,6,,,,,,,,,,,,,,,,,,,,COMPLETE
462,462,0.8385416666666667,2025-01-01 07:41:17.722592,2025-01-01 07:41:21.380094,0 days 00:00:03.657502,2,160,175.0,,,,,,,,,,,,,,,,,,,2,2.0,,,,,,,,,,,,,,,,,,,COMPLETE
463,463,0.7732497387669801,2025-01-01 07:41:21.380560,2025-01-01 07:41:26.287959,0 days 00:00:04.907399,3,175,195.0,,,,,,,,,,,180.0,,,,,,,,4,3.0,,,,,,,,,,,2.0,,,,,,,,COMPLETE
464,464,0.8225344782721832,2025-01-01 07:41:26.288443,2025-01-01 07:41:30.415496,0 days 00:00:04.127053,2,170,140.0,,,,,,,,,,,,,,,,,,,2,4.0,,,,,,,,,,,,,,,,,,,COMPLETE
465,465,0.0,2025-01-01 07:41:30.415961,2025-01-01 07:41:32.074411,0 days 00:00:01.658450,4,115,80.0,,,,,,,,,,,190.0,65.0,,,,,,,2,2.0,,,,,,,,,,,2.0,2.0,,,,,,,COMPLETE
466,466,0.8709677419354839,2025-01-01 07:41:32.074906,2025-01-01 07:41:38.713175,0 days 00:00:06.638269,3,105,85.0,,,,,,,,,,,165.0,,,,,,,,2,4.0,,,,,,,,,,,6.0,,,,,,,,COMPLETE
467,467,0.8696969696969696,2025-01-01 07:41:38.713684,2025-01-01 07:41:41.728782,0 days 00:00:03.015098,1,185,,,,,,,,,,,,,,,,,,,,2,,,,,,,,,,,,,,,,,,,,COMPLETE
468,468,0.8130618720253834,2025-01-01 07:41:41.729215,2025-01-01 07:41:46.022322,0 days 00:00:04.293107,2,10,70.0,,,,,,,,,,,,,,,,,,,2,4.0,,,,,,,,,,,,,,,,,,,COMPLETE
469,469,0.0,2025-01-01 07:41:46.022813,2025-01-01 07:41:49.518088,0 days 00:00:03.495275,6,195,180.0,,,,,,,,,,,30.0,130.0,40.0,40.0,,,,,2,2.0,,,,,,,,,,,4.0,6.0,3.0,3.0,,,,,COMPLETE
470,470,0.8225344782721832,2025-01-01 07:41:49.518823,2025-01-01 07:41:53.155460,0 days 00:00:03.636637,2,95,75.0,,,,,,,,,,,,,,,,,,,2,3.0,,,,,,,,,,,,,,,,,,,COMPLETE
471,471,0.8360655737704918,2025-01-01 07:41:53.155930,2025-01-01 07:41:59.201458,0 days 00:00:06.045528,3,155,190.0,,,,,,,,,,,95.0,,,,,,,,2,6.0,,,,,,,,,,,2.0,,,,,,,,COMPLETE
472,472,0.8548009367681498,2025-01-01 07:41:59.201959,2025-01-01 07:42:02.854444,0 days 00:00:03.652485,2,45,85.0,,,,,,,,,,,,,,,,,,,2,2.0,,,,,,,,,,,,,,,,,,,COMPLETE
473,473,0.0,2025-01-01 07:42:02.854915,2025-01-01 07:42:05.426131,0 days 00:00:02.571216,4,145,90.0,,,,,,,,,,,200.0,95.0,,,,,,,2,4.0,,,,,,,,,,,3.0,3.0,,,,,,,COMPLETE
474,474,0.8448275862068966,2025-01-01 07:42:05.426630,2025-01-01 07:42:08.604630,0 days 00:00:03.178000,1,125,,,,,,,,,,,,,,,,,,,,3,,,,,,,,,,,,,,,,,,,,COMPLETE
475,475,0.80625,2025-01-01 07:42:08.605076,2025-01-01 07:42:16.645177,0 days 00:00:08.040101,4,135,75.0,,,,,,,,,,,170.0,55.0,,,,,,,2,5.0,,,,,,,,,,,2.0,5.0,,,,,,,COMPLETE
476,476,0.8544980443285528,2025-01-01 07:42:16.645704,2025-01-01 07:42:22.554605,0 days 00:00:05.908901,3,120,175.0,,,,,,,,,,,115.0,,,,,,,,2,4.0,,,,,,,,,,,5.0,,,,,,,,COMPLETE
477,477,0.8193548387096774,2025-01-01 07:42:22.555119,2025-01-01 07:42:26.437846,0 days 00:00:03.882727,2,180,150.0,,,,,,,,,,,,,,,,,,,2,2.0,,,,,,,,,,,,,,,,,,,COMPLETE
478,478,0.8225344782721832,2025-01-01 07:42:26.438314,2025-01-01 07:42:30.852039,0 days 00:00:04.413725,2,175,65.0,,,,,,,,,,,,,,,,,,,2,4.0,,,,,,,,,,,,,,,,,,,COMPLETE
479,479,0.8696969696969696,2025-01-01 07:42:30.852517,2025-01-01 07:42:33.862501,0 days 00:00:03.009984,1,150,,,,,,,,,,,,,,,,,,,,2,,,,,,,,,,,,,,,,,,,,COMPLETE
