,number,value,datetime_start,datetime_complete,duration,params_depth,params_neurons_layer_0,params_neurons_layer_1,params_neurons_layer_10,params_neurons_layer_11,params_neurons_layer_12,params_neurons_layer_13,params_neurons_layer_14,params_neurons_layer_15,params_neurons_layer_16,params_neurons_layer_17,params_neurons_layer_18,params_neurons_layer_19,params_neurons_layer_2,params_neurons_layer_3,params_neurons_layer_4,params_neurons_layer_5,params_neurons_layer_6,params_neurons_layer_7,params_neurons_layer_8,params_neurons_layer_9,params_orders_layer_0,params_orders_layer_1,params_orders_layer_10,params_orders_layer_11,params_orders_layer_12,params_orders_layer_13,params_orders_layer_14,params_orders_layer_15,params_orders_layer_16,params_orders_layer_17,params_orders_layer_18,params_orders_layer_19,params_orders_layer_2,params_orders_layer_3,params_orders_layer_4,params_orders_layer_5,params_orders_layer_6,params_orders_layer_7,params_orders_layer_8,params_orders_layer_9,state
746,746,0.8699054090701358,2025-01-01 19:24:39.071985,2025-01-01 19:26:32.103376,0 days 00:01:53.031391,2,155,200.0,,,,,,,,,,,,,,,,,,,5,6.0,,,,,,,,,,,,,,,,,,,COMPLETE
747,747,0.907831175644296,2025-01-01 19:26:32.104094,2025-01-01 19:26:45.684688,0 days 00:00:13.580594,1,140,,,,,,,,,,,,,,,,,,,,5,,,,,,,,,,,,,,,,,,,,COMPLETE
748,748,0.8430773095455069,2025-01-01 19:26:45.685168,2025-01-01 19:27:00.172131,0 days 00:00:14.486963,1,130,,,,,,,,,,,,,,,,,,,,5,,,,,,,,,,,,,,,,,,,,COMPLETE
749,749,0.875769494896289,2025-01-01 19:27:00.172774,2025-01-01 19:27:15.996107,0 days 00:00:15.823333,1,135,,,,,,,,,,,,,,,,,,,,5,,,,,,,,,,,,,,,,,,,,COMPLETE
750,750,0.8713359191565766,2025-01-01 19:27:15.996651,2025-01-01 19:27:40.246078,0 days 00:00:24.249427,2,30,170.0,,,,,,,,,,,,,,,,,,,5,4.0,,,,,,,,,,,,,,,,,,,COMPLETE
751,751,0.8983078423135813,2025-01-01 19:27:40.246599,2025-01-01 19:27:53.609140,0 days 00:00:13.362541,1,145,,,,,,,,,,,,,,,,,,,,5,,,,,,,,,,,,,,,,,,,,COMPLETE
752,752,0.8710910698268025,2025-01-01 19:27:53.609791,2025-01-01 19:29:30.527949,0 days 00:01:36.918158,3,150,65.0,,,,,,,,,,,35.0,,,,,,,,5,5.0,,,,,,,,,,,4.0,,,,,,,,COMPLETE
753,753,0.8295613919222083,2025-01-01 19:29:30.528689,2025-01-01 19:29:44.345240,0 days 00:00:13.816551,1,140,,,,,,,,,,,,,,,,,,,,5,,,,,,,,,,,,,,,,,,,,COMPLETE
754,754,0.8681268892047558,2025-01-01 19:29:44.345816,2025-01-01 19:30:12.782859,0 days 00:00:28.437043,2,145,120.0,,,,,,,,,,,,,,,,,,,5,2.0,,,,,,,,,,,,,,,,,,,COMPLETE
755,755,0.8307412564243144,2025-01-01 19:30:12.783420,2025-01-01 19:30:27.526274,0 days 00:00:14.742854,1,120,,,,,,,,,,,,,,,,,,,,5,,,,,,,,,,,,,,,,,,,,COMPLETE
756,756,0.867510336438769,2025-01-01 19:30:27.526793,2025-01-01 19:31:20.563494,0 days 00:00:53.036701,2,135,10.0,,,,,,,,,,,,,,,,,,,5,4.0,,,,,,,,,,,,,,,,,,,COMPLETE
757,757,0.8683329558777344,2025-01-01 19:31:20.564195,2025-01-01 19:31:35.888154,0 days 00:00:15.323959,1,155,,,,,,,,,,,,,,,,,,,,5,,,,,,,,,,,,,,,,,,,,COMPLETE
758,758,0.9024494118547104,2025-01-01 19:31:35.888853,2025-01-01 19:31:51.214782,0 days 00:00:15.325929,1,140,,,,,,,,,,,,,,,,,,,,5,,,,,,,,,,,,,,,,,,,,COMPLETE
759,759,0.868096531793175,2025-01-01 19:31:51.215281,2025-01-01 19:32:07.790772,0 days 00:00:16.575491,1,135,,,,,,,,,,,,,,,,,,,,5,,,,,,,,,,,,,,,,,,,,COMPLETE
760,760,0.8720667942185935,2025-01-01 19:32:07.791264,2025-01-01 19:32:51.237102,0 days 00:00:43.445838,2,150,180.0,,,,,,,,,,,,,,,,,,,5,3.0,,,,,,,,,,,,,,,,,,,COMPLETE
761,761,0.8808001060590822,2025-01-01 19:32:51.237823,2025-01-01 19:33:04.860305,0 days 00:00:13.622482,1,110,,,,,,,,,,,,,,,,,,,,5,,,,,,,,,,,,,,,,,,,,COMPLETE
762,762,0.8722835922432806,2025-01-01 19:33:04.860807,2025-01-01 19:34:15.580083,0 days 00:01:10.719276,2,130,45.0,,,,,,,,,,,,,,,,,,,5,5.0,,,,,,,,,,,,,,,,,,,COMPLETE
763,763,0.8321316977596047,2025-01-01 19:34:15.580815,2025-01-01 19:34:28.984731,0 days 00:00:13.403916,1,130,,,,,,,,,,,,,,,,,,,,5,,,,,,,,,,,,,,,,,,,,COMPLETE
764,764,0.8121406596608682,2025-01-01 19:34:28.985226,2025-01-01 19:34:42.676551,0 days 00:00:13.691325,1,140,,,,,,,,,,,,,,,,,,,,5,,,,,,,,,,,,,,,,,,,,COMPLETE
765,765,0.9074783023280459,2025-01-01 19:34:42.677039,2025-01-01 19:34:57.302683,0 days 00:00:14.625644,1,145,,,,,,,,,,,,,,,,,,,,5,,,,,,,,,,,,,,,,,,,,COMPLETE
766,766,0.8650864816566097,2025-01-01 19:34:57.303283,2025-01-01 19:35:10.337997,0 days 00:00:13.034714,1,160,,,,,,,,,,,,,,,,,,,,5,,,,,,,,,,,,,,,,,,,,COMPLETE
767,767,0.0,2025-01-01 19:35:10.338624,2025-01-01 19:36:08.106228,0 days 00:00:57.767604,10,150,160.0,,,,,,,,,,,15.0,140.0,165.0,165.0,130.0,125.0,125.0,135.0,5,6.0,,,,,,,,,,,3.0,5.0,2.0,6.0,6.0,3.0,2.0,5.0,COMPLETE
768,768,0.8727389922373794,2025-01-01 19:36:08.107103,2025-01-01 19:36:34.376576,0 days 00:00:26.269473,2,135,20.0,,,,,,,,,,,,,,,,,,,5,2.0,,,,,,,,,,,,,,,,,,,COMPLETE
769,769,0.5934433187547288,2025-01-01 19:36:34.377085,2025-01-01 19:36:45.917165,0 days 00:00:11.540080,1,155,,,,,,,,,,,,,,,,,,,,5,,,,,,,,,,,,,,,,,,,,COMPLETE
770,770,0.8917661222412221,2025-01-01 19:36:45.917769,2025-01-01 19:36:58.919457,0 days 00:00:13.001688,1,125,,,,,,,,,,,,,,,,,,,,5,,,,,,,,,,,,,,,,,,,,COMPLETE
771,771,0.8697322982056259,2025-01-01 19:36:58.920045,2025-01-01 19:37:38.856479,0 days 00:00:39.936434,2,140,80.0,,,,,,,,,,,,,,,,,,,5,3.0,,,,,,,,,,,,,,,,,,,COMPLETE
772,772,0.8772426696110907,2025-01-01 19:37:38.857114,2025-01-01 19:37:54.290608,0 days 00:00:15.433494,1,145,,,,,,,,,,,,,,,,,,,,5,,,,,,,,,,,,,,,,,,,,COMPLETE
773,773,0.9102956492589411,2025-01-01 19:37:54.291218,2025-01-01 19:38:06.515470,0 days 00:00:12.224252,1,135,,,,,,,,,,,,,,,,,,,,5,,,,,,,,,,,,,,,,,,,,COMPLETE
774,774,0.0,2025-01-01 19:38:06.515966,2025-01-01 19:39:01.316055,0 days 00:00:54.800089,18,130,90.0,115.0,10.0,105.0,5.0,35.0,60.0,115.0,65.0,,,5.0,10.0,15.0,130.0,100.0,95.0,50.0,175.0,5,4.0,4.0,2.0,4.0,6.0,6.0,5.0,6.0,3.0,,,6.0,6.0,4.0,2.0,3.0,5.0,4.0,3.0,COMPLETE
775,775,0.8674319474666663,2025-01-01 19:39:01.317071,2025-01-01 19:40:35.720764,0 days 00:01:34.403693,2,130,110.0,,,,,,,,,,,,,,,,,,,5,6.0,,,,,,,,,,,,,,,,,,,COMPLETE
776,776,0.7960294338885039,2025-01-01 19:40:35.721527,2025-01-01 19:40:50.312159,0 days 00:00:14.590632,1,135,,,,,,,,,,,,,,,,,,,,5,,,,,,,,,,,,,,,,,,,,COMPLETE
777,777,0.744000905219552,2025-01-01 19:40:50.312695,2025-01-01 19:41:05.153554,0 days 00:00:14.840859,1,135,,,,,,,,,,,,,,,,,,,,5,,,,,,,,,,,,,,,,,,,,COMPLETE
778,778,0.8739067595078923,2025-01-01 19:41:05.154067,2025-01-01 19:42:24.574756,0 days 00:01:19.420689,2,140,195.0,,,,,,,,,,,,,,,,,,,5,5.0,,,,,,,,,,,,,,,,,,,COMPLETE
779,779,0.8740672600535695,2025-01-01 19:42:24.575516,2025-01-01 19:42:40.931266,0 days 00:00:16.355750,1,130,,,,,,,,,,,,,,,,,,,,5,,,,,,,,,,,,,,,,,,,,COMPLETE
780,780,0.8767436351735007,2025-01-01 19:42:40.931805,2025-01-01 19:42:54.807430,0 days 00:00:13.875625,1,140,,,,,,,,,,,,,,,,,,,,5,,,,,,,,,,,,,,,,,,,,COMPLETE
781,781,0.8722607289782459,2025-01-01 19:42:54.807948,2025-01-01 19:43:25.913240,0 days 00:00:31.105292,3,135,55.0,,,,,,,,,,,55.0,,,,,,,,5,2.0,,,,,,,,,,,2.0,,,,,,,,COMPLETE
782,782,0.8671628489534408,2025-01-01 19:43:25.914017,2025-01-01 19:43:40.982038,0 days 00:00:15.068021,1,145,,,,,,,,,,,,,,,,,,,,5,,,,,,,,,,,,,,,,,,,,COMPLETE
783,783,0.8709016485367993,2025-01-01 19:43:40.982565,2025-01-01 19:44:20.303819,0 days 00:00:39.321254,2,135,70.0,,,,,,,,,,,,,,,,,,,5,3.0,,,,,,,,,,,,,,,,,,,COMPLETE
784,784,0.9041441257266978,2025-01-01 19:44:20.304570,2025-01-01 19:44:33.206844,0 days 00:00:12.902274,1,150,,,,,,,,,,,,,,,,,,,,5,,,,,,,,,,,,,,,,,,,,COMPLETE
785,785,0.9018361952253977,2025-01-01 19:44:33.207358,2025-01-01 19:44:47.661751,0 days 00:00:14.454393,1,125,,,,,,,,,,,,,,,,,,,,5,,,,,,,,,,,,,,,,,,,,COMPLETE
786,786,0.8841162669172535,2025-01-01 19:44:47.662359,2025-01-01 19:45:01.718312,0 days 00:00:14.055953,1,140,,,,,,,,,,,,,,,,,,,,5,,,,,,,,,,,,,,,,,,,,COMPLETE
787,787,0.8713565935035524,2025-01-01 19:45:01.718910,2025-01-01 19:45:59.315508,0 days 00:00:57.596598,2,140,140.0,,,,,,,,,,,,,,,,,,,5,4.0,,,,,,,,,,,,,,,,,,,COMPLETE
788,788,0.9081529671598152,2025-01-01 19:45:59.316241,2025-01-01 19:46:11.600767,0 days 00:00:12.284526,1,145,,,,,,,,,,,,,,,,,,,,5,,,,,,,,,,,,,,,,,,,,COMPLETE
789,789,0.8907892430113423,2025-01-01 19:46:11.601281,2025-01-01 19:46:27.107855,0 days 00:00:15.506574,1,130,,,,,,,,,,,,,,,,,,,,5,,,,,,,,,,,,,,,,,,,,COMPLETE
790,790,0.8712493477162939,2025-01-01 19:46:27.108361,2025-01-01 19:47:29.273651,0 days 00:01:02.165290,2,115,115.0,,,,,,,,,,,,,,,,,,,4,5.0,,,,,,,,,,,,,,,,,,,COMPLETE
791,791,0.9055542989161129,2025-01-01 19:47:29.274377,2025-01-01 19:47:40.346711,0 days 00:00:11.072334,1,125,,,,,,,,,,,,,,,,,,,,5,,,,,,,,,,,,,,,,,,,,COMPLETE
792,792,0.8666365122473835,2025-01-01 19:47:40.347305,2025-01-01 19:49:15.004679,0 days 00:01:34.657374,2,135,25.0,,,,,,,,,,,,,,,,,,,5,6.0,,,,,,,,,,,,,,,,,,,COMPLETE
793,793,0.0,2025-01-01 19:49:15.005399,2025-01-01 19:49:39.238276,0 days 00:00:24.232877,5,145,75.0,,,,,,,,,,,100.0,185.0,80.0,,,,,,5,2.0,,,,,,,,,,,4.0,3.0,5.0,,,,,,COMPLETE
794,794,0.8652467475001284,2025-01-01 19:49:39.238984,2025-01-01 19:49:53.444890,0 days 00:00:14.205906,1,150,,,,,,,,,,,,,,,,,,,,5,,,,,,,,,,,,,,,,,,,,COMPLETE
795,795,0.7663636848912978,2025-01-01 19:49:53.445394,2025-01-01 19:50:07.537455,0 days 00:00:14.092061,1,140,,,,,,,,,,,,,,,,,,,,5,,,,,,,,,,,,,,,,,,,,COMPLETE
796,796,0.8701289949607921,2025-01-01 19:50:07.538069,2025-01-01 19:50:48.253073,0 days 00:00:40.715004,2,135,135.0,,,,,,,,,,,,,,,,,,,5,3.0,,,,,,,,,,,,,,,,,,,COMPLETE
797,797,0.8907644840166072,2025-01-01 19:50:48.253699,2025-01-01 19:51:00.541224,0 days 00:00:12.287525,1,90,,,,,,,,,,,,,,,,,,,,5,,,,,,,,,,,,,,,,,,,,COMPLETE
798,798,0.6366471363838955,2025-01-01 19:51:00.541835,2025-01-01 19:51:14.829023,0 days 00:00:14.287188,1,130,,,,,,,,,,,,,,,,,,,,5,,,,,,,,,,,,,,,,,,,,COMPLETE
799,799,0.8721920215695984,2025-01-01 19:51:14.829649,2025-01-01 19:52:18.757353,0 days 00:01:03.927704,2,155,195.0,,,,,,,,,,,,,,,,,,,5,4.0,,,,,,,,,,,,,,,,,,,COMPLETE
800,800,0.9095691623072382,2025-01-01 19:52:18.758089,2025-01-01 19:52:30.670387,0 days 00:00:11.912298,1,145,,,,,,,,,,,,,,,,,,,,4,,,,,,,,,,,,,,,,,,,,COMPLETE
801,801,0.9111400302238857,2025-01-01 19:52:30.670893,2025-01-01 19:52:46.060617,0 days 00:00:15.389724,1,135,,,,,,,,,,,,,,,,,,,,5,,,,,,,,,,,,,,,,,,,,COMPLETE
802,802,0.8049034342177999,2025-01-01 19:52:46.061225,2025-01-01 19:53:00.623002,0 days 00:00:14.561777,1,135,,,,,,,,,,,,,,,,,,,,5,,,,,,,,,,,,,,,,,,,,COMPLETE
803,803,0.0,2025-01-01 19:53:00.623609,2025-01-01 19:53:32.355413,0 days 00:00:31.731804,4,130,155.0,,,,,,,,,,,165.0,95.0,,,,,,,5,6.0,,,,,,,,,,,5.0,2.0,,,,,,,COMPLETE
804,804,0.8302135413735983,2025-01-01 19:53:32.356079,2025-01-01 19:53:46.853679,0 days 00:00:14.497600,1,125,,,,,,,,,,,,,,,,,,,,5,,,,,,,,,,,,,,,,,,,,COMPLETE
805,805,0.8420984416990895,2025-01-01 19:53:46.854280,2025-01-01 19:54:01.883704,0 days 00:00:15.029424,1,140,,,,,,,,,,,,,,,,,,,,5,,,,,,,,,,,,,,,,,,,,COMPLETE
806,806,0.8720793200245255,2025-01-01 19:54:01.884206,2025-01-01 19:54:55.495954,0 days 00:00:53.611748,2,135,5.0,,,,,,,,,,,,,,,,,,,5,4.0,,,,,,,,,,,,,,,,,,,COMPLETE
807,807,0.8408116671326065,2025-01-01 19:54:55.496688,2025-01-01 19:55:10.902094,0 days 00:00:15.405406,1,130,,,,,,,,,,,,,,,,,,,,5,,,,,,,,,,,,,,,,,,,,COMPLETE
808,808,0.8123732776943904,2025-01-01 19:55:10.902611,2025-01-01 19:55:25.959130,0 days 00:00:15.056519,1,120,,,,,,,,,,,,,,,,,,,,5,,,,,,,,,,,,,,,,,,,,COMPLETE
809,809,0.8718256284805879,2025-01-01 19:55:25.959739,2025-01-01 19:55:54.084244,0 days 00:00:28.124505,2,140,105.0,,,,,,,,,,,,,,,,,,,5,2.0,,,,,,,,,,,,,,,,,,,COMPLETE
810,810,0.8399671583243847,2025-01-01 19:55:54.084868,2025-01-01 19:56:06.925568,0 days 00:00:12.840700,1,135,,,,,,,,,,,,,,,,,,,,5,,,,,,,,,,,,,,,,,,,,COMPLETE
811,811,0.8736901215471724,2025-01-01 19:56:06.926075,2025-01-01 19:56:46.166004,0 days 00:00:39.239929,2,140,65.0,,,,,,,,,,,,,,,,,,,5,3.0,,,,,,,,,,,,,,,,,,,COMPLETE
812,812,0.7177428640961914,2025-01-01 19:56:46.166728,2025-01-01 19:57:01.552498,0 days 00:00:15.385770,1,100,,,,,,,,,,,,,,,,,,,,5,,,,,,,,,,,,,,,,,,,,COMPLETE
813,813,0.8917468297035896,2025-01-01 19:57:01.553005,2025-01-01 19:57:16.663366,0 days 00:00:15.110361,1,135,,,,,,,,,,,,,,,,,,,,5,,,,,,,,,,,,,,,,,,,,COMPLETE
814,814,0.0,2025-01-01 19:57:16.664072,2025-01-01 19:58:46.731328,0 days 00:01:30.067256,16,145,175.0,155.0,95.0,200.0,145.0,175.0,40.0,,,,,90.0,150.0,115.0,145.0,120.0,160.0,170.0,60.0,5,5.0,5.0,4.0,6.0,2.0,5.0,3.0,,,,,6.0,3.0,3.0,4.0,4.0,4.0,6.0,2.0,COMPLETE
815,815,0.8934766703128736,2025-01-01 19:58:46.732300,2025-01-01 19:58:59.780874,0 days 00:00:13.048574,1,125,,,,,,,,,,,,,,,,,,,,5,,,,,,,,,,,,,,,,,,,,COMPLETE
816,816,0.8730822517091692,2025-01-01 19:58:59.781404,2025-01-01 19:59:43.341074,0 days 00:00:43.559670,2,150,185.0,,,,,,,,,,,,,,,,,,,5,3.0,,,,,,,,,,,,,,,,,,,COMPLETE
817,817,0.8772059385382952,2025-01-01 19:59:43.341831,2025-01-01 19:59:58.341022,0 days 00:00:14.999191,1,130,,,,,,,,,,,,,,,,,,,,5,,,,,,,,,,,,,,,,,,,,COMPLETE
818,818,0.8768958685980497,2025-01-01 19:59:58.341659,2025-01-01 20:01:37.148592,0 days 00:01:38.806933,2,140,60.0,,,,,,,,,,,,,,,,,,,5,6.0,,,,,,,,,,,,,,,,,,,COMPLETE
819,819,0.8812774877936445,2025-01-01 20:01:37.149356,2025-01-01 20:01:52.139695,0 days 00:00:14.990339,1,135,,,,,,,,,,,,,,,,,,,,5,,,,,,,,,,,,,,,,,,,,COMPLETE
820,820,0.8041440250847351,2025-01-01 20:01:52.140418,2025-01-01 20:02:08.526120,0 days 00:00:16.385702,1,145,,,,,,,,,,,,,,,,,,,,5,,,,,,,,,,,,,,,,,,,,COMPLETE
821,821,0.866820464340418,2025-01-01 20:02:08.526672,2025-01-01 20:02:21.003935,0 days 00:00:12.477263,1,140,,,,,,,,,,,,,,,,,,,,5,,,,,,,,,,,,,,,,,,,,COMPLETE
822,822,0.8731167836506767,2025-01-01 20:02:21.004458,2025-01-01 20:03:02.386061,0 days 00:00:41.381603,2,85,150.0,,,,,,,,,,,,,,,,,,,5,4.0,,,,,,,,,,,,,,,,,,,COMPLETE
823,823,0.9018736331223736,2025-01-01 20:03:02.386826,2025-01-01 20:03:16.386016,0 days 00:00:13.999190,1,130,,,,,,,,,,,,,,,,,,,,5,,,,,,,,,,,,,,,,,,,,COMPLETE
824,824,0.8775632275825302,2025-01-01 20:03:16.386557,2025-01-01 20:03:32.706618,0 days 00:00:16.320061,1,140,,,,,,,,,,,,,,,,,,,,5,,,,,,,,,,,,,,,,,,,,COMPLETE
825,825,0.0,2025-01-01 20:03:32.707247,2025-01-01 20:03:58.812195,0 days 00:00:26.104948,8,145,115.0,,,,,,,,,,,155.0,110.0,90.0,20.0,200.0,80.0,,,5,5.0,,,,,,,,,,,3.0,4.0,2.0,6.0,2.0,5.0,,,COMPLETE
826,826,0.8721909022744834,2025-01-01 20:03:58.812991,2025-01-01 20:04:26.503366,0 days 00:00:27.690375,2,135,95.0,,,,,,,,,,,,,,,,,,,5,2.0,,,,,,,,,,,,,,,,,,,COMPLETE
827,827,0.9090620373395497,2025-01-01 20:04:26.504031,2025-01-01 20:04:41.519552,0 days 00:00:15.015521,1,150,,,,,,,,,,,,,,,,,,,,5,,,,,,,,,,,,,,,,,,,,COMPLETE
828,828,0.9108326750075018,2025-01-01 20:04:41.520167,2025-01-01 20:04:57.915210,0 days 00:00:16.395043,1,130,,,,,,,,,,,,,,,,,,,,5,,,,,,,,,,,,,,,,,,,,COMPLETE
829,829,0.871459943190475,2025-01-01 20:04:57.915725,2025-01-01 20:06:29.313912,0 days 00:01:31.398187,2,125,145.0,,,,,,,,,,,,,,,,,,,5,6.0,,,,,,,,,,,,,,,,,,,COMPLETE
830,830,0.8695336596951297,2025-01-01 20:06:29.314646,2025-01-01 20:07:36.355696,0 days 00:01:07.041050,3,130,130.0,,,,,,,,,,,130.0,,,,,,,,5,4.0,,,,,,,,,,,2.0,,,,,,,,COMPLETE
831,831,0.8669638135291953,2025-01-01 20:07:36.356459,2025-01-01 20:07:50.005152,0 days 00:00:13.648693,1,135,,,,,,,,,,,,,,,,,,,,5,,,,,,,,,,,,,,,,,,,,COMPLETE
832,832,0.9012169488308287,2025-01-01 20:07:50.005664,2025-01-01 20:08:03.907567,0 days 00:00:13.901903,1,120,,,,,,,,,,,,,,,,,,,,5,,,,,,,,,,,,,,,,,,,,COMPLETE
833,833,0.8470683229813665,2025-01-01 20:08:03.908276,2025-01-01 20:08:19.382113,0 days 00:00:15.473837,1,130,,,,,,,,,,,,,,,,,,,,5,,,,,,,,,,,,,,,,,,,,COMPLETE
834,834,0.8725701427987582,2025-01-01 20:08:19.382635,2025-01-01 20:09:33.280288,0 days 00:01:13.897653,2,135,80.0,,,,,,,,,,,,,,,,,,,5,5.0,,,,,,,,,,,,,,,,,,,COMPLETE
835,835,0.9065928436317781,2025-01-01 20:09:33.281035,2025-01-01 20:09:45.189011,0 days 00:00:11.907976,1,35,,,,,,,,,,,,,,,,,,,,5,,,,,,,,,,,,,,,,,,,,COMPLETE
836,836,0.9047621227519235,2025-01-01 20:09:45.189625,2025-01-01 20:09:59.678904,0 days 00:00:14.489279,1,135,,,,,,,,,,,,,,,,,,,,5,,,,,,,,,,,,,,,,,,,,COMPLETE
837,837,0.8773113932064693,2025-01-01 20:09:59.679534,2025-01-01 20:10:37.132239,0 days 00:00:37.452705,2,130,45.0,,,,,,,,,,,,,,,,,,,5,3.0,,,,,,,,,,,,,,,,,,,COMPLETE
838,838,0.8693627460938929,2025-01-01 20:10:37.132877,2025-01-01 20:10:53.538600,0 days 00:00:16.405723,1,135,,,,,,,,,,,,,,,,,,,,5,,,,,,,,,,,,,,,,,,,,COMPLETE
839,839,0.8276930156819711,2025-01-01 20:10:53.539222,2025-01-01 20:11:09.187555,0 days 00:00:15.648333,1,140,,,,,,,,,,,,,,,,,,,,5,,,,,,,,,,,,,,,,,,,,COMPLETE
840,840,0.8703501432867209,2025-01-01 20:11:09.188060,2025-01-01 20:11:34.676404,0 days 00:00:25.488344,2,125,85.0,,,,,,,,,,,,,,,,,,,5,2.0,,,,,,,,,,,,,,,,,,,COMPLETE
841,841,0.8809947768732952,2025-01-01 20:11:34.677143,2025-01-01 20:11:49.819538,0 days 00:00:15.142395,1,130,,,,,,,,,,,,,,,,,,,,5,,,,,,,,,,,,,,,,,,,,COMPLETE
842,842,0.8855799862015179,2025-01-01 20:11:49.820066,2025-01-01 20:12:02.742144,0 days 00:00:12.922078,1,140,,,,,,,,,,,,,,,,,,,,5,,,,,,,,,,,,,,,,,,,,COMPLETE
843,843,0.8663049853587267,2025-01-01 20:12:02.742659,2025-01-01 20:13:39.387343,0 days 00:01:36.644684,2,135,55.0,,,,,,,,,,,,,,,,,,,5,6.0,,,,,,,,,,,,,,,,,,,COMPLETE
844,844,0.8862840524483526,2025-01-01 20:13:39.388088,2025-01-01 20:13:53.205825,0 days 00:00:13.817737,1,140,,,,,,,,,,,,,,,,,,,,5,,,,,,,,,,,,,,,,,,,,COMPLETE
845,845,0.8632375343288705,2025-01-01 20:13:53.206338,2025-01-01 20:14:49.218902,0 days 00:00:56.012564,2,135,120.0,,,,,,,,,,,,,,,,,,,5,4.0,,,,,,,,,,,,,,,,,,,COMPLETE
846,846,0.9070959630383905,2025-01-01 20:14:49.219641,2025-01-01 20:15:05.580244,0 days 00:00:16.360603,1,130,,,,,,,,,,,,,,,,,,,,5,,,,,,,,,,,,,,,,,,,,COMPLETE
847,847,0.882629242164415,2025-01-01 20:15:05.580966,2025-01-01 20:15:19.182473,0 days 00:00:13.601507,1,140,,,,,,,,,,,,,,,,,,,,5,,,,,,,,,,,,,,,,,,,,COMPLETE
848,848,0.8377485294938489,2025-01-01 20:15:19.182996,2025-01-01 20:15:32.237881,0 days 00:00:13.054885,1,125,,,,,,,,,,,,,,,,,,,,5,,,,,,,,,,,,,,,,,,,,COMPLETE
849,849,0.8620497695493354,2025-01-01 20:15:32.238388,2025-01-01 20:16:10.556328,0 days 00:00:38.317940,2,140,30.0,,,,,,,,,,,,,,,,,,,5,3.0,,,,,,,,,,,,,,,,,,,COMPLETE
850,850,0.8895176142057801,2025-01-01 20:16:10.557073,2025-01-01 20:16:26.535285,0 days 00:00:15.978212,1,135,,,,,,,,,,,,,,,,,,,,5,,,,,,,,,,,,,,,,,,,,COMPLETE
851,851,0.8634812340898719,2025-01-01 20:16:26.535805,2025-01-01 20:16:42.894168,0 days 00:00:16.358363,1,145,,,,,,,,,,,,,,,,,,,,5,,,,,,,,,,,,,,,,,,,,COMPLETE
852,852,0.0,2025-01-01 20:16:42.894789,2025-01-01 20:17:18.182917,0 days 00:00:35.288128,9,105,160.0,,,,,,,,,,,190.0,130.0,40.0,115.0,190.0,5.0,185.0,,5,2.0,,,,,,,,,,,4.0,5.0,5.0,3.0,4.0,2.0,4.0,,COMPLETE
853,853,0.8860008128656497,2025-01-01 20:17:18.183690,2025-01-01 20:17:29.744794,0 days 00:00:11.561104,1,130,,,,,,,,,,,,,,,,,,,,5,,,,,,,,,,,,,,,,,,,,COMPLETE
854,854,0.8582530581113506,2025-01-01 20:17:29.745417,2025-01-01 20:17:43.600510,0 days 00:00:13.855093,1,135,,,,,,,,,,,,,,,,,,,,5,,,,,,,,,,,,,,,,,,,,COMPLETE
855,855,0.8717665895748088,2025-01-01 20:17:43.601116,2025-01-01 20:19:23.771194,0 days 00:01:40.170078,2,145,70.0,,,,,,,,,,,,,,,,,,,4,6.0,,,,,,,,,,,,,,,,,,,COMPLETE
856,856,0.0,2025-01-01 20:19:23.771937,2025-01-01 20:20:05.131810,0 days 00:00:41.359873,7,140,15.0,,,,,,,,,,,40.0,170.0,180.0,95.0,5.0,,,,5,5.0,,,,,,,,,,,5.0,3.0,6.0,5.0,5.0,,,,COMPLETE
857,857,0.8744131460166501,2025-01-01 20:20:05.132557,2025-01-01 20:21:01.326894,0 days 00:00:56.194337,2,130,165.0,,,,,,,,,,,,,,,,,,,5,4.0,,,,,,,,,,,,,,,,,,,COMPLETE
858,858,0.9048750012711735,2025-01-01 20:21:01.327639,2025-01-01 20:21:13.826455,0 days 00:00:12.498816,1,120,,,,,,,,,,,,,,,,,,,,5,,,,,,,,,,,,,,,,,,,,COMPLETE
859,859,0.8963450720837346,2025-01-01 20:21:13.827065,2025-01-01 20:21:25.900606,0 days 00:00:12.073541,1,15,,,,,,,,,,,,,,,,,,,,5,,,,,,,,,,,,,,,,,,,,COMPLETE
860,860,0.8980257783425616,2025-01-01 20:21:25.901129,2025-01-01 20:21:40.460628,0 days 00:00:14.559499,1,135,,,,,,,,,,,,,,,,,,,,5,,,,,,,,,,,,,,,,,,,,COMPLETE
861,861,0.0,2025-01-01 20:21:40.461139,2025-01-01 20:22:32.453247,0 days 00:00:51.992108,15,145,175.0,45.0,135.0,130.0,200.0,75.0,,,,,,25.0,25.0,75.0,75.0,30.0,40.0,165.0,85.0,5,5.0,3.0,6.0,6.0,3.0,3.0,,,,,,3.0,4.0,4.0,3.0,2.0,3.0,5.0,4.0,COMPLETE
862,862,0.8653418996536022,2025-01-01 20:22:32.454226,2025-01-01 20:22:59.257903,0 days 00:00:26.803677,2,135,25.0,,,,,,,,,,,,,,,,,,,5,2.0,,,,,,,,,,,,,,,,,,,COMPLETE
863,863,0.9040609594534919,2025-01-01 20:22:59.258566,2025-01-01 20:23:14.463558,0 days 00:00:15.204992,1,140,,,,,,,,,,,,,,,,,,,,5,,,,,,,,,,,,,,,,,,,,COMPLETE
864,864,0.0,2025-01-01 20:23:14.464222,2025-01-01 20:24:08.555451,0 days 00:00:54.091229,12,130,100.0,15.0,185.0,,,,,,,,,120.0,195.0,135.0,35.0,170.0,60.0,105.0,40.0,5,3.0,6.0,2.0,,,,,,,,,6.0,6.0,5.0,2.0,6.0,4.0,2.0,5.0,COMPLETE
865,865,0.8716564875981554,2025-01-01 20:24:08.556456,2025-01-01 20:24:20.162498,0 days 00:00:11.606042,1,115,,,,,,,,,,,,,,,,,,,,4,,,,,,,,,,,,,,,,,,,,COMPLETE
866,866,0.8770069843646693,2025-01-01 20:24:20.163045,2025-01-01 20:26:03.247664,0 days 00:01:43.084619,3,125,135.0,,,,,,,,,,,95.0,,,,,,,,5,6.0,,,,,,,,,,,2.0,,,,,,,,COMPLETE
867,867,0.8733059861354913,2025-01-01 20:26:03.248453,2025-01-01 20:26:59.258748,0 days 00:00:56.010295,2,145,40.0,,,,,,,,,,,,,,,,,,,5,4.0,,,,,,,,,,,,,,,,,,,COMPLETE
868,868,0.8597428514095875,2025-01-01 20:26:59.259533,2025-01-01 20:27:15.094286,0 days 00:00:15.834753,1,140,,,,,,,,,,,,,,,,,,,,5,,,,,,,,,,,,,,,,,,,,COMPLETE
869,869,0.0,2025-01-01 20:27:15.094830,2025-01-01 20:28:37.784567,0 days 00:01:22.689737,17,140,35.0,175.0,130.0,185.0,25.0,170.0,80.0,165.0,,,,110.0,65.0,30.0,55.0,135.0,30.0,200.0,100.0,5,5.0,5.0,3.0,5.0,5.0,4.0,2.0,2.0,,,,4.0,2.0,2.0,6.0,3.0,6.0,3.0,3.0,COMPLETE
870,870,0.0,2025-01-01 20:28:37.785668,2025-01-01 20:30:21.177837,0 days 00:01:43.392169,19,135,190.0,30.0,150.0,10.0,165.0,85.0,135.0,110.0,155.0,150.0,,170.0,155.0,145.0,105.0,60.0,175.0,120.0,5.0,5,3.0,2.0,5.0,2.0,5.0,6.0,4.0,4.0,5.0,6.0,,5.0,3.0,6.0,4.0,5.0,3.0,5.0,4.0,COMPLETE
