,number,value,datetime_start,datetime_complete,duration,params_depth,params_neurons_layer_0,params_neurons_layer_1,params_neurons_layer_10,params_neurons_layer_11,params_neurons_layer_12,params_neurons_layer_13,params_neurons_layer_14,params_neurons_layer_15,params_neurons_layer_16,params_neurons_layer_17,params_neurons_layer_18,params_neurons_layer_19,params_neurons_layer_2,params_neurons_layer_3,params_neurons_layer_4,params_neurons_layer_5,params_neurons_layer_6,params_neurons_layer_7,params_neurons_layer_8,params_neurons_layer_9,params_orders_layer_0,params_orders_layer_1,params_orders_layer_10,params_orders_layer_11,params_orders_layer_12,params_orders_layer_13,params_orders_layer_14,params_orders_layer_15,params_orders_layer_16,params_orders_layer_17,params_orders_layer_18,params_orders_layer_19,params_orders_layer_2,params_orders_layer_3,params_orders_layer_4,params_orders_layer_5,params_orders_layer_6,params_orders_layer_7,params_orders_layer_8,params_orders_layer_9,state
978,978,0.6515151515151515,2025-01-01 12:21:44.963887,2025-01-01 12:21:49.521149,0 days 00:00:04.557262,2,105,150.0,,,,,,,,,,,,,,,,,,,6,3.0,,,,,,,,,,,,,,,,,,,COMPLETE
979,979,0.5712250712250713,2025-01-01 12:21:49.521738,2025-01-01 12:21:53.256960,0 days 00:00:03.735222,2,120,55.0,,,,,,,,,,,,,,,,,,,6,3.0,,,,,,,,,,,,,,,,,,,COMPLETE
980,980,0.6223255813953488,2025-01-01 12:21:53.257549,2025-01-01 12:21:59.156653,0 days 00:00:05.899104,3,80,140.0,,,,,,,,,,,115.0,,,,,,,,6,6.0,,,,,,,,,,,4.0,,,,,,,,COMPLETE
981,981,0.5950113378684807,2025-01-01 12:21:59.157263,2025-01-01 12:22:02.319524,0 days 00:00:03.162261,2,115,125.0,,,,,,,,,,,,,,,,,,,6,3.0,,,,,,,,,,,,,,,,,,,COMPLETE
982,982,0.6126373626373627,2025-01-01 12:22:02.320091,2025-01-01 12:22:06.269399,0 days 00:00:03.949308,2,125,185.0,,,,,,,,,,,,,,,,,,,6,3.0,,,,,,,,,,,,,,,,,,,COMPLETE
983,983,0.5742753623188406,2025-01-01 12:22:06.270092,2025-01-01 12:22:11.700785,0 days 00:00:05.430693,3,110,165.0,,,,,,,,,,,130.0,,,,,,,,6,3.0,,,,,,,,,,,5.0,,,,,,,,COMPLETE
984,984,0.3088954056695992,2025-01-01 12:22:11.701381,2025-01-01 12:22:14.790037,0 days 00:00:03.088656,1,85,,,,,,,,,,,,,,,,,,,,3,,,,,,,,,,,,,,,,,,,,COMPLETE
985,985,0.5857142857142856,2025-01-01 12:22:14.790600,2025-01-01 12:22:18.172514,0 days 00:00:03.381914,2,100,155.0,,,,,,,,,,,,,,,,,,,6,3.0,,,,,,,,,,,,,,,,,,,COMPLETE
986,986,0.0,2025-01-01 12:22:18.173104,2025-01-01 12:22:20.649847,0 days 00:00:02.476743,3,130,190.0,,,,,,,,,,,150.0,,,,,,,,6,3.0,,,,,,,,,,,3.0,,,,,,,,COMPLETE
987,987,0.0,2025-01-01 12:22:20.650425,2025-01-01 12:22:22.820597,0 days 00:00:02.170172,4,90,145.0,,,,,,,,,,,125.0,145.0,,,,,,,6,3.0,,,,,,,,,,,3.0,2.0,,,,,,,COMPLETE
988,988,0.6761904761904762,2025-01-01 12:22:22.821355,2025-01-01 12:22:25.432729,0 days 00:00:02.611374,1,115,,,,,,,,,,,,,,,,,,,,6,,,,,,,,,,,,,,,,,,,,COMPLETE
989,989,0.6015769944341374,2025-01-01 12:22:25.433277,2025-01-01 12:22:29.556204,0 days 00:00:04.122927,2,95,175.0,,,,,,,,,,,,,,,,,,,6,3.0,,,,,,,,,,,,,,,,,,,COMPLETE
990,990,0.0,2025-01-01 12:22:29.556805,2025-01-01 12:22:36.044702,0 days 00:00:06.487897,11,105,135.0,115.0,,,,,,,,,,155.0,200.0,180.0,10.0,15.0,195.0,70.0,85.0,6,3.0,4.0,,,,,,,,,,5.0,5.0,3.0,4.0,2.0,5.0,4.0,2.0,COMPLETE
991,991,0.0,2025-01-01 12:22:36.045446,2025-01-01 12:22:38.936864,0 days 00:00:02.891418,3,165,185.0,,,,,,,,,,,120.0,,,,,,,,6,3.0,,,,,,,,,,,6.0,,,,,,,,COMPLETE
992,992,0.0,2025-01-01 12:22:38.937458,2025-01-01 12:22:41.418821,0 days 00:00:02.481363,4,85,165.0,,,,,,,,,,,160.0,30.0,,,,,,,6,3.0,,,,,,,,,,,4.0,3.0,,,,,,,COMPLETE
993,993,0.6220238095238095,2025-01-01 12:22:41.419459,2025-01-01 12:22:45.989541,0 days 00:00:04.570082,2,110,195.0,,,,,,,,,,,,,,,,,,,6,3.0,,,,,,,,,,,,,,,,,,,COMPLETE
994,994,0.6447124304267161,2025-01-01 12:22:45.990163,2025-01-01 12:22:51.109202,0 days 00:00:05.119039,3,125,160.0,,,,,,,,,,,105.0,,,,,,,,6,5.0,,,,,,,,,,,3.0,,,,,,,,COMPLETE
995,995,0.6392857142857142,2025-01-01 12:22:51.109821,2025-01-01 12:22:55.438913,0 days 00:00:04.329092,1,145,,,,,,,,,,,,,,,,,,,,6,,,,,,,,,,,,,,,,,,,,COMPLETE
996,996,0.6594202898550725,2025-01-01 12:22:55.439476,2025-01-01 12:22:58.968535,0 days 00:00:03.529059,2,115,170.0,,,,,,,,,,,,,,,,,,,6,3.0,,,,,,,,,,,,,,,,,,,COMPLETE
997,997,0.0,2025-01-01 12:22:58.969147,2025-01-01 12:23:01.508523,0 days 00:00:02.539376,3,120,130.0,,,,,,,,,,,135.0,,,,,,,,6,3.0,,,,,,,,,,,4.0,,,,,,,,COMPLETE
998,998,0.6323055683387022,2025-01-01 12:23:01.509108,2025-01-01 12:23:05.306468,0 days 00:00:03.797360,2,75,180.0,,,,,,,,,,,,,,,,,,,6,2.0,,,,,,,,,,,,,,,,,,,COMPLETE
999,999,0.6802721088435374,2025-01-01 12:23:05.307061,2025-01-01 12:23:10.249501,0 days 00:00:04.942440,3,105,140.0,,,,,,,,,,,150.0,,,,,,,,6,3.0,,,,,,,,,,,5.0,,,,,,,,COMPLETE
