,number,value,datetime_start,datetime_complete,duration,params_depth,params_neurons_layer_0,params_neurons_layer_1,params_neurons_layer_10,params_neurons_layer_11,params_neurons_layer_12,params_neurons_layer_13,params_neurons_layer_14,params_neurons_layer_15,params_neurons_layer_16,params_neurons_layer_17,params_neurons_layer_18,params_neurons_layer_19,params_neurons_layer_2,params_neurons_layer_3,params_neurons_layer_4,params_neurons_layer_5,params_neurons_layer_6,params_neurons_layer_7,params_neurons_layer_8,params_neurons_layer_9,params_orders_layer_0,params_orders_layer_1,params_orders_layer_10,params_orders_layer_11,params_orders_layer_12,params_orders_layer_13,params_orders_layer_14,params_orders_layer_15,params_orders_layer_16,params_orders_layer_17,params_orders_layer_18,params_orders_layer_19,params_orders_layer_2,params_orders_layer_3,params_orders_layer_4,params_orders_layer_5,params_orders_layer_6,params_orders_layer_7,params_orders_layer_8,params_orders_layer_9,state
724,724,0.8251008064516129,2025-01-01 07:59:44.673244,2025-01-01 07:59:48.947508,0 days 00:00:04.274264,3,85,135.0,,,,,,,,,,,160.0,,,,,,,,2,2.0,,,,,,,,,,,2.0,,,,,,,,COMPLETE
725,725,0.8356681034482758,2025-01-01 07:59:48.948047,2025-01-01 07:59:54.284769,0 days 00:00:05.336722,2,95,130.0,,,,,,,,,,,,,,,,,,,2,6.0,,,,,,,,,,,,,,,,,,,COMPLETE
726,726,0.0,2025-01-01 07:59:54.285302,2025-01-01 08:00:03.546404,0 days 00:00:09.261102,18,100,140.0,190.0,95.0,20.0,125.0,165.0,170.0,170.0,50.0,,,155.0,130.0,60.0,80.0,200.0,140.0,195.0,90.0,2,2.0,5.0,2.0,3.0,4.0,3.0,5.0,2.0,5.0,,,2.0,5.0,2.0,3.0,2.0,4.0,3.0,2.0,COMPLETE
727,727,0.7902680197762164,2025-01-01 08:00:03.547327,2025-01-01 08:00:07.843663,0 days 00:00:04.296336,3,90,130.0,,,,,,,,,,,70.0,,,,,,,,2,2.0,,,,,,,,,,,2.0,,,,,,,,COMPLETE
728,728,0.0,2025-01-01 08:00:07.844215,2025-01-01 08:00:10.385203,0 days 00:00:02.540988,4,80,125.0,,,,,,,,,,,120.0,140.0,,,,,,,2,5.0,,,,,,,,,,,2.0,3.0,,,,,,,COMPLETE
729,729,0.8870673952641166,2025-01-01 08:00:10.385778,2025-01-01 08:00:14.036356,0 days 00:00:03.650578,2,95,130.0,,,,,,,,,,,,,,,,,,,2,2.0,,,,,,,,,,,,,,,,,,,COMPLETE
730,730,0.0,2025-01-01 08:00:14.036880,2025-01-01 08:00:19.436387,0 days 00:00:05.399507,8,100,200.0,,,,,,,,,,,150.0,85.0,30.0,180.0,25.0,100.0,,,2,3.0,,,,,,,,,,,3.0,4.0,5.0,6.0,5.0,5.0,,,COMPLETE
731,731,0.8602216748768473,2025-01-01 08:00:19.437311,2025-01-01 08:00:22.563188,0 days 00:00:03.125877,1,65,,,,,,,,,,,,,,,,,,,,3,,,,,,,,,,,,,,,,,,,,COMPLETE
732,732,0.8868318122555411,2025-01-01 08:00:22.563713,2025-01-01 08:00:26.199156,0 days 00:00:03.635443,2,85,135.0,,,,,,,,,,,,,,,,,,,2,2.0,,,,,,,,,,,,,,,,,,,COMPLETE
733,733,0.8291777188328913,2025-01-01 08:00:26.199703,2025-01-01 08:00:29.842191,0 days 00:00:03.642488,2,70,125.0,,,,,,,,,,,,,,,,,,,2,2.0,,,,,,,,,,,,,,,,,,,COMPLETE
734,734,0.8870673952641166,2025-01-01 08:00:29.842722,2025-01-01 08:00:35.452205,0 days 00:00:05.609483,3,90,120.0,,,,,,,,,,,100.0,,,,,,,,2,6.0,,,,,,,,,,,2.0,,,,,,,,COMPLETE
735,735,0.8870673952641166,2025-01-01 08:00:35.452807,2025-01-01 08:00:39.344454,0 days 00:00:03.891647,2,80,135.0,,,,,,,,,,,,,,,,,,,2,2.0,,,,,,,,,,,,,,,,,,,COMPLETE
736,736,0.8696969696969696,2025-01-01 08:00:39.344989,2025-01-01 08:00:42.043844,0 days 00:00:02.698855,1,95,,,,,,,,,,,,,,,,,,,,2,,,,,,,,,,,,,,,,,,,,COMPLETE
737,737,0.0,2025-01-01 08:00:42.044331,2025-01-01 08:00:46.904610,0 days 00:00:04.860279,9,85,125.0,,,,,,,,,,,140.0,110.0,115.0,60.0,170.0,195.0,115.0,,2,2.0,,,,,,,,,,,2.0,2.0,3.0,3.0,6.0,3.0,6.0,,COMPLETE
738,738,0.8709677419354839,2025-01-01 08:00:46.905317,2025-01-01 08:00:50.559905,0 days 00:00:03.654588,2,75,115.0,,,,,,,,,,,,,,,,,,,2,2.0,,,,,,,,,,,,,,,,,,,COMPLETE
739,739,0.8544980443285528,2025-01-01 08:00:50.560431,2025-01-01 08:00:56.622917,0 days 00:00:06.062486,3,105,130.0,,,,,,,,,,,80.0,,,,,,,,2,6.0,,,,,,,,,,,3.0,,,,,,,,COMPLETE
740,740,0.0,2025-01-01 08:00:56.623472,2025-01-01 08:00:58.607035,0 days 00:00:01.983563,4,100,95.0,,,,,,,,,,,105.0,120.0,,,,,,,2,2.0,,,,,,,,,,,2.0,4.0,,,,,,,COMPLETE
741,741,0.8604465709728868,2025-01-01 08:00:58.607590,2025-01-01 08:01:02.044168,0 days 00:00:03.436578,2,60,130.0,,,,,,,,,,,,,,,,,,,2,2.0,,,,,,,,,,,,,,,,,,,COMPLETE
742,742,0.8225344782721832,2025-01-01 08:01:02.044713,2025-01-01 08:01:06.907946,0 days 00:00:04.863233,3,95,140.0,,,,,,,,,,,110.0,,,,,,,,2,2.0,,,,,,,,,,,3.0,,,,,,,,COMPLETE
743,743,0.861904761904762,2025-01-01 08:01:06.908508,2025-01-01 08:01:09.651347,0 days 00:00:02.742839,1,90,,,,,,,,,,,,,,,,,,,,2,,,,,,,,,,,,,,,,,,,,COMPLETE
744,744,0.8221642764015646,2025-01-01 08:01:09.651856,2025-01-01 08:01:13.279459,0 days 00:00:03.627603,2,100,125.0,,,,,,,,,,,,,,,,,,,2,2.0,,,,,,,,,,,,,,,,,,,COMPLETE
745,745,0.8380355276907001,2025-01-01 08:01:13.279987,2025-01-01 08:01:17.876604,0 days 00:00:04.596617,3,70,100.0,,,,,,,,,,,135.0,,,,,,,,2,2.0,,,,,,,,,,,2.0,,,,,,,,COMPLETE
746,746,0.8225344782721832,2025-01-01 08:01:17.877336,2025-01-01 08:01:22.859748,0 days 00:00:04.982412,2,90,120.0,,,,,,,,,,,,,,,,,,,2,6.0,,,,,,,,,,,,,,,,,,,COMPLETE
747,747,0.7902680197762164,2025-01-01 08:01:22.860283,2025-01-01 08:01:26.518371,0 days 00:00:03.658088,2,105,150.0,,,,,,,,,,,,,,,,,,,2,2.0,,,,,,,,,,,,,,,,,,,COMPLETE
748,748,0.8708333333333333,2025-01-01 08:01:26.518906,2025-01-01 08:01:32.102202,0 days 00:00:05.583296,3,80,135.0,,,,,,,,,,,65.0,,,,,,,,2,3.0,,,,,,,,,,,3.0,,,,,,,,COMPLETE
749,749,0.8696969696969696,2025-01-01 08:01:32.102811,2025-01-01 08:01:34.786988,0 days 00:00:02.684177,1,85,,,,,,,,,,,,,,,,,,,,2,,,,,,,,,,,,,,,,,,,,COMPLETE
750,750,0.87042842215256,2025-01-01 08:01:34.787502,2025-01-01 08:01:38.439897,0 days 00:00:03.652395,2,95,145.0,,,,,,,,,,,,,,,,,,,2,2.0,,,,,,,,,,,,,,,,,,,COMPLETE
751,751,0.80625,2025-01-01 08:01:38.440426,2025-01-01 08:01:43.952468,0 days 00:00:05.512042,3,75,85.0,,,,,,,,,,,145.0,,,,,,,,2,5.0,,,,,,,,,,,2.0,,,,,,,,COMPLETE
752,752,0.8868318122555411,2025-01-01 08:01:43.953048,2025-01-01 08:01:47.606156,0 days 00:00:03.653108,2,85,120.0,,,,,,,,,,,,,,,,,,,2,2.0,,,,,,,,,,,,,,,,,,,COMPLETE
753,753,0.0,2025-01-01 08:01:47.606687,2025-01-01 08:01:49.997189,0 days 00:00:02.390502,4,100,130.0,,,,,,,,,,,165.0,200.0,,,,,,,2,2.0,,,,,,,,,,,4.0,4.0,,,,,,,COMPLETE
754,754,0.8696969696969696,2025-01-01 08:01:49.997766,2025-01-01 08:01:52.923661,0 days 00:00:02.925895,1,65,,,,,,,,,,,,,,,,,,,,2,,,,,,,,,,,,,,,,,,,,COMPLETE
755,755,0.8544980443285528,2025-01-01 08:01:52.924154,2025-01-01 08:01:57.482838,0 days 00:00:04.558684,3,90,60.0,,,,,,,,,,,130.0,,,,,,,,2,2.0,,,,,,,,,,,2.0,,,,,,,,COMPLETE
756,756,0.8452380952380952,2025-01-01 08:01:57.483401,2025-01-01 08:02:02.097432,0 days 00:00:04.614031,2,95,110.0,,,,,,,,,,,,,,,,,,,2,6.0,,,,,,,,,,,,,,,,,,,COMPLETE
757,757,0.8130296610169492,2025-01-01 08:02:02.097982,2025-01-01 08:02:06.561285,0 days 00:00:04.463303,3,175,135.0,,,,,,,,,,,90.0,,,,,,,,2,2.0,,,,,,,,,,,2.0,,,,,,,,COMPLETE
758,758,0.8868318122555411,2025-01-01 08:02:06.561846,2025-01-01 08:02:10.206124,0 days 00:00:03.644278,2,80,125.0,,,,,,,,,,,,,,,,,,,2,2.0,,,,,,,,,,,,,,,,,,,COMPLETE
759,759,0.8696969696969696,2025-01-01 08:02:10.206673,2025-01-01 08:02:13.367915,0 days 00:00:03.161242,1,105,,,,,,,,,,,,,,,,,,,,2,,,,,,,,,,,,,,,,,,,,COMPLETE
760,760,0.8709677419354839,2025-01-01 08:02:13.368419,2025-01-01 08:02:17.032207,0 days 00:00:03.663788,2,55,130.0,,,,,,,,,,,,,,,,,,,2,2.0,,,,,,,,,,,,,,,,,,,COMPLETE
761,761,0.0,2025-01-01 08:02:17.032927,2025-01-01 08:02:19.949607,0 days 00:00:02.916680,6,75,80.0,,,,,,,,,,,115.0,190.0,150.0,90.0,,,,,2,2.0,,,,,,,,,,,2.0,2.0,4.0,4.0,,,,,COMPLETE
762,762,0.0,2025-01-01 08:02:19.950214,2025-01-01 08:02:22.024452,0 days 00:00:02.074238,4,170,115.0,,,,,,,,,,,120.0,175.0,,,,,,,2,2.0,,,,,,,,,,,3.0,3.0,,,,,,,COMPLETE
763,763,0.8771883289124669,2025-01-01 08:02:22.025021,2025-01-01 08:02:26.617287,0 days 00:00:04.592266,3,90,95.0,,,,,,,,,,,85.0,,,,,,,,2,2.0,,,,,,,,,,,2.0,,,,,,,,COMPLETE
764,764,0.8225344782721832,2025-01-01 08:02:26.617853,2025-01-01 08:02:30.241710,0 days 00:00:03.623857,2,100,140.0,,,,,,,,,,,,,,,,,,,2,2.0,,,,,,,,,,,,,,,,,,,COMPLETE
765,765,0.0,2025-01-01 08:02:30.242233,2025-01-01 08:02:33.837873,0 days 00:00:03.595640,5,95,105.0,,,,,,,,,,,100.0,95.0,195.0,,,,,,2,6.0,,,,,,,,,,,2.0,5.0,6.0,,,,,,COMPLETE
766,766,0.829190904283448,2025-01-01 08:02:33.838494,2025-01-01 08:02:38.409190,0 days 00:00:04.570696,2,85,90.0,,,,,,,,,,,,,,,,,,,2,5.0,,,,,,,,,,,,,,,,,,,COMPLETE
767,767,0.0,2025-01-01 08:02:38.409735,2025-01-01 08:02:46.204930,0 days 00:00:07.795195,14,105,125.0,40.0,40.0,180.0,155.0,,,,,,,200.0,100.0,40.0,155.0,120.0,5.0,70.0,75.0,2,2.0,4.0,6.0,4.0,6.0,,,,,,,2.0,5.0,3.0,2.0,2.0,2.0,5.0,3.0,COMPLETE
768,768,0.8521505376344086,2025-01-01 08:02:46.205763,2025-01-01 08:02:48.993301,0 days 00:00:02.787538,1,50,,,,,,,,,,,,,,,,,,,,2,,,,,,,,,,,,,,,,,,,,COMPLETE
769,769,0.80625,2025-01-01 08:02:48.993812,2025-01-01 08:02:53.318208,0 days 00:00:04.324396,3,175,85.0,,,,,,,,,,,165.0,,,,,,,,2,2.0,,,,,,,,,,,3.0,,,,,,,,COMPLETE
770,770,0.8385416666666667,2025-01-01 08:02:53.318762,2025-01-01 08:02:56.958753,0 days 00:00:03.639991,2,60,135.0,,,,,,,,,,,,,,,,,,,2,2.0,,,,,,,,,,,,,,,,,,,COMPLETE
771,771,0.8696969696969696,2025-01-01 08:02:56.959272,2025-01-01 08:02:59.944691,0 days 00:00:02.985419,1,90,,,,,,,,,,,,,,,,,,,,2,,,,,,,,,,,,,,,,,,,,COMPLETE
772,772,0.8387096774193549,2025-01-01 08:02:59.945183,2025-01-01 08:03:04.519723,0 days 00:00:04.574540,3,85,130.0,,,,,,,,,,,95.0,,,,,,,,3,2.0,,,,,,,,,,,2.0,,,,,,,,COMPLETE
773,773,0.8544980443285528,2025-01-01 08:03:04.520278,2025-01-01 08:03:08.161789,0 days 00:00:03.641511,2,75,125.0,,,,,,,,,,,,,,,,,,,2,2.0,,,,,,,,,,,,,,,,,,,COMPLETE
774,774,0.8617133791644632,2025-01-01 08:03:08.162324,2025-01-01 08:03:11.550861,0 days 00:00:03.388537,2,70,140.0,,,,,,,,,,,,,,,,,,,2,3.0,,,,,,,,,,,,,,,,,,,COMPLETE
775,775,0.8600924499229583,2025-01-01 08:03:11.551385,2025-01-01 08:03:14.351983,0 days 00:00:02.800598,1,110,,,,,,,,,,,,,,,,,,,,2,,,,,,,,,,,,,,,,,,,,COMPLETE
776,776,0.8225344782721832,2025-01-01 08:03:14.352475,2025-01-01 08:03:19.323428,0 days 00:00:04.970953,2,100,70.0,,,,,,,,,,,,,,,,,,,2,6.0,,,,,,,,,,,,,,,,,,,COMPLETE
777,777,0.8544980443285528,2025-01-01 08:03:19.324163,2025-01-01 08:03:22.425347,0 days 00:00:03.101184,3,95,10.0,,,,,,,,,,,140.0,,,,,,,,2,2.0,,,,,,,,,,,2.0,,,,,,,,COMPLETE
778,778,0.7898305084745763,2025-01-01 08:03:22.425922,2025-01-01 08:03:28.066930,0 days 00:00:05.641008,3,65,120.0,,,,,,,,,,,155.0,,,,,,,,2,2.0,,,,,,,,,,,4.0,,,,,,,,COMPLETE
779,779,0.8293650793650793,2025-01-01 08:03:28.067497,2025-01-01 08:03:31.710845,0 days 00:00:03.643348,2,90,130.0,,,,,,,,,,,,,,,,,,,2,2.0,,,,,,,,,,,,,,,,,,,COMPLETE
780,780,0.8544980443285528,2025-01-01 08:03:31.711391,2025-01-01 08:03:35.335765,0 days 00:00:03.624374,2,80,45.0,,,,,,,,,,,,,,,,,,,2,2.0,,,,,,,,,,,,,,,,,,,COMPLETE
781,781,0.8125996810207337,2025-01-01 08:03:35.336306,2025-01-01 08:03:41.469541,0 days 00:00:06.133235,3,105,135.0,,,,,,,,,,,15.0,,,,,,,,2,6.0,,,,,,,,,,,3.0,,,,,,,,COMPLETE
782,782,0.8225344782721832,2025-01-01 08:03:41.470122,2025-01-01 08:03:44.975882,0 days 00:00:03.505760,2,170,80.0,,,,,,,,,,,,,,,,,,,2,2.0,,,,,,,,,,,,,,,,,,,COMPLETE
783,783,0.861904761904762,2025-01-01 08:03:44.976437,2025-01-01 08:03:47.920613,0 days 00:00:02.944176,1,95,,,,,,,,,,,,,,,,,,,,2,,,,,,,,,,,,,,,,,,,,COMPLETE
784,784,0.7574967405475881,2025-01-01 08:03:47.921115,2025-01-01 08:03:52.665326,0 days 00:00:04.744211,3,85,125.0,,,,,,,,,,,150.0,,,,,,,,2,2.0,,,,,,,,,,,2.0,,,,,,,,COMPLETE
785,785,0.7898305084745763,2025-01-01 08:03:52.665882,2025-01-01 08:03:57.576057,0 days 00:00:04.910175,2,165,115.0,,,,,,,,,,,,,,,,,,,2,5.0,,,,,,,,,,,,,,,,,,,COMPLETE
786,786,0.0,2025-01-01 08:03:57.576602,2025-01-01 08:03:59.900850,0 days 00:00:02.324248,4,175,75.0,,,,,,,,,,,125.0,70.0,,,,,,,2,2.0,,,,,,,,,,,2.0,6.0,,,,,,,COMPLETE
787,787,0.8371848739495797,2025-01-01 08:03:59.901412,2025-01-01 08:04:03.574566,0 days 00:00:03.673154,2,100,145.0,,,,,,,,,,,,,,,,,,,2,2.0,,,,,,,,,,,,,,,,,,,COMPLETE
788,788,0.85239651416122,2025-01-01 08:04:03.575107,2025-01-01 08:04:10.042465,0 days 00:00:06.467358,3,80,135.0,,,,,,,,,,,190.0,,,,,,,,2,6.0,,,,,,,,,,,3.0,,,,,,,,COMPLETE
789,789,0.8696969696969696,2025-01-01 08:04:10.043045,2025-01-01 08:04:12.580453,0 days 00:00:02.537408,1,90,,,,,,,,,,,,,,,,,,,,2,,,,,,,,,,,,,,,,,,,,COMPLETE
790,790,0.8708333333333333,2025-01-01 08:04:12.580952,2025-01-01 08:04:16.265159,0 days 00:00:03.684207,2,70,130.0,,,,,,,,,,,,,,,,,,,2,2.0,,,,,,,,,,,,,,,,,,,COMPLETE
791,791,0.8380355276907001,2025-01-01 08:04:16.265705,2025-01-01 08:04:19.915781,0 days 00:00:03.650076,2,95,130.0,,,,,,,,,,,,,,,,,,,2,2.0,,,,,,,,,,,,,,,,,,,COMPLETE
792,792,0.8868318122555411,2025-01-01 08:04:19.916511,2025-01-01 08:04:24.515806,0 days 00:00:04.599295,3,110,95.0,,,,,,,,,,,175.0,,,,,,,,2,2.0,,,,,,,,,,,2.0,,,,,,,,COMPLETE
793,793,0.8709677419354839,2025-01-01 08:04:24.516374,2025-01-01 08:04:29.328665,0 days 00:00:04.812291,3,75,100.0,,,,,,,,,,,180.0,,,,,,,,2,2.0,,,,,,,,,,,3.0,,,,,,,,COMPLETE
794,794,0.8665183537263625,2025-01-01 08:04:29.329225,2025-01-01 08:04:32.413340,0 days 00:00:03.084115,1,100,,,,,,,,,,,,,,,,,,,,2,,,,,,,,,,,,,,,,,,,,COMPLETE
795,795,0.7741935483870968,2025-01-01 08:04:32.413876,2025-01-01 08:04:35.849610,0 days 00:00:03.435734,2,85,90.0,,,,,,,,,,,,,,,,,,,2,2.0,,,,,,,,,,,,,,,,,,,COMPLETE
796,796,0.0,2025-01-01 08:04:35.850153,2025-01-01 08:04:37.692210,0 days 00:00:01.842057,4,115,85.0,,,,,,,,,,,160.0,160.0,,,,,,,2,2.0,,,,,,,,,,,2.0,3.0,,,,,,,COMPLETE
797,797,0.861904761904762,2025-01-01 08:04:37.692769,2025-01-01 08:04:40.693478,0 days 00:00:03.000709,1,95,,,,,,,,,,,,,,,,,,,,2,,,,,,,,,,,,,,,,,,,,COMPLETE
798,798,0.8130618720253834,2025-01-01 08:04:40.693996,2025-01-01 08:04:44.382505,0 days 00:00:03.688509,2,135,120.0,,,,,,,,,,,,,,,,,,,2,3.0,,,,,,,,,,,,,,,,,,,COMPLETE
799,799,0.7602627257799671,2025-01-01 08:04:44.383077,2025-01-01 08:04:49.375294,0 days 00:00:04.992217,2,180,80.0,,,,,,,,,,,,,,,,,,,2,6.0,,,,,,,,,,,,,,,,,,,COMPLETE
800,800,0.0,2025-01-01 08:04:49.375854,2025-01-01 08:04:51.097327,0 days 00:00:01.721473,4,170,65.0,,,,,,,,,,,115.0,125.0,,,,,,,2,2.0,,,,,,,,,,,2.0,2.0,,,,,,,COMPLETE
801,801,0.0,2025-01-01 08:04:51.097878,2025-01-01 08:04:57.007523,0 days 00:00:05.909645,10,90,125.0,,,,,,,,,,,195.0,150.0,125.0,30.0,105.0,110.0,5.0,60.0,2,2.0,,,,,,,,,,,2.0,4.0,4.0,6.0,4.0,4.0,6.0,4.0,COMPLETE
802,802,0.8548009367681498,2025-01-01 08:04:57.008266,2025-01-01 08:05:01.579558,0 days 00:00:04.571292,3,105,70.0,,,,,,,,,,,50.0,,,,,,,,2,2.0,,,,,,,,,,,2.0,,,,,,,,COMPLETE
803,803,0.87042842215256,2025-01-01 08:05:01.580112,2025-01-01 08:05:08.099114,0 days 00:00:06.519002,3,80,135.0,,,,,,,,,,,135.0,,,,,,,,2,5.0,,,,,,,,,,,4.0,,,,,,,,COMPLETE
804,804,0.7854647099930119,2025-01-01 08:05:08.099708,2025-01-01 08:05:11.320573,0 days 00:00:03.220865,1,65,,,,,,,,,,,,,,,,,,,,2,,,,,,,,,,,,,,,,,,,,COMPLETE
805,805,0.7574967405475881,2025-01-01 08:05:11.321089,2025-01-01 08:05:14.747221,0 days 00:00:03.426132,2,55,50.0,,,,,,,,,,,,,,,,,,,2,2.0,,,,,,,,,,,,,,,,,,,COMPLETE
806,806,0.7960805084745763,2025-01-01 08:05:14.747759,2025-01-01 08:05:22.592037,0 days 00:00:07.844278,3,115,180.0,,,,,,,,,,,80.0,,,,,,,,2,6.0,,,,,,,,,,,6.0,,,,,,,,COMPLETE
807,807,0.8225344782721832,2025-01-01 08:05:22.592846,2025-01-01 08:05:26.264662,0 days 00:00:03.671816,2,100,120.0,,,,,,,,,,,,,,,,,,,2,3.0,,,,,,,,,,,,,,,,,,,COMPLETE
808,808,0.8214192196910186,2025-01-01 08:05:26.265201,2025-01-01 08:05:29.960392,0 days 00:00:03.695191,2,165,140.0,,,,,,,,,,,,,,,,,,,2,2.0,,,,,,,,,,,,,,,,,,,COMPLETE
809,809,0.8385416666666667,2025-01-01 08:05:29.960941,2025-01-01 08:05:33.652200,0 days 00:00:03.691259,2,85,125.0,,,,,,,,,,,,,,,,,,,2,2.0,,,,,,,,,,,,,,,,,,,COMPLETE
810,810,0.8225344782721832,2025-01-01 08:05:33.652769,2025-01-01 08:05:37.079433,0 days 00:00:03.426664,2,60,75.0,,,,,,,,,,,,,,,,,,,2,2.0,,,,,,,,,,,,,,,,,,,COMPLETE
811,811,0.80625,2025-01-01 08:05:37.080000,2025-01-01 08:05:42.096214,0 days 00:00:05.016214,3,175,90.0,,,,,,,,,,,170.0,,,,,,,,2,2.0,,,,,,,,,,,3.0,,,,,,,,COMPLETE
812,812,0.8501567398119122,2025-01-01 08:05:42.096784,2025-01-01 08:05:45.126430,0 days 00:00:03.029646,1,90,,,,,,,,,,,,,,,,,,,,2,,,,,,,,,,,,,,,,,,,,COMPLETE
813,813,0.8709677419354839,2025-01-01 08:05:45.126994,2025-01-01 08:05:50.030995,0 days 00:00:04.904001,3,110,130.0,,,,,,,,,,,130.0,,,,,,,,2,2.0,,,,,,,,,,,2.0,,,,,,,,COMPLETE
814,814,0.8385416666666667,2025-01-01 08:05:50.031575,2025-01-01 08:05:53.678592,0 days 00:00:03.647017,2,95,30.0,,,,,,,,,,,,,,,,,,,2,2.0,,,,,,,,,,,,,,,,,,,COMPLETE
815,815,0.8548009367681498,2025-01-01 08:05:53.679123,2025-01-01 08:05:56.782450,0 days 00:00:03.103327,1,105,,,,,,,,,,,,,,,,,,,,2,,,,,,,,,,,,,,,,,,,,COMPLETE
816,816,0.8544980443285528,2025-01-01 08:05:56.782984,2025-01-01 08:06:01.295458,0 days 00:00:04.512474,2,75,85.0,,,,,,,,,,,,,,,,,,,2,5.0,,,,,,,,,,,,,,,,,,,COMPLETE
817,817,0.8452380952380952,2025-01-01 08:06:01.296026,2025-01-01 08:06:04.942704,0 days 00:00:03.646678,2,120,135.0,,,,,,,,,,,,,,,,,,,2,2.0,,,,,,,,,,,,,,,,,,,COMPLETE
818,818,0.8709677419354839,2025-01-01 08:06:04.943245,2025-01-01 08:06:10.881619,0 days 00:00:05.938374,3,85,115.0,,,,,,,,,,,75.0,,,,,,,,2,6.0,,,,,,,,,,,2.0,,,,,,,,COMPLETE
819,819,0.7720588235294117,2025-01-01 08:06:10.882193,2025-01-01 08:06:16.823676,0 days 00:00:05.941483,4,170,125.0,,,,,,,,,,,125.0,165.0,,,,,,,2,2.0,,,,,,,,,,,2.0,3.0,,,,,,,COMPLETE
820,820,0.8387096774193549,2025-01-01 08:06:16.824273,2025-01-01 08:06:21.676419,0 days 00:00:04.852146,3,100,75.0,,,,,,,,,,,190.0,,,,,,,,2,2.0,,,,,,,,,,,3.0,,,,,,,,COMPLETE
821,821,0.8064516129032258,2025-01-01 08:06:21.677204,2025-01-01 08:06:25.305147,0 days 00:00:03.627943,2,90,120.0,,,,,,,,,,,,,,,,,,,2,2.0,,,,,,,,,,,,,,,,,,,COMPLETE
822,822,0.8696969696969696,2025-01-01 08:06:25.305700,2025-01-01 08:06:28.198188,0 days 00:00:02.892488,1,95,,,,,,,,,,,,,,,,,,,,2,,,,,,,,,,,,,,,,,,,,COMPLETE
823,823,0.8708333333333333,2025-01-01 08:06:28.198715,2025-01-01 08:06:33.054245,0 days 00:00:04.855530,3,80,140.0,,,,,,,,,,,110.0,,,,,,,,2,2.0,,,,,,,,,,,2.0,,,,,,,,COMPLETE
824,824,0.8696969696969696,2025-01-01 08:06:33.054835,2025-01-01 08:06:35.791411,0 days 00:00:02.736576,1,120,,,,,,,,,,,,,,,,,,,,2,,,,,,,,,,,,,,,,,,,,COMPLETE
825,825,0.8385416666666667,2025-01-01 08:06:35.791948,2025-01-01 08:06:40.437379,0 days 00:00:04.645431,2,70,175.0,,,,,,,,,,,,,,,,,,,2,6.0,,,,,,,,,,,,,,,,,,,COMPLETE
826,826,0.9098143236074271,2025-01-01 08:06:40.437946,2025-01-01 08:06:44.109049,0 days 00:00:03.671103,2,135,130.0,,,,,,,,,,,,,,,,,,,2,2.0,,,,,,,,,,,,,,,,,,,COMPLETE
827,827,0.8385416666666667,2025-01-01 08:06:44.109630,2025-01-01 08:06:48.743636,0 days 00:00:04.634006,3,135,130.0,,,,,,,,,,,95.0,,,,,,,,2,2.0,,,,,,,,,,,2.0,,,,,,,,COMPLETE
828,828,0.8708333333333333,2025-01-01 08:06:48.744204,2025-01-01 08:06:52.216950,0 days 00:00:03.472746,2,140,125.0,,,,,,,,,,,,,,,,,,,2,2.0,,,,,,,,,,,,,,,,,,,COMPLETE
829,829,0.0,2025-01-01 08:06:52.217502,2025-01-01 08:06:54.662186,0 days 00:00:02.444684,5,140,130.0,,,,,,,,,,,145.0,185.0,165.0,,,,,,2,2.0,,,,,,,,,,,3.0,4.0,2.0,,,,,,COMPLETE
830,830,0.8064516129032258,2025-01-01 08:06:54.662797,2025-01-01 08:06:58.111031,0 days 00:00:03.448234,2,140,120.0,,,,,,,,,,,,,,,,,,,2,2.0,,,,,,,,,,,,,,,,,,,COMPLETE
831,831,0.8380355276907001,2025-01-01 08:06:58.111578,2025-01-01 08:07:02.725635,0 days 00:00:04.614057,3,130,155.0,,,,,,,,,,,70.0,,,,,,,,2,2.0,,,,,,,,,,,2.0,,,,,,,,COMPLETE
832,832,0.8385416666666667,2025-01-01 08:07:02.726203,2025-01-01 08:07:10.454639,0 days 00:00:07.728436,4,130,110.0,,,,,,,,,,,25.0,80.0,,,,,,,2,2.0,,,,,,,,,,,2.0,6.0,,,,,,,COMPLETE
833,833,0.8708333333333333,2025-01-01 08:07:10.455249,2025-01-01 08:07:15.443383,0 days 00:00:04.988134,2,125,125.0,,,,,,,,,,,,,,,,,,,2,6.0,,,,,,,,,,,,,,,,,,,COMPLETE
834,834,0.861904761904762,2025-01-01 08:07:15.443949,2025-01-01 08:07:18.547421,0 days 00:00:03.103472,1,130,,,,,,,,,,,,,,,,,,,,2,,,,,,,,,,,,,,,,,,,,COMPLETE
835,835,0.7530364372469636,2025-01-01 08:07:18.547959,2025-01-01 08:07:22.612302,0 days 00:00:04.064343,2,135,95.0,,,,,,,,,,,,,,,,,,,3,2.0,,,,,,,,,,,,,,,,,,,COMPLETE
836,836,0.8499583217560434,2025-01-01 08:07:22.613060,2025-01-01 08:07:25.714050,0 days 00:00:03.100990,1,140,,,,,,,,,,,,,,,,,,,,2,,,,,,,,,,,,,,,,,,,,COMPLETE
837,837,0.8385416666666667,2025-01-01 08:07:25.714574,2025-01-01 08:07:31.888056,0 days 00:00:06.173482,3,125,80.0,,,,,,,,,,,175.0,,,,,,,,2,5.0,,,,,,,,,,,4.0,,,,,,,,COMPLETE
838,838,0.8221642764015646,2025-01-01 08:07:31.888660,2025-01-01 08:07:35.332853,0 days 00:00:03.444193,2,135,130.0,,,,,,,,,,,,,,,,,,,2,2.0,,,,,,,,,,,,,,,,,,,COMPLETE
839,839,0.8771883289124669,2025-01-01 08:07:35.333418,2025-01-01 08:07:39.930490,0 days 00:00:04.597072,3,135,115.0,,,,,,,,,,,120.0,,,,,,,,2,2.0,,,,,,,,,,,2.0,,,,,,,,COMPLETE
840,840,0.8387096774193549,2025-01-01 08:07:39.931063,2025-01-01 08:07:43.577468,0 days 00:00:03.646405,2,75,90.0,,,,,,,,,,,,,,,,,,,2,3.0,,,,,,,,,,,,,,,,,,,COMPLETE
841,841,0.8221642764015646,2025-01-01 08:07:43.578045,2025-01-01 08:07:48.936129,0 days 00:00:05.358084,2,180,105.0,,,,,,,,,,,,,,,,,,,2,6.0,,,,,,,,,,,,,,,,,,,COMPLETE
842,842,0.80625,2025-01-01 08:07:48.936720,2025-01-01 08:07:53.962270,0 days 00:00:05.025550,3,135,130.0,,,,,,,,,,,185.0,,,,,,,,2,2.0,,,,,,,,,,,3.0,,,,,,,,COMPLETE
843,843,0.8709677419354839,2025-01-01 08:07:53.962850,2025-01-01 08:07:58.295387,0 days 00:00:04.332537,3,130,120.0,,,,,,,,,,,105.0,,,,,,,,2,2.0,,,,,,,,,,,2.0,,,,,,,,COMPLETE
844,844,0.861904761904762,2025-01-01 08:07:58.295958,2025-01-01 08:08:01.281407,0 days 00:00:02.985449,1,145,,,,,,,,,,,,,,,,,,,,2,,,,,,,,,,,,,,,,,,,,COMPLETE
845,845,0.8380355276907001,2025-01-01 08:08:01.281945,2025-01-01 08:08:08.104017,0 days 00:00:06.822072,4,175,125.0,,,,,,,,,,,155.0,140.0,,,,,,,2,2.0,,,,,,,,,,,2.0,5.0,,,,,,,COMPLETE
846,846,0.7902680197762164,2025-01-01 08:08:08.104645,2025-01-01 08:08:11.537955,0 days 00:00:03.433310,2,65,70.0,,,,,,,,,,,,,,,,,,,2,2.0,,,,,,,,,,,,,,,,,,,COMPLETE
