,number,value,datetime_start,datetime_complete,duration,params_depth,params_neurons_layer_0,params_neurons_layer_1,params_neurons_layer_10,params_neurons_layer_11,params_neurons_layer_12,params_neurons_layer_13,params_neurons_layer_14,params_neurons_layer_15,params_neurons_layer_16,params_neurons_layer_17,params_neurons_layer_18,params_neurons_layer_19,params_neurons_layer_2,params_neurons_layer_3,params_neurons_layer_4,params_neurons_layer_5,params_neurons_layer_6,params_neurons_layer_7,params_neurons_layer_8,params_neurons_layer_9,params_orders_layer_0,params_orders_layer_1,params_orders_layer_10,params_orders_layer_11,params_orders_layer_12,params_orders_layer_13,params_orders_layer_14,params_orders_layer_15,params_orders_layer_16,params_orders_layer_17,params_orders_layer_18,params_orders_layer_19,params_orders_layer_2,params_orders_layer_3,params_orders_layer_4,params_orders_layer_5,params_orders_layer_6,params_orders_layer_7,params_orders_layer_8,params_orders_layer_9,state
610,610,0.4285714285714286,2025-01-01 11:56:46.595273,2025-01-01 11:56:50.335892,0 days 00:00:03.740619,1,100,,,,,,,,,,,,,,,,,,,,6,,,,,,,,,,,,,,,,,,,,COMPLETE
611,611,0.0,2025-01-01 11:56:50.336368,2025-01-01 11:56:52.591836,0 days 00:00:02.255468,3,190,135.0,,,,,,,,,,,180.0,,,,,,,,6,3.0,,,,,,,,,,,4.0,,,,,,,,COMPLETE
612,612,0.49257884972170685,2025-01-01 11:56:52.592349,2025-01-01 11:56:56.113758,0 days 00:00:03.521409,2,50,30.0,,,,,,,,,,,,,,,,,,,6,3.0,,,,,,,,,,,,,,,,,,,COMPLETE
613,613,0.0,2025-01-01 11:56:56.114262,2025-01-01 11:56:59.097998,0 days 00:00:02.983736,4,45,195.0,,,,,,,,,,,195.0,135.0,,,,,,,6,3.0,,,,,,,,,,,5.0,6.0,,,,,,,COMPLETE
614,614,0.6624649859943978,2025-01-01 11:56:59.098554,2025-01-01 11:57:02.942853,0 days 00:00:03.844299,2,55,130.0,,,,,,,,,,,,,,,,,,,6,3.0,,,,,,,,,,,,,,,,,,,COMPLETE
615,615,0.5864621893178212,2025-01-01 11:57:02.943420,2025-01-01 11:57:08.222052,0 days 00:00:05.278632,3,80,20.0,,,,,,,,,,,190.0,,,,,,,,6,3.0,,,,,,,,,,,4.0,,,,,,,,COMPLETE
616,616,0.6333333333333333,2025-01-01 11:57:08.222588,2025-01-01 11:57:12.718987,0 days 00:00:04.496399,1,70,,,,,,,,,,,,,,,,,,,,6,,,,,,,,,,,,,,,,,,,,COMPLETE
617,617,0.6236111111111111,2025-01-01 11:57:12.719479,2025-01-01 11:57:17.015086,0 days 00:00:04.295607,2,160,120.0,,,,,,,,,,,,,,,,,,,6,3.0,,,,,,,,,,,,,,,,,,,COMPLETE
618,618,0.5531914893617021,2025-01-01 11:57:17.015610,2025-01-01 11:57:23.175457,0 days 00:00:06.159847,3,85,150.0,,,,,,,,,,,25.0,,,,,,,,5,3.0,,,,,,,,,,,5.0,,,,,,,,COMPLETE
619,619,0.0,2025-01-01 11:57:23.176151,2025-01-01 11:57:35.209977,0 days 00:00:12.033826,20,190,145.0,20.0,160.0,25.0,135.0,110.0,65.0,155.0,150.0,95.0,195.0,135.0,145.0,155.0,115.0,135.0,110.0,40.0,185.0,4,3.0,3.0,3.0,4.0,4.0,3.0,6.0,5.0,5.0,4.0,2.0,3.0,5.0,4.0,6.0,5.0,5.0,5.0,4.0,COMPLETE
620,620,0.5265567765567765,2025-01-01 11:57:35.210950,2025-01-01 11:57:39.440031,0 days 00:00:04.229081,2,20,185.0,,,,,,,,,,,,,,,,,,,6,3.0,,,,,,,,,,,,,,,,,,,COMPLETE
621,621,0.41666666666666663,2025-01-01 11:57:39.440556,2025-01-01 11:57:43.361763,0 days 00:00:03.921207,1,180,,,,,,,,,,,,,,,,,,,,6,,,,,,,,,,,,,,,,,,,,COMPLETE
622,622,0.6413255360623782,2025-01-01 11:57:43.362275,2025-01-01 11:57:48.736102,0 days 00:00:05.373827,3,15,35.0,,,,,,,,,,,170.0,,,,,,,,6,3.0,,,,,,,,,,,6.0,,,,,,,,COMPLETE
623,623,0.6349924585218703,2025-01-01 11:57:48.736639,2025-01-01 11:57:51.875284,0 days 00:00:03.138645,2,90,155.0,,,,,,,,,,,,,,,,,,,6,3.0,,,,,,,,,,,,,,,,,,,COMPLETE
624,624,0.5950113378684807,2025-01-01 11:57:51.875790,2025-01-01 11:57:55.725451,0 days 00:00:03.849661,2,65,15.0,,,,,,,,,,,,,,,,,,,6,3.0,,,,,,,,,,,,,,,,,,,COMPLETE
625,625,0.6808510638297872,2025-01-01 11:57:55.725979,2025-01-01 11:58:01.305196,0 days 00:00:05.579217,3,40,125.0,,,,,,,,,,,160.0,,,,,,,,6,3.0,,,,,,,,,,,5.0,,,,,,,,COMPLETE
626,626,0.4939271255060729,2025-01-01 11:58:01.305742,2025-01-01 11:58:05.341061,0 days 00:00:04.035319,1,195,,,,,,,,,,,,,,,,,,,,6,,,,,,,,,,,,,,,,,,,,COMPLETE
627,627,0.6655813953488372,2025-01-01 11:58:05.341554,2025-01-01 11:58:09.191710,0 days 00:00:03.850156,2,80,30.0,,,,,,,,,,,,,,,,,,,6,3.0,,,,,,,,,,,,,,,,,,,COMPLETE
628,628,0.49444444444444446,2025-01-01 11:58:09.192205,2025-01-01 11:58:12.936247,0 days 00:00:03.744042,2,180,145.0,,,,,,,,,,,,,,,,,,,6,3.0,,,,,,,,,,,,,,,,,,,COMPLETE
629,629,0.5322128851540616,2025-01-01 11:58:12.936770,2025-01-01 11:58:18.403879,0 days 00:00:05.467109,3,115,20.0,,,,,,,,,,,150.0,,,,,,,,6,3.0,,,,,,,,,,,4.0,,,,,,,,COMPLETE
630,630,0.0,2025-01-01 11:58:18.404468,2025-01-01 11:58:23.141722,0 days 00:00:04.737254,10,185,155.0,,,,,,,,,,,145.0,105.0,185.0,25.0,145.0,95.0,85.0,195.0,6,3.0,,,,,,,,,,,5.0,2.0,6.0,2.0,3.0,3.0,3.0,6.0,COMPLETE
631,631,0.0,2025-01-01 11:58:23.142465,2025-01-01 11:58:26.734339,0 days 00:00:03.591874,7,75,10.0,,,,,,,,,,,120.0,75.0,70.0,80.0,115.0,,,,6,3.0,,,,,,,,,,,3.0,3.0,3.0,4.0,4.0,,,,COMPLETE
632,632,0.0,2025-01-01 11:58:26.734982,2025-01-01 11:58:29.523989,0 days 00:00:02.789007,4,190,190.0,,,,,,,,,,,130.0,5.0,,,,,,,6,3.0,,,,,,,,,,,5.0,4.0,,,,,,,COMPLETE
633,633,0.6223776223776224,2025-01-01 11:58:29.524690,2025-01-01 11:58:32.242018,0 days 00:00:02.717328,1,95,,,,,,,,,,,,,,,,,,,,5,,,,,,,,,,,,,,,,,,,,COMPLETE
634,634,0.0,2025-01-01 11:58:32.242517,2025-01-01 11:58:34.301284,0 days 00:00:02.058767,3,170,135.0,,,,,,,,,,,185.0,,,,,,,,3,3.0,,,,,,,,,,,4.0,,,,,,,,COMPLETE
635,635,0.637641723356009,2025-01-01 11:58:34.301829,2025-01-01 11:58:38.427723,0 days 00:00:04.125894,2,85,145.0,,,,,,,,,,,,,,,,,,,6,3.0,,,,,,,,,,,,,,,,,,,COMPLETE
636,636,0.5756302521008403,2025-01-01 11:58:38.428236,2025-01-01 11:58:42.136795,0 days 00:00:03.708559,2,45,150.0,,,,,,,,,,,,,,,,,,,6,3.0,,,,,,,,,,,,,,,,,,,COMPLETE
637,637,0.42142857142857143,2025-01-01 11:58:42.137304,2025-01-01 11:58:46.577369,0 days 00:00:04.440065,1,195,,,,,,,,,,,,,,,,,,,,6,,,,,,,,,,,,,,,,,,,,COMPLETE
638,638,0.53,2025-01-01 11:58:46.577887,2025-01-01 11:58:51.411369,0 days 00:00:04.833482,2,200,25.0,,,,,,,,,,,,,,,,,,,6,4.0,,,,,,,,,,,,,,,,,,,COMPLETE
639,639,0.6168478260869565,2025-01-01 11:58:51.411912,2025-01-01 11:58:56.440004,0 days 00:00:05.028092,3,60,140.0,,,,,,,,,,,90.0,,,,,,,,6,3.0,,,,,,,,,,,5.0,,,,,,,,COMPLETE
640,640,0.0,2025-01-01 11:58:56.440551,2025-01-01 11:58:59.493320,0 days 00:00:03.052769,4,30,150.0,,,,,,,,,,,140.0,35.0,,,,,,,6,3.0,,,,,,,,,,,6.0,5.0,,,,,,,COMPLETE
641,641,0.0,2025-01-01 11:58:59.493894,2025-01-01 11:59:01.996132,0 days 00:00:02.502238,3,80,185.0,,,,,,,,,,,115.0,,,,,,,,6,3.0,,,,,,,,,,,3.0,,,,,,,,COMPLETE
642,642,0.49324324324324326,2025-01-01 11:59:01.996665,2025-01-01 11:59:06.376553,0 days 00:00:04.379888,1,55,,,,,,,,,,,,,,,,,,,,6,,,,,,,,,,,,,,,,,,,,COMPLETE
643,643,0.6287878787878788,2025-01-01 11:59:06.377041,2025-01-01 11:59:09.268299,0 days 00:00:02.891258,2,185,115.0,,,,,,,,,,,,,,,,,,,6,3.0,,,,,,,,,,,,,,,,,,,COMPLETE
644,644,0.5764102564102564,2025-01-01 11:59:09.268822,2025-01-01 11:59:13.935516,0 days 00:00:04.666694,1,175,,,,,,,,,,,,,,,,,,,,6,,,,,,,,,,,,,,,,,,,,COMPLETE
645,645,0.6666666666666666,2025-01-01 11:59:13.936013,2025-01-01 11:59:16.858389,0 days 00:00:02.922376,2,70,5.0,,,,,,,,,,,,,,,,,,,6,3.0,,,,,,,,,,,,,,,,,,,COMPLETE
646,646,0.5701357466063348,2025-01-01 11:59:16.858917,2025-01-01 11:59:22.001811,0 days 00:00:05.142894,3,150,20.0,,,,,,,,,,,165.0,,,,,,,,6,4.0,,,,,,,,,,,4.0,,,,,,,,COMPLETE
647,647,0.6154545454545455,2025-01-01 11:59:22.002350,2025-01-01 11:59:26.161000,0 days 00:00:04.158650,1,25,,,,,,,,,,,,,,,,,,,,6,,,,,,,,,,,,,,,,,,,,COMPLETE
648,648,0.6802721088435374,2025-01-01 11:59:26.161550,2025-01-01 11:59:32.225286,0 days 00:00:06.063736,3,110,140.0,,,,,,,,,,,145.0,,,,,,,,6,3.0,,,,,,,,,,,5.0,,,,,,,,COMPLETE
649,649,0.6257142857142857,2025-01-01 11:59:32.225844,2025-01-01 11:59:35.563644,0 days 00:00:03.337800,2,90,155.0,,,,,,,,,,,,,,,,,,,6,3.0,,,,,,,,,,,,,,,,,,,COMPLETE
650,650,0.6651205936920223,2025-01-01 11:59:35.564157,2025-01-01 11:59:38.872666,0 days 00:00:03.308509,2,75,90.0,,,,,,,,,,,,,,,,,,,6,3.0,,,,,,,,,,,,,,,,,,,COMPLETE
651,651,0.0,2025-01-01 11:59:38.873171,2025-01-01 11:59:41.704645,0 days 00:00:02.831474,4,120,10.0,,,,,,,,,,,200.0,100.0,,,,,,,5,3.0,,,,,,,,,,,4.0,6.0,,,,,,,COMPLETE
652,652,0.5695970695970696,2025-01-01 11:59:41.705351,2025-01-01 11:59:45.610327,0 days 00:00:03.904976,2,195,190.0,,,,,,,,,,,,,,,,,,,6,3.0,,,,,,,,,,,,,,,,,,,COMPLETE
653,653,0.0,2025-01-01 11:59:45.610864,2025-01-01 11:59:48.435153,0 days 00:00:02.824289,5,105,135.0,,,,,,,,,,,125.0,15.0,15.0,,,,,,6,3.0,,,,,,,,,,,5.0,2.0,2.0,,,,,,COMPLETE
654,654,0.5727272727272728,2025-01-01 11:59:48.435736,2025-01-01 11:59:52.407915,0 days 00:00:03.972179,3,20,15.0,,,,,,,,,,,155.0,,,,,,,,6,3.0,,,,,,,,,,,3.0,,,,,,,,COMPLETE
655,655,0.5452991452991452,2025-01-01 11:59:52.408448,2025-01-01 11:59:56.514642,0 days 00:00:04.106194,1,190,,,,,,,,,,,,,,,,,,,,6,,,,,,,,,,,,,,,,,,,,COMPLETE
656,656,0.6624649859943978,2025-01-01 11:59:56.515142,2025-01-01 12:00:00.710027,0 days 00:00:04.194885,2,200,25.0,,,,,,,,,,,,,,,,,,,4,3.0,,,,,,,,,,,,,,,,,,,COMPLETE
657,657,0.6581818181818182,2025-01-01 12:00:00.710569,2025-01-01 12:00:08.290228,0 days 00:00:07.579659,3,85,180.0,,,,,,,,,,,190.0,,,,,,,,3,3.0,,,,,,,,,,,6.0,,,,,,,,COMPLETE
658,658,0.6423255813953488,2025-01-01 12:00:08.290785,2025-01-01 12:00:12.647202,0 days 00:00:04.356417,2,15,130.0,,,,,,,,,,,,,,,,,,,6,3.0,,,,,,,,,,,,,,,,,,,COMPLETE
659,659,0.559204440333025,2025-01-01 12:00:12.647733,2025-01-01 12:00:17.748155,0 days 00:00:05.100422,3,35,30.0,,,,,,,,,,,175.0,,,,,,,,4,3.0,,,,,,,,,,,4.0,,,,,,,,COMPLETE
660,660,0.48008534850640117,2025-01-01 12:00:17.748696,2025-01-01 12:00:22.662878,0 days 00:00:04.914182,1,95,,,,,,,,,,,,,,,,,,,,6,,,,,,,,,,,,,,,,,,,,COMPLETE
661,661,0.6556776556776557,2025-01-01 12:00:22.663384,2025-01-01 12:00:28.172601,0 days 00:00:05.509217,3,190,120.0,,,,,,,,,,,60.0,,,,,,,,6,3.0,,,,,,,,,,,3.0,,,,,,,,COMPLETE
662,662,0.5957446808510638,2025-01-01 12:00:28.173149,2025-01-01 12:00:31.591924,0 days 00:00:03.418775,2,195,160.0,,,,,,,,,,,,,,,,,,,6,3.0,,,,,,,,,,,,,,,,,,,COMPLETE
663,663,0.64642166344294,2025-01-01 12:00:31.592449,2025-01-01 12:00:36.546859,0 days 00:00:04.954410,1,200,,,,,,,,,,,,,,,,,,,,6,,,,,,,,,,,,,,,,,,,,COMPLETE
664,664,0.5619047619047619,2025-01-01 12:00:36.547413,2025-01-01 12:00:40.389226,0 days 00:00:03.841813,2,70,150.0,,,,,,,,,,,,,,,,,,,6,3.0,,,,,,,,,,,,,,,,,,,COMPLETE
665,665,0.0,2025-01-01 12:00:40.389755,2025-01-01 12:00:43.011582,0 days 00:00:02.621827,4,75,175.0,,,,,,,,,,,185.0,45.0,,,,,,,6,3.0,,,,,,,,,,,5.0,3.0,,,,,,,COMPLETE
666,666,0.7097222222222223,2025-01-01 12:00:43.012193,2025-01-01 12:00:47.008739,0 days 00:00:03.996546,3,85,140.0,,,,,,,,,,,110.0,,,,,,,,6,3.0,,,,,,,,,,,4.0,,,,,,,,COMPLETE
667,667,0.0,2025-01-01 12:00:47.009298,2025-01-01 12:00:49.635984,0 days 00:00:02.626686,4,95,140.0,,,,,,,,,,,110.0,70.0,,,,,,,6,3.0,,,,,,,,,,,4.0,4.0,,,,,,,COMPLETE
668,668,0.0,2025-01-01 12:00:49.636696,2025-01-01 12:00:53.717282,0 days 00:00:04.080586,6,90,145.0,,,,,,,,,,,100.0,195.0,30.0,65.0,,,,,6,3.0,,,,,,,,,,,3.0,6.0,3.0,6.0,,,,,COMPLETE
669,669,0.7305555555555556,2025-01-01 12:00:53.717906,2025-01-01 12:00:59.641949,0 days 00:00:05.924043,3,85,135.0,,,,,,,,,,,105.0,,,,,,,,6,6.0,,,,,,,,,,,4.0,,,,,,,,COMPLETE
670,670,0.6168478260869565,2025-01-01 12:00:59.642505,2025-01-01 12:01:09.228175,0 days 00:00:09.585670,4,85,135.0,,,,,,,,,,,90.0,55.0,,,,,,,4,6.0,,,,,,,,,,,4.0,5.0,,,,,,,COMPLETE
671,671,0.6236111111111111,2025-01-01 12:01:09.228775,2025-01-01 12:01:14.931243,0 days 00:00:05.702468,3,90,130.0,,,,,,,,,,,100.0,,,,,,,,6,5.0,,,,,,,,,,,4.0,,,,,,,,COMPLETE
672,672,0.0,2025-01-01 12:01:14.931810,2025-01-01 12:01:17.149942,0 days 00:00:02.218132,4,100,140.0,,,,,,,,,,,85.0,180.0,,,,,,,4,3.0,,,,,,,,,,,4.0,2.0,,,,,,,COMPLETE
673,673,0.6168478260869565,2025-01-01 12:01:17.150487,2025-01-01 12:01:22.649876,0 days 00:00:05.499389,3,90,135.0,,,,,,,,,,,105.0,,,,,,,,6,5.0,,,,,,,,,,,4.0,,,,,,,,COMPLETE
674,674,0.5890473999079613,2025-01-01 12:01:22.650432,2025-01-01 12:01:29.451967,0 days 00:00:06.801535,3,85,130.0,,,,,,,,,,,105.0,,,,,,,,4,5.0,,,,,,,,,,,4.0,,,,,,,,COMPLETE
675,675,0.6356589147286822,2025-01-01 12:01:29.452547,2025-01-01 12:01:35.301613,0 days 00:00:05.849066,3,80,145.0,,,,,,,,,,,115.0,,,,,,,,4,5.0,,,,,,,,,,,4.0,,,,,,,,COMPLETE
676,676,0.6713286713286714,2025-01-01 12:01:35.302169,2025-01-01 12:01:40.681216,0 days 00:00:05.379047,3,85,140.0,,,,,,,,,,,95.0,,,,,,,,4,3.0,,,,,,,,,,,4.0,,,,,,,,COMPLETE
677,677,0.0,2025-01-01 12:01:40.681773,2025-01-01 12:01:43.611135,0 days 00:00:02.929362,4,85,135.0,,,,,,,,,,,110.0,155.0,,,,,,,4,6.0,,,,,,,,,,,4.0,4.0,,,,,,,COMPLETE
678,678,0.6581818181818182,2025-01-01 12:01:43.611726,2025-01-01 12:01:48.781348,0 days 00:00:05.169622,3,95,125.0,,,,,,,,,,,115.0,,,,,,,,4,6.0,,,,,,,,,,,4.0,,,,,,,,COMPLETE
679,679,0.637641723356009,2025-01-01 12:01:48.781901,2025-01-01 12:01:55.079110,0 days 00:00:06.297209,3,80,145.0,,,,,,,,,,,85.0,,,,,,,,4,3.0,,,,,,,,,,,5.0,,,,,,,,COMPLETE
680,680,0.6356589147286822,2025-01-01 12:01:55.079688,2025-01-01 12:02:02.233640,0 days 00:00:07.153952,3,85,135.0,,,,,,,,,,,95.0,,,,,,,,6,6.0,,,,,,,,,,,5.0,,,,,,,,COMPLETE
681,681,0.0,2025-01-01 12:02:02.234196,2025-01-01 12:02:05.986127,0 days 00:00:03.751931,5,95,140.0,,,,,,,,,,,125.0,165.0,195.0,,,,,,6,4.0,,,,,,,,,,,4.0,5.0,6.0,,,,,,COMPLETE
682,682,0.5742753623188406,2025-01-01 12:02:05.986889,2025-01-01 12:02:11.895241,0 days 00:00:05.908352,3,50,150.0,,,,,,,,,,,120.0,,,,,,,,6,3.0,,,,,,,,,,,5.0,,,,,,,,COMPLETE
683,683,0.0,2025-01-01 12:02:11.895804,2025-01-01 12:02:14.216890,0 days 00:00:02.321086,4,25,140.0,,,,,,,,,,,110.0,15.0,,,,,,,6,3.0,,,,,,,,,,,3.0,3.0,,,,,,,COMPLETE
684,684,0.5950113378684807,2025-01-01 12:02:14.217434,2025-01-01 12:02:19.640217,0 days 00:00:05.422783,3,80,130.0,,,,,,,,,,,135.0,,,,,,,,6,3.0,,,,,,,,,,,5.0,,,,,,,,COMPLETE
685,685,0.5584415584415584,2025-01-01 12:02:19.640773,2025-01-01 12:02:25.401926,0 days 00:00:05.761153,3,90,155.0,,,,,,,,,,,100.0,,,,,,,,6,6.0,,,,,,,,,,,4.0,,,,,,,,COMPLETE
686,686,0.0,2025-01-01 12:02:25.402493,2025-01-01 12:02:27.874405,0 days 00:00:02.471912,4,90,145.0,,,,,,,,,,,125.0,110.0,,,,,,,6,3.0,,,,,,,,,,,5.0,2.0,,,,,,,COMPLETE
687,687,0.5727272727272728,2025-01-01 12:02:27.874958,2025-01-01 12:02:32.754053,0 days 00:00:04.879095,3,10,130.0,,,,,,,,,,,130.0,,,,,,,,6,3.0,,,,,,,,,,,4.0,,,,,,,,COMPLETE
688,688,0.6126373626373627,2025-01-01 12:02:32.754627,2025-01-01 12:02:37.029595,0 days 00:00:04.274968,3,60,140.0,,,,,,,,,,,105.0,,,,,,,,6,4.0,,,,,,,,,,,3.0,,,,,,,,COMPLETE
689,689,0.6428571428571428,2025-01-01 12:02:37.030134,2025-01-01 12:02:41.041969,0 days 00:00:04.011835,3,170,145.0,,,,,,,,,,,120.0,,,,,,,,6,3.0,,,,,,,,,,,3.0,,,,,,,,COMPLETE
690,690,0.6396226415094339,2025-01-01 12:02:41.042505,2025-01-01 12:02:45.149679,0 days 00:00:04.107174,2,20,125.0,,,,,,,,,,,,,,,,,,,6,3.0,,,,,,,,,,,,,,,,,,,COMPLETE
691,691,0.0,2025-01-01 12:02:45.150217,2025-01-01 12:02:48.325718,0 days 00:00:03.175501,4,35,70.0,,,,,,,,,,,110.0,125.0,,,,,,,6,3.0,,,,,,,,,,,5.0,6.0,,,,,,,COMPLETE
692,692,0.6742424242424242,2025-01-01 12:02:48.326275,2025-01-01 12:02:52.516721,0 days 00:00:04.190446,3,145,105.0,,,,,,,,,,,80.0,,,,,,,,4,3.0,,,,,,,,,,,3.0,,,,,,,,COMPLETE
693,693,0.5152777777777777,2025-01-01 12:02:52.517262,2025-01-01 12:02:55.947353,0 days 00:00:03.430091,2,80,100.0,,,,,,,,,,,,,,,,,,,6,3.0,,,,,,,,,,,,,,,,,,,COMPLETE
694,694,0.6882516188714154,2025-01-01 12:02:55.947876,2025-01-01 12:02:59.258904,0 days 00:00:03.311028,2,65,20.0,,,,,,,,,,,,,,,,,,,6,3.0,,,,,,,,,,,,,,,,,,,COMPLETE
695,695,0.6022201665124884,2025-01-01 12:02:59.259420,2025-01-01 12:03:04.907949,0 days 00:00:05.648529,3,65,20.0,,,,,,,,,,,115.0,,,,,,,,6,3.0,,,,,,,,,,,5.0,,,,,,,,COMPLETE
696,696,0.5070679434564523,2025-01-01 12:03:04.908513,2025-01-01 12:03:08.488331,0 days 00:00:03.579818,2,60,15.0,,,,,,,,,,,,,,,,,,,6,3.0,,,,,,,,,,,,,,,,,,,COMPLETE
697,697,0.5558139534883721,2025-01-01 12:03:08.488859,2025-01-01 12:03:12.207050,0 days 00:00:03.718191,2,65,25.0,,,,,,,,,,,,,,,,,,,6,3.0,,,,,,,,,,,,,,,,,,,COMPLETE
698,698,0.6154545454545455,2025-01-01 12:03:12.207589,2025-01-01 12:03:16.566743,0 days 00:00:04.359154,3,60,20.0,,,,,,,,,,,135.0,,,,,,,,6,3.0,,,,,,,,,,,4.0,,,,,,,,COMPLETE
699,699,0.0,2025-01-01 12:03:16.567287,2025-01-01 12:03:19.196420,0 days 00:00:02.629133,4,65,30.0,,,,,,,,,,,150.0,90.0,,,,,,,6,3.0,,,,,,,,,,,5.0,3.0,,,,,,,COMPLETE
700,700,0.5523809523809524,2025-01-01 12:03:19.196986,2025-01-01 12:03:23.076621,0 days 00:00:03.879635,3,55,15.0,,,,,,,,,,,120.0,,,,,,,,6,3.0,,,,,,,,,,,3.0,,,,,,,,COMPLETE
701,701,0.5957446808510638,2025-01-01 12:03:23.077163,2025-01-01 12:03:27.632079,0 days 00:00:04.554916,2,155,10.0,,,,,,,,,,,,,,,,,,,6,3.0,,,,,,,,,,,,,,,,,,,COMPLETE
702,702,0.48879551820728295,2025-01-01 12:03:27.632752,2025-01-01 12:03:31.920921,0 days 00:00:04.288169,3,55,25.0,,,,,,,,,,,200.0,,,,,,,,6,3.0,,,,,,,,,,,4.0,,,,,,,,COMPLETE
703,703,0.5323639774859287,2025-01-01 12:03:31.921473,2025-01-01 12:03:35.261090,0 days 00:00:03.339617,2,65,20.0,,,,,,,,,,,,,,,,,,,6,3.0,,,,,,,,,,,,,,,,,,,COMPLETE
704,704,0.0,2025-01-01 12:03:35.261610,2025-01-01 12:03:41.408369,0 days 00:00:06.146759,11,175,135.0,40.0,,,,,,,,,,130.0,50.0,50.0,15.0,100.0,190.0,110.0,25.0,6,3.0,5.0,,,,,,,,,,4.0,5.0,4.0,5.0,5.0,6.0,4.0,2.0,COMPLETE
705,705,0.6219851576994434,2025-01-01 12:03:41.409074,2025-01-01 12:03:45.573470,0 days 00:00:04.164396,2,60,35.0,,,,,,,,,,,,,,,,,,,6,3.0,,,,,,,,,,,,,,,,,,,COMPLETE
706,706,0.5416666666666667,2025-01-01 12:03:45.574055,2025-01-01 12:03:48.723438,0 days 00:00:03.149383,2,135,20.0,,,,,,,,,,,,,,,,,,,6,3.0,,,,,,,,,,,,,,,,,,,COMPLETE
707,707,0.4744141559062649,2025-01-01 12:03:48.723957,2025-01-01 12:03:55.581946,0 days 00:00:06.857989,3,70,25.0,,,,,,,,,,,90.0,,,,,,,,6,3.0,,,,,,,,,,,5.0,,,,,,,,COMPLETE
708,708,0.48879551820728295,2025-01-01 12:03:55.582516,2025-01-01 12:04:00.161641,0 days 00:00:04.579125,3,185,10.0,,,,,,,,,,,140.0,,,,,,,,6,3.0,,,,,,,,,,,3.0,,,,,,,,COMPLETE
709,709,0.681159420289855,2025-01-01 12:04:00.162182,2025-01-01 12:04:04.938960,0 days 00:00:04.776778,2,15,15.0,,,,,,,,,,,,,,,,,,,4,5.0,,,,,,,,,,,,,,,,,,,COMPLETE
710,710,0.0,2025-01-01 12:04:04.939495,2025-01-01 12:04:07.335992,0 days 00:00:02.396497,3,180,110.0,,,,,,,,,,,145.0,,,,,,,,6,3.0,,,,,,,,,,,4.0,,,,,,,,COMPLETE
711,711,0.5950113378684807,2025-01-01 12:04:07.336543,2025-01-01 12:04:10.502358,0 days 00:00:03.165815,2,100,135.0,,,,,,,,,,,,,,,,,,,6,3.0,,,,,,,,,,,,,,,,,,,COMPLETE
712,712,0.0,2025-01-01 12:04:10.502891,2025-01-01 12:04:13.510057,0 days 00:00:03.007166,4,65,200.0,,,,,,,,,,,140.0,30.0,,,,,,,6,3.0,,,,,,,,,,,5.0,6.0,,,,,,,COMPLETE
713,713,0.6056003796867584,2025-01-01 12:04:13.510633,2025-01-01 12:04:17.139648,0 days 00:00:03.629015,2,70,140.0,,,,,,,,,,,,,,,,,,,6,3.0,,,,,,,,,,,,,,,,,,,COMPLETE
714,714,0.6346153846153846,2025-01-01 12:04:17.140173,2025-01-01 12:04:21.131221,0 days 00:00:03.991048,2,185,30.0,,,,,,,,,,,,,,,,,,,6,3.0,,,,,,,,,,,,,,,,,,,COMPLETE
715,715,0.0,2025-01-01 12:04:21.131806,2025-01-01 12:04:23.431845,0 days 00:00:02.300039,3,200,150.0,,,,,,,,,,,100.0,,,,,,,,6,3.0,,,,,,,,,,,4.0,,,,,,,,COMPLETE
716,716,0.6933333333333334,2025-01-01 12:04:23.432386,2025-01-01 12:04:27.408394,0 days 00:00:03.976008,2,45,5.0,,,,,,,,,,,,,,,,,,,6,3.0,,,,,,,,,,,,,,,,,,,COMPLETE
717,717,0.5415282392026578,2025-01-01 12:04:27.408937,2025-01-01 12:04:32.670171,0 days 00:00:05.261234,3,45,5.0,,,,,,,,,,,95.0,,,,,,,,6,3.0,,,,,,,,,,,5.0,,,,,,,,COMPLETE
718,718,0.0,2025-01-01 12:04:32.670724,2025-01-01 12:04:35.262244,0 days 00:00:02.591520,4,40,10.0,,,,,,,,,,,160.0,185.0,,,,,,,6,3.0,,,,,,,,,,,4.0,3.0,,,,,,,COMPLETE
719,719,0.0,2025-01-01 12:04:35.262812,2025-01-01 12:04:37.803545,0 days 00:00:02.540733,4,45,5.0,,,,,,,,,,,155.0,115.0,,,,,,,6,3.0,,,,,,,,,,,3.0,4.0,,,,,,,COMPLETE
720,720,0.0,2025-01-01 12:04:37.804103,2025-01-01 12:04:46.254317,0 days 00:00:08.450214,18,50,5.0,145.0,20.0,80.0,175.0,180.0,130.0,40.0,55.0,,,195.0,200.0,90.0,90.0,5.0,130.0,65.0,70.0,6,3.0,2.0,3.0,2.0,5.0,2.0,4.0,3.0,3.0,,,5.0,2.0,5.0,3.0,4.0,2.0,2.0,3.0,COMPLETE
721,721,0.6595441595441596,2025-01-01 12:04:46.255378,2025-01-01 12:04:49.965035,0 days 00:00:03.709657,2,50,125.0,,,,,,,,,,,,,,,,,,,6,3.0,,,,,,,,,,,,,,,,,,,COMPLETE
722,722,0.45138888888888884,2025-01-01 12:04:49.965578,2025-01-01 12:04:55.155241,0 days 00:00:05.189663,3,50,45.0,,,,,,,,,,,115.0,,,,,,,,6,4.0,,,,,,,,,,,4.0,,,,,,,,COMPLETE
723,723,0.0,2025-01-01 12:04:55.155806,2025-01-01 12:05:03.089699,0 days 00:00:07.933893,15,45,5.0,115.0,185.0,50.0,130.0,130.0,,,,,,165.0,85.0,110.0,195.0,185.0,150.0,130.0,150.0,4,3.0,6.0,4.0,6.0,3.0,4.0,,,,,,5.0,6.0,3.0,2.0,2.0,4.0,6.0,5.0,COMPLETE
724,724,0.6661828737300435,2025-01-01 12:05:03.090573,2025-01-01 12:05:06.458157,0 days 00:00:03.367584,2,25,5.0,,,,,,,,,,,,,,,,,,,6,3.0,,,,,,,,,,,,,,,,,,,COMPLETE
725,725,0.5652173913043478,2025-01-01 12:05:06.458717,2025-01-01 12:05:10.408616,0 days 00:00:03.949899,3,30,10.0,,,,,,,,,,,105.0,,,,,,,,6,3.0,,,,,,,,,,,3.0,,,,,,,,COMPLETE
726,726,0.6288561936402468,2025-01-01 12:05:10.409161,2025-01-01 12:05:13.681476,0 days 00:00:03.272315,2,50,145.0,,,,,,,,,,,,,,,,,,,6,3.0,,,,,,,,,,,,,,,,,,,COMPLETE
727,727,0.5769230769230769,2025-01-01 12:05:13.682008,2025-01-01 12:05:17.628660,0 days 00:00:03.946652,2,40,130.0,,,,,,,,,,,,,,,,,,,6,3.0,,,,,,,,,,,,,,,,,,,COMPLETE
728,728,0.6521120075937352,2025-01-01 12:05:17.629190,2025-01-01 12:05:22.608288,0 days 00:00:04.979098,3,195,80.0,,,,,,,,,,,125.0,,,,,,,,6,3.0,,,,,,,,,,,4.0,,,,,,,,COMPLETE
729,729,0.5584415584415584,2025-01-01 12:05:22.608869,2025-01-01 12:05:26.044674,0 days 00:00:03.435805,2,55,135.0,,,,,,,,,,,,,,,,,,,6,3.0,,,,,,,,,,,,,,,,,,,COMPLETE
730,730,0.0,2025-01-01 12:05:26.045233,2025-01-01 12:05:30.313299,0 days 00:00:04.268066,6,190,195.0,,,,,,,,,,,145.0,25.0,140.0,170.0,,,,,4,3.0,,,,,,,,,,,5.0,5.0,5.0,5.0,,,,,COMPLETE
731,731,0.5823068309070549,2025-01-01 12:05:30.313994,2025-01-01 12:05:34.722881,0 days 00:00:04.408887,1,45,,,,,,,,,,,,,,,,,,,,6,,,,,,,,,,,,,,,,,,,,COMPLETE
