,number,value,datetime_start,datetime_complete,duration,params_depth,params_neurons_layer_0,params_neurons_layer_1,params_neurons_layer_10,params_neurons_layer_11,params_neurons_layer_12,params_neurons_layer_13,params_neurons_layer_14,params_neurons_layer_15,params_neurons_layer_16,params_neurons_layer_17,params_neurons_layer_18,params_neurons_layer_19,params_neurons_layer_2,params_neurons_layer_3,params_neurons_layer_4,params_neurons_layer_5,params_neurons_layer_6,params_neurons_layer_7,params_neurons_layer_8,params_neurons_layer_9,params_orders_layer_0,params_orders_layer_1,params_orders_layer_10,params_orders_layer_11,params_orders_layer_12,params_orders_layer_13,params_orders_layer_14,params_orders_layer_15,params_orders_layer_16,params_orders_layer_17,params_orders_layer_18,params_orders_layer_19,params_orders_layer_2,params_orders_layer_3,params_orders_layer_4,params_orders_layer_5,params_orders_layer_6,params_orders_layer_7,params_orders_layer_8,params_orders_layer_9,state
480,480,0.9549998749996528,2025-01-01 22:25:08.104395,2025-01-01 22:25:14.838430,0 days 00:00:06.734035,2,130,190.0,,,,,,,,,,,,,,,,,,,5,6.0,,,,,,,,,,,,,,,,,,,COMPLETE
481,481,0.9401477832512315,2025-01-01 22:25:14.838920,2025-01-01 22:25:20.984762,0 days 00:00:06.145842,1,120,,,,,,,,,,,,,,,,,,,,6,,,,,,,,,,,,,,,,,,,,COMPLETE
482,482,0.9482295359778803,2025-01-01 22:25:20.985220,2025-01-01 22:25:25.226971,0 days 00:00:04.241751,2,115,175.0,,,,,,,,,,,,,,,,,,,6,4.0,,,,,,,,,,,,,,,,,,,COMPLETE
483,483,0.9507118927973199,2025-01-01 22:25:25.227444,2025-01-01 22:25:31.347886,0 days 00:00:06.120442,2,155,165.0,,,,,,,,,,,,,,,,,,,6,4.0,,,,,,,,,,,,,,,,,,,COMPLETE
484,484,0.0,2025-01-01 22:25:31.348379,2025-01-01 22:25:40.800857,0 days 00:00:09.452478,15,130,85.0,135.0,45.0,140.0,115.0,35.0,,,,,,80.0,95.0,90.0,75.0,105.0,5.0,25.0,95.0,6,4.0,5.0,6.0,5.0,2.0,3.0,,,,,,2.0,5.0,3.0,6.0,3.0,2.0,4.0,3.0,COMPLETE
485,485,0.9391412757077933,2025-01-01 22:25:40.801543,2025-01-01 22:25:47.452601,0 days 00:00:06.651058,1,185,,,,,,,,,,,,,,,,,,,,6,,,,,,,,,,,,,,,,,,,,COMPLETE
486,486,0.949126038542229,2025-01-01 22:25:47.453196,2025-01-01 22:25:53.164095,0 days 00:00:05.710899,3,70,185.0,,,,,,,,,,,50.0,,,,,,,,6,4.0,,,,,,,,,,,3.0,,,,,,,,COMPLETE
487,487,0.9608047192386888,2025-01-01 22:25:53.164604,2025-01-01 22:25:58.266037,0 days 00:00:05.101433,2,155,170.0,,,,,,,,,,,,,,,,,,,6,4.0,,,,,,,,,,,,,,,,,,,COMPLETE
488,488,0.9575311846564281,2025-01-01 22:25:58.266569,2025-01-01 22:26:05.134025,0 days 00:00:06.867456,3,105,70.0,,,,,,,,,,,200.0,,,,,,,,6,4.0,,,,,,,,,,,4.0,,,,,,,,COMPLETE
489,489,0.96,2025-01-01 22:26:05.134524,2025-01-01 22:26:10.336955,0 days 00:00:05.202431,2,150,195.0,,,,,,,,,,,,,,,,,,,6,4.0,,,,,,,,,,,,,,,,,,,COMPLETE
490,490,0.9466749555336822,2025-01-01 22:26:10.337446,2025-01-01 22:26:16.740584,0 days 00:00:06.403138,1,130,,,,,,,,,,,,,,,,,,,,6,,,,,,,,,,,,,,,,,,,,COMPLETE
491,491,0.9375544277116787,2025-01-01 22:26:16.741069,2025-01-01 22:26:24.215978,0 days 00:00:07.474909,2,160,165.0,,,,,,,,,,,,,,,,,,,2,4.0,,,,,,,,,,,,,,,,,,,COMPLETE
492,492,0.9515764008116123,2025-01-01 22:26:24.216464,2025-01-01 22:26:30.021600,0 days 00:00:05.805136,3,120,180.0,,,,,,,,,,,160.0,,,,,,,,6,4.0,,,,,,,,,,,2.0,,,,,,,,COMPLETE
493,493,0.9532604787665448,2025-01-01 22:26:30.022103,2025-01-01 22:26:34.197027,0 days 00:00:04.174924,2,125,80.0,,,,,,,,,,,,,,,,,,,6,4.0,,,,,,,,,,,,,,,,,,,COMPLETE
494,494,0.9428658945710202,2025-01-01 22:26:34.197511,2025-01-01 22:26:40.376669,0 days 00:00:06.179158,1,150,,,,,,,,,,,,,,,,,,,,6,,,,,,,,,,,,,,,,,,,,COMPLETE
495,495,0.9457837359555251,2025-01-01 22:26:40.377134,2025-01-01 22:26:49.945818,0 days 00:00:09.568684,3,135,170.0,,,,,,,,,,,120.0,,,,,,,,6,4.0,,,,,,,,,,,5.0,,,,,,,,COMPLETE
496,496,0.9483383148701652,2025-01-01 22:26:49.946451,2025-01-01 22:26:54.419670,0 days 00:00:04.473219,2,150,90.0,,,,,,,,,,,,,,,,,,,6,4.0,,,,,,,,,,,,,,,,,,,COMPLETE
497,497,0.9457837359555251,2025-01-01 22:26:54.420146,2025-01-01 22:26:58.870581,0 days 00:00:04.450435,2,125,180.0,,,,,,,,,,,,,,,,,,,6,4.0,,,,,,,,,,,,,,,,,,,COMPLETE
498,498,0.9467514513205296,2025-01-01 22:26:58.871117,2025-01-01 22:27:05.316531,0 days 00:00:06.445414,1,155,,,,,,,,,,,,,,,,,,,,6,,,,,,,,,,,,,,,,,,,,COMPLETE
499,499,0.9583273147479416,2025-01-01 22:27:05.316989,2025-01-01 22:27:09.782880,0 days 00:00:04.465891,2,110,115.0,,,,,,,,,,,,,,,,,,,6,4.0,,,,,,,,,,,,,,,,,,,COMPLETE
500,500,0.9333433355838396,2025-01-01 22:27:09.783362,2025-01-01 22:27:18.837853,0 days 00:00:09.054491,3,135,160.0,,,,,,,,,,,40.0,,,,,,,,3,4.0,,,,,,,,,,,3.0,,,,,,,,COMPLETE
501,501,0.0,2025-01-01 22:27:18.838365,2025-01-01 22:27:30.405767,0 days 00:00:11.567402,16,170,190.0,90.0,80.0,60.0,30.0,170.0,120.0,,,,,75.0,60.0,130.0,200.0,140.0,135.0,95.0,185.0,6,4.0,4.0,5.0,3.0,4.0,5.0,4.0,,,,,6.0,2.0,5.0,4.0,4.0,2.0,5.0,2.0,COMPLETE
502,502,0.9482374188945126,2025-01-01 22:27:30.406617,2025-01-01 22:27:35.042091,0 days 00:00:04.635474,2,145,185.0,,,,,,,,,,,,,,,,,,,6,4.0,,,,,,,,,,,,,,,,,,,COMPLETE
503,503,0.0,2025-01-01 22:27:35.042583,2025-01-01 22:27:40.991912,0 days 00:00:05.949329,6,140,85.0,,,,,,,,,,,65.0,170.0,45.0,95.0,,,,,4,4.0,,,,,,,,,,,2.0,6.0,4.0,5.0,,,,,COMPLETE
504,504,0.0,2025-01-01 22:27:40.992505,2025-01-01 22:27:52.088791,0 days 00:00:11.096286,17,130,175.0,60.0,120.0,10.0,70.0,75.0,30.0,65.0,,,,105.0,135.0,110.0,15.0,15.0,105.0,105.0,85.0,6,4.0,2.0,4.0,4.0,3.0,2.0,2.0,5.0,,,,4.0,4.0,6.0,2.0,2.0,3.0,6.0,5.0,COMPLETE
505,505,0.9438794464567661,2025-01-01 22:27:52.089624,2025-01-01 22:27:58.487452,0 days 00:00:06.397828,1,160,,,,,,,,,,,,,,,,,,,,6,,,,,,,,,,,,,,,,,,,,COMPLETE
506,506,0.9591344414827017,2025-01-01 22:27:58.488065,2025-01-01 22:28:03.635369,0 days 00:00:05.147304,2,145,165.0,,,,,,,,,,,,,,,,,,,6,4.0,,,,,,,,,,,,,,,,,,,COMPLETE
507,507,0.94566394907304,2025-01-01 22:28:03.635860,2025-01-01 22:28:13.711876,0 days 00:00:10.076016,4,130,90.0,,,,,,,,,,,30.0,50.0,,,,,,,6,4.0,,,,,,,,,,,3.0,3.0,,,,,,,COMPLETE
508,508,0.9324898303714945,2025-01-01 22:28:13.712458,2025-01-01 22:28:20.128672,0 days 00:00:06.416214,1,120,,,,,,,,,,,,,,,,,,,,6,,,,,,,,,,,,,,,,,,,,COMPLETE
509,509,0.9466660740674897,2025-01-01 22:28:20.129151,2025-01-01 22:28:31.282698,0 days 00:00:11.153547,3,155,175.0,,,,,,,,,,,95.0,,,,,,,,6,4.0,,,,,,,,,,,5.0,,,,,,,,COMPLETE
510,510,0.9632772849271315,2025-01-01 22:28:31.283211,2025-01-01 22:28:35.896471,0 days 00:00:04.613260,2,115,95.0,,,,,,,,,,,,,,,,,,,6,4.0,,,,,,,,,,,,,,,,,,,COMPLETE
511,511,0.0,2025-01-01 22:28:35.896965,2025-01-01 22:28:49.902297,0 days 00:00:14.005332,19,115,100.0,25.0,20.0,180.0,150.0,120.0,75.0,160.0,5.0,105.0,,80.0,35.0,195.0,40.0,165.0,80.0,70.0,115.0,6,5.0,4.0,3.0,6.0,5.0,4.0,5.0,5.0,4.0,2.0,,6.0,5.0,3.0,4.0,3.0,6.0,2.0,6.0,COMPLETE
512,512,0.9649490512608977,2025-01-01 22:28:49.903243,2025-01-01 22:28:54.537490,0 days 00:00:04.634247,2,110,95.0,,,,,,,,,,,,,,,,,,,6,4.0,,,,,,,,,,,,,,,,,,,COMPLETE
513,513,0.9583997785160576,2025-01-01 22:28:54.537980,2025-01-01 22:28:59.281530,0 days 00:00:04.743550,3,115,95.0,,,,,,,,,,,60.0,,,,,,,,6,4.0,,,,,,,,,,,2.0,,,,,,,,COMPLETE
514,514,0.9624723140449876,2025-01-01 22:28:59.282181,2025-01-01 22:29:04.007238,0 days 00:00:04.725057,2,115,95.0,,,,,,,,,,,,,,,,,,,6,4.0,,,,,,,,,,,,,,,,,,,COMPLETE
515,515,0.9599995555506172,2025-01-01 22:29:04.007729,2025-01-01 22:29:08.270123,0 days 00:00:04.262394,2,120,95.0,,,,,,,,,,,,,,,,,,,6,4.0,,,,,,,,,,,,,,,,,,,COMPLETE
516,516,0.9499254428139414,2025-01-01 22:29:08.270616,2025-01-01 22:29:12.457307,0 days 00:00:04.186691,2,125,95.0,,,,,,,,,,,,,,,,,,,5,4.0,,,,,,,,,,,,,,,,,,,COMPLETE
517,517,0.9524636326198983,2025-01-01 22:29:12.457855,2025-01-01 22:29:16.631353,0 days 00:00:04.173498,2,110,100.0,,,,,,,,,,,,,,,,,,,6,4.0,,,,,,,,,,,,,,,,,,,COMPLETE
518,518,0.9616657083093744,2025-01-01 22:29:16.631842,2025-01-01 22:29:22.916855,0 days 00:00:06.285013,3,105,110.0,,,,,,,,,,,140.0,,,,,,,,6,4.0,,,,,,,,,,,4.0,,,,,,,,COMPLETE
519,519,0.9362364335209081,2025-01-01 22:29:22.917357,2025-01-01 22:29:28.986503,0 days 00:00:06.069146,1,120,,,,,,,,,,,,,,,,,,,,6,,,,,,,,,,,,,,,,,,,,COMPLETE
520,520,0.9381908360888049,2025-01-01 22:29:28.986989,2025-01-01 22:29:35.403919,0 days 00:00:06.416930,1,110,,,,,,,,,,,,,,,,,,,,6,,,,,,,,,,,,,,,,,,,,COMPLETE
521,521,0.9548545861297539,2025-01-01 22:29:35.404388,2025-01-01 22:29:40.396344,0 days 00:00:04.991956,2,125,105.0,,,,,,,,,,,,,,,,,,,6,4.0,,,,,,,,,,,,,,,,,,,COMPLETE
522,522,0.9640805159273012,2025-01-01 22:29:40.396841,2025-01-01 22:29:45.658571,0 days 00:00:05.261730,2,135,90.0,,,,,,,,,,,,,,,,,,,6,4.0,,,,,,,,,,,,,,,,,,,COMPLETE
523,523,0.9531799229872233,2025-01-01 22:29:45.659062,2025-01-01 22:29:52.010004,0 days 00:00:06.350942,3,115,85.0,,,,,,,,,,,150.0,,,,,,,,6,4.0,,,,,,,,,,,3.0,,,,,,,,COMPLETE
524,524,0.9599332220367278,2025-01-01 22:29:52.010516,2025-01-01 22:29:56.761253,0 days 00:00:04.750737,2,130,90.0,,,,,,,,,,,,,,,,,,,6,4.0,,,,,,,,,,,,,,,,,,,COMPLETE
525,525,0.9582664437012263,2025-01-01 22:29:56.761744,2025-01-01 22:30:02.244115,0 days 00:00:05.482371,2,140,90.0,,,,,,,,,,,,,,,,,,,4,4.0,,,,,,,,,,,,,,,,,,,COMPLETE
526,526,0.9447795877447658,2025-01-01 22:30:02.244608,2025-01-01 22:30:08.474092,0 days 00:00:06.229484,1,135,,,,,,,,,,,,,,,,,,,,6,,,,,,,,,,,,,,,,,,,,COMPLETE
527,527,0.0,2025-01-01 22:30:08.474603,2025-01-01 22:30:18.495337,0 days 00:00:10.020734,12,120,135.0,160.0,140.0,,,,,,,,,110.0,145.0,170.0,135.0,185.0,25.0,80.0,105.0,6,4.0,6.0,4.0,,,,,,,,,4.0,2.0,5.0,5.0,4.0,5.0,3.0,3.0,COMPLETE
528,528,0.9549998749996528,2025-01-01 22:30:18.496134,2025-01-01 22:30:23.336244,0 days 00:00:04.840110,3,130,85.0,,,,,,,,,,,195.0,,,,,,,,6,4.0,,,,,,,,,,,2.0,,,,,,,,COMPLETE
529,529,0.9524621728557199,2025-01-01 22:30:23.336761,2025-01-01 22:30:27.676240,0 days 00:00:04.339479,2,125,95.0,,,,,,,,,,,,,,,,,,,6,4.0,,,,,,,,,,,,,,,,,,,COMPLETE
530,530,0.9524560788438317,2025-01-01 22:30:27.676741,2025-01-01 22:30:32.166916,0 days 00:00:04.490175,2,115,100.0,,,,,,,,,,,,,,,,,,,6,4.0,,,,,,,,,,,,,,,,,,,COMPLETE
531,531,0.9439602683103908,2025-01-01 22:30:32.167412,2025-01-01 22:30:38.580770,0 days 00:00:06.413358,1,135,,,,,,,,,,,,,,,,,,,,6,,,,,,,,,,,,,,,,,,,,COMPLETE
532,532,0.9658557689107791,2025-01-01 22:30:38.581254,2025-01-01 22:30:43.150046,0 days 00:00:04.568792,2,140,80.0,,,,,,,,,,,,,,,,,,,6,4.0,,,,,,,,,,,,,,,,,,,COMPLETE
533,533,0.93828841344818,2025-01-01 22:30:43.150551,2025-01-01 22:30:53.027760,0 days 00:00:09.877209,3,145,85.0,,,,,,,,,,,5.0,,,,,,,,6,4.0,,,,,,,,,,,5.0,,,,,,,,COMPLETE
534,534,0.9607370184254607,2025-01-01 22:30:53.028295,2025-01-01 22:30:57.597305,0 days 00:00:04.569010,2,140,80.0,,,,,,,,,,,,,,,,,,,6,4.0,,,,,,,,,,,,,,,,,,,COMPLETE
535,535,0.9485243670958448,2025-01-01 22:30:57.597805,2025-01-01 22:31:04.048444,0 days 00:00:06.450639,1,140,,,,,,,,,,,,,,,,,,,,6,,,,,,,,,,,,,,,,,,,,COMPLETE
536,536,0.9583333333333333,2025-01-01 22:31:04.048928,2025-01-01 22:31:13.024493,0 days 00:00:08.975565,3,145,75.0,,,,,,,,,,,115.0,,,,,,,,5,4.0,,,,,,,,,,,3.0,,,,,,,,COMPLETE
537,537,0.9473704781101167,2025-01-01 22:31:13.025136,2025-01-01 22:31:16.981321,0 days 00:00:03.956185,2,60,80.0,,,,,,,,,,,,,,,,,,,6,4.0,,,,,,,,,,,,,,,,,,,COMPLETE
538,538,0.9521108903718043,2025-01-01 22:31:16.981820,2025-01-01 22:31:23.435102,0 days 00:00:06.453282,1,145,,,,,,,,,,,,,,,,,,,,6,,,,,,,,,,,,,,,,,,,,COMPLETE
539,539,0.9456853132014786,2025-01-01 22:31:23.435637,2025-01-01 22:31:29.126726,0 days 00:00:05.691089,2,105,90.0,,,,,,,,,,,,,,,,,,,2,4.0,,,,,,,,,,,,,,,,,,,COMPLETE
540,540,0.9491092448199289,2025-01-01 22:31:29.127217,2025-01-01 22:31:34.358369,0 days 00:00:05.231152,2,150,90.0,,,,,,,,,,,,,,,,,,,3,4.0,,,,,,,,,,,,,,,,,,,COMPLETE
541,541,0.0,2025-01-01 22:31:34.358888,2025-01-01 22:31:39.290197,0 days 00:00:04.931309,5,140,75.0,,,,,,,,,,,10.0,75.0,80.0,,,,,,6,4.0,,,,,,,,,,,6.0,6.0,2.0,,,,,,COMPLETE
542,542,0.9625340410544823,2025-01-01 22:31:39.290774,2025-01-01 22:31:44.672428,0 days 00:00:05.381654,2,150,35.0,,,,,,,,,,,,,,,,,,,6,4.0,,,,,,,,,,,,,,,,,,,COMPLETE
543,543,0.9432163115131075,2025-01-01 22:31:44.672930,2025-01-01 22:31:50.956971,0 days 00:00:06.284041,3,110,160.0,,,,,,,,,,,55.0,,,,,,,,6,4.0,,,,,,,,,,,4.0,,,,,,,,COMPLETE
544,544,0.9343696027633851,2025-01-01 22:31:50.957491,2025-01-01 22:31:57.438920,0 days 00:00:06.481429,1,150,,,,,,,,,,,,,,,,,,,,6,,,,,,,,,,,,,,,,,,,,COMPLETE
545,545,0.9549248747913188,2025-01-01 22:31:57.439373,2025-01-01 22:32:02.104299,0 days 00:00:04.664926,2,140,60.0,,,,,,,,,,,,,,,,,,,6,4.0,,,,,,,,,,,,,,,,,,,COMPLETE
546,546,0.9507899320530443,2025-01-01 22:32:02.104799,2025-01-01 22:32:08.612436,0 days 00:00:06.507637,3,145,85.0,,,,,,,,,,,25.0,,,,,,,,6,4.0,,,,,,,,,,,2.0,,,,,,,,COMPLETE
547,547,0.0,2025-01-01 22:32:08.612958,2025-01-01 22:32:14.847726,0 days 00:00:06.234768,13,155,90.0,35.0,190.0,120.0,,,,,,,,40.0,15.0,95.0,60.0,45.0,45.0,150.0,20.0,6,4.0,5.0,5.0,2.0,,,,,,,,4.0,4.0,4.0,2.0,6.0,4.0,4.0,4.0,COMPLETE
548,548,0.9524560788438317,2025-01-01 22:32:14.848620,2025-01-01 22:32:19.479444,0 days 00:00:04.630824,2,135,95.0,,,,,,,,,,,,,,,,,,,5,4.0,,,,,,,,,,,,,,,,,,,COMPLETE
549,549,0.9557983071692108,2025-01-01 22:32:19.479945,2025-01-01 22:32:24.469684,0 days 00:00:04.989739,2,160,160.0,,,,,,,,,,,,,,,,,,,6,4.0,,,,,,,,,,,,,,,,,,,COMPLETE
550,550,0.9466799820415117,2025-01-01 22:32:24.470226,2025-01-01 22:32:30.911229,0 days 00:00:06.441003,1,145,,,,,,,,,,,,,,,,,,,,6,,,,,,,,,,,,,,,,,,,,COMPLETE
551,551,0.9590682948891904,2025-01-01 22:32:30.911714,2025-01-01 22:32:35.930760,0 days 00:00:05.019046,2,135,70.0,,,,,,,,,,,,,,,,,,,6,4.0,,,,,,,,,,,,,,,,,,,COMPLETE
552,552,0.0,2025-01-01 22:32:35.931248,2025-01-01 22:32:40.283719,0 days 00:00:04.352471,4,140,80.0,,,,,,,,,,,130.0,190.0,,,,,,,6,4.0,,,,,,,,,,,5.0,3.0,,,,,,,COMPLETE
553,553,0.9649172687539025,2025-01-01 22:32:40.284272,2025-01-01 22:32:44.726916,0 days 00:00:04.442644,2,155,80.0,,,,,,,,,,,,,,,,,,,6,4.0,,,,,,,,,,,,,,,,,,,COMPLETE
554,554,0.9641416080899827,2025-01-01 22:32:44.727406,2025-01-01 22:32:51.262773,0 days 00:00:06.535367,3,155,80.0,,,,,,,,,,,15.0,,,,,,,,6,4.0,,,,,,,,,,,3.0,,,,,,,,COMPLETE
555,555,0.9458816351433801,2025-01-01 22:32:51.263291,2025-01-01 22:32:58.579747,0 days 00:00:07.316456,3,160,75.0,,,,,,,,,,,15.0,,,,,,,,6,4.0,,,,,,,,,,,3.0,,,,,,,,COMPLETE
556,556,0.0,2025-01-01 22:32:58.580259,2025-01-01 22:33:02.541985,0 days 00:00:03.961726,4,155,75.0,,,,,,,,,,,50.0,45.0,,,,,,,6,4.0,,,,,,,,,,,3.0,5.0,,,,,,,COMPLETE
557,557,0.0,2025-01-01 22:33:02.542529,2025-01-01 22:33:08.212987,0 days 00:00:05.670458,9,165,70.0,,,,,,,,,,,10.0,155.0,35.0,155.0,110.0,150.0,115.0,,6,4.0,,,,,,,,,,,3.0,3.0,5.0,3.0,5.0,3.0,4.0,,COMPLETE
558,558,0.9549998749996528,2025-01-01 22:33:08.213642,2025-01-01 22:33:15.730398,0 days 00:00:07.516756,3,160,80.0,,,,,,,,,,,35.0,,,,,,,,6,4.0,,,,,,,,,,,3.0,,,,,,,,COMPLETE
559,559,0.0,2025-01-01 22:33:15.730923,2025-01-01 22:33:18.868650,0 days 00:00:03.137727,4,155,80.0,,,,,,,,,,,20.0,120.0,,,,,,,4,4.0,,,,,,,,,,,3.0,2.0,,,,,,,COMPLETE
560,560,0.9565212527964206,2025-01-01 22:33:18.869308,2025-01-01 22:33:24.444685,0 days 00:00:05.575377,3,165,80.0,,,,,,,,,,,25.0,,,,,,,,6,4.0,,,,,,,,,,,2.0,,,,,,,,COMPLETE
561,561,0.9515931235924993,2025-01-01 22:33:24.445204,2025-01-01 22:33:31.680816,0 days 00:00:07.235612,3,155,85.0,,,,,,,,,,,45.0,,,,,,,,6,4.0,,,,,,,,,,,4.0,,,,,,,,COMPLETE
562,562,0.9633317036312725,2025-01-01 22:33:31.681361,2025-01-01 22:33:36.832087,0 days 00:00:05.150726,2,150,80.0,,,,,,,,,,,,,,,,,,,6,4.0,,,,,,,,,,,,,,,,,,,COMPLETE
563,563,0.9485321441843182,2025-01-01 22:33:36.832589,2025-01-01 22:33:43.261231,0 days 00:00:06.428642,1,160,,,,,,,,,,,,,,,,,,,,6,,,,,,,,,,,,,,,,,,,,COMPLETE
564,564,0.9507899320530443,2025-01-01 22:33:43.261737,2025-01-01 22:33:51.425310,0 days 00:00:08.163573,3,150,70.0,,,,,,,,,,,30.0,,,,,,,,6,4.0,,,,,,,,,,,3.0,,,,,,,,COMPLETE
565,565,0.9633296662999633,2025-01-01 22:33:51.425835,2025-01-01 22:33:56.263637,0 days 00:00:04.837802,2,155,65.0,,,,,,,,,,,,,,,,,,,6,4.0,,,,,,,,,,,,,,,,,,,COMPLETE
566,566,0.9499994444382716,2025-01-01 22:33:56.264132,2025-01-01 22:34:01.316279,0 days 00:00:05.052147,2,155,70.0,,,,,,,,,,,,,,,,,,,6,4.0,,,,,,,,,,,,,,,,,,,COMPLETE
567,567,0.9558707709373266,2025-01-01 22:34:01.316762,2025-01-01 22:34:06.563082,0 days 00:00:05.246320,3,150,55.0,,,,,,,,,,,70.0,,,,,,,,6,4.0,,,,,,,,,,,2.0,,,,,,,,COMPLETE
568,568,0.9616640044447531,2025-01-01 22:34:06.563612,2025-01-01 22:34:11.891725,0 days 00:00:05.328113,2,170,50.0,,,,,,,,,,,,,,,,,,,6,4.0,,,,,,,,,,,,,,,,,,,COMPLETE
569,569,0.0,2025-01-01 22:34:11.892214,2025-01-01 22:34:15.549990,0 days 00:00:03.657776,4,160,75.0,,,,,,,,,,,65.0,65.0,,,,,,,6,4.0,,,,,,,,,,,3.0,4.0,,,,,,,COMPLETE
570,570,0.9440708015624775,2025-01-01 22:34:15.550511,2025-01-01 22:34:22.061416,0 days 00:00:06.510905,1,155,,,,,,,,,,,,,,,,,,,,6,,,,,,,,,,,,,,,,,,,,COMPLETE
571,571,0.9429804158719821,2025-01-01 22:34:22.062063,2025-01-01 22:34:28.393192,0 days 00:00:06.331129,1,150,,,,,,,,,,,,,,,,,,,,6,,,,,,,,,,,,,,,,,,,,COMPLETE
572,572,0.9591838998846187,2025-01-01 22:34:28.393660,2025-01-01 22:34:33.243992,0 days 00:00:04.850332,2,165,65.0,,,,,,,,,,,,,,,,,,,6,4.0,,,,,,,,,,,,,,,,,,,COMPLETE
573,573,0.9557957707289928,2025-01-01 22:34:33.244558,2025-01-01 22:34:37.718469,0 days 00:00:04.473911,2,155,60.0,,,,,,,,,,,,,,,,,,,6,4.0,,,,,,,,,,,,,,,,,,,COMPLETE
574,574,0.0,2025-01-01 22:34:37.718978,2025-01-01 22:34:52.033528,0 days 00:00:14.314550,20,150,85.0,130.0,155.0,155.0,125.0,25.0,115.0,55.0,120.0,95.0,5.0,15.0,80.0,155.0,85.0,75.0,70.0,140.0,85.0,6,4.0,2.0,2.0,3.0,4.0,6.0,3.0,3.0,3.0,4.0,6.0,4.0,6.0,6.0,6.0,2.0,2.0,6.0,6.0,COMPLETE
575,575,0.9456954455865685,2025-01-01 22:34:52.034467,2025-01-01 22:35:00.202313,0 days 00:00:08.167846,3,145,75.0,,,,,,,,,,,40.0,,,,,,,,6,4.0,,,,,,,,,,,3.0,,,,,,,,COMPLETE
576,576,0.95819945582112,2025-01-01 22:35:00.202851,2025-01-01 22:35:05.451586,0 days 00:00:05.248735,2,155,80.0,,,,,,,,,,,,,,,,,,,6,4.0,,,,,,,,,,,,,,,,,,,COMPLETE
577,577,0.9590775845221811,2025-01-01 22:35:05.452115,2025-01-01 22:35:10.318087,0 days 00:00:04.865972,2,145,65.0,,,,,,,,,,,,,,,,,,,5,4.0,,,,,,,,,,,,,,,,,,,COMPLETE
578,578,0.9440708015624775,2025-01-01 22:35:10.318596,2025-01-01 22:35:16.337071,0 days 00:00:06.018475,1,150,,,,,,,,,,,,,,,,,,,,6,,,,,,,,,,,,,,,,,,,,COMPLETE
579,579,0.0,2025-01-01 22:35:16.337567,2025-01-01 22:35:19.397569,0 days 00:00:03.060002,7,160,85.0,,,,,,,,,,,5.0,10.0,15.0,185.0,155.0,,,,6,4.0,,,,,,,,,,,2.0,5.0,2.0,4.0,3.0,,,,COMPLETE
580,580,0.9507929883138564,2025-01-01 22:35:19.398177,2025-01-01 22:35:25.009645,0 days 00:00:05.611468,3,145,80.0,,,,,,,,,,,55.0,,,,,,,,6,4.0,,,,,,,,,,,2.0,,,,,,,,COMPLETE
581,581,0.9599425839987736,2025-01-01 22:35:25.010172,2025-01-01 22:35:29.227806,0 days 00:00:04.217634,2,150,85.0,,,,,,,,,,,,,,,,,,,6,4.0,,,,,,,,,,,,,,,,,,,COMPLETE
582,582,0.9541260663665352,2025-01-01 22:35:29.228446,2025-01-01 22:35:34.030854,0 days 00:00:04.802408,2,155,75.0,,,,,,,,,,,,,,,,,,,6,4.0,,,,,,,,,,,,,,,,,,,COMPLETE
583,583,0.9458556360993073,2025-01-01 22:35:34.031355,2025-01-01 22:35:40.497594,0 days 00:00:06.466239,1,140,,,,,,,,,,,,,,,,,,,,6,,,,,,,,,,,,,,,,,,,,COMPLETE
584,584,0.9030002684804008,2025-01-01 22:35:40.498136,2025-01-01 22:35:53.452426,0 days 00:00:12.954290,3,150,10.0,,,,,,,,,,,35.0,,,,,,,,6,4.0,,,,,,,,,,,4.0,,,,,,,,COMPLETE
585,585,0.9599425839987736,2025-01-01 22:35:53.452985,2025-01-01 22:35:58.272314,0 days 00:00:04.819329,2,145,80.0,,,,,,,,,,,,,,,,,,,6,4.0,,,,,,,,,,,,,,,,,,,COMPLETE
586,586,0.9507118927973199,2025-01-01 22:35:58.272826,2025-01-01 22:36:03.422874,0 days 00:00:05.150048,2,155,155.0,,,,,,,,,,,,,,,,,,,4,4.0,,,,,,,,,,,,,,,,,,,COMPLETE
587,587,0.9419637638807714,2025-01-01 22:36:03.423366,2025-01-01 22:36:09.879125,0 days 00:00:06.455759,1,160,,,,,,,,,,,,,,,,,,,,6,,,,,,,,,,,,,,,,,,,,COMPLETE
588,588,0.9583332175922711,2025-01-01 22:36:09.879636,2025-01-01 22:36:19.932742,0 days 00:00:10.053106,3,145,165.0,,,,,,,,,,,75.0,,,,,,,,2,4.0,,,,,,,,,,,3.0,,,,,,,,COMPLETE
589,589,0.9624552674491733,2025-01-01 22:36:19.933262,2025-01-01 22:36:24.918885,0 days 00:00:04.985623,2,140,90.0,,,,,,,,,,,,,,,,,,,6,4.0,,,,,,,,,,,,,,,,,,,COMPLETE
590,590,0.9524560788438317,2025-01-01 22:36:24.919390,2025-01-01 22:36:29.613111,0 days 00:00:04.693721,2,150,55.0,,,,,,,,,,,,,,,,,,,6,4.0,,,,,,,,,,,,,,,,,,,COMPLETE
591,591,0.9458556360993073,2025-01-01 22:36:29.613623,2025-01-01 22:36:35.890637,0 days 00:00:06.277014,1,20,,,,,,,,,,,,,,,,,,,,6,,,,,,,,,,,,,,,,,,,,COMPLETE
592,592,0.959866220735786,2025-01-01 22:36:35.891269,2025-01-01 22:36:40.347810,0 days 00:00:04.456541,2,145,85.0,,,,,,,,,,,,,,,,,,,6,4.0,,,,,,,,,,,,,,,,,,,COMPLETE
593,593,0.9532552954292085,2025-01-01 22:36:40.348320,2025-01-01 22:36:46.784871,0 days 00:00:06.436551,3,135,65.0,,,,,,,,,,,25.0,,,,,,,,6,4.0,,,,,,,,,,,3.0,,,,,,,,COMPLETE
594,594,0.0,2025-01-01 22:36:46.785449,2025-01-01 22:36:51.223985,0 days 00:00:04.438536,5,150,80.0,,,,,,,,,,,45.0,175.0,75.0,,,,,,6,4.0,,,,,,,,,,,4.0,3.0,3.0,,,,,,COMPLETE
595,595,0.9489195654731558,2025-01-01 22:36:51.224560,2025-01-01 22:36:56.306173,0 days 00:00:05.081613,2,175,165.0,,,,,,,,,,,,,,,,,,,5,4.0,,,,,,,,,,,,,,,,,,,COMPLETE
596,596,0.9556419535915563,2025-01-01 22:36:56.306705,2025-01-01 22:37:00.588411,0 days 00:00:04.281706,2,90,90.0,,,,,,,,,,,,,,,,,,,6,4.0,,,,,,,,,,,,,,,,,,,COMPLETE
597,597,0.0,2025-01-01 22:37:00.588920,2025-01-01 22:37:05.115805,0 days 00:00:04.526885,3,160,150.0,,,,,,,,,,,50.0,,,,,,,,6,4.0,,,,,,,,,,,2.0,,,,,,,,COMPLETE
598,598,0.9248385951173315,2025-01-01 22:37:05.116326,2025-01-01 22:37:11.525649,0 days 00:00:06.409323,1,125,,,,,,,,,,,,,,,,,,,,6,,,,,,,,,,,,,,,,,,,,COMPLETE
599,599,0.9565943238731218,2025-01-01 22:37:11.526135,2025-01-01 22:37:16.973170,0 days 00:00:05.447035,2,155,160.0,,,,,,,,,,,,,,,,,,,6,4.0,,,,,,,,,,,,,,,,,,,COMPLETE
600,600,0.9474441383532293,2025-01-01 22:37:16.973677,2025-01-01 22:37:30.007557,0 days 00:00:13.033880,3,165,75.0,,,,,,,,,,,90.0,,,,,,,,3,4.0,,,,,,,,,,,4.0,,,,,,,,COMPLETE
601,601,0.9410573151454833,2025-01-01 22:37:30.008083,2025-01-01 22:37:36.497449,0 days 00:00:06.489366,1,135,,,,,,,,,,,,,,,,,,,,6,,,,,,,,,,,,,,,,,,,,COMPLETE
