,number,value,datetime_start,datetime_complete,duration,params_depth,params_neurons_layer_0,params_neurons_layer_1,params_neurons_layer_10,params_neurons_layer_11,params_neurons_layer_12,params_neurons_layer_13,params_neurons_layer_14,params_neurons_layer_15,params_neurons_layer_16,params_neurons_layer_17,params_neurons_layer_18,params_neurons_layer_19,params_neurons_layer_2,params_neurons_layer_3,params_neurons_layer_4,params_neurons_layer_5,params_neurons_layer_6,params_neurons_layer_7,params_neurons_layer_8,params_neurons_layer_9,params_orders_layer_0,params_orders_layer_1,params_orders_layer_10,params_orders_layer_11,params_orders_layer_12,params_orders_layer_13,params_orders_layer_14,params_orders_layer_15,params_orders_layer_16,params_orders_layer_17,params_orders_layer_18,params_orders_layer_19,params_orders_layer_2,params_orders_layer_3,params_orders_layer_4,params_orders_layer_5,params_orders_layer_6,params_orders_layer_7,params_orders_layer_8,params_orders_layer_9,state
602,602,0.8548009367681498,2025-01-01 07:50:50.421466,2025-01-01 07:50:55.366204,0 days 00:00:04.944738,3,105,130.0,,,,,,,,,,,195.0,,,,,,,,2,2.0,,,,,,,,,,,3.0,,,,,,,,COMPLETE
603,603,0.8385416666666667,2025-01-01 07:50:55.366741,2025-01-01 07:50:59.021998,0 days 00:00:03.655257,2,140,120.0,,,,,,,,,,,,,,,,,,,2,2.0,,,,,,,,,,,,,,,,,,,COMPLETE
604,604,0.0,2025-01-01 07:50:59.022510,2025-01-01 07:51:01.728124,0 days 00:00:02.705614,5,100,60.0,,,,,,,,,,,175.0,35.0,110.0,,,,,,2,2.0,,,,,,,,,,,2.0,5.0,4.0,,,,,,COMPLETE
605,605,0.861904761904762,2025-01-01 07:51:01.728711,2025-01-01 07:51:04.966648,0 days 00:00:03.237937,1,165,,,,,,,,,,,,,,,,,,,,2,,,,,,,,,,,,,,,,,,,,COMPLETE
606,606,0.8771883289124669,2025-01-01 07:51:04.967123,2025-01-01 07:51:09.586733,0 days 00:00:04.619610,3,95,105.0,,,,,,,,,,,95.0,,,,,,,,2,2.0,,,,,,,,,,,2.0,,,,,,,,COMPLETE
607,607,0.8777777777777778,2025-01-01 07:51:09.587252,2025-01-01 07:51:13.220048,0 days 00:00:03.632796,2,90,120.0,,,,,,,,,,,,,,,,,,,2,2.0,,,,,,,,,,,,,,,,,,,COMPLETE
608,608,0.8548009367681498,2025-01-01 07:51:13.220557,2025-01-01 07:51:16.861171,0 days 00:00:03.640614,2,100,145.0,,,,,,,,,,,,,,,,,,,2,2.0,,,,,,,,,,,,,,,,,,,COMPLETE
609,609,0.7965517241379311,2025-01-01 07:51:16.861700,2025-01-01 07:51:22.205874,0 days 00:00:05.344174,3,140,135.0,,,,,,,,,,,180.0,,,,,,,,2,2.0,,,,,,,,,,,3.0,,,,,,,,COMPLETE
610,610,0.8548009367681498,2025-01-01 07:51:22.206405,2025-01-01 07:51:25.901669,0 days 00:00:03.695264,2,160,125.0,,,,,,,,,,,,,,,,,,,2,2.0,,,,,,,,,,,,,,,,,,,COMPLETE
611,611,0.0,2025-01-01 07:51:25.902164,2025-01-01 07:51:27.605796,0 days 00:00:01.703632,4,105,130.0,,,,,,,,,,,190.0,60.0,,,,,,,2,2.0,,,,,,,,,,,2.0,2.0,,,,,,,COMPLETE
612,612,0.7902680197762164,2025-01-01 07:51:27.606313,2025-01-01 07:51:31.370394,0 days 00:00:03.764081,2,110,115.0,,,,,,,,,,,,,,,,,,,3,2.0,,,,,,,,,,,,,,,,,,,COMPLETE
613,613,0.8499583217560434,2025-01-01 07:51:31.370901,2025-01-01 07:51:34.389012,0 days 00:00:03.018111,1,95,,,,,,,,,,,,,,,,,,,,2,,,,,,,,,,,,,,,,,,,,COMPLETE
614,614,0.8359788359788359,2025-01-01 07:51:34.389496,2025-01-01 07:51:39.069033,0 days 00:00:04.679537,3,85,135.0,,,,,,,,,,,105.0,,,,,,,,2,2.0,,,,,,,,,,,2.0,,,,,,,,COMPLETE
615,615,0.8944444444444444,2025-01-01 07:51:39.069567,2025-01-01 07:51:42.717432,0 days 00:00:03.647865,2,75,125.0,,,,,,,,,,,,,,,,,,,2,2.0,,,,,,,,,,,,,,,,,,,COMPLETE
616,616,0.8257575757575758,2025-01-01 07:51:42.718111,2025-01-01 07:51:46.632917,0 days 00:00:03.914806,2,80,150.0,,,,,,,,,,,,,,,,,,,2,2.0,,,,,,,,,,,,,,,,,,,COMPLETE
617,617,0.8548009367681498,2025-01-01 07:51:46.633435,2025-01-01 07:51:51.274116,0 days 00:00:04.640681,1,115,,,,,,,,,,,,,,,,,,,,5,,,,,,,,,,,,,,,,,,,,COMPLETE
618,618,0.8221642764015646,2025-01-01 07:51:51.274603,2025-01-01 07:51:55.696862,0 days 00:00:04.422259,3,145,100.0,,,,,,,,,,,10.0,,,,,,,,2,2.0,,,,,,,,,,,3.0,,,,,,,,COMPLETE
619,619,0.8064516129032258,2025-01-01 07:51:55.697375,2025-01-01 07:51:58.553377,0 days 00:00:02.856002,2,75,65.0,,,,,,,,,,,,,,,,,,,6,2.0,,,,,,,,,,,,,,,,,,,COMPLETE
620,620,0.8870673952641166,2025-01-01 07:51:58.553881,2025-01-01 07:52:04.494034,0 days 00:00:05.940153,3,75,130.0,,,,,,,,,,,130.0,,,,,,,,2,6.0,,,,,,,,,,,2.0,,,,,,,,COMPLETE
621,621,0.8214192196910186,2025-01-01 07:52:04.494579,2025-01-01 07:52:10.014033,0 days 00:00:05.519454,3,65,120.0,,,,,,,,,,,110.0,,,,,,,,2,5.0,,,,,,,,,,,2.0,,,,,,,,COMPLETE
622,622,0.9191655801825294,2025-01-01 07:52:10.014578,2025-01-01 07:52:16.935895,0 days 00:00:06.921317,4,80,130.0,,,,,,,,,,,120.0,165.0,,,,,,,2,6.0,,,,,,,,,,,2.0,3.0,,,,,,,COMPLETE
623,623,0.0,2025-01-01 07:52:16.936461,2025-01-01 07:52:19.687133,0 days 00:00:02.750672,4,60,55.0,,,,,,,,,,,125.0,155.0,,,,,,,4,6.0,,,,,,,,,,,2.0,3.0,,,,,,,COMPLETE
624,624,0.0,2025-01-01 07:52:19.687675,2025-01-01 07:52:22.129423,0 days 00:00:02.441748,4,85,155.0,,,,,,,,,,,115.0,170.0,,,,,,,2,5.0,,,,,,,,,,,2.0,3.0,,,,,,,COMPLETE
625,625,0.8387096774193549,2025-01-01 07:52:22.129963,2025-01-01 07:52:30.333205,0 days 00:00:08.203242,4,80,130.0,,,,,,,,,,,75.0,165.0,,,,,,,2,6.0,,,,,,,,,,,2.0,4.0,,,,,,,COMPLETE
626,626,0.0,2025-01-01 07:52:30.333781,2025-01-01 07:52:32.648673,0 days 00:00:02.314892,4,75,140.0,,,,,,,,,,,120.0,135.0,,,,,,,2,6.0,,,,,,,,,,,2.0,2.0,,,,,,,COMPLETE
627,627,0.8708333333333333,2025-01-01 07:52:32.649198,2025-01-01 07:52:38.235528,0 days 00:00:05.586330,3,75,70.0,,,,,,,,,,,130.0,,,,,,,,2,6.0,,,,,,,,,,,2.0,,,,,,,,COMPLETE
628,628,0.927055702917772,2025-01-01 07:52:38.236065,2025-01-01 07:52:43.766905,0 days 00:00:05.530840,3,65,130.0,,,,,,,,,,,130.0,,,,,,,,2,6.0,,,,,,,,,,,2.0,,,,,,,,COMPLETE
629,629,0.845603813559322,2025-01-01 07:52:43.767623,2025-01-01 07:52:50.647080,0 days 00:00:06.879457,4,70,130.0,,,,,,,,,,,130.0,190.0,,,,,,,2,6.0,,,,,,,,,,,2.0,3.0,,,,,,,COMPLETE
630,630,0.8548009367681498,2025-01-01 07:52:50.647661,2025-01-01 07:52:56.589428,0 days 00:00:05.941767,3,70,135.0,,,,,,,,,,,110.0,,,,,,,,2,6.0,,,,,,,,,,,2.0,,,,,,,,COMPLETE
631,631,0.8293650793650793,2025-01-01 07:52:56.589986,2025-01-01 07:53:02.572605,0 days 00:00:05.982619,3,70,130.0,,,,,,,,,,,120.0,,,,,,,,2,6.0,,,,,,,,,,,2.0,,,,,,,,COMPLETE
632,632,0.8617133791644632,2025-01-01 07:53:02.573144,2025-01-01 07:53:08.537377,0 days 00:00:05.964233,3,70,130.0,,,,,,,,,,,100.0,,,,,,,,2,6.0,,,,,,,,,,,2.0,,,,,,,,COMPLETE
633,633,0.8868318122555411,2025-01-01 07:53:08.537931,2025-01-01 07:53:14.455363,0 days 00:00:05.917432,3,65,140.0,,,,,,,,,,,125.0,,,,,,,,2,6.0,,,,,,,,,,,2.0,,,,,,,,COMPLETE
634,634,0.0,2025-01-01 07:53:14.455919,2025-01-01 07:53:16.800591,0 days 00:00:02.344672,4,75,125.0,,,,,,,,,,,140.0,200.0,,,,,,,2,6.0,,,,,,,,,,,2.0,2.0,,,,,,,COMPLETE
635,635,0.0,2025-01-01 07:53:16.801124,2025-01-01 07:53:19.838679,0 days 00:00:03.037555,5,80,135.0,,,,,,,,,,,140.0,160.0,50.0,,,,,,2,6.0,,,,,,,,,,,2.0,4.0,3.0,,,,,,COMPLETE
636,636,0.7902680197762164,2025-01-01 07:53:19.839247,2025-01-01 07:53:25.772084,0 days 00:00:05.932837,3,55,95.0,,,,,,,,,,,85.0,,,,,,,,2,6.0,,,,,,,,,,,2.0,,,,,,,,COMPLETE
637,637,0.8777777777777778,2025-01-01 07:53:25.772627,2025-01-01 07:53:31.724009,0 days 00:00:05.951382,3,75,110.0,,,,,,,,,,,115.0,,,,,,,,2,6.0,,,,,,,,,,,2.0,,,,,,,,COMPLETE
638,638,0.8056426332288402,2025-01-01 07:53:31.724576,2025-01-01 07:53:37.626907,0 days 00:00:05.902331,3,65,130.0,,,,,,,,,,,105.0,,,,,,,,2,6.0,,,,,,,,,,,2.0,,,,,,,,COMPLETE
639,639,0.8548009367681498,2025-01-01 07:53:37.627441,2025-01-01 07:53:43.600474,0 days 00:00:05.973033,3,75,120.0,,,,,,,,,,,120.0,,,,,,,,2,6.0,,,,,,,,,,,2.0,,,,,,,,COMPLETE
640,640,0.0,2025-01-01 07:53:43.601023,2025-01-01 07:53:46.297688,0 days 00:00:02.696665,4,60,125.0,,,,,,,,,,,125.0,105.0,,,,,,,2,6.0,,,,,,,,,,,2.0,3.0,,,,,,,COMPLETE
641,641,0.8868318122555411,2025-01-01 07:53:46.298219,2025-01-01 07:53:52.270380,0 days 00:00:05.972161,3,70,130.0,,,,,,,,,,,130.0,,,,,,,,2,6.0,,,,,,,,,,,2.0,,,,,,,,COMPLETE
642,642,0.7968253968253969,2025-01-01 07:53:52.270931,2025-01-01 07:53:57.116039,0 days 00:00:04.845108,2,80,20.0,,,,,,,,,,,,,,,,,,,2,5.0,,,,,,,,,,,,,,,,,,,COMPLETE
643,643,0.8356681034482758,2025-01-01 07:53:57.116561,2025-01-01 07:54:02.420684,0 days 00:00:05.304123,2,70,140.0,,,,,,,,,,,,,,,,,,,2,6.0,,,,,,,,,,,,,,,,,,,COMPLETE
644,644,0.8445623342175066,2025-01-01 07:54:02.421391,2025-01-01 07:54:07.190293,0 days 00:00:04.768902,3,80,100.0,,,,,,,,,,,135.0,,,,,,,,2,5.0,,,,,,,,,,,2.0,,,,,,,,COMPLETE
645,645,0.0,2025-01-01 07:54:07.190838,2025-01-01 07:54:09.478160,0 days 00:00:02.287322,4,75,145.0,,,,,,,,,,,80.0,135.0,,,,,,,2,6.0,,,,,,,,,,,2.0,2.0,,,,,,,COMPLETE
646,646,0.8548009367681498,2025-01-01 07:54:09.478703,2025-01-01 07:54:13.918100,0 days 00:00:04.439397,2,65,125.0,,,,,,,,,,,,,,,,,,,2,5.0,,,,,,,,,,,,,,,,,,,COMPLETE
647,647,0.8523002421307506,2025-01-01 07:54:13.918642,2025-01-01 07:54:19.899787,0 days 00:00:05.981145,3,75,130.0,,,,,,,,,,,110.0,,,,,,,,2,6.0,,,,,,,,,,,2.0,,,,,,,,COMPLETE
648,648,0.8696969696969696,2025-01-01 07:54:19.900328,2025-01-01 07:54:22.675059,0 days 00:00:02.774731,1,165,,,,,,,,,,,,,,,,,,,,2,,,,,,,,,,,,,,,,,,,,COMPLETE
649,649,0.8771883289124669,2025-01-01 07:54:22.675560,2025-01-01 07:54:28.594070,0 days 00:00:05.918510,3,55,135.0,,,,,,,,,,,85.0,,,,,,,,2,6.0,,,,,,,,,,,2.0,,,,,,,,COMPLETE
650,650,0.8455843469063987,2025-01-01 07:54:28.594630,2025-01-01 07:54:33.182269,0 days 00:00:04.587639,2,65,115.0,,,,,,,,,,,,,,,,,,,2,6.0,,,,,,,,,,,,,,,,,,,COMPLETE
651,651,0.8617133791644632,2025-01-01 07:54:33.182794,2025-01-01 07:54:37.977106,0 days 00:00:04.794312,2,75,120.0,,,,,,,,,,,,,,,,,,,2,5.0,,,,,,,,,,,,,,,,,,,COMPLETE
652,652,0.8385416666666667,2025-01-01 07:54:37.977631,2025-01-01 07:54:43.926791,0 days 00:00:05.949160,3,80,95.0,,,,,,,,,,,130.0,,,,,,,,2,6.0,,,,,,,,,,,2.0,,,,,,,,COMPLETE
653,653,0.8548009367681498,2025-01-01 07:54:43.927343,2025-01-01 07:54:48.775120,0 days 00:00:04.847777,2,85,125.0,,,,,,,,,,,,,,,,,,,2,5.0,,,,,,,,,,,,,,,,,,,COMPLETE
654,654,0.8225344782721832,2025-01-01 07:54:48.775645,2025-01-01 07:54:53.697293,0 days 00:00:04.921648,2,70,105.0,,,,,,,,,,,,,,,,,,,2,6.0,,,,,,,,,,,,,,,,,,,COMPLETE
655,655,0.8445623342175066,2025-01-01 07:54:53.697843,2025-01-01 07:55:00.224347,0 days 00:00:06.526504,3,165,90.0,,,,,,,,,,,145.0,,,,,,,,2,6.0,,,,,,,,,,,2.0,,,,,,,,COMPLETE
656,656,0.0,2025-01-01 07:55:00.224896,2025-01-01 07:55:03.421589,0 days 00:00:03.196693,6,115,65.0,,,,,,,,,,,90.0,120.0,70.0,65.0,,,,,2,2.0,,,,,,,,,,,2.0,4.0,2.0,6.0,,,,,COMPLETE
657,657,0.8501567398119122,2025-01-01 07:55:03.422386,2025-01-01 07:55:06.422881,0 days 00:00:03.000495,1,80,,,,,,,,,,,,,,,,,,,,2,,,,,,,,,,,,,,,,,,,,COMPLETE
658,658,0.8548009367681498,2025-01-01 07:55:06.423370,2025-01-01 07:55:11.984795,0 days 00:00:05.561425,3,85,125.0,,,,,,,,,,,100.0,,,,,,,,2,6.0,,,,,,,,,,,2.0,,,,,,,,COMPLETE
659,659,0.903125,2025-01-01 07:55:11.985331,2025-01-01 07:55:15.631964,0 days 00:00:03.646633,2,60,135.0,,,,,,,,,,,,,,,,,,,2,2.0,,,,,,,,,,,,,,,,,,,COMPLETE
660,660,0.8868318122555411,2025-01-01 07:55:15.632487,2025-01-01 07:55:20.109581,0 days 00:00:04.477094,2,70,135.0,,,,,,,,,,,,,,,,,,,2,5.0,,,,,,,,,,,,,,,,,,,COMPLETE
661,661,0.8225344782721832,2025-01-01 07:55:20.110104,2025-01-01 07:55:23.769843,0 days 00:00:03.659739,2,65,130.0,,,,,,,,,,,,,,,,,,,2,2.0,,,,,,,,,,,,,,,,,,,COMPLETE
662,662,0.8696969696969696,2025-01-01 07:55:23.770373,2025-01-01 07:55:26.402358,0 days 00:00:02.631985,1,50,,,,,,,,,,,,,,,,,,,,2,,,,,,,,,,,,,,,,,,,,COMPLETE
663,663,0.8380355276907001,2025-01-01 07:55:26.402837,2025-01-01 07:55:31.108729,0 days 00:00:04.705892,3,155,130.0,,,,,,,,,,,95.0,,,,,,,,2,2.0,,,,,,,,,,,2.0,,,,,,,,COMPLETE
664,664,0.0,2025-01-01 07:55:31.109261,2025-01-01 07:55:33.756337,0 days 00:00:02.647076,4,165,135.0,,,,,,,,,,,115.0,115.0,,,,,,,2,6.0,,,,,,,,,,,2.0,3.0,,,,,,,COMPLETE
665,665,0.861228813559322,2025-01-01 07:55:33.756895,2025-01-01 07:55:37.407642,0 days 00:00:03.650747,2,60,120.0,,,,,,,,,,,,,,,,,,,2,2.0,,,,,,,,,,,,,,,,,,,COMPLETE
666,666,0.0,2025-01-01 07:55:37.408154,2025-01-01 07:55:40.144114,0 days 00:00:02.735960,5,60,135.0,,,,,,,,,,,155.0,145.0,130.0,,,,,,2,2.0,,,,,,,,,,,2.0,4.0,5.0,,,,,,COMPLETE
667,667,0.8696969696969696,2025-01-01 07:55:40.144690,2025-01-01 07:55:42.696731,0 days 00:00:02.552041,1,55,,,,,,,,,,,,,,,,,,,,2,,,,,,,,,,,,,,,,,,,,COMPLETE
668,668,0.8529644268774703,2025-01-01 07:55:42.697231,2025-01-01 07:55:47.327383,0 days 00:00:04.630152,3,60,125.0,,,,,,,,,,,135.0,,,,,,,,2,2.0,,,,,,,,,,,2.0,,,,,,,,COMPLETE
669,669,0.8708333333333333,2025-01-01 07:55:47.327934,2025-01-01 07:55:50.953030,0 days 00:00:03.625096,2,65,140.0,,,,,,,,,,,,,,,,,,,2,2.0,,,,,,,,,,,,,,,,,,,COMPLETE
670,670,0.7889499869075673,2025-01-01 07:55:50.953545,2025-01-01 07:55:54.652179,0 days 00:00:03.698634,2,55,120.0,,,,,,,,,,,,,,,,,,,2,2.0,,,,,,,,,,,,,,,,,,,COMPLETE
671,671,0.8696969696969696,2025-01-01 07:55:54.652712,2025-01-01 07:55:57.572645,0 days 00:00:02.919933,1,80,,,,,,,,,,,,,,,,,,,,2,,,,,,,,,,,,,,,,,,,,COMPLETE
672,672,0.8317110655737705,2025-01-01 07:55:57.573134,2025-01-01 07:56:01.192833,0 days 00:00:03.619699,2,60,130.0,,,,,,,,,,,,,,,,,,,2,2.0,,,,,,,,,,,,,,,,,,,COMPLETE
673,673,0.87042842215256,2025-01-01 07:56:01.193346,2025-01-01 07:56:05.778556,0 days 00:00:04.585210,3,160,125.0,,,,,,,,,,,120.0,,,,,,,,2,2.0,,,,,,,,,,,2.0,,,,,,,,COMPLETE
674,674,0.8548009367681498,2025-01-01 07:56:05.779284,2025-01-01 07:56:12.190688,0 days 00:00:06.411404,3,170,130.0,,,,,,,,,,,105.0,,,,,,,,2,6.0,,,,,,,,,,,2.0,,,,,,,,COMPLETE
675,675,0.8221642764015646,2025-01-01 07:56:12.191244,2025-01-01 07:56:15.850806,0 days 00:00:03.659562,2,75,115.0,,,,,,,,,,,,,,,,,,,2,2.0,,,,,,,,,,,,,,,,,,,COMPLETE
676,676,0.0,2025-01-01 07:56:15.851323,2025-01-01 07:56:27.456515,0 days 00:00:11.605192,20,170,90.0,65.0,140.0,5.0,65.0,200.0,75.0,85.0,60.0,195.0,10.0,110.0,185.0,190.0,45.0,110.0,190.0,65.0,125.0,2,2.0,3.0,2.0,4.0,3.0,6.0,4.0,6.0,5.0,3.0,2.0,2.0,2.0,6.0,3.0,2.0,6.0,4.0,5.0,COMPLETE
677,677,0.0,2025-01-01 07:56:27.457373,2025-01-01 07:56:29.553112,0 days 00:00:02.095739,4,160,140.0,,,,,,,,,,,185.0,75.0,,,,,,,2,2.0,,,,,,,,,,,3.0,3.0,,,,,,,COMPLETE
678,678,0.8294346978557505,2025-01-01 07:56:29.553663,2025-01-01 07:56:32.250841,0 days 00:00:02.697178,1,55,,,,,,,,,,,,,,,,,,,,2,,,,,,,,,,,,,,,,,,,,COMPLETE
679,679,0.8708333333333333,2025-01-01 07:56:32.251336,2025-01-01 07:56:35.895276,0 days 00:00:03.643940,2,70,125.0,,,,,,,,,,,,,,,,,,,2,2.0,,,,,,,,,,,,,,,,,,,COMPLETE
680,680,0.8225344782721832,2025-01-01 07:56:35.895792,2025-01-01 07:56:40.629845,0 days 00:00:04.734053,3,90,135.0,,,,,,,,,,,145.0,,,,,,,,2,3.0,,,,,,,,,,,2.0,,,,,,,,COMPLETE
681,681,0.8708333333333333,2025-01-01 07:56:40.630385,2025-01-01 07:56:44.304206,0 days 00:00:03.673821,2,65,120.0,,,,,,,,,,,,,,,,,,,2,2.0,,,,,,,,,,,,,,,,,,,COMPLETE
682,682,0.8221642764015646,2025-01-01 07:56:44.304740,2025-01-01 07:56:49.257353,0 days 00:00:04.952613,2,110,110.0,,,,,,,,,,,,,,,,,,,2,6.0,,,,,,,,,,,,,,,,,,,COMPLETE
683,683,0.8385416666666667,2025-01-01 07:56:49.257889,2025-01-01 07:56:54.294422,0 days 00:00:05.036533,3,50,150.0,,,,,,,,,,,95.0,,,,,,,,2,2.0,,,,,,,,,,,3.0,,,,,,,,COMPLETE
684,684,0.903125,2025-01-01 07:56:54.294966,2025-01-01 07:56:57.926304,0 days 00:00:03.631338,2,85,130.0,,,,,,,,,,,,,,,,,,,2,2.0,,,,,,,,,,,,,,,,,,,COMPLETE
685,685,0.8600924499229583,2025-01-01 07:56:57.926825,2025-01-01 07:57:01.014320,0 days 00:00:03.087495,1,85,,,,,,,,,,,,,,,,,,,,2,,,,,,,,,,,,,,,,,,,,COMPLETE
686,686,0.8600924499229583,2025-01-01 07:57:01.014813,2025-01-01 07:57:03.996791,0 days 00:00:02.981978,1,85,,,,,,,,,,,,,,,,,,,,2,,,,,,,,,,,,,,,,,,,,COMPLETE
687,687,0.8544980443285528,2025-01-01 07:57:03.997279,2025-01-01 07:57:07.646307,0 days 00:00:03.649028,2,80,130.0,,,,,,,,,,,,,,,,,,,2,2.0,,,,,,,,,,,,,,,,,,,COMPLETE
688,688,0.0,2025-01-01 07:57:07.647009,2025-01-01 07:57:11.471855,0 days 00:00:03.824846,7,85,135.0,,,,,,,,,,,75.0,180.0,155.0,30.0,35.0,,,,2,2.0,,,,,,,,,,,4.0,3.0,3.0,5.0,3.0,,,,COMPLETE
689,689,0.8548009367681498,2025-01-01 07:57:11.472502,2025-01-01 07:57:15.110821,0 days 00:00:03.638319,2,80,130.0,,,,,,,,,,,,,,,,,,,2,2.0,,,,,,,,,,,,,,,,,,,COMPLETE
690,690,0.8544980443285528,2025-01-01 07:57:15.111352,2025-01-01 07:57:18.745447,0 days 00:00:03.634095,2,90,125.0,,,,,,,,,,,,,,,,,,,2,2.0,,,,,,,,,,,,,,,,,,,COMPLETE
691,691,0.8181818181818181,2025-01-01 07:57:18.745971,2025-01-01 07:57:21.593066,0 days 00:00:02.847095,1,85,,,,,,,,,,,,,,,,,,,,2,,,,,,,,,,,,,,,,,,,,COMPLETE
692,692,0.87042842215256,2025-01-01 07:57:21.593579,2025-01-01 07:57:25.495573,0 days 00:00:03.901994,2,75,120.0,,,,,,,,,,,,,,,,,,,2,2.0,,,,,,,,,,,,,,,,,,,COMPLETE
693,693,0.8944444444444444,2025-01-01 07:57:25.496095,2025-01-01 07:57:29.149245,0 days 00:00:03.653150,2,90,135.0,,,,,,,,,,,,,,,,,,,2,2.0,,,,,,,,,,,,,,,,,,,COMPLETE
694,694,0.0,2025-01-01 07:57:29.149777,2025-01-01 07:57:37.672692,0 days 00:00:08.522915,16,85,140.0,90.0,115.0,40.0,20.0,75.0,25.0,,,,,60.0,170.0,90.0,95.0,190.0,60.0,105.0,40.0,2,2.0,6.0,4.0,2.0,5.0,2.0,3.0,,,,,3.0,2.0,5.0,2.0,4.0,3.0,6.0,2.0,COMPLETE
695,695,0.8708333333333333,2025-01-01 07:57:37.673558,2025-01-01 07:57:42.563292,0 days 00:00:04.889734,2,90,135.0,,,,,,,,,,,,,,,,,,,2,5.0,,,,,,,,,,,,,,,,,,,COMPLETE
696,696,0.861904761904762,2025-01-01 07:57:42.563836,2025-01-01 07:57:45.223734,0 days 00:00:02.659898,1,90,,,,,,,,,,,,,,,,,,,,2,,,,,,,,,,,,,,,,,,,,COMPLETE
697,697,0.8781779661016949,2025-01-01 07:57:45.224245,2025-01-01 07:57:48.859831,0 days 00:00:03.635586,2,80,140.0,,,,,,,,,,,,,,,,,,,2,2.0,,,,,,,,,,,,,,,,,,,COMPLETE
698,698,0.0,2025-01-01 07:57:48.860339,2025-01-01 07:57:54.383056,0 days 00:00:05.522717,10,85,145.0,,,,,,,,,,,130.0,90.0,15.0,140.0,155.0,165.0,90.0,165.0,2,2.0,,,,,,,,,,,3.0,5.0,2.0,4.0,5.0,4.0,3.0,3.0,COMPLETE
699,699,0.8708333333333333,2025-01-01 07:57:54.383782,2025-01-01 07:57:58.081413,0 days 00:00:03.697631,2,80,145.0,,,,,,,,,,,,,,,,,,,2,2.0,,,,,,,,,,,,,,,,,,,COMPLETE
700,700,0.8225344782721832,2025-01-01 07:57:58.081944,2025-01-01 07:58:01.751125,0 days 00:00:03.669181,2,90,135.0,,,,,,,,,,,,,,,,,,,2,2.0,,,,,,,,,,,,,,,,,,,COMPLETE
701,701,0.0,2025-01-01 07:58:01.751649,2025-01-01 07:58:10.626249,0 days 00:00:08.874600,13,90,130.0,170.0,120.0,115.0,,,,,,,,90.0,150.0,100.0,105.0,75.0,35.0,15.0,105.0,2,5.0,2.0,3.0,5.0,,,,,,,,3.0,4.0,5.0,5.0,6.0,5.0,5.0,6.0,COMPLETE
702,702,0.8679653679653679,2025-01-01 07:58:10.627251,2025-01-01 07:58:12.949406,0 days 00:00:02.322155,1,85,,,,,,,,,,,,,,,,,,,,2,,,,,,,,,,,,,,,,,,,,COMPLETE
703,703,0.8277511961722488,2025-01-01 07:58:12.949899,2025-01-01 07:58:16.879852,0 days 00:00:03.929953,2,90,135.0,,,,,,,,,,,,,,,,,,,2,2.0,,,,,,,,,,,,,,,,,,,COMPLETE
704,704,0.8544980443285528,2025-01-01 07:58:16.880365,2025-01-01 07:58:20.534757,0 days 00:00:03.654392,2,80,130.0,,,,,,,,,,,,,,,,,,,2,2.0,,,,,,,,,,,,,,,,,,,COMPLETE
705,705,0.8696969696969696,2025-01-01 07:58:20.535271,2025-01-01 07:58:23.789428,0 days 00:00:03.254157,1,75,,,,,,,,,,,,,,,,,,,,2,,,,,,,,,,,,,,,,,,,,COMPLETE
706,706,0.8387096774193549,2025-01-01 07:58:23.789946,2025-01-01 07:58:28.695578,0 days 00:00:04.905632,3,95,130.0,,,,,,,,,,,125.0,,,,,,,,2,2.0,,,,,,,,,,,3.0,,,,,,,,COMPLETE
707,707,0.7793103448275862,2025-01-01 07:58:28.696132,2025-01-01 07:58:32.238149,0 days 00:00:03.542017,2,85,165.0,,,,,,,,,,,,,,,,,,,3,2.0,,,,,,,,,,,,,,,,,,,COMPLETE
708,708,0.8696969696969696,2025-01-01 07:58:32.238687,2025-01-01 07:58:34.826808,0 days 00:00:02.588121,1,60,,,,,,,,,,,,,,,,,,,,2,,,,,,,,,,,,,,,,,,,,COMPLETE
709,709,0.8709677419354839,2025-01-01 07:58:34.827297,2025-01-01 07:58:38.530124,0 days 00:00:03.702827,2,170,135.0,,,,,,,,,,,,,,,,,,,2,2.0,,,,,,,,,,,,,,,,,,,COMPLETE
710,710,0.8064516129032258,2025-01-01 07:58:38.530649,2025-01-01 07:58:43.882219,0 days 00:00:05.351570,3,90,170.0,,,,,,,,,,,115.0,,,,,,,,2,2.0,,,,,,,,,,,4.0,,,,,,,,COMPLETE
711,711,0.8548009367681498,2025-01-01 07:58:43.882794,2025-01-01 07:58:48.862914,0 days 00:00:04.980120,2,95,140.0,,,,,,,,,,,,,,,,,,,2,6.0,,,,,,,,,,,,,,,,,,,COMPLETE
712,712,0.8221642764015646,2025-01-01 07:58:48.863451,2025-01-01 07:58:53.739831,0 days 00:00:04.876380,3,75,130.0,,,,,,,,,,,140.0,,,,,,,,2,2.0,,,,,,,,,,,3.0,,,,,,,,COMPLETE
713,713,0.8548009367681498,2025-01-01 07:58:53.740379,2025-01-01 07:58:56.751838,0 days 00:00:03.011459,2,85,160.0,,,,,,,,,,,,,,,,,,,2,2.0,,,,,,,,,,,,,,,,,,,COMPLETE
714,714,0.8548009367681498,2025-01-01 07:58:56.752348,2025-01-01 07:59:02.360929,0 days 00:00:05.608581,3,70,125.0,,,,,,,,,,,150.0,,,,,,,,2,2.0,,,,,,,,,,,3.0,,,,,,,,COMPLETE
715,715,0.8548009367681498,2025-01-01 07:59:02.361490,2025-01-01 07:59:07.297050,0 days 00:00:04.935560,2,90,125.0,,,,,,,,,,,,,,,,,,,2,6.0,,,,,,,,,,,,,,,,,,,COMPLETE
716,716,0.0,2025-01-01 07:59:07.297600,2025-01-01 07:59:16.620418,0 days 00:00:09.322818,15,80,135.0,50.0,95.0,110.0,85.0,35.0,,,,,,105.0,155.0,140.0,20.0,90.0,80.0,155.0,15.0,2,2.0,3.0,5.0,4.0,2.0,4.0,,,,,,2.0,3.0,6.0,6.0,4.0,6.0,4.0,5.0,COMPLETE
717,717,0.8187830687830688,2025-01-01 07:59:16.621465,2025-01-01 07:59:19.508851,0 days 00:00:02.887386,1,175,,,,,,,,,,,,,,,,,,,,2,,,,,,,,,,,,,,,,,,,,COMPLETE
718,718,0.8870673952641166,2025-01-01 07:59:19.509359,2025-01-01 07:59:23.383601,0 days 00:00:03.874242,2,95,140.0,,,,,,,,,,,,,,,,,,,2,2.0,,,,,,,,,,,,,,,,,,,COMPLETE
719,719,0.0,2025-01-01 07:59:23.384140,2025-01-01 07:59:28.522923,0 days 00:00:05.138783,11,95,135.0,125.0,,,,,,,,,,135.0,195.0,80.0,115.0,140.0,125.0,130.0,140.0,2,2.0,4.0,,,,,,,,,,3.0,2.0,4.0,2.0,3.0,2.0,2.0,4.0,COMPLETE
720,720,0.8863576852579209,2025-01-01 07:59:28.523685,2025-01-01 07:59:32.426750,0 days 00:00:03.903065,2,95,140.0,,,,,,,,,,,,,,,,,,,2,2.0,,,,,,,,,,,,,,,,,,,COMPLETE
721,721,0.8225344782721832,2025-01-01 07:59:32.427296,2025-01-01 07:59:36.292318,0 days 00:00:03.865022,2,95,140.0,,,,,,,,,,,,,,,,,,,2,2.0,,,,,,,,,,,,,,,,,,,COMPLETE
722,722,0.8572639909553419,2025-01-01 07:59:36.292847,2025-01-01 07:59:39.048307,0 days 00:00:02.755460,1,90,,,,,,,,,,,,,,,,,,,,2,,,,,,,,,,,,,,,,,,,,COMPLETE
723,723,0.8777777777777778,2025-01-01 07:59:39.048805,2025-01-01 07:59:44.672677,0 days 00:00:05.623872,3,90,145.0,,,,,,,,,,,125.0,,,,,,,,2,2.0,,,,,,,,,,,4.0,,,,,,,,COMPLETE
