,number,value,datetime_start,datetime_complete,duration,params_depth,params_neurons_layer_0,params_neurons_layer_1,params_neurons_layer_10,params_neurons_layer_11,params_neurons_layer_12,params_neurons_layer_13,params_neurons_layer_14,params_neurons_layer_15,params_neurons_layer_16,params_neurons_layer_17,params_neurons_layer_18,params_neurons_layer_19,params_neurons_layer_2,params_neurons_layer_3,params_neurons_layer_4,params_neurons_layer_5,params_neurons_layer_6,params_neurons_layer_7,params_neurons_layer_8,params_neurons_layer_9,params_orders_layer_0,params_orders_layer_1,params_orders_layer_10,params_orders_layer_11,params_orders_layer_12,params_orders_layer_13,params_orders_layer_14,params_orders_layer_15,params_orders_layer_16,params_orders_layer_17,params_orders_layer_18,params_orders_layer_19,params_orders_layer_2,params_orders_layer_3,params_orders_layer_4,params_orders_layer_5,params_orders_layer_6,params_orders_layer_7,params_orders_layer_8,params_orders_layer_9,state
871,871,0.8752629710893134,2025-01-01 20:30:21.178995,2025-01-01 20:30:46.904408,0 days 00:00:25.725413,2,130,5.0,,,,,,,,,,,,,,,,,,,5,2.0,,,,,,,,,,,,,,,,,,,COMPLETE
872,872,0.8559550617406151,2025-01-01 20:30:46.905082,2025-01-01 20:31:00.278398,0 days 00:00:13.373316,1,145,,,,,,,,,,,,,,,,,,,,5,,,,,,,,,,,,,,,,,,,,COMPLETE
873,873,0.8914485117014104,2025-01-01 20:31:00.279047,2025-01-01 20:31:14.948116,0 days 00:00:14.669069,1,140,,,,,,,,,,,,,,,,,,,,5,,,,,,,,,,,,,,,,,,,,COMPLETE
874,874,0.8472226505595699,2025-01-01 20:31:14.948671,2025-01-01 20:31:28.611128,0 days 00:00:13.662457,1,125,,,,,,,,,,,,,,,,,,,,5,,,,,,,,,,,,,,,,,,,,COMPLETE
875,875,0.8710385924225674,2025-01-01 20:31:28.611675,2025-01-01 20:32:27.173792,0 days 00:00:58.562117,2,150,90.0,,,,,,,,,,,,,,,,,,,5,4.0,,,,,,,,,,,,,,,,,,,COMPLETE
876,876,0.9001015972078591,2025-01-01 20:32:27.174577,2025-01-01 20:32:42.648461,0 days 00:00:15.473884,1,135,,,,,,,,,,,,,,,,,,,,5,,,,,,,,,,,,,,,,,,,,COMPLETE
877,877,0.8802913171409251,2025-01-01 20:32:42.649116,2025-01-01 20:32:56.493305,0 days 00:00:13.844189,1,135,,,,,,,,,,,,,,,,,,,,5,,,,,,,,,,,,,,,,,,,,COMPLETE
878,878,0.8741517002218346,2025-01-01 20:32:56.493861,2025-01-01 20:33:38.231334,0 days 00:00:41.737473,2,155,50.0,,,,,,,,,,,,,,,,,,,5,3.0,,,,,,,,,,,,,,,,,,,COMPLETE
879,879,0.8770580460001649,2025-01-01 20:33:38.232114,2025-01-01 20:33:52.352879,0 days 00:00:14.120765,1,140,,,,,,,,,,,,,,,,,,,,5,,,,,,,,,,,,,,,,,,,,COMPLETE
880,880,0.5720929851959139,2025-01-01 20:33:52.353434,2025-01-01 20:34:06.399234,0 days 00:00:14.045800,1,145,,,,,,,,,,,,,,,,,,,,5,,,,,,,,,,,,,,,,,,,,COMPLETE
881,881,0.9069405180945985,2025-01-01 20:34:06.399784,2025-01-01 20:34:20.480759,0 days 00:00:14.080975,1,130,,,,,,,,,,,,,,,,,,,,5,,,,,,,,,,,,,,,,,,,,COMPLETE
882,882,0.8742209766105219,2025-01-01 20:34:20.481504,2025-01-01 20:36:05.171979,0 days 00:01:44.690475,2,140,200.0,,,,,,,,,,,,,,,,,,,5,6.0,,,,,,,,,,,,,,,,,,,COMPLETE
883,883,0.9049358369773357,2025-01-01 20:36:05.172761,2025-01-01 20:36:18.939143,0 days 00:00:13.766382,1,125,,,,,,,,,,,,,,,,,,,,5,,,,,,,,,,,,,,,,,,,,COMPLETE
884,884,0.8718022690316125,2025-01-01 20:36:18.939686,2025-01-01 20:38:05.913989,0 days 00:01:46.974303,3,130,185.0,,,,,,,,,,,80.0,,,,,,,,5,5.0,,,,,,,,,,,3.0,,,,,,,,COMPLETE
885,885,0.9112527873618259,2025-01-01 20:38:05.914770,2025-01-01 20:38:21.088933,0 days 00:00:15.174163,1,135,,,,,,,,,,,,,,,,,,,,5,,,,,,,,,,,,,,,,,,,,COMPLETE
886,886,0.8723829732510289,2025-01-01 20:38:21.089459,2025-01-01 20:38:50.239815,0 days 00:00:29.150356,2,135,170.0,,,,,,,,,,,,,,,,,,,5,2.0,,,,,,,,,,,,,,,,,,,COMPLETE
887,887,0.8967893274251656,2025-01-01 20:38:50.240566,2025-01-01 20:39:03.684740,0 days 00:00:13.444174,1,95,,,,,,,,,,,,,,,,,,,,5,,,,,,,,,,,,,,,,,,,,COMPLETE
888,888,0.8996288328458361,2025-01-01 20:39:03.685275,2025-01-01 20:39:17.222771,0 days 00:00:13.537496,1,130,,,,,,,,,,,,,,,,,,,,5,,,,,,,,,,,,,,,,,,,,COMPLETE
889,889,0.8691063883867598,2025-01-01 20:39:17.223293,2025-01-01 20:40:12.604848,0 days 00:00:55.381555,2,135,125.0,,,,,,,,,,,,,,,,,,,5,4.0,,,,,,,,,,,,,,,,,,,COMPLETE
890,890,0.8966704241953196,2025-01-01 20:40:12.605601,2025-01-01 20:40:25.338925,0 days 00:00:12.733324,1,125,,,,,,,,,,,,,,,,,,,,5,,,,,,,,,,,,,,,,,,,,COMPLETE
891,891,0.9044938089698425,2025-01-01 20:40:25.339568,2025-01-01 20:40:41.192671,0 days 00:00:15.853103,1,130,,,,,,,,,,,,,,,,,,,,5,,,,,,,,,,,,,,,,,,,,COMPLETE
892,892,0.8753898023517214,2025-01-01 20:40:41.193304,2025-01-01 20:41:55.450155,0 days 00:01:14.256851,2,135,100.0,,,,,,,,,,,,,,,,,,,5,5.0,,,,,,,,,,,,,,,,,,,COMPLETE
893,893,0.8889170950696742,2025-01-01 20:41:55.450918,2025-01-01 20:42:11.548594,0 days 00:00:16.097676,1,135,,,,,,,,,,,,,,,,,,,,5,,,,,,,,,,,,,,,,,,,,COMPLETE
894,894,0.8739842034773615,2025-01-01 20:42:11.549220,2025-01-01 20:42:28.141406,0 days 00:00:16.592186,1,130,,,,,,,,,,,,,,,,,,,,5,,,,,,,,,,,,,,,,,,,,COMPLETE
895,895,0.9040925493106134,2025-01-01 20:42:28.142045,2025-01-01 20:42:37.357354,0 days 00:00:09.215309,1,145,,,,,,,,,,,,,,,,,,,,4,,,,,,,,,,,,,,,,,,,,COMPLETE
896,896,0.8631897975880582,2025-01-01 20:42:37.357887,2025-01-01 20:42:51.298432,0 days 00:00:13.940545,1,80,,,,,,,,,,,,,,,,,,,,5,,,,,,,,,,,,,,,,,,,,COMPLETE
897,897,0.8655989744438761,2025-01-01 20:42:51.298972,2025-01-01 20:43:28.009946,0 days 00:00:36.710974,2,120,150.0,,,,,,,,,,,,,,,,,,,5,3.0,,,,,,,,,,,,,,,,,,,COMPLETE
898,898,0.8682519543566368,2025-01-01 20:43:28.010705,2025-01-01 20:45:17.441816,0 days 00:01:49.431111,2,155,120.0,,,,,,,,,,,,,,,,,,,5,6.0,,,,,,,,,,,,,,,,,,,COMPLETE
899,899,0.7610830560709688,2025-01-01 20:45:17.442579,2025-01-01 20:45:32.486342,0 days 00:00:15.043763,1,130,,,,,,,,,,,,,,,,,,,,5,,,,,,,,,,,,,,,,,,,,COMPLETE
900,900,0.8827829261655682,2025-01-01 20:45:32.486987,2025-01-01 20:45:47.980770,0 days 00:00:15.493783,1,140,,,,,,,,,,,,,,,,,,,,5,,,,,,,,,,,,,,,,,,,,COMPLETE
901,901,0.9055439813473207,2025-01-01 20:45:47.981392,2025-01-01 20:46:01.933939,0 days 00:00:13.952547,1,70,,,,,,,,,,,,,,,,,,,,5,,,,,,,,,,,,,,,,,,,,COMPLETE
902,902,0.0,2025-01-01 20:46:01.934471,2025-01-01 20:46:59.253927,0 days 00:00:57.319456,13,150,180.0,105.0,160.0,115.0,,,,,,,,135.0,50.0,125.0,140.0,155.0,145.0,15.0,190.0,5,2.0,3.0,4.0,3.0,,,,,,,,6.0,6.0,4.0,5.0,6.0,6.0,6.0,6.0,COMPLETE
903,903,0.8695195256261133,2025-01-01 20:46:59.254888,2025-01-01 20:47:57.878580,0 days 00:00:58.623692,2,160,10.0,,,,,,,,,,,,,,,,,,,5,4.0,,,,,,,,,,,,,,,,,,,COMPLETE
904,904,0.0,2025-01-01 20:47:57.879381,2025-01-01 20:48:30.749754,0 days 00:00:32.870373,11,135,140.0,140.0,,,,,,,,,,65.0,35.0,160.0,195.0,145.0,110.0,30.0,70.0,5,5.0,4.0,,,,,,,,,,2.0,5.0,4.0,3.0,3.0,2.0,2.0,6.0,COMPLETE
905,905,0.9037055596596426,2025-01-01 20:48:30.750723,2025-01-01 20:48:44.637830,0 days 00:00:13.887107,1,110,,,,,,,,,,,,,,,,,,,,5,,,,,,,,,,,,,,,,,,,,COMPLETE
906,906,0.8725838375913244,2025-01-01 20:48:44.638406,2025-01-01 20:49:24.604188,0 days 00:00:39.965782,2,140,95.0,,,,,,,,,,,,,,,,,,,5,3.0,,,,,,,,,,,,,,,,,,,COMPLETE
907,907,0.8571497901554446,2025-01-01 20:49:24.604977,2025-01-01 20:49:38.942403,0 days 00:00:14.337426,1,125,,,,,,,,,,,,,,,,,,,,5,,,,,,,,,,,,,,,,,,,,COMPLETE
908,908,0.8859823143195107,2025-01-01 20:49:38.942974,2025-01-01 20:49:53.947785,0 days 00:00:15.004811,1,135,,,,,,,,,,,,,,,,,,,,5,,,,,,,,,,,,,,,,,,,,COMPLETE
909,909,0.8745220738076058,2025-01-01 20:49:53.948323,2025-01-01 20:51:37.919743,0 days 00:01:43.971420,2,145,155.0,,,,,,,,,,,,,,,,,,,5,6.0,,,,,,,,,,,,,,,,,,,COMPLETE
910,910,0.8502573791146316,2025-01-01 20:51:37.920542,2025-01-01 20:51:51.270318,0 days 00:00:13.349776,1,130,,,,,,,,,,,,,,,,,,,,5,,,,,,,,,,,,,,,,,,,,COMPLETE
911,911,0.8913406567365512,2025-01-01 20:51:51.270991,2025-01-01 20:52:06.006993,0 days 00:00:14.736002,1,150,,,,,,,,,,,,,,,,,,,,5,,,,,,,,,,,,,,,,,,,,COMPLETE
912,912,0.8730244217538083,2025-01-01 20:52:06.007660,2025-01-01 20:52:59.549553,0 days 00:00:53.541893,3,135,60.0,,,,,,,,,,,105.0,,,,,,,,5,2.0,,,,,,,,,,,5.0,,,,,,,,COMPLETE
913,913,0.7874957524250863,2025-01-01 20:52:59.550344,2025-01-01 20:53:09.398002,0 days 00:00:09.847658,1,140,,,,,,,,,,,,,,,,,,,,5,,,,,,,,,,,,,,,,,,,,COMPLETE
914,914,0.8686684328940883,2025-01-01 20:53:09.398562,2025-01-01 20:54:07.497127,0 days 00:00:58.098565,2,145,105.0,,,,,,,,,,,,,,,,,,,5,4.0,,,,,,,,,,,,,,,,,,,COMPLETE
915,915,0.8874060932679487,2025-01-01 20:54:07.497915,2025-01-01 20:54:22.756301,0 days 00:00:15.258386,1,140,,,,,,,,,,,,,,,,,,,,5,,,,,,,,,,,,,,,,,,,,COMPLETE
916,916,0.9093412536113978,2025-01-01 20:54:22.756834,2025-01-01 20:54:37.563211,0 days 00:00:14.806377,1,155,,,,,,,,,,,,,,,,,,,,5,,,,,,,,,,,,,,,,,,,,COMPLETE
917,917,0.8689702979338207,2025-01-01 20:54:37.563954,2025-01-01 20:55:45.851242,0 days 00:01:08.287288,2,125,75.0,,,,,,,,,,,,,,,,,,,5,5.0,,,,,,,,,,,,,,,,,,,COMPLETE
918,918,0.862693592074684,2025-01-01 20:55:45.852026,2025-01-01 20:55:59.423338,0 days 00:00:13.571312,1,130,,,,,,,,,,,,,,,,,,,,4,,,,,,,,,,,,,,,,,,,,COMPLETE
919,919,0.8691673074411735,2025-01-01 20:55:59.423879,2025-01-01 20:56:11.220792,0 days 00:00:11.796913,1,135,,,,,,,,,,,,,,,,,,,,5,,,,,,,,,,,,,,,,,,,,COMPLETE
920,920,0.8740626139213534,2025-01-01 20:56:11.221436,2025-01-01 20:56:51.344878,0 days 00:00:40.123442,2,150,20.0,,,,,,,,,,,,,,,,,,,5,3.0,,,,,,,,,,,,,,,,,,,COMPLETE
921,921,0.0,2025-01-01 20:56:51.345550,2025-01-01 20:57:57.734921,0 days 00:01:06.389371,18,140,145.0,75.0,85.0,20.0,100.0,45.0,185.0,75.0,5.0,,,200.0,20.0,190.0,175.0,95.0,190.0,85.0,120.0,5,6.0,5.0,6.0,2.0,4.0,2.0,6.0,3.0,5.0,,,3.0,2.0,3.0,2.0,4.0,5.0,3.0,2.0,COMPLETE
922,922,0.8908783468632945,2025-01-01 20:57:57.735981,2025-01-01 20:58:12.198330,0 days 00:00:14.462349,1,135,,,,,,,,,,,,,,,,,,,,5,,,,,,,,,,,,,,,,,,,,COMPLETE
923,923,0.7994894982934915,2025-01-01 20:58:12.199026,2025-01-01 20:58:28.613239,0 days 00:00:16.414213,1,145,,,,,,,,,,,,,,,,,,,,5,,,,,,,,,,,,,,,,,,,,COMPLETE
924,924,0.8625214367707326,2025-01-01 20:58:28.613918,2025-01-01 20:58:41.920656,0 days 00:00:13.306738,1,120,,,,,,,,,,,,,,,,,,,,5,,,,,,,,,,,,,,,,,,,,COMPLETE
925,925,0.8728770049223805,2025-01-01 20:58:41.921208,2025-01-01 20:59:12.927059,0 days 00:00:31.005851,2,160,190.0,,,,,,,,,,,,,,,,,,,5,2.0,,,,,,,,,,,,,,,,,,,COMPLETE
926,926,0.903011078023487,2025-01-01 20:59:12.927851,2025-01-01 20:59:28.180211,0 days 00:00:15.252360,1,130,,,,,,,,,,,,,,,,,,,,5,,,,,,,,,,,,,,,,,,,,COMPLETE
927,927,0.883643046584804,2025-01-01 20:59:28.180810,2025-01-01 20:59:43.256495,0 days 00:00:15.075685,1,145,,,,,,,,,,,,,,,,,,,,5,,,,,,,,,,,,,,,,,,,,COMPLETE
928,928,0.8953637711468712,2025-01-01 20:59:43.257062,2025-01-01 20:59:58.191156,0 days 00:00:14.934094,1,140,,,,,,,,,,,,,,,,,,,,5,,,,,,,,,,,,,,,,,,,,COMPLETE
929,929,0.8695389156095585,2025-01-01 20:59:58.191927,2025-01-01 21:00:37.222063,0 days 00:00:39.030136,2,135,45.0,,,,,,,,,,,,,,,,,,,5,3.0,,,,,,,,,,,,,,,,,,,COMPLETE
930,930,0.8676188237614055,2025-01-01 21:00:37.222665,2025-01-01 21:00:52.129045,0 days 00:00:14.906380,1,125,,,,,,,,,,,,,,,,,,,,5,,,,,,,,,,,,,,,,,,,,COMPLETE
931,931,0.0,2025-01-01 21:00:52.129817,2025-01-01 21:02:14.800575,0 days 00:01:22.670758,20,150,160.0,90.0,45.0,65.0,190.0,20.0,5.0,175.0,70.0,60.0,10.0,85.0,75.0,10.0,180.0,45.0,165.0,55.0,150.0,5,5.0,3.0,5.0,6.0,2.0,3.0,5.0,5.0,3.0,4.0,2.0,4.0,4.0,3.0,6.0,2.0,4.0,4.0,5.0,COMPLETE
932,932,0.8898753958919348,2025-01-01 21:02:14.801784,2025-01-01 21:02:31.397076,0 days 00:00:16.595292,1,135,,,,,,,,,,,,,,,,,,,,5,,,,,,,,,,,,,,,,,,,,COMPLETE
933,933,0.8739134741710285,2025-01-01 21:02:31.397640,2025-01-01 21:03:32.424560,0 days 00:01:01.026920,2,155,110.0,,,,,,,,,,,,,,,,,,,5,4.0,,,,,,,,,,,,,,,,,,,COMPLETE
934,934,0.8987916633713784,2025-01-01 21:03:32.425345,2025-01-01 21:03:48.488404,0 days 00:00:16.063059,1,140,,,,,,,,,,,,,,,,,,,,5,,,,,,,,,,,,,,,,,,,,COMPLETE
935,935,0.8834484633383934,2025-01-01 21:03:48.489179,2025-01-01 21:04:03.747676,0 days 00:00:15.258497,1,115,,,,,,,,,,,,,,,,,,,,5,,,,,,,,,,,,,,,,,,,,COMPLETE
936,936,0.8693494915587259,2025-01-01 21:04:03.748235,2025-01-01 21:05:46.096671,0 days 00:01:42.348436,2,145,80.0,,,,,,,,,,,,,,,,,,,5,6.0,,,,,,,,,,,,,,,,,,,COMPLETE
937,937,0.885516617463577,2025-01-01 21:05:46.097487,2025-01-01 21:06:02.432384,0 days 00:00:16.334897,1,140,,,,,,,,,,,,,,,,,,,,5,,,,,,,,,,,,,,,,,,,,COMPLETE
938,938,0.0,2025-01-01 21:06:02.432946,2025-01-01 21:06:56.105396,0 days 00:00:53.672450,10,130,65.0,,,,,,,,,,,195.0,85.0,60.0,95.0,120.0,75.0,5.0,165.0,5,4.0,,,,,,,,,,,6.0,6.0,5.0,5.0,5.0,5.0,6.0,4.0,COMPLETE
939,939,0.8654531394209719,2025-01-01 21:06:56.106395,2025-01-01 21:07:11.052141,0 days 00:00:14.945746,1,130,,,,,,,,,,,,,,,,,,,,5,,,,,,,,,,,,,,,,,,,,COMPLETE
940,940,0.8759335033753031,2025-01-01 21:07:11.052832,2025-01-01 21:07:27.513457,0 days 00:00:16.460625,2,20,135.0,,,,,,,,,,,,,,,,,,,5,2.0,,,,,,,,,,,,,,,,,,,COMPLETE
941,941,0.9093821142394114,2025-01-01 21:07:27.514157,2025-01-01 21:07:41.184306,0 days 00:00:13.670149,1,90,,,,,,,,,,,,,,,,,,,,5,,,,,,,,,,,,,,,,,,,,COMPLETE
942,942,0.824917964877815,2025-01-01 21:07:41.184874,2025-01-01 21:07:53.824621,0 days 00:00:12.639747,1,135,,,,,,,,,,,,,,,,,,,,5,,,,,,,,,,,,,,,,,,,,COMPLETE
943,943,0.8624005357671657,2025-01-01 21:07:53.825177,2025-01-01 21:08:23.946452,0 days 00:00:30.121275,2,105,55.0,,,,,,,,,,,,,,,,,,,4,3.0,,,,,,,,,,,,,,,,,,,COMPLETE
944,944,0.8982394116126393,2025-01-01 21:08:23.947276,2025-01-01 21:08:38.787093,0 days 00:00:14.839817,1,145,,,,,,,,,,,,,,,,,,,,5,,,,,,,,,,,,,,,,,,,,COMPLETE
945,945,0.8120592245349909,2025-01-01 21:08:38.787636,2025-01-01 21:08:52.482074,0 days 00:00:13.694438,1,135,,,,,,,,,,,,,,,,,,,,5,,,,,,,,,,,,,,,,,,,,COMPLETE
946,946,0.9095871122652479,2025-01-01 21:08:52.482733,2025-01-01 21:09:06.861830,0 days 00:00:14.379097,1,35,,,,,,,,,,,,,,,,,,,,5,,,,,,,,,,,,,,,,,,,,COMPLETE
947,947,0.8721844816398604,2025-01-01 21:09:06.862469,2025-01-01 21:10:42.240663,0 days 00:01:35.378194,3,125,90.0,,,,,,,,,,,75.0,,,,,,,,5,5.0,,,,,,,,,,,4.0,,,,,,,,COMPLETE
948,948,0.8711296068045853,2025-01-01 21:10:42.241466,2025-01-01 21:11:39.186280,0 days 00:00:56.944814,2,150,15.0,,,,,,,,,,,,,,,,,,,5,4.0,,,,,,,,,,,,,,,,,,,COMPLETE
949,949,0.8901817309643734,2025-01-01 21:11:39.187067,2025-01-01 21:11:53.376755,0 days 00:00:14.189688,1,135,,,,,,,,,,,,,,,,,,,,5,,,,,,,,,,,,,,,,,,,,COMPLETE
950,950,0.44165877082163574,2025-01-01 21:11:53.377399,2025-01-01 21:12:07.135534,0 days 00:00:13.758135,1,140,,,,,,,,,,,,,,,,,,,,5,,,,,,,,,,,,,,,,,,,,COMPLETE
951,951,0.8656982255823908,2025-01-01 21:12:07.136067,2025-01-01 21:12:44.611344,0 days 00:00:37.475277,2,130,35.0,,,,,,,,,,,,,,,,,,,5,3.0,,,,,,,,,,,,,,,,,,,COMPLETE
952,952,0.8633239412568305,2025-01-01 21:12:44.612127,2025-01-01 21:14:33.988704,0 days 00:01:49.376577,2,155,125.0,,,,,,,,,,,,,,,,,,,5,6.0,,,,,,,,,,,,,,,,,,,COMPLETE
953,953,0.8989105081001789,2025-01-01 21:14:33.989489,2025-01-01 21:14:48.244405,0 days 00:00:14.254916,1,145,,,,,,,,,,,,,,,,,,,,5,,,,,,,,,,,,,,,,,,,,COMPLETE
954,954,0.9076849299059369,2025-01-01 21:14:48.244950,2025-01-01 21:15:03.080522,0 days 00:00:14.835572,1,160,,,,,,,,,,,,,,,,,,,,5,,,,,,,,,,,,,,,,,,,,COMPLETE
955,955,0.881053808777613,2025-01-01 21:15:03.081193,2025-01-01 21:15:18.320699,0 days 00:00:15.239506,1,100,,,,,,,,,,,,,,,,,,,,5,,,,,,,,,,,,,,,,,,,,COMPLETE
956,956,0.861600674903787,2025-01-01 21:15:18.321331,2025-01-01 21:15:32.956329,0 days 00:00:14.634998,1,140,,,,,,,,,,,,,,,,,,,,5,,,,,,,,,,,,,,,,,,,,COMPLETE
957,957,0.8937781697040956,2025-01-01 21:15:32.956887,2025-01-01 21:15:48.453655,0 days 00:00:15.496768,1,135,,,,,,,,,,,,,,,,,,,,5,,,,,,,,,,,,,,,,,,,,COMPLETE
958,958,0.0,2025-01-01 21:15:48.454197,2025-01-01 21:16:07.047676,0 days 00:00:18.593479,5,150,195.0,,,,,,,,,,,180.0,120.0,110.0,,,,,,5,5.0,,,,,,,,,,,2.0,3.0,2.0,,,,,,COMPLETE
959,959,0.873418318671298,2025-01-01 21:16:07.048476,2025-01-01 21:17:43.346175,0 days 00:01:36.297699,2,135,70.0,,,,,,,,,,,,,,,,,,,5,6.0,,,,,,,,,,,,,,,,,,,COMPLETE
960,960,0.8986712894745427,2025-01-01 21:17:43.346961,2025-01-01 21:17:57.534885,0 days 00:00:14.187924,1,130,,,,,,,,,,,,,,,,,,,,5,,,,,,,,,,,,,,,,,,,,COMPLETE
961,961,0.8736240877676673,2025-01-01 21:17:57.535534,2025-01-01 21:18:26.780124,0 days 00:00:29.244590,2,140,180.0,,,,,,,,,,,,,,,,,,,5,2.0,,,,,,,,,,,,,,,,,,,COMPLETE
962,962,0.7706614449077899,2025-01-01 21:18:26.780686,2025-01-01 21:18:42.652682,0 days 00:00:15.871996,1,140,,,,,,,,,,,,,,,,,,,,5,,,,,,,,,,,,,,,,,,,,COMPLETE
963,963,0.7438383562708113,2025-01-01 21:18:42.653435,2025-01-01 21:18:57.980921,0 days 00:00:15.327486,1,85,,,,,,,,,,,,,,,,,,,,5,,,,,,,,,,,,,,,,,,,,COMPLETE
964,964,0.8648398516691018,2025-01-01 21:18:57.981479,2025-01-01 21:19:12.989978,0 days 00:00:15.008499,1,145,,,,,,,,,,,,,,,,,,,,5,,,,,,,,,,,,,,,,,,,,COMPLETE
965,965,0.864262437891654,2025-01-01 21:19:12.990519,2025-01-01 21:19:39.955305,0 days 00:00:26.964786,2,130,85.0,,,,,,,,,,,,,,,,,,,5,2.0,,,,,,,,,,,,,,,,,,,COMPLETE
966,966,0.6905333878659469,2025-01-01 21:19:39.956084,2025-01-01 21:19:54.831424,0 days 00:00:14.875340,1,140,,,,,,,,,,,,,,,,,,,,5,,,,,,,,,,,,,,,,,,,,COMPLETE
967,967,0.0,2025-01-01 21:19:54.831997,2025-01-01 21:20:35.300054,0 days 00:00:40.468057,14,150,130.0,190.0,5.0,95.0,65.0,,,,,,,30.0,125.0,45.0,5.0,85.0,130.0,140.0,15.0,5,3.0,4.0,3.0,4.0,4.0,,,,,,,3.0,2.0,6.0,4.0,6.0,2.0,5.0,3.0,COMPLETE
968,968,0.8701325157180233,2025-01-01 21:20:35.301060,2025-01-01 21:21:55.550805,0 days 00:01:20.249745,2,160,50.0,,,,,,,,,,,,,,,,,,,4,5.0,,,,,,,,,,,,,,,,,,,COMPLETE
969,969,0.9036473710045744,2025-01-01 21:21:55.551588,2025-01-01 21:22:09.128775,0 days 00:00:13.577187,1,145,,,,,,,,,,,,,,,,,,,,5,,,,,,,,,,,,,,,,,,,,COMPLETE
970,970,0.902895427935985,2025-01-01 21:22:09.129433,2025-01-01 21:22:24.172706,0 days 00:00:15.043273,1,125,,,,,,,,,,,,,,,,,,,,5,,,,,,,,,,,,,,,,,,,,COMPLETE
971,971,0.0,2025-01-01 21:22:24.173358,2025-01-01 21:22:43.694169,0 days 00:00:19.520811,6,135,20.0,,,,,,,,,,,45.0,45.0,155.0,20.0,,,,,5,4.0,,,,,,,,,,,6.0,5.0,4.0,2.0,,,,,COMPLETE
972,972,0.8672263513940216,2025-01-01 21:22:43.694813,2025-01-01 21:23:40.487850,0 days 00:00:56.793037,2,65,165.0,,,,,,,,,,,,,,,,,,,5,6.0,,,,,,,,,,,,,,,,,,,COMPLETE
973,973,0.8979737926570432,2025-01-01 21:23:40.488640,2025-01-01 21:23:55.512674,0 days 00:00:15.024034,1,155,,,,,,,,,,,,,,,,,,,,5,,,,,,,,,,,,,,,,,,,,COMPLETE
974,974,0.6240495194388206,2025-01-01 21:23:55.513323,2025-01-01 21:24:09.821955,0 days 00:00:14.308632,1,130,,,,,,,,,,,,,,,,,,,,5,,,,,,,,,,,,,,,,,,,,COMPLETE
975,975,0.8725298680918971,2025-01-01 21:24:09.822610,2025-01-01 21:24:51.969799,0 days 00:00:42.147189,2,135,200.0,,,,,,,,,,,,,,,,,,,5,3.0,,,,,,,,,,,,,,,,,,,COMPLETE
976,976,0.8984227658810109,2025-01-01 21:24:51.970565,2025-01-01 21:25:08.021077,0 days 00:00:16.050512,1,145,,,,,,,,,,,,,,,,,,,,5,,,,,,,,,,,,,,,,,,,,COMPLETE
977,977,0.8534989201705896,2025-01-01 21:25:08.021645,2025-01-01 21:25:22.567460,0 days 00:00:14.545815,1,140,,,,,,,,,,,,,,,,,,,,5,,,,,,,,,,,,,,,,,,,,COMPLETE
978,978,0.8988490809899685,2025-01-01 21:25:22.568006,2025-01-01 21:25:36.921799,0 days 00:00:14.353793,1,125,,,,,,,,,,,,,,,,,,,,5,,,,,,,,,,,,,,,,,,,,COMPLETE
979,979,0.8719698212796215,2025-01-01 21:25:36.922454,2025-01-01 21:26:24.972737,0 days 00:00:48.050283,2,75,115.0,,,,,,,,,,,,,,,,,,,5,5.0,,,,,,,,,,,,,,,,,,,COMPLETE
980,980,0.9085405515292424,2025-01-01 21:26:24.973398,2025-01-01 21:26:39.570635,0 days 00:00:14.597237,1,135,,,,,,,,,,,,,,,,,,,,5,,,,,,,,,,,,,,,,,,,,COMPLETE
981,981,0.8705057232332918,2025-01-01 21:26:39.571382,2025-01-01 21:27:30.594031,0 days 00:00:51.022649,2,120,145.0,,,,,,,,,,,,,,,,,,,5,4.0,,,,,,,,,,,,,,,,,,,COMPLETE
982,982,0.8790376774721198,2025-01-01 21:27:30.594826,2025-01-01 21:27:44.087268,0 days 00:00:13.492442,1,130,,,,,,,,,,,,,,,,,,,,5,,,,,,,,,,,,,,,,,,,,COMPLETE
983,983,0.8990192450689136,2025-01-01 21:27:44.087830,2025-01-01 21:27:57.487868,0 days 00:00:13.400038,1,140,,,,,,,,,,,,,,,,,,,,5,,,,,,,,,,,,,,,,,,,,COMPLETE
984,984,0.8670065066959263,2025-01-01 21:27:57.488418,2025-01-01 21:29:41.611637,0 days 00:01:44.123219,2,150,40.0,,,,,,,,,,,,,,,,,,,5,6.0,,,,,,,,,,,,,,,,,,,COMPLETE
985,985,0.677048828688173,2025-01-01 21:29:41.612400,2025-01-01 21:29:57.810010,0 days 00:00:16.197610,1,135,,,,,,,,,,,,,,,,,,,,5,,,,,,,,,,,,,,,,,,,,COMPLETE
986,986,0.8859558040826521,2025-01-01 21:29:57.810720,2025-01-01 21:30:14.126561,0 days 00:00:16.315841,1,145,,,,,,,,,,,,,,,,,,,,5,,,,,,,,,,,,,,,,,,,,COMPLETE
987,987,0.5935428528012587,2025-01-01 21:30:14.127201,2025-01-01 21:30:25.586948,0 days 00:00:11.459747,1,145,,,,,,,,,,,,,,,,,,,,5,,,,,,,,,,,,,,,,,,,,COMPLETE
988,988,0.8656369519520701,2025-01-01 21:30:25.587518,2025-01-01 21:30:40.171750,0 days 00:00:14.584232,1,135,,,,,,,,,,,,,,,,,,,,5,,,,,,,,,,,,,,,,,,,,COMPLETE
989,989,0.8751124561851038,2025-01-01 21:30:40.172293,2025-01-01 21:31:00.640863,0 days 00:00:20.468570,2,130,10.0,,,,,,,,,,,,,,,,,,,3,2.0,,,,,,,,,,,,,,,,,,,COMPLETE
990,990,0.8990297047965341,2025-01-01 21:31:00.641647,2025-01-01 21:31:13.854542,0 days 00:00:13.212895,1,160,,,,,,,,,,,,,,,,,,,,4,,,,,,,,,,,,,,,,,,,,COMPLETE
991,991,0.8927172302276285,2025-01-01 21:31:13.855127,2025-01-01 21:31:25.092264,0 days 00:00:11.237137,1,140,,,,,,,,,,,,,,,,,,,,5,,,,,,,,,,,,,,,,,,,,COMPLETE
992,992,0.864771685310838,2025-01-01 21:31:25.092828,2025-01-01 21:32:05.922276,0 days 00:00:40.829448,2,155,30.0,,,,,,,,,,,,,,,,,,,5,3.0,,,,,,,,,,,,,,,,,,,COMPLETE
993,993,0.5953032840843808,2025-01-01 21:32:05.923080,2025-01-01 21:32:20.032646,0 days 00:00:14.109566,1,25,,,,,,,,,,,,,,,,,,,,5,,,,,,,,,,,,,,,,,,,,COMPLETE
994,994,0.8968120851211179,2025-01-01 21:32:20.033196,2025-01-01 21:32:35.200771,0 days 00:00:15.167575,1,150,,,,,,,,,,,,,,,,,,,,5,,,,,,,,,,,,,,,,,,,,COMPLETE
995,995,0.8716639128015131,2025-01-01 21:32:35.201444,2025-01-01 21:33:34.223598,0 days 00:00:59.022154,2,140,170.0,,,,,,,,,,,,,,,,,,,5,4.0,,,,,,,,,,,,,,,,,,,COMPLETE
996,996,0.8698987950436332,2025-01-01 21:33:34.224384,2025-01-01 21:34:48.205157,0 days 00:01:13.980773,2,130,155.0,,,,,,,,,,,,,,,,,,,5,5.0,,,,,,,,,,,,,,,,,,,COMPLETE
