,number,value,datetime_start,datetime_complete,duration,params_depth,params_neurons_layer_0,params_neurons_layer_1,params_neurons_layer_10,params_neurons_layer_11,params_neurons_layer_12,params_neurons_layer_13,params_neurons_layer_14,params_neurons_layer_15,params_neurons_layer_16,params_neurons_layer_17,params_neurons_layer_18,params_neurons_layer_19,params_neurons_layer_2,params_neurons_layer_3,params_neurons_layer_4,params_neurons_layer_5,params_neurons_layer_6,params_neurons_layer_7,params_neurons_layer_8,params_neurons_layer_9,params_orders_layer_0,params_orders_layer_1,params_orders_layer_10,params_orders_layer_11,params_orders_layer_12,params_orders_layer_13,params_orders_layer_14,params_orders_layer_15,params_orders_layer_16,params_orders_layer_17,params_orders_layer_18,params_orders_layer_19,params_orders_layer_2,params_orders_layer_3,params_orders_layer_4,params_orders_layer_5,params_orders_layer_6,params_orders_layer_7,params_orders_layer_8,params_orders_layer_9,state
956,956,0.8159504265250281,2025-01-01 11:10:59.091152,2025-01-01 11:11:06.091436,0 days 00:00:07.000284,3,120,85.0,,,,,,,,,,,25.0,,,,,,,,6,4.0,,,,,,,,,,,5.0,,,,,,,,COMPLETE
957,957,0.0,2025-01-01 11:11:06.092050,2025-01-01 11:11:09.828887,0 days 00:00:03.736837,4,135,55.0,,,,,,,,,,,40.0,85.0,,,,,,,2,4.0,,,,,,,,,,,4.0,6.0,,,,,,,COMPLETE
958,958,0.845568783068783,2025-01-01 11:11:09.829520,2025-01-01 11:11:13.913449,0 days 00:00:04.083929,2,115,80.0,,,,,,,,,,,,,,,,,,,6,3.0,,,,,,,,,,,,,,,,,,,COMPLETE
959,959,0.0,2025-01-01 11:11:13.914027,2025-01-01 11:11:16.603786,0 days 00:00:02.689759,3,140,190.0,,,,,,,,,,,50.0,,,,,,,,6,4.0,,,,,,,,,,,2.0,,,,,,,,COMPLETE
960,960,0.8156622623267805,2025-01-01 11:11:16.604368,2025-01-01 11:11:23.577361,0 days 00:00:06.972993,4,125,140.0,,,,,,,,,,,75.0,20.0,,,,,,,6,3.0,,,,,,,,,,,2.0,4.0,,,,,,,COMPLETE
961,961,0.857097288676236,2025-01-01 11:11:23.577997,2025-01-01 11:11:30.248168,0 days 00:00:06.670171,3,130,180.0,,,,,,,,,,,65.0,,,,,,,,6,4.0,,,,,,,,,,,5.0,,,,,,,,COMPLETE
962,962,0.8288961038961038,2025-01-01 11:11:30.248786,2025-01-01 11:11:36.165535,0 days 00:00:05.916749,3,120,90.0,,,,,,,,,,,30.0,,,,,,,,6,4.0,,,,,,,,,,,2.0,,,,,,,,COMPLETE
963,963,0.8390804597701149,2025-01-01 11:11:36.166218,2025-01-01 11:11:40.291414,0 days 00:00:04.125196,2,150,135.0,,,,,,,,,,,,,,,,,,,6,3.0,,,,,,,,,,,,,,,,,,,COMPLETE
964,964,0.0,2025-01-01 11:11:40.291991,2025-01-01 11:11:48.066016,0 days 00:00:07.774025,12,125,155.0,140.0,60.0,,,,,,,,,65.0,60.0,40.0,130.0,175.0,150.0,60.0,175.0,6,4.0,5.0,2.0,,,,,,,,,2.0,5.0,5.0,4.0,3.0,5.0,5.0,5.0,COMPLETE
965,965,0.8379475521636762,2025-01-01 11:11:48.066868,2025-01-01 11:11:53.798686,0 days 00:00:05.731818,3,135,195.0,,,,,,,,,,,95.0,,,,,,,,6,3.0,,,,,,,,,,,4.0,,,,,,,,COMPLETE
966,966,0.7846153846153847,2025-01-01 11:11:53.799284,2025-01-01 11:12:02.082433,0 days 00:00:08.283149,4,120,185.0,,,,,,,,,,,60.0,105.0,,,,,,,6,4.0,,,,,,,,,,,2.0,6.0,,,,,,,COMPLETE
967,967,0.8430709802028006,2025-01-01 11:12:02.083236,2025-01-01 11:12:06.904768,0 days 00:00:04.821532,2,115,80.0,,,,,,,,,,,,,,,,,,,6,4.0,,,,,,,,,,,,,,,,,,,COMPLETE
968,968,0.7946264848919716,2025-01-01 11:12:06.905348,2025-01-01 11:12:12.749572,0 days 00:00:05.844224,3,140,75.0,,,,,,,,,,,70.0,,,,,,,,6,3.0,,,,,,,,,,,5.0,,,,,,,,COMPLETE
969,969,0.0,2025-01-01 11:12:12.750182,2025-01-01 11:12:15.834594,0 days 00:00:03.084412,5,130,90.0,,,,,,,,,,,120.0,85.0,50.0,,,,,,6,4.0,,,,,,,,,,,2.0,5.0,3.0,,,,,,COMPLETE
970,970,0.8035714285714286,2025-01-01 11:12:15.835227,2025-01-01 11:12:22.835328,0 days 00:00:07.000101,3,125,160.0,,,,,,,,,,,55.0,,,,,,,,6,4.0,,,,,,,,,,,5.0,,,,,,,,COMPLETE
971,971,0.8481053051455923,2025-01-01 11:12:22.835957,2025-01-01 11:12:28.007774,0 days 00:00:05.171817,3,120,130.0,,,,,,,,,,,45.0,,,,,,,,6,3.0,,,,,,,,,,,2.0,,,,,,,,COMPLETE
972,972,0.0,2025-01-01 11:12:28.008371,2025-01-01 11:12:36.536344,0 days 00:00:08.527973,14,155,190.0,15.0,40.0,185.0,25.0,,,,,,,50.0,75.0,65.0,75.0,50.0,65.0,30.0,200.0,6,4.0,2.0,4.0,6.0,3.0,,,,,,,2.0,6.0,4.0,6.0,2.0,4.0,4.0,3.0,COMPLETE
973,973,0.8569604086845466,2025-01-01 11:12:36.537228,2025-01-01 11:12:41.480357,0 days 00:00:04.943129,2,130,170.0,,,,,,,,,,,,,,,,,,,6,5.0,,,,,,,,,,,,,,,,,,,COMPLETE
974,974,0.0,2025-01-01 11:12:41.480958,2025-01-01 11:12:43.994754,0 days 00:00:02.513796,4,145,85.0,,,,,,,,,,,75.0,125.0,,,,,,,2,4.0,,,,,,,,,,,2.0,5.0,,,,,,,COMPLETE
975,975,0.0,2025-01-01 11:12:43.995391,2025-01-01 11:12:53.849414,0 days 00:00:09.854023,16,125,195.0,190.0,10.0,150.0,60.0,185.0,95.0,,,,,70.0,140.0,200.0,95.0,85.0,130.0,80.0,85.0,6,4.0,3.0,4.0,2.0,4.0,3.0,6.0,,,,,5.0,4.0,6.0,5.0,4.0,3.0,2.0,6.0,COMPLETE
976,976,0.8144963144963145,2025-01-01 11:12:53.850425,2025-01-01 11:12:57.353495,0 days 00:00:03.503070,2,115,75.0,,,,,,,,,,,,,,,,,,,6,2.0,,,,,,,,,,,,,,,,,,,COMPLETE
977,977,0.7837662337662338,2025-01-01 11:12:57.354079,2025-01-01 11:13:02.443841,0 days 00:00:05.089762,3,140,200.0,,,,,,,,,,,35.0,,,,,,,,6,3.0,,,,,,,,,,,2.0,,,,,,,,COMPLETE
978,978,0.8364327630382676,2025-01-01 11:13:02.444533,2025-01-01 11:13:07.564845,0 days 00:00:05.120312,3,120,145.0,,,,,,,,,,,60.0,,,,,,,,6,3.0,,,,,,,,,,,2.0,,,,,,,,COMPLETE
979,979,0.8503853090670601,2025-01-01 11:13:07.565448,2025-01-01 11:13:12.076371,0 days 00:00:04.510923,2,135,110.0,,,,,,,,,,,,,,,,,,,6,4.0,,,,,,,,,,,,,,,,,,,COMPLETE
980,980,0.8033205619412516,2025-01-01 11:13:12.076960,2025-01-01 11:13:20.861725,0 days 00:00:08.784765,4,150,105.0,,,,,,,,,,,65.0,145.0,,,,,,,6,4.0,,,,,,,,,,,4.0,6.0,,,,,,,COMPLETE
981,981,0.7850975375759515,2025-01-01 11:13:20.862531,2025-01-01 11:13:25.791400,0 days 00:00:04.928869,3,130,80.0,,,,,,,,,,,70.0,,,,,,,,4,3.0,,,,,,,,,,,2.0,,,,,,,,COMPLETE
982,982,0.8196881091617934,2025-01-01 11:13:25.792003,2025-01-01 11:13:30.329650,0 days 00:00:04.537647,2,115,85.0,,,,,,,,,,,,,,,,,,,6,4.0,,,,,,,,,,,,,,,,,,,COMPLETE
983,983,0.8198051948051948,2025-01-01 11:13:30.330232,2025-01-01 11:13:36.367158,0 days 00:00:06.036926,3,90,180.0,,,,,,,,,,,5.0,,,,,,,,6,4.0,,,,,,,,,,,3.0,,,,,,,,COMPLETE
984,984,0.0,2025-01-01 11:13:36.367806,2025-01-01 11:13:42.130666,0 days 00:00:05.762860,8,120,150.0,,,,,,,,,,,55.0,95.0,180.0,165.0,130.0,200.0,,,6,3.0,,,,,,,,,,,5.0,5.0,4.0,3.0,6.0,6.0,,,COMPLETE
985,985,0.0,2025-01-01 11:13:42.131432,2025-01-01 11:13:52.500826,0 days 00:00:10.369394,19,125,185.0,45.0,95.0,105.0,130.0,145.0,140.0,165.0,145.0,135.0,,90.0,65.0,10.0,40.0,25.0,45.0,105.0,60.0,6,4.0,4.0,6.0,5.0,5.0,4.0,2.0,2.0,5.0,3.0,,2.0,2.0,2.0,3.0,5.0,2.0,4.0,2.0,COMPLETE
986,986,0.0,2025-01-01 11:13:52.501828,2025-01-01 11:13:55.336200,0 days 00:00:02.834372,4,145,90.0,,,,,,,,,,,60.0,185.0,,,,,,,6,4.0,,,,,,,,,,,2.0,6.0,,,,,,,COMPLETE
987,987,0.8482021844853703,2025-01-01 11:13:55.336826,2025-01-01 11:14:02.444999,0 days 00:00:07.108173,3,135,190.0,,,,,,,,,,,75.0,,,,,,,,2,3.0,,,,,,,,,,,6.0,,,,,,,,COMPLETE
988,988,0.8390804597701149,2025-01-01 11:14:02.445622,2025-01-01 11:14:08.298641,0 days 00:00:05.853019,3,125,70.0,,,,,,,,,,,35.0,,,,,,,,6,4.0,,,,,,,,,,,2.0,,,,,,,,COMPLETE
989,989,0.8161030595813205,2025-01-01 11:14:08.299248,2025-01-01 11:14:12.665190,0 days 00:00:04.365942,2,115,130.0,,,,,,,,,,,,,,,,,,,6,3.0,,,,,,,,,,,,,,,,,,,COMPLETE
990,990,0.0,2025-01-01 11:14:12.665785,2025-01-01 11:14:16.620816,0 days 00:00:03.955031,6,140,195.0,,,,,,,,,,,45.0,120.0,100.0,115.0,,,,,6,4.0,,,,,,,,,,,4.0,3.0,5.0,4.0,,,,,COMPLETE
991,991,0.8553433563592036,2025-01-01 11:14:16.621516,2025-01-01 11:14:23.700110,0 days 00:00:07.078594,3,130,135.0,,,,,,,,,,,100.0,,,,,,,,6,4.0,,,,,,,,,,,5.0,,,,,,,,COMPLETE
992,992,0.8071911196911197,2025-01-01 11:14:23.700812,2025-01-01 11:14:28.838040,0 days 00:00:05.137228,3,120,140.0,,,,,,,,,,,65.0,,,,,,,,6,3.0,,,,,,,,,,,2.0,,,,,,,,COMPLETE
993,993,0.8251247384516337,2025-01-01 11:14:28.838653,2025-01-01 11:14:33.665386,0 days 00:00:04.826733,2,80,110.0,,,,,,,,,,,,,,,,,,,6,4.0,,,,,,,,,,,,,,,,,,,COMPLETE
994,994,0.7988888888888889,2025-01-01 11:14:33.665997,2025-01-01 11:14:37.166572,0 days 00:00:03.500575,1,135,,,,,,,,,,,,,,,,,,,,6,,,,,,,,,,,,,,,,,,,,COMPLETE
995,995,0.7982300884955753,2025-01-01 11:14:37.167128,2025-01-01 11:14:44.520660,0 days 00:00:07.353532,4,95,100.0,,,,,,,,,,,80.0,15.0,,,,,,,6,5.0,,,,,,,,,,,2.0,4.0,,,,,,,COMPLETE
996,996,0.8030060761112888,2025-01-01 11:14:44.521495,2025-01-01 11:14:55.340364,0 days 00:00:10.818869,4,125,200.0,,,,,,,,,,,40.0,50.0,,,,,,,6,3.0,,,,,,,,,,,5.0,5.0,,,,,,,COMPLETE
997,997,0.8571428571428571,2025-01-01 11:14:55.341022,2025-01-01 11:15:00.838627,0 days 00:00:05.497605,3,125,190.0,,,,,,,,,,,60.0,,,,,,,,6,4.0,,,,,,,,,,,2.0,,,,,,,,COMPLETE
998,998,0.8340572715572716,2025-01-01 11:15:00.839248,2025-01-01 11:15:05.046875,0 days 00:00:04.207627,2,130,165.0,,,,,,,,,,,,,,,,,,,6,4.0,,,,,,,,,,,,,,,,,,,COMPLETE
999,999,0.859963946247132,2025-01-01 11:15:05.047468,2025-01-01 11:15:10.203782,0 days 00:00:05.156314,3,115,105.0,,,,,,,,,,,20.0,,,,,,,,6,3.0,,,,,,,,,,,2.0,,,,,,,,COMPLETE
