,number,value,datetime_start,datetime_complete,duration,params_depth,params_neurons_layer_0,params_neurons_layer_1,params_neurons_layer_10,params_neurons_layer_11,params_neurons_layer_12,params_neurons_layer_13,params_neurons_layer_14,params_neurons_layer_15,params_neurons_layer_16,params_neurons_layer_17,params_neurons_layer_18,params_neurons_layer_19,params_neurons_layer_2,params_neurons_layer_3,params_neurons_layer_4,params_neurons_layer_5,params_neurons_layer_6,params_neurons_layer_7,params_neurons_layer_8,params_neurons_layer_9,params_orders_layer_0,params_orders_layer_1,params_orders_layer_10,params_orders_layer_11,params_orders_layer_12,params_orders_layer_13,params_orders_layer_14,params_orders_layer_15,params_orders_layer_16,params_orders_layer_17,params_orders_layer_18,params_orders_layer_19,params_orders_layer_2,params_orders_layer_3,params_orders_layer_4,params_orders_layer_5,params_orders_layer_6,params_orders_layer_7,params_orders_layer_8,params_orders_layer_9,state
0,0,0.0,2025-01-01 11:15:15.674636,2025-01-01 11:15:21.179337,0 days 00:00:05.504701,8,90,90.0,,,,,,,,,,,100.0,115.0,60.0,120.0,200.0,180.0,,,3,4.0,,,,,,,,,,,6.0,2.0,6.0,5.0,4.0,6.0,,,COMPLETE
1,1,0.0,2025-01-01 11:15:21.179939,2025-01-01 11:15:29.462981,0 days 00:00:08.283042,16,145,5.0,80.0,85.0,130.0,195.0,35.0,95.0,,,,,35.0,85.0,150.0,90.0,200.0,30.0,15.0,200.0,3,2.0,4.0,3.0,5.0,4.0,5.0,3.0,,,,,3.0,3.0,3.0,6.0,6.0,6.0,3.0,2.0,COMPLETE
2,2,0.4301572617946346,2025-01-01 11:15:29.463763,2025-01-01 11:15:34.716066,0 days 00:00:05.252303,3,145,25.0,,,,,,,,,,,60.0,,,,,,,,5,5.0,,,,,,,,,,,4.0,,,,,,,,COMPLETE
3,3,0.0,2025-01-01 11:15:34.716451,2025-01-01 11:15:39.010697,0 days 00:00:04.294246,11,180,45.0,30.0,,,,,,,,,,45.0,30.0,120.0,95.0,110.0,20.0,100.0,190.0,3,5.0,2.0,,,,,,,,,,5.0,4.0,3.0,2.0,4.0,2.0,6.0,6.0,COMPLETE
4,4,0.0,2025-01-01 11:15:39.011269,2025-01-01 11:15:50.567189,0 days 00:00:11.555920,19,130,65.0,150.0,50.0,190.0,95.0,110.0,125.0,190.0,115.0,170.0,,10.0,115.0,90.0,20.0,50.0,95.0,30.0,5.0,4,3.0,6.0,4.0,5.0,5.0,4.0,5.0,3.0,2.0,3.0,,6.0,5.0,6.0,6.0,5.0,3.0,6.0,5.0,COMPLETE
5,5,0.0,2025-01-01 11:15:50.568036,2025-01-01 11:15:55.097922,0 days 00:00:04.529886,8,120,80.0,,,,,,,,,,,70.0,155.0,70.0,15.0,175.0,190.0,,,6,4.0,,,,,,,,,,,6.0,5.0,3.0,3.0,2.0,2.0,,,COMPLETE
6,6,0.0,2025-01-01 11:15:55.098429,2025-01-01 11:16:01.862478,0 days 00:00:06.764049,15,25,25.0,25.0,110.0,160.0,10.0,50.0,,,,,,10.0,100.0,85.0,200.0,60.0,25.0,100.0,105.0,2,3.0,3.0,3.0,2.0,3.0,3.0,,,,,,2.0,6.0,6.0,6.0,6.0,5.0,4.0,3.0,COMPLETE
7,7,0.0,2025-01-01 11:16:01.863162,2025-01-01 11:16:09.368537,0 days 00:00:07.505375,11,65,40.0,90.0,,,,,,,,,,30.0,105.0,175.0,30.0,145.0,60.0,100.0,140.0,3,6.0,3.0,,,,,,,,,,5.0,6.0,4.0,6.0,6.0,6.0,6.0,4.0,COMPLETE
8,8,0.0,2025-01-01 11:16:09.369145,2025-01-01 11:16:14.813318,0 days 00:00:05.444173,11,155,125.0,115.0,,,,,,,,,,130.0,55.0,40.0,100.0,100.0,125.0,180.0,15.0,6,2.0,4.0,,,,,,,,,,2.0,3.0,4.0,6.0,5.0,5.0,6.0,6.0,COMPLETE
9,9,0.0,2025-01-01 11:16:14.814029,2025-01-01 11:16:18.232609,0 days 00:00:03.418580,6,95,180.0,,,,,,,,,,,130.0,5.0,65.0,75.0,,,,,2,5.0,,,,,,,,,,,2.0,4.0,4.0,3.0,,,,,COMPLETE
10,10,0.6227272727272728,2025-01-01 11:16:18.233065,2025-01-01 11:16:20.676227,0 days 00:00:02.443162,1,200,,,,,,,,,,,,,,,,,,,,5,,,,,,,,,,,,,,,,,,,,COMPLETE
11,11,0.6059928443649374,2025-01-01 11:16:20.676535,2025-01-01 11:16:24.529151,0 days 00:00:03.852616,1,180,,,,,,,,,,,,,,,,,,,,5,,,,,,,,,,,,,,,,,,,,COMPLETE
12,12,0.6057142857142856,2025-01-01 11:16:24.529450,2025-01-01 11:16:26.751497,0 days 00:00:02.222047,1,200,,,,,,,,,,,,,,,,,,,,5,,,,,,,,,,,,,,,,,,,,COMPLETE
13,13,0.5994397759103641,2025-01-01 11:16:26.751796,2025-01-01 11:16:30.017987,0 days 00:00:03.266191,1,190,,,,,,,,,,,,,,,,,,,,5,,,,,,,,,,,,,,,,,,,,COMPLETE
14,14,0.0,2025-01-01 11:16:30.018300,2025-01-01 11:16:32.676209,0 days 00:00:02.657909,4,165,195.0,,,,,,,,,,,195.0,190.0,,,,,,,4,6.0,,,,,,,,,,,4.0,2.0,,,,,,,COMPLETE
15,15,0.0,2025-01-01 11:16:32.676599,2025-01-01 11:16:34.858993,0 days 00:00:02.182394,4,200,125.0,,,,,,,,,,,200.0,185.0,,,,,,,5,3.0,,,,,,,,,,,3.0,3.0,,,,,,,COMPLETE
16,16,0.6578044596912521,2025-01-01 11:16:34.859362,2025-01-01 11:16:39.155362,0 days 00:00:04.296000,1,175,,,,,,,,,,,,,,,,,,,,6,,,,,,,,,,,,,,,,,,,,COMPLETE
17,17,0.0,2025-01-01 11:16:39.155675,2025-01-01 11:16:41.857938,0 days 00:00:02.702263,7,5,150.0,,,,,,,,,,,165.0,155.0,10.0,195.0,5.0,,,,6,6.0,,,,,,,,,,,5.0,5.0,2.0,4.0,2.0,,,,COMPLETE
18,18,0.0,2025-01-01 11:16:41.858384,2025-01-01 11:16:44.824109,0 days 00:00:02.965725,5,55,160.0,,,,,,,,,,,90.0,60.0,195.0,,,,,,6,2.0,,,,,,,,,,,3.0,4.0,5.0,,,,,,COMPLETE
19,19,0.0,2025-01-01 11:16:44.824527,2025-01-01 11:16:47.327731,0 days 00:00:02.503204,3,170,115.0,,,,,,,,,,,140.0,,,,,,,,6,4.0,,,,,,,,,,,4.0,,,,,,,,COMPLETE
20,20,0.0,2025-01-01 11:16:47.328085,2025-01-01 11:16:52.949876,0 days 00:00:05.621791,13,125,145.0,180.0,200.0,30.0,,,,,,,,170.0,145.0,120.0,155.0,35.0,140.0,195.0,60.0,4,5.0,6.0,6.0,2.0,,,,,,,,5.0,2.0,2.0,2.0,3.0,4.0,2.0,2.0,COMPLETE
21,21,0.5095693779904306,2025-01-01 11:16:52.950463,2025-01-01 11:16:55.711665,0 days 00:00:02.761202,1,180,,,,,,,,,,,,,,,,,,,,5,,,,,,,,,,,,,,,,,,,,COMPLETE
22,22,0.5927952576379389,2025-01-01 11:16:55.711976,2025-01-01 11:16:59.563634,0 days 00:00:03.851658,2,170,200.0,,,,,,,,,,,,,,,,,,,5,3.0,,,,,,,,,,,,,,,,,,,COMPLETE
23,23,0.5700000000000001,2025-01-01 11:16:59.563959,2025-01-01 11:17:04.922591,0 days 00:00:05.358632,3,200,70.0,,,,,,,,,,,80.0,,,,,,,,4,2.0,,,,,,,,,,,3.0,,,,,,,,COMPLETE
24,24,0.0,2025-01-01 11:17:04.922947,2025-01-01 11:17:09.122809,0 days 00:00:04.199862,5,150,95.0,,,,,,,,,,,115.0,5.0,25.0,,,,,,6,4.0,,,,,,,,,,,6.0,6.0,5.0,,,,,,COMPLETE
25,25,0.0,2025-01-01 11:17:09.123243,2025-01-01 11:17:14.502606,0 days 00:00:05.379363,9,185,110.0,,,,,,,,,,,160.0,200.0,150.0,50.0,105.0,75.0,150.0,,5,6.0,,,,,,,,,,,2.0,3.0,5.0,4.0,3.0,3.0,4.0,,COMPLETE
26,26,0.4594594594594595,2025-01-01 11:17:14.503108,2025-01-01 11:17:19.127608,0 days 00:00:04.624500,1,160,,,,,,,,,,,,,,,,,,,,6,,,,,,,,,,,,,,,,,,,,COMPLETE
27,27,0.0,2025-01-01 11:17:19.127919,2025-01-01 11:17:32.375188,0 days 00:00:13.247269,20,110,170.0,190.0,10.0,40.0,200.0,200.0,5.0,5.0,5.0,25.0,150.0,110.0,50.0,200.0,140.0,145.0,155.0,55.0,145.0,5,5.0,5.0,6.0,6.0,2.0,6.0,6.0,6.0,6.0,6.0,3.0,5.0,5.0,2.0,5.0,3.0,4.0,2.0,4.0,COMPLETE
28,28,0.0,2025-01-01 11:17:32.376125,2025-01-01 11:17:35.714818,0 days 00:00:03.338693,6,140,55.0,,,,,,,,,,,55.0,140.0,150.0,170.0,,,,,4,3.0,,,,,,,,,,,4.0,2.0,5.0,3.0,,,,,COMPLETE
29,29,0.0,2025-01-01 11:17:35.715258,2025-01-01 11:17:38.526290,0 days 00:00:02.811032,3,80,140.0,,,,,,,,,,,180.0,,,,,,,,5,4.0,,,,,,,,,,,3.0,,,,,,,,COMPLETE
30,30,0.0,2025-01-01 11:17:38.526657,2025-01-01 11:17:44.142112,0 days 00:00:05.615455,9,175,15.0,,,,,,,,,,,150.0,80.0,120.0,60.0,5.0,100.0,145.0,,6,6.0,,,,,,,,,,,4.0,4.0,3.0,4.0,5.0,3.0,4.0,,COMPLETE
31,31,0.6242424242424243,2025-01-01 11:17:44.142647,2025-01-01 11:17:47.629965,0 days 00:00:03.487318,1,200,,,,,,,,,,,,,,,,,,,,5,,,,,,,,,,,,,,,,,,,,COMPLETE
32,32,0.6154545454545455,2025-01-01 11:17:47.630293,2025-01-01 11:17:50.572204,0 days 00:00:02.941911,2,190,175.0,,,,,,,,,,,,,,,,,,,4,2.0,,,,,,,,,,,,,,,,,,,COMPLETE
33,33,0.5742753623188406,2025-01-01 11:17:50.572535,2025-01-01 11:17:53.249607,0 days 00:00:02.677072,2,190,185.0,,,,,,,,,,,,,,,,,,,4,2.0,,,,,,,,,,,,,,,,,,,COMPLETE
34,34,0.0,2025-01-01 11:17:53.249929,2025-01-01 11:17:55.668470,0 days 00:00:02.418541,4,190,175.0,,,,,,,,,,,30.0,25.0,,,,,,,3,3.0,,,,,,,,,,,2.0,6.0,,,,,,,COMPLETE
35,35,0.6452358926919519,2025-01-01 11:17:55.668855,2025-01-01 11:17:59.160346,0 days 00:00:03.491491,2,140,160.0,,,,,,,,,,,,,,,,,,,4,2.0,,,,,,,,,,,,,,,,,,,COMPLETE
36,36,0.5523809523809524,2025-01-01 11:17:59.160681,2025-01-01 11:18:03.802577,0 days 00:00:04.641896,2,135,90.0,,,,,,,,,,,,,,,,,,,3,4.0,,,,,,,,,,,,,,,,,,,COMPLETE
37,37,0.0,2025-01-01 11:18:03.802924,2025-01-01 11:18:10.224367,0 days 00:00:06.421443,17,150,130.0,5.0,200.0,85.0,10.0,200.0,200.0,70.0,,,,5.0,175.0,5.0,125.0,80.0,5.0,60.0,60.0,4,2.0,2.0,2.0,3.0,6.0,2.0,2.0,2.0,,,,6.0,3.0,2.0,5.0,2.0,5.0,5.0,3.0,COMPLETE
38,38,0.0,2025-01-01 11:18:10.225048,2025-01-01 11:18:13.570421,0 days 00:00:03.345373,5,115,155.0,,,,,,,,,,,185.0,125.0,40.0,,,,,,5,3.0,,,,,,,,,,,5.0,5.0,4.0,,,,,,COMPLETE
39,39,0.0,2025-01-01 11:18:13.570849,2025-01-01 11:18:17.036810,0 days 00:00:03.465961,3,155,100.0,,,,,,,,,,,90.0,,,,,,,,3,4.0,,,,,,,,,,,6.0,,,,,,,,COMPLETE
40,40,0.0,2025-01-01 11:18:17.037166,2025-01-01 11:18:19.884649,0 days 00:00:02.847483,7,165,165.0,,,,,,,,,,,100.0,75.0,100.0,170.0,150.0,,,,4,2.0,,,,,,,,,,,3.0,2.0,6.0,2.0,4.0,,,,COMPLETE
41,41,0.5695970695970696,2025-01-01 11:18:19.885096,2025-01-01 11:18:23.072362,0 days 00:00:03.187266,2,200,135.0,,,,,,,,,,,,,,,,,,,4,2.0,,,,,,,,,,,,,,,,,,,COMPLETE
42,42,0.5790697674418605,2025-01-01 11:18:23.072697,2025-01-01 11:18:26.690465,0 days 00:00:03.617768,2,190,185.0,,,,,,,,,,,,,,,,,,,4,3.0,,,,,,,,,,,,,,,,,,,COMPLETE
43,43,0.0,2025-01-01 11:18:26.690819,2025-01-01 11:18:28.994807,0 days 00:00:02.303988,4,180,195.0,,,,,,,,,,,125.0,170.0,,,,,,,3,2.0,,,,,,,,,,,4.0,4.0,,,,,,,COMPLETE
44,44,0.37254901960784315,2025-01-01 11:18:28.995188,2025-01-01 11:18:31.785602,0 days 00:00:02.790414,1,175,,,,,,,,,,,,,,,,,,,,4,,,,,,,,,,,,,,,,,,,,COMPLETE
45,45,0.5560224089635855,2025-01-01 11:18:31.785930,2025-01-01 11:18:35.710784,0 days 00:00:03.924854,2,195,115.0,,,,,,,,,,,,,,,,,,,5,3.0,,,,,,,,,,,,,,,,,,,COMPLETE
46,46,0.0,2025-01-01 11:18:35.711118,2025-01-01 11:18:37.364697,0 days 00:00:01.653579,3,140,160.0,,,,,,,,,,,150.0,,,,,,,,4,2.0,,,,,,,,,,,3.0,,,,,,,,COMPLETE
47,47,0.0,2025-01-01 11:18:37.365053,2025-01-01 11:18:45.568613,0 days 00:00:08.203560,14,185,85.0,60.0,140.0,90.0,110.0,,,,,,,45.0,20.0,175.0,5.0,30.0,60.0,150.0,65.0,2,3.0,5.0,5.0,4.0,2.0,,,,,,,4.0,6.0,5.0,3.0,5.0,2.0,3.0,5.0,COMPLETE
48,48,0.5927952576379389,2025-01-01 11:18:45.569375,2025-01-01 11:18:48.184541,0 days 00:00:02.615166,1,160,,,,,,,,,,,,,,,,,,,,5,,,,,,,,,,,,,,,,,,,,COMPLETE
49,49,0.0,2025-01-01 11:18:48.184858,2025-01-01 11:18:50.878925,0 days 00:00:02.694067,4,170,145.0,,,,,,,,,,,65.0,45.0,,,,,,,6,2.0,,,,,,,,,,,5.0,5.0,,,,,,,COMPLETE
50,50,0.0,2025-01-01 11:18:50.879308,2025-01-01 11:18:53.989812,0 days 00:00:03.110504,5,130,185.0,,,,,,,,,,,20.0,125.0,175.0,,,,,,5,4.0,,,,,,,,,,,6.0,2.0,3.0,,,,,,COMPLETE
51,51,0.4871456822676335,2025-01-01 11:18:53.990219,2025-01-01 11:18:58.010234,0 days 00:00:04.020015,1,180,,,,,,,,,,,,,,,,,,,,5,,,,,,,,,,,,,,,,,,,,COMPLETE
52,52,0.43665158371040724,2025-01-01 11:18:58.010563,2025-01-01 11:19:01.682359,0 days 00:00:03.671796,1,195,,,,,,,,,,,,,,,,,,,,5,,,,,,,,,,,,,,,,,,,,COMPLETE
53,53,0.6356589147286822,2025-01-01 11:19:01.682710,2025-01-01 11:19:04.102952,0 days 00:00:02.420242,2,200,40.0,,,,,,,,,,,,,,,,,,,6,2.0,,,,,,,,,,,,,,,,,,,COMPLETE
54,54,0.6126373626373627,2025-01-01 11:19:04.103282,2025-01-01 11:19:11.362042,0 days 00:00:07.258760,3,200,35.0,,,,,,,,,,,55.0,,,,,,,,6,2.0,,,,,,,,,,,2.0,,,,,,,,COMPLETE
55,55,0.6323055683387022,2025-01-01 11:19:11.362403,2025-01-01 11:19:13.944250,0 days 00:00:02.581847,2,185,5.0,,,,,,,,,,,,,,,,,,,6,2.0,,,,,,,,,,,,,,,,,,,COMPLETE
56,56,0.0,2025-01-01 11:19:13.944590,2025-01-01 11:19:17.793190,0 days 00:00:03.848600,6,95,5.0,,,,,,,,,,,75.0,75.0,140.0,45.0,,,,,6,3.0,,,,,,,,,,,5.0,3.0,4.0,5.0,,,,,COMPLETE
57,57,0.0,2025-01-01 11:19:17.793639,2025-01-01 11:19:20.548493,0 days 00:00:02.754854,4,175,30.0,,,,,,,,,,,45.0,90.0,,,,,,,6,2.0,,,,,,,,,,,6.0,4.0,,,,,,,COMPLETE
58,58,0.637641723356009,2025-01-01 11:19:20.548887,2025-01-01 11:19:23.138238,0 days 00:00:02.589351,2,185,45.0,,,,,,,,,,,,,,,,,,,6,3.0,,,,,,,,,,,,,,,,,,,COMPLETE
59,59,0.6168478260869565,2025-01-01 11:19:23.138576,2025-01-01 11:19:27.118141,0 days 00:00:03.979565,3,165,45.0,,,,,,,,,,,20.0,,,,,,,,6,3.0,,,,,,,,,,,2.0,,,,,,,,COMPLETE
60,60,0.0,2025-01-01 11:19:27.118505,2025-01-01 11:19:33.178640,0 days 00:00:06.060135,12,185,55.0,130.0,5.0,,,,,,,,,100.0,35.0,30.0,75.0,125.0,170.0,70.0,155.0,6,2.0,3.0,2.0,,,,,,,,,3.0,3.0,6.0,4.0,3.0,4.0,5.0,5.0,COMPLETE
61,61,0.5957446808510638,2025-01-01 11:19:33.179232,2025-01-01 11:19:36.221994,0 days 00:00:03.042762,2,195,20.0,,,,,,,,,,,,,,,,,,,6,2.0,,,,,,,,,,,,,,,,,,,COMPLETE
62,62,0.60858189429618,2025-01-01 11:19:36.222331,2025-01-01 11:19:40.289052,0 days 00:00:04.066721,1,200,,,,,,,,,,,,,,,,,,,,6,,,,,,,,,,,,,,,,,,,,COMPLETE
63,63,0.6594202898550725,2025-01-01 11:19:40.289377,2025-01-01 11:19:43.754797,0 days 00:00:03.465420,2,40,5.0,,,,,,,,,,,,,,,,,,,6,3.0,,,,,,,,,,,,,,,,,,,COMPLETE
64,64,0.6295238095238096,2025-01-01 11:19:43.755160,2025-01-01 11:19:47.189916,0 days 00:00:03.434756,2,35,5.0,,,,,,,,,,,,,,,,,,,6,3.0,,,,,,,,,,,,,,,,,,,COMPLETE
65,65,0.0,2025-01-01 11:19:47.190269,2025-01-01 11:19:49.900588,0 days 00:00:02.710319,4,40,5.0,,,,,,,,,,,185.0,130.0,,,,,,,6,3.0,,,,,,,,,,,4.0,4.0,,,,,,,COMPLETE
66,66,0.6154545454545455,2025-01-01 11:19:49.900988,2025-01-01 11:19:53.741129,0 days 00:00:03.840141,3,20,15.0,,,,,,,,,,,120.0,,,,,,,,6,3.0,,,,,,,,,,,2.0,,,,,,,,COMPLETE
67,67,0.723404255319149,2025-01-01 11:19:53.741506,2025-01-01 11:19:57.740906,0 days 00:00:03.999400,2,50,10.0,,,,,,,,,,,,,,,,,,,6,3.0,,,,,,,,,,,,,,,,,,,COMPLETE
68,68,0.0,2025-01-01 11:19:57.741388,2025-01-01 11:20:01.055555,0 days 00:00:03.314167,6,65,30.0,,,,,,,,,,,140.0,165.0,55.0,115.0,,,,,6,2.0,,,,,,,,,,,5.0,5.0,2.0,2.0,,,,,COMPLETE
69,69,0.0,2025-01-01 11:20:01.056003,2025-01-01 11:20:12.455191,0 days 00:00:11.399188,17,45,45.0,160.0,150.0,5.0,115.0,125.0,35.0,190.0,,,,35.0,110.0,85.0,140.0,80.0,200.0,125.0,110.0,6,3.0,5.0,4.0,6.0,6.0,6.0,4.0,6.0,,,,6.0,6.0,5.0,3.0,2.0,5.0,3.0,3.0,COMPLETE
70,70,0.0,2025-01-01 11:20:12.455974,2025-01-01 11:20:15.423379,0 days 00:00:02.967405,3,70,75.0,,,,,,,,,,,90.0,,,,,,,,6,2.0,,,,,,,,,,,3.0,,,,,,,,COMPLETE
71,71,0.5432624113475177,2025-01-01 11:20:15.423763,2025-01-01 11:20:19.963591,0 days 00:00:04.539828,2,35,10.0,,,,,,,,,,,,,,,,,,,6,3.0,,,,,,,,,,,,,,,,,,,COMPLETE
72,72,0.6382978723404256,2025-01-01 11:20:19.963956,2025-01-01 11:20:23.063706,0 days 00:00:03.099750,2,20,20.0,,,,,,,,,,,,,,,,,,,6,3.0,,,,,,,,,,,,,,,,,,,COMPLETE
73,73,0.527536231884058,2025-01-01 11:20:23.064058,2025-01-01 11:20:28.303495,0 days 00:00:05.239437,3,5,20.0,,,,,,,,,,,15.0,,,,,,,,6,3.0,,,,,,,,,,,5.0,,,,,,,,COMPLETE
74,74,0.0,2025-01-01 11:20:28.303883,2025-01-01 11:20:31.438673,0 days 00:00:03.134790,5,25,25.0,,,,,,,,,,,200.0,90.0,135.0,,,,,,6,3.0,,,,,,,,,,,4.0,2.0,6.0,,,,,,COMPLETE
75,75,0.408418131359852,2025-01-01 11:20:31.439109,2025-01-01 11:20:34.974018,0 days 00:00:03.534909,2,15,35.0,,,,,,,,,,,,,,,,,,,6,2.0,,,,,,,,,,,,,,,,,,,COMPLETE
76,76,0.513157894736842,2025-01-01 11:20:34.974371,2025-01-01 11:20:38.580841,0 days 00:00:03.606470,1,55,,,,,,,,,,,,,,,,,,,,6,,,,,,,,,,,,,,,,,,,,COMPLETE
77,77,0.0,2025-01-01 11:20:38.581183,2025-01-01 11:20:41.149740,0 days 00:00:02.568557,4,105,55.0,,,,,,,,,,,175.0,65.0,,,,,,,6,4.0,,,,,,,,,,,2.0,5.0,,,,,,,COMPLETE
78,78,0.0,2025-01-01 11:20:41.150142,2025-01-01 11:20:45.635784,0 days 00:00:04.485642,10,30,15.0,,,,,,,,,,,135.0,40.0,185.0,175.0,160.0,125.0,10.0,45.0,6,3.0,,,,,,,,,,,3.0,6.0,3.0,5.0,4.0,3.0,5.0,2.0,COMPLETE
79,79,0.677564558161573,2025-01-01 11:20:45.636354,2025-01-01 11:20:49.310077,0 days 00:00:03.673723,1,10,,,,,,,,,,,,,,,,,,,,6,,,,,,,,,,,,,,,,,,,,COMPLETE
80,80,0.6153846153846154,2025-01-01 11:20:49.310418,2025-01-01 11:20:53.325611,0 days 00:00:04.015193,1,10,,,,,,,,,,,,,,,,,,,,6,,,,,,,,,,,,,,,,,,,,COMPLETE
81,81,0.4564393939393939,2025-01-01 11:20:53.325974,2025-01-01 11:20:59.945625,0 days 00:00:06.619651,2,15,25.0,,,,,,,,,,,,,,,,,,,6,5.0,,,,,,,,,,,,,,,,,,,COMPLETE
82,82,0.6382978723404256,2025-01-01 11:20:59.946000,2025-01-01 11:21:03.633908,0 days 00:00:03.687908,2,50,65.0,,,,,,,,,,,,,,,,,,,6,2.0,,,,,,,,,,,,,,,,,,,COMPLETE
83,83,0.36213235294117646,2025-01-01 11:21:03.634268,2025-01-01 11:21:07.762098,0 days 00:00:04.127830,1,75,,,,,,,,,,,,,,,,,,,,6,,,,,,,,,,,,,,,,,,,,COMPLETE
84,84,0.5161887141535615,2025-01-01 11:21:07.762576,2025-01-01 11:21:12.714966,0 days 00:00:04.952390,3,50,40.0,,,,,,,,,,,155.0,,,,,,,,6,3.0,,,,,,,,,,,6.0,,,,,,,,COMPLETE
85,85,0.5558139534883721,2025-01-01 11:21:12.715359,2025-01-01 11:21:16.960006,0 days 00:00:04.244647,2,25,65.0,,,,,,,,,,,,,,,,,,,6,4.0,,,,,,,,,,,,,,,,,,,COMPLETE
86,86,0.43529411764705883,2025-01-01 11:21:16.960375,2025-01-01 11:21:21.410022,0 days 00:00:04.449647,1,85,,,,,,,,,,,,,,,,,,,,6,,,,,,,,,,,,,,,,,,,,COMPLETE
87,87,0.5990697674418605,2025-01-01 11:21:21.410366,2025-01-01 11:21:25.839719,0 days 00:00:04.429353,3,55,65.0,,,,,,,,,,,80.0,,,,,,,,6,2.0,,,,,,,,,,,5.0,,,,,,,,COMPLETE
88,88,0.0,2025-01-01 11:21:25.840111,2025-01-01 11:21:28.230920,0 days 00:00:02.390809,4,60,50.0,,,,,,,,,,,105.0,20.0,,,,,,,6,3.0,,,,,,,,,,,4.0,3.0,,,,,,,COMPLETE
89,89,0.39507154213036566,2025-01-01 11:21:28.231327,2025-01-01 11:21:31.487175,0 days 00:00:03.255848,1,40,,,,,,,,,,,,,,,,,,,,2,,,,,,,,,,,,,,,,,,,,COMPLETE
90,90,0.6013888888888889,2025-01-01 11:21:31.487524,2025-01-01 11:21:37.287343,0 days 00:00:05.799819,2,20,20.0,,,,,,,,,,,,,,,,,,,6,2.0,,,,,,,,,,,,,,,,,,,COMPLETE
91,91,0.4865361077111383,2025-01-01 11:21:37.287724,2025-01-01 11:21:45.133626,0 days 00:00:07.845902,2,5,10.0,,,,,,,,,,,,,,,,,,,6,2.0,,,,,,,,,,,,,,,,,,,COMPLETE
92,92,0.5836829836829837,2025-01-01 11:21:45.133996,2025-01-01 11:21:48.630878,0 days 00:00:03.496882,3,30,35.0,,,,,,,,,,,190.0,,,,,,,,6,2.0,,,,,,,,,,,2.0,,,,,,,,COMPLETE
93,93,0.4444444444444444,2025-01-01 11:21:48.631249,2025-01-01 11:21:53.290808,0 days 00:00:04.659559,1,120,,,,,,,,,,,,,,,,,,,,6,,,,,,,,,,,,,,,,,,,,COMPLETE
94,94,0.6013888888888889,2025-01-01 11:21:53.291148,2025-01-01 11:21:56.140355,0 days 00:00:02.849207,2,45,10.0,,,,,,,,,,,,,,,,,,,6,2.0,,,,,,,,,,,,,,,,,,,COMPLETE
95,95,0.6015769944341374,2025-01-01 11:21:56.140746,2025-01-01 11:22:00.979163,0 days 00:00:04.838417,3,185,30.0,,,,,,,,,,,65.0,,,,,,,,6,2.0,,,,,,,,,,,3.0,,,,,,,,COMPLETE
96,96,0.5196172248803828,2025-01-01 11:22:00.979558,2025-01-01 11:22:06.489251,0 days 00:00:05.509693,2,15,40.0,,,,,,,,,,,,,,,,,,,6,2.0,,,,,,,,,,,,,,,,,,,COMPLETE
97,97,0.4563543003851091,2025-01-01 11:22:06.489619,2025-01-01 11:22:10.041828,0 days 00:00:03.552209,1,175,,,,,,,,,,,,,,,,,,,,5,,,,,,,,,,,,,,,,,,,,COMPLETE
98,98,0.0,2025-01-01 11:22:10.042299,2025-01-01 11:22:12.775865,0 days 00:00:02.733566,4,10,20.0,,,,,,,,,,,145.0,200.0,,,,,,,6,2.0,,,,,,,,,,,6.0,4.0,,,,,,,COMPLETE
99,99,0.0,2025-01-01 11:22:12.776281,2025-01-01 11:22:16.225822,0 days 00:00:03.449541,5,145,60.0,,,,,,,,,,,165.0,100.0,105.0,,,,,,5,4.0,,,,,,,,,,,5.0,5.0,3.0,,,,,,COMPLETE
100,100,0.6595441595441596,2025-01-01 11:22:16.226268,2025-01-01 11:22:19.553859,0 days 00:00:03.327591,2,195,25.0,,,,,,,,,,,,,,,,,,,6,3.0,,,,,,,,,,,,,,,,,,,COMPLETE
101,101,0.6882516188714154,2025-01-01 11:22:19.554232,2025-01-01 11:22:22.761581,0 days 00:00:03.207349,2,195,25.0,,,,,,,,,,,,,,,,,,,6,3.0,,,,,,,,,,,,,,,,,,,COMPLETE
102,102,0.6480274442538594,2025-01-01 11:22:22.761943,2025-01-01 11:22:27.153703,0 days 00:00:04.391760,1,195,,,,,,,,,,,,,,,,,,,,6,,,,,,,,,,,,,,,,,,,,COMPLETE
103,103,0.5064011379800853,2025-01-01 11:22:27.154078,2025-01-01 11:22:31.329088,0 days 00:00:04.175010,1,190,,,,,,,,,,,,,,,,,,,,6,,,,,,,,,,,,,,,,,,,,COMPLETE
104,104,0.38235294117647056,2025-01-01 11:22:31.329442,2025-01-01 11:22:35.358230,0 days 00:00:04.028788,1,195,,,,,,,,,,,,,,,,,,,,6,,,,,,,,,,,,,,,,,,,,COMPLETE
105,105,0.6447124304267161,2025-01-01 11:22:35.358576,2025-01-01 11:22:40.086757,0 days 00:00:04.728181,2,180,15.0,,,,,,,,,,,,,,,,,,,6,3.0,,,,,,,,,,,,,,,,,,,COMPLETE
106,106,0.5990697674418605,2025-01-01 11:22:40.087122,2025-01-01 11:22:45.316688,0 days 00:00:05.229566,3,170,15.0,,,,,,,,,,,115.0,,,,,,,,6,3.0,,,,,,,,,,,4.0,,,,,,,,COMPLETE
107,107,0.6154545454545455,2025-01-01 11:22:45.317089,2025-01-01 11:22:49.535503,0 days 00:00:04.218414,2,195,25.0,,,,,,,,,,,,,,,,,,,4,3.0,,,,,,,,,,,,,,,,,,,COMPLETE
108,108,0.6918238993710691,2025-01-01 11:22:49.535880,2025-01-01 11:22:53.956313,0 days 00:00:04.420433,1,180,,,,,,,,,,,,,,,,,,,,6,,,,,,,,,,,,,,,,,,,,COMPLETE
109,109,0.48008534850640117,2025-01-01 11:22:53.956669,2025-01-01 11:22:58.616147,0 days 00:00:04.659478,1,180,,,,,,,,,,,,,,,,,,,,6,,,,,,,,,,,,,,,,,,,,COMPLETE
110,110,0.3915441176470588,2025-01-01 11:22:58.616530,2025-01-01 11:23:03.834005,0 days 00:00:05.217475,1,180,,,,,,,,,,,,,,,,,,,,6,,,,,,,,,,,,,,,,,,,,COMPLETE
111,111,0.5742753623188406,2025-01-01 11:23:03.834361,2025-01-01 11:23:07.779057,0 days 00:00:03.944696,2,165,110.0,,,,,,,,,,,,,,,,,,,6,4.0,,,,,,,,,,,,,,,,,,,COMPLETE
112,112,0.6190476190476191,2025-01-01 11:23:07.779431,2025-01-01 11:23:10.661593,0 days 00:00:02.882162,2,160,10.0,,,,,,,,,,,,,,,,,,,6,3.0,,,,,,,,,,,,,,,,,,,COMPLETE
113,113,0.5317028985507246,2025-01-01 11:23:10.661959,2025-01-01 11:23:15.866894,0 days 00:00:05.204935,3,195,30.0,,,,,,,,,,,25.0,,,,,,,,6,3.0,,,,,,,,,,,2.0,,,,,,,,COMPLETE
114,114,0.5570512820512821,2025-01-01 11:23:15.867425,2025-01-01 11:23:19.859124,0 days 00:00:03.991699,1,190,,,,,,,,,,,,,,,,,,,,6,,,,,,,,,,,,,,,,,,,,COMPLETE
