,number,value,datetime_start,datetime_complete,duration,params_depth,params_neurons_layer_0,params_neurons_layer_1,params_neurons_layer_10,params_neurons_layer_11,params_neurons_layer_12,params_neurons_layer_13,params_neurons_layer_14,params_neurons_layer_15,params_neurons_layer_16,params_neurons_layer_17,params_neurons_layer_18,params_neurons_layer_19,params_neurons_layer_2,params_neurons_layer_3,params_neurons_layer_4,params_neurons_layer_5,params_neurons_layer_6,params_neurons_layer_7,params_neurons_layer_8,params_neurons_layer_9,params_orders_layer_0,params_orders_layer_1,params_orders_layer_10,params_orders_layer_11,params_orders_layer_12,params_orders_layer_13,params_orders_layer_14,params_orders_layer_15,params_orders_layer_16,params_orders_layer_17,params_orders_layer_18,params_orders_layer_19,params_orders_layer_2,params_orders_layer_3,params_orders_layer_4,params_orders_layer_5,params_orders_layer_6,params_orders_layer_7,params_orders_layer_8,params_orders_layer_9,state
115,115,0.6154545454545455,2025-01-01 11:23:19.859469,2025-01-01 11:23:24.364300,0 days 00:00:04.504831,3,155,15.0,,,,,,,,,,,5.0,,,,,,,,6,3.0,,,,,,,,,,,4.0,,,,,,,,COMPLETE
116,116,0.6617866004962779,2025-01-01 11:23:24.364697,2025-01-01 11:23:29.156470,0 days 00:00:04.791773,1,175,,,,,,,,,,,,,,,,,,,,6,,,,,,,,,,,,,,,,,,,,COMPLETE
117,117,0.6617226125422846,2025-01-01 11:23:29.156848,2025-01-01 11:23:34.719748,0 days 00:00:05.562900,1,175,,,,,,,,,,,,,,,,,,,,6,,,,,,,,,,,,,,,,,,,,COMPLETE
118,118,0.6202795123401724,2025-01-01 11:23:34.720105,2025-01-01 11:23:37.606903,0 days 00:00:02.886798,1,175,,,,,,,,,,,,,,,,,,,,4,,,,,,,,,,,,,,,,,,,,COMPLETE
119,119,0.6541005291005291,2025-01-01 11:23:37.607245,2025-01-01 11:23:41.467475,0 days 00:00:03.860230,1,150,,,,,,,,,,,,,,,,,,,,6,,,,,,,,,,,,,,,,,,,,COMPLETE
120,120,0.5386977886977887,2025-01-01 11:23:41.467837,2025-01-01 11:23:46.203877,0 days 00:00:04.736040,1,165,,,,,,,,,,,,,,,,,,,,6,,,,,,,,,,,,,,,,,,,,COMPLETE
121,121,0.43843843843843844,2025-01-01 11:23:46.204235,2025-01-01 11:23:50.562076,0 days 00:00:04.357841,1,150,,,,,,,,,,,,,,,,,,,,6,,,,,,,,,,,,,,,,,,,,COMPLETE
122,122,0.5384615384615384,2025-01-01 11:23:50.562423,2025-01-01 11:23:54.778831,0 days 00:00:04.216408,1,175,,,,,,,,,,,,,,,,,,,,6,,,,,,,,,,,,,,,,,,,,COMPLETE
123,123,0.6260162601626016,2025-01-01 11:23:54.779182,2025-01-01 11:23:59.193969,0 days 00:00:04.414787,1,185,,,,,,,,,,,,,,,,,,,,6,,,,,,,,,,,,,,,,,,,,COMPLETE
124,124,0.637641723356009,2025-01-01 11:23:59.194343,2025-01-01 11:24:03.479827,0 days 00:00:04.285484,2,130,80.0,,,,,,,,,,,,,,,,,,,6,4.0,,,,,,,,,,,,,,,,,,,COMPLETE
125,125,0.0,2025-01-01 11:24:03.480198,2025-01-01 11:24:10.250953,0 days 00:00:06.770755,15,170,100.0,60.0,65.0,190.0,60.0,5.0,,,,,,40.0,185.0,50.0,35.0,125.0,50.0,180.0,175.0,6,4.0,2.0,5.0,4.0,4.0,2.0,,,,,,3.0,3.0,4.0,4.0,6.0,2.0,2.0,6.0,COMPLETE
126,126,0.5314505776636713,2025-01-01 11:24:10.251641,2025-01-01 11:24:14.849328,0 days 00:00:04.597687,1,180,,,,,,,,,,,,,,,,,,,,6,,,,,,,,,,,,,,,,,,,,COMPLETE
127,127,0.6122448979591837,2025-01-01 11:24:14.849832,2025-01-01 11:24:18.464363,0 days 00:00:03.614531,2,140,5.0,,,,,,,,,,,,,,,,,,,6,4.0,,,,,,,,,,,,,,,,,,,COMPLETE
128,128,0.0,2025-01-01 11:24:18.464744,2025-01-01 11:24:21.877549,0 days 00:00:03.412805,8,190,50.0,,,,,,,,,,,90.0,150.0,160.0,75.0,175.0,120.0,,,6,5.0,,,,,,,,,,,6.0,2.0,2.0,2.0,3.0,4.0,,,COMPLETE
129,129,0.6382978723404256,2025-01-01 11:24:21.878062,2025-01-01 11:24:25.780413,0 days 00:00:03.902351,2,160,130.0,,,,,,,,,,,,,,,,,,,6,4.0,,,,,,,,,,,,,,,,,,,COMPLETE
130,130,0.4444444444444444,2025-01-01 11:24:25.780806,2025-01-01 11:24:29.365273,0 days 00:00:03.584467,1,185,,,,,,,,,,,,,,,,,,,,6,,,,,,,,,,,,,,,,,,,,COMPLETE
131,131,0.5714285714285714,2025-01-01 11:24:29.365652,2025-01-01 11:24:32.126556,0 days 00:00:02.760904,2,170,25.0,,,,,,,,,,,,,,,,,,,6,3.0,,,,,,,,,,,,,,,,,,,COMPLETE
132,132,0.6304347826086957,2025-01-01 11:24:32.126942,2025-01-01 11:24:35.546788,0 days 00:00:03.419846,2,155,35.0,,,,,,,,,,,,,,,,,,,6,3.0,,,,,,,,,,,,,,,,,,,COMPLETE
133,133,0.6088888888888888,2025-01-01 11:24:35.547167,2025-01-01 11:24:40.251097,0 days 00:00:04.703930,1,180,,,,,,,,,,,,,,,,,,,,6,,,,,,,,,,,,,,,,,,,,COMPLETE
134,134,0.6987179487179487,2025-01-01 11:24:40.251451,2025-01-01 11:24:43.557814,0 days 00:00:03.306363,2,200,20.0,,,,,,,,,,,,,,,,,,,6,3.0,,,,,,,,,,,,,,,,,,,COMPLETE
135,135,0.559204440333025,2025-01-01 11:24:43.558193,2025-01-01 11:24:53.483774,0 days 00:00:09.925581,3,200,10.0,,,,,,,,,,,130.0,,,,,,,,6,3.0,,,,,,,,,,,5.0,,,,,,,,COMPLETE
136,136,0.6154545454545455,2025-01-01 11:24:53.484187,2025-01-01 11:24:57.500088,0 days 00:00:04.015901,2,195,30.0,,,,,,,,,,,,,,,,,,,4,3.0,,,,,,,,,,,,,,,,,,,COMPLETE
137,137,0.36363636363636365,2025-01-01 11:24:57.500471,2025-01-01 11:25:00.896264,0 days 00:00:03.395793,1,200,,,,,,,,,,,,,,,,,,,,6,,,,,,,,,,,,,,,,,,,,COMPLETE
138,138,0.5331384015594541,2025-01-01 11:25:00.896623,2025-01-01 11:25:10.914216,0 days 00:00:10.017593,3,190,5.0,,,,,,,,,,,170.0,,,,,,,,6,3.0,,,,,,,,,,,4.0,,,,,,,,COMPLETE
139,139,0.0,2025-01-01 11:25:10.914653,2025-01-01 11:25:18.826163,0 days 00:00:07.911510,12,175,20.0,200.0,155.0,,,,,,,,,60.0,135.0,70.0,145.0,75.0,85.0,40.0,125.0,6,3.0,6.0,5.0,,,,,,,,,2.0,6.0,6.0,5.0,5.0,6.0,3.0,4.0,COMPLETE
140,140,0.6015769944341374,2025-01-01 11:25:18.826820,2025-01-01 11:25:22.159771,0 days 00:00:03.332951,2,110,15.0,,,,,,,,,,,,,,,,,,,6,3.0,,,,,,,,,,,,,,,,,,,COMPLETE
141,141,0.5819047619047619,2025-01-01 11:25:22.160171,2025-01-01 11:25:26.699932,0 days 00:00:04.539761,2,20,20.0,,,,,,,,,,,,,,,,,,,6,3.0,,,,,,,,,,,,,,,,,,,COMPLETE
142,142,0.5381578947368422,2025-01-01 11:25:26.700435,2025-01-01 11:25:30.966753,0 days 00:00:04.266318,1,185,,,,,,,,,,,,,,,,,,,,6,,,,,,,,,,,,,,,,,,,,COMPLETE
143,143,0.5714975845410628,2025-01-01 11:25:30.967110,2025-01-01 11:25:34.852664,0 days 00:00:03.885554,2,190,25.0,,,,,,,,,,,,,,,,,,,6,3.0,,,,,,,,,,,,,,,,,,,COMPLETE
144,144,0.49324324324324326,2025-01-01 11:25:34.853051,2025-01-01 11:25:38.566629,0 days 00:00:03.713578,1,195,,,,,,,,,,,,,,,,,,,,6,,,,,,,,,,,,,,,,,,,,COMPLETE
145,145,0.49444444444444446,2025-01-01 11:25:38.567008,2025-01-01 11:25:42.588337,0 days 00:00:04.021329,3,30,10.0,,,,,,,,,,,80.0,,,,,,,,6,3.0,,,,,,,,,,,3.0,,,,,,,,COMPLETE
146,146,0.7273584905660377,2025-01-01 11:25:42.588751,2025-01-01 11:25:46.453214,0 days 00:00:03.864463,2,95,120.0,,,,,,,,,,,,,,,,,,,6,3.0,,,,,,,,,,,,,,,,,,,COMPLETE
147,147,0.6012002182214948,2025-01-01 11:25:46.453616,2025-01-01 11:25:50.674950,0 days 00:00:04.221334,1,95,,,,,,,,,,,,,,,,,,,,6,,,,,,,,,,,,,,,,,,,,COMPLETE
148,148,0.5994397759103641,2025-01-01 11:25:50.675304,2025-01-01 11:25:53.905872,0 days 00:00:03.230568,2,135,120.0,,,,,,,,,,,,,,,,,,,6,3.0,,,,,,,,,,,,,,,,,,,COMPLETE
149,149,0.0,2025-01-01 11:25:53.906253,2025-01-01 11:26:02.918893,0 days 00:00:09.012640,18,85,145.0,130.0,40.0,125.0,155.0,140.0,195.0,110.0,195.0,,,195.0,160.0,130.0,185.0,25.0,155.0,80.0,90.0,6,3.0,4.0,3.0,3.0,3.0,4.0,2.0,4.0,4.0,,,5.0,3.0,3.0,3.0,4.0,3.0,5.0,3.0,COMPLETE
150,150,0.2875,2025-01-01 11:26:02.919665,2025-01-01 11:26:06.690132,0 days 00:00:03.770467,1,70,,,,,,,,,,,,,,,,,,,,6,,,,,,,,,,,,,,,,,,,,COMPLETE
151,151,0.6323055683387022,2025-01-01 11:26:06.690507,2025-01-01 11:26:10.463336,0 days 00:00:03.772829,2,10,155.0,,,,,,,,,,,,,,,,,,,6,3.0,,,,,,,,,,,,,,,,,,,COMPLETE
152,152,0.0,2025-01-01 11:26:10.463727,2025-01-01 11:26:13.653650,0 days 00:00:03.189923,3,120,175.0,,,,,,,,,,,50.0,,,,,,,,6,3.0,,,,,,,,,,,6.0,,,,,,,,COMPLETE
153,153,0.5457892314772204,2025-01-01 11:26:13.654085,2025-01-01 11:26:16.886327,0 days 00:00:03.232242,2,125,135.0,,,,,,,,,,,,,,,,,,,6,3.0,,,,,,,,,,,,,,,,,,,COMPLETE
154,154,0.0,2025-01-01 11:26:16.886712,2025-01-01 11:26:20.697437,0 days 00:00:03.810725,7,175,105.0,,,,,,,,,,,95.0,65.0,20.0,120.0,50.0,,,,6,3.0,,,,,,,,,,,2.0,4.0,5.0,5.0,2.0,,,,COMPLETE
155,155,0.528957528957529,2025-01-01 11:26:20.697958,2025-01-01 11:26:24.767766,0 days 00:00:04.069808,1,200,,,,,,,,,,,,,,,,,,,,6,,,,,,,,,,,,,,,,,,,,COMPLETE
156,156,0.5523809523809524,2025-01-01 11:26:24.768137,2025-01-01 11:26:29.417954,0 days 00:00:04.649817,2,180,95.0,,,,,,,,,,,,,,,,,,,4,3.0,,,,,,,,,,,,,,,,,,,COMPLETE
157,157,0.4318181818181818,2025-01-01 11:26:29.418507,2025-01-01 11:26:33.493227,0 days 00:00:04.074720,1,170,,,,,,,,,,,,,,,,,,,,6,,,,,,,,,,,,,,,,,,,,COMPLETE
158,158,0.0,2025-01-01 11:26:33.493609,2025-01-01 11:26:35.685666,0 days 00:00:02.192057,3,185,190.0,,,,,,,,,,,110.0,,,,,,,,6,4.0,,,,,,,,,,,4.0,,,,,,,,COMPLETE
159,159,0.5727272727272728,2025-01-01 11:26:35.686072,2025-01-01 11:26:40.274794,0 days 00:00:04.588722,2,5,15.0,,,,,,,,,,,,,,,,,,,6,3.0,,,,,,,,,,,,,,,,,,,COMPLETE
160,160,0.6851851851851851,2025-01-01 11:26:40.275186,2025-01-01 11:26:44.889184,0 days 00:00:04.613998,1,195,,,,,,,,,,,,,,,,,,,,6,,,,,,,,,,,,,,,,,,,,COMPLETE
161,161,0.6012002182214948,2025-01-01 11:26:44.889576,2025-01-01 11:26:49.553528,0 days 00:00:04.663952,1,195,,,,,,,,,,,,,,,,,,,,6,,,,,,,,,,,,,,,,,,,,COMPLETE
162,162,0.5188933873144399,2025-01-01 11:26:49.553895,2025-01-01 11:26:53.563689,0 days 00:00:04.009794,1,190,,,,,,,,,,,,,,,,,,,,6,,,,,,,,,,,,,,,,,,,,COMPLETE
163,163,0.6666666666666666,2025-01-01 11:26:53.564048,2025-01-01 11:26:57.842452,0 days 00:00:04.278404,2,145,165.0,,,,,,,,,,,,,,,,,,,6,3.0,,,,,,,,,,,,,,,,,,,COMPLETE
164,164,0.6192135390741662,2025-01-01 11:26:57.842855,2025-01-01 11:27:01.319888,0 days 00:00:03.477033,1,140,,,,,,,,,,,,,,,,,,,,6,,,,,,,,,,,,,,,,,,,,COMPLETE
165,165,0.5890473999079613,2025-01-01 11:27:01.320254,2025-01-01 11:27:05.096248,0 days 00:00:03.775994,2,150,170.0,,,,,,,,,,,,,,,,,,,6,3.0,,,,,,,,,,,,,,,,,,,COMPLETE
166,166,0.39507154213036566,2025-01-01 11:27:05.096633,2025-01-01 11:27:07.605420,0 days 00:00:02.508787,1,135,,,,,,,,,,,,,,,,,,,,4,,,,,,,,,,,,,,,,,,,,COMPLETE
167,167,0.6802721088435374,2025-01-01 11:27:07.605785,2025-01-01 11:27:11.525280,0 days 00:00:03.919495,2,200,165.0,,,,,,,,,,,,,,,,,,,6,3.0,,,,,,,,,,,,,,,,,,,COMPLETE
168,168,0.6556497175141243,2025-01-01 11:27:11.525667,2025-01-01 11:27:15.759024,0 days 00:00:04.233357,1,145,,,,,,,,,,,,,,,,,,,,6,,,,,,,,,,,,,,,,,,,,COMPLETE
169,169,0.0,2025-01-01 11:27:15.759412,2025-01-01 11:27:31.880334,0 days 00:00:16.120922,20,145,165.0,50.0,115.0,60.0,55.0,70.0,110.0,120.0,10.0,10.0,5.0,160.0,10.0,100.0,155.0,180.0,45.0,120.0,170.0,6,3.0,3.0,6.0,5.0,5.0,5.0,6.0,4.0,6.0,2.0,6.0,5.0,2.0,6.0,6.0,6.0,5.0,2.0,5.0,COMPLETE
170,170,0.6153846153846154,2025-01-01 11:27:31.881247,2025-01-01 11:27:35.823455,0 days 00:00:03.942208,1,200,,,,,,,,,,,,,,,,,,,,6,,,,,,,,,,,,,,,,,,,,COMPLETE
171,171,0.34879032258064513,2025-01-01 11:27:35.823975,2025-01-01 11:27:39.789895,0 days 00:00:03.965920,1,145,,,,,,,,,,,,,,,,,,,,6,,,,,,,,,,,,,,,,,,,,COMPLETE
172,172,0.0,2025-01-01 11:27:39.790265,2025-01-01 11:27:44.550944,0 days 00:00:04.760679,9,195,150.0,,,,,,,,,,,70.0,100.0,160.0,85.0,125.0,110.0,200.0,,6,3.0,,,,,,,,,,,6.0,5.0,3.0,2.0,3.0,4.0,4.0,,COMPLETE
173,173,0.5882926829268293,2025-01-01 11:27:44.551532,2025-01-01 11:27:48.013889,0 days 00:00:03.462357,2,200,180.0,,,,,,,,,,,,,,,,,,,6,4.0,,,,,,,,,,,,,,,,,,,COMPLETE
174,174,0.5195681511470984,2025-01-01 11:27:48.014283,2025-01-01 11:27:52.445094,0 days 00:00:04.430811,1,150,,,,,,,,,,,,,,,,,,,,6,,,,,,,,,,,,,,,,,,,,COMPLETE
175,175,0.6655813953488372,2025-01-01 11:27:52.445475,2025-01-01 11:27:56.452037,0 days 00:00:04.006562,2,155,160.0,,,,,,,,,,,,,,,,,,,6,3.0,,,,,,,,,,,,,,,,,,,COMPLETE
176,176,0.6154545454545455,2025-01-01 11:27:56.452425,2025-01-01 11:28:00.095521,0 days 00:00:03.643096,2,155,160.0,,,,,,,,,,,,,,,,,,,6,3.0,,,,,,,,,,,,,,,,,,,COMPLETE
177,177,0.48684210526315785,2025-01-01 11:28:00.095914,2025-01-01 11:28:05.017506,0 days 00:00:04.921592,1,165,,,,,,,,,,,,,,,,,,,,6,,,,,,,,,,,,,,,,,,,,COMPLETE
178,178,0.6423255813953488,2025-01-01 11:28:05.017873,2025-01-01 11:28:08.236718,0 days 00:00:03.218845,2,160,140.0,,,,,,,,,,,,,,,,,,,6,3.0,,,,,,,,,,,,,,,,,,,COMPLETE
179,179,0.6594202898550725,2025-01-01 11:28:08.237124,2025-01-01 11:28:13.482408,0 days 00:00:05.245284,3,100,165.0,,,,,,,,,,,125.0,,,,,,,,6,3.0,,,,,,,,,,,3.0,,,,,,,,COMPLETE
180,180,0.5950113378684807,2025-01-01 11:28:13.482836,2025-01-01 11:28:18.136289,0 days 00:00:04.653453,3,105,170.0,,,,,,,,,,,125.0,,,,,,,,6,3.0,,,,,,,,,,,3.0,,,,,,,,COMPLETE
181,181,0.6154545454545455,2025-01-01 11:28:18.136710,2025-01-01 11:28:21.524462,0 days 00:00:03.387752,2,95,150.0,,,,,,,,,,,,,,,,,,,6,3.0,,,,,,,,,,,,,,,,,,,COMPLETE
182,182,0.5811224489795919,2025-01-01 11:28:21.524867,2025-01-01 11:28:25.930451,0 days 00:00:04.405584,1,100,,,,,,,,,,,,,,,,,,,,6,,,,,,,,,,,,,,,,,,,,COMPLETE
183,183,0.48008534850640117,2025-01-01 11:28:25.930863,2025-01-01 11:28:30.979233,0 days 00:00:05.048370,1,195,,,,,,,,,,,,,,,,,,,,6,,,,,,,,,,,,,,,,,,,,COMPLETE
184,184,0.6624649859943978,2025-01-01 11:28:30.979613,2025-01-01 11:28:34.275845,0 days 00:00:03.296232,2,90,165.0,,,,,,,,,,,,,,,,,,,6,3.0,,,,,,,,,,,,,,,,,,,COMPLETE
185,185,0.6755637367694431,2025-01-01 11:28:34.276234,2025-01-01 11:28:38.913620,0 days 00:00:04.637386,3,95,165.0,,,,,,,,,,,145.0,,,,,,,,6,3.0,,,,,,,,,,,3.0,,,,,,,,COMPLETE
186,186,0.0,2025-01-01 11:28:38.914037,2025-01-01 11:28:41.801453,0 days 00:00:02.887416,3,90,180.0,,,,,,,,,,,145.0,,,,,,,,6,3.0,,,,,,,,,,,3.0,,,,,,,,COMPLETE
187,187,0.0,2025-01-01 11:28:41.802009,2025-01-01 11:28:44.473879,0 days 00:00:02.671870,4,90,155.0,,,,,,,,,,,135.0,115.0,,,,,,,6,3.0,,,,,,,,,,,3.0,6.0,,,,,,,COMPLETE
188,188,0.0,2025-01-01 11:28:44.474357,2025-01-01 11:28:46.204534,0 days 00:00:01.730177,3,85,165.0,,,,,,,,,,,180.0,,,,,,,,6,3.0,,,,,,,,,,,2.0,,,,,,,,COMPLETE
189,189,0.0,2025-01-01 11:28:46.204924,2025-01-01 11:28:48.399107,0 days 00:00:02.194183,3,100,170.0,,,,,,,,,,,120.0,,,,,,,,6,3.0,,,,,,,,,,,4.0,,,,,,,,COMPLETE
190,190,0.5727272727272728,2025-01-01 11:28:48.399525,2025-01-01 11:28:52.449989,0 days 00:00:04.050464,2,110,165.0,,,,,,,,,,,,,,,,,,,2,3.0,,,,,,,,,,,,,,,,,,,COMPLETE
191,191,0.6356589147286822,2025-01-01 11:28:52.450385,2025-01-01 11:28:56.734466,0 days 00:00:04.284081,2,90,160.0,,,,,,,,,,,,,,,,,,,6,3.0,,,,,,,,,,,,,,,,,,,COMPLETE
192,192,0.5531914893617021,2025-01-01 11:28:56.734863,2025-01-01 11:29:00.790996,0 days 00:00:04.056133,2,100,200.0,,,,,,,,,,,,,,,,,,,6,3.0,,,,,,,,,,,,,,,,,,,COMPLETE
193,193,0.6808510638297872,2025-01-01 11:29:00.791402,2025-01-01 11:29:03.643893,0 days 00:00:02.852491,2,80,175.0,,,,,,,,,,,,,,,,,,,6,3.0,,,,,,,,,,,,,,,,,,,COMPLETE
194,194,0.6154545454545455,2025-01-01 11:29:03.644285,2025-01-01 11:29:06.910653,0 days 00:00:03.266368,2,75,175.0,,,,,,,,,,,,,,,,,,,6,3.0,,,,,,,,,,,,,,,,,,,COMPLETE
195,195,0.0,2025-01-01 11:29:06.911036,2025-01-01 11:29:09.487462,0 days 00:00:02.576426,3,95,165.0,,,,,,,,,,,160.0,,,,,,,,6,3.0,,,,,,,,,,,3.0,,,,,,,,COMPLETE
196,196,0.6834905660377358,2025-01-01 11:29:09.487884,2025-01-01 11:29:13.249279,0 days 00:00:03.761395,2,80,180.0,,,,,,,,,,,,,,,,,,,6,3.0,,,,,,,,,,,,,,,,,,,COMPLETE
197,197,0.0,2025-01-01 11:29:13.249702,2025-01-01 11:29:15.033224,0 days 00:00:01.783522,3,85,185.0,,,,,,,,,,,110.0,,,,,,,,6,3.0,,,,,,,,,,,2.0,,,,,,,,COMPLETE
198,198,0.5957446808510638,2025-01-01 11:29:15.033635,2025-01-01 11:29:19.025456,0 days 00:00:03.991821,2,80,180.0,,,,,,,,,,,,,,,,,,,6,3.0,,,,,,,,,,,,,,,,,,,COMPLETE
199,199,0.6287878787878788,2025-01-01 11:29:19.025852,2025-01-01 11:29:22.388409,0 days 00:00:03.362557,2,90,170.0,,,,,,,,,,,,,,,,,,,6,3.0,,,,,,,,,,,,,,,,,,,COMPLETE
200,200,0.6556776556776557,2025-01-01 11:29:22.388807,2025-01-01 11:29:26.942524,0 days 00:00:04.553717,3,75,190.0,,,,,,,,,,,150.0,,,,,,,,6,3.0,,,,,,,,,,,3.0,,,,,,,,COMPLETE
201,201,0.0,2025-01-01 11:29:26.942946,2025-01-01 11:29:29.341050,0 days 00:00:02.398104,4,75,190.0,,,,,,,,,,,145.0,120.0,,,,,,,6,3.0,,,,,,,,,,,3.0,4.0,,,,,,,COMPLETE
202,202,0.0,2025-01-01 11:29:29.341495,2025-01-01 11:29:31.847248,0 days 00:00:02.505753,3,95,190.0,,,,,,,,,,,155.0,,,,,,,,6,3.0,,,,,,,,,,,3.0,,,,,,,,COMPLETE
203,203,0.4777777777777778,2025-01-01 11:29:31.847682,2025-01-01 11:29:35.897564,0 days 00:00:04.049882,2,80,175.0,,,,,,,,,,,,,,,,,,,6,3.0,,,,,,,,,,,,,,,,,,,COMPLETE
204,204,0.723404255319149,2025-01-01 11:29:35.897966,2025-01-01 11:29:41.291951,0 days 00:00:05.393985,3,70,175.0,,,,,,,,,,,140.0,,,,,,,,6,3.0,,,,,,,,,,,3.0,,,,,,,,COMPLETE
205,205,0.6356589147286822,2025-01-01 11:29:41.292372,2025-01-01 11:29:44.667416,0 days 00:00:03.375044,2,60,175.0,,,,,,,,,,,,,,,,,,,6,3.0,,,,,,,,,,,,,,,,,,,COMPLETE
206,206,0.5499316005471957,2025-01-01 11:29:44.667832,2025-01-01 11:29:49.692291,0 days 00:00:05.024459,3,70,155.0,,,,,,,,,,,135.0,,,,,,,,6,3.0,,,,,,,,,,,3.0,,,,,,,,COMPLETE
207,207,0.6855813953488372,2025-01-01 11:29:49.692864,2025-01-01 11:29:53.588079,0 days 00:00:03.895215,2,80,160.0,,,,,,,,,,,,,,,,,,,6,3.0,,,,,,,,,,,,,,,,,,,COMPLETE
208,208,0.6594202898550725,2025-01-01 11:29:53.588489,2025-01-01 11:29:57.308010,0 days 00:00:03.719521,2,80,160.0,,,,,,,,,,,,,,,,,,,6,3.0,,,,,,,,,,,,,,,,,,,COMPLETE
209,209,0.0,2025-01-01 11:29:57.308411,2025-01-01 11:29:59.704552,0 days 00:00:02.396141,4,85,170.0,,,,,,,,,,,125.0,190.0,,,,,,,6,3.0,,,,,,,,,,,4.0,3.0,,,,,,,COMPLETE
210,210,0.0,2025-01-01 11:29:59.705001,2025-01-01 11:30:01.594960,0 days 00:00:01.889959,3,65,150.0,,,,,,,,,,,105.0,,,,,,,,6,3.0,,,,,,,,,,,2.0,,,,,,,,COMPLETE
211,211,0.6015769944341374,2025-01-01 11:30:01.595377,2025-01-01 11:30:05.810650,0 days 00:00:04.215273,2,80,160.0,,,,,,,,,,,,,,,,,,,6,3.0,,,,,,,,,,,,,,,,,,,COMPLETE
212,212,0.6154545454545455,2025-01-01 11:30:05.811047,2025-01-01 11:30:09.389039,0 days 00:00:03.577992,2,80,165.0,,,,,,,,,,,,,,,,,,,6,3.0,,,,,,,,,,,,,,,,,,,COMPLETE
213,213,0.5208333333333333,2025-01-01 11:30:09.389451,2025-01-01 11:30:13.180178,0 days 00:00:03.790727,2,70,160.0,,,,,,,,,,,,,,,,,,,6,3.0,,,,,,,,,,,,,,,,,,,COMPLETE
214,214,0.6275058275058275,2025-01-01 11:30:13.180589,2025-01-01 11:30:16.869112,0 days 00:00:03.688523,2,105,180.0,,,,,,,,,,,,,,,,,,,6,3.0,,,,,,,,,,,,,,,,,,,COMPLETE
215,215,0.5950113378684807,2025-01-01 11:30:16.869513,2025-01-01 11:30:20.930933,0 days 00:00:04.061420,2,50,155.0,,,,,,,,,,,,,,,,,,,6,3.0,,,,,,,,,,,,,,,,,,,COMPLETE
216,216,0.5654846335697399,2025-01-01 11:30:20.931341,2025-01-01 11:30:25.497507,0 days 00:00:04.566166,3,85,165.0,,,,,,,,,,,170.0,,,,,,,,6,3.0,,,,,,,,,,,3.0,,,,,,,,COMPLETE
217,217,0.5836829836829837,2025-01-01 11:30:25.497935,2025-01-01 11:30:29.940626,0 days 00:00:04.442691,2,90,170.0,,,,,,,,,,,,,,,,,,,6,3.0,,,,,,,,,,,,,,,,,,,COMPLETE
218,218,0.6356589147286822,2025-01-01 11:30:29.941028,2025-01-01 11:30:36.061742,0 days 00:00:06.120714,3,40,175.0,,,,,,,,,,,85.0,,,,,,,,6,3.0,,,,,,,,,,,4.0,,,,,,,,COMPLETE
219,219,0.559204440333025,2025-01-01 11:30:36.062200,2025-01-01 11:30:39.543893,0 days 00:00:03.481693,2,100,160.0,,,,,,,,,,,,,,,,,,,6,3.0,,,,,,,,,,,,,,,,,,,COMPLETE
220,220,0.0,2025-01-01 11:30:39.544285,2025-01-01 11:30:41.708891,0 days 00:00:02.164606,4,65,170.0,,,,,,,,,,,115.0,175.0,,,,,,,6,3.0,,,,,,,,,,,3.0,2.0,,,,,,,COMPLETE
221,221,0.5689102564102564,2025-01-01 11:30:41.709329,2025-01-01 11:30:45.608132,0 days 00:00:03.898803,1,95,,,,,,,,,,,,,,,,,,,,6,,,,,,,,,,,,,,,,,,,,COMPLETE
222,222,0.6059928443649374,2025-01-01 11:30:45.608521,2025-01-01 11:30:49.444004,0 days 00:00:03.835483,1,75,,,,,,,,,,,,,,,,,,,,6,,,,,,,,,,,,,,,,,,,,COMPLETE
223,223,0.696969696969697,2025-01-01 11:30:49.444399,2025-01-01 11:30:52.981054,0 days 00:00:03.536655,1,80,,,,,,,,,,,,,,,,,,,,6,,,,,,,,,,,,,,,,,,,,COMPLETE
224,224,0.6564516129032258,2025-01-01 11:30:52.981434,2025-01-01 11:30:56.771329,0 days 00:00:03.789895,1,80,,,,,,,,,,,,,,,,,,,,6,,,,,,,,,,,,,,,,,,,,COMPLETE
225,225,0.6154545454545455,2025-01-01 11:30:56.771848,2025-01-01 11:31:00.116548,0 days 00:00:03.344700,2,90,155.0,,,,,,,,,,,,,,,,,,,6,3.0,,,,,,,,,,,,,,,,,,,COMPLETE
226,226,0.6665124884366327,2025-01-01 11:31:00.116944,2025-01-01 11:31:03.932166,0 days 00:00:03.815222,2,85,180.0,,,,,,,,,,,,,,,,,,,6,3.0,,,,,,,,,,,,,,,,,,,COMPLETE
227,227,0.4444444444444444,2025-01-01 11:31:03.932560,2025-01-01 11:31:08.346278,0 days 00:00:04.413718,1,90,,,,,,,,,,,,,,,,,,,,6,,,,,,,,,,,,,,,,,,,,COMPLETE
228,228,0.5265567765567765,2025-01-01 11:31:08.346663,2025-01-01 11:31:12.087131,0 days 00:00:03.740468,2,85,185.0,,,,,,,,,,,,,,,,,,,6,3.0,,,,,,,,,,,,,,,,,,,COMPLETE
229,229,0.513157894736842,2025-01-01 11:31:12.087546,2025-01-01 11:31:16.436380,0 days 00:00:04.348834,1,85,,,,,,,,,,,,,,,,,,,,6,,,,,,,,,,,,,,,,,,,,COMPLETE
230,230,0.559204440333025,2025-01-01 11:31:16.436766,2025-01-01 11:31:20.312465,0 days 00:00:03.875699,2,200,175.0,,,,,,,,,,,,,,,,,,,6,3.0,,,,,,,,,,,,,,,,,,,COMPLETE
231,231,0.6084480303749407,2025-01-01 11:31:20.312900,2025-01-01 11:31:23.347689,0 days 00:00:03.034789,2,80,165.0,,,,,,,,,,,,,,,,,,,6,3.0,,,,,,,,,,,,,,,,,,,COMPLETE
232,232,0.5990697674418605,2025-01-01 11:31:23.348077,2025-01-01 11:31:26.886538,0 days 00:00:03.538461,2,80,180.0,,,,,,,,,,,,,,,,,,,6,3.0,,,,,,,,,,,,,,,,,,,COMPLETE
233,233,0.5950113378684807,2025-01-01 11:31:26.886927,2025-01-01 11:31:32.120544,0 days 00:00:05.233617,3,75,150.0,,,,,,,,,,,130.0,,,,,,,,6,3.0,,,,,,,,,,,2.0,,,,,,,,COMPLETE
234,234,0.6719851576994433,2025-01-01 11:31:32.120976,2025-01-01 11:31:36.216490,0 days 00:00:04.095514,1,95,,,,,,,,,,,,,,,,,,,,6,,,,,,,,,,,,,,,,,,,,COMPLETE
235,235,0.29699666295884314,2025-01-01 11:31:36.216876,2025-01-01 11:31:39.263755,0 days 00:00:03.046879,1,105,,,,,,,,,,,,,,,,,,,,6,,,,,,,,,,,,,,,,,,,,COMPLETE
236,236,0.44324324324324327,2025-01-01 11:31:39.264115,2025-01-01 11:31:43.605233,0 days 00:00:04.341118,1,100,,,,,,,,,,,,,,,,,,,,6,,,,,,,,,,,,,,,,,,,,COMPLETE
237,237,0.38235294117647056,2025-01-01 11:31:43.605656,2025-01-01 11:31:48.411587,0 days 00:00:04.805931,1,95,,,,,,,,,,,,,,,,,,,,6,,,,,,,,,,,,,,,,,,,,COMPLETE
238,238,0.650733752620545,2025-01-01 11:31:48.411973,2025-01-01 11:31:52.607345,0 days 00:00:04.195372,1,95,,,,,,,,,,,,,,,,,,,,6,,,,,,,,,,,,,,,,,,,,COMPLETE
239,239,0.6013888888888889,2025-01-01 11:31:52.607727,2025-01-01 11:31:56.436736,0 days 00:00:03.829009,2,190,180.0,,,,,,,,,,,,,,,,,,,6,3.0,,,,,,,,,,,,,,,,,,,COMPLETE
