,number,value,datetime_start,datetime_complete,duration,params_depth,params_neurons_layer_0,params_neurons_layer_1,params_neurons_layer_10,params_neurons_layer_11,params_neurons_layer_12,params_neurons_layer_13,params_neurons_layer_14,params_neurons_layer_15,params_neurons_layer_16,params_neurons_layer_17,params_neurons_layer_18,params_neurons_layer_19,params_neurons_layer_2,params_neurons_layer_3,params_neurons_layer_4,params_neurons_layer_5,params_neurons_layer_6,params_neurons_layer_7,params_neurons_layer_8,params_neurons_layer_9,params_orders_layer_0,params_orders_layer_1,params_orders_layer_10,params_orders_layer_11,params_orders_layer_12,params_orders_layer_13,params_orders_layer_14,params_orders_layer_15,params_orders_layer_16,params_orders_layer_17,params_orders_layer_18,params_orders_layer_19,params_orders_layer_2,params_orders_layer_3,params_orders_layer_4,params_orders_layer_5,params_orders_layer_6,params_orders_layer_7,params_orders_layer_8,params_orders_layer_9,state
356,356,0.8561844863731656,2025-01-01 08:53:11.857586,2025-01-01 08:53:16.891122,0 days 00:00:05.033536,2,50,5.0,,,,,,,,,,,,,,,,,,,3,5.0,,,,,,,,,,,,,,,,,,,COMPLETE
357,357,0.0,2025-01-01 08:53:16.891587,2025-01-01 08:53:19.878545,0 days 00:00:02.986958,3,170,130.0,,,,,,,,,,,100.0,,,,,,,,3,6.0,,,,,,,,,,,4.0,,,,,,,,COMPLETE
358,358,0.828137817883511,2025-01-01 08:53:19.879017,2025-01-01 08:53:25.360655,0 days 00:00:05.481638,2,135,190.0,,,,,,,,,,,,,,,,,,,3,6.0,,,,,,,,,,,,,,,,,,,COMPLETE
359,359,0.8193496587715776,2025-01-01 08:53:25.361119,2025-01-01 08:53:33.195156,0 days 00:00:07.834037,3,150,190.0,,,,,,,,,,,15.0,,,,,,,,2,6.0,,,,,,,,,,,6.0,,,,,,,,COMPLETE
360,360,0.0,2025-01-01 08:53:33.195660,2025-01-01 08:53:40.553452,0 days 00:00:07.357792,13,125,195.0,90.0,85.0,170.0,,,,,,,,25.0,10.0,115.0,175.0,140.0,5.0,140.0,65.0,3,6.0,3.0,6.0,3.0,,,,,,,,6.0,2.0,2.0,4.0,4.0,2.0,6.0,2.0,COMPLETE
361,361,0.8544973544973544,2025-01-01 08:53:40.554178,2025-01-01 08:53:43.184659,0 days 00:00:02.630481,1,40,,,,,,,,,,,,,,,,,,,,3,,,,,,,,,,,,,,,,,,,,COMPLETE
362,362,0.0,2025-01-01 08:53:43.185106,2025-01-01 08:53:47.512094,0 days 00:00:04.326988,7,35,170.0,,,,,,,,,,,95.0,135.0,155.0,55.0,25.0,,,,3,6.0,,,,,,,,,,,6.0,5.0,4.0,5.0,6.0,,,,COMPLETE
363,363,0.8199279711884754,2025-01-01 08:53:47.512727,2025-01-01 08:53:52.328782,0 days 00:00:04.816055,2,45,185.0,,,,,,,,,,,,,,,,,,,3,6.0,,,,,,,,,,,,,,,,,,,COMPLETE
364,364,0.6806972789115646,2025-01-01 08:53:52.329233,2025-01-01 08:54:06.224583,0 days 00:00:13.895350,4,140,115.0,,,,,,,,,,,5.0,30.0,,,,,,,5,6.0,,,,,,,,,,,5.0,3.0,,,,,,,COMPLETE
365,365,0.9183333333333333,2025-01-01 08:54:06.225239,2025-01-01 08:54:11.045074,0 days 00:00:04.819835,2,185,165.0,,,,,,,,,,,,,,,,,,,3,6.0,,,,,,,,,,,,,,,,,,,COMPLETE
366,366,0.7871873628784555,2025-01-01 08:54:11.045553,2025-01-01 08:54:13.660810,0 days 00:00:02.615257,1,190,,,,,,,,,,,,,,,,,,,,3,,,,,,,,,,,,,,,,,,,,COMPLETE
367,367,0.88,2025-01-01 08:54:13.661251,2025-01-01 08:54:18.791780,0 days 00:00:05.130529,2,190,165.0,,,,,,,,,,,,,,,,,,,3,6.0,,,,,,,,,,,,,,,,,,,COMPLETE
368,368,0.8397435897435898,2025-01-01 08:54:18.792235,2025-01-01 08:54:24.267950,0 days 00:00:05.475715,2,180,160.0,,,,,,,,,,,,,,,,,,,3,6.0,,,,,,,,,,,,,,,,,,,COMPLETE
369,369,0.7203751065643649,2025-01-01 08:54:24.268411,2025-01-01 08:54:28.983805,0 days 00:00:04.715394,2,185,170.0,,,,,,,,,,,,,,,,,,,5,4.0,,,,,,,,,,,,,,,,,,,COMPLETE
370,370,0.8248081841432224,2025-01-01 08:54:28.984266,2025-01-01 08:54:31.439256,0 days 00:00:02.454990,1,200,,,,,,,,,,,,,,,,,,,,3,,,,,,,,,,,,,,,,,,,,COMPLETE
371,371,0.0,2025-01-01 08:54:31.439685,2025-01-01 08:54:33.174517,0 days 00:00:01.734832,3,80,165.0,,,,,,,,,,,195.0,,,,,,,,3,2.0,,,,,,,,,,,4.0,,,,,,,,COMPLETE
372,372,0.8594941790445605,2025-01-01 08:54:33.174971,2025-01-01 08:54:38.654918,0 days 00:00:05.479947,2,195,150.0,,,,,,,,,,,,,,,,,,,3,6.0,,,,,,,,,,,,,,,,,,,COMPLETE
373,373,0.8199279711884754,2025-01-01 08:54:38.655380,2025-01-01 08:54:44.812628,0 days 00:00:06.157248,3,105,175.0,,,,,,,,,,,160.0,,,,,,,,3,6.0,,,,,,,,,,,5.0,,,,,,,,COMPLETE
374,374,0.8678396072013093,2025-01-01 08:54:44.813117,2025-01-01 08:54:49.964815,0 days 00:00:05.151698,2,175,155.0,,,,,,,,,,,,,,,,,,,3,6.0,,,,,,,,,,,,,,,,,,,COMPLETE
375,375,0.8425925925925926,2025-01-01 08:54:49.965270,2025-01-01 08:54:52.581875,0 days 00:00:02.616605,1,175,,,,,,,,,,,,,,,,,,,,3,,,,,,,,,,,,,,,,,,,,COMPLETE
376,376,0.88,2025-01-01 08:54:52.582448,2025-01-01 08:54:57.376919,0 days 00:00:04.794471,2,130,175.0,,,,,,,,,,,,,,,,,,,3,6.0,,,,,,,,,,,,,,,,,,,COMPLETE
377,377,0.8397435897435898,2025-01-01 08:54:57.377378,2025-01-01 08:55:04.349240,0 days 00:00:06.971862,3,200,170.0,,,,,,,,,,,40.0,,,,,,,,3,6.0,,,,,,,,,,,5.0,,,,,,,,COMPLETE
378,378,0.8397435897435898,2025-01-01 08:55:04.349738,2025-01-01 08:55:11.393718,0 days 00:00:07.043980,3,120,200.0,,,,,,,,,,,35.0,,,,,,,,3,5.0,,,,,,,,,,,5.0,,,,,,,,COMPLETE
379,379,0.8599439775910365,2025-01-01 08:55:11.394210,2025-01-01 08:55:16.545880,0 days 00:00:05.151670,2,185,160.0,,,,,,,,,,,,,,,,,,,3,6.0,,,,,,,,,,,,,,,,,,,COMPLETE
380,380,0.0,2025-01-01 08:55:16.546366,2025-01-01 08:55:19.678201,0 days 00:00:03.131835,4,135,165.0,,,,,,,,,,,115.0,145.0,,,,,,,3,6.0,,,,,,,,,,,6.0,4.0,,,,,,,COMPLETE
381,381,0.8095238095238095,2025-01-01 08:55:19.678746,2025-01-01 08:55:25.115764,0 days 00:00:05.437018,3,115,170.0,,,,,,,,,,,130.0,,,,,,,,5,6.0,,,,,,,,,,,6.0,,,,,,,,COMPLETE
382,382,0.8687448728465956,2025-01-01 08:55:25.116254,2025-01-01 08:55:30.232557,0 days 00:00:05.116303,2,95,195.0,,,,,,,,,,,,,,,,,,,3,6.0,,,,,,,,,,,,,,,,,,,COMPLETE
383,383,0.8594941790445605,2025-01-01 08:55:30.233014,2025-01-01 08:55:37.615385,0 days 00:00:07.382371,3,30,180.0,,,,,,,,,,,45.0,,,,,,,,3,6.0,,,,,,,,,,,6.0,,,,,,,,COMPLETE
384,384,0.823257604928764,2025-01-01 08:55:37.615885,2025-01-01 08:55:40.402497,0 days 00:00:02.786612,1,45,,,,,,,,,,,,,,,,,,,,3,,,,,,,,,,,,,,,,,,,,COMPLETE
385,385,0.8166666666666667,2025-01-01 08:55:40.402905,2025-01-01 08:55:45.370176,0 days 00:00:04.967271,2,130,190.0,,,,,,,,,,,,,,,,,,,5,6.0,,,,,,,,,,,,,,,,,,,COMPLETE
386,386,0.7987117552334944,2025-01-01 08:55:45.370645,2025-01-01 08:55:52.064727,0 days 00:00:06.694082,3,50,175.0,,,,,,,,,,,105.0,,,,,,,,3,6.0,,,,,,,,,,,3.0,,,,,,,,COMPLETE
387,387,0.8465473145780051,2025-01-01 08:55:52.065219,2025-01-01 08:55:59.347322,0 days 00:00:07.282103,3,125,35.0,,,,,,,,,,,25.0,,,,,,,,3,6.0,,,,,,,,,,,5.0,,,,,,,,COMPLETE
388,388,0.8594941790445605,2025-01-01 08:55:59.347826,2025-01-01 08:56:03.136331,0 days 00:00:03.788505,2,140,200.0,,,,,,,,,,,,,,,,,,,3,2.0,,,,,,,,,,,,,,,,,,,COMPLETE
389,389,0.8480392156862746,2025-01-01 08:56:03.136949,2025-01-01 08:56:10.966221,0 days 00:00:07.829272,3,135,190.0,,,,,,,,,,,15.0,,,,,,,,3,6.0,,,,,,,,,,,6.0,,,,,,,,COMPLETE
390,390,0.7132107023411371,2025-01-01 08:56:10.966722,2025-01-01 08:56:21.351730,0 days 00:00:10.385008,4,195,85.0,,,,,,,,,,,20.0,200.0,,,,,,,3,4.0,,,,,,,,,,,6.0,5.0,,,,,,,COMPLETE
391,391,0.7951505016722409,2025-01-01 08:56:21.352279,2025-01-01 08:56:23.916937,0 days 00:00:02.564658,1,110,,,,,,,,,,,,,,,,,,,,4,,,,,,,,,,,,,,,,,,,,COMPLETE
392,392,0.0,2025-01-01 08:56:23.917362,2025-01-01 08:56:29.825570,0 days 00:00:05.908208,15,120,185.0,55.0,180.0,35.0,125.0,55.0,,,,,,30.0,170.0,170.0,85.0,190.0,150.0,180.0,140.0,3,6.0,5.0,2.0,5.0,2.0,5.0,,,,,,6.0,6.0,3.0,3.0,5.0,4.0,5.0,4.0,COMPLETE
393,393,0.767156862745098,2025-01-01 08:56:29.826352,2025-01-01 08:56:34.935171,0 days 00:00:05.108819,2,35,175.0,,,,,,,,,,,,,,,,,,,6,6.0,,,,,,,,,,,,,,,,,,,COMPLETE
394,394,0.0,2025-01-01 08:56:34.935649,2025-01-01 08:56:38.199683,0 days 00:00:03.264034,5,40,180.0,,,,,,,,,,,15.0,90.0,40.0,,,,,,2,6.0,,,,,,,,,,,4.0,2.0,5.0,,,,,,COMPLETE
395,395,0.8444160272804775,2025-01-01 08:56:38.200215,2025-01-01 08:56:43.347535,0 days 00:00:05.147320,2,145,160.0,,,,,,,,,,,,,,,,,,,3,6.0,,,,,,,,,,,,,,,,,,,COMPLETE
396,396,0.7777777777777778,2025-01-01 08:56:43.348017,2025-01-01 08:56:57.843171,0 days 00:00:14.495154,4,50,180.0,,,,,,,,,,,5.0,105.0,,,,,,,3,6.0,,,,,,,,,,,6.0,3.0,,,,,,,COMPLETE
397,397,0.9497549019607843,2025-01-01 08:56:57.843710,2025-01-01 08:57:03.032800,0 days 00:00:05.189090,2,55,195.0,,,,,,,,,,,,,,,,,,,3,6.0,,,,,,,,,,,,,,,,,,,COMPLETE
398,398,0.7987117552334944,2025-01-01 08:57:03.033249,2025-01-01 08:57:05.647875,0 days 00:00:02.614626,1,60,,,,,,,,,,,,,,,,,,,,3,,,,,,,,,,,,,,,,,,,,COMPLETE
399,399,0.8876127973748975,2025-01-01 08:57:05.648285,2025-01-01 08:57:10.060835,0 days 00:00:04.412550,2,55,200.0,,,,,,,,,,,,,,,,,,,3,5.0,,,,,,,,,,,,,,,,,,,COMPLETE
400,400,0.8599439775910365,2025-01-01 08:57:10.061269,2025-01-01 08:57:14.355523,0 days 00:00:04.294254,2,65,195.0,,,,,,,,,,,,,,,,,,,3,4.0,,,,,,,,,,,,,,,,,,,COMPLETE
401,401,0.8328267477203647,2025-01-01 08:57:14.355958,2025-01-01 08:57:19.477506,0 days 00:00:05.121548,2,140,195.0,,,,,,,,,,,,,,,,,,,3,6.0,,,,,,,,,,,,,,,,,,,COMPLETE
402,402,0.8317610062893082,2025-01-01 08:57:19.478103,2025-01-01 08:57:21.919634,0 days 00:00:02.441531,1,55,,,,,,,,,,,,,,,,,,,,3,,,,,,,,,,,,,,,,,,,,COMPLETE
403,403,0.8366666666666667,2025-01-01 08:57:21.920042,2025-01-01 08:57:26.448765,0 days 00:00:04.528723,2,45,100.0,,,,,,,,,,,,,,,,,,,3,6.0,,,,,,,,,,,,,,,,,,,COMPLETE
404,404,0.8599439775910365,2025-01-01 08:57:26.449216,2025-01-01 08:57:33.163231,0 days 00:00:06.714015,3,125,190.0,,,,,,,,,,,185.0,,,,,,,,5,6.0,,,,,,,,,,,5.0,,,,,,,,COMPLETE
405,405,0.7677551020408163,2025-01-01 08:57:33.163712,2025-01-01 08:57:38.039986,0 days 00:00:04.876274,2,55,195.0,,,,,,,,,,,,,,,,,,,3,6.0,,,,,,,,,,,,,,,,,,,COMPLETE
406,406,0.0,2025-01-01 08:57:38.040446,2025-01-01 08:57:42.638281,0 days 00:00:04.597835,10,50,185.0,,,,,,,,,,,75.0,190.0,75.0,15.0,50.0,200.0,120.0,85.0,3,6.0,,,,,,,,,,,4.0,4.0,2.0,4.0,2.0,3.0,4.0,5.0,COMPLETE
407,407,0.8480392156862746,2025-01-01 08:57:42.638927,2025-01-01 08:57:47.460057,0 days 00:00:04.821130,2,25,200.0,,,,,,,,,,,,,,,,,,,3,6.0,,,,,,,,,,,,,,,,,,,COMPLETE
408,408,0.0,2025-01-01 08:57:47.460528,2025-01-01 08:57:51.236833,0 days 00:00:03.776305,3,145,185.0,,,,,,,,,,,85.0,,,,,,,,3,6.0,,,,,,,,,,,5.0,,,,,,,,COMPLETE
409,409,0.7777777777777778,2025-01-01 08:57:51.237291,2025-01-01 08:57:55.124291,0 days 00:00:03.887000,2,135,190.0,,,,,,,,,,,,,,,,,,,5,6.0,,,,,,,,,,,,,,,,,,,COMPLETE
410,410,0.8273322422258592,2025-01-01 08:57:55.124745,2025-01-01 08:57:57.726566,0 days 00:00:02.601821,1,115,,,,,,,,,,,,,,,,,,,,3,,,,,,,,,,,,,,,,,,,,COMPLETE
411,411,0.0,2025-01-01 08:57:57.726982,2025-01-01 08:58:04.149032,0 days 00:00:06.422050,12,45,180.0,175.0,35.0,,,,,,,,,35.0,70.0,200.0,190.0,5.0,45.0,95.0,165.0,3,6.0,4.0,4.0,,,,,,,,,5.0,5.0,6.0,6.0,3.0,6.0,6.0,2.0,COMPLETE
412,412,0.0,2025-01-01 08:58:04.149754,2025-01-01 08:58:06.464038,0 days 00:00:02.314284,3,40,185.0,,,,,,,,,,,10.0,,,,,,,,3,6.0,,,,,,,,,,,2.0,,,,,,,,COMPLETE
413,413,0.8273322422258592,2025-01-01 08:58:06.464498,2025-01-01 08:58:10.272770,0 days 00:00:03.808272,2,60,190.0,,,,,,,,,,,,,,,,,,,3,2.0,,,,,,,,,,,,,,,,,,,COMPLETE
414,414,0.8996386993175431,2025-01-01 08:58:10.273208,2025-01-01 08:58:16.019462,0 days 00:00:05.746254,3,130,145.0,,,,,,,,,,,120.0,,,,,,,,3,6.0,,,,,,,,,,,6.0,,,,,,,,COMPLETE
415,415,0.9198717948717949,2025-01-01 08:58:16.019955,2025-01-01 08:58:20.773575,0 days 00:00:04.753620,2,120,195.0,,,,,,,,,,,,,,,,,,,3,6.0,,,,,,,,,,,,,,,,,,,COMPLETE
416,416,0.823257604928764,2025-01-01 08:58:20.774028,2025-01-01 08:58:23.221514,0 days 00:00:02.447486,1,120,,,,,,,,,,,,,,,,,,,,3,,,,,,,,,,,,,,,,,,,,COMPLETE
417,417,0.83729662077597,2025-01-01 08:58:23.221908,2025-01-01 08:58:28.140911,0 days 00:00:04.919003,2,120,200.0,,,,,,,,,,,,,,,,,,,5,5.0,,,,,,,,,,,,,,,,,,,COMPLETE
418,418,0.8389694041867954,2025-01-01 08:58:28.141514,2025-01-01 08:58:33.261535,0 days 00:00:05.120021,2,125,195.0,,,,,,,,,,,,,,,,,,,3,6.0,,,,,,,,,,,,,,,,,,,COMPLETE
419,419,0.8792270531400965,2025-01-01 08:58:33.261990,2025-01-01 08:58:38.760576,0 days 00:00:05.498586,2,115,195.0,,,,,,,,,,,,,,,,,,,3,6.0,,,,,,,,,,,,,,,,,,,COMPLETE
420,420,0.851457840819543,2025-01-01 08:58:38.761029,2025-01-01 08:58:41.238699,0 days 00:00:02.477670,1,110,,,,,,,,,,,,,,,,,,,,3,,,,,,,,,,,,,,,,,,,,COMPLETE
421,421,0.8599439775910365,2025-01-01 08:58:41.239110,2025-01-01 08:58:45.451873,0 days 00:00:04.212763,2,125,200.0,,,,,,,,,,,,,,,,,,,3,4.0,,,,,,,,,,,,,,,,,,,COMPLETE
422,422,0.8193496587715776,2025-01-01 08:58:45.452349,2025-01-01 08:58:50.699626,0 days 00:00:05.247277,2,35,195.0,,,,,,,,,,,,,,,,,,,4,6.0,,,,,,,,,,,,,,,,,,,COMPLETE
423,423,0.8273322422258592,2025-01-01 08:58:50.700072,2025-01-01 08:58:53.174170,0 days 00:00:02.474098,1,120,,,,,,,,,,,,,,,,,,,,3,,,,,,,,,,,,,,,,,,,,COMPLETE
424,424,0.0,2025-01-01 08:58:53.174593,2025-01-01 08:58:55.951310,0 days 00:00:02.776717,3,100,190.0,,,,,,,,,,,135.0,,,,,,,,3,6.0,,,,,,,,,,,4.0,,,,,,,,COMPLETE
425,425,0.8798076923076923,2025-01-01 08:58:55.951784,2025-01-01 08:59:01.059244,0 days 00:00:05.107460,2,115,125.0,,,,,,,,,,,,,,,,,,,3,6.0,,,,,,,,,,,,,,,,,,,COMPLETE
426,426,0.8688725490196079,2025-01-01 08:59:01.059704,2025-01-01 08:59:05.542300,0 days 00:00:04.482596,2,45,175.0,,,,,,,,,,,,,,,,,,,3,6.0,,,,,,,,,,,,,,,,,,,COMPLETE
427,427,0.8397435897435898,2025-01-01 08:59:05.542768,2025-01-01 08:59:12.619520,0 days 00:00:07.076752,3,70,200.0,,,,,,,,,,,40.0,,,,,,,,5,6.0,,,,,,,,,,,5.0,,,,,,,,COMPLETE
428,428,0.8063986874487286,2025-01-01 08:59:12.620004,2025-01-01 08:59:15.070198,0 days 00:00:02.450194,1,130,,,,,,,,,,,,,,,,,,,,3,,,,,,,,,,,,,,,,,,,,COMPLETE
429,429,0.0,2025-01-01 08:59:15.070634,2025-01-01 08:59:17.707208,0 days 00:00:02.636574,4,10,190.0,,,,,,,,,,,125.0,115.0,,,,,,,3,5.0,,,,,,,,,,,5.0,2.0,,,,,,,COMPLETE
430,430,0.8996386993175431,2025-01-01 08:59:17.707710,2025-01-01 08:59:24.601209,0 days 00:00:06.893499,3,50,175.0,,,,,,,,,,,110.0,,,,,,,,3,6.0,,,,,,,,,,,5.0,,,,,,,,COMPLETE
431,431,0.8486088379705401,2025-01-01 08:59:24.601701,2025-01-01 08:59:30.094885,0 days 00:00:05.493184,2,120,195.0,,,,,,,,,,,,,,,,,,,3,6.0,,,,,,,,,,,,,,,,,,,COMPLETE
432,432,0.8063986874487286,2025-01-01 08:59:30.095343,2025-01-01 08:59:36.568531,0 days 00:00:06.473188,3,55,170.0,,,,,,,,,,,100.0,,,,,,,,4,6.0,,,,,,,,,,,5.0,,,,,,,,COMPLETE
433,433,0.0,2025-01-01 08:59:36.569159,2025-01-01 08:59:40.281473,0 days 00:00:03.712314,5,125,185.0,,,,,,,,,,,45.0,160.0,150.0,,,,,,2,6.0,,,,,,,,,,,6.0,4.0,4.0,,,,,,COMPLETE
434,434,0.8999599839935974,2025-01-01 08:59:40.282036,2025-01-01 08:59:45.459896,0 days 00:00:05.177860,2,135,190.0,,,,,,,,,,,,,,,,,,,3,6.0,,,,,,,,,,,,,,,,,,,COMPLETE
435,435,0.8193496587715776,2025-01-01 08:59:45.460373,2025-01-01 08:59:48.028140,0 days 00:00:02.567767,1,30,,,,,,,,,,,,,,,,,,,,3,,,,,,,,,,,,,,,,,,,,COMPLETE
436,436,0.8281632653061224,2025-01-01 08:59:48.028562,2025-01-01 08:59:53.498659,0 days 00:00:05.470097,2,170,195.0,,,,,,,,,,,,,,,,,,,6,6.0,,,,,,,,,,,,,,,,,,,COMPLETE
437,437,0.8485714285714285,2025-01-01 08:59:53.499118,2025-01-01 08:59:57.177581,0 days 00:00:03.678463,2,50,200.0,,,,,,,,,,,,,,,,,,,3,2.0,,,,,,,,,,,,,,,,,,,COMPLETE
438,438,0.7996794871794872,2025-01-01 08:59:57.178018,2025-01-01 08:59:59.937334,0 days 00:00:02.759316,1,40,,,,,,,,,,,,,,,,,,,,3,,,,,,,,,,,,,,,,,,,,COMPLETE
439,439,0.8678396072013093,2025-01-01 08:59:59.937740,2025-01-01 09:00:04.429028,0 days 00:00:04.491288,2,110,190.0,,,,,,,,,,,,,,,,,,,3,6.0,,,,,,,,,,,,,,,,,,,COMPLETE
440,440,0.8317124735729386,2025-01-01 09:00:04.429495,2025-01-01 09:00:09.602107,0 days 00:00:05.172612,2,130,195.0,,,,,,,,,,,,,,,,,,,3,6.0,,,,,,,,,,,,,,,,,,,COMPLETE
441,441,0.8367346938775511,2025-01-01 09:00:09.602578,2025-01-01 09:00:14.747619,0 days 00:00:05.145041,2,165,190.0,,,,,,,,,,,,,,,,,,,3,6.0,,,,,,,,,,,,,,,,,,,COMPLETE
442,442,0.8340891912320484,2025-01-01 09:00:14.748076,2025-01-01 09:00:17.204617,0 days 00:00:02.456541,1,40,,,,,,,,,,,,,,,,,,,,3,,,,,,,,,,,,,,,,,,,,COMPLETE
443,443,0.8594941790445605,2025-01-01 09:00:17.205033,2025-01-01 09:00:19.699479,0 days 00:00:02.494446,1,90,,,,,,,,,,,,,,,,,,,,3,,,,,,,,,,,,,,,,,,,,COMPLETE
444,444,0.7851851851851852,2025-01-01 09:00:19.699905,2025-01-01 09:00:25.397017,0 days 00:00:05.697112,2,140,195.0,,,,,,,,,,,,,,,,,,,5,6.0,,,,,,,,,,,,,,,,,,,COMPLETE
445,445,0.8792270531400965,2025-01-01 09:00:25.397474,2025-01-01 09:00:30.869239,0 days 00:00:05.471765,2,120,25.0,,,,,,,,,,,,,,,,,,,3,6.0,,,,,,,,,,,,,,,,,,,COMPLETE
446,446,0.0,2025-01-01 09:00:30.869715,2025-01-01 09:00:33.936342,0 days 00:00:03.066627,3,115,200.0,,,,,,,,,,,90.0,,,,,,,,3,6.0,,,,,,,,,,,3.0,,,,,,,,COMPLETE
447,447,0.0,2025-01-01 09:00:33.936829,2025-01-01 09:00:38.645681,0 days 00:00:04.708852,11,135,190.0,20.0,,,,,,,,,,80.0,180.0,30.0,100.0,110.0,20.0,45.0,110.0,3,6.0,6.0,,,,,,,,,,5.0,6.0,5.0,5.0,4.0,4.0,6.0,3.0,COMPLETE
448,448,0.0,2025-01-01 09:00:38.646544,2025-01-01 09:00:41.279426,0 days 00:00:02.632882,3,125,185.0,,,,,,,,,,,150.0,,,,,,,,3,6.0,,,,,,,,,,,4.0,,,,,,,,COMPLETE
449,449,0.8687448728465956,2025-01-01 09:00:41.279910,2025-01-01 09:00:45.676338,0 days 00:00:04.396428,2,50,140.0,,,,,,,,,,,,,,,,,,,3,5.0,,,,,,,,,,,,,,,,,,,COMPLETE
450,450,0.0,2025-01-01 09:00:45.676809,2025-01-01 09:00:53.753124,0 days 00:00:08.076315,19,45,180.0,130.0,125.0,95.0,40.0,150.0,55.0,55.0,115.0,5.0,,30.0,20.0,5.0,75.0,165.0,95.0,60.0,135.0,3,6.0,2.0,3.0,6.0,4.0,3.0,5.0,5.0,5.0,2.0,,5.0,5.0,3.0,2.0,5.0,2.0,2.0,4.0,COMPLETE
451,451,0.8199279711884754,2025-01-01 09:00:53.753979,2025-01-01 09:00:58.565206,0 days 00:00:04.811227,2,20,195.0,,,,,,,,,,,,,,,,,,,3,6.0,,,,,,,,,,,,,,,,,,,COMPLETE
452,452,0.8116627265563435,2025-01-01 09:00:58.565688,2025-01-01 09:01:01.194446,0 days 00:00:02.628758,1,55,,,,,,,,,,,,,,,,,,,,3,,,,,,,,,,,,,,,,,,,,COMPLETE
453,453,0.767156862745098,2025-01-01 09:01:01.194892,2025-01-01 09:01:08.759723,0 days 00:00:07.564831,3,75,165.0,,,,,,,,,,,140.0,,,,,,,,5,6.0,,,,,,,,,,,5.0,,,,,,,,COMPLETE
454,454,0.865531914893617,2025-01-01 09:01:08.760212,2025-01-01 09:01:13.015142,0 days 00:00:04.254930,2,105,190.0,,,,,,,,,,,,,,,,,,,3,4.0,,,,,,,,,,,,,,,,,,,COMPLETE
455,455,0.0,2025-01-01 09:01:13.015619,2025-01-01 09:01:15.966643,0 days 00:00:02.951024,4,140,170.0,,,,,,,,,,,95.0,40.0,,,,,,,3,6.0,,,,,,,,,,,5.0,3.0,,,,,,,COMPLETE
456,456,0.8599439775910365,2025-01-01 09:01:15.967146,2025-01-01 09:01:21.099324,0 days 00:00:05.132178,2,130,180.0,,,,,,,,,,,,,,,,,,,3,6.0,,,,,,,,,,,,,,,,,,,COMPLETE
457,457,0.8199279711884754,2025-01-01 09:01:21.099789,2025-01-01 09:01:27.557411,0 days 00:00:06.457622,3,95,170.0,,,,,,,,,,,35.0,,,,,,,,3,6.0,,,,,,,,,,,5.0,,,,,,,,COMPLETE
458,458,0.84,2025-01-01 09:01:27.557914,2025-01-01 09:01:35.428641,0 days 00:00:07.870727,3,60,175.0,,,,,,,,,,,115.0,,,,,,,,3,6.0,,,,,,,,,,,6.0,,,,,,,,COMPLETE
459,459,0.0,2025-01-01 09:01:35.429137,2025-01-01 09:01:40.054008,0 days 00:00:04.624871,9,115,200.0,,,,,,,,,,,25.0,150.0,95.0,145.0,150.0,80.0,105.0,,3,6.0,,,,,,,,,,,4.0,4.0,2.0,3.0,6.0,4.0,5.0,,COMPLETE
460,460,0.6559322033898305,2025-01-01 09:01:40.054665,2025-01-01 09:01:43.984694,0 days 00:00:03.930029,2,35,190.0,,,,,,,,,,,,,,,,,,,5,2.0,,,,,,,,,,,,,,,,,,,COMPLETE
461,461,0.0,2025-01-01 09:01:43.985159,2025-01-01 09:01:46.570656,0 days 00:00:02.585497,3,135,185.0,,,,,,,,,,,40.0,,,,,,,,3,4.0,,,,,,,,,,,6.0,,,,,,,,COMPLETE
462,462,0.8397435897435898,2025-01-01 09:01:46.571282,2025-01-01 09:01:51.690310,0 days 00:00:05.119028,2,150,185.0,,,,,,,,,,,,,,,,,,,3,6.0,,,,,,,,,,,,,,,,,,,COMPLETE
463,463,0.7416666666666667,2025-01-01 09:01:51.690781,2025-01-01 09:01:54.483116,0 days 00:00:02.792335,1,125,,,,,,,,,,,,,,,,,,,,3,,,,,,,,,,,,,,,,,,,,COMPLETE
464,464,0.8389694041867954,2025-01-01 09:01:54.483552,2025-01-01 09:02:01.527369,0 days 00:00:07.043817,3,45,195.0,,,,,,,,,,,160.0,,,,,,,,3,6.0,,,,,,,,,,,6.0,,,,,,,,COMPLETE
465,465,0.8150943396226416,2025-01-01 09:02:01.527869,2025-01-01 09:02:06.712097,0 days 00:00:05.184228,2,65,175.0,,,,,,,,,,,,,,,,,,,3,6.0,,,,,,,,,,,,,,,,,,,COMPLETE
466,466,0.7868248772504092,2025-01-01 09:02:06.712578,2025-01-01 09:02:11.506601,0 days 00:00:04.794023,2,145,180.0,,,,,,,,,,,,,,,,,,,3,6.0,,,,,,,,,,,,,,,,,,,COMPLETE
467,467,0.7996794871794872,2025-01-01 09:02:11.507064,2025-01-01 09:02:19.521319,0 days 00:00:08.014255,3,140,110.0,,,,,,,,,,,70.0,,,,,,,,5,6.0,,,,,,,,,,,6.0,,,,,,,,COMPLETE
468,468,0.8561844863731656,2025-01-01 09:02:19.521824,2025-01-01 09:02:25.743492,0 days 00:00:06.221668,3,115,155.0,,,,,,,,,,,30.0,,,,,,,,3,6.0,,,,,,,,,,,6.0,,,,,,,,COMPLETE
469,469,0.0,2025-01-01 09:02:25.743991,2025-01-01 09:02:28.312906,0 days 00:00:02.568915,4,120,135.0,,,,,,,,,,,45.0,5.0,,,,,,,3,6.0,,,,,,,,,,,3.0,2.0,,,,,,,COMPLETE
470,470,0.8317610062893082,2025-01-01 09:02:28.313400,2025-01-01 09:02:30.601894,0 days 00:00:02.288494,1,60,,,,,,,,,,,,,,,,,,,,3,,,,,,,,,,,,,,,,,,,,COMPLETE
471,471,0.8594941790445605,2025-01-01 09:02:30.602316,2025-01-01 09:02:35.384252,0 days 00:00:04.781936,2,55,195.0,,,,,,,,,,,,,,,,,,,3,6.0,,,,,,,,,,,,,,,,,,,COMPLETE
472,472,0.8273322422258592,2025-01-01 09:02:35.384740,2025-01-01 09:02:40.157045,0 days 00:00:04.772305,2,40,190.0,,,,,,,,,,,,,,,,,,,3,6.0,,,,,,,,,,,,,,,,,,,COMPLETE
473,473,0.8688725490196079,2025-01-01 09:02:40.157521,2025-01-01 09:02:47.061152,0 days 00:00:06.903631,3,35,50.0,,,,,,,,,,,25.0,,,,,,,,3,6.0,,,,,,,,,,,5.0,,,,,,,,COMPLETE
474,474,0.7959183673469388,2025-01-01 09:02:47.061655,2025-01-01 09:02:51.510629,0 days 00:00:04.448974,2,50,200.0,,,,,,,,,,,,,,,,,,,3,6.0,,,,,,,,,,,,,,,,,,,COMPLETE
475,475,0.0,2025-01-01 09:02:51.511090,2025-01-01 09:02:54.173976,0 days 00:00:02.662886,3,125,175.0,,,,,,,,,,,130.0,,,,,,,,3,4.0,,,,,,,,,,,6.0,,,,,,,,COMPLETE
476,476,0.7987117552334944,2025-01-01 09:02:54.174454,2025-01-01 09:02:56.723859,0 days 00:00:02.549405,1,110,,,,,,,,,,,,,,,,,,,,4,,,,,,,,,,,,,,,,,,,,COMPLETE
477,477,0.8585858585858586,2025-01-01 09:02:56.724442,2025-01-01 09:03:02.008085,0 days 00:00:05.283643,2,130,165.0,,,,,,,,,,,,,,,,,,,5,6.0,,,,,,,,,,,,,,,,,,,COMPLETE
478,478,0.0,2025-01-01 09:03:02.008568,2025-01-01 09:03:05.494328,0 days 00:00:03.485760,3,120,185.0,,,,,,,,,,,110.0,,,,,,,,3,5.0,,,,,,,,,,,6.0,,,,,,,,COMPLETE
