,number,value,datetime_start,datetime_complete,duration,params_depth,params_neurons_layer_0,params_neurons_layer_1,params_neurons_layer_10,params_neurons_layer_11,params_neurons_layer_12,params_neurons_layer_13,params_neurons_layer_14,params_neurons_layer_15,params_neurons_layer_16,params_neurons_layer_17,params_neurons_layer_18,params_neurons_layer_19,params_neurons_layer_2,params_neurons_layer_3,params_neurons_layer_4,params_neurons_layer_5,params_neurons_layer_6,params_neurons_layer_7,params_neurons_layer_8,params_neurons_layer_9,params_orders_layer_0,params_orders_layer_1,params_orders_layer_10,params_orders_layer_11,params_orders_layer_12,params_orders_layer_13,params_orders_layer_14,params_orders_layer_15,params_orders_layer_16,params_orders_layer_17,params_orders_layer_18,params_orders_layer_19,params_orders_layer_2,params_orders_layer_3,params_orders_layer_4,params_orders_layer_5,params_orders_layer_6,params_orders_layer_7,params_orders_layer_8,params_orders_layer_9,state
0,0,0.0,2024-12-31 18:26:34.596170,2024-12-31 18:27:31.303111,0 days 00:00:56.706941,8,100,45.0,,,,,,,,,,,180.0,10.0,125.0,190.0,70.0,70.0,,,5,3.0,,,,,,,,,,,5.0,6.0,6.0,2.0,3.0,2.0,,,COMPLETE
1,1,0.8189831309412177,2024-12-31 18:27:31.304008,2024-12-31 18:27:52.955158,0 days 00:00:21.651150,1,160,,,,,,,,,,,,,,,,,,,,6,,,,,,,,,,,,,,,,,,,,COMPLETE
2,2,0.8721692847829423,2024-12-31 18:27:52.955701,2024-12-31 18:28:20.698750,0 days 00:00:27.743049,2,25,20.0,,,,,,,,,,,,,,,,,,,6,2.0,,,,,,,,,,,,,,,,,,,COMPLETE
3,3,0.0,2024-12-31 18:28:20.699331,2024-12-31 18:29:45.436997,0 days 00:01:24.737666,16,5,110.0,180.0,50.0,155.0,45.0,15.0,150.0,,,,,100.0,60.0,105.0,75.0,75.0,45.0,5.0,145.0,3,5.0,2.0,6.0,2.0,6.0,3.0,2.0,,,,,3.0,3.0,2.0,4.0,3.0,5.0,6.0,2.0,COMPLETE
4,4,0.0,2024-12-31 18:29:45.437952,2024-12-31 18:30:46.174988,0 days 00:01:00.737036,8,130,155.0,,,,,,,,,,,140.0,150.0,100.0,45.0,125.0,185.0,,,4,4.0,,,,,,,,,,,2.0,4.0,5.0,4.0,4.0,5.0,,,COMPLETE
5,5,0.0,2024-12-31 18:30:46.175834,2024-12-31 18:31:44.533941,0 days 00:00:58.358107,10,5,15.0,,,,,,,,,,,75.0,120.0,100.0,70.0,175.0,105.0,115.0,100.0,4,5.0,,,,,,,,,,,5.0,5.0,3.0,4.0,5.0,4.0,6.0,5.0,COMPLETE
6,6,0.0,2024-12-31 18:31:44.534854,2024-12-31 18:33:47.883869,0 days 00:02:03.349015,20,180,85.0,90.0,10.0,100.0,195.0,60.0,20.0,35.0,175.0,70.0,200.0,80.0,200.0,40.0,25.0,70.0,125.0,55.0,40.0,3,6.0,2.0,5.0,5.0,3.0,4.0,6.0,6.0,3.0,2.0,3.0,6.0,6.0,2.0,5.0,6.0,6.0,3.0,5.0,COMPLETE
7,7,0.0,2024-12-31 18:33:47.884952,2024-12-31 18:35:12.290689,0 days 00:01:24.405737,19,10,65.0,20.0,165.0,60.0,60.0,190.0,90.0,45.0,155.0,115.0,,180.0,130.0,40.0,65.0,135.0,110.0,30.0,140.0,4,2.0,4.0,2.0,4.0,5.0,5.0,5.0,2.0,3.0,2.0,,2.0,4.0,4.0,6.0,2.0,2.0,4.0,3.0,COMPLETE
8,8,0.8779827424026885,2024-12-31 18:35:12.291743,2024-12-31 18:35:40.119137,0 days 00:00:27.827394,2,25,160.0,,,,,,,,,,,,,,,,,,,5,3.0,,,,,,,,,,,,,,,,,,,COMPLETE
9,9,0.0,2024-12-31 18:35:40.119746,2024-12-31 18:36:14.314646,0 days 00:00:34.194900,6,80,90.0,,,,,,,,,,,175.0,80.0,15.0,105.0,,,,,6,2.0,,,,,,,,,,,6.0,2.0,5.0,4.0,,,,,COMPLETE
10,10,0.0,2024-12-31 18:36:14.315218,2024-12-31 18:37:34.424782,0 days 00:01:20.109564,13,60,190.0,200.0,180.0,5.0,,,,,,,,5.0,10.0,200.0,170.0,20.0,5.0,200.0,200.0,2,4.0,6.0,2.0,6.0,,,,,,,,4.0,2.0,6.0,2.0,6.0,3.0,2.0,6.0,COMPLETE
11,11,0.40378867622162046,2024-12-31 18:37:34.425797,2024-12-31 18:37:51.815241,0 days 00:00:17.389444,1,60,,,,,,,,,,,,,,,,,,,,5,,,,,,,,,,,,,,,,,,,,COMPLETE
12,12,0.8766739023507426,2024-12-31 18:37:51.815714,2024-12-31 18:39:24.388694,0 days 00:01:32.572980,4,40,140.0,,,,,,,,,,,5.0,200.0,,,,,,,5,3.0,,,,,,,,,,,4.0,3.0,,,,,,,COMPLETE
13,13,0.0,2024-12-31 18:39:24.389332,2024-12-31 18:39:56.089969,0 days 00:00:31.700637,5,40,145.0,,,,,,,,,,,10.0,200.0,190.0,,,,,,5,3.0,,,,,,,,,,,4.0,3.0,4.0,,,,,,COMPLETE
14,14,0.8795707080419055,2024-12-31 18:39:56.090637,2024-12-31 18:41:42.492400,0 days 00:01:46.401763,4,45,145.0,,,,,,,,,,,40.0,165.0,,,,,,,5,3.0,,,,,,,,,,,4.0,3.0,,,,,,,COMPLETE
15,15,0.8809117640457005,2024-12-31 18:41:42.493169,2024-12-31 18:43:25.895512,0 days 00:01:43.402343,3,115,200.0,,,,,,,,,,,45.0,,,,,,,,5,3.0,,,,,,,,,,,3.0,,,,,,,,COMPLETE
16,16,0.0,2024-12-31 18:43:25.896143,2024-12-31 18:45:14.844190,0 days 00:01:48.948047,13,130,200.0,20.0,105.0,185.0,,,,,,,,50.0,160.0,155.0,135.0,195.0,200.0,190.0,15.0,3,4.0,6.0,4.0,2.0,,,,,,,,3.0,5.0,3.0,6.0,2.0,6.0,4.0,2.0,COMPLETE
17,17,0.0,2024-12-31 18:45:14.845214,2024-12-31 18:45:32.962876,0 days 00:00:18.117662,4,120,175.0,,,,,,,,,,,40.0,165.0,,,,,,,4,3.0,,,,,,,,,,,3.0,2.0,,,,,,,COMPLETE
18,18,0.0,2024-12-31 18:45:32.963460,2024-12-31 18:46:01.229635,0 days 00:00:28.266175,7,95,120.0,,,,,,,,,,,45.0,80.0,65.0,135.0,5.0,,,,6,4.0,,,,,,,,,,,3.0,5.0,3.0,3.0,4.0,,,,COMPLETE
19,19,0.0,2024-12-31 18:46:01.230323,2024-12-31 18:47:25.824182,0 days 00:01:24.593859,10,155,180.0,,,,,,,,,,,125.0,40.0,160.0,5.0,155.0,150.0,130.0,65.0,5,5.0,,,,,,,,,,,5.0,3.0,5.0,5.0,5.0,4.0,2.0,4.0,COMPLETE
20,20,0.8858699901660346,2024-12-31 18:47:25.825121,2024-12-31 18:48:18.263424,0 days 00:00:52.438303,3,200,125.0,,,,,,,,,,,65.0,,,,,,,,2,2.0,,,,,,,,,,,2.0,,,,,,,,COMPLETE
21,21,0.8812179842213442,2024-12-31 18:48:18.264135,2024-12-31 18:49:11.088292,0 days 00:00:52.824157,3,200,125.0,,,,,,,,,,,65.0,,,,,,,,2,2.0,,,,,,,,,,,2.0,,,,,,,,COMPLETE
22,22,0.8853970387304763,2024-12-31 18:49:11.088858,2024-12-31 18:50:04.475123,0 days 00:00:53.386265,3,200,125.0,,,,,,,,,,,70.0,,,,,,,,2,2.0,,,,,,,,,,,2.0,,,,,,,,COMPLETE
23,23,0.0,2024-12-31 18:50:04.475760,2024-12-31 18:50:22.861264,0 days 00:00:18.385504,6,195,130.0,,,,,,,,,,,75.0,40.0,5.0,145.0,,,,,2,2.0,,,,,,,,,,,2.0,4.0,4.0,3.0,,,,,COMPLETE
24,24,0.0,2024-12-31 18:50:22.861879,2024-12-31 18:50:33.254565,0 days 00:00:10.392686,3,200,100.0,,,,,,,,,,,95.0,,,,,,,,2,2.0,,,,,,,,,,,2.0,,,,,,,,COMPLETE
25,25,0.0,2024-12-31 18:50:33.255172,2024-12-31 18:51:08.708608,0 days 00:00:35.453436,8,175,120.0,,,,,,,,,,,65.0,100.0,70.0,110.0,40.0,10.0,,,2,2.0,,,,,,,,,,,2.0,6.0,6.0,5.0,5.0,3.0,,,COMPLETE
26,26,0.0,2024-12-31 18:51:08.709256,2024-12-31 18:52:25.232760,0 days 00:01:16.523504,12,180,60.0,120.0,110.0,,,,,,,,,130.0,40.0,150.0,200.0,100.0,65.0,65.0,190.0,3,2.0,4.0,3.0,,,,,,,,,2.0,5.0,2.0,3.0,3.0,3.0,5.0,6.0,COMPLETE
27,27,0.0,2024-12-31 18:52:25.233726,2024-12-31 18:53:02.541797,0 days 00:00:37.308071,5,155,105.0,,,,,,,,,,,115.0,105.0,180.0,,,,,,2,2.0,,,,,,,,,,,2.0,6.0,5.0,,,,,,COMPLETE
28,28,0.8878056681476072,2024-12-31 18:53:02.542523,2024-12-31 18:53:16.454821,0 days 00:00:13.912298,1,200,,,,,,,,,,,,,,,,,,,,3,,,,,,,,,,,,,,,,,,,,COMPLETE
29,29,0.883359675228223,2024-12-31 18:53:16.455277,2024-12-31 18:53:29.301862,0 days 00:00:12.846585,1,170,,,,,,,,,,,,,,,,,,,,3,,,,,,,,,,,,,,,,,,,,COMPLETE
30,30,0.0,2024-12-31 18:53:29.302362,2024-12-31 18:54:41.996262,0 days 00:01:12.693900,9,190,85.0,,,,,,,,,,,155.0,140.0,130.0,165.0,200.0,155.0,150.0,,3,6.0,,,,,,,,,,,3.0,2.0,3.0,6.0,2.0,5.0,3.0,,COMPLETE
31,31,0.8684621197837259,2024-12-31 18:54:41.997045,2024-12-31 18:54:55.207060,0 days 00:00:13.210015,1,170,,,,,,,,,,,,,,,,,,,,3,,,,,,,,,,,,,,,,,,,,COMPLETE
32,32,0.8220814633180458,2024-12-31 18:54:55.207476,2024-12-31 18:55:06.208126,0 days 00:00:11.000650,1,165,,,,,,,,,,,,,,,,,,,,2,,,,,,,,,,,,,,,,,,,,COMPLETE
33,33,0.8778130556355357,2024-12-31 18:55:06.208579,2024-12-31 18:56:01.158374,0 days 00:00:54.949795,2,145,170.0,,,,,,,,,,,,,,,,,,,3,3.0,,,,,,,,,,,,,,,,,,,COMPLETE
34,34,0.8579094369720739,2024-12-31 18:56:01.158984,2024-12-31 18:56:13.578763,0 days 00:00:12.419779,1,190,,,,,,,,,,,,,,,,,,,,2,,,,,,,,,,,,,,,,,,,,COMPLETE
35,35,0.8863444711132801,2024-12-31 18:56:13.579186,2024-12-31 18:57:53.433801,0 days 00:01:39.854615,3,185,40.0,,,,,,,,,,,30.0,,,,,,,,3,4.0,,,,,,,,,,,3.0,,,,,,,,COMPLETE
36,36,0.0,2024-12-31 18:57:53.434417,2024-12-31 18:58:28.890826,0 days 00:00:35.456409,6,185,35.0,,,,,,,,,,,25.0,175.0,75.0,10.0,,,,,3,5.0,,,,,,,,,,,3.0,4.0,2.0,2.0,,,,,COMPLETE
37,37,0.0,2024-12-31 18:58:28.891373,2024-12-31 19:00:04.529880,0 days 00:01:35.638507,16,140,70.0,100.0,200.0,10.0,165.0,165.0,185.0,,,,,25.0,60.0,40.0,90.0,100.0,75.0,90.0,95.0,4,4.0,3.0,6.0,3.0,2.0,6.0,2.0,,,,,3.0,5.0,4.0,3.0,4.0,4.0,5.0,4.0,COMPLETE
38,38,0.8814802481002812,2024-12-31 19:00:04.530986,2024-12-31 19:03:15.767855,0 days 00:03:11.236869,3,200,45.0,,,,,,,,,,,25.0,,,,,,,,2,6.0,,,,,,,,,,,2.0,,,,,,,,COMPLETE
39,39,0.0,2024-12-31 19:03:15.768578,2024-12-31 19:03:45.663639,0 days 00:00:29.895061,5,185,5.0,,,,,,,,,,,90.0,110.0,175.0,,,,,,3,3.0,,,,,,,,,,,2.0,2.0,6.0,,,,,,COMPLETE
40,40,0.8783997962062731,2024-12-31 19:03:45.664288,2024-12-31 19:05:38.466497,0 days 00:01:52.802209,2,160,45.0,,,,,,,,,,,,,,,,,,,2,5.0,,,,,,,,,,,,,,,,,,,COMPLETE
41,41,0.8821720870473688,2024-12-31 19:05:38.467167,2024-12-31 19:06:13.424072,0 days 00:00:34.956905,2,175,30.0,,,,,,,,,,,,,,,,,,,3,2.0,,,,,,,,,,,,,,,,,,,COMPLETE
42,42,0.8794465075215032,2024-12-31 19:06:13.424529,2024-12-31 19:09:16.638919,0 days 00:03:03.214390,4,190,75.0,,,,,,,,,,,60.0,20.0,,,,,,,4,5.0,,,,,,,,,,,3.0,4.0,,,,,,,COMPLETE
43,43,0.8798487624076017,2024-12-31 19:09:16.639580,2024-12-31 19:10:45.810323,0 days 00:01:29.170743,2,170,110.0,,,,,,,,,,,,,,,,,,,3,4.0,,,,,,,,,,,,,,,,,,,COMPLETE
44,44,0.8101411120159917,2024-12-31 19:10:45.810927,2024-12-31 19:10:58.711020,0 days 00:00:12.900093,1,200,,,,,,,,,,,,,,,,,,,,3,,,,,,,,,,,,,,,,,,,,COMPLETE
45,45,0.8797809491931201,2024-12-31 19:10:58.711604,2024-12-31 19:12:43.496940,0 days 00:01:44.785336,3,180,95.0,,,,,,,,,,,200.0,,,,,,,,2,3.0,,,,,,,,,,,4.0,,,,,,,,COMPLETE
46,46,0.0,2024-12-31 19:12:43.497574,2024-12-31 19:13:19.339429,0 days 00:00:35.841855,5,150,160.0,,,,,,,,,,,105.0,85.0,130.0,,,,,,4,2.0,,,,,,,,,,,2.0,6.0,5.0,,,,,,COMPLETE
47,47,0.0,2024-12-31 19:13:19.340122,2024-12-31 19:13:54.742805,0 days 00:00:35.402683,7,165,135.0,,,,,,,,,,,60.0,65.0,25.0,40.0,35.0,,,,3,4.0,,,,,,,,,,,3.0,3.0,3.0,5.0,6.0,,,,COMPLETE
48,48,0.881407005271766,2024-12-31 19:13:54.743417,2024-12-31 19:17:56.530038,0 days 00:04:01.786621,4,190,55.0,,,,,,,,,,,85.0,20.0,,,,,,,2,6.0,,,,,,,,,,,2.0,5.0,,,,,,,COMPLETE
49,49,0.0,2024-12-31 19:17:56.530707,2024-12-31 19:19:45.200220,0 days 00:01:48.669513,17,180,115.0,150.0,55.0,125.0,5.0,115.0,35.0,195.0,,,,105.0,185.0,55.0,120.0,155.0,35.0,160.0,145.0,3,3.0,5.0,4.0,6.0,4.0,2.0,4.0,4.0,,,,5.0,6.0,4.0,2.0,3.0,2.0,3.0,3.0,COMPLETE
50,50,0.8870663304118207,2024-12-31 19:19:45.201376,2024-12-31 19:19:56.965206,0 days 00:00:11.763830,1,135,,,,,,,,,,,,,,,,,,,,2,,,,,,,,,,,,,,,,,,,,COMPLETE
51,51,0.8701045091016142,2024-12-31 19:19:56.965686,2024-12-31 19:20:07.526506,0 days 00:00:10.560820,1,105,,,,,,,,,,,,,,,,,,,,2,,,,,,,,,,,,,,,,,,,,COMPLETE
52,52,0.875136621699574,2024-12-31 19:20:07.527027,2024-12-31 19:20:34.687184,0 days 00:00:27.160157,2,135,15.0,,,,,,,,,,,,,,,,,,,2,2.0,,,,,,,,,,,,,,,,,,,COMPLETE
53,53,0.8853759626366193,2024-12-31 19:20:34.687784,2024-12-31 19:22:52.212035,0 days 00:02:17.524251,3,195,155.0,,,,,,,,,,,25.0,,,,,,,,2,4.0,,,,,,,,,,,3.0,,,,,,,,COMPLETE
54,54,0.8827033395537082,2024-12-31 19:22:52.212669,2024-12-31 19:24:15.358550,0 days 00:01:23.145881,3,75,150.0,,,,,,,,,,,30.0,,,,,,,,2,4.0,,,,,,,,,,,3.0,,,,,,,,COMPLETE
55,55,0.8827324484864494,2024-12-31 19:24:15.359174,2024-12-31 19:27:26.026680,0 days 00:03:10.667506,4,195,155.0,,,,,,,,,,,15.0,135.0,,,,,,,2,5.0,,,,,,,,,,,3.0,4.0,,,,,,,COMPLETE
56,56,0.883201426689064,2024-12-31 19:27:26.027324,2024-12-31 19:30:32.231727,0 days 00:03:06.204403,3,200,135.0,,,,,,,,,,,55.0,,,,,,,,2,4.0,,,,,,,,,,,5.0,,,,,,,,COMPLETE
57,57,0.0,2024-12-31 19:30:32.232341,2024-12-31 19:31:12.014527,0 days 00:00:39.782186,6,125,165.0,,,,,,,,,,,70.0,150.0,85.0,170.0,,,,,2,3.0,,,,,,,,,,,4.0,3.0,2.0,6.0,,,,,COMPLETE
58,58,0.0,2024-12-31 19:31:12.015240,2024-12-31 19:31:46.288772,0 days 00:00:34.273532,4,185,180.0,,,,,,,,,,,35.0,90.0,,,,,,,2,5.0,,,,,,,,,,,2.0,5.0,,,,,,,COMPLETE
59,59,0.0,2024-12-31 19:31:46.289284,2024-12-31 19:32:21.310975,0 days 00:00:35.021691,5,90,80.0,,,,,,,,,,,15.0,125.0,120.0,,,,,,2,4.0,,,,,,,,,,,4.0,2.0,6.0,,,,,,COMPLETE
60,60,0.0,2024-12-31 19:32:21.311663,2024-12-31 19:33:07.445041,0 days 00:00:46.133378,7,110,150.0,,,,,,,,,,,75.0,5.0,170.0,90.0,125.0,,,,4,4.0,,,,,,,,,,,3.0,6.0,3.0,3.0,5.0,,,,COMPLETE
61,61,0.3978930307941653,2024-12-31 19:33:07.445868,2024-12-31 19:33:20.562362,0 days 00:00:13.116494,1,175,,,,,,,,,,,,,,,,,,,,3,,,,,,,,,,,,,,,,,,,,COMPLETE
62,62,0.874607950095631,2024-12-31 19:33:20.562809,2024-12-31 19:34:28.533409,0 days 00:01:07.970600,2,195,140.0,,,,,,,,,,,,,,,,,,,3,3.0,,,,,,,,,,,,,,,,,,,COMPLETE
63,63,0.6168296677900575,2024-12-31 19:34:28.534033,2024-12-31 19:34:40.906505,0 days 00:00:12.372472,1,165,,,,,,,,,,,,,,,,,,,,2,,,,,,,,,,,,,,,,,,,,COMPLETE
64,64,0.8805760519110666,2024-12-31 19:34:40.907056,2024-12-31 19:35:45.902345,0 days 00:01:04.995289,2,185,130.0,,,,,,,,,,,,,,,,,,,3,3.0,,,,,,,,,,,,,,,,,,,COMPLETE
65,65,0.8654119230472179,2024-12-31 19:35:45.902972,2024-12-31 19:36:32.705293,0 days 00:00:46.802321,2,195,190.0,,,,,,,,,,,,,,,,,,,4,2.0,,,,,,,,,,,,,,,,,,,COMPLETE
66,66,0.0,2024-12-31 19:36:32.705898,2024-12-31 19:37:31.708620,0 days 00:00:59.002722,11,175,90.0,60.0,,,,,,,,,,55.0,55.0,140.0,55.0,55.0,150.0,90.0,5.0,2,5.0,5.0,,,,,,,,,,4.0,3.0,5.0,5.0,6.0,6.0,5.0,5.0,COMPLETE
67,67,0.8822060507105693,2024-12-31 19:37:31.709532,2024-12-31 19:38:18.558935,0 days 00:00:46.849403,3,155,105.0,,,,,,,,,,,15.0,,,,,,,,3,2.0,,,,,,,,,,,2.0,,,,,,,,COMPLETE
68,68,0.7867327751465771,2024-12-31 19:38:18.559593,2024-12-31 19:38:29.601316,0 days 00:00:11.041723,1,190,,,,,,,,,,,,,,,,,,,,2,,,,,,,,,,,,,,,,,,,,COMPLETE
69,69,0.8756915295857837,2024-12-31 19:38:29.602417,2024-12-31 19:40:51.977629,0 days 00:02:22.375212,3,200,115.0,,,,,,,,,,,35.0,,,,,,,,3,2.0,,,,,,,,,,,6.0,,,,,,,,COMPLETE
70,70,0.0,2024-12-31 19:40:51.978300,2024-12-31 19:41:12.015650,0 days 00:00:20.037350,4,170,125.0,,,,,,,,,,,45.0,115.0,,,,,,,2,3.0,,,,,,,,,,,3.0,4.0,,,,,,,COMPLETE
71,71,0.8825725497618395,2024-12-31 19:41:12.016231,2024-12-31 19:44:25.281715,0 days 00:03:13.265484,3,200,140.0,,,,,,,,,,,55.0,,,,,,,,2,4.0,,,,,,,,,,,5.0,,,,,,,,COMPLETE
72,72,0.8758135664549698,2024-12-31 19:44:25.282390,2024-12-31 19:46:00.751563,0 days 00:01:35.469173,2,185,130.0,,,,,,,,,,,,,,,,,,,2,4.0,,,,,,,,,,,,,,,,,,,COMPLETE
73,73,0.8750340503397014,2024-12-31 19:46:00.752756,2024-12-31 19:49:17.904469,0 days 00:03:17.151713,3,195,150.0,,,,,,,,,,,80.0,,,,,,,,2,4.0,,,,,,,,,,,5.0,,,,,,,,COMPLETE
74,74,0.0,2024-12-31 19:49:17.905114,2024-12-31 19:50:18.368694,0 days 00:01:00.463580,5,180,115.0,,,,,,,,,,,50.0,70.0,25.0,,,,,,2,4.0,,,,,,,,,,,6.0,6.0,4.0,,,,,,COMPLETE
75,75,0.8986505060676278,2024-12-31 19:50:18.369382,2024-12-31 19:50:29.483568,0 days 00:00:11.114186,1,195,,,,,,,,,,,,,,,,,,,,2,,,,,,,,,,,,,,,,,,,,COMPLETE
76,76,0.8113405896896813,2024-12-31 19:50:29.484346,2024-12-31 19:50:38.761099,0 days 00:00:09.276753,1,190,,,,,,,,,,,,,,,,,,,,2,,,,,,,,,,,,,,,,,,,,COMPLETE
77,77,0.0,2024-12-31 19:50:38.761642,2024-12-31 19:52:09.946228,0 days 00:01:31.184586,14,160,190.0,60.0,145.0,65.0,125.0,,,,,,,10.0,95.0,115.0,150.0,175.0,170.0,5.0,70.0,4,6.0,3.0,3.0,4.0,2.0,,,,,,,2.0,2.0,6.0,4.0,2.0,5.0,2.0,3.0,COMPLETE
78,78,0.8679127528633487,2024-12-31 19:52:09.947793,2024-12-31 19:52:22.542445,0 days 00:00:12.594652,1,195,,,,,,,,,,,,,,,,,,,,3,,,,,,,,,,,,,,,,,,,,COMPLETE
79,79,0.0,2024-12-31 19:52:22.543031,2024-12-31 19:55:15.449427,0 days 00:02:52.906396,20,170,25.0,155.0,5.0,190.0,110.0,125.0,95.0,155.0,15.0,200.0,5.0,5.0,180.0,90.0,25.0,85.0,135.0,170.0,170.0,2,2.0,3.0,5.0,3.0,6.0,2.0,3.0,2.0,6.0,6.0,6.0,4.0,5.0,2.0,6.0,4.0,3.0,6.0,4.0,COMPLETE
80,80,0.8746178550478891,2024-12-31 19:55:15.451326,2024-12-31 19:56:10.348892,0 days 00:00:54.897566,2,145,165.0,,,,,,,,,,,,,,,,,,,3,3.0,,,,,,,,,,,,,,,,,,,COMPLETE
81,81,0.8813856436322909,2024-12-31 19:56:10.349571,2024-12-31 19:59:29.099729,0 days 00:03:18.750158,4,180,100.0,,,,,,,,,,,35.0,145.0,,,,,,,2,5.0,,,,,,,,,,,5.0,3.0,,,,,,,COMPLETE
82,82,0.8867714514136681,2024-12-31 19:59:29.100452,2024-12-31 20:02:09.955041,0 days 00:02:40.854589,3,200,140.0,,,,,,,,,,,50.0,,,,,,,,2,4.0,,,,,,,,,,,4.0,,,,,,,,COMPLETE
83,83,0.9059056739871182,2024-12-31 20:02:09.955725,2024-12-31 20:02:36.740947,0 days 00:00:26.785222,1,200,,,,,,,,,,,,,,,,,,,,6,,,,,,,,,,,,,,,,,,,,COMPLETE
84,84,0.8753137909934974,2024-12-31 20:02:36.741474,2024-12-31 20:05:06.933319,0 days 00:02:30.191845,2,190,120.0,,,,,,,,,,,,,,,,,,,6,5.0,,,,,,,,,,,,,,,,,,,COMPLETE
85,85,0.8706700640094193,2024-12-31 20:05:06.933950,2024-12-31 20:06:52.639721,0 days 00:01:45.705771,2,200,5.0,,,,,,,,,,,,,,,,,,,5,4.0,,,,,,,,,,,,,,,,,,,COMPLETE
86,86,0.9047083120889918,2024-12-31 20:06:52.640340,2024-12-31 20:07:00.272167,0 days 00:00:07.631827,1,20,,,,,,,,,,,,,,,,,,,,2,,,,,,,,,,,,,,,,,,,,COMPLETE
87,87,0.899115103176306,2024-12-31 20:07:00.272619,2024-12-31 20:07:24.229492,0 days 00:00:23.956873,1,60,,,,,,,,,,,,,,,,,,,,6,,,,,,,,,,,,,,,,,,,,COMPLETE
88,88,0.8970639411713772,2024-12-31 20:07:24.229926,2024-12-31 20:07:46.785848,0 days 00:00:22.555922,1,50,,,,,,,,,,,,,,,,,,,,6,,,,,,,,,,,,,,,,,,,,COMPLETE
89,89,0.8830063487555386,2024-12-31 20:07:46.786413,2024-12-31 20:08:08.070253,0 days 00:00:21.283840,1,15,,,,,,,,,,,,,,,,,,,,6,,,,,,,,,,,,,,,,,,,,COMPLETE
90,90,0.8543079783546106,2024-12-31 20:08:08.070721,2024-12-31 20:08:31.483579,0 days 00:00:23.412858,1,50,,,,,,,,,,,,,,,,,,,,6,,,,,,,,,,,,,,,,,,,,COMPLETE
91,91,0.9102480955299488,2024-12-31 20:08:31.484062,2024-12-31 20:08:54.760601,0 days 00:00:23.276539,1,25,,,,,,,,,,,,,,,,,,,,6,,,,,,,,,,,,,,,,,,,,COMPLETE
92,92,0.8137133393726868,2024-12-31 20:08:54.761149,2024-12-31 20:09:18.955228,0 days 00:00:24.194079,1,30,,,,,,,,,,,,,,,,,,,,6,,,,,,,,,,,,,,,,,,,,COMPLETE
93,93,0.8836254320655063,2024-12-31 20:09:18.955722,2024-12-31 20:10:01.947682,0 days 00:00:42.991960,2,20,55.0,,,,,,,,,,,,,,,,,,,6,6.0,,,,,,,,,,,,,,,,,,,COMPLETE
94,94,0.8703160965826313,2024-12-31 20:10:01.948560,2024-12-31 20:10:24.825347,0 days 00:00:22.876787,1,30,,,,,,,,,,,,,,,,,,,,6,,,,,,,,,,,,,,,,,,,,COMPLETE
95,95,0.8883715214462561,2024-12-31 20:10:24.825941,2024-12-31 20:10:46.537270,0 days 00:00:21.711329,1,5,,,,,,,,,,,,,,,,,,,,6,,,,,,,,,,,,,,,,,,,,COMPLETE
96,96,0.888399572308711,2024-12-31 20:10:46.537725,2024-12-31 20:11:08.372131,0 days 00:00:21.834406,1,5,,,,,,,,,,,,,,,,,,,,6,,,,,,,,,,,,,,,,,,,,COMPLETE
97,97,0.8803587817819574,2024-12-31 20:11:08.372757,2024-12-31 20:11:31.560875,0 days 00:00:23.188118,1,10,,,,,,,,,,,,,,,,,,,,6,,,,,,,,,,,,,,,,,,,,COMPLETE
98,98,0.8698553691718399,2024-12-31 20:11:31.561330,2024-12-31 20:12:01.784986,0 days 00:00:30.223656,2,5,15.0,,,,,,,,,,,,,,,,,,,6,6.0,,,,,,,,,,,,,,,,,,,COMPLETE
99,99,0.8664820951037951,2024-12-31 20:12:01.785610,2024-12-31 20:12:24.353072,0 days 00:00:22.567462,1,55,,,,,,,,,,,,,,,,,,,,6,,,,,,,,,,,,,,,,,,,,COMPLETE
100,100,0.8756224572671282,2024-12-31 20:12:24.353536,2024-12-31 20:13:49.685574,0 days 00:01:25.332038,2,65,195.0,,,,,,,,,,,,,,,,,,,5,6.0,,,,,,,,,,,,,,,,,,,COMPLETE
101,101,0.9004047968421197,2024-12-31 20:13:49.686193,2024-12-31 20:14:12.603680,0 days 00:00:22.917487,1,40,,,,,,,,,,,,,,,,,,,,6,,,,,,,,,,,,,,,,,,,,COMPLETE
102,102,0.8626180337956839,2024-12-31 20:14:12.604129,2024-12-31 20:14:37.571027,0 days 00:00:24.966898,1,40,,,,,,,,,,,,,,,,,,,,6,,,,,,,,,,,,,,,,,,,,COMPLETE
103,103,0.878202539002292,2024-12-31 20:14:37.571638,2024-12-31 20:15:25.688553,0 days 00:00:48.116915,2,25,65.0,,,,,,,,,,,,,,,,,,,6,6.0,,,,,,,,,,,,,,,,,,,COMPLETE
104,104,0.4219212369384871,2024-12-31 20:15:25.689074,2024-12-31 20:15:50.522542,0 days 00:00:24.833468,1,35,,,,,,,,,,,,,,,,,,,,6,,,,,,,,,,,,,,,,,,,,COMPLETE
105,105,0.8842216466694359,2024-12-31 20:15:50.523095,2024-12-31 20:16:12.834161,0 days 00:00:22.311066,1,15,,,,,,,,,,,,,,,,,,,,6,,,,,,,,,,,,,,,,,,,,COMPLETE
106,106,0.8749069645638361,2024-12-31 20:16:12.834682,2024-12-31 20:17:07.159578,0 days 00:00:54.324896,2,45,35.0,,,,,,,,,,,,,,,,,,,6,5.0,,,,,,,,,,,,,,,,,,,COMPLETE
107,107,0.0,2024-12-31 20:17:07.160205,2024-12-31 20:19:10.928575,0 days 00:02:03.768370,19,10,50.0,55.0,65.0,55.0,155.0,10.0,195.0,110.0,40.0,15.0,,160.0,25.0,55.0,190.0,50.0,90.0,60.0,120.0,6,6.0,5.0,5.0,5.0,4.0,6.0,6.0,6.0,6.0,6.0,,6.0,4.0,5.0,2.0,5.0,2.0,4.0,2.0,COMPLETE
108,108,0.8003597941161158,2024-12-31 20:19:10.929824,2024-12-31 20:19:32.580867,0 days 00:00:21.651043,1,5,,,,,,,,,,,,,,,,,,,,6,,,,,,,,,,,,,,,,,,,,COMPLETE
109,109,0.8786910725330197,2024-12-31 20:19:32.581425,2024-12-31 20:20:15.114572,0 days 00:00:42.533147,2,25,180.0,,,,,,,,,,,,,,,,,,,6,5.0,,,,,,,,,,,,,,,,,,,COMPLETE
110,110,0.8854212382088806,2024-12-31 20:20:15.115167,2024-12-31 20:20:35.834852,0 days 00:00:20.719685,1,65,,,,,,,,,,,,,,,,,,,,5,,,,,,,,,,,,,,,,,,,,COMPLETE
111,111,0.9061516414211381,2024-12-31 20:20:35.835490,2024-12-31 20:20:57.178528,0 days 00:00:21.343038,1,15,,,,,,,,,,,,,,,,,,,,6,,,,,,,,,,,,,,,,,,,,COMPLETE
112,112,0.9084706307736661,2024-12-31 20:20:57.179006,2024-12-31 20:21:19.353790,0 days 00:00:22.174784,1,15,,,,,,,,,,,,,,,,,,,,6,,,,,,,,,,,,,,,,,,,,COMPLETE
