,number,value,datetime_start,datetime_complete,duration,params_depth,params_neurons_layer_0,params_neurons_layer_1,params_neurons_layer_10,params_neurons_layer_11,params_neurons_layer_12,params_neurons_layer_13,params_neurons_layer_14,params_neurons_layer_15,params_neurons_layer_16,params_neurons_layer_17,params_neurons_layer_18,params_neurons_layer_19,params_neurons_layer_2,params_neurons_layer_3,params_neurons_layer_4,params_neurons_layer_5,params_neurons_layer_6,params_neurons_layer_7,params_neurons_layer_8,params_neurons_layer_9,params_orders_layer_0,params_orders_layer_1,params_orders_layer_10,params_orders_layer_11,params_orders_layer_12,params_orders_layer_13,params_orders_layer_14,params_orders_layer_15,params_orders_layer_16,params_orders_layer_17,params_orders_layer_18,params_orders_layer_19,params_orders_layer_2,params_orders_layer_3,params_orders_layer_4,params_orders_layer_5,params_orders_layer_6,params_orders_layer_7,params_orders_layer_8,params_orders_layer_9,state
113,113,0.8858948906719607,2024-12-31 20:21:19.354316,2024-12-31 20:21:58.273569,0 days 00:00:38.919253,2,15,80.0,,,,,,,,,,,,,,,,,,,6,6.0,,,,,,,,,,,,,,,,,,,COMPLETE
114,114,0.7872876000908346,2024-12-31 20:21:58.274160,2024-12-31 20:22:20.248441,0 days 00:00:21.974281,1,20,,,,,,,,,,,,,,,,,,,,6,,,,,,,,,,,,,,,,,,,,COMPLETE
115,115,0.8772867707343894,2024-12-31 20:22:20.249064,2024-12-31 20:22:56.216140,0 days 00:00:35.967076,2,35,200.0,,,,,,,,,,,,,,,,,,,6,3.0,,,,,,,,,,,,,,,,,,,COMPLETE
116,116,0.8599802103300964,2024-12-31 20:22:56.216628,2024-12-31 20:23:20.214582,0 days 00:00:23.997954,1,20,,,,,,,,,,,,,,,,,,,,6,,,,,,,,,,,,,,,,,,,,COMPLETE
117,117,0.8685529603597286,2024-12-31 20:23:20.215197,2024-12-31 20:23:36.674952,0 days 00:00:16.459755,1,5,,,,,,,,,,,,,,,,,,,,5,,,,,,,,,,,,,,,,,,,,COMPLETE
118,118,0.8845351771865257,2024-12-31 20:23:36.675405,2024-12-31 20:25:12.931948,0 days 00:01:36.256543,3,10,65.0,,,,,,,,,,,200.0,,,,,,,,6,5.0,,,,,,,,,,,6.0,,,,,,,,COMPLETE
119,119,0.0,2024-12-31 20:25:12.932624,2024-12-31 20:25:41.417007,0 days 00:00:28.484383,9,30,20.0,,,,,,,,,,,190.0,50.0,200.0,85.0,5.0,30.0,135.0,,6,5.0,,,,,,,,,,,6.0,2.0,3.0,3.0,3.0,4.0,3.0,,COMPLETE
120,120,0.8836783568264461,2024-12-31 20:25:41.417695,2024-12-31 20:26:19.731520,0 days 00:00:38.313825,2,45,175.0,,,,,,,,,,,,,,,,,,,6,3.0,,,,,,,,,,,,,,,,,,,COMPLETE
121,121,0.883053049155798,2024-12-31 20:26:19.732092,2024-12-31 20:26:43.085625,0 days 00:00:23.353533,1,20,,,,,,,,,,,,,,,,,,,,6,,,,,,,,,,,,,,,,,,,,COMPLETE
122,122,0.8836823844650226,2024-12-31 20:26:43.086225,2024-12-31 20:27:04.272674,0 days 00:00:21.186449,1,15,,,,,,,,,,,,,,,,,,,,6,,,,,,,,,,,,,,,,,,,,COMPLETE
123,123,0.8849658069635686,2024-12-31 20:27:04.273131,2024-12-31 20:27:28.315450,0 days 00:00:24.042319,1,90,,,,,,,,,,,,,,,,,,,,6,,,,,,,,,,,,,,,,,,,,COMPLETE
124,124,0.8791086242906274,2024-12-31 20:27:28.315959,2024-12-31 20:28:03.205079,0 days 00:00:34.889120,2,10,90.0,,,,,,,,,,,,,,,,,,,6,6.0,,,,,,,,,,,,,,,,,,,COMPLETE
125,125,0.8883789326591518,2024-12-31 20:28:03.205951,2024-12-31 20:28:31.159659,0 days 00:00:27.953708,2,25,70.0,,,,,,,,,,,,,,,,,,,6,2.0,,,,,,,,,,,,,,,,,,,COMPLETE
126,126,0.8726457964009413,2024-12-31 20:28:31.160294,2024-12-31 20:28:58.837418,0 days 00:00:27.677124,2,25,75.0,,,,,,,,,,,,,,,,,,,6,2.0,,,,,,,,,,,,,,,,,,,COMPLETE
127,127,0.896494966650296,2024-12-31 20:28:58.837903,2024-12-31 20:29:23.152386,0 days 00:00:24.314483,1,35,,,,,,,,,,,,,,,,,,,,6,,,,,,,,,,,,,,,,,,,,COMPLETE
128,128,0.8710331852994562,2024-12-31 20:29:23.152989,2024-12-31 20:29:52.652671,0 days 00:00:29.499682,2,35,40.0,,,,,,,,,,,,,,,,,,,6,2.0,,,,,,,,,,,,,,,,,,,COMPLETE
129,129,0.5748134725923135,2024-12-31 20:29:52.653135,2024-12-31 20:30:16.221454,0 days 00:00:23.568319,1,40,,,,,,,,,,,,,,,,,,,,6,,,,,,,,,,,,,,,,,,,,COMPLETE
130,130,0.9086065150074858,2024-12-31 20:30:16.222069,2024-12-31 20:30:39.717908,0 days 00:00:23.495839,1,25,,,,,,,,,,,,,,,,,,,,6,,,,,,,,,,,,,,,,,,,,COMPLETE
131,131,0.8894150250057955,2024-12-31 20:30:39.718399,2024-12-31 20:31:01.888199,0 days 00:00:22.169800,1,50,,,,,,,,,,,,,,,,,,,,6,,,,,,,,,,,,,,,,,,,,COMPLETE
132,132,0.8709877736978356,2024-12-31 20:31:01.888827,2024-12-31 20:31:25.302175,0 days 00:00:23.413348,1,50,,,,,,,,,,,,,,,,,,,,6,,,,,,,,,,,,,,,,,,,,COMPLETE
133,133,0.8804974514008552,2024-12-31 20:31:25.302665,2024-12-31 20:31:57.700901,0 days 00:00:32.398236,2,55,95.0,,,,,,,,,,,,,,,,,,,6,2.0,,,,,,,,,,,,,,,,,,,COMPLETE
134,134,0.8903884171866121,2024-12-31 20:31:57.701544,2024-12-31 20:32:21.770678,0 days 00:00:24.069134,1,30,,,,,,,,,,,,,,,,,,,,6,,,,,,,,,,,,,,,,,,,,COMPLETE
135,135,0.8211429664130891,2024-12-31 20:32:21.771131,2024-12-31 20:32:45.931772,0 days 00:00:24.160641,1,35,,,,,,,,,,,,,,,,,,,,6,,,,,,,,,,,,,,,,,,,,COMPLETE
136,136,0.8410421343059188,2024-12-31 20:32:45.932372,2024-12-31 20:33:10.397988,0 days 00:00:24.465616,1,40,,,,,,,,,,,,,,,,,,,,6,,,,,,,,,,,,,,,,,,,,COMPLETE
137,137,0.8751402772470698,2024-12-31 20:33:10.398812,2024-12-31 20:34:03.418112,0 days 00:00:53.019300,3,30,5.0,,,,,,,,,,,140.0,,,,,,,,5,6.0,,,,,,,,,,,5.0,,,,,,,,COMPLETE
138,138,0.8742774851551558,2024-12-31 20:34:03.418788,2024-12-31 20:34:26.578772,0 days 00:00:23.159984,1,45,,,,,,,,,,,,,,,,,,,,6,,,,,,,,,,,,,,,,,,,,COMPLETE
139,139,0.0,2024-12-31 20:34:26.579260,2024-12-31 20:35:56.830929,0 days 00:01:30.251669,14,75,25.0,130.0,135.0,110.0,65.0,,,,,,,175.0,75.0,100.0,185.0,115.0,50.0,40.0,40.0,6,3.0,2.0,3.0,5.0,5.0,,,,,,,6.0,5.0,2.0,2.0,6.0,6.0,5.0,6.0,COMPLETE
140,140,0.8768327351605705,2024-12-31 20:35:56.831895,2024-12-31 20:37:00.030968,0 days 00:01:03.199073,2,55,185.0,,,,,,,,,,,,,,,,,,,6,5.0,,,,,,,,,,,,,,,,,,,COMPLETE
141,141,0.644485128439317,2024-12-31 20:37:00.031664,2024-12-31 20:37:22.510258,0 days 00:00:22.478594,1,25,,,,,,,,,,,,,,,,,,,,6,,,,,,,,,,,,,,,,,,,,COMPLETE
142,142,0.8858596065630258,2024-12-31 20:37:22.510921,2024-12-31 20:37:49.758783,0 days 00:00:27.247862,2,20,60.0,,,,,,,,,,,,,,,,,,,6,2.0,,,,,,,,,,,,,,,,,,,COMPLETE
143,143,0.8696264370442026,2024-12-31 20:37:49.759298,2024-12-31 20:38:12.163871,0 days 00:00:22.404573,1,30,,,,,,,,,,,,,,,,,,,,6,,,,,,,,,,,,,,,,,,,,COMPLETE
144,144,0.875190808707657,2024-12-31 20:38:12.164531,2024-12-31 20:38:40.913198,0 days 00:00:28.748667,2,15,110.0,,,,,,,,,,,,,,,,,,,6,3.0,,,,,,,,,,,,,,,,,,,COMPLETE
145,145,0.876459576393608,2024-12-31 20:38:40.913704,2024-12-31 20:39:05.630182,0 days 00:00:24.716478,1,50,,,,,,,,,,,,,,,,,,,,6,,,,,,,,,,,,,,,,,,,,COMPLETE
146,146,0.879278719139983,2024-12-31 20:39:05.630849,2024-12-31 20:39:34.817777,0 days 00:00:29.186928,2,35,50.0,,,,,,,,,,,,,,,,,,,6,2.0,,,,,,,,,,,,,,,,,,,COMPLETE
147,147,0.90842248102304,2024-12-31 20:39:34.818249,2024-12-31 20:39:56.330678,0 days 00:00:21.512429,1,60,,,,,,,,,,,,,,,,,,,,6,,,,,,,,,,,,,,,,,,,,COMPLETE
148,148,0.889552313495973,2024-12-31 20:39:56.331295,2024-12-31 20:40:19.884791,0 days 00:00:23.553496,1,65,,,,,,,,,,,,,,,,,,,,6,,,,,,,,,,,,,,,,,,,,COMPLETE
149,149,0.40879252038989455,2024-12-31 20:40:19.885260,2024-12-31 20:40:45.199267,0 days 00:00:25.314007,1,65,,,,,,,,,,,,,,,,,,,,6,,,,,,,,,,,,,,,,,,,,COMPLETE
150,150,0.8839086818481212,2024-12-31 20:40:45.199903,2024-12-31 20:41:09.210269,0 days 00:00:24.010366,1,60,,,,,,,,,,,,,,,,,,,,6,,,,,,,,,,,,,,,,,,,,COMPLETE
151,151,0.888114101455064,2024-12-31 20:41:09.210721,2024-12-31 20:41:33.579244,0 days 00:00:24.368523,1,70,,,,,,,,,,,,,,,,,,,,6,,,,,,,,,,,,,,,,,,,,COMPLETE
152,152,0.8543121568957879,2024-12-31 20:41:33.579859,2024-12-31 20:41:56.913981,0 days 00:00:23.334122,1,55,,,,,,,,,,,,,,,,,,,,6,,,,,,,,,,,,,,,,,,,,COMPLETE
153,153,0.872926543472812,2024-12-31 20:41:56.914456,2024-12-31 20:42:59.529305,0 days 00:01:02.614849,2,60,10.0,,,,,,,,,,,,,,,,,,,6,5.0,,,,,,,,,,,,,,,,,,,COMPLETE
154,154,0.8758327901185043,2024-12-31 20:42:59.529962,2024-12-31 20:43:23.856090,0 days 00:00:24.326128,1,45,,,,,,,,,,,,,,,,,,,,6,,,,,,,,,,,,,,,,,,,,COMPLETE
155,155,0.4060344137655062,2024-12-31 20:43:23.856685,2024-12-31 20:43:48.859143,0 days 00:00:25.002458,1,50,,,,,,,,,,,,,,,,,,,,6,,,,,,,,,,,,,,,,,,,,COMPLETE
156,156,0.8778286064228273,2024-12-31 20:43:48.859618,2024-12-31 20:44:52.895977,0 days 00:01:04.036359,2,40,170.0,,,,,,,,,,,,,,,,,,,6,6.0,,,,,,,,,,,,,,,,,,,COMPLETE
157,157,0.884687397826383,2024-12-31 20:44:52.896913,2024-12-31 20:47:14.701658,0 days 00:02:21.804745,3,20,160.0,,,,,,,,,,,160.0,,,,,,,,6,4.0,,,,,,,,,,,5.0,,,,,,,,COMPLETE
158,158,0.828217164922197,2024-12-31 20:47:14.702351,2024-12-31 20:47:36.864250,0 days 00:00:22.161899,1,70,,,,,,,,,,,,,,,,,,,,6,,,,,,,,,,,,,,,,,,,,COMPLETE
159,159,0.8724463101307146,2024-12-31 20:47:36.864830,2024-12-31 20:47:58.711954,0 days 00:00:21.847124,1,30,,,,,,,,,,,,,,,,,,,,6,,,,,,,,,,,,,,,,,,,,COMPLETE
160,160,0.8694406648622105,2024-12-31 20:47:58.712423,2024-12-31 20:49:23.583796,0 days 00:01:24.871373,2,85,195.0,,,,,,,,,,,,,,,,,,,6,5.0,,,,,,,,,,,,,,,,,,,COMPLETE
161,161,0.8764825695954234,2024-12-31 20:49:23.584474,2024-12-31 20:49:47.632595,0 days 00:00:24.048121,1,15,,,,,,,,,,,,,,,,,,,,6,,,,,,,,,,,,,,,,,,,,COMPLETE
162,162,0.8809108031091875,2024-12-31 20:49:47.633116,2024-12-31 20:50:19.004817,0 days 00:00:31.371701,2,25,70.0,,,,,,,,,,,,,,,,,,,6,3.0,,,,,,,,,,,,,,,,,,,COMPLETE
163,163,0.8625497856224116,2024-12-31 20:50:19.005416,2024-12-31 20:50:42.382415,0 days 00:00:23.376999,1,100,,,,,,,,,,,,,,,,,,,,6,,,,,,,,,,,,,,,,,,,,COMPLETE
164,164,0.7317723873842837,2024-12-31 20:50:42.382956,2024-12-31 20:51:06.570000,0 days 00:00:24.187044,1,25,,,,,,,,,,,,,,,,,,,,6,,,,,,,,,,,,,,,,,,,,COMPLETE
165,165,0.88833300384124,2024-12-31 20:51:06.570600,2024-12-31 20:51:33.934734,0 days 00:00:27.364134,2,20,85.0,,,,,,,,,,,,,,,,,,,6,2.0,,,,,,,,,,,,,,,,,,,COMPLETE
166,166,0.8411874947451984,2024-12-31 20:51:33.935262,2024-12-31 20:51:57.676744,0 days 00:00:23.741482,1,10,,,,,,,,,,,,,,,,,,,,6,,,,,,,,,,,,,,,,,,,,COMPLETE
167,167,0.8786540698087395,2024-12-31 20:51:57.677346,2024-12-31 20:52:31.932290,0 days 00:00:34.254944,2,35,35.0,,,,,,,,,,,,,,,,,,,6,3.0,,,,,,,,,,,,,,,,,,,COMPLETE
168,168,0.8633407354472807,2024-12-31 20:52:31.932838,2024-12-31 20:52:54.600903,0 days 00:00:22.668065,1,60,,,,,,,,,,,,,,,,,,,,6,,,,,,,,,,,,,,,,,,,,COMPLETE
169,169,0.8787054888948218,2024-12-31 20:52:54.601472,2024-12-31 20:53:35.683858,0 days 00:00:41.082386,2,120,105.0,,,,,,,,,,,,,,,,,,,6,2.0,,,,,,,,,,,,,,,,,,,COMPLETE
170,170,0.9064736210653304,2024-12-31 20:53:35.684519,2024-12-31 20:53:57.931609,0 days 00:00:22.247090,1,30,,,,,,,,,,,,,,,,,,,,6,,,,,,,,,,,,,,,,,,,,COMPLETE
171,171,0.5671433753166244,2024-12-31 20:53:57.932071,2024-12-31 20:54:20.499240,0 days 00:00:22.567169,1,30,,,,,,,,,,,,,,,,,,,,6,,,,,,,,,,,,,,,,,,,,COMPLETE
172,172,0.8722364300072463,2024-12-31 20:54:20.499923,2024-12-31 20:54:44.355982,0 days 00:00:23.856059,1,40,,,,,,,,,,,,,,,,,,,,6,,,,,,,,,,,,,,,,,,,,COMPLETE
173,173,0.8808579335793358,2024-12-31 20:54:44.356442,2024-12-31 20:55:07.068037,0 days 00:00:22.711595,1,25,,,,,,,,,,,,,,,,,,,,6,,,,,,,,,,,,,,,,,,,,COMPLETE
174,174,0.8778748885397958,2024-12-31 20:55:07.068687,2024-12-31 20:55:44.013693,0 days 00:00:36.945006,2,45,60.0,,,,,,,,,,,,,,,,,,,6,3.0,,,,,,,,,,,,,,,,,,,COMPLETE
175,175,0.7704132589580528,2024-12-31 20:55:44.014177,2024-12-31 20:56:07.990255,0 days 00:00:23.976078,1,15,,,,,,,,,,,,,,,,,,,,6,,,,,,,,,,,,,,,,,,,,COMPLETE
176,176,0.4019871433911699,2024-12-31 20:56:07.990898,2024-12-31 20:56:29.402384,0 days 00:00:21.411486,1,35,,,,,,,,,,,,,,,,,,,,6,,,,,,,,,,,,,,,,,,,,COMPLETE
177,177,0.8666022138853717,2024-12-31 20:56:29.402876,2024-12-31 20:56:57.168674,0 days 00:00:27.765798,2,25,30.0,,,,,,,,,,,,,,,,,,,6,2.0,,,,,,,,,,,,,,,,,,,COMPLETE
178,178,0.786512477348026,2024-12-31 20:56:57.169329,2024-12-31 20:57:21.971032,0 days 00:00:24.801703,1,50,,,,,,,,,,,,,,,,,,,,6,,,,,,,,,,,,,,,,,,,,COMPLETE
179,179,0.0,2024-12-31 20:57:21.971516,2024-12-31 20:58:33.843315,0 days 00:01:11.871799,11,20,95.0,5.0,,,,,,,,,,115.0,125.0,140.0,120.0,155.0,85.0,100.0,175.0,6,3.0,6.0,,,,,,,,,,4.0,3.0,6.0,5.0,2.0,3.0,2.0,5.0,COMPLETE
180,180,0.876458632460616,2024-12-31 20:58:33.844230,2024-12-31 20:59:23.288078,0 days 00:00:49.443848,2,55,80.0,,,,,,,,,,,,,,,,,,,6,4.0,,,,,,,,,,,,,,,,,,,COMPLETE
181,181,0.8551279322169125,2024-12-31 20:59:23.288808,2024-12-31 20:59:45.417360,0 days 00:00:22.128552,1,10,,,,,,,,,,,,,,,,,,,,6,,,,,,,,,,,,,,,,,,,,COMPLETE
182,182,0.8911061706778121,2024-12-31 20:59:45.417889,2024-12-31 21:00:06.765874,0 days 00:00:21.347985,1,10,,,,,,,,,,,,,,,,,,,,6,,,,,,,,,,,,,,,,,,,,COMPLETE
183,183,0.42793114143920596,2024-12-31 21:00:06.766435,2024-12-31 21:00:28.624426,0 days 00:00:21.857991,1,5,,,,,,,,,,,,,,,,,,,,6,,,,,,,,,,,,,,,,,,,,COMPLETE
184,184,0.8058987707760572,2024-12-31 21:00:28.625057,2024-12-31 21:00:51.305888,0 days 00:00:22.680831,1,30,,,,,,,,,,,,,,,,,,,,6,,,,,,,,,,,,,,,,,,,,COMPLETE
185,185,0.6608379992242359,2024-12-31 21:00:51.306460,2024-12-31 21:01:12.525603,0 days 00:00:21.219143,1,15,,,,,,,,,,,,,,,,,,,,6,,,,,,,,,,,,,,,,,,,,COMPLETE
186,186,0.0,2024-12-31 21:01:12.526214,2024-12-31 21:02:45.679958,0 days 00:01:33.153744,17,20,40.0,85.0,80.0,140.0,5.0,80.0,135.0,100.0,,,,145.0,155.0,110.0,20.0,180.0,195.0,175.0,65.0,6,2.0,4.0,6.0,3.0,3.0,4.0,4.0,4.0,,,,6.0,4.0,4.0,4.0,4.0,5.0,4.0,3.0,COMPLETE
187,187,0.8747101457327017,2024-12-31 21:02:45.681163,2024-12-31 21:03:15.175782,0 days 00:00:29.494619,2,10,70.0,,,,,,,,,,,,,,,,,,,6,4.0,,,,,,,,,,,,,,,,,,,COMPLETE
188,188,0.8955253606693447,2024-12-31 21:03:15.176428,2024-12-31 21:03:39.362680,0 days 00:00:24.186252,1,40,,,,,,,,,,,,,,,,,,,,6,,,,,,,,,,,,,,,,,,,,COMPLETE
189,189,0.906426092552264,2024-12-31 21:03:39.363234,2024-12-31 21:04:02.971329,0 days 00:00:23.608095,1,40,,,,,,,,,,,,,,,,,,,,6,,,,,,,,,,,,,,,,,,,,COMPLETE
190,190,0.839514223702968,2024-12-31 21:04:02.971949,2024-12-31 21:04:26.968989,0 days 00:00:23.997040,1,40,,,,,,,,,,,,,,,,,,,,6,,,,,,,,,,,,,,,,,,,,COMPLETE
191,191,0.872737028839447,2024-12-31 21:04:26.969560,2024-12-31 21:04:48.558947,0 days 00:00:21.589387,1,40,,,,,,,,,,,,,,,,,,,,6,,,,,,,,,,,,,,,,,,,,COMPLETE
192,192,0.7343960467383377,2024-12-31 21:04:48.559574,2024-12-31 21:05:10.790929,0 days 00:00:22.231355,1,45,,,,,,,,,,,,,,,,,,,,6,,,,,,,,,,,,,,,,,,,,COMPLETE
193,193,0.5921743609473816,2024-12-31 21:05:10.791426,2024-12-31 21:05:34.253321,0 days 00:00:23.461895,1,35,,,,,,,,,,,,,,,,,,,,6,,,,,,,,,,,,,,,,,,,,COMPLETE
194,194,0.5254496305187006,2024-12-31 21:05:34.253995,2024-12-31 21:05:58.385571,0 days 00:00:24.131576,1,50,,,,,,,,,,,,,,,,,,,,6,,,,,,,,,,,,,,,,,,,,COMPLETE
195,195,0.8729065873297791,2024-12-31 21:05:58.386053,2024-12-31 21:07:25.245397,0 days 00:01:26.859344,2,65,145.0,,,,,,,,,,,,,,,,,,,6,6.0,,,,,,,,,,,,,,,,,,,COMPLETE
196,196,0.8189581743896661,2024-12-31 21:07:25.246069,2024-12-31 21:07:49.529135,0 days 00:00:24.283066,1,45,,,,,,,,,,,,,,,,,,,,6,,,,,,,,,,,,,,,,,,,,COMPLETE
197,197,0.594478574025831,2024-12-31 21:07:49.529685,2024-12-31 21:08:12.333168,0 days 00:00:22.803483,1,5,,,,,,,,,,,,,,,,,,,,6,,,,,,,,,,,,,,,,,,,,COMPLETE
198,198,0.9079572551413683,2024-12-31 21:08:12.333750,2024-12-31 21:08:35.219853,0 days 00:00:22.886103,1,30,,,,,,,,,,,,,,,,,,,,6,,,,,,,,,,,,,,,,,,,,COMPLETE
199,199,0.8726570044093538,2024-12-31 21:08:35.220335,2024-12-31 21:09:21.202752,0 days 00:00:45.982417,2,30,165.0,,,,,,,,,,,,,,,,,,,6,5.0,,,,,,,,,,,,,,,,,,,COMPLETE
200,200,0.9087324220305242,2024-12-31 21:09:21.203437,2024-12-31 21:09:45.287592,0 days 00:00:24.084155,1,35,,,,,,,,,,,,,,,,,,,,6,,,,,,,,,,,,,,,,,,,,COMPLETE
201,201,0.8777166448479163,2024-12-31 21:09:45.288260,2024-12-31 21:10:09.611077,0 days 00:00:24.322817,1,35,,,,,,,,,,,,,,,,,,,,6,,,,,,,,,,,,,,,,,,,,COMPLETE
202,202,0.8954425681763941,2024-12-31 21:10:09.611572,2024-12-31 21:10:31.933725,0 days 00:00:22.322153,1,30,,,,,,,,,,,,,,,,,,,,6,,,,,,,,,,,,,,,,,,,,COMPLETE
203,203,0.8751426099434976,2024-12-31 21:10:31.934239,2024-12-31 21:10:54.182897,0 days 00:00:22.248658,1,30,,,,,,,,,,,,,,,,,,,,6,,,,,,,,,,,,,,,,,,,,COMPLETE
204,204,0.8775021232224391,2024-12-31 21:10:54.183466,2024-12-31 21:11:36.363430,0 days 00:00:42.179964,2,35,185.0,,,,,,,,,,,,,,,,,,,6,4.0,,,,,,,,,,,,,,,,,,,COMPLETE
205,205,0.0,2024-12-31 21:11:36.364101,2024-12-31 21:12:10.949801,0 days 00:00:34.585700,8,25,50.0,,,,,,,,,,,175.0,30.0,30.0,55.0,25.0,120.0,,,6,5.0,,,,,,,,,,,5.0,4.0,2.0,4.0,5.0,4.0,,,COMPLETE
206,206,0.8820579151051402,2024-12-31 21:12:10.950671,2024-12-31 21:12:35.339751,0 days 00:00:24.389080,1,40,,,,,,,,,,,,,,,,,,,,6,,,,,,,,,,,,,,,,,,,,COMPLETE
207,207,0.8107156670976583,2024-12-31 21:12:35.340348,2024-12-31 21:12:58.499394,0 days 00:00:23.159046,1,30,,,,,,,,,,,,,,,,,,,,6,,,,,,,,,,,,,,,,,,,,COMPLETE
208,208,0.8783787214433657,2024-12-31 21:12:58.499944,2024-12-31 21:13:48.204370,0 days 00:00:49.704426,2,25,135.0,,,,,,,,,,,,,,,,,,,6,6.0,,,,,,,,,,,,,,,,,,,COMPLETE
209,209,0.9066969518263784,2024-12-31 21:13:48.204988,2024-12-31 21:14:11.697732,0 days 00:00:23.492744,1,35,,,,,,,,,,,,,,,,,,,,6,,,,,,,,,,,,,,,,,,,,COMPLETE
210,210,0.8836343356499098,2024-12-31 21:14:11.698427,2024-12-31 21:15:02.161009,0 days 00:00:50.462582,2,35,110.0,,,,,,,,,,,,,,,,,,,4,6.0,,,,,,,,,,,,,,,,,,,COMPLETE
211,211,0.8879850399544451,2024-12-31 21:15:02.161700,2024-12-31 21:15:26.134283,0 days 00:00:23.972583,1,30,,,,,,,,,,,,,,,,,,,,6,,,,,,,,,,,,,,,,,,,,COMPLETE
212,212,0.9020909378134914,2024-12-31 21:15:26.134783,2024-12-31 21:15:49.675956,0 days 00:00:23.541173,1,40,,,,,,,,,,,,,,,,,,,,6,,,,,,,,,,,,,,,,,,,,COMPLETE
213,213,0.8624236109071934,2024-12-31 21:15:49.676621,2024-12-31 21:16:13.494961,0 days 00:00:23.818340,1,40,,,,,,,,,,,,,,,,,,,,6,,,,,,,,,,,,,,,,,,,,COMPLETE
214,214,0.8892555457045903,2024-12-31 21:16:13.495437,2024-12-31 21:16:37.742984,0 days 00:00:24.247547,1,35,,,,,,,,,,,,,,,,,,,,6,,,,,,,,,,,,,,,,,,,,COMPLETE
215,215,0.8649264259738488,2024-12-31 21:16:37.743636,2024-12-31 21:17:02.016117,0 days 00:00:24.272481,1,40,,,,,,,,,,,,,,,,,,,,6,,,,,,,,,,,,,,,,,,,,COMPLETE
216,216,0.861917123380741,2024-12-31 21:17:02.016614,2024-12-31 21:17:26.287105,0 days 00:00:24.270491,1,30,,,,,,,,,,,,,,,,,,,,6,,,,,,,,,,,,,,,,,,,,COMPLETE
217,217,0.8871023147045713,2024-12-31 21:17:26.287655,2024-12-31 21:18:10.624185,0 days 00:00:44.336530,2,45,20.0,,,,,,,,,,,,,,,,,,,6,4.0,,,,,,,,,,,,,,,,,,,COMPLETE
218,218,0.8822764612196301,2024-12-31 21:18:10.624847,2024-12-31 21:18:34.958836,0 days 00:00:24.333989,1,20,,,,,,,,,,,,,,,,,,,,6,,,,,,,,,,,,,,,,,,,,COMPLETE
219,219,0.4528380544835345,2024-12-31 21:18:34.959410,2024-12-31 21:18:56.421699,0 days 00:00:21.462289,1,35,,,,,,,,,,,,,,,,,,,,6,,,,,,,,,,,,,,,,,,,,COMPLETE
220,220,0.8772007587415545,2024-12-31 21:18:56.422239,2024-12-31 21:19:38.557531,0 days 00:00:42.135292,2,25,120.0,,,,,,,,,,,,,,,,,,,6,5.0,,,,,,,,,,,,,,,,,,,COMPLETE
221,221,0.8784924462696672,2024-12-31 21:19:38.558141,2024-12-31 21:20:02.901149,0 days 00:00:24.343008,1,40,,,,,,,,,,,,,,,,,,,,6,,,,,,,,,,,,,,,,,,,,COMPLETE
222,222,0.8540004583200054,2024-12-31 21:20:02.901837,2024-12-31 21:20:24.952556,0 days 00:00:22.050719,1,30,,,,,,,,,,,,,,,,,,,,6,,,,,,,,,,,,,,,,,,,,COMPLETE
223,223,0.8180876104488126,2024-12-31 21:20:24.953037,2024-12-31 21:20:48.600154,0 days 00:00:23.647117,1,60,,,,,,,,,,,,,,,,,,,,6,,,,,,,,,,,,,,,,,,,,COMPLETE
224,224,0.7934884765241288,2024-12-31 21:20:48.600719,2024-12-31 21:21:14.449535,0 days 00:00:25.848816,1,110,,,,,,,,,,,,,,,,,,,,6,,,,,,,,,,,,,,,,,,,,COMPLETE
225,225,0.9052610669383248,2024-12-31 21:21:14.450116,2024-12-31 21:21:37.910798,0 days 00:00:23.460682,1,15,,,,,,,,,,,,,,,,,,,,6,,,,,,,,,,,,,,,,,,,,COMPLETE
226,226,0.8750293658604735,2024-12-31 21:21:37.911354,2024-12-31 21:22:08.793381,0 days 00:00:30.882027,2,15,15.0,,,,,,,,,,,,,,,,,,,4,6.0,,,,,,,,,,,,,,,,,,,COMPLETE
227,227,0.9012446721840726,2024-12-31 21:22:08.794013,2024-12-31 21:22:31.475885,0 days 00:00:22.681872,1,20,,,,,,,,,,,,,,,,,,,,6,,,,,,,,,,,,,,,,,,,,COMPLETE
228,228,0.8503128358624633,2024-12-31 21:22:31.476429,2024-12-31 21:22:53.227562,0 days 00:00:21.751133,1,20,,,,,,,,,,,,,,,,,,,,6,,,,,,,,,,,,,,,,,,,,COMPLETE
229,229,0.8824684928442162,2024-12-31 21:22:53.228165,2024-12-31 21:23:22.328104,0 days 00:00:29.099939,2,15,100.0,,,,,,,,,,,,,,,,,,,6,3.0,,,,,,,,,,,,,,,,,,,COMPLETE
230,230,0.8884976877692563,2024-12-31 21:23:22.328657,2024-12-31 21:23:44.486167,0 days 00:00:22.157510,1,20,,,,,,,,,,,,,,,,,,,,6,,,,,,,,,,,,,,,,,,,,COMPLETE
231,231,0.8955810398051954,2024-12-31 21:23:44.486789,2024-12-31 21:24:08.467406,0 days 00:00:23.980617,1,25,,,,,,,,,,,,,,,,,,,,6,,,,,,,,,,,,,,,,,,,,COMPLETE
232,232,0.8843553250881,2024-12-31 21:24:08.467968,2024-12-31 21:24:31.535680,0 days 00:00:23.067712,1,20,,,,,,,,,,,,,,,,,,,,6,,,,,,,,,,,,,,,,,,,,COMPLETE
233,233,0.8985865082885278,2024-12-31 21:24:31.536302,2024-12-31 21:24:54.775686,0 days 00:00:23.239384,1,25,,,,,,,,,,,,,,,,,,,,6,,,,,,,,,,,,,,,,,,,,COMPLETE
234,234,0.8737482465854559,2024-12-31 21:24:54.776162,2024-12-31 21:25:17.223286,0 days 00:00:22.447124,1,25,,,,,,,,,,,,,,,,,,,,6,,,,,,,,,,,,,,,,,,,,COMPLETE
235,235,0.8348710562760422,2024-12-31 21:25:17.223962,2024-12-31 21:25:41.446898,0 days 00:00:24.222936,1,25,,,,,,,,,,,,,,,,,,,,6,,,,,,,,,,,,,,,,,,,,COMPLETE
236,236,0.8899910635472998,2024-12-31 21:25:41.447378,2024-12-31 21:26:04.626132,0 days 00:00:23.178754,1,35,,,,,,,,,,,,,,,,,,,,6,,,,,,,,,,,,,,,,,,,,COMPLETE
237,237,0.871022630421981,2024-12-31 21:26:04.626809,2024-12-31 21:26:41.410554,0 days 00:00:36.783745,2,25,175.0,,,,,,,,,,,,,,,,,,,6,4.0,,,,,,,,,,,,,,,,,,,COMPLETE
238,238,0.9019585544773554,2024-12-31 21:26:41.411135,2024-12-31 21:27:05.659575,0 days 00:00:24.248440,1,30,,,,,,,,,,,,,,,,,,,,6,,,,,,,,,,,,,,,,,,,,COMPLETE
239,239,0.8200819140010024,2024-12-31 21:27:05.660174,2024-12-31 21:27:29.472513,0 days 00:00:23.812339,1,45,,,,,,,,,,,,,,,,,,,,6,,,,,,,,,,,,,,,,,,,,COMPLETE
240,240,0.8673386342808254,2024-12-31 21:27:29.473050,2024-12-31 21:28:07.548449,0 days 00:00:38.075399,2,20,10.0,,,,,,,,,,,,,,,,,,,6,5.0,,,,,,,,,,,,,,,,,,,COMPLETE
241,241,0.8766108632152979,2024-12-31 21:28:07.549083,2024-12-31 21:28:31.660138,0 days 00:00:24.111055,1,30,,,,,,,,,,,,,,,,,,,,6,,,,,,,,,,,,,,,,,,,,COMPLETE
