,number,value,datetime_start,datetime_complete,duration,params_depth,params_neurons_layer_0,params_neurons_layer_1,params_neurons_layer_10,params_neurons_layer_11,params_neurons_layer_12,params_neurons_layer_13,params_neurons_layer_14,params_neurons_layer_15,params_neurons_layer_16,params_neurons_layer_17,params_neurons_layer_18,params_neurons_layer_19,params_neurons_layer_2,params_neurons_layer_3,params_neurons_layer_4,params_neurons_layer_5,params_neurons_layer_6,params_neurons_layer_7,params_neurons_layer_8,params_neurons_layer_9,params_orders_layer_0,params_orders_layer_1,params_orders_layer_10,params_orders_layer_11,params_orders_layer_12,params_orders_layer_13,params_orders_layer_14,params_orders_layer_15,params_orders_layer_16,params_orders_layer_17,params_orders_layer_18,params_orders_layer_19,params_orders_layer_2,params_orders_layer_3,params_orders_layer_4,params_orders_layer_5,params_orders_layer_6,params_orders_layer_7,params_orders_layer_8,params_orders_layer_9,state
603,603,0.8381712626995645,2025-01-01 09:14:11.289390,2025-01-01 09:14:13.753857,0 days 00:00:02.464467,1,50,,,,,,,,,,,,,,,,,,,,3,,,,,,,,,,,,,,,,,,,,COMPLETE
604,604,0.8373165618448637,2025-01-01 09:14:13.754336,2025-01-01 09:14:19.258696,0 days 00:00:05.504360,2,90,95.0,,,,,,,,,,,,,,,,,,,3,6.0,,,,,,,,,,,,,,,,,,,COMPLETE
605,605,0.0,2025-01-01 09:14:19.259188,2025-01-01 09:14:22.433262,0 days 00:00:03.174074,3,145,180.0,,,,,,,,,,,200.0,,,,,,,,3,6.0,,,,,,,,,,,6.0,,,,,,,,COMPLETE
606,606,0.8199279711884754,2025-01-01 09:14:22.433783,2025-01-01 09:14:27.594136,0 days 00:00:05.160353,2,150,100.0,,,,,,,,,,,,,,,,,,,3,6.0,,,,,,,,,,,,,,,,,,,COMPLETE
607,607,0.7875307629204267,2025-01-01 09:14:27.594641,2025-01-01 09:14:32.755863,0 days 00:00:05.161222,2,180,190.0,,,,,,,,,,,,,,,,,,,3,6.0,,,,,,,,,,,,,,,,,,,COMPLETE
608,608,0.0,2025-01-01 09:14:32.756367,2025-01-01 09:14:38.241697,0 days 00:00:05.485330,14,45,180.0,60.0,75.0,170.0,5.0,,,,,,,140.0,85.0,70.0,110.0,95.0,160.0,165.0,185.0,3,6.0,3.0,2.0,3.0,5.0,,,,,,,6.0,3.0,5.0,4.0,4.0,5.0,6.0,6.0,COMPLETE
609,609,0.0,2025-01-01 09:14:38.242498,2025-01-01 09:14:42.055249,0 days 00:00:03.812751,3,160,190.0,,,,,,,,,,,125.0,,,,,,,,6,6.0,,,,,,,,,,,6.0,,,,,,,,COMPLETE
610,610,0.8199279711884754,2025-01-01 09:14:42.055779,2025-01-01 09:14:44.379360,0 days 00:00:02.323581,1,140,,,,,,,,,,,,,,,,,,,,3,,,,,,,,,,,,,,,,,,,,COMPLETE
611,611,0.8999599839935974,2025-01-01 09:14:44.379853,2025-01-01 09:14:51.647805,0 days 00:00:07.267952,3,120,185.0,,,,,,,,,,,25.0,,,,,,,,3,6.0,,,,,,,,,,,6.0,,,,,,,,COMPLETE
612,612,0.0,2025-01-01 09:14:51.648327,2025-01-01 09:15:01.089173,0 days 00:00:09.440846,19,185,175.0,115.0,110.0,125.0,175.0,125.0,35.0,130.0,75.0,95.0,,35.0,130.0,15.0,25.0,130.0,15.0,190.0,20.0,3,6.0,4.0,4.0,5.0,6.0,6.0,3.0,3.0,3.0,6.0,,4.0,6.0,2.0,3.0,2.0,3.0,4.0,5.0,COMPLETE
613,613,0.8792270531400965,2025-01-01 09:15:01.090267,2025-01-01 09:15:05.896886,0 days 00:00:04.806619,2,75,195.0,,,,,,,,,,,,,,,,,,,3,6.0,,,,,,,,,,,,,,,,,,,COMPLETE
614,614,0.8999599839935974,2025-01-01 09:15:05.897388,2025-01-01 09:15:13.346260,0 days 00:00:07.448872,3,140,180.0,,,,,,,,,,,115.0,,,,,,,,3,5.0,,,,,,,,,,,6.0,,,,,,,,COMPLETE
615,615,0.0,2025-01-01 09:15:13.346813,2025-01-01 09:15:16.201111,0 days 00:00:02.854298,4,40,185.0,,,,,,,,,,,135.0,165.0,,,,,,,3,6.0,,,,,,,,,,,6.0,2.0,,,,,,,COMPLETE
616,616,0.8389694041867954,2025-01-01 09:15:16.201661,2025-01-01 09:15:21.694868,0 days 00:00:05.493207,2,145,190.0,,,,,,,,,,,,,,,,,,,3,6.0,,,,,,,,,,,,,,,,,,,COMPLETE
617,617,0.8281632653061224,2025-01-01 09:15:21.695367,2025-01-01 09:15:26.503645,0 days 00:00:04.808278,2,45,175.0,,,,,,,,,,,,,,,,,,,3,6.0,,,,,,,,,,,,,,,,,,,COMPLETE
618,618,0.8685714285714285,2025-01-01 09:15:26.504135,2025-01-01 09:15:33.965618,0 days 00:00:07.461483,3,50,195.0,,,,,,,,,,,45.0,,,,,,,,3,6.0,,,,,,,,,,,6.0,,,,,,,,COMPLETE
619,619,0.8081014729950899,2025-01-01 09:15:33.966145,2025-01-01 09:15:36.422201,0 days 00:00:02.456056,1,115,,,,,,,,,,,,,,,,,,,,3,,,,,,,,,,,,,,,,,,,,COMPLETE
620,620,0.8599439775910365,2025-01-01 09:15:36.422667,2025-01-01 09:15:45.528094,0 days 00:00:09.105427,4,150,180.0,,,,,,,,,,,25.0,20.0,,,,,,,3,6.0,,,,,,,,,,,6.0,4.0,,,,,,,COMPLETE
621,621,0.9198717948717949,2025-01-01 09:15:45.528688,2025-01-01 09:15:50.657308,0 days 00:00:05.128620,2,145,195.0,,,,,,,,,,,,,,,,,,,3,6.0,,,,,,,,,,,,,,,,,,,COMPLETE
622,622,0.8569044639132248,2025-01-01 09:15:50.657813,2025-01-01 09:15:53.256310,0 days 00:00:02.598497,1,125,,,,,,,,,,,,,,,,,,,,3,,,,,,,,,,,,,,,,,,,,COMPLETE
623,623,0.8889795918367347,2025-01-01 09:15:53.256772,2025-01-01 09:15:58.050086,0 days 00:00:04.793314,2,140,195.0,,,,,,,,,,,,,,,,,,,3,6.0,,,,,,,,,,,,,,,,,,,COMPLETE
624,624,0.83729662077597,2025-01-01 09:15:58.050595,2025-01-01 09:16:02.910584,0 days 00:00:04.859989,2,120,200.0,,,,,,,,,,,,,,,,,,,3,6.0,,,,,,,,,,,,,,,,,,,COMPLETE
625,625,0.828137817883511,2025-01-01 09:16:02.911085,2025-01-01 09:16:04.713657,0 days 00:00:01.802572,1,155,,,,,,,,,,,,,,,,,,,,3,,,,,,,,,,,,,,,,,,,,COMPLETE
626,626,0.0,2025-01-01 09:16:04.714278,2025-01-01 09:16:12.409915,0 days 00:00:07.695637,17,40,170.0,130.0,185.0,105.0,135.0,180.0,90.0,155.0,,,,45.0,75.0,35.0,130.0,65.0,190.0,150.0,40.0,3,6.0,2.0,5.0,6.0,2.0,4.0,6.0,5.0,,,,4.0,5.0,4.0,6.0,5.0,2.0,5.0,3.0,COMPLETE
627,627,0.9198717948717949,2025-01-01 09:16:12.410809,2025-01-01 09:16:17.931388,0 days 00:00:05.520579,2,140,195.0,,,,,,,,,,,,,,,,,,,3,6.0,,,,,,,,,,,,,,,,,,,COMPLETE
628,628,0.828137817883511,2025-01-01 09:16:17.931923,2025-01-01 09:16:23.424967,0 days 00:00:05.493044,2,140,190.0,,,,,,,,,,,,,,,,,,,3,6.0,,,,,,,,,,,,,,,,,,,COMPLETE
629,629,0.0,2025-01-01 09:16:23.425468,2025-01-01 09:16:25.874023,0 days 00:00:02.448555,8,145,190.0,,,,,,,,,,,55.0,15.0,140.0,155.0,200.0,45.0,,,3,6.0,,,,,,,,,,,2.0,2.0,3.0,2.0,3.0,4.0,,,COMPLETE
630,630,0.81438127090301,2025-01-01 09:16:25.874641,2025-01-01 09:16:28.502757,0 days 00:00:02.628116,1,140,,,,,,,,,,,,,,,,,,,,3,,,,,,,,,,,,,,,,,,,,COMPLETE
631,631,0.0,2025-01-01 09:16:28.503211,2025-01-01 09:16:35.706111,0 days 00:00:07.202900,15,130,175.0,50.0,160.0,150.0,170.0,30.0,,,,,,80.0,10.0,160.0,70.0,35.0,175.0,65.0,60.0,3,6.0,4.0,2.0,2.0,4.0,3.0,,,,,,3.0,6.0,4.0,4.0,6.0,3.0,2.0,6.0,COMPLETE
632,632,0.8075980392156863,2025-01-01 09:16:35.706942,2025-01-01 09:16:40.292719,0 days 00:00:04.585777,2,10,195.0,,,,,,,,,,,,,,,,,,,3,6.0,,,,,,,,,,,,,,,,,,,COMPLETE
633,633,0.8798076923076923,2025-01-01 09:16:40.293221,2025-01-01 09:16:45.429994,0 days 00:00:05.136773,2,145,185.0,,,,,,,,,,,,,,,,,,,3,6.0,,,,,,,,,,,,,,,,,,,COMPLETE
634,634,0.0,2025-01-01 09:16:45.430524,2025-01-01 09:16:49.480118,0 days 00:00:04.049594,10,140,195.0,,,,,,,,,,,40.0,195.0,25.0,90.0,180.0,130.0,135.0,110.0,3,6.0,,,,,,,,,,,4.0,3.0,5.0,5.0,4.0,6.0,6.0,2.0,COMPLETE
635,635,0.0,2025-01-01 09:16:49.480812,2025-01-01 09:16:53.518516,0 days 00:00:04.037704,5,150,90.0,,,,,,,,,,,180.0,35.0,100.0,,,,,,3,6.0,,,,,,,,,,,6.0,4.0,6.0,,,,,,COMPLETE
636,636,0.8470057424118129,2025-01-01 09:16:53.519097,2025-01-01 09:16:59.012357,0 days 00:00:05.493260,2,135,185.0,,,,,,,,,,,,,,,,,,,3,6.0,,,,,,,,,,,,,,,,,,,COMPLETE
637,637,0.0,2025-01-01 09:16:59.012873,2025-01-01 09:17:03.828508,0 days 00:00:04.815635,12,145,170.0,200.0,140.0,,,,,,,,,130.0,55.0,125.0,35.0,85.0,160.0,190.0,5.0,3,6.0,6.0,3.0,,,,,,,,,6.0,5.0,2.0,6.0,5.0,4.0,3.0,3.0,COMPLETE
638,638,0.8199279711884754,2025-01-01 09:17:03.829251,2025-01-01 09:17:08.964300,0 days 00:00:05.135049,2,125,105.0,,,,,,,,,,,,,,,,,,,3,6.0,,,,,,,,,,,,,,,,,,,COMPLETE
639,639,0.8244047619047619,2025-01-01 09:17:08.964807,2025-01-01 09:17:14.103175,0 days 00:00:05.138368,2,150,180.0,,,,,,,,,,,,,,,,,,,3,6.0,,,,,,,,,,,,,,,,,,,COMPLETE
640,640,0.8172987974098057,2025-01-01 09:17:14.103684,2025-01-01 09:17:16.954424,0 days 00:00:02.850740,1,135,,,,,,,,,,,,,,,,,,,,3,,,,,,,,,,,,,,,,,,,,COMPLETE
641,641,0.8681818181818182,2025-01-01 09:17:16.955088,2025-01-01 09:17:22.083016,0 days 00:00:05.127928,2,140,180.0,,,,,,,,,,,,,,,,,,,3,6.0,,,,,,,,,,,,,,,,,,,COMPLETE
642,642,0.0,2025-01-01 09:17:22.083526,2025-01-01 09:17:24.891445,0 days 00:00:02.807919,3,170,195.0,,,,,,,,,,,110.0,,,,,,,,3,6.0,,,,,,,,,,,6.0,,,,,,,,COMPLETE
643,643,0.8242553191489361,2025-01-01 09:17:24.891983,2025-01-01 09:17:27.356547,0 days 00:00:02.464564,1,130,,,,,,,,,,,,,,,,,,,,3,,,,,,,,,,,,,,,,,,,,COMPLETE
644,644,0.0,2025-01-01 09:17:27.357007,2025-01-01 09:17:29.767936,0 days 00:00:02.410929,3,140,185.0,,,,,,,,,,,60.0,,,,,,,,3,6.0,,,,,,,,,,,4.0,,,,,,,,COMPLETE
645,645,0.8599439775910365,2025-01-01 09:17:29.768438,2025-01-01 09:17:34.926649,0 days 00:00:05.158211,2,145,175.0,,,,,,,,,,,,,,,,,,,3,6.0,,,,,,,,,,,,,,,,,,,COMPLETE
646,646,0.8999599839935974,2025-01-01 09:17:34.927171,2025-01-01 09:17:40.321250,0 days 00:00:05.394079,3,125,190.0,,,,,,,,,,,35.0,,,,,,,,3,6.0,,,,,,,,,,,5.0,,,,,,,,COMPLETE
647,647,0.8081014729950899,2025-01-01 09:17:40.321780,2025-01-01 09:17:45.481174,0 days 00:00:05.159394,2,150,110.0,,,,,,,,,,,,,,,,,,,3,6.0,,,,,,,,,,,,,,,,,,,COMPLETE
648,648,0.7987117552334944,2025-01-01 09:17:45.481704,2025-01-01 09:17:48.274212,0 days 00:00:02.792508,1,160,,,,,,,,,,,,,,,,,,,,4,,,,,,,,,,,,,,,,,,,,COMPLETE
649,649,0.8666666666666667,2025-01-01 09:17:48.274689,2025-01-01 09:17:53.799703,0 days 00:00:05.525014,2,155,100.0,,,,,,,,,,,,,,,,,,,3,6.0,,,,,,,,,,,,,,,,,,,COMPLETE
650,650,0.8599439775910365,2025-01-01 09:17:53.800209,2025-01-01 09:18:00.615696,0 days 00:00:06.815487,3,140,190.0,,,,,,,,,,,95.0,,,,,,,,3,6.0,,,,,,,,,,,6.0,,,,,,,,COMPLETE
651,651,0.8273322422258592,2025-01-01 09:18:00.616232,2025-01-01 09:18:05.473322,0 days 00:00:04.857090,2,130,170.0,,,,,,,,,,,,,,,,,,,3,6.0,,,,,,,,,,,,,,,,,,,COMPLETE
652,652,0.8891162029459901,2025-01-01 09:18:05.473845,2025-01-01 09:18:10.628006,0 days 00:00:05.154161,2,135,180.0,,,,,,,,,,,,,,,,,,,3,6.0,,,,,,,,,,,,,,,,,,,COMPLETE
653,653,0.828137817883511,2025-01-01 09:18:10.628516,2025-01-01 09:18:18.537239,0 days 00:00:07.908723,3,115,185.0,,,,,,,,,,,105.0,,,,,,,,3,6.0,,,,,,,,,,,6.0,,,,,,,,COMPLETE
654,654,0.8284313725490196,2025-01-01 09:18:18.537969,2025-01-01 09:18:20.981710,0 days 00:00:02.443741,1,145,,,,,,,,,,,,,,,,,,,,3,,,,,,,,,,,,,,,,,,,,COMPLETE
655,655,0.8599439775910365,2025-01-01 09:18:20.982162,2025-01-01 09:18:25.768895,0 days 00:00:04.786733,2,120,170.0,,,,,,,,,,,,,,,,,,,3,6.0,,,,,,,,,,,,,,,,,,,COMPLETE
656,656,0.8397435897435898,2025-01-01 09:18:25.769392,2025-01-01 09:18:33.730836,0 days 00:00:07.961444,3,15,195.0,,,,,,,,,,,5.0,,,,,,,,3,6.0,,,,,,,,,,,6.0,,,,,,,,COMPLETE
657,657,0.8081014729950899,2025-01-01 09:18:33.731375,2025-01-01 09:18:41.139029,0 days 00:00:07.407654,3,140,175.0,,,,,,,,,,,10.0,,,,,,,,3,6.0,,,,,,,,,,,5.0,,,,,,,,COMPLETE
658,658,0.8181818181818181,2025-01-01 09:18:41.139575,2025-01-01 09:18:46.641908,0 days 00:00:05.502333,2,145,190.0,,,,,,,,,,,,,,,,,,,3,6.0,,,,,,,,,,,,,,,,,,,COMPLETE
659,659,0.8480392156862746,2025-01-01 09:18:46.642427,2025-01-01 09:18:51.799590,0 days 00:00:05.157163,2,130,185.0,,,,,,,,,,,,,,,,,,,3,6.0,,,,,,,,,,,,,,,,,,,COMPLETE
660,660,0.825925925925926,2025-01-01 09:18:51.800103,2025-01-01 09:18:54.446643,0 days 00:00:02.646540,1,145,,,,,,,,,,,,,,,,,,,,3,,,,,,,,,,,,,,,,,,,,COMPLETE
661,661,0.609643605870021,2025-01-01 09:18:54.447109,2025-01-01 09:19:13.436684,0 days 00:00:18.989575,4,135,200.0,,,,,,,,,,,20.0,5.0,,,,,,,3,6.0,,,,,,,,,,,6.0,6.0,,,,,,,COMPLETE
662,662,0.8486088379705401,2025-01-01 09:19:13.437239,2025-01-01 09:19:20.781349,0 days 00:00:07.344110,3,45,165.0,,,,,,,,,,,50.0,,,,,,,,3,6.0,,,,,,,,,,,6.0,,,,,,,,COMPLETE
663,663,0.8480392156862746,2025-01-01 09:19:20.781912,2025-01-01 09:19:25.932251,0 days 00:00:05.150339,2,125,180.0,,,,,,,,,,,,,,,,,,,3,6.0,,,,,,,,,,,,,,,,,,,COMPLETE
664,664,0.8339622641509434,2025-01-01 09:19:25.932764,2025-01-01 09:19:31.099199,0 days 00:00:05.166435,2,140,190.0,,,,,,,,,,,,,,,,,,,3,6.0,,,,,,,,,,,,,,,,,,,COMPLETE
665,665,0.779205138498595,2025-01-01 09:19:31.099917,2025-01-01 09:19:33.797433,0 days 00:00:02.697516,1,50,,,,,,,,,,,,,,,,,,,,3,,,,,,,,,,,,,,,,,,,,COMPLETE
666,666,0.0,2025-01-01 09:19:33.797912,2025-01-01 09:19:38.130786,0 days 00:00:04.332874,3,155,175.0,,,,,,,,,,,150.0,,,,,,,,2,6.0,,,,,,,,,,,5.0,,,,,,,,COMPLETE
667,667,0.8389694041867954,2025-01-01 09:19:38.131308,2025-01-01 09:19:45.106437,0 days 00:00:06.975129,3,135,195.0,,,,,,,,,,,5.0,,,,,,,,3,6.0,,,,,,,,,,,4.0,,,,,,,,COMPLETE
668,668,0.8389694041867954,2025-01-01 09:19:45.106983,2025-01-01 09:19:50.651994,0 days 00:00:05.545011,2,165,185.0,,,,,,,,,,,,,,,,,,,3,6.0,,,,,,,,,,,,,,,,,,,COMPLETE
669,669,0.8983333333333333,2025-01-01 09:19:50.652531,2025-01-01 09:19:56.135022,0 days 00:00:05.482491,2,150,180.0,,,,,,,,,,,,,,,,,,,3,6.0,,,,,,,,,,,,,,,,,,,COMPLETE
670,670,0.8240740740740741,2025-01-01 09:19:56.135538,2025-01-01 09:19:58.749208,0 days 00:00:02.613670,1,110,,,,,,,,,,,,,,,,,,,,3,,,,,,,,,,,,,,,,,,,,COMPLETE
671,671,0.8397435897435898,2025-01-01 09:19:58.749698,2025-01-01 09:20:03.641395,0 days 00:00:04.891697,2,115,195.0,,,,,,,,,,,,,,,,,,,3,6.0,,,,,,,,,,,,,,,,,,,COMPLETE
672,672,0.0,2025-01-01 09:20:03.641922,2025-01-01 09:20:06.957659,0 days 00:00:03.315737,3,140,185.0,,,,,,,,,,,140.0,,,,,,,,3,6.0,,,,,,,,,,,6.0,,,,,,,,COMPLETE
673,673,0.7799119647859143,2025-01-01 09:20:06.958186,2025-01-01 09:20:16.256653,0 days 00:00:09.298467,4,35,110.0,,,,,,,,,,,25.0,115.0,,,,,,,3,6.0,,,,,,,,,,,6.0,3.0,,,,,,,COMPLETE
674,674,0.8594941790445605,2025-01-01 09:20:16.257250,2025-01-01 09:20:23.762169,0 days 00:00:07.504919,3,120,170.0,,,,,,,,,,,10.0,,,,,,,,3,6.0,,,,,,,,,,,5.0,,,,,,,,COMPLETE
675,675,0.823076923076923,2025-01-01 09:20:23.762724,2025-01-01 09:20:28.920823,0 days 00:00:05.158099,2,130,190.0,,,,,,,,,,,,,,,,,,,3,6.0,,,,,,,,,,,,,,,,,,,COMPLETE
676,676,0.8181818181818181,2025-01-01 09:20:28.921337,2025-01-01 09:20:31.573589,0 days 00:00:02.652252,1,150,,,,,,,,,,,,,,,,,,,,3,,,,,,,,,,,,,,,,,,,,COMPLETE
677,677,0.0,2025-01-01 09:20:31.574069,2025-01-01 09:20:34.878547,0 days 00:00:03.304478,3,135,200.0,,,,,,,,,,,40.0,,,,,,,,3,6.0,,,,,,,,,,,6.0,,,,,,,,COMPLETE
678,678,0.823076923076923,2025-01-01 09:20:34.879097,2025-01-01 09:20:40.096629,0 days 00:00:05.217532,2,40,180.0,,,,,,,,,,,,,,,,,,,3,6.0,,,,,,,,,,,,,,,,,,,COMPLETE
679,679,0.8678396072013093,2025-01-01 09:20:40.097326,2025-01-01 09:20:45.248173,0 days 00:00:05.150847,2,190,175.0,,,,,,,,,,,,,,,,,,,3,6.0,,,,,,,,,,,,,,,,,,,COMPLETE
680,680,0.0,2025-01-01 09:20:45.248703,2025-01-01 09:20:48.377985,0 days 00:00:03.129282,3,145,195.0,,,,,,,,,,,70.0,,,,,,,,3,6.0,,,,,,,,,,,6.0,,,,,,,,COMPLETE
681,681,0.0,2025-01-01 09:20:48.378529,2025-01-01 09:20:50.797951,0 days 00:00:02.419422,6,50,185.0,,,,,,,,,,,35.0,145.0,170.0,145.0,,,,,4,6.0,,,,,,,,,,,5.0,2.0,6.0,3.0,,,,,COMPLETE
682,682,0.7341666666666666,2025-01-01 09:20:50.798554,2025-01-01 09:21:01.714045,0 days 00:00:10.915491,4,140,190.0,,,,,,,,,,,15.0,200.0,,,,,,,3,6.0,,,,,,,,,,,6.0,5.0,,,,,,,COMPLETE
683,683,0.0,2025-01-01 09:21:01.714652,2025-01-01 09:21:13.719474,0 days 00:00:12.004822,20,130,105.0,25.0,15.0,190.0,85.0,80.0,145.0,50.0,155.0,80.0,200.0,20.0,185.0,90.0,200.0,145.0,90.0,10.0,130.0,6,6.0,3.0,4.0,4.0,3.0,5.0,2.0,5.0,5.0,4.0,2.0,6.0,4.0,4.0,2.0,2.0,5.0,4.0,5.0,COMPLETE
684,684,0.8075980392156863,2025-01-01 09:21:13.720444,2025-01-01 09:21:19.834164,0 days 00:00:06.113720,3,40,170.0,,,,,,,,,,,65.0,,,,,,,,3,6.0,,,,,,,,,,,4.0,,,,,,,,COMPLETE
685,685,0.8008547008547009,2025-01-01 09:21:19.834714,2025-01-01 09:21:22.641152,0 days 00:00:02.806438,1,145,,,,,,,,,,,,,,,,,,,,3,,,,,,,,,,,,,,,,,,,,COMPLETE
686,686,0.8376623376623377,2025-01-01 09:21:22.641642,2025-01-01 09:21:27.403549,0 days 00:00:04.761907,2,125,185.0,,,,,,,,,,,,,,,,,,,3,6.0,,,,,,,,,,,,,,,,,,,COMPLETE
687,687,0.0,2025-01-01 09:21:27.404062,2025-01-01 09:21:30.730127,0 days 00:00:03.326065,3,175,165.0,,,,,,,,,,,30.0,,,,,,,,3,6.0,,,,,,,,,,,6.0,,,,,,,,COMPLETE
688,688,0.8687448728465956,2025-01-01 09:21:30.730665,2025-01-01 09:21:35.867918,0 days 00:00:05.137253,2,140,200.0,,,,,,,,,,,,,,,,,,,3,6.0,,,,,,,,,,,,,,,,,,,COMPLETE
689,689,0.92,2025-01-01 09:21:35.868441,2025-01-01 09:21:41.365169,0 days 00:00:05.496728,2,160,145.0,,,,,,,,,,,,,,,,,,,3,6.0,,,,,,,,,,,,,,,,,,,COMPLETE
690,690,0.8042553191489361,2025-01-01 09:21:41.365701,2025-01-01 09:21:43.868175,0 days 00:00:02.502474,1,160,,,,,,,,,,,,,,,,,,,,3,,,,,,,,,,,,,,,,,,,,COMPLETE
691,691,0.8367346938775511,2025-01-01 09:21:43.868686,2025-01-01 09:21:49.004872,0 days 00:00:05.136186,2,160,150.0,,,,,,,,,,,,,,,,,,,3,6.0,,,,,,,,,,,,,,,,,,,COMPLETE
692,692,0.8366666666666667,2025-01-01 09:21:49.005590,2025-01-01 09:21:51.486804,0 days 00:00:02.481214,1,170,,,,,,,,,,,,,,,,,,,,3,,,,,,,,,,,,,,,,,,,,COMPLETE
693,693,0.86615515771526,2025-01-01 09:21:51.487277,2025-01-01 09:21:56.322572,0 days 00:00:04.835295,2,155,100.0,,,,,,,,,,,,,,,,,,,3,6.0,,,,,,,,,,,,,,,,,,,COMPLETE
694,694,0.84,2025-01-01 09:21:56.323094,2025-01-01 09:22:01.465357,0 days 00:00:05.142263,2,155,165.0,,,,,,,,,,,,,,,,,,,3,6.0,,,,,,,,,,,,,,,,,,,COMPLETE
695,695,0.8999599839935974,2025-01-01 09:22:01.465890,2025-01-01 09:22:06.602981,0 days 00:00:05.137091,2,150,145.0,,,,,,,,,,,,,,,,,,,3,6.0,,,,,,,,,,,,,,,,,,,COMPLETE
696,696,0.8486088379705401,2025-01-01 09:22:06.603505,2025-01-01 09:22:09.211946,0 days 00:00:02.608441,1,150,,,,,,,,,,,,,,,,,,,,3,,,,,,,,,,,,,,,,,,,,COMPLETE
697,697,0.8685714285714285,2025-01-01 09:22:09.212440,2025-01-01 09:22:14.363087,0 days 00:00:05.150647,2,165,175.0,,,,,,,,,,,,,,,,,,,3,6.0,,,,,,,,,,,,,,,,,,,COMPLETE
698,698,0.8688725490196079,2025-01-01 09:22:14.363602,2025-01-01 09:22:19.510983,0 days 00:00:05.147381,2,160,165.0,,,,,,,,,,,,,,,,,,,3,6.0,,,,,,,,,,,,,,,,,,,COMPLETE
699,699,0.0,2025-01-01 09:22:19.511517,2025-01-01 09:22:23.155625,0 days 00:00:03.644108,5,165,180.0,,,,,,,,,,,50.0,170.0,45.0,,,,,,3,6.0,,,,,,,,,,,5.0,3.0,5.0,,,,,,COMPLETE
700,700,0.8081014729950899,2025-01-01 09:22:23.156232,2025-01-01 09:22:25.780666,0 days 00:00:02.624434,1,145,,,,,,,,,,,,,,,,,,,,3,,,,,,,,,,,,,,,,,,,,COMPLETE
701,701,0.8150943396226416,2025-01-01 09:22:25.781161,2025-01-01 09:22:31.278888,0 days 00:00:05.497727,2,155,175.0,,,,,,,,,,,,,,,,,,,3,6.0,,,,,,,,,,,,,,,,,,,COMPLETE
702,702,0.9198717948717949,2025-01-01 09:22:31.279413,2025-01-01 09:22:36.427030,0 days 00:00:05.147617,2,180,155.0,,,,,,,,,,,,,,,,,,,3,6.0,,,,,,,,,,,,,,,,,,,COMPLETE
703,703,0.8397435897435898,2025-01-01 09:22:36.427556,2025-01-01 09:22:39.055456,0 days 00:00:02.627900,1,180,,,,,,,,,,,,,,,,,,,,3,,,,,,,,,,,,,,,,,,,,COMPLETE
704,704,0.8775,2025-01-01 09:22:39.055943,2025-01-01 09:22:44.247914,0 days 00:00:05.191971,2,190,155.0,,,,,,,,,,,,,,,,,,,3,6.0,,,,,,,,,,,,,,,,,,,COMPLETE
705,705,0.8193496587715776,2025-01-01 09:22:44.248448,2025-01-01 09:22:46.765270,0 days 00:00:02.516822,1,190,,,,,,,,,,,,,,,,,,,,3,,,,,,,,,,,,,,,,,,,,COMPLETE
706,706,0.8798076923076923,2025-01-01 09:22:46.765755,2025-01-01 09:22:51.932039,0 days 00:00:05.166284,2,170,155.0,,,,,,,,,,,,,,,,,,,3,6.0,,,,,,,,,,,,,,,,,,,COMPLETE
707,707,0.9183333333333333,2025-01-01 09:22:51.932572,2025-01-01 09:22:57.090041,0 days 00:00:05.157469,2,155,150.0,,,,,,,,,,,,,,,,,,,3,6.0,,,,,,,,,,,,,,,,,,,COMPLETE
708,708,0.88,2025-01-01 09:22:57.090763,2025-01-01 09:23:02.583221,0 days 00:00:05.492458,2,185,145.0,,,,,,,,,,,,,,,,,,,3,6.0,,,,,,,,,,,,,,,,,,,COMPLETE
709,709,0.8397435897435898,2025-01-01 09:23:02.583738,2025-01-01 09:23:05.039337,0 days 00:00:02.455599,1,160,,,,,,,,,,,,,,,,,,,,3,,,,,,,,,,,,,,,,,,,,COMPLETE
710,710,0.8884803921568627,2025-01-01 09:23:05.039828,2025-01-01 09:23:10.178917,0 days 00:00:05.139089,2,180,155.0,,,,,,,,,,,,,,,,,,,3,6.0,,,,,,,,,,,,,,,,,,,COMPLETE
711,711,0.825925925925926,2025-01-01 09:23:10.179438,2025-01-01 09:23:15.594404,0 days 00:00:05.414966,2,185,150.0,,,,,,,,,,,,,,,,,,,2,6.0,,,,,,,,,,,,,,,,,,,COMPLETE
712,712,0.8389694041867954,2025-01-01 09:23:15.594951,2025-01-01 09:23:18.216148,0 days 00:00:02.621197,1,185,,,,,,,,,,,,,,,,,,,,3,,,,,,,,,,,,,,,,,,,,COMPLETE
713,713,0.9183333333333333,2025-01-01 09:23:18.216642,2025-01-01 09:23:23.356589,0 days 00:00:05.139947,2,195,145.0,,,,,,,,,,,,,,,,,,,3,6.0,,,,,,,,,,,,,,,,,,,COMPLETE
714,714,0.8397435897435898,2025-01-01 09:23:23.357114,2025-01-01 09:23:28.491350,0 days 00:00:05.134236,2,195,150.0,,,,,,,,,,,,,,,,,,,3,6.0,,,,,,,,,,,,,,,,,,,COMPLETE
715,715,0.8599439775910365,2025-01-01 09:23:28.491907,2025-01-01 09:23:33.628622,0 days 00:00:05.136715,2,195,140.0,,,,,,,,,,,,,,,,,,,3,6.0,,,,,,,,,,,,,,,,,,,COMPLETE
716,716,0.8193496587715776,2025-01-01 09:23:33.629155,2025-01-01 09:23:39.132725,0 days 00:00:05.503570,2,200,150.0,,,,,,,,,,,,,,,,,,,3,6.0,,,,,,,,,,,,,,,,,,,COMPLETE
717,717,0.7916012558869702,2025-01-01 09:23:39.133245,2025-01-01 09:23:41.759060,0 days 00:00:02.625815,1,200,,,,,,,,,,,,,,,,,,,,3,,,,,,,,,,,,,,,,,,,,COMPLETE
718,718,0.8485714285714285,2025-01-01 09:23:41.759551,2025-01-01 09:23:46.545811,0 days 00:00:04.786260,2,185,140.0,,,,,,,,,,,,,,,,,,,3,6.0,,,,,,,,,,,,,,,,,,,COMPLETE
719,719,0.8889795918367347,2025-01-01 09:23:46.546339,2025-01-01 09:23:51.687814,0 days 00:00:05.141475,2,195,150.0,,,,,,,,,,,,,,,,,,,3,6.0,,,,,,,,,,,,,,,,,,,COMPLETE
720,720,0.8158333333333333,2025-01-01 09:23:51.688337,2025-01-01 09:23:56.813616,0 days 00:00:05.125279,2,185,150.0,,,,,,,,,,,,,,,,,,,3,6.0,,,,,,,,,,,,,,,,,,,COMPLETE
721,721,0.8361204013377926,2025-01-01 09:23:56.814135,2025-01-01 09:23:59.461720,0 days 00:00:02.647585,1,200,,,,,,,,,,,,,,,,,,,,3,,,,,,,,,,,,,,,,,,,,COMPLETE
722,722,0.8876127973748975,2025-01-01 09:23:59.462208,2025-01-01 09:24:04.674965,0 days 00:00:05.212757,2,115,155.0,,,,,,,,,,,,,,,,,,,3,6.0,,,,,,,,,,,,,,,,,,,COMPLETE
723,723,0.9198717948717949,2025-01-01 09:24:04.675701,2025-01-01 09:24:09.818009,0 days 00:00:05.142308,3,195,145.0,,,,,,,,,,,55.0,,,,,,,,3,6.0,,,,,,,,,,,3.0,,,,,,,,COMPLETE
724,724,0.8999599839935974,2025-01-01 09:24:09.818561,2025-01-01 09:24:16.364955,0 days 00:00:06.546394,3,195,155.0,,,,,,,,,,,55.0,,,,,,,,3,6.0,,,,,,,,,,,3.0,,,,,,,,COMPLETE
