,number,value,datetime_start,datetime_complete,duration,params_depth,params_neurons_layer_0,params_neurons_layer_1,params_neurons_layer_10,params_neurons_layer_11,params_neurons_layer_12,params_neurons_layer_13,params_neurons_layer_14,params_neurons_layer_15,params_neurons_layer_16,params_neurons_layer_17,params_neurons_layer_18,params_neurons_layer_19,params_neurons_layer_2,params_neurons_layer_3,params_neurons_layer_4,params_neurons_layer_5,params_neurons_layer_6,params_neurons_layer_7,params_neurons_layer_8,params_neurons_layer_9,params_orders_layer_0,params_orders_layer_1,params_orders_layer_10,params_orders_layer_11,params_orders_layer_12,params_orders_layer_13,params_orders_layer_14,params_orders_layer_15,params_orders_layer_16,params_orders_layer_17,params_orders_layer_18,params_orders_layer_19,params_orders_layer_2,params_orders_layer_3,params_orders_layer_4,params_orders_layer_5,params_orders_layer_6,params_orders_layer_7,params_orders_layer_8,params_orders_layer_9,state
848,848,0.0,2025-01-01 23:00:35.764149,2025-01-01 23:00:42.574874,0 days 00:00:06.810725,10,110,100.0,,,,,,,,,,,155.0,130.0,50.0,85.0,20.0,60.0,150.0,195.0,6,4.0,,,,,,,,,,,4.0,4.0,4.0,4.0,5.0,4.0,5.0,5.0,COMPLETE
849,849,0.9380904558341258,2025-01-01 23:00:42.575590,2025-01-01 23:00:49.092267,0 days 00:00:06.516677,1,155,,,,,,,,,,,,,,,,,,,,6,,,,,,,,,,,,,,,,,,,,COMPLETE
850,850,0.942454951194809,2025-01-01 23:00:49.092830,2025-01-01 23:01:01.095083,0 days 00:00:12.002253,3,150,95.0,,,,,,,,,,,170.0,,,,,,,,6,6.0,,,,,,,,,,,4.0,,,,,,,,COMPLETE
851,851,0.9549248747913188,2025-01-01 23:01:01.095690,2025-01-01 23:01:05.130556,0 days 00:00:04.034866,2,125,90.0,,,,,,,,,,,,,,,,,,,6,4.0,,,,,,,,,,,,,,,,,,,COMPLETE
852,852,0.953228065844063,2025-01-01 23:01:05.131099,2025-01-01 23:01:11.552246,0 days 00:00:06.421147,1,145,,,,,,,,,,,,,,,,,,,,6,,,,,,,,,,,,,,,,,,,,COMPLETE
853,853,0.9482447705450339,2025-01-01 23:01:11.552989,2025-01-01 23:01:21.684155,0 days 00:00:10.131166,3,160,85.0,,,,,,,,,,,175.0,,,,,,,,6,4.0,,,,,,,,,,,5.0,,,,,,,,COMPLETE
854,854,0.9516654583031243,2025-01-01 23:01:21.684737,2025-01-01 23:01:26.317386,0 days 00:00:04.632649,2,145,95.0,,,,,,,,,,,,,,,,,,,6,4.0,,,,,,,,,,,,,,,,,,,COMPLETE
855,855,0.9533333333333334,2025-01-01 23:01:26.318020,2025-01-01 23:01:30.779105,0 days 00:00:04.461085,2,125,85.0,,,,,,,,,,,,,,,,,,,6,4.0,,,,,,,,,,,,,,,,,,,COMPLETE
856,856,0.9524596549805231,2025-01-01 23:01:30.779678,2025-01-01 23:01:35.820868,0 days 00:00:05.041190,2,135,85.0,,,,,,,,,,,,,,,,,,,6,4.0,,,,,,,,,,,,,,,,,,,COMPLETE
857,857,0.9447795877447658,2025-01-01 23:01:35.821449,2025-01-01 23:01:42.295403,0 days 00:00:06.473954,1,150,,,,,,,,,,,,,,,,,,,,6,,,,,,,,,,,,,,,,,,,,COMPLETE
858,858,0.0,2025-01-01 23:01:42.295942,2025-01-01 23:01:52.379993,0 days 00:00:10.084051,17,140,80.0,40.0,70.0,25.0,160.0,25.0,140.0,30.0,,,,150.0,185.0,160.0,135.0,50.0,95.0,85.0,30.0,6,4.0,3.0,5.0,6.0,4.0,6.0,3.0,6.0,,,,4.0,2.0,3.0,3.0,2.0,4.0,5.0,2.0,COMPLETE
859,859,0.9533238330958274,2025-01-01 23:01:52.380832,2025-01-01 23:01:59.908420,0 days 00:00:07.527588,3,120,180.0,,,,,,,,,,,190.0,,,,,,,,6,4.0,,,,,,,,,,,4.0,,,,,,,,COMPLETE
860,860,0.9574652198107958,2025-01-01 23:01:59.909031,2025-01-01 23:02:04.368023,0 days 00:00:04.458992,2,110,85.0,,,,,,,,,,,,,,,,,,,6,4.0,,,,,,,,,,,,,,,,,,,COMPLETE
861,861,0.9465762893264064,2025-01-01 23:02:04.368591,2025-01-01 23:02:16.736002,0 days 00:00:12.367411,3,150,90.0,,,,,,,,,,,115.0,,,,,,,,4,4.0,,,,,,,,,,,6.0,,,,,,,,COMPLETE
862,862,0.9458556360993073,2025-01-01 23:02:16.736791,2025-01-01 23:02:23.191293,0 days 00:00:06.454502,1,120,,,,,,,,,,,,,,,,,,,,6,,,,,,,,,,,,,,,,,,,,COMPLETE
863,863,0.9641882522602474,2025-01-01 23:02:23.191848,2025-01-01 23:02:28.550793,0 days 00:00:05.358945,2,130,90.0,,,,,,,,,,,,,,,,,,,6,4.0,,,,,,,,,,,,,,,,,,,COMPLETE
864,864,0.9547573996486012,2025-01-01 23:02:28.551355,2025-01-01 23:02:34.584013,0 days 00:00:06.032658,1,130,,,,,,,,,,,,,,,,,,,,5,,,,,,,,,,,,,,,,,,,,COMPLETE
865,865,0.9591360869032911,2025-01-01 23:02:34.584614,2025-01-01 23:02:39.535822,0 days 00:00:04.951208,2,130,105.0,,,,,,,,,,,,,,,,,,,6,4.0,,,,,,,,,,,,,,,,,,,COMPLETE
866,866,0.9540452261306533,2025-01-01 23:02:39.536388,2025-01-01 23:02:44.255140,0 days 00:00:04.718752,2,125,90.0,,,,,,,,,,,,,,,,,,,6,4.0,,,,,,,,,,,,,,,,,,,COMPLETE
867,867,0.9516665324070345,2025-01-01 23:02:44.255728,2025-01-01 23:02:49.764027,0 days 00:00:05.508299,2,130,100.0,,,,,,,,,,,,,,,,,,,6,4.0,,,,,,,,,,,,,,,,,,,COMPLETE
868,868,0.949417119700926,2025-01-01 23:02:49.764609,2025-01-01 23:02:56.212101,0 days 00:00:06.447492,1,130,,,,,,,,,,,,,,,,,,,,6,,,,,,,,,,,,,,,,,,,,COMPLETE
869,869,0.9557205152400042,2025-01-01 23:02:56.212657,2025-01-01 23:03:00.848887,0 days 00:00:04.636230,2,125,95.0,,,,,,,,,,,,,,,,,,,6,4.0,,,,,,,,,,,,,,,,,,,COMPLETE
870,870,0.9515686668004548,2025-01-01 23:03:00.849459,2025-01-01 23:03:05.778632,0 days 00:00:04.929173,2,135,90.0,,,,,,,,,,,,,,,,,,,6,4.0,,,,,,,,,,,,,,,,,,,COMPLETE
871,871,0.9448573788196429,2025-01-01 23:03:05.779199,2025-01-01 23:03:11.653169,0 days 00:00:05.873970,1,130,,,,,,,,,,,,,,,,,,,,6,,,,,,,,,,,,,,,,,,,,COMPLETE
872,872,0.9574685967753604,2025-01-01 23:03:11.653731,2025-01-01 23:03:16.074372,0 days 00:00:04.420641,2,125,95.0,,,,,,,,,,,,,,,,,,,6,4.0,,,,,,,,,,,,,,,,,,,COMPLETE
873,873,0.9632214765100671,2025-01-01 23:03:16.074956,2025-01-01 23:03:20.433869,0 days 00:00:04.358913,2,135,85.0,,,,,,,,,,,,,,,,,,,6,4.0,,,,,,,,,,,,,,,,,,,COMPLETE
874,874,0.9502991452991454,2025-01-01 23:03:20.434632,2025-01-01 23:03:26.807594,0 days 00:00:06.372962,1,115,,,,,,,,,,,,,,,,,,,,6,,,,,,,,,,,,,,,,,,,,COMPLETE
875,875,0.9607266696818935,2025-01-01 23:03:26.808139,2025-01-01 23:03:31.553936,0 days 00:00:04.745797,2,135,90.0,,,,,,,,,,,,,,,,,,,6,4.0,,,,,,,,,,,,,,,,,,,COMPLETE
876,876,0.9633329259213992,2025-01-01 23:03:31.554579,2025-01-01 23:03:35.862690,0 days 00:00:04.308111,2,120,80.0,,,,,,,,,,,,,,,,,,,6,4.0,,,,,,,,,,,,,,,,,,,COMPLETE
877,877,0.9565084398546353,2025-01-01 23:03:35.863261,2025-01-01 23:03:42.258914,0 days 00:00:06.395653,1,125,,,,,,,,,,,,,,,,,,,,6,,,,,,,,,,,,,,,,,,,,COMPLETE
878,878,0.9624723140449876,2025-01-01 23:03:42.259493,2025-01-01 23:03:46.447159,0 days 00:00:04.187666,2,140,95.0,,,,,,,,,,,,,,,,,,,6,4.0,,,,,,,,,,,,,,,,,,,COMPLETE
879,879,0.9412920858289237,2025-01-01 23:03:46.447735,2025-01-01 23:03:52.835669,0 days 00:00:06.387934,1,120,,,,,,,,,,,,,,,,,,,,6,,,,,,,,,,,,,,,,,,,,COMPLETE
880,880,0.949036850921273,2025-01-01 23:03:52.836225,2025-01-01 23:03:57.290887,0 days 00:00:04.454662,2,135,80.0,,,,,,,,,,,,,,,,,,,6,4.0,,,,,,,,,,,,,,,,,,,COMPLETE
881,881,0.9448160535117057,2025-01-01 23:03:57.291466,2025-01-01 23:04:01.725365,0 days 00:00:04.433899,2,130,90.0,,,,,,,,,,,,,,,,,,,6,4.0,,,,,,,,,,,,,,,,,,,COMPLETE
882,882,0.9428658945710202,2025-01-01 23:04:01.725946,2025-01-01 23:04:08.029975,0 days 00:00:06.304029,1,115,,,,,,,,,,,,,,,,,,,,6,,,,,,,,,,,,,,,,,,,,COMPLETE
883,883,0.9549219620958751,2025-01-01 23:04:08.030541,2025-01-01 23:04:12.164882,0 days 00:00:04.134341,2,95,80.0,,,,,,,,,,,,,,,,,,,6,4.0,,,,,,,,,,,,,,,,,,,COMPLETE
884,884,0.9473640129984702,2025-01-01 23:04:12.165447,2025-01-01 23:04:17.219795,0 days 00:00:05.054348,2,140,85.0,,,,,,,,,,,,,,,,,,,4,4.0,,,,,,,,,,,,,,,,,,,COMPLETE
885,885,0.9467435763580144,2025-01-01 23:04:17.220369,2025-01-01 23:04:23.546839,0 days 00:00:06.326470,1,125,,,,,,,,,,,,,,,,,,,,6,,,,,,,,,,,,,,,,,,,,COMPLETE
886,886,0.9616100693437981,2025-01-01 23:04:23.547587,2025-01-01 23:04:27.832267,0 days 00:00:04.284680,2,110,85.0,,,,,,,,,,,,,,,,,,,6,4.0,,,,,,,,,,,,,,,,,,,COMPLETE
887,887,0.9683311341065352,2025-01-01 23:04:27.832861,2025-01-01 23:04:32.322807,0 days 00:00:04.489946,2,130,90.0,,,,,,,,,,,,,,,,,,,6,4.0,,,,,,,,,,,,,,,,,,,COMPLETE
888,888,0.9566739168479212,2025-01-01 23:04:32.323428,2025-01-01 23:04:36.785907,0 days 00:00:04.462479,2,120,100.0,,,,,,,,,,,,,,,,,,,6,4.0,,,,,,,,,,,,,,,,,,,COMPLETE
889,889,0.9574622006800261,2025-01-01 23:04:36.786489,2025-01-01 23:04:45.794737,0 days 00:00:09.008248,3,140,75.0,,,,,,,,,,,130.0,,,,,,,,6,4.0,,,,,,,,,,,5.0,,,,,,,,COMPLETE
890,890,0.9484478713089972,2025-01-01 23:04:45.795349,2025-01-01 23:04:52.226291,0 days 00:00:06.430942,1,135,,,,,,,,,,,,,,,,,,,,6,,,,,,,,,,,,,,,,,,,,COMPLETE
891,891,0.9433327036967077,2025-01-01 23:04:52.226858,2025-01-01 23:05:01.179337,0 days 00:00:08.952479,3,125,95.0,,,,,,,,,,,180.0,,,,,,,,6,4.0,,,,,,,,,,,6.0,,,,,,,,COMPLETE
892,892,0.9633317036312725,2025-01-01 23:05:01.179950,2025-01-01 23:05:05.705243,0 days 00:00:04.525293,2,140,85.0,,,,,,,,,,,,,,,,,,,6,4.0,,,,,,,,,,,,,,,,,,,COMPLETE
893,893,0.9632816310603843,2025-01-01 23:05:05.705838,2025-01-01 23:05:10.379684,0 days 00:00:04.673846,2,120,90.0,,,,,,,,,,,,,,,,,,,6,4.0,,,,,,,,,,,,,,,,,,,COMPLETE
894,894,0.9616139318126073,2025-01-01 23:05:10.380270,2025-01-01 23:05:15.041127,0 days 00:00:04.660857,2,115,80.0,,,,,,,,,,,,,,,,,,,6,4.0,,,,,,,,,,,,,,,,,,,COMPLETE
895,895,0.9439931965705162,2025-01-01 23:05:15.041713,2025-01-01 23:05:21.671371,0 days 00:00:06.629658,1,165,,,,,,,,,,,,,,,,,,,,6,,,,,,,,,,,,,,,,,,,,COMPLETE
896,896,0.0,2025-01-01 23:05:21.672121,2025-01-01 23:05:28.579578,0 days 00:00:06.907457,7,130,95.0,,,,,,,,,,,185.0,65.0,25.0,10.0,135.0,,,,5,4.0,,,,,,,,,,,5.0,3.0,5.0,5.0,6.0,,,,COMPLETE
897,897,0.9675189971712241,2025-01-01 23:05:28.580280,2025-01-01 23:05:32.931082,0 days 00:00:04.350802,2,105,90.0,,,,,,,,,,,,,,,,,,,6,4.0,,,,,,,,,,,,,,,,,,,COMPLETE
898,898,0.9499215433796827,2025-01-01 23:05:32.931659,2025-01-01 23:05:40.922294,0 days 00:00:07.990635,3,105,100.0,,,,,,,,,,,125.0,,,,,,,,6,4.0,,,,,,,,,,,5.0,,,,,,,,COMPLETE
899,899,0.9532554257095158,2025-01-01 23:05:40.922956,2025-01-01 23:05:45.137958,0 days 00:00:04.215002,2,100,40.0,,,,,,,,,,,,,,,,,,,6,4.0,,,,,,,,,,,,,,,,,,,COMPLETE
900,900,0.9548545861297539,2025-01-01 23:05:45.138517,2025-01-01 23:05:48.900995,0 days 00:00:03.762478,2,95,95.0,,,,,,,,,,,,,,,,,,,6,4.0,,,,,,,,,,,,,,,,,,,COMPLETE
901,901,0.9428658945710202,2025-01-01 23:05:48.901593,2025-01-01 23:05:55.307913,0 days 00:00:06.406320,1,105,,,,,,,,,,,,,,,,,,,,6,,,,,,,,,,,,,,,,,,,,COMPLETE
902,902,0.9524621728557199,2025-01-01 23:05:55.308467,2025-01-01 23:06:04.433854,0 days 00:00:09.125387,3,105,90.0,,,,,,,,,,,145.0,,,,,,,,6,4.0,,,,,,,,,,,6.0,,,,,,,,COMPLETE
903,903,0.9633168970067366,2025-01-01 23:06:04.434452,2025-01-01 23:06:08.982770,0 days 00:00:04.548318,2,100,90.0,,,,,,,,,,,,,,,,,,,6,4.0,,,,,,,,,,,,,,,,,,,COMPLETE
904,904,0.9716394025604552,2025-01-01 23:06:08.983325,2025-01-01 23:06:13.498595,0 days 00:00:04.515270,2,100,95.0,,,,,,,,,,,,,,,,,,,6,4.0,,,,,,,,,,,,,,,,,,,COMPLETE
905,905,0.9566572497645774,2025-01-01 23:06:13.499157,2025-01-01 23:06:20.773636,0 days 00:00:07.274479,3,95,100.0,,,,,,,,,,,155.0,,,,,,,,6,4.0,,,,,,,,,,,5.0,,,,,,,,COMPLETE
906,906,0.941259245476113,2025-01-01 23:06:20.774206,2025-01-01 23:06:27.176237,0 days 00:00:06.402031,1,110,,,,,,,,,,,,,,,,,,,,6,,,,,,,,,,,,,,,,,,,,COMPLETE
907,907,0.9499163879598662,2025-01-01 23:06:27.177005,2025-01-01 23:06:31.188026,0 days 00:00:04.011021,2,105,100.0,,,,,,,,,,,,,,,,,,,6,4.0,,,,,,,,,,,,,,,,,,,COMPLETE
908,908,0.959933110367893,2025-01-01 23:06:31.188613,2025-01-01 23:06:35.049420,0 days 00:00:03.860807,2,100,95.0,,,,,,,,,,,,,,,,,,,6,4.0,,,,,,,,,,,,,,,,,,,COMPLETE
909,909,0.9410573151454833,2025-01-01 23:06:35.050001,2025-01-01 23:06:41.456907,0 days 00:00:06.406906,1,105,,,,,,,,,,,,,,,,,,,,6,,,,,,,,,,,,,,,,,,,,COMPLETE
910,910,0.949997777679008,2025-01-01 23:06:41.457510,2025-01-01 23:06:45.584094,0 days 00:00:04.126584,2,85,105.0,,,,,,,,,,,,,,,,,,,4,4.0,,,,,,,,,,,,,,,,,,,COMPLETE
911,911,0.9456756620935726,2025-01-01 23:06:45.584683,2025-01-01 23:06:55.261421,0 days 00:00:09.676738,3,100,95.0,,,,,,,,,,,135.0,,,,,,,,6,4.0,,,,,,,,,,,6.0,,,,,,,,COMPLETE
912,912,0.0,2025-01-01 23:06:55.262027,2025-01-01 23:07:02.689427,0 days 00:00:07.427400,12,100,105.0,65.0,170.0,,,,,,,,,165.0,20.0,85.0,115.0,180.0,35.0,105.0,135.0,6,4.0,2.0,2.0,,,,,,,,,4.0,5.0,4.0,2.0,4.0,3.0,2.0,6.0,COMPLETE
913,913,0.946485899974272,2025-01-01 23:07:02.690224,2025-01-01 23:07:06.970095,0 days 00:00:04.279871,2,100,190.0,,,,,,,,,,,,,,,,,,,6,4.0,,,,,,,,,,,,,,,,,,,COMPLETE
914,914,0.9583332175922711,2025-01-01 23:07:06.970665,2025-01-01 23:07:13.973401,0 days 00:00:07.002736,3,95,95.0,,,,,,,,,,,140.0,,,,,,,,6,4.0,,,,,,,,,,,5.0,,,,,,,,COMPLETE
915,915,0.9456766982540179,2025-01-01 23:07:13.973988,2025-01-01 23:07:19.766696,0 days 00:00:05.792708,1,105,,,,,,,,,,,,,,,,,,,,5,,,,,,,,,,,,,,,,,,,,COMPLETE
916,916,0.9581991051454138,2025-01-01 23:07:19.767242,2025-01-01 23:07:24.051475,0 days 00:00:04.284233,2,100,85.0,,,,,,,,,,,,,,,,,,,6,4.0,,,,,,,,,,,,,,,,,,,COMPLETE
917,917,0.9482441471571906,2025-01-01 23:07:24.052070,2025-01-01 23:07:28.295207,0 days 00:00:04.243137,2,110,90.0,,,,,,,,,,,,,,,,,,,6,4.0,,,,,,,,,,,,,,,,,,,COMPLETE
918,918,0.9524560788438317,2025-01-01 23:07:28.295765,2025-01-01 23:07:32.933566,0 days 00:00:04.637801,2,90,95.0,,,,,,,,,,,,,,,,,,,6,4.0,,,,,,,,,,,,,,,,,,,COMPLETE
919,919,0.9456908344733241,2025-01-01 23:07:32.934323,2025-01-01 23:07:41.792176,0 days 00:00:08.857853,3,110,195.0,,,,,,,,,,,135.0,,,,,,,,6,4.0,,,,,,,,,,,4.0,,,,,,,,COMPLETE
920,920,0.9392351524408153,2025-01-01 23:07:41.792809,2025-01-01 23:07:48.204062,0 days 00:00:06.411253,1,100,,,,,,,,,,,,,,,,,,,,6,,,,,,,,,,,,,,,,,,,,COMPLETE
921,921,0.0,2025-01-01 23:07:48.204681,2025-01-01 23:08:00.112028,0 days 00:00:11.907347,14,105,180.0,145.0,110.0,110.0,180.0,,,,,,,195.0,50.0,100.0,145.0,105.0,200.0,190.0,50.0,6,4.0,4.0,6.0,2.0,4.0,,,,,,,6.0,3.0,2.0,5.0,6.0,2.0,4.0,4.0,COMPLETE
922,922,0.0,2025-01-01 23:08:00.112872,2025-01-01 23:08:07.884612,0 days 00:00:07.771740,6,90,85.0,,,,,,,,,,,105.0,85.0,130.0,125.0,,,,,6,4.0,,,,,,,,,,,5.0,6.0,3.0,6.0,,,,,COMPLETE
923,923,0.959128421732138,2025-01-01 23:08:07.885308,2025-01-01 23:08:12.276829,0 days 00:00:04.391521,2,110,90.0,,,,,,,,,,,,,,,,,,,6,4.0,,,,,,,,,,,,,,,,,,,COMPLETE
924,924,0.0,2025-01-01 23:08:12.277419,2025-01-01 23:08:19.596870,0 days 00:00:07.319451,9,95,100.0,,,,,,,,,,,150.0,140.0,155.0,45.0,75.0,180.0,170.0,,6,4.0,,,,,,,,,,,4.0,5.0,5.0,4.0,3.0,5.0,3.0,,COMPLETE
925,925,0.9640336134453782,2025-01-01 23:08:19.597624,2025-01-01 23:08:23.907291,0 days 00:00:04.309667,2,95,85.0,,,,,,,,,,,,,,,,,,,6,4.0,,,,,,,,,,,,,,,,,,,COMPLETE
926,926,0.9458556360993073,2025-01-01 23:08:23.907890,2025-01-01 23:08:30.324845,0 days 00:00:06.416955,1,115,,,,,,,,,,,,,,,,,,,,6,,,,,,,,,,,,,,,,,,,,COMPLETE
927,927,0.9524621728557199,2025-01-01 23:08:30.325407,2025-01-01 23:08:41.722169,0 days 00:00:11.396762,3,105,85.0,,,,,,,,,,,110.0,,,,,,,,6,4.0,,,,,,,,,,,5.0,,,,,,,,COMPLETE
928,928,0.9566647406551403,2025-01-01 23:08:41.722983,2025-01-01 23:08:45.591674,0 days 00:00:03.868691,2,110,5.0,,,,,,,,,,,,,,,,,,,6,4.0,,,,,,,,,,,,,,,,,,,COMPLETE
929,929,0.9557998597615947,2025-01-01 23:08:45.592264,2025-01-01 23:08:49.882787,0 days 00:00:04.290523,2,115,90.0,,,,,,,,,,,,,,,,,,,6,4.0,,,,,,,,,,,,,,,,,,,COMPLETE
930,930,0.9473409423405514,2025-01-01 23:08:49.883374,2025-01-01 23:08:56.438644,0 days 00:00:06.555270,3,100,100.0,,,,,,,,,,,200.0,,,,,,,,6,4.0,,,,,,,,,,,4.0,,,,,,,,COMPLETE
931,931,0.0,2025-01-01 23:08:56.439317,2025-01-01 23:09:12.201379,0 days 00:00:15.762062,20,125,80.0,110.0,50.0,180.0,115.0,155.0,175.0,140.0,45.0,10.0,185.0,160.0,75.0,65.0,95.0,90.0,110.0,10.0,10.0,6,5.0,6.0,4.0,5.0,5.0,3.0,5.0,5.0,5.0,3.0,2.0,5.0,2.0,6.0,2.0,2.0,4.0,6.0,3.0,COMPLETE
932,932,0.9438794464567661,2025-01-01 23:09:12.202430,2025-01-01 23:09:18.627309,0 days 00:00:06.424879,1,115,,,,,,,,,,,,,,,,,,,,6,,,,,,,,,,,,,,,,,,,,COMPLETE
933,933,0.9557957707289928,2025-01-01 23:09:18.627898,2025-01-01 23:09:23.132575,0 days 00:00:04.504677,2,135,65.0,,,,,,,,,,,,,,,,,,,6,4.0,,,,,,,,,,,,,,,,,,,COMPLETE
934,934,0.0,2025-01-01 23:09:23.133160,2025-01-01 23:09:32.978758,0 days 00:00:09.845598,11,120,200.0,90.0,,,,,,,,,,115.0,150.0,200.0,180.0,160.0,155.0,130.0,90.0,6,4.0,3.0,,,,,,,,,,2.0,4.0,2.0,3.0,6.0,6.0,4.0,2.0,COMPLETE
935,935,0.9574672921640317,2025-01-01 23:09:32.979572,2025-01-01 23:09:44.483274,0 days 00:00:11.503702,3,125,175.0,,,,,,,,,,,100.0,,,,,,,,6,4.0,,,,,,,,,,,6.0,,,,,,,,COMPLETE
936,936,0.9582664437012263,2025-01-01 23:09:44.483897,2025-01-01 23:09:48.372653,0 days 00:00:03.888756,2,90,85.0,,,,,,,,,,,,,,,,,,,6,4.0,,,,,,,,,,,,,,,,,,,COMPLETE
937,937,0.9520544055427776,2025-01-01 23:09:48.373431,2025-01-01 23:09:54.721354,0 days 00:00:06.347923,1,130,,,,,,,,,,,,,,,,,,,,6,,,,,,,,,,,,,,,,,,,,COMPLETE
938,938,0.9533328148090534,2025-01-01 23:09:54.721954,2025-01-01 23:09:59.053519,0 days 00:00:04.331565,2,105,95.0,,,,,,,,,,,,,,,,,,,5,4.0,,,,,,,,,,,,,,,,,,,COMPLETE
939,939,0.9533328148090534,2025-01-01 23:09:59.054153,2025-01-01 23:10:05.974517,0 days 00:00:06.920364,3,115,75.0,,,,,,,,,,,125.0,,,,,,,,6,4.0,,,,,,,,,,,4.0,,,,,,,,COMPLETE
940,940,0.0,2025-01-01 23:10:05.975136,2025-01-01 23:10:10.112295,0 days 00:00:04.137159,5,135,90.0,,,,,,,,,,,140.0,95.0,30.0,,,,,,6,4.0,,,,,,,,,,,2.0,3.0,4.0,,,,,,COMPLETE
941,941,0.9549998749996528,2025-01-01 23:10:10.112965,2025-01-01 23:10:14.501518,0 days 00:00:04.388553,2,120,85.0,,,,,,,,,,,,,,,,,,,6,4.0,,,,,,,,,,,,,,,,,,,COMPLETE
942,942,0.9286909186266266,2025-01-01 23:10:14.502123,2025-01-01 23:10:20.970909,0 days 00:00:06.468786,1,130,,,,,,,,,,,,,,,,,,,,6,,,,,,,,,,,,,,,,,,,,COMPLETE
943,943,0.9541291040623261,2025-01-01 23:10:20.971488,2025-01-01 23:10:25.212887,0 days 00:00:04.241399,2,110,90.0,,,,,,,,,,,,,,,,,,,6,4.0,,,,,,,,,,,,,,,,,,,COMPLETE
944,944,0.9566637685104681,2025-01-01 23:10:25.213470,2025-01-01 23:10:30.091093,0 days 00:00:04.877623,2,125,80.0,,,,,,,,,,,,,,,,,,,6,4.0,,,,,,,,,,,,,,,,,,,COMPLETE
945,945,0.957534664448142,2025-01-01 23:10:30.091682,2025-01-01 23:10:36.788692,0 days 00:00:06.697010,3,120,185.0,,,,,,,,,,,185.0,,,,,,,,6,4.0,,,,,,,,,,,3.0,,,,,,,,COMPLETE
946,946,0.9514988814317673,2025-01-01 23:10:36.789309,2025-01-01 23:10:41.578088,0 days 00:00:04.788779,2,110,95.0,,,,,,,,,,,,,,,,,,,6,4.0,,,,,,,,,,,,,,,,,,,COMPLETE
947,947,0.9438794464567661,2025-01-01 23:10:41.578683,2025-01-01 23:10:48.019707,0 days 00:00:06.441024,1,135,,,,,,,,,,,,,,,,,,,,6,,,,,,,,,,,,,,,,,,,,COMPLETE
948,948,0.9616100693437981,2025-01-01 23:10:48.020277,2025-01-01 23:10:53.093861,0 days 00:00:05.073584,2,125,170.0,,,,,,,,,,,,,,,,,,,6,4.0,,,,,,,,,,,,,,,,,,,COMPLETE
949,949,0.9507949492757253,2025-01-01 23:10:53.094661,2025-01-01 23:11:00.319087,0 days 00:00:07.224426,3,130,70.0,,,,,,,,,,,170.0,,,,,,,,6,4.0,,,,,,,,,,,4.0,,,,,,,,COMPLETE
950,950,0.9624645931762912,2025-01-01 23:11:00.319703,2025-01-01 23:11:04.340776,0 days 00:00:04.021073,2,105,85.0,,,,,,,,,,,,,,,,,,,6,4.0,,,,,,,,,,,,,,,,,,,COMPLETE
951,951,0.9400258914911146,2025-01-01 23:11:04.341422,2025-01-01 23:11:10.724011,0 days 00:00:06.382589,1,115,,,,,,,,,,,,,,,,,,,,6,,,,,,,,,,,,,,,,,,,,COMPLETE
952,952,0.0,2025-01-01 23:11:10.724584,2025-01-01 23:11:22.445067,0 days 00:00:11.720483,15,140,90.0,125.0,100.0,200.0,65.0,105.0,,,,,,120.0,165.0,170.0,80.0,65.0,140.0,50.0,75.0,6,4.0,4.0,3.0,4.0,3.0,5.0,,,,,,2.0,6.0,3.0,6.0,3.0,3.0,5.0,5.0,COMPLETE
953,953,0.9557983071692108,2025-01-01 23:11:22.446001,2025-01-01 23:11:27.082501,0 days 00:00:04.636500,2,120,135.0,,,,,,,,,,,,,,,,,,,6,4.0,,,,,,,,,,,,,,,,,,,COMPLETE
954,954,0.9481605351170569,2025-01-01 23:11:27.083094,2025-01-01 23:11:35.476508,0 days 00:00:08.393414,3,130,190.0,,,,,,,,,,,165.0,,,,,,,,6,4.0,,,,,,,,,,,3.0,,,,,,,,COMPLETE
955,955,0.9512376265690021,2025-01-01 23:11:35.477114,2025-01-01 23:11:41.981419,0 days 00:00:06.504305,1,140,,,,,,,,,,,,,,,,,,,,6,,,,,,,,,,,,,,,,,,,,COMPLETE
956,956,0.9540475047180873,2025-01-01 23:11:41.981994,2025-01-01 23:11:48.191473,0 days 00:00:06.209479,3,100,110.0,,,,,,,,,,,95.0,,,,,,,,6,4.0,,,,,,,,,,,2.0,,,,,,,,COMPLETE
957,957,0.9616640044447531,2025-01-01 23:11:48.192092,2025-01-01 23:11:52.819900,0 days 00:00:04.627808,2,135,80.0,,,,,,,,,,,,,,,,,,,6,4.0,,,,,,,,,,,,,,,,,,,COMPLETE
958,958,0.9539635854341737,2025-01-01 23:11:52.820498,2025-01-01 23:11:57.430719,0 days 00:00:04.610221,2,125,100.0,,,,,,,,,,,,,,,,,,,6,4.0,,,,,,,,,,,,,,,,,,,COMPLETE
959,959,0.9473601999375196,2025-01-01 23:11:57.431506,2025-01-01 23:12:03.864518,0 days 00:00:06.433012,1,120,,,,,,,,,,,,,,,,,,,,6,,,,,,,,,,,,,,,,,,,,COMPLETE
960,960,0.950785780270905,2025-01-01 23:12:03.865097,2025-01-01 23:12:10.497584,0 days 00:00:06.632487,3,115,90.0,,,,,,,,,,,130.0,,,,,,,,6,4.0,,,,,,,,,,,4.0,,,,,,,,COMPLETE
961,961,0.9515830546265329,2025-01-01 23:12:10.498241,2025-01-01 23:12:15.090192,0 days 00:00:04.591951,2,140,105.0,,,,,,,,,,,,,,,,,,,6,4.0,,,,,,,,,,,,,,,,,,,COMPLETE
962,962,0.0,2025-01-01 23:12:15.090797,2025-01-01 23:12:27.901651,0 days 00:00:12.810854,13,130,145.0,190.0,30.0,40.0,,,,,,,,180.0,175.0,115.0,25.0,195.0,5.0,115.0,165.0,6,4.0,6.0,5.0,6.0,,,,,,,,3.0,4.0,6.0,5.0,4.0,2.0,3.0,5.0,COMPLETE
963,963,0.9565942028985508,2025-01-01 23:12:27.902546,2025-01-01 23:12:32.435402,0 days 00:00:04.532856,2,140,75.0,,,,,,,,,,,,,,,,,,,6,4.0,,,,,,,,,,,,,,,,,,,COMPLETE
964,964,0.9523939808481532,2025-01-01 23:12:32.436016,2025-01-01 23:12:36.724825,0 days 00:00:04.288809,2,145,95.0,,,,,,,,,,,,,,,,,,,6,4.0,,,,,,,,,,,,,,,,,,,COMPLETE
965,965,0.9324898303714945,2025-01-01 23:12:36.725419,2025-01-01 23:12:43.163099,0 days 00:00:06.437680,1,125,,,,,,,,,,,,,,,,,,,,6,,,,,,,,,,,,,,,,,,,,COMPLETE
966,966,0.957395309882747,2025-01-01 23:12:43.163682,2025-01-01 23:12:47.814189,0 days 00:00:04.650507,2,115,85.0,,,,,,,,,,,,,,,,,,,6,4.0,,,,,,,,,,,,,,,,,,,COMPLETE
967,967,0.0,2025-01-01 23:12:47.814791,2025-01-01 23:12:51.074561,0 days 00:00:03.259770,3,135,180.0,,,,,,,,,,,120.0,,,,,,,,6,4.0,,,,,,,,,,,2.0,,,,,,,,COMPLETE
968,968,0.9541291040623261,2025-01-01 23:12:51.075169,2025-01-01 23:12:55.594710,0 days 00:00:04.519541,2,110,80.0,,,,,,,,,,,,,,,,,,,6,4.0,,,,,,,,,,,,,,,,,,,COMPLETE
969,969,0.9411709793167828,2025-01-01 23:12:55.595302,2025-01-01 23:13:02.030204,0 days 00:00:06.434902,1,135,,,,,,,,,,,,,,,,,,,,6,,,,,,,,,,,,,,,,,,,,COMPLETE
