,number,value,datetime_start,datetime_complete,duration,params_depth,params_neurons_layer_0,params_neurons_layer_1,params_neurons_layer_10,params_neurons_layer_11,params_neurons_layer_12,params_neurons_layer_13,params_neurons_layer_14,params_neurons_layer_15,params_neurons_layer_16,params_neurons_layer_17,params_neurons_layer_18,params_neurons_layer_19,params_neurons_layer_2,params_neurons_layer_3,params_neurons_layer_4,params_neurons_layer_5,params_neurons_layer_6,params_neurons_layer_7,params_neurons_layer_8,params_neurons_layer_9,params_orders_layer_0,params_orders_layer_1,params_orders_layer_10,params_orders_layer_11,params_orders_layer_12,params_orders_layer_13,params_orders_layer_14,params_orders_layer_15,params_orders_layer_16,params_orders_layer_17,params_orders_layer_18,params_orders_layer_19,params_orders_layer_2,params_orders_layer_3,params_orders_layer_4,params_orders_layer_5,params_orders_layer_6,params_orders_layer_7,params_orders_layer_8,params_orders_layer_9,state
480,480,0.8385416666666667,2025-01-01 07:42:33.862935,2025-01-01 07:42:38.458381,0 days 00:00:04.595446,3,65,185.0,,,,,,,,,,,80.0,,,,,,,,2,2.0,,,,,,,,,,,2.0,,,,,,,,COMPLETE
481,481,0.8221642764015646,2025-01-01 07:42:38.458872,2025-01-01 07:42:42.581104,0 days 00:00:04.122232,2,170,165.0,,,,,,,,,,,,,,,,,,,2,4.0,,,,,,,,,,,,,,,,,,,COMPLETE
482,482,0.0,2025-01-01 07:42:42.581588,2025-01-01 07:42:53.578911,0 days 00:00:10.997323,19,190,70.0,35.0,50.0,100.0,75.0,170.0,95.0,150.0,195.0,60.0,,185.0,110.0,150.0,190.0,35.0,140.0,185.0,50.0,2,2.0,5.0,4.0,6.0,5.0,2.0,3.0,5.0,4.0,4.0,,2.0,4.0,4.0,4.0,3.0,4.0,2.0,4.0,COMPLETE
483,483,0.7889499869075673,2025-01-01 07:42:53.579967,2025-01-01 07:42:58.124209,0 days 00:00:04.544242,3,140,170.0,,,,,,,,,,,110.0,,,,,,,,2,4.0,,,,,,,,,,,3.0,,,,,,,,COMPLETE
484,484,0.8548009367681498,2025-01-01 07:42:58.124710,2025-01-01 07:43:02.387520,0 days 00:00:04.262810,3,130,80.0,,,,,,,,,,,145.0,,,,,,,,2,2.0,,,,,,,,,,,2.0,,,,,,,,COMPLETE
485,485,0.903125,2025-01-01 07:43:02.388013,2025-01-01 07:43:06.518024,0 days 00:00:04.130011,2,100,90.0,,,,,,,,,,,,,,,,,,,2,2.0,,,,,,,,,,,,,,,,,,,COMPLETE
486,486,0.8130618720253834,2025-01-01 07:43:06.518510,2025-01-01 07:43:10.178631,0 days 00:00:03.660121,2,90,95.0,,,,,,,,,,,,,,,,,,,2,3.0,,,,,,,,,,,,,,,,,,,COMPLETE
487,487,0.861904761904762,2025-01-01 07:43:10.179106,2025-01-01 07:43:13.297012,0 days 00:00:03.117906,1,115,,,,,,,,,,,,,,,,,,,,2,,,,,,,,,,,,,,,,,,,,COMPLETE
488,488,0.8380355276907001,2025-01-01 07:43:13.297458,2025-01-01 07:43:17.806259,0 days 00:00:04.508801,3,75,100.0,,,,,,,,,,,195.0,,,,,,,,2,2.0,,,,,,,,,,,2.0,,,,,,,,COMPLETE
489,489,0.8538884524744697,2025-01-01 07:43:17.806768,2025-01-01 07:43:21.913535,0 days 00:00:04.106767,2,15,90.0,,,,,,,,,,,,,,,,,,,2,4.0,,,,,,,,,,,,,,,,,,,COMPLETE
490,490,0.8548009367681498,2025-01-01 07:43:21.914044,2025-01-01 07:43:25.801803,0 days 00:00:03.887759,2,50,90.0,,,,,,,,,,,,,,,,,,,2,2.0,,,,,,,,,,,,,,,,,,,COMPLETE
491,491,0.8387096774193549,2025-01-01 07:43:25.802272,2025-01-01 07:43:31.937626,0 days 00:00:06.135354,3,40,95.0,,,,,,,,,,,55.0,,,,,,,,2,4.0,,,,,,,,,,,5.0,,,,,,,,COMPLETE
492,492,0.8777777777777778,2025-01-01 07:43:31.938133,2025-01-01 07:43:35.391409,0 days 00:00:03.453276,2,100,125.0,,,,,,,,,,,,,,,,,,,2,2.0,,,,,,,,,,,,,,,,,,,COMPLETE
493,493,0.861904761904762,2025-01-01 07:43:35.391886,2025-01-01 07:43:37.895011,0 days 00:00:02.503125,1,30,,,,,,,,,,,,,,,,,,,,2,,,,,,,,,,,,,,,,,,,,COMPLETE
494,494,0.8868318122555411,2025-01-01 07:43:37.895459,2025-01-01 07:43:41.512247,0 days 00:00:03.616788,2,100,125.0,,,,,,,,,,,,,,,,,,,2,2.0,,,,,,,,,,,,,,,,,,,COMPLETE
495,495,0.8708333333333333,2025-01-01 07:43:41.512720,2025-01-01 07:43:45.157290,0 days 00:00:03.644570,2,95,110.0,,,,,,,,,,,,,,,,,,,2,2.0,,,,,,,,,,,,,,,,,,,COMPLETE
496,496,0.8455843469063987,2025-01-01 07:43:45.157794,2025-01-01 07:43:48.774959,0 days 00:00:03.617165,2,100,135.0,,,,,,,,,,,,,,,,,,,2,2.0,,,,,,,,,,,,,,,,,,,COMPLETE
497,497,0.8696969696969696,2025-01-01 07:43:48.775433,2025-01-01 07:43:51.878671,0 days 00:00:03.103238,1,100,,,,,,,,,,,,,,,,,,,,2,,,,,,,,,,,,,,,,,,,,COMPLETE
498,498,0.8637295081967213,2025-01-01 07:43:51.879130,2025-01-01 07:43:54.669702,0 days 00:00:02.790572,1,105,,,,,,,,,,,,,,,,,,,,2,,,,,,,,,,,,,,,,,,,,COMPLETE
499,499,0.8709677419354839,2025-01-01 07:43:54.670296,2025-01-01 07:43:58.122781,0 days 00:00:03.452485,2,95,130.0,,,,,,,,,,,,,,,,,,,2,2.0,,,,,,,,,,,,,,,,,,,COMPLETE
500,500,0.8544980443285528,2025-01-01 07:43:58.123242,2025-01-01 07:44:01.793268,0 days 00:00:03.670026,2,100,155.0,,,,,,,,,,,,,,,,,,,2,2.0,,,,,,,,,,,,,,,,,,,COMPLETE
501,501,0.87042842215256,2025-01-01 07:44:01.793754,2025-01-01 07:44:05.445631,0 days 00:00:03.651877,2,90,125.0,,,,,,,,,,,,,,,,,,,2,2.0,,,,,,,,,,,,,,,,,,,COMPLETE
502,502,0.8708333333333333,2025-01-01 07:44:05.446099,2025-01-01 07:44:09.125528,0 days 00:00:03.679429,2,105,85.0,,,,,,,,,,,,,,,,,,,2,2.0,,,,,,,,,,,,,,,,,,,COMPLETE
503,503,0.7742165242165242,2025-01-01 07:44:09.126020,2025-01-01 07:44:12.279762,0 days 00:00:03.153742,1,100,,,,,,,,,,,,,,,,,,,,2,,,,,,,,,,,,,,,,,,,,COMPLETE
504,504,0.8863576852579209,2025-01-01 07:44:12.280215,2025-01-01 07:44:15.921021,0 days 00:00:03.640806,2,95,125.0,,,,,,,,,,,,,,,,,,,2,2.0,,,,,,,,,,,,,,,,,,,COMPLETE
505,505,0.8455843469063987,2025-01-01 07:44:15.921498,2025-01-01 07:44:19.776970,0 days 00:00:03.855472,2,95,125.0,,,,,,,,,,,,,,,,,,,2,2.0,,,,,,,,,,,,,,,,,,,COMPLETE
506,506,0.7823850851816136,2025-01-01 07:44:19.777442,2025-01-01 07:44:23.670775,0 days 00:00:03.893333,3,100,120.0,,,,,,,,,,,190.0,,,,,,,,6,2.0,,,,,,,,,,,2.0,,,,,,,,COMPLETE
507,507,0.8696969696969696,2025-01-01 07:44:23.671263,2025-01-01 07:44:26.506749,0 days 00:00:02.835486,1,95,,,,,,,,,,,,,,,,,,,,2,,,,,,,,,,,,,,,,,,,,COMPLETE
508,508,0.8548009367681498,2025-01-01 07:44:26.507203,2025-01-01 07:44:30.133837,0 days 00:00:03.626634,2,105,120.0,,,,,,,,,,,,,,,,,,,2,2.0,,,,,,,,,,,,,,,,,,,COMPLETE
509,509,0.8387096774193549,2025-01-01 07:44:30.134308,2025-01-01 07:44:34.709229,0 days 00:00:04.574921,3,90,115.0,,,,,,,,,,,85.0,,,,,,,,2,2.0,,,,,,,,,,,2.0,,,,,,,,COMPLETE
510,510,0.8548009367681498,2025-01-01 07:44:34.709734,2025-01-01 07:44:38.349052,0 days 00:00:03.639318,2,105,130.0,,,,,,,,,,,,,,,,,,,2,2.0,,,,,,,,,,,,,,,,,,,COMPLETE
511,511,0.8064516129032258,2025-01-01 07:44:38.349535,2025-01-01 07:44:44.483321,0 days 00:00:06.133786,3,95,125.0,,,,,,,,,,,65.0,,,,,,,,2,2.0,,,,,,,,,,,6.0,,,,,,,,COMPLETE
512,512,0.80625,2025-01-01 07:44:44.483858,2025-01-01 07:44:48.137346,0 days 00:00:03.653488,2,110,110.0,,,,,,,,,,,,,,,,,,,2,2.0,,,,,,,,,,,,,,,,,,,COMPLETE
513,513,0.0,2025-01-01 07:44:48.137830,2025-01-01 07:44:49.907778,0 days 00:00:01.769948,4,100,125.0,,,,,,,,,,,180.0,20.0,,,,,,,5,2.0,,,,,,,,,,,2.0,2.0,,,,,,,COMPLETE
514,514,0.8448275862068966,2025-01-01 07:44:49.908414,2025-01-01 07:44:52.891294,0 days 00:00:02.982880,1,105,,,,,,,,,,,,,,,,,,,,3,,,,,,,,,,,,,,,,,,,,COMPLETE
515,515,0.8863576852579209,2025-01-01 07:44:52.891757,2025-01-01 07:44:56.580654,0 days 00:00:03.688897,2,100,130.0,,,,,,,,,,,,,,,,,,,2,2.0,,,,,,,,,,,,,,,,,,,COMPLETE
516,516,0.8501567398119122,2025-01-01 07:44:56.581143,2025-01-01 07:44:59.731014,0 days 00:00:03.149871,1,95,,,,,,,,,,,,,,,,,,,,2,,,,,,,,,,,,,,,,,,,,COMPLETE
517,517,0.8800719054956343,2025-01-01 07:44:59.731462,2025-01-01 07:45:03.355843,0 days 00:00:03.624381,2,100,120.0,,,,,,,,,,,,,,,,,,,2,2.0,,,,,,,,,,,,,,,,,,,COMPLETE
518,518,0.8221642764015646,2025-01-01 07:45:03.356341,2025-01-01 07:45:07.013769,0 days 00:00:03.657428,2,85,120.0,,,,,,,,,,,,,,,,,,,2,2.0,,,,,,,,,,,,,,,,,,,COMPLETE
519,519,0.8868318122555411,2025-01-01 07:45:07.014253,2025-01-01 07:45:10.656979,0 days 00:00:03.642726,2,100,135.0,,,,,,,,,,,,,,,,,,,2,2.0,,,,,,,,,,,,,,,,,,,COMPLETE
520,520,0.8696969696969696,2025-01-01 07:45:10.657439,2025-01-01 07:45:13.531342,0 days 00:00:02.873903,1,100,,,,,,,,,,,,,,,,,,,,2,,,,,,,,,,,,,,,,,,,,COMPLETE
521,521,0.8548009367681498,2025-01-01 07:45:13.531815,2025-01-01 07:45:17.164472,0 days 00:00:03.632657,2,100,140.0,,,,,,,,,,,,,,,,,,,2,2.0,,,,,,,,,,,,,,,,,,,COMPLETE
522,522,0.8214192196910186,2025-01-01 07:45:17.164965,2025-01-01 07:45:20.822961,0 days 00:00:03.657996,2,90,130.0,,,,,,,,,,,,,,,,,,,2,2.0,,,,,,,,,,,,,,,,,,,COMPLETE
523,523,0.8371848739495797,2025-01-01 07:45:20.823436,2025-01-01 07:45:24.473139,0 days 00:00:03.649703,2,90,130.0,,,,,,,,,,,,,,,,,,,2,2.0,,,,,,,,,,,,,,,,,,,COMPLETE
524,524,0.8593406593406594,2025-01-01 07:45:24.473622,2025-01-01 07:45:27.257268,0 days 00:00:02.783646,1,95,,,,,,,,,,,,,,,,,,,,2,,,,,,,,,,,,,,,,,,,,COMPLETE
525,525,0.8126984126984127,2025-01-01 07:45:27.257726,2025-01-01 07:45:31.359223,0 days 00:00:04.101497,2,105,130.0,,,,,,,,,,,,,,,,,,,4,2.0,,,,,,,,,,,,,,,,,,,COMPLETE
526,526,0.87042842215256,2025-01-01 07:45:31.359707,2025-01-01 07:45:34.770717,0 days 00:00:03.411010,2,95,135.0,,,,,,,,,,,,,,,,,,,2,2.0,,,,,,,,,,,,,,,,,,,COMPLETE
527,527,0.8570621468926554,2025-01-01 07:45:34.771189,2025-01-01 07:45:37.819543,0 days 00:00:03.048354,1,100,,,,,,,,,,,,,,,,,,,,2,,,,,,,,,,,,,,,,,,,,COMPLETE
528,528,0.0,2025-01-01 07:45:37.820000,2025-01-01 07:45:48.500104,0 days 00:00:10.680104,18,105,135.0,130.0,85.0,145.0,115.0,30.0,40.0,65.0,140.0,,,160.0,85.0,75.0,95.0,130.0,130.0,60.0,5.0,2,2.0,3.0,6.0,3.0,2.0,4.0,2.0,5.0,3.0,,,3.0,5.0,2.0,5.0,5.0,5.0,5.0,5.0,COMPLETE
529,529,0.0,2025-01-01 07:45:48.501040,2025-01-01 07:45:53.520099,0 days 00:00:05.019059,9,100,125.0,,,,,,,,,,,200.0,50.0,120.0,75.0,65.0,65.0,40.0,,2,2.0,,,,,,,,,,,3.0,6.0,4.0,2.0,6.0,2.0,3.0,,COMPLETE
530,530,0.0,2025-01-01 07:45:53.520756,2025-01-01 07:46:02.619263,0 days 00:00:09.098507,15,110,115.0,115.0,155.0,175.0,170.0,80.0,,,,,,150.0,195.0,165.0,50.0,170.0,155.0,135.0,185.0,2,2.0,4.0,3.0,5.0,4.0,3.0,,,,,,3.0,3.0,5.0,6.0,4.0,6.0,4.0,3.0,COMPLETE
531,531,0.8708333333333333,2025-01-01 07:46:02.620104,2025-01-01 07:46:06.504498,0 days 00:00:03.884394,2,110,120.0,,,,,,,,,,,,,,,,,,,2,2.0,,,,,,,,,,,,,,,,,,,COMPLETE
532,532,0.8445623342175066,2025-01-01 07:46:06.504986,2025-01-01 07:46:11.120019,0 days 00:00:04.615033,3,105,130.0,,,,,,,,,,,195.0,,,,,,,,2,2.0,,,,,,,,,,,2.0,,,,,,,,COMPLETE
533,533,0.8870673952641166,2025-01-01 07:46:11.120530,2025-01-01 07:46:14.735763,0 days 00:00:03.615233,2,95,120.0,,,,,,,,,,,,,,,,,,,2,2.0,,,,,,,,,,,,,,,,,,,COMPLETE
534,534,0.9191655801825294,2025-01-01 07:46:14.736267,2025-01-01 07:46:17.973464,0 days 00:00:03.237197,2,90,120.0,,,,,,,,,,,,,,,,,,,2,2.0,,,,,,,,,,,,,,,,,,,COMPLETE
535,535,0.7902680197762164,2025-01-01 07:46:17.973952,2025-01-01 07:46:21.597264,0 days 00:00:03.623312,2,90,120.0,,,,,,,,,,,,,,,,,,,2,2.0,,,,,,,,,,,,,,,,,,,COMPLETE
536,536,0.8708333333333333,2025-01-01 07:46:21.597752,2025-01-01 07:46:26.144608,0 days 00:00:04.546856,3,85,115.0,,,,,,,,,,,170.0,,,,,,,,2,2.0,,,,,,,,,,,2.0,,,,,,,,COMPLETE
537,537,0.8398724082934609,2025-01-01 07:46:26.145106,2025-01-01 07:46:29.076566,0 days 00:00:02.931460,1,85,,,,,,,,,,,,,,,,,,,,2,,,,,,,,,,,,,,,,,,,,COMPLETE
538,538,0.8064516129032258,2025-01-01 07:46:29.077025,2025-01-01 07:46:34.383933,0 days 00:00:05.306908,3,95,125.0,,,,,,,,,,,135.0,,,,,,,,2,2.0,,,,,,,,,,,3.0,,,,,,,,COMPLETE
539,539,0.8870673952641166,2025-01-01 07:46:34.384447,2025-01-01 07:46:37.996973,0 days 00:00:03.612526,2,90,125.0,,,,,,,,,,,,,,,,,,,2,2.0,,,,,,,,,,,,,,,,,,,COMPLETE
540,540,0.8708333333333333,2025-01-01 07:46:37.997449,2025-01-01 07:46:41.629347,0 days 00:00:03.631898,2,90,120.0,,,,,,,,,,,,,,,,,,,2,2.0,,,,,,,,,,,,,,,,,,,COMPLETE
541,541,0.8286546610169492,2025-01-01 07:46:41.629831,2025-01-01 07:46:45.265365,0 days 00:00:03.635534,2,80,125.0,,,,,,,,,,,,,,,,,,,2,2.0,,,,,,,,,,,,,,,,,,,COMPLETE
542,542,0.0,2025-01-01 07:46:45.265869,2025-01-01 07:46:49.903854,0 days 00:00:04.637985,8,90,130.0,,,,,,,,,,,175.0,175.0,95.0,10.0,100.0,175.0,,,5,2.0,,,,,,,,,,,2.0,5.0,6.0,5.0,2.0,3.0,,,COMPLETE
543,543,0.8709677419354839,2025-01-01 07:46:49.904671,2025-01-01 07:46:53.883739,0 days 00:00:03.979068,3,95,115.0,,,,,,,,,,,160.0,,,,,,,,2,2.0,,,,,,,,,,,2.0,,,,,,,,COMPLETE
544,544,0.7641459545214172,2025-01-01 07:46:53.884232,2025-01-01 07:46:57.645105,0 days 00:00:03.760873,2,90,120.0,,,,,,,,,,,,,,,,,,,3,2.0,,,,,,,,,,,,,,,,,,,COMPLETE
545,545,0.0,2025-01-01 07:46:57.645594,2025-01-01 07:47:04.165016,0 days 00:00:06.519422,12,85,135.0,20.0,130.0,,,,,,,,,185.0,185.0,25.0,160.0,140.0,90.0,160.0,150.0,2,2.0,2.0,5.0,,,,,,,,,3.0,4.0,2.0,4.0,4.0,5.0,6.0,2.0,COMPLETE
546,546,0.7503703703703704,2025-01-01 07:47:04.165763,2025-01-01 07:47:06.942632,0 days 00:00:02.776869,1,95,,,,,,,,,,,,,,,,,,,,2,,,,,,,,,,,,,,,,,,,,COMPLETE
547,547,0.8544980443285528,2025-01-01 07:47:06.943097,2025-01-01 07:47:10.560977,0 days 00:00:03.617880,2,100,125.0,,,,,,,,,,,,,,,,,,,2,2.0,,,,,,,,,,,,,,,,,,,COMPLETE
548,548,0.8548009367681498,2025-01-01 07:47:10.561452,2025-01-01 07:47:14.768870,0 days 00:00:04.207418,3,80,120.0,,,,,,,,,,,180.0,,,,,,,,2,2.0,,,,,,,,,,,2.0,,,,,,,,COMPLETE
549,549,0.8548009367681498,2025-01-01 07:47:14.769376,2025-01-01 07:47:18.382375,0 days 00:00:03.612999,2,90,125.0,,,,,,,,,,,,,,,,,,,2,2.0,,,,,,,,,,,,,,,,,,,COMPLETE
550,550,0.8696969696969696,2025-01-01 07:47:18.382862,2025-01-01 07:47:21.367561,0 days 00:00:02.984699,1,95,,,,,,,,,,,,,,,,,,,,2,,,,,,,,,,,,,,,,,,,,COMPLETE
551,551,0.8225344782721832,2025-01-01 07:47:21.368009,2025-01-01 07:47:26.183341,0 days 00:00:04.815332,3,100,105.0,,,,,,,,,,,190.0,,,,,,,,2,2.0,,,,,,,,,,,2.0,,,,,,,,COMPLETE
552,552,0.87042842215256,2025-01-01 07:47:26.183861,2025-01-01 07:47:30.025124,0 days 00:00:03.841263,2,90,125.0,,,,,,,,,,,,,,,,,,,4,2.0,,,,,,,,,,,,,,,,,,,COMPLETE
553,553,0.8697478991596639,2025-01-01 07:47:30.025616,2025-01-01 07:47:34.618949,0 days 00:00:04.593333,3,100,130.0,,,,,,,,,,,170.0,,,,,,,,2,2.0,,,,,,,,,,,2.0,,,,,,,,COMPLETE
554,554,0.38279132791327913,2025-01-01 07:47:34.619461,2025-01-01 07:47:37.433982,0 days 00:00:02.814521,1,85,,,,,,,,,,,,,,,,,,,,2,,,,,,,,,,,,,,,,,,,,COMPLETE
555,555,0.8380355276907001,2025-01-01 07:47:37.434439,2025-01-01 07:47:41.080009,0 days 00:00:03.645570,2,95,115.0,,,,,,,,,,,,,,,,,,,2,2.0,,,,,,,,,,,,,,,,,,,COMPLETE
556,556,0.8548009367681498,2025-01-01 07:47:41.080515,2025-01-01 07:47:44.822245,0 days 00:00:03.741730,2,95,135.0,,,,,,,,,,,,,,,,,,,2,2.0,,,,,,,,,,,,,,,,,,,COMPLETE
557,557,0.8225344782721832,2025-01-01 07:47:44.822758,2025-01-01 07:47:49.745589,0 days 00:00:04.922831,3,100,140.0,,,,,,,,,,,195.0,,,,,,,,2,2.0,,,,,,,,,,,3.0,,,,,,,,COMPLETE
558,558,0.8944444444444444,2025-01-01 07:47:49.746258,2025-01-01 07:47:53.398627,0 days 00:00:03.652369,2,95,130.0,,,,,,,,,,,,,,,,,,,2,2.0,,,,,,,,,,,,,,,,,,,COMPLETE
559,559,0.8696969696969696,2025-01-01 07:47:53.399106,2025-01-01 07:47:56.389902,0 days 00:00:02.990796,1,95,,,,,,,,,,,,,,,,,,,,2,,,,,,,,,,,,,,,,,,,,COMPLETE
560,560,0.8380355276907001,2025-01-01 07:47:56.390396,2025-01-01 07:48:01.397316,0 days 00:00:05.006920,2,85,130.0,,,,,,,,,,,,,,,,,,,3,6.0,,,,,,,,,,,,,,,,,,,COMPLETE
561,561,0.0,2025-01-01 07:48:01.397836,2025-01-01 07:48:11.905306,0 days 00:00:10.507470,17,90,130.0,45.0,20.0,75.0,35.0,110.0,115.0,145.0,,,,145.0,100.0,200.0,200.0,80.0,15.0,175.0,25.0,2,2.0,6.0,6.0,6.0,6.0,5.0,6.0,3.0,,,,3.0,3.0,3.0,2.0,3.0,2.0,2.0,6.0,COMPLETE
562,562,0.8696969696969696,2025-01-01 07:48:11.906194,2025-01-01 07:48:14.779580,0 days 00:00:02.873386,1,105,,,,,,,,,,,,,,,,,,,,2,,,,,,,,,,,,,,,,,,,,COMPLETE
563,563,0.0,2025-01-01 07:48:14.780035,2025-01-01 07:48:19.877807,0 days 00:00:05.097772,11,95,120.0,145.0,,,,,,,,,,200.0,145.0,5.0,125.0,10.0,105.0,15.0,195.0,2,2.0,5.0,,,,,,,,,,3.0,2.0,4.0,3.0,6.0,4.0,5.0,3.0,COMPLETE
564,564,0.8548009367681498,2025-01-01 07:48:19.878529,2025-01-01 07:48:23.507006,0 days 00:00:03.628477,2,100,110.0,,,,,,,,,,,,,,,,,,,2,2.0,,,,,,,,,,,,,,,,,,,COMPLETE
565,565,0.8957479508196722,2025-01-01 07:48:23.507504,2025-01-01 07:48:27.360109,0 days 00:00:03.852605,2,105,125.0,,,,,,,,,,,,,,,,,,,2,2.0,,,,,,,,,,,,,,,,,,,COMPLETE
566,566,0.8387096774193549,2025-01-01 07:48:27.360610,2025-01-01 07:48:30.993122,0 days 00:00:03.632512,2,110,125.0,,,,,,,,,,,,,,,,,,,2,2.0,,,,,,,,,,,,,,,,,,,COMPLETE
567,567,0.8543859649122807,2025-01-01 07:48:30.993606,2025-01-01 07:48:33.817985,0 days 00:00:02.824379,1,105,,,,,,,,,,,,,,,,,,,,2,,,,,,,,,,,,,,,,,,,,COMPLETE
568,568,0.8961538461538462,2025-01-01 07:48:33.818439,2025-01-01 07:48:37.236282,0 days 00:00:03.417843,2,105,130.0,,,,,,,,,,,,,,,,,,,2,2.0,,,,,,,,,,,,,,,,,,,COMPLETE
569,569,0.8538884524744697,2025-01-01 07:48:37.236773,2025-01-01 07:48:41.345353,0 days 00:00:04.108580,2,90,135.0,,,,,,,,,,,,,,,,,,,6,2.0,,,,,,,,,,,,,,,,,,,COMPLETE
570,570,0.7854647099930119,2025-01-01 07:48:41.345842,2025-01-01 07:48:44.195534,0 days 00:00:02.849692,1,110,,,,,,,,,,,,,,,,,,,,2,,,,,,,,,,,,,,,,,,,,COMPLETE
571,571,0.8225344782721832,2025-01-01 07:48:44.196023,2025-01-01 07:48:48.036502,0 days 00:00:03.840479,2,105,125.0,,,,,,,,,,,,,,,,,,,2,2.0,,,,,,,,,,,,,,,,,,,COMPLETE
572,572,0.8548009367681498,2025-01-01 07:48:48.037147,2025-01-01 07:48:51.705916,0 days 00:00:03.668769,2,110,135.0,,,,,,,,,,,,,,,,,,,2,2.0,,,,,,,,,,,,,,,,,,,COMPLETE
573,573,0.7574967405475881,2025-01-01 07:48:51.706402,2025-01-01 07:48:55.325984,0 days 00:00:03.619582,2,105,130.0,,,,,,,,,,,,,,,,,,,2,2.0,,,,,,,,,,,,,,,,,,,COMPLETE
574,574,0.8523002421307506,2025-01-01 07:48:55.326468,2025-01-01 07:49:01.091346,0 days 00:00:05.764878,3,95,125.0,,,,,,,,,,,140.0,,,,,,,,2,5.0,,,,,,,,,,,3.0,,,,,,,,COMPLETE
575,575,0.8696969696969696,2025-01-01 07:49:01.091878,2025-01-01 07:49:04.160411,0 days 00:00:03.068533,1,110,,,,,,,,,,,,,,,,,,,,2,,,,,,,,,,,,,,,,,,,,COMPLETE
576,576,0.829190904283448,2025-01-01 07:49:04.160898,2025-01-01 07:49:07.804823,0 days 00:00:03.643925,2,105,120.0,,,,,,,,,,,,,,,,,,,2,2.0,,,,,,,,,,,,,,,,,,,COMPLETE
577,577,0.8221642764015646,2025-01-01 07:49:07.805309,2025-01-01 07:49:12.642808,0 days 00:00:04.837499,3,85,140.0,,,,,,,,,,,100.0,,,,,,,,2,2.0,,,,,,,,,,,3.0,,,,,,,,COMPLETE
578,578,0.861904761904762,2025-01-01 07:49:12.643312,2025-01-01 07:49:16.051008,0 days 00:00:03.407696,2,90,145.0,,,,,,,,,,,,,,,,,,,2,2.0,,,,,,,,,,,,,,,,,,,COMPLETE
579,579,0.8186031115524661,2025-01-01 07:49:16.051499,2025-01-01 07:49:19.286265,0 days 00:00:03.234766,1,150,,,,,,,,,,,,,,,,,,,,2,,,,,,,,,,,,,,,,,,,,COMPLETE
580,580,0.7898305084745763,2025-01-01 07:49:19.286744,2025-01-01 07:49:22.954797,0 days 00:00:03.668053,2,100,115.0,,,,,,,,,,,,,,,,,,,2,2.0,,,,,,,,,,,,,,,,,,,COMPLETE
581,581,0.8387096774193549,2025-01-01 07:49:22.955283,2025-01-01 07:49:27.916241,0 days 00:00:04.960958,3,145,130.0,,,,,,,,,,,90.0,,,,,,,,2,2.0,,,,,,,,,,,3.0,,,,,,,,COMPLETE
582,582,0.8225344782721832,2025-01-01 07:49:27.916775,2025-01-01 07:49:31.586912,0 days 00:00:03.670137,2,95,135.0,,,,,,,,,,,,,,,,,,,2,2.0,,,,,,,,,,,,,,,,,,,COMPLETE
583,583,0.8637295081967213,2025-01-01 07:49:31.587404,2025-01-01 07:49:35.248976,0 days 00:00:03.661572,2,155,125.0,,,,,,,,,,,,,,,,,,,2,2.0,,,,,,,,,,,,,,,,,,,COMPLETE
584,584,0.8709677419354839,2025-01-01 07:49:35.249467,2025-01-01 07:49:40.180250,0 days 00:00:04.930783,3,105,120.0,,,,,,,,,,,150.0,,,,,,,,2,2.0,,,,,,,,,,,3.0,,,,,,,,COMPLETE
585,585,0.8696969696969696,2025-01-01 07:49:40.180776,2025-01-01 07:49:43.229105,0 days 00:00:03.048329,1,95,,,,,,,,,,,,,,,,,,,,2,,,,,,,,,,,,,,,,,,,,COMPLETE
586,586,0.802801724137931,2025-01-01 07:49:43.229779,2025-01-01 07:49:48.182657,0 days 00:00:04.952878,3,90,130.0,,,,,,,,,,,175.0,,,,,,,,2,2.0,,,,,,,,,,,3.0,,,,,,,,COMPLETE
587,587,0.8548009367681498,2025-01-01 07:49:48.183170,2025-01-01 07:49:51.837457,0 days 00:00:03.654287,2,80,160.0,,,,,,,,,,,,,,,,,,,2,2.0,,,,,,,,,,,,,,,,,,,COMPLETE
588,588,0.0,2025-01-01 07:49:51.837955,2025-01-01 07:49:56.090800,0 days 00:00:04.252845,7,100,125.0,,,,,,,,,,,165.0,125.0,175.0,145.0,50.0,,,,2,2.0,,,,,,,,,,,2.0,4.0,6.0,4.0,5.0,,,,COMPLETE
589,589,0.8130296610169492,2025-01-01 07:49:56.091393,2025-01-01 07:49:59.760263,0 days 00:00:03.668870,2,160,115.0,,,,,,,,,,,,,,,,,,,2,2.0,,,,,,,,,,,,,,,,,,,COMPLETE
590,590,0.8444113263785394,2025-01-01 07:49:59.760802,2025-01-01 07:50:04.909580,0 days 00:00:05.148778,1,110,,,,,,,,,,,,,,,,,,,,5,,,,,,,,,,,,,,,,,,,,COMPLETE
591,591,0.0,2025-01-01 07:50:04.910063,2025-01-01 07:50:07.850567,0 days 00:00:02.940504,3,105,125.0,,,,,,,,,,,135.0,,,,,,,,2,2.0,,,,,,,,,,,2.0,,,,,,,,COMPLETE
592,592,0.8708333333333333,2025-01-01 07:50:07.851069,2025-01-01 07:50:11.518499,0 days 00:00:03.667430,2,115,135.0,,,,,,,,,,,,,,,,,,,2,2.0,,,,,,,,,,,,,,,,,,,COMPLETE
593,593,0.8387096774193549,2025-01-01 07:50:11.519010,2025-01-01 07:50:15.472570,0 days 00:00:03.953560,2,100,140.0,,,,,,,,,,,,,,,,,,,4,2.0,,,,,,,,,,,,,,,,,,,COMPLETE
594,594,0.8544980443285528,2025-01-01 07:50:15.473054,2025-01-01 07:50:19.227958,0 days 00:00:03.754904,3,95,115.0,,,,,,,,,,,200.0,,,,,,,,2,2.0,,,,,,,,,,,3.0,,,,,,,,COMPLETE
595,595,0.8665183537263625,2025-01-01 07:50:19.228499,2025-01-01 07:50:22.284084,0 days 00:00:03.055585,1,110,,,,,,,,,,,,,,,,,,,,2,,,,,,,,,,,,,,,,,,,,COMPLETE
596,596,0.8130618720253834,2025-01-01 07:50:22.284558,2025-01-01 07:50:27.247905,0 days 00:00:04.963347,2,90,125.0,,,,,,,,,,,,,,,,,,,2,6.0,,,,,,,,,,,,,,,,,,,COMPLETE
597,597,0.8548009367681498,2025-01-01 07:50:27.248417,2025-01-01 07:50:35.251055,0 days 00:00:08.002638,4,85,130.0,,,,,,,,,,,155.0,15.0,,,,,,,2,2.0,,,,,,,,,,,2.0,6.0,,,,,,,COMPLETE
598,598,0.8548009367681498,2025-01-01 07:50:35.251615,2025-01-01 07:50:38.898438,0 days 00:00:03.646823,2,145,110.0,,,,,,,,,,,,,,,,,,,2,2.0,,,,,,,,,,,,,,,,,,,COMPLETE
599,599,0.8663517643789942,2025-01-01 07:50:38.898943,2025-01-01 07:50:42.327670,0 days 00:00:03.428727,3,150,125.0,,,,,,,,,,,185.0,,,,,,,,2,2.0,,,,,,,,,,,2.0,,,,,,,,COMPLETE
600,600,0.861904761904762,2025-01-01 07:50:42.328176,2025-01-01 07:50:45.565702,0 days 00:00:03.237526,1,155,,,,,,,,,,,,,,,,,,,,2,,,,,,,,,,,,,,,,,,,,COMPLETE
601,601,0.8544980443285528,2025-01-01 07:50:45.566369,2025-01-01 07:50:50.420972,0 days 00:00:04.854603,2,115,120.0,,,,,,,,,,,,,,,,,,,2,5.0,,,,,,,,,,,,,,,,,,,COMPLETE
