,number,value,datetime_start,datetime_complete,duration,params_depth,params_neurons_layer_0,params_neurons_layer_1,params_neurons_layer_10,params_neurons_layer_11,params_neurons_layer_12,params_neurons_layer_13,params_neurons_layer_14,params_neurons_layer_15,params_neurons_layer_16,params_neurons_layer_17,params_neurons_layer_18,params_neurons_layer_19,params_neurons_layer_2,params_neurons_layer_3,params_neurons_layer_4,params_neurons_layer_5,params_neurons_layer_6,params_neurons_layer_7,params_neurons_layer_8,params_neurons_layer_9,params_orders_layer_0,params_orders_layer_1,params_orders_layer_10,params_orders_layer_11,params_orders_layer_12,params_orders_layer_13,params_orders_layer_14,params_orders_layer_15,params_orders_layer_16,params_orders_layer_17,params_orders_layer_18,params_orders_layer_19,params_orders_layer_2,params_orders_layer_3,params_orders_layer_4,params_orders_layer_5,params_orders_layer_6,params_orders_layer_7,params_orders_layer_8,params_orders_layer_9,state
0,0,0.0,2025-01-01 12:23:14.296004,2025-01-01 12:23:41.399185,0 days 00:00:27.103181,5,110,105.0,,,,,,,,,,,170.0,60.0,150.0,,,,,,4,3.0,,,,,,,,,,,5.0,4.0,5.0,,,,,,COMPLETE
1,1,0.8778415421764598,2025-01-01 12:23:41.399774,2025-01-01 12:26:34.062408,0 days 00:02:52.662634,4,200,40.0,,,,,,,,,,,195.0,110.0,,,,,,,3,5.0,,,,,,,,,,,6.0,4.0,,,,,,,COMPLETE
2,2,0.0,2025-01-01 12:26:34.062994,2025-01-01 12:27:26.810811,0 days 00:00:52.747817,9,180,60.0,,,,,,,,,,,95.0,20.0,200.0,110.0,130.0,100.0,100.0,,3,4.0,,,,,,,,,,,5.0,6.0,4.0,5.0,5.0,6.0,5.0,,COMPLETE
3,3,0.0,2025-01-01 12:27:26.811498,2025-01-01 12:28:15.571966,0 days 00:00:48.760468,13,80,140.0,115.0,15.0,150.0,,,,,,,,40.0,90.0,100.0,180.0,105.0,185.0,145.0,150.0,4,2.0,2.0,2.0,6.0,,,,,,,,5.0,3.0,6.0,5.0,2.0,3.0,5.0,4.0,COMPLETE
4,4,0.0,2025-01-01 12:28:15.572735,2025-01-01 12:29:50.266411,0 days 00:01:34.693676,17,65,150.0,175.0,195.0,120.0,20.0,100.0,20.0,90.0,,,,90.0,45.0,145.0,180.0,120.0,200.0,55.0,55.0,6,5.0,5.0,3.0,6.0,5.0,3.0,3.0,5.0,,,,2.0,6.0,6.0,6.0,4.0,6.0,5.0,6.0,COMPLETE
5,5,0.8750836462444103,2025-01-01 12:29:50.267320,2025-01-01 12:31:17.221157,0 days 00:01:26.953837,3,15,115.0,,,,,,,,,,,90.0,,,,,,,,2,5.0,,,,,,,,,,,6.0,,,,,,,,COMPLETE
6,6,0.0,2025-01-01 12:31:17.221727,2025-01-01 12:31:44.892818,0 days 00:00:27.671091,9,15,125.0,,,,,,,,,,,55.0,110.0,150.0,145.0,100.0,25.0,190.0,,2,2.0,,,,,,,,,,,4.0,5.0,4.0,5.0,3.0,2.0,5.0,,COMPLETE
7,7,0.0,2025-01-01 12:31:44.893492,2025-01-01 12:32:25.929822,0 days 00:00:41.036330,12,135,200.0,180.0,90.0,,,,,,,,,165.0,20.0,70.0,10.0,70.0,50.0,160.0,55.0,4,2.0,4.0,5.0,,,,,,,,,2.0,6.0,5.0,3.0,3.0,6.0,2.0,2.0,COMPLETE
8,8,0.0,2025-01-01 12:32:25.930455,2025-01-01 12:33:28.169433,0 days 00:01:02.238978,17,85,165.0,30.0,90.0,10.0,115.0,190.0,25.0,90.0,,,,20.0,80.0,130.0,40.0,60.0,10.0,195.0,70.0,2,5.0,6.0,4.0,5.0,4.0,4.0,4.0,4.0,,,,3.0,6.0,2.0,5.0,5.0,6.0,5.0,5.0,COMPLETE
9,9,0.0,2025-01-01 12:33:28.170331,2025-01-01 12:33:50.043775,0 days 00:00:21.873444,4,65,60.0,,,,,,,,,,,200.0,30.0,,,,,,,3,3.0,,,,,,,,,,,3.0,5.0,,,,,,,COMPLETE
10,10,0.8896122021474495,2025-01-01 12:33:50.044324,2025-01-01 12:34:05.289524,0 days 00:00:15.245200,1,190,,,,,,,,,,,,,,,,,,,,6,,,,,,,,,,,,,,,,,,,,COMPLETE
11,11,0.8773527959136799,2025-01-01 12:34:05.289863,2025-01-01 12:36:18.585014,0 days 00:02:13.295151,2,200,15.0,,,,,,,,,,,,,,,,,,,6,6.0,,,,,,,,,,,,,,,,,,,COMPLETE
12,12,0.8669976481857602,2025-01-01 12:36:18.585502,2025-01-01 12:36:32.948857,0 days 00:00:14.363355,1,160,,,,,,,,,,,,,,,,,,,,5,,,,,,,,,,,,,,,,,,,,COMPLETE
13,13,0.0,2025-01-01 12:36:32.949189,2025-01-01 12:36:55.120423,0 days 00:00:22.171234,6,200,5.0,,,,,,,,,,,140.0,175.0,5.0,70.0,,,,,5,6.0,,,,,,,,,,,6.0,2.0,2.0,2.0,,,,,COMPLETE
14,14,0.0,2025-01-01 12:36:55.120982,2025-01-01 12:37:14.283124,0 days 00:00:19.162142,7,155,60.0,,,,,,,,,,,130.0,140.0,20.0,100.0,195.0,,,,3,4.0,,,,,,,,,,,6.0,3.0,3.0,2.0,6.0,,,,COMPLETE
15,15,0.8488118770212492,2025-01-01 12:37:14.283613,2025-01-01 12:37:30.599353,0 days 00:00:16.315740,1,135,,,,,,,,,,,,,,,,,,,,5,,,,,,,,,,,,,,,,,,,,COMPLETE
16,16,0.0,2025-01-01 12:37:30.599697,2025-01-01 12:38:01.826854,0 days 00:00:31.227157,8,175,35.0,,,,,,,,,,,195.0,185.0,50.0,5.0,20.0,130.0,,,6,6.0,,,,,,,,,,,4.0,4.0,3.0,3.0,2.0,4.0,,,COMPLETE
17,17,0.0,2025-01-01 12:38:01.827449,2025-01-01 12:38:14.212992,0 days 00:00:12.385543,4,125,85.0,,,,,,,,,,,130.0,135.0,,,,,,,3,3.0,,,,,,,,,,,4.0,2.0,,,,,,,COMPLETE
18,18,0.0,2025-01-01 12:38:14.213389,2025-01-01 12:39:35.051316,0 days 00:01:20.837927,15,180,85.0,5.0,190.0,20.0,185.0,5.0,,,,,,65.0,140.0,195.0,135.0,195.0,100.0,5.0,190.0,5,4.0,2.0,6.0,2.0,2.0,6.0,,,,,,5.0,3.0,5.0,6.0,6.0,4.0,2.0,2.0,COMPLETE
19,19,0.0,2025-01-01 12:39:35.052108,2025-01-01 12:40:10.291984,0 days 00:00:35.239876,11,200,30.0,80.0,,,,,,,,,,165.0,115.0,90.0,60.0,5.0,150.0,5.0,130.0,3,5.0,3.0,,,,,,,,,,6.0,4.0,3.0,4.0,4.0,2.0,3.0,3.0,COMPLETE
20,20,0.0,2025-01-01 12:40:10.292560,2025-01-01 12:42:08.071504,0 days 00:01:57.778944,20,150,40.0,115.0,5.0,195.0,10.0,200.0,200.0,200.0,180.0,105.0,115.0,120.0,200.0,45.0,200.0,155.0,60.0,85.0,10.0,4,5.0,6.0,6.0,2.0,6.0,2.0,6.0,2.0,4.0,5.0,2.0,3.0,5.0,6.0,3.0,3.0,4.0,6.0,6.0,COMPLETE
21,21,0.8707665560397078,2025-01-01 12:42:08.072406,2025-01-01 12:44:22.711183,0 days 00:02:14.638777,2,200,5.0,,,,,,,,,,,,,,,,,,,6,6.0,,,,,,,,,,,,,,,,,,,COMPLETE
22,22,0.8652559361881419,2025-01-01 12:44:22.711690,2025-01-01 12:46:30.837544,0 days 00:02:08.125854,3,175,20.0,,,,,,,,,,,10.0,,,,,,,,6,6.0,,,,,,,,,,,5.0,,,,,,,,COMPLETE
23,23,0.9092071932600572,2025-01-01 12:46:30.838057,2025-01-01 12:46:47.598437,0 days 00:00:16.760380,1,185,,,,,,,,,,,,,,,,,,,,6,,,,,,,,,,,,,,,,,,,,COMPLETE
24,24,0.8909666187154771,2025-01-01 12:46:47.598782,2025-01-01 12:47:03.127304,0 days 00:00:15.528522,1,165,,,,,,,,,,,,,,,,,,,,5,,,,,,,,,,,,,,,,,,,,COMPLETE
25,25,0.8775478924384297,2025-01-01 12:47:03.127644,2025-01-01 12:47:15.846417,0 days 00:00:12.718773,1,160,,,,,,,,,,,,,,,,,,,,5,,,,,,,,,,,,,,,,,,,,COMPLETE
26,26,0.0,2025-01-01 12:47:15.846867,2025-01-01 12:47:28.385917,0 days 00:00:12.539050,6,180,195.0,,,,,,,,,,,70.0,165.0,175.0,95.0,,,,,6,3.0,,,,,,,,,,,2.0,2.0,2.0,4.0,,,,,COMPLETE
27,27,0.8738514406760896,2025-01-01 12:47:28.386372,2025-01-01 12:48:26.070083,0 days 00:00:57.683711,3,145,175.0,,,,,,,,,,,30.0,,,,,,,,5,2.0,,,,,,,,,,,3.0,,,,,,,,COMPLETE
28,28,0.8126148607321393,2025-01-01 12:48:26.070602,2025-01-01 12:48:37.786871,0 days 00:00:11.716269,1,120,,,,,,,,,,,,,,,,,,,,6,,,,,,,,,,,,,,,,,,,,COMPLETE
29,29,0.0,2025-01-01 12:48:37.787190,2025-01-01 12:48:53.921456,0 days 00:00:16.134266,5,105,80.0,,,,,,,,,,,110.0,70.0,115.0,,,,,,5,4.0,,,,,,,,,,,2.0,3.0,4.0,,,,,,COMPLETE
30,30,0.0,2025-01-01 12:48:53.921987,2025-01-01 12:49:27.458144,0 days 00:00:33.536157,5,165,180.0,,,,,,,,,,,145.0,155.0,80.0,,,,,,6,3.0,,,,,,,,,,,4.0,5.0,3.0,,,,,,COMPLETE
31,31,0.8724748049965216,2025-01-01 12:49:27.458568,2025-01-01 12:50:33.176206,0 days 00:01:05.717638,2,190,50.0,,,,,,,,,,,,,,,,,,,4,4.0,,,,,,,,,,,,,,,,,,,COMPLETE
32,32,0.0,2025-01-01 12:50:33.176674,2025-01-01 12:51:07.965656,0 days 00:00:34.788982,4,185,75.0,,,,,,,,,,,185.0,100.0,,,,,,,5,5.0,,,,,,,,,,,6.0,4.0,,,,,,,COMPLETE
33,33,0.8757127930839805,2025-01-01 12:51:07.966152,2025-01-01 12:53:00.978018,0 days 00:01:53.011866,3,165,100.0,,,,,,,,,,,150.0,,,,,,,,6,4.0,,,,,,,,,,,5.0,,,,,,,,COMPLETE
34,34,0.8425629229411293,2025-01-01 12:53:00.978510,2025-01-01 12:53:13.764809,0 days 00:00:12.786299,1,190,,,,,,,,,,,,,,,,,,,,4,,,,,,,,,,,,,,,,,,,,COMPLETE
35,35,0.0,2025-01-01 12:53:13.765228,2025-01-01 12:53:34.885281,0 days 00:00:21.120053,6,175,125.0,,,,,,,,,,,180.0,50.0,45.0,140.0,,,,,5,3.0,,,,,,,,,,,4.0,4.0,5.0,2.0,,,,,COMPLETE
36,36,0.0,2025-01-01 12:53:34.885725,2025-01-01 12:54:05.011749,0 days 00:00:30.126024,9,30,100.0,,,,,,,,,,,75.0,115.0,180.0,50.0,40.0,160.0,50.0,,6,5.0,,,,,,,,,,,6.0,3.0,2.0,4.0,5.0,5.0,3.0,,COMPLETE
37,37,0.8695640771700979,2025-01-01 12:54:05.012327,2025-01-01 12:55:37.240988,0 days 00:01:32.228661,2,140,70.0,,,,,,,,,,,,,,,,,,,2,6.0,,,,,,,,,,,,,,,,,,,COMPLETE
38,38,0.8715509846524259,2025-01-01 12:55:37.241461,2025-01-01 12:56:51.288012,0 days 00:01:14.046551,3,190,25.0,,,,,,,,,,,110.0,,,,,,,,3,4.0,,,,,,,,,,,5.0,,,,,,,,COMPLETE
39,39,0.8767520488757377,2025-01-01 12:56:51.288515,2025-01-01 12:59:47.172321,0 days 00:02:55.883806,4,165,45.0,,,,,,,,,,,160.0,5.0,,,,,,,6,5.0,,,,,,,,,,,5.0,5.0,,,,,,,COMPLETE
40,40,0.0,2025-01-01 12:59:47.172851,2025-01-01 13:00:39.211797,0 days 00:00:52.038946,14,90,145.0,60.0,140.0,80.0,200.0,,,,,,,180.0,125.0,25.0,30.0,160.0,70.0,135.0,195.0,4,3.0,4.0,2.0,4.0,3.0,,,,,,,6.0,2.0,4.0,6.0,6.0,3.0,3.0,4.0,COMPLETE
41,41,0.893551072017911,2025-01-01 13:00:39.212576,2025-01-01 13:00:54.867607,0 days 00:00:15.655031,1,165,,,,,,,,,,,,,,,,,,,,5,,,,,,,,,,,,,,,,,,,,COMPLETE
42,42,0.8755251261086432,2025-01-01 13:00:54.867955,2025-01-01 13:02:31.812616,0 days 00:01:36.944661,2,190,120.0,,,,,,,,,,,,,,,,,,,5,5.0,,,,,,,,,,,,,,,,,,,COMPLETE
43,43,0.9098017233242709,2025-01-01 13:02:31.813127,2025-01-01 13:02:49.162147,0 days 00:00:17.349020,1,170,,,,,,,,,,,,,,,,,,,,6,,,,,,,,,,,,,,,,,,,,COMPLETE
44,44,0.8913063814115048,2025-01-01 13:02:49.162616,2025-01-01 13:03:07.760529,0 days 00:00:18.597913,1,170,,,,,,,,,,,,,,,,,,,,6,,,,,,,,,,,,,,,,,,,,COMPLETE
45,45,0.8685177230307981,2025-01-01 13:03:07.760876,2025-01-01 13:03:38.809466,0 days 00:00:31.048590,2,130,160.0,,,,,,,,,,,,,,,,,,,6,2.0,,,,,,,,,,,,,,,,,,,COMPLETE
46,46,0.4595893018130822,2025-01-01 13:03:38.809851,2025-01-01 13:03:55.486843,0 days 00:00:16.676992,1,155,,,,,,,,,,,,,,,,,,,,6,,,,,,,,,,,,,,,,,,,,COMPLETE
47,47,0.0,2025-01-01 13:03:55.487302,2025-01-01 13:04:06.810059,0 days 00:00:11.322757,4,115,110.0,,,,,,,,,,,15.0,190.0,,,,,,,5,2.0,,,,,,,,,,,3.0,6.0,,,,,,,COMPLETE
48,48,0.0,2025-01-01 13:04:06.810471,2025-01-01 13:04:15.040246,0 days 00:00:08.229775,3,170,190.0,,,,,,,,,,,45.0,,,,,,,,5,2.0,,,,,,,,,,,2.0,,,,,,,,COMPLETE
49,49,0.0,2025-01-01 13:04:15.040621,2025-01-01 13:04:38.967010,0 days 00:00:23.926389,7,140,130.0,,,,,,,,,,,5.0,155.0,110.0,80.0,75.0,,,,6,3.0,,,,,,,,,,,3.0,2.0,6.0,3.0,2.0,,,,COMPLETE
50,50,0.898986580964283,2025-01-01 13:04:38.967597,2025-01-01 13:04:56.580300,0 days 00:00:17.612703,1,155,,,,,,,,,,,,,,,,,,,,6,,,,,,,,,,,,,,,,,,,,COMPLETE
51,51,0.8572828235813243,2025-01-01 13:04:56.580666,2025-01-01 13:05:12.046527,0 days 00:00:15.465861,1,150,,,,,,,,,,,,,,,,,,,,6,,,,,,,,,,,,,,,,,,,,COMPLETE
52,52,0.8719675657394498,2025-01-01 13:05:12.046841,2025-01-01 13:05:46.662207,0 days 00:00:34.615366,2,170,155.0,,,,,,,,,,,,,,,,,,,6,2.0,,,,,,,,,,,,,,,,,,,COMPLETE
53,53,0.8428165903057769,2025-01-01 13:05:46.662680,2025-01-01 13:06:05.979296,0 days 00:00:19.316616,1,160,,,,,,,,,,,,,,,,,,,,6,,,,,,,,,,,,,,,,,,,,COMPLETE
54,54,0.8729410260559871,2025-01-01 13:06:05.979651,2025-01-01 13:06:37.653291,0 days 00:00:31.673640,2,45,135.0,,,,,,,,,,,,,,,,,,,6,4.0,,,,,,,,,,,,,,,,,,,COMPLETE
55,55,0.0,2025-01-01 13:06:37.653765,2025-01-01 13:07:05.377383,0 days 00:00:27.723618,4,150,170.0,,,,,,,,,,,85.0,55.0,,,,,,,5,6.0,,,,,,,,,,,2.0,5.0,,,,,,,COMPLETE
56,56,0.8776530334842989,2025-01-01 13:07:05.377793,2025-01-01 13:08:32.986714,0 days 00:01:27.608921,3,180,185.0,,,,,,,,,,,40.0,,,,,,,,6,2.0,,,,,,,,,,,4.0,,,,,,,,COMPLETE
57,57,0.544180841679531,2025-01-01 13:08:32.987212,2025-01-01 13:08:52.208016,0 days 00:00:19.220804,1,155,,,,,,,,,,,,,,,,,,,,6,,,,,,,,,,,,,,,,,,,,COMPLETE
58,58,0.0,2025-01-01 13:08:52.208449,2025-01-01 13:09:42.987570,0 days 00:00:50.779121,10,170,145.0,,,,,,,,,,,60.0,80.0,65.0,120.0,155.0,115.0,55.0,15.0,5,3.0,,,,,,,,,,,4.0,3.0,3.0,2.0,4.0,5.0,6.0,3.0,COMPLETE
59,59,0.0,2025-01-01 13:09:42.988187,2025-01-01 13:11:05.208593,0 days 00:01:22.220406,18,95,95.0,150.0,55.0,70.0,85.0,5.0,160.0,5.0,25.0,,,100.0,5.0,170.0,165.0,35.0,75.0,115.0,100.0,6,5.0,3.0,4.0,4.0,6.0,6.0,2.0,6.0,2.0,,,3.0,4.0,5.0,4.0,5.0,3.0,4.0,5.0,COMPLETE
60,60,0.8668664037862395,2025-01-01 13:11:05.209477,2025-01-01 13:13:13.021536,0 days 00:02:07.812059,2,180,200.0,,,,,,,,,,,,,,,,,,,5,6.0,,,,,,,,,,,,,,,,,,,COMPLETE
61,61,0.8827072631574189,2025-01-01 13:13:13.022054,2025-01-01 13:13:28.524915,0 days 00:00:15.502861,1,195,,,,,,,,,,,,,,,,,,,,6,,,,,,,,,,,,,,,,,,,,COMPLETE
62,62,0.0,2025-01-01 13:13:28.525359,2025-01-01 13:13:42.431420,0 days 00:00:13.906061,5,185,55.0,,,,,,,,,,,25.0,90.0,130.0,,,,,,6,3.0,,,,,,,,,,,2.0,6.0,2.0,,,,,,COMPLETE
63,63,0.8664375833057116,2025-01-01 13:13:42.431881,2025-01-01 13:14:51.008129,0 days 00:01:08.576248,2,175,65.0,,,,,,,,,,,,,,,,,,,6,4.0,,,,,,,,,,,,,,,,,,,COMPLETE
64,64,0.8915557273053094,2025-01-01 13:14:51.008650,2025-01-01 13:15:06.710272,0 days 00:00:15.701622,1,5,,,,,,,,,,,,,,,,,,,,6,,,,,,,,,,,,,,,,,,,,COMPLETE
65,65,0.8726761225023623,2025-01-01 13:15:06.710751,2025-01-01 13:17:00.711651,0 days 00:01:54.000900,3,75,115.0,,,,,,,,,,,85.0,,,,,,,,6,6.0,,,,,,,,,,,5.0,,,,,,,,COMPLETE
66,66,0.8888167831886398,2025-01-01 13:17:00.712191,2025-01-01 13:17:15.702522,0 days 00:00:14.990331,1,50,,,,,,,,,,,,,,,,,,,,6,,,,,,,,,,,,,,,,,,,,COMPLETE
67,67,0.8774534537746295,2025-01-01 13:17:15.702881,2025-01-01 13:18:07.741745,0 days 00:00:52.038864,3,25,90.0,,,,,,,,,,,40.0,,,,,,,,5,5.0,,,,,,,,,,,4.0,,,,,,,,COMPLETE
68,68,0.0,2025-01-01 13:18:07.742281,2025-01-01 13:18:40.538589,0 days 00:00:32.796308,12,10,5.0,200.0,140.0,,,,,,,,,50.0,35.0,10.0,25.0,175.0,30.0,170.0,150.0,6,2.0,5.0,5.0,,,,,,,,,3.0,4.0,4.0,6.0,3.0,5.0,4.0,5.0,COMPLETE
69,69,0.8711553605849438,2025-01-01 13:18:40.539314,2025-01-01 13:19:34.452944,0 days 00:00:53.913630,2,140,15.0,,,,,,,,,,,,,,,,,,,5,4.0,,,,,,,,,,,,,,,,,,,COMPLETE
70,70,0.8967216961956581,2025-01-01 13:19:34.453459,2025-01-01 13:19:49.491280,0 days 00:00:15.037821,1,130,,,,,,,,,,,,,,,,,,,,6,,,,,,,,,,,,,,,,,,,,COMPLETE
71,71,0.6872593025043117,2025-01-01 13:19:49.491649,2025-01-01 13:20:08.265683,0 days 00:00:18.774034,1,160,,,,,,,,,,,,,,,,,,,,6,,,,,,,,,,,,,,,,,,,,COMPLETE
72,72,0.9088552184148575,2025-01-01 13:20:08.266038,2025-01-01 13:20:27.235272,0 days 00:00:18.969234,1,130,,,,,,,,,,,,,,,,,,,,6,,,,,,,,,,,,,,,,,,,,COMPLETE
73,73,0.8713412411722463,2025-01-01 13:20:27.235744,2025-01-01 13:21:17.771388,0 days 00:00:50.535644,3,125,110.0,,,,,,,,,,,130.0,,,,,,,,6,3.0,,,,,,,,,,,2.0,,,,,,,,COMPLETE
74,74,0.8859656260399685,2025-01-01 13:21:17.771918,2025-01-01 13:21:37.556982,0 days 00:00:19.785064,1,130,,,,,,,,,,,,,,,,,,,,6,,,,,,,,,,,,,,,,,,,,COMPLETE
75,75,0.8579090677602289,2025-01-01 13:21:37.557358,2025-01-01 13:22:41.373647,0 days 00:01:03.816289,2,110,35.0,,,,,,,,,,,,,,,,,,,6,5.0,,,,,,,,,,,,,,,,,,,COMPLETE
76,76,0.8907596528352808,2025-01-01 13:22:41.374171,2025-01-01 13:22:57.734330,0 days 00:00:16.360159,1,100,,,,,,,,,,,,,,,,,,,,6,,,,,,,,,,,,,,,,,,,,COMPLETE
77,77,0.8662842900428742,2025-01-01 13:22:57.734788,2025-01-01 13:24:47.642319,0 days 00:01:49.907531,2,150,160.0,,,,,,,,,,,,,,,,,,,6,6.0,,,,,,,,,,,,,,,,,,,COMPLETE
78,78,0.8707495019541646,2025-01-01 13:24:47.642815,2025-01-01 13:27:28.552839,0 days 00:02:40.910024,3,120,170.0,,,,,,,,,,,110.0,,,,,,,,6,4.0,,,,,,,,,,,6.0,,,,,,,,COMPLETE
79,79,0.8795055086407357,2025-01-01 13:27:28.553349,2025-01-01 13:29:00.802817,0 days 00:01:32.249468,4,135,135.0,,,,,,,,,,,75.0,60.0,,,,,,,6,3.0,,,,,,,,,,,4.0,3.0,,,,,,,COMPLETE
80,80,0.7257571327294534,2025-01-01 13:29:00.803346,2025-01-01 13:29:18.075694,0 days 00:00:17.272348,1,145,,,,,,,,,,,,,,,,,,,,6,,,,,,,,,,,,,,,,,,,,COMPLETE
81,81,0.8840268158250475,2025-01-01 13:29:18.076120,2025-01-01 13:29:31.656184,0 days 00:00:13.580064,1,165,,,,,,,,,,,,,,,,,,,,4,,,,,,,,,,,,,,,,,,,,COMPLETE
82,82,0.8693291117208521,2025-01-01 13:29:31.656541,2025-01-01 13:30:06.239440,0 days 00:00:34.582899,2,185,75.0,,,,,,,,,,,,,,,,,,,6,2.0,,,,,,,,,,,,,,,,,,,COMPLETE
83,83,0.8869305394562184,2025-01-01 13:30:06.239920,2025-01-01 13:30:22.514264,0 days 00:00:16.274344,1,170,,,,,,,,,,,,,,,,,,,,6,,,,,,,,,,,,,,,,,,,,COMPLETE
84,84,0.8670337477326664,2025-01-01 13:30:22.514600,2025-01-01 13:32:10.487850,0 days 00:01:47.973250,2,155,50.0,,,,,,,,,,,,,,,,,,,5,6.0,,,,,,,,,,,,,,,,,,,COMPLETE
85,85,0.8349566559452345,2025-01-01 13:32:10.488346,2025-01-01 13:32:29.617518,0 days 00:00:19.129172,1,175,,,,,,,,,,,,,,,,,,,,6,,,,,,,,,,,,,,,,,,,,COMPLETE
86,86,0.8649283705199589,2025-01-01 13:32:29.617969,2025-01-01 13:33:25.276950,0 days 00:00:55.658981,2,145,25.0,,,,,,,,,,,,,,,,,,,5,4.0,,,,,,,,,,,,,,,,,,,COMPLETE
87,87,0.8711242294640885,2025-01-01 13:33:25.277440,2025-01-01 13:36:19.095737,0 days 00:02:53.818297,3,165,180.0,,,,,,,,,,,155.0,,,,,,,,6,5.0,,,,,,,,,,,5.0,,,,,,,,COMPLETE
88,88,0.8413122772460437,2025-01-01 13:36:19.096252,2025-01-01 13:36:31.420870,0 days 00:00:12.324618,1,155,,,,,,,,,,,,,,,,,,,,4,,,,,,,,,,,,,,,,,,,,COMPLETE
89,89,0.0,2025-01-01 13:36:31.421311,2025-01-01 13:37:02.808475,0 days 00:00:31.387164,4,195,150.0,,,,,,,,,,,170.0,200.0,,,,,,,6,4.0,,,,,,,,,,,3.0,5.0,,,,,,,COMPLETE
90,90,0.8699481380713067,2025-01-01 13:37:02.808889,2025-01-01 13:37:53.249900,0 days 00:00:50.441011,2,75,85.0,,,,,,,,,,,,,,,,,,,6,5.0,,,,,,,,,,,,,,,,,,,COMPLETE
91,91,0.8989183135027712,2025-01-01 13:37:53.250394,2025-01-01 13:38:09.264290,0 days 00:00:16.013896,1,175,,,,,,,,,,,,,,,,,,,,6,,,,,,,,,,,,,,,,,,,,COMPLETE
92,92,0.8514935612634273,2025-01-01 13:38:09.264637,2025-01-01 13:38:28.544325,0 days 00:00:19.279688,1,175,,,,,,,,,,,,,,,,,,,,6,,,,,,,,,,,,,,,,,,,,COMPLETE
93,93,0.8669772437893537,2025-01-01 13:38:28.544784,2025-01-01 13:39:17.016603,0 days 00:00:48.471819,2,180,40.0,,,,,,,,,,,,,,,,,,,6,3.0,,,,,,,,,,,,,,,,,,,COMPLETE
94,94,0.8388428385431608,2025-01-01 13:39:17.031501,2025-01-01 13:39:35.147955,0 days 00:00:18.116454,1,160,,,,,,,,,,,,,,,,,,,,6,,,,,,,,,,,,,,,,,,,,COMPLETE
95,95,0.8680877931331096,2025-01-01 13:39:35.148306,2025-01-01 13:40:08.819075,0 days 00:00:33.670769,2,170,105.0,,,,,,,,,,,,,,,,,,,6,2.0,,,,,,,,,,,,,,,,,,,COMPLETE
96,96,0.8649809714820835,2025-01-01 13:40:08.819554,2025-01-01 13:40:27.623461,0 days 00:00:18.803907,1,185,,,,,,,,,,,,,,,,,,,,6,,,,,,,,,,,,,,,,,,,,COMPLETE
97,97,0.8734414243455936,2025-01-01 13:40:27.624060,2025-01-01 13:42:34.710390,0 days 00:02:07.086330,3,165,10.0,,,,,,,,,,,200.0,,,,,,,,6,6.0,,,,,,,,,,,6.0,,,,,,,,COMPLETE
98,98,0.8661833730852135,2025-01-01 13:42:34.710915,2025-01-01 13:43:37.348842,0 days 00:01:02.637927,2,110,120.0,,,,,,,,,,,,,,,,,,,5,5.0,,,,,,,,,,,,,,,,,,,COMPLETE
99,99,0.0,2025-01-01 13:43:37.349342,2025-01-01 13:44:14.516401,0 days 00:00:37.167059,15,195,65.0,140.0,145.0,195.0,130.0,100.0,,,,,,135.0,40.0,30.0,200.0,90.0,165.0,30.0,95.0,3,2.0,5.0,3.0,3.0,2.0,5.0,,,,,,2.0,2.0,6.0,3.0,2.0,2.0,2.0,3.0,COMPLETE
100,100,0.8612421213736706,2025-01-01 13:44:14.517110,2025-01-01 13:44:29.543252,0 days 00:00:15.026142,1,55,,,,,,,,,,,,,,,,,,,,6,,,,,,,,,,,,,,,,,,,,COMPLETE
101,101,0.8465825898295646,2025-01-01 13:44:29.554187,2025-01-01 13:44:46.631596,0 days 00:00:17.077409,1,95,,,,,,,,,,,,,,,,,,,,6,,,,,,,,,,,,,,,,,,,,COMPLETE
102,102,0.887432476436451,2025-01-01 13:44:46.631947,2025-01-01 13:45:02.501527,0 days 00:00:15.869580,1,100,,,,,,,,,,,,,,,,,,,,6,,,,,,,,,,,,,,,,,,,,COMPLETE
103,103,0.8739401749983042,2025-01-01 13:45:02.501979,2025-01-01 13:46:20.735850,0 days 00:01:18.233871,3,170,30.0,,,,,,,,,,,120.0,,,,,,,,6,4.0,,,,,,,,,,,5.0,,,,,,,,COMPLETE
104,104,0.8791499086253133,2025-01-01 13:46:20.736369,2025-01-01 13:46:42.113145,0 days 00:00:21.376776,2,5,195.0,,,,,,,,,,,,,,,,,,,6,6.0,,,,,,,,,,,,,,,,,,,COMPLETE
105,105,0.8445599310077676,2025-01-01 13:46:42.113525,2025-01-01 13:46:59.359063,0 days 00:00:17.245538,1,85,,,,,,,,,,,,,,,,,,,,6,,,,,,,,,,,,,,,,,,,,COMPLETE
106,106,0.8739494870294089,2025-01-01 13:46:59.359526,2025-01-01 13:47:49.640145,0 days 00:00:50.280619,2,175,140.0,,,,,,,,,,,,,,,,,,,6,3.0,,,,,,,,,,,,,,,,,,,COMPLETE
107,107,0.8944873714384598,2025-01-01 13:47:49.640646,2025-01-01 13:48:00.729467,0 days 00:00:11.088821,1,20,,,,,,,,,,,,,,,,,,,,4,,,,,,,,,,,,,,,,,,,,COMPLETE
108,108,0.8709125297055491,2025-01-01 13:48:00.729832,2025-01-01 13:48:46.110382,0 days 00:00:45.380550,3,35,95.0,,,,,,,,,,,30.0,,,,,,,,4,3.0,,,,,,,,,,,4.0,,,,,,,,COMPLETE
109,109,0.0,2025-01-01 13:48:46.110897,2025-01-01 13:49:34.371000,0 days 00:00:48.260103,10,15,75.0,,,,,,,,,,,95.0,25.0,130.0,80.0,125.0,130.0,80.0,165.0,4,2.0,,,,,,,,,,,3.0,6.0,5.0,5.0,4.0,3.0,6.0,2.0,COMPLETE
110,110,0.42106459362043275,2025-01-01 13:49:34.371651,2025-01-01 13:49:45.617845,0 days 00:00:11.246194,1,20,,,,,,,,,,,,,,,,,,,,4,,,,,,,,,,,,,,,,,,,,COMPLETE
111,111,0.761112125236235,2025-01-01 13:49:45.618189,2025-01-01 13:49:53.108551,0 days 00:00:07.490362,1,5,,,,,,,,,,,,,,,,,,,,3,,,,,,,,,,,,,,,,,,,,COMPLETE
112,112,0.8810605325737735,2025-01-01 13:49:53.108889,2025-01-01 13:50:13.574636,0 days 00:00:20.465747,2,10,55.0,,,,,,,,,,,,,,,,,,,6,4.0,,,,,,,,,,,,,,,,,,,COMPLETE
113,113,0.0,2025-01-01 13:50:13.575006,2025-01-01 13:51:04.149780,0 days 00:00:50.574774,8,120,165.0,,,,,,,,,,,170.0,100.0,155.0,155.0,50.0,80.0,,,2,5.0,,,,,,,,,,,6.0,4.0,3.0,4.0,6.0,5.0,,,COMPLETE
