,number,value,datetime_start,datetime_complete,duration,params_depth,params_neurons_layer_0,params_neurons_layer_1,params_neurons_layer_10,params_neurons_layer_11,params_neurons_layer_12,params_neurons_layer_13,params_neurons_layer_14,params_neurons_layer_15,params_neurons_layer_16,params_neurons_layer_17,params_neurons_layer_18,params_neurons_layer_19,params_neurons_layer_2,params_neurons_layer_3,params_neurons_layer_4,params_neurons_layer_5,params_neurons_layer_6,params_neurons_layer_7,params_neurons_layer_8,params_neurons_layer_9,params_orders_layer_0,params_orders_layer_1,params_orders_layer_10,params_orders_layer_11,params_orders_layer_12,params_orders_layer_13,params_orders_layer_14,params_orders_layer_15,params_orders_layer_16,params_orders_layer_17,params_orders_layer_18,params_orders_layer_19,params_orders_layer_2,params_orders_layer_3,params_orders_layer_4,params_orders_layer_5,params_orders_layer_6,params_orders_layer_7,params_orders_layer_8,params_orders_layer_9,state
472,472,0.8141568483063328,2025-01-01 10:31:01.275557,2025-01-01 10:31:03.339283,0 days 00:00:02.063726,1,110,,,,,,,,,,,,,,,,,,,,3,,,,,,,,,,,,,,,,,,,,COMPLETE
473,473,0.8427536231884059,2025-01-01 10:31:03.339701,2025-01-01 10:31:07.423127,0 days 00:00:04.083426,2,115,115.0,,,,,,,,,,,,,,,,,,,3,3.0,,,,,,,,,,,,,,,,,,,COMPLETE
474,474,0.8284600389863548,2025-01-01 10:31:07.423580,2025-01-01 10:31:14.301894,0 days 00:00:06.878314,3,105,130.0,,,,,,,,,,,80.0,,,,,,,,3,4.0,,,,,,,,,,,5.0,,,,,,,,COMPLETE
475,475,0.8392344497607656,2025-01-01 10:31:14.302424,2025-01-01 10:31:18.147614,0 days 00:00:03.845190,2,120,120.0,,,,,,,,,,,,,,,,,,,3,3.0,,,,,,,,,,,,,,,,,,,COMPLETE
476,476,0.8287337662337663,2025-01-01 10:31:18.148060,2025-01-01 10:31:24.165418,0 days 00:00:06.017358,3,125,140.0,,,,,,,,,,,40.0,,,,,,,,4,3.0,,,,,,,,,,,5.0,,,,,,,,COMPLETE
477,477,0.8198198198198199,2025-01-01 10:31:24.165903,2025-01-01 10:31:28.699707,0 days 00:00:04.533804,2,130,115.0,,,,,,,,,,,,,,,,,,,3,4.0,,,,,,,,,,,,,,,,,,,COMPLETE
478,478,0.0,2025-01-01 10:31:28.700289,2025-01-01 10:31:32.151354,0 days 00:00:03.451065,5,120,135.0,,,,,,,,,,,85.0,25.0,135.0,,,,,,6,3.0,,,,,,,,,,,2.0,6.0,6.0,,,,,,COMPLETE
479,479,0.7982300884955753,2025-01-01 10:31:32.151886,2025-01-01 10:31:38.792988,0 days 00:00:06.641102,3,110,125.0,,,,,,,,,,,160.0,,,,,,,,6,3.0,,,,,,,,,,,5.0,,,,,,,,COMPLETE
480,480,0.7191893158388003,2025-01-01 10:31:38.793466,2025-01-01 10:31:42.087705,0 days 00:00:03.294239,1,135,,,,,,,,,,,,,,,,,,,,6,,,,,,,,,,,,,,,,,,,,COMPLETE
481,481,0.8340579710144927,2025-01-01 10:31:42.088125,2025-01-01 10:31:48.657429,0 days 00:00:06.569304,3,115,120.0,,,,,,,,,,,60.0,,,,,,,,6,4.0,,,,,,,,,,,5.0,,,,,,,,COMPLETE
482,482,0.0,2025-01-01 10:31:48.657932,2025-01-01 10:31:51.991142,0 days 00:00:03.333210,4,105,130.0,,,,,,,,,,,75.0,145.0,,,,,,,6,3.0,,,,,,,,,,,5.0,3.0,,,,,,,COMPLETE
483,483,0.8482021844853703,2025-01-01 10:31:51.991638,2025-01-01 10:31:57.927158,0 days 00:00:05.935520,3,130,200.0,,,,,,,,,,,50.0,,,,,,,,6,3.0,,,,,,,,,,,5.0,,,,,,,,COMPLETE
484,484,0.8108108108108109,2025-01-01 10:31:57.927644,2025-01-01 10:32:02.086112,0 days 00:00:04.158468,2,145,115.0,,,,,,,,,,,,,,,,,,,6,2.0,,,,,,,,,,,,,,,,,,,COMPLETE
485,485,0.875,2025-01-01 10:32:02.086568,2025-01-01 10:32:08.009406,0 days 00:00:05.922838,3,120,125.0,,,,,,,,,,,65.0,,,,,,,,6,4.0,,,,,,,,,,,2.0,,,,,,,,COMPLETE
486,486,0.0,2025-01-01 10:32:08.009885,2025-01-01 10:32:10.505917,0 days 00:00:02.496032,4,120,130.0,,,,,,,,,,,165.0,65.0,,,,,,,5,3.0,,,,,,,,,,,2.0,5.0,,,,,,,COMPLETE
487,487,0.8482021844853703,2025-01-01 10:32:10.506408,2025-01-01 10:32:15.344092,0 days 00:00:04.837684,2,125,125.0,,,,,,,,,,,,,,,,,,,6,4.0,,,,,,,,,,,,,,,,,,,COMPLETE
488,488,0.8195989283104652,2025-01-01 10:32:15.344551,2025-01-01 10:32:20.209081,0 days 00:00:04.864530,3,120,120.0,,,,,,,,,,,145.0,,,,,,,,3,3.0,,,,,,,,,,,2.0,,,,,,,,COMPLETE
489,489,0.8302353410450738,2025-01-01 10:32:20.209559,2025-01-01 10:32:24.596359,0 days 00:00:04.386800,2,115,120.0,,,,,,,,,,,,,,,,,,,6,3.0,,,,,,,,,,,,,,,,,,,COMPLETE
490,490,0.7931775700934579,2025-01-01 10:32:24.596818,2025-01-01 10:32:28.095035,0 days 00:00:03.498217,1,125,,,,,,,,,,,,,,,,,,,,6,,,,,,,,,,,,,,,,,,,,COMPLETE
491,491,0.8340572715572716,2025-01-01 10:32:28.095526,2025-01-01 10:32:33.084052,0 days 00:00:04.988526,3,125,135.0,,,,,,,,,,,65.0,,,,,,,,4,3.0,,,,,,,,,,,2.0,,,,,,,,COMPLETE
492,492,0.0,2025-01-01 10:32:33.084536,2025-01-01 10:32:36.987694,0 days 00:00:03.903158,6,115,125.0,,,,,,,,,,,50.0,90.0,180.0,180.0,,,,,5,4.0,,,,,,,,,,,2.0,6.0,3.0,5.0,,,,,COMPLETE
493,493,0.8123653769445554,2025-01-01 10:32:36.988235,2025-01-01 10:32:40.841972,0 days 00:00:03.853737,2,140,130.0,,,,,,,,,,,,,,,,,,,3,3.0,,,,,,,,,,,,,,,,,,,COMPLETE
494,494,0.8012190166598944,2025-01-01 10:32:40.842565,2025-01-01 10:32:48.380505,0 days 00:00:07.537940,4,120,115.0,,,,,,,,,,,40.0,50.0,,,,,,,6,3.0,,,,,,,,,,,2.0,5.0,,,,,,,COMPLETE
495,495,0.7782145782145782,2025-01-01 10:32:48.381009,2025-01-01 10:32:53.920248,0 days 00:00:05.539239,3,130,125.0,,,,,,,,,,,190.0,,,,,,,,6,4.0,,,,,,,,,,,3.0,,,,,,,,COMPLETE
496,496,0.8571428571428571,2025-01-01 10:32:53.920731,2025-01-01 10:32:58.250641,0 days 00:00:04.329910,2,115,140.0,,,,,,,,,,,,,,,,,,,6,3.0,,,,,,,,,,,,,,,,,,,COMPLETE
497,497,0.7683673469387755,2025-01-01 10:32:58.251091,2025-01-01 10:33:01.946126,0 days 00:00:03.695035,1,115,,,,,,,,,,,,,,,,,,,,6,,,,,,,,,,,,,,,,,,,,COMPLETE
498,498,0.8121556186341626,2025-01-01 10:33:01.946579,2025-01-01 10:33:05.992515,0 days 00:00:04.045936,2,110,140.0,,,,,,,,,,,,,,,,,,,6,3.0,,,,,,,,,,,,,,,,,,,COMPLETE
499,499,0.8084045584045584,2025-01-01 10:33:05.992966,2025-01-01 10:33:09.118094,0 days 00:00:03.125128,1,115,,,,,,,,,,,,,,,,,,,,6,,,,,,,,,,,,,,,,,,,,COMPLETE
500,500,0.8274237540292586,2025-01-01 10:33:09.118525,2025-01-01 10:33:13.909043,0 days 00:00:04.790518,2,110,145.0,,,,,,,,,,,,,,,,,,,6,4.0,,,,,,,,,,,,,,,,,,,COMPLETE
501,501,0.7767679183608387,2025-01-01 10:33:13.909503,2025-01-01 10:33:18.001389,0 days 00:00:04.091886,2,120,135.0,,,,,,,,,,,,,,,,,,,6,3.0,,,,,,,,,,,,,,,,,,,COMPLETE
502,502,0.8392344497607656,2025-01-01 10:33:18.001856,2025-01-01 10:33:22.542510,0 days 00:00:04.540654,2,115,140.0,,,,,,,,,,,,,,,,,,,6,4.0,,,,,,,,,,,,,,,,,,,COMPLETE
503,503,0.7191893158388003,2025-01-01 10:33:22.542966,2025-01-01 10:33:25.296078,0 days 00:00:02.753112,1,110,,,,,,,,,,,,,,,,,,,,6,,,,,,,,,,,,,,,,,,,,COMPLETE
504,504,0.8251287001287001,2025-01-01 10:33:25.296509,2025-01-01 10:33:29.626913,0 days 00:00:04.330404,2,115,150.0,,,,,,,,,,,,,,,,,,,6,3.0,,,,,,,,,,,,,,,,,,,COMPLETE
505,505,0.8481053051455923,2025-01-01 10:33:29.627361,2025-01-01 10:33:33.413511,0 days 00:00:03.786150,2,110,110.0,,,,,,,,,,,,,,,,,,,6,3.0,,,,,,,,,,,,,,,,,,,COMPLETE
506,506,0.8213716108452951,2025-01-01 10:33:33.413962,2025-01-01 10:33:38.228504,0 days 00:00:04.814542,2,70,145.0,,,,,,,,,,,,,,,,,,,6,4.0,,,,,,,,,,,,,,,,,,,COMPLETE
507,507,0.8303436179542374,2025-01-01 10:33:38.229032,2025-01-01 10:33:43.314533,0 days 00:00:05.085501,3,120,135.0,,,,,,,,,,,180.0,,,,,,,,6,3.0,,,,,,,,,,,2.0,,,,,,,,COMPLETE
508,508,0.8429745407669997,2025-01-01 10:33:43.315018,2025-01-01 10:33:47.346804,0 days 00:00:04.031786,2,115,115.0,,,,,,,,,,,,,,,,,,,6,3.0,,,,,,,,,,,,,,,,,,,COMPLETE
509,509,0.823837791997533,2025-01-01 10:33:47.347248,2025-01-01 10:33:51.219014,0 days 00:00:03.871766,1,120,,,,,,,,,,,,,,,,,,,,6,,,,,,,,,,,,,,,,,,,,COMPLETE
510,510,0.8546853031180217,2025-01-01 10:33:51.219597,2025-01-01 10:33:57.223159,0 days 00:00:06.003562,3,110,140.0,,,,,,,,,,,140.0,,,,,,,,6,6.0,,,,,,,,,,,2.0,,,,,,,,COMPLETE
511,511,0.8287732402370707,2025-01-01 10:33:57.223653,2025-01-01 10:34:01.719031,0 days 00:00:04.495378,2,115,100.0,,,,,,,,,,,,,,,,,,,6,4.0,,,,,,,,,,,,,,,,,,,COMPLETE
512,512,0.8161705551086083,2025-01-01 10:34:01.719498,2025-01-01 10:34:07.695274,0 days 00:00:05.975776,3,105,105.0,,,,,,,,,,,30.0,,,,,,,,6,4.0,,,,,,,,,,,3.0,,,,,,,,COMPLETE
513,513,0.7931775700934579,2025-01-01 10:34:07.695772,2025-01-01 10:34:11.000141,0 days 00:00:03.304369,1,140,,,,,,,,,,,,,,,,,,,,6,,,,,,,,,,,,,,,,,,,,COMPLETE
514,514,0.0,2025-01-01 10:34:11.000596,2025-01-01 10:34:22.882695,0 days 00:00:11.882099,20,120,200.0,30.0,75.0,75.0,170.0,30.0,150.0,65.0,90.0,190.0,15.0,195.0,75.0,20.0,70.0,100.0,115.0,185.0,125.0,6,2.0,5.0,6.0,4.0,3.0,6.0,5.0,4.0,4.0,2.0,6.0,2.0,3.0,2.0,4.0,3.0,2.0,5.0,4.0,COMPLETE
515,515,0.8035714285714286,2025-01-01 10:34:22.883495,2025-01-01 10:34:26.993922,0 days 00:00:04.110427,2,135,145.0,,,,,,,,,,,,,,,,,,,6,3.0,,,,,,,,,,,,,,,,,,,COMPLETE
516,516,0.8030060761112888,2025-01-01 10:34:26.994372,2025-01-01 10:34:32.223158,0 days 00:00:05.228786,3,110,115.0,,,,,,,,,,,135.0,,,,,,,,6,3.0,,,,,,,,,,,2.0,,,,,,,,COMPLETE
517,517,0.0,2025-01-01 10:34:32.223652,2025-01-01 10:34:34.780904,0 days 00:00:02.557252,4,125,130.0,,,,,,,,,,,70.0,140.0,,,,,,,5,3.0,,,,,,,,,,,2.0,6.0,,,,,,,COMPLETE
518,518,0.8054054054054054,2025-01-01 10:34:34.781404,2025-01-01 10:34:38.824322,0 days 00:00:04.042918,2,120,110.0,,,,,,,,,,,,,,,,,,,6,3.0,,,,,,,,,,,,,,,,,,,COMPLETE
519,519,0.7677830940988836,2025-01-01 10:34:38.824789,2025-01-01 10:34:44.857107,0 days 00:00:06.032318,3,105,120.0,,,,,,,,,,,75.0,,,,,,,,6,4.0,,,,,,,,,,,3.0,,,,,,,,COMPLETE
520,520,0.851842910027362,2025-01-01 10:34:44.857605,2025-01-01 10:34:49.191073,0 days 00:00:04.333468,2,115,135.0,,,,,,,,,,,,,,,,,,,6,3.0,,,,,,,,,,,,,,,,,,,COMPLETE
521,521,0.814636246233319,2025-01-01 10:34:49.191602,2025-01-01 10:34:52.989511,0 days 00:00:03.797909,1,115,,,,,,,,,,,,,,,,,,,,6,,,,,,,,,,,,,,,,,,,,COMPLETE
522,522,0.771286013198133,2025-01-01 10:34:52.989946,2025-01-01 10:34:58.907060,0 days 00:00:05.917114,3,120,200.0,,,,,,,,,,,120.0,,,,,,,,4,4.0,,,,,,,,,,,3.0,,,,,,,,COMPLETE
523,523,0.0,2025-01-01 10:34:58.907565,2025-01-01 10:35:01.374969,0 days 00:00:02.467404,4,130,150.0,,,,,,,,,,,175.0,115.0,,,,,,,6,3.0,,,,,,,,,,,2.0,4.0,,,,,,,COMPLETE
524,524,0.8325958702064897,2025-01-01 10:35:01.375498,2025-01-01 10:35:05.486208,0 days 00:00:04.110710,2,125,120.0,,,,,,,,,,,,,,,,,,,6,3.0,,,,,,,,,,,,,,,,,,,COMPLETE
525,525,0.8481053051455923,2025-01-01 10:35:05.486677,2025-01-01 10:35:11.120570,0 days 00:00:05.633893,3,110,125.0,,,,,,,,,,,30.0,,,,,,,,6,3.0,,,,,,,,,,,3.0,,,,,,,,COMPLETE
526,526,0.8018018018018018,2025-01-01 10:35:11.121175,2025-01-01 10:35:15.186584,0 days 00:00:04.065409,2,115,115.0,,,,,,,,,,,,,,,,,,,6,3.0,,,,,,,,,,,,,,,,,,,COMPLETE
527,527,0.8392344497607656,2025-01-01 10:35:15.187053,2025-01-01 10:35:21.160059,0 days 00:00:05.973006,3,125,95.0,,,,,,,,,,,90.0,,,,,,,,6,4.0,,,,,,,,,,,2.0,,,,,,,,COMPLETE
528,528,0.8251287001287001,2025-01-01 10:35:21.160558,2025-01-01 10:35:26.654194,0 days 00:00:05.493636,3,110,130.0,,,,,,,,,,,60.0,,,,,,,,6,3.0,,,,,,,,,,,2.0,,,,,,,,COMPLETE
529,529,0.0,2025-01-01 10:35:26.654693,2025-01-01 10:35:29.803696,0 days 00:00:03.149003,5,105,110.0,,,,,,,,,,,160.0,180.0,30.0,,,,,,6,4.0,,,,,,,,,,,2.0,5.0,4.0,,,,,,COMPLETE
530,530,0.7705770577057706,2025-01-01 10:35:29.804227,2025-01-01 10:35:33.268296,0 days 00:00:03.464069,1,145,,,,,,,,,,,,,,,,,,,,6,,,,,,,,,,,,,,,,,,,,COMPLETE
531,531,0.8214285714285714,2025-01-01 10:35:33.268749,2025-01-01 10:35:37.358614,0 days 00:00:04.089865,2,120,155.0,,,,,,,,,,,,,,,,,,,6,3.0,,,,,,,,,,,,,,,,,,,COMPLETE
532,532,0.855646667207924,2025-01-01 10:35:37.359072,2025-01-01 10:35:41.604449,0 days 00:00:04.245377,2,115,195.0,,,,,,,,,,,,,,,,,,,5,3.0,,,,,,,,,,,,,,,,,,,COMPLETE
533,533,0.0,2025-01-01 10:35:41.604922,2025-01-01 10:35:44.981490,0 days 00:00:03.376568,4,130,120.0,,,,,,,,,,,35.0,80.0,,,,,,,6,3.0,,,,,,,,,,,3.0,6.0,,,,,,,COMPLETE
534,534,0.8161196911196911,2025-01-01 10:35:44.982008,2025-01-01 10:35:51.523223,0 days 00:00:06.541215,3,135,105.0,,,,,,,,,,,55.0,,,,,,,,6,4.0,,,,,,,,,,,4.0,,,,,,,,COMPLETE
535,535,0.8233366109472304,2025-01-01 10:35:51.523731,2025-01-01 10:35:55.863293,0 days 00:00:04.339562,2,120,55.0,,,,,,,,,,,,,,,,,,,6,3.0,,,,,,,,,,,,,,,,,,,COMPLETE
536,536,0.0,2025-01-01 10:35:55.863765,2025-01-01 10:35:58.784604,0 days 00:00:02.920839,3,85,200.0,,,,,,,,,,,170.0,,,,,,,,4,4.0,,,,,,,,,,,2.0,,,,,,,,COMPLETE
537,537,0.8041706825549813,2025-01-01 10:35:58.785112,2025-01-01 10:36:02.111581,0 days 00:00:03.326469,1,110,,,,,,,,,,,,,,,,,,,,6,,,,,,,,,,,,,,,,,,,,COMPLETE
538,538,0.0,2025-01-01 10:36:02.112091,2025-01-01 10:36:04.676108,0 days 00:00:02.564017,4,115,140.0,,,,,,,,,,,45.0,55.0,,,,,,,6,3.0,,,,,,,,,,,2.0,5.0,,,,,,,COMPLETE
539,539,0.8875281985175636,2025-01-01 10:36:04.676632,2025-01-01 10:36:10.282505,0 days 00:00:05.605873,3,140,110.0,,,,,,,,,,,150.0,,,,,,,,6,4.0,,,,,,,,,,,2.0,,,,,,,,COMPLETE
540,540,0.8288961038961038,2025-01-01 10:36:10.282992,2025-01-01 10:36:14.815761,0 days 00:00:04.532769,2,145,105.0,,,,,,,,,,,,,,,,,,,6,4.0,,,,,,,,,,,,,,,,,,,COMPLETE
541,541,0.8140773516879711,2025-01-01 10:36:14.816226,2025-01-01 10:36:19.162970,0 days 00:00:04.346744,2,135,110.0,,,,,,,,,,,,,,,,,,,4,4.0,,,,,,,,,,,,,,,,,,,COMPLETE
542,542,0.8789075088623912,2025-01-01 10:36:19.163580,2025-01-01 10:36:23.663974,0 days 00:00:04.500394,2,140,110.0,,,,,,,,,,,,,,,,,,,6,4.0,,,,,,,,,,,,,,,,,,,COMPLETE
543,543,0.0,2025-01-01 10:36:23.664439,2025-01-01 10:36:30.078927,0 days 00:00:06.414488,10,140,105.0,,,,,,,,,,,105.0,10.0,75.0,165.0,20.0,160.0,150.0,100.0,6,4.0,,,,,,,,,,,2.0,4.0,6.0,3.0,3.0,3.0,6.0,6.0,COMPLETE
544,544,0.8009338669716028,2025-01-01 10:36:30.079547,2025-01-01 10:36:33.257917,0 days 00:00:03.178370,1,140,,,,,,,,,,,,,,,,,,,,6,,,,,,,,,,,,,,,,,,,,COMPLETE
545,545,0.8251247384516337,2025-01-01 10:36:33.258369,2025-01-01 10:36:37.776545,0 days 00:00:04.518176,2,140,110.0,,,,,,,,,,,,,,,,,,,6,4.0,,,,,,,,,,,,,,,,,,,COMPLETE
546,546,0.8559714216124057,2025-01-01 10:36:37.777007,2025-01-01 10:36:42.628850,0 days 00:00:04.851843,2,150,105.0,,,,,,,,,,,,,,,,,,,6,4.0,,,,,,,,,,,,,,,,,,,COMPLETE
547,547,0.6430921052631579,2025-01-01 10:36:42.629324,2025-01-01 10:36:46.335664,0 days 00:00:03.706340,1,145,,,,,,,,,,,,,,,,,,,,6,,,,,,,,,,,,,,,,,,,,COMPLETE
548,548,0.8390804597701149,2025-01-01 10:36:46.336114,2025-01-01 10:36:50.567282,0 days 00:00:04.231168,2,145,110.0,,,,,,,,,,,,,,,,,,,6,4.0,,,,,,,,,,,,,,,,,,,COMPLETE
549,549,0.860901045856798,2025-01-01 10:36:50.567751,2025-01-01 10:36:55.101285,0 days 00:00:04.533534,2,135,100.0,,,,,,,,,,,,,,,,,,,6,4.0,,,,,,,,,,,,,,,,,,,COMPLETE
550,550,0.8557504873294347,2025-01-01 10:36:55.101756,2025-01-01 10:36:59.606598,0 days 00:00:04.504842,2,135,100.0,,,,,,,,,,,,,,,,,,,6,4.0,,,,,,,,,,,,,,,,,,,COMPLETE
551,551,0.7517006802721089,2025-01-01 10:36:59.607068,2025-01-01 10:37:01.772131,0 days 00:00:02.165063,1,140,,,,,,,,,,,,,,,,,,,,5,,,,,,,,,,,,,,,,,,,,COMPLETE
552,552,0.8017857142857143,2025-01-01 10:37:01.772571,2025-01-01 10:37:06.265504,0 days 00:00:04.492933,2,130,100.0,,,,,,,,,,,,,,,,,,,6,4.0,,,,,,,,,,,,,,,,,,,COMPLETE
553,553,0.8392344497607656,2025-01-01 10:37:06.265964,2025-01-01 10:37:11.834851,0 days 00:00:05.568887,3,190,100.0,,,,,,,,,,,125.0,,,,,,,,6,4.0,,,,,,,,,,,2.0,,,,,,,,COMPLETE
554,554,0.598932112890923,2025-01-01 10:37:11.835337,2025-01-01 10:37:15.115736,0 days 00:00:03.280399,1,135,,,,,,,,,,,,,,,,,,,,6,,,,,,,,,,,,,,,,,,,,COMPLETE
555,555,0.8571428571428571,2025-01-01 10:37:15.116240,2025-01-01 10:37:20.633585,0 days 00:00:05.517345,3,135,95.0,,,,,,,,,,,95.0,,,,,,,,6,4.0,,,,,,,,,,,2.0,,,,,,,,COMPLETE
556,556,0.7946264848919716,2025-01-01 10:37:20.634076,2025-01-01 10:37:26.136940,0 days 00:00:05.502864,3,130,100.0,,,,,,,,,,,110.0,,,,,,,,6,4.0,,,,,,,,,,,2.0,,,,,,,,COMPLETE
557,557,0.0,2025-01-01 10:37:26.137437,2025-01-01 10:37:28.920266,0 days 00:00:02.782829,4,130,105.0,,,,,,,,,,,100.0,85.0,,,,,,,6,4.0,,,,,,,,,,,2.0,6.0,,,,,,,COMPLETE
558,558,0.0,2025-01-01 10:37:28.920791,2025-01-01 10:37:31.443764,0 days 00:00:02.522973,4,135,85.0,,,,,,,,,,,95.0,30.0,,,,,,,6,4.0,,,,,,,,,,,2.0,4.0,,,,,,,COMPLETE
559,559,0.8205128205128205,2025-01-01 10:37:31.444443,2025-01-01 10:37:37.019727,0 days 00:00:05.575284,3,140,95.0,,,,,,,,,,,90.0,,,,,,,,6,4.0,,,,,,,,,,,2.0,,,,,,,,COMPLETE
560,560,0.0,2025-01-01 10:37:37.020216,2025-01-01 10:37:40.268519,0 days 00:00:03.248303,5,125,90.0,,,,,,,,,,,80.0,100.0,110.0,,,,,,4,4.0,,,,,,,,,,,2.0,5.0,5.0,,,,,,COMPLETE
561,561,0.8699919549477071,2025-01-01 10:37:40.269053,2025-01-01 10:37:45.324124,0 days 00:00:05.055071,3,130,90.0,,,,,,,,,,,85.0,,,,,,,,5,4.0,,,,,,,,,,,2.0,,,,,,,,COMPLETE
562,562,0.7980041847738613,2025-01-01 10:37:45.324626,2025-01-01 10:37:50.706040,0 days 00:00:05.381414,3,135,85.0,,,,,,,,,,,85.0,,,,,,,,5,4.0,,,,,,,,,,,2.0,,,,,,,,COMPLETE
563,563,0.0,2025-01-01 10:37:50.706548,2025-01-01 10:37:55.053912,0 days 00:00:04.347364,8,130,90.0,,,,,,,,,,,100.0,125.0,155.0,15.0,125.0,75.0,,,5,4.0,,,,,,,,,,,2.0,3.0,3.0,5.0,2.0,4.0,,,COMPLETE
564,564,0.8161196911196911,2025-01-01 10:37:55.054496,2025-01-01 10:38:00.397083,0 days 00:00:05.342587,3,130,90.0,,,,,,,,,,,85.0,,,,,,,,4,4.0,,,,,,,,,,,2.0,,,,,,,,COMPLETE
565,565,0.8064828253507499,2025-01-01 10:38:00.397584,2025-01-01 10:38:05.494269,0 days 00:00:05.096685,3,125,80.0,,,,,,,,,,,75.0,,,,,,,,4,4.0,,,,,,,,,,,2.0,,,,,,,,COMPLETE
566,566,0.0,2025-01-01 10:38:05.494768,2025-01-01 10:38:08.946994,0 days 00:00:03.452226,6,130,100.0,,,,,,,,,,,95.0,110.0,40.0,130.0,,,,,5,4.0,,,,,,,,,,,2.0,5.0,4.0,2.0,,,,,COMPLETE
567,567,0.8341110217216412,2025-01-01 10:38:08.947564,2025-01-01 10:38:14.382053,0 days 00:00:05.434489,3,125,90.0,,,,,,,,,,,150.0,,,,,,,,5,4.0,,,,,,,,,,,2.0,,,,,,,,COMPLETE
568,568,0.7795733678086619,2025-01-01 10:38:14.382551,2025-01-01 10:38:18.900689,0 days 00:00:04.518138,2,135,95.0,,,,,,,,,,,,,,,,,,,6,4.0,,,,,,,,,,,,,,,,,,,COMPLETE
569,569,0.0,2025-01-01 10:38:18.901162,2025-01-01 10:38:21.732175,0 days 00:00:02.831013,4,140,85.0,,,,,,,,,,,95.0,150.0,,,,,,,6,4.0,,,,,,,,,,,2.0,6.0,,,,,,,COMPLETE
570,570,0.812125569134915,2025-01-01 10:38:21.732692,2025-01-01 10:38:26.607314,0 days 00:00:04.874622,2,125,90.0,,,,,,,,,,,,,,,,,,,6,4.0,,,,,,,,,,,,,,,,,,,COMPLETE
571,571,0.8658039779535107,2025-01-01 10:38:26.607799,2025-01-01 10:38:32.051124,0 days 00:00:05.443325,3,130,95.0,,,,,,,,,,,80.0,,,,,,,,5,4.0,,,,,,,,,,,2.0,,,,,,,,COMPLETE
572,572,0.0,2025-01-01 10:38:32.051698,2025-01-01 10:38:40.384853,0 days 00:00:08.333155,15,135,90.0,185.0,45.0,30.0,85.0,110.0,,,,,,85.0,70.0,95.0,25.0,30.0,180.0,50.0,5.0,5,4.0,2.0,2.0,6.0,5.0,2.0,,,,,,2.0,5.0,2.0,3.0,5.0,4.0,3.0,4.0,COMPLETE
573,573,0.8429605792437651,2025-01-01 10:38:40.385645,2025-01-01 10:38:47.572937,0 days 00:00:07.187292,4,130,95.0,,,,,,,,,,,80.0,135.0,,,,,,,5,4.0,,,,,,,,,,,2.0,6.0,,,,,,,COMPLETE
574,574,0.8469785575048733,2025-01-01 10:38:47.573472,2025-01-01 10:38:52.991998,0 days 00:00:05.418526,3,135,85.0,,,,,,,,,,,75.0,,,,,,,,5,4.0,,,,,,,,,,,2.0,,,,,,,,COMPLETE
575,575,0.8302353410450738,2025-01-01 10:38:52.992645,2025-01-01 10:38:58.450800,0 days 00:00:05.458155,3,130,140.0,,,,,,,,,,,90.0,,,,,,,,5,4.0,,,,,,,,,,,2.0,,,,,,,,COMPLETE
576,576,0.8392344497607656,2025-01-01 10:38:58.451295,2025-01-01 10:39:04.281233,0 days 00:00:05.829938,3,140,95.0,,,,,,,,,,,80.0,,,,,,,,5,4.0,,,,,,,,,,,2.0,,,,,,,,COMPLETE
577,577,0.0,2025-01-01 10:39:04.281727,2025-01-01 10:39:06.561994,0 days 00:00:02.280267,4,130,95.0,,,,,,,,,,,90.0,160.0,,,,,,,5,3.0,,,,,,,,,,,2.0,4.0,,,,,,,COMPLETE
578,578,0.89272030651341,2025-01-01 10:39:06.562501,2025-01-01 10:39:12.345698,0 days 00:00:05.783197,3,125,90.0,,,,,,,,,,,65.0,,,,,,,,5,4.0,,,,,,,,,,,2.0,,,,,,,,COMPLETE
579,579,0.8479111750139787,2025-01-01 10:39:12.346225,2025-01-01 10:39:17.786984,0 days 00:00:05.440759,3,125,95.0,,,,,,,,,,,70.0,,,,,,,,5,4.0,,,,,,,,,,,2.0,,,,,,,,COMPLETE
580,580,0.0,2025-01-01 10:39:17.787494,2025-01-01 10:39:20.478869,0 days 00:00:02.691375,4,135,90.0,,,,,,,,,,,65.0,120.0,,,,,,,5,4.0,,,,,,,,,,,2.0,6.0,,,,,,,COMPLETE
581,581,0.8213716108452951,2025-01-01 10:39:20.479385,2025-01-01 10:39:25.878764,0 days 00:00:05.399379,3,125,75.0,,,,,,,,,,,70.0,,,,,,,,5,4.0,,,,,,,,,,,2.0,,,,,,,,COMPLETE
582,582,0.8429605792437651,2025-01-01 10:39:25.879276,2025-01-01 10:39:31.319928,0 days 00:00:05.440652,3,130,85.0,,,,,,,,,,,80.0,,,,,,,,5,4.0,,,,,,,,,,,2.0,,,,,,,,COMPLETE
583,583,0.0,2025-01-01 10:39:31.320444,2025-01-01 10:39:34.442549,0 days 00:00:03.122105,5,130,80.0,,,,,,,,,,,75.0,35.0,130.0,,,,,,5,4.0,,,,,,,,,,,2.0,4.0,5.0,,,,,,COMPLETE
584,584,0.0,2025-01-01 10:39:34.443084,2025-01-01 10:39:38.796066,0 days 00:00:04.352982,3,125,165.0,,,,,,,,,,,65.0,,,,,,,,5,4.0,,,,,,,,,,,2.0,,,,,,,,COMPLETE
585,585,0.8124850514231046,2025-01-01 10:39:38.796585,2025-01-01 10:39:44.614646,0 days 00:00:05.818061,3,125,90.0,,,,,,,,,,,60.0,,,,,,,,5,4.0,,,,,,,,,,,2.0,,,,,,,,COMPLETE
586,586,0.7683739837398373,2025-01-01 10:39:44.615163,2025-01-01 10:39:51.622039,0 days 00:00:07.006876,4,135,90.0,,,,,,,,,,,85.0,155.0,,,,,,,5,4.0,,,,,,,,,,,2.0,5.0,,,,,,,COMPLETE
587,587,0.0,2025-01-01 10:39:51.622585,2025-01-01 10:39:57.828264,0 days 00:00:06.205679,9,120,80.0,,,,,,,,,,,70.0,20.0,160.0,85.0,170.0,5.0,60.0,,5,4.0,,,,,,,,,,,2.0,6.0,6.0,4.0,6.0,6.0,4.0,,COMPLETE
588,588,0.7891391794046662,2025-01-01 10:39:57.829013,2025-01-01 10:40:02.296780,0 days 00:00:04.467767,2,145,95.0,,,,,,,,,,,,,,,,,,,5,4.0,,,,,,,,,,,,,,,,,,,COMPLETE
589,589,0.8571428571428571,2025-01-01 10:40:02.297285,2025-01-01 10:40:07.803131,0 days 00:00:05.505846,3,125,85.0,,,,,,,,,,,75.0,,,,,,,,5,4.0,,,,,,,,,,,2.0,,,,,,,,COMPLETE
590,590,0.8018018018018018,2025-01-01 10:40:07.803651,2025-01-01 10:40:12.241076,0 days 00:00:04.437425,2,135,95.0,,,,,,,,,,,,,,,,,,,5,4.0,,,,,,,,,,,,,,,,,,,COMPLETE
591,591,0.8288961038961038,2025-01-01 10:40:12.241569,2025-01-01 10:40:18.165101,0 days 00:00:05.923532,3,120,100.0,,,,,,,,,,,65.0,,,,,,,,6,4.0,,,,,,,,,,,2.0,,,,,,,,COMPLETE
592,592,0.8015750588617359,2025-01-01 10:40:18.165748,2025-01-01 10:40:22.583290,0 days 00:00:04.417542,2,130,100.0,,,,,,,,,,,,,,,,,,,5,4.0,,,,,,,,,,,,,,,,,,,COMPLETE
593,593,0.7946264848919716,2025-01-01 10:40:22.583796,2025-01-01 10:40:29.351427,0 days 00:00:06.767631,4,125,155.0,,,,,,,,,,,85.0,95.0,,,,,,,5,4.0,,,,,,,,,,,2.0,3.0,,,,,,,COMPLETE
