,number,value,datetime_start,datetime_complete,duration,params_depth,params_neurons_layer_0,params_neurons_layer_1,params_neurons_layer_10,params_neurons_layer_11,params_neurons_layer_12,params_neurons_layer_13,params_neurons_layer_14,params_neurons_layer_15,params_neurons_layer_16,params_neurons_layer_17,params_neurons_layer_18,params_neurons_layer_19,params_neurons_layer_2,params_neurons_layer_3,params_neurons_layer_4,params_neurons_layer_5,params_neurons_layer_6,params_neurons_layer_7,params_neurons_layer_8,params_neurons_layer_9,params_orders_layer_0,params_orders_layer_1,params_orders_layer_10,params_orders_layer_11,params_orders_layer_12,params_orders_layer_13,params_orders_layer_14,params_orders_layer_15,params_orders_layer_16,params_orders_layer_17,params_orders_layer_18,params_orders_layer_19,params_orders_layer_2,params_orders_layer_3,params_orders_layer_4,params_orders_layer_5,params_orders_layer_6,params_orders_layer_7,params_orders_layer_8,params_orders_layer_9,state
493,493,0.912757045275675,2025-01-01 17:24:02.324637,2025-01-01 17:24:15.923620,0 days 00:00:13.598983,1,55,,,,,,,,,,,,,,,,,,,,5,,,,,,,,,,,,,,,,,,,,COMPLETE
494,494,0.9097012653824412,2025-01-01 17:24:15.924042,2025-01-01 17:24:31.183359,0 days 00:00:15.259317,1,55,,,,,,,,,,,,,,,,,,,,6,,,,,,,,,,,,,,,,,,,,COMPLETE
495,495,0.9011194749642075,2025-01-01 17:24:31.183939,2025-01-01 17:24:44.922867,0 days 00:00:13.738928,1,45,,,,,,,,,,,,,,,,,,,,6,,,,,,,,,,,,,,,,,,,,COMPLETE
496,496,0.0,2025-01-01 17:24:44.923344,2025-01-01 17:25:47.536505,0 days 00:01:02.613161,14,55,65.0,160.0,35.0,175.0,135.0,,,,,,,190.0,95.0,65.0,45.0,150.0,100.0,160.0,65.0,6,3.0,3.0,6.0,3.0,2.0,,,,,,,6.0,6.0,4.0,4.0,3.0,5.0,2.0,4.0,COMPLETE
497,497,0.884763704294186,2025-01-01 17:25:47.537354,2025-01-01 17:26:02.486072,0 days 00:00:14.948718,1,50,,,,,,,,,,,,,,,,,,,,6,,,,,,,,,,,,,,,,,,,,COMPLETE
498,498,0.8799926558448962,2025-01-01 17:26:02.486518,2025-01-01 17:26:16.103097,0 days 00:00:13.616579,2,60,140.0,,,,,,,,,,,,,,,,,,,2,2.0,,,,,,,,,,,,,,,,,,,COMPLETE
499,499,0.9025866598763497,2025-01-01 17:26:16.103637,2025-01-01 17:26:33.359217,0 days 00:00:17.255580,1,190,,,,,,,,,,,,,,,,,,,,6,,,,,,,,,,,,,,,,,,,,COMPLETE
500,500,0.8926537868834414,2025-01-01 17:26:33.359805,2025-01-01 17:26:50.286140,0 days 00:00:16.926335,1,145,,,,,,,,,,,,,,,,,,,,6,,,,,,,,,,,,,,,,,,,,COMPLETE
501,501,0.8801464420758636,2025-01-01 17:26:50.286615,2025-01-01 17:27:32.425012,0 days 00:00:42.138397,3,25,150.0,,,,,,,,,,,75.0,,,,,,,,6,5.0,,,,,,,,,,,2.0,,,,,,,,COMPLETE
502,502,0.7429245250064623,2025-01-01 17:27:32.425700,2025-01-01 17:27:46.973490,0 days 00:00:14.547790,1,60,,,,,,,,,,,,,,,,,,,,6,,,,,,,,,,,,,,,,,,,,COMPLETE
503,503,0.8719314557770292,2025-01-01 17:27:46.973946,2025-01-01 17:28:14.184360,0 days 00:00:27.210414,2,55,95.0,,,,,,,,,,,,,,,,,,,6,3.0,,,,,,,,,,,,,,,,,,,COMPLETE
504,504,0.8694427375653515,2025-01-01 17:28:14.184981,2025-01-01 17:28:47.544248,0 days 00:00:33.359267,2,55,50.0,,,,,,,,,,,,,,,,,,,6,4.0,,,,,,,,,,,,,,,,,,,COMPLETE
505,505,0.44543270579474337,2025-01-01 17:28:47.544786,2025-01-01 17:29:01.141639,0 days 00:00:13.596853,1,65,,,,,,,,,,,,,,,,,,,,6,,,,,,,,,,,,,,,,,,,,COMPLETE
506,506,0.8033987224338397,2025-01-01 17:29:01.142232,2025-01-01 17:29:14.979265,0 days 00:00:13.837033,1,65,,,,,,,,,,,,,,,,,,,,6,,,,,,,,,,,,,,,,,,,,COMPLETE
507,507,0.8997370128132873,2025-01-01 17:29:14.979774,2025-01-01 17:29:31.037384,0 days 00:00:16.057610,1,45,,,,,,,,,,,,,,,,,,,,6,,,,,,,,,,,,,,,,,,,,COMPLETE
508,508,0.9037370627287196,2025-01-01 17:29:31.037829,2025-01-01 17:29:48.050663,0 days 00:00:17.012834,1,30,,,,,,,,,,,,,,,,,,,,6,,,,,,,,,,,,,,,,,,,,COMPLETE
509,509,0.8744189424354198,2025-01-01 17:29:48.051158,2025-01-01 17:30:19.750955,0 days 00:00:31.699797,2,50,60.0,,,,,,,,,,,,,,,,,,,6,4.0,,,,,,,,,,,,,,,,,,,COMPLETE
510,510,0.8262491156525742,2025-01-01 17:30:19.751531,2025-01-01 17:30:35.303300,0 days 00:00:15.551769,1,90,,,,,,,,,,,,,,,,,,,,6,,,,,,,,,,,,,,,,,,,,COMPLETE
511,511,0.8886568665657117,2025-01-01 17:30:35.303810,2025-01-01 17:30:52.266303,0 days 00:00:16.962493,1,115,,,,,,,,,,,,,,,,,,,,6,,,,,,,,,,,,,,,,,,,,COMPLETE
512,512,0.8784624551844046,2025-01-01 17:30:52.266809,2025-01-01 17:31:16.541937,0 days 00:00:24.275128,2,15,30.0,,,,,,,,,,,,,,,,,,,6,5.0,,,,,,,,,,,,,,,,,,,COMPLETE
513,513,0.9054321628491286,2025-01-01 17:31:16.542440,2025-01-01 17:31:32.093363,0 days 00:00:15.550923,1,130,,,,,,,,,,,,,,,,,,,,6,,,,,,,,,,,,,,,,,,,,COMPLETE
514,514,0.8816768956373517,2025-01-01 17:31:32.093886,2025-01-01 17:31:48.792071,0 days 00:00:16.698185,1,50,,,,,,,,,,,,,,,,,,,,6,,,,,,,,,,,,,,,,,,,,COMPLETE
515,515,0.8732054725648748,2025-01-01 17:31:48.792587,2025-01-01 17:32:28.371116,0 days 00:00:39.578529,2,35,100.0,,,,,,,,,,,,,,,,,,,6,6.0,,,,,,,,,,,,,,,,,,,COMPLETE
516,516,0.8233203201690147,2025-01-01 17:32:28.371702,2025-01-01 17:32:41.798633,0 days 00:00:13.426931,1,175,,,,,,,,,,,,,,,,,,,,5,,,,,,,,,,,,,,,,,,,,COMPLETE
517,517,0.8420350113985736,2025-01-01 17:32:41.799133,2025-01-01 17:32:56.700699,0 days 00:00:14.901566,1,55,,,,,,,,,,,,,,,,,,,,6,,,,,,,,,,,,,,,,,,,,COMPLETE
518,518,0.6117561220531611,2025-01-01 17:32:56.701200,2025-01-01 17:33:05.143570,0 days 00:00:08.442370,1,75,,,,,,,,,,,,,,,,,,,,4,,,,,,,,,,,,,,,,,,,,COMPLETE
519,519,0.8679727206721295,2025-01-01 17:33:05.143989,2025-01-01 17:33:24.451703,0 days 00:00:19.307714,2,60,40.0,,,,,,,,,,,,,,,,,,,5,2.0,,,,,,,,,,,,,,,,,,,COMPLETE
520,520,0.8871597650776615,2025-01-01 17:33:24.452638,2025-01-01 17:33:44.600510,0 days 00:00:20.147872,1,195,,,,,,,,,,,,,,,,,,,,6,,,,,,,,,,,,,,,,,,,,COMPLETE
521,521,0.8810319309617238,2025-01-01 17:33:44.601071,2025-01-01 17:34:00.684617,0 days 00:00:16.083546,1,165,,,,,,,,,,,,,,,,,,,,5,,,,,,,,,,,,,,,,,,,,COMPLETE
522,522,0.87318514551636,2025-01-01 17:34:00.685060,2025-01-01 17:34:30.409028,0 days 00:00:29.723968,2,70,15.0,,,,,,,,,,,,,,,,,,,6,3.0,,,,,,,,,,,,,,,,,,,COMPLETE
523,523,0.8874002043644901,2025-01-01 17:34:30.409628,2025-01-01 17:34:44.163761,0 days 00:00:13.754133,1,170,,,,,,,,,,,,,,,,,,,,5,,,,,,,,,,,,,,,,,,,,COMPLETE
524,524,0.8972492071273499,2025-01-01 17:34:44.164246,2025-01-01 17:35:00.450878,0 days 00:00:16.286632,1,175,,,,,,,,,,,,,,,,,,,,5,,,,,,,,,,,,,,,,,,,,COMPLETE
525,525,0.8713622854217151,2025-01-01 17:35:00.451300,2025-01-01 17:36:02.107049,0 days 00:01:01.655749,2,85,80.0,,,,,,,,,,,,,,,,,,,3,6.0,,,,,,,,,,,,,,,,,,,COMPLETE
526,526,0.7907553164292318,2025-01-01 17:36:02.107699,2025-01-01 17:36:18.856357,0 days 00:00:16.748658,1,185,,,,,,,,,,,,,,,,,,,,6,,,,,,,,,,,,,,,,,,,,COMPLETE
527,527,0.0,2025-01-01 17:36:18.856921,2025-01-01 17:36:45.335008,0 days 00:00:26.478087,5,165,20.0,,,,,,,,,,,125.0,80.0,200.0,,,,,,5,5.0,,,,,,,,,,,5.0,5.0,2.0,,,,,,COMPLETE
528,528,0.8697781569653871,2025-01-01 17:36:45.335548,2025-01-01 17:37:32.484486,0 days 00:00:47.148938,2,170,35.0,,,,,,,,,,,,,,,,,,,6,3.0,,,,,,,,,,,,,,,,,,,COMPLETE
529,529,0.8985732811775221,2025-01-01 17:37:32.485140,2025-01-01 17:37:47.905881,0 days 00:00:15.420741,1,135,,,,,,,,,,,,,,,,,,,,5,,,,,,,,,,,,,,,,,,,,COMPLETE
530,530,0.9093723034214769,2025-01-01 17:37:47.906380,2025-01-01 17:37:55.950504,0 days 00:00:08.044124,1,145,,,,,,,,,,,,,,,,,,,,2,,,,,,,,,,,,,,,,,,,,COMPLETE
531,531,0.8572919563018573,2025-01-01 17:37:55.951012,2025-01-01 17:38:11.946151,0 days 00:00:15.995139,1,145,,,,,,,,,,,,,,,,,,,,6,,,,,,,,,,,,,,,,,,,,COMPLETE
532,532,0.8693335843865801,2025-01-01 17:38:11.946635,2025-01-01 17:39:13.471464,0 days 00:01:01.524829,2,140,185.0,,,,,,,,,,,,,,,,,,,6,4.0,,,,,,,,,,,,,,,,,,,COMPLETE
533,533,0.8780547496917632,2025-01-01 17:39:13.472122,2025-01-01 17:39:26.518295,0 days 00:00:13.046173,1,145,,,,,,,,,,,,,,,,,,,,4,,,,,,,,,,,,,,,,,,,,COMPLETE
534,534,0.9094727323365916,2025-01-01 17:39:26.518735,2025-01-01 17:39:42.141873,0 days 00:00:15.623138,1,150,,,,,,,,,,,,,,,,,,,,5,,,,,,,,,,,,,,,,,,,,COMPLETE
535,535,0.8761579090861027,2025-01-01 17:39:42.142452,2025-01-01 17:40:11.544503,0 days 00:00:29.402051,2,150,135.0,,,,,,,,,,,,,,,,,,,5,2.0,,,,,,,,,,,,,,,,,,,COMPLETE
536,536,0.9054006754424102,2025-01-01 17:40:11.545040,2025-01-01 17:40:26.144157,0 days 00:00:14.599117,1,150,,,,,,,,,,,,,,,,,,,,5,,,,,,,,,,,,,,,,,,,,COMPLETE
537,537,0.8741246476166069,2025-01-01 17:40:26.144672,2025-01-01 17:41:26.822437,0 days 00:01:00.677765,2,150,160.0,,,,,,,,,,,,,,,,,,,5,4.0,,,,,,,,,,,,,,,,,,,COMPLETE
538,538,0.8868707579470196,2025-01-01 17:41:26.823103,2025-01-01 17:41:41.706471,0 days 00:00:14.883368,1,145,,,,,,,,,,,,,,,,,,,,5,,,,,,,,,,,,,,,,,,,,COMPLETE
539,539,0.891163257498786,2025-01-01 17:41:41.706922,2025-01-01 17:41:55.800431,0 days 00:00:14.093509,1,140,,,,,,,,,,,,,,,,,,,,5,,,,,,,,,,,,,,,,,,,,COMPLETE
540,540,0.8954249132832605,2025-01-01 17:41:55.800950,2025-01-01 17:42:10.339013,0 days 00:00:14.538063,1,145,,,,,,,,,,,,,,,,,,,,5,,,,,,,,,,,,,,,,,,,,COMPLETE
541,541,0.899322834486386,2025-01-01 17:42:10.339530,2025-01-01 17:42:24.872765,0 days 00:00:14.533235,1,150,,,,,,,,,,,,,,,,,,,,5,,,,,,,,,,,,,,,,,,,,COMPLETE
542,542,0.8681205232760076,2025-01-01 17:42:24.873242,2025-01-01 17:44:10.365315,0 days 00:01:45.492073,2,155,10.0,,,,,,,,,,,,,,,,,,,5,6.0,,,,,,,,,,,,,,,,,,,COMPLETE
543,543,0.9042008701447619,2025-01-01 17:44:10.365982,2025-01-01 17:44:24.281377,0 days 00:00:13.915395,1,140,,,,,,,,,,,,,,,,,,,,5,,,,,,,,,,,,,,,,,,,,COMPLETE
544,544,0.8762050633598222,2025-01-01 17:44:24.281896,2025-01-01 17:45:43.934196,0 days 00:01:19.652300,2,155,45.0,,,,,,,,,,,,,,,,,,,5,5.0,,,,,,,,,,,,,,,,,,,COMPLETE
545,545,0.899167626331749,2025-01-01 17:45:43.934859,2025-01-01 17:45:58.140511,0 days 00:00:14.205652,1,160,,,,,,,,,,,,,,,,,,,,5,,,,,,,,,,,,,,,,,,,,COMPLETE
546,546,0.0,2025-01-01 17:45:58.141037,2025-01-01 17:46:31.999593,0 days 00:00:33.858556,10,135,180.0,,,,,,,,,,,150.0,185.0,155.0,60.0,95.0,140.0,15.0,110.0,5,2.0,,,,,,,,,,,3.0,3.0,3.0,5.0,4.0,2.0,4.0,5.0,COMPLETE
547,547,0.9033677556760586,2025-01-01 17:46:32.000322,2025-01-01 17:46:47.362096,0 days 00:00:15.361774,1,145,,,,,,,,,,,,,,,,,,,,5,,,,,,,,,,,,,,,,,,,,COMPLETE
548,548,0.8727150334425215,2025-01-01 17:46:47.362612,2025-01-01 17:47:32.657913,0 days 00:00:45.295301,2,160,165.0,,,,,,,,,,,,,,,,,,,5,3.0,,,,,,,,,,,,,,,,,,,COMPLETE
549,549,0.8707097472904035,2025-01-01 17:47:32.658503,2025-01-01 17:50:23.439353,0 days 00:02:50.780850,3,150,190.0,,,,,,,,,,,25.0,,,,,,,,5,4.0,,,,,,,,,,,6.0,,,,,,,,COMPLETE
550,550,0.4217086839715364,2025-01-01 17:50:23.440040,2025-01-01 17:50:34.526802,0 days 00:00:11.086762,1,145,,,,,,,,,,,,,,,,,,,,5,,,,,,,,,,,,,,,,,,,,COMPLETE
551,551,0.0,2025-01-01 17:50:34.527237,2025-01-01 17:51:58.844562,0 days 00:01:24.317325,16,160,200.0,190.0,200.0,5.0,70.0,80.0,10.0,,,,,140.0,55.0,185.0,135.0,30.0,85.0,115.0,200.0,5,6.0,4.0,5.0,5.0,4.0,5.0,6.0,,,,,4.0,4.0,6.0,2.0,2.0,4.0,5.0,3.0,COMPLETE
552,552,0.8873630481097186,2025-01-01 17:51:58.845468,2025-01-01 17:52:12.735975,0 days 00:00:13.890507,1,120,,,,,,,,,,,,,,,,,,,,5,,,,,,,,,,,,,,,,,,,,COMPLETE
553,553,0.885409387809712,2025-01-01 17:52:12.736448,2025-01-01 17:52:25.339565,0 days 00:00:12.603117,1,155,,,,,,,,,,,,,,,,,,,,4,,,,,,,,,,,,,,,,,,,,COMPLETE
554,554,0.0,2025-01-01 17:52:25.340031,2025-01-01 17:52:57.673563,0 days 00:00:32.333532,7,125,125.0,,,,,,,,,,,80.0,25.0,125.0,145.0,185.0,,,,5,5.0,,,,,,,,,,,5.0,6.0,5.0,3.0,4.0,,,,COMPLETE
555,555,0.8749251183115466,2025-01-01 17:52:57.674356,2025-01-01 17:53:27.327661,0 days 00:00:29.653305,2,150,170.0,,,,,,,,,,,,,,,,,,,5,2.0,,,,,,,,,,,,,,,,,,,COMPLETE
556,556,0.7484504543314622,2025-01-01 17:53:27.328225,2025-01-01 17:53:41.994970,0 days 00:00:14.666745,1,140,,,,,,,,,,,,,,,,,,,,5,,,,,,,,,,,,,,,,,,,,COMPLETE
557,557,0.8906467771639042,2025-01-01 17:53:41.995560,2025-01-01 17:53:57.346629,0 days 00:00:15.351069,1,145,,,,,,,,,,,,,,,,,,,,5,,,,,,,,,,,,,,,,,,,,COMPLETE
558,558,0.8698252134464766,2025-01-01 17:53:57.347102,2025-01-01 17:54:40.106542,0 days 00:00:42.759440,2,165,25.0,,,,,,,,,,,,,,,,,,,5,3.0,,,,,,,,,,,,,,,,,,,COMPLETE
559,559,0.6856115269503108,2025-01-01 17:54:40.107222,2025-01-01 17:54:59.463586,0 days 00:00:19.356364,1,140,,,,,,,,,,,,,,,,,,,,6,,,,,,,,,,,,,,,,,,,,COMPLETE
560,560,0.8845714457686289,2025-01-01 17:54:59.464061,2025-01-01 17:55:14.762199,0 days 00:00:15.298138,1,130,,,,,,,,,,,,,,,,,,,,5,,,,,,,,,,,,,,,,,,,,COMPLETE
561,561,0.8727557500929373,2025-01-01 17:55:14.762760,2025-01-01 17:56:18.235477,0 days 00:01:03.472717,2,170,85.0,,,,,,,,,,,,,,,,,,,5,4.0,,,,,,,,,,,,,,,,,,,COMPLETE
562,562,0.8816317567473206,2025-01-01 17:56:18.236180,2025-01-01 17:56:35.413477,0 days 00:00:17.177297,1,160,,,,,,,,,,,,,,,,,,,,6,,,,,,,,,,,,,,,,,,,,COMPLETE
563,563,0.9110027868800044,2025-01-01 17:56:35.413932,2025-01-01 17:56:51.205319,0 days 00:00:15.791387,1,135,,,,,,,,,,,,,,,,,,,,5,,,,,,,,,,,,,,,,,,,,COMPLETE
564,564,0.7795814932651031,2025-01-01 17:56:51.205927,2025-01-01 17:57:05.679839,0 days 00:00:14.473912,1,135,,,,,,,,,,,,,,,,,,,,5,,,,,,,,,,,,,,,,,,,,COMPLETE
565,565,0.8701914782144516,2025-01-01 17:57:05.680328,2025-01-01 17:58:15.695594,0 days 00:01:10.015266,2,130,5.0,,,,,,,,,,,,,,,,,,,5,5.0,,,,,,,,,,,,,,,,,,,COMPLETE
566,566,0.9116756353970631,2025-01-01 17:58:15.696256,2025-01-01 17:58:30.231601,0 days 00:00:14.535345,1,135,,,,,,,,,,,,,,,,,,,,5,,,,,,,,,,,,,,,,,,,,COMPLETE
567,567,0.9099695196792407,2025-01-01 17:58:30.232119,2025-01-01 17:58:42.893192,0 days 00:00:12.661073,1,135,,,,,,,,,,,,,,,,,,,,5,,,,,,,,,,,,,,,,,,,,COMPLETE
568,568,0.9067050416123656,2025-01-01 17:58:42.893717,2025-01-01 17:58:58.339039,0 days 00:00:15.445322,1,130,,,,,,,,,,,,,,,,,,,,5,,,,,,,,,,,,,,,,,,,,COMPLETE
569,569,0.8701598638444616,2025-01-01 17:58:58.339548,2025-01-01 18:00:26.278603,0 days 00:01:27.939055,2,125,55.0,,,,,,,,,,,,,,,,,,,5,6.0,,,,,,,,,,,,,,,,,,,COMPLETE
570,570,0.8612037844549387,2025-01-01 18:00:26.279277,2025-01-01 18:00:37.660637,0 days 00:00:11.381360,1,135,,,,,,,,,,,,,,,,,,,,5,,,,,,,,,,,,,,,,,,,,COMPLETE
571,571,0.8715165588239104,2025-01-01 18:00:37.661083,2025-01-01 18:01:27.979733,0 days 00:00:50.318650,3,130,130.0,,,,,,,,,,,65.0,,,,,,,,5,2.0,,,,,,,,,,,3.0,,,,,,,,COMPLETE
572,572,0.876085388051681,2025-01-01 18:01:27.980435,2025-01-01 18:01:42.775006,0 days 00:00:14.794571,1,135,,,,,,,,,,,,,,,,,,,,5,,,,,,,,,,,,,,,,,,,,COMPLETE
573,573,0.91057609994334,2025-01-01 18:01:42.775449,2025-01-01 18:01:55.804377,0 days 00:00:13.028928,1,135,,,,,,,,,,,,,,,,,,,,5,,,,,,,,,,,,,,,,,,,,COMPLETE
574,574,0.8891007209388928,2025-01-01 18:01:55.804975,2025-01-01 18:02:10.700039,0 days 00:00:14.895064,1,135,,,,,,,,,,,,,,,,,,,,5,,,,,,,,,,,,,,,,,,,,COMPLETE
575,575,0.0,2025-01-01 18:02:10.700535,2025-01-01 18:02:40.231222,0 days 00:00:29.530687,9,135,115.0,,,,,,,,,,,35.0,5.0,105.0,80.0,45.0,190.0,40.0,,5,3.0,,,,,,,,,,,2.0,2.0,4.0,6.0,6.0,6.0,6.0,,COMPLETE
576,576,0.8365776876754956,2025-01-01 18:02:40.231900,2025-01-01 18:02:54.262744,0 days 00:00:14.030844,1,135,,,,,,,,,,,,,,,,,,,,5,,,,,,,,,,,,,,,,,,,,COMPLETE
577,577,0.8718537136494628,2025-01-01 18:02:54.263268,2025-01-01 18:03:49.545162,0 days 00:00:55.281894,2,130,155.0,,,,,,,,,,,,,,,,,,,5,4.0,,,,,,,,,,,,,,,,,,,COMPLETE
578,578,0.8062059771775267,2025-01-01 18:03:49.545841,2025-01-01 18:04:03.287804,0 days 00:00:13.741963,1,140,,,,,,,,,,,,,,,,,,,,5,,,,,,,,,,,,,,,,,,,,COMPLETE
579,579,0.8700102344542446,2025-01-01 18:04:03.288298,2025-01-01 18:05:39.846530,0 days 00:01:36.558232,2,135,70.0,,,,,,,,,,,,,,,,,,,5,6.0,,,,,,,,,,,,,,,,,,,COMPLETE
580,580,0.893618440454305,2025-01-01 18:05:39.847198,2025-01-01 18:05:53.165650,0 days 00:00:13.318452,1,125,,,,,,,,,,,,,,,,,,,,5,,,,,,,,,,,,,,,,,,,,COMPLETE
581,581,0.867248039939879,2025-01-01 18:05:53.166098,2025-01-01 18:07:09.014872,0 days 00:01:15.848774,2,140,85.0,,,,,,,,,,,,,,,,,,,5,5.0,,,,,,,,,,,,,,,,,,,COMPLETE
582,582,0.8918210621783018,2025-01-01 18:07:09.015547,2025-01-01 18:07:23.369152,0 days 00:00:14.353605,1,140,,,,,,,,,,,,,,,,,,,,5,,,,,,,,,,,,,,,,,,,,COMPLETE
583,583,0.8744874544445611,2025-01-01 18:07:23.369618,2025-01-01 18:07:39.023782,0 days 00:00:15.654164,1,130,,,,,,,,,,,,,,,,,,,,5,,,,,,,,,,,,,,,,,,,,COMPLETE
584,584,0.8712867964497828,2025-01-01 18:07:39.024297,2025-01-01 18:07:51.759707,0 days 00:00:12.735410,1,125,,,,,,,,,,,,,,,,,,,,5,,,,,,,,,,,,,,,,,,,,COMPLETE
585,585,0.8690861215964045,2025-01-01 18:07:51.760276,2025-01-01 18:08:21.120552,0 days 00:00:29.360276,2,135,195.0,,,,,,,,,,,,,,,,,,,5,2.0,,,,,,,,,,,,,,,,,,,COMPLETE
586,586,0.8703867864144352,2025-01-01 18:08:21.121029,2025-01-01 18:08:35.144570,0 days 00:00:14.023541,1,140,,,,,,,,,,,,,,,,,,,,5,,,,,,,,,,,,,,,,,,,,COMPLETE
587,587,0.9105813226806524,2025-01-01 18:08:35.145161,2025-01-01 18:08:45.930825,0 days 00:00:10.785664,1,145,,,,,,,,,,,,,,,,,,,,5,,,,,,,,,,,,,,,,,,,,COMPLETE
588,588,0.8563994524723946,2025-01-01 18:08:45.931321,2025-01-01 18:08:54.387877,0 days 00:00:08.456556,1,145,,,,,,,,,,,,,,,,,,,,2,,,,,,,,,,,,,,,,,,,,COMPLETE
589,589,0.0,2025-01-01 18:08:54.388313,2025-01-01 18:09:28.670917,0 days 00:00:34.282604,6,140,175.0,,,,,,,,,,,180.0,120.0,50.0,160.0,,,,,5,3.0,,,,,,,,,,,4.0,5.0,6.0,5.0,,,,,COMPLETE
590,590,0.8708761660874337,2025-01-01 18:09:28.671622,2025-01-01 18:10:22.973732,0 days 00:00:54.302110,2,130,105.0,,,,,,,,,,,,,,,,,,,5,4.0,,,,,,,,,,,,,,,,,,,COMPLETE
591,591,0.8705815087613089,2025-01-01 18:10:22.974403,2025-01-01 18:10:38.745694,0 days 00:00:15.771291,1,140,,,,,,,,,,,,,,,,,,,,5,,,,,,,,,,,,,,,,,,,,COMPLETE
592,592,0.8622758703154898,2025-01-01 18:10:38.746190,2025-01-01 18:10:53.295579,0 days 00:00:14.549389,1,120,,,,,,,,,,,,,,,,,,,,5,,,,,,,,,,,,,,,,,,,,COMPLETE
593,593,0.8735760427530783,2025-01-01 18:10:53.296031,2025-01-01 18:11:07.538806,0 days 00:00:14.242775,1,145,,,,,,,,,,,,,,,,,,,,5,,,,,,,,,,,,,,,,,,,,COMPLETE
594,594,0.8673760083741324,2025-01-01 18:11:07.539332,2025-01-01 18:12:43.729097,0 days 00:01:36.189765,2,135,90.0,,,,,,,,,,,,,,,,,,,5,6.0,,,,,,,,,,,,,,,,,,,COMPLETE
595,595,0.0,2025-01-01 18:12:43.729777,2025-01-01 18:13:11.374952,0 days 00:00:27.645175,8,130,120.0,,,,,,,,,,,50.0,75.0,135.0,65.0,15.0,150.0,,,5,5.0,,,,,,,,,,,6.0,3.0,2.0,4.0,3.0,3.0,,,COMPLETE
596,596,0.8954865049646629,2025-01-01 18:13:11.375666,2025-01-01 18:13:26.665714,0 days 00:00:15.290048,1,145,,,,,,,,,,,,,,,,,,,,5,,,,,,,,,,,,,,,,,,,,COMPLETE
597,597,0.8754324682410006,2025-01-01 18:13:26.666169,2025-01-01 18:13:55.625768,0 days 00:00:28.959599,2,200,145.0,,,,,,,,,,,,,,,,,,,3,2.0,,,,,,,,,,,,,,,,,,,COMPLETE
598,598,0.7173200883281661,2025-01-01 18:13:55.644275,2025-01-01 18:14:08.757373,0 days 00:00:13.113098,1,135,,,,,,,,,,,,,,,,,,,,5,,,,,,,,,,,,,,,,,,,,COMPLETE
599,599,0.7102542507981391,2025-01-01 18:14:08.757843,2025-01-01 18:14:21.618703,0 days 00:00:12.860860,1,140,,,,,,,,,,,,,,,,,,,,5,,,,,,,,,,,,,,,,,,,,COMPLETE
600,600,0.8733027975327023,2025-01-01 18:14:21.619158,2025-01-01 18:15:19.042639,0 days 00:00:57.423481,2,135,130.0,,,,,,,,,,,,,,,,,,,5,4.0,,,,,,,,,,,,,,,,,,,COMPLETE
601,601,0.6703472092796223,2025-01-01 18:15:19.054652,2025-01-01 18:15:31.740897,0 days 00:00:12.686245,1,145,,,,,,,,,,,,,,,,,,,,4,,,,,,,,,,,,,,,,,,,,COMPLETE
602,602,0.865281460889195,2025-01-01 18:15:31.741417,2025-01-01 18:16:11.484074,0 days 00:00:39.742657,2,140,70.0,,,,,,,,,,,,,,,,,,,5,3.0,,,,,,,,,,,,,,,,,,,COMPLETE
603,603,0.8184808746853649,2025-01-01 18:16:11.484683,2025-01-01 18:16:27.206433,0 days 00:00:15.721750,1,150,,,,,,,,,,,,,,,,,,,,5,,,,,,,,,,,,,,,,,,,,COMPLETE
604,604,0.8797099681242211,2025-01-01 18:16:27.206965,2025-01-01 18:16:41.764528,0 days 00:00:14.557563,1,130,,,,,,,,,,,,,,,,,,,,5,,,,,,,,,,,,,,,,,,,,COMPLETE
605,605,0.8476296361125409,2025-01-01 18:16:41.765038,2025-01-01 18:16:52.454903,0 days 00:00:10.689865,1,135,,,,,,,,,,,,,,,,,,,,5,,,,,,,,,,,,,,,,,,,,COMPLETE
606,606,0.9048581183989062,2025-01-01 18:16:52.455357,2025-01-01 18:17:07.300435,0 days 00:00:14.845078,1,150,,,,,,,,,,,,,,,,,,,,5,,,,,,,,,,,,,,,,,,,,COMPLETE
607,607,0.8727002886769482,2025-01-01 18:17:07.300992,2025-01-01 18:18:24.255965,0 days 00:01:16.954973,2,140,110.0,,,,,,,,,,,,,,,,,,,5,5.0,,,,,,,,,,,,,,,,,,,COMPLETE
608,608,0.847827526104862,2025-01-01 18:18:24.256645,2025-01-01 18:18:39.972370,0 days 00:00:15.715725,1,145,,,,,,,,,,,,,,,,,,,,5,,,,,,,,,,,,,,,,,,,,COMPLETE
609,609,0.8310142583213377,2025-01-01 18:18:39.972902,2025-01-01 18:18:56.065524,0 days 00:00:16.092622,1,140,,,,,,,,,,,,,,,,,,,,5,,,,,,,,,,,,,,,,,,,,COMPLETE
610,610,0.8705215622157851,2025-01-01 18:18:56.066104,2025-01-01 18:20:33.016813,0 days 00:01:36.950709,2,135,95.0,,,,,,,,,,,,,,,,,,,5,6.0,,,,,,,,,,,,,,,,,,,COMPLETE
611,611,0.8610769036138597,2025-01-01 18:20:33.034627,2025-01-01 18:20:47.711592,0 days 00:00:14.676965,1,145,,,,,,,,,,,,,,,,,,,,5,,,,,,,,,,,,,,,,,,,,COMPLETE
612,612,0.8776748423303207,2025-01-01 18:20:47.712055,2025-01-01 18:20:59.687856,0 days 00:00:11.975801,1,125,,,,,,,,,,,,,,,,,,,,4,,,,,,,,,,,,,,,,,,,,COMPLETE
613,613,0.8767607506898916,2025-01-01 18:20:59.688308,2025-01-01 18:21:31.392854,0 days 00:00:31.704546,3,130,60.0,,,,,,,,,,,60.0,,,,,,,,3,2.0,,,,,,,,,,,3.0,,,,,,,,COMPLETE
614,614,0.8722541802580153,2025-01-01 18:21:31.393562,2025-01-01 18:21:47.561872,0 days 00:00:16.168310,2,10,35.0,,,,,,,,,,,,,,,,,,,5,3.0,,,,,,,,,,,,,,,,,,,COMPLETE
615,615,0.877447283780983,2025-01-01 18:21:47.562350,2025-01-01 18:22:01.913921,0 days 00:00:14.351571,1,50,,,,,,,,,,,,,,,,,,,,5,,,,,,,,,,,,,,,,,,,,COMPLETE
616,616,0.648441215148478,2025-01-01 18:22:01.914449,2025-01-01 18:22:17.085046,0 days 00:00:15.170597,1,150,,,,,,,,,,,,,,,,,,,,5,,,,,,,,,,,,,,,,,,,,COMPLETE
617,617,0.8837303460346926,2025-01-01 18:22:17.085587,2025-01-01 18:22:30.187621,0 days 00:00:13.102034,1,145,,,,,,,,,,,,,,,,,,,,5,,,,,,,,,,,,,,,,,,,,COMPLETE
618,618,0.8709740313208945,2025-01-01 18:22:30.188130,2025-01-01 18:23:47.750144,0 days 00:01:17.562014,2,140,140.0,,,,,,,,,,,,,,,,,,,5,5.0,,,,,,,,,,,,,,,,,,,COMPLETE
619,619,0.8486132028344422,2025-01-01 18:23:47.750835,2025-01-01 18:24:02.141888,0 days 00:00:14.391053,1,60,,,,,,,,,,,,,,,,,,,,5,,,,,,,,,,,,,,,,,,,,COMPLETE
