,number,value,datetime_start,datetime_complete,duration,params_depth,params_neurons_layer_0,params_neurons_layer_1,params_neurons_layer_10,params_neurons_layer_11,params_neurons_layer_12,params_neurons_layer_13,params_neurons_layer_14,params_neurons_layer_15,params_neurons_layer_16,params_neurons_layer_17,params_neurons_layer_18,params_neurons_layer_19,params_neurons_layer_2,params_neurons_layer_3,params_neurons_layer_4,params_neurons_layer_5,params_neurons_layer_6,params_neurons_layer_7,params_neurons_layer_8,params_neurons_layer_9,params_orders_layer_0,params_orders_layer_1,params_orders_layer_10,params_orders_layer_11,params_orders_layer_12,params_orders_layer_13,params_orders_layer_14,params_orders_layer_15,params_orders_layer_16,params_orders_layer_17,params_orders_layer_18,params_orders_layer_19,params_orders_layer_2,params_orders_layer_3,params_orders_layer_4,params_orders_layer_5,params_orders_layer_6,params_orders_layer_7,params_orders_layer_8,params_orders_layer_9,state
0,0,0.0,2025-01-01 07:06:38.692857,2025-01-01 07:06:50.796950,0 days 00:00:12.104093,19,130,130.0,130.0,135.0,110.0,90.0,95.0,55.0,115.0,10.0,140.0,,15.0,95.0,80.0,100.0,140.0,115.0,165.0,200.0,6,5.0,3.0,6.0,4.0,6.0,6.0,2.0,5.0,5.0,2.0,,2.0,6.0,5.0,3.0,2.0,5.0,4.0,4.0,COMPLETE
1,1,0.0,2025-01-01 07:06:50.798105,2025-01-01 07:06:56.967213,0 days 00:00:06.169108,12,155,60.0,165.0,125.0,,,,,,,,,200.0,45.0,200.0,140.0,190.0,10.0,150.0,85.0,3,5.0,2.0,2.0,,,,,,,,,2.0,3.0,3.0,2.0,6.0,3.0,2.0,6.0,COMPLETE
2,2,0.0,2025-01-01 07:06:56.968077,2025-01-01 07:07:03.574018,0 days 00:00:06.605941,11,20,120.0,45.0,,,,,,,,,,130.0,70.0,140.0,70.0,45.0,135.0,180.0,5.0,4,5.0,6.0,,,,,,,,,,2.0,6.0,4.0,5.0,2.0,6.0,2.0,4.0,COMPLETE
3,3,0.0,2025-01-01 07:07:03.574864,2025-01-01 07:07:16.674927,0 days 00:00:13.100063,20,110,120.0,50.0,105.0,190.0,50.0,50.0,125.0,105.0,155.0,110.0,30.0,20.0,135.0,185.0,85.0,175.0,175.0,175.0,40.0,4,4.0,3.0,3.0,4.0,5.0,6.0,6.0,6.0,2.0,6.0,5.0,2.0,6.0,2.0,6.0,6.0,3.0,2.0,5.0,COMPLETE
4,4,0.8572639909553419,2025-01-01 07:07:16.676004,2025-01-01 07:07:19.161476,0 days 00:00:02.485472,1,40,,,,,,,,,,,,,,,,,,,,3,,,,,,,,,,,,,,,,,,,,COMPLETE
5,5,0.0,2025-01-01 07:07:19.161790,2025-01-01 07:07:29.459614,0 days 00:00:10.297824,15,105,180.0,120.0,105.0,20.0,195.0,55.0,,,,,,95.0,40.0,155.0,120.0,40.0,135.0,100.0,10.0,3,5.0,6.0,5.0,6.0,6.0,5.0,,,,,,4.0,5.0,5.0,3.0,5.0,3.0,3.0,3.0,COMPLETE
6,6,0.0,2025-01-01 07:07:29.460280,2025-01-01 07:07:38.053828,0 days 00:00:08.593548,14,190,160.0,80.0,35.0,130.0,150.0,,,,,,,10.0,170.0,190.0,140.0,130.0,165.0,150.0,70.0,4,2.0,4.0,6.0,3.0,3.0,,,,,,,6.0,6.0,6.0,5.0,2.0,2.0,4.0,3.0,COMPLETE
7,7,0.0,2025-01-01 07:07:38.054452,2025-01-01 07:07:47.842645,0 days 00:00:09.788193,17,25,35.0,30.0,170.0,155.0,70.0,90.0,165.0,15.0,,,,170.0,70.0,115.0,195.0,100.0,185.0,45.0,185.0,3,2.0,4.0,3.0,6.0,5.0,2.0,3.0,4.0,,,,6.0,4.0,2.0,2.0,4.0,4.0,6.0,3.0,COMPLETE
8,8,0.8600924499229583,2025-01-01 07:07:47.843340,2025-01-01 07:07:50.929889,0 days 00:00:03.086549,1,195,,,,,,,,,,,,,,,,,,,,2,,,,,,,,,,,,,,,,,,,,COMPLETE
9,9,0.0,2025-01-01 07:07:50.930320,2025-01-01 07:07:54.112749,0 days 00:00:03.182429,5,20,110.0,,,,,,,,,,,165.0,175.0,5.0,,,,,,3,2.0,,,,,,,,,,,2.0,6.0,6.0,,,,,,COMPLETE
10,10,0.0,2025-01-01 07:07:54.113145,2025-01-01 07:07:57.720367,0 days 00:00:03.607222,6,200,10.0,,,,,,,,,,,70.0,15.0,45.0,5.0,,,,,2,3.0,,,,,,,,,,,4.0,2.0,4.0,6.0,,,,,COMPLETE
11,11,0.8501567398119122,2025-01-01 07:07:57.720805,2025-01-01 07:08:00.625271,0 days 00:00:02.904466,1,60,,,,,,,,,,,,,,,,,,,,2,,,,,,,,,,,,,,,,,,,,COMPLETE
12,12,0.7735849056603774,2025-01-01 07:08:00.625579,2025-01-01 07:08:03.449984,0 days 00:00:02.824405,1,75,,,,,,,,,,,,,,,,,,,,2,,,,,,,,,,,,,,,,,,,,COMPLETE
13,13,0.0,2025-01-01 07:08:03.450284,2025-01-01 07:08:06.539490,0 days 00:00:03.089206,5,70,200.0,,,,,,,,,,,60.0,200.0,70.0,,,,,,5,6.0,,,,,,,,,,,4.0,2.0,3.0,,,,,,COMPLETE
14,14,0.0,2025-01-01 07:08:06.539895,2025-01-01 07:08:11.869992,0 days 00:00:05.330097,8,160,75.0,,,,,,,,,,,125.0,120.0,20.0,5.0,80.0,35.0,,,2,3.0,,,,,,,,,,,5.0,4.0,5.0,4.0,4.0,6.0,,,COMPLETE
15,15,0.7968253968253969,2025-01-01 07:08:11.870475,2025-01-01 07:08:18.236192,0 days 00:00:06.365717,3,50,75.0,,,,,,,,,,,65.0,,,,,,,,3,6.0,,,,,,,,,,,3.0,,,,,,,,COMPLETE
16,16,0.0,2025-01-01 07:08:18.236558,2025-01-01 07:08:23.128749,0 days 00:00:04.892191,8,140,155.0,,,,,,,,,,,200.0,150.0,105.0,40.0,5.0,65.0,,,5,4.0,,,,,,,,,,,5.0,3.0,3.0,4.0,3.0,5.0,,,COMPLETE
17,17,0.80625,2025-01-01 07:08:23.129218,2025-01-01 07:08:28.303751,0 days 00:00:05.174533,3,90,5.0,,,,,,,,,,,40.0,,,,,,,,2,3.0,,,,,,,,,,,3.0,,,,,,,,COMPLETE
18,18,0.0,2025-01-01 07:08:28.304102,2025-01-01 07:08:33.254866,0 days 00:00:04.950764,8,45,40.0,,,,,,,,,,,110.0,5.0,155.0,190.0,140.0,80.0,,,3,4.0,,,,,,,,,,,5.0,5.0,4.0,3.0,5.0,2.0,,,COMPLETE
19,19,0.8225344782721832,2025-01-01 07:08:33.255344,2025-01-01 07:08:40.117598,0 days 00:00:06.862254,3,5,95.0,,,,,,,,,,,155.0,,,,,,,,5,6.0,,,,,,,,,,,3.0,,,,,,,,COMPLETE
20,20,0.8696969696969696,2025-01-01 07:08:40.117959,2025-01-01 07:08:43.271304,0 days 00:00:03.153345,1,175,,,,,,,,,,,,,,,,,,,,2,,,,,,,,,,,,,,,,,,,,COMPLETE
21,21,0.8696969696969696,2025-01-01 07:08:43.271633,2025-01-01 07:08:46.282227,0 days 00:00:03.010594,1,185,,,,,,,,,,,,,,,,,,,,2,,,,,,,,,,,,,,,,,,,,COMPLETE
22,22,0.7966684294024325,2025-01-01 07:08:46.282534,2025-01-01 07:08:52.566905,0 days 00:00:06.284371,3,185,145.0,,,,,,,,,,,90.0,,,,,,,,2,3.0,,,,,,,,,,,6.0,,,,,,,,COMPLETE
23,23,0.0,2025-01-01 07:08:52.567257,2025-01-01 07:08:56.435284,0 days 00:00:03.868027,6,165,190.0,,,,,,,,,,,40.0,100.0,45.0,160.0,,,,,2,2.0,,,,,,,,,,,5.0,3.0,6.0,5.0,,,,,COMPLETE
24,24,0.8696969696969696,2025-01-01 07:08:56.435842,2025-01-01 07:08:59.679984,0 days 00:00:03.244142,1,175,,,,,,,,,,,,,,,,,,,,2,,,,,,,,,,,,,,,,,,,,COMPLETE
25,25,0.0,2025-01-01 07:08:59.680308,2025-01-01 07:09:02.173812,0 days 00:00:02.493504,4,175,175.0,,,,,,,,,,,140.0,200.0,,,,,,,2,4.0,,,,,,,,,,,3.0,4.0,,,,,,,COMPLETE
26,26,0.8452950558213717,2025-01-01 07:09:02.174183,2025-01-01 07:09:07.685598,0 days 00:00:05.511415,2,130,95.0,,,,,,,,,,,,,,,,,,,4,6.0,,,,,,,,,,,,,,,,,,,COMPLETE
27,27,0.0,2025-01-01 07:09:07.685928,2025-01-01 07:09:11.561456,0 days 00:00:03.875528,6,150,30.0,,,,,,,,,,,180.0,70.0,130.0,45.0,,,,,6,5.0,,,,,,,,,,,6.0,5.0,2.0,2.0,,,,,COMPLETE
28,28,0.0,2025-01-01 07:09:11.561892,2025-01-01 07:09:17.601305,0 days 00:00:06.039413,10,175,65.0,,,,,,,,,,,80.0,30.0,70.0,50.0,55.0,200.0,5.0,135.0,3,3.0,,,,,,,,,,,4.0,2.0,5.0,6.0,3.0,4.0,6.0,2.0,COMPLETE
29,29,0.8046218487394958,2025-01-01 07:09:17.601881,2025-01-01 07:09:21.413435,0 days 00:00:03.811554,2,120,145.0,,,,,,,,,,,,,,,,,,,2,4.0,,,,,,,,,,,,,,,,,,,COMPLETE
30,30,0.0,2025-01-01 07:09:21.413772,2025-01-01 07:09:23.792123,0 days 00:00:02.378351,4,175,55.0,,,,,,,,,,,115.0,160.0,,,,,,,2,2.0,,,,,,,,,,,5.0,3.0,,,,,,,COMPLETE
31,31,0.8548009367681498,2025-01-01 07:09:23.792494,2025-01-01 07:09:26.600944,0 days 00:00:02.808450,1,200,,,,,,,,,,,,,,,,,,,,2,,,,,,,,,,,,,,,,,,,,COMPLETE
32,32,0.8385416666666667,2025-01-01 07:09:26.601244,2025-01-01 07:09:31.906376,0 days 00:00:05.305132,2,185,20.0,,,,,,,,,,,,,,,,,,,2,6.0,,,,,,,,,,,,,,,,,,,COMPLETE
33,33,0.7704301075268818,2025-01-01 07:09:31.906732,2025-01-01 07:09:40.150500,0 days 00:00:08.243768,4,145,85.0,,,,,,,,,,,40.0,120.0,,,,,,,3,3.0,,,,,,,,,,,3.0,5.0,,,,,,,COMPLETE
34,34,0.8696969696969696,2025-01-01 07:09:40.150888,2025-01-01 07:09:43.085333,0 days 00:00:02.934445,1,170,,,,,,,,,,,,,,,,,,,,2,,,,,,,,,,,,,,,,,,,,COMPLETE
35,35,0.7968253968253969,2025-01-01 07:09:43.085697,2025-01-01 07:09:47.607167,0 days 00:00:04.521470,2,160,135.0,,,,,,,,,,,,,,,,,,,2,5.0,,,,,,,,,,,,,,,,,,,COMPLETE
36,36,0.0,2025-01-01 07:09:47.607509,2025-01-01 07:09:50.856276,0 days 00:00:03.248767,5,175,45.0,,,,,,,,,,,145.0,85.0,170.0,,,,,,3,5.0,,,,,,,,,,,4.0,4.0,3.0,,,,,,COMPLETE
37,37,0.0,2025-01-01 07:09:50.856689,2025-01-01 07:09:58.881335,0 days 00:00:08.024646,12,125,170.0,200.0,5.0,,,,,,,,,180.0,185.0,90.0,170.0,5.0,55.0,95.0,135.0,3,4.0,5.0,4.0,,,,,,,,,6.0,2.0,2.0,4.0,5.0,5.0,5.0,6.0,COMPLETE
38,38,0.0,2025-01-01 07:09:58.881956,2025-01-01 07:10:08.348985,0 days 00:00:09.467029,18,135,110.0,5.0,200.0,30.0,5.0,200.0,5.0,195.0,60.0,,,30.0,135.0,45.0,120.0,160.0,95.0,55.0,140.0,2,5.0,2.0,2.0,2.0,2.0,2.0,5.0,2.0,6.0,,,5.0,3.0,4.0,5.0,3.0,2.0,5.0,2.0,COMPLETE
39,39,0.8377192982456141,2025-01-01 07:10:08.349819,2025-01-01 07:10:11.635609,0 days 00:00:03.285790,1,165,,,,,,,,,,,,,,,,,,,,4,,,,,,,,,,,,,,,,,,,,COMPLETE
40,40,0.0,2025-01-01 07:10:11.635917,2025-01-01 07:10:16.548699,0 days 00:00:04.912782,7,185,135.0,,,,,,,,,,,100.0,50.0,25.0,30.0,105.0,,,,3,6.0,,,,,,,,,,,2.0,5.0,6.0,3.0,6.0,,,,COMPLETE
41,41,0.8600924499229583,2025-01-01 07:10:16.549175,2025-01-01 07:10:19.249289,0 days 00:00:02.700114,1,195,,,,,,,,,,,,,,,,,,,,2,,,,,,,,,,,,,,,,,,,,COMPLETE
42,42,0.8548009367681498,2025-01-01 07:10:19.249609,2025-01-01 07:10:23.815205,0 days 00:00:04.565596,2,190,200.0,,,,,,,,,,,,,,,,,,,2,5.0,,,,,,,,,,,,,,,,,,,COMPLETE
43,43,0.8544980443285528,2025-01-01 07:10:23.815575,2025-01-01 07:10:28.980954,0 days 00:00:05.165379,3,150,55.0,,,,,,,,,,,50.0,,,,,,,,2,2.0,,,,,,,,,,,3.0,,,,,,,,COMPLETE
44,44,0.8501567398119122,2025-01-01 07:10:28.981322,2025-01-01 07:10:31.976796,0 days 00:00:02.995474,1,170,,,,,,,,,,,,,,,,,,,,2,,,,,,,,,,,,,,,,,,,,COMPLETE
45,45,0.0,2025-01-01 07:10:31.977113,2025-01-01 07:10:41.043239,0 days 00:00:09.066126,16,200,25.0,85.0,55.0,50.0,140.0,180.0,185.0,,,,,10.0,115.0,120.0,95.0,75.0,10.0,200.0,170.0,2,3.0,5.0,4.0,2.0,2.0,4.0,4.0,,,,,2.0,4.0,3.0,6.0,4.0,4.0,3.0,5.0,COMPLETE
46,46,0.8221642764015646,2025-01-01 07:10:41.043928,2025-01-01 07:10:47.906079,0 days 00:00:06.862151,4,185,115.0,,,,,,,,,,,200.0,25.0,,,,,,,3,4.0,,,,,,,,,,,4.0,2.0,,,,,,,COMPLETE
47,47,0.8868318122555411,2025-01-01 07:10:47.906461,2025-01-01 07:10:51.540083,0 days 00:00:03.633622,2,155,165.0,,,,,,,,,,,,,,,,,,,2,2.0,,,,,,,,,,,,,,,,,,,COMPLETE
48,48,0.0,2025-01-01 07:10:51.540421,2025-01-01 07:11:02.497735,0 days 00:00:10.957314,20,155,155.0,155.0,65.0,60.0,200.0,15.0,85.0,15.0,200.0,5.0,190.0,85.0,140.0,95.0,75.0,25.0,145.0,125.0,50.0,6,2.0,3.0,5.0,5.0,4.0,4.0,2.0,2.0,2.0,4.0,2.0,2.0,5.0,5.0,2.0,3.0,6.0,5.0,5.0,COMPLETE
49,49,0.8868318122555411,2025-01-01 07:11:02.498523,2025-01-01 07:11:06.373628,0 days 00:00:03.875105,2,110,125.0,,,,,,,,,,,,,,,,,,,2,2.0,,,,,,,,,,,,,,,,,,,COMPLETE
50,50,0.0,2025-01-01 07:11:06.373976,2025-01-01 07:11:12.821527,0 days 00:00:06.447551,10,95,125.0,,,,,,,,,,,185.0,85.0,145.0,170.0,195.0,40.0,5.0,95.0,3,2.0,,,,,,,,,,,6.0,6.0,4.0,4.0,5.0,5.0,3.0,4.0,COMPLETE
51,51,0.8781068217874141,2025-01-01 07:11:12.822085,2025-01-01 07:11:16.705354,0 days 00:00:03.883269,2,120,185.0,,,,,,,,,,,,,,,,,,,2,2.0,,,,,,,,,,,,,,,,,,,COMPLETE
52,52,0.8387096774193549,2025-01-01 07:11:16.705843,2025-01-01 07:11:20.339143,0 days 00:00:03.633300,2,115,180.0,,,,,,,,,,,,,,,,,,,2,2.0,,,,,,,,,,,,,,,,,,,COMPLETE
53,53,0.7741935483870968,2025-01-01 07:11:20.339494,2025-01-01 07:11:26.433370,0 days 00:00:06.093876,3,100,190.0,,,,,,,,,,,25.0,,,,,,,,2,2.0,,,,,,,,,,,5.0,,,,,,,,COMPLETE
54,54,0.0,2025-01-01 07:11:26.433753,2025-01-01 07:11:28.530304,0 days 00:00:02.096551,4,115,165.0,,,,,,,,,,,135.0,55.0,,,,,,,2,3.0,,,,,,,,,,,2.0,3.0,,,,,,,COMPLETE
55,55,0.0,2025-01-01 07:11:28.530686,2025-01-01 07:11:31.553306,0 days 00:00:03.022620,5,80,185.0,,,,,,,,,,,120.0,90.0,170.0,,,,,,2,2.0,,,,,,,,,,,4.0,3.0,6.0,,,,,,COMPLETE
56,56,0.8130618720253834,2025-01-01 07:11:31.553740,2025-01-01 07:11:35.254007,0 days 00:00:03.700267,2,140,145.0,,,,,,,,,,,,,,,,,,,2,3.0,,,,,,,,,,,,,,,,,,,COMPLETE
57,57,0.0,2025-01-01 07:11:35.254360,2025-01-01 07:11:43.447134,0 days 00:00:08.192774,14,110,160.0,200.0,160.0,200.0,5.0,,,,,,,5.0,105.0,30.0,120.0,110.0,95.0,65.0,115.0,3,2.0,5.0,3.0,5.0,4.0,,,,,,,3.0,6.0,2.0,5.0,6.0,3.0,6.0,2.0,COMPLETE
58,58,0.8617133791644632,2025-01-01 07:11:43.447803,2025-01-01 07:11:50.218451,0 days 00:00:06.770648,3,155,130.0,,,,,,,,,,,155.0,,,,,,,,2,2.0,,,,,,,,,,,6.0,,,,,,,,COMPLETE
59,59,0.8348484848484848,2025-01-01 07:11:50.218847,2025-01-01 07:11:55.855567,0 days 00:00:05.636720,1,130,,,,,,,,,,,,,,,,,,,,5,,,,,,,,,,,,,,,,,,,,COMPLETE
60,60,0.8225344782721832,2025-01-01 07:11:55.855897,2025-01-01 07:11:59.483183,0 days 00:00:03.627286,2,90,170.0,,,,,,,,,,,,,,,,,,,2,3.0,,,,,,,,,,,,,,,,,,,COMPLETE
61,61,0.8501567398119122,2025-01-01 07:11:59.483535,2025-01-01 07:12:02.315726,0 days 00:00:02.832191,1,165,,,,,,,,,,,,,,,,,,,,2,,,,,,,,,,,,,,,,,,,,COMPLETE
62,62,0.861904761904762,2025-01-01 07:12:02.316053,2025-01-01 07:12:05.489083,0 days 00:00:03.173030,1,180,,,,,,,,,,,,,,,,,,,,2,,,,,,,,,,,,,,,,,,,,COMPLETE
63,63,0.8261344997266267,2025-01-01 07:12:05.489408,2025-01-01 07:12:10.109226,0 days 00:00:04.619818,3,165,105.0,,,,,,,,,,,105.0,,,,,,,,2,2.0,,,,,,,,,,,2.0,,,,,,,,COMPLETE
64,64,0.8380355276907001,2025-01-01 07:12:10.109612,2025-01-01 07:12:13.512375,0 days 00:00:03.402763,2,145,155.0,,,,,,,,,,,,,,,,,,,2,2.0,,,,,,,,,,,,,,,,,,,COMPLETE
65,65,0.0,2025-01-01 07:12:13.512728,2025-01-01 07:12:15.989950,0 days 00:00:02.477222,4,105,195.0,,,,,,,,,,,75.0,60.0,,,,,,,2,3.0,,,,,,,,,,,4.0,2.0,,,,,,,COMPLETE
66,66,0.7742165242165242,2025-01-01 07:12:15.990324,2025-01-01 07:12:19.233659,0 days 00:00:03.243335,1,190,,,,,,,,,,,,,,,,,,,,2,,,,,,,,,,,,,,,,,,,,COMPLETE
67,67,0.8771883289124669,2025-01-01 07:12:19.234148,2025-01-01 07:12:25.676653,0 days 00:00:06.442505,3,180,180.0,,,,,,,,,,,55.0,,,,,,,,2,3.0,,,,,,,,,,,5.0,,,,,,,,COMPLETE
68,68,0.8544980443285528,2025-01-01 07:12:25.677041,2025-01-01 07:12:32.151672,0 days 00:00:06.474631,3,180,180.0,,,,,,,,,,,60.0,,,,,,,,3,3.0,,,,,,,,,,,5.0,,,,,,,,COMPLETE
69,69,0.7575757575757576,2025-01-01 07:12:32.152077,2025-01-01 07:12:49.473132,0 days 00:00:17.321055,5,195,200.0,,,,,,,,,,,50.0,5.0,60.0,,,,,,2,2.0,,,,,,,,,,,6.0,4.0,3.0,,,,,,COMPLETE
70,70,0.0,2025-01-01 07:12:49.473595,2025-01-01 07:12:53.541199,0 days 00:00:04.067604,6,160,145.0,,,,,,,,,,,20.0,35.0,5.0,65.0,,,,,4,3.0,,,,,,,,,,,4.0,5.0,5.0,3.0,,,,,COMPLETE
71,71,0.8385416666666667,2025-01-01 07:12:53.541695,2025-01-01 07:12:57.216440,0 days 00:00:03.674745,2,170,175.0,,,,,,,,,,,,,,,,,,,2,2.0,,,,,,,,,,,,,,,,,,,COMPLETE
72,72,0.8572639909553419,2025-01-01 07:12:57.216798,2025-01-01 07:12:59.922714,0 days 00:00:02.705916,1,180,,,,,,,,,,,,,,,,,,,,2,,,,,,,,,,,,,,,,,,,,COMPLETE
73,73,0.7902680197762164,2025-01-01 07:12:59.923040,2025-01-01 07:13:05.974240,0 days 00:00:06.051200,3,175,190.0,,,,,,,,,,,50.0,,,,,,,,2,3.0,,,,,,,,,,,5.0,,,,,,,,COMPLETE
74,74,0.8548009367681498,2025-01-01 07:13:05.974637,2025-01-01 07:13:09.640372,0 days 00:00:03.665735,2,170,165.0,,,,,,,,,,,,,,,,,,,2,2.0,,,,,,,,,,,,,,,,,,,COMPLETE
75,75,0.8696969696969696,2025-01-01 07:13:09.640730,2025-01-01 07:13:12.553722,0 days 00:00:02.912992,1,190,,,,,,,,,,,,,,,,,,,,2,,,,,,,,,,,,,,,,,,,,COMPLETE
76,76,0.829190904283448,2025-01-01 07:13:12.554043,2025-01-01 07:13:16.190327,0 days 00:00:03.636284,2,155,120.0,,,,,,,,,,,,,,,,,,,2,3.0,,,,,,,,,,,,,,,,,,,COMPLETE
77,77,0.0,2025-01-01 07:13:16.190679,2025-01-01 07:13:19.182191,0 days 00:00:02.991512,4,125,95.0,,,,,,,,,,,95.0,185.0,,,,,,,3,2.0,,,,,,,,,,,5.0,6.0,,,,,,,COMPLETE
78,78,0.8696969696969696,2025-01-01 07:13:19.182607,2025-01-01 07:13:22.051327,0 days 00:00:02.868720,1,145,,,,,,,,,,,,,,,,,,,,2,,,,,,,,,,,,,,,,,,,,COMPLETE
79,79,0.0,2025-01-01 07:13:22.051803,2025-01-01 07:13:28.977549,0 days 00:00:06.925746,12,180,150.0,80.0,5.0,,,,,,,,,70.0,155.0,90.0,25.0,160.0,160.0,30.0,35.0,2,2.0,2.0,5.0,,,,,,,,,4.0,5.0,5.0,4.0,2.0,2.0,4.0,6.0,COMPLETE
80,80,0.7720588235294117,2025-01-01 07:13:28.978162,2025-01-01 07:13:35.936830,0 days 00:00:06.958668,3,170,140.0,,,,,,,,,,,30.0,,,,,,,,2,3.0,,,,,,,,,,,6.0,,,,,,,,COMPLETE
81,81,0.8696969696969696,2025-01-01 07:13:35.937216,2025-01-01 07:13:38.432843,0 days 00:00:02.495627,1,190,,,,,,,,,,,,,,,,,,,,2,,,,,,,,,,,,,,,,,,,,COMPLETE
82,82,0.8771883289124669,2025-01-01 07:13:38.433167,2025-01-01 07:13:42.871272,0 days 00:00:04.438105,2,195,185.0,,,,,,,,,,,,,,,,,,,2,4.0,,,,,,,,,,,,,,,,,,,COMPLETE
83,83,0.7966684294024325,2025-01-01 07:13:42.871663,2025-01-01 07:13:46.976628,0 days 00:00:04.104965,2,200,185.0,,,,,,,,,,,,,,,,,,,2,4.0,,,,,,,,,,,,,,,,,,,COMPLETE
84,84,0.8709677419354839,2025-01-01 07:13:46.976989,2025-01-01 07:13:52.626378,0 days 00:00:05.649389,3,185,175.0,,,,,,,,,,,125.0,,,,,,,,2,4.0,,,,,,,,,,,3.0,,,,,,,,COMPLETE
85,85,0.8548009367681498,2025-01-01 07:13:52.626761,2025-01-01 07:13:58.474955,0 days 00:00:05.848194,3,195,170.0,,,,,,,,,,,125.0,,,,,,,,2,4.0,,,,,,,,,,,3.0,,,,,,,,COMPLETE
86,86,0.8221642764015646,2025-01-01 07:13:58.475335,2025-01-01 07:14:07.362512,0 days 00:00:08.887177,4,185,175.0,,,,,,,,,,,150.0,70.0,,,,,,,2,4.0,,,,,,,,,,,3.0,6.0,,,,,,,COMPLETE
87,87,0.829190904283448,2025-01-01 07:14:07.362958,2025-01-01 07:14:11.488949,0 days 00:00:04.125991,2,60,195.0,,,,,,,,,,,,,,,,,,,3,4.0,,,,,,,,,,,,,,,,,,,COMPLETE
88,88,0.7580015612802498,2025-01-01 07:14:11.489305,2025-01-01 07:14:16.667470,0 days 00:00:05.178165,3,195,185.0,,,,,,,,,,,130.0,,,,,,,,2,4.0,,,,,,,,,,,3.0,,,,,,,,COMPLETE
89,89,0.0,2025-01-01 07:14:16.667861,2025-01-01 07:14:19.003796,0 days 00:00:02.335935,4,180,165.0,,,,,,,,,,,85.0,135.0,,,,,,,2,4.0,,,,,,,,,,,4.0,2.0,,,,,,,COMPLETE
90,90,0.743421052631579,2025-01-01 07:14:19.004189,2025-01-01 07:14:29.704374,0 days 00:00:10.700185,5,185,160.0,,,,,,,,,,,170.0,20.0,75.0,,,,,,5,5.0,,,,,,,,,,,5.0,4.0,3.0,,,,,,COMPLETE
91,91,0.8499583217560434,2025-01-01 07:14:29.704832,2025-01-01 07:14:32.423064,0 days 00:00:02.718232,1,160,,,,,,,,,,,,,,,,,,,,2,,,,,,,,,,,,,,,,,,,,COMPLETE
92,92,0.7641459545214172,2025-01-01 07:14:32.423540,2025-01-01 07:14:36.131267,0 days 00:00:03.707727,2,175,180.0,,,,,,,,,,,,,,,,,,,2,3.0,,,,,,,,,,,,,,,,,,,COMPLETE
93,93,0.8696969696969696,2025-01-01 07:14:36.131624,2025-01-01 07:14:38.939599,0 days 00:00:02.807975,1,170,,,,,,,,,,,,,,,,,,,,2,,,,,,,,,,,,,,,,,,,,COMPLETE
94,94,0.0,2025-01-01 07:14:38.939926,2025-01-01 07:14:44.499627,0 days 00:00:05.559701,9,190,190.0,,,,,,,,,,,110.0,170.0,110.0,145.0,70.0,120.0,80.0,,2,5.0,,,,,,,,,,,3.0,3.0,4.0,6.0,4.0,4.0,3.0,,COMPLETE
95,95,0.8221642764015646,2025-01-01 07:14:44.500233,2025-01-01 07:14:48.160556,0 days 00:00:03.660323,2,175,155.0,,,,,,,,,,,,,,,,,,,2,2.0,,,,,,,,,,,,,,,,,,,COMPLETE
96,96,0.8548009367681498,2025-01-01 07:14:48.160906,2025-01-01 07:14:53.425396,0 days 00:00:05.264490,3,185,195.0,,,,,,,,,,,160.0,,,,,,,,2,4.0,,,,,,,,,,,2.0,,,,,,,,COMPLETE
97,97,0.8708333333333333,2025-01-01 07:14:53.425780,2025-01-01 07:14:57.742487,0 days 00:00:04.316707,2,85,175.0,,,,,,,,,,,,,,,,,,,2,4.0,,,,,,,,,,,,,,,,,,,COMPLETE
98,98,0.8663517643789942,2025-01-01 07:14:57.742853,2025-01-01 07:15:02.086143,0 days 00:00:04.343290,2,80,175.0,,,,,,,,,,,,,,,,,,,2,4.0,,,,,,,,,,,,,,,,,,,COMPLETE
99,99,0.8385416666666667,2025-01-01 07:15:02.086509,2025-01-01 07:15:07.841724,0 days 00:00:05.755215,3,100,200.0,,,,,,,,,,,190.0,,,,,,,,2,4.0,,,,,,,,,,,4.0,,,,,,,,COMPLETE
100,100,0.8387096774193549,2025-01-01 07:15:07.842115,2025-01-01 07:15:12.230672,0 days 00:00:04.388557,2,90,180.0,,,,,,,,,,,,,,,,,,,3,4.0,,,,,,,,,,,,,,,,,,,COMPLETE
101,101,0.8079514824797844,2025-01-01 07:15:12.231033,2025-01-01 07:15:14.786797,0 days 00:00:02.555764,1,30,,,,,,,,,,,,,,,,,,,,2,,,,,,,,,,,,,,,,,,,,COMPLETE
102,102,0.8696969696969696,2025-01-01 07:15:14.787123,2025-01-01 07:15:17.717309,0 days 00:00:02.930186,1,85,,,,,,,,,,,,,,,,,,,,2,,,,,,,,,,,,,,,,,,,,COMPLETE
103,103,0.0,2025-01-01 07:15:17.717648,2025-01-01 07:15:21.586334,0 days 00:00:03.868686,7,65,165.0,,,,,,,,,,,65.0,180.0,195.0,200.0,25.0,,,,2,5.0,,,,,,,,,,,5.0,4.0,2.0,2.0,3.0,,,,COMPLETE
104,104,0.8385416666666667,2025-01-01 07:15:21.586838,2025-01-01 07:15:25.016563,0 days 00:00:03.429725,2,110,170.0,,,,,,,,,,,,,,,,,,,2,2.0,,,,,,,,,,,,,,,,,,,COMPLETE
105,105,0.8696969696969696,2025-01-01 07:15:25.016915,2025-01-01 07:15:28.080519,0 days 00:00:03.063604,1,165,,,,,,,,,,,,,,,,,,,,2,,,,,,,,,,,,,,,,,,,,COMPLETE
106,106,0.8708333333333333,2025-01-01 07:15:28.080850,2025-01-01 07:15:33.699248,0 days 00:00:05.618398,3,200,80.0,,,,,,,,,,,100.0,,,,,,,,2,4.0,,,,,,,,,,,4.0,,,,,,,,COMPLETE
107,107,0.8291777188328913,2025-01-01 07:15:33.699776,2025-01-01 07:15:40.051440,0 days 00:00:06.351664,3,200,185.0,,,,,,,,,,,100.0,,,,,,,,2,4.0,,,,,,,,,,,4.0,,,,,,,,COMPLETE
108,108,0.0,2025-01-01 07:15:40.051840,2025-01-01 07:15:47.681200,0 days 00:00:07.629360,11,195,75.0,160.0,,,,,,,,,,140.0,40.0,170.0,180.0,95.0,30.0,120.0,105.0,2,4.0,6.0,,,,,,,,,,4.0,6.0,4.0,3.0,5.0,6.0,5.0,3.0,COMPLETE
109,109,0.0,2025-01-01 07:15:47.681804,2025-01-01 07:15:49.854828,0 days 00:00:02.173024,4,120,80.0,,,,,,,,,,,115.0,145.0,,,,,,,2,4.0,,,,,,,,,,,3.0,2.0,,,,,,,COMPLETE
110,110,0.0,2025-01-01 07:15:49.855255,2025-01-01 07:15:53.318932,0 days 00:00:03.463677,5,105,90.0,,,,,,,,,,,80.0,125.0,130.0,,,,,,2,4.0,,,,,,,,,,,5.0,3.0,6.0,,,,,,COMPLETE
111,111,0.861904761904762,2025-01-01 07:15:53.319387,2025-01-01 07:15:57.713130,0 days 00:00:04.393743,2,180,160.0,,,,,,,,,,,,,,,,,,,2,4.0,,,,,,,,,,,,,,,,,,,COMPLETE
