,number,value,datetime_start,datetime_complete,duration,params_depth,params_neurons_layer_0,params_neurons_layer_1,params_neurons_layer_10,params_neurons_layer_11,params_neurons_layer_12,params_neurons_layer_13,params_neurons_layer_14,params_neurons_layer_15,params_neurons_layer_16,params_neurons_layer_17,params_neurons_layer_18,params_neurons_layer_19,params_neurons_layer_2,params_neurons_layer_3,params_neurons_layer_4,params_neurons_layer_5,params_neurons_layer_6,params_neurons_layer_7,params_neurons_layer_8,params_neurons_layer_9,params_orders_layer_0,params_orders_layer_1,params_orders_layer_10,params_orders_layer_11,params_orders_layer_12,params_orders_layer_13,params_orders_layer_14,params_orders_layer_15,params_orders_layer_16,params_orders_layer_17,params_orders_layer_18,params_orders_layer_19,params_orders_layer_2,params_orders_layer_3,params_orders_layer_4,params_orders_layer_5,params_orders_layer_6,params_orders_layer_7,params_orders_layer_8,params_orders_layer_9,state
847,847,0.0,2025-01-01 08:08:11.538518,2025-01-01 08:08:21.763949,0 days 00:00:10.225431,16,165,85.0,15.0,185.0,200.0,180.0,130.0,110.0,,,,,200.0,105.0,180.0,190.0,5.0,30.0,170.0,130.0,2,2.0,2.0,3.0,6.0,3.0,5.0,6.0,,,,,3.0,2.0,5.0,5.0,5.0,6.0,3.0,6.0,COMPLETE
848,848,0.8455843469063987,2025-01-01 08:08:21.764832,2025-01-01 08:08:26.710089,0 days 00:00:04.945257,2,70,65.0,,,,,,,,,,,,,,,,,,,2,6.0,,,,,,,,,,,,,,,,,,,COMPLETE
849,849,0.0,2025-01-01 08:08:26.710849,2025-01-01 08:08:33.992031,0 days 00:00:07.281182,12,110,135.0,75.0,170.0,,,,,,,,,100.0,175.0,135.0,170.0,70.0,150.0,50.0,50.0,2,5.0,6.0,6.0,,,,,,,,,2.0,3.0,4.0,4.0,3.0,3.0,2.0,5.0,COMPLETE
850,850,0.8709677419354839,2025-01-01 08:08:33.992860,2025-01-01 08:08:38.583388,0 days 00:00:04.590528,3,60,190.0,,,,,,,,,,,165.0,,,,,,,,2,2.0,,,,,,,,,,,3.0,,,,,,,,COMPLETE
851,851,0.8708333333333333,2025-01-01 08:08:38.583970,2025-01-01 08:08:42.274292,0 days 00:00:03.690322,2,115,125.0,,,,,,,,,,,,,,,,,,,2,2.0,,,,,,,,,,,,,,,,,,,COMPLETE
852,852,0.8696969696969696,2025-01-01 08:08:42.274857,2025-01-01 08:08:45.338139,0 days 00:00:03.063282,1,170,,,,,,,,,,,,,,,,,,,,2,,,,,,,,,,,,,,,,,,,,COMPLETE
853,853,0.845603813559322,2025-01-01 08:08:45.338702,2025-01-01 08:08:49.435362,0 days 00:00:04.096660,2,135,75.0,,,,,,,,,,,,,,,,,,,4,2.0,,,,,,,,,,,,,,,,,,,COMPLETE
854,854,0.80625,2025-01-01 08:08:49.435916,2025-01-01 08:08:53.168982,0 days 00:00:03.733066,2,180,80.0,,,,,,,,,,,,,,,,,,,2,2.0,,,,,,,,,,,,,,,,,,,COMPLETE
855,855,0.8544980443285528,2025-01-01 08:08:53.169531,2025-01-01 08:08:57.590038,0 days 00:00:04.420507,3,80,185.0,,,,,,,,,,,150.0,,,,,,,,2,2.0,,,,,,,,,,,2.0,,,,,,,,COMPLETE
856,856,0.8501567398119122,2025-01-01 08:08:57.590610,2025-01-01 08:09:00.643740,0 days 00:00:03.053130,1,85,,,,,,,,,,,,,,,,,,,,2,,,,,,,,,,,,,,,,,,,,COMPLETE
857,857,0.8130296610169492,2025-01-01 08:09:00.644255,2025-01-01 08:09:05.250200,0 days 00:00:04.605945,3,120,130.0,,,,,,,,,,,180.0,,,,,,,,2,2.0,,,,,,,,,,,2.0,,,,,,,,COMPLETE
858,858,0.0,2025-01-01 08:09:05.250784,2025-01-01 08:09:07.242233,0 days 00:00:01.991449,4,55,90.0,,,,,,,,,,,140.0,130.0,,,,,,,2,2.0,,,,,,,,,,,2.0,4.0,,,,,,,COMPLETE
859,859,0.7898305084745763,2025-01-01 08:09:07.242800,2025-01-01 08:09:12.600349,0 days 00:00:05.357549,2,170,70.0,,,,,,,,,,,,,,,,,,,2,6.0,,,,,,,,,,,,,,,,,,,COMPLETE
860,860,0.8187830687830688,2025-01-01 08:09:12.600912,2025-01-01 08:09:15.538474,0 days 00:00:02.937562,1,145,,,,,,,,,,,,,,,,,,,,2,,,,,,,,,,,,,,,,,,,,COMPLETE
861,861,0.8064516129032258,2025-01-01 08:09:15.539004,2025-01-01 08:09:21.022530,0 days 00:00:05.483526,3,130,120.0,,,,,,,,,,,195.0,,,,,,,,2,2.0,,,,,,,,,,,4.0,,,,,,,,COMPLETE
862,862,0.8548009367681498,2025-01-01 08:09:21.023114,2025-01-01 08:09:24.213405,0 days 00:00:03.190291,2,75,135.0,,,,,,,,,,,,,,,,,,,2,2.0,,,,,,,,,,,,,,,,,,,COMPLETE
863,863,0.0,2025-01-01 08:09:24.214161,2025-01-01 08:09:26.409433,0 days 00:00:02.195272,3,175,180.0,,,,,,,,,,,115.0,,,,,,,,2,2.0,,,,,,,,,,,2.0,,,,,,,,COMPLETE
864,864,0.8708333333333333,2025-01-01 08:09:26.409999,2025-01-01 08:09:31.239182,0 days 00:00:04.829183,2,105,125.0,,,,,,,,,,,,,,,,,,,2,5.0,,,,,,,,,,,,,,,,,,,COMPLETE
865,865,0.7741935483870968,2025-01-01 08:09:31.239760,2025-01-01 08:09:34.932743,0 days 00:00:03.692983,2,80,75.0,,,,,,,,,,,,,,,,,,,2,2.0,,,,,,,,,,,,,,,,,,,COMPLETE
866,866,0.8641025641025641,2025-01-01 08:09:34.933283,2025-01-01 08:09:38.578635,0 days 00:00:03.645352,2,85,100.0,,,,,,,,,,,,,,,,,,,2,2.0,,,,,,,,,,,,,,,,,,,COMPLETE
867,867,0.8696969696969696,2025-01-01 08:09:38.579197,2025-01-01 08:09:41.156093,0 days 00:00:02.576896,1,135,,,,,,,,,,,,,,,,,,,,2,,,,,,,,,,,,,,,,,,,,COMPLETE
868,868,0.7889499869075673,2025-01-01 08:09:41.156632,2025-01-01 08:09:48.010092,0 days 00:00:06.853460,3,65,85.0,,,,,,,,,,,90.0,,,,,,,,2,6.0,,,,,,,,,,,5.0,,,,,,,,COMPLETE
869,869,0.8544980443285528,2025-01-01 08:09:48.010694,2025-01-01 08:09:51.657395,0 days 00:00:03.646701,2,70,60.0,,,,,,,,,,,,,,,,,,,2,2.0,,,,,,,,,,,,,,,,,,,COMPLETE
870,870,0.8056426332288402,2025-01-01 08:09:51.657956,2025-01-01 08:09:55.428730,0 days 00:00:03.770774,2,110,130.0,,,,,,,,,,,,,,,,,,,3,2.0,,,,,,,,,,,,,,,,,,,COMPLETE
871,871,0.8688172043010753,2025-01-01 08:09:55.429280,2025-01-01 08:10:00.159357,0 days 00:00:04.730077,3,125,135.0,,,,,,,,,,,160.0,,,,,,,,2,2.0,,,,,,,,,,,3.0,,,,,,,,COMPLETE
872,872,0.8572639909553419,2025-01-01 08:10:00.159948,2025-01-01 08:10:03.326028,0 days 00:00:03.166080,1,90,,,,,,,,,,,,,,,,,,,,2,,,,,,,,,,,,,,,,,,,,COMPLETE
873,873,0.8225344782721832,2025-01-01 08:10:03.326587,2025-01-01 08:10:07.635774,0 days 00:00:04.309187,3,115,125.0,,,,,,,,,,,170.0,,,,,,,,2,2.0,,,,,,,,,,,2.0,,,,,,,,COMPLETE
874,874,0.0,2025-01-01 08:10:07.636356,2025-01-01 08:10:13.797675,0 days 00:00:06.161319,9,165,95.0,,,,,,,,,,,145.0,25.0,85.0,50.0,135.0,175.0,150.0,,2,6.0,,,,,,,,,,,3.0,5.0,3.0,3.0,6.0,5.0,5.0,,COMPLETE
875,875,0.8708333333333333,2025-01-01 08:10:13.798374,2025-01-01 08:10:17.477611,0 days 00:00:03.679237,2,100,115.0,,,,,,,,,,,,,,,,,,,2,2.0,,,,,,,,,,,,,,,,,,,COMPLETE
876,876,0.8870673952641166,2025-01-01 08:10:17.478181,2025-01-01 08:10:21.326051,0 days 00:00:03.847870,2,75,120.0,,,,,,,,,,,,,,,,,,,2,2.0,,,,,,,,,,,,,,,,,,,COMPLETE
877,877,0.845603813559322,2025-01-01 08:10:21.326616,2025-01-01 08:10:27.404912,0 days 00:00:06.078296,4,175,80.0,,,,,,,,,,,110.0,40.0,,,,,,,2,2.0,,,,,,,,,,,2.0,3.0,,,,,,,COMPLETE
878,878,0.8501567398119122,2025-01-01 08:10:27.405721,2025-01-01 08:10:30.297797,0 days 00:00:02.892076,1,105,,,,,,,,,,,,,,,,,,,,2,,,,,,,,,,,,,,,,,,,,COMPLETE
879,879,0.8293650793650793,2025-01-01 08:10:30.298335,2025-01-01 08:10:34.658377,0 days 00:00:04.360042,3,85,130.0,,,,,,,,,,,85.0,,,,,,,,2,2.0,,,,,,,,,,,2.0,,,,,,,,COMPLETE
880,880,0.0,2025-01-01 08:10:34.658968,2025-01-01 08:10:38.617259,0 days 00:00:03.958291,7,140,130.0,,,,,,,,,,,135.0,115.0,50.0,70.0,30.0,,,,2,2.0,,,,,,,,,,,3.0,2.0,6.0,5.0,3.0,,,,COMPLETE
881,881,0.8293650793650793,2025-01-01 08:10:38.617957,2025-01-01 08:10:42.046652,0 days 00:00:03.428695,2,45,85.0,,,,,,,,,,,,,,,,,,,2,2.0,,,,,,,,,,,,,,,,,,,COMPLETE
882,882,0.8709677419354839,2025-01-01 08:10:42.047217,2025-01-01 08:10:48.070731,0 days 00:00:06.023514,3,80,180.0,,,,,,,,,,,5.0,,,,,,,,2,6.0,,,,,,,,,,,2.0,,,,,,,,COMPLETE
883,883,0.0,2025-01-01 08:10:48.071341,2025-01-01 08:10:50.662303,0 days 00:00:02.590962,4,120,125.0,,,,,,,,,,,130.0,60.0,,,,,,,2,3.0,,,,,,,,,,,2.0,6.0,,,,,,,COMPLETE
884,884,0.8708333333333333,2025-01-01 08:10:50.662916,2025-01-01 08:10:54.318870,0 days 00:00:03.655954,2,90,120.0,,,,,,,,,,,,,,,,,,,2,2.0,,,,,,,,,,,,,,,,,,,COMPLETE
885,885,0.9098143236074271,2025-01-01 08:10:54.319431,2025-01-01 08:10:58.989567,0 days 00:00:04.670136,3,130,65.0,,,,,,,,,,,45.0,,,,,,,,2,2.0,,,,,,,,,,,3.0,,,,,,,,COMPLETE
886,886,0.8186031115524661,2025-01-01 08:10:58.990140,2025-01-01 08:11:02.186634,0 days 00:00:03.196494,1,135,,,,,,,,,,,,,,,,,,,,2,,,,,,,,,,,,,,,,,,,,COMPLETE
887,887,0.8225344782721832,2025-01-01 08:11:02.187180,2025-01-01 08:11:06.619350,0 days 00:00:04.432170,2,130,55.0,,,,,,,,,,,,,,,,,,,2,4.0,,,,,,,,,,,,,,,,,,,COMPLETE
888,888,0.7902680197762164,2025-01-01 08:11:06.619934,2025-01-01 08:11:10.771821,0 days 00:00:04.151887,2,130,65.0,,,,,,,,,,,,,,,,,,,2,4.0,,,,,,,,,,,,,,,,,,,COMPLETE
889,889,0.8709677419354839,2025-01-01 08:11:10.772375,2025-01-01 08:11:16.179649,0 days 00:00:05.407274,3,125,65.0,,,,,,,,,,,40.0,,,,,,,,2,2.0,,,,,,,,,,,4.0,,,,,,,,COMPLETE
890,890,0.8709677419354839,2025-01-01 08:11:16.180237,2025-01-01 08:11:19.877601,0 days 00:00:03.697364,2,135,65.0,,,,,,,,,,,,,,,,,,,2,2.0,,,,,,,,,,,,,,,,,,,COMPLETE
891,891,0.8225344782721832,2025-01-01 08:11:19.878163,2025-01-01 08:11:23.537261,0 days 00:00:03.659098,2,140,65.0,,,,,,,,,,,,,,,,,,,2,2.0,,,,,,,,,,,,,,,,,,,COMPLETE
892,892,0.7967032967032968,2025-01-01 08:11:23.537819,2025-01-01 08:11:26.127315,0 days 00:00:02.589496,1,125,,,,,,,,,,,,,,,,,,,,2,,,,,,,,,,,,,,,,,,,,COMPLETE
893,893,0.8385416666666667,2025-01-01 08:11:26.128043,2025-01-01 08:11:31.558111,0 days 00:00:05.430068,3,135,75.0,,,,,,,,,,,40.0,,,,,,,,2,2.0,,,,,,,,,,,4.0,,,,,,,,COMPLETE
894,894,0.8548009367681498,2025-01-01 08:11:31.558718,2025-01-01 08:11:35.223411,0 days 00:00:03.664693,2,135,70.0,,,,,,,,,,,,,,,,,,,2,2.0,,,,,,,,,,,,,,,,,,,COMPLETE
895,895,0.0,2025-01-01 08:11:35.223982,2025-01-01 08:11:37.995019,0 days 00:00:02.771037,5,120,60.0,,,,,,,,,,,45.0,165.0,65.0,,,,,,3,4.0,,,,,,,,,,,4.0,3.0,2.0,,,,,,COMPLETE
896,896,0.8849462365591398,2025-01-01 08:11:37.995645,2025-01-01 08:11:41.655151,0 days 00:00:03.659506,2,125,55.0,,,,,,,,,,,,,,,,,,,2,2.0,,,,,,,,,,,,,,,,,,,COMPLETE
897,897,0.9028213166144201,2025-01-01 08:11:41.655736,2025-01-01 08:11:47.115247,0 days 00:00:05.459511,3,140,70.0,,,,,,,,,,,15.0,,,,,,,,2,2.0,,,,,,,,,,,4.0,,,,,,,,COMPLETE
898,898,0.8221642764015646,2025-01-01 08:11:47.115871,2025-01-01 08:11:55.559112,0 days 00:00:08.443241,4,130,60.0,,,,,,,,,,,25.0,135.0,,,,,,,2,2.0,,,,,,,,,,,5.0,4.0,,,,,,,COMPLETE
899,899,0.80625,2025-01-01 08:11:55.559744,2025-01-01 08:12:01.078235,0 days 00:00:05.518491,3,130,70.0,,,,,,,,,,,15.0,,,,,,,,2,2.0,,,,,,,,,,,4.0,,,,,,,,COMPLETE
900,900,0.8056426332288402,2025-01-01 08:12:01.078831,2025-01-01 08:12:07.128457,0 days 00:00:06.049626,4,135,70.0,,,,,,,,,,,30.0,5.0,,,,,,,2,2.0,,,,,,,,,,,5.0,2.0,,,,,,,COMPLETE
901,901,0.7478813559322034,2025-01-01 08:12:07.129090,2025-01-01 08:12:16.233558,0 days 00:00:09.104468,4,130,70.0,,,,,,,,,,,15.0,145.0,,,,,,,2,4.0,,,,,,,,,,,4.0,5.0,,,,,,,COMPLETE
902,902,0.8868318122555411,2025-01-01 08:12:16.234191,2025-01-01 08:12:21.914152,0 days 00:00:05.679961,3,140,65.0,,,,,,,,,,,10.0,,,,,,,,2,2.0,,,,,,,,,,,5.0,,,,,,,,COMPLETE
903,903,0.8870673952641166,2025-01-01 08:12:21.914764,2025-01-01 08:12:27.567758,0 days 00:00:05.652994,3,145,70.0,,,,,,,,,,,35.0,,,,,,,,2,2.0,,,,,,,,,,,4.0,,,,,,,,COMPLETE
904,904,0.829190904283448,2025-01-01 08:12:27.568357,2025-01-01 08:12:33.025664,0 days 00:00:05.457307,3,140,60.0,,,,,,,,,,,50.0,,,,,,,,2,2.0,,,,,,,,,,,4.0,,,,,,,,COMPLETE
905,905,0.8544980443285528,2025-01-01 08:12:33.026472,2025-01-01 08:12:41.829523,0 days 00:00:08.803051,4,140,75.0,,,,,,,,,,,30.0,45.0,,,,,,,2,4.0,,,,,,,,,,,4.0,3.0,,,,,,,COMPLETE
906,906,0.8380355276907001,2025-01-01 08:12:41.830147,2025-01-01 08:12:47.457806,0 days 00:00:05.627659,3,130,65.0,,,,,,,,,,,20.0,,,,,,,,2,2.0,,,,,,,,,,,5.0,,,,,,,,COMPLETE
907,907,0.8293650793650793,2025-01-01 08:12:47.458425,2025-01-01 08:12:52.555589,0 days 00:00:05.097164,3,140,75.0,,,,,,,,,,,20.0,,,,,,,,2,2.0,,,,,,,,,,,4.0,,,,,,,,COMPLETE
908,908,0.7965517241379311,2025-01-01 08:12:52.556189,2025-01-01 08:12:58.270567,0 days 00:00:05.714378,3,130,70.0,,,,,,,,,,,10.0,,,,,,,,2,2.0,,,,,,,,,,,4.0,,,,,,,,COMPLETE
909,909,0.8548009367681498,2025-01-01 08:12:58.271161,2025-01-01 08:13:05.913372,0 days 00:00:07.642211,4,135,80.0,,,,,,,,,,,25.0,180.0,,,,,,,2,2.0,,,,,,,,,,,5.0,4.0,,,,,,,COMPLETE
910,910,0.8214192196910186,2025-01-01 08:13:05.914016,2025-01-01 08:13:11.687163,0 days 00:00:05.773147,3,135,60.0,,,,,,,,,,,5.0,,,,,,,,2,4.0,,,,,,,,,,,4.0,,,,,,,,COMPLETE
911,911,0.903125,2025-01-01 08:13:11.687776,2025-01-01 08:13:17.345015,0 days 00:00:05.657239,3,140,75.0,,,,,,,,,,,60.0,,,,,,,,2,2.0,,,,,,,,,,,4.0,,,,,,,,COMPLETE
912,912,0.0,2025-01-01 08:13:17.345623,2025-01-01 08:13:19.504562,0 days 00:00:02.158939,4,140,75.0,,,,,,,,,,,55.0,155.0,,,,,,,2,2.0,,,,,,,,,,,4.0,2.0,,,,,,,COMPLETE
913,913,0.8360215053763441,2025-01-01 08:13:19.505169,2025-01-01 08:13:24.964666,0 days 00:00:05.459497,3,135,70.0,,,,,,,,,,,60.0,,,,,,,,2,2.0,,,,,,,,,,,4.0,,,,,,,,COMPLETE
914,914,0.0,2025-01-01 08:13:24.965280,2025-01-01 08:13:28.484342,0 days 00:00:03.519062,4,145,75.0,,,,,,,,,,,35.0,195.0,,,,,,,2,2.0,,,,,,,,,,,4.0,6.0,,,,,,,COMPLETE
915,915,0.8708333333333333,2025-01-01 08:13:28.484984,2025-01-01 08:13:36.377469,0 days 00:00:07.892485,4,145,80.0,,,,,,,,,,,55.0,115.0,,,,,,,2,2.0,,,,,,,,,,,4.0,5.0,,,,,,,COMPLETE
916,916,0.8544980443285528,2025-01-01 08:13:36.378114,2025-01-01 08:13:43.034460,0 days 00:00:06.656346,3,140,65.0,,,,,,,,,,,30.0,,,,,,,,2,4.0,,,,,,,,,,,4.0,,,,,,,,COMPLETE
917,917,0.861228813559322,2025-01-01 08:13:43.035127,2025-01-01 08:13:48.511113,0 days 00:00:05.475986,3,135,80.0,,,,,,,,,,,50.0,,,,,,,,2,2.0,,,,,,,,,,,4.0,,,,,,,,COMPLETE
918,918,0.80625,2025-01-01 08:13:48.511807,2025-01-01 08:13:53.947892,0 days 00:00:05.436085,3,150,75.0,,,,,,,,,,,45.0,,,,,,,,2,2.0,,,,,,,,,,,4.0,,,,,,,,COMPLETE
919,919,0.8380355276907001,2025-01-01 08:13:53.948516,2025-01-01 08:14:00.793575,0 days 00:00:06.845059,4,140,70.0,,,,,,,,,,,60.0,70.0,,,,,,,2,2.0,,,,,,,,,,,4.0,4.0,,,,,,,COMPLETE
920,920,0.8445623342175066,2025-01-01 08:14:00.794241,2025-01-01 08:14:07.203534,0 days 00:00:06.409293,3,130,75.0,,,,,,,,,,,50.0,,,,,,,,2,4.0,,,,,,,,,,,5.0,,,,,,,,COMPLETE
921,921,0.0,2025-01-01 08:14:07.204144,2025-01-01 08:14:11.580206,0 days 00:00:04.376062,11,145,70.0,150.0,,,,,,,,,,35.0,85.0,110.0,130.0,150.0,40.0,100.0,35.0,2,2.0,5.0,,,,,,,,,,4.0,3.0,5.0,2.0,2.0,2.0,4.0,2.0,COMPLETE
922,922,0.7741935483870968,2025-01-01 08:14:11.581017,2025-01-01 08:14:17.009954,0 days 00:00:05.428937,3,145,80.0,,,,,,,,,,,65.0,,,,,,,,2,2.0,,,,,,,,,,,4.0,,,,,,,,COMPLETE
923,923,0.7801587301587302,2025-01-01 08:14:17.010562,2025-01-01 08:14:22.803301,0 days 00:00:05.792739,3,125,90.0,,,,,,,,,,,40.0,,,,,,,,2,2.0,,,,,,,,,,,4.0,,,,,,,,COMPLETE
924,924,0.7902680197762164,2025-01-01 08:14:22.803920,2025-01-01 08:14:28.744996,0 days 00:00:05.941076,3,135,85.0,,,,,,,,,,,70.0,,,,,,,,2,2.0,,,,,,,,,,,5.0,,,,,,,,COMPLETE
925,925,0.8225344782721832,2025-01-01 08:14:28.745616,2025-01-01 08:14:34.848578,0 days 00:00:06.102962,3,140,65.0,,,,,,,,,,,75.0,,,,,,,,2,2.0,,,,,,,,,,,6.0,,,,,,,,COMPLETE
926,926,0.7574967405475881,2025-01-01 08:14:34.849193,2025-01-01 08:14:42.680653,0 days 00:00:07.831460,4,135,50.0,,,,,,,,,,,25.0,185.0,,,,,,,2,4.0,,,,,,,,,,,4.0,2.0,,,,,,,COMPLETE
927,927,0.0,2025-01-01 08:14:42.681289,2025-01-01 08:14:45.250810,0 days 00:00:02.569521,5,140,75.0,,,,,,,,,,,65.0,50.0,95.0,,,,,,2,2.0,,,,,,,,,,,4.0,3.0,3.0,,,,,,COMPLETE
928,928,0.7889499869075673,2025-01-01 08:14:45.251452,2025-01-01 08:14:51.124102,0 days 00:00:05.872650,3,130,85.0,,,,,,,,,,,45.0,,,,,,,,2,2.0,,,,,,,,,,,5.0,,,,,,,,COMPLETE
929,929,0.8225344782721832,2025-01-01 08:14:51.124721,2025-01-01 08:14:56.800104,0 days 00:00:05.675383,3,125,80.0,,,,,,,,,,,60.0,,,,,,,,2,2.0,,,,,,,,,,,4.0,,,,,,,,COMPLETE
930,930,0.8130296610169492,2025-01-01 08:14:56.800924,2025-01-01 08:15:00.465682,0 days 00:00:03.664758,2,135,195.0,,,,,,,,,,,,,,,,,,,2,2.0,,,,,,,,,,,,,,,,,,,COMPLETE
931,931,0.8214192196910186,2025-01-01 08:15:00.466254,2025-01-01 08:15:04.127442,0 days 00:00:03.661188,2,130,65.0,,,,,,,,,,,,,,,,,,,2,2.0,,,,,,,,,,,,,,,,,,,COMPLETE
932,932,0.8544980443285528,2025-01-01 08:15:04.128033,2025-01-01 08:15:10.809669,0 days 00:00:06.681636,3,120,70.0,,,,,,,,,,,55.0,,,,,,,,4,4.0,,,,,,,,,,,4.0,,,,,,,,COMPLETE
933,933,0.8385416666666667,2025-01-01 08:15:10.810301,2025-01-01 08:15:14.731987,0 days 00:00:03.921686,2,150,75.0,,,,,,,,,,,,,,,,,,,2,2.0,,,,,,,,,,,,,,,,,,,COMPLETE
934,934,0.0,2025-01-01 08:15:14.732580,2025-01-01 08:15:23.840348,0 days 00:00:09.107768,14,125,100.0,5.0,145.0,125.0,100.0,,,,,,,40.0,170.0,185.0,110.0,55.0,20.0,190.0,190.0,2,2.0,3.0,4.0,4.0,6.0,,,,,,,4.0,5.0,6.0,5.0,4.0,4.0,5.0,3.0,COMPLETE
935,935,0.8544980443285528,2025-01-01 08:15:23.841267,2025-01-01 08:15:29.547862,0 days 00:00:05.706595,3,140,80.0,,,,,,,,,,,45.0,,,,,,,,2,2.0,,,,,,,,,,,5.0,,,,,,,,COMPLETE
936,936,0.8221642764015646,2025-01-01 08:15:29.548476,2025-01-01 08:15:33.534802,0 days 00:00:03.986326,2,170,90.0,,,,,,,,,,,,,,,,,,,4,2.0,,,,,,,,,,,,,,,,,,,COMPLETE
937,937,0.7580015612802498,2025-01-01 08:15:33.535412,2025-01-01 08:15:37.218088,0 days 00:00:03.682676,2,135,60.0,,,,,,,,,,,,,,,,,,,2,2.0,,,,,,,,,,,,,,,,,,,COMPLETE
938,938,0.0,2025-01-01 08:15:37.218673,2025-01-01 08:15:41.030711,0 days 00:00:03.812038,4,115,85.0,,,,,,,,,,,70.0,110.0,,,,,,,2,4.0,,,,,,,,,,,3.0,4.0,,,,,,,COMPLETE
939,939,0.8214192196910186,2025-01-01 08:15:41.031336,2025-01-01 08:15:46.653305,0 days 00:00:05.621969,3,180,55.0,,,,,,,,,,,80.0,,,,,,,,2,2.0,,,,,,,,,,,4.0,,,,,,,,COMPLETE
940,940,0.8548009367681498,2025-01-01 08:15:46.653929,2025-01-01 08:15:50.105194,0 days 00:00:03.451265,2,145,95.0,,,,,,,,,,,,,,,,,,,2,2.0,,,,,,,,,,,,,,,,,,,COMPLETE
941,941,0.8499583217560434,2025-01-01 08:15:50.105791,2025-01-01 08:15:53.170404,0 days 00:00:03.064613,1,125,,,,,,,,,,,,,,,,,,,,2,,,,,,,,,,,,,,,,,,,,COMPLETE
942,942,0.8225344782721832,2025-01-01 08:15:53.170964,2025-01-01 08:15:58.930605,0 days 00:00:05.759641,3,120,170.0,,,,,,,,,,,60.0,,,,,,,,3,4.0,,,,,,,,,,,3.0,,,,,,,,COMPLETE
943,943,0.8548009367681498,2025-01-01 08:15:58.931421,2025-01-01 08:16:02.602309,0 days 00:00:03.670888,2,50,70.0,,,,,,,,,,,,,,,,,,,2,2.0,,,,,,,,,,,,,,,,,,,COMPLETE
944,944,0.8544980443285528,2025-01-01 08:16:02.602892,2025-01-01 08:16:12.787511,0 days 00:00:10.184619,4,130,175.0,,,,,,,,,,,20.0,35.0,,,,,,,2,2.0,,,,,,,,,,,4.0,6.0,,,,,,,COMPLETE
945,945,0.8696969696969696,2025-01-01 08:16:12.788158,2025-01-01 08:16:15.827853,0 days 00:00:03.039695,1,175,,,,,,,,,,,,,,,,,,,,2,,,,,,,,,,,,,,,,,,,,COMPLETE
946,946,0.0,2025-01-01 08:16:15.828422,2025-01-01 08:16:23.741456,0 days 00:00:07.913034,13,135,65.0,110.0,20.0,160.0,,,,,,,,5.0,100.0,10.0,195.0,165.0,80.0,85.0,175.0,2,2.0,4.0,5.0,3.0,,,,,,,,3.0,2.0,4.0,6.0,6.0,5.0,3.0,4.0,COMPLETE
947,947,0.8544980443285528,2025-01-01 08:16:23.742335,2025-01-01 08:16:27.422525,0 days 00:00:03.680190,2,140,185.0,,,,,,,,,,,,,,,,,,,2,2.0,,,,,,,,,,,,,,,,,,,COMPLETE
948,948,0.8944444444444444,2025-01-01 08:16:27.423111,2025-01-01 08:16:33.955891,0 days 00:00:06.532780,3,145,75.0,,,,,,,,,,,20.0,,,,,,,,2,2.0,,,,,,,,,,,5.0,,,,,,,,COMPLETE
949,949,0.7720588235294117,2025-01-01 08:16:33.956518,2025-01-01 08:16:42.857339,0 days 00:00:08.900821,4,150,75.0,,,,,,,,,,,15.0,125.0,,,,,,,2,4.0,,,,,,,,,,,6.0,3.0,,,,,,,COMPLETE
950,950,0.80625,2025-01-01 08:16:42.858002,2025-01-01 08:16:49.073992,0 days 00:00:06.215990,3,145,70.0,,,,,,,,,,,10.0,,,,,,,,2,4.0,,,,,,,,,,,6.0,,,,,,,,COMPLETE
951,951,0.8435501066098081,2025-01-01 08:16:49.074621,2025-01-01 08:16:55.353289,0 days 00:00:06.278668,3,145,75.0,,,,,,,,,,,20.0,,,,,,,,2,4.0,,,,,,,,,,,5.0,,,,,,,,COMPLETE
952,952,0.8435501066098081,2025-01-01 08:16:55.353918,2025-01-01 08:17:04.448620,0 days 00:00:09.094702,4,150,70.0,,,,,,,,,,,25.0,190.0,,,,,,,2,2.0,,,,,,,,,,,5.0,4.0,,,,,,,COMPLETE
953,953,0.8387096774193549,2025-01-01 08:17:04.449250,2025-01-01 08:17:09.829477,0 days 00:00:05.380227,3,155,75.0,,,,,,,,,,,20.0,,,,,,,,2,2.0,,,,,,,,,,,6.0,,,,,,,,COMPLETE
954,954,0.8225344782721832,2025-01-01 08:17:09.830326,2025-01-01 08:17:14.887643,0 days 00:00:05.057317,3,140,80.0,,,,,,,,,,,30.0,,,,,,,,2,2.0,,,,,,,,,,,6.0,,,,,,,,COMPLETE
955,955,0.7416666666666667,2025-01-01 08:17:14.888253,2025-01-01 08:17:20.270448,0 days 00:00:05.382195,3,140,70.0,,,,,,,,,,,10.0,,,,,,,,2,2.0,,,,,,,,,,,5.0,,,,,,,,COMPLETE
956,956,0.0,2025-01-01 08:17:20.271064,2025-01-01 08:17:22.842316,0 days 00:00:02.571252,4,145,65.0,,,,,,,,,,,35.0,90.0,,,,,,,2,2.0,,,,,,,,,,,5.0,2.0,,,,,,,COMPLETE
957,957,0.8130618720253834,2025-01-01 08:17:22.842939,2025-01-01 08:17:29.560590,0 days 00:00:06.717651,3,135,75.0,,,,,,,,,,,5.0,,,,,,,,2,4.0,,,,,,,,,,,5.0,,,,,,,,COMPLETE
958,958,0.9107521186440678,2025-01-01 08:17:29.561192,2025-01-01 08:17:35.401957,0 days 00:00:05.840765,3,155,80.0,,,,,,,,,,,10.0,,,,,,,,2,2.0,,,,,,,,,,,4.0,,,,,,,,COMPLETE
959,959,0.0,2025-01-01 08:17:35.402579,2025-01-01 08:17:38.895240,0 days 00:00:03.492661,6,155,80.0,,,,,,,,,,,15.0,150.0,175.0,140.0,,,,,2,3.0,,,,,,,,,,,4.0,5.0,2.0,4.0,,,,,COMPLETE
960,960,0.7739583333333333,2025-01-01 08:17:38.895978,2025-01-01 08:17:47.055797,0 days 00:00:08.159819,4,155,80.0,,,,,,,,,,,10.0,75.0,,,,,,,2,3.0,,,,,,,,,,,4.0,3.0,,,,,,,COMPLETE
961,961,0.7452025586353945,2025-01-01 08:17:47.056444,2025-01-01 08:17:54.935643,0 days 00:00:07.879199,4,150,75.0,,,,,,,,,,,15.0,140.0,,,,,,,2,5.0,,,,,,,,,,,4.0,4.0,,,,,,,COMPLETE
962,962,0.8064516129032258,2025-01-01 08:17:54.936290,2025-01-01 08:18:00.803786,0 days 00:00:05.867496,3,160,75.0,,,,,,,,,,,5.0,,,,,,,,2,5.0,,,,,,,,,,,4.0,,,,,,,,COMPLETE
963,963,0.8291777188328913,2025-01-01 08:18:00.804401,2025-01-01 08:18:07.472323,0 days 00:00:06.667922,3,150,80.0,,,,,,,,,,,25.0,,,,,,,,2,5.0,,,,,,,,,,,4.0,,,,,,,,COMPLETE
964,964,0.8544980443285528,2025-01-01 08:18:07.472963,2025-01-01 08:18:17.623126,0 days 00:00:10.150163,4,155,80.0,,,,,,,,,,,20.0,10.0,,,,,,,2,2.0,,,,,,,,,,,4.0,6.0,,,,,,,COMPLETE
965,965,0.0,2025-01-01 08:18:17.623786,2025-01-01 08:18:27.455501,0 days 00:00:09.831715,17,145,70.0,165.0,60.0,100.0,55.0,25.0,140.0,40.0,,,,15.0,55.0,150.0,20.0,95.0,95.0,35.0,145.0,2,2.0,2.0,4.0,2.0,5.0,6.0,2.0,4.0,,,,4.0,2.0,6.0,2.0,2.0,6.0,4.0,6.0,COMPLETE
966,966,0.0,2025-01-01 08:18:27.456663,2025-01-01 08:18:38.443191,0 days 00:00:10.986528,19,160,75.0,90.0,105.0,25.0,85.0,105.0,200.0,125.0,160.0,65.0,,35.0,200.0,55.0,10.0,180.0,165.0,120.0,160.0,2,2.0,6.0,2.0,6.0,5.0,2.0,4.0,3.0,3.0,5.0,,4.0,5.0,3.0,3.0,3.0,3.0,6.0,2.0,COMPLETE
