,number,value,datetime_start,datetime_complete,duration,params_depth,params_neurons_layer_0,params_neurons_layer_1,params_neurons_layer_10,params_neurons_layer_11,params_neurons_layer_12,params_neurons_layer_13,params_neurons_layer_14,params_neurons_layer_15,params_neurons_layer_16,params_neurons_layer_17,params_neurons_layer_18,params_neurons_layer_19,params_neurons_layer_2,params_neurons_layer_3,params_neurons_layer_4,params_neurons_layer_5,params_neurons_layer_6,params_neurons_layer_7,params_neurons_layer_8,params_neurons_layer_9,params_orders_layer_0,params_orders_layer_1,params_orders_layer_10,params_orders_layer_11,params_orders_layer_12,params_orders_layer_13,params_orders_layer_14,params_orders_layer_15,params_orders_layer_16,params_orders_layer_17,params_orders_layer_18,params_orders_layer_19,params_orders_layer_2,params_orders_layer_3,params_orders_layer_4,params_orders_layer_5,params_orders_layer_6,params_orders_layer_7,params_orders_layer_8,params_orders_layer_9,state
240,240,0.6668614845119814,2025-01-01 11:31:56.437281,2025-01-01 11:32:01.220566,0 days 00:00:04.783285,1,85,,,,,,,,,,,,,,,,,,,,6,,,,,,,,,,,,,,,,,,,,COMPLETE
241,241,0.4594594594594595,2025-01-01 11:32:01.220950,2025-01-01 11:32:05.295829,0 days 00:00:04.074879,1,85,,,,,,,,,,,,,,,,,,,,6,,,,,,,,,,,,,,,,,,,,COMPLETE
242,242,0.6723057644110275,2025-01-01 11:32:05.296206,2025-01-01 11:32:09.784818,0 days 00:00:04.488612,1,90,,,,,,,,,,,,,,,,,,,,6,,,,,,,,,,,,,,,,,,,,COMPLETE
243,243,0.5755591925804692,2025-01-01 11:32:09.785218,2025-01-01 11:32:13.862815,0 days 00:00:04.077597,1,90,,,,,,,,,,,,,,,,,,,,6,,,,,,,,,,,,,,,,,,,,COMPLETE
244,244,0.4987468671679198,2025-01-01 11:32:13.863211,2025-01-01 11:32:18.121174,0 days 00:00:04.257963,1,85,,,,,,,,,,,,,,,,,,,,6,,,,,,,,,,,,,,,,,,,,COMPLETE
245,245,0.6362433862433863,2025-01-01 11:32:18.121566,2025-01-01 11:32:21.996714,0 days 00:00:03.875148,1,90,,,,,,,,,,,,,,,,,,,,6,,,,,,,,,,,,,,,,,,,,COMPLETE
246,246,0.40540540540540543,2025-01-01 11:32:21.997097,2025-01-01 11:32:25.398509,0 days 00:00:03.401412,1,200,,,,,,,,,,,,,,,,,,,,3,,,,,,,,,,,,,,,,,,,,COMPLETE
247,247,0.6234967622571693,2025-01-01 11:32:25.398899,2025-01-01 11:32:29.018572,0 days 00:00:03.619673,2,85,5.0,,,,,,,,,,,,,,,,,,,6,3.0,,,,,,,,,,,,,,,,,,,COMPLETE
248,248,0.6356589147286822,2025-01-01 11:32:29.018964,2025-01-01 11:32:33.570172,0 days 00:00:04.551208,1,90,,,,,,,,,,,,,,,,,,,,6,,,,,,,,,,,,,,,,,,,,COMPLETE
249,249,0.5788497217068646,2025-01-01 11:32:33.570570,2025-01-01 11:32:37.005726,0 days 00:00:03.435156,2,195,145.0,,,,,,,,,,,,,,,,,,,6,3.0,,,,,,,,,,,,,,,,,,,COMPLETE
250,250,0.6515151515151515,2025-01-01 11:32:37.006154,2025-01-01 11:32:40.412735,0 days 00:00:03.406581,2,75,90.0,,,,,,,,,,,,,,,,,,,6,3.0,,,,,,,,,,,,,,,,,,,COMPLETE
251,251,0.6260162601626016,2025-01-01 11:32:40.413134,2025-01-01 11:32:45.128963,0 days 00:00:04.715829,1,190,,,,,,,,,,,,,,,,,,,,6,,,,,,,,,,,,,,,,,,,,COMPLETE
252,252,0.5182724252491694,2025-01-01 11:32:45.129355,2025-01-01 11:32:49.125631,0 days 00:00:03.996276,2,45,180.0,,,,,,,,,,,,,,,,,,,6,3.0,,,,,,,,,,,,,,,,,,,COMPLETE
253,253,0.3773109243697479,2025-01-01 11:32:49.126032,2025-01-01 11:32:52.461329,0 days 00:00:03.335297,1,70,,,,,,,,,,,,,,,,,,,,6,,,,,,,,,,,,,,,,,,,,COMPLETE
254,254,0.551594746716698,2025-01-01 11:32:52.461865,2025-01-01 11:32:56.285742,0 days 00:00:03.823877,2,95,195.0,,,,,,,,,,,,,,,,,,,6,3.0,,,,,,,,,,,,,,,,,,,COMPLETE
255,255,0.543956043956044,2025-01-01 11:32:56.286153,2025-01-01 11:33:00.810413,0 days 00:00:04.524260,1,80,,,,,,,,,,,,,,,,,,,,6,,,,,,,,,,,,,,,,,,,,COMPLETE
256,256,0.6015769944341374,2025-01-01 11:33:00.810815,2025-01-01 11:33:04.298302,0 days 00:00:03.487487,2,55,185.0,,,,,,,,,,,,,,,,,,,6,3.0,,,,,,,,,,,,,,,,,,,COMPLETE
257,257,0.6723872950819672,2025-01-01 11:33:04.298702,2025-01-01 11:33:08.455099,0 days 00:00:04.156397,1,35,,,,,,,,,,,,,,,,,,,,6,,,,,,,,,,,,,,,,,,,,COMPLETE
258,258,0.5695394436844505,2025-01-01 11:33:08.455512,2025-01-01 11:33:12.202198,0 days 00:00:03.746686,1,195,,,,,,,,,,,,,,,,,,,,6,,,,,,,,,,,,,,,,,,,,COMPLETE
259,259,0.29094827586206895,2025-01-01 11:33:12.202593,2025-01-01 11:33:16.697823,0 days 00:00:04.495230,1,25,,,,,,,,,,,,,,,,,,,,6,,,,,,,,,,,,,,,,,,,,COMPLETE
260,260,0.5873460246360582,2025-01-01 11:33:16.698214,2025-01-01 11:33:20.580923,0 days 00:00:03.882709,1,90,,,,,,,,,,,,,,,,,,,,6,,,,,,,,,,,,,,,,,,,,COMPLETE
261,261,0.3208333333333333,2025-01-01 11:33:20.581300,2025-01-01 11:33:24.481933,0 days 00:00:03.900633,1,85,,,,,,,,,,,,,,,,,,,,6,,,,,,,,,,,,,,,,,,,,COMPLETE
262,262,0.5851922164214522,2025-01-01 11:33:24.482313,2025-01-01 11:33:28.522121,0 days 00:00:04.039808,2,200,195.0,,,,,,,,,,,,,,,,,,,6,3.0,,,,,,,,,,,,,,,,,,,COMPLETE
263,263,0.3155694879832811,2025-01-01 11:33:28.522526,2025-01-01 11:33:33.067497,0 days 00:00:04.544971,1,190,,,,,,,,,,,,,,,,,,,,6,,,,,,,,,,,,,,,,,,,,COMPLETE
264,264,0.6154545454545455,2025-01-01 11:33:33.067888,2025-01-01 11:33:37.122371,0 days 00:00:04.054483,2,95,125.0,,,,,,,,,,,,,,,,,,,6,6.0,,,,,,,,,,,,,,,,,,,COMPLETE
265,265,0.4871456822676335,2025-01-01 11:33:37.122818,2025-01-01 11:33:40.775948,0 days 00:00:03.653130,1,80,,,,,,,,,,,,,,,,,,,,6,,,,,,,,,,,,,,,,,,,,COMPLETE
266,266,0.0,2025-01-01 11:33:40.776335,2025-01-01 11:33:47.557021,0 days 00:00:06.780686,14,90,170.0,105.0,170.0,145.0,155.0,,,,,,,180.0,55.0,75.0,110.0,195.0,5.0,175.0,30.0,6,3.0,5.0,2.0,3.0,5.0,,,,,,,4.0,5.0,4.0,4.0,4.0,6.0,3.0,6.0,COMPLETE
267,267,0.0,2025-01-01 11:33:47.557656,2025-01-01 11:33:53.599710,0 days 00:00:06.042054,10,35,175.0,,,,,,,,,,,195.0,30.0,110.0,60.0,95.0,75.0,125.0,80.0,6,5.0,,,,,,,,,,,2.0,6.0,4.0,6.0,5.0,2.0,5.0,2.0,COMPLETE
268,268,0.7095282146160962,2025-01-01 11:33:53.600464,2025-01-01 11:33:56.650316,0 days 00:00:03.049852,2,170,185.0,,,,,,,,,,,,,,,,,,,6,3.0,,,,,,,,,,,,,,,,,,,COMPLETE
269,269,0.6083333333333334,2025-01-01 11:33:56.650721,2025-01-01 11:34:00.389589,0 days 00:00:03.738868,2,170,175.0,,,,,,,,,,,,,,,,,,,6,3.0,,,,,,,,,,,,,,,,,,,COMPLETE
270,270,0.6493278784336645,2025-01-01 11:34:00.390018,2025-01-01 11:34:04.733407,0 days 00:00:04.343389,1,170,,,,,,,,,,,,,,,,,,,,6,,,,,,,,,,,,,,,,,,,,COMPLETE
271,271,0.3800865800865801,2025-01-01 11:34:04.733807,2025-01-01 11:34:09.747576,0 days 00:00:05.013769,1,175,,,,,,,,,,,,,,,,,,,,6,,,,,,,,,,,,,,,,,,,,COMPLETE
272,272,0.559204440333025,2025-01-01 11:34:09.748002,2025-01-01 11:34:13.461713,0 days 00:00:03.713711,2,180,190.0,,,,,,,,,,,,,,,,,,,6,3.0,,,,,,,,,,,,,,,,,,,COMPLETE
273,273,0.0,2025-01-01 11:34:13.462121,2025-01-01 11:34:17.465070,0 days 00:00:04.002949,8,165,200.0,,,,,,,,,,,165.0,140.0,185.0,10.0,65.0,150.0,,,6,3.0,,,,,,,,,,,2.0,4.0,2.0,3.0,4.0,3.0,,,COMPLETE
274,274,0.0,2025-01-01 11:34:17.465619,2025-01-01 11:34:19.947970,0 days 00:00:02.482351,3,60,180.0,,,,,,,,,,,95.0,,,,,,,,6,3.0,,,,,,,,,,,4.0,,,,,,,,COMPLETE
275,275,0.5051480051480052,2025-01-01 11:34:19.948389,2025-01-01 11:34:24.023779,0 days 00:00:04.075390,1,175,,,,,,,,,,,,,,,,,,,,6,,,,,,,,,,,,,,,,,,,,COMPLETE
276,276,0.6168478260869565,2025-01-01 11:34:24.024159,2025-01-01 11:34:28.441873,0 days 00:00:04.417714,2,75,185.0,,,,,,,,,,,,,,,,,,,6,3.0,,,,,,,,,,,,,,,,,,,COMPLETE
277,277,0.6168478260869565,2025-01-01 11:34:28.442280,2025-01-01 11:34:32.237286,0 days 00:00:03.795006,2,85,140.0,,,,,,,,,,,,,,,,,,,6,3.0,,,,,,,,,,,,,,,,,,,COMPLETE
278,278,0.5,2025-01-01 11:34:32.237720,2025-01-01 11:34:36.148397,0 days 00:00:03.910677,1,95,,,,,,,,,,,,,,,,,,,,6,,,,,,,,,,,,,,,,,,,,COMPLETE
279,279,0.6356589147286822,2025-01-01 11:34:36.148786,2025-01-01 11:34:40.104265,0 days 00:00:03.955479,2,80,185.0,,,,,,,,,,,,,,,,,,,6,3.0,,,,,,,,,,,,,,,,,,,COMPLETE
280,280,0.0,2025-01-01 11:34:40.104682,2025-01-01 11:34:42.433073,0 days 00:00:02.328391,3,180,155.0,,,,,,,,,,,140.0,,,,,,,,6,3.0,,,,,,,,,,,4.0,,,,,,,,COMPLETE
281,281,0.6013888888888889,2025-01-01 11:34:42.433529,2025-01-01 11:34:46.541639,0 days 00:00:04.108110,2,90,170.0,,,,,,,,,,,,,,,,,,,6,3.0,,,,,,,,,,,,,,,,,,,COMPLETE
282,282,0.6655813953488372,2025-01-01 11:34:46.542058,2025-01-01 11:34:50.892348,0 days 00:00:04.350290,1,75,,,,,,,,,,,,,,,,,,,,6,,,,,,,,,,,,,,,,,,,,COMPLETE
283,283,0.4065656565656566,2025-01-01 11:34:50.892735,2025-01-01 11:34:55.332771,0 days 00:00:04.440036,1,70,,,,,,,,,,,,,,,,,,,,6,,,,,,,,,,,,,,,,,,,,COMPLETE
284,284,0.6190476190476191,2025-01-01 11:34:55.333161,2025-01-01 11:34:59.448496,0 days 00:00:04.115335,2,75,115.0,,,,,,,,,,,,,,,,,,,6,3.0,,,,,,,,,,,,,,,,,,,COMPLETE
285,285,0.552046783625731,2025-01-01 11:34:59.449045,2025-01-01 11:35:04.131724,0 days 00:00:04.682679,1,65,,,,,,,,,,,,,,,,,,,,6,,,,,,,,,,,,,,,,,,,,COMPLETE
286,286,0.6302600472813239,2025-01-01 11:35:04.132129,2025-01-01 11:35:07.330672,0 days 00:00:03.198543,2,80,160.0,,,,,,,,,,,,,,,,,,,6,3.0,,,,,,,,,,,,,,,,,,,COMPLETE
287,287,0.6012002182214948,2025-01-01 11:35:07.331082,2025-01-01 11:35:11.521950,0 days 00:00:04.190868,1,75,,,,,,,,,,,,,,,,,,,,6,,,,,,,,,,,,,,,,,,,,COMPLETE
288,288,0.6356589147286822,2025-01-01 11:35:11.522344,2025-01-01 11:35:16.270885,0 days 00:00:04.748541,2,85,75.0,,,,,,,,,,,,,,,,,,,6,3.0,,,,,,,,,,,,,,,,,,,COMPLETE
289,289,0.6755637367694431,2025-01-01 11:35:16.271295,2025-01-01 11:35:20.569267,0 days 00:00:04.297972,3,70,145.0,,,,,,,,,,,190.0,,,,,,,,6,3.0,,,,,,,,,,,2.0,,,,,,,,COMPLETE
290,290,0.6323055683387022,2025-01-01 11:35:20.569710,2025-01-01 11:35:25.388041,0 days 00:00:04.818331,3,70,135.0,,,,,,,,,,,185.0,,,,,,,,6,3.0,,,,,,,,,,,2.0,,,,,,,,COMPLETE
291,291,0.0,2025-01-01 11:35:25.388512,2025-01-01 11:35:27.355042,0 days 00:00:01.966530,3,75,110.0,,,,,,,,,,,175.0,,,,,,,,6,3.0,,,,,,,,,,,2.0,,,,,,,,COMPLETE
292,292,0.0,2025-01-01 11:35:27.355459,2025-01-01 11:35:29.185549,0 days 00:00:01.830090,3,65,165.0,,,,,,,,,,,190.0,,,,,,,,6,3.0,,,,,,,,,,,2.0,,,,,,,,COMPLETE
293,293,0.570754716981132,2025-01-01 11:35:29.185964,2025-01-01 11:35:35.261105,0 days 00:00:06.075141,3,80,145.0,,,,,,,,,,,200.0,,,,,,,,6,3.0,,,,,,,,,,,3.0,,,,,,,,COMPLETE
294,294,0.6086956521739131,2025-01-01 11:35:35.261557,2025-01-01 11:35:38.925191,0 days 00:00:03.663634,2,70,165.0,,,,,,,,,,,,,,,,,,,6,3.0,,,,,,,,,,,,,,,,,,,COMPLETE
295,295,0.614975845410628,2025-01-01 11:35:38.925612,2025-01-01 11:35:42.718406,0 days 00:00:03.792794,2,85,170.0,,,,,,,,,,,,,,,,,,,6,3.0,,,,,,,,,,,,,,,,,,,COMPLETE
296,296,0.0,2025-01-01 11:35:42.718823,2025-01-01 11:35:44.562529,0 days 00:00:01.843706,3,60,175.0,,,,,,,,,,,175.0,,,,,,,,6,3.0,,,,,,,,,,,2.0,,,,,,,,COMPLETE
297,297,0.0,2025-01-01 11:35:44.562963,2025-01-01 11:35:47.117422,0 days 00:00:02.554459,4,100,125.0,,,,,,,,,,,190.0,10.0,,,,,,,6,3.0,,,,,,,,,,,3.0,5.0,,,,,,,COMPLETE
298,298,0.5358139534883721,2025-01-01 11:35:47.117903,2025-01-01 11:35:51.139888,0 days 00:00:04.021985,2,15,160.0,,,,,,,,,,,,,,,,,,,6,3.0,,,,,,,,,,,,,,,,,,,COMPLETE
299,299,0.6802721088435374,2025-01-01 11:35:51.140304,2025-01-01 11:35:55.132279,0 days 00:00:03.991975,3,75,150.0,,,,,,,,,,,155.0,,,,,,,,6,3.0,,,,,,,,,,,2.0,,,,,,,,COMPLETE
300,300,0.5820181731229077,2025-01-01 11:35:55.132723,2025-01-01 11:35:58.826080,0 days 00:00:03.693357,3,75,145.0,,,,,,,,,,,165.0,,,,,,,,6,3.0,,,,,,,,,,,2.0,,,,,,,,COMPLETE
301,301,0.0,2025-01-01 11:35:58.826514,2025-01-01 11:36:00.646315,0 days 00:00:01.819801,3,70,140.0,,,,,,,,,,,155.0,,,,,,,,6,3.0,,,,,,,,,,,2.0,,,,,,,,COMPLETE
302,302,0.0,2025-01-01 11:36:00.646736,2025-01-01 11:36:07.136118,0 days 00:00:06.489382,12,30,150.0,170.0,85.0,,,,,,,,,145.0,90.0,45.0,130.0,15.0,170.0,80.0,120.0,5,3.0,6.0,4.0,,,,,,,,,2.0,2.0,5.0,4.0,6.0,6.0,4.0,4.0,COMPLETE
303,303,0.0,2025-01-01 11:36:07.136894,2025-01-01 11:36:09.282503,0 days 00:00:02.145609,4,50,130.0,,,,,,,,,,,170.0,150.0,,,,,,,6,3.0,,,,,,,,,,,2.0,3.0,,,,,,,COMPLETE
304,304,0.0,2025-01-01 11:36:09.282955,2025-01-01 11:36:11.020599,0 days 00:00:01.737644,3,75,155.0,,,,,,,,,,,155.0,,,,,,,,6,3.0,,,,,,,,,,,2.0,,,,,,,,COMPLETE
305,305,0.5390189520624302,2025-01-01 11:36:11.021001,2025-01-01 11:36:15.443042,0 days 00:00:04.422041,1,80,,,,,,,,,,,,,,,,,,,,6,,,,,,,,,,,,,,,,,,,,COMPLETE
306,306,0.0,2025-01-01 11:36:15.443433,2025-01-01 11:36:20.229336,0 days 00:00:04.785903,7,200,155.0,,,,,,,,,,,185.0,70.0,80.0,105.0,195.0,,,,6,3.0,,,,,,,,,,,3.0,5.0,6.0,6.0,4.0,,,,COMPLETE
307,307,0.45151033386327505,2025-01-01 11:36:20.229903,2025-01-01 11:36:24.064884,0 days 00:00:03.834981,1,85,,,,,,,,,,,,,,,,,,,,6,,,,,,,,,,,,,,,,,,,,COMPLETE
308,308,0.6356589147286822,2025-01-01 11:36:24.065297,2025-01-01 11:36:27.510236,0 days 00:00:03.444939,2,80,195.0,,,,,,,,,,,,,,,,,,,6,3.0,,,,,,,,,,,,,,,,,,,COMPLETE
309,309,0.6655813953488372,2025-01-01 11:36:27.510664,2025-01-01 11:36:30.949427,0 days 00:00:03.438763,2,65,180.0,,,,,,,,,,,,,,,,,,,6,3.0,,,,,,,,,,,,,,,,,,,COMPLETE
310,310,0.5927952576379389,2025-01-01 11:36:30.949847,2025-01-01 11:36:35.386637,0 days 00:00:04.436790,1,70,,,,,,,,,,,,,,,,,,,,6,,,,,,,,,,,,,,,,,,,,COMPLETE
311,311,0.0,2025-01-01 11:36:35.387038,2025-01-01 11:36:38.365673,0 days 00:00:02.978635,5,35,160.0,,,,,,,,,,,120.0,50.0,160.0,,,,,,6,4.0,,,,,,,,,,,2.0,6.0,2.0,,,,,,COMPLETE
312,312,0.7213862289101687,2025-01-01 11:36:38.366157,2025-01-01 11:36:42.242128,0 days 00:00:03.875971,3,160,185.0,,,,,,,,,,,160.0,,,,,,,,6,3.0,,,,,,,,,,,3.0,,,,,,,,COMPLETE
313,313,0.0,2025-01-01 11:36:42.242576,2025-01-01 11:36:44.522762,0 days 00:00:02.280186,4,155,190.0,,,,,,,,,,,140.0,190.0,,,,,,,6,3.0,,,,,,,,,,,3.0,3.0,,,,,,,COMPLETE
314,314,0.0,2025-01-01 11:36:44.523240,2025-01-01 11:36:46.675953,0 days 00:00:02.152713,3,160,185.0,,,,,,,,,,,195.0,,,,,,,,6,3.0,,,,,,,,,,,3.0,,,,,,,,COMPLETE
315,315,0.0,2025-01-01 11:36:46.676380,2025-01-01 11:36:48.808669,0 days 00:00:02.132289,3,200,175.0,,,,,,,,,,,160.0,,,,,,,,5,3.0,,,,,,,,,,,3.0,,,,,,,,COMPLETE
316,316,0.0,2025-01-01 11:36:48.809099,2025-01-01 11:36:58.281813,0 days 00:00:09.472714,19,160,185.0,5.0,30.0,5.0,50.0,160.0,65.0,5.0,200.0,195.0,,150.0,80.0,65.0,25.0,135.0,180.0,30.0,85.0,6,3.0,2.0,3.0,4.0,3.0,3.0,4.0,2.0,2.0,6.0,,3.0,4.0,3.0,5.0,2.0,5.0,6.0,5.0,COMPLETE
317,317,0.0,2025-01-01 11:36:58.282697,2025-01-01 11:36:59.983175,0 days 00:00:01.700478,3,165,180.0,,,,,,,,,,,165.0,,,,,,,,6,3.0,,,,,,,,,,,2.0,,,,,,,,COMPLETE
318,318,0.0,2025-01-01 11:36:59.983657,2025-01-01 11:37:02.055143,0 days 00:00:02.071486,3,195,170.0,,,,,,,,,,,180.0,,,,,,,,3,3.0,,,,,,,,,,,3.0,,,,,,,,COMPLETE
319,319,0.0,2025-01-01 11:37:02.055587,2025-01-01 11:37:04.016296,0 days 00:00:01.960709,4,90,150.0,,,,,,,,,,,130.0,105.0,,,,,,,6,3.0,,,,,,,,,,,2.0,2.0,,,,,,,COMPLETE
320,320,0.5643939393939394,2025-01-01 11:37:04.016757,2025-01-01 11:37:07.827881,0 days 00:00:03.811124,2,155,165.0,,,,,,,,,,,,,,,,,,,6,3.0,,,,,,,,,,,,,,,,,,,COMPLETE
321,321,0.0,2025-01-01 11:37:07.828295,2025-01-01 11:37:10.876339,0 days 00:00:03.048044,3,85,175.0,,,,,,,,,,,175.0,,,,,,,,6,3.0,,,,,,,,,,,3.0,,,,,,,,COMPLETE
322,322,0.6219851576994434,2025-01-01 11:37:10.876779,2025-01-01 11:37:15.291402,0 days 00:00:04.414623,2,45,120.0,,,,,,,,,,,,,,,,,,,6,3.0,,,,,,,,,,,,,,,,,,,COMPLETE
323,323,0.5804810360777057,2025-01-01 11:37:15.291980,2025-01-01 11:37:19.322089,0 days 00:00:04.030109,2,95,170.0,,,,,,,,,,,,,,,,,,,6,3.0,,,,,,,,,,,,,,,,,,,COMPLETE
324,324,0.0,2025-01-01 11:37:19.322519,2025-01-01 11:37:28.135486,0 days 00:00:08.812967,16,105,160.0,80.0,125.0,70.0,155.0,80.0,160.0,,,,,170.0,180.0,90.0,85.0,45.0,140.0,165.0,35.0,6,5.0,4.0,5.0,6.0,2.0,3.0,3.0,,,,,2.0,4.0,5.0,2.0,5.0,6.0,2.0,3.0,COMPLETE
325,325,0.0,2025-01-01 11:37:28.136255,2025-01-01 11:37:33.747672,0 days 00:00:05.611417,11,185,190.0,125.0,,,,,,,,,,135.0,160.0,20.0,190.0,165.0,40.0,45.0,160.0,6,3.0,3.0,,,,,,,,,,3.0,5.0,4.0,6.0,6.0,2.0,5.0,2.0,COMPLETE
326,326,0.6518518518518519,2025-01-01 11:37:33.748323,2025-01-01 11:37:38.177220,0 days 00:00:04.428897,2,165,180.0,,,,,,,,,,,,,,,,,,,6,3.0,,,,,,,,,,,,,,,,,,,COMPLETE
327,327,0.6581818181818182,2025-01-01 11:37:38.177653,2025-01-01 11:37:43.787289,0 days 00:00:05.609636,3,80,185.0,,,,,,,,,,,160.0,,,,,,,,2,3.0,,,,,,,,,,,3.0,,,,,,,,COMPLETE
328,328,0.0,2025-01-01 11:37:43.787766,2025-01-01 11:37:46.026150,0 days 00:00:02.238384,4,10,165.0,,,,,,,,,,,155.0,35.0,,,,,,,6,3.0,,,,,,,,,,,4.0,2.0,,,,,,,COMPLETE
329,329,0.5927952576379389,2025-01-01 11:37:46.026606,2025-01-01 11:37:49.529162,0 days 00:00:03.502556,2,55,105.0,,,,,,,,,,,,,,,,,,,6,3.0,,,,,,,,,,,,,,,,,,,COMPLETE
330,330,0.4968641114982578,2025-01-01 11:37:49.529597,2025-01-01 11:37:54.106515,0 days 00:00:04.576918,1,195,,,,,,,,,,,,,,,,,,,,6,,,,,,,,,,,,,,,,,,,,COMPLETE
331,331,0.6190476190476191,2025-01-01 11:37:54.106921,2025-01-01 11:37:57.821595,0 days 00:00:03.714674,2,95,195.0,,,,,,,,,,,,,,,,,,,6,3.0,,,,,,,,,,,,,,,,,,,COMPLETE
332,332,0.5308139534883721,2025-01-01 11:37:57.822024,2025-01-01 11:38:01.144746,0 days 00:00:03.322722,1,25,,,,,,,,,,,,,,,,,,,,6,,,,,,,,,,,,,,,,,,,,COMPLETE
333,333,0.0,2025-01-01 11:38:01.145147,2025-01-01 11:38:02.993315,0 days 00:00:01.848168,3,100,150.0,,,,,,,,,,,185.0,,,,,,,,6,3.0,,,,,,,,,,,2.0,,,,,,,,COMPLETE
334,334,0.6785225718194254,2025-01-01 11:38:02.993755,2025-01-01 11:38:07.492595,0 days 00:00:04.498840,2,90,20.0,,,,,,,,,,,,,,,,,,,6,3.0,,,,,,,,,,,,,,,,,,,COMPLETE
335,335,0.5804810360777057,2025-01-01 11:38:07.493024,2025-01-01 11:38:11.494766,0 days 00:00:04.001742,2,90,20.0,,,,,,,,,,,,,,,,,,,6,3.0,,,,,,,,,,,,,,,,,,,COMPLETE
336,336,0.6356589147286822,2025-01-01 11:38:11.495217,2025-01-01 11:38:15.211452,0 days 00:00:03.716235,1,85,,,,,,,,,,,,,,,,,,,,6,,,,,,,,,,,,,,,,,,,,COMPLETE
337,337,0.5990697674418605,2025-01-01 11:38:15.211863,2025-01-01 11:38:18.720534,0 days 00:00:03.508671,2,90,10.0,,,,,,,,,,,,,,,,,,,6,3.0,,,,,,,,,,,,,,,,,,,COMPLETE
338,338,0.6168478260869565,2025-01-01 11:38:18.720963,2025-01-01 11:38:22.312207,0 days 00:00:03.591244,3,95,30.0,,,,,,,,,,,145.0,,,,,,,,6,3.0,,,,,,,,,,,3.0,,,,,,,,COMPLETE
339,339,0.47401247401247404,2025-01-01 11:38:22.312656,2025-01-01 11:38:27.004645,0 days 00:00:04.691989,1,80,,,,,,,,,,,,,,,,,,,,6,,,,,,,,,,,,,,,,,,,,COMPLETE
340,340,0.0,2025-01-01 11:38:27.005191,2025-01-01 11:38:30.516136,0 days 00:00:03.510945,6,110,20.0,,,,,,,,,,,140.0,95.0,35.0,160.0,,,,,6,3.0,,,,,,,,,,,2.0,6.0,3.0,3.0,,,,,COMPLETE
341,341,0.5927952576379389,2025-01-01 11:38:30.516657,2025-01-01 11:38:34.471873,0 days 00:00:03.955216,2,85,175.0,,,,,,,,,,,,,,,,,,,6,3.0,,,,,,,,,,,,,,,,,,,COMPLETE
342,342,0.5488721804511278,2025-01-01 11:38:34.472298,2025-01-01 11:38:38.731348,0 days 00:00:04.259050,1,200,,,,,,,,,,,,,,,,,,,,6,,,,,,,,,,,,,,,,,,,,COMPLETE
343,343,0.6987179487179487,2025-01-01 11:38:38.731772,2025-01-01 11:38:41.550003,0 days 00:00:02.818231,2,190,25.0,,,,,,,,,,,,,,,,,,,6,3.0,,,,,,,,,,,,,,,,,,,COMPLETE
344,344,0.5654846335697399,2025-01-01 11:38:41.550419,2025-01-01 11:38:46.486662,0 days 00:00:04.936243,3,190,35.0,,,,,,,,,,,130.0,,,,,,,,6,3.0,,,,,,,,,,,3.0,,,,,,,,COMPLETE
345,345,0.0,2025-01-01 11:38:46.487131,2025-01-01 11:38:48.874101,0 days 00:00:02.386970,4,190,20.0,,,,,,,,,,,150.0,45.0,,,,,,,6,3.0,,,,,,,,,,,4.0,3.0,,,,,,,COMPLETE
346,346,0.6083333333333334,2025-01-01 11:38:48.874567,2025-01-01 11:38:53.181682,0 days 00:00:04.307115,2,195,25.0,,,,,,,,,,,,,,,,,,,6,4.0,,,,,,,,,,,,,,,,,,,COMPLETE
347,347,0.5064102564102564,2025-01-01 11:38:53.182114,2025-01-01 11:38:57.834658,0 days 00:00:04.652544,1,185,,,,,,,,,,,,,,,,,,,,6,,,,,,,,,,,,,,,,,,,,COMPLETE
348,348,0.6168478260869565,2025-01-01 11:38:57.835052,2025-01-01 11:39:01.612569,0 days 00:00:03.777517,3,195,15.0,,,,,,,,,,,165.0,,,,,,,,6,3.0,,,,,,,,,,,2.0,,,,,,,,COMPLETE
349,349,0.513157894736842,2025-01-01 11:39:01.613019,2025-01-01 11:39:06.274512,0 days 00:00:04.661493,1,185,,,,,,,,,,,,,,,,,,,,6,,,,,,,,,,,,,,,,,,,,COMPLETE
350,350,0.6518518518518519,2025-01-01 11:39:06.274918,2025-01-01 11:39:09.915175,0 days 00:00:03.640257,2,200,15.0,,,,,,,,,,,,,,,,,,,6,3.0,,,,,,,,,,,,,,,,,,,COMPLETE
351,351,0.4944495837187789,2025-01-01 11:39:09.915613,2025-01-01 11:39:13.729801,0 days 00:00:03.814188,2,40,135.0,,,,,,,,,,,,,,,,,,,6,3.0,,,,,,,,,,,,,,,,,,,COMPLETE
352,352,0.4722222222222222,2025-01-01 11:39:13.730240,2025-01-01 11:39:17.695005,0 days 00:00:03.964765,1,190,,,,,,,,,,,,,,,,,,,,6,,,,,,,,,,,,,,,,,,,,COMPLETE
353,353,0.7097222222222223,2025-01-01 11:39:17.695442,2025-01-01 11:39:21.458394,0 days 00:00:03.762952,2,20,25.0,,,,,,,,,,,,,,,,,,,6,3.0,,,,,,,,,,,,,,,,,,,COMPLETE
354,354,0.5871212121212122,2025-01-01 11:39:21.458836,2025-01-01 11:39:25.510800,0 days 00:00:04.051964,3,200,25.0,,,,,,,,,,,110.0,,,,,,,,6,3.0,,,,,,,,,,,3.0,,,,,,,,COMPLETE
355,355,0.4327485380116959,2025-01-01 11:39:25.511237,2025-01-01 11:39:28.957749,0 days 00:00:03.446512,1,100,,,,,,,,,,,,,,,,,,,,6,,,,,,,,,,,,,,,,,,,,COMPLETE
356,356,0.5950113378684807,2025-01-01 11:39:28.958166,2025-01-01 11:39:32.657337,0 days 00:00:03.699171,2,5,25.0,,,,,,,,,,,,,,,,,,,6,3.0,,,,,,,,,,,,,,,,,,,COMPLETE
357,357,0.5819444444444444,2025-01-01 11:39:32.657926,2025-01-01 11:39:36.558039,0 days 00:00:03.900113,1,15,,,,,,,,,,,,,,,,,,,,6,,,,,,,,,,,,,,,,,,,,COMPLETE
358,358,0.4944495837187789,2025-01-01 11:39:36.558429,2025-01-01 11:39:40.225311,0 days 00:00:03.666882,2,15,30.0,,,,,,,,,,,,,,,,,,,6,3.0,,,,,,,,,,,,,,,,,,,COMPLETE
359,359,0.6725201708590414,2025-01-01 11:39:40.225752,2025-01-01 11:39:44.396720,0 days 00:00:04.170968,2,75,10.0,,,,,,,,,,,,,,,,,,,6,3.0,,,,,,,,,,,,,,,,,,,COMPLETE
360,360,0.6556776556776557,2025-01-01 11:39:44.397156,2025-01-01 11:39:49.027682,0 days 00:00:04.630526,3,70,10.0,,,,,,,,,,,200.0,,,,,,,,6,3.0,,,,,,,,,,,2.0,,,,,,,,COMPLETE
361,361,0.5374653098982424,2025-01-01 11:39:49.028159,2025-01-01 11:39:52.358732,0 days 00:00:03.330573,2,20,5.0,,,,,,,,,,,,,,,,,,,6,3.0,,,,,,,,,,,,,,,,,,,COMPLETE
362,362,0.6126373626373627,2025-01-01 11:39:52.359157,2025-01-01 11:39:56.765216,0 days 00:00:04.406059,2,30,15.0,,,,,,,,,,,,,,,,,,,6,3.0,,,,,,,,,,,,,,,,,,,COMPLETE
363,363,0.543560606060606,2025-01-01 11:39:56.765660,2025-01-01 11:40:01.539921,0 days 00:00:04.774261,3,10,35.0,,,,,,,,,,,190.0,,,,,,,,6,3.0,,,,,,,,,,,4.0,,,,,,,,COMPLETE
364,364,0.6190476190476191,2025-01-01 11:40:01.540381,2025-01-01 11:40:05.934683,0 days 00:00:04.394302,3,20,10.0,,,,,,,,,,,120.0,,,,,,,,6,3.0,,,,,,,,,,,3.0,,,,,,,,COMPLETE
