,number,value,datetime_start,datetime_complete,duration,params_depth,params_neurons_layer_0,params_neurons_layer_1,params_neurons_layer_10,params_neurons_layer_11,params_neurons_layer_12,params_neurons_layer_13,params_neurons_layer_14,params_neurons_layer_15,params_neurons_layer_16,params_neurons_layer_17,params_neurons_layer_18,params_neurons_layer_19,params_neurons_layer_2,params_neurons_layer_3,params_neurons_layer_4,params_neurons_layer_5,params_neurons_layer_6,params_neurons_layer_7,params_neurons_layer_8,params_neurons_layer_9,params_orders_layer_0,params_orders_layer_1,params_orders_layer_10,params_orders_layer_11,params_orders_layer_12,params_orders_layer_13,params_orders_layer_14,params_orders_layer_15,params_orders_layer_16,params_orders_layer_17,params_orders_layer_18,params_orders_layer_19,params_orders_layer_2,params_orders_layer_3,params_orders_layer_4,params_orders_layer_5,params_orders_layer_6,params_orders_layer_7,params_orders_layer_8,params_orders_layer_9,state
856,856,0.0,2025-01-01 12:13:30.962051,2025-01-01 12:13:33.214472,0 days 00:00:02.252421,3,110,195.0,,,,,,,,,,,125.0,,,,,,,,6,3.0,,,,,,,,,,,4.0,,,,,,,,COMPLETE
857,857,0.0,2025-01-01 12:13:33.215058,2025-01-01 12:13:40.933238,0 days 00:00:07.718180,14,120,185.0,35.0,130.0,130.0,70.0,,,,,,,95.0,155.0,195.0,50.0,90.0,100.0,190.0,55.0,6,3.0,4.0,2.0,5.0,2.0,,,,,,,4.0,2.0,6.0,6.0,2.0,5.0,5.0,2.0,COMPLETE
858,858,0.0,2025-01-01 12:13:40.934078,2025-01-01 12:13:46.773986,0 days 00:00:05.839908,10,125,190.0,,,,,,,,,,,120.0,10.0,170.0,95.0,120.0,50.0,100.0,135.0,6,3.0,,,,,,,,,,,6.0,6.0,5.0,3.0,3.0,3.0,6.0,5.0,COMPLETE
859,859,0.6723776223776223,2025-01-01 12:13:46.774817,2025-01-01 12:13:50.609002,0 days 00:00:03.834185,1,155,,,,,,,,,,,,,,,,,,,,6,,,,,,,,,,,,,,,,,,,,COMPLETE
860,860,0.6653846153846154,2025-01-01 12:13:50.609533,2025-01-01 12:13:54.539375,0 days 00:00:03.929842,2,115,185.0,,,,,,,,,,,,,,,,,,,6,3.0,,,,,,,,,,,,,,,,,,,COMPLETE
861,861,0.6279411764705882,2025-01-01 12:13:54.539942,2025-01-01 12:13:58.104086,0 days 00:00:03.564144,2,115,190.0,,,,,,,,,,,,,,,,,,,6,3.0,,,,,,,,,,,,,,,,,,,COMPLETE
862,862,0.6015769944341374,2025-01-01 12:13:58.104649,2025-01-01 12:14:03.005165,0 days 00:00:04.900516,3,130,175.0,,,,,,,,,,,150.0,,,,,,,,6,3.0,,,,,,,,,,,3.0,,,,,,,,COMPLETE
863,863,0.5381578947368422,2025-01-01 12:14:03.005746,2025-01-01 12:14:07.100314,0 days 00:00:04.094568,1,110,,,,,,,,,,,,,,,,,,,,6,,,,,,,,,,,,,,,,,,,,COMPLETE
864,864,0.0,2025-01-01 12:14:07.101009,2025-01-01 12:14:09.649428,0 days 00:00:02.548419,4,135,180.0,,,,,,,,,,,100.0,20.0,,,,,,,6,3.0,,,,,,,,,,,4.0,4.0,,,,,,,COMPLETE
865,865,0.5871212121212122,2025-01-01 12:14:09.650031,2025-01-01 12:14:13.330936,0 days 00:00:03.680905,2,120,180.0,,,,,,,,,,,,,,,,,,,6,3.0,,,,,,,,,,,,,,,,,,,COMPLETE
866,866,0.7151515151515151,2025-01-01 12:14:13.331493,2025-01-01 12:14:17.499258,0 days 00:00:04.167765,2,110,160.0,,,,,,,,,,,,,,,,,,,6,3.0,,,,,,,,,,,,,,,,,,,COMPLETE
867,867,0.0,2025-01-01 12:14:17.499817,2025-01-01 12:14:26.791216,0 days 00:00:09.291399,17,115,160.0,90.0,190.0,185.0,40.0,30.0,25.0,145.0,,,,135.0,80.0,60.0,30.0,105.0,180.0,180.0,160.0,6,3.0,2.0,5.0,4.0,4.0,3.0,5.0,6.0,,,,3.0,5.0,3.0,4.0,4.0,4.0,3.0,3.0,COMPLETE
868,868,0.6413255360623782,2025-01-01 12:14:26.792169,2025-01-01 12:14:30.700750,0 days 00:00:03.908581,2,110,160.0,,,,,,,,,,,,,,,,,,,6,3.0,,,,,,,,,,,,,,,,,,,COMPLETE
869,869,0.0,2025-01-01 12:14:30.701308,2025-01-01 12:14:32.551241,0 days 00:00:01.849933,3,105,165.0,,,,,,,,,,,120.0,,,,,,,,6,3.0,,,,,,,,,,,2.0,,,,,,,,COMPLETE
870,870,0.6356589147286822,2025-01-01 12:14:32.551826,2025-01-01 12:14:36.979623,0 days 00:00:04.427797,2,110,165.0,,,,,,,,,,,,,,,,,,,6,3.0,,,,,,,,,,,,,,,,,,,COMPLETE
871,871,0.0,2025-01-01 12:14:36.980185,2025-01-01 12:14:42.343871,0 days 00:00:05.363686,9,115,170.0,,,,,,,,,,,165.0,130.0,35.0,175.0,50.0,145.0,200.0,,6,3.0,,,,,,,,,,,5.0,3.0,4.0,2.0,5.0,6.0,2.0,,COMPLETE
872,872,0.0,2025-01-01 12:14:42.344600,2025-01-01 12:14:45.240154,0 days 00:00:02.895554,3,125,160.0,,,,,,,,,,,115.0,,,,,,,,6,6.0,,,,,,,,,,,4.0,,,,,,,,COMPLETE
873,873,0.0,2025-01-01 12:14:45.240763,2025-01-01 12:14:48.070629,0 days 00:00:02.829866,4,105,195.0,,,,,,,,,,,85.0,115.0,,,,,,,6,3.0,,,,,,,,,,,3.0,6.0,,,,,,,COMPLETE
874,874,0.34375,2025-01-01 12:14:48.071225,2025-01-01 12:14:52.068575,0 days 00:00:03.997350,1,120,,,,,,,,,,,,,,,,,,,,6,,,,,,,,,,,,,,,,,,,,COMPLETE
875,875,0.4872727272727273,2025-01-01 12:14:52.069108,2025-01-01 12:14:56.845640,0 days 00:00:04.776532,2,95,155.0,,,,,,,,,,,,,,,,,,,6,5.0,,,,,,,,,,,,,,,,,,,COMPLETE
876,876,0.5790697674418605,2025-01-01 12:14:56.846196,2025-01-01 12:14:59.740340,0 days 00:00:02.894144,2,115,170.0,,,,,,,,,,,,,,,,,,,6,3.0,,,,,,,,,,,,,,,,,,,COMPLETE
877,877,0.0,2025-01-01 12:14:59.740884,2025-01-01 12:15:01.961773,0 days 00:00:02.220889,3,105,200.0,,,,,,,,,,,140.0,,,,,,,,6,3.0,,,,,,,,,,,4.0,,,,,,,,COMPLETE
878,878,0.0,2025-01-01 12:15:01.962425,2025-01-01 12:15:05.622083,0 days 00:00:03.659658,3,140,175.0,,,,,,,,,,,155.0,,,,,,,,6,3.0,,,,,,,,,,,5.0,,,,,,,,COMPLETE
879,879,0.5386977886977887,2025-01-01 12:15:05.622665,2025-01-01 12:15:09.516448,0 days 00:00:03.893783,1,110,,,,,,,,,,,,,,,,,,,,6,,,,,,,,,,,,,,,,,,,,COMPLETE
880,880,0.0,2025-01-01 12:15:09.516994,2025-01-01 12:15:11.837173,0 days 00:00:02.320179,3,110,185.0,,,,,,,,,,,90.0,,,,,,,,6,4.0,,,,,,,,,,,4.0,,,,,,,,COMPLETE
881,881,0.0,2025-01-01 12:15:11.837736,2025-01-01 12:15:16.368639,0 days 00:00:04.530903,7,120,160.0,,,,,,,,,,,145.0,100.0,5.0,200.0,70.0,,,,6,3.0,,,,,,,,,,,6.0,2.0,2.0,5.0,6.0,,,,COMPLETE
882,882,0.6855813953488372,2025-01-01 12:15:16.369346,2025-01-01 12:15:20.208140,0 days 00:00:03.838794,2,95,180.0,,,,,,,,,,,,,,,,,,,6,3.0,,,,,,,,,,,,,,,,,,,COMPLETE
883,883,0.5499316005471957,2025-01-01 12:15:20.208857,2025-01-01 12:15:23.248919,0 days 00:00:03.040062,2,100,165.0,,,,,,,,,,,,,,,,,,,6,3.0,,,,,,,,,,,,,,,,,,,COMPLETE
884,884,0.6423255813953488,2025-01-01 12:15:23.249469,2025-01-01 12:15:26.720553,0 days 00:00:03.471084,2,110,185.0,,,,,,,,,,,,,,,,,,,6,3.0,,,,,,,,,,,,,,,,,,,COMPLETE
885,885,0.0,2025-01-01 12:15:26.721109,2025-01-01 12:15:29.182654,0 days 00:00:02.461545,4,125,195.0,,,,,,,,,,,110.0,60.0,,,,,,,6,2.0,,,,,,,,,,,3.0,5.0,,,,,,,COMPLETE
886,886,0.6022201665124884,2025-01-01 12:15:29.183241,2025-01-01 12:15:34.427543,0 days 00:00:05.244302,3,115,190.0,,,,,,,,,,,135.0,,,,,,,,6,3.0,,,,,,,,,,,5.0,,,,,,,,COMPLETE
887,887,0.6287878787878788,2025-01-01 12:15:34.428136,2025-01-01 12:15:39.083862,0 days 00:00:04.655726,1,105,,,,,,,,,,,,,,,,,,,,6,,,,,,,,,,,,,,,,,,,,COMPLETE
888,888,0.5497584541062801,2025-01-01 12:15:39.084415,2025-01-01 12:15:42.616939,0 days 00:00:03.532524,2,115,155.0,,,,,,,,,,,,,,,,,,,6,3.0,,,,,,,,,,,,,,,,,,,COMPLETE
889,889,0.0,2025-01-01 12:15:42.617479,2025-01-01 12:15:44.975141,0 days 00:00:02.357662,3,150,170.0,,,,,,,,,,,130.0,,,,,,,,6,3.0,,,,,,,,,,,4.0,,,,,,,,COMPLETE
890,890,0.6452358926919519,2025-01-01 12:15:44.975746,2025-01-01 12:15:48.305806,0 days 00:00:03.330060,2,100,160.0,,,,,,,,,,,,,,,,,,,6,3.0,,,,,,,,,,,,,,,,,,,COMPLETE
891,891,0.5584415584415584,2025-01-01 12:15:48.306364,2025-01-01 12:15:52.389186,0 days 00:00:04.082822,2,120,185.0,,,,,,,,,,,,,,,,,,,6,3.0,,,,,,,,,,,,,,,,,,,COMPLETE
892,892,0.0,2025-01-01 12:15:52.389756,2025-01-01 12:15:55.436043,0 days 00:00:03.046287,3,95,190.0,,,,,,,,,,,170.0,,,,,,,,6,3.0,,,,,,,,,,,3.0,,,,,,,,COMPLETE
893,893,0.44478764478764476,2025-01-01 12:15:55.436634,2025-01-01 12:15:59.897905,0 days 00:00:04.461271,1,115,,,,,,,,,,,,,,,,,,,,6,,,,,,,,,,,,,,,,,,,,COMPLETE
894,894,0.0,2025-01-01 12:15:59.898447,2025-01-01 12:16:02.154440,0 days 00:00:02.255993,3,110,175.0,,,,,,,,,,,140.0,,,,,,,,6,3.0,,,,,,,,,,,4.0,,,,,,,,COMPLETE
895,895,0.6515151515151515,2025-01-01 12:16:02.155013,2025-01-01 12:16:04.932020,0 days 00:00:02.777007,2,110,180.0,,,,,,,,,,,,,,,,,,,6,3.0,,,,,,,,,,,,,,,,,,,COMPLETE
896,896,0.0,2025-01-01 12:16:04.932586,2025-01-01 12:16:07.526823,0 days 00:00:02.594237,4,120,155.0,,,,,,,,,,,120.0,40.0,,,,,,,6,3.0,,,,,,,,,,,5.0,3.0,,,,,,,COMPLETE
897,897,0.5927952576379389,2025-01-01 12:16:07.527404,2025-01-01 12:16:11.916216,0 days 00:00:04.388812,2,100,175.0,,,,,,,,,,,,,,,,,,,6,3.0,,,,,,,,,,,,,,,,,,,COMPLETE
898,898,0.0,2025-01-01 12:16:11.916879,2025-01-01 12:16:15.736298,0 days 00:00:03.819419,6,125,150.0,,,,,,,,,,,105.0,170.0,15.0,125.0,,,,,6,3.0,,,,,,,,,,,2.0,4.0,5.0,5.0,,,,,COMPLETE
899,899,0.7009090909090909,2025-01-01 12:16:15.736972,2025-01-01 12:16:21.241205,0 days 00:00:05.504233,3,105,155.0,,,,,,,,,,,50.0,,,,,,,,6,3.0,,,,,,,,,,,3.0,,,,,,,,COMPLETE
900,900,0.6436781609195402,2025-01-01 12:16:21.241801,2025-01-01 12:16:25.342736,0 days 00:00:04.100935,1,115,,,,,,,,,,,,,,,,,,,,6,,,,,,,,,,,,,,,,,,,,COMPLETE
901,901,0.5679586563307493,2025-01-01 12:16:25.343282,2025-01-01 12:16:28.580589,0 days 00:00:03.237307,2,130,170.0,,,,,,,,,,,,,,,,,,,6,3.0,,,,,,,,,,,,,,,,,,,COMPLETE
902,902,0.6275058275058275,2025-01-01 12:16:28.581293,2025-01-01 12:16:32.538289,0 days 00:00:03.956996,2,95,180.0,,,,,,,,,,,,,,,,,,,6,3.0,,,,,,,,,,,,,,,,,,,COMPLETE
903,903,0.0,2025-01-01 12:16:32.538872,2025-01-01 12:16:34.867666,0 days 00:00:02.328794,3,110,200.0,,,,,,,,,,,160.0,,,,,,,,6,3.0,,,,,,,,,,,4.0,,,,,,,,COMPLETE
904,904,0.6875,2025-01-01 12:16:34.868227,2025-01-01 12:16:40.095166,0 days 00:00:05.226939,3,120,165.0,,,,,,,,,,,150.0,,,,,,,,6,3.0,,,,,,,,,,,5.0,,,,,,,,COMPLETE
905,905,0.0,2025-01-01 12:16:40.095763,2025-01-01 12:16:42.116479,0 days 00:00:02.020716,4,105,190.0,,,,,,,,,,,65.0,125.0,,,,,,,2,3.0,,,,,,,,,,,3.0,2.0,,,,,,,COMPLETE
906,906,0.6495238095238096,2025-01-01 12:16:42.117057,2025-01-01 12:16:46.105866,0 days 00:00:03.988809,2,145,150.0,,,,,,,,,,,,,,,,,,,6,3.0,,,,,,,,,,,,,,,,,,,COMPLETE
907,907,0.6538461538461539,2025-01-01 12:16:46.106457,2025-01-01 12:16:49.938263,0 days 00:00:03.831806,2,100,185.0,,,,,,,,,,,,,,,,,,,6,3.0,,,,,,,,,,,,,,,,,,,COMPLETE
908,908,0.3208333333333333,2025-01-01 12:16:49.938824,2025-01-01 12:16:55.450194,0 days 00:00:05.511370,1,135,,,,,,,,,,,,,,,,,,,,6,,,,,,,,,,,,,,,,,,,,COMPLETE
909,909,0.6624649859943978,2025-01-01 12:16:55.450739,2025-01-01 12:17:01.594633,0 days 00:00:06.143894,3,115,160.0,,,,,,,,,,,145.0,,,,,,,,6,3.0,,,,,,,,,,,5.0,,,,,,,,COMPLETE
910,910,0.0,2025-01-01 12:17:01.595203,2025-01-01 12:17:04.204667,0 days 00:00:02.609464,3,110,130.0,,,,,,,,,,,115.0,,,,,,,,6,3.0,,,,,,,,,,,4.0,,,,,,,,COMPLETE
911,911,0.48141025641025637,2025-01-01 12:17:04.205241,2025-01-01 12:17:07.981271,0 days 00:00:03.776030,1,120,,,,,,,,,,,,,,,,,,,,6,,,,,,,,,,,,,,,,,,,,COMPLETE
912,912,0.7445652173913043,2025-01-01 12:17:07.981810,2025-01-01 12:17:11.250088,0 days 00:00:03.268278,2,105,140.0,,,,,,,,,,,,,,,,,,,6,3.0,,,,,,,,,,,,,,,,,,,COMPLETE
913,913,0.5184122429459589,2025-01-01 12:17:11.250648,2025-01-01 12:17:14.304071,0 days 00:00:03.053423,2,95,135.0,,,,,,,,,,,,,,,,,,,6,3.0,,,,,,,,,,,,,,,,,,,COMPLETE
914,914,0.0,2025-01-01 12:17:14.304642,2025-01-01 12:17:17.186029,0 days 00:00:02.881387,3,125,135.0,,,,,,,,,,,100.0,,,,,,,,6,3.0,,,,,,,,,,,3.0,,,,,,,,COMPLETE
915,915,0.45138888888888884,2025-01-01 12:17:17.186601,2025-01-01 12:17:20.745397,0 days 00:00:03.558796,2,115,140.0,,,,,,,,,,,,,,,,,,,6,3.0,,,,,,,,,,,,,,,,,,,COMPLETE
916,916,0.5927952576379389,2025-01-01 12:17:20.746046,2025-01-01 12:17:26.235298,0 days 00:00:05.489252,3,110,190.0,,,,,,,,,,,130.0,,,,,,,,6,3.0,,,,,,,,,,,5.0,,,,,,,,COMPLETE
917,917,0.0,2025-01-01 12:17:26.235893,2025-01-01 12:17:28.964658,0 days 00:00:02.728765,4,90,140.0,,,,,,,,,,,125.0,140.0,,,,,,,6,3.0,,,,,,,,,,,6.0,3.0,,,,,,,COMPLETE
918,918,0.50682261208577,2025-01-01 12:17:28.965251,2025-01-01 12:17:33.087797,0 days 00:00:04.122546,2,95,175.0,,,,,,,,,,,,,,,,,,,6,3.0,,,,,,,,,,,,,,,,,,,COMPLETE
919,919,0.6126373626373627,2025-01-01 12:17:33.088530,2025-01-01 12:17:38.942300,0 days 00:00:05.853770,3,100,140.0,,,,,,,,,,,95.0,,,,,,,,6,3.0,,,,,,,,,,,4.0,,,,,,,,COMPLETE
920,920,0.6333333333333333,2025-01-01 12:17:38.942888,2025-01-01 12:17:43.793286,0 days 00:00:04.850398,1,120,,,,,,,,,,,,,,,,,,,,6,,,,,,,,,,,,,,,,,,,,COMPLETE
921,921,0.6154545454545455,2025-01-01 12:17:43.793856,2025-01-01 12:17:46.750726,0 days 00:00:02.956870,2,105,195.0,,,,,,,,,,,,,,,,,,,6,3.0,,,,,,,,,,,,,,,,,,,COMPLETE
922,922,0.5695970695970696,2025-01-01 12:17:46.751259,2025-01-01 12:17:50.741234,0 days 00:00:03.989975,2,115,130.0,,,,,,,,,,,,,,,,,,,6,3.0,,,,,,,,,,,,,,,,,,,COMPLETE
923,923,0.6260869565217391,2025-01-01 12:17:50.741808,2025-01-01 12:17:54.897932,0 days 00:00:04.156124,1,110,,,,,,,,,,,,,,,,,,,,6,,,,,,,,,,,,,,,,,,,,COMPLETE
924,924,0.6504065040650406,2025-01-01 12:17:54.898500,2025-01-01 12:17:59.150871,0 days 00:00:04.252371,2,130,185.0,,,,,,,,,,,,,,,,,,,6,3.0,,,,,,,,,,,,,,,,,,,COMPLETE
925,925,0.0,2025-01-01 12:17:59.151434,2025-01-01 12:18:02.020391,0 days 00:00:02.868957,3,90,180.0,,,,,,,,,,,75.0,,,,,,,,6,3.0,,,,,,,,,,,3.0,,,,,,,,COMPLETE
926,926,0.6234967622571693,2025-01-01 12:18:02.020979,2025-01-01 12:18:06.341601,0 days 00:00:04.320622,2,100,135.0,,,,,,,,,,,,,,,,,,,6,4.0,,,,,,,,,,,,,,,,,,,COMPLETE
927,927,0.0,2025-01-01 12:18:06.342166,2025-01-01 12:18:08.155097,0 days 00:00:01.812931,3,125,145.0,,,,,,,,,,,160.0,,,,,,,,6,3.0,,,,,,,,,,,2.0,,,,,,,,COMPLETE
928,928,0.6015769944341374,2025-01-01 12:18:08.155647,2025-01-01 12:18:12.672517,0 days 00:00:04.516870,2,155,170.0,,,,,,,,,,,,,,,,,,,6,3.0,,,,,,,,,,,,,,,,,,,COMPLETE
929,929,0.0,2025-01-01 12:18:12.673087,2025-01-01 12:18:15.809986,0 days 00:00:03.136899,4,105,140.0,,,,,,,,,,,140.0,5.0,,,,,,,6,3.0,,,,,,,,,,,5.0,6.0,,,,,,,COMPLETE
930,930,0.0,2025-01-01 12:18:15.810599,2025-01-01 12:18:18.151293,0 days 00:00:02.340694,3,120,165.0,,,,,,,,,,,110.0,,,,,,,,6,3.0,,,,,,,,,,,4.0,,,,,,,,COMPLETE
931,931,0.3737373737373737,2025-01-01 12:18:18.151859,2025-01-01 12:18:22.629533,0 days 00:00:04.477674,1,115,,,,,,,,,,,,,,,,,,,,6,,,,,,,,,,,,,,,,,,,,COMPLETE
932,932,0.6594202898550725,2025-01-01 12:18:22.630082,2025-01-01 12:18:25.573298,0 days 00:00:02.943216,2,105,175.0,,,,,,,,,,,,,,,,,,,6,2.0,,,,,,,,,,,,,,,,,,,COMPLETE
933,933,0.6444444444444444,2025-01-01 12:18:25.573948,2025-01-01 12:18:29.398759,0 days 00:00:03.824811,2,110,130.0,,,,,,,,,,,,,,,,,,,6,3.0,,,,,,,,,,,,,,,,,,,COMPLETE
934,934,0.5707364341085271,2025-01-01 12:18:29.399310,2025-01-01 12:18:34.225555,0 days 00:00:04.826245,3,115,185.0,,,,,,,,,,,135.0,,,,,,,,6,5.0,,,,,,,,,,,3.0,,,,,,,,COMPLETE
935,935,0.0,2025-01-01 12:18:34.226159,2025-01-01 12:18:36.513873,0 days 00:00:02.287714,3,145,195.0,,,,,,,,,,,155.0,,,,,,,,6,3.0,,,,,,,,,,,4.0,,,,,,,,COMPLETE
936,936,0.5927952576379389,2025-01-01 12:18:36.514423,2025-01-01 12:18:39.904641,0 days 00:00:03.390218,2,95,135.0,,,,,,,,,,,,,,,,,,,6,3.0,,,,,,,,,,,,,,,,,,,COMPLETE
937,937,0.6715415019762846,2025-01-01 12:18:39.905204,2025-01-01 12:18:44.498619,0 days 00:00:04.593415,1,90,,,,,,,,,,,,,,,,,,,,6,,,,,,,,,,,,,,,,,,,,COMPLETE
938,938,0.0,2025-01-01 12:18:44.499344,2025-01-01 12:18:47.402390,0 days 00:00:02.903046,4,115,180.0,,,,,,,,,,,120.0,185.0,,,,,,,6,3.0,,,,,,,,,,,5.0,5.0,,,,,,,COMPLETE
939,939,0.608983451536643,2025-01-01 12:18:47.402999,2025-01-01 12:18:50.943401,0 days 00:00:03.540402,2,160,145.0,,,,,,,,,,,,,,,,,,,6,3.0,,,,,,,,,,,,,,,,,,,COMPLETE
940,940,0.6515151515151515,2025-01-01 12:18:50.943976,2025-01-01 12:18:54.902191,0 days 00:00:03.958215,2,100,140.0,,,,,,,,,,,,,,,,,,,6,3.0,,,,,,,,,,,,,,,,,,,COMPLETE
941,941,0.6356589147286822,2025-01-01 12:18:54.902758,2025-01-01 12:18:59.990508,0 days 00:00:05.087750,3,120,190.0,,,,,,,,,,,125.0,,,,,,,,6,3.0,,,,,,,,,,,4.0,,,,,,,,COMPLETE
942,942,0.4117647058823529,2025-01-01 12:18:59.991116,2025-01-01 12:19:04.109081,0 days 00:00:04.117965,1,110,,,,,,,,,,,,,,,,,,,,6,,,,,,,,,,,,,,,,,,,,COMPLETE
943,943,0.6594202898550725,2025-01-01 12:19:04.109641,2025-01-01 12:19:08.837887,0 days 00:00:04.728246,3,85,185.0,,,,,,,,,,,150.0,,,,,,,,6,3.0,,,,,,,,,,,5.0,,,,,,,,COMPLETE
944,944,0.6524822695035462,2025-01-01 12:19:08.838488,2025-01-01 12:19:12.867383,0 days 00:00:04.028895,2,125,180.0,,,,,,,,,,,,,,,,,,,6,3.0,,,,,,,,,,,,,,,,,,,COMPLETE
945,945,0.6423255813953488,2025-01-01 12:19:12.867963,2025-01-01 12:19:17.570197,0 days 00:00:04.702234,2,110,65.0,,,,,,,,,,,,,,,,,,,6,6.0,,,,,,,,,,,,,,,,,,,COMPLETE
946,946,0.0,2025-01-01 12:19:17.570778,2025-01-01 12:19:26.035939,0 days 00:00:08.465161,14,95,160.0,55.0,95.0,120.0,185.0,,,,,,,165.0,195.0,145.0,110.0,130.0,170.0,150.0,10.0,6,3.0,6.0,6.0,2.0,5.0,,,,,,,3.0,4.0,6.0,6.0,2.0,3.0,5.0,4.0,COMPLETE
947,947,0.0,2025-01-01 12:19:26.036744,2025-01-01 12:19:28.759706,0 days 00:00:02.722962,3,90,145.0,,,,,,,,,,,175.0,,,,,,,,6,3.0,,,,,,,,,,,4.0,,,,,,,,COMPLETE
948,948,0.0,2025-01-01 12:19:28.760285,2025-01-01 12:19:32.635688,0 days 00:00:03.875403,7,105,165.0,,,,,,,,,,,80.0,50.0,200.0,80.0,180.0,,,,6,3.0,,,,,,,,,,,6.0,3.0,4.0,3.0,3.0,,,,COMPLETE
949,949,0.0,2025-01-01 12:19:32.636463,2025-01-01 12:19:35.353059,0 days 00:00:02.716596,4,120,170.0,,,,,,,,,,,130.0,70.0,,,,,,,6,3.0,,,,,,,,,,,3.0,6.0,,,,,,,COMPLETE
950,950,0.6013888888888889,2025-01-01 12:19:35.353668,2025-01-01 12:19:38.515776,0 days 00:00:03.162108,2,150,190.0,,,,,,,,,,,,,,,,,,,6,4.0,,,,,,,,,,,,,,,,,,,COMPLETE
951,951,0.0,2025-01-01 12:19:38.516331,2025-01-01 12:19:47.130737,0 days 00:00:08.614406,15,135,135.0,155.0,15.0,15.0,115.0,100.0,,,,,,105.0,105.0,155.0,70.0,35.0,120.0,175.0,180.0,6,3.0,4.0,2.0,5.0,4.0,5.0,,,,,,2.0,2.0,3.0,2.0,6.0,5.0,4.0,6.0,COMPLETE
952,952,0.6219851576994434,2025-01-01 12:19:47.131639,2025-01-01 12:19:52.695959,0 days 00:00:05.564320,3,110,140.0,,,,,,,,,,,145.0,,,,,,,,6,3.0,,,,,,,,,,,5.0,,,,,,,,COMPLETE
953,953,0.5586124401913876,2025-01-01 12:19:52.696570,2025-01-01 12:19:56.619455,0 days 00:00:03.922885,1,100,,,,,,,,,,,,,,,,,,,,6,,,,,,,,,,,,,,,,,,,,COMPLETE
954,954,0.6423255813953488,2025-01-01 12:19:56.620017,2025-01-01 12:20:00.474302,0 days 00:00:03.854285,2,90,150.0,,,,,,,,,,,,,,,,,,,6,3.0,,,,,,,,,,,,,,,,,,,COMPLETE
955,955,0.6581818181818182,2025-01-01 12:20:00.475042,2025-01-01 12:20:05.424625,0 days 00:00:04.949583,3,115,180.0,,,,,,,,,,,155.0,,,,,,,,6,3.0,,,,,,,,,,,4.0,,,,,,,,COMPLETE
956,956,0.36837121212121215,2025-01-01 12:20:05.425238,2025-01-01 12:20:09.513011,0 days 00:00:04.087773,1,105,,,,,,,,,,,,,,,,,,,,6,,,,,,,,,,,,,,,,,,,,COMPLETE
957,957,0.6651205936920223,2025-01-01 12:20:09.513572,2025-01-01 12:20:14.368935,0 days 00:00:04.855363,2,130,125.0,,,,,,,,,,,,,,,,,,,6,3.0,,,,,,,,,,,,,,,,,,,COMPLETE
958,958,0.0,2025-01-01 12:20:14.369537,2025-01-01 12:20:16.928774,0 days 00:00:02.559237,3,125,175.0,,,,,,,,,,,110.0,,,,,,,,6,3.0,,,,,,,,,,,3.0,,,,,,,,COMPLETE
959,959,0.6154545454545455,2025-01-01 12:20:16.929355,2025-01-01 12:20:22.741060,0 days 00:00:05.811705,3,85,200.0,,,,,,,,,,,30.0,,,,,,,,6,3.0,,,,,,,,,,,5.0,,,,,,,,COMPLETE
960,960,0.6957759848125297,2025-01-01 12:20:22.741673,2025-01-01 12:20:27.003175,0 days 00:00:04.261502,2,95,185.0,,,,,,,,,,,,,,,,,,,6,3.0,,,,,,,,,,,,,,,,,,,COMPLETE
961,961,0.6855813953488372,2025-01-01 12:20:27.003762,2025-01-01 12:20:30.762344,0 days 00:00:03.758582,2,155,145.0,,,,,,,,,,,,,,,,,,,6,3.0,,,,,,,,,,,,,,,,,,,COMPLETE
962,962,0.5941489361702128,2025-01-01 12:20:30.762948,2025-01-01 12:20:35.491421,0 days 00:00:04.728473,1,80,,,,,,,,,,,,,,,,,,,,6,,,,,,,,,,,,,,,,,,,,COMPLETE
963,963,0.0,2025-01-01 12:20:35.492003,2025-01-01 12:20:38.242394,0 days 00:00:02.750391,4,120,155.0,,,,,,,,,,,135.0,55.0,,,,,,,6,3.0,,,,,,,,,,,4.0,5.0,,,,,,,COMPLETE
964,964,0.6168478260869565,2025-01-01 12:20:38.243016,2025-01-01 12:20:44.135955,0 days 00:00:05.892939,3,115,130.0,,,,,,,,,,,90.0,,,,,,,,6,3.0,,,,,,,,,,,6.0,,,,,,,,COMPLETE
965,965,0.0,2025-01-01 12:20:44.136581,2025-01-01 12:20:47.059324,0 days 00:00:02.922743,5,110,175.0,,,,,,,,,,,115.0,90.0,75.0,,,,,,6,3.0,,,,,,,,,,,4.0,4.0,2.0,,,,,,COMPLETE
966,966,0.0,2025-01-01 12:20:47.060042,2025-01-01 12:20:57.352051,0 days 00:00:10.292009,18,100,135.0,75.0,140.0,175.0,5.0,185.0,180.0,90.0,160.0,,,140.0,25.0,135.0,145.0,195.0,65.0,5.0,20.0,6,3.0,5.0,3.0,6.0,3.0,4.0,6.0,2.0,5.0,,,3.0,3.0,5.0,5.0,5.0,2.0,5.0,4.0,COMPLETE
967,967,0.6785225718194254,2025-01-01 12:20:57.353024,2025-01-01 12:21:01.005176,0 days 00:00:03.652152,2,115,170.0,,,,,,,,,,,,,,,,,,,6,3.0,,,,,,,,,,,,,,,,,,,COMPLETE
968,968,0.0,2025-01-01 12:21:01.005767,2025-01-01 12:21:11.970800,0 days 00:00:10.965033,19,75,160.0,190.0,55.0,135.0,100.0,20.0,45.0,30.0,65.0,125.0,,165.0,85.0,85.0,190.0,140.0,40.0,55.0,55.0,6,3.0,3.0,5.0,2.0,5.0,6.0,2.0,4.0,5.0,2.0,,5.0,4.0,6.0,6.0,4.0,4.0,3.0,6.0,COMPLETE
969,969,0.6382978723404256,2025-01-01 12:21:11.971969,2025-01-01 12:21:15.832970,0 days 00:00:03.861001,2,105,190.0,,,,,,,,,,,,,,,,,,,6,3.0,,,,,,,,,,,,,,,,,,,COMPLETE
970,970,0.5755591925804692,2025-01-01 12:21:15.833566,2025-01-01 12:21:20.548512,0 days 00:00:04.714946,1,120,,,,,,,,,,,,,,,,,,,,6,,,,,,,,,,,,,,,,,,,,COMPLETE
971,971,0.6168478260869565,2025-01-01 12:21:20.549077,2025-01-01 12:21:24.164313,0 days 00:00:03.615236,2,90,140.0,,,,,,,,,,,,,,,,,,,6,3.0,,,,,,,,,,,,,,,,,,,COMPLETE
972,972,0.0,2025-01-01 12:21:24.164894,2025-01-01 12:21:26.630197,0 days 00:00:02.465303,3,160,145.0,,,,,,,,,,,170.0,,,,,,,,6,3.0,,,,,,,,,,,3.0,,,,,,,,COMPLETE
973,973,0.0,2025-01-01 12:21:26.630786,2025-01-01 12:21:28.427886,0 days 00:00:01.797100,3,95,185.0,,,,,,,,,,,100.0,,,,,,,,6,3.0,,,,,,,,,,,2.0,,,,,,,,COMPLETE
974,974,0.6594202898550725,2025-01-01 12:21:28.428457,2025-01-01 12:21:31.708871,0 days 00:00:03.280414,2,110,180.0,,,,,,,,,,,,,,,,,,,6,3.0,,,,,,,,,,,,,,,,,,,COMPLETE
975,975,0.637641723356009,2025-01-01 12:21:31.709476,2025-01-01 12:21:37.482890,0 days 00:00:05.773414,3,85,195.0,,,,,,,,,,,5.0,,,,,,,,6,3.0,,,,,,,,,,,5.0,,,,,,,,COMPLETE
976,976,0.513157894736842,2025-01-01 12:21:37.483501,2025-01-01 12:21:41.951201,0 days 00:00:04.467700,1,75,,,,,,,,,,,,,,,,,,,,6,,,,,,,,,,,,,,,,,,,,COMPLETE
977,977,0.0,2025-01-01 12:21:41.951775,2025-01-01 12:21:44.963225,0 days 00:00:03.011450,4,100,120.0,,,,,,,,,,,145.0,180.0,,,,,,,6,3.0,,,,,,,,,,,4.0,6.0,,,,,,,COMPLETE
