,number,value,datetime_start,datetime_complete,duration,params_depth,params_grids_0,params_grids_1,params_grids_10,params_grids_11,params_grids_12,params_grids_13,params_grids_14,params_grids_15,params_grids_16,params_grids_17,params_grids_18,params_grids_19,params_grids_2,params_grids_3,params_grids_4,params_grids_5,params_grids_6,params_grids_7,params_grids_8,params_grids_9,params_neurons_layer_0,params_neurons_layer_1,params_neurons_layer_10,params_neurons_layer_11,params_neurons_layer_12,params_neurons_layer_13,params_neurons_layer_14,params_neurons_layer_15,params_neurons_layer_16,params_neurons_layer_17,params_neurons_layer_18,params_neurons_layer_19,params_neurons_layer_2,params_neurons_layer_3,params_neurons_layer_4,params_neurons_layer_5,params_neurons_layer_6,params_neurons_layer_7,params_neurons_layer_8,params_neurons_layer_9,state
0,0,0.2543427018463892,2025-01-05 18:21:50.970450,2025-01-05 18:23:49.342001,0 days 00:01:58.371551,17,13,6.0,1.0,7.0,2.0,6.0,6.0,10.0,10.0,,,,3.0,1.0,2.0,6.0,12.0,5.0,8.0,14.0,30,50.0,25.0,35.0,10.0,55.0,10.0,25.0,35.0,,,,15.0,5.0,15.0,20.0,60.0,60.0,30.0,50.0,COMPLETE
1,1,0.0,2025-01-05 18:23:49.343006,2025-01-05 18:31:40.499416,0 days 00:07:51.156410,19,11,10.0,7.0,1.0,2.0,15.0,15.0,3.0,15.0,12.0,12.0,,8.0,4.0,1.0,14.0,11.0,7.0,6.0,1.0,15,30.0,35.0,10.0,50.0,20.0,20.0,60.0,10.0,30.0,10.0,,45.0,10.0,35.0,15.0,45.0,35.0,60.0,10.0,COMPLETE
2,2,0.24866943002622036,2025-01-05 18:31:40.500451,2025-01-05 18:32:49.077738,0 days 00:01:08.577287,7,8,7.0,,,,,,,,,,,14.0,15.0,15.0,12.0,15.0,,,,30,20.0,,,,,,,,,,,5.0,60.0,30.0,15.0,55.0,,,,COMPLETE
3,3,0.25424646706008713,2025-01-05 18:32:49.078569,2025-01-05 18:35:24.779732,0 days 00:02:35.701163,17,5,6.0,1.0,4.0,4.0,12.0,14.0,10.0,15.0,,,,8.0,3.0,10.0,12.0,1.0,1.0,3.0,12.0,20,20.0,55.0,35.0,35.0,35.0,25.0,10.0,25.0,,,,20.0,60.0,10.0,25.0,5.0,15.0,35.0,35.0,COMPLETE
4,4,0.35872532430908066,2025-01-05 18:35:24.780731,2025-01-05 18:42:56.768813,0 days 00:07:31.988082,11,10,1.0,5.0,,,,,,,,,,5.0,1.0,11.0,9.0,11.0,3.0,3.0,1.0,60,5.0,25.0,,,,,,,,,,30.0,55.0,40.0,60.0,50.0,5.0,50.0,50.0,COMPLETE
5,5,0.2877092628466273,2025-01-05 18:42:56.769583,2025-01-05 18:45:07.025496,0 days 00:02:10.255913,13,2,10.0,14.0,6.0,9.0,,,,,,,,10.0,5.0,2.0,9.0,14.0,1.0,1.0,6.0,30,60.0,35.0,50.0,55.0,,,,,,,,60.0,30.0,60.0,55.0,10.0,15.0,35.0,60.0,COMPLETE
6,6,0.39648484711654264,2025-01-05 18:45:07.026286,2025-01-05 18:48:04.913609,0 days 00:02:57.887323,18,8,6.0,7.0,8.0,8.0,9.0,8.0,6.0,9.0,5.0,,,1.0,10.0,14.0,11.0,8.0,7.0,3.0,5.0,35,30.0,35.0,20.0,45.0,35.0,30.0,60.0,10.0,15.0,,,35.0,60.0,15.0,55.0,15.0,35.0,30.0,35.0,COMPLETE
7,7,0.8641463309008124,2025-01-05 18:48:04.914579,2025-01-05 18:49:53.540292,0 days 00:01:48.625713,2,6,6.0,,,,,,,,,,,,,,,,,,,55,20.0,,,,,,,,,,,,,,,,,,,COMPLETE
8,8,0.2669786455407749,2025-01-05 18:49:53.540770,2025-01-05 18:52:07.825792,0 days 00:02:14.285022,10,6,11.0,,,,,,,,,,,2.0,12.0,5.0,8.0,5.0,1.0,6.0,13.0,30,55.0,,,,,,,,,,,25.0,60.0,20.0,60.0,60.0,30.0,5.0,30.0,COMPLETE
9,9,0.8808722232468531,2025-01-05 18:52:07.826405,2025-01-05 18:55:54.874860,0 days 00:03:47.048455,4,13,2.0,,,,,,,,,,,7.0,4.0,,,,,,,50,35.0,,,,,,,,,,,60.0,10.0,,,,,,,COMPLETE
10,10,0.5771570972253123,2025-01-05 18:55:54.875394,2025-01-05 18:58:53.886121,0 days 00:02:59.010727,1,15,,,,,,,,,,,,,,,,,,,,45,,,,,,,,,,,,,,,,,,,,COMPLETE
11,11,0.9082024536941584,2025-01-05 18:58:53.886615,2025-01-05 18:59:10.821439,0 days 00:00:16.934824,1,1,,,,,,,,,,,,,,,,,,,,60,,,,,,,,,,,,,,,,,,,,COMPLETE
12,12,0.2985700346700185,2025-01-05 18:59:10.821794,2025-01-05 19:04:30.727456,0 days 00:05:19.905662,5,3,15.0,,,,,,,,,,,12.0,7.0,6.0,,,,,,50,45.0,,,,,,,,,,,60.0,20.0,60.0,,,,,,COMPLETE
13,13,0.5443120172526179,2025-01-05 19:04:30.727982,2025-01-05 19:06:51.736356,0 days 00:02:21.008374,5,1,1.0,,,,,,,,,,,6.0,7.0,7.0,,,,,,45,40.0,,,,,,,,,,,45.0,40.0,45.0,,,,,,COMPLETE
14,14,0.8563095274131718,2025-01-05 19:06:51.736874,2025-01-05 19:10:48.257786,0 days 00:03:56.520912,3,15,3.0,,,,,,,,,,,11.0,,,,,,,,60,5.0,,,,,,,,,,,45.0,,,,,,,,COMPLETE
15,15,0.535345544517355,2025-01-05 19:10:48.258294,2025-01-05 19:14:27.217618,0 days 00:03:38.959324,7,11,4.0,,,,,,,,,,,5.0,10.0,12.0,1.0,1.0,,,,40,40.0,,,,,,,,,,,55.0,20.0,5.0,40.0,30.0,,,,COMPLETE
16,16,0.3625692114666012,2025-01-05 19:14:27.218183,2025-01-05 19:19:57.975640,0 days 00:05:30.757457,4,4,15.0,,,,,,,,,,,15.0,15.0,,,,,,,50,35.0,,,,,,,,,,,50.0,40.0,,,,,,,COMPLETE
17,17,0.8343158014109491,2025-01-05 19:19:57.976158,2025-01-05 19:20:21.643049,0 days 00:00:23.666891,1,13,,,,,,,,,,,,,,,,,,,,5,,,,,,,,,,,,,,,,,,,,COMPLETE
18,18,0.23017665974681484,2025-01-05 19:20:21.643485,2025-01-05 19:23:35.779025,0 days 00:03:14.135540,7,10,3.0,,,,,,,,,,,9.0,5.0,9.0,1.0,5.0,,,,55,15.0,,,,,,,,,,,35.0,15.0,50.0,5.0,30.0,,,,COMPLETE
19,19,0.24986222322398077,2025-01-05 19:23:35.779598,2025-01-05 19:25:14.690088,0 days 00:01:38.910490,9,13,12.0,,,,,,,,,,,13.0,9.0,4.0,5.0,6.0,15.0,15.0,,60,50.0,,,,,,,,,,,5.0,30.0,50.0,40.0,20.0,60.0,10.0,,COMPLETE
20,20,0.33479145755582856,2025-01-05 19:25:14.690687,2025-01-05 19:26:34.599337,0 days 00:01:19.908650,13,7,4.0,15.0,14.0,15.0,,,,,,,,7.0,12.0,13.0,15.0,8.0,13.0,14.0,9.0,40,25.0,5.0,60.0,5.0,,,,,,,,40.0,5.0,25.0,35.0,40.0,45.0,15.0,5.0,COMPLETE
21,21,0.8670473606111925,2025-01-05 19:26:34.599983,2025-01-05 19:27:19.572908,0 days 00:00:44.972925,2,1,8.0,,,,,,,,,,,,,,,,,,,55,15.0,,,,,,,,,,,,,,,,,,,COMPLETE
22,22,0.8447525723907234,2025-01-05 19:27:19.573349,2025-01-05 19:28:12.122349,0 days 00:00:52.549000,3,1,13.0,,,,,,,,,,,4.0,,,,,,,,50,10.0,,,,,,,,,,,55.0,,,,,,,,COMPLETE
23,23,0.8863496572316845,2025-01-05 19:28:12.122833,2025-01-05 19:28:52.794381,0 days 00:00:40.671548,1,3,,,,,,,,,,,,,,,,,,,,55,,,,,,,,,,,,,,,,,,,,COMPLETE
24,24,0.466969458263364,2025-01-05 19:28:52.794814,2025-01-05 19:30:48.444091,0 days 00:01:55.649277,5,3,2.0,,,,,,,,,,,10.0,2.0,9.0,,,,,,45,40.0,,,,,,,,,,,15.0,45.0,30.0,,,,,,COMPLETE
25,25,0.9007493121721206,2025-01-05 19:30:48.444610,2025-01-05 19:31:34.485807,0 days 00:00:46.041197,1,3,,,,,,,,,,,,,,,,,,,,55,,,,,,,,,,,,,,,,,,,,COMPLETE
26,26,0.8557399389638048,2025-01-05 19:31:34.486257,2025-01-05 19:32:21.826062,0 days 00:00:47.339805,1,3,,,,,,,,,,,,,,,,,,,,60,,,,,,,,,,,,,,,,,,,,COMPLETE
27,27,0.6449090924231196,2025-01-05 19:32:21.826509,2025-01-05 19:35:30.692506,0 days 00:03:08.865997,3,4,9.0,,,,,,,,,,,15.0,,,,,,,,55,60.0,,,,,,,,,,,10.0,,,,,,,,COMPLETE
28,28,0.3287630071277421,2025-01-05 19:35:30.693006,2025-01-05 19:39:14.358815,0 days 00:03:43.665809,6,2,13.0,,,,,,,,,,,1.0,13.0,4.0,4.0,,,,,40,55.0,,,,,,,,,,,25.0,50.0,55.0,5.0,,,,,COMPLETE
29,29,0.5340056667082267,2025-01-05 19:39:14.359379,2025-01-05 19:40:48.368000,0 days 00:01:34.008621,15,5,13.0,11.0,13.0,15.0,1.0,1.0,,,,,,12.0,7.0,8.0,4.0,3.0,11.0,12.0,10.0,55,25.0,60.0,5.0,20.0,5.0,50.0,,,,,,30.0,25.0,5.0,50.0,20.0,50.0,50.0,20.0,COMPLETE
30,30,0.6605079618552241,2025-01-05 19:40:48.368702,2025-01-05 19:41:04.588343,0 days 00:00:16.219641,1,2,,,,,,,,,,,,,,,,,,,,25,,,,,,,,,,,,,,,,,,,,COMPLETE
31,31,0.8641786504122506,2025-01-05 19:41:04.588647,2025-01-05 19:42:58.924502,0 days 00:01:54.335855,3,4,4.0,,,,,,,,,,,6.0,,,,,,,,50,35.0,,,,,,,,,,,55.0,,,,,,,,COMPLETE
32,32,0.8695438622010825,2025-01-05 19:42:58.924999,2025-01-05 19:44:45.567878,0 days 00:01:46.642879,2,2,8.0,,,,,,,,,,,,,,,,,,,60,45.0,,,,,,,,,,,,,,,,,,,COMPLETE
33,33,0.8726263740265415,2025-01-05 19:44:45.568366,2025-01-05 19:47:01.802969,0 days 00:02:16.234603,4,8,5.0,,,,,,,,,,,3.0,5.0,,,,,,,50,25.0,,,,,,,,,,,40.0,10.0,,,,,,,COMPLETE
34,34,0.8813787015626047,2025-01-05 19:47:01.803500,2025-01-05 19:51:36.789138,0 days 00:04:34.985638,4,13,3.0,,,,,,,,,,,7.0,3.0,,,,,,,55,50.0,,,,,,,,,,,50.0,35.0,,,,,,,COMPLETE
35,35,0.3011297495162688,2025-01-05 19:51:36.789662,2025-01-05 19:54:39.855732,0 days 00:03:03.066070,8,6,7.0,,,,,,,,,,,9.0,3.0,12.0,3.0,10.0,10.0,,,10,50.0,,,,,,,,,,,50.0,35.0,40.0,30.0,40.0,20.0,,,COMPLETE
36,36,0.0,2025-01-05 19:54:39.856331,2025-01-05 20:11:43.777241,0 days 00:17:03.920910,20,11,5.0,11.0,11.0,10.0,1.0,1.0,14.0,1.0,2.0,3.0,14.0,4.0,6.0,15.0,7.0,13.0,10.0,11.0,5.0,60,55.0,5.0,50.0,30.0,60.0,60.0,40.0,60.0,60.0,60.0,60.0,40.0,50.0,25.0,45.0,25.0,5.0,20.0,20.0,COMPLETE
37,37,0.8619162867488415,2025-01-05 20:11:43.778029,2025-01-05 20:14:12.929554,0 days 00:02:29.151525,2,5,9.0,,,,,,,,,,,,,,,,,,,55,45.0,,,,,,,,,,,,,,,,,,,COMPLETE
38,38,0.8564813944146836,2025-01-05 20:14:12.930040,2025-01-05 20:15:59.977526,0 days 00:01:47.047486,1,9,,,,,,,,,,,,,,,,,,,,45,,,,,,,,,,,,,,,,,,,,COMPLETE
39,39,0.3243426560988921,2025-01-05 20:15:59.977991,2025-01-05 20:17:58.751255,0 days 00:01:58.773264,6,3,2.0,,,,,,,,,,,3.0,9.0,3.0,10.0,,,,,20,60.0,,,,,,,,,,,20.0,35.0,40.0,30.0,,,,,COMPLETE
40,40,0.3508609403776599,2025-01-05 20:17:58.751804,2025-01-05 20:19:02.382556,0 days 00:01:03.630752,12,7,7.0,4.0,11.0,,,,,,,,,11.0,2.0,7.0,14.0,3.0,15.0,10.0,3.0,35,30.0,50.0,20.0,,,,,,,,,50.0,25.0,20.0,10.0,5.0,45.0,60.0,60.0,COMPLETE
41,41,0.8812749002428732,2025-01-05 20:19:02.383223,2025-01-05 20:23:46.185173,0 days 00:04:43.801950,4,14,2.0,,,,,,,,,,,7.0,3.0,,,,,,,55,50.0,,,,,,,,,,,60.0,20.0,,,,,,,COMPLETE
42,42,0.8632110955483707,2025-01-05 20:23:46.185701,2025-01-05 20:27:09.478129,0 days 00:03:23.292428,2,14,1.0,,,,,,,,,,,,,,,,,,,55,50.0,,,,,,,,,,,,,,,,,,,COMPLETE
43,43,0.8789720905590066,2025-01-05 20:27:09.478621,2025-01-05 20:31:42.979503,0 days 00:04:33.500882,4,12,3.0,,,,,,,,,,,6.0,3.0,,,,,,,60,55.0,,,,,,,,,,,55.0,20.0,,,,,,,COMPLETE
44,44,0.873181278762587,2025-01-05 20:31:42.980025,2025-01-05 20:36:26.134396,0 days 00:04:43.154371,3,14,5.0,,,,,,,,,,,8.0,,,,,,,,55,45.0,,,,,,,,,,,50.0,,,,,,,,COMPLETE
45,45,0.7857140380801819,2025-01-05 20:36:26.134912,2025-01-05 20:40:42.644437,0 days 00:04:16.509525,6,12,1.0,,,,,,,,,,,7.0,1.0,6.0,2.0,,,,,50,60.0,,,,,,,,,,,45.0,25.0,50.0,25.0,,,,,COMPLETE
46,46,0.869741593487448,2025-01-05 20:40:42.644998,2025-01-05 20:45:25.574042,0 days 00:04:42.929044,2,15,7.0,,,,,,,,,,,,,,,,,,,60,50.0,,,,,,,,,,,,,,,,,,,COMPLETE
47,47,0.8764935953847658,2025-01-05 20:45:25.574548,2025-01-05 20:49:24.748789,0 days 00:03:59.174241,5,14,2.0,,,,,,,,,,,9.0,2.0,1.0,,,,,,45,30.0,,,,,,,,,,,60.0,40.0,35.0,,,,,,COMPLETE
48,48,0.9038599678968935,2025-01-05 20:49:24.749348,2025-01-05 20:49:43.350006,0 days 00:00:18.600658,1,1,,,,,,,,,,,,,,,,,,,,55,,,,,,,,,,,,,,,,,,,,COMPLETE
49,49,0.7958277311867428,2025-01-05 20:49:43.350343,2025-01-05 20:50:01.108025,0 days 00:00:17.757682,1,1,,,,,,,,,,,,,,,,,,,,50,,,,,,,,,,,,,,,,,,,,COMPLETE
50,50,0.9058783121018855,2025-01-05 20:50:01.108439,2025-01-05 20:50:14.012046,0 days 00:00:12.903607,1,1,,,,,,,,,,,,,,,,,,,,35,,,,,,,,,,,,,,,,,,,,COMPLETE
51,51,0.8148638879649113,2025-01-05 20:50:14.012379,2025-01-05 20:50:28.065783,0 days 00:00:14.053404,1,1,,,,,,,,,,,,,,,,,,,,35,,,,,,,,,,,,,,,,,,,,COMPLETE
52,52,0.878392710694631,2025-01-05 20:50:28.066075,2025-01-05 20:50:54.837759,0 days 00:00:26.771684,2,2,10.0,,,,,,,,,,,,,,,,,,,20,15.0,,,,,,,,,,,,,,,,,,,COMPLETE
53,53,0.6596082739670432,2025-01-05 20:50:54.838219,2025-01-05 20:52:36.420697,0 days 00:01:41.582478,3,2,11.0,,,,,,,,,,,14.0,,,,,,,,25,40.0,,,,,,,,,,,25.0,,,,,,,,COMPLETE
54,54,0.8738241511276084,2025-01-05 20:52:36.421220,2025-01-05 20:52:56.974888,0 days 00:00:20.553668,1,1,,,,,,,,,,,,,,,,,,,,60,,,,,,,,,,,,,,,,,,,,COMPLETE
55,55,0.8681405576736636,2025-01-05 20:52:56.975188,2025-01-05 20:54:48.807626,0 days 00:01:51.832438,2,4,14.0,,,,,,,,,,,,,,,,,,,55,20.0,,,,,,,,,,,,,,,,,,,COMPLETE
56,56,0.8648577521194154,2025-01-05 20:54:48.808134,2025-01-05 20:56:31.030861,0 days 00:01:42.222727,3,3,9.0,,,,,,,,,,,4.0,,,,,,,,50,35.0,,,,,,,,,,,15.0,,,,,,,,COMPLETE
57,57,0.7774888927411083,2025-01-05 20:56:31.031385,2025-01-05 20:56:57.633886,0 days 00:00:26.602501,1,2,,,,,,,,,,,,,,,,,,,,45,,,,,,,,,,,,,,,,,,,,COMPLETE
58,58,0.3457964041033252,2025-01-05 20:56:57.634206,2025-01-05 20:58:16.584230,0 days 00:01:18.950024,10,1,11.0,,,,,,,,,,,2.0,8.0,10.0,6.0,9.0,5.0,8.0,11.0,15,5.0,,,,,,,,,,,35.0,45.0,10.0,45.0,40.0,25.0,45.0,45.0,COMPLETE
59,59,0.8661818858558312,2025-01-05 20:58:16.584850,2025-01-05 20:59:15.671754,0 days 00:00:59.086904,2,3,6.0,,,,,,,,,,,,,,,,,,,55,10.0,,,,,,,,,,,,,,,,,,,COMPLETE
60,60,0.8708142090433085,2025-01-05 20:59:15.672255,2025-01-05 21:01:43.106467,0 days 00:02:27.434212,4,5,3.0,,,,,,,,,,,5.0,6.0,,,,,,,60,55.0,,,,,,,,,,,20.0,50.0,,,,,,,COMPLETE
61,61,0.5044389896194287,2025-01-05 21:01:43.106992,2025-01-05 21:06:09.463516,0 days 00:04:26.356524,4,9,5.0,,,,,,,,,,,10.0,4.0,,,,,,,55,45.0,,,,,,,,,,,60.0,15.0,,,,,,,COMPLETE
62,62,0.8742710789624626,2025-01-05 21:06:09.464054,2025-01-05 21:06:28.128481,0 days 00:00:18.664427,1,1,,,,,,,,,,,,,,,,,,,,55,,,,,,,,,,,,,,,,,,,,COMPLETE
63,63,0.28758280711753736,2025-01-05 21:06:28.128897,2025-01-05 21:10:19.555908,0 days 00:03:51.427011,17,2,4.0,10.0,1.0,6.0,7.0,11.0,1.0,1.0,,,,7.0,1.0,14.0,12.0,7.0,12.0,13.0,15.0,50,55.0,15.0,20.0,60.0,5.0,45.0,5.0,60.0,,,,45.0,30.0,55.0,20.0,50.0,50.0,20.0,20.0,COMPLETE
64,64,0.8742264314632735,2025-01-05 21:10:19.556670,2025-01-05 21:14:14.707834,0 days 00:03:55.151164,3,12,1.0,,,,,,,,,,,8.0,,,,,,,,60,40.0,,,,,,,,,,,55.0,,,,,,,,COMPLETE
65,65,0.2482493425288272,2025-01-05 21:14:14.708374,2025-01-05 21:18:07.084278,0 days 00:03:52.375904,8,3,2.0,,,,,,,,,,,5.0,4.0,4.0,15.0,3.0,8.0,,,40,60.0,,,,,,,,,,,30.0,15.0,45.0,40.0,35.0,40.0,,,COMPLETE
66,66,0.44653239241437787,2025-01-05 21:18:07.084880,2025-01-05 21:21:22.678401,0 days 00:03:15.593521,5,4,8.0,,,,,,,,,,,9.0,6.0,3.0,,,,,,55,40.0,,,,,,,,,,,60.0,5.0,15.0,,,,,,COMPLETE
67,67,0.8659246102133225,2025-01-05 21:21:22.678959,2025-01-05 21:24:20.479291,0 days 00:02:57.800332,2,13,3.0,,,,,,,,,,,,,,,,,,,50,30.0,,,,,,,,,,,,,,,,,,,COMPLETE
68,68,0.8661876570319094,2025-01-05 21:24:20.479804,2025-01-05 21:26:51.469035,0 days 00:02:30.989231,3,2,6.0,,,,,,,,,,,11.0,,,,,,,,60,45.0,,,,,,,,,,,40.0,,,,,,,,COMPLETE
69,69,0.8571012243707381,2025-01-05 21:26:51.469552,2025-01-05 21:28:10.561916,0 days 00:01:19.092364,4,1,4.0,,,,,,,,,,,2.0,3.0,,,,,,,55,35.0,,,,,,,,,,,50.0,35.0,,,,,,,COMPLETE
70,70,0.8820499426383704,2025-01-05 21:28:10.562463,2025-01-05 21:28:28.392898,0 days 00:00:17.830435,1,10,,,,,,,,,,,,,,,,,,,,5,,,,,,,,,,,,,,,,,,,,COMPLETE
71,71,0.7752233839213114,2025-01-05 21:28:28.393333,2025-01-05 21:29:28.645641,0 days 00:01:00.252308,1,9,,,,,,,,,,,,,,,,,,,,25,,,,,,,,,,,,,,,,,,,,COMPLETE
72,72,0.886468724626231,2025-01-05 21:29:28.646136,2025-01-05 21:29:50.839061,0 days 00:00:22.192925,2,10,2.0,,,,,,,,,,,,,,,,,,,5,50.0,,,,,,,,,,,,,,,,,,,COMPLETE
73,73,0.897597526116914,2025-01-05 21:29:50.839403,2025-01-05 21:30:17.953420,0 days 00:00:27.114017,2,10,7.0,,,,,,,,,,,,,,,,,,,5,50.0,,,,,,,,,,,,,,,,,,,COMPLETE
74,74,0.8798670666215699,2025-01-05 21:30:17.953883,2025-01-05 21:30:51.495775,0 days 00:00:33.541892,2,11,12.0,,,,,,,,,,,,,,,,,,,5,55.0,,,,,,,,,,,,,,,,,,,COMPLETE
75,75,0.7856689909652573,2025-01-05 21:30:51.496240,2025-01-05 21:31:09.276508,0 days 00:00:17.780268,1,10,,,,,,,,,,,,,,,,,,,,5,,,,,,,,,,,,,,,,,,,,COMPLETE
76,76,0.3017122965780299,2025-01-05 21:31:09.276799,2025-01-05 21:32:31.298092,0 days 00:01:22.021293,15,10,12.0,4.0,4.0,11.0,4.0,5.0,,,,,,13.0,14.0,12.0,7.0,15.0,4.0,1.0,7.0,10,25.0,45.0,45.0,20.0,45.0,5.0,,,,,,5.0,55.0,25.0,50.0,15.0,10.0,45.0,10.0,COMPLETE
77,77,0.8413700986231196,2025-01-05 21:32:31.298795,2025-01-05 21:32:56.724491,0 days 00:00:25.425696,1,8,,,,,,,,,,,,,,,,,,,,10,,,,,,,,,,,,,,,,,,,,COMPLETE
78,78,0.8656203276348997,2025-01-05 21:32:56.724823,2025-01-05 21:33:25.545986,0 days 00:00:28.821163,2,10,7.0,,,,,,,,,,,,,,,,,,,5,60.0,,,,,,,,,,,,,,,,,,,COMPLETE
79,79,0.8735845573731933,2025-01-05 21:33:25.546477,2025-01-05 21:33:54.155540,0 days 00:00:28.609063,1,9,,,,,,,,,,,,,,,,,,,,10,,,,,,,,,,,,,,,,,,,,COMPLETE
80,80,0.894617400643088,2025-01-05 21:33:54.155988,2025-01-05 21:34:23.234151,0 days 00:00:29.078163,2,11,9.0,,,,,,,,,,,,,,,,,,,5,45.0,,,,,,,,,,,,,,,,,,,COMPLETE
81,81,0.8760373707207953,2025-01-05 21:34:23.234508,2025-01-05 21:34:52.757049,0 days 00:00:29.522541,2,11,9.0,,,,,,,,,,,,,,,,,,,5,45.0,,,,,,,,,,,,,,,,,,,COMPLETE
82,82,0.42100226379892,2025-01-05 21:34:52.757512,2025-01-05 21:35:47.994935,0 days 00:00:55.237423,3,10,10.0,,,,,,,,,,,14.0,,,,,,,,5,50.0,,,,,,,,,,,10.0,,,,,,,,COMPLETE
83,83,0.8691467575352163,2025-01-05 21:35:47.995468,2025-01-05 21:36:56.019895,0 days 00:01:08.024427,2,11,11.0,,,,,,,,,,,,,,,,,,,15,40.0,,,,,,,,,,,,,,,,,,,COMPLETE
84,84,0.8368601420817476,2025-01-05 21:36:56.020404,2025-01-05 21:37:27.058170,0 days 00:00:31.037766,1,10,,,,,,,,,,,,,,,,,,,,10,,,,,,,,,,,,,,,,,,,,COMPLETE
85,85,0.8682893047444803,2025-01-05 21:37:27.058638,2025-01-05 21:38:02.755297,0 days 00:00:35.696659,3,12,14.0,,,,,,,,,,,1.0,,,,,,,,5,45.0,,,,,,,,,,,10.0,,,,,,,,COMPLETE
86,86,0.885245536859425,2025-01-05 21:38:02.755780,2025-01-05 21:38:46.917542,0 days 00:00:44.161762,2,9,8.0,,,,,,,,,,,,,,,,,,,10,55.0,,,,,,,,,,,,,,,,,,,COMPLETE
87,87,0.8688123418581795,2025-01-05 21:38:46.918045,2025-01-05 21:40:39.985582,0 days 00:01:53.067537,2,9,8.0,,,,,,,,,,,,,,,,,,,30,55.0,,,,,,,,,,,,,,,,,,,COMPLETE
88,88,0.4493452858799393,2025-01-05 21:40:39.986099,2025-01-05 21:42:13.879158,0 days 00:01:33.893059,3,8,10.0,,,,,,,,,,,12.0,,,,,,,,10,50.0,,,,,,,,,,,25.0,,,,,,,,COMPLETE
89,89,0.8820587174809422,2025-01-05 21:42:13.879698,2025-01-05 21:42:53.534543,0 days 00:00:39.654845,2,2,9.0,,,,,,,,,,,,,,,,,,,15,55.0,,,,,,,,,,,,,,,,,,,COMPLETE
90,90,0.8461322446406453,2025-01-05 21:42:53.535014,2025-01-05 21:43:10.693162,0 days 00:00:17.158148,1,6,,,,,,,,,,,,,,,,,,,,10,,,,,,,,,,,,,,,,,,,,COMPLETE
91,91,0.870318846488308,2025-01-05 21:43:10.693478,2025-01-05 21:44:08.288947,0 days 00:00:57.595469,2,7,9.0,,,,,,,,,,,,,,,,,,,15,55.0,,,,,,,,,,,,,,,,,,,COMPLETE
92,92,0.8718756951859761,2025-01-05 21:44:08.289444,2025-01-05 21:45:20.580467,0 days 00:01:12.291023,3,2,7.0,,,,,,,,,,,13.0,,,,,,,,5,60.0,,,,,,,,,,,20.0,,,,,,,,COMPLETE
93,93,0.8887327258526425,2025-01-05 21:45:20.580995,2025-01-05 21:45:43.310366,0 days 00:00:22.729371,2,1,8.0,,,,,,,,,,,,,,,,,,,10,50.0,,,,,,,,,,,,,,,,,,,COMPLETE
94,94,0.8898708827688953,2025-01-05 21:45:43.310848,2025-01-05 21:45:50.650524,0 days 00:00:07.339676,1,1,,,,,,,,,,,,,,,,,,,,10,,,,,,,,,,,,,,,,,,,,COMPLETE
95,95,0.7576154857411901,2025-01-05 21:45:50.650809,2025-01-05 21:45:57.324015,0 days 00:00:06.673206,1,1,,,,,,,,,,,,,,,,,,,,5,,,,,,,,,,,,,,,,,,,,COMPLETE
96,96,0.8923645552272046,2025-01-05 21:45:57.324300,2025-01-05 21:46:07.209512,0 days 00:00:09.885212,1,1,,,,,,,,,,,,,,,,,,,,20,,,,,,,,,,,,,,,,,,,,COMPLETE
97,97,0.8597013647872196,2025-01-05 21:46:07.209780,2025-01-05 21:46:16.919677,0 days 00:00:09.709897,1,1,,,,,,,,,,,,,,,,,,,,20,,,,,,,,,,,,,,,,,,,,COMPLETE
98,98,0.894124237472036,2025-01-05 21:46:16.920162,2025-01-05 21:46:56.038480,0 days 00:00:39.118318,2,1,11.0,,,,,,,,,,,,,,,,,,,15,50.0,,,,,,,,,,,,,,,,,,,COMPLETE
99,99,0.856184710351377,2025-01-05 21:46:56.038811,2025-01-05 21:47:50.306224,0 days 00:00:54.267413,3,1,6.0,,,,,,,,,,,15.0,,,,,,,,20,35.0,,,,,,,,,,,15.0,,,,,,,,COMPLETE
100,100,0.4345899445805894,2025-01-05 21:47:50.306758,2025-01-05 21:48:49.974892,0 days 00:00:59.668134,5,1,10.0,,,,,,,,,,,10.0,14.0,1.0,,,,,,15,45.0,,,,,,,,,,,5.0,55.0,10.0,,,,,,COMPLETE
101,101,0.8885178873708692,2025-01-05 21:48:49.975459,2025-01-05 21:49:18.843026,0 days 00:00:28.867567,2,2,10.0,,,,,,,,,,,,,,,,,,,10,50.0,,,,,,,,,,,,,,,,,,,COMPLETE
102,102,0.882138741108569,2025-01-05 21:49:18.843497,2025-01-05 21:49:31.160614,0 days 00:00:12.317117,1,2,,,,,,,,,,,,,,,,,,,,15,,,,,,,,,,,,,,,,,,,,COMPLETE
103,103,0.8769533726533212,2025-01-05 21:49:31.160927,2025-01-05 21:50:00.691347,0 days 00:00:29.530420,2,1,12.0,,,,,,,,,,,,,,,,,,,10,50.0,,,,,,,,,,,,,,,,,,,COMPLETE
104,104,0.7714844863108516,2025-01-05 21:50:00.691676,2025-01-05 21:50:13.027917,0 days 00:00:12.336241,1,2,,,,,,,,,,,,,,,,,,,,15,,,,,,,,,,,,,,,,,,,,COMPLETE
105,105,0.877335744489235,2025-01-05 21:50:13.028330,2025-01-05 21:50:39.459631,0 days 00:00:26.431301,2,1,11.0,,,,,,,,,,,,,,,,,,,10,45.0,,,,,,,,,,,,,,,,,,,COMPLETE
106,106,0.8608469727179264,2025-01-05 21:50:39.460018,2025-01-05 21:52:34.420371,0 days 00:01:54.960353,3,1,10.0,,,,,,,,,,,12.0,,,,,,,,35,40.0,,,,,,,,,,,35.0,,,,,,,,COMPLETE
107,107,0.2846031070032267,2025-01-05 21:52:34.420915,2025-01-05 21:53:17.332463,0 days 00:00:42.911548,11,2,8.0,13.0,,,,,,,,,,3.0,11.0,8.0,3.0,13.0,13.0,9.0,3.0,25,50.0,15.0,,,,,,,,,,30.0,45.0,20.0,10.0,25.0,25.0,5.0,30.0,COMPLETE
108,108,0.8730040005091431,2025-01-05 21:53:17.332977,2025-01-05 21:53:29.757758,0 days 00:00:12.424781,1,1,,,,,,,,,,,,,,,,,,,,30,,,,,,,,,,,,,,,,,,,,COMPLETE
109,109,0.3393368392786905,2025-01-05 21:53:29.758180,2025-01-05 21:55:50.519004,0 days 00:02:20.760824,4,2,12.0,,,,,,,,,,,14.0,10.0,,,,,,,10,50.0,,,,,,,,,,,25.0,60.0,,,,,,,COMPLETE
110,110,0.29118955612936337,2025-01-05 21:55:50.519562,2025-01-05 21:58:01.880872,0 days 00:02:11.361310,14,1,9.0,9.0,15.0,12.0,15.0,,,,,,,1.0,15.0,14.0,13.0,4.0,9.0,6.0,8.0,15,40.0,45.0,60.0,40.0,20.0,,,,,,,10.0,10.0,35.0,35.0,50.0,55.0,25.0,45.0,COMPLETE
111,111,0.889419687092014,2025-01-05 21:58:01.881593,2025-01-05 21:58:20.289181,0 days 00:00:18.407588,2,2,11.0,,,,,,,,,,,,,,,,,,,5,45.0,,,,,,,,,,,,,,,,,,,COMPLETE
