,number,value,datetime_start,datetime_complete,duration,params_depth,params_grids_0,params_grids_1,params_grids_10,params_grids_11,params_grids_12,params_grids_13,params_grids_14,params_grids_15,params_grids_16,params_grids_17,params_grids_18,params_grids_19,params_grids_2,params_grids_3,params_grids_4,params_grids_5,params_grids_6,params_grids_7,params_grids_8,params_grids_9,params_neurons_layer_0,params_neurons_layer_1,params_neurons_layer_10,params_neurons_layer_11,params_neurons_layer_12,params_neurons_layer_13,params_neurons_layer_14,params_neurons_layer_15,params_neurons_layer_16,params_neurons_layer_17,params_neurons_layer_18,params_neurons_layer_19,params_neurons_layer_2,params_neurons_layer_3,params_neurons_layer_4,params_neurons_layer_5,params_neurons_layer_6,params_neurons_layer_7,params_neurons_layer_8,params_neurons_layer_9,state
715,715,0.9533217035744842,2025-01-06 21:41:23.886862,2025-01-06 21:41:27.828393,0 days 00:00:03.941531,3,1,2.0,,,,,,,,,,,9.0,,,,,,,,30,40.0,,,,,,,,,,,15.0,,,,,,,,COMPLETE
716,716,0.6444615451179637,2025-01-06 21:41:27.828845,2025-01-06 21:41:37.671418,0 days 00:00:09.842573,4,1,1.0,,,,,,,,,,,5.0,15.0,,,,,,,40,35.0,,,,,,,,,,,30.0,20.0,,,,,,,COMPLETE
717,717,0.9425259304453935,2025-01-06 21:41:37.671937,2025-01-06 21:41:43.386344,0 days 00:00:05.714407,3,1,1.0,,,,,,,,,,,6.0,,,,,,,,35,40.0,,,,,,,,,,,55.0,,,,,,,,COMPLETE
718,718,0.9042898341744774,2025-01-06 21:41:43.386810,2025-01-06 21:41:50.190766,0 days 00:00:06.803956,3,1,3.0,,,,,,,,,,,7.0,,,,,,,,35,35.0,,,,,,,,,,,55.0,,,,,,,,COMPLETE
719,719,0.6413261056060474,2025-01-06 21:41:50.191226,2025-01-06 21:42:06.054332,0 days 00:00:15.863106,4,1,2.0,,,,,,,,,,,4.0,14.0,,,,,,,40,30.0,,,,,,,,,,,60.0,35.0,,,,,,,COMPLETE
720,720,0.9591985579589573,2025-01-06 21:42:06.054857,2025-01-06 21:42:10.435317,0 days 00:00:04.380460,3,1,2.0,,,,,,,,,,,3.0,,,,,,,,35,20.0,,,,,,,,,,,35.0,,,,,,,,COMPLETE
721,721,0.9533238330958274,2025-01-06 21:42:10.435898,2025-01-06 21:42:13.882641,0 days 00:00:03.446743,3,1,1.0,,,,,,,,,,,3.0,,,,,,,,35,20.0,,,,,,,,,,,35.0,,,,,,,,COMPLETE
722,722,0.36985853620270376,2025-01-06 21:42:13.883106,2025-01-06 21:42:44.835175,0 days 00:00:30.952069,10,1,14.0,,,,,,,,,,,3.0,3.0,1.0,10.0,7.0,2.0,9.0,1.0,35,20.0,,,,,,,,,,,35.0,25.0,5.0,40.0,60.0,35.0,10.0,30.0,COMPLETE
723,723,0.7591647498562393,2025-01-06 21:42:44.835960,2025-01-06 21:42:51.219193,0 days 00:00:06.383233,3,1,12.0,,,,,,,,,,,3.0,,,,,,,,40,20.0,,,,,,,,,,,35.0,,,,,,,,COMPLETE
724,724,0.33712541620421754,2025-01-06 21:42:51.219670,2025-01-06 21:43:02.046525,0 days 00:00:10.826855,15,2,2.0,12.0,7.0,14.0,5.0,10.0,,,,,,2.0,6.0,10.0,9.0,3.0,3.0,3.0,13.0,35,25.0,15.0,5.0,10.0,40.0,30.0,,,,,,35.0,55.0,10.0,45.0,30.0,30.0,15.0,50.0,COMPLETE
725,725,0.9481470295423784,2025-01-06 21:43:02.047249,2025-01-06 21:43:05.827061,0 days 00:00:03.779812,3,1,2.0,,,,,,,,,,,3.0,,,,,,,,40,20.0,,,,,,,,,,,35.0,,,,,,,,COMPLETE
726,726,0.9218592242045474,2025-01-06 21:43:05.827512,2025-01-06 21:43:12.796235,0 days 00:00:06.968723,3,7,3.0,,,,,,,,,,,2.0,,,,,,,,35,20.0,,,,,,,,,,,40.0,,,,,,,,COMPLETE
727,727,0.94965470838131,2025-01-06 21:43:12.796766,2025-01-06 21:43:17.802860,0 days 00:00:05.006094,4,1,1.0,,,,,,,,,,,3.0,4.0,,,,,,,60,20.0,,,,,,,,,,,35.0,30.0,,,,,,,COMPLETE
728,728,0.9440101622044166,2025-01-06 21:43:17.803371,2025-01-06 21:43:22.544835,0 days 00:00:04.741464,2,8,2.0,,,,,,,,,,,,,,,,,,,35,15.0,,,,,,,,,,,,,,,,,,,COMPLETE
729,729,0.9515830546265329,2025-01-06 21:43:22.545379,2025-01-06 21:43:26.079163,0 days 00:00:03.533784,3,1,1.0,,,,,,,,,,,4.0,,,,,,,,40,20.0,,,,,,,,,,,30.0,,,,,,,,COMPLETE
730,730,0.9489767335025239,2025-01-06 21:43:26.079727,2025-01-06 21:43:29.439486,0 days 00:00:03.359759,2,2,2.0,,,,,,,,,,,,,,,,,,,60,20.0,,,,,,,,,,,,,,,,,,,COMPLETE
731,731,0.6479577074241072,2025-01-06 21:43:29.439911,2025-01-06 21:43:37.033518,0 days 00:00:07.593607,4,1,4.0,,,,,,,,,,,3.0,9.0,,,,,,,35,20.0,,,,,,,,,,,35.0,15.0,,,,,,,COMPLETE
732,732,0.8547292724196278,2025-01-06 21:43:37.034060,2025-01-06 21:43:46.296922,0 days 00:00:09.262862,4,1,1.0,,,,,,,,,,,2.0,13.0,,,,,,,30,25.0,,,,,,,,,,,30.0,45.0,,,,,,,COMPLETE
733,733,0.948510360013576,2025-01-06 21:43:46.297441,2025-01-06 21:43:49.352874,0 days 00:00:03.055433,2,2,2.0,,,,,,,,,,,,,,,,,,,40,25.0,,,,,,,,,,,,,,,,,,,COMPLETE
734,734,0.9491235392320534,2025-01-06 21:43:49.353293,2025-01-06 21:43:53.635142,0 days 00:00:04.281849,3,1,3.0,,,,,,,,,,,3.0,,,,,,,,60,20.0,,,,,,,,,,,40.0,,,,,,,,COMPLETE
735,735,0.9482295359778803,2025-01-06 21:43:53.635589,2025-01-06 21:43:56.404671,0 days 00:00:02.769082,2,1,1.0,,,,,,,,,,,,,,,,,,,35,30.0,,,,,,,,,,,,,,,,,,,COMPLETE
736,736,0.5255156813974756,2025-01-06 21:43:56.405099,2025-01-06 21:44:27.525331,0 days 00:00:31.120232,7,1,2.0,,,,,,,,,,,4.0,5.0,13.0,6.0,14.0,,,,5,25.0,,,,,,,,,,,35.0,40.0,45.0,30.0,10.0,,,,COMPLETE
737,737,0.9353736906910453,2025-01-06 21:44:27.525930,2025-01-06 21:44:32.944373,0 days 00:00:05.418443,3,2,2.0,,,,,,,,,,,4.0,,,,,,,,35,30.0,,,,,,,,,,,45.0,,,,,,,,COMPLETE
738,738,0.9573955477635524,2025-01-06 21:44:32.944947,2025-01-06 21:44:36.235819,0 days 00:00:03.290872,3,1,1.0,,,,,,,,,,,2.0,,,,,,,,60,20.0,,,,,,,,,,,30.0,,,,,,,,COMPLETE
739,739,0.9549988749718743,2025-01-06 21:44:36.236412,2025-01-06 21:44:38.929213,0 days 00:00:02.692801,2,1,1.0,,,,,,,,,,,,,,,,,,,35,25.0,,,,,,,,,,,,,,,,,,,COMPLETE
740,740,0.9565771174229439,2025-01-06 21:44:38.929629,2025-01-06 21:44:43.086608,0 days 00:00:04.156979,3,1,2.0,,,,,,,,,,,3.0,,,,,,,,60,25.0,,,,,,,,,,,25.0,,,,,,,,COMPLETE
741,741,0.9540781280540587,2025-01-06 21:44:43.087049,2025-01-06 21:44:45.942825,0 days 00:00:02.855776,2,1,1.0,,,,,,,,,,,,,,,,,,,40,25.0,,,,,,,,,,,,,,,,,,,COMPLETE
742,742,0.9507707718849129,2025-01-06 21:44:45.943229,2025-01-06 21:44:50.713749,0 days 00:00:04.770520,3,2,2.0,,,,,,,,,,,3.0,,,,,,,,35,25.0,,,,,,,,,,,35.0,,,,,,,,COMPLETE
743,743,0.9320922075513061,2025-01-06 21:44:50.714230,2025-01-06 21:44:59.899222,0 days 00:00:09.184992,4,1,1.0,,,,,,,,,,,1.0,11.0,,,,,,,60,30.0,,,,,,,,,,,40.0,60.0,,,,,,,COMPLETE
744,744,0.9507324457901064,2025-01-06 21:44:59.899735,2025-01-06 21:45:03.752570,0 days 00:00:03.852835,3,1,2.0,,,,,,,,,,,4.0,,,,,,,,35,25.0,,,,,,,,,,,35.0,,,,,,,,COMPLETE
745,745,0.933672663696351,2025-01-06 21:45:03.753036,2025-01-06 21:45:07.694108,0 days 00:00:03.941072,3,2,1.0,,,,,,,,,,,8.0,,,,,,,,30,20.0,,,,,,,,,,,15.0,,,,,,,,COMPLETE
746,746,0.9583942414174973,2025-01-06 21:45:07.694563,2025-01-06 21:45:11.010412,0 days 00:00:03.315849,2,1,3.0,,,,,,,,,,,,,,,,,,,40,25.0,,,,,,,,,,,,,,,,,,,COMPLETE
747,747,0.9501545253863135,2025-01-06 21:45:11.010834,2025-01-06 21:45:15.067508,0 days 00:00:04.056674,4,1,2.0,,,,,,,,,,,2.0,2.0,,,,,,,60,30.0,,,,,,,,,,,20.0,5.0,,,,,,,COMPLETE
748,748,0.9549998749996528,2025-01-06 21:45:15.068010,2025-01-06 21:45:18.008902,0 days 00:00:02.940892,2,2,2.0,,,,,,,,,,,,,,,,,,,40,25.0,,,,,,,,,,,,,,,,,,,COMPLETE
749,749,0.9608575073492707,2025-01-06 21:45:18.009323,2025-01-06 21:45:21.527808,0 days 00:00:03.518485,3,1,1.0,,,,,,,,,,,3.0,,,,,,,,35,30.0,,,,,,,,,,,35.0,,,,,,,,COMPLETE
750,750,0.9482204977254483,2025-01-06 21:45:21.528257,2025-01-06 21:45:24.826729,0 days 00:00:03.298472,3,1,1.0,,,,,,,,,,,3.0,,,,,,,,20,30.0,,,,,,,,,,,35.0,,,,,,,,COMPLETE
751,751,0.9558760725239741,2025-01-06 21:45:24.827174,2025-01-06 21:45:28.345937,0 days 00:00:03.518763,3,1,1.0,,,,,,,,,,,3.0,,,,,,,,35,30.0,,,,,,,,,,,35.0,,,,,,,,COMPLETE
752,752,0.9516600870674063,2025-01-06 21:45:28.346385,2025-01-06 21:45:31.973469,0 days 00:00:03.627084,3,1,1.0,,,,,,,,,,,3.0,,,,,,,,35,30.0,,,,,,,,,,,35.0,,,,,,,,COMPLETE
753,753,0.9516057779667092,2025-01-06 21:45:31.973929,2025-01-06 21:45:35.534554,0 days 00:00:03.560625,2,2,1.0,,,,,,,,,,,,,,,,,,,35,30.0,,,,,,,,,,,,,,,,,,,COMPLETE
754,754,0.953165548098434,2025-01-06 21:45:35.534956,2025-01-06 21:45:42.729890,0 days 00:00:07.194934,4,1,1.0,,,,,,,,,,,2.0,8.0,,,,,,,30,30.0,,,,,,,,,,,35.0,55.0,,,,,,,COMPLETE
755,755,0.5959850943623032,2025-01-06 21:45:42.730544,2025-01-06 21:45:59.346482,0 days 00:00:16.615938,5,1,1.0,,,,,,,,,,,3.0,12.0,11.0,,,,,,35,30.0,,,,,,,,,,,40.0,20.0,35.0,,,,,,COMPLETE
756,756,0.9398983254922072,2025-01-06 21:45:59.347175,2025-01-06 21:46:02.449831,0 days 00:00:03.102656,2,1,1.0,,,,,,,,,,,,,,,,,,,35,30.0,,,,,,,,,,,,,,,,,,,COMPLETE
757,757,0.9515764008116123,2025-01-06 21:46:02.450254,2025-01-06 21:46:05.897765,0 days 00:00:03.447511,3,1,1.0,,,,,,,,,,,3.0,,,,,,,,30,30.0,,,,,,,,,,,30.0,,,,,,,,COMPLETE
758,758,0.9349541539316477,2025-01-06 21:46:05.898244,2025-01-06 21:46:10.350979,0 days 00:00:04.452735,2,1,8.0,,,,,,,,,,,,,,,,,,,35,30.0,,,,,,,,,,,,,,,,,,,COMPLETE
759,759,0.9592703150912105,2025-01-06 21:46:10.351451,2025-01-06 21:46:15.693559,0 days 00:00:05.342108,4,2,1.0,,,,,,,,,,,2.0,1.0,,,,,,,35,30.0,,,,,,,,,,,35.0,35.0,,,,,,,COMPLETE
760,760,0.9263986697965572,2025-01-06 21:46:15.694099,2025-01-06 21:46:22.546847,0 days 00:00:06.852748,1,2,,,,,,,,,,,,,,,,,,,,35,,,,,,,,,,,,,,,,,,,,COMPLETE
761,761,0.9541291040623261,2025-01-06 21:46:22.547294,2025-01-06 21:46:28.267276,0 days 00:00:05.719982,4,2,1.0,,,,,,,,,,,2.0,1.0,,,,,,,35,30.0,,,,,,,,,,,35.0,35.0,,,,,,,COMPLETE
762,762,0.954969095076047,2025-01-06 21:46:28.267797,2025-01-06 21:46:31.633883,0 days 00:00:03.366086,2,2,1.0,,,,,,,,,,,,,,,,,,,35,30.0,,,,,,,,,,,,,,,,,,,COMPLETE
763,763,0.9266593325999266,2025-01-06 21:46:31.634302,2025-01-06 21:46:37.700775,0 days 00:00:06.066473,3,2,7.0,,,,,,,,,,,1.0,,,,,,,,35,30.0,,,,,,,,,,,35.0,,,,,,,,COMPLETE
764,764,0.6864837308009224,2025-01-06 21:46:37.701262,2025-01-06 21:46:46.800165,0 days 00:00:09.098903,4,3,1.0,,,,,,,,,,,10.0,3.0,,,,,,,40,30.0,,,,,,,,,,,35.0,30.0,,,,,,,COMPLETE
765,765,0.9398770783103145,2025-01-06 21:46:46.800687,2025-01-06 21:46:51.218659,0 days 00:00:04.417972,3,2,1.0,,,,,,,,,,,2.0,,,,,,,,35,30.0,,,,,,,,,,,35.0,,,,,,,,COMPLETE
766,766,0.9457010290283137,2025-01-06 21:46:51.219255,2025-01-06 21:46:58.392631,0 days 00:00:07.173376,5,2,1.0,,,,,,,,,,,2.0,1.0,6.0,,,,,,30,30.0,,,,,,,,,,,35.0,35.0,60.0,,,,,,COMPLETE
767,767,0.9374189418607888,2025-01-06 21:46:58.393298,2025-01-06 21:47:01.329585,0 days 00:00:02.936287,2,2,1.0,,,,,,,,,,,,,,,,,,,40,30.0,,,,,,,,,,,,,,,,,,,COMPLETE
768,768,0.9379770135584089,2025-01-06 21:47:01.330026,2025-01-06 21:47:07.507963,0 days 00:00:06.177937,3,2,1.0,,,,,,,,,,,11.0,,,,,,,,60,30.0,,,,,,,,,,,40.0,,,,,,,,COMPLETE
769,769,0.9505382085944746,2025-01-06 21:47:07.508432,2025-01-06 21:47:12.332637,0 days 00:00:04.824205,2,2,6.0,,,,,,,,,,,,,,,,,,,35,30.0,,,,,,,,,,,,,,,,,,,COMPLETE
770,770,0.9490279065092855,2025-01-06 21:47:12.333160,2025-01-06 21:47:17.723932,0 days 00:00:05.390772,4,2,1.0,,,,,,,,,,,2.0,2.0,,,,,,,35,30.0,,,,,,,,,,,30.0,45.0,,,,,,,COMPLETE
771,771,0.951585436890498,2025-01-06 21:47:17.724451,2025-01-06 21:47:22.979799,0 days 00:00:05.255348,3,1,1.0,,,,,,,,,,,2.0,,,,,,,,60,15.0,,,,,,,,,,,35.0,,,,,,,,COMPLETE
772,772,0.9433677098150782,2025-01-06 21:47:22.980277,2025-01-06 21:47:27.083111,0 days 00:00:04.102834,2,3,1.0,,,,,,,,,,,,,,,,,,,35,30.0,,,,,,,,,,,,,,,,,,,COMPLETE
773,773,0.9465703327089465,2025-01-06 21:47:27.083534,2025-01-06 21:47:30.622190,0 days 00:00:03.538656,3,1,1.0,,,,,,,,,,,1.0,,,,,,,,60,30.0,,,,,,,,,,,35.0,,,,,,,,COMPLETE
774,774,0.9525421942683461,2025-01-06 21:47:30.622649,2025-01-06 21:47:34.345663,0 days 00:00:03.723014,2,2,1.0,,,,,,,,,,,,,,,,,,,40,30.0,,,,,,,,,,,,,,,,,,,COMPLETE
775,775,0.9401091794370418,2025-01-06 21:47:34.346098,2025-01-06 21:47:37.741497,0 days 00:00:03.395399,3,1,1.0,,,,,,,,,,,3.0,,,,,,,,35,20.0,,,,,,,,,,,40.0,,,,,,,,COMPLETE
776,776,0.4300347337448287,2025-01-06 21:47:37.741964,2025-01-06 21:48:04.453638,0 days 00:00:26.711674,8,1,1.0,,,,,,,,,,,2.0,4.0,4.0,15.0,13.0,8.0,,,40,30.0,,,,,,,,,,,30.0,25.0,25.0,10.0,50.0,40.0,,,COMPLETE
777,777,0.8923334566627071,2025-01-06 21:48:04.454381,2025-01-06 21:48:18.613161,0 days 00:00:14.158780,1,9,,,,,,,,,,,,,,,,,,,,35,,,,,,,,,,,,,,,,,,,,COMPLETE
778,778,0.7388121990369181,2025-01-06 21:48:18.613827,2025-01-06 21:48:28.294400,0 days 00:00:09.680573,4,5,1.0,,,,,,,,,,,3.0,5.0,,,,,,,30,30.0,,,,,,,,,,,35.0,50.0,,,,,,,COMPLETE
779,779,0.9497941650259532,2025-01-06 21:48:28.294946,2025-01-06 21:48:31.530751,0 days 00:00:03.235805,2,2,1.0,,,,,,,,,,,,,,,,,,,15,30.0,,,,,,,,,,,,,,,,,,,COMPLETE
780,780,0.9558728098637248,2025-01-06 21:48:31.531173,2025-01-06 21:48:35.479333,0 days 00:00:03.948160,3,1,1.0,,,,,,,,,,,3.0,,,,,,,,60,35.0,,,,,,,,,,,30.0,,,,,,,,COMPLETE
781,781,0.9485014308224262,2025-01-06 21:48:35.479781,2025-01-06 21:48:38.638801,0 days 00:00:03.159020,2,1,1.0,,,,,,,,,,,,,,,,,,,40,20.0,,,,,,,,,,,,,,,,,,,COMPLETE
782,782,0.9581991051454138,2025-01-06 21:48:38.639252,2025-01-06 21:48:42.422100,0 days 00:00:03.782848,3,1,1.0,,,,,,,,,,,4.0,,,,,,,,35,30.0,,,,,,,,,,,40.0,,,,,,,,COMPLETE
783,783,0.9424197723287595,2025-01-06 21:48:42.422545,2025-01-06 21:48:46.779172,0 days 00:00:04.356627,4,1,1.0,,,,,,,,,,,2.0,1.0,,,,,,,60,25.0,,,,,,,,,,,35.0,40.0,,,,,,,COMPLETE
784,784,0.9456951423785595,2025-01-06 21:48:46.779685,2025-01-06 21:48:50.082724,0 days 00:00:03.303039,2,2,1.0,,,,,,,,,,,,,,,,,,,35,30.0,,,,,,,,,,,,,,,,,,,COMPLETE
785,785,0.94566394907304,2025-01-06 21:48:50.083145,2025-01-06 21:48:53.647343,0 days 00:00:03.564198,3,1,2.0,,,,,,,,,,,4.0,,,,,,,,30,20.0,,,,,,,,,,,35.0,,,,,,,,COMPLETE
786,786,0.9348570465719461,2025-01-06 21:48:53.647788,2025-01-06 21:49:01.904334,0 days 00:00:08.256546,1,2,,,,,,,,,,,,,,,,,,,,60,,,,,,,,,,,,,,,,,,,,COMPLETE
787,787,0.775116604134481,2025-01-06 21:49:01.904782,2025-01-06 21:49:12.098763,0 days 00:00:10.193981,4,10,1.0,,,,,,,,,,,3.0,4.0,,,,,,,40,35.0,,,,,,,,,,,30.0,35.0,,,,,,,COMPLETE
788,788,0.9507035175879397,2025-01-06 21:49:12.099440,2025-01-06 21:49:16.997257,0 days 00:00:04.897817,3,1,2.0,,,,,,,,,,,3.0,,,,,,,,35,25.0,,,,,,,,,,,45.0,,,,,,,,COMPLETE
789,789,0.9415309991079392,2025-01-06 21:49:16.997887,2025-01-06 21:49:20.727836,0 days 00:00:03.729949,2,1,2.0,,,,,,,,,,,,,,,,,,,10,25.0,,,,,,,,,,,,,,,,,,,COMPLETE
790,790,0.9599906664333275,2025-01-06 21:49:20.728297,2025-01-06 21:49:24.868851,0 days 00:00:04.140554,3,1,1.0,,,,,,,,,,,1.0,,,,,,,,35,25.0,,,,,,,,,,,30.0,,,,,,,,COMPLETE
791,791,0.949815285573258,2025-01-06 21:49:24.869340,2025-01-06 21:49:28.058623,0 days 00:00:03.189283,3,1,1.0,,,,,,,,,,,1.0,,,,,,,,35,30.0,,,,,,,,,,,30.0,,,,,,,,COMPLETE
792,792,0.9441855950300913,2025-01-06 21:49:28.059095,2025-01-06 21:49:31.930022,0 days 00:00:03.870927,3,2,1.0,,,,,,,,,,,1.0,,,,,,,,35,15.0,,,,,,,,,,,30.0,,,,,,,,COMPLETE
793,793,0.9179296313442655,2025-01-06 21:49:31.930502,2025-01-06 21:49:37.678856,0 days 00:00:05.748354,1,1,,,,,,,,,,,,,,,,,,,,35,,,,,,,,,,,,,,,,,,,,COMPLETE
794,794,0.9558707709373266,2025-01-06 21:49:37.679293,2025-01-06 21:49:41.384094,0 days 00:00:03.704801,4,1,2.0,,,,,,,,,,,1.0,2.0,,,,,,,35,25.0,,,,,,,,,,,25.0,25.0,,,,,,,COMPLETE
795,795,0.9417705818512039,2025-01-06 21:49:41.384585,2025-01-06 21:49:44.594215,0 days 00:00:03.209630,3,1,1.0,,,,,,,,,,,1.0,,,,,,,,35,30.0,,,,,,,,,,,30.0,,,,,,,,COMPLETE
796,796,0.9357240266065514,2025-01-06 21:49:44.594668,2025-01-06 21:49:48.183522,0 days 00:00:03.588854,3,1,2.0,,,,,,,,,,,1.0,,,,,,,,35,25.0,,,,,,,,,,,25.0,,,,,,,,COMPLETE
797,797,0.9532542531606056,2025-01-06 21:49:48.183987,2025-01-06 21:49:51.072772,0 days 00:00:02.888785,2,1,1.0,,,,,,,,,,,,,,,,,,,30,35.0,,,,,,,,,,,,,,,,,,,COMPLETE
798,798,0.9582664437012263,2025-01-06 21:49:51.073209,2025-01-06 21:49:54.934228,0 days 00:00:03.861019,2,2,2.0,,,,,,,,,,,,,,,,,,,35,25.0,,,,,,,,,,,,,,,,,,,COMPLETE
799,799,0.9480707503759735,2025-01-06 21:49:54.934653,2025-01-06 21:49:59.405480,0 days 00:00:04.470827,4,1,2.0,,,,,,,,,,,1.0,3.0,,,,,,,35,30.0,,,,,,,,,,,30.0,45.0,,,,,,,COMPLETE
800,800,0.9533312591670741,2025-01-06 21:49:59.405967,2025-01-06 21:50:02.819046,0 days 00:00:03.413079,3,1,1.0,,,,,,,,,,,1.0,,,,,,,,35,25.0,,,,,,,,,,,5.0,,,,,,,,COMPLETE
801,801,0.9466642961909417,2025-01-06 21:50:02.819529,2025-01-06 21:50:06.489985,0 days 00:00:03.670456,2,2,1.0,,,,,,,,,,,,,,,,,,,35,25.0,,,,,,,,,,,,,,,,,,,COMPLETE
802,802,0.9583425930041335,2025-01-06 21:50:06.490435,2025-01-06 21:50:09.925160,0 days 00:00:03.434725,2,4,2.0,,,,,,,,,,,,,,,,,,,35,20.0,,,,,,,,,,,,,,,,,,,COMPLETE
803,803,0.6835016636556808,2025-01-06 21:50:09.925606,2025-01-06 21:50:20.506236,0 days 00:00:10.580630,6,1,1.0,,,,,,,,,,,2.0,7.0,5.0,1.0,,,,,60,25.0,,,,,,,,,,,30.0,30.0,40.0,15.0,,,,,COMPLETE
804,804,0.9425009985354813,2025-01-06 21:50:20.506850,2025-01-06 21:50:24.252577,0 days 00:00:03.745727,3,1,3.0,,,,,,,,,,,1.0,,,,,,,,35,30.0,,,,,,,,,,,25.0,,,,,,,,COMPLETE
805,805,0.6543938990866365,2025-01-06 21:50:24.253138,2025-01-06 21:50:38.672948,0 days 00:00:14.419810,5,1,2.0,,,,,,,,,,,2.0,2.0,15.0,,,,,,30,25.0,,,,,,,,,,,30.0,40.0,30.0,,,,,,COMPLETE
806,806,0.9165256210739154,2025-01-06 21:50:38.673698,2025-01-06 21:50:52.424571,0 days 00:00:13.750873,3,14,2.0,,,,,,,,,,,4.0,,,,,,,,60,35.0,,,,,,,,,,,30.0,,,,,,,,COMPLETE
807,807,0.6326128744901308,2025-01-06 21:50:52.425050,2025-01-06 21:51:01.462473,0 days 00:00:09.037423,4,2,1.0,,,,,,,,,,,10.0,6.0,,,,,,,35,20.0,,,,,,,,,,,15.0,45.0,,,,,,,COMPLETE
808,808,0.9440733814231008,2025-01-06 21:51:01.463038,2025-01-06 21:51:04.664418,0 days 00:00:03.201380,2,1,1.0,,,,,,,,,,,,,,,,,,,40,30.0,,,,,,,,,,,,,,,,,,,COMPLETE
809,809,0.8184087127514749,2025-01-06 21:51:04.664836,2025-01-06 21:51:12.459869,0 days 00:00:07.795033,3,3,9.0,,,,,,,,,,,2.0,,,,,,,,35,25.0,,,,,,,,,,,30.0,,,,,,,,COMPLETE
810,810,0.9516274342211647,2025-01-06 21:51:12.460386,2025-01-06 21:51:20.788814,0 days 00:00:08.328428,1,2,,,,,,,,,,,,,,,,,,,,60,,,,,,,,,,,,,,,,,,,,COMPLETE
811,811,0.8342379824431061,2025-01-06 21:51:20.789247,2025-01-06 21:51:26.598021,0 days 00:00:05.808774,4,1,2.0,,,,,,,,,,,4.0,3.0,,,,,,,40,25.0,,,,,,,,,,,30.0,20.0,,,,,,,COMPLETE
812,812,0.9493806548307822,2025-01-06 21:51:26.598543,2025-01-06 21:51:29.661326,0 days 00:00:03.062783,2,1,1.0,,,,,,,,,,,,,,,,,,,35,30.0,,,,,,,,,,,,,,,,,,,COMPLETE
813,813,0.9549243722773602,2025-01-06 21:51:29.661861,2025-01-06 21:51:33.760105,0 days 00:00:04.098244,3,1,1.0,,,,,,,,,,,2.0,,,,,,,,60,20.0,,,,,,,,,,,25.0,,,,,,,,COMPLETE
814,814,0.9557627024319661,2025-01-06 21:51:33.760699,2025-01-06 21:51:37.644614,0 days 00:00:03.883915,3,1,2.0,,,,,,,,,,,4.0,,,,,,,,35,25.0,,,,,,,,,,,20.0,,,,,,,,COMPLETE
815,815,0.7273106887624229,2025-01-06 21:51:37.645060,2025-01-06 21:51:46.451857,0 days 00:00:08.806797,3,1,3.0,,,,,,,,,,,13.0,,,,,,,,35,25.0,,,,,,,,,,,40.0,,,,,,,,COMPLETE
816,816,0.8788841545368755,2025-01-06 21:51:46.452360,2025-01-06 21:51:57.015779,0 days 00:00:10.563419,2,13,10.0,,,,,,,,,,,,,,,,,,,30,30.0,,,,,,,,,,,,,,,,,,,COMPLETE
817,817,0.945012503473187,2025-01-06 21:51:57.016233,2025-01-06 21:52:00.709714,0 days 00:00:03.693481,3,2,1.0,,,,,,,,,,,1.0,,,,,,,,60,30.0,,,,,,,,,,,10.0,,,,,,,,COMPLETE
818,818,0.9457874234835837,2025-01-06 21:52:00.710174,2025-01-06 21:52:05.640697,0 days 00:00:04.930523,3,3,2.0,,,,,,,,,,,2.0,,,,,,,,40,35.0,,,,,,,,,,,45.0,,,,,,,,COMPLETE
819,819,0.9413709023465668,2025-01-06 21:52:05.641178,2025-01-06 21:52:11.339225,0 days 00:00:05.698047,4,1,1.0,,,,,,,,,,,4.0,5.0,,,,,,,35,25.0,,,,,,,,,,,35.0,25.0,,,,,,,COMPLETE
820,820,0.9609316698083482,2025-01-06 21:52:11.339777,2025-01-06 21:52:14.372690,0 days 00:00:03.032913,2,1,2.0,,,,,,,,,,,,,,,,,,,40,20.0,,,,,,,,,,,,,,,,,,,COMPLETE
821,821,0.245338524767467,2025-01-06 21:52:14.373134,2025-01-06 21:52:29.717242,0 days 00:00:15.344108,14,2,3.0,14.0,11.0,5.0,3.0,,,,,,,3.0,1.0,13.0,3.0,2.0,7.0,1.0,9.0,40,20.0,35.0,45.0,45.0,55.0,,,,,,,15.0,50.0,50.0,25.0,45.0,15.0,5.0,20.0,COMPLETE
822,822,0.9413009494567917,2025-01-06 21:52:29.717957,2025-01-06 21:52:33.749259,0 days 00:00:04.031302,2,1,13.0,,,,,,,,,,,,,,,,,,,40,15.0,,,,,,,,,,,,,,,,,,,COMPLETE
823,823,0.9340937011391557,2025-01-06 21:52:33.749686,2025-01-06 21:52:39.470210,0 days 00:00:05.720524,1,1,,,,,,,,,,,,,,,,,,,,40,,,,,,,,,,,,,,,,,,,,COMPLETE
824,824,0.9515931235924993,2025-01-06 21:52:39.470662,2025-01-06 21:52:42.419409,0 days 00:00:02.948747,2,2,2.0,,,,,,,,,,,,,,,,,,,40,20.0,,,,,,,,,,,,,,,,,,,COMPLETE
825,825,0.9341511562323745,2025-01-06 21:52:42.419986,2025-01-06 21:52:48.430208,0 days 00:00:06.010222,1,1,,,,,,,,,,,,,,,,,,,,40,,,,,,,,,,,,,,,,,,,,COMPLETE
826,826,0.933687464623155,2025-01-06 21:52:48.430723,2025-01-06 21:52:54.017381,0 days 00:00:05.586658,1,1,,,,,,,,,,,,,,,,,,,,40,,,,,,,,,,,,,,,,,,,,COMPLETE
827,827,0.9524264010239858,2025-01-06 21:52:54.017818,2025-01-06 21:52:57.048161,0 days 00:00:03.030343,2,1,2.0,,,,,,,,,,,,,,,,,,,40,20.0,,,,,,,,,,,,,,,,,,,COMPLETE
828,828,0.9482295359778803,2025-01-06 21:52:57.048572,2025-01-06 21:52:59.924509,0 days 00:00:02.875937,2,1,2.0,,,,,,,,,,,,,,,,,,,40,20.0,,,,,,,,,,,,,,,,,,,COMPLETE
829,829,0.9150638376044824,2025-01-06 21:52:59.924931,2025-01-06 21:53:05.691224,0 days 00:00:05.766293,1,1,,,,,,,,,,,,,,,,,,,,40,,,,,,,,,,,,,,,,,,,,COMPLETE
830,830,0.9422070572942929,2025-01-06 21:53:05.691667,2025-01-06 21:53:09.949701,0 days 00:00:04.258034,2,2,3.0,,,,,,,,,,,,,,,,,,,60,20.0,,,,,,,,,,,,,,,,,,,COMPLETE
831,831,0.9490418653474635,2025-01-06 21:53:09.950125,2025-01-06 21:53:12.818062,0 days 00:00:02.867937,2,1,2.0,,,,,,,,,,,,,,,,,,,40,20.0,,,,,,,,,,,,,,,,,,,COMPLETE
832,832,0.9338823196980575,2025-01-06 21:53:12.818507,2025-01-06 21:53:18.548419,0 days 00:00:05.729912,1,1,,,,,,,,,,,,,,,,,,,,40,,,,,,,,,,,,,,,,,,,,COMPLETE
833,833,0.9491199073996783,2025-01-06 21:53:18.548847,2025-01-06 21:53:22.362129,0 days 00:00:03.813282,2,2,2.0,,,,,,,,,,,,,,,,,,,60,20.0,,,,,,,,,,,,,,,,,,,COMPLETE
834,834,0.9515104739054203,2025-01-06 21:53:22.362547,2025-01-06 21:53:25.515205,0 days 00:00:03.152658,2,1,2.0,,,,,,,,,,,,,,,,,,,60,20.0,,,,,,,,,,,,,,,,,,,COMPLETE
835,835,0.9541311207198785,2025-01-06 21:53:25.515632,2025-01-06 21:53:28.624716,0 days 00:00:03.109084,2,1,3.0,,,,,,,,,,,,,,,,,,,40,20.0,,,,,,,,,,,,,,,,,,,COMPLETE
836,836,0.9525371743603681,2025-01-06 21:53:28.625130,2025-01-06 21:53:32.348521,0 days 00:00:03.723391,3,1,2.0,,,,,,,,,,,1.0,,,,,,,,60,20.0,,,,,,,,,,,25.0,,,,,,,,COMPLETE
