,number,value,datetime_start,datetime_complete,duration,params_depth,params_grids_0,params_grids_1,params_grids_10,params_grids_11,params_grids_12,params_grids_13,params_grids_14,params_grids_15,params_grids_16,params_grids_17,params_grids_18,params_grids_19,params_grids_2,params_grids_3,params_grids_4,params_grids_5,params_grids_6,params_grids_7,params_grids_8,params_grids_9,params_neurons_layer_0,params_neurons_layer_1,params_neurons_layer_10,params_neurons_layer_11,params_neurons_layer_12,params_neurons_layer_13,params_neurons_layer_14,params_neurons_layer_15,params_neurons_layer_16,params_neurons_layer_17,params_neurons_layer_18,params_neurons_layer_19,params_neurons_layer_2,params_neurons_layer_3,params_neurons_layer_4,params_neurons_layer_5,params_neurons_layer_6,params_neurons_layer_7,params_neurons_layer_8,params_neurons_layer_9,state
493,493,0.8711949362591697,2025-01-04 04:25:39.548242,2025-01-04 04:27:48.970672,0 days 00:02:09.422430,2,7,10.0,,,,,,,,,,,,,,,,,,,40,10.0,,,,,,,,,,,,,,,,,,,COMPLETE
494,494,0.8884442130994425,2025-01-04 04:27:48.971418,2025-01-04 04:29:57.737441,0 days 00:02:08.766023,1,7,,,,,,,,,,,,,,,,,,,,45,,,,,,,,,,,,,,,,,,,,COMPLETE
495,495,0.5052663269768569,2025-01-04 04:29:57.738179,2025-01-04 04:35:39.880044,0 days 00:05:42.141865,3,7,14.0,,,,,,,,,,,15.0,,,,,,,,45,35.0,,,,,,,,,,,40.0,,,,,,,,COMPLETE
496,496,0.8774518592783405,2025-01-04 04:35:39.880827,2025-01-04 04:36:39.294579,0 days 00:00:59.413752,1,6,,,,,,,,,,,,,,,,,,,,25,,,,,,,,,,,,,,,,,,,,COMPLETE
497,497,0.8793486423425964,2025-01-04 04:36:39.295288,2025-01-04 04:38:50.072677,0 days 00:02:10.777389,2,7,1.0,,,,,,,,,,,,,,,,,,,45,5.0,,,,,,,,,,,,,,,,,,,COMPLETE
498,498,0.8949929133360965,2025-01-04 04:38:50.073423,2025-01-04 04:40:39.473619,0 days 00:01:49.400196,1,7,,,,,,,,,,,,,,,,,,,,40,,,,,,,,,,,,,,,,,,,,COMPLETE
499,499,0.7328081067022831,2025-01-04 04:40:39.474349,2025-01-04 04:42:46.931681,0 days 00:02:07.457332,1,7,,,,,,,,,,,,,,,,,,,,45,,,,,,,,,,,,,,,,,,,,COMPLETE
500,500,0.8638931465291595,2025-01-04 04:42:46.932429,2025-01-04 04:45:24.208234,0 days 00:02:37.275805,2,6,12.0,,,,,,,,,,,,,,,,,,,45,20.0,,,,,,,,,,,,,,,,,,,COMPLETE
501,501,0.866569955821948,2025-01-04 04:45:24.208983,2025-01-04 04:47:12.652525,0 days 00:01:48.443542,1,7,,,,,,,,,,,,,,,,,,,,40,,,,,,,,,,,,,,,,,,,,COMPLETE
502,502,0.8255544032504324,2025-01-04 04:47:12.653271,2025-01-04 04:49:32.319089,0 days 00:02:19.665818,1,8,,,,,,,,,,,,,,,,,,,,45,,,,,,,,,,,,,,,,,,,,COMPLETE
503,503,0.7930579118798381,2025-01-04 04:49:32.319825,2025-01-04 04:51:59.214034,0 days 00:02:26.894209,1,9,,,,,,,,,,,,,,,,,,,,45,,,,,,,,,,,,,,,,,,,,COMPLETE
504,504,0.9046989127658775,2025-01-04 04:51:59.214768,2025-01-04 04:54:03.544882,0 days 00:02:04.330114,1,8,,,,,,,,,,,,,,,,,,,,40,,,,,,,,,,,,,,,,,,,,COMPLETE
505,505,0.8669992923858227,2025-01-04 04:54:03.545632,2025-01-04 04:56:18.362555,0 days 00:02:14.816923,2,7,4.0,,,,,,,,,,,,,,,,,,,45,10.0,,,,,,,,,,,,,,,,,,,COMPLETE
506,506,0.8235760085940791,2025-01-04 04:56:18.363319,2025-01-04 04:57:52.460889,0 days 00:01:34.097570,1,6,,,,,,,,,,,,,,,,,,,,40,,,,,,,,,,,,,,,,,,,,COMPLETE
507,507,0.8717560743008372,2025-01-04 04:57:52.461610,2025-01-04 05:00:40.620366,0 days 00:02:48.158756,2,9,7.0,,,,,,,,,,,,,,,,,,,40,25.0,,,,,,,,,,,,,,,,,,,COMPLETE
508,508,0.5333366120043849,2025-01-04 05:00:40.621127,2025-01-04 05:02:00.824769,0 days 00:01:20.203642,1,8,,,,,,,,,,,,,,,,,,,,25,,,,,,,,,,,,,,,,,,,,COMPLETE
509,509,0.7182637452907163,2025-01-04 05:02:00.825520,2025-01-04 05:04:08.801958,0 days 00:02:07.976438,1,7,,,,,,,,,,,,,,,,,,,,45,,,,,,,,,,,,,,,,,,,,COMPLETE
510,510,0.8845661957787967,2025-01-04 05:04:08.802706,2025-01-04 05:06:09.408407,0 days 00:02:00.605701,2,9,10.0,,,,,,,,,,,,,,,,,,,20,50.0,,,,,,,,,,,,,,,,,,,COMPLETE
511,511,0.882564849155349,2025-01-04 05:06:09.409175,2025-01-04 05:07:43.197931,0 days 00:01:33.788756,1,5,,,,,,,,,,,,,,,,,,,,45,,,,,,,,,,,,,,,,,,,,COMPLETE
512,512,0.8760276843673754,2025-01-04 05:07:43.198676,2025-01-04 05:12:26.516879,0 days 00:04:43.318203,3,9,12.0,,,,,,,,,,,7.0,,,,,,,,50,30.0,,,,,,,,,,,30.0,,,,,,,,COMPLETE
513,513,0.911825234024717,2025-01-04 05:12:26.517664,2025-01-04 05:14:30.798799,0 days 00:02:04.281135,1,8,,,,,,,,,,,,,,,,,,,,40,,,,,,,,,,,,,,,,,,,,COMPLETE
514,514,0.7580417083828106,2025-01-04 05:14:30.799548,2025-01-04 05:17:26.037837,0 days 00:02:55.238289,1,10,,,,,,,,,,,,,,,,,,,,45,,,,,,,,,,,,,,,,,,,,COMPLETE
515,515,0.8683141292875687,2025-01-04 05:17:26.038588,2025-01-04 05:20:00.279285,0 days 00:02:34.240697,1,8,,,,,,,,,,,,,,,,,,,,50,,,,,,,,,,,,,,,,,,,,COMPLETE
516,516,0.8684760991029956,2025-01-04 05:20:00.280027,2025-01-04 05:25:21.307793,0 days 00:05:21.027766,2,11,13.0,,,,,,,,,,,,,,,,,,,45,45.0,,,,,,,,,,,,,,,,,,,COMPLETE
517,517,0.9116360439293587,2025-01-04 05:25:21.308563,2025-01-04 05:27:10.664058,0 days 00:01:49.355495,1,7,,,,,,,,,,,,,,,,,,,,40,,,,,,,,,,,,,,,,,,,,COMPLETE
518,518,0.9054391022482222,2025-01-04 05:27:10.664800,2025-01-04 05:28:59.812438,0 days 00:01:49.147638,1,7,,,,,,,,,,,,,,,,,,,,40,,,,,,,,,,,,,,,,,,,,COMPLETE
519,519,0.8836299514082953,2025-01-04 05:28:59.813156,2025-01-04 05:31:11.247959,0 days 00:02:11.434803,2,6,3.0,,,,,,,,,,,,,,,,,,,40,60.0,,,,,,,,,,,,,,,,,,,COMPLETE
520,520,0.8529571473378813,2025-01-04 05:31:11.248733,2025-01-04 05:32:59.963138,0 days 00:01:48.714405,1,7,,,,,,,,,,,,,,,,,,,,40,,,,,,,,,,,,,,,,,,,,COMPLETE
521,521,0.8797829280326833,2025-01-04 05:32:59.963869,2025-01-04 05:34:49.575757,0 days 00:01:49.611888,1,7,,,,,,,,,,,,,,,,,,,,40,,,,,,,,,,,,,,,,,,,,COMPLETE
522,522,0.8347358553531514,2025-01-04 05:34:49.576509,2025-01-04 05:36:20.506394,0 days 00:01:30.929885,1,6,,,,,,,,,,,,,,,,,,,,40,,,,,,,,,,,,,,,,,,,,COMPLETE
523,523,0.8802008463981035,2025-01-04 05:36:20.507116,2025-01-04 05:38:56.585379,0 days 00:02:36.078263,2,7,6.0,,,,,,,,,,,,,,,,,,,40,40.0,,,,,,,,,,,,,,,,,,,COMPLETE
524,524,0.8932848188458321,2025-01-04 05:38:56.586150,2025-01-04 05:40:47.552089,0 days 00:01:50.965939,1,7,,,,,,,,,,,,,,,,,,,,40,,,,,,,,,,,,,,,,,,,,COMPLETE
525,525,0.868967586909535,2025-01-04 05:40:47.552828,2025-01-04 05:44:09.266142,0 days 00:03:21.713314,2,9,9.0,,,,,,,,,,,,,,,,,,,45,20.0,,,,,,,,,,,,,,,,,,,COMPLETE
526,526,0.807212233214329,2025-01-04 05:44:09.266913,2025-01-04 05:46:42.515959,0 days 00:02:33.249046,1,10,,,,,,,,,,,,,,,,,,,,40,,,,,,,,,,,,,,,,,,,,COMPLETE
527,527,0.7053883990454486,2025-01-04 05:46:42.516715,2025-01-04 05:48:51.287536,0 days 00:02:08.770821,1,7,,,,,,,,,,,,,,,,,,,,45,,,,,,,,,,,,,,,,,,,,COMPLETE
528,528,0.8541148258176394,2025-01-04 05:48:51.288265,2025-01-04 05:50:53.614739,0 days 00:02:02.326474,1,7,,,,,,,,,,,,,,,,,,,,45,,,,,,,,,,,,,,,,,,,,COMPLETE
529,529,0.8725543316239197,2025-01-04 05:50:53.615495,2025-01-04 05:55:31.743826,0 days 00:04:38.128331,2,10,15.0,,,,,,,,,,,,,,,,,,,40,45.0,,,,,,,,,,,,,,,,,,,COMPLETE
530,530,0.7586627356914541,2025-01-04 05:55:31.744604,2025-01-04 05:58:12.156396,0 days 00:02:40.411792,1,9,,,,,,,,,,,,,,,,,,,,50,,,,,,,,,,,,,,,,,,,,COMPLETE
531,531,0.8948149414086051,2025-01-04 05:58:12.157156,2025-01-04 05:59:51.628190,0 days 00:01:39.471034,1,6,,,,,,,,,,,,,,,,,,,,45,,,,,,,,,,,,,,,,,,,,COMPLETE
532,532,0.8734429925128562,2025-01-04 05:59:51.628936,2025-01-04 06:02:21.597353,0 days 00:02:29.968417,2,7,6.0,,,,,,,,,,,,,,,,,,,40,35.0,,,,,,,,,,,,,,,,,,,COMPLETE
533,533,0.238712394332382,2025-01-04 06:02:21.598130,2025-01-04 06:05:40.280049,0 days 00:03:18.681919,11,10,11.0,6.0,,,,,,,,,,6.0,6.0,11.0,4.0,8.0,15.0,11.0,14.0,45,55.0,35.0,,,,,,,,,,5.0,35.0,60.0,50.0,60.0,45.0,20.0,55.0,COMPLETE
534,534,0.8831373658356498,2025-01-04 06:05:40.280984,2025-01-04 06:08:16.802384,0 days 00:02:36.521400,1,8,,,,,,,,,,,,,,,,,,,,50,,,,,,,,,,,,,,,,,,,,COMPLETE
535,535,0.870568465828517,2025-01-04 06:08:16.803150,2025-01-04 06:10:16.479005,0 days 00:01:59.675855,3,7,4.0,,,,,,,,,,,9.0,,,,,,,,40,10.0,,,,,,,,,,,10.0,,,,,,,,COMPLETE
536,536,0.8720337604800493,2025-01-04 06:10:16.479790,2025-01-04 06:12:07.513702,0 days 00:01:51.033912,2,9,8.0,,,,,,,,,,,,,,,,,,,30,5.0,,,,,,,,,,,,,,,,,,,COMPLETE
537,537,0.9008808139208193,2025-01-04 06:12:07.514481,2025-01-04 06:14:16.132620,0 days 00:02:08.618139,1,7,,,,,,,,,,,,,,,,,,,,45,,,,,,,,,,,,,,,,,,,,COMPLETE
538,538,0.9112492344676165,2025-01-04 06:14:16.133380,2025-01-04 06:16:37.166804,0 days 00:02:21.033424,1,9,,,,,,,,,,,,,,,,,,,,40,,,,,,,,,,,,,,,,,,,,COMPLETE
539,539,0.9013967917636249,2025-01-04 06:16:37.167559,2025-01-04 06:18:55.246582,0 days 00:02:18.079023,1,9,,,,,,,,,,,,,,,,,,,,40,,,,,,,,,,,,,,,,,,,,COMPLETE
540,540,0.8680708622438017,2025-01-04 06:18:55.247333,2025-01-04 06:21:11.195328,0 days 00:02:15.947995,1,9,,,,,,,,,,,,,,,,,,,,40,,,,,,,,,,,,,,,,,,,,COMPLETE
541,541,0.18505081537834972,2025-01-04 06:21:11.196095,2025-01-04 06:24:13.397670,0 days 00:03:02.201575,9,9,7.0,,,,,,,,,,,5.0,12.0,14.0,1.0,10.0,6.0,4.0,,40,25.0,,,,,,,,,,,45.0,55.0,5.0,25.0,40.0,25.0,5.0,,COMPLETE
542,542,0.8920429987473474,2025-01-04 06:24:13.398585,2025-01-04 06:25:31.048184,0 days 00:01:17.649599,2,9,1.0,,,,,,,,,,,,,,,,,,,20,35.0,,,,,,,,,,,,,,,,,,,COMPLETE
543,543,0.8557884023604243,2025-01-04 06:25:31.048943,2025-01-04 06:28:05.556324,0 days 00:02:34.507381,1,10,,,,,,,,,,,,,,,,,,,,40,,,,,,,,,,,,,,,,,,,,COMPLETE
544,544,0.9051649523901796,2025-01-04 06:28:05.557087,2025-01-04 06:29:10.538445,0 days 00:01:04.981358,1,4,,,,,,,,,,,,,,,,,,,,40,,,,,,,,,,,,,,,,,,,,COMPLETE
545,545,0.863853468729658,2025-01-04 06:29:10.539154,2025-01-04 06:31:27.615923,0 days 00:02:17.076769,2,9,3.0,,,,,,,,,,,,,,,,,,,35,15.0,,,,,,,,,,,,,,,,,,,COMPLETE
546,546,0.8506967383410236,2025-01-04 06:31:27.616702,2025-01-04 06:33:30.535988,0 days 00:02:02.919286,1,8,,,,,,,,,,,,,,,,,,,,40,,,,,,,,,,,,,,,,,,,,COMPLETE
547,547,0.8688376068744583,2025-01-04 06:33:30.536722,2025-01-04 06:36:46.916466,0 days 00:03:16.379744,2,9,5.0,,,,,,,,,,,,,,,,,,,40,60.0,,,,,,,,,,,,,,,,,,,COMPLETE
548,548,0.9100760794765486,2025-01-04 06:36:46.917247,2025-01-04 06:39:43.597814,0 days 00:02:56.680567,1,10,,,,,,,,,,,,,,,,,,,,45,,,,,,,,,,,,,,,,,,,,COMPLETE
549,549,0.8023430118555323,2025-01-04 06:39:43.598577,2025-01-04 06:42:35.466147,0 days 00:02:51.867570,1,10,,,,,,,,,,,,,,,,,,,,45,,,,,,,,,,,,,,,,,,,,COMPLETE
550,550,0.8975437604685976,2025-01-04 06:42:35.466914,2025-01-04 06:44:12.188171,0 days 00:01:36.721257,1,10,,,,,,,,,,,,,,,,,,,,25,,,,,,,,,,,,,,,,,,,,COMPLETE
551,551,0.9024878022914039,2025-01-04 06:44:12.188928,2025-01-04 06:46:32.009596,0 days 00:02:19.820668,1,10,,,,,,,,,,,,,,,,,,,,35,,,,,,,,,,,,,,,,,,,,COMPLETE
552,552,0.863255262124391,2025-01-04 06:46:32.010362,2025-01-04 06:49:56.186584,0 days 00:03:24.176222,2,10,14.0,,,,,,,,,,,,,,,,,,,40,20.0,,,,,,,,,,,,,,,,,,,COMPLETE
553,553,0.8166479060127935,2025-01-04 06:49:56.187384,2025-01-04 06:53:01.757979,0 days 00:03:05.570595,1,11,,,,,,,,,,,,,,,,,,,,45,,,,,,,,,,,,,,,,,,,,COMPLETE
554,554,0.25991040600466137,2025-01-04 06:53:01.758751,2025-01-04 06:53:33.002331,0 days 00:00:31.243580,13,6,10.0,8.0,13.0,6.0,,,,,,,,4.0,8.0,10.0,9.0,11.0,4.0,1.0,12.0,40,30.0,10.0,10.0,20.0,,,,,,,,35.0,10.0,10.0,30.0,15.0,10.0,30.0,5.0,COMPLETE
555,555,0.8694517675190858,2025-01-04 06:53:33.002945,2025-01-04 06:58:47.309299,0 days 00:05:14.306354,2,10,13.0,,,,,,,,,,,,,,,,,,,45,50.0,,,,,,,,,,,,,,,,,,,COMPLETE
556,556,0.5561518605192745,2025-01-04 06:58:47.310091,2025-01-04 07:00:53.781856,0 days 00:02:06.471765,1,9,,,,,,,,,,,,,,,,,,,,40,,,,,,,,,,,,,,,,,,,,COMPLETE
557,557,0.7330793910778667,2025-01-04 07:00:53.782611,2025-01-04 07:03:45.469088,0 days 00:02:51.686477,1,10,,,,,,,,,,,,,,,,,,,,45,,,,,,,,,,,,,,,,,,,,COMPLETE
558,558,0.8407020762067954,2025-01-04 07:03:45.469841,2025-01-04 07:04:45.329675,0 days 00:00:59.859834,1,6,,,,,,,,,,,,,,,,,,,,25,,,,,,,,,,,,,,,,,,,,COMPLETE
559,559,0.0,2025-01-04 07:04:45.330387,2025-01-04 07:37:52.746335,0 days 00:33:07.415948,20,11,2.0,11.0,8.0,10.0,9.0,6.0,13.0,11.0,5.0,8.0,10.0,14.0,10.0,3.0,13.0,12.0,12.0,9.0,2.0,40,55.0,55.0,25.0,35.0,30.0,25.0,50.0,50.0,45.0,40.0,50.0,50.0,25.0,55.0,40.0,30.0,60.0,50.0,45.0,COMPLETE
560,560,0.45781799899446957,2025-01-04 07:37:52.747464,2025-01-04 07:40:28.934744,0 days 00:02:36.187280,1,9,,,,,,,,,,,,,,,,,,,,45,,,,,,,,,,,,,,,,,,,,COMPLETE
561,561,0.8858046707189338,2025-01-04 07:40:28.935532,2025-01-04 07:42:03.678466,0 days 00:01:34.742934,2,7,14.0,,,,,,,,,,,,,,,,,,,15,45.0,,,,,,,,,,,,,,,,,,,COMPLETE
562,562,0.8702573141393071,2025-01-04 07:42:03.679253,2025-01-04 07:45:09.872033,0 days 00:03:06.192780,2,10,5.0,,,,,,,,,,,,,,,,,,,45,10.0,,,,,,,,,,,,,,,,,,,COMPLETE
563,563,0.9104542212054532,2025-01-04 07:45:09.872823,2025-01-04 07:46:37.812775,0 days 00:01:27.939952,1,6,,,,,,,,,,,,,,,,,,,,40,,,,,,,,,,,,,,,,,,,,COMPLETE
564,564,0.8111572860452658,2025-01-04 07:46:37.813540,2025-01-04 07:47:59.456107,0 days 00:01:21.642567,1,6,,,,,,,,,,,,,,,,,,,,40,,,,,,,,,,,,,,,,,,,,COMPLETE
565,565,0.8272765410824663,2025-01-04 07:47:59.456865,2025-01-04 07:49:21.171098,0 days 00:01:21.714233,1,6,,,,,,,,,,,,,,,,,,,,40,,,,,,,,,,,,,,,,,,,,COMPLETE
566,566,0.87820133750686,2025-01-04 07:49:21.171869,2025-01-04 07:51:23.287880,0 days 00:02:02.116011,2,6,9.0,,,,,,,,,,,,,,,,,,,40,15.0,,,,,,,,,,,,,,,,,,,COMPLETE
567,567,0.8606025696281775,2025-01-04 07:51:23.288670,2025-01-04 07:52:56.837981,0 days 00:01:33.549311,1,6,,,,,,,,,,,,,,,,,,,,40,,,,,,,,,,,,,,,,,,,,COMPLETE
568,568,0.84591936110049,2025-01-04 07:52:56.838721,2025-01-04 07:54:17.723936,0 days 00:01:20.885215,1,5,,,,,,,,,,,,,,,,,,,,40,,,,,,,,,,,,,,,,,,,,COMPLETE
569,569,0.8689542007193208,2025-01-04 07:54:17.724718,2025-01-04 07:57:00.043259,0 days 00:02:42.318541,2,6,11.0,,,,,,,,,,,,,,,,,,,35,40.0,,,,,,,,,,,,,,,,,,,COMPLETE
570,570,0.901664647876093,2025-01-04 07:57:00.044054,2025-01-04 07:58:49.315523,0 days 00:01:49.271469,1,7,,,,,,,,,,,,,,,,,,,,40,,,,,,,,,,,,,,,,,,,,COMPLETE
571,571,0.8345558614127605,2025-01-04 07:58:49.316302,2025-01-04 08:00:23.929812,0 days 00:01:34.613510,1,6,,,,,,,,,,,,,,,,,,,,40,,,,,,,,,,,,,,,,,,,,COMPLETE
572,572,0.8732668144863267,2025-01-04 08:00:23.930592,2025-01-04 08:02:53.346316,0 days 00:02:29.415724,2,7,8.0,,,,,,,,,,,,,,,,,,,35,35.0,,,,,,,,,,,,,,,,,,,COMPLETE
573,573,0.9003617489395468,2025-01-04 08:02:53.347095,2025-01-04 08:04:14.047717,0 days 00:01:20.700622,1,5,,,,,,,,,,,,,,,,,,,,40,,,,,,,,,,,,,,,,,,,,COMPLETE
574,574,0.8246261638592786,2025-01-04 08:04:14.048493,2025-01-04 08:05:41.407473,0 days 00:01:27.358980,1,6,,,,,,,,,,,,,,,,,,,,40,,,,,,,,,,,,,,,,,,,,COMPLETE
575,575,0.8798970509632591,2025-01-04 08:05:41.408243,2025-01-04 08:08:42.927436,0 days 00:03:01.519193,2,8,4.0,,,,,,,,,,,,,,,,,,,45,50.0,,,,,,,,,,,,,,,,,,,COMPLETE
576,576,0.9084985991487957,2025-01-04 08:08:42.928228,2025-01-04 08:10:47.856496,0 days 00:02:04.928268,1,8,,,,,,,,,,,,,,,,,,,,40,,,,,,,,,,,,,,,,,,,,COMPLETE
577,577,0.8354372759014119,2025-01-04 08:10:47.857275,2025-01-04 08:12:57.071605,0 days 00:02:09.214330,1,7,,,,,,,,,,,,,,,,,,,,45,,,,,,,,,,,,,,,,,,,,COMPLETE
578,578,0.7433074062187317,2025-01-04 08:12:57.072385,2025-01-04 08:14:11.216505,0 days 00:01:14.144120,1,5,,,,,,,,,,,,,,,,,,,,35,,,,,,,,,,,,,,,,,,,,COMPLETE
579,579,0.8742080535664898,2025-01-04 08:14:11.217281,2025-01-04 08:17:42.974325,0 days 00:03:31.757044,2,8,12.0,,,,,,,,,,,,,,,,,,,45,30.0,,,,,,,,,,,,,,,,,,,COMPLETE
580,580,0.5051816869998689,2025-01-04 08:17:42.975126,2025-01-04 08:19:32.513840,0 days 00:01:49.538714,1,7,,,,,,,,,,,,,,,,,,,,40,,,,,,,,,,,,,,,,,,,,COMPLETE
581,581,0.828832313319276,2025-01-04 08:19:32.514616,2025-01-04 08:21:36.482056,0 days 00:02:03.967440,1,8,,,,,,,,,,,,,,,,,,,,40,,,,,,,,,,,,,,,,,,,,COMPLETE
582,582,0.863273878770997,2025-01-04 08:21:36.482828,2025-01-04 08:24:08.698360,0 days 00:02:32.215532,2,8,15.0,,,,,,,,,,,,,,,,,,,45,5.0,,,,,,,,,,,,,,,,,,,COMPLETE
583,583,0.8643894560542188,2025-01-04 08:24:08.699153,2025-01-04 08:25:42.644625,0 days 00:01:33.945472,1,6,,,,,,,,,,,,,,,,,,,,40,,,,,,,,,,,,,,,,,,,,COMPLETE
584,584,0.8249079776963988,2025-01-04 08:25:42.645410,2025-01-04 08:27:51.894723,0 days 00:02:09.249313,1,7,,,,,,,,,,,,,,,,,,,,45,,,,,,,,,,,,,,,,,,,,COMPLETE
585,585,0.8781227838654224,2025-01-04 08:27:51.895501,2025-01-04 08:30:34.354874,0 days 00:02:42.459373,2,9,5.0,,,,,,,,,,,,,,,,,,,40,25.0,,,,,,,,,,,,,,,,,,,COMPLETE
586,586,0.9104346452043552,2025-01-04 08:30:34.355666,2025-01-04 08:32:07.741093,0 days 00:01:33.385427,1,9,,,,,,,,,,,,,,,,,,,,25,,,,,,,,,,,,,,,,,,,,COMPLETE
587,587,0.6518225424290064,2025-01-04 08:32:07.741869,2025-01-04 08:33:33.127832,0 days 00:01:25.385963,1,9,,,,,,,,,,,,,,,,,,,,25,,,,,,,,,,,,,,,,,,,,COMPLETE
588,588,0.4417989325779818,2025-01-04 08:33:33.128582,2025-01-04 08:35:15.473470,0 days 00:01:42.344888,1,9,,,,,,,,,,,,,,,,,,,,30,,,,,,,,,,,,,,,,,,,,COMPLETE
589,589,0.7820456230934627,2025-01-04 08:35:15.474224,2025-01-04 08:37:59.053206,0 days 00:02:43.578982,1,9,,,,,,,,,,,,,,,,,,,,45,,,,,,,,,,,,,,,,,,,,COMPLETE
590,590,0.7423024545786694,2025-01-04 08:37:59.053965,2025-01-04 08:43:55.004258,0 days 00:05:55.950293,3,9,10.0,,,,,,,,,,,13.0,,,,,,,,45,55.0,,,,,,,,,,,20.0,,,,,,,,COMPLETE
591,591,0.8751203293628689,2025-01-04 08:43:55.005088,2025-01-04 08:46:32.861670,0 days 00:02:37.856582,2,9,2.0,,,,,,,,,,,,,,,,,,,40,45.0,,,,,,,,,,,,,,,,,,,COMPLETE
592,592,0.9107574322373453,2025-01-04 08:46:32.862482,2025-01-04 08:48:51.345953,0 days 00:02:18.483471,1,8,,,,,,,,,,,,,,,,,,,,45,,,,,,,,,,,,,,,,,,,,COMPLETE
593,593,0.8858744786841334,2025-01-04 08:48:51.346728,2025-01-04 08:51:10.422312,0 days 00:02:19.075584,1,8,,,,,,,,,,,,,,,,,,,,45,,,,,,,,,,,,,,,,,,,,COMPLETE
594,594,0.8736153299064954,2025-01-04 08:51:10.423095,2025-01-04 08:54:10.727112,0 days 00:03:00.304017,2,8,7.0,,,,,,,,,,,,,,,,,,,35,60.0,,,,,,,,,,,,,,,,,,,COMPLETE
595,595,0.9082089200939976,2025-01-04 08:54:10.727912,2025-01-04 08:56:29.381992,0 days 00:02:18.654080,1,8,,,,,,,,,,,,,,,,,,,,45,,,,,,,,,,,,,,,,,,,,COMPLETE
596,596,0.8820433032355208,2025-01-04 08:56:29.382777,2025-01-04 08:58:48.769187,0 days 00:02:19.386410,1,8,,,,,,,,,,,,,,,,,,,,45,,,,,,,,,,,,,,,,,,,,COMPLETE
597,597,0.17879838278859694,2025-01-04 08:58:48.769957,2025-01-04 09:04:09.212861,0 days 00:05:20.442904,8,8,11.0,,,,,,,,,,,2.0,2.0,9.0,15.0,5.0,7.0,,,45,15.0,,,,,,,,,,,30.0,15.0,50.0,20.0,20.0,30.0,,,COMPLETE
598,598,0.8840936934663153,2025-01-04 09:04:09.213790,2025-01-04 09:06:22.383830,0 days 00:02:13.170040,2,8,1.0,,,,,,,,,,,,,,,,,,,40,40.0,,,,,,,,,,,,,,,,,,,COMPLETE
599,599,0.5908628010192282,2025-01-04 09:06:22.384642,2025-01-04 09:08:30.272567,0 days 00:02:07.887925,1,7,,,,,,,,,,,,,,,,,,,,45,,,,,,,,,,,,,,,,,,,,COMPLETE
600,600,0.2534591920065331,2025-01-04 09:08:30.273362,2025-01-04 09:13:44.449510,0 days 00:05:14.176148,15,8,9.0,1.0,6.0,13.0,5.0,8.0,,,,,,1.0,4.0,2.0,14.0,7.0,13.0,14.0,7.0,25,30.0,15.0,55.0,10.0,50.0,55.0,,,,,,55.0,45.0,45.0,15.0,35.0,40.0,20.0,35.0,COMPLETE
601,601,0.900689596842181,2025-01-04 09:13:44.450566,2025-01-04 09:15:33.197468,0 days 00:01:48.746902,1,8,,,,,,,,,,,,,,,,,,,,35,,,,,,,,,,,,,,,,,,,,COMPLETE
602,602,0.897121058698759,2025-01-04 09:15:33.198269,2025-01-04 09:17:23.715183,0 days 00:01:50.516914,1,7,,,,,,,,,,,,,,,,,,,,40,,,,,,,,,,,,,,,,,,,,COMPLETE
603,603,0.8717755538499535,2025-01-04 09:17:23.715944,2025-01-04 09:19:31.141881,0 days 00:02:07.425937,2,8,12.0,,,,,,,,,,,,,,,,,,,30,20.0,,,,,,,,,,,,,,,,,,,COMPLETE
604,604,0.871502321571171,2025-01-04 09:19:31.142700,2025-01-04 09:21:37.038232,0 days 00:02:05.895532,1,7,,,,,,,,,,,,,,,,,,,,45,,,,,,,,,,,,,,,,,,,,COMPLETE
605,605,0.8729986151142787,2025-01-04 09:21:37.039028,2025-01-04 09:23:36.883513,0 days 00:01:59.844485,1,8,,,,,,,,,,,,,,,,,,,,40,,,,,,,,,,,,,,,,,,,,COMPLETE
606,606,0.8702438853089389,2025-01-04 09:23:36.884278,2025-01-04 09:25:58.383723,0 days 00:02:21.499445,2,7,6.0,,,,,,,,,,,,,,,,,,,45,10.0,,,,,,,,,,,,,,,,,,,COMPLETE
607,607,0.9102460150585672,2025-01-04 09:25:58.384534,2025-01-04 09:28:09.145535,0 days 00:02:10.761001,1,9,,,,,,,,,,,,,,,,,,,,40,,,,,,,,,,,,,,,,,,,,COMPLETE
608,608,0.025340863884209034,2025-01-04 09:28:09.146332,2025-01-04 09:30:54.409188,0 days 00:02:45.262856,7,9,13.0,,,,,,,,,,,11.0,13.0,8.0,5.0,1.0,,,,40,5.0,,,,,,,,,,,10.0,5.0,15.0,10.0,50.0,,,,COMPLETE
609,609,0.5555425322462408,2025-01-04 09:30:54.410093,2025-01-04 09:32:02.107271,0 days 00:01:07.697178,1,9,,,,,,,,,,,,,,,,,,,,20,,,,,,,,,,,,,,,,,,,,COMPLETE
610,610,0.6855764533322555,2025-01-04 09:32:02.108078,2025-01-04 09:34:20.372983,0 days 00:02:18.264905,1,9,,,,,,,,,,,,,,,,,,,,40,,,,,,,,,,,,,,,,,,,,COMPLETE
611,611,0.5362129828694213,2025-01-04 09:34:20.373766,2025-01-04 09:36:35.500958,0 days 00:02:15.127192,1,9,,,,,,,,,,,,,,,,,,,,40,,,,,,,,,,,,,,,,,,,,COMPLETE
612,612,0.8678546029251449,2025-01-04 09:36:35.501762,2025-01-04 09:39:31.399557,0 days 00:02:55.897795,2,9,14.0,,,,,,,,,,,,,,,,,,,40,15.0,,,,,,,,,,,,,,,,,,,COMPLETE
613,613,0.7087044192610723,2025-01-04 09:39:31.400376,2025-01-04 09:41:37.719372,0 days 00:02:06.318996,1,9,,,,,,,,,,,,,,,,,,,,35,,,,,,,,,,,,,,,,,,,,COMPLETE
614,614,0.5774476645432303,2025-01-04 09:41:37.720172,2025-01-04 09:44:08.350889,0 days 00:02:30.630717,1,10,,,,,,,,,,,,,,,,,,,,40,,,,,,,,,,,,,,,,,,,,COMPLETE
615,615,0.8730103082496466,2025-01-04 09:44:08.351693,2025-01-04 09:46:42.352703,0 days 00:02:34.001010,2,9,3.0,,,,,,,,,,,,,,,,,,,40,25.0,,,,,,,,,,,,,,,,,,,COMPLETE
616,616,0.8688463725237832,2025-01-04 09:46:42.353504,2025-01-04 09:50:29.349555,0 days 00:03:46.996051,2,11,8.0,,,,,,,,,,,,,,,,,,,40,40.0,,,,,,,,,,,,,,,,,,,COMPLETE
617,617,0.8739238273854597,2025-01-04 09:50:29.350373,2025-01-04 09:54:49.709066,0 days 00:04:20.358693,3,7,9.0,,,,,,,,,,,7.0,,,,,,,,40,50.0,,,,,,,,,,,40.0,,,,,,,,COMPLETE
618,618,0.710453976760496,2025-01-04 09:54:49.709894,2025-01-04 09:57:32.130960,0 days 00:02:42.421066,1,9,,,,,,,,,,,,,,,,,,,,45,,,,,,,,,,,,,,,,,,,,COMPLETE
619,619,0.8350055108291659,2025-01-04 09:57:32.131774,2025-01-04 10:00:02.300789,0 days 00:02:30.169015,1,10,,,,,,,,,,,,,,,,,,,,40,,,,,,,,,,,,,,,,,,,,COMPLETE
620,620,0.676684266780053,2025-01-04 10:00:02.301602,2025-01-04 10:02:05.238934,0 days 00:02:02.937332,1,9,,,,,,,,,,,,,,,,,,,,35,,,,,,,,,,,,,,,,,,,,COMPLETE
