,number,value,datetime_start,datetime_complete,duration,params_depth,params_grids_0,params_grids_1,params_grids_10,params_grids_11,params_grids_12,params_grids_13,params_grids_14,params_grids_15,params_grids_16,params_grids_17,params_grids_18,params_grids_19,params_grids_2,params_grids_3,params_grids_4,params_grids_5,params_grids_6,params_grids_7,params_grids_8,params_grids_9,params_neurons_layer_0,params_neurons_layer_1,params_neurons_layer_10,params_neurons_layer_11,params_neurons_layer_12,params_neurons_layer_13,params_neurons_layer_14,params_neurons_layer_15,params_neurons_layer_16,params_neurons_layer_17,params_neurons_layer_18,params_neurons_layer_19,params_neurons_layer_2,params_neurons_layer_3,params_neurons_layer_4,params_neurons_layer_5,params_neurons_layer_6,params_neurons_layer_7,params_neurons_layer_8,params_neurons_layer_9,state
724,724,0.2571428571428571,2025-01-05 15:43:16.905689,2025-01-05 15:43:26.498592,0 days 00:00:09.592903,18,1,1.0,11.0,7.0,14.0,8.0,7.0,10.0,3.0,4.0,,,3.0,8.0,14.0,9.0,1.0,4.0,15.0,12.0,40,40.0,60.0,45.0,45.0,25.0,35.0,45.0,45.0,60.0,,,10.0,45.0,55.0,50.0,45.0,30.0,45.0,35.0,COMPLETE
725,725,0.8,2025-01-05 15:43:26.499366,2025-01-05 15:43:29.861619,0 days 00:00:03.362253,2,1,2.0,,,,,,,,,,,,,,,,,,,55,55.0,,,,,,,,,,,,,,,,,,,COMPLETE
726,726,0.561711079943899,2025-01-05 15:43:29.862030,2025-01-05 15:43:34.094667,0 days 00:00:04.232637,3,8,4.0,,,,,,,,,,,5.0,,,,,,,,35,60.0,,,,,,,,,,,15.0,,,,,,,,COMPLETE
727,727,0.7954881050041018,2025-01-05 15:43:34.095110,2025-01-05 15:43:37.520992,0 days 00:00:03.425882,2,3,3.0,,,,,,,,,,,,,,,,,,,50,40.0,,,,,,,,,,,,,,,,,,,COMPLETE
728,728,0.7633253012048193,2025-01-05 15:43:37.521396,2025-01-05 15:43:39.821973,0 days 00:00:02.300577,1,2,,,,,,,,,,,,,,,,,,,,35,,,,,,,,,,,,,,,,,,,,COMPLETE
729,729,0.7924007469351304,2025-01-05 15:43:39.822358,2025-01-05 15:43:44.746850,0 days 00:00:04.924492,4,1,1.0,,,,,,,,,,,2.0,2.0,,,,,,,55,30.0,,,,,,,,,,,25.0,50.0,,,,,,,COMPLETE
730,730,0.771286013198133,2025-01-05 15:43:44.747321,2025-01-05 15:43:49.198466,0 days 00:00:04.451145,3,2,2.0,,,,,,,,,,,4.0,,,,,,,,30,45.0,,,,,,,,,,,5.0,,,,,,,,COMPLETE
731,731,0.7963963963963965,2025-01-05 15:43:49.198889,2025-01-05 15:43:52.578506,0 days 00:00:03.379617,2,1,1.0,,,,,,,,,,,,,,,,,,,40,55.0,,,,,,,,,,,,,,,,,,,COMPLETE
732,732,0.8392857142857143,2025-01-05 15:43:52.578907,2025-01-05 15:43:56.684348,0 days 00:00:04.105441,3,1,3.0,,,,,,,,,,,1.0,,,,,,,,50,45.0,,,,,,,,,,,15.0,,,,,,,,COMPLETE
733,733,0.45940537449971414,2025-01-05 15:43:56.684771,2025-01-05 15:44:04.338985,0 days 00:00:07.654214,6,2,4.0,,,,,,,,,,,5.0,3.0,4.0,11.0,,,,,45,60.0,,,,,,,,,,,20.0,20.0,20.0,35.0,,,,,COMPLETE
734,734,0.2932131495227996,2025-01-05 15:44:04.339537,2025-01-05 15:44:14.472141,0 days 00:00:10.132604,11,3,9.0,4.0,,,,,,,,,,12.0,10.0,9.0,12.0,5.0,7.0,2.0,14.0,55,50.0,50.0,,,,,,,,,,10.0,30.0,55.0,45.0,40.0,15.0,5.0,50.0,COMPLETE
735,735,0.8070796460176992,2025-01-05 15:44:14.472753,2025-01-05 15:44:17.834241,0 days 00:00:03.361488,2,1,1.0,,,,,,,,,,,,,,,,,,,35,40.0,,,,,,,,,,,,,,,,,,,COMPLETE
736,736,0.7691915067374439,2025-01-05 15:44:17.834649,2025-01-05 15:44:19.947143,0 days 00:00:02.112494,1,2,,,,,,,,,,,,,,,,,,,,35,,,,,,,,,,,,,,,,,,,,COMPLETE
737,737,0.7981481481481482,2025-01-05 15:44:19.947516,2025-01-05 15:44:23.761042,0 days 00:00:03.813526,2,10,2.0,,,,,,,,,,,,,,,,,,,35,35.0,,,,,,,,,,,,,,,,,,,COMPLETE
738,738,0.8107142857142857,2025-01-05 15:44:23.761437,2025-01-05 15:44:27.903640,0 days 00:00:04.142203,3,1,3.0,,,,,,,,,,,2.0,,,,,,,,55,40.0,,,,,,,,,,,25.0,,,,,,,,COMPLETE
739,739,0.8341110217216412,2025-01-05 15:44:27.904075,2025-01-05 15:44:31.262633,0 days 00:00:03.358558,2,1,3.0,,,,,,,,,,,,,,,,,,,35,60.0,,,,,,,,,,,,,,,,,,,COMPLETE
740,740,0.8090751301760477,2025-01-05 15:44:31.263038,2025-01-05 15:44:35.230480,0 days 00:00:03.967442,2,11,2.0,,,,,,,,,,,,,,,,,,,40,35.0,,,,,,,,,,,,,,,,,,,COMPLETE
741,741,0.8213716108452951,2025-01-05 15:44:35.230869,2025-01-05 15:44:39.380164,0 days 00:00:04.149295,3,2,1.0,,,,,,,,,,,3.0,,,,,,,,55,40.0,,,,,,,,,,,15.0,,,,,,,,COMPLETE
742,742,0.8467643467643468,2025-01-05 15:44:39.380596,2025-01-05 15:44:41.674894,0 days 00:00:02.294298,1,1,,,,,,,,,,,,,,,,,,,,40,,,,,,,,,,,,,,,,,,,,COMPLETE
743,743,0.7800579430226944,2025-01-05 15:44:41.675273,2025-01-05 15:44:46.894526,0 days 00:00:05.219253,4,1,4.0,,,,,,,,,,,1.0,1.0,,,,,,,35,45.0,,,,,,,,,,,10.0,10.0,,,,,,,COMPLETE
744,744,0.8251287001287001,2025-01-05 15:44:46.895189,2025-01-05 15:44:50.274141,0 days 00:00:03.378952,2,1,1.0,,,,,,,,,,,,,,,,,,,25,60.0,,,,,,,,,,,,,,,,,,,COMPLETE
745,745,0.8235583224115335,2025-01-05 15:44:50.274546,2025-01-05 15:44:54.424499,0 days 00:00:04.149953,3,2,2.0,,,,,,,,,,,4.0,,,,,,,,30,50.0,,,,,,,,,,,15.0,,,,,,,,COMPLETE
746,746,0.7686628383921248,2025-01-05 15:44:54.425048,2025-01-05 15:44:57.820893,0 days 00:00:03.395845,2,1,5.0,,,,,,,,,,,,,,,,,,,45,45.0,,,,,,,,,,,,,,,,,,,COMPLETE
747,747,0.7763109644297763,2025-01-05 15:44:57.821312,2025-01-05 15:45:00.120185,0 days 00:00:02.298873,1,2,,,,,,,,,,,,,,,,,,,,50,,,,,,,,,,,,,,,,,,,,COMPLETE
748,748,0.8017857142857143,2025-01-05 15:45:00.120555,2025-01-05 15:45:04.262711,0 days 00:00:04.142156,3,1,3.0,,,,,,,,,,,2.0,,,,,,,,55,55.0,,,,,,,,,,,20.0,,,,,,,,COMPLETE
749,749,0.7837662337662338,2025-01-05 15:45:04.263160,2025-01-05 15:45:07.653660,0 days 00:00:03.390500,2,2,1.0,,,,,,,,,,,,,,,,,,,35,35.0,,,,,,,,,,,,,,,,,,,COMPLETE
750,750,0.7678571428571429,2025-01-05 15:45:07.654063,2025-01-05 15:45:12.136022,0 days 00:00:04.481959,3,3,2.0,,,,,,,,,,,4.0,,,,,,,,35,40.0,,,,,,,,,,,5.0,,,,,,,,COMPLETE
751,751,0.8405582922824302,2025-01-05 15:45:12.136447,2025-01-05 15:45:15.484735,0 days 00:00:03.348288,2,1,3.0,,,,,,,,,,,,,,,,,,,55,40.0,,,,,,,,,,,,,,,,,,,COMPLETE
752,752,0.4903474903474903,2025-01-05 15:45:15.485137,2025-01-05 15:45:20.182642,0 days 00:00:04.697505,4,1,1.0,,,,,,,,,,,3.0,15.0,,,,,,,40,60.0,,,,,,,,,,,10.0,40.0,,,,,,,COMPLETE
753,753,0.7837837837837838,2025-01-05 15:45:20.183118,2025-01-05 15:45:23.568227,0 days 00:00:03.385109,2,2,5.0,,,,,,,,,,,,,,,,,,,30,50.0,,,,,,,,,,,,,,,,,,,COMPLETE
754,754,0.7596153846153846,2025-01-05 15:45:23.568622,2025-01-05 15:45:25.601401,0 days 00:00:02.032779,1,1,,,,,,,,,,,,,,,,,,,,45,,,,,,,,,,,,,,,,,,,,COMPLETE
755,755,0.8553433563592036,2025-01-05 15:45:25.601771,2025-01-05 15:45:29.716485,0 days 00:00:04.114714,3,2,3.0,,,,,,,,,,,1.0,,,,,,,,55,30.0,,,,,,,,,,,15.0,,,,,,,,COMPLETE
756,756,0.7241153342070774,2025-01-05 15:45:29.716908,2025-01-05 15:45:33.847475,0 days 00:00:04.130567,3,1,2.0,,,,,,,,,,,3.0,,,,,,,,35,45.0,,,,,,,,,,,30.0,,,,,,,,COMPLETE
757,757,0.8324868938401049,2025-01-05 15:45:33.847898,2025-01-05 15:45:37.273272,0 days 00:00:03.425374,2,2,4.0,,,,,,,,,,,,,,,,,,,50,45.0,,,,,,,,,,,,,,,,,,,COMPLETE
758,758,0.8071784967004667,2025-01-05 15:45:37.273669,2025-01-05 15:45:40.693437,0 days 00:00:03.419768,2,3,1.0,,,,,,,,,,,,,,,,,,,55,55.0,,,,,,,,,,,,,,,,,,,COMPLETE
759,759,0.49532546963739627,2025-01-05 15:45:40.693826,2025-01-05 15:45:45.773687,0 days 00:00:05.079861,4,1,2.0,,,,,,,,,,,6.0,8.0,,,,,,,35,35.0,,,,,,,,,,,20.0,35.0,,,,,,,COMPLETE
760,760,0.7927781392322707,2025-01-05 15:45:45.774166,2025-01-05 15:45:48.804384,0 days 00:00:03.030218,2,1,4.0,,,,,,,,,,,,,,,,,,,10,60.0,,,,,,,,,,,,,,,,,,,COMPLETE
761,761,0.7882935352358765,2025-01-05 15:45:48.804785,2025-01-05 15:45:51.258102,0 days 00:00:02.453317,1,2,,,,,,,,,,,,,,,,,,,,40,,,,,,,,,,,,,,,,,,,,COMPLETE
762,762,0.7227513227513227,2025-01-05 15:45:51.258473,2025-01-05 15:45:55.710389,0 days 00:00:04.451916,3,2,3.0,,,,,,,,,,,5.0,,,,,,,,35,40.0,,,,,,,,,,,10.0,,,,,,,,COMPLETE
763,763,0.7982300884955753,2025-01-05 15:45:55.710812,2025-01-05 15:45:59.104111,0 days 00:00:03.393299,2,1,1.0,,,,,,,,,,,,,,,,,,,60,45.0,,,,,,,,,,,,,,,,,,,COMPLETE
764,764,0.7944954128440367,2025-01-05 15:45:59.104510,2025-01-05 15:46:03.254774,0 days 00:00:04.150264,3,1,3.0,,,,,,,,,,,2.0,,,,,,,,20,60.0,,,,,,,,,,,50.0,,,,,,,,COMPLETE
765,765,0.20750988142292492,2025-01-05 15:46:03.255310,2025-01-05 15:46:06.869758,0 days 00:00:03.614448,15,1,4.0,13.0,2.0,6.0,13.0,13.0,,,,,,3.0,5.0,13.0,9.0,10.0,5.0,5.0,6.0,45,35.0,30.0,55.0,25.0,40.0,45.0,,,,,,5.0,15.0,5.0,25.0,30.0,45.0,10.0,25.0,COMPLETE
766,766,0.8070796460176992,2025-01-05 15:46:06.870469,2025-01-05 15:46:10.259590,0 days 00:00:03.389121,2,2,1.0,,,,,,,,,,,,,,,,,,,40,50.0,,,,,,,,,,,,,,,,,,,COMPLETE
767,767,0.7164870401710164,2025-01-05 15:46:10.260006,2025-01-05 15:46:14.410378,0 days 00:00:04.150372,3,1,2.0,,,,,,,,,,,6.0,,,,,,,,50,40.0,,,,,,,,,,,40.0,,,,,,,,COMPLETE
768,768,0.7993030255029305,2025-01-05 15:46:14.410813,2025-01-05 15:46:16.825728,0 days 00:00:02.414915,1,2,,,,,,,,,,,,,,,,,,,,55,,,,,,,,,,,,,,,,,,,,COMPLETE
769,769,0.7856459330143541,2025-01-05 15:46:16.826112,2025-01-05 15:46:20.228787,0 days 00:00:03.402675,2,5,3.0,,,,,,,,,,,,,,,,,,,25,30.0,,,,,,,,,,,,,,,,,,,COMPLETE
770,770,0.7837662337662338,2025-01-05 15:46:20.229192,2025-01-05 15:46:23.611078,0 days 00:00:03.381886,2,1,3.0,,,,,,,,,,,,,,,,,,,35,40.0,,,,,,,,,,,,,,,,,,,COMPLETE
771,771,0.23531468531468533,2025-01-05 15:46:23.611468,2025-01-05 15:46:38.195757,0 days 00:00:14.584289,8,1,1.0,,,,,,,,,,,1.0,12.0,5.0,15.0,14.0,9.0,,,60,45.0,,,,,,,,,,,10.0,25.0,10.0,20.0,10.0,55.0,,,COMPLETE
772,772,0.7960321364158058,2025-01-05 15:46:38.196694,2025-01-05 15:46:41.680604,0 days 00:00:03.483910,2,4,2.0,,,,,,,,,,,,,,,,,,,40,60.0,,,,,,,,,,,,,,,,,,,COMPLETE
773,773,0.24882954742500432,2025-01-05 15:46:41.681022,2025-01-05 15:46:46.172211,0 days 00:00:04.491189,12,1,1.0,15.0,12.0,,,,,,,,,4.0,7.0,1.0,4.0,8.0,14.0,13.0,8.0,35,45.0,5.0,30.0,,,,,,,,,20.0,45.0,25.0,10.0,55.0,40.0,35.0,45.0,COMPLETE
774,774,0.4643734643734644,2025-01-05 15:46:46.172851,2025-01-05 15:46:51.507151,0 days 00:00:05.334300,4,2,3.0,,,,,,,,,,,11.0,11.0,,,,,,,55,55.0,,,,,,,,,,,15.0,5.0,,,,,,,COMPLETE
775,775,0.6316526610644257,2025-01-05 15:46:51.507629,2025-01-05 15:46:55.704248,0 days 00:00:04.196619,3,2,2.0,,,,,,,,,,,7.0,,,,,,,,30,40.0,,,,,,,,,,,5.0,,,,,,,,COMPLETE
776,776,0.5312017440276138,2025-01-05 15:46:55.704689,2025-01-05 15:47:00.778495,0 days 00:00:05.073806,3,3,15.0,,,,,,,,,,,2.0,,,,,,,,35,50.0,,,,,,,,,,,25.0,,,,,,,,COMPLETE
777,777,0.7962883409227597,2025-01-05 15:47:00.779028,2025-01-05 15:47:02.968680,0 days 00:00:02.189652,1,1,,,,,,,,,,,,,,,,,,,,55,,,,,,,,,,,,,,,,,,,,COMPLETE
778,778,0.6596074380165289,2025-01-05 15:47:02.969075,2025-01-05 15:47:07.117820,0 days 00:00:04.148745,3,1,3.0,,,,,,,,,,,5.0,,,,,,,,35,25.0,,,,,,,,,,,5.0,,,,,,,,COMPLETE
779,779,0.7821242294926505,2025-01-05 15:47:07.118259,2025-01-05 15:47:10.569485,0 days 00:00:03.451226,2,2,4.0,,,,,,,,,,,,,,,,,,,15,35.0,,,,,,,,,,,,,,,,,,,COMPLETE
780,780,0.7972558514931396,2025-01-05 15:47:10.569884,2025-01-05 15:47:14.701190,0 days 00:00:04.131306,3,1,1.0,,,,,,,,,,,1.0,,,,,,,,45,40.0,,,,,,,,,,,15.0,,,,,,,,COMPLETE
781,781,0.8161705551086083,2025-01-05 15:47:14.701619,2025-01-05 15:47:18.090653,0 days 00:00:03.389034,2,1,2.0,,,,,,,,,,,,,,,,,,,50,60.0,,,,,,,,,,,,,,,,,,,COMPLETE
782,782,0.6687813904308749,2025-01-05 15:47:18.091060,2025-01-05 15:47:22.491867,0 days 00:00:04.400807,1,7,,,,,,,,,,,,,,,,,,,,40,,,,,,,,,,,,,,,,,,,,COMPLETE
783,783,0.8378378378378378,2025-01-05 15:47:22.492258,2025-01-05 15:47:25.850437,0 days 00:00:03.358179,2,2,3.0,,,,,,,,,,,,,,,,,,,55,45.0,,,,,,,,,,,,,,,,,,,COMPLETE
784,784,0.4484054172127567,2025-01-05 15:47:25.850841,2025-01-05 15:47:31.440394,0 days 00:00:05.589553,4,9,1.0,,,,,,,,,,,3.0,14.0,,,,,,,35,40.0,,,,,,,,,,,10.0,30.0,,,,,,,COMPLETE
785,785,0.8416612057667103,2025-01-05 15:47:31.440881,2025-01-05 15:47:34.821483,0 days 00:00:03.380602,2,1,2.0,,,,,,,,,,,,,,,,,,,35,55.0,,,,,,,,,,,,,,,,,,,COMPLETE
786,786,0.8035714285714286,2025-01-05 15:47:34.821881,2025-01-05 15:47:39.317535,0 days 00:00:04.495654,3,3,1.0,,,,,,,,,,,2.0,,,,,,,,55,60.0,,,,,,,,,,,20.0,,,,,,,,COMPLETE
787,787,0.6434030281182408,2025-01-05 15:47:39.317959,2025-01-05 15:47:41.297352,0 days 00:00:01.979393,1,2,,,,,,,,,,,,,,,,,,,,25,,,,,,,,,,,,,,,,,,,,COMPLETE
788,788,0.8161196911196911,2025-01-05 15:47:41.297726,2025-01-05 15:47:44.708808,0 days 00:00:03.411082,2,1,3.0,,,,,,,,,,,,,,,,,,,20,40.0,,,,,,,,,,,,,,,,,,,COMPLETE
789,789,0.17781954887218043,2025-01-05 15:47:44.709212,2025-01-05 15:47:52.678040,0 days 00:00:07.968828,9,1,11.0,,,,,,,,,,,10.0,4.0,6.0,7.0,4.0,6.0,9.0,,30,35.0,,,,,,,,,,,25.0,20.0,50.0,15.0,50.0,5.0,15.0,,COMPLETE
790,790,0.5953742203742204,2025-01-05 15:47:52.678655,2025-01-05 15:47:56.875735,0 days 00:00:04.197080,3,2,7.0,,,,,,,,,,,4.0,,,,,,,,35,30.0,,,,,,,,,,,15.0,,,,,,,,COMPLETE
791,791,0.8209146146466262,2025-01-05 15:47:56.876186,2025-01-05 15:48:00.249483,0 days 00:00:03.373297,2,1,4.0,,,,,,,,,,,,,,,,,,,50,45.0,,,,,,,,,,,,,,,,,,,COMPLETE
792,792,0.7147893097229054,2025-01-05 15:48:00.249883,2025-01-05 15:48:06.147344,0 days 00:00:05.897461,5,1,1.0,,,,,,,,,,,1.0,2.0,8.0,,,,,,40,50.0,,,,,,,,,,,20.0,55.0,35.0,,,,,,COMPLETE
793,793,0.519434322401527,2025-01-05 15:48:06.147894,2025-01-05 15:48:11.463744,0 days 00:00:05.315850,4,2,4.0,,,,,,,,,,,4.0,5.0,,,,,,,60,60.0,,,,,,,,,,,5.0,40.0,,,,,,,COMPLETE
794,794,0.4468538926413082,2025-01-05 15:48:11.464448,2025-01-05 15:48:13.322363,0 days 00:00:01.857915,1,1,,,,,,,,,,,,,,,,,,,,55,,,,,,,,,,,,,,,,,,,,COMPLETE
795,795,0.8247987117552334,2025-01-05 15:48:13.322739,2025-01-05 15:48:17.742163,0 days 00:00:04.419424,3,1,2.0,,,,,,,,,,,3.0,,,,,,,,35,40.0,,,,,,,,,,,15.0,,,,,,,,COMPLETE
796,796,0.44093023255813957,2025-01-05 15:48:17.742711,2025-01-05 15:48:25.551513,0 days 00:00:07.808802,14,2,3.0,6.0,6.0,9.0,10.0,,,,,,,9.0,10.0,10.0,14.0,6.0,10.0,7.0,1.0,55,35.0,40.0,60.0,45.0,10.0,,,,,,,10.0,10.0,40.0,60.0,20.0,25.0,50.0,30.0,COMPLETE
797,797,0.8033205619412516,2025-01-05 15:48:25.552244,2025-01-05 15:48:29.711519,0 days 00:00:04.159275,3,3,1.0,,,,,,,,,,,2.0,,,,,,,,35,45.0,,,,,,,,,,,20.0,,,,,,,,COMPLETE
798,798,0.8029264214046823,2025-01-05 15:48:29.711956,2025-01-05 15:48:33.084832,0 days 00:00:03.372876,2,1,3.0,,,,,,,,,,,,,,,,,,,40,60.0,,,,,,,,,,,,,,,,,,,COMPLETE
799,799,0.8044632487141198,2025-01-05 15:48:33.085246,2025-01-05 15:48:36.493358,0 days 00:00:03.408112,2,2,6.0,,,,,,,,,,,,,,,,,,,35,40.0,,,,,,,,,,,,,,,,,,,COMPLETE
800,800,0.7782694198623402,2025-01-05 15:48:36.493754,2025-01-05 15:48:40.612012,0 days 00:00:04.118258,3,1,1.0,,,,,,,,,,,5.0,,,,,,,,60,55.0,,,,,,,,,,,15.0,,,,,,,,COMPLETE
801,801,0.8224137931034483,2025-01-05 15:48:40.612445,2025-01-05 15:48:44.352023,0 days 00:00:03.739578,2,10,2.0,,,,,,,,,,,,,,,,,,,30,45.0,,,,,,,,,,,,,,,,,,,COMPLETE
802,802,0.7660580021482277,2025-01-05 15:48:44.352432,2025-01-05 15:48:46.540342,0 days 00:00:02.187910,1,1,,,,,,,,,,,,,,,,,,,,45,,,,,,,,,,,,,,,,,,,,COMPLETE
803,803,0.7837837837837838,2025-01-05 15:48:46.540717,2025-01-05 15:48:49.922488,0 days 00:00:03.381771,2,2,2.0,,,,,,,,,,,,,,,,,,,55,40.0,,,,,,,,,,,,,,,,,,,COMPLETE
804,804,0.851842910027362,2025-01-05 15:48:49.922884,2025-01-05 15:48:54.325891,0 days 00:00:04.403007,3,1,3.0,,,,,,,,,,,1.0,,,,,,,,45,35.0,,,,,,,,,,,5.0,,,,,,,,COMPLETE
805,805,0.8235053235053236,2025-01-05 15:48:54.326320,2025-01-05 15:48:57.691057,0 days 00:00:03.364737,2,2,3.0,,,,,,,,,,,,,,,,,,,35,50.0,,,,,,,,,,,,,,,,,,,COMPLETE
806,806,0.7021857923497268,2025-01-05 15:48:57.691457,2025-01-05 15:49:02.255551,0 days 00:00:04.564094,3,4,4.0,,,,,,,,,,,4.0,,,,,,,,55,60.0,,,,,,,,,,,10.0,,,,,,,,COMPLETE
807,807,0.8458874458874459,2025-01-05 15:49:02.256093,2025-01-05 15:49:05.632007,0 days 00:00:03.375914,2,1,2.0,,,,,,,,,,,,,,,,,,,35,45.0,,,,,,,,,,,,,,,,,,,COMPLETE
808,808,0.47719298245614034,2025-01-05 15:49:05.632426,2025-01-05 15:49:07.915457,0 days 00:00:02.283031,1,1,,,,,,,,,,,,,,,,,,,,50,,,,,,,,,,,,,,,,,,,,COMPLETE
809,809,0.8035714285714286,2025-01-05 15:49:07.915839,2025-01-05 15:49:11.310498,0 days 00:00:03.394659,2,2,1.0,,,,,,,,,,,,,,,,,,,40,55.0,,,,,,,,,,,,,,,,,,,COMPLETE
810,810,0.5431858407079646,2025-01-05 15:49:11.310897,2025-01-05 15:49:16.286123,0 days 00:00:04.975226,4,1,5.0,,,,,,,,,,,6.0,1.0,,,,,,,55,40.0,,,,,,,,,,,25.0,60.0,,,,,,,COMPLETE
811,811,0.8286062576188541,2025-01-05 15:49:16.286609,2025-01-05 15:49:20.708834,0 days 00:00:04.422225,3,1,3.0,,,,,,,,,,,2.0,,,,,,,,50,60.0,,,,,,,,,,,15.0,,,,,,,,COMPLETE
812,812,0.7621117012715275,2025-01-05 15:49:20.709273,2025-01-05 15:49:24.085347,0 days 00:00:03.376074,2,2,1.0,,,,,,,,,,,,,,,,,,,30,40.0,,,,,,,,,,,,,,,,,,,COMPLETE
813,813,0.8214324707937548,2025-01-05 15:49:24.085754,2025-01-05 15:49:27.303140,0 days 00:00:03.217386,1,3,,,,,,,,,,,,,,,,,,,,35,,,,,,,,,,,,,,,,,,,,COMPLETE
814,814,0.8015750588617359,2025-01-05 15:49:27.303516,2025-01-05 15:49:31.725834,0 days 00:00:04.422318,3,1,2.0,,,,,,,,,,,3.0,,,,,,,,35,30.0,,,,,,,,,,,10.0,,,,,,,,COMPLETE
815,815,0.8250080567193039,2025-01-05 15:49:31.726278,2025-01-05 15:49:35.092272,0 days 00:00:03.365994,2,1,1.0,,,,,,,,,,,,,,,,,,,40,35.0,,,,,,,,,,,,,,,,,,,COMPLETE
816,816,0.5298701298701298,2025-01-05 15:49:35.092669,2025-01-05 15:49:40.151604,0 days 00:00:05.058935,4,2,3.0,,,,,,,,,,,1.0,6.0,,,,,,,60,45.0,,,,,,,,,,,5.0,50.0,,,,,,,COMPLETE
817,817,0.8311092577147623,2025-01-05 15:49:40.152110,2025-01-05 15:49:43.671871,0 days 00:00:03.519761,2,1,4.0,,,,,,,,,,,,,,,,,,,55,60.0,,,,,,,,,,,,,,,,,,,COMPLETE
818,818,0.684577922077922,2025-01-05 15:49:43.672279,2025-01-05 15:49:47.987466,0 days 00:00:04.315187,3,6,1.0,,,,,,,,,,,8.0,,,,,,,,35,45.0,,,,,,,,,,,10.0,,,,,,,,COMPLETE
819,819,0.8127606338615514,2025-01-05 15:49:47.987899,2025-01-05 15:49:51.423769,0 days 00:00:03.435870,2,3,2.0,,,,,,,,,,,,,,,,,,,40,50.0,,,,,,,,,,,,,,,,,,,COMPLETE
820,820,0.688449714536671,2025-01-05 15:49:51.424177,2025-01-05 15:49:55.607752,0 days 00:00:04.183575,3,2,3.0,,,,,,,,,,,5.0,,,,,,,,35,40.0,,,,,,,,,,,35.0,,,,,,,,COMPLETE
821,821,0.8054554390563565,2025-01-05 15:49:55.608404,2025-01-05 15:49:59.245002,0 days 00:00:03.636598,2,1,5.0,,,,,,,,,,,,,,,,,,,55,55.0,,,,,,,,,,,,,,,,,,,COMPLETE
822,822,0.8649350649350649,2025-01-05 15:49:59.245525,2025-01-05 15:50:03.397897,0 days 00:00:04.152372,3,1,1.0,,,,,,,,,,,3.0,,,,,,,,50,35.0,,,,,,,,,,,60.0,,,,,,,,COMPLETE
823,823,0.48589711206533637,2025-01-05 15:50:03.398471,2025-01-05 15:50:08.213500,0 days 00:00:04.815029,4,1,1.0,,,,,,,,,,,3.0,9.0,,,,,,,20,35.0,,,,,,,,,,,45.0,35.0,,,,,,,COMPLETE
824,824,0.7994031830238726,2025-01-05 15:50:08.213986,2025-01-05 15:50:13.129293,0 days 00:00:04.915307,4,1,1.0,,,,,,,,,,,4.0,3.0,,,,,,,50,35.0,,,,,,,,,,,60.0,25.0,,,,,,,COMPLETE
825,825,0.48763056624518963,2025-01-05 15:50:13.129791,2025-01-05 15:50:19.102584,0 days 00:00:05.972793,5,1,1.0,,,,,,,,,,,4.0,13.0,3.0,,,,,,55,35.0,,,,,,,,,,,45.0,10.0,30.0,,,,,,COMPLETE
826,826,0.8392344497607656,2025-01-05 15:50:19.103135,2025-01-05 15:50:23.246699,0 days 00:00:04.143564,3,1,1.0,,,,,,,,,,,3.0,,,,,,,,50,35.0,,,,,,,,,,,50.0,,,,,,,,COMPLETE
827,827,0.681159420289855,2025-01-05 15:50:23.247139,2025-01-05 15:50:28.531170,0 days 00:00:05.284031,4,1,1.0,,,,,,,,,,,2.0,7.0,,,,,,,60,35.0,,,,,,,,,,,60.0,15.0,,,,,,,COMPLETE
828,828,0.8303436179542374,2025-01-05 15:50:28.531657,2025-01-05 15:50:32.685005,0 days 00:00:04.153348,3,1,1.0,,,,,,,,,,,3.0,,,,,,,,55,35.0,,,,,,,,,,,35.0,,,,,,,,COMPLETE
829,829,0.769010160603081,2025-01-05 15:50:32.685462,2025-01-05 15:50:36.827746,0 days 00:00:04.142284,3,1,1.0,,,,,,,,,,,3.0,,,,,,,,55,35.0,,,,,,,,,,,55.0,,,,,,,,COMPLETE
830,830,0.8,2025-01-05 15:50:36.828185,2025-01-05 15:50:40.964404,0 days 00:00:04.136219,3,1,1.0,,,,,,,,,,,4.0,,,,,,,,50,30.0,,,,,,,,,,,40.0,,,,,,,,COMPLETE
831,831,0.8376227977591946,2025-01-05 15:50:40.964837,2025-01-05 15:50:45.131004,0 days 00:00:04.166167,3,1,1.0,,,,,,,,,,,2.0,,,,,,,,55,35.0,,,,,,,,,,,50.0,,,,,,,,COMPLETE
832,832,0.810640829508754,2025-01-05 15:50:45.131448,2025-01-05 15:50:49.262679,0 days 00:00:04.131231,3,1,2.0,,,,,,,,,,,4.0,,,,,,,,35,35.0,,,,,,,,,,,40.0,,,,,,,,COMPLETE
833,833,0.7892322549492998,2025-01-05 15:50:49.263112,2025-01-05 15:50:53.430771,0 days 00:00:04.167659,3,1,1.0,,,,,,,,,,,2.0,,,,,,,,60,40.0,,,,,,,,,,,55.0,,,,,,,,COMPLETE
834,834,0.8156622623267805,2025-01-05 15:50:53.431207,2025-01-05 15:50:57.594496,0 days 00:00:04.163289,3,1,1.0,,,,,,,,,,,3.0,,,,,,,,35,30.0,,,,,,,,,,,60.0,,,,,,,,COMPLETE
835,835,0.7835511894130065,2025-01-05 15:50:57.594919,2025-01-05 15:51:02.512808,0 days 00:00:04.917889,4,1,2.0,,,,,,,,,,,1.0,4.0,,,,,,,55,35.0,,,,,,,,,,,55.0,20.0,,,,,,,COMPLETE
836,836,0.860901045856798,2025-01-05 15:51:02.513417,2025-01-05 15:51:06.655416,0 days 00:00:04.141999,3,1,1.0,,,,,,,,,,,2.0,,,,,,,,30,40.0,,,,,,,,,,,30.0,,,,,,,,COMPLETE
837,837,0.5839038236767407,2025-01-05 15:51:06.655867,2025-01-05 15:51:11.608461,0 days 00:00:04.952594,4,1,1.0,,,,,,,,,,,2.0,6.0,,,,,,,25,40.0,,,,,,,,,,,20.0,30.0,,,,,,,COMPLETE
838,838,0.8251247384516337,2025-01-05 15:51:11.608955,2025-01-05 15:51:16.865787,0 days 00:00:05.256832,4,1,1.0,,,,,,,,,,,2.0,2.0,,,,,,,25,40.0,,,,,,,,,,,40.0,40.0,,,,,,,COMPLETE
839,839,0.769010160603081,2025-01-05 15:51:16.866283,2025-01-05 15:51:21.170365,0 days 00:00:04.304082,3,8,1.0,,,,,,,,,,,1.0,,,,,,,,25,40.0,,,,,,,,,,,30.0,,,,,,,,COMPLETE
840,840,0.6452380952380953,2025-01-05 15:51:21.170804,2025-01-05 15:51:25.898103,0 days 00:00:04.727299,4,1,1.0,,,,,,,,,,,2.0,8.0,,,,,,,30,40.0,,,,,,,,,,,35.0,45.0,,,,,,,COMPLETE
841,841,0.8749601275917065,2025-01-05 15:51:25.898589,2025-01-05 15:51:30.342463,0 days 00:00:04.443874,3,1,1.0,,,,,,,,,,,3.0,,,,,,,,30,40.0,,,,,,,,,,,30.0,,,,,,,,COMPLETE
842,842,0.8678624321211124,2025-01-05 15:51:30.342901,2025-01-05 15:51:34.518173,0 days 00:00:04.175272,3,1,1.0,,,,,,,,,,,2.0,,,,,,,,20,40.0,,,,,,,,,,,30.0,,,,,,,,COMPLETE
843,843,0.6289655172413793,2025-01-05 15:51:34.518606,2025-01-05 15:51:39.598399,0 days 00:00:05.079793,4,1,1.0,,,,,,,,,,,2.0,12.0,,,,,,,20,40.0,,,,,,,,,,,30.0,35.0,,,,,,,COMPLETE
844,844,0.7511467889908257,2025-01-05 15:51:39.599122,2025-01-05 15:51:44.885029,0 days 00:00:05.285907,4,1,1.0,,,,,,,,,,,2.0,5.0,,,,,,,30,40.0,,,,,,,,,,,30.0,5.0,,,,,,,COMPLETE
