,number,value,datetime_start,datetime_complete,duration,params_depth,params_grids_0,params_grids_1,params_grids_10,params_grids_11,params_grids_12,params_grids_13,params_grids_14,params_grids_15,params_grids_16,params_grids_17,params_grids_18,params_grids_19,params_grids_2,params_grids_3,params_grids_4,params_grids_5,params_grids_6,params_grids_7,params_grids_8,params_grids_9,params_neurons_layer_0,params_neurons_layer_1,params_neurons_layer_10,params_neurons_layer_11,params_neurons_layer_12,params_neurons_layer_13,params_neurons_layer_14,params_neurons_layer_15,params_neurons_layer_16,params_neurons_layer_17,params_neurons_layer_18,params_neurons_layer_19,params_neurons_layer_2,params_neurons_layer_3,params_neurons_layer_4,params_neurons_layer_5,params_neurons_layer_6,params_neurons_layer_7,params_neurons_layer_8,params_neurons_layer_9,state
845,845,0.7800579430226944,2025-01-05 15:51:44.885629,2025-01-05 15:51:49.323884,0 days 00:00:04.438255,3,1,1.0,,,,,,,,,,,1.0,,,,,,,,20,40.0,,,,,,,,,,,35.0,,,,,,,,COMPLETE
846,846,0.7802896218825423,2025-01-05 15:51:49.324336,2025-01-05 15:51:53.492312,0 days 00:00:04.167976,3,1,1.0,,,,,,,,,,,2.0,,,,,,,,20,40.0,,,,,,,,,,,30.0,,,,,,,,COMPLETE
847,847,0.0,2025-01-05 15:51:53.492756,2025-01-05 15:52:25.157849,0 days 00:00:31.665093,19,1,1.0,11.0,15.0,15.0,6.0,5.0,14.0,8.0,11.0,15.0,,3.0,9.0,6.0,1.0,13.0,8.0,11.0,11.0,20,40.0,25.0,15.0,20.0,25.0,30.0,25.0,5.0,35.0,60.0,,30.0,40.0,10.0,5.0,15.0,35.0,30.0,60.0,COMPLETE
848,848,0.8088624338624338,2025-01-05 15:52:25.158770,2025-01-05 15:52:29.314233,0 days 00:00:04.155463,3,1,1.0,,,,,,,,,,,1.0,,,,,,,,25,40.0,,,,,,,,,,,35.0,,,,,,,,COMPLETE
849,849,0.8411949685534592,2025-01-05 15:52:29.314694,2025-01-05 15:52:33.461751,0 days 00:00:04.147057,3,1,1.0,,,,,,,,,,,3.0,,,,,,,,20,40.0,,,,,,,,,,,30.0,,,,,,,,COMPLETE
850,850,0.8071784967004667,2025-01-05 15:52:33.462197,2025-01-05 15:52:37.606255,0 days 00:00:04.144058,3,1,1.0,,,,,,,,,,,2.0,,,,,,,,30,35.0,,,,,,,,,,,35.0,,,,,,,,COMPLETE
851,851,0.6176494913572078,2025-01-05 15:52:37.606700,2025-01-05 15:52:42.826707,0 days 00:00:05.220007,4,1,1.0,,,,,,,,,,,1.0,14.0,,,,,,,30,40.0,,,,,,,,,,,30.0,50.0,,,,,,,COMPLETE
852,852,0.8610038610038611,2025-01-05 15:52:42.827182,2025-01-05 15:52:46.986851,0 days 00:00:04.159669,3,1,1.0,,,,,,,,,,,3.0,,,,,,,,20,40.0,,,,,,,,,,,30.0,,,,,,,,COMPLETE
853,853,0.8252614641995173,2025-01-05 15:52:46.987296,2025-01-05 15:52:51.142458,0 days 00:00:04.155162,3,1,1.0,,,,,,,,,,,2.0,,,,,,,,20,40.0,,,,,,,,,,,30.0,,,,,,,,COMPLETE
854,854,0.8379520520113775,2025-01-05 15:52:51.142895,2025-01-05 15:52:55.311026,0 days 00:00:04.168131,3,1,1.0,,,,,,,,,,,3.0,,,,,,,,25,40.0,,,,,,,,,,,35.0,,,,,,,,COMPLETE
855,855,0.5982142857142857,2025-01-05 15:52:55.311458,2025-01-05 15:53:00.056791,0 days 00:00:04.745333,4,1,1.0,,,,,,,,,,,2.0,15.0,,,,,,,20,40.0,,,,,,,,,,,30.0,25.0,,,,,,,COMPLETE
856,856,0.8303436179542374,2025-01-05 15:53:00.057257,2025-01-05 15:53:04.198903,0 days 00:00:04.141646,3,1,1.0,,,,,,,,,,,3.0,,,,,,,,20,40.0,,,,,,,,,,,35.0,,,,,,,,COMPLETE
857,857,0.7036363636363636,2025-01-05 15:53:04.199483,2025-01-05 15:53:08.155344,0 days 00:00:03.955861,3,1,9.0,,,,,,,,,,,2.0,,,,,,,,15,40.0,,,,,,,,,,,30.0,,,,,,,,COMPLETE
858,858,0.7981481481481482,2025-01-05 15:53:08.155798,2025-01-05 15:53:12.293225,0 days 00:00:04.137427,3,1,1.0,,,,,,,,,,,1.0,,,,,,,,20,40.0,,,,,,,,,,,30.0,,,,,,,,COMPLETE
859,859,0.794232766195383,2025-01-05 15:53:12.293666,2025-01-05 15:53:17.235771,0 days 00:00:04.942105,4,1,1.0,,,,,,,,,,,3.0,3.0,,,,,,,20,40.0,,,,,,,,,,,35.0,55.0,,,,,,,COMPLETE
860,860,0.4309723889555822,2025-01-05 15:53:17.236244,2025-01-05 15:53:23.673040,0 days 00:00:06.436796,5,1,1.0,,,,,,,,,,,2.0,10.0,15.0,,,,,,20,35.0,,,,,,,,,,,30.0,10.0,15.0,,,,,,COMPLETE
861,861,0.8198051948051948,2025-01-05 15:53:23.673537,2025-01-05 15:53:27.826671,0 days 00:00:04.153134,3,1,1.0,,,,,,,,,,,1.0,,,,,,,,20,40.0,,,,,,,,,,,30.0,,,,,,,,COMPLETE
862,862,0.7956486042692938,2025-01-05 15:53:27.827109,2025-01-05 15:53:31.975102,0 days 00:00:04.147993,3,1,1.0,,,,,,,,,,,1.0,,,,,,,,20,35.0,,,,,,,,,,,35.0,,,,,,,,COMPLETE
863,863,0.8610038610038611,2025-01-05 15:53:31.975546,2025-01-05 15:53:36.904919,0 days 00:00:04.929373,4,1,1.0,,,,,,,,,,,2.0,1.0,,,,,,,20,40.0,,,,,,,,,,,30.0,15.0,,,,,,,COMPLETE
864,864,0.5736551030668677,2025-01-05 15:53:36.905594,2025-01-05 15:53:42.396082,0 days 00:00:05.490488,5,1,1.0,,,,,,,,,,,2.0,1.0,13.0,,,,,,20,40.0,,,,,,,,,,,30.0,15.0,50.0,,,,,,COMPLETE
865,865,0.8251287001287001,2025-01-05 15:53:42.396697,2025-01-05 15:53:48.197675,0 days 00:00:05.800978,5,1,1.0,,,,,,,,,,,2.0,1.0,2.0,,,,,,20,5.0,,,,,,,,,,,30.0,20.0,40.0,,,,,,COMPLETE
866,866,0.7527845036319613,2025-01-05 15:53:48.198187,2025-01-05 15:53:53.125721,0 days 00:00:04.927534,4,1,1.0,,,,,,,,,,,3.0,2.0,,,,,,,20,35.0,,,,,,,,,,,30.0,15.0,,,,,,,COMPLETE
867,867,0.4192587400332954,2025-01-05 15:53:53.126194,2025-01-05 15:53:58.828549,0 days 00:00:05.702355,5,1,1.0,,,,,,,,,,,2.0,3.0,14.0,,,,,,20,40.0,,,,,,,,,,,30.0,20.0,45.0,,,,,,COMPLETE
868,868,0.5807991513437059,2025-01-05 15:53:58.829042,2025-01-05 15:54:05.301914,0 days 00:00:06.472872,6,1,1.0,,,,,,,,,,,1.0,4.0,8.0,8.0,,,,,20,40.0,,,,,,,,,,,35.0,10.0,60.0,35.0,,,,,COMPLETE
869,869,0.8025641025641026,2025-01-05 15:54:05.302472,2025-01-05 15:54:10.239699,0 days 00:00:04.937227,4,1,1.0,,,,,,,,,,,3.0,1.0,,,,,,,20,40.0,,,,,,,,,,,30.0,5.0,,,,,,,COMPLETE
870,870,0.7999008182494421,2025-01-05 15:54:10.240183,2025-01-05 15:54:15.527456,0 days 00:00:05.287273,4,1,1.0,,,,,,,,,,,2.0,2.0,,,,,,,15,40.0,,,,,,,,,,,30.0,15.0,,,,,,,COMPLETE
871,871,0.8182263196540752,2025-01-05 15:54:15.527926,2025-01-05 15:54:20.469593,0 days 00:00:04.941667,4,1,1.0,,,,,,,,,,,3.0,3.0,,,,,,,25,35.0,,,,,,,,,,,35.0,25.0,,,,,,,COMPLETE
872,872,0.7087057265806025,2025-01-05 15:54:20.470075,2025-01-05 15:54:25.115962,0 days 00:00:04.645887,4,1,8.0,,,,,,,,,,,1.0,2.0,,,,,,,25,35.0,,,,,,,,,,,35.0,30.0,,,,,,,COMPLETE
873,873,0.8195989283104652,2025-01-05 15:54:25.116432,2025-01-05 15:54:30.059177,0 days 00:00:04.942745,4,1,1.0,,,,,,,,,,,2.0,4.0,,,,,,,20,40.0,,,,,,,,,,,30.0,20.0,,,,,,,COMPLETE
874,874,0.8123653769445554,2025-01-05 15:54:30.059679,2025-01-05 15:54:34.222613,0 days 00:00:04.162934,3,1,1.0,,,,,,,,,,,1.0,,,,,,,,20,40.0,,,,,,,,,,,30.0,,,,,,,,COMPLETE
875,875,0.8090751301760477,2025-01-05 15:54:34.223068,2025-01-05 15:54:38.394472,0 days 00:00:04.171404,3,1,1.0,,,,,,,,,,,2.0,,,,,,,,25,40.0,,,,,,,,,,,25.0,,,,,,,,COMPLETE
876,876,0.6846846846846847,2025-01-05 15:54:38.394922,2025-01-05 15:54:43.344863,0 days 00:00:04.949941,4,1,1.0,,,,,,,,,,,2.0,6.0,,,,,,,20,35.0,,,,,,,,,,,30.0,25.0,,,,,,,COMPLETE
877,877,0.509090909090909,2025-01-05 15:54:43.345337,2025-01-05 15:54:48.462286,0 days 00:00:05.116949,5,1,12.0,,,,,,,,,,,3.0,1.0,7.0,,,,,,20,40.0,,,,,,,,,,,35.0,5.0,5.0,,,,,,COMPLETE
878,878,0.2481962481962482,2025-01-05 15:54:48.462774,2025-01-05 15:54:57.157074,0 days 00:00:08.694300,13,1,1.0,8.0,10.0,12.0,,,,,,,,1.0,5.0,11.0,6.0,9.0,15.0,12.0,13.0,25,40.0,20.0,35.0,55.0,,,,,,,,25.0,15.0,15.0,50.0,40.0,10.0,60.0,40.0,COMPLETE
879,879,0.7890750886239124,2025-01-05 15:54:57.157745,2025-01-05 15:55:01.314744,0 days 00:00:04.156999,3,1,1.0,,,,,,,,,,,3.0,,,,,,,,20,35.0,,,,,,,,,,,30.0,,,,,,,,COMPLETE
880,880,0.8067796610169492,2025-01-05 15:55:01.315331,2025-01-05 15:55:05.488599,0 days 00:00:04.173268,3,1,1.0,,,,,,,,,,,2.0,,,,,,,,20,40.0,,,,,,,,,,,25.0,,,,,,,,COMPLETE
881,881,0.7718031698614223,2025-01-05 15:55:05.489076,2025-01-05 15:55:10.455134,0 days 00:00:04.966058,4,1,1.0,,,,,,,,,,,3.0,3.0,,,,,,,15,40.0,,,,,,,,,,,35.0,25.0,,,,,,,COMPLETE
882,882,0.7599967089024189,2025-01-05 15:55:10.455615,2025-01-05 15:55:14.629771,0 days 00:00:04.174156,3,1,4.0,,,,,,,,,,,1.0,,,,,,,,15,30.0,,,,,,,,,,,30.0,,,,,,,,COMPLETE
883,883,0.8451345755693582,2025-01-05 15:55:14.630219,2025-01-05 15:55:18.847906,0 days 00:00:04.217687,3,5,1.0,,,,,,,,,,,2.0,,,,,,,,25,25.0,,,,,,,,,,,40.0,,,,,,,,COMPLETE
884,884,0.5857142857142856,2025-01-05 15:55:18.848367,2025-01-05 15:55:23.846515,0 days 00:00:04.998148,4,1,5.0,,,,,,,,,,,2.0,2.0,,,,,,,20,35.0,,,,,,,,,,,25.0,30.0,,,,,,,COMPLETE
885,885,0.8610172219539676,2025-01-05 15:55:23.846985,2025-01-05 15:55:28.004484,0 days 00:00:04.157499,3,1,1.0,,,,,,,,,,,1.0,,,,,,,,30,40.0,,,,,,,,,,,30.0,,,,,,,,COMPLETE
886,886,0.7778597181252049,2025-01-05 15:55:28.005156,2025-01-05 15:55:32.143685,0 days 00:00:04.138529,3,1,6.0,,,,,,,,,,,1.0,,,,,,,,30,40.0,,,,,,,,,,,30.0,,,,,,,,COMPLETE
887,887,0.771286013198133,2025-01-05 15:55:32.144262,2025-01-05 15:55:36.321874,0 days 00:00:04.177612,3,1,1.0,,,,,,,,,,,1.0,,,,,,,,20,40.0,,,,,,,,,,,30.0,,,,,,,,COMPLETE
888,888,0.6144781144781144,2025-01-05 15:55:36.322343,2025-01-05 15:55:41.265010,0 days 00:00:04.942667,4,1,4.0,,,,,,,,,,,1.0,5.0,,,,,,,30,40.0,,,,,,,,,,,35.0,10.0,,,,,,,COMPLETE
889,889,0.7923976608187134,2025-01-05 15:55:41.265501,2025-01-05 15:55:45.402504,0 days 00:00:04.137003,3,1,1.0,,,,,,,,,,,1.0,,,,,,,,30,40.0,,,,,,,,,,,35.0,,,,,,,,COMPLETE
890,890,0.8340572715572716,2025-01-05 15:55:45.402952,2025-01-05 15:55:49.550156,0 days 00:00:04.147204,3,1,1.0,,,,,,,,,,,1.0,,,,,,,,30,40.0,,,,,,,,,,,30.0,,,,,,,,COMPLETE
891,891,0.7705649574808453,2025-01-05 15:55:49.550609,2025-01-05 15:55:54.448884,0 days 00:00:04.898275,4,1,4.0,,,,,,,,,,,1.0,1.0,,,,,,,30,40.0,,,,,,,,,,,30.0,20.0,,,,,,,COMPLETE
892,892,0.8035714285714286,2025-01-05 15:55:54.449368,2025-01-05 15:55:58.579310,0 days 00:00:04.129942,3,1,1.0,,,,,,,,,,,1.0,,,,,,,,30,40.0,,,,,,,,,,,30.0,,,,,,,,COMPLETE
893,893,0.7975919845078723,2025-01-05 15:55:58.579762,2025-01-05 15:56:02.737030,0 days 00:00:04.157268,3,1,5.0,,,,,,,,,,,2.0,,,,,,,,30,40.0,,,,,,,,,,,25.0,,,,,,,,COMPLETE
894,894,0.8482021844853703,2025-01-05 15:56:02.737496,2025-01-05 15:56:06.112105,0 days 00:00:03.374609,2,1,1.0,,,,,,,,,,,,,,,,,,,30,35.0,,,,,,,,,,,,,,,,,,,COMPLETE
895,895,0.5726020137784844,2025-01-05 15:56:06.112528,2025-01-05 15:56:11.816522,0 days 00:00:05.703994,5,9,2.0,,,,,,,,,,,1.0,4.0,4.0,,,,,,25,40.0,,,,,,,,,,,35.0,15.0,35.0,,,,,,COMPLETE
896,896,0.7946264848919716,2025-01-05 15:56:11.817038,2025-01-05 15:56:15.199281,0 days 00:00:03.382243,2,1,1.0,,,,,,,,,,,,,,,,,,,30,40.0,,,,,,,,,,,,,,,,,,,COMPLETE
897,897,0.7030389046585406,2025-01-05 15:56:15.199699,2025-01-05 15:56:19.368408,0 days 00:00:04.168709,3,1,4.0,,,,,,,,,,,3.0,,,,,,,,25,35.0,,,,,,,,,,,30.0,,,,,,,,COMPLETE
898,898,0.7212116154873164,2025-01-05 15:56:19.368871,2025-01-05 15:56:22.553846,0 days 00:00:03.184975,2,1,8.0,,,,,,,,,,,,,,,,,,,20,40.0,,,,,,,,,,,,,,,,,,,COMPLETE
899,899,0.44316866933689364,2025-01-05 15:56:22.554271,2025-01-05 15:56:31.143881,0 days 00:00:08.589610,7,1,5.0,,,,,,,,,,,2.0,7.0,1.0,3.0,11.0,,,,30,40.0,,,,,,,,,,,30.0,5.0,55.0,30.0,50.0,,,,COMPLETE
900,900,0.8687448728465956,2025-01-05 15:56:31.144449,2025-01-05 15:56:35.303564,0 days 00:00:04.159115,3,1,1.0,,,,,,,,,,,1.0,,,,,,,,20,30.0,,,,,,,,,,,25.0,,,,,,,,COMPLETE
901,901,0.8660607510165033,2025-01-05 15:56:35.304025,2025-01-05 15:56:40.239668,0 days 00:00:04.935643,4,1,1.0,,,,,,,,,,,1.0,2.0,,,,,,,20,30.0,,,,,,,,,,,25.0,10.0,,,,,,,COMPLETE
902,902,0.8159167876149008,2025-01-05 15:56:40.240161,2025-01-05 15:56:45.145717,0 days 00:00:04.905556,4,1,1.0,,,,,,,,,,,1.0,2.0,,,,,,,20,30.0,,,,,,,,,,,25.0,10.0,,,,,,,COMPLETE
903,903,0.8054873054873055,2025-01-05 15:56:45.146211,2025-01-05 15:56:50.084482,0 days 00:00:04.938271,4,1,1.0,,,,,,,,,,,1.0,3.0,,,,,,,20,30.0,,,,,,,,,,,25.0,5.0,,,,,,,COMPLETE
904,904,0.8212005108556832,2025-01-05 15:56:50.084962,2025-01-05 15:56:54.253575,0 days 00:00:04.168613,3,1,1.0,,,,,,,,,,,1.0,,,,,,,,20,30.0,,,,,,,,,,,25.0,,,,,,,,COMPLETE
905,905,0.7944954128440367,2025-01-05 15:56:54.254040,2025-01-05 15:56:58.422725,0 days 00:00:04.168685,3,1,1.0,,,,,,,,,,,1.0,,,,,,,,20,30.0,,,,,,,,,,,25.0,,,,,,,,COMPLETE
906,906,0.2328113063407181,2025-01-05 15:56:58.423185,2025-01-05 15:57:11.913939,0 days 00:00:13.490754,17,1,1.0,14.0,14.0,13.0,3.0,3.0,6.0,13.0,,,,1.0,4.0,5.0,5.0,2.0,11.0,5.0,15.0,20,30.0,35.0,5.0,10.0,40.0,55.0,50.0,30.0,,,,30.0,10.0,20.0,40.0,55.0,50.0,40.0,55.0,COMPLETE
907,907,0.5906984442237669,2025-01-05 15:57:11.915056,2025-01-05 15:57:16.576958,0 days 00:00:04.661902,4,1,1.0,,,,,,,,,,,2.0,8.0,,,,,,,20,25.0,,,,,,,,,,,30.0,10.0,,,,,,,COMPLETE
908,908,0.0772005772005772,2025-01-05 15:57:16.577455,2025-01-05 15:57:21.115726,0 days 00:00:04.538271,16,1,1.0,12.0,5.0,4.0,4.0,1.0,13.0,,,,,1.0,6.0,12.0,2.0,15.0,3.0,3.0,5.0,20,30.0,60.0,40.0,15.0,50.0,15.0,15.0,,,,,25.0,5.0,25.0,15.0,60.0,20.0,45.0,15.0,COMPLETE
909,909,0.7622383252818036,2025-01-05 15:57:21.116592,2025-01-05 15:57:25.013208,0 days 00:00:03.896616,3,1,1.0,,,,,,,,,,,2.0,,,,,,,,15,30.0,,,,,,,,,,,25.0,,,,,,,,COMPLETE
910,910,0.8088624338624338,2025-01-05 15:57:25.013680,2025-01-05 15:57:29.217194,0 days 00:00:04.203514,3,4,2.0,,,,,,,,,,,1.0,,,,,,,,20,30.0,,,,,,,,,,,30.0,,,,,,,,COMPLETE
911,911,0.8156108597285068,2025-01-05 15:57:29.217646,2025-01-05 15:57:33.476861,0 days 00:00:04.259215,3,6,2.0,,,,,,,,,,,2.0,,,,,,,,20,30.0,,,,,,,,,,,30.0,,,,,,,,COMPLETE
912,912,0.8416052416052415,2025-01-05 15:57:33.477334,2025-01-05 15:57:38.721512,0 days 00:00:05.244178,4,1,1.0,,,,,,,,,,,1.0,1.0,,,,,,,20,35.0,,,,,,,,,,,30.0,5.0,,,,,,,COMPLETE
913,913,0.7767679183608387,2025-01-05 15:57:38.721992,2025-01-05 15:57:44.022343,0 days 00:00:05.300351,4,1,1.0,,,,,,,,,,,2.0,2.0,,,,,,,20,35.0,,,,,,,,,,,25.0,10.0,,,,,,,COMPLETE
914,914,0.77996632996633,2025-01-05 15:57:44.022828,2025-01-05 15:57:47.620129,0 days 00:00:03.597301,3,1,2.0,,,,,,,,,,,1.0,,,,,,,,20,30.0,,,,,,,,,,,35.0,,,,,,,,COMPLETE
915,915,0.8054054054054054,2025-01-05 15:57:47.620580,2025-01-05 15:57:51.778827,0 days 00:00:04.158247,3,1,1.0,,,,,,,,,,,3.0,,,,,,,,20,35.0,,,,,,,,,,,30.0,,,,,,,,COMPLETE
916,916,0.4631048010461424,2025-01-05 15:57:51.779289,2025-01-05 15:57:57.099731,0 days 00:00:05.320442,5,7,1.0,,,,,,,,,,,2.0,7.0,7.0,,,,,,15,35.0,,,,,,,,,,,35.0,15.0,50.0,,,,,,COMPLETE
917,917,0.8340579710144927,2025-01-05 15:57:57.100257,2025-01-05 15:58:01.267857,0 days 00:00:04.167600,3,1,2.0,,,,,,,,,,,1.0,,,,,,,,20,40.0,,,,,,,,,,,25.0,,,,,,,,COMPLETE
918,918,0.7686628383921248,2025-01-05 15:58:01.268424,2025-01-05 15:58:05.734477,0 days 00:00:04.466053,3,1,1.0,,,,,,,,,,,2.0,,,,,,,,15,40.0,,,,,,,,,,,30.0,,,,,,,,COMPLETE
919,919,0.7686628383921248,2025-01-05 15:58:05.734941,2025-01-05 15:58:10.703738,0 days 00:00:04.968797,4,1,2.0,,,,,,,,,,,1.0,5.0,,,,,,,20,40.0,,,,,,,,,,,25.0,20.0,,,,,,,COMPLETE
920,920,0.8196881091617934,2025-01-05 15:58:10.704239,2025-01-05 15:58:14.862064,0 days 00:00:04.157825,3,1,1.0,,,,,,,,,,,3.0,,,,,,,,20,30.0,,,,,,,,,,,30.0,,,,,,,,COMPLETE
921,921,0.7657467532467532,2025-01-05 15:58:14.862527,2025-01-05 15:58:19.895496,0 days 00:00:05.032969,4,1,1.0,,,,,,,,,,,2.0,3.0,,,,,,,5,35.0,,,,,,,,,,,35.0,10.0,,,,,,,COMPLETE
922,922,0.7636363636363637,2025-01-05 15:58:19.895991,2025-01-05 15:58:23.303495,0 days 00:00:03.407504,2,1,1.0,,,,,,,,,,,,,,,,,,,20,40.0,,,,,,,,,,,,,,,,,,,COMPLETE
923,923,0.7711987127916331,2025-01-05 15:58:23.303920,2025-01-05 15:58:27.441168,0 days 00:00:04.137248,3,1,2.0,,,,,,,,,,,1.0,,,,,,,,20,40.0,,,,,,,,,,,30.0,,,,,,,,COMPLETE
924,924,0.8144870534251065,2025-01-05 15:58:27.441622,2025-01-05 15:58:31.618992,0 days 00:00:04.177370,3,1,1.0,,,,,,,,,,,2.0,,,,,,,,15,40.0,,,,,,,,,,,25.0,,,,,,,,COMPLETE
925,925,0.8159504265250281,2025-01-05 15:58:31.619456,2025-01-05 15:58:35.049244,0 days 00:00:03.429788,2,1,1.0,,,,,,,,,,,,,,,,,,,20,35.0,,,,,,,,,,,,,,,,,,,COMPLETE
926,926,0.7890750886239124,2025-01-05 15:58:35.049657,2025-01-05 15:58:38.455856,0 days 00:00:03.406199,2,1,2.0,,,,,,,,,,,,,,,,,,,20,30.0,,,,,,,,,,,,,,,,,,,COMPLETE
927,927,0.8226495726495726,2025-01-05 15:58:38.456276,2025-01-05 15:58:42.611345,0 days 00:00:04.155069,3,1,1.0,,,,,,,,,,,3.0,,,,,,,,30,40.0,,,,,,,,,,,30.0,,,,,,,,COMPLETE
928,928,0.8000661211670386,2025-01-05 15:58:42.611793,2025-01-05 15:58:46.768100,0 days 00:00:04.156307,3,1,2.0,,,,,,,,,,,1.0,,,,,,,,25,35.0,,,,,,,,,,,30.0,,,,,,,,COMPLETE
929,929,0.7692496723460027,2025-01-05 15:58:46.768558,2025-01-05 15:58:50.198173,0 days 00:00:03.429615,2,1,1.0,,,,,,,,,,,,,,,,,,,20,40.0,,,,,,,,,,,,,,,,,,,COMPLETE
930,930,0.6106936921195176,2025-01-05 15:58:50.198591,2025-01-05 15:58:55.172694,0 days 00:00:04.974103,4,14,1.0,,,,,,,,,,,2.0,6.0,,,,,,,20,40.0,,,,,,,,,,,25.0,5.0,,,,,,,COMPLETE
931,931,0.8699677938808373,2025-01-05 15:58:55.173192,2025-01-05 15:58:59.875180,0 days 00:00:04.701988,3,15,2.0,,,,,,,,,,,2.0,,,,,,,,30,30.0,,,,,,,,,,,35.0,,,,,,,,COMPLETE
932,932,0.4601840736294518,2025-01-05 15:58:59.875882,2025-01-05 15:59:05.007231,0 days 00:00:05.131349,4,1,14.0,,,,,,,,,,,2.0,4.0,,,,,,,30,25.0,,,,,,,,,,,45.0,10.0,,,,,,,COMPLETE
933,933,0.8141010575793185,2025-01-05 15:59:05.007954,2025-01-05 15:59:10.211329,0 days 00:00:05.203375,4,10,2.0,,,,,,,,,,,2.0,1.0,,,,,,,30,30.0,,,,,,,,,,,35.0,15.0,,,,,,,COMPLETE
934,934,0.7925233644859813,2025-01-05 15:59:10.211850,2025-01-05 15:59:14.637081,0 days 00:00:04.425231,3,11,2.0,,,,,,,,,,,1.0,,,,,,,,30,30.0,,,,,,,,,,,40.0,,,,,,,,COMPLETE
935,935,0.8610038610038611,2025-01-05 15:59:14.637545,2025-01-05 15:59:18.792716,0 days 00:00:04.155171,3,1,2.0,,,,,,,,,,,3.0,,,,,,,,30,30.0,,,,,,,,,,,30.0,,,,,,,,COMPLETE
936,936,0.5932444891459223,2025-01-05 15:59:18.793196,2025-01-05 15:59:24.202686,0 days 00:00:05.409490,4,14,2.0,,,,,,,,,,,3.0,2.0,,,,,,,30,25.0,,,,,,,,,,,30.0,15.0,,,,,,,COMPLETE
937,937,0.6006880349051854,2025-01-05 15:59:24.203186,2025-01-05 15:59:29.336009,0 days 00:00:05.132823,4,15,2.0,,,,,,,,,,,3.0,3.0,,,,,,,30,30.0,,,,,,,,,,,30.0,20.0,,,,,,,COMPLETE
938,938,0.22658227848101267,2025-01-05 15:59:29.336519,2025-01-05 15:59:33.987712,0 days 00:00:04.651193,10,14,2.0,,,,,,,,,,,3.0,8.0,9.0,13.0,3.0,7.0,10.0,7.0,30,30.0,,,,,,,,,,,30.0,5.0,30.0,20.0,25.0,60.0,55.0,35.0,COMPLETE
939,939,0.8192604632263307,2025-01-05 15:59:33.988390,2025-01-05 15:59:38.429561,0 days 00:00:04.441171,3,1,2.0,,,,,,,,,,,3.0,,,,,,,,30,30.0,,,,,,,,,,,30.0,,,,,,,,COMPLETE
940,940,0.4368156259248298,2025-01-05 15:59:38.430028,2025-01-05 15:59:47.118745,0 days 00:00:08.688717,6,1,2.0,,,,,,,,,,,2.0,5.0,15.0,11.0,,,,,30,30.0,,,,,,,,,,,30.0,25.0,25.0,45.0,,,,,COMPLETE
941,941,0.7802896218825423,2025-01-05 15:59:47.119341,2025-01-05 15:59:51.282099,0 days 00:00:04.162758,3,1,2.0,,,,,,,,,,,3.0,,,,,,,,30,30.0,,,,,,,,,,,30.0,,,,,,,,COMPLETE
942,942,0.8107493707883413,2025-01-05 15:59:51.282561,2025-01-05 15:59:55.798666,0 days 00:00:04.516105,3,12,1.0,,,,,,,,,,,4.0,,,,,,,,30,30.0,,,,,,,,,,,30.0,,,,,,,,COMPLETE
943,943,0.8219292389853137,2025-01-05 15:59:55.799126,2025-01-05 15:59:59.967665,0 days 00:00:04.168539,3,1,2.0,,,,,,,,,,,2.0,,,,,,,,30,30.0,,,,,,,,,,,35.0,,,,,,,,COMPLETE
944,944,0.6050420168067228,2025-01-05 15:59:59.968138,2025-01-05 16:00:04.923513,0 days 00:00:04.955375,4,1,1.0,,,,,,,,,,,4.0,4.0,,,,,,,30,30.0,,,,,,,,,,,30.0,15.0,,,,,,,COMPLETE
945,945,0.7801932367149759,2025-01-05 16:00:04.924077,2025-01-05 16:00:09.443222,0 days 00:00:04.519145,3,13,1.0,,,,,,,,,,,3.0,,,,,,,,30,25.0,,,,,,,,,,,25.0,,,,,,,,COMPLETE
946,946,0.8067761145984227,2025-01-05 16:00:09.443703,2025-01-05 16:00:14.737276,0 days 00:00:05.293573,4,13,2.0,,,,,,,,,,,2.0,1.0,,,,,,,30,30.0,,,,,,,,,,,50.0,30.0,,,,,,,COMPLETE
947,947,0.855646667207924,2025-01-05 16:00:14.737784,2025-01-05 16:00:18.910391,0 days 00:00:04.172607,3,1,1.0,,,,,,,,,,,1.0,,,,,,,,30,25.0,,,,,,,,,,,35.0,,,,,,,,COMPLETE
948,948,0.8156622623267805,2025-01-05 16:00:18.910861,2025-01-05 16:00:23.058128,0 days 00:00:04.147267,3,1,1.0,,,,,,,,,,,2.0,,,,,,,,30,30.0,,,,,,,,,,,30.0,,,,,,,,COMPLETE
949,949,0.8121556186341626,2025-01-05 16:00:23.058600,2025-01-05 16:00:27.648993,0 days 00:00:04.590393,3,15,2.0,,,,,,,,,,,3.0,,,,,,,,25,40.0,,,,,,,,,,,30.0,,,,,,,,COMPLETE
950,950,0.8054054054054054,2025-01-05 16:00:27.649471,2025-01-05 16:00:32.839107,0 days 00:00:05.189636,4,11,1.0,,,,,,,,,,,1.0,3.0,,,,,,,30,30.0,,,,,,,,,,,30.0,10.0,,,,,,,COMPLETE
951,951,0.8156622623267805,2025-01-05 16:00:32.839616,2025-01-05 16:00:37.020891,0 days 00:00:04.181275,3,1,1.0,,,,,,,,,,,3.0,,,,,,,,30,30.0,,,,,,,,,,,25.0,,,,,,,,COMPLETE
952,952,0.7472027972027973,2025-01-05 16:00:37.021375,2025-01-05 16:00:41.187833,0 days 00:00:04.166458,3,1,2.0,,,,,,,,,,,4.0,,,,,,,,30,30.0,,,,,,,,,,,35.0,,,,,,,,COMPLETE
953,953,0.49433628318584066,2025-01-05 16:00:41.188333,2025-01-05 16:00:47.401525,0 days 00:00:06.213192,5,1,1.0,,,,,,,,,,,14.0,11.0,3.0,,,,,,30,30.0,,,,,,,,,,,25.0,5.0,45.0,,,,,,COMPLETE
954,954,0.7925233644859813,2025-01-05 16:00:47.402328,2025-01-05 16:00:51.846440,0 days 00:00:04.444112,3,12,1.0,,,,,,,,,,,2.0,,,,,,,,25,30.0,,,,,,,,,,,30.0,,,,,,,,COMPLETE
955,955,0.8244637961619095,2025-01-05 16:00:51.847036,2025-01-05 16:00:56.241989,0 days 00:00:04.394953,3,15,2.0,,,,,,,,,,,1.0,,,,,,,,10,30.0,,,,,,,,,,,25.0,,,,,,,,COMPLETE
956,956,0.6819031435853866,2025-01-05 16:00:56.242507,2025-01-05 16:01:01.206780,0 days 00:00:04.964273,4,1,1.0,,,,,,,,,,,2.0,7.0,,,,,,,30,30.0,,,,,,,,,,,30.0,20.0,,,,,,,COMPLETE
957,957,0.8467971096858001,2025-01-05 16:01:01.207338,2025-01-05 16:01:05.594627,0 days 00:00:04.387289,3,9,1.0,,,,,,,,,,,3.0,,,,,,,,30,30.0,,,,,,,,,,,50.0,,,,,,,,COMPLETE
958,958,0.7981821106821108,2025-01-05 16:01:05.595119,2025-01-05 16:01:10.522775,0 days 00:00:04.927656,4,1,2.0,,,,,,,,,,,1.0,2.0,,,,,,,30,25.0,,,,,,,,,,,35.0,35.0,,,,,,,COMPLETE
959,959,0.8016569200779726,2025-01-05 16:01:10.523297,2025-01-05 16:01:14.723374,0 days 00:00:04.200077,3,1,1.0,,,,,,,,,,,2.0,,,,,,,,25,40.0,,,,,,,,,,,30.0,,,,,,,,COMPLETE
960,960,0.6904308990157968,2025-01-05 16:01:14.723857,2025-01-05 16:01:19.111339,0 days 00:00:04.387482,3,1,13.0,,,,,,,,,,,1.0,,,,,,,,30,40.0,,,,,,,,,,,25.0,,,,,,,,COMPLETE
961,961,0.7679802955665025,2025-01-05 16:01:19.111832,2025-01-05 16:01:23.268922,0 days 00:00:04.157090,3,1,2.0,,,,,,,,,,,3.0,,,,,,,,30,30.0,,,,,,,,,,,60.0,,,,,,,,COMPLETE
962,962,0.5844036697247706,2025-01-05 16:01:23.269417,2025-01-05 16:01:28.260389,0 days 00:00:04.990972,4,1,1.0,,,,,,,,,,,4.0,5.0,,,,,,,30,40.0,,,,,,,,,,,30.0,25.0,,,,,,,COMPLETE
