,number,value,datetime_start,datetime_complete,duration,params_depth,params_grids_0,params_grids_1,params_grids_10,params_grids_11,params_grids_12,params_grids_13,params_grids_14,params_grids_15,params_grids_16,params_grids_17,params_grids_18,params_grids_19,params_grids_2,params_grids_3,params_grids_4,params_grids_5,params_grids_6,params_grids_7,params_grids_8,params_grids_9,params_neurons_layer_0,params_neurons_layer_1,params_neurons_layer_10,params_neurons_layer_11,params_neurons_layer_12,params_neurons_layer_13,params_neurons_layer_14,params_neurons_layer_15,params_neurons_layer_16,params_neurons_layer_17,params_neurons_layer_18,params_neurons_layer_19,params_neurons_layer_2,params_neurons_layer_3,params_neurons_layer_4,params_neurons_layer_5,params_neurons_layer_6,params_neurons_layer_7,params_neurons_layer_8,params_neurons_layer_9,state
354,354,0.703971526026991,2025-01-06 20:50:50.949637,2025-01-06 20:51:03.837202,0 days 00:00:12.887565,5,2,1.0,,,,,,,,,,,4.0,7.0,1.0,,,,,,45,30.0,,,,,,,,,,,55.0,45.0,45.0,,,,,,COMPLETE
355,355,0.9432250512145157,2025-01-06 20:51:03.837680,2025-01-06 20:51:07.282351,0 days 00:00:03.444671,2,1,3.0,,,,,,,,,,,,,,,,,,,45,30.0,,,,,,,,,,,,,,,,,,,COMPLETE
356,356,0.9472584359050495,2025-01-06 20:51:07.282720,2025-01-06 20:51:12.055824,0 days 00:00:04.773104,3,2,2.0,,,,,,,,,,,2.0,,,,,,,,45,30.0,,,,,,,,,,,55.0,,,,,,,,COMPLETE
357,357,0.0,2025-01-06 20:51:12.056291,2025-01-06 20:53:22.451275,0 days 00:02:10.394984,19,1,1.0,10.0,2.0,15.0,13.0,10.0,10.0,11.0,8.0,1.0,,5.0,6.0,7.0,2.0,9.0,7.0,13.0,13.0,45,30.0,20.0,50.0,45.0,50.0,25.0,20.0,60.0,40.0,60.0,,55.0,50.0,35.0,40.0,25.0,35.0,15.0,35.0,COMPLETE
358,358,0.9480814472296584,2025-01-06 20:53:22.452191,2025-01-06 20:53:25.529058,0 days 00:00:03.076867,2,1,2.0,,,,,,,,,,,,,,,,,,,40,30.0,,,,,,,,,,,,,,,,,,,COMPLETE
359,359,0.9558707709373266,2025-01-06 20:53:25.529450,2025-01-06 20:53:29.730738,0 days 00:00:04.201288,3,1,1.0,,,,,,,,,,,3.0,,,,,,,,45,30.0,,,,,,,,,,,60.0,,,,,,,,COMPLETE
360,360,0.8809034030041256,2025-01-06 20:53:29.731141,2025-01-06 20:53:38.337480,0 days 00:00:08.606339,4,2,2.0,,,,,,,,,,,1.0,9.0,,,,,,,60,55.0,,,,,,,,,,,55.0,30.0,,,,,,,COMPLETE
361,361,0.6773281165295684,2025-01-06 20:53:38.337938,2025-01-06 20:53:52.460695,0 days 00:00:14.122757,3,1,15.0,,,,,,,,,,,6.0,,,,,,,,35,60.0,,,,,,,,,,,25.0,,,,,,,,COMPLETE
362,362,0.9423813340457743,2025-01-06 20:53:52.461268,2025-01-06 20:53:55.814121,0 days 00:00:03.352853,2,1,1.0,,,,,,,,,,,,,,,,,,,40,25.0,,,,,,,,,,,,,,,,,,,COMPLETE
363,363,0.9463928980269803,2025-01-06 20:53:55.814486,2025-01-06 20:54:03.376038,0 days 00:00:07.561552,3,2,2.0,,,,,,,,,,,4.0,,,,,,,,45,55.0,,,,,,,,,,,55.0,,,,,,,,COMPLETE
364,364,0.9473591637770742,2025-01-06 20:54:03.376442,2025-01-06 20:54:07.879835,0 days 00:00:04.503393,3,1,1.0,,,,,,,,,,,3.0,,,,,,,,60,25.0,,,,,,,,,,,60.0,,,,,,,,COMPLETE
365,365,0.5540681105728128,2025-01-06 20:54:07.880234,2025-01-06 20:54:43.988773,0 days 00:00:36.108539,10,1,2.0,,,,,,,,,,,5.0,1.0,4.0,10.0,5.0,6.0,11.0,10.0,40,20.0,,,,,,,,,,,30.0,55.0,50.0,20.0,15.0,60.0,25.0,10.0,COMPLETE
366,366,0.9499031453377371,2025-01-06 20:54:43.989430,2025-01-06 20:54:46.886011,0 days 00:00:02.896581,2,1,1.0,,,,,,,,,,,,,,,,,,,35,25.0,,,,,,,,,,,,,,,,,,,COMPLETE
367,367,0.8651968289612466,2025-01-06 20:54:46.886549,2025-01-06 20:54:53.714248,0 days 00:00:06.827699,3,2,4.0,,,,,,,,,,,4.0,,,,,,,,45,30.0,,,,,,,,,,,55.0,,,,,,,,COMPLETE
368,368,0.949197104584408,2025-01-06 20:54:53.714683,2025-01-06 20:54:57.701371,0 days 00:00:03.986688,4,1,2.0,,,,,,,,,,,2.0,3.0,,,,,,,40,20.0,,,,,,,,,,,30.0,45.0,,,,,,,COMPLETE
369,369,0.9558707709373266,2025-01-06 20:54:57.701804,2025-01-06 20:55:02.097864,0 days 00:00:04.396060,3,1,3.0,,,,,,,,,,,3.0,,,,,,,,60,25.0,,,,,,,,,,,25.0,,,,,,,,COMPLETE
370,370,0.9466642961909417,2025-01-06 20:55:02.098293,2025-01-06 20:55:04.751853,0 days 00:00:02.653560,2,2,1.0,,,,,,,,,,,,,,,,,,,30,25.0,,,,,,,,,,,,,,,,,,,COMPLETE
371,371,0.9606729298667249,2025-01-06 20:55:04.752232,2025-01-06 20:55:08.059307,0 days 00:00:03.307075,3,1,2.0,,,,,,,,,,,4.0,,,,,,,,35,25.0,,,,,,,,,,,15.0,,,,,,,,COMPLETE
372,372,0.692894954700745,2025-01-06 20:55:08.059683,2025-01-06 20:55:13.634545,0 days 00:00:05.574862,4,1,2.0,,,,,,,,,,,4.0,6.0,,,,,,,35,30.0,,,,,,,,,,,15.0,10.0,,,,,,,COMPLETE
373,373,0.9441077441077441,2025-01-06 20:55:13.634998,2025-01-06 20:55:17.766233,0 days 00:00:04.131235,3,1,3.0,,,,,,,,,,,4.0,,,,,,,,35,45.0,,,,,,,,,,,15.0,,,,,,,,COMPLETE
374,374,0.9292042025383864,2025-01-06 20:55:17.766634,2025-01-06 20:55:22.804796,0 days 00:00:05.038162,3,8,2.0,,,,,,,,,,,4.0,,,,,,,,35,25.0,,,,,,,,,,,5.0,,,,,,,,COMPLETE
375,375,0.6896028037383177,2025-01-06 20:55:22.805192,2025-01-06 20:55:35.536908,0 days 00:00:12.731716,4,11,2.0,,,,,,,,,,,5.0,2.0,,,,,,,35,50.0,,,,,,,,,,,10.0,25.0,,,,,,,COMPLETE
376,376,0.9573955477635524,2025-01-06 20:55:35.537379,2025-01-06 20:55:39.050271,0 days 00:00:03.512892,3,1,2.0,,,,,,,,,,,4.0,,,,,,,,35,25.0,,,,,,,,,,,10.0,,,,,,,,COMPLETE
377,377,0.6980281268356734,2025-01-06 20:55:39.050673,2025-01-06 20:55:44.918303,0 days 00:00:05.867630,4,1,3.0,,,,,,,,,,,3.0,5.0,,,,,,,35,25.0,,,,,,,,,,,10.0,35.0,,,,,,,COMPLETE
378,378,0.8752457426451956,2025-01-06 20:55:44.918756,2025-01-06 20:55:50.090904,0 days 00:00:05.172148,3,1,2.0,,,,,,,,,,,12.0,,,,,,,,35,25.0,,,,,,,,,,,10.0,,,,,,,,COMPLETE
379,379,0.9616100693437981,2025-01-06 20:55:50.091341,2025-01-06 20:55:53.641057,0 days 00:00:03.549716,3,1,2.0,,,,,,,,,,,2.0,,,,,,,,35,25.0,,,,,,,,,,,15.0,,,,,,,,COMPLETE
380,380,0.9413507788650144,2025-01-06 20:55:53.641502,2025-01-06 20:55:57.169328,0 days 00:00:03.527826,3,1,2.0,,,,,,,,,,,6.0,,,,,,,,35,15.0,,,,,,,,,,,15.0,,,,,,,,COMPLETE
381,381,0.7133387888707037,2025-01-06 20:55:57.169740,2025-01-06 20:56:04.840503,0 days 00:00:07.670763,4,1,1.0,,,,,,,,,,,4.0,8.0,,,,,,,35,25.0,,,,,,,,,,,15.0,60.0,,,,,,,COMPLETE
382,382,0.9476322118707323,2025-01-06 20:56:04.841124,2025-01-06 20:56:08.852644,0 days 00:00:04.011520,3,1,2.0,,,,,,,,,,,3.0,,,,,,,,30,30.0,,,,,,,,,,,5.0,,,,,,,,COMPLETE
383,383,0.9424286445809956,2025-01-06 20:56:08.853085,2025-01-06 20:56:11.390238,0 days 00:00:02.537153,2,1,2.0,,,,,,,,,,,,,,,,,,,35,20.0,,,,,,,,,,,,,,,,,,,COMPLETE
384,384,0.9525283282583736,2025-01-06 20:56:11.390601,2025-01-06 20:56:14.650022,0 days 00:00:03.259421,3,1,1.0,,,,,,,,,,,5.0,,,,,,,,35,25.0,,,,,,,,,,,10.0,,,,,,,,COMPLETE
385,385,0.6235837750349037,2025-01-06 20:56:14.650435,2025-01-06 20:56:27.101587,0 days 00:00:12.451152,4,1,13.0,,,,,,,,,,,2.0,12.0,,,,,,,35,25.0,,,,,,,,,,,15.0,40.0,,,,,,,COMPLETE
386,386,0.9474441383532293,2025-01-06 20:56:27.102027,2025-01-06 20:56:30.073914,0 days 00:00:02.971887,2,1,3.0,,,,,,,,,,,,,,,,,,,30,25.0,,,,,,,,,,,,,,,,,,,COMPLETE
387,387,0.948409710071098,2025-01-06 20:56:30.074286,2025-01-06 20:56:33.447472,0 days 00:00:03.373186,3,1,1.0,,,,,,,,,,,4.0,,,,,,,,35,25.0,,,,,,,,,,,20.0,,,,,,,,COMPLETE
388,388,0.9489795918367347,2025-01-06 20:56:33.447858,2025-01-06 20:56:37.271457,0 days 00:00:03.823599,3,1,2.0,,,,,,,,,,,3.0,,,,,,,,35,30.0,,,,,,,,,,,5.0,,,,,,,,COMPLETE
389,389,0.9574672921640317,2025-01-06 20:56:37.271853,2025-01-06 20:56:40.668514,0 days 00:00:03.396661,2,1,1.0,,,,,,,,,,,,,,,,,,,35,20.0,,,,,,,,,,,,,,,,,,,COMPLETE
390,390,0.9406599891987595,2025-01-06 20:56:40.668877,2025-01-06 20:56:43.351779,0 days 00:00:02.682902,2,1,1.0,,,,,,,,,,,,,,,,,,,35,20.0,,,,,,,,,,,,,,,,,,,COMPLETE
391,391,0.9429709972077621,2025-01-06 20:56:43.352143,2025-01-06 20:56:45.979478,0 days 00:00:02.627335,2,2,1.0,,,,,,,,,,,,,,,,,,,30,20.0,,,,,,,,,,,,,,,,,,,COMPLETE
392,392,0.9441901877246704,2025-01-06 20:56:45.979829,2025-01-06 20:56:48.801692,0 days 00:00:02.821863,2,1,1.0,,,,,,,,,,,,,,,,,,,35,20.0,,,,,,,,,,,,,,,,,,,COMPLETE
393,393,0.3518664477285167,2025-01-06 20:56:48.802060,2025-01-06 20:57:09.703470,0 days 00:00:20.901410,14,5,1.0,14.0,6.0,6.0,6.0,,,,,,,1.0,3.0,5.0,7.0,2.0,4.0,7.0,6.0,35,20.0,40.0,35.0,30.0,30.0,,,,,,,20.0,30.0,25.0,5.0,30.0,20.0,5.0,55.0,COMPLETE
394,394,0.9516665324070345,2025-01-06 20:57:09.704338,2025-01-06 20:57:13.489057,0 days 00:00:03.784719,2,2,1.0,,,,,,,,,,,,,,,,,,,35,20.0,,,,,,,,,,,,,,,,,,,COMPLETE
395,395,0.9437985585626103,2025-01-06 20:57:13.489478,2025-01-06 20:57:16.438340,0 days 00:00:02.948862,2,1,1.0,,,,,,,,,,,,,,,,,,,35,25.0,,,,,,,,,,,,,,,,,,,COMPLETE
396,396,0.9421656473445159,2025-01-06 20:57:16.438728,2025-01-06 20:57:21.683315,0 days 00:00:05.244587,3,1,1.0,,,,,,,,,,,6.0,,,,,,,,35,25.0,,,,,,,,,,,60.0,,,,,,,,COMPLETE
397,397,0.9466420729810214,2025-01-06 20:57:21.683714,2025-01-06 20:57:25.021121,0 days 00:00:03.337407,3,1,1.0,,,,,,,,,,,5.0,,,,,,,,35,15.0,,,,,,,,,,,10.0,,,,,,,,COMPLETE
398,398,0.7086245389244807,2025-01-06 20:57:25.021510,2025-01-06 20:57:35.652962,0 days 00:00:10.631452,4,2,1.0,,,,,,,,,,,4.0,7.0,,,,,,,35,20.0,,,,,,,,,,,55.0,35.0,,,,,,,COMPLETE
399,399,0.6221223747980613,2025-01-06 20:57:35.653437,2025-01-06 20:57:47.502335,0 days 00:00:11.848898,5,1,2.0,,,,,,,,,,,5.0,10.0,3.0,,,,,,30,30.0,,,,,,,,,,,15.0,45.0,30.0,,,,,,COMPLETE
400,400,0.9296615031554791,2025-01-06 20:57:47.502797,2025-01-06 20:57:50.741835,0 days 00:00:03.239038,2,1,1.0,,,,,,,,,,,,,,,,,,,35,35.0,,,,,,,,,,,,,,,,,,,COMPLETE
401,401,0.9475043267950652,2025-01-06 20:57:50.742214,2025-01-06 20:57:54.338870,0 days 00:00:03.596656,3,1,2.0,,,,,,,,,,,2.0,,,,,,,,35,25.0,,,,,,,,,,,60.0,,,,,,,,COMPLETE
402,402,0.9448103064012326,2025-01-06 20:57:54.339267,2025-01-06 20:57:58.751443,0 days 00:00:04.412176,2,2,5.0,,,,,,,,,,,,,,,,,,,35,25.0,,,,,,,,,,,,,,,,,,,COMPLETE
403,403,0.7049332194090929,2025-01-06 20:57:58.751836,2025-01-06 20:58:14.908957,0 days 00:00:16.157121,3,13,1.0,,,,,,,,,,,15.0,,,,,,,,35,25.0,,,,,,,,,,,40.0,,,,,,,,COMPLETE
404,404,0.9432788051209103,2025-01-06 20:58:14.909493,2025-01-06 20:58:19.063511,0 days 00:00:04.154018,3,1,2.0,,,,,,,,,,,4.0,,,,,,,,35,30.0,,,,,,,,,,,50.0,,,,,,,,COMPLETE
405,405,0.8896717476586264,2025-01-06 20:58:19.064080,2025-01-06 20:58:23.854658,0 days 00:00:04.790578,4,1,1.0,,,,,,,,,,,5.0,5.0,,,,,,,30,25.0,,,,,,,,,,,20.0,15.0,,,,,,,COMPLETE
406,406,0.9490900996160053,2025-01-06 20:58:23.855140,2025-01-06 20:58:27.034401,0 days 00:00:03.179261,2,1,2.0,,,,,,,,,,,,,,,,,,,35,25.0,,,,,,,,,,,,,,,,,,,COMPLETE
407,407,0.7188064783181558,2025-01-06 20:58:27.034779,2025-01-06 20:58:36.926279,0 days 00:00:09.891500,3,2,3.0,,,,,,,,,,,10.0,,,,,,,,35,30.0,,,,,,,,,,,55.0,,,,,,,,COMPLETE
408,408,0.9557957707289928,2025-01-06 20:58:36.926702,2025-01-06 20:58:39.841822,0 days 00:00:02.915120,2,1,1.0,,,,,,,,,,,,,,,,,,,60,20.0,,,,,,,,,,,,,,,,,,,COMPLETE
409,409,0.8524190581309787,2025-01-06 20:58:39.842193,2025-01-06 20:58:47.670294,0 days 00:00:07.828101,4,1,2.0,,,,,,,,,,,4.0,4.0,,,,,,,35,25.0,,,,,,,,,,,60.0,50.0,,,,,,,COMPLETE
410,410,0.9507707718849129,2025-01-06 20:58:47.670729,2025-01-06 20:58:53.158568,0 days 00:00:05.487839,3,1,1.0,,,,,,,,,,,6.0,,,,,,,,50,25.0,,,,,,,,,,,55.0,,,,,,,,COMPLETE
411,411,0.9498947779186933,2025-01-06 20:58:53.158995,2025-01-06 20:58:56.441630,0 days 00:00:03.282635,2,2,2.0,,,,,,,,,,,,,,,,,,,40,35.0,,,,,,,,,,,,,,,,,,,COMPLETE
412,412,0.9500699087725126,2025-01-06 20:58:56.441993,2025-01-06 20:59:00.691546,0 days 00:00:04.249553,4,1,1.0,,,,,,,,,,,2.0,1.0,,,,,,,35,30.0,,,,,,,,,,,50.0,20.0,,,,,,,COMPLETE
413,413,0.915895381303761,2025-01-06 20:59:00.691988,2025-01-06 20:59:05.679671,0 days 00:00:04.987683,3,4,2.0,,,,,,,,,,,1.0,,,,,,,,60,25.0,,,,,,,,,,,60.0,,,,,,,,COMPLETE
414,414,0.9450941306755261,2025-01-06 20:59:05.680072,2025-01-06 20:59:09.592044,0 days 00:00:03.911972,3,1,1.0,,,,,,,,,,,3.0,,,,,,,,45,20.0,,,,,,,,,,,55.0,,,,,,,,COMPLETE
415,415,0.956588395326019,2025-01-06 20:59:09.592466,2025-01-06 20:59:12.419246,0 days 00:00:02.826780,2,1,2.0,,,,,,,,,,,,,,,,,,,30,25.0,,,,,,,,,,,,,,,,,,,COMPLETE
416,416,0.9524514441538204,2025-01-06 20:59:12.419614,2025-01-06 20:59:17.810082,0 days 00:00:05.390468,3,2,1.0,,,,,,,,,,,4.0,,,,,,,,45,30.0,,,,,,,,,,,40.0,,,,,,,,COMPLETE
417,417,0.9616717963532928,2025-01-06 20:59:17.810545,2025-01-06 20:59:20.736157,0 days 00:00:02.925612,2,1,2.0,,,,,,,,,,,,,,,,,,,35,25.0,,,,,,,,,,,,,,,,,,,COMPLETE
418,418,0.5850310209867362,2025-01-06 20:59:20.736517,2025-01-06 20:59:42.439887,0 days 00:00:21.703370,7,1,1.0,,,,,,,,,,,6.0,2.0,11.0,1.0,6.0,,,,40,25.0,,,,,,,,,,,50.0,10.0,20.0,60.0,35.0,,,,COMPLETE
419,419,0.9406417052557492,2025-01-06 20:59:42.440614,2025-01-06 20:59:45.985273,0 days 00:00:03.544659,2,1,2.0,,,,,,,,,,,,,,,,,,,50,20.0,,,,,,,,,,,,,,,,,,,COMPLETE
420,420,0.4012754855541598,2025-01-06 20:59:45.985650,2025-01-06 21:00:10.021742,0 days 00:00:24.036092,11,2,1.0,7.0,,,,,,,,,,2.0,9.0,8.0,12.0,14.0,9.0,13.0,4.0,35,25.0,10.0,,,,,,,,,,60.0,55.0,5.0,15.0,55.0,50.0,10.0,45.0,COMPLETE
421,421,0.9547474747474747,2025-01-06 21:00:10.022341,2025-01-06 21:00:15.619859,0 days 00:00:05.597518,2,1,9.0,,,,,,,,,,,,,,,,,,,60,30.0,,,,,,,,,,,,,,,,,,,COMPLETE
422,422,0.9532552954292085,2025-01-06 21:00:15.620251,2025-01-06 21:00:18.558387,0 days 00:00:02.938136,2,1,3.0,,,,,,,,,,,,,,,,,,,40,25.0,,,,,,,,,,,,,,,,,,,COMPLETE
423,423,0.9583997785160576,2025-01-06 21:00:18.558751,2025-01-06 21:00:22.657151,0 days 00:00:04.098400,2,2,2.0,,,,,,,,,,,,,,,,,,,45,25.0,,,,,,,,,,,,,,,,,,,COMPLETE
424,424,0.957534664448142,2025-01-06 21:00:22.657520,2025-01-06 21:00:26.347306,0 days 00:00:03.689786,2,2,1.0,,,,,,,,,,,,,,,,,,,45,15.0,,,,,,,,,,,,,,,,,,,COMPLETE
425,425,0.9142251721666511,2025-01-06 21:00:26.347704,2025-01-06 21:00:33.674651,0 days 00:00:07.326947,1,2,,,,,,,,,,,,,,,,,,,,45,,,,,,,,,,,,,,,,,,,,COMPLETE
426,426,0.940708681205149,2025-01-06 21:00:33.675048,2025-01-06 21:00:37.556221,0 days 00:00:03.881173,2,2,4.0,,,,,,,,,,,,,,,,,,,45,10.0,,,,,,,,,,,,,,,,,,,COMPLETE
427,427,0.9536892437518811,2025-01-06 21:00:37.556612,2025-01-06 21:00:44.945905,0 days 00:00:07.389293,1,2,,,,,,,,,,,,,,,,,,,,45,,,,,,,,,,,,,,,,,,,,COMPLETE
428,428,0.9482418853567098,2025-01-06 21:00:44.946473,2025-01-06 21:00:48.487517,0 days 00:00:03.541044,2,2,2.0,,,,,,,,,,,,,,,,,,,45,10.0,,,,,,,,,,,,,,,,,,,COMPLETE
429,429,0.9366692685257458,2025-01-06 21:00:48.487915,2025-01-06 21:00:52.728408,0 days 00:00:04.240493,2,2,1.0,,,,,,,,,,,,,,,,,,,45,25.0,,,,,,,,,,,,,,,,,,,COMPLETE
430,430,0.9523033226332331,2025-01-06 21:00:52.728784,2025-01-06 21:00:56.210371,0 days 00:00:03.481587,2,2,2.0,,,,,,,,,,,,,,,,,,,45,15.0,,,,,,,,,,,,,,,,,,,COMPLETE
431,431,0.9573960101867572,2025-01-06 21:00:56.210765,2025-01-06 21:01:03.373893,0 days 00:00:07.163128,1,2,,,,,,,,,,,,,,,,,,,,45,,,,,,,,,,,,,,,,,,,,COMPLETE
432,432,0.9423444147896682,2025-01-06 21:01:03.374286,2025-01-06 21:01:07.537545,0 days 00:00:04.163259,2,2,1.0,,,,,,,,,,,,,,,,,,,45,15.0,,,,,,,,,,,,,,,,,,,COMPLETE
433,433,0.9490399271919197,2025-01-06 21:01:07.537941,2025-01-06 21:01:11.843062,0 days 00:00:04.305121,2,2,2.0,,,,,,,,,,,,,,,,,,,45,25.0,,,,,,,,,,,,,,,,,,,COMPLETE
434,434,0.9506254796838148,2025-01-06 21:01:11.843463,2025-01-06 21:01:17.332380,0 days 00:00:05.488917,3,2,3.0,,,,,,,,,,,2.0,,,,,,,,45,30.0,,,,,,,,,,,35.0,,,,,,,,COMPLETE
435,435,0.9310916584044449,2025-01-06 21:01:17.332814,2025-01-06 21:01:23.024551,0 days 00:00:05.691737,3,3,1.0,,,,,,,,,,,9.0,,,,,,,,40,25.0,,,,,,,,,,,40.0,,,,,,,,COMPLETE
436,436,0.9475169235366456,2025-01-06 21:01:23.024972,2025-01-06 21:01:30.369855,0 days 00:00:07.344883,1,2,,,,,,,,,,,,,,,,,,,,45,,,,,,,,,,,,,,,,,,,,COMPLETE
437,437,0.948193244633255,2025-01-06 21:01:30.370257,2025-01-06 21:01:33.930385,0 days 00:00:03.560128,2,1,2.0,,,,,,,,,,,,,,,,,,,60,25.0,,,,,,,,,,,,,,,,,,,COMPLETE
438,438,0.9116918027220509,2025-01-06 21:01:33.930760,2025-01-06 21:01:40.674964,0 days 00:00:06.744204,3,6,1.0,,,,,,,,,,,7.0,,,,,,,,40,15.0,,,,,,,,,,,60.0,,,,,,,,COMPLETE
439,439,0.9457606366697275,2025-01-06 21:01:40.675386,2025-01-06 21:01:46.368788,0 days 00:00:05.693402,4,2,2.0,,,,,,,,,,,1.0,3.0,,,,,,,45,5.0,,,,,,,,,,,35.0,40.0,,,,,,,COMPLETE
440,440,0.9283630973726362,2025-01-06 21:01:46.369238,2025-01-06 21:01:52.535609,0 days 00:00:06.166371,1,1,,,,,,,,,,,,,,,,,,,,45,,,,,,,,,,,,,,,,,,,,COMPLETE
441,441,0.9450426498282929,2025-01-06 21:01:52.536155,2025-01-06 21:01:55.411533,0 days 00:00:02.875378,2,1,1.0,,,,,,,,,,,,,,,,,,,40,10.0,,,,,,,,,,,,,,,,,,,COMPLETE
442,442,0.8966857529687191,2025-01-06 21:01:55.411985,2025-01-06 21:02:04.330663,0 days 00:00:08.918678,3,7,2.0,,,,,,,,,,,5.0,,,,,,,,60,30.0,,,,,,,,,,,60.0,,,,,,,,COMPLETE
443,443,0.9533217035744842,2025-01-06 21:02:04.331116,2025-01-06 21:02:07.958110,0 days 00:00:03.626994,2,3,1.0,,,,,,,,,,,,,,,,,,,40,25.0,,,,,,,,,,,,,,,,,,,COMPLETE
444,444,0.9550091115160674,2025-01-06 21:02:07.958499,2025-01-06 21:02:12.882811,0 days 00:00:04.924312,3,1,3.0,,,,,,,,,,,2.0,,,,,,,,55,25.0,,,,,,,,,,,40.0,,,,,,,,COMPLETE
445,445,0.8156285264899694,2025-01-06 21:02:12.883298,2025-01-06 21:02:20.831380,0 days 00:00:07.948082,4,2,1.0,,,,,,,,,,,3.0,6.0,,,,,,,45,30.0,,,,,,,,,,,35.0,25.0,,,,,,,COMPLETE
446,446,0.5505642361111112,2025-01-06 21:02:20.831833,2025-01-06 21:03:02.615818,0 days 00:00:41.783985,6,1,8.0,,,,,,,,,,,2.0,14.0,15.0,14.0,,,,,60,25.0,,,,,,,,,,,50.0,20.0,40.0,50.0,,,,,COMPLETE
447,447,0.8422855082912761,2025-01-06 21:03:02.616583,2025-01-06 21:03:12.698648,0 days 00:00:10.082065,3,10,2.0,,,,,,,,,,,6.0,,,,,,,,45,25.0,,,,,,,,,,,20.0,,,,,,,,COMPLETE
448,448,0.949036850921273,2025-01-06 21:03:12.699159,2025-01-06 21:03:15.988345,0 days 00:00:03.289186,2,2,1.0,,,,,,,,,,,,,,,,,,,40,30.0,,,,,,,,,,,,,,,,,,,COMPLETE
449,449,0.9473153650254669,2025-01-06 21:03:15.988717,2025-01-06 21:03:20.520555,0 days 00:00:04.531838,3,1,3.0,,,,,,,,,,,3.0,,,,,,,,55,25.0,,,,,,,,,,,15.0,,,,,,,,COMPLETE
450,450,0.6773530584482597,2025-01-06 21:03:20.520966,2025-01-06 21:03:35.376244,0 days 00:00:14.855278,4,1,2.0,,,,,,,,,,,5.0,8.0,,,,,,,40,25.0,,,,,,,,,,,60.0,55.0,,,,,,,COMPLETE
451,451,0.9499163879598662,2025-01-06 21:03:35.376721,2025-01-06 21:03:38.194084,0 days 00:00:02.817363,2,1,1.0,,,,,,,,,,,,,,,,,,,30,35.0,,,,,,,,,,,,,,,,,,,COMPLETE
452,452,0.948409710071098,2025-01-06 21:03:38.194456,2025-01-06 21:03:42.122635,0 days 00:00:03.928179,3,2,2.0,,,,,,,,,,,1.0,,,,,,,,35,25.0,,,,,,,,,,,35.0,,,,,,,,COMPLETE
453,453,0.951826046165096,2025-01-06 21:03:42.123044,2025-01-06 21:03:46.593004,0 days 00:00:04.469960,3,1,1.0,,,,,,,,,,,3.0,,,,,,,,60,30.0,,,,,,,,,,,55.0,,,,,,,,COMPLETE
454,454,0.9525431249653336,2025-01-06 21:03:46.593436,2025-01-06 21:03:49.538670,0 days 00:00:02.945234,2,1,2.0,,,,,,,,,,,,,,,,,,,45,25.0,,,,,,,,,,,,,,,,,,,COMPLETE
455,455,0.5994770538399978,2025-01-06 21:03:49.539034,2025-01-06 21:04:08.365853,0 days 00:00:18.826819,5,2,11.0,,,,,,,,,,,2.0,11.0,13.0,,,,,,45,25.0,,,,,,,,,,,60.0,5.0,10.0,,,,,,COMPLETE
456,456,0.9348653448838304,2025-01-06 21:04:08.366535,2025-01-06 21:04:11.295995,0 days 00:00:02.929460,2,1,1.0,,,,,,,,,,,,,,,,,,,35,30.0,,,,,,,,,,,,,,,,,,,COMPLETE
457,457,0.9518239191564632,2025-01-06 21:04:11.296456,2025-01-06 21:04:15.171912,0 days 00:00:03.875456,3,1,2.0,,,,,,,,,,,5.0,,,,,,,,40,25.0,,,,,,,,,,,40.0,,,,,,,,COMPLETE
458,458,0.9236237144585602,2025-01-06 21:04:15.172352,2025-01-06 21:04:20.608735,0 days 00:00:05.436383,1,1,,,,,,,,,,,,,,,,,,,,35,,,,,,,,,,,,,,,,,,,,COMPLETE
459,459,0.6031258876854104,2025-01-06 21:04:20.609134,2025-01-06 21:04:47.405687,0 days 00:00:26.796553,8,1,1.0,,,,,,,,,,,3.0,13.0,6.0,5.0,4.0,2.0,,,60,25.0,,,,,,,,,,,35.0,15.0,55.0,55.0,5.0,10.0,,,COMPLETE
460,460,0.9466642961909417,2025-01-06 21:04:47.406271,2025-01-06 21:04:52.953546,0 days 00:00:05.547275,3,2,2.0,,,,,,,,,,,2.0,,,,,,,,55,30.0,,,,,,,,,,,15.0,,,,,,,,COMPLETE
461,461,0.35203354297693923,2025-01-06 21:04:52.953966,2025-01-06 21:05:01.594092,0 days 00:00:08.640126,13,1,1.0,8.0,14.0,12.0,,,,,,,,5.0,1.0,7.0,11.0,10.0,14.0,8.0,3.0,40,25.0,50.0,25.0,55.0,,,,,,,,60.0,30.0,15.0,30.0,20.0,30.0,20.0,20.0,COMPLETE
462,462,0.9465555447159004,2025-01-06 21:05:01.594704,2025-01-06 21:05:04.537122,0 days 00:00:02.942418,2,1,2.0,,,,,,,,,,,,,,,,,,,45,25.0,,,,,,,,,,,,,,,,,,,COMPLETE
463,463,0.9449406208764497,2025-01-06 21:05:04.537496,2025-01-06 21:05:11.102691,0 days 00:00:06.565195,3,2,1.0,,,,,,,,,,,7.0,,,,,,,,35,25.0,,,,,,,,,,,55.0,,,,,,,,COMPLETE
464,464,0.8753093508656082,2025-01-06 21:05:11.103181,2025-01-06 21:05:18.824578,0 days 00:00:07.721397,4,1,1.0,,,,,,,,,,,3.0,10.0,,,,,,,35,20.0,,,,,,,,,,,30.0,45.0,,,,,,,COMPLETE
465,465,0.759791532805026,2025-01-06 21:05:18.825177,2025-01-06 21:05:25.252512,0 days 00:00:06.427335,3,2,3.0,,,,,,,,,,,6.0,,,,,,,,60,25.0,,,,,,,,,,,60.0,,,,,,,,COMPLETE
466,466,0.9406570027807869,2025-01-06 21:05:25.252991,2025-01-06 21:05:28.236347,0 days 00:00:02.983356,2,3,2.0,,,,,,,,,,,,,,,,,,,40,30.0,,,,,,,,,,,,,,,,,,,COMPLETE
467,467,0.6054366953783459,2025-01-06 21:05:28.236730,2025-01-06 21:05:53.478575,0 days 00:00:25.241845,4,1,7.0,,,,,,,,,,,13.0,7.0,,,,,,,45,35.0,,,,,,,,,,,55.0,35.0,,,,,,,COMPLETE
468,468,0.9423701842546064,2025-01-06 21:05:53.479091,2025-01-06 21:05:57.260439,0 days 00:00:03.781348,3,1,1.0,,,,,,,,,,,14.0,,,,,,,,30,15.0,,,,,,,,,,,15.0,,,,,,,,COMPLETE
469,469,0.9455720952642401,2025-01-06 21:05:57.260860,2025-01-06 21:06:02.123720,0 days 00:00:04.862860,2,4,6.0,,,,,,,,,,,,,,,,,,,45,25.0,,,,,,,,,,,,,,,,,,,COMPLETE
470,470,0.9517465538196608,2025-01-06 21:06:02.124124,2025-01-06 21:06:07.437409,0 days 00:00:05.313285,3,1,2.0,,,,,,,,,,,8.0,,,,,,,,35,25.0,,,,,,,,,,,50.0,,,,,,,,COMPLETE
471,471,0.9046593504186755,2025-01-06 21:06:07.437816,2025-01-06 21:06:14.116818,0 days 00:00:06.679002,1,1,,,,,,,,,,,,,,,,,,,,60,,,,,,,,,,,,,,,,,,,,COMPLETE
472,472,0.9574672921640317,2025-01-06 21:06:14.117247,2025-01-06 21:06:17.402972,0 days 00:00:03.285725,2,2,1.0,,,,,,,,,,,,,,,,,,,50,30.0,,,,,,,,,,,,,,,,,,,COMPLETE
473,473,0.955077519379845,2025-01-06 21:06:17.403366,2025-01-06 21:06:20.786872,0 days 00:00:03.383506,3,1,2.0,,,,,,,,,,,1.0,,,,,,,,35,20.0,,,,,,,,,,,40.0,,,,,,,,COMPLETE
474,474,0.9583997785160576,2025-01-06 21:06:20.787426,2025-01-06 21:06:24.791652,0 days 00:00:04.004226,2,2,1.0,,,,,,,,,,,,,,,,,,,55,25.0,,,,,,,,,,,,,,,,,,,COMPLETE
