,number,value,datetime_start,datetime_complete,duration,params_depth,params_grids_0,params_grids_1,params_grids_10,params_grids_11,params_grids_12,params_grids_13,params_grids_14,params_grids_15,params_grids_16,params_grids_17,params_grids_18,params_grids_19,params_grids_2,params_grids_3,params_grids_4,params_grids_5,params_grids_6,params_grids_7,params_grids_8,params_grids_9,params_neurons_layer_0,params_neurons_layer_1,params_neurons_layer_10,params_neurons_layer_11,params_neurons_layer_12,params_neurons_layer_13,params_neurons_layer_14,params_neurons_layer_15,params_neurons_layer_16,params_neurons_layer_17,params_neurons_layer_18,params_neurons_layer_19,params_neurons_layer_2,params_neurons_layer_3,params_neurons_layer_4,params_neurons_layer_5,params_neurons_layer_6,params_neurons_layer_7,params_neurons_layer_8,params_neurons_layer_9,state
0,0,0.8830916165546516,2025-01-03 01:46:42.957023,2025-01-03 01:48:02.306743,0 days 00:01:19.349720,2,6,3.0,,,,,,,,,,,,,,,,,,,20,55.0,,,,,,,,,,,,,,,,,,,COMPLETE
1,1,0.4012559065296549,2025-01-03 01:48:02.307291,2025-01-03 01:50:17.500263,0 days 00:02:15.192972,5,3,5.0,,,,,,,,,,,3.0,3.0,8.0,,,,,,30,10.0,,,,,,,,,,,5.0,40.0,55.0,,,,,,COMPLETE
2,2,0.0,2025-01-03 01:50:17.500843,2025-01-03 02:04:50.738706,0 days 00:14:33.237863,19,6,11.0,7.0,9.0,7.0,2.0,9.0,10.0,2.0,6.0,1.0,,2.0,15.0,9.0,11.0,3.0,15.0,7.0,13.0,20,55.0,35.0,50.0,50.0,55.0,15.0,40.0,40.0,40.0,20.0,,30.0,30.0,15.0,25.0,45.0,20.0,10.0,40.0,COMPLETE
3,3,0.8724430485353001,2025-01-03 02:04:50.739551,2025-01-03 02:08:53.485517,0 days 00:04:02.745966,3,8,8.0,,,,,,,,,,,14.0,,,,,,,,40,55.0,,,,,,,,,,,10.0,,,,,,,,COMPLETE
4,4,0.8400476649129003,2025-01-03 02:08:53.486060,2025-01-03 02:09:00.427748,0 days 00:00:06.941688,1,1,,,,,,,,,,,,,,,,,,,,5,,,,,,,,,,,,,,,,,,,,COMPLETE
5,5,0.36469661862592506,2025-01-03 02:09:00.428075,2025-01-03 02:13:22.998546,0 days 00:04:22.570471,8,4,14.0,,,,,,,,,,,14.0,6.0,7.0,6.0,3.0,15.0,,,30,50.0,,,,,,,,,,,50.0,35.0,15.0,30.0,45.0,50.0,,,COMPLETE
6,6,0.5087300557753174,2025-01-03 02:13:22.999182,2025-01-03 02:17:34.297262,0 days 00:04:11.298080,3,8,15.0,,,,,,,,,,,15.0,,,,,,,,35,45.0,,,,,,,,,,,5.0,,,,,,,,COMPLETE
7,7,0.18234344532174024,2025-01-03 02:17:34.297787,2025-01-03 02:22:20.506334,0 days 00:04:46.208547,9,13,1.0,,,,,,,,,,,7.0,2.0,1.0,7.0,12.0,11.0,8.0,,20,25.0,,,,,,,,,,,10.0,45.0,50.0,35.0,35.0,10.0,5.0,,COMPLETE
8,8,0.191668199401827,2025-01-03 02:22:20.506979,2025-01-03 02:26:20.684263,0 days 00:04:00.177284,12,4,9.0,1.0,4.0,,,,,,,,,8.0,2.0,13.0,12.0,11.0,3.0,4.0,12.0,40,45.0,10.0,40.0,,,,,,,,,20.0,40.0,60.0,50.0,50.0,45.0,50.0,60.0,COMPLETE
9,9,0.0820678407629446,2025-01-03 02:26:20.684957,2025-01-03 02:29:15.971945,0 days 00:02:55.286988,7,15,9.0,,,,,,,,,,,11.0,10.0,10.0,12.0,1.0,,,,15,35.0,,,,,,,,,,,5.0,20.0,10.0,35.0,35.0,,,,COMPLETE
10,10,0.2900923067248331,2025-01-03 02:29:15.972566,2025-01-03 02:30:50.261502,0 days 00:01:34.288936,13,10,2.0,15.0,15.0,14.0,,,,,,,,5.0,15.0,1.0,2.0,15.0,1.0,15.0,2.0,60,30.0,45.0,5.0,5.0,,,,,,,,60.0,60.0,35.0,5.0,5.0,60.0,60.0,5.0,COMPLETE
11,11,0.8831301034295047,2025-01-03 02:30:50.262277,2025-01-03 02:33:30.520778,0 days 00:02:40.258501,1,9,,,,,,,,,,,,,,,,,,,,45,,,,,,,,,,,,,,,,,,,,COMPLETE
12,12,0.8974206472870427,2025-01-03 02:33:30.521280,2025-01-03 02:36:42.483494,0 days 00:03:11.962214,1,10,,,,,,,,,,,,,,,,,,,,50,,,,,,,,,,,,,,,,,,,,COMPLETE
13,13,0.08886659418816935,2025-01-03 02:36:42.483990,2025-01-03 02:39:51.189324,0 days 00:03:08.705334,16,11,5.0,15.0,1.0,1.0,15.0,1.0,1.0,,,,,1.0,10.0,15.0,1.0,7.0,7.0,15.0,1.0,55,5.0,60.0,10.0,15.0,5.0,60.0,5.0,,,,,40.0,5.0,35.0,60.0,5.0,30.0,35.0,5.0,COMPLETE
14,14,0.26911286128562434,2025-01-03 02:39:51.190087,2025-01-03 02:45:55.622495,0 days 00:06:04.432408,5,11,12.0,,,,,,,,,,,10.0,6.0,5.0,,,,,,50,15.0,,,,,,,,,,,30.0,60.0,25.0,,,,,,COMPLETE
15,15,0.3829169136310372,2025-01-03 02:45:55.623062,2025-01-03 02:50:55.388689,0 days 00:04:59.765627,5,10,5.0,,,,,,,,,,,11.0,12.0,4.0,,,,,,50,20.0,,,,,,,,,,,60.0,5.0,45.0,,,,,,COMPLETE
16,16,0.8223795487443957,2025-01-03 02:50:55.389260,2025-01-03 02:55:03.167277,0 days 00:04:07.778017,1,14,,,,,,,,,,,,,,,,,,,,45,,,,,,,,,,,,,,,,,,,,COMPLETE
17,17,0.03808672021248449,2025-01-03 02:55:03.167765,2025-01-03 02:57:03.068108,0 days 00:01:59.900343,11,7,12.0,1.0,,,,,,,,,,5.0,6.0,12.0,15.0,7.0,7.0,1.0,7.0,60,35.0,5.0,,,,,,,,,,45.0,20.0,5.0,10.0,60.0,5.0,25.0,35.0,COMPLETE
18,18,0.4741207560524568,2025-01-03 02:57:03.068782,2025-01-03 03:03:29.830500,0 days 00:06:26.761718,4,12,6.0,,,,,,,,,,,4.0,12.0,,,,,,,50,60.0,,,,,,,,,,,20.0,50.0,,,,,,,COMPLETE
19,19,0.25647337040096085,2025-01-03 03:03:29.831056,2025-01-03 03:09:29.592494,0 days 00:05:59.761438,7,9,8.0,,,,,,,,,,,12.0,4.0,4.0,4.0,15.0,,,,40,40.0,,,,,,,,,,,20.0,20.0,25.0,50.0,20.0,,,,COMPLETE
20,20,0.0,2025-01-03 03:09:29.593115,2025-01-03 03:31:07.152412,0 days 00:21:37.559297,14,13,3.0,9.0,15.0,15.0,10.0,,,,,,,7.0,8.0,15.0,9.0,9.0,10.0,11.0,8.0,55,25.0,20.0,60.0,60.0,20.0,,,,,,,50.0,15.0,45.0,15.0,20.0,35.0,35.0,60.0,COMPLETE
21,21,0.9093590530910585,2025-01-03 03:31:07.153172,2025-01-03 03:32:07.538544,0 days 00:01:00.385372,1,6,,,,,,,,,,,,,,,,,,,,25,,,,,,,,,,,,,,,,,,,,COMPLETE
22,22,0.85942896319255,2025-01-03 03:32:07.539046,2025-01-03 03:33:21.126061,0 days 00:01:13.587015,1,6,,,,,,,,,,,,,,,,,,,,35,,,,,,,,,,,,,,,,,,,,COMPLETE
23,23,0.8642136536350911,2025-01-03 03:33:21.126528,2025-01-03 03:35:09.903094,0 days 00:01:48.776566,3,9,14.0,,,,,,,,,,,9.0,,,,,,,,25,5.0,,,,,,,,,,,35.0,,,,,,,,COMPLETE
24,24,0.22333580806120712,2025-01-03 03:35:09.903627,2025-01-03 03:40:10.036418,0 days 00:05:00.132791,6,7,11.0,,,,,,,,,,,13.0,1.0,11.0,15.0,,,,,45,15.0,,,,,,,,,,,25.0,50.0,25.0,20.0,,,,,COMPLETE
25,25,0.8745713761438613,2025-01-03 03:40:10.037024,2025-01-03 03:40:34.421151,0 days 00:00:24.384127,1,5,,,,,,,,,,,,,,,,,,,,10,,,,,,,,,,,,,,,,,,,,COMPLETE
26,26,0.8700844691733491,2025-01-03 03:40:34.421605,2025-01-03 03:44:40.266616,0 days 00:04:05.845011,3,9,7.0,,,,,,,,,,,6.0,,,,,,,,45,30.0,,,,,,,,,,,55.0,,,,,,,,COMPLETE
27,27,0.22142139408627998,2025-01-03 03:44:40.267155,2025-01-03 03:46:58.915936,0 days 00:02:18.648781,10,1,1.0,,,,,,,,,,,9.0,13.0,6.0,4.0,5.0,4.0,11.0,15.0,25,40.0,,,,,,,,,,,40.0,30.0,40.0,45.0,20.0,20.0,20.0,20.0,COMPLETE
28,28,0.8746617299442424,2025-01-03 03:46:58.916613,2025-01-03 03:53:57.629117,0 days 00:06:58.712504,4,11,10.0,,,,,,,,,,,1.0,8.0,,,,,,,55,60.0,,,,,,,,,,,15.0,55.0,,,,,,,COMPLETE
29,29,0.8778809863824144,2025-01-03 03:53:57.629672,2025-01-03 03:55:20.597391,0 days 00:01:22.967719,2,7,3.0,,,,,,,,,,,,,,,,,,,25,20.0,,,,,,,,,,,,,,,,,,,COMPLETE
30,30,0.8707180289940517,2025-01-03 03:55:20.597904,2025-01-03 03:57:57.814502,0 days 00:02:37.216598,2,10,13.0,,,,,,,,,,,,,,,,,,,35,10.0,,,,,,,,,,,,,,,,,,,COMPLETE
31,31,0.8542174746621259,2025-01-03 03:57:57.815024,2025-01-03 03:58:35.475185,0 days 00:00:37.660161,2,3,3.0,,,,,,,,,,,,,,,,,,,15,50.0,,,,,,,,,,,,,,,,,,,COMPLETE
32,32,0.0,2025-01-03 03:58:35.475678,2025-01-03 04:27:42.524632,0 days 00:29:07.048954,20,6,4.0,9.0,9.0,1.0,3.0,15.0,15.0,14.0,15.0,15.0,15.0,3.0,10.0,3.0,10.0,11.0,12.0,1.0,4.0,30,55.0,60.0,25.0,30.0,60.0,50.0,55.0,5.0,5.0,60.0,15.0,40.0,10.0,60.0,60.0,60.0,60.0,50.0,20.0,COMPLETE
33,33,0.47775237840181606,2025-01-03 04:27:42.525511,2025-01-03 04:31:04.310041,0 days 00:03:21.784530,4,5,7.0,,,,,,,,,,,15.0,4.0,,,,,,,15,45.0,,,,,,,,,,,35.0,25.0,,,,,,,COMPLETE
34,34,0.8353034268535735,2025-01-03 04:31:04.310612,2025-01-03 04:32:08.424785,0 days 00:01:04.114173,1,8,,,,,,,,,,,,,,,,,,,,20,,,,,,,,,,,,,,,,,,,,COMPLETE
35,35,0.21168677579390494,2025-01-03 04:32:08.425299,2025-01-03 04:38:05.921659,0 days 00:05:57.496360,5,3,6.0,,,,,,,,,,,12.0,13.0,13.0,,,,,,30,40.0,,,,,,,,,,,50.0,35.0,20.0,,,,,,COMPLETE
36,36,0.9036357016044416,2025-01-03 04:38:05.922251,2025-01-03 04:38:30.824667,0 days 00:00:24.902416,2,5,4.0,,,,,,,,,,,,,,,,,,,5,60.0,,,,,,,,,,,,,,,,,,,COMPLETE
37,37,0.8671609312486177,2025-01-03 04:38:30.825147,2025-01-03 04:38:51.945547,0 days 00:00:21.120400,2,5,2.0,,,,,,,,,,,,,,,,,,,5,60.0,,,,,,,,,,,,,,,,,,,COMPLETE
38,38,0.16676231963143814,2025-01-03 04:38:51.945871,2025-01-03 04:41:33.494664,0 days 00:02:41.548793,16,7,4.0,5.0,5.0,8.0,8.0,1.0,1.0,,,,,7.0,5.0,2.0,5.0,13.0,5.0,5.0,11.0,10,55.0,25.0,25.0,35.0,35.0,5.0,5.0,,,,,25.0,10.0,5.0,40.0,25.0,40.0,45.0,45.0,COMPLETE
39,39,0.8727849899546702,2025-01-03 04:41:33.495451,2025-01-03 04:46:28.196139,0 days 00:04:54.700688,3,8,6.0,,,,,,,,,,,9.0,,,,,,,,40,50.0,,,,,,,,,,,55.0,,,,,,,,COMPLETE
40,40,0.38353431041623864,2025-01-03 04:46:28.196687,2025-01-03 04:49:11.786388,0 days 00:02:43.589701,7,2,8.0,,,,,,,,,,,3.0,8.0,8.0,8.0,9.0,,,,10,25.0,,,,,,,,,,,15.0,45.0,30.0,20.0,30.0,,,,COMPLETE
41,41,0.768834781224649,2025-01-03 04:49:11.787001,2025-01-03 04:49:25.652236,0 days 00:00:13.865235,1,4,,,,,,,,,,,,,,,,,,,,5,,,,,,,,,,,,,,,,,,,,COMPLETE
42,42,0.8918823974158068,2025-01-03 04:49:25.652549,2025-01-03 04:50:40.492532,0 days 00:01:14.839983,2,6,4.0,,,,,,,,,,,,,,,,,,,20,55.0,,,,,,,,,,,,,,,,,,,COMPLETE
43,43,0.8742922244697386,2025-01-03 04:50:40.493054,2025-01-03 04:52:53.438072,0 days 00:02:12.945018,4,6,4.0,,,,,,,,,,,5.0,1.0,,,,,,,20,50.0,,,,,,,,,,,45.0,25.0,,,,,,,COMPLETE
44,44,0.868158536198288,2025-01-03 04:52:53.438630,2025-01-03 04:55:50.809037,0 days 00:02:57.370407,3,4,2.0,,,,,,,,,,,13.0,,,,,,,,25,60.0,,,,,,,,,,,30.0,,,,,,,,COMPLETE
45,45,0.8673069372956366,2025-01-03 04:55:50.809579,2025-01-03 04:56:48.772073,0 days 00:00:57.962494,2,5,5.0,,,,,,,,,,,,,,,,,,,15,55.0,,,,,,,,,,,,,,,,,,,COMPLETE
46,46,0.30480715666142266,2025-01-03 04:56:48.772585,2025-01-03 05:02:30.845559,0 days 00:05:42.072974,6,8,7.0,,,,,,,,,,,1.0,11.0,10.0,13.0,,,,,40,45.0,,,,,,,,,,,10.0,55.0,40.0,5.0,,,,,COMPLETE
47,47,0.8149191520520462,2025-01-03 05:02:30.846170,2025-01-03 05:04:18.262000,0 days 00:01:47.415830,1,9,,,,,,,,,,,,,,,,,,,,30,,,,,,,,,,,,,,,,,,,,COMPLETE
48,48,0.8709410663611383,2025-01-03 05:04:18.262504,2025-01-03 05:07:03.026352,0 days 00:02:44.763848,3,7,1.0,,,,,,,,,,,2.0,,,,,,,,50,50.0,,,,,,,,,,,25.0,,,,,,,,COMPLETE
49,49,0.8677135120190123,2025-01-03 05:07:03.026891,2025-01-03 05:12:21.111557,0 days 00:05:18.084666,2,12,10.0,,,,,,,,,,,,,,,,,,,45,55.0,,,,,,,,,,,,,,,,,,,COMPLETE
50,50,0.334594916749573,2025-01-03 05:12:21.112089,2025-01-03 05:17:29.534568,0 days 00:05:08.422479,5,10,4.0,,,,,,,,,,,14.0,14.0,6.0,,,,,,20,40.0,,,,,,,,,,,55.0,10.0,50.0,,,,,,COMPLETE
51,51,0.6169753995763576,2025-01-03 05:17:29.535164,2025-01-03 05:18:28.362355,0 days 00:00:58.827191,1,6,,,,,,,,,,,,,,,,,,,,25,,,,,,,,,,,,,,,,,,,,COMPLETE
52,52,0.8510921607558728,2025-01-03 05:18:28.362856,2025-01-03 05:20:14.391602,0 days 00:01:46.028746,2,6,2.0,,,,,,,,,,,,,,,,,,,35,55.0,,,,,,,,,,,,,,,,,,,COMPLETE
53,53,0.8736760804930471,2025-01-03 05:20:14.392129,2025-01-03 05:21:22.232457,0 days 00:01:07.840328,4,5,3.0,,,,,,,,,,,3.0,9.0,,,,,,,15,60.0,,,,,,,,,,,5.0,40.0,,,,,,,COMPLETE
54,54,0.28676742347226925,2025-01-03 05:21:22.233031,2025-01-03 05:24:29.934761,0 days 00:03:07.701730,9,4,5.0,,,,,,,,,,,8.0,4.0,12.0,3.0,1.0,1.0,12.0,,20,50.0,,,,,,,,,,,15.0,40.0,15.0,55.0,10.0,25.0,15.0,,COMPLETE
55,55,0.8720980559327207,2025-01-03 05:24:29.935425,2025-01-03 05:27:04.936286,0 days 00:02:35.000861,3,7,1.0,,,,,,,,,,,6.0,,,,,,,,30,45.0,,,,,,,,,,,45.0,,,,,,,,COMPLETE
56,56,0.9026187160130226,2025-01-03 05:27:04.936839,2025-01-03 05:29:57.355771,0 days 00:02:52.418932,1,9,,,,,,,,,,,,,,,,,,,,50,,,,,,,,,,,,,,,,,,,,COMPLETE
57,57,0.8688006124879131,2025-01-03 05:29:57.356279,2025-01-03 05:33:09.278185,0 days 00:03:11.921906,1,10,,,,,,,,,,,,,,,,,,,,50,,,,,,,,,,,,,,,,,,,,COMPLETE
58,58,0.8706008473989356,2025-01-03 05:33:09.278686,2025-01-03 05:38:44.349490,0 days 00:05:35.070804,2,9,15.0,,,,,,,,,,,,,,,,,,,55,35.0,,,,,,,,,,,,,,,,,,,COMPLETE
59,59,0.21249299325360582,2025-01-03 05:38:44.350023,2025-01-03 05:46:31.127007,0 days 00:07:46.776984,6,12,8.0,,,,,,,,,,,10.0,3.0,14.0,14.0,,,,,60,30.0,,,,,,,,,,,35.0,15.0,30.0,25.0,,,,,COMPLETE
60,60,0.8909032113460548,2025-01-03 05:46:31.127624,2025-01-03 05:48:50.661674,0 days 00:02:19.534050,1,8,,,,,,,,,,,,,,,,,,,,45,,,,,,,,,,,,,,,,,,,,COMPLETE
61,61,0.8043788223033617,2025-01-03 05:48:50.662180,2025-01-03 05:51:08.272040,0 days 00:02:17.609860,1,8,,,,,,,,,,,,,,,,,,,,45,,,,,,,,,,,,,,,,,,,,COMPLETE
62,62,0.8680485750619031,2025-01-03 05:51:08.272542,2025-01-03 05:55:49.489476,0 days 00:04:41.216934,2,11,9.0,,,,,,,,,,,,,,,,,,,50,35.0,,,,,,,,,,,,,,,,,,,COMPLETE
63,63,0.889074883326573,2025-01-03 05:55:49.490001,2025-01-03 05:58:30.145718,0 days 00:02:40.655717,1,9,,,,,,,,,,,,,,,,,,,,45,,,,,,,,,,,,,,,,,,,,COMPLETE
64,64,0.8688000617321092,2025-01-03 05:58:30.146239,2025-01-03 06:02:43.258484,0 days 00:04:13.112245,3,8,6.0,,,,,,,,,,,15.0,,,,,,,,55,45.0,,,,,,,,,,,5.0,,,,,,,,COMPLETE
65,65,0.8648172006222503,2025-01-03 06:02:43.259035,2025-01-03 06:05:24.699160,0 days 00:02:41.440125,1,9,,,,,,,,,,,,,,,,,,,,45,,,,,,,,,,,,,,,,,,,,COMPLETE
66,66,0.8706892046438508,2025-01-03 06:05:24.699669,2025-01-03 06:12:12.591854,0 days 00:06:47.892185,3,10,5.0,,,,,,,,,,,13.0,,,,,,,,40,55.0,,,,,,,,,,,60.0,,,,,,,,COMPLETE
67,67,0.8735446645040684,2025-01-03 06:12:12.592418,2025-01-03 06:17:20.435662,0 days 00:05:07.843244,4,11,10.0,,,,,,,,,,,2.0,7.0,,,,,,,50,40.0,,,,,,,,,,,10.0,25.0,,,,,,,COMPLETE
68,68,0.8730646103629596,2025-01-03 06:17:20.436249,2025-01-03 06:20:27.595566,0 days 00:03:07.159317,2,7,7.0,,,,,,,,,,,,,,,,,,,40,60.0,,,,,,,,,,,,,,,,,,,COMPLETE
69,69,0.3012447974965184,2025-01-03 06:20:27.596112,2025-01-03 06:25:08.424782,0 days 00:04:40.828670,14,9,9.0,12.0,12.0,11.0,15.0,,,,,,,4.0,14.0,3.0,1.0,5.0,9.0,8.0,5.0,35,20.0,40.0,40.0,30.0,40.0,,,,,,,30.0,45.0,55.0,45.0,50.0,50.0,60.0,20.0,COMPLETE
70,70,0.1437360369248914,2025-01-03 06:25:08.425555,2025-01-03 06:27:29.435523,0 days 00:02:21.009968,17,6,11.0,4.0,5.0,5.0,5.0,15.0,7.0,1.0,,,,11.0,15.0,7.0,8.0,5.0,12.0,4.0,10.0,55,15.0,50.0,60.0,45.0,5.0,30.0,25.0,60.0,,,,20.0,35.0,10.0,10.0,15.0,15.0,25.0,50.0,COMPLETE
71,71,0.9107706576637086,2025-01-03 06:27:29.436352,2025-01-03 06:30:06.437736,0 days 00:02:37.001384,1,9,,,,,,,,,,,,,,,,,,,,45,,,,,,,,,,,,,,,,,,,,COMPLETE
72,72,0.9027818885197558,2025-01-03 06:30:06.438270,2025-01-03 06:33:01.825094,0 days 00:02:55.386824,1,9,,,,,,,,,,,,,,,,,,,,50,,,,,,,,,,,,,,,,,,,,COMPLETE
73,73,0.8708641814719666,2025-01-03 06:33:01.825614,2025-01-03 06:36:29.711575,0 days 00:03:27.885961,1,11,,,,,,,,,,,,,,,,,,,,50,,,,,,,,,,,,,,,,,,,,COMPLETE
74,74,0.8742377728000623,2025-01-03 06:36:29.712110,2025-01-03 06:41:39.452837,0 days 00:05:09.740727,3,10,3.0,,,,,,,,,,,10.0,,,,,,,,60,30.0,,,,,,,,,,,50.0,,,,,,,,COMPLETE
75,75,0.8623453913927482,2025-01-03 06:41:39.453391,2025-01-03 06:47:17.987460,0 days 00:05:38.534069,2,9,14.0,,,,,,,,,,,,,,,,,,,50,50.0,,,,,,,,,,,,,,,,,,,COMPLETE
76,76,0.7501514615319073,2025-01-03 06:47:17.988005,2025-01-03 06:50:06.524967,0 days 00:02:48.536962,1,8,,,,,,,,,,,,,,,,,,,,55,,,,,,,,,,,,,,,,,,,,COMPLETE
77,77,0.8685422729394534,2025-01-03 06:50:06.525499,2025-01-03 06:53:08.444777,0 days 00:03:01.919278,2,10,4.0,,,,,,,,,,,,,,,,,,,45,10.0,,,,,,,,,,,,,,,,,,,COMPLETE
78,78,0.7677365959079498,2025-01-03 06:53:08.445298,2025-01-03 06:53:28.737361,0 days 00:00:20.292063,1,7,,,,,,,,,,,,,,,,,,,,5,,,,,,,,,,,,,,,,,,,,COMPLETE
79,79,0.8673549940505217,2025-01-03 06:53:28.737772,2025-01-03 06:54:45.807886,0 days 00:01:17.070114,4,5,13.0,,,,,,,,,,,4.0,2.0,,,,,,,10,55.0,,,,,,,,,,,10.0,30.0,,,,,,,COMPLETE
80,80,0.8718335555883461,2025-01-03 06:54:45.808456,2025-01-03 06:58:22.697311,0 days 00:03:36.888855,3,8,1.0,,,,,,,,,,,6.0,,,,,,,,50,45.0,,,,,,,,,,,40.0,,,,,,,,COMPLETE
81,81,0.9114227515741302,2025-01-03 06:58:22.697869,2025-01-03 07:01:05.147117,0 days 00:02:42.449248,1,9,,,,,,,,,,,,,,,,,,,,45,,,,,,,,,,,,,,,,,,,,COMPLETE
82,82,0.6161235325974393,2025-01-03 07:01:05.147632,2025-01-03 07:03:23.939271,0 days 00:02:18.791639,1,8,,,,,,,,,,,,,,,,,,,,45,,,,,,,,,,,,,,,,,,,,COMPLETE
83,83,0.8678810310439329,2025-01-03 07:03:23.939782,2025-01-03 07:06:32.100568,0 days 00:03:08.160786,2,9,2.0,,,,,,,,,,,,,,,,,,,45,60.0,,,,,,,,,,,,,,,,,,,COMPLETE
84,84,0.7835798394025372,2025-01-03 07:06:32.101113,2025-01-03 07:09:08.453078,0 days 00:02:36.351965,1,10,,,,,,,,,,,,,,,,,,,,40,,,,,,,,,,,,,,,,,,,,COMPLETE
85,85,0.8662329329880234,2025-01-03 07:09:08.453604,2025-01-03 07:12:49.117729,0 days 00:03:40.664125,2,9,6.0,,,,,,,,,,,,,,,,,,,50,35.0,,,,,,,,,,,,,,,,,,,COMPLETE
86,86,0.16834952471794518,2025-01-03 07:12:49.118281,2025-01-03 07:15:43.350897,0 days 00:02:54.232616,11,7,9.0,12.0,,,,,,,,,,12.0,7.0,10.0,6.0,13.0,13.0,12.0,15.0,55,25.0,20.0,,,,,,,,,,25.0,55.0,20.0,30.0,40.0,5.0,40.0,30.0,COMPLETE
87,87,0.881228186193016,2025-01-03 07:15:43.351612,2025-01-03 07:17:39.793412,0 days 00:01:56.441800,2,5,12.0,,,,,,,,,,,,,,,,,,,25,40.0,,,,,,,,,,,,,,,,,,,COMPLETE
88,88,0.8795617493409793,2025-01-03 07:17:39.793957,2025-01-03 07:21:58.204684,0 days 00:04:18.410727,3,6,7.0,,,,,,,,,,,7.0,,,,,,,,40,50.0,,,,,,,,,,,60.0,,,,,,,,COMPLETE
89,89,0.78870943199713,2025-01-03 07:21:58.205258,2025-01-03 07:25:09.202583,0 days 00:03:10.997325,1,10,,,,,,,,,,,,,,,,,,,,50,,,,,,,,,,,,,,,,,,,,COMPLETE
90,90,0.8730549959925069,2025-01-03 07:25:09.203129,2025-01-03 07:28:25.682295,0 days 00:03:16.479166,2,11,3.0,,,,,,,,,,,,,,,,,,,45,5.0,,,,,,,,,,,,,,,,,,,COMPLETE
91,91,0.8410737070851452,2025-01-03 07:28:25.682836,2025-01-03 07:30:42.606465,0 days 00:02:16.923629,1,9,,,,,,,,,,,,,,,,,,,,45,,,,,,,,,,,,,,,,,,,,COMPLETE
92,92,0.8921227072680351,2025-01-03 07:30:42.606978,2025-01-03 07:32:56.763146,0 days 00:02:14.156168,1,8,,,,,,,,,,,,,,,,,,,,45,,,,,,,,,,,,,,,,,,,,COMPLETE
93,93,0.9073655886546971,2025-01-03 07:32:56.763666,2025-01-03 07:35:28.781920,0 days 00:02:32.018254,1,8,,,,,,,,,,,,,,,,,,,,50,,,,,,,,,,,,,,,,,,,,COMPLETE
94,94,0.8742832475693367,2025-01-03 07:35:28.782439,2025-01-03 07:39:37.236061,0 days 00:04:08.453622,2,7,6.0,,,,,,,,,,,,,,,,,,,55,60.0,,,,,,,,,,,,,,,,,,,COMPLETE
95,95,0.8710844937629809,2025-01-03 07:39:37.236616,2025-01-03 07:44:27.073680,0 days 00:04:49.837064,2,15,2.0,,,,,,,,,,,,,,,,,,,50,20.0,,,,,,,,,,,,,,,,,,,COMPLETE
96,96,0.8742639264660423,2025-01-03 07:44:27.074232,2025-01-03 07:48:09.722268,0 days 00:03:42.648036,3,9,5.0,,,,,,,,,,,14.0,,,,,,,,25,35.0,,,,,,,,,,,45.0,,,,,,,,COMPLETE
97,97,0.8594717513402752,2025-01-03 07:48:09.722842,2025-01-03 07:49:00.730246,0 days 00:00:51.007404,1,8,,,,,,,,,,,,,,,,,,,,15,,,,,,,,,,,,,,,,,,,,COMPLETE
98,98,0.8674884274395325,2025-01-03 07:49:00.730763,2025-01-03 07:50:21.219587,0 days 00:01:20.488824,1,4,,,,,,,,,,,,,,,,,,,,50,,,,,,,,,,,,,,,,,,,,COMPLETE
99,99,0.46633098087490477,2025-01-03 07:50:21.220120,2025-01-03 07:57:56.211248,0 days 00:07:34.991128,4,8,5.0,,,,,,,,,,,11.0,11.0,,,,,,,40,45.0,,,,,,,,,,,55.0,50.0,,,,,,,COMPLETE
100,100,0.8715836502603109,2025-01-03 07:57:56.211833,2025-01-03 08:02:02.915189,0 days 00:04:06.703356,2,6,8.0,,,,,,,,,,,,,,,,,,,55,55.0,,,,,,,,,,,,,,,,,,,COMPLETE
101,101,0.7796546881938675,2025-01-03 08:02:02.915740,2025-01-03 08:04:23.083234,0 days 00:02:20.167494,1,8,,,,,,,,,,,,,,,,,,,,45,,,,,,,,,,,,,,,,,,,,COMPLETE
102,102,0.8863835762950434,2025-01-03 08:04:23.083769,2025-01-03 08:06:30.857622,0 days 00:02:07.773853,1,7,,,,,,,,,,,,,,,,,,,,45,,,,,,,,,,,,,,,,,,,,COMPLETE
103,103,0.8892905816449308,2025-01-03 08:06:30.858152,2025-01-03 08:09:24.203889,0 days 00:02:53.345737,1,9,,,,,,,,,,,,,,,,,,,,50,,,,,,,,,,,,,,,,,,,,COMPLETE
104,104,0.6312764971411,2025-01-03 08:09:24.204419,2025-01-03 08:15:05.203716,0 days 00:05:40.999297,3,10,13.0,,,,,,,,,,,9.0,,,,,,,,45,40.0,,,,,,,,,,,30.0,,,,,,,,COMPLETE
105,105,0.8663857570125744,2025-01-03 08:15:05.204287,2025-01-03 08:20:31.934166,0 days 00:05:26.729879,2,9,11.0,,,,,,,,,,,,,,,,,,,50,60.0,,,,,,,,,,,,,,,,,,,COMPLETE
106,106,0.6800839760786944,2025-01-03 08:20:31.934722,2025-01-03 08:22:13.473159,0 days 00:01:41.538437,1,7,,,,,,,,,,,,,,,,,,,,35,,,,,,,,,,,,,,,,,,,,COMPLETE
107,107,0.8669286310082369,2025-01-03 08:22:13.473672,2025-01-03 08:24:37.307352,0 days 00:02:23.833680,2,8,1.0,,,,,,,,,,,,,,,,,,,45,25.0,,,,,,,,,,,,,,,,,,,COMPLETE
108,108,0.8930481286875931,2025-01-03 08:24:37.307898,2025-01-03 08:27:29.616149,0 days 00:02:52.308251,1,9,,,,,,,,,,,,,,,,,,,,50,,,,,,,,,,,,,,,,,,,,COMPLETE
109,109,0.8743796236186702,2025-01-03 08:27:29.616678,2025-01-03 08:31:32.103129,0 days 00:04:02.486451,3,10,4.0,,,,,,,,,,,2.0,,,,,,,,50,50.0,,,,,,,,,,,20.0,,,,,,,,COMPLETE
110,110,0.8852521950869909,2025-01-03 08:31:32.103702,2025-01-03 08:34:42.904038,0 days 00:03:10.800336,1,9,,,,,,,,,,,,,,,,,,,,55,,,,,,,,,,,,,,,,,,,,COMPLETE
111,111,0.8928376819700757,2025-01-03 08:34:42.904578,2025-01-03 08:37:24.104587,0 days 00:02:41.200009,1,9,,,,,,,,,,,,,,,,,,,,50,,,,,,,,,,,,,,,,,,,,COMPLETE
112,112,0.5646821345374018,2025-01-03 08:37:24.105124,2025-01-03 08:40:39.590595,0 days 00:03:15.485471,1,10,,,,,,,,,,,,,,,,,,,,50,,,,,,,,,,,,,,,,,,,,COMPLETE
113,113,0.8730239640638436,2025-01-03 08:40:39.591145,2025-01-03 08:45:04.917634,0 days 00:04:25.326489,2,9,7.0,,,,,,,,,,,,,,,,,,,50,55.0,,,,,,,,,,,,,,,,,,,COMPLETE
