,number,value,datetime_start,datetime_complete,duration,params_depth,params_grids_0,params_grids_1,params_grids_10,params_grids_11,params_grids_12,params_grids_13,params_grids_14,params_grids_15,params_grids_16,params_grids_17,params_grids_18,params_grids_19,params_grids_2,params_grids_3,params_grids_4,params_grids_5,params_grids_6,params_grids_7,params_grids_8,params_grids_9,params_neurons_layer_0,params_neurons_layer_1,params_neurons_layer_10,params_neurons_layer_11,params_neurons_layer_12,params_neurons_layer_13,params_neurons_layer_14,params_neurons_layer_15,params_neurons_layer_16,params_neurons_layer_17,params_neurons_layer_18,params_neurons_layer_19,params_neurons_layer_2,params_neurons_layer_3,params_neurons_layer_4,params_neurons_layer_5,params_neurons_layer_6,params_neurons_layer_7,params_neurons_layer_8,params_neurons_layer_9,state
607,607,0.9198717948717949,2025-01-05 14:15:10.656493,2025-01-05 14:15:14.199992,0 days 00:00:03.543499,2,1,4.0,,,,,,,,,,,,,,,,,,,35,10.0,,,,,,,,,,,,,,,,,,,COMPLETE
608,608,0.7937710437710437,2025-01-05 14:15:14.200383,2025-01-05 14:15:18.560224,0 days 00:00:04.359841,2,5,4.0,,,,,,,,,,,,,,,,,,,35,10.0,,,,,,,,,,,,,,,,,,,COMPLETE
609,609,0.8198757763975155,2025-01-05 14:15:18.560611,2025-01-05 14:15:21.364177,0 days 00:00:02.803566,1,1,,,,,,,,,,,,,,,,,,,,35,,,,,,,,,,,,,,,,,,,,COMPLETE
610,610,0.96,2025-01-05 14:15:21.364537,2025-01-05 14:15:24.738199,0 days 00:00:03.373662,2,1,4.0,,,,,,,,,,,,,,,,,,,5,10.0,,,,,,,,,,,,,,,,,,,COMPLETE
611,611,0.7390606182256123,2025-01-05 14:15:24.738581,2025-01-05 14:15:28.153773,0 days 00:00:03.415192,2,2,4.0,,,,,,,,,,,,,,,,,,,5,10.0,,,,,,,,,,,,,,,,,,,COMPLETE
612,612,0.7617220801364024,2025-01-05 14:15:28.154162,2025-01-05 14:15:32.812523,0 days 00:00:04.658361,4,1,4.0,,,,,,,,,,,1.0,6.0,,,,,,,35,10.0,,,,,,,,,,,15.0,50.0,,,,,,,COMPLETE
613,613,0.0,2025-01-05 14:15:32.812938,2025-01-05 14:16:00.608008,0 days 00:00:27.795070,17,1,4.0,14.0,14.0,5.0,2.0,3.0,12.0,4.0,,,,2.0,13.0,12.0,6.0,12.0,10.0,8.0,14.0,5,10.0,50.0,20.0,35.0,30.0,10.0,35.0,45.0,,,,10.0,10.0,15.0,50.0,20.0,25.0,50.0,30.0,COMPLETE
614,614,0.8081014729950899,2025-01-05 14:16:00.608837,2025-01-05 14:16:04.558389,0 days 00:00:03.949552,3,1,4.0,,,,,,,,,,,1.0,,,,,,,,5,10.0,,,,,,,,,,,5.0,,,,,,,,COMPLETE
615,615,0.3150787696924231,2025-01-05 14:16:04.558987,2025-01-05 14:16:12.531860,0 days 00:00:07.972873,10,2,4.0,,,,,,,,,,,3.0,2.0,7.0,14.0,10.0,2.0,6.0,4.0,5,5.0,,,,,,,,,,,15.0,60.0,45.0,20.0,50.0,40.0,30.0,40.0,COMPLETE
616,616,0.891287284144427,2025-01-05 14:16:12.532553,2025-01-05 14:16:15.618402,0 days 00:00:03.085849,2,1,4.0,,,,,,,,,,,,,,,,,,,25,10.0,,,,,,,,,,,,,,,,,,,COMPLETE
617,617,0.8284313725490196,2025-01-05 14:16:15.618803,2025-01-05 14:16:19.884635,0 days 00:00:04.265832,3,1,5.0,,,,,,,,,,,2.0,,,,,,,,5,10.0,,,,,,,,,,,15.0,,,,,,,,COMPLETE
618,618,0.797112462006079,2025-01-05 14:16:19.885053,2025-01-05 14:16:22.869465,0 days 00:00:02.984412,1,1,,,,,,,,,,,,,,,,,,,,35,,,,,,,,,,,,,,,,,,,,COMPLETE
619,619,0.8585858585858586,2025-01-05 14:16:22.869828,2025-01-05 14:16:26.932990,0 days 00:00:04.063162,2,1,4.0,,,,,,,,,,,,,,,,,,,5,10.0,,,,,,,,,,,,,,,,,,,COMPLETE
620,620,0.9183333333333333,2025-01-05 14:16:26.933380,2025-01-05 14:16:31.104648,0 days 00:00:04.171268,3,2,4.0,,,,,,,,,,,3.0,,,,,,,,5,10.0,,,,,,,,,,,10.0,,,,,,,,COMPLETE
621,621,0.7777777777777778,2025-01-05 14:16:31.105068,2025-01-05 14:16:35.721851,0 days 00:00:04.616783,3,3,5.0,,,,,,,,,,,1.0,,,,,,,,5,10.0,,,,,,,,,,,10.0,,,,,,,,COMPLETE
622,622,0.7269387755102041,2025-01-05 14:16:35.722274,2025-01-05 14:16:40.469838,0 days 00:00:04.747564,3,12,4.0,,,,,,,,,,,2.0,,,,,,,,5,10.0,,,,,,,,,,,5.0,,,,,,,,COMPLETE
623,623,0.8081632653061225,2025-01-05 14:16:40.470257,2025-01-05 14:16:44.593438,0 days 00:00:04.123181,4,2,4.0,,,,,,,,,,,3.0,1.0,,,,,,,5,5.0,,,,,,,,,,,10.0,40.0,,,,,,,COMPLETE
624,624,0.5584415584415584,2025-01-05 14:16:44.593863,2025-01-05 14:16:50.414459,0 days 00:00:05.820596,4,2,11.0,,,,,,,,,,,2.0,10.0,,,,,,,35,10.0,,,,,,,,,,,15.0,35.0,,,,,,,COMPLETE
625,625,0.8356278681685441,2025-01-05 14:16:50.414899,2025-01-05 14:16:54.375536,0 days 00:00:03.960637,3,2,3.0,,,,,,,,,,,1.0,,,,,,,,5,10.0,,,,,,,,,,,5.0,,,,,,,,COMPLETE
626,626,0.6666666666666666,2025-01-05 14:16:54.375945,2025-01-05 14:16:58.818351,0 days 00:00:04.442406,3,1,4.0,,,,,,,,,,,4.0,,,,,,,,5,10.0,,,,,,,,,,,15.0,,,,,,,,COMPLETE
627,627,0.135632183908046,2025-01-05 14:16:58.818764,2025-01-05 14:17:02.113124,0 days 00:00:03.294360,13,4,5.0,7.0,3.0,8.0,,,,,,,,1.0,3.0,2.0,1.0,8.0,9.0,12.0,11.0,5,10.0,20.0,50.0,25.0,,,,,,,,10.0,20.0,60.0,30.0,10.0,5.0,20.0,50.0,COMPLETE
628,628,0.5344449319877139,2025-01-05 14:17:02.113812,2025-01-05 14:17:07.928532,0 days 00:00:05.814720,4,1,4.0,,,,,,,,,,,2.0,11.0,,,,,,,5,5.0,,,,,,,,,,,5.0,30.0,,,,,,,COMPLETE
629,629,0.8193496587715776,2025-01-05 14:17:07.928987,2025-01-05 14:17:11.856324,0 days 00:00:03.927337,3,1,4.0,,,,,,,,,,,2.0,,,,,,,,5,10.0,,,,,,,,,,,10.0,,,,,,,,COMPLETE
630,630,0.7342511472674176,2025-01-05 14:17:11.856742,2025-01-05 14:17:15.777477,0 days 00:00:03.920735,3,2,5.0,,,,,,,,,,,3.0,,,,,,,,5,10.0,,,,,,,,,,,15.0,,,,,,,,COMPLETE
631,631,0.8470057424118129,2025-01-05 14:17:15.777886,2025-01-05 14:17:19.433186,0 days 00:00:03.655300,3,1,4.0,,,,,,,,,,,1.0,,,,,,,,5,10.0,,,,,,,,,,,5.0,,,,,,,,COMPLETE
632,632,0.8561844863731656,2025-01-05 14:17:19.433602,2025-01-05 14:17:22.727430,0 days 00:00:03.293828,2,1,5.0,,,,,,,,,,,,,,,,,,,35,10.0,,,,,,,,,,,,,,,,,,,COMPLETE
633,633,0.6287878787878788,2025-01-05 14:17:22.727824,2025-01-05 14:17:27.658072,0 days 00:00:04.930248,3,2,4.0,,,,,,,,,,,3.0,,,,,,,,5,5.0,,,,,,,,,,,10.0,,,,,,,,COMPLETE
634,634,0.7429787234042553,2025-01-05 14:17:27.658479,2025-01-05 14:17:30.945249,0 days 00:00:03.286770,2,1,13.0,,,,,,,,,,,,,,,,,,,5,10.0,,,,,,,,,,,,,,,,,,,COMPLETE
635,635,0.7947434292866082,2025-01-05 14:17:30.945636,2025-01-05 14:17:34.131075,0 days 00:00:03.185439,2,1,3.0,,,,,,,,,,,,,,,,,,,5,10.0,,,,,,,,,,,,,,,,,,,COMPLETE
636,636,0.8153624233681933,2025-01-05 14:17:34.131461,2025-01-05 14:17:37.240772,0 days 00:00:03.109311,1,1,,,,,,,,,,,,,,,,,,,,10,,,,,,,,,,,,,,,,,,,,COMPLETE
637,637,0.5272045028142589,2025-01-05 14:17:37.241145,2025-01-05 14:17:44.449225,0 days 00:00:07.208080,4,2,4.0,,,,,,,,,,,4.0,8.0,,,,,,,5,10.0,,,,,,,,,,,10.0,45.0,,,,,,,COMPLETE
638,638,0.8273322422258592,2025-01-05 14:17:44.449665,2025-01-05 14:17:47.853782,0 days 00:00:03.404117,2,1,5.0,,,,,,,,,,,,,,,,,,,60,10.0,,,,,,,,,,,,,,,,,,,COMPLETE
639,639,0.5888888888888888,2025-01-05 14:17:47.854346,2025-01-05 14:17:53.853440,0 days 00:00:05.999094,5,1,3.0,,,,,,,,,,,2.0,7.0,6.0,,,,,,35,30.0,,,,,,,,,,,15.0,50.0,25.0,,,,,,COMPLETE
640,640,0.9296235679214403,2025-01-05 14:17:53.854028,2025-01-05 14:17:58.221926,0 days 00:00:04.367898,3,1,4.0,,,,,,,,,,,1.0,,,,,,,,10,50.0,,,,,,,,,,,20.0,,,,,,,,COMPLETE
641,641,0.779205138498595,2025-01-05 14:17:58.222356,2025-01-05 14:18:01.575102,0 days 00:00:03.352746,2,1,5.0,,,,,,,,,,,,,,,,,,,10,45.0,,,,,,,,,,,,,,,,,,,COMPLETE
642,642,0.8050974512743628,2025-01-05 14:18:01.575593,2025-01-05 14:18:04.543602,0 days 00:00:02.968009,1,1,,,,,,,,,,,,,,,,,,,,10,,,,,,,,,,,,,,,,,,,,COMPLETE
643,643,0.865531914893617,2025-01-05 14:18:04.543977,2025-01-05 14:18:08.528845,0 days 00:00:03.984868,3,1,4.0,,,,,,,,,,,1.0,,,,,,,,30,50.0,,,,,,,,,,,20.0,,,,,,,,COMPLETE
644,644,0.865531914893617,2025-01-05 14:18:08.529270,2025-01-05 14:18:11.930610,0 days 00:00:03.401340,2,1,3.0,,,,,,,,,,,,,,,,,,,10,50.0,,,,,,,,,,,,,,,,,,,COMPLETE
645,645,0.779205138498595,2025-01-05 14:18:11.930999,2025-01-05 14:18:15.720365,0 days 00:00:03.789366,3,1,4.0,,,,,,,,,,,1.0,,,,,,,,10,50.0,,,,,,,,,,,20.0,,,,,,,,COMPLETE
646,646,0.8135306553911205,2025-01-05 14:18:15.720774,2025-01-05 14:18:18.710558,0 days 00:00:02.989784,1,1,,,,,,,,,,,,,,,,,,,,35,,,,,,,,,,,,,,,,,,,,COMPLETE
647,647,0.8585858585858586,2025-01-05 14:18:18.710928,2025-01-05 14:18:22.122826,0 days 00:00:03.411898,2,1,5.0,,,,,,,,,,,,,,,,,,,55,50.0,,,,,,,,,,,,,,,,,,,COMPLETE
648,648,0.8272727272727273,2025-01-05 14:18:22.123221,2025-01-05 14:18:32.790292,0 days 00:00:10.667071,2,15,4.0,,,,,,,,,,,,,,,,,,,60,35.0,,,,,,,,,,,,,,,,,,,COMPLETE
649,649,0.7734113712374582,2025-01-05 14:18:32.790723,2025-01-05 14:18:36.368873,0 days 00:00:03.578150,2,1,4.0,,,,,,,,,,,,,,,,,,,10,50.0,,,,,,,,,,,,,,,,,,,COMPLETE
650,650,0.8909803921568628,2025-01-05 14:18:36.369270,2025-01-05 14:18:39.495680,0 days 00:00:03.126410,2,1,3.0,,,,,,,,,,,,,,,,,,,35,50.0,,,,,,,,,,,,,,,,,,,COMPLETE
651,651,0.9089795918367347,2025-01-05 14:18:39.496072,2025-01-05 14:18:43.854777,0 days 00:00:04.358705,3,1,5.0,,,,,,,,,,,1.0,,,,,,,,55,50.0,,,,,,,,,,,20.0,,,,,,,,COMPLETE
652,652,0.8081632653061225,2025-01-05 14:18:43.855198,2025-01-05 14:18:47.179416,0 days 00:00:03.324218,2,1,4.0,,,,,,,,,,,,,,,,,,,10,50.0,,,,,,,,,,,,,,,,,,,COMPLETE
653,653,0.8996386993175431,2025-01-05 14:18:47.179797,2025-01-05 14:18:51.567002,0 days 00:00:04.387205,3,1,4.0,,,,,,,,,,,2.0,,,,,,,,60,45.0,,,,,,,,,,,20.0,,,,,,,,COMPLETE
654,654,0.7695732838589981,2025-01-05 14:18:51.567431,2025-01-05 14:18:54.546730,0 days 00:00:02.979299,1,2,,,,,,,,,,,,,,,,,,,,10,,,,,,,,,,,,,,,,,,,,COMPLETE
655,655,0.9093137254901961,2025-01-05 14:18:54.547098,2025-01-05 14:18:58.203679,0 days 00:00:03.656581,2,1,4.0,,,,,,,,,,,,,,,,,,,60,25.0,,,,,,,,,,,,,,,,,,,COMPLETE
656,656,0.8480392156862746,2025-01-05 14:18:58.204071,2025-01-05 14:19:01.478151,0 days 00:00:03.274080,2,1,5.0,,,,,,,,,,,,,,,,,,,30,55.0,,,,,,,,,,,,,,,,,,,COMPLETE
657,657,0.80306905370844,2025-01-05 14:19:01.478618,2025-01-05 14:19:06.352429,0 days 00:00:04.873811,4,1,4.0,,,,,,,,,,,1.0,6.0,,,,,,,35,30.0,,,,,,,,,,,15.0,35.0,,,,,,,COMPLETE
658,658,0.8687448728465956,2025-01-05 14:19:06.352880,2025-01-05 14:19:10.459743,0 days 00:00:04.106863,3,1,3.0,,,,,,,,,,,2.0,,,,,,,,55,50.0,,,,,,,,,,,20.0,,,,,,,,COMPLETE
659,659,0.765791632485644,2025-01-05 14:19:10.460169,2025-01-05 14:19:13.846567,0 days 00:00:03.386398,1,2,,,,,,,,,,,,,,,,,,,,50,,,,,,,,,,,,,,,,,,,,COMPLETE
660,660,0.9407051282051282,2025-01-05 14:19:13.846943,2025-01-05 14:19:17.417779,0 days 00:00:03.570836,2,1,4.0,,,,,,,,,,,,,,,,,,,35,55.0,,,,,,,,,,,,,,,,,,,COMPLETE
661,661,0.8685714285714285,2025-01-05 14:19:17.418181,2025-01-05 14:19:20.758447,0 days 00:00:03.340266,2,1,4.0,,,,,,,,,,,,,,,,,,,35,55.0,,,,,,,,,,,,,,,,,,,COMPLETE
662,662,0.4654150197628458,2025-01-05 14:19:20.758839,2025-01-05 14:19:24.773178,0 days 00:00:04.014339,3,1,5.0,,,,,,,,,,,13.0,,,,,,,,35,25.0,,,,,,,,,,,15.0,,,,,,,,COMPLETE
663,663,0.8470057424118129,2025-01-05 14:19:24.773772,2025-01-05 14:19:28.268551,0 days 00:00:03.494779,2,2,4.0,,,,,,,,,,,,,,,,,,,35,55.0,,,,,,,,,,,,,,,,,,,COMPLETE
664,664,0.7627705627705628,2025-01-05 14:19:28.269058,2025-01-05 14:19:31.106747,0 days 00:00:02.837689,1,1,,,,,,,,,,,,,,,,,,,,35,,,,,,,,,,,,,,,,,,,,COMPLETE
665,665,0.8798076923076923,2025-01-05 14:19:31.107136,2025-01-05 14:19:35.419139,0 days 00:00:04.312003,3,1,5.0,,,,,,,,,,,1.0,,,,,,,,35,30.0,,,,,,,,,,,25.0,,,,,,,,COMPLETE
666,666,0.88,2025-01-05 14:19:35.419554,2025-01-05 14:19:39.723255,0 days 00:00:04.303701,3,1,4.0,,,,,,,,,,,2.0,,,,,,,,35,50.0,,,,,,,,,,,20.0,,,,,,,,COMPLETE
667,667,0.9293877551020409,2025-01-05 14:19:39.723670,2025-01-05 14:19:42.828071,0 days 00:00:03.104401,2,1,3.0,,,,,,,,,,,,,,,,,,,35,50.0,,,,,,,,,,,,,,,,,,,COMPLETE
668,668,0.8389694041867954,2025-01-05 14:19:42.828462,2025-01-05 14:19:47.185839,0 days 00:00:04.357377,2,5,2.0,,,,,,,,,,,,,,,,,,,35,50.0,,,,,,,,,,,,,,,,,,,COMPLETE
669,669,0.7373737373737375,2025-01-05 14:19:47.186242,2025-01-05 14:19:50.344130,0 days 00:00:03.157888,1,2,,,,,,,,,,,,,,,,,,,,35,,,,,,,,,,,,,,,,,,,,COMPLETE
670,670,0.8996386993175431,2025-01-05 14:19:50.344523,2025-01-05 14:19:54.699124,0 days 00:00:04.354601,3,1,3.0,,,,,,,,,,,1.0,,,,,,,,40,50.0,,,,,,,,,,,15.0,,,,,,,,COMPLETE
671,671,0.907312925170068,2025-01-05 14:19:54.699541,2025-01-05 14:19:58.244437,0 days 00:00:03.544896,2,1,3.0,,,,,,,,,,,,,,,,,,,35,45.0,,,,,,,,,,,,,,,,,,,COMPLETE
672,672,0.779205138498595,2025-01-05 14:19:58.244831,2025-01-05 14:20:01.592844,0 days 00:00:03.348013,2,1,3.0,,,,,,,,,,,,,,,,,,,35,50.0,,,,,,,,,,,,,,,,,,,COMPLETE
673,673,0.8065476190476191,2025-01-05 14:20:01.593332,2025-01-05 14:20:04.190532,0 days 00:00:02.597200,1,1,,,,,,,,,,,,,,,,,,,,30,,,,,,,,,,,,,,,,,,,,COMPLETE
674,674,0.5057675244010648,2025-01-05 14:20:04.190920,2025-01-05 14:20:09.442346,0 days 00:00:05.251426,4,2,2.0,,,,,,,,,,,8.0,3.0,,,,,,,35,50.0,,,,,,,,,,,35.0,55.0,,,,,,,COMPLETE
675,675,0.9190654985398414,2025-01-05 14:20:09.442796,2025-01-05 14:20:13.034474,0 days 00:00:03.591678,2,1,2.0,,,,,,,,,,,,,,,,,,,35,50.0,,,,,,,,,,,,,,,,,,,COMPLETE
676,676,0.8688725490196079,2025-01-05 14:20:13.034878,2025-01-05 14:20:16.355851,0 days 00:00:03.320973,2,1,3.0,,,,,,,,,,,,,,,,,,,35,50.0,,,,,,,,,,,,,,,,,,,COMPLETE
677,677,0.8678396072013093,2025-01-05 14:20:16.356249,2025-01-05 14:20:20.396449,0 days 00:00:04.040200,3,1,3.0,,,,,,,,,,,2.0,,,,,,,,35,50.0,,,,,,,,,,,30.0,,,,,,,,COMPLETE
678,678,0.8389694041867954,2025-01-05 14:20:20.396866,2025-01-05 14:20:24.610122,0 days 00:00:04.213256,3,2,5.0,,,,,,,,,,,1.0,,,,,,,,40,55.0,,,,,,,,,,,5.0,,,,,,,,COMPLETE
679,679,0.8388594164456233,2025-01-05 14:20:24.610539,2025-01-05 14:20:27.149668,0 days 00:00:02.539129,1,1,,,,,,,,,,,,,,,,,,,,35,,,,,,,,,,,,,,,,,,,,COMPLETE
680,680,0.9399759903961584,2025-01-05 14:20:27.150045,2025-01-05 14:20:30.322715,0 days 00:00:03.172670,2,1,1.0,,,,,,,,,,,,,,,,,,,35,35.0,,,,,,,,,,,,,,,,,,,COMPLETE
681,681,0.8688725490196079,2025-01-05 14:20:30.323108,2025-01-05 14:20:33.625146,0 days 00:00:03.302038,2,1,3.0,,,,,,,,,,,,,,,,,,,30,35.0,,,,,,,,,,,,,,,,,,,COMPLETE
682,682,0.7367021276595744,2025-01-05 14:20:33.625537,2025-01-05 14:20:38.544239,0 days 00:00:04.918702,4,1,2.0,,,,,,,,,,,3.0,5.0,,,,,,,35,45.0,,,,,,,,,,,25.0,10.0,,,,,,,COMPLETE
683,683,0.8599439775910365,2025-01-05 14:20:38.544678,2025-01-05 14:20:41.828160,0 days 00:00:03.283482,2,2,1.0,,,,,,,,,,,,,,,,,,,35,55.0,,,,,,,,,,,,,,,,,,,COMPLETE
684,684,0.8452380952380952,2025-01-05 14:20:41.828554,2025-01-05 14:20:45.871396,0 days 00:00:04.042842,3,1,1.0,,,,,,,,,,,4.0,,,,,,,,35,40.0,,,,,,,,,,,40.0,,,,,,,,COMPLETE
685,685,0.7864874953340799,2025-01-05 14:20:45.871812,2025-01-05 14:20:49.000294,0 days 00:00:03.128482,1,1,,,,,,,,,,,,,,,,,,,,30,,,,,,,,,,,,,,,,,,,,COMPLETE
686,686,0.8397435897435898,2025-01-05 14:20:49.000667,2025-01-05 14:20:52.819678,0 days 00:00:03.819011,3,1,1.0,,,,,,,,,,,2.0,,,,,,,,35,35.0,,,,,,,,,,,20.0,,,,,,,,COMPLETE
687,687,0.8798076923076923,2025-01-05 14:20:52.820103,2025-01-05 14:20:56.213481,0 days 00:00:03.393378,2,1,1.0,,,,,,,,,,,,,,,,,,,40,50.0,,,,,,,,,,,,,,,,,,,COMPLETE
688,688,0.8999599839935974,2025-01-05 14:20:56.213876,2025-01-05 14:20:59.603843,0 days 00:00:03.389967,2,1,1.0,,,,,,,,,,,,,,,,,,,35,55.0,,,,,,,,,,,,,,,,,,,COMPLETE
689,689,0.8685714285714285,2025-01-05 14:20:59.604430,2025-01-05 14:21:03.775906,0 days 00:00:04.171476,3,2,1.0,,,,,,,,,,,4.0,,,,,,,,35,30.0,,,,,,,,,,,10.0,,,,,,,,COMPLETE
690,690,0.8480392156862746,2025-01-05 14:21:03.776334,2025-01-05 14:21:07.372733,0 days 00:00:03.596399,2,1,2.0,,,,,,,,,,,,,,,,,,,35,55.0,,,,,,,,,,,,,,,,,,,COMPLETE
691,691,0.7371355060034306,2025-01-05 14:21:07.373250,2025-01-05 14:21:10.380642,0 days 00:00:03.007392,1,1,,,,,,,,,,,,,,,,,,,,35,,,,,,,,,,,,,,,,,,,,COMPLETE
692,692,0.7083333333333333,2025-01-05 14:21:10.381035,2025-01-05 14:21:14.022048,0 days 00:00:03.641013,2,2,15.0,,,,,,,,,,,,,,,,,,,40,50.0,,,,,,,,,,,,,,,,,,,COMPLETE
693,693,0.8599439775910365,2025-01-05 14:21:14.022441,2025-01-05 14:21:18.142360,0 days 00:00:04.119919,3,1,1.0,,,,,,,,,,,1.0,,,,,,,,35,25.0,,,,,,,,,,,35.0,,,,,,,,COMPLETE
694,694,0.8599439775910365,2025-01-05 14:21:18.142784,2025-01-05 14:21:21.502781,0 days 00:00:03.359997,2,1,2.0,,,,,,,,,,,,,,,,,,,30,45.0,,,,,,,,,,,,,,,,,,,COMPLETE
695,695,0.7673202614379084,2025-01-05 14:21:21.503186,2025-01-05 14:21:24.545636,0 days 00:00:03.042450,1,1,,,,,,,,,,,,,,,,,,,,35,,,,,,,,,,,,,,,,,,,,COMPLETE
696,696,0.8594941790445605,2025-01-05 14:21:24.546006,2025-01-05 14:21:27.871675,0 days 00:00:03.325669,2,1,5.0,,,,,,,,,,,,,,,,,,,35,30.0,,,,,,,,,,,,,,,,,,,COMPLETE
697,697,0.88,2025-01-05 14:21:27.872075,2025-01-05 14:21:32.098621,0 days 00:00:04.226546,3,2,2.0,,,,,,,,,,,2.0,,,,,,,,35,55.0,,,,,,,,,,,20.0,,,,,,,,COMPLETE
698,698,0.49922158796056043,2025-01-05 14:21:32.099043,2025-01-05 14:21:43.207876,0 days 00:00:11.108833,5,1,5.0,,,,,,,,,,,3.0,14.0,10.0,,,,,,60,45.0,,,,,,,,,,,5.0,15.0,30.0,,,,,,COMPLETE
699,699,0.8333333333333334,2025-01-05 14:21:43.208385,2025-01-05 14:21:46.732263,0 days 00:00:03.523878,2,1,4.0,,,,,,,,,,,,,,,,,,,25,55.0,,,,,,,,,,,,,,,,,,,COMPLETE
700,700,0.40476190476190477,2025-01-05 14:21:46.732661,2025-01-05 14:21:53.357330,0 days 00:00:06.624669,4,2,4.0,,,,,,,,,,,10.0,11.0,,,,,,,35,50.0,,,,,,,,,,,25.0,5.0,,,,,,,COMPLETE
701,701,0.8442553191489361,2025-01-05 14:21:53.357773,2025-01-05 14:21:56.667926,0 days 00:00:03.310153,2,1,5.0,,,,,,,,,,,,,,,,,,,40,50.0,,,,,,,,,,,,,,,,,,,COMPLETE
702,702,0.7388888888888889,2025-01-05 14:21:56.668328,2025-01-05 14:22:03.258379,0 days 00:00:06.590051,1,13,,,,,,,,,,,,,,,,,,,,35,,,,,,,,,,,,,,,,,,,,COMPLETE
703,703,0.8876127973748975,2025-01-05 14:22:03.258802,2025-01-05 14:22:06.825992,0 days 00:00:03.567190,3,1,4.0,,,,,,,,,,,1.0,,,,,,,,10,55.0,,,,,,,,,,,15.0,,,,,,,,COMPLETE
704,704,0.6892177589852009,2025-01-05 14:22:06.826427,2025-01-05 14:22:09.907968,0 days 00:00:03.081541,2,1,14.0,,,,,,,,,,,,,,,,,,,30,25.0,,,,,,,,,,,,,,,,,,,COMPLETE
705,705,0.8996386993175431,2025-01-05 14:22:09.908381,2025-01-05 14:22:13.237741,0 days 00:00:03.329360,2,1,3.0,,,,,,,,,,,,,,,,,,,35,30.0,,,,,,,,,,,,,,,,,,,COMPLETE
706,706,0.8569044639132248,2025-01-05 14:22:13.238147,2025-01-05 14:22:17.581486,0 days 00:00:04.343339,3,1,5.0,,,,,,,,,,,3.0,,,,,,,,35,50.0,,,,,,,,,,,30.0,,,,,,,,COMPLETE
707,707,0.7846153846153847,2025-01-05 14:22:17.581907,2025-01-05 14:22:21.443955,0 days 00:00:03.862048,1,2,,,,,,,,,,,,,,,,,,,,60,,,,,,,,,,,,,,,,,,,,COMPLETE
708,708,0.8999599839935974,2025-01-05 14:22:21.444331,2025-01-05 14:22:24.770967,0 days 00:00:03.326636,2,1,4.0,,,,,,,,,,,,,,,,,,,40,55.0,,,,,,,,,,,,,,,,,,,COMPLETE
709,709,0.8975,2025-01-05 14:22:24.771369,2025-01-05 14:22:28.836989,0 days 00:00:04.065620,3,1,4.0,,,,,,,,,,,2.0,,,,,,,,30,15.0,,,,,,,,,,,40.0,,,,,,,,COMPLETE
710,710,0.8689795918367347,2025-01-05 14:22:28.837421,2025-01-05 14:22:32.148698,0 days 00:00:03.311277,2,1,4.0,,,,,,,,,,,,,,,,,,,20,55.0,,,,,,,,,,,,,,,,,,,COMPLETE
711,711,0.8798076923076923,2025-01-05 14:22:32.149100,2025-01-05 14:22:36.181180,0 days 00:00:04.032080,3,1,5.0,,,,,,,,,,,1.0,,,,,,,,35,55.0,,,,,,,,,,,35.0,,,,,,,,COMPLETE
712,712,0.8035087719298246,2025-01-05 14:22:36.181792,2025-01-05 14:22:39.582496,0 days 00:00:03.400704,1,2,,,,,,,,,,,,,,,,,,,,60,,,,,,,,,,,,,,,,,,,,COMPLETE
713,713,0.2565359477124183,2025-01-05 14:22:39.582870,2025-01-05 14:22:43.732425,0 days 00:00:04.149555,14,1,3.0,2.0,14.0,3.0,5.0,,,,,,,2.0,1.0,13.0,8.0,6.0,14.0,14.0,7.0,10,35.0,30.0,30.0,15.0,40.0,,,,,,,15.0,25.0,15.0,60.0,25.0,15.0,40.0,5.0,COMPLETE
714,714,0.8452380952380952,2025-01-05 14:22:43.733201,2025-01-05 14:22:47.143244,0 days 00:00:03.410043,2,1,2.0,,,,,,,,,,,,,,,,,,,35,25.0,,,,,,,,,,,,,,,,,,,COMPLETE
715,715,0.4997635933806146,2025-01-05 14:22:47.143660,2025-01-05 14:22:51.994285,0 days 00:00:04.850625,4,1,4.0,,,,,,,,,,,3.0,4.0,,,,,,,20,30.0,,,,,,,,,,,10.0,55.0,,,,,,,COMPLETE
716,716,0.9296235679214403,2025-01-05 14:22:51.994740,2025-01-05 14:22:55.341873,0 days 00:00:03.347133,2,2,4.0,,,,,,,,,,,,,,,,,,,40,50.0,,,,,,,,,,,,,,,,,,,COMPLETE
717,717,0.9399759903961584,2025-01-05 14:22:55.342276,2025-01-05 14:22:59.537573,0 days 00:00:04.195297,3,2,5.0,,,,,,,,,,,1.0,,,,,,,,40,50.0,,,,,,,,,,,25.0,,,,,,,,COMPLETE
718,718,0.4992248062015504,2025-01-05 14:22:59.538006,2025-01-05 14:23:04.984214,0 days 00:00:05.446208,4,4,6.0,,,,,,,,,,,1.0,8.0,,,,,,,40,50.0,,,,,,,,,,,25.0,20.0,,,,,,,COMPLETE
719,719,0.9089795918367347,2025-01-05 14:23:04.984771,2025-01-05 14:23:09.251648,0 days 00:00:04.266877,3,2,5.0,,,,,,,,,,,1.0,,,,,,,,45,50.0,,,,,,,,,,,20.0,,,,,,,,COMPLETE
720,720,0.7877551020408163,2025-01-05 14:23:09.252096,2025-01-05 14:23:13.757632,0 days 00:00:04.505536,3,2,5.0,,,,,,,,,,,2.0,,,,,,,,40,50.0,,,,,,,,,,,25.0,,,,,,,,COMPLETE
721,721,0.44957264957264953,2025-01-05 14:23:13.758077,2025-01-05 14:23:18.853673,0 days 00:00:05.095596,4,2,6.0,,,,,,,,,,,1.0,13.0,,,,,,,45,50.0,,,,,,,,,,,25.0,60.0,,,,,,,COMPLETE
722,722,0.8688725490196079,2025-01-05 14:23:18.854141,2025-01-05 14:23:23.707824,0 days 00:00:04.853683,3,3,5.0,,,,,,,,,,,2.0,,,,,,,,40,50.0,,,,,,,,,,,20.0,,,,,,,,COMPLETE
723,723,0.8599439775910365,2025-01-05 14:23:23.708270,2025-01-05 14:23:27.884797,0 days 00:00:04.176527,3,3,5.0,,,,,,,,,,,1.0,,,,,,,,40,50.0,,,,,,,,,,,30.0,,,,,,,,COMPLETE
724,724,0.3819655521783181,2025-01-05 14:23:27.885235,2025-01-05 14:23:32.926994,0 days 00:00:05.041759,4,3,6.0,,,,,,,,,,,1.0,15.0,,,,,,,45,50.0,,,,,,,,,,,20.0,30.0,,,,,,,COMPLETE
725,725,0.0,2025-01-05 14:23:32.927459,2025-01-05 14:24:01.562957,0 days 00:00:28.635498,17,3,5.0,10.0,6.0,11.0,10.0,9.0,10.0,12.0,,,,2.0,4.0,12.0,15.0,11.0,7.0,1.0,13.0,40,50.0,5.0,55.0,40.0,20.0,45.0,15.0,15.0,,,,25.0,40.0,50.0,35.0,45.0,30.0,5.0,25.0,COMPLETE
726,726,0.8452380952380952,2025-01-05 14:24:01.563826,2025-01-05 14:24:06.145870,0 days 00:00:04.582044,3,3,5.0,,,,,,,,,,,1.0,,,,,,,,45,45.0,,,,,,,,,,,30.0,,,,,,,,COMPLETE
727,727,0.0,2025-01-05 14:24:06.146313,2025-01-05 14:24:37.610788,0 days 00:00:31.464475,19,2,5.0,7.0,12.0,7.0,14.0,12.0,6.0,4.0,5.0,8.0,,2.0,10.0,15.0,6.0,15.0,8.0,4.0,6.0,55,50.0,15.0,5.0,55.0,35.0,25.0,55.0,35.0,25.0,5.0,,15.0,10.0,55.0,55.0,20.0,35.0,25.0,20.0,COMPLETE
728,728,0.8792270531400965,2025-01-05 14:24:37.611894,2025-01-05 14:24:42.148355,0 days 00:00:04.536461,3,2,1.0,,,,,,,,,,,1.0,,,,,,,,40,50.0,,,,,,,,,,,30.0,,,,,,,,COMPLETE
729,729,0.8239202657807309,2025-01-05 14:24:42.148805,2025-01-05 14:24:46.406971,0 days 00:00:04.258166,3,2,3.0,,,,,,,,,,,3.0,,,,,,,,45,50.0,,,,,,,,,,,25.0,,,,,,,,COMPLETE
