,number,value,datetime_start,datetime_complete,duration,params_depth,params_grids_0,params_grids_1,params_grids_10,params_grids_11,params_grids_12,params_grids_13,params_grids_14,params_grids_15,params_grids_16,params_grids_17,params_grids_18,params_grids_19,params_grids_2,params_grids_3,params_grids_4,params_grids_5,params_grids_6,params_grids_7,params_grids_8,params_grids_9,params_neurons_layer_0,params_neurons_layer_1,params_neurons_layer_10,params_neurons_layer_11,params_neurons_layer_12,params_neurons_layer_13,params_neurons_layer_14,params_neurons_layer_15,params_neurons_layer_16,params_neurons_layer_17,params_neurons_layer_18,params_neurons_layer_19,params_neurons_layer_2,params_neurons_layer_3,params_neurons_layer_4,params_neurons_layer_5,params_neurons_layer_6,params_neurons_layer_7,params_neurons_layer_8,params_neurons_layer_9,state
475,475,0.9274684250078786,2025-01-06 21:06:24.792085,2025-01-06 21:06:34.003655,0 days 00:00:09.211570,1,3,,,,,,,,,,,,,,,,,,,,50,,,,,,,,,,,,,,,,,,,,COMPLETE
476,476,0.9534160029014638,2025-01-06 21:06:34.004081,2025-01-06 21:06:37.801567,0 days 00:00:03.797486,2,2,1.0,,,,,,,,,,,,,,,,,,,60,35.0,,,,,,,,,,,,,,,,,,,COMPLETE
477,477,0.9334907069861949,2025-01-06 21:06:37.801952,2025-01-06 21:06:45.835975,0 days 00:00:08.034023,1,2,,,,,,,,,,,,,,,,,,,,55,,,,,,,,,,,,,,,,,,,,COMPLETE
478,478,0.9475164323155004,2025-01-06 21:06:45.836358,2025-01-06 21:06:49.942117,0 days 00:00:04.105759,2,2,1.0,,,,,,,,,,,,,,,,,,,55,25.0,,,,,,,,,,,,,,,,,,,COMPLETE
479,479,0.9460520876395204,2025-01-06 21:06:49.942508,2025-01-06 21:06:54.708040,0 days 00:00:04.765532,2,2,1.0,,,,,,,,,,,,,,,,,,,55,35.0,,,,,,,,,,,,,,,,,,,COMPLETE
480,480,0.9499103950144511,2025-01-06 21:06:54.708427,2025-01-06 21:07:03.006394,0 days 00:00:08.297967,2,12,1.0,,,,,,,,,,,,,,,,,,,55,35.0,,,,,,,,,,,,,,,,,,,COMPLETE
481,481,0.9198519888991674,2025-01-06 21:07:03.006767,2025-01-06 21:07:13.077026,0 days 00:00:10.070259,1,3,,,,,,,,,,,,,,,,,,,,60,,,,,,,,,,,,,,,,,,,,COMPLETE
482,482,0.9439865306327587,2025-01-06 21:07:13.077501,2025-01-06 21:07:16.230740,0 days 00:00:03.153239,2,2,1.0,,,,,,,,,,,,,,,,,,,60,25.0,,,,,,,,,,,,,,,,,,,COMPLETE
483,483,0.9439390034845547,2025-01-06 21:07:16.231152,2025-01-06 21:07:24.177333,0 days 00:00:07.946181,2,9,1.0,,,,,,,,,,,,,,,,,,,55,25.0,,,,,,,,,,,,,,,,,,,COMPLETE
484,484,0.324781005612832,2025-01-06 21:07:24.177823,2025-01-06 21:08:19.065322,0 days 00:00:54.887499,9,6,1.0,,,,,,,,,,,5.0,4.0,10.0,6.0,8.0,12.0,5.0,,40,25.0,,,,,,,,,,,55.0,60.0,60.0,25.0,45.0,15.0,5.0,,COMPLETE
485,485,0.6494146642020948,2025-01-06 21:08:19.066089,2025-01-06 21:08:29.188330,0 days 00:00:10.122241,4,2,2.0,,,,,,,,,,,5.0,5.0,,,,,,,35,30.0,,,,,,,,,,,60.0,25.0,,,,,,,COMPLETE
486,486,0.9573927560426798,2025-01-06 21:08:29.188895,2025-01-06 21:08:33.447703,0 days 00:00:04.258808,3,1,1.0,,,,,,,,,,,4.0,,,,,,,,35,25.0,,,,,,,,,,,55.0,,,,,,,,COMPLETE
487,487,0.9482374188945126,2025-01-06 21:08:33.448255,2025-01-06 21:08:36.472823,0 days 00:00:03.024568,2,1,2.0,,,,,,,,,,,,,,,,,,,50,25.0,,,,,,,,,,,,,,,,,,,COMPLETE
488,488,0.6242854905645603,2025-01-06 21:08:36.473223,2025-01-06 21:08:47.507786,0 days 00:00:11.034563,3,2,12.0,,,,,,,,,,,6.0,,,,,,,,60,25.0,,,,,,,,,,,40.0,,,,,,,,COMPLETE
489,489,0.9441133259875121,2025-01-06 21:08:47.508217,2025-01-06 21:08:50.495173,0 days 00:00:02.986956,2,2,1.0,,,,,,,,,,,,,,,,,,,30,25.0,,,,,,,,,,,,,,,,,,,COMPLETE
490,490,0.9400470704818531,2025-01-06 21:08:50.495549,2025-01-06 21:08:56.378333,0 days 00:00:05.882784,1,1,,,,,,,,,,,,,,,,,,,,40,,,,,,,,,,,,,,,,,,,,COMPLETE
491,491,0.9432309785032558,2025-01-06 21:08:56.378712,2025-01-06 21:09:00.961227,0 days 00:00:04.582515,3,1,2.0,,,,,,,,,,,5.0,,,,,,,,35,30.0,,,,,,,,,,,50.0,,,,,,,,COMPLETE
492,492,0.9257595862679051,2025-01-06 21:09:00.961624,2025-01-06 21:09:10.592032,0 days 00:00:09.630408,4,3,1.0,,,,,,,,,,,1.0,9.0,,,,,,,35,25.0,,,,,,,,,,,45.0,40.0,,,,,,,COMPLETE
493,493,0.9566661851798354,2025-01-06 21:09:10.592527,2025-01-06 21:09:13.747009,0 days 00:00:03.154482,2,1,1.0,,,,,,,,,,,,,,,,,,,55,35.0,,,,,,,,,,,,,,,,,,,COMPLETE
494,494,0.9154794520547945,2025-01-06 21:09:13.747398,2025-01-06 21:09:19.145708,0 days 00:00:05.398310,3,2,2.0,,,,,,,,,,,6.0,,,,,,,,60,20.0,,,,,,,,,,,60.0,,,,,,,,COMPLETE
495,495,0.9380539887187751,2025-01-06 21:09:19.146138,2025-01-06 21:09:22.232992,0 days 00:00:03.086854,2,1,1.0,,,,,,,,,,,,,,,,,,,40,25.0,,,,,,,,,,,,,,,,,,,COMPLETE
496,496,0.30442908388982803,2025-01-06 21:09:22.233405,2025-01-06 21:09:34.684735,0 days 00:00:12.451330,12,2,2.0,11.0,8.0,,,,,,,,,4.0,12.0,9.0,8.0,15.0,8.0,9.0,8.0,50,30.0,25.0,55.0,,,,,,,,,55.0,50.0,30.0,10.0,40.0,35.0,60.0,45.0,COMPLETE
497,497,0.9533333333333334,2025-01-06 21:09:34.685427,2025-01-06 21:09:37.807706,0 days 00:00:03.122279,3,1,1.0,,,,,,,,,,,2.0,,,,,,,,35,20.0,,,,,,,,,,,35.0,,,,,,,,COMPLETE
498,498,0.948955753997154,2025-01-06 21:09:37.808116,2025-01-06 21:09:42.133885,0 days 00:00:04.325769,3,1,2.0,,,,,,,,,,,5.0,,,,,,,,40,35.0,,,,,,,,,,,20.0,,,,,,,,COMPLETE
499,499,0.8890602752728998,2025-01-06 21:09:42.134534,2025-01-06 21:09:49.687997,0 days 00:00:07.553463,4,2,1.0,,,,,,,,,,,7.0,2.0,,,,,,,35,25.0,,,,,,,,,,,45.0,35.0,,,,,,,COMPLETE
500,500,0.9490418653474635,2025-01-06 21:09:49.688495,2025-01-06 21:09:53.285928,0 days 00:00:03.597433,2,1,2.0,,,,,,,,,,,,,,,,,,,60,25.0,,,,,,,,,,,,,,,,,,,COMPLETE
501,501,0.9423218673218673,2025-01-06 21:09:53.286314,2025-01-06 21:09:57.297086,0 days 00:00:04.010772,3,1,1.0,,,,,,,,,,,3.0,,,,,,,,40,30.0,,,,,,,,,,,55.0,,,,,,,,COMPLETE
502,502,0.725771290046914,2025-01-06 21:09:57.297512,2025-01-06 21:10:05.624972,0 days 00:00:08.327460,4,2,2.0,,,,,,,,,,,4.0,3.0,,,,,,,30,25.0,,,,,,,,,,,60.0,45.0,,,,,,,COMPLETE
503,503,0.2181327562118182,2025-01-06 21:10:05.625443,2025-01-06 21:10:23.132933,0 days 00:00:17.507490,16,1,1.0,6.0,11.0,2.0,3.0,7.0,4.0,,,,,2.0,6.0,2.0,15.0,1.0,11.0,6.0,10.0,35,25.0,5.0,10.0,15.0,15.0,60.0,35.0,,,,,50.0,40.0,35.0,35.0,60.0,55.0,45.0,55.0,COMPLETE
504,504,0.949187420267347,2025-01-06 21:10:23.133661,2025-01-06 21:10:26.448286,0 days 00:00:03.314625,2,1,2.0,,,,,,,,,,,,,,,,,,,50,20.0,,,,,,,,,,,,,,,,,,,COMPLETE
505,505,0.6240020030358513,2025-01-06 21:10:26.448688,2025-01-06 21:10:42.126126,0 days 00:00:15.677438,5,1,1.0,,,,,,,,,,,5.0,8.0,5.0,,,,,,55,30.0,,,,,,,,,,,35.0,50.0,45.0,,,,,,COMPLETE
506,506,0.9424117280377577,2025-01-06 21:10:42.126735,2025-01-06 21:10:45.537476,0 days 00:00:03.410741,3,1,2.0,,,,,,,,,,,2.0,,,,,,,,35,25.0,,,,,,,,,,,40.0,,,,,,,,COMPLETE
507,507,0.9494063926940639,2025-01-06 21:10:45.537898,2025-01-06 21:10:53.876577,0 days 00:00:08.338679,1,2,,,,,,,,,,,,,,,,,,,,60,,,,,,,,,,,,,,,,,,,,COMPLETE
508,508,0.48404065989553585,2025-01-06 21:10:53.877135,2025-01-06 21:11:37.819008,0 days 00:00:43.941873,10,1,1.0,,,,,,,,,,,3.0,4.0,12.0,1.0,3.0,6.0,2.0,14.0,55,25.0,,,,,,,,,,,60.0,60.0,50.0,20.0,35.0,5.0,55.0,10.0,COMPLETE
509,509,0.9390455036351693,2025-01-06 21:11:37.819620,2025-01-06 21:11:40.672490,0 days 00:00:02.852870,2,1,2.0,,,,,,,,,,,,,,,,,,,35,20.0,,,,,,,,,,,,,,,,,,,COMPLETE
510,510,0.0,2025-01-06 21:11:40.672896,2025-01-06 21:13:00.237016,0 days 00:01:19.564120,19,1,1.0,13.0,5.0,8.0,9.0,3.0,12.0,5.0,1.0,7.0,,6.0,14.0,14.0,4.0,12.0,14.0,13.0,2.0,40,25.0,40.0,40.0,30.0,45.0,10.0,15.0,45.0,5.0,10.0,,20.0,30.0,40.0,50.0,15.0,20.0,25.0,20.0,COMPLETE
511,511,0.5944318111978366,2025-01-06 21:13:00.238087,2025-01-06 21:13:09.690100,0 days 00:00:09.452013,4,2,3.0,,,,,,,,,,,4.0,11.0,,,,,,,50,30.0,,,,,,,,,,,10.0,55.0,,,,,,,COMPLETE
512,512,0.9440195063295367,2025-01-06 21:13:09.690727,2025-01-06 21:13:12.646855,0 days 00:00:02.956128,2,2,1.0,,,,,,,,,,,,,,,,,,,40,25.0,,,,,,,,,,,,,,,,,,,COMPLETE
513,513,0.9558679977814754,2025-01-06 21:13:12.647245,2025-01-06 21:13:16.393427,0 days 00:00:03.746182,3,1,2.0,,,,,,,,,,,1.0,,,,,,,,45,25.0,,,,,,,,,,,55.0,,,,,,,,COMPLETE
514,514,0.9533328148090534,2025-01-06 21:13:16.393829,2025-01-06 21:13:20.634168,0 days 00:00:04.240339,3,1,1.0,,,,,,,,,,,8.0,,,,,,,,35,30.0,,,,,,,,,,,15.0,,,,,,,,COMPLETE
515,515,0.9500521962579298,2025-01-06 21:13:20.634595,2025-01-06 21:13:25.014519,0 days 00:00:04.379924,3,2,2.0,,,,,,,,,,,3.0,,,,,,,,60,25.0,,,,,,,,,,,55.0,,,,,,,,COMPLETE
516,516,0.9575173186464556,2025-01-06 21:13:25.014913,2025-01-06 21:13:27.914651,0 days 00:00:02.899738,2,1,1.0,,,,,,,,,,,,,,,,,,,45,25.0,,,,,,,,,,,,,,,,,,,COMPLETE
517,517,0.9440863985218084,2025-01-06 21:13:27.915039,2025-01-06 21:13:32.715640,0 days 00:00:04.800601,3,1,3.0,,,,,,,,,,,4.0,,,,,,,,35,30.0,,,,,,,,,,,60.0,,,,,,,,COMPLETE
518,518,0.9107499349694905,2025-01-06 21:13:32.716047,2025-01-06 21:13:40.565542,0 days 00:00:07.849495,1,2,,,,,,,,,,,,,,,,,,,,55,,,,,,,,,,,,,,,,,,,,COMPLETE
519,519,0.9506302521008403,2025-01-06 21:13:40.565941,2025-01-06 21:13:45.624272,0 days 00:00:05.058331,2,5,2.0,,,,,,,,,,,,,,,,,,,60,25.0,,,,,,,,,,,,,,,,,,,COMPLETE
520,520,0.9448160535117057,2025-01-06 21:13:45.624648,2025-01-06 21:13:50.521798,0 days 00:00:04.897150,4,1,1.0,,,,,,,,,,,4.0,5.0,,,,,,,35,35.0,,,,,,,,,,,35.0,10.0,,,,,,,COMPLETE
521,521,0.9499254428139414,2025-01-06 21:13:50.522262,2025-01-06 21:13:54.316082,0 days 00:00:03.793820,3,3,2.0,,,,,,,,,,,2.0,,,,,,,,40,20.0,,,,,,,,,,,50.0,,,,,,,,COMPLETE
522,522,0.9458816351433801,2025-01-06 21:13:54.316502,2025-01-06 21:13:57.276529,0 days 00:00:02.960027,2,1,1.0,,,,,,,,,,,,,,,,,,,45,25.0,,,,,,,,,,,,,,,,,,,COMPLETE
523,523,0.9475467846961074,2025-01-06 21:13:57.276919,2025-01-06 21:14:01.538780,0 days 00:00:04.261861,3,1,1.0,,,,,,,,,,,3.0,,,,,,,,30,30.0,,,,,,,,,,,60.0,,,,,,,,COMPLETE
524,524,0.9405887065599212,2025-01-06 21:14:01.539206,2025-01-06 21:14:07.310588,0 days 00:00:05.771382,2,2,10.0,,,,,,,,,,,,,,,,,,,60,25.0,,,,,,,,,,,,,,,,,,,COMPLETE
525,525,0.951585436890498,2025-01-06 21:14:07.311053,2025-01-06 21:14:11.742652,0 days 00:00:04.431599,3,1,2.0,,,,,,,,,,,5.0,,,,,,,,50,25.0,,,,,,,,,,,40.0,,,,,,,,COMPLETE
526,526,0.9056766619070284,2025-01-06 21:14:11.743222,2025-01-06 21:14:18.795168,0 days 00:00:07.051946,1,2,,,,,,,,,,,,,,,,,,,,40,,,,,,,,,,,,,,,,,,,,COMPLETE
527,527,0.6550057368845055,2025-01-06 21:14:18.795569,2025-01-06 21:14:29.663690,0 days 00:00:10.868121,4,1,14.0,,,,,,,,,,,6.0,3.0,,,,,,,35,25.0,,,,,,,,,,,15.0,15.0,,,,,,,COMPLETE
528,528,0.9540510661582012,2025-01-06 21:14:29.664203,2025-01-06 21:14:32.826416,0 days 00:00:03.162213,3,1,1.0,,,,,,,,,,,2.0,,,,,,,,45,25.0,,,,,,,,,,,35.0,,,,,,,,COMPLETE
529,529,0.9492068774265114,2025-01-06 21:14:32.826842,2025-01-06 21:14:35.834421,0 days 00:00:03.007579,2,2,2.0,,,,,,,,,,,,,,,,,,,35,20.0,,,,,,,,,,,,,,,,,,,COMPLETE
530,530,0.9533897249179737,2025-01-06 21:14:35.834812,2025-01-06 21:14:40.024932,0 days 00:00:04.190120,3,1,1.0,,,,,,,,,,,3.0,,,,,,,,45,30.0,,,,,,,,,,,60.0,,,,,,,,COMPLETE
531,531,0.746417323726663,2025-01-06 21:14:40.025372,2025-01-06 21:14:49.836343,0 days 00:00:09.810971,4,1,3.0,,,,,,,,,,,10.0,1.0,,,,,,,55,25.0,,,,,,,,,,,55.0,30.0,,,,,,,COMPLETE
532,532,0.945818191905462,2025-01-06 21:14:49.836841,2025-01-06 21:14:52.874310,0 days 00:00:03.037469,2,2,2.0,,,,,,,,,,,,,,,,,,,40,15.0,,,,,,,,,,,,,,,,,,,COMPLETE
533,533,0.8112002845390869,2025-01-06 21:14:52.874685,2025-01-06 21:14:59.451938,0 days 00:00:06.577253,3,1,7.0,,,,,,,,,,,4.0,,,,,,,,35,25.0,,,,,,,,,,,45.0,,,,,,,,COMPLETE
534,534,0.907502523977789,2025-01-06 21:14:59.452400,2025-01-06 21:15:06.040165,0 days 00:00:06.587765,1,1,,,,,,,,,,,,,,,,,,,,60,,,,,,,,,,,,,,,,,,,,COMPLETE
535,535,0.905057399937946,2025-01-06 21:15:06.040572,2025-01-06 21:15:13.565776,0 days 00:00:07.525204,2,2,15.0,,,,,,,,,,,,,,,,,,,40,40.0,,,,,,,,,,,,,,,,,,,COMPLETE
536,536,0.9433024646752121,2025-01-06 21:15:13.566207,2025-01-06 21:15:17.190732,0 days 00:00:03.624525,2,1,1.0,,,,,,,,,,,,,,,,,,,50,30.0,,,,,,,,,,,,,,,,,,,COMPLETE
537,537,0.9466571834992887,2025-01-06 21:15:17.191207,2025-01-06 21:15:20.271180,0 days 00:00:03.079973,3,1,1.0,,,,,,,,,,,1.0,,,,,,,,30,25.0,,,,,,,,,,,35.0,,,,,,,,COMPLETE
538,538,0.849201481178582,2025-01-06 21:15:20.271759,2025-01-06 21:15:27.707468,0 days 00:00:07.435709,3,3,2.0,,,,,,,,,,,7.0,,,,,,,,35,20.0,,,,,,,,,,,55.0,,,,,,,,COMPLETE
539,539,0.9447180341945097,2025-01-06 21:15:27.707951,2025-01-06 21:15:31.062308,0 days 00:00:03.354357,2,1,2.0,,,,,,,,,,,,,,,,,,,60,30.0,,,,,,,,,,,,,,,,,,,COMPLETE
540,540,0.6373781676413255,2025-01-06 21:15:31.062702,2025-01-06 21:15:41.659987,0 days 00:00:10.597285,4,2,1.0,,,,,,,,,,,11.0,6.0,,,,,,,45,25.0,,,,,,,,,,,30.0,20.0,,,,,,,COMPLETE
541,541,0.9466571834992887,2025-01-06 21:15:41.660512,2025-01-06 21:15:45.457223,0 days 00:00:03.796711,2,1,1.0,,,,,,,,,,,,,,,,,,,35,25.0,,,,,,,,,,,,,,,,,,,COMPLETE
542,542,0.9557783379800442,2025-01-06 21:15:45.457618,2025-01-06 21:15:49.182699,0 days 00:00:03.725081,3,1,2.0,,,,,,,,,,,2.0,,,,,,,,50,25.0,,,,,,,,,,,25.0,,,,,,,,COMPLETE
543,543,0.5146557658476888,2025-01-06 21:15:49.183127,2025-01-06 21:16:33.048957,0 days 00:00:43.865830,7,1,1.0,,,,,,,,,,,5.0,7.0,5.0,9.0,8.0,,,,40,20.0,,,,,,,,,,,50.0,40.0,55.0,45.0,55.0,,,,COMPLETE
544,544,0.9499904164270774,2025-01-06 21:16:33.049745,2025-01-06 21:16:37.519112,0 days 00:00:04.469367,3,2,1.0,,,,,,,,,,,5.0,,,,,,,,40,25.0,,,,,,,,,,,60.0,,,,,,,,COMPLETE
545,545,0.9397481838297206,2025-01-06 21:16:37.519562,2025-01-06 21:16:43.643257,0 days 00:00:06.123695,1,1,,,,,,,,,,,,,,,,,,,,45,,,,,,,,,,,,,,,,,,,,COMPLETE
546,546,0.9474595136067672,2025-01-06 21:16:43.643653,2025-01-06 21:16:47.494189,0 days 00:00:03.850536,3,1,2.0,,,,,,,,,,,3.0,,,,,,,,25,30.0,,,,,,,,,,,20.0,,,,,,,,COMPLETE
547,547,0.9432259143621766,2025-01-06 21:16:47.494623,2025-01-06 21:16:51.324892,0 days 00:00:03.830269,2,2,2.0,,,,,,,,,,,,,,,,,,,60,25.0,,,,,,,,,,,,,,,,,,,COMPLETE
548,548,0.9516355302451559,2025-01-06 21:16:51.325299,2025-01-06 21:16:56.412231,0 days 00:00:05.086932,3,1,1.0,,,,,,,,,,,4.0,,,,,,,,55,35.0,,,,,,,,,,,55.0,,,,,,,,COMPLETE
549,549,0.9583276620212834,2025-01-06 21:16:56.412661,2025-01-06 21:17:01.242761,0 days 00:00:04.830100,3,2,1.0,,,,,,,,,,,2.0,,,,,,,,35,25.0,,,,,,,,,,,60.0,,,,,,,,COMPLETE
550,550,0.7229516629190365,2025-01-06 21:17:01.243222,2025-01-06 21:17:12.200208,0 days 00:00:10.956986,4,1,2.0,,,,,,,,,,,2.0,15.0,,,,,,,35,25.0,,,,,,,,,,,60.0,25.0,,,,,,,COMPLETE
551,551,0.6205271226308545,2025-01-06 21:17:12.200715,2025-01-06 21:17:28.055263,0 days 00:00:15.854548,4,2,3.0,,,,,,,,,,,2.0,12.0,,,,,,,35,25.0,,,,,,,,,,,60.0,35.0,,,,,,,COMPLETE
552,552,0.9491079279219117,2025-01-06 21:17:28.055853,2025-01-06 21:17:31.925266,0 days 00:00:03.869413,3,1,1.0,,,,,,,,,,,2.0,,,,,,,,35,25.0,,,,,,,,,,,60.0,,,,,,,,COMPLETE
553,553,0.9434214569888455,2025-01-06 21:17:31.925849,2025-01-06 21:17:37.118625,0 days 00:00:05.192776,3,3,2.0,,,,,,,,,,,1.0,,,,,,,,35,30.0,,,,,,,,,,,60.0,,,,,,,,COMPLETE
554,554,0.9387473436849976,2025-01-06 21:17:37.119105,2025-01-06 21:17:47.163261,0 days 00:00:10.044156,4,1,1.0,,,,,,,,,,,2.0,9.0,,,,,,,35,25.0,,,,,,,,,,,60.0,50.0,,,,,,,COMPLETE
555,555,0.9299992222135802,2025-01-06 21:17:47.163748,2025-01-06 21:17:52.106405,0 days 00:00:04.942657,4,2,3.0,,,,,,,,,,,3.0,1.0,,,,,,,30,25.0,,,,,,,,,,,55.0,60.0,,,,,,,COMPLETE
556,556,0.9391974349871306,2025-01-06 21:17:52.106859,2025-01-06 21:17:55.906029,0 days 00:00:03.799170,3,1,2.0,,,,,,,,,,,2.0,,,,,,,,35,25.0,,,,,,,,,,,60.0,,,,,,,,COMPLETE
557,557,0.9483331898144162,2025-01-06 21:17:55.906462,2025-01-06 21:17:59.444217,0 days 00:00:03.537755,3,1,1.0,,,,,,,,,,,1.0,,,,,,,,35,30.0,,,,,,,,,,,55.0,,,,,,,,COMPLETE
558,558,0.9551318312890631,2025-01-06 21:17:59.444642,2025-01-06 21:18:03.559479,0 days 00:00:04.114837,3,1,2.0,,,,,,,,,,,3.0,,,,,,,,35,25.0,,,,,,,,,,,60.0,,,,,,,,COMPLETE
559,559,0.24718294409764463,2025-01-06 21:18:03.559917,2025-01-06 21:18:18.671553,0 days 00:00:15.111636,14,2,1.0,3.0,8.0,5.0,14.0,,,,,,,4.0,13.0,3.0,10.0,7.0,4.0,1.0,9.0,35,25.0,20.0,20.0,40.0,30.0,,,,,,,55.0,5.0,20.0,5.0,25.0,45.0,30.0,60.0,COMPLETE
560,560,0.9525402107598447,2025-01-06 21:18:18.672230,2025-01-06 21:18:23.127748,0 days 00:00:04.455518,3,1,1.0,,,,,,,,,,,4.0,,,,,,,,35,25.0,,,,,,,,,,,60.0,,,,,,,,COMPLETE
561,561,0.6587623999061832,2025-01-06 21:18:23.128210,2025-01-06 21:18:30.264729,0 days 00:00:07.136519,4,2,2.0,,,,,,,,,,,6.0,4.0,,,,,,,30,30.0,,,,,,,,,,,35.0,20.0,,,,,,,COMPLETE
562,562,0.6098332206738768,2025-01-06 21:18:30.265228,2025-01-06 21:18:47.008501,0 days 00:00:16.743273,5,1,2.0,,,,,,,,,,,5.0,5.0,10.0,,,,,,60,25.0,,,,,,,,,,,30.0,45.0,25.0,,,,,,COMPLETE
563,563,0.9388838465331003,2025-01-06 21:18:47.009282,2025-01-06 21:18:50.544314,0 days 00:00:03.535032,3,1,3.0,,,,,,,,,,,2.0,,,,,,,,40,25.0,,,,,,,,,,,45.0,,,,,,,,COMPLETE
564,564,0.948950437807768,2025-01-06 21:18:50.544728,2025-01-06 21:19:02.181589,0 days 00:00:11.636861,2,13,1.0,,,,,,,,,,,,,,,,,,,55,25.0,,,,,,,,,,,,,,,,,,,COMPLETE
565,565,0.9524264010239858,2025-01-06 21:19:02.182021,2025-01-06 21:19:05.591302,0 days 00:00:03.409281,3,1,1.0,,,,,,,,,,,3.0,,,,,,,,35,30.0,,,,,,,,,,,40.0,,,,,,,,COMPLETE
566,566,0.9347685045359464,2025-01-06 21:19:05.591741,2025-01-06 21:19:10.586887,0 days 00:00:04.995146,2,2,5.0,,,,,,,,,,,,,,,,,,,40,25.0,,,,,,,,,,,,,,,,,,,COMPLETE
567,567,0.9549275362318841,2025-01-06 21:19:10.587369,2025-01-06 21:19:14.493343,0 days 00:00:03.905974,3,1,2.0,,,,,,,,,,,3.0,,,,,,,,60,20.0,,,,,,,,,,,15.0,,,,,,,,COMPLETE
568,568,0.9505382085944746,2025-01-06 21:19:14.493767,2025-01-06 21:19:24.188618,0 days 00:00:09.694851,4,1,1.0,,,,,,,,,,,1.0,10.0,,,,,,,35,25.0,,,,,,,,,,,60.0,55.0,,,,,,,COMPLETE
569,569,0.9375910000910002,2025-01-06 21:19:24.189115,2025-01-06 21:19:29.170204,0 days 00:00:04.981089,2,7,2.0,,,,,,,,,,,,,,,,,,,40,35.0,,,,,,,,,,,,,,,,,,,COMPLETE
570,570,0.9490900996160053,2025-01-06 21:19:29.170601,2025-01-06 21:19:33.780083,0 days 00:00:04.609482,3,2,1.0,,,,,,,,,,,2.0,,,,,,,,35,25.0,,,,,,,,,,,50.0,,,,,,,,COMPLETE
571,571,0.9481009790843422,2025-01-06 21:19:33.780534,2025-01-06 21:19:37.503314,0 days 00:00:03.722780,3,1,1.0,,,,,,,,,,,4.0,,,,,,,,30,30.0,,,,,,,,,,,30.0,,,,,,,,COMPLETE
572,572,0.9395290815530952,2025-01-06 21:19:37.503740,2025-01-06 21:19:43.966337,0 days 00:00:06.462597,1,1,,,,,,,,,,,,,,,,,,,,60,,,,,,,,,,,,,,,,,,,,COMPLETE
573,573,0.9364265637454378,2025-01-06 21:19:43.966812,2025-01-06 21:19:48.659671,0 days 00:00:04.692859,3,2,2.0,,,,,,,,,,,5.0,,,,,,,,50,25.0,,,,,,,,,,,15.0,,,,,,,,COMPLETE
574,574,0.9508760447922617,2025-01-06 21:19:48.660271,2025-01-06 21:19:52.591815,0 days 00:00:03.931544,4,1,1.0,,,,,,,,,,,2.0,2.0,,,,,,,35,25.0,,,,,,,,,,,60.0,15.0,,,,,,,COMPLETE
575,575,0.9399893314366998,2025-01-06 21:19:52.592286,2025-01-06 21:19:55.835225,0 days 00:00:03.242939,2,1,2.0,,,,,,,,,,,,,,,,,,,40,20.0,,,,,,,,,,,,,,,,,,,COMPLETE
576,576,0.9525402107598447,2025-01-06 21:19:55.835620,2025-01-06 21:20:01.887634,0 days 00:00:06.052014,2,10,1.0,,,,,,,,,,,,,,,,,,,35,25.0,,,,,,,,,,,,,,,,,,,COMPLETE
577,577,0.9616795012834616,2025-01-06 21:20:01.888038,2025-01-06 21:20:06.959956,0 days 00:00:05.071918,3,1,2.0,,,,,,,,,,,3.0,,,,,,,,55,30.0,,,,,,,,,,,55.0,,,,,,,,COMPLETE
578,578,0.7101891229908729,2025-01-06 21:20:06.960405,2025-01-06 21:20:14.708383,0 days 00:00:07.747978,4,1,6.0,,,,,,,,,,,3.0,3.0,,,,,,,55,30.0,,,,,,,,,,,55.0,35.0,,,,,,,COMPLETE
579,579,0.8824437941285768,2025-01-06 21:20:14.708873,2025-01-06 21:20:22.612309,0 days 00:00:07.903436,3,8,4.0,,,,,,,,,,,3.0,,,,,,,,55,30.0,,,,,,,,,,,55.0,,,,,,,,COMPLETE
580,580,0.9541291040623261,2025-01-06 21:20:22.612737,2025-01-06 21:20:28.717128,0 days 00:00:06.104391,3,1,3.0,,,,,,,,,,,3.0,,,,,,,,55,35.0,,,,,,,,,,,55.0,,,,,,,,COMPLETE
581,581,0.9508580429742531,2025-01-06 21:20:28.717586,2025-01-06 21:20:33.520722,0 days 00:00:04.803136,3,1,2.0,,,,,,,,,,,4.0,,,,,,,,55,30.0,,,,,,,,,,,55.0,,,,,,,,COMPLETE
582,582,0.6353237223196311,2025-01-06 21:20:33.521178,2025-01-06 21:20:57.586802,0 days 00:00:24.065624,4,11,2.0,,,,,,,,,,,2.0,8.0,,,,,,,55,30.0,,,,,,,,,,,55.0,50.0,,,,,,,COMPLETE
583,583,0.9534863185315188,2025-01-06 21:20:57.587535,2025-01-06 21:21:02.716967,0 days 00:00:05.129432,3,1,3.0,,,,,,,,,,,3.0,,,,,,,,55,30.0,,,,,,,,,,,50.0,,,,,,,,COMPLETE
584,584,0.9641535473602787,2025-01-06 21:21:02.717427,2025-01-06 21:21:07.711108,0 days 00:00:04.993681,3,1,2.0,,,,,,,,,,,4.0,,,,,,,,60,30.0,,,,,,,,,,,55.0,,,,,,,,COMPLETE
585,585,0.9181849346566442,2025-01-06 21:21:07.711538,2025-01-06 21:21:13.456353,0 days 00:00:05.744815,4,1,2.0,,,,,,,,,,,4.0,2.0,,,,,,,60,30.0,,,,,,,,,,,50.0,40.0,,,,,,,COMPLETE
586,586,0.94887187615932,2025-01-06 21:21:13.456873,2025-01-06 21:21:18.681166,0 days 00:00:05.224293,3,1,2.0,,,,,,,,,,,4.0,,,,,,,,60,30.0,,,,,,,,,,,55.0,,,,,,,,COMPLETE
587,587,0.9489532388811392,2025-01-06 21:21:18.681616,2025-01-06 21:21:23.552428,0 days 00:00:04.870812,3,1,3.0,,,,,,,,,,,4.0,,,,,,,,60,30.0,,,,,,,,,,,55.0,,,,,,,,COMPLETE
588,588,0.7415011575484343,2025-01-06 21:21:23.552854,2025-01-06 21:21:35.091029,0 days 00:00:11.538175,4,1,2.0,,,,,,,,,,,4.0,7.0,,,,,,,60,30.0,,,,,,,,,,,55.0,45.0,,,,,,,COMPLETE
589,589,0.39887083808491147,2025-01-06 21:21:35.091524,2025-01-06 21:22:14.198296,0 days 00:00:39.106772,8,1,2.0,,,,,,,,,,,4.0,11.0,1.0,13.0,11.0,10.0,,,60,30.0,,,,,,,,,,,55.0,25.0,15.0,40.0,50.0,10.0,,,COMPLETE
590,590,0.6201970443349754,2025-01-06 21:22:14.199121,2025-01-06 21:22:32.005383,0 days 00:00:17.806262,5,1,2.0,,,,,,,,,,,5.0,4.0,8.0,,,,,,60,30.0,,,,,,,,,,,50.0,30.0,60.0,,,,,,COMPLETE
591,591,0.9574672921640317,2025-01-06 21:22:32.005909,2025-01-06 21:22:36.561032,0 days 00:00:04.555123,3,1,2.0,,,,,,,,,,,3.0,,,,,,,,60,30.0,,,,,,,,,,,35.0,,,,,,,,COMPLETE
592,592,0.9432309785032558,2025-01-06 21:22:36.561490,2025-01-06 21:22:42.232870,0 days 00:00:05.671380,3,1,2.0,,,,,,,,,,,5.0,,,,,,,,60,35.0,,,,,,,,,,,55.0,,,,,,,,COMPLETE
593,593,0.9498081591104848,2025-01-06 21:22:42.233311,2025-01-06 21:22:46.013716,0 days 00:00:03.780405,2,1,3.0,,,,,,,,,,,,,,,,,,,55,30.0,,,,,,,,,,,,,,,,,,,COMPLETE
594,594,0.9458662672989988,2025-01-06 21:22:46.014115,2025-01-06 21:22:50.544729,0 days 00:00:04.530614,3,1,2.0,,,,,,,,,,,6.0,,,,,,,,60,30.0,,,,,,,,,,,25.0,,,,,,,,COMPLETE
595,595,0.9540863177226814,2025-01-06 21:22:50.545169,2025-01-06 21:22:54.040851,0 days 00:00:03.495682,2,1,2.0,,,,,,,,,,,,,,,,,,,55,35.0,,,,,,,,,,,,,,,,,,,COMPLETE
