,number,value,datetime_start,datetime_complete,duration,params_depth,params_grids_0,params_grids_1,params_grids_10,params_grids_11,params_grids_12,params_grids_13,params_grids_14,params_grids_15,params_grids_16,params_grids_17,params_grids_18,params_grids_19,params_grids_2,params_grids_3,params_grids_4,params_grids_5,params_grids_6,params_grids_7,params_grids_8,params_grids_9,params_neurons_layer_0,params_neurons_layer_1,params_neurons_layer_10,params_neurons_layer_11,params_neurons_layer_12,params_neurons_layer_13,params_neurons_layer_14,params_neurons_layer_15,params_neurons_layer_16,params_neurons_layer_17,params_neurons_layer_18,params_neurons_layer_19,params_neurons_layer_2,params_neurons_layer_3,params_neurons_layer_4,params_neurons_layer_5,params_neurons_layer_6,params_neurons_layer_7,params_neurons_layer_8,params_neurons_layer_9,state
112,112,0.883445654557099,2025-01-05 21:58:20.289527,2025-01-05 21:58:37.761858,0 days 00:00:17.472331,2,2,10.0,,,,,,,,,,,,,,,,,,,5,45.0,,,,,,,,,,,,,,,,,,,COMPLETE
113,113,0.7426094615694098,2025-01-05 21:58:37.762252,2025-01-05 21:58:49.982845,0 days 00:00:12.220593,1,3,,,,,,,,,,,,,,,,,,,,10,,,,,,,,,,,,,,,,,,,,COMPLETE
114,114,0.8667701623305899,2025-01-05 21:58:49.983251,2025-01-05 21:59:43.423560,0 days 00:00:53.440309,3,1,11.0,,,,,,,,,,,6.0,,,,,,,,5,50.0,,,,,,,,,,,35.0,,,,,,,,COMPLETE
115,115,0.8884534533454688,2025-01-05 21:59:43.424107,2025-01-05 22:00:14.730088,0 days 00:00:31.305981,2,2,13.0,,,,,,,,,,,,,,,,,,,10,45.0,,,,,,,,,,,,,,,,,,,COMPLETE
116,116,0.7642097233044363,2025-01-05 22:00:14.730439,2025-01-05 22:00:23.519753,0 days 00:00:08.789314,1,1,,,,,,,,,,,,,,,,,,,,20,,,,,,,,,,,,,,,,,,,,COMPLETE
117,117,0.8688758157383675,2025-01-05 22:00:23.520109,2025-01-05 22:02:14.601111,0 days 00:01:51.081002,3,2,10.0,,,,,,,,,,,4.0,,,,,,,,40,55.0,,,,,,,,,,,20.0,,,,,,,,COMPLETE
118,118,0.8677259373031867,2025-01-05 22:02:14.601659,2025-01-05 22:02:30.564838,0 days 00:00:15.963179,2,1,11.0,,,,,,,,,,,,,,,,,,,5,40.0,,,,,,,,,,,,,,,,,,,COMPLETE
119,119,0.660479212227304,2025-01-05 22:02:30.565181,2025-01-05 22:02:40.563479,0 days 00:00:09.998298,1,2,,,,,,,,,,,,,,,,,,,,10,,,,,,,,,,,,,,,,,,,,COMPLETE
120,120,0.8324923106497502,2025-01-05 22:02:40.563774,2025-01-05 22:02:46.938083,0 days 00:00:06.374309,1,3,,,,,,,,,,,,,,,,,,,,5,,,,,,,,,,,,,,,,,,,,COMPLETE
121,121,0.8947508814500742,2025-01-05 22:02:46.938370,2025-01-05 22:03:18.412243,0 days 00:00:31.473873,2,2,13.0,,,,,,,,,,,,,,,,,,,10,45.0,,,,,,,,,,,,,,,,,,,COMPLETE
122,122,0.8856622314237943,2025-01-05 22:03:18.412753,2025-01-05 22:04:01.773741,0 days 00:00:43.360988,2,1,14.0,,,,,,,,,,,,,,,,,,,15,45.0,,,,,,,,,,,,,,,,,,,COMPLETE
123,123,0.861012953370283,2025-01-05 22:04:01.774234,2025-01-05 22:05:51.405786,0 days 00:01:49.631552,3,2,15.0,,,,,,,,,,,11.0,,,,,,,,10,50.0,,,,,,,,,,,40.0,,,,,,,,COMPLETE
124,124,0.5509439782503185,2025-01-05 22:05:51.406333,2025-01-05 22:05:57.184908,0 days 00:00:05.778575,1,1,,,,,,,,,,,,,,,,,,,,10,,,,,,,,,,,,,,,,,,,,COMPLETE
125,125,0.8856842262073724,2025-01-05 22:05:57.185210,2025-01-05 22:06:18.183584,0 days 00:00:20.998374,2,3,13.0,,,,,,,,,,,,,,,,,,,5,45.0,,,,,,,,,,,,,,,,,,,COMPLETE
126,126,0.8816711874750578,2025-01-05 22:06:18.183930,2025-01-05 22:06:43.549452,0 days 00:00:25.365522,2,2,8.0,,,,,,,,,,,,,,,,,,,10,50.0,,,,,,,,,,,,,,,,,,,COMPLETE
127,127,0.8857514979596397,2025-01-05 22:06:43.549964,2025-01-05 22:06:52.325615,0 days 00:00:08.775651,1,1,,,,,,,,,,,,,,,,,,,,15,,,,,,,,,,,,,,,,,,,,COMPLETE
128,128,0.0,2025-01-05 22:06:52.325923,2025-01-05 22:20:38.181589,0 days 00:13:45.855666,19,1,9.0,12.0,10.0,6.0,10.0,11.0,15.0,6.0,14.0,15.0,,13.0,12.0,11.0,10.0,10.0,3.0,5.0,3.0,5,50.0,15.0,25.0,25.0,20.0,45.0,40.0,40.0,60.0,45.0,,45.0,5.0,45.0,25.0,35.0,30.0,40.0,25.0,COMPLETE
129,129,0.8938880358652965,2025-01-05 22:20:38.182411,2025-01-05 22:20:54.604214,0 days 00:00:16.421803,2,3,7.0,,,,,,,,,,,,,,,,,,,5,40.0,,,,,,,,,,,,,,,,,,,COMPLETE
130,130,0.8615738609256969,2025-01-05 22:20:54.604607,2025-01-05 22:21:23.976390,0 days 00:00:29.371783,3,3,7.0,,,,,,,,,,,15.0,,,,,,,,5,40.0,,,,,,,,,,,5.0,,,,,,,,COMPLETE
131,131,0.8881546780157481,2025-01-05 22:21:23.976864,2025-01-05 22:21:47.505060,0 days 00:00:23.528196,2,3,6.0,,,,,,,,,,,,,,,,,,,10,45.0,,,,,,,,,,,,,,,,,,,COMPLETE
132,132,0.4184511986068406,2025-01-05 22:21:47.505394,2025-01-05 22:21:55.325165,0 days 00:00:07.819771,1,2,,,,,,,,,,,,,,,,,,,,5,,,,,,,,,,,,,,,,,,,,COMPLETE
133,133,0.8779743283664714,2025-01-05 22:21:55.325520,2025-01-05 22:22:46.796053,0 days 00:00:51.470533,2,4,7.0,,,,,,,,,,,,,,,,,,,25,35.0,,,,,,,,,,,,,,,,,,,COMPLETE
134,134,0.6705603155256683,2025-01-05 22:22:46.796579,2025-01-05 22:22:53.103092,0 days 00:00:06.306513,1,1,,,,,,,,,,,,,,,,,,,,5,,,,,,,,,,,,,,,,,,,,COMPLETE
135,135,0.8803599324688789,2025-01-05 22:22:53.103498,2025-01-05 22:23:15.421155,0 days 00:00:22.317657,2,2,8.0,,,,,,,,,,,,,,,,,,,10,40.0,,,,,,,,,,,,,,,,,,,COMPLETE
136,136,0.8702924623574608,2025-01-05 22:23:15.421520,2025-01-05 22:24:42.502776,0 days 00:01:27.081256,3,1,12.0,,,,,,,,,,,2.0,,,,,,,,35,45.0,,,,,,,,,,,30.0,,,,,,,,COMPLETE
137,137,0.7442981184157655,2025-01-05 22:24:42.503325,2025-01-05 22:25:03.932485,0 days 00:00:21.429160,1,4,,,,,,,,,,,,,,,,,,,,20,,,,,,,,,,,,,,,,,,,,COMPLETE
138,138,0.8678829120817815,2025-01-05 22:25:03.932812,2025-01-05 22:26:59.629055,0 days 00:01:55.696243,2,2,8.0,,,,,,,,,,,,,,,,,,,60,50.0,,,,,,,,,,,,,,,,,,,COMPLETE
139,139,0.8720093613691364,2025-01-05 22:26:59.629600,2025-01-05 22:27:16.630906,0 days 00:00:17.001306,2,1,11.0,,,,,,,,,,,,,,,,,,,5,45.0,,,,,,,,,,,,,,,,,,,COMPLETE
140,140,0.44838468801847986,2025-01-05 22:27:16.631351,2025-01-05 22:29:59.862897,0 days 00:02:43.231546,4,3,9.0,,,,,,,,,,,8.0,8.0,,,,,,,10,40.0,,,,,,,,,,,55.0,55.0,,,,,,,COMPLETE
141,141,0.8645368698723428,2025-01-05 22:29:59.863482,2025-01-05 22:30:31.316966,0 days 00:00:31.453484,2,2,13.0,,,,,,,,,,,,,,,,,,,10,45.0,,,,,,,,,,,,,,,,,,,COMPLETE
142,142,0.7307417194918313,2025-01-05 22:30:31.317371,2025-01-05 22:30:42.785217,0 days 00:00:11.467846,1,2,,,,,,,,,,,,,,,,,,,,15,,,,,,,,,,,,,,,,,,,,COMPLETE
143,143,0.8698767651105055,2025-01-05 22:30:42.785638,2025-01-05 22:31:24.528175,0 days 00:00:41.742537,3,1,14.0,,,,,,,,,,,5.0,,,,,,,,10,45.0,,,,,,,,,,,15.0,,,,,,,,COMPLETE
144,144,0.8810443500775826,2025-01-05 22:31:24.528605,2025-01-05 22:31:44.015971,0 days 00:00:19.487366,2,1,13.0,,,,,,,,,,,,,,,,,,,5,50.0,,,,,,,,,,,,,,,,,,,COMPLETE
145,145,0.6815034611614801,2025-01-05 22:31:44.016442,2025-01-05 22:32:10.285089,0 days 00:00:26.268647,1,2,,,,,,,,,,,,,,,,,,,,45,,,,,,,,,,,,,,,,,,,,COMPLETE
146,146,0.864005428924993,2025-01-05 22:32:10.285411,2025-01-05 22:33:03.774357,0 days 00:00:53.488946,2,12,12.0,,,,,,,,,,,,,,,,,,,10,45.0,,,,,,,,,,,,,,,,,,,COMPLETE
147,147,0.23384503890994635,2025-01-05 22:33:03.774878,2025-01-05 22:34:11.346551,0 days 00:01:07.571673,9,3,13.0,,,,,,,,,,,9.0,11.0,2.0,5.0,7.0,6.0,15.0,,5,55.0,,,,,,,,,,,45.0,15.0,30.0,20.0,10.0,40.0,55.0,,COMPLETE
148,148,0.48478461799726613,2025-01-05 22:34:11.347204,2025-01-05 22:34:19.292843,0 days 00:00:07.945639,1,1,,,,,,,,,,,,,,,,,,,,15,,,,,,,,,,,,,,,,,,,,COMPLETE
149,149,0.7920693866679827,2025-01-05 22:34:19.293167,2025-01-05 22:34:28.365598,0 days 00:00:09.072431,1,2,,,,,,,,,,,,,,,,,,,,10,,,,,,,,,,,,,,,,,,,,COMPLETE
150,150,0.874934582249381,2025-01-05 22:34:28.365900,2025-01-05 22:35:18.052020,0 days 00:00:49.686120,3,11,14.0,,,,,,,,,,,6.0,,,,,,,,5,50.0,,,,,,,,,,,15.0,,,,,,,,COMPLETE
151,151,0.8929561374236186,2025-01-05 22:35:18.052578,2025-01-05 22:35:44.264641,0 days 00:00:26.212063,2,4,6.0,,,,,,,,,,,,,,,,,,,10,45.0,,,,,,,,,,,,,,,,,,,COMPLETE
152,152,0.8723081236120618,2025-01-05 22:35:44.265027,2025-01-05 22:36:08.191413,0 days 00:00:23.926386,2,3,6.0,,,,,,,,,,,,,,,,,,,10,45.0,,,,,,,,,,,,,,,,,,,COMPLETE
153,153,0.8763321241648508,2025-01-05 22:36:08.191883,2025-01-05 22:36:37.018539,0 days 00:00:28.826656,2,4,7.0,,,,,,,,,,,,,,,,,,,10,50.0,,,,,,,,,,,,,,,,,,,COMPLETE
154,154,0.8814847777396735,2025-01-05 22:36:37.018915,2025-01-05 22:36:49.228026,0 days 00:00:12.209111,1,2,,,,,,,,,,,,,,,,,,,,15,,,,,,,,,,,,,,,,,,,,COMPLETE
155,155,0.8615492503113238,2025-01-05 22:36:49.228471,2025-01-05 22:37:26.539043,0 days 00:00:37.310572,3,1,5.0,,,,,,,,,,,4.0,,,,,,,,10,45.0,,,,,,,,,,,30.0,,,,,,,,COMPLETE
156,156,0.8787686834536984,2025-01-05 22:37:26.539473,2025-01-05 22:39:34.288745,0 days 00:02:07.749272,2,5,6.0,,,,,,,,,,,,,,,,,,,60,40.0,,,,,,,,,,,,,,,,,,,COMPLETE
157,157,0.0,2025-01-05 22:39:34.289308,2025-01-05 22:46:10.334364,0 days 00:06:36.045056,16,2,7.0,3.0,4.0,1.0,12.0,4.0,6.0,,,,,10.0,14.0,10.0,7.0,2.0,14.0,11.0,15.0,5,50.0,25.0,40.0,15.0,50.0,15.0,25.0,,,,,10.0,40.0,55.0,15.0,55.0,20.0,20.0,40.0,COMPLETE
158,158,0.9088705711377523,2025-01-05 22:46:10.335153,2025-01-05 22:46:25.577323,0 days 00:00:15.242170,1,1,,,,,,,,,,,,,,,,,,,,40,,,,,,,,,,,,,,,,,,,,COMPLETE
159,159,0.8574464989714522,2025-01-05 22:46:25.577786,2025-01-05 22:46:38.406558,0 days 00:00:12.828772,1,1,,,,,,,,,,,,,,,,,,,,35,,,,,,,,,,,,,,,,,,,,COMPLETE
160,160,0.7409882829335765,2025-01-05 22:46:38.406888,2025-01-05 22:46:50.398287,0 days 00:00:11.991399,1,1,,,,,,,,,,,,,,,,,,,,30,,,,,,,,,,,,,,,,,,,,COMPLETE
161,161,0.8740851634691125,2025-01-05 22:46:50.398596,2025-01-05 22:47:28.300178,0 days 00:00:37.901582,2,1,5.0,,,,,,,,,,,,,,,,,,,30,45.0,,,,,,,,,,,,,,,,,,,COMPLETE
162,162,0.795688804339551,2025-01-05 22:47:28.300709,2025-01-05 22:47:44.866733,0 days 00:00:16.566024,1,1,,,,,,,,,,,,,,,,,,,,45,,,,,,,,,,,,,,,,,,,,COMPLETE
163,163,0.8630954612786129,2025-01-05 22:47:44.867043,2025-01-05 22:49:01.903871,0 days 00:01:17.036828,2,2,9.0,,,,,,,,,,,,,,,,,,,35,50.0,,,,,,,,,,,,,,,,,,,COMPLETE
164,164,0.8875584411908711,2025-01-05 22:49:01.904427,2025-01-05 22:49:35.614465,0 days 00:00:33.710038,1,3,,,,,,,,,,,,,,,,,,,,40,,,,,,,,,,,,,,,,,,,,COMPLETE
165,165,0.8914727813846087,2025-01-05 22:49:35.614849,2025-01-05 22:50:02.167559,0 days 00:00:26.552710,2,1,11.0,,,,,,,,,,,,,,,,,,,10,45.0,,,,,,,,,,,,,,,,,,,COMPLETE
166,166,0.4430847476677532,2025-01-05 22:50:02.168054,2025-01-05 22:50:16.859593,0 days 00:00:14.691539,1,7,,,,,,,,,,,,,,,,,,,,5,,,,,,,,,,,,,,,,,,,,COMPLETE
167,167,0.8634621585504372,2025-01-05 22:50:16.859911,2025-01-05 22:50:48.827109,0 days 00:00:31.967198,3,1,11.0,,,,,,,,,,,2.0,,,,,,,,10,35.0,,,,,,,,,,,35.0,,,,,,,,COMPLETE
168,168,0.8650829064433132,2025-01-05 22:50:48.827667,2025-01-05 22:52:35.165217,0 days 00:01:46.337550,2,1,10.0,,,,,,,,,,,,,,,,,,,50,50.0,,,,,,,,,,,,,,,,,,,COMPLETE
169,169,0.21855010129343927,2025-01-05 22:52:35.165764,2025-01-05 22:53:40.105051,0 days 00:01:04.939287,12,1,11.0,8.0,10.0,,,,,,,,,12.0,13.0,6.0,14.0,6.0,3.0,13.0,11.0,40,40.0,60.0,10.0,,,,,,,,,25.0,30.0,60.0,10.0,45.0,55.0,10.0,55.0,COMPLETE
170,170,0.757481986132391,2025-01-05 22:53:40.105759,2025-01-05 22:53:46.449746,0 days 00:00:06.343987,1,1,,,,,,,,,,,,,,,,,,,,5,,,,,,,,,,,,,,,,,,,,COMPLETE
171,171,0.9016134238572248,2025-01-05 22:53:46.450052,2025-01-05 22:54:16.090752,0 days 00:00:29.640700,2,2,12.0,,,,,,,,,,,,,,,,,,,10,45.0,,,,,,,,,,,,,,,,,,,COMPLETE
172,172,0.8497461939579547,2025-01-05 22:54:16.091301,2025-01-05 22:54:45.813108,0 days 00:00:29.721807,2,2,12.0,,,,,,,,,,,,,,,,,,,10,45.0,,,,,,,,,,,,,,,,,,,COMPLETE
173,173,0.8892132422332805,2025-01-05 22:54:45.813487,2025-01-05 22:55:26.945761,0 days 00:00:41.132274,2,2,12.0,,,,,,,,,,,,,,,,,,,15,45.0,,,,,,,,,,,,,,,,,,,COMPLETE
174,174,0.7195097387556146,2025-01-05 22:55:26.946281,2025-01-05 22:58:44.945236,0 days 00:03:17.998955,3,1,12.0,,,,,,,,,,,14.0,,,,,,,,55,45.0,,,,,,,,,,,40.0,,,,,,,,COMPLETE
175,175,0.9127157492763245,2025-01-05 22:58:44.945801,2025-01-05 22:58:55.584016,0 days 00:00:10.638215,1,2,,,,,,,,,,,,,,,,,,,,15,,,,,,,,,,,,,,,,,,,,COMPLETE
176,176,0.7650613502018913,2025-01-05 22:58:55.584357,2025-01-05 22:59:09.502036,0 days 00:00:13.917679,1,2,,,,,,,,,,,,,,,,,,,,20,,,,,,,,,,,,,,,,,,,,COMPLETE
177,177,0.42188207530707156,2025-01-05 22:59:09.502368,2025-01-05 22:59:24.692682,0 days 00:00:15.190314,1,3,,,,,,,,,,,,,,,,,,,,15,,,,,,,,,,,,,,,,,,,,COMPLETE
178,178,0.8484131819101144,2025-01-05 22:59:24.693187,2025-01-05 22:59:38.766395,0 days 00:00:14.073208,1,2,,,,,,,,,,,,,,,,,,,,20,,,,,,,,,,,,,,,,,,,,COMPLETE
179,179,0.8744458381932142,2025-01-05 22:59:38.766723,2025-01-05 23:00:48.029193,0 days 00:01:09.262470,2,11,12.0,,,,,,,,,,,,,,,,,,,15,40.0,,,,,,,,,,,,,,,,,,,COMPLETE
180,180,0.8822126300010394,2025-01-05 23:00:48.029745,2025-01-05 23:00:59.871384,0 days 00:00:11.841639,1,2,,,,,,,,,,,,,,,,,,,,15,,,,,,,,,,,,,,,,,,,,COMPLETE
181,181,0.8628772132160865,2025-01-05 23:00:59.871839,2025-01-05 23:01:27.243037,0 days 00:00:27.371198,2,1,7.0,,,,,,,,,,,,,,,,,,,15,45.0,,,,,,,,,,,,,,,,,,,COMPLETE
182,182,0.8750443306902205,2025-01-05 23:01:27.243412,2025-01-05 23:01:53.722232,0 days 00:00:26.478820,2,1,11.0,,,,,,,,,,,,,,,,,,,10,45.0,,,,,,,,,,,,,,,,,,,COMPLETE
183,183,0.9055701188641612,2025-01-05 23:01:53.722764,2025-01-05 23:02:02.383415,0 days 00:00:08.660651,1,1,,,,,,,,,,,,,,,,,,,,15,,,,,,,,,,,,,,,,,,,,COMPLETE
184,184,0.8662288855525173,2025-01-05 23:02:02.383723,2025-01-05 23:02:10.913785,0 days 00:00:08.530062,1,1,,,,,,,,,,,,,,,,,,,,15,,,,,,,,,,,,,,,,,,,,COMPLETE
185,185,0.8680120829285523,2025-01-05 23:02:10.914131,2025-01-05 23:02:30.457205,0 days 00:00:19.543074,1,3,,,,,,,,,,,,,,,,,,,,20,,,,,,,,,,,,,,,,,,,,COMPLETE
186,186,0.7679898979707365,2025-01-05 23:02:30.457715,2025-01-05 23:02:42.926187,0 days 00:00:12.468472,1,2,,,,,,,,,,,,,,,,,,,,15,,,,,,,,,,,,,,,,,,,,COMPLETE
187,187,0.22234581530547007,2025-01-05 23:02:42.926515,2025-01-05 23:03:32.669311,0 days 00:00:49.742796,7,4,13.0,,,,,,,,,,,11.0,9.0,15.0,11.0,12.0,,,,15,40.0,,,,,,,,,,,20.0,25.0,10.0,55.0,60.0,,,,COMPLETE
188,188,0.8456755739247861,2025-01-05 23:03:32.669934,2025-01-05 23:03:47.591136,0 days 00:00:14.921202,2,1,11.0,,,,,,,,,,,,,,,,,,,5,35.0,,,,,,,,,,,,,,,,,,,COMPLETE
189,189,0.9005468695381511,2025-01-05 23:03:47.591467,2025-01-05 23:04:20.422773,0 days 00:00:32.831306,1,2,,,,,,,,,,,,,,,,,,,,60,,,,,,,,,,,,,,,,,,,,COMPLETE
190,190,0.870630736706067,2025-01-05 23:04:20.423326,2025-01-05 23:04:39.976824,0 days 00:00:19.553498,1,1,,,,,,,,,,,,,,,,,,,,60,,,,,,,,,,,,,,,,,,,,COMPLETE
191,191,0.9035399641965214,2025-01-05 23:04:39.977338,2025-01-05 23:05:13.851345,0 days 00:00:33.874007,1,2,,,,,,,,,,,,,,,,,,,,60,,,,,,,,,,,,,,,,,,,,COMPLETE
192,192,0.7666888220306194,2025-01-05 23:05:13.851701,2025-01-05 23:05:41.668923,0 days 00:00:27.817222,1,2,,,,,,,,,,,,,,,,,,,,60,,,,,,,,,,,,,,,,,,,,COMPLETE
193,193,0.8751112318040111,2025-01-05 23:05:41.669452,2025-01-05 23:06:10.797013,0 days 00:00:29.127561,1,2,,,,,,,,,,,,,,,,,,,,60,,,,,,,,,,,,,,,,,,,,COMPLETE
194,194,0.9093097681332976,2025-01-05 23:06:10.797535,2025-01-05 23:06:31.169981,0 days 00:00:20.372446,1,1,,,,,,,,,,,,,,,,,,,,60,,,,,,,,,,,,,,,,,,,,COMPLETE
195,195,0.8962210394084205,2025-01-05 23:06:31.170319,2025-01-05 23:06:51.086037,0 days 00:00:19.915718,1,1,,,,,,,,,,,,,,,,,,,,60,,,,,,,,,,,,,,,,,,,,COMPLETE
196,196,0.8966873069572385,2025-01-05 23:06:51.086363,2025-01-05 23:07:11.557789,0 days 00:00:20.471426,1,1,,,,,,,,,,,,,,,,,,,,60,,,,,,,,,,,,,,,,,,,,COMPLETE
197,197,0.7999757245918606,2025-01-05 23:07:11.558321,2025-01-05 23:07:31.849197,0 days 00:00:20.290876,1,1,,,,,,,,,,,,,,,,,,,,60,,,,,,,,,,,,,,,,,,,,COMPLETE
198,198,0.8598173067369156,2025-01-05 23:07:31.849512,2025-01-05 23:07:52.061114,0 days 00:00:20.211602,1,1,,,,,,,,,,,,,,,,,,,,60,,,,,,,,,,,,,,,,,,,,COMPLETE
199,199,0.906239139636571,2025-01-05 23:07:52.061630,2025-01-05 23:08:11.522022,0 days 00:00:19.460392,1,1,,,,,,,,,,,,,,,,,,,,60,,,,,,,,,,,,,,,,,,,,COMPLETE
200,200,0.9101719627315701,2025-01-05 23:08:11.522361,2025-01-05 23:08:27.933551,0 days 00:00:16.411190,1,1,,,,,,,,,,,,,,,,,,,,60,,,,,,,,,,,,,,,,,,,,COMPLETE
201,201,0.7952010373299212,2025-01-05 23:08:27.934000,2025-01-05 23:08:47.859523,0 days 00:00:19.925523,1,1,,,,,,,,,,,,,,,,,,,,60,,,,,,,,,,,,,,,,,,,,COMPLETE
202,202,0.7366037772375805,2025-01-05 23:08:47.859910,2025-01-05 23:09:06.519787,0 days 00:00:18.659877,1,1,,,,,,,,,,,,,,,,,,,,60,,,,,,,,,,,,,,,,,,,,COMPLETE
203,203,0.8320593557487064,2025-01-05 23:09:06.520114,2025-01-05 23:09:26.421633,0 days 00:00:19.901519,1,1,,,,,,,,,,,,,,,,,,,,60,,,,,,,,,,,,,,,,,,,,COMPLETE
204,204,0.8905435117910752,2025-01-05 23:09:26.422146,2025-01-05 23:09:45.696109,0 days 00:00:19.273963,1,1,,,,,,,,,,,,,,,,,,,,55,,,,,,,,,,,,,,,,,,,,COMPLETE
205,205,0.9085204496378756,2025-01-05 23:09:45.696436,2025-01-05 23:10:19.027517,0 days 00:00:33.331081,1,2,,,,,,,,,,,,,,,,,,,,60,,,,,,,,,,,,,,,,,,,,COMPLETE
206,206,0.9061831364987478,2025-01-05 23:10:19.028055,2025-01-05 23:10:47.056937,0 days 00:00:28.028882,1,2,,,,,,,,,,,,,,,,,,,,60,,,,,,,,,,,,,,,,,,,,COMPLETE
207,207,0.8831394685825065,2025-01-05 23:10:47.057285,2025-01-05 23:11:20.439222,0 days 00:00:33.381937,1,2,,,,,,,,,,,,,,,,,,,,60,,,,,,,,,,,,,,,,,,,,COMPLETE
208,208,0.8614377191883767,2025-01-05 23:11:20.439760,2025-01-05 23:11:53.609187,0 days 00:00:33.169427,1,2,,,,,,,,,,,,,,,,,,,,60,,,,,,,,,,,,,,,,,,,,COMPLETE
209,209,0.9112524647362286,2025-01-05 23:11:53.609517,2025-01-05 23:12:25.198980,0 days 00:00:31.589463,1,2,,,,,,,,,,,,,,,,,,,,60,,,,,,,,,,,,,,,,,,,,COMPLETE
210,210,0.8429829435759744,2025-01-05 23:12:25.199519,2025-01-05 23:12:59.709599,0 days 00:00:34.510080,1,2,,,,,,,,,,,,,,,,,,,,60,,,,,,,,,,,,,,,,,,,,COMPLETE
211,211,0.8558975010828014,2025-01-05 23:12:59.710121,2025-01-05 23:13:33.265844,0 days 00:00:33.555723,1,2,,,,,,,,,,,,,,,,,,,,60,,,,,,,,,,,,,,,,,,,,COMPLETE
212,212,0.8588513880826676,2025-01-05 23:13:33.266201,2025-01-05 23:13:53.845027,0 days 00:00:20.578826,1,1,,,,,,,,,,,,,,,,,,,,60,,,,,,,,,,,,,,,,,,,,COMPLETE
213,213,0.890781390706618,2025-01-05 23:13:53.845540,2025-01-05 23:14:26.918870,0 days 00:00:33.073330,1,2,,,,,,,,,,,,,,,,,,,,60,,,,,,,,,,,,,,,,,,,,COMPLETE
214,214,0.8518275615130637,2025-01-05 23:14:26.919246,2025-01-05 23:14:46.281138,0 days 00:00:19.361892,1,1,,,,,,,,,,,,,,,,,,,,55,,,,,,,,,,,,,,,,,,,,COMPLETE
215,215,0.7958766787113883,2025-01-05 23:14:46.281661,2025-01-05 23:15:06.138763,0 days 00:00:19.857102,1,1,,,,,,,,,,,,,,,,,,,,60,,,,,,,,,,,,,,,,,,,,COMPLETE
216,216,0.8342364322776583,2025-01-05 23:15:06.139113,2025-01-05 23:15:37.551389,0 days 00:00:31.412276,1,2,,,,,,,,,,,,,,,,,,,,60,,,,,,,,,,,,,,,,,,,,COMPLETE
217,217,0.8868115855461632,2025-01-05 23:15:37.551920,2025-01-05 23:15:52.247615,0 days 00:00:14.695695,1,1,,,,,,,,,,,,,,,,,,,,60,,,,,,,,,,,,,,,,,,,,COMPLETE
218,218,0.9035052087646984,2025-01-05 23:15:52.247943,2025-01-05 23:16:22.879970,0 days 00:00:30.632027,1,2,,,,,,,,,,,,,,,,,,,,55,,,,,,,,,,,,,,,,,,,,COMPLETE
219,219,0.9050929264060079,2025-01-05 23:16:22.880398,2025-01-05 23:16:53.805935,0 days 00:00:30.925537,1,2,,,,,,,,,,,,,,,,,,,,55,,,,,,,,,,,,,,,,,,,,COMPLETE
220,220,0.734867776828316,2025-01-05 23:16:53.806400,2025-01-05 23:17:25.473638,0 days 00:00:31.667238,1,2,,,,,,,,,,,,,,,,,,,,55,,,,,,,,,,,,,,,,,,,,COMPLETE
221,221,0.8726805956879307,2025-01-05 23:17:25.474189,2025-01-05 23:17:54.857938,0 days 00:00:29.383749,1,2,,,,,,,,,,,,,,,,,,,,55,,,,,,,,,,,,,,,,,,,,COMPLETE
222,222,0.9098630857353069,2025-01-05 23:17:54.858291,2025-01-05 23:18:24.338692,0 days 00:00:29.480401,1,2,,,,,,,,,,,,,,,,,,,,55,,,,,,,,,,,,,,,,,,,,COMPLETE
223,223,0.8498067986780602,2025-01-05 23:18:24.339248,2025-01-05 23:18:56.432572,0 days 00:00:32.093324,1,2,,,,,,,,,,,,,,,,,,,,55,,,,,,,,,,,,,,,,,,,,COMPLETE
224,224,0.8722998687126513,2025-01-05 23:18:56.432911,2025-01-05 23:19:25.834149,0 days 00:00:29.401238,1,2,,,,,,,,,,,,,,,,,,,,55,,,,,,,,,,,,,,,,,,,,COMPLETE
225,225,0.9073006043030796,2025-01-05 23:19:25.834712,2025-01-05 23:20:00.107216,0 days 00:00:34.272504,1,2,,,,,,,,,,,,,,,,,,,,60,,,,,,,,,,,,,,,,,,,,COMPLETE
226,226,0.49632620913741243,2025-01-05 23:20:00.107633,2025-01-05 23:20:46.341947,0 days 00:00:46.234314,1,3,,,,,,,,,,,,,,,,,,,,60,,,,,,,,,,,,,,,,,,,,COMPLETE
227,227,0.7374204629345975,2025-01-05 23:20:46.342502,2025-01-05 23:21:13.730118,0 days 00:00:27.387616,1,2,,,,,,,,,,,,,,,,,,,,60,,,,,,,,,,,,,,,,,,,,COMPLETE
228,228,0.8965083449591265,2025-01-05 23:21:13.730595,2025-01-05 23:21:44.030936,0 days 00:00:30.300341,1,2,,,,,,,,,,,,,,,,,,,,55,,,,,,,,,,,,,,,,,,,,COMPLETE
229,229,0.8512446539280536,2025-01-05 23:21:44.031372,2025-01-05 23:22:15.813381,0 days 00:00:31.782009,1,2,,,,,,,,,,,,,,,,,,,,55,,,,,,,,,,,,,,,,,,,,COMPLETE
230,230,0.7957137540651833,2025-01-05 23:22:15.813858,2025-01-05 23:22:59.870334,0 days 00:00:44.056476,1,3,,,,,,,,,,,,,,,,,,,,55,,,,,,,,,,,,,,,,,,,,COMPLETE
231,231,0.9091086588718692,2025-01-05 23:22:59.870869,2025-01-05 23:23:34.167558,0 days 00:00:34.296689,1,2,,,,,,,,,,,,,,,,,,,,60,,,,,,,,,,,,,,,,,,,,COMPLETE
232,232,0.9071028949692814,2025-01-05 23:23:34.168091,2025-01-05 23:24:01.247451,0 days 00:00:27.079360,1,2,,,,,,,,,,,,,,,,,,,,55,,,,,,,,,,,,,,,,,,,,COMPLETE
233,233,0.8497001218301095,2025-01-05 23:24:01.247789,2025-01-05 23:24:35.025908,0 days 00:00:33.778119,1,2,,,,,,,,,,,,,,,,,,,,60,,,,,,,,,,,,,,,,,,,,COMPLETE
234,234,0.8913508430844439,2025-01-05 23:24:35.026468,2025-01-05 23:25:06.489447,0 days 00:00:31.462979,1,2,,,,,,,,,,,,,,,,,,,,60,,,,,,,,,,,,,,,,,,,,COMPLETE
235,235,0.8642201672335601,2025-01-05 23:25:06.489783,2025-01-05 23:25:32.630818,0 days 00:00:26.141035,1,2,,,,,,,,,,,,,,,,,,,,55,,,,,,,,,,,,,,,,,,,,COMPLETE
236,236,0.8823626186855765,2025-01-05 23:25:32.631386,2025-01-05 23:26:00.999285,0 days 00:00:28.367899,1,2,,,,,,,,,,,,,,,,,,,,60,,,,,,,,,,,,,,,,,,,,COMPLETE
237,237,0.773012030583236,2025-01-05 23:26:00.999612,2025-01-05 23:26:31.971766,0 days 00:00:30.972154,1,2,,,,,,,,,,,,,,,,,,,,55,,,,,,,,,,,,,,,,,,,,COMPLETE
238,238,0.8629265720858896,2025-01-05 23:26:31.972331,2025-01-05 23:27:55.197839,0 days 00:01:23.225508,2,2,15.0,,,,,,,,,,,,,,,,,,,50,20.0,,,,,,,,,,,,,,,,,,,COMPLETE
239,239,0.7341162646756532,2025-01-05 23:27:55.198437,2025-01-05 23:28:38.634380,0 days 00:00:43.435943,1,3,,,,,,,,,,,,,,,,,,,,60,,,,,,,,,,,,,,,,,,,,COMPLETE
