,number,value,datetime_start,datetime_complete,duration,params_depth,params_grids_0,params_grids_1,params_grids_10,params_grids_11,params_grids_12,params_grids_13,params_grids_14,params_grids_15,params_grids_16,params_grids_17,params_grids_18,params_grids_19,params_grids_2,params_grids_3,params_grids_4,params_grids_5,params_grids_6,params_grids_7,params_grids_8,params_grids_9,params_neurons_layer_0,params_neurons_layer_1,params_neurons_layer_10,params_neurons_layer_11,params_neurons_layer_12,params_neurons_layer_13,params_neurons_layer_14,params_neurons_layer_15,params_neurons_layer_16,params_neurons_layer_17,params_neurons_layer_18,params_neurons_layer_19,params_neurons_layer_2,params_neurons_layer_3,params_neurons_layer_4,params_neurons_layer_5,params_neurons_layer_6,params_neurons_layer_7,params_neurons_layer_8,params_neurons_layer_9,state
874,874,0.9060773983159036,2025-01-06 14:50:39.837528,2025-01-06 14:51:54.931602,0 days 00:01:15.094074,1,5,,,,,,,,,,,,,,,,,,,,60,,,,,,,,,,,,,,,,,,,,COMPLETE
875,875,0.7128977047941683,2025-01-06 14:51:54.932273,2025-01-06 14:53:17.246035,0 days 00:01:22.313762,1,5,,,,,,,,,,,,,,,,,,,,60,,,,,,,,,,,,,,,,,,,,COMPLETE
876,876,0.8653918927596829,2025-01-06 14:53:17.246715,2025-01-06 14:55:00.639920,0 days 00:01:43.393205,2,5,8.0,,,,,,,,,,,,,,,,,,,60,15.0,,,,,,,,,,,,,,,,,,,COMPLETE
877,877,0.497096438807764,2025-01-06 14:55:00.640635,2025-01-06 14:56:37.066596,0 days 00:01:36.425961,1,6,,,,,,,,,,,,,,,,,,,,60,,,,,,,,,,,,,,,,,,,,COMPLETE
878,878,0.830062402297828,2025-01-06 14:56:37.067293,2025-01-06 14:57:58.064441,0 days 00:01:20.997148,1,5,,,,,,,,,,,,,,,,,,,,60,,,,,,,,,,,,,,,,,,,,COMPLETE
879,879,0.36905881417229264,2025-01-06 14:57:58.065139,2025-01-06 14:59:27.105835,0 days 00:01:29.040696,10,5,10.0,,,,,,,,,,,8.0,11.0,15.0,2.0,7.0,5.0,11.0,7.0,60,35.0,,,,,,,,,,,40.0,40.0,10.0,35.0,30.0,45.0,10.0,20.0,COMPLETE
880,880,0.23012294320167345,2025-01-06 14:59:27.106679,2025-01-06 15:04:36.992821,0 days 00:05:09.886142,6,6,14.0,,,,,,,,,,,4.0,2.0,3.0,15.0,,,,,60,60.0,,,,,,,,,,,15.0,50.0,40.0,5.0,,,,,COMPLETE
881,881,0.8684396933386348,2025-01-06 15:04:36.993605,2025-01-06 15:06:43.779359,0 days 00:02:06.785754,3,5,1.0,,,,,,,,,,,5.0,,,,,,,,60,45.0,,,,,,,,,,,45.0,,,,,,,,COMPLETE
882,882,0.8658606148477308,2025-01-06 15:06:43.780098,2025-01-06 15:08:50.548012,0 days 00:02:06.767914,2,5,12.0,,,,,,,,,,,,,,,,,,,60,20.0,,,,,,,,,,,,,,,,,,,COMPLETE
883,883,0.7924450568036379,2025-01-06 15:08:50.548727,2025-01-06 15:10:26.768532,0 days 00:01:36.219805,1,6,,,,,,,,,,,,,,,,,,,,60,,,,,,,,,,,,,,,,,,,,COMPLETE
884,884,0.4736047535533138,2025-01-06 15:10:26.769232,2025-01-06 15:12:23.396393,0 days 00:01:56.627161,4,5,6.0,,,,,,,,,,,11.0,6.0,,,,,,,60,25.0,,,,,,,,,,,5.0,35.0,,,,,,,COMPLETE
885,885,0.4810046339605737,2025-01-06 15:12:23.397132,2025-01-06 15:13:37.653196,0 days 00:01:14.256064,1,5,,,,,,,,,,,,,,,,,,,,60,,,,,,,,,,,,,,,,,,,,COMPLETE
886,886,0.9084495205829333,2025-01-06 15:13:37.653829,2025-01-06 15:15:13.404758,0 days 00:01:35.750929,1,6,,,,,,,,,,,,,,,,,,,,60,,,,,,,,,,,,,,,,,,,,COMPLETE
887,887,0.866711990662574,2025-01-06 15:15:13.405421,2025-01-06 15:16:54.588659,0 days 00:01:41.183238,2,5,11.0,,,,,,,,,,,,,,,,,,,60,10.0,,,,,,,,,,,,,,,,,,,COMPLETE
888,888,0.5382867568731443,2025-01-06 15:16:54.589366,2025-01-06 15:17:56.304554,0 days 00:01:01.715188,1,5,,,,,,,,,,,,,,,,,,,,45,,,,,,,,,,,,,,,,,,,,COMPLETE
889,889,0.8397880213904132,2025-01-06 15:17:56.306712,2025-01-06 15:19:16.049467,0 days 00:01:19.742755,1,5,,,,,,,,,,,,,,,,,,,,60,,,,,,,,,,,,,,,,,,,,COMPLETE
890,890,0.870632391680715,2025-01-06 15:19:16.050162,2025-01-06 15:21:57.242898,0 days 00:02:41.192736,2,6,9.0,,,,,,,,,,,,,,,,,,,60,40.0,,,,,,,,,,,,,,,,,,,COMPLETE
891,891,0.7849787471495306,2025-01-06 15:21:57.243615,2025-01-06 15:23:18.778959,0 days 00:01:21.535344,1,5,,,,,,,,,,,,,,,,,,,,60,,,,,,,,,,,,,,,,,,,,COMPLETE
892,892,0.8740063432342722,2025-01-06 15:23:18.779627,2025-01-06 15:25:16.071649,0 days 00:01:57.292022,2,6,2.0,,,,,,,,,,,,,,,,,,,60,55.0,,,,,,,,,,,,,,,,,,,COMPLETE
893,893,0.8587745912494883,2025-01-06 15:25:16.072363,2025-01-06 15:29:01.106697,0 days 00:03:45.034334,3,11,5.0,,,,,,,,,,,14.0,,,,,,,,45,30.0,,,,,,,,,,,60.0,,,,,,,,COMPLETE
894,894,0.7870020020724029,2025-01-06 15:29:01.107519,2025-01-06 15:30:22.431006,0 days 00:01:21.323487,1,5,,,,,,,,,,,,,,,,,,,,60,,,,,,,,,,,,,,,,,,,,COMPLETE
895,895,0.8200273554080646,2025-01-06 15:30:22.431676,2025-01-06 15:31:11.710969,0 days 00:00:49.279293,1,4,,,,,,,,,,,,,,,,,,,,60,,,,,,,,,,,,,,,,,,,,COMPLETE
896,896,0.8268790006194507,2025-01-06 15:31:11.711613,2025-01-06 15:32:31.255406,0 days 00:01:19.543793,1,5,,,,,,,,,,,,,,,,,,,,60,,,,,,,,,,,,,,,,,,,,COMPLETE
897,897,0.8723145495408167,2025-01-06 15:32:31.256044,2025-01-06 15:33:06.361767,0 days 00:00:35.105723,1,4,,,,,,,,,,,,,,,,,,,,30,,,,,,,,,,,,,,,,,,,,COMPLETE
898,898,0.3369044295551833,2025-01-06 15:33:06.362398,2025-01-06 15:35:14.311606,0 days 00:02:07.949208,17,7,6.0,8.0,11.0,9.0,14.0,7.0,8.0,10.0,,,,2.0,1.0,5.0,9.0,5.0,7.0,8.0,8.0,35,35.0,45.0,40.0,5.0,25.0,10.0,30.0,40.0,,,,45.0,30.0,35.0,20.0,20.0,35.0,25.0,35.0,COMPLETE
899,899,0.8696468616791606,2025-01-06 15:35:14.312577,2025-01-06 15:36:38.489439,0 days 00:01:24.176862,2,5,3.0,,,,,,,,,,,,,,,,,,,60,5.0,,,,,,,,,,,,,,,,,,,COMPLETE
900,900,0.8656503726489233,2025-01-06 15:36:38.490163,2025-01-06 15:39:13.825354,0 days 00:02:35.335191,2,6,8.0,,,,,,,,,,,,,,,,,,,60,40.0,,,,,,,,,,,,,,,,,,,COMPLETE
901,901,0.7761169717072408,2025-01-06 15:39:13.826078,2025-01-06 15:39:32.669161,0 days 00:00:18.843083,1,4,,,,,,,,,,,,,,,,,,,,15,,,,,,,,,,,,,,,,,,,,COMPLETE
902,902,0.6291753920578212,2025-01-06 15:39:32.669766,2025-01-06 15:40:01.730185,0 days 00:00:29.060419,1,5,,,,,,,,,,,,,,,,,,,,25,,,,,,,,,,,,,,,,,,,,COMPLETE
903,903,0.9063800926459716,2025-01-06 15:40:01.730613,2025-01-06 15:41:23.980158,0 days 00:01:22.249545,1,5,,,,,,,,,,,,,,,,,,,,60,,,,,,,,,,,,,,,,,,,,COMPLETE
904,904,0.8625921708455644,2025-01-06 15:41:23.980839,2025-01-06 15:44:46.784734,0 days 00:03:22.803895,2,4,12.0,,,,,,,,,,,,,,,,,,,60,60.0,,,,,,,,,,,,,,,,,,,COMPLETE
905,905,0.771568742015779,2025-01-06 15:44:46.785462,2025-01-06 15:46:08.292370,0 days 00:01:21.506908,1,5,,,,,,,,,,,,,,,,,,,,60,,,,,,,,,,,,,,,,,,,,COMPLETE
906,906,0.9109297779454848,2025-01-06 15:46:08.293041,2025-01-06 15:47:15.918836,0 days 00:01:07.625795,1,5,,,,,,,,,,,,,,,,,,,,50,,,,,,,,,,,,,,,,,,,,COMPLETE
907,907,0.7422048153017862,2025-01-06 15:47:15.919556,2025-01-06 15:48:49.087596,0 days 00:01:33.168040,1,7,,,,,,,,,,,,,,,,,,,,50,,,,,,,,,,,,,,,,,,,,COMPLETE
908,908,0.8648118309102673,2025-01-06 15:48:49.088308,2025-01-06 15:50:40.100939,0 days 00:01:51.012631,2,6,13.0,,,,,,,,,,,,,,,,,,,50,15.0,,,,,,,,,,,,,,,,,,,COMPLETE
909,909,0.7868535727069765,2025-01-06 15:50:40.101667,2025-01-06 15:51:41.183075,0 days 00:01:01.081408,1,5,,,,,,,,,,,,,,,,,,,,45,,,,,,,,,,,,,,,,,,,,COMPLETE
910,910,0.9025432270562141,2025-01-06 15:51:41.183783,2025-01-06 15:52:29.799134,0 days 00:00:48.615351,1,4,,,,,,,,,,,,,,,,,,,,50,,,,,,,,,,,,,,,,,,,,COMPLETE
911,911,0.8662618904161763,2025-01-06 15:52:29.799696,2025-01-06 15:53:43.385196,0 days 00:01:13.585500,1,6,,,,,,,,,,,,,,,,,,,,45,,,,,,,,,,,,,,,,,,,,COMPLETE
912,912,0.8636002807799903,2025-01-06 15:53:43.385867,2025-01-06 15:56:07.621546,0 days 00:02:24.235679,2,8,14.0,,,,,,,,,,,,,,,,,,,50,20.0,,,,,,,,,,,,,,,,,,,COMPLETE
913,913,0.8700301441080667,2025-01-06 15:56:07.622278,2025-01-06 15:57:12.949968,0 days 00:01:05.327690,2,4,1.0,,,,,,,,,,,,,,,,,,,50,50.0,,,,,,,,,,,,,,,,,,,COMPLETE
914,914,0.9047910703094565,2025-01-06 15:57:12.950687,2025-01-06 15:58:03.000842,0 days 00:00:50.050155,1,4,,,,,,,,,,,,,,,,,,,,50,,,,,,,,,,,,,,,,,,,,COMPLETE
915,915,0.8819316787827148,2025-01-06 15:58:03.001298,2025-01-06 15:59:05.593044,0 days 00:01:02.591746,1,5,,,,,,,,,,,,,,,,,,,,45,,,,,,,,,,,,,,,,,,,,COMPLETE
916,916,0.8796858162214959,2025-01-06 15:59:05.593707,2025-01-06 16:00:12.918047,0 days 00:01:07.324340,1,5,,,,,,,,,,,,,,,,,,,,50,,,,,,,,,,,,,,,,,,,,COMPLETE
917,917,0.5128967186187895,2025-01-06 16:00:12.918739,2025-01-06 16:02:25.678891,0 days 00:02:12.760152,1,12,,,,,,,,,,,,,,,,,,,,45,,,,,,,,,,,,,,,,,,,,COMPLETE
918,918,0.8767350431093026,2025-01-06 16:02:25.679607,2025-01-06 16:04:34.731686,0 days 00:02:09.052079,2,4,15.0,,,,,,,,,,,,,,,,,,,55,25.0,,,,,,,,,,,,,,,,,,,COMPLETE
919,919,0.911508097799562,2025-01-06 16:04:34.732396,2025-01-06 16:06:44.390219,0 days 00:02:09.657823,1,9,,,,,,,,,,,,,,,,,,,,55,,,,,,,,,,,,,,,,,,,,COMPLETE
920,920,0.8630857156105818,2025-01-06 16:06:44.390922,2025-01-06 16:09:33.870564,0 days 00:02:49.479642,2,10,4.0,,,,,,,,,,,,,,,,,,,55,45.0,,,,,,,,,,,,,,,,,,,COMPLETE
921,921,0.8570262912877111,2025-01-06 16:09:33.871280,2025-01-06 16:12:12.098584,0 days 00:02:38.227304,1,11,,,,,,,,,,,,,,,,,,,,55,,,,,,,,,,,,,,,,,,,,COMPLETE
922,922,0.9116736187163662,2025-01-06 16:12:12.099290,2025-01-06 16:14:23.123301,0 days 00:02:11.024011,1,9,,,,,,,,,,,,,,,,,,,,55,,,,,,,,,,,,,,,,,,,,COMPLETE
923,923,0.31929254955570746,2025-01-06 16:14:23.123976,2025-01-06 16:17:55.300857,0 days 00:03:32.176881,7,10,7.0,,,,,,,,,,,1.0,9.0,13.0,6.0,3.0,,,,55,10.0,,,,,,,,,,,30.0,15.0,25.0,50.0,5.0,,,,COMPLETE
924,924,0.9108553832821007,2025-01-06 16:17:55.301675,2025-01-06 16:20:01.649792,0 days 00:02:06.348117,1,9,,,,,,,,,,,,,,,,,,,,55,,,,,,,,,,,,,,,,,,,,COMPLETE
925,925,0.8497823729656224,2025-01-06 16:20:01.650486,2025-01-06 16:22:09.068414,0 days 00:02:07.417928,1,9,,,,,,,,,,,,,,,,,,,,55,,,,,,,,,,,,,,,,,,,,COMPLETE
926,926,0.8705382033650009,2025-01-06 16:22:09.069128,2025-01-06 16:25:50.081420,0 days 00:03:41.012292,2,9,10.0,,,,,,,,,,,,,,,,,,,55,55.0,,,,,,,,,,,,,,,,,,,COMPLETE
927,927,0.8739295674369347,2025-01-06 16:25:50.082150,2025-01-06 16:28:00.890776,0 days 00:02:10.808626,1,9,,,,,,,,,,,,,,,,,,,,55,,,,,,,,,,,,,,,,,,,,COMPLETE
928,928,0.8492470373158506,2025-01-06 16:28:00.891483,2025-01-06 16:30:09.070502,0 days 00:02:08.179019,1,9,,,,,,,,,,,,,,,,,,,,55,,,,,,,,,,,,,,,,,,,,COMPLETE
929,929,0.8719330648661197,2025-01-06 16:30:09.071218,2025-01-06 16:32:34.635719,0 days 00:02:25.564501,2,9,2.0,,,,,,,,,,,,,,,,,,,55,45.0,,,,,,,,,,,,,,,,,,,COMPLETE
930,930,0.8382161629265505,2025-01-06 16:32:34.636447,2025-01-06 16:34:54.427598,0 days 00:02:19.791151,1,10,,,,,,,,,,,,,,,,,,,,55,,,,,,,,,,,,,,,,,,,,COMPLETE
931,931,0.8276403454177552,2025-01-06 16:34:54.428336,2025-01-06 16:37:02.001943,0 days 00:02:07.573607,1,9,,,,,,,,,,,,,,,,,,,,55,,,,,,,,,,,,,,,,,,,,COMPLETE
932,932,0.8748531287024512,2025-01-06 16:37:02.002644,2025-01-06 16:39:34.767802,0 days 00:02:32.765158,2,9,4.0,,,,,,,,,,,,,,,,,,,55,35.0,,,,,,,,,,,,,,,,,,,COMPLETE
933,933,0.9071275782655086,2025-01-06 16:39:34.768521,2025-01-06 16:41:43.200444,0 days 00:02:08.431923,1,9,,,,,,,,,,,,,,,,,,,,55,,,,,,,,,,,,,,,,,,,,COMPLETE
934,934,0.8012311126210079,2025-01-06 16:41:43.201156,2025-01-06 16:43:41.252254,0 days 00:01:58.051098,1,9,,,,,,,,,,,,,,,,,,,,50,,,,,,,,,,,,,,,,,,,,COMPLETE
935,935,0.8610584269208491,2025-01-06 16:43:41.252954,2025-01-06 16:46:09.966592,0 days 00:02:28.713638,2,9,9.0,,,,,,,,,,,,,,,,,,,55,15.0,,,,,,,,,,,,,,,,,,,COMPLETE
936,936,0.7045774663448517,2025-01-06 16:46:09.967328,2025-01-06 16:48:15.837387,0 days 00:02:05.870059,1,9,,,,,,,,,,,,,,,,,,,,55,,,,,,,,,,,,,,,,,,,,COMPLETE
937,937,0.9075862287264496,2025-01-06 16:48:15.838084,2025-01-06 16:50:27.131719,0 days 00:02:11.293635,1,9,,,,,,,,,,,,,,,,,,,,55,,,,,,,,,,,,,,,,,,,,COMPLETE
938,938,0.31047397460235826,2025-01-06 16:50:27.132421,2025-01-06 16:51:46.544406,0 days 00:01:19.411985,14,9,5.0,12.0,14.0,8.0,15.0,,,,,,,9.0,4.0,9.0,11.0,6.0,13.0,13.0,5.0,50,30.0,15.0,50.0,30.0,10.0,,,,,,,55.0,55.0,30.0,5.0,15.0,30.0,5.0,15.0,COMPLETE
939,939,0.8651766190949248,2025-01-06 16:51:46.545325,2025-01-06 16:54:02.754407,0 days 00:02:16.209082,2,9,13.0,,,,,,,,,,,,,,,,,,,55,5.0,,,,,,,,,,,,,,,,,,,COMPLETE
940,940,0.8928742706993875,2025-01-06 16:54:02.755125,2025-01-06 16:56:27.585427,0 days 00:02:24.830302,1,10,,,,,,,,,,,,,,,,,,,,55,,,,,,,,,,,,,,,,,,,,COMPLETE
941,941,0.8126777678402366,2025-01-06 16:56:27.586142,2025-01-06 16:58:31.490332,0 days 00:02:03.904190,1,9,,,,,,,,,,,,,,,,,,,,55,,,,,,,,,,,,,,,,,,,,COMPLETE
942,942,0.6712878689359267,2025-01-06 16:58:31.491005,2025-01-06 17:00:33.728907,0 days 00:02:02.237902,1,9,,,,,,,,,,,,,,,,,,,,55,,,,,,,,,,,,,,,,,,,,COMPLETE
943,943,0.8643330167597113,2025-01-06 17:00:33.729599,2025-01-06 17:02:33.193723,0 days 00:01:59.464124,2,9,3.0,,,,,,,,,,,,,,,,,,,50,10.0,,,,,,,,,,,,,,,,,,,COMPLETE
944,944,0.7902279232255278,2025-01-06 17:02:33.194459,2025-01-06 17:04:55.382126,0 days 00:02:22.187667,1,10,,,,,,,,,,,,,,,,,,,,55,,,,,,,,,,,,,,,,,,,,COMPLETE
945,945,0.0,2025-01-06 17:04:55.382811,2025-01-06 17:23:08.569091,0 days 00:18:13.186280,20,8,14.0,2.0,9.0,15.0,9.0,4.0,1.0,13.0,12.0,11.0,15.0,6.0,13.0,10.0,4.0,15.0,3.0,4.0,11.0,55,50.0,50.0,10.0,60.0,35.0,50.0,45.0,15.0,45.0,45.0,60.0,35.0,25.0,20.0,60.0,45.0,15.0,40.0,10.0,COMPLETE
946,946,0.6461462870134494,2025-01-06 17:23:08.570119,2025-01-06 17:25:33.027490,0 days 00:02:24.457371,1,10,,,,,,,,,,,,,,,,,,,,55,,,,,,,,,,,,,,,,,,,,COMPLETE
947,947,0.863635965010703,2025-01-06 17:25:33.028216,2025-01-06 17:29:09.482121,0 days 00:03:36.453905,2,8,10.0,,,,,,,,,,,,,,,,,,,55,60.0,,,,,,,,,,,,,,,,,,,COMPLETE
948,948,0.8201109605255785,2025-01-06 17:29:09.482846,2025-01-06 17:30:51.990776,0 days 00:01:42.507930,1,8,,,,,,,,,,,,,,,,,,,,50,,,,,,,,,,,,,,,,,,,,COMPLETE
949,949,0.8723865935015743,2025-01-06 17:30:51.991489,2025-01-06 17:33:03.291336,0 days 00:02:11.299847,2,8,6.0,,,,,,,,,,,,,,,,,,,55,20.0,,,,,,,,,,,,,,,,,,,COMPLETE
950,950,0.2066730039528823,2025-01-06 17:33:03.292053,2025-01-06 17:36:17.000356,0 days 00:03:13.708303,8,9,15.0,,,,,,,,,,,13.0,8.0,10.0,13.0,9.0,2.0,,,50,40.0,,,,,,,,,,,50.0,60.0,10.0,10.0,60.0,60.0,,,COMPLETE
951,951,0.8514748501394984,2025-01-06 17:36:17.001193,2025-01-06 17:38:24.351130,0 days 00:02:07.349937,1,9,,,,,,,,,,,,,,,,,,,,55,,,,,,,,,,,,,,,,,,,,COMPLETE
952,952,0.9112219110261397,2025-01-06 17:38:24.351830,2025-01-06 17:40:49.875456,0 days 00:02:25.523626,1,10,,,,,,,,,,,,,,,,,,,,55,,,,,,,,,,,,,,,,,,,,COMPLETE
953,953,0.8689522788190802,2025-01-06 17:40:49.876158,2025-01-06 17:43:13.484556,0 days 00:02:23.608398,1,10,,,,,,,,,,,,,,,,,,,,55,,,,,,,,,,,,,,,,,,,,COMPLETE
954,954,0.8720891445473143,2025-01-06 17:43:13.485280,2025-01-06 17:46:20.623548,0 days 00:03:07.138268,2,10,11.0,,,,,,,,,,,,,,,,,,,55,25.0,,,,,,,,,,,,,,,,,,,COMPLETE
955,955,0.6962273129621548,2025-01-06 17:46:20.624274,2025-01-06 17:48:46.355497,0 days 00:02:25.731223,1,10,,,,,,,,,,,,,,,,,,,,55,,,,,,,,,,,,,,,,,,,,COMPLETE
956,956,0.8136715425426142,2025-01-06 17:48:46.356186,2025-01-06 17:50:58.607420,0 days 00:02:12.251234,1,10,,,,,,,,,,,,,,,,,,,,50,,,,,,,,,,,,,,,,,,,,COMPLETE
957,957,0.8447763126121798,2025-01-06 17:50:58.608120,2025-01-06 17:52:59.002110,0 days 00:02:00.393990,1,9,,,,,,,,,,,,,,,,,,,,50,,,,,,,,,,,,,,,,,,,,COMPLETE
958,958,0.550843150148262,2025-01-06 17:52:59.002793,2025-01-06 17:56:52.615456,0 days 00:03:53.612663,3,10,9.0,,,,,,,,,,,15.0,,,,,,,,55,35.0,,,,,,,,,,,20.0,,,,,,,,COMPLETE
959,959,0.8608802451433071,2025-01-06 17:56:52.616213,2025-01-06 17:59:42.932110,0 days 00:02:50.315897,2,11,8.0,,,,,,,,,,,,,,,,,,,55,15.0,,,,,,,,,,,,,,,,,,,COMPLETE
960,960,0.909685501368199,2025-01-06 17:59:42.932853,2025-01-06 18:02:07.652154,0 days 00:02:24.719301,1,10,,,,,,,,,,,,,,,,,,,,55,,,,,,,,,,,,,,,,,,,,COMPLETE
961,961,0.8719049659443106,2025-01-06 18:02:07.652883,2025-01-06 18:04:51.105041,0 days 00:02:43.452158,2,10,3.0,,,,,,,,,,,,,,,,,,,55,45.0,,,,,,,,,,,,,,,,,,,COMPLETE
962,962,0.876145284345189,2025-01-06 18:04:51.105784,2025-01-06 18:06:58.934825,0 days 00:02:07.829041,1,10,,,,,,,,,,,,,,,,,,,,50,,,,,,,,,,,,,,,,,,,,COMPLETE
963,963,0.8541951147969756,2025-01-06 18:06:58.935539,2025-01-06 18:09:09.251996,0 days 00:02:10.316457,1,9,,,,,,,,,,,,,,,,,,,,55,,,,,,,,,,,,,,,,,,,,COMPLETE
964,964,0.907506806415664,2025-01-06 18:09:09.252729,2025-01-06 18:11:14.786948,0 days 00:02:05.534219,1,11,,,,,,,,,,,,,,,,,,,,45,,,,,,,,,,,,,,,,,,,,COMPLETE
965,965,0.8719065115644788,2025-01-06 18:11:14.787659,2025-01-06 18:13:55.241915,0 days 00:02:40.454256,2,10,2.0,,,,,,,,,,,,,,,,,,,55,55.0,,,,,,,,,,,,,,,,,,,COMPLETE
966,966,0.9108478246466816,2025-01-06 18:13:55.242655,2025-01-06 18:16:19.883611,0 days 00:02:24.640956,1,10,,,,,,,,,,,,,,,,,,,,55,,,,,,,,,,,,,,,,,,,,COMPLETE
967,967,0.8698222826817458,2025-01-06 18:16:19.884350,2025-01-06 18:17:53.730479,0 days 00:01:33.846129,1,10,,,,,,,,,,,,,,,,,,,,35,,,,,,,,,,,,,,,,,,,,COMPLETE
968,968,0.8595999347662038,2025-01-06 18:17:53.731204,2025-01-06 18:20:04.080093,0 days 00:02:10.348889,1,10,,,,,,,,,,,,,,,,,,,,50,,,,,,,,,,,,,,,,,,,,COMPLETE
969,969,0.8672154441573321,2025-01-06 18:20:04.080801,2025-01-06 18:23:11.683637,0 days 00:03:07.602836,2,11,7.0,,,,,,,,,,,,,,,,,,,55,30.0,,,,,,,,,,,,,,,,,,,COMPLETE
970,970,0.6704427101846981,2025-01-06 18:23:11.684388,2025-01-06 18:25:36.065832,0 days 00:02:24.381444,1,10,,,,,,,,,,,,,,,,,,,,55,,,,,,,,,,,,,,,,,,,,COMPLETE
971,971,0.858454071345146,2025-01-06 18:25:36.066549,2025-01-06 18:27:43.972491,0 days 00:02:07.905942,1,11,,,,,,,,,,,,,,,,,,,,45,,,,,,,,,,,,,,,,,,,,COMPLETE
972,972,0.8672010929002696,2025-01-06 18:27:43.973193,2025-01-06 18:29:57.816837,0 days 00:02:13.843644,2,10,12.0,,,,,,,,,,,,,,,,,,,50,5.0,,,,,,,,,,,,,,,,,,,COMPLETE
973,973,0.8975409036332183,2025-01-06 18:29:57.817581,2025-01-06 18:32:19.598271,0 days 00:02:21.780690,1,10,,,,,,,,,,,,,,,,,,,,55,,,,,,,,,,,,,,,,,,,,COMPLETE
974,974,0.8682160841325094,2025-01-06 18:32:19.598987,2025-01-06 18:35:32.633147,0 days 00:03:13.034160,3,10,14.0,,,,,,,,,,,3.0,,,,,,,,55,20.0,,,,,,,,,,,25.0,,,,,,,,COMPLETE
975,975,0.912934673804239,2025-01-06 18:35:32.633909,2025-01-06 18:37:53.396359,0 days 00:02:20.762450,1,10,,,,,,,,,,,,,,,,,,,,55,,,,,,,,,,,,,,,,,,,,COMPLETE
976,976,0.8713207912965741,2025-01-06 18:37:53.397061,2025-01-06 18:40:29.708449,0 days 00:02:36.311388,2,10,4.0,,,,,,,,,,,,,,,,,,,55,25.0,,,,,,,,,,,,,,,,,,,COMPLETE
977,977,0.5921821979277303,2025-01-06 18:40:29.709200,2025-01-06 18:42:53.935032,0 days 00:02:24.225832,1,10,,,,,,,,,,,,,,,,,,,,55,,,,,,,,,,,,,,,,,,,,COMPLETE
978,978,0.894874712363094,2025-01-06 18:42:53.935747,2025-01-06 18:45:06.422348,0 days 00:02:12.486601,1,10,,,,,,,,,,,,,,,,,,,,55,,,,,,,,,,,,,,,,,,,,COMPLETE
979,979,0.3850569546114361,2025-01-06 18:45:06.423092,2025-01-06 18:47:06.033744,0 days 00:01:59.610652,11,10,6.0,3.0,,,,,,,,,,4.0,15.0,8.0,5.0,12.0,1.0,15.0,3.0,55,40.0,40.0,,,,,,,,,,10.0,10.0,50.0,30.0,40.0,40.0,35.0,45.0,COMPLETE
980,980,0.867556550287347,2025-01-06 18:47:06.034643,2025-01-06 18:50:29.041781,0 days 00:03:23.007138,2,11,10.0,,,,,,,,,,,,,,,,,,,55,30.0,,,,,,,,,,,,,,,,,,,COMPLETE
981,981,0.899412054336338,2025-01-06 18:50:29.042548,2025-01-06 18:52:52.915824,0 days 00:02:23.873276,1,10,,,,,,,,,,,,,,,,,,,,55,,,,,,,,,,,,,,,,,,,,COMPLETE
982,982,0.9078127737917744,2025-01-06 18:52:52.916538,2025-01-06 18:55:16.671215,0 days 00:02:23.754677,1,10,,,,,,,,,,,,,,,,,,,,55,,,,,,,,,,,,,,,,,,,,COMPLETE
983,983,0.8983569677591117,2025-01-06 18:55:16.671927,2025-01-06 18:57:54.669206,0 days 00:02:37.997279,1,11,,,,,,,,,,,,,,,,,,,,55,,,,,,,,,,,,,,,,,,,,COMPLETE
984,984,0.8672148492941927,2025-01-06 18:57:54.669917,2025-01-06 19:00:19.051023,0 days 00:02:24.381106,2,10,1.0,,,,,,,,,,,,,,,,,,,55,15.0,,,,,,,,,,,,,,,,,,,COMPLETE
985,985,0.8918241110612897,2025-01-06 19:00:19.051764,2025-01-06 19:02:43.535414,0 days 00:02:24.483650,1,10,,,,,,,,,,,,,,,,,,,,55,,,,,,,,,,,,,,,,,,,,COMPLETE
986,986,0.8067116165818997,2025-01-06 19:02:43.536148,2025-01-06 19:05:08.076101,0 days 00:02:24.539953,1,10,,,,,,,,,,,,,,,,,,,,55,,,,,,,,,,,,,,,,,,,,COMPLETE
987,987,0.8647229555459802,2025-01-06 19:05:08.076809,2025-01-06 19:08:59.051961,0 days 00:03:50.975152,2,11,13.0,,,,,,,,,,,,,,,,,,,55,35.0,,,,,,,,,,,,,,,,,,,COMPLETE
988,988,0.3302440120531665,2025-01-06 19:08:59.052709,2025-01-06 19:10:10.478557,0 days 00:01:11.425848,12,10,12.0,11.0,12.0,,,,,,,,,7.0,6.0,6.0,12.0,4.0,8.0,2.0,6.0,50,60.0,60.0,35.0,,,,,,,,,40.0,45.0,5.0,55.0,55.0,50.0,55.0,30.0,COMPLETE
989,989,0.0,2025-01-06 19:10:10.479480,2025-01-06 19:23:00.348897,0 days 00:12:49.869417,19,11,8.0,4.0,3.0,11.0,13.0,9.0,9.0,14.0,3.0,5.0,,12.0,11.0,11.0,14.0,13.0,4.0,3.0,10.0,55,50.0,10.0,45.0,50.0,45.0,10.0,35.0,5.0,15.0,20.0,,15.0,5.0,45.0,35.0,30.0,5.0,15.0,50.0,COMPLETE
990,990,0.8181761473612754,2025-01-06 19:23:00.349942,2025-01-06 19:25:12.468218,0 days 00:02:12.118276,1,10,,,,,,,,,,,,,,,,,,,,50,,,,,,,,,,,,,,,,,,,,COMPLETE
991,991,0.8108246910750099,2025-01-06 19:25:12.468956,2025-01-06 19:27:34.806844,0 days 00:02:22.337888,1,10,,,,,,,,,,,,,,,,,,,,55,,,,,,,,,,,,,,,,,,,,COMPLETE
992,992,0.838066108239815,2025-01-06 19:27:34.807576,2025-01-06 19:29:43.890276,0 days 00:02:09.082700,1,9,,,,,,,,,,,,,,,,,,,,55,,,,,,,,,,,,,,,,,,,,COMPLETE
993,993,0.8637720473684785,2025-01-06 19:29:43.890991,2025-01-06 19:32:26.081977,0 days 00:02:42.190986,2,10,15.0,,,,,,,,,,,,,,,,,,,55,10.0,,,,,,,,,,,,,,,,,,,COMPLETE
994,994,0.7876198370401688,2025-01-06 19:32:26.082735,2025-01-06 19:34:50.680034,0 days 00:02:24.597299,1,10,,,,,,,,,,,,,,,,,,,,55,,,,,,,,,,,,,,,,,,,,COMPLETE
995,995,0.8491626900227667,2025-01-06 19:34:50.680755,2025-01-06 19:37:28.542366,0 days 00:02:37.861611,1,11,,,,,,,,,,,,,,,,,,,,55,,,,,,,,,,,,,,,,,,,,COMPLETE
996,996,0.8644988742654138,2025-01-06 19:37:28.543102,2025-01-06 19:40:06.425115,0 days 00:02:37.882013,2,9,7.0,,,,,,,,,,,,,,,,,,,50,40.0,,,,,,,,,,,,,,,,,,,COMPLETE
997,997,0.8246759497892726,2025-01-06 19:40:06.425867,2025-01-06 19:42:18.051813,0 days 00:02:11.625946,1,9,,,,,,,,,,,,,,,,,,,,55,,,,,,,,,,,,,,,,,,,,COMPLETE
998,998,0.8615702372319487,2025-01-06 19:42:18.052550,2025-01-06 19:46:03.316929,0 days 00:03:45.264379,2,10,11.0,,,,,,,,,,,,,,,,,,,55,45.0,,,,,,,,,,,,,,,,,,,COMPLETE
999,999,0.8598087346601224,2025-01-06 19:46:03.317689,2025-01-06 19:48:14.328687,0 days 00:02:11.010998,1,9,,,,,,,,,,,,,,,,,,,,55,,,,,,,,,,,,,,,,,,,,COMPLETE
