,number,value,datetime_start,datetime_complete,duration,params_depth,params_grids_0,params_grids_1,params_grids_10,params_grids_11,params_grids_12,params_grids_13,params_grids_14,params_grids_15,params_grids_16,params_grids_17,params_grids_18,params_grids_19,params_grids_2,params_grids_3,params_grids_4,params_grids_5,params_grids_6,params_grids_7,params_grids_8,params_grids_9,params_neurons_layer_0,params_neurons_layer_1,params_neurons_layer_10,params_neurons_layer_11,params_neurons_layer_12,params_neurons_layer_13,params_neurons_layer_14,params_neurons_layer_15,params_neurons_layer_16,params_neurons_layer_17,params_neurons_layer_18,params_neurons_layer_19,params_neurons_layer_2,params_neurons_layer_3,params_neurons_layer_4,params_neurons_layer_5,params_neurons_layer_6,params_neurons_layer_7,params_neurons_layer_8,params_neurons_layer_9,state
876,876,0.868106902940316,2025-01-04 22:06:30.151264,2025-01-04 22:10:52.318935,0 days 00:04:22.167671,2,9,5.0,,,,,,,,,,,,,,,,,,,55,50.0,,,,,,,,,,,,,,,,,,,COMPLETE
877,877,0.819977521695308,2025-01-04 22:10:52.319709,2025-01-04 22:13:09.650416,0 days 00:02:17.330707,1,8,,,,,,,,,,,,,,,,,,,,45,,,,,,,,,,,,,,,,,,,,COMPLETE
878,878,0.870241026809462,2025-01-04 22:13:09.651183,2025-01-04 22:16:33.380663,0 days 00:03:23.729480,2,10,3.0,,,,,,,,,,,,,,,,,,,50,20.0,,,,,,,,,,,,,,,,,,,COMPLETE
879,879,0.21384723188850313,2025-01-04 22:16:33.381433,2025-01-04 22:19:01.645480,0 days 00:02:28.264047,16,8,13.0,10.0,10.0,14.0,10.0,14.0,6.0,,,,,8.0,1.0,1.0,14.0,12.0,15.0,5.0,4.0,45,60.0,20.0,35.0,15.0,15.0,20.0,10.0,,,,,60.0,5.0,60.0,35.0,40.0,50.0,35.0,25.0,COMPLETE
880,880,0.8928446725758885,2025-01-04 22:19:01.646523,2025-01-04 22:21:33.934060,0 days 00:02:32.287537,1,9,,,,,,,,,,,,,,,,,,,,45,,,,,,,,,,,,,,,,,,,,COMPLETE
881,881,0.9080616805951528,2025-01-04 22:21:33.934813,2025-01-04 22:24:22.954009,0 days 00:02:49.019196,1,8,,,,,,,,,,,,,,,,,,,,55,,,,,,,,,,,,,,,,,,,,COMPLETE
882,882,0.8711305446760909,2025-01-04 22:24:22.954757,2025-01-04 22:27:24.630071,0 days 00:03:01.675314,2,10,10.0,,,,,,,,,,,,,,,,,,,45,5.0,,,,,,,,,,,,,,,,,,,COMPLETE
883,883,0.8912406455716625,2025-01-04 22:27:24.630853,2025-01-04 22:30:39.569492,0 days 00:03:14.938639,1,9,,,,,,,,,,,,,,,,,,,,55,,,,,,,,,,,,,,,,,,,,COMPLETE
884,884,0.6948139350977998,2025-01-04 22:30:39.570238,2025-01-04 22:33:50.975203,0 days 00:03:11.404965,1,11,,,,,,,,,,,,,,,,,,,,45,,,,,,,,,,,,,,,,,,,,COMPLETE
885,885,0.8801832903746518,2025-01-04 22:33:50.975951,2025-01-04 22:36:27.022586,0 days 00:02:36.046635,1,8,,,,,,,,,,,,,,,,,,,,50,,,,,,,,,,,,,,,,,,,,COMPLETE
886,886,0.8684080306040527,2025-01-04 22:36:27.023353,2025-01-04 22:40:54.087795,0 days 00:04:27.064442,2,8,12.0,,,,,,,,,,,,,,,,,,,50,40.0,,,,,,,,,,,,,,,,,,,COMPLETE
887,887,0.8925983285435919,2025-01-04 22:40:54.088566,2025-01-04 22:43:32.427117,0 days 00:02:38.338551,1,9,,,,,,,,,,,,,,,,,,,,45,,,,,,,,,,,,,,,,,,,,COMPLETE
888,888,0.8993607251694702,2025-01-04 22:43:32.427881,2025-01-04 22:46:51.599403,0 days 00:03:19.171522,1,12,,,,,,,,,,,,,,,,,,,,45,,,,,,,,,,,,,,,,,,,,COMPLETE
889,889,0.8742909142278592,2025-01-04 22:46:51.600159,2025-01-04 22:49:47.093449,0 days 00:02:55.493290,1,10,,,,,,,,,,,,,,,,,,,,45,,,,,,,,,,,,,,,,,,,,COMPLETE
890,890,0.903978372435456,2025-01-04 22:49:47.094207,2025-01-04 22:52:36.680030,0 days 00:02:49.585823,1,8,,,,,,,,,,,,,,,,,,,,55,,,,,,,,,,,,,,,,,,,,COMPLETE
891,891,0.1795970869293034,2025-01-04 22:52:36.680783,2025-01-04 22:56:13.477305,0 days 00:03:36.796522,20,9,1.0,7.0,5.0,1.0,4.0,3.0,9.0,3.0,12.0,5.0,1.0,2.0,14.0,12.0,3.0,9.0,4.0,12.0,1.0,45,35.0,60.0,30.0,45.0,40.0,35.0,50.0,50.0,50.0,45.0,5.0,45.0,15.0,10.0,5.0,50.0,5.0,20.0,20.0,COMPLETE
892,892,0.8668306229672973,2025-01-04 22:56:13.478422,2025-01-04 23:00:36.847340,0 days 00:04:23.368918,2,9,7.0,,,,,,,,,,,,,,,,,,,50,55.0,,,,,,,,,,,,,,,,,,,COMPLETE
893,893,0.8832203317312879,2025-01-04 23:00:36.848119,2025-01-04 23:02:55.960236,0 days 00:02:19.112117,1,8,,,,,,,,,,,,,,,,,,,,45,,,,,,,,,,,,,,,,,,,,COMPLETE
894,894,0.8714389933524571,2025-01-04 23:02:55.960994,2025-01-04 23:06:26.396469,0 days 00:03:30.435475,3,8,11.0,,,,,,,,,,,6.0,,,,,,,,45,30.0,,,,,,,,,,,5.0,,,,,,,,COMPLETE
895,895,0.8977400848827867,2025-01-04 23:06:26.397261,2025-01-04 23:09:55.791838,0 days 00:03:29.394577,1,10,,,,,,,,,,,,,,,,,,,,55,,,,,,,,,,,,,,,,,,,,COMPLETE
896,896,0.8710122470102922,2025-01-04 23:09:55.792599,2025-01-04 23:13:28.835427,0 days 00:03:33.042828,2,8,6.0,,,,,,,,,,,,,,,,,,,45,55.0,,,,,,,,,,,,,,,,,,,COMPLETE
897,897,0.0,2025-01-04 23:13:28.836199,2025-01-04 23:32:50.698264,0 days 00:19:21.862065,15,9,3.0,4.0,9.0,14.0,2.0,11.0,,,,,,10.0,4.0,6.0,6.0,1.0,14.0,14.0,13.0,45,25.0,25.0,25.0,60.0,55.0,55.0,,,,,,40.0,55.0,55.0,20.0,25.0,15.0,45.0,55.0,COMPLETE
898,898,0.8745695942198344,2025-01-04 23:32:50.699277,2025-01-04 23:33:29.868530,0 days 00:00:39.169253,1,9,,,,,,,,,,,,,,,,,,,,10,,,,,,,,,,,,,,,,,,,,COMPLETE
899,899,0.6686628543272579,2025-01-04 23:33:29.868984,2025-01-04 23:35:49.240837,0 days 00:02:19.371853,1,8,,,,,,,,,,,,,,,,,,,,45,,,,,,,,,,,,,,,,,,,,COMPLETE
900,900,0.8627745591229508,2025-01-04 23:35:49.241600,2025-01-04 23:39:36.852052,0 days 00:03:47.610452,2,9,15.0,,,,,,,,,,,,,,,,,,,55,10.0,,,,,,,,,,,,,,,,,,,COMPLETE
901,901,0.8958338532490155,2025-01-04 23:39:36.852823,2025-01-04 23:42:34.198860,0 days 00:02:57.346037,1,10,,,,,,,,,,,,,,,,,,,,45,,,,,,,,,,,,,,,,,,,,COMPLETE
902,902,0.8645644725136309,2025-01-04 23:42:34.199634,2025-01-04 23:45:07.795125,0 days 00:02:33.595491,1,8,,,,,,,,,,,,,,,,,,,,50,,,,,,,,,,,,,,,,,,,,COMPLETE
903,903,0.8741186206427423,2025-01-04 23:45:07.795888,2025-01-04 23:48:48.270893,0 days 00:03:40.475005,2,8,4.0,,,,,,,,,,,,,,,,,,,55,50.0,,,,,,,,,,,,,,,,,,,COMPLETE
904,904,0.8570481509663929,2025-01-04 23:48:48.271665,2025-01-04 23:52:01.947768,0 days 00:03:13.676103,1,11,,,,,,,,,,,,,,,,,,,,45,,,,,,,,,,,,,,,,,,,,COMPLETE
905,905,0.833411687322769,2025-01-04 23:52:01.948551,2025-01-04 23:54:58.508979,0 days 00:02:56.560428,1,10,,,,,,,,,,,,,,,,,,,,45,,,,,,,,,,,,,,,,,,,,COMPLETE
906,906,0.8682920831787682,2025-01-04 23:54:58.509745,2025-01-04 23:58:23.922641,0 days 00:03:25.412896,2,9,9.0,,,,,,,,,,,,,,,,,,,50,15.0,,,,,,,,,,,,,,,,,,,COMPLETE
907,907,0.8797374253353183,2025-01-04 23:58:23.923431,2025-01-05 00:01:24.368981,0 days 00:03:00.445550,1,11,,,,,,,,,,,,,,,,,,,,45,,,,,,,,,,,,,,,,,,,,COMPLETE
908,908,0.8955077548956423,2025-01-05 00:01:24.369753,2025-01-05 00:03:41.298333,0 days 00:02:16.928580,1,8,,,,,,,,,,,,,,,,,,,,45,,,,,,,,,,,,,,,,,,,,COMPLETE
909,909,0.8825263708021539,2025-01-05 00:03:41.299101,2025-01-05 00:06:05.223332,0 days 00:02:23.924231,1,9,,,,,,,,,,,,,,,,,,,,50,,,,,,,,,,,,,,,,,,,,COMPLETE
910,910,0.8661957214760392,2025-01-05 00:06:05.224105,2025-01-05 00:10:36.980236,0 days 00:04:31.756131,2,8,14.0,,,,,,,,,,,,,,,,,,,45,45.0,,,,,,,,,,,,,,,,,,,COMPLETE
911,911,0.7833140515318543,2025-01-05 00:10:36.981005,2025-01-05 00:13:28.726222,0 days 00:02:51.745217,1,10,,,,,,,,,,,,,,,,,,,,45,,,,,,,,,,,,,,,,,,,,COMPLETE
912,912,0.8700443567040425,2025-01-05 00:13:28.726976,2025-01-05 00:16:17.913067,0 days 00:02:49.186091,2,8,2.0,,,,,,,,,,,,,,,,,,,55,5.0,,,,,,,,,,,,,,,,,,,COMPLETE
913,913,0.9137835423522226,2025-01-05 00:16:17.913843,2025-01-05 00:18:51.057179,0 days 00:02:33.143336,1,9,,,,,,,,,,,,,,,,,,,,45,,,,,,,,,,,,,,,,,,,,COMPLETE
914,914,0.8772970183783282,2025-01-05 00:18:51.057929,2025-01-05 00:21:33.200954,0 days 00:02:42.143025,1,9,,,,,,,,,,,,,,,,,,,,45,,,,,,,,,,,,,,,,,,,,COMPLETE
915,915,0.32525592375113577,2025-01-05 00:21:33.201725,2025-01-05 00:24:14.850473,0 days 00:02:41.648748,14,7,5.0,11.0,7.0,2.0,13.0,,,,,,,1.0,15.0,4.0,13.0,6.0,11.0,6.0,7.0,50,30.0,50.0,40.0,10.0,50.0,,,,,,,50.0,45.0,50.0,30.0,55.0,55.0,5.0,15.0,COMPLETE
916,916,0.9060652136232887,2025-01-05 00:24:14.851479,2025-01-05 00:27:03.196829,0 days 00:02:48.345350,1,8,,,,,,,,,,,,,,,,,,,,55,,,,,,,,,,,,,,,,,,,,COMPLETE
917,917,0.8725062925547046,2025-01-05 00:27:03.197620,2025-01-05 00:30:15.290905,0 days 00:03:12.093285,2,9,8.0,,,,,,,,,,,,,,,,,,,45,20.0,,,,,,,,,,,,,,,,,,,COMPLETE
918,918,0.3277483263329281,2025-01-05 00:30:15.291681,2025-01-05 00:33:45.566602,0 days 00:03:30.274921,17,7,12.0,15.0,12.0,15.0,15.0,1.0,2.0,9.0,,,,7.0,13.0,5.0,2.0,15.0,1.0,10.0,12.0,45,60.0,5.0,5.0,20.0,25.0,10.0,25.0,35.0,,,,15.0,20.0,30.0,50.0,5.0,30.0,15.0,5.0,COMPLETE
919,919,0.8956737936151259,2025-01-05 00:33:45.567662,2025-01-05 00:35:42.962031,0 days 00:01:57.394369,1,10,,,,,,,,,,,,,,,,,,,,30,,,,,,,,,,,,,,,,,,,,COMPLETE
920,920,0.8979075153198133,2025-01-05 00:35:42.962790,2025-01-05 00:38:18.919694,0 days 00:02:35.956904,1,8,,,,,,,,,,,,,,,,,,,,50,,,,,,,,,,,,,,,,,,,,COMPLETE
921,921,0.11163573020142697,2025-01-05 00:38:18.920468,2025-01-05 00:48:52.081202,0 days 00:10:33.160734,9,9,4.0,,,,,,,,,,,12.0,7.0,11.0,5.0,10.0,7.0,4.0,,55,35.0,,,,,,,,,,,55.0,60.0,15.0,40.0,45.0,45.0,10.0,,COMPLETE
922,922,0.8745492382510378,2025-01-05 00:48:52.082117,2025-01-05 00:52:13.429621,0 days 00:03:21.347504,2,8,7.0,,,,,,,,,,,,,,,,,,,45,40.0,,,,,,,,,,,,,,,,,,,COMPLETE
923,923,0.9025957748691625,2025-01-05 00:52:13.430414,2025-01-05 00:54:21.275271,0 days 00:02:07.844857,1,7,,,,,,,,,,,,,,,,,,,,45,,,,,,,,,,,,,,,,,,,,COMPLETE
924,924,0.9003223695524123,2025-01-05 00:54:21.276046,2025-01-05 00:57:28.704326,0 days 00:03:07.428280,1,9,,,,,,,,,,,,,,,,,,,,55,,,,,,,,,,,,,,,,,,,,COMPLETE
925,925,0.8653964980263202,2025-01-05 00:57:28.705087,2025-01-05 01:01:05.706231,0 days 00:03:37.001144,3,10,13.0,,,,,,,,,,,3.0,,,,,,,,45,15.0,,,,,,,,,,,25.0,,,,,,,,COMPLETE
926,926,0.6632469224682132,2025-01-05 01:01:05.707032,2025-01-05 01:03:22.854007,0 days 00:02:17.146975,1,8,,,,,,,,,,,,,,,,,,,,45,,,,,,,,,,,,,,,,,,,,COMPLETE
927,927,0.8730441102981827,2025-01-05 01:03:22.854779,2025-01-05 01:06:17.820523,0 days 00:02:54.965744,2,7,11.0,,,,,,,,,,,,,,,,,,,35,40.0,,,,,,,,,,,,,,,,,,,COMPLETE
928,928,0.8622622235963061,2025-01-05 01:06:17.821303,2025-01-05 01:08:59.983322,0 days 00:02:42.162019,1,9,,,,,,,,,,,,,,,,,,,,50,,,,,,,,,,,,,,,,,,,,COMPLETE
929,929,0.9144272337682424,2025-01-05 01:08:59.984083,2025-01-05 01:13:05.034914,0 days 00:04:05.050831,1,14,,,,,,,,,,,,,,,,,,,,45,,,,,,,,,,,,,,,,,,,,COMPLETE
930,930,0.8652523226715951,2025-01-05 01:13:05.035691,2025-01-05 01:19:06.229630,0 days 00:06:01.193939,2,15,10.0,,,,,,,,,,,,,,,,,,,45,50.0,,,,,,,,,,,,,,,,,,,COMPLETE
931,931,0.9116512665217241,2025-01-05 01:19:06.230425,2025-01-05 01:23:35.147322,0 days 00:04:28.916897,1,15,,,,,,,,,,,,,,,,,,,,45,,,,,,,,,,,,,,,,,,,,COMPLETE
932,932,0.6118370302780362,2025-01-05 01:23:35.148087,2025-01-05 01:28:00.460582,0 days 00:04:25.312495,1,15,,,,,,,,,,,,,,,,,,,,45,,,,,,,,,,,,,,,,,,,,COMPLETE
933,933,0.894770129586488,2025-01-05 01:28:00.461367,2025-01-05 01:32:20.570756,0 days 00:04:20.109389,1,15,,,,,,,,,,,,,,,,,,,,45,,,,,,,,,,,,,,,,,,,,COMPLETE
934,934,0.9092161202218129,2025-01-05 01:32:20.571530,2025-01-05 01:36:41.703302,0 days 00:04:21.131772,1,15,,,,,,,,,,,,,,,,,,,,45,,,,,,,,,,,,,,,,,,,,COMPLETE
935,935,0.8727848167612968,2025-01-05 01:36:41.704099,2025-01-05 01:40:43.953666,0 days 00:04:02.249567,2,14,1.0,,,,,,,,,,,,,,,,,,,45,10.0,,,,,,,,,,,,,,,,,,,COMPLETE
936,936,0.8684075385559262,2025-01-05 01:40:43.954450,2025-01-05 01:45:35.200139,0 days 00:04:51.245689,2,14,5.0,,,,,,,,,,,,,,,,,,,45,45.0,,,,,,,,,,,,,,,,,,,COMPLETE
937,937,0.880897591681843,2025-01-05 01:45:35.200915,2025-01-05 01:49:41.277280,0 days 00:04:06.076365,1,14,,,,,,,,,,,,,,,,,,,,45,,,,,,,,,,,,,,,,,,,,COMPLETE
938,938,0.8047112876355096,2025-01-05 01:49:41.278055,2025-01-05 01:53:45.448116,0 days 00:04:04.170061,1,14,,,,,,,,,,,,,,,,,,,,45,,,,,,,,,,,,,,,,,,,,COMPLETE
939,939,0.5373393819157104,2025-01-05 01:53:45.448871,2025-01-05 01:58:11.337253,0 days 00:04:25.888382,1,15,,,,,,,,,,,,,,,,,,,,45,,,,,,,,,,,,,,,,,,,,COMPLETE
940,940,0.700586369099536,2025-01-05 01:58:11.338029,2025-01-05 02:02:37.088580,0 days 00:04:25.750551,1,15,,,,,,,,,,,,,,,,,,,,45,,,,,,,,,,,,,,,,,,,,COMPLETE
941,941,0.8638742628747755,2025-01-05 02:02:37.089357,2025-01-05 02:08:48.330596,0 days 00:06:11.241239,2,15,9.0,,,,,,,,,,,,,,,,,,,45,60.0,,,,,,,,,,,,,,,,,,,COMPLETE
942,942,0.8082490730377352,2025-01-05 02:08:48.331371,2025-01-05 02:13:16.145598,0 days 00:04:27.814227,1,15,,,,,,,,,,,,,,,,,,,,45,,,,,,,,,,,,,,,,,,,,COMPLETE
943,943,0.34476167571713406,2025-01-05 02:13:16.146361,2025-01-05 02:17:30.189865,0 days 00:04:14.043504,10,15,14.0,,,,,,,,,,,11.0,11.0,3.0,7.0,3.0,3.0,9.0,11.0,45,20.0,,,,,,,,,,,35.0,10.0,25.0,60.0,15.0,20.0,40.0,10.0,COMPLETE
944,944,0.865782452544098,2025-01-05 02:17:30.190801,2025-01-05 02:21:57.726858,0 days 00:04:27.536057,2,14,6.0,,,,,,,,,,,,,,,,,,,45,25.0,,,,,,,,,,,,,,,,,,,COMPLETE
945,945,0.8132890677290511,2025-01-05 02:21:57.727645,2025-01-05 02:26:11.624593,0 days 00:04:13.896948,1,15,,,,,,,,,,,,,,,,,,,,45,,,,,,,,,,,,,,,,,,,,COMPLETE
946,946,0.5135808510607869,2025-01-05 02:26:11.625374,2025-01-05 02:30:38.186462,0 days 00:04:26.561088,1,15,,,,,,,,,,,,,,,,,,,,45,,,,,,,,,,,,,,,,,,,,COMPLETE
947,947,0.8777923071232263,2025-01-05 02:30:38.187233,2025-01-05 02:34:08.256340,0 days 00:03:30.069107,2,15,11.0,,,,,,,,,,,,,,,,,,,35,5.0,,,,,,,,,,,,,,,,,,,COMPLETE
948,948,0.8683939637487065,2025-01-05 02:34:08.257133,2025-01-05 02:38:33.221935,0 days 00:04:24.964802,1,14,,,,,,,,,,,,,,,,,,,,50,,,,,,,,,,,,,,,,,,,,COMPLETE
949,949,0.8772379899046178,2025-01-05 02:38:33.222705,2025-01-05 02:42:16.949077,0 days 00:03:43.726372,2,14,2.0,,,,,,,,,,,,,,,,,,,40,30.0,,,,,,,,,,,,,,,,,,,COMPLETE
950,950,0.9036978986638697,2025-01-05 02:42:16.949859,2025-01-05 02:46:45.047935,0 days 00:04:28.098076,1,15,,,,,,,,,,,,,,,,,,,,45,,,,,,,,,,,,,,,,,,,,COMPLETE
951,951,0.7973115471726123,2025-01-05 02:46:45.048708,2025-01-05 02:50:36.147126,0 days 00:03:51.098418,1,15,,,,,,,,,,,,,,,,,,,,40,,,,,,,,,,,,,,,,,,,,COMPLETE
952,952,0.8922186274643971,2025-01-05 02:50:36.147904,2025-01-05 02:52:54.000351,0 days 00:02:17.852447,1,8,,,,,,,,,,,,,,,,,,,,45,,,,,,,,,,,,,,,,,,,,COMPLETE
953,953,0.7336625931983043,2025-01-05 02:52:54.001122,2025-01-05 02:57:20.643282,0 days 00:04:26.642160,1,15,,,,,,,,,,,,,,,,,,,,45,,,,,,,,,,,,,,,,,,,,COMPLETE
954,954,0.8820768654952329,2025-01-05 02:57:20.644062,2025-01-05 03:00:36.089580,0 days 00:03:15.445518,1,14,,,,,,,,,,,,,,,,,,,,40,,,,,,,,,,,,,,,,,,,,COMPLETE
955,955,0.8707640404063728,2025-01-05 03:00:36.090352,2025-01-05 03:05:05.380131,0 days 00:04:29.289779,2,15,8.0,,,,,,,,,,,,,,,,,,,40,35.0,,,,,,,,,,,,,,,,,,,COMPLETE
956,956,0.9116228477855202,2025-01-05 03:05:05.380911,2025-01-05 03:09:55.268089,0 days 00:04:49.887178,1,15,,,,,,,,,,,,,,,,,,,,50,,,,,,,,,,,,,,,,,,,,COMPLETE
957,957,0.8647316429774274,2025-01-05 03:09:55.268861,2025-01-05 03:14:52.816027,0 days 00:04:57.547166,2,15,12.0,,,,,,,,,,,,,,,,,,,50,10.0,,,,,,,,,,,,,,,,,,,COMPLETE
958,958,0.7899175518971564,2025-01-05 03:14:52.816808,2025-01-05 03:19:43.998784,0 days 00:04:51.181976,1,15,,,,,,,,,,,,,,,,,,,,50,,,,,,,,,,,,,,,,,,,,COMPLETE
959,959,0.9004719851127247,2025-01-05 03:19:43.999566,2025-01-05 03:24:37.031043,0 days 00:04:53.031477,1,15,,,,,,,,,,,,,,,,,,,,50,,,,,,,,,,,,,,,,,,,,COMPLETE
960,960,0.7831446995973385,2025-01-05 03:24:37.031814,2025-01-05 03:29:02.043500,0 days 00:04:25.011686,1,15,,,,,,,,,,,,,,,,,,,,45,,,,,,,,,,,,,,,,,,,,COMPLETE
961,961,0.8689483893536976,2025-01-05 03:29:02.044293,2025-01-05 03:36:27.042082,0 days 00:07:24.997789,2,15,15.0,,,,,,,,,,,,,,,,,,,50,50.0,,,,,,,,,,,,,,,,,,,COMPLETE
962,962,0.7603001830961976,2025-01-05 03:36:27.042868,2025-01-05 03:41:16.748736,0 days 00:04:49.705868,1,15,,,,,,,,,,,,,,,,,,,,50,,,,,,,,,,,,,,,,,,,,COMPLETE
963,963,0.8710148838034737,2025-01-05 03:41:16.749525,2025-01-05 03:46:15.953663,0 days 00:04:59.204138,2,15,3.0,,,,,,,,,,,,,,,,,,,50,25.0,,,,,,,,,,,,,,,,,,,COMPLETE
964,964,0.9015276847023956,2025-01-05 03:46:15.954464,2025-01-05 03:51:06.106723,0 days 00:04:50.152259,1,15,,,,,,,,,,,,,,,,,,,,50,,,,,,,,,,,,,,,,,,,,COMPLETE
965,965,0.8576323476496719,2025-01-05 03:51:06.107511,2025-01-05 03:55:11.506104,0 days 00:04:05.398593,1,14,,,,,,,,,,,,,,,,,,,,45,,,,,,,,,,,,,,,,,,,,COMPLETE
966,966,0.9067320571160808,2025-01-05 03:55:11.506876,2025-01-05 03:59:37.421201,0 days 00:04:25.914325,1,15,,,,,,,,,,,,,,,,,,,,45,,,,,,,,,,,,,,,,,,,,COMPLETE
967,967,0.8672058168867784,2025-01-05 03:59:37.421965,2025-01-05 04:06:27.746413,0 days 00:06:50.324448,2,15,13.0,,,,,,,,,,,,,,,,,,,45,55.0,,,,,,,,,,,,,,,,,,,COMPLETE
968,968,0.8755716061375197,2025-01-05 04:06:27.747207,2025-01-05 04:11:17.744910,0 days 00:04:49.997703,1,15,,,,,,,,,,,,,,,,,,,,50,,,,,,,,,,,,,,,,,,,,COMPLETE
969,969,0.899219341105157,2025-01-05 04:11:17.745701,2025-01-05 04:15:42.618790,0 days 00:04:24.873089,1,15,,,,,,,,,,,,,,,,,,,,45,,,,,,,,,,,,,,,,,,,,COMPLETE
970,970,0.8725445156805403,2025-01-05 04:15:42.619575,2025-01-05 04:20:35.365261,0 days 00:04:52.745686,2,14,6.0,,,,,,,,,,,,,,,,,,,45,45.0,,,,,,,,,,,,,,,,,,,COMPLETE
971,971,0.780487040476994,2025-01-05 04:20:35.366055,2025-01-05 04:23:08.832386,0 days 00:02:33.466331,1,13,,,,,,,,,,,,,,,,,,,,30,,,,,,,,,,,,,,,,,,,,COMPLETE
972,972,0.8693855280958749,2025-01-05 04:23:08.833163,2025-01-05 04:27:26.908307,0 days 00:04:18.075144,3,15,1.0,,,,,,,,,,,15.0,,,,,,,,45,5.0,,,,,,,,,,,20.0,,,,,,,,COMPLETE
973,973,0.8955446624016513,2025-01-05 04:27:26.909135,2025-01-05 04:32:15.312505,0 days 00:04:48.403370,1,15,,,,,,,,,,,,,,,,,,,,50,,,,,,,,,,,,,,,,,,,,COMPLETE
974,974,0.246158319639968,2025-01-05 04:32:15.313288,2025-01-05 04:34:51.563863,0 days 00:02:36.250575,8,15,3.0,,,,,,,,,,,4.0,8.0,10.0,9.0,13.0,8.0,,,20,20.0,,,,,,,,,,,30.0,35.0,40.0,15.0,30.0,25.0,,,COMPLETE
975,975,0.9119256743296931,2025-01-05 04:34:51.564774,2025-01-05 04:39:40.496461,0 days 00:04:48.931687,1,15,,,,,,,,,,,,,,,,,,,,50,,,,,,,,,,,,,,,,,,,,COMPLETE
976,976,0.8645812498566539,2025-01-05 04:39:40.497279,2025-01-05 04:44:21.651601,0 days 00:04:41.154322,2,14,7.0,,,,,,,,,,,,,,,,,,,50,15.0,,,,,,,,,,,,,,,,,,,COMPLETE
977,977,0.8728494367510292,2025-01-05 04:44:21.652453,2025-01-05 04:49:12.941391,0 days 00:04:51.288938,1,15,,,,,,,,,,,,,,,,,,,,50,,,,,,,,,,,,,,,,,,,,COMPLETE
978,978,0.8645936716397142,2025-01-05 04:49:12.942203,2025-01-05 04:53:56.587688,0 days 00:04:43.645485,1,15,,,,,,,,,,,,,,,,,,,,50,,,,,,,,,,,,,,,,,,,,COMPLETE
979,979,0.9052461046165319,2025-01-05 04:53:56.588500,2025-01-05 04:58:42.538202,0 days 00:04:45.949702,1,15,,,,,,,,,,,,,,,,,,,,50,,,,,,,,,,,,,,,,,,,,COMPLETE
980,980,0.869794989602939,2025-01-05 04:58:42.539022,2025-01-05 05:04:15.451893,0 days 00:05:32.912871,2,15,6.0,,,,,,,,,,,,,,,,,,,50,40.0,,,,,,,,,,,,,,,,,,,COMPLETE
981,981,0.5700494219252945,2025-01-05 05:04:15.452724,2025-01-05 05:09:06.035940,0 days 00:04:50.583216,1,15,,,,,,,,,,,,,,,,,,,,50,,,,,,,,,,,,,,,,,,,,COMPLETE
982,982,0.7891216648637027,2025-01-05 05:09:06.036762,2025-01-05 05:13:32.691852,0 days 00:04:26.655090,1,14,,,,,,,,,,,,,,,,,,,,50,,,,,,,,,,,,,,,,,,,,COMPLETE
983,983,0.8691688552333752,2025-01-05 05:13:32.692665,2025-01-05 05:19:08.083588,0 days 00:05:35.390923,2,15,4.0,,,,,,,,,,,,,,,,,,,50,55.0,,,,,,,,,,,,,,,,,,,COMPLETE
984,984,0.8792546661717203,2025-01-05 05:19:08.084415,2025-01-05 05:23:34.728798,0 days 00:04:26.644383,1,14,,,,,,,,,,,,,,,,,,,,50,,,,,,,,,,,,,,,,,,,,COMPLETE
985,985,0.8761407305579303,2025-01-05 05:23:34.729622,2025-01-05 05:28:02.136192,0 days 00:04:27.406570,1,14,,,,,,,,,,,,,,,,,,,,50,,,,,,,,,,,,,,,,,,,,COMPLETE
986,986,0.8639436796479624,2025-01-05 05:28:02.137032,2025-01-05 05:35:52.295373,0 days 00:07:50.158341,2,15,14.0,,,,,,,,,,,,,,,,,,,50,60.0,,,,,,,,,,,,,,,,,,,COMPLETE
987,987,0.5724422362972517,2025-01-05 05:35:52.296206,2025-01-05 05:40:42.337348,0 days 00:04:50.041142,1,15,,,,,,,,,,,,,,,,,,,,50,,,,,,,,,,,,,,,,,,,,COMPLETE
988,988,0.7172375062821073,2025-01-05 05:40:42.338162,2025-01-05 05:45:30.212673,0 days 00:04:47.874511,1,15,,,,,,,,,,,,,,,,,,,,50,,,,,,,,,,,,,,,,,,,,COMPLETE
989,989,0.8648308576273922,2025-01-05 05:45:30.213496,2025-01-05 05:50:45.985412,0 days 00:05:15.771916,2,15,10.0,,,,,,,,,,,,,,,,,,,45,30.0,,,,,,,,,,,,,,,,,,,COMPLETE
990,990,0.36954361554221404,2025-01-05 05:50:45.986243,2025-01-05 05:59:09.954823,0 days 00:08:23.968580,6,15,2.0,,,,,,,,,,,5.0,2.0,14.0,11.0,,,,,45,35.0,,,,,,,,,,,60.0,40.0,45.0,20.0,,,,,COMPLETE
991,991,0.8948524020388868,2025-01-05 05:59:09.955743,2025-01-05 06:03:36.655897,0 days 00:04:26.700154,1,14,,,,,,,,,,,,,,,,,,,,50,,,,,,,,,,,,,,,,,,,,COMPLETE
992,992,0.7720394186673121,2025-01-05 06:03:36.656716,2025-01-05 06:08:00.227337,0 days 00:04:23.570621,1,15,,,,,,,,,,,,,,,,,,,,45,,,,,,,,,,,,,,,,,,,,COMPLETE
993,993,0.6500270208906014,2025-01-05 06:08:00.228158,2025-01-05 06:12:22.679264,0 days 00:04:22.451106,1,15,,,,,,,,,,,,,,,,,,,,45,,,,,,,,,,,,,,,,,,,,COMPLETE
994,994,0.865934844145872,2025-01-05 06:12:22.680086,2025-01-05 06:18:21.646657,0 days 00:05:58.966571,2,15,8.0,,,,,,,,,,,,,,,,,,,50,45.0,,,,,,,,,,,,,,,,,,,COMPLETE
995,995,0.8289895739182181,2025-01-05 06:18:21.647489,2025-01-05 06:22:29.352644,0 days 00:04:07.705155,1,14,,,,,,,,,,,,,,,,,,,,45,,,,,,,,,,,,,,,,,,,,COMPLETE
996,996,0.5496178582103906,2025-01-05 06:22:29.353583,2025-01-05 06:28:15.995076,0 days 00:05:46.641493,3,14,9.0,,,,,,,,,,,14.0,,,,,,,,45,25.0,,,,,,,,,,,35.0,,,,,,,,COMPLETE
997,997,0.0,2025-01-05 06:28:15.995924,2025-01-05 06:50:41.261073,0 days 00:22:25.265149,18,15,13.0,9.0,15.0,11.0,7.0,5.0,14.0,7.0,12.0,,,2.0,10.0,15.0,12.0,14.0,10.0,11.0,4.0,60,40.0,10.0,45.0,30.0,5.0,25.0,40.0,10.0,30.0,,,5.0,30.0,25.0,45.0,25.0,40.0,55.0,40.0,COMPLETE
998,998,0.2118808413916594,2025-01-05 06:50:41.262217,2025-01-05 06:56:21.320535,0 days 00:05:40.058318,7,15,5.0,,,,,,,,,,,10.0,5.0,8.0,10.0,4.0,,,,45,15.0,,,,,,,,,,,25.0,50.0,10.0,5.0,35.0,,,,COMPLETE
999,999,0.8956597331621231,2025-01-05 06:56:21.321479,2025-01-05 06:58:57.082210,0 days 00:02:35.760731,1,8,,,,,,,,,,,,,,,,,,,,50,,,,,,,,,,,,,,,,,,,,COMPLETE
