,number,value,datetime_start,datetime_complete,duration,params_depth,params_grids_0,params_grids_1,params_grids_10,params_grids_11,params_grids_12,params_grids_13,params_grids_14,params_grids_15,params_grids_16,params_grids_17,params_grids_18,params_grids_19,params_grids_2,params_grids_3,params_grids_4,params_grids_5,params_grids_6,params_grids_7,params_grids_8,params_grids_9,params_neurons_layer_0,params_neurons_layer_1,params_neurons_layer_10,params_neurons_layer_11,params_neurons_layer_12,params_neurons_layer_13,params_neurons_layer_14,params_neurons_layer_15,params_neurons_layer_16,params_neurons_layer_17,params_neurons_layer_18,params_neurons_layer_19,params_neurons_layer_2,params_neurons_layer_3,params_neurons_layer_4,params_neurons_layer_5,params_neurons_layer_6,params_neurons_layer_7,params_neurons_layer_8,params_neurons_layer_9,state
360,360,0.928921568627451,2025-01-05 13:56:39.848188,2025-01-05 13:56:43.924099,0 days 00:00:04.075911,3,1,5.0,,,,,,,,,,,1.0,,,,,,,,50,20.0,,,,,,,,,,,35.0,,,,,,,,COMPLETE
361,361,0.8688725490196079,2025-01-05 13:56:43.924509,2025-01-05 13:56:47.259113,0 days 00:00:03.334604,2,1,5.0,,,,,,,,,,,,,,,,,,,50,20.0,,,,,,,,,,,,,,,,,,,COMPLETE
362,362,0.8116627265563435,2025-01-05 13:56:47.259500,2025-01-05 13:56:50.080348,0 days 00:00:02.820848,1,1,,,,,,,,,,,,,,,,,,,,55,,,,,,,,,,,,,,,,,,,,COMPLETE
363,363,0.6959517657192076,2025-01-05 13:56:50.080712,2025-01-05 13:56:55.014108,0 days 00:00:04.933396,4,1,5.0,,,,,,,,,,,1.0,7.0,,,,,,,55,20.0,,,,,,,,,,,40.0,40.0,,,,,,,COMPLETE
364,364,0.8081632653061225,2025-01-05 13:56:55.014541,2025-01-05 13:56:59.128135,0 days 00:00:04.113594,3,1,15.0,,,,,,,,,,,1.0,,,,,,,,50,20.0,,,,,,,,,,,20.0,,,,,,,,COMPLETE
365,365,0.9183673469387755,2025-01-05 13:56:59.128540,2025-01-05 13:57:02.472896,0 days 00:00:03.344356,2,1,4.0,,,,,,,,,,,,,,,,,,,50,10.0,,,,,,,,,,,,,,,,,,,COMPLETE
366,366,0.9399759903961584,2025-01-05 13:57:02.473290,2025-01-05 13:57:06.030285,0 days 00:00:03.556995,2,1,4.0,,,,,,,,,,,,,,,,,,,50,20.0,,,,,,,,,,,,,,,,,,,COMPLETE
367,367,0.7647969052224372,2025-01-05 13:57:06.030671,2025-01-05 13:57:09.192457,0 days 00:00:03.161786,1,1,,,,,,,,,,,,,,,,,,,,50,,,,,,,,,,,,,,,,,,,,COMPLETE
368,368,0.8876127973748975,2025-01-05 13:57:09.192817,2025-01-05 13:57:12.767285,0 days 00:00:03.574468,2,1,4.0,,,,,,,,,,,,,,,,,,,50,25.0,,,,,,,,,,,,,,,,,,,COMPLETE
369,369,0.8685714285714285,2025-01-05 13:57:12.767671,2025-01-05 13:57:16.341547,0 days 00:00:03.573876,2,1,5.0,,,,,,,,,,,,,,,,,,,50,20.0,,,,,,,,,,,,,,,,,,,COMPLETE
370,370,0.8547826086956521,2025-01-05 13:57:16.342047,2025-01-05 13:57:19.920606,0 days 00:00:03.578559,2,1,4.0,,,,,,,,,,,,,,,,,,,55,20.0,,,,,,,,,,,,,,,,,,,COMPLETE
371,371,0.7596153846153846,2025-01-05 13:57:19.921120,2025-01-05 13:57:23.368803,0 days 00:00:03.447683,1,2,,,,,,,,,,,,,,,,,,,,50,,,,,,,,,,,,,,,,,,,,COMPLETE
372,372,0.891287284144427,2025-01-05 13:57:23.369184,2025-01-05 13:57:26.954335,0 days 00:00:03.585151,2,1,4.0,,,,,,,,,,,,,,,,,,,45,25.0,,,,,,,,,,,,,,,,,,,COMPLETE
373,373,0.10978835978835978,2025-01-05 13:57:26.954719,2025-01-05 13:57:41.978949,0 days 00:00:15.024230,8,1,4.0,,,,,,,,,,,4.0,5.0,3.0,5.0,6.0,2.0,,,50,15.0,,,,,,,,,,,45.0,55.0,45.0,55.0,30.0,35.0,,,COMPLETE
374,374,0.8389694041867954,2025-01-05 13:57:41.979494,2025-01-05 13:57:45.343838,0 days 00:00:03.364344,2,1,5.0,,,,,,,,,,,,,,,,,,,55,20.0,,,,,,,,,,,,,,,,,,,COMPLETE
375,375,0.8594941790445605,2025-01-05 13:57:45.344231,2025-01-05 13:57:48.746879,0 days 00:00:03.402648,2,1,4.0,,,,,,,,,,,,,,,,,,,60,30.0,,,,,,,,,,,,,,,,,,,COMPLETE
376,376,0.7005813953488372,2025-01-05 13:57:48.747273,2025-01-05 13:57:52.170725,0 days 00:00:03.423452,1,2,,,,,,,,,,,,,,,,,,,,50,,,,,,,,,,,,,,,,,,,,COMPLETE
377,377,0.9198717948717949,2025-01-05 13:57:52.171098,2025-01-05 13:57:55.751170,0 days 00:00:03.580072,2,1,4.0,,,,,,,,,,,,,,,,,,,50,55.0,,,,,,,,,,,,,,,,,,,COMPLETE
378,378,0.8688725490196079,2025-01-05 13:57:55.751556,2025-01-05 13:57:58.890959,0 days 00:00:03.139403,2,1,5.0,,,,,,,,,,,,,,,,,,,50,55.0,,,,,,,,,,,,,,,,,,,COMPLETE
379,379,0.8081632653061225,2025-01-05 13:57:58.891355,2025-01-05 13:58:03.107584,0 days 00:00:04.216229,3,2,4.0,,,,,,,,,,,5.0,,,,,,,,35,55.0,,,,,,,,,,,45.0,,,,,,,,COMPLETE
380,380,0.7494572297003907,2025-01-05 13:58:03.108075,2025-01-05 13:58:07.272098,0 days 00:00:04.164023,3,1,4.0,,,,,,,,,,,8.0,,,,,,,,50,60.0,,,,,,,,,,,40.0,,,,,,,,COMPLETE
381,381,0.8107142857142857,2025-01-05 13:58:07.272527,2025-01-05 13:58:10.196315,0 days 00:00:02.923788,1,1,,,,,,,,,,,,,,,,,,,,45,,,,,,,,,,,,,,,,,,,,COMPLETE
382,382,0.9277210884353742,2025-01-05 13:58:10.196681,2025-01-05 13:58:13.560049,0 days 00:00:03.363368,2,1,5.0,,,,,,,,,,,,,,,,,,,50,55.0,,,,,,,,,,,,,,,,,,,COMPLETE
383,383,0.8765123070504798,2025-01-05 13:58:13.560434,2025-01-05 13:58:16.899025,0 days 00:00:03.338591,2,1,5.0,,,,,,,,,,,,,,,,,,,50,55.0,,,,,,,,,,,,,,,,,,,COMPLETE
384,384,0.8096264367816092,2025-01-05 13:58:16.899415,2025-01-05 13:58:18.603600,0 days 00:00:01.704185,1,1,,,,,,,,,,,,,,,,,,,,50,,,,,,,,,,,,,,,,,,,,COMPLETE
385,385,0.13916256157635468,2025-01-05 13:58:18.603960,2025-01-05 13:58:24.697847,0 days 00:00:06.093887,13,1,5.0,4.0,3.0,3.0,,,,,,,,7.0,10.0,5.0,14.0,2.0,7.0,2.0,13.0,50,55.0,45.0,40.0,60.0,,,,,,,,15.0,10.0,20.0,40.0,50.0,45.0,40.0,15.0,COMPLETE
386,386,0.8979591836734694,2025-01-05 13:58:24.698469,2025-01-05 13:58:28.271049,0 days 00:00:03.572580,2,1,5.0,,,,,,,,,,,,,,,,,,,50,10.0,,,,,,,,,,,,,,,,,,,COMPLETE
387,387,0.765791632485644,2025-01-05 13:58:28.271445,2025-01-05 13:58:31.010733,0 days 00:00:02.739288,1,1,,,,,,,,,,,,,,,,,,,,45,,,,,,,,,,,,,,,,,,,,COMPLETE
388,388,0.9093137254901961,2025-01-05 13:58:31.011107,2025-01-05 13:58:34.317128,0 days 00:00:03.306021,2,1,4.0,,,,,,,,,,,,,,,,,,,50,55.0,,,,,,,,,,,,,,,,,,,COMPLETE
389,389,0.8868085106382979,2025-01-05 13:58:34.317515,2025-01-05 13:58:38.308386,0 days 00:00:03.990871,2,2,4.0,,,,,,,,,,,,,,,,,,,50,55.0,,,,,,,,,,,,,,,,,,,COMPLETE
390,390,0.9183333333333333,2025-01-05 13:58:38.308768,2025-01-05 13:58:41.639695,0 days 00:00:03.330927,2,1,4.0,,,,,,,,,,,,,,,,,,,50,55.0,,,,,,,,,,,,,,,,,,,COMPLETE
391,391,0.9697959183673469,2025-01-05 13:58:41.640092,2025-01-05 13:58:44.987403,0 days 00:00:03.347311,2,1,4.0,,,,,,,,,,,,,,,,,,,50,55.0,,,,,,,,,,,,,,,,,,,COMPLETE
392,392,0.7958333333333334,2025-01-05 13:58:44.987771,2025-01-05 13:58:47.989824,0 days 00:00:03.002053,1,1,,,,,,,,,,,,,,,,,,,,50,,,,,,,,,,,,,,,,,,,,COMPLETE
393,393,0.8747826086956522,2025-01-05 13:58:47.990180,2025-01-05 13:58:51.716336,0 days 00:00:03.726156,2,2,4.0,,,,,,,,,,,,,,,,,,,50,55.0,,,,,,,,,,,,,,,,,,,COMPLETE
394,394,0.7557932263814617,2025-01-05 13:58:51.716705,2025-01-05 13:58:59.730034,0 days 00:00:08.013329,2,13,4.0,,,,,,,,,,,,,,,,,,,50,55.0,,,,,,,,,,,,,,,,,,,COMPLETE
395,395,0.8020186335403727,2025-01-05 13:58:59.730679,2025-01-05 13:59:02.687666,0 days 00:00:02.956987,1,1,,,,,,,,,,,,,,,,,,,,50,,,,,,,,,,,,,,,,,,,,COMPLETE
396,396,0.8775,2025-01-05 13:59:02.688104,2025-01-05 13:59:06.045849,0 days 00:00:03.357745,2,1,5.0,,,,,,,,,,,,,,,,,,,50,55.0,,,,,,,,,,,,,,,,,,,COMPLETE
397,397,0.9083469721767594,2025-01-05 13:59:06.046243,2025-01-05 13:59:09.408274,0 days 00:00:03.362031,2,1,4.0,,,,,,,,,,,,,,,,,,,50,55.0,,,,,,,,,,,,,,,,,,,COMPLETE
398,398,0.7645502645502645,2025-01-05 13:59:09.408647,2025-01-05 13:59:12.362590,0 days 00:00:02.953943,1,1,,,,,,,,,,,,,,,,,,,,50,,,,,,,,,,,,,,,,,,,,COMPLETE
399,399,0.898989898989899,2025-01-05 13:59:12.362942,2025-01-05 13:59:16.103456,0 days 00:00:03.740514,2,2,4.0,,,,,,,,,,,,,,,,,,,50,55.0,,,,,,,,,,,,,,,,,,,COMPLETE
400,400,0.8963210702341138,2025-01-05 13:59:16.103827,2025-01-05 13:59:19.448873,0 days 00:00:03.345046,2,1,4.0,,,,,,,,,,,,,,,,,,,50,55.0,,,,,,,,,,,,,,,,,,,COMPLETE
401,401,0.7847222222222222,2025-01-05 13:59:19.449257,2025-01-05 13:59:22.032061,0 days 00:00:02.582804,1,1,,,,,,,,,,,,,,,,,,,,50,,,,,,,,,,,,,,,,,,,,COMPLETE
402,402,0.7994676131322094,2025-01-05 13:59:22.032410,2025-01-05 13:59:30.941600,0 days 00:00:08.909190,2,15,5.0,,,,,,,,,,,,,,,,,,,50,60.0,,,,,,,,,,,,,,,,,,,COMPLETE
403,403,0.88,2025-01-05 13:59:30.942000,2025-01-05 13:59:34.295486,0 days 00:00:03.353486,2,1,4.0,,,,,,,,,,,,,,,,,,,50,55.0,,,,,,,,,,,,,,,,,,,COMPLETE
404,404,0.8999599839935974,2025-01-05 13:59:34.295859,2025-01-05 13:59:37.713913,0 days 00:00:03.418054,2,1,5.0,,,,,,,,,,,,,,,,,,,55,55.0,,,,,,,,,,,,,,,,,,,COMPLETE
405,405,0.779205138498595,2025-01-05 13:59:37.714292,2025-01-05 13:59:40.685692,0 days 00:00:02.971400,1,1,,,,,,,,,,,,,,,,,,,,50,,,,,,,,,,,,,,,,,,,,COMPLETE
406,406,0.9180602006688963,2025-01-05 13:59:40.686052,2025-01-05 13:59:44.055369,0 days 00:00:03.369317,2,1,4.0,,,,,,,,,,,,,,,,,,,50,60.0,,,,,,,,,,,,,,,,,,,COMPLETE
407,407,0.34029038112522686,2025-01-05 13:59:44.055747,2025-01-05 13:59:46.738928,0 days 00:00:02.683181,15,2,4.0,12.0,10.0,8.0,4.0,11.0,,,,,,6.0,4.0,11.0,10.0,6.0,14.0,7.0,11.0,50,60.0,25.0,10.0,10.0,50.0,20.0,,,,,,45.0,60.0,10.0,25.0,60.0,10.0,10.0,50.0,COMPLETE
408,408,0.8781810596579057,2025-01-05 13:59:46.739568,2025-01-05 13:59:50.106259,0 days 00:00:03.366691,2,1,4.0,,,,,,,,,,,,,,,,,,,50,60.0,,,,,,,,,,,,,,,,,,,COMPLETE
409,409,0.5695394436844505,2025-01-05 13:59:50.106638,2025-01-05 13:59:54.197961,0 days 00:00:04.091323,3,2,5.0,,,,,,,,,,,13.0,,,,,,,,50,55.0,,,,,,,,,,,10.0,,,,,,,,COMPLETE
410,410,0.8798076923076923,2025-01-05 13:59:54.198370,2025-01-05 13:59:57.849441,0 days 00:00:03.651071,2,1,4.0,,,,,,,,,,,,,,,,,,,55,60.0,,,,,,,,,,,,,,,,,,,COMPLETE
411,411,0.795959595959596,2025-01-05 13:59:57.849816,2025-01-05 14:00:00.761242,0 days 00:00:02.911426,1,1,,,,,,,,,,,,,,,,,,,,45,,,,,,,,,,,,,,,,,,,,COMPLETE
412,412,0.8494071146245059,2025-01-05 14:00:00.761665,2025-01-05 14:00:04.846550,0 days 00:00:04.084885,3,1,5.0,,,,,,,,,,,5.0,,,,,,,,50,55.0,,,,,,,,,,,50.0,,,,,,,,COMPLETE
413,413,0.8781810596579057,2025-01-05 14:00:04.846974,2025-01-05 14:00:08.240542,0 days 00:00:03.393568,2,1,4.0,,,,,,,,,,,,,,,,,,,50,60.0,,,,,,,,,,,,,,,,,,,COMPLETE
414,414,0.779205138498595,2025-01-05 14:00:08.240928,2025-01-05 14:00:12.423406,0 days 00:00:04.182478,3,2,4.0,,,,,,,,,,,6.0,,,,,,,,50,55.0,,,,,,,,,,,50.0,,,,,,,,COMPLETE
415,415,0.8666666666666667,2025-01-05 14:00:12.423819,2025-01-05 14:00:16.034215,0 days 00:00:03.610396,2,1,5.0,,,,,,,,,,,,,,,,,,,50,55.0,,,,,,,,,,,,,,,,,,,COMPLETE
416,416,0.817230273752013,2025-01-05 14:00:16.034599,2025-01-05 14:00:19.009074,0 days 00:00:02.974475,1,1,,,,,,,,,,,,,,,,,,,,50,,,,,,,,,,,,,,,,,,,,COMPLETE
417,417,0.8561844863731656,2025-01-05 14:00:19.009428,2025-01-05 14:00:22.405876,0 days 00:00:03.396448,2,1,4.0,,,,,,,,,,,,,,,,,,,55,60.0,,,,,,,,,,,,,,,,,,,COMPLETE
418,418,0.4565217391304348,2025-01-05 14:00:22.406262,2025-01-05 14:00:26.841474,0 days 00:00:04.435212,3,1,14.0,,,,,,,,,,,7.0,,,,,,,,45,55.0,,,,,,,,,,,55.0,,,,,,,,COMPLETE
419,419,0.0,2025-01-05 14:00:26.842008,2025-01-05 14:00:59.986601,0 days 00:00:33.144593,20,2,4.0,8.0,15.0,12.0,9.0,4.0,4.0,8.0,9.0,15.0,4.0,14.0,1.0,4.0,7.0,1.0,10.0,13.0,8.0,50,55.0,35.0,35.0,45.0,50.0,50.0,45.0,25.0,60.0,60.0,5.0,15.0,20.0,55.0,45.0,35.0,40.0,20.0,55.0,COMPLETE
420,420,0.8775,2025-01-05 14:00:59.987557,2025-01-05 14:01:03.608457,0 days 00:00:03.620900,2,1,3.0,,,,,,,,,,,,,,,,,,,45,55.0,,,,,,,,,,,,,,,,,,,COMPLETE
421,421,0.8116627265563435,2025-01-05 14:01:03.608901,2025-01-05 14:01:06.737870,0 days 00:00:03.128969,1,1,,,,,,,,,,,,,,,,,,,,50,,,,,,,,,,,,,,,,,,,,COMPLETE
422,422,0.80306905370844,2025-01-05 14:01:06.738238,2025-01-05 14:01:10.795803,0 days 00:00:04.057565,3,1,4.0,,,,,,,,,,,5.0,,,,,,,,50,60.0,,,,,,,,,,,45.0,,,,,,,,COMPLETE
423,423,0.823076923076923,2025-01-05 14:01:10.796201,2025-01-05 14:01:14.299393,0 days 00:00:03.503192,2,2,4.0,,,,,,,,,,,,,,,,,,,35,55.0,,,,,,,,,,,,,,,,,,,COMPLETE
424,424,0.8999599839935974,2025-01-05 14:01:14.299768,2025-01-05 14:01:17.707897,0 days 00:00:03.408129,2,1,5.0,,,,,,,,,,,,,,,,,,,55,55.0,,,,,,,,,,,,,,,,,,,COMPLETE
425,425,0.4721706864564007,2025-01-05 14:01:17.708275,2025-01-05 14:01:21.718236,0 days 00:00:04.009961,3,1,4.0,,,,,,,,,,,12.0,,,,,,,,30,15.0,,,,,,,,,,,45.0,,,,,,,,COMPLETE
426,426,0.7596153846153846,2025-01-05 14:01:21.718629,2025-01-05 14:01:24.754393,0 days 00:00:03.035764,1,2,,,,,,,,,,,,,,,,,,,,40,,,,,,,,,,,,,,,,,,,,COMPLETE
427,427,0.9093137254901961,2025-01-05 14:01:24.754737,2025-01-05 14:01:28.130618,0 days 00:00:03.375881,2,1,5.0,,,,,,,,,,,,,,,,,,,50,60.0,,,,,,,,,,,,,,,,,,,COMPLETE
428,428,0.8678396072013093,2025-01-05 14:01:28.130987,2025-01-05 14:01:31.511882,0 days 00:00:03.380895,2,1,5.0,,,,,,,,,,,,,,,,,,,50,60.0,,,,,,,,,,,,,,,,,,,COMPLETE
429,429,0.8125,2025-01-05 14:01:31.512260,2025-01-05 14:01:35.846828,0 days 00:00:04.334568,3,1,5.0,,,,,,,,,,,4.0,,,,,,,,50,55.0,,,,,,,,,,,10.0,,,,,,,,COMPLETE
430,430,0.8884803921568627,2025-01-05 14:01:35.847227,2025-01-05 14:01:38.763209,0 days 00:00:02.915982,2,1,5.0,,,,,,,,,,,,,,,,,,,50,60.0,,,,,,,,,,,,,,,,,,,COMPLETE
431,431,0.767156862745098,2025-01-05 14:01:38.763573,2025-01-05 14:01:42.404169,0 days 00:00:03.640596,1,2,,,,,,,,,,,,,,,,,,,,50,,,,,,,,,,,,,,,,,,,,COMPLETE
432,432,0.0,2025-01-05 14:01:42.404510,2025-01-05 14:02:13.263410,0 days 00:00:30.858900,19,1,5.0,3.0,6.0,6.0,13.0,15.0,12.0,11.0,1.0,1.0,,9.0,9.0,12.0,3.0,14.0,1.0,3.0,6.0,50,60.0,10.0,20.0,25.0,5.0,30.0,40.0,45.0,20.0,30.0,,5.0,5.0,35.0,15.0,5.0,20.0,50.0,25.0,COMPLETE
433,433,0.5720502901353965,2025-01-05 14:02:13.264183,2025-01-05 14:02:17.436794,0 days 00:00:04.172611,3,1,5.0,,,,,,,,,,,10.0,,,,,,,,55,60.0,,,,,,,,,,,20.0,,,,,,,,COMPLETE
434,434,0.8594941790445605,2025-01-05 14:02:17.437200,2025-01-05 14:02:21.037578,0 days 00:00:03.600378,2,1,3.0,,,,,,,,,,,,,,,,,,,45,60.0,,,,,,,,,,,,,,,,,,,COMPLETE
435,435,0.8193496587715776,2025-01-05 14:02:21.038087,2025-01-05 14:02:24.572532,0 days 00:00:03.534445,1,1,,,,,,,,,,,,,,,,,,,,50,,,,,,,,,,,,,,,,,,,,COMPLETE
436,436,0.8884803921568627,2025-01-05 14:02:24.572999,2025-01-05 14:02:28.321986,0 days 00:00:03.748987,2,2,3.0,,,,,,,,,,,,,,,,,,,50,55.0,,,,,,,,,,,,,,,,,,,COMPLETE
437,437,0.6039947894051237,2025-01-05 14:02:28.322369,2025-01-05 14:02:32.840478,0 days 00:00:04.518109,3,1,4.0,,,,,,,,,,,15.0,,,,,,,,55,60.0,,,,,,,,,,,40.0,,,,,,,,COMPLETE
438,438,0.28095238095238095,2025-01-05 14:02:32.840868,2025-01-05 14:02:41.975084,0 days 00:00:09.134216,9,1,5.0,,,,,,,,,,,6.0,8.0,14.0,12.0,5.0,14.0,2.0,,50,55.0,,,,,,,,,,,20.0,30.0,25.0,40.0,40.0,55.0,55.0,,COMPLETE
439,439,0.8599439775910365,2025-01-05 14:02:41.975606,2025-01-05 14:02:45.547665,0 days 00:00:03.572059,2,1,4.0,,,,,,,,,,,,,,,,,,,45,15.0,,,,,,,,,,,,,,,,,,,COMPLETE
440,440,0.8594941790445605,2025-01-05 14:02:45.548045,2025-01-05 14:02:49.290520,0 days 00:00:03.742475,2,2,4.0,,,,,,,,,,,,,,,,,,,50,55.0,,,,,,,,,,,,,,,,,,,COMPLETE
441,441,0.15384615384615385,2025-01-05 14:02:49.290890,2025-01-05 14:02:51.986464,0 days 00:00:02.695574,12,6,5.0,13.0,2.0,,,,,,,,,11.0,4.0,8.0,4.0,11.0,8.0,11.0,1.0,50,55.0,55.0,45.0,,,,,,,,,35.0,45.0,30.0,25.0,20.0,5.0,45.0,60.0,COMPLETE
442,442,0.830181245074862,2025-01-05 14:02:51.987037,2025-01-05 14:02:56.078662,0 days 00:00:04.091625,3,1,3.0,,,,,,,,,,,6.0,,,,,,,,50,60.0,,,,,,,,,,,55.0,,,,,,,,COMPLETE
443,443,0.7937710437710437,2025-01-05 14:02:56.079060,2025-01-05 14:02:59.219292,0 days 00:00:03.140232,1,1,,,,,,,,,,,,,,,,,,,,20,,,,,,,,,,,,,,,,,,,,COMPLETE
444,444,0.5607843137254902,2025-01-05 14:02:59.219642,2025-01-05 14:03:04.087946,0 days 00:00:04.868304,4,1,4.0,,,,,,,,,,,1.0,13.0,,,,,,,50,15.0,,,,,,,,,,,60.0,10.0,,,,,,,COMPLETE
445,445,0.8685714285714285,2025-01-05 14:03:04.088378,2025-01-05 14:03:07.507487,0 days 00:00:03.419109,2,1,4.0,,,,,,,,,,,,,,,,,,,55,55.0,,,,,,,,,,,,,,,,,,,COMPLETE
446,446,0.681159420289855,2025-01-05 14:03:07.507856,2025-01-05 14:03:11.503782,0 days 00:00:03.995926,3,2,5.0,,,,,,,,,,,4.0,,,,,,,,10,55.0,,,,,,,,,,,25.0,,,,,,,,COMPLETE
447,447,0.8996386993175431,2025-01-05 14:03:11.504179,2025-01-05 14:03:14.826687,0 days 00:00:03.322508,2,1,4.0,,,,,,,,,,,,,,,,,,,45,20.0,,,,,,,,,,,,,,,,,,,COMPLETE
448,448,0.8437137330754352,2025-01-05 14:03:14.827066,2025-01-05 14:03:17.797326,0 days 00:00:02.970260,1,1,,,,,,,,,,,,,,,,,,,,50,,,,,,,,,,,,,,,,,,,,COMPLETE
449,449,0.8983333333333333,2025-01-05 14:03:17.797678,2025-01-05 14:03:21.162781,0 days 00:00:03.365103,2,1,5.0,,,,,,,,,,,,,,,,,,,50,60.0,,,,,,,,,,,,,,,,,,,COMPLETE
450,450,0.29375,2025-01-05 14:03:21.163166,2025-01-05 14:03:35.249857,0 days 00:00:14.086691,7,2,4.0,,,,,,,,,,,5.0,11.0,1.0,2.0,9.0,,,,55,20.0,,,,,,,,,,,15.0,25.0,50.0,50.0,45.0,,,,COMPLETE
451,451,0.9083469721767594,2025-01-05 14:03:35.250363,2025-01-05 14:03:39.015696,0 days 00:00:03.765333,3,1,4.0,,,,,,,,,,,4.0,,,,,,,,35,55.0,,,,,,,,,,,40.0,,,,,,,,COMPLETE
452,452,0.9089795918367347,2025-01-05 14:03:39.016103,2025-01-05 14:03:42.395611,0 days 00:00:03.379508,2,1,3.0,,,,,,,,,,,,,,,,,,,50,15.0,,,,,,,,,,,,,,,,,,,COMPLETE
453,453,0.8884803921568627,2025-01-05 14:03:42.395984,2025-01-05 14:03:46.026622,0 days 00:00:03.630638,2,1,3.0,,,,,,,,,,,,,,,,,,,50,55.0,,,,,,,,,,,,,,,,,,,COMPLETE
454,454,0.7469733656174334,2025-01-05 14:03:46.026997,2025-01-05 14:03:47.721718,0 days 00:00:01.694721,1,1,,,,,,,,,,,,,,,,,,,,10,,,,,,,,,,,,,,,,,,,,COMPLETE
455,455,0.3484848484848485,2025-01-05 14:03:47.722069,2025-01-05 14:03:54.068847,0 days 00:00:06.346778,10,2,5.0,,,,,,,,,,,7.0,3.0,10.0,1.0,4.0,11.0,12.0,10.0,15,20.0,,,,,,,,,,,35.0,35.0,40.0,30.0,30.0,60.0,15.0,40.0,COMPLETE
456,456,0.84,2025-01-05 14:03:54.069391,2025-01-05 14:03:58.440442,0 days 00:00:04.371051,3,1,4.0,,,,,,,,,,,1.0,,,,,,,,60,55.0,,,,,,,,,,,20.0,,,,,,,,COMPLETE
457,457,0.7875307629204267,2025-01-05 14:03:58.440840,2025-01-05 14:04:02.208955,0 days 00:00:03.768115,2,5,4.0,,,,,,,,,,,,,,,,,,,20,60.0,,,,,,,,,,,,,,,,,,,COMPLETE
458,458,0.8273322422258592,2025-01-05 14:04:02.209486,2025-01-05 14:04:05.559545,0 days 00:00:03.350059,2,1,6.0,,,,,,,,,,,,,,,,,,,50,20.0,,,,,,,,,,,,,,,,,,,COMPLETE
459,459,0.42206828302820387,2025-01-05 14:04:05.560043,2025-01-05 14:04:17.871438,0 days 00:00:12.311395,6,1,3.0,,,,,,,,,,,3.0,7.0,6.0,10.0,,,,,30,15.0,,,,,,,,,,,30.0,50.0,5.0,60.0,,,,,COMPLETE
460,460,0.8574999999999999,2025-01-05 14:04:17.871934,2025-01-05 14:04:22.229547,0 days 00:00:04.357613,3,1,4.0,,,,,,,,,,,1.0,,,,,,,,45,5.0,,,,,,,,,,,25.0,,,,,,,,COMPLETE
461,461,0.7596153846153846,2025-01-05 14:04:22.229949,2025-01-05 14:04:25.027184,0 days 00:00:02.797235,1,2,,,,,,,,,,,,,,,,,,,,15,,,,,,,,,,,,,,,,,,,,COMPLETE
462,462,0.8535947712418301,2025-01-05 14:04:25.027532,2025-01-05 14:04:28.618811,0 days 00:00:03.591279,2,1,5.0,,,,,,,,,,,,,,,,,,,50,55.0,,,,,,,,,,,,,,,,,,,COMPLETE
463,463,0.8666666666666667,2025-01-05 14:04:28.619196,2025-01-05 14:04:31.926279,0 days 00:00:03.307083,2,1,4.0,,,,,,,,,,,,,,,,,,,15,20.0,,,,,,,,,,,,,,,,,,,COMPLETE
464,464,0.7623931623931623,2025-01-05 14:04:31.926654,2025-01-05 14:04:35.768491,0 days 00:00:03.841837,3,2,5.0,,,,,,,,,,,3.0,,,,,,,,20,55.0,,,,,,,,,,,50.0,,,,,,,,COMPLETE
465,465,0.8792270531400965,2025-01-05 14:04:35.768889,2025-01-05 14:04:42.475558,0 days 00:00:06.706669,2,12,4.0,,,,,,,,,,,,,,,,,,,40,20.0,,,,,,,,,,,,,,,,,,,COMPLETE
466,466,0.7647969052224372,2025-01-05 14:04:42.475954,2025-01-05 14:04:45.549105,0 days 00:00:03.073151,1,1,,,,,,,,,,,,,,,,,,,,55,,,,,,,,,,,,,,,,,,,,COMPLETE
467,467,0.7629787234042553,2025-01-05 14:04:45.549465,2025-01-05 14:04:49.589981,0 days 00:00:04.040516,3,1,6.0,,,,,,,,,,,4.0,,,,,,,,50,60.0,,,,,,,,,,,35.0,,,,,,,,COMPLETE
468,468,0.8876127973748975,2025-01-05 14:04:49.590392,2025-01-05 14:04:52.661318,0 days 00:00:03.070926,2,1,4.0,,,,,,,,,,,,,,,,,,,15,20.0,,,,,,,,,,,,,,,,,,,COMPLETE
469,469,0.3693181818181818,2025-01-05 14:04:52.661692,2025-01-05 14:05:01.263830,0 days 00:00:08.602138,4,1,3.0,,,,,,,,,,,5.0,10.0,,,,,,,50,55.0,,,,,,,,,,,5.0,40.0,,,,,,,COMPLETE
470,470,0.8996386993175431,2025-01-05 14:05:01.264511,2025-01-05 14:05:04.816774,0 days 00:00:03.552263,2,2,4.0,,,,,,,,,,,,,,,,,,,15,60.0,,,,,,,,,,,,,,,,,,,COMPLETE
471,471,0.5310310310310311,2025-01-05 14:05:04.817190,2025-01-05 14:05:08.961871,0 days 00:00:04.144681,3,1,5.0,,,,,,,,,,,13.0,,,,,,,,45,15.0,,,,,,,,,,,40.0,,,,,,,,COMPLETE
472,472,0.8181818181818181,2025-01-05 14:05:08.962421,2025-01-05 14:05:11.913835,0 days 00:00:02.951414,1,1,,,,,,,,,,,,,,,,,,,,15,,,,,,,,,,,,,,,,,,,,COMPLETE
473,473,0.8999599839935974,2025-01-05 14:05:11.914195,2025-01-05 14:05:15.498829,0 days 00:00:03.584634,2,1,4.0,,,,,,,,,,,,,,,,,,,50,30.0,,,,,,,,,,,,,,,,,,,COMPLETE
474,474,0.8117647058823529,2025-01-05 14:05:15.499211,2025-01-05 14:05:19.511160,0 days 00:00:04.011949,3,2,3.0,,,,,,,,,,,8.0,,,,,,,,10,55.0,,,,,,,,,,,15.0,,,,,,,,COMPLETE
475,475,0.8571428571428571,2025-01-05 14:05:19.511549,2025-01-05 14:05:22.835151,0 days 00:00:03.323602,2,1,5.0,,,,,,,,,,,,,,,,,,,15,45.0,,,,,,,,,,,,,,,,,,,COMPLETE
476,476,0.8181818181818181,2025-01-05 14:05:22.835520,2025-01-05 14:05:25.610113,0 days 00:00:02.774593,1,1,,,,,,,,,,,,,,,,,,,,20,,,,,,,,,,,,,,,,,,,,COMPLETE
477,477,0.6733333333333333,2025-01-05 14:05:25.610460,2025-01-05 14:05:30.206785,0 days 00:00:04.596325,4,1,4.0,,,,,,,,,,,1.0,14.0,,,,,,,50,20.0,,,,,,,,,,,30.0,60.0,,,,,,,COMPLETE
478,478,0.8798076923076923,2025-01-05 14:05:30.207210,2025-01-05 14:05:34.131151,0 days 00:00:03.923941,2,2,4.0,,,,,,,,,,,,,,,,,,,60,55.0,,,,,,,,,,,,,,,,,,,COMPLETE
479,479,0.831764705882353,2025-01-05 14:05:34.131525,2025-01-05 14:05:36.997701,0 days 00:00:02.866176,2,1,5.0,,,,,,,,,,,,,,,,,,,15,20.0,,,,,,,,,,,,,,,,,,,COMPLETE
480,480,0.7777284826974268,2025-01-05 14:05:36.998082,2025-01-05 14:05:40.898589,0 days 00:00:03.900507,3,1,3.0,,,,,,,,,,,12.0,,,,,,,,50,55.0,,,,,,,,,,,25.0,,,,,,,,COMPLETE
481,481,0.92,2025-01-05 14:05:40.899117,2025-01-05 14:05:44.329639,0 days 00:00:03.430522,2,1,4.0,,,,,,,,,,,,,,,,,,,55,60.0,,,,,,,,,,,,,,,,,,,COMPLETE
482,482,0.8889795918367347,2025-01-05 14:05:44.330136,2025-01-05 14:05:47.260290,0 days 00:00:02.930154,2,1,4.0,,,,,,,,,,,,,,,,,,,55,60.0,,,,,,,,,,,,,,,,,,,COMPLETE
483,483,0.7765679442508711,2025-01-05 14:05:47.260784,2025-01-05 14:05:56.504555,0 days 00:00:09.243771,1,13,,,,,,,,,,,,,,,,,,,,60,,,,,,,,,,,,,,,,,,,,COMPLETE
