,number,value,datetime_start,datetime_complete,duration,params_depth,params_grids_0,params_grids_1,params_grids_10,params_grids_11,params_grids_12,params_grids_13,params_grids_14,params_grids_15,params_grids_16,params_grids_17,params_grids_18,params_grids_19,params_grids_2,params_grids_3,params_grids_4,params_grids_5,params_grids_6,params_grids_7,params_grids_8,params_grids_9,params_neurons_layer_0,params_neurons_layer_1,params_neurons_layer_10,params_neurons_layer_11,params_neurons_layer_12,params_neurons_layer_13,params_neurons_layer_14,params_neurons_layer_15,params_neurons_layer_16,params_neurons_layer_17,params_neurons_layer_18,params_neurons_layer_19,params_neurons_layer_2,params_neurons_layer_3,params_neurons_layer_4,params_neurons_layer_5,params_neurons_layer_6,params_neurons_layer_7,params_neurons_layer_8,params_neurons_layer_9,state
356,356,0.7942959001782531,2025-01-05 15:16:39.570251,2025-01-05 15:16:41.584763,0 days 00:00:02.014512,1,1,,,,,,,,,,,,,,,,,,,,55,,,,,,,,,,,,,,,,,,,,COMPLETE
357,357,0.8161196911196911,2025-01-05 15:16:41.585104,2025-01-05 15:16:44.935928,0 days 00:00:03.350824,2,1,3.0,,,,,,,,,,,,,,,,,,,55,45.0,,,,,,,,,,,,,,,,,,,COMPLETE
358,358,0.10144927536231885,2025-01-05 15:16:44.936288,2025-01-05 15:16:58.594682,0 days 00:00:13.658394,19,2,3.0,1.0,4.0,13.0,13.0,15.0,5.0,5.0,1.0,2.0,,3.0,9.0,7.0,3.0,11.0,14.0,13.0,2.0,45,45.0,45.0,35.0,40.0,55.0,35.0,50.0,45.0,60.0,5.0,,35.0,45.0,35.0,55.0,30.0,5.0,45.0,10.0,COMPLETE
359,359,0.8074074074074074,2025-01-05 15:16:58.595470,2025-01-05 15:17:02.050240,0 days 00:00:03.454770,2,3,3.0,,,,,,,,,,,,,,,,,,,55,45.0,,,,,,,,,,,,,,,,,,,COMPLETE
360,360,0.7099901816396661,2025-01-05 15:17:02.050627,2025-01-05 15:17:07.043086,0 days 00:00:04.992459,1,7,,,,,,,,,,,,,,,,,,,,55,,,,,,,,,,,,,,,,,,,,COMPLETE
361,361,0.8159167876149008,2025-01-05 15:17:07.043438,2025-01-05 15:17:11.797898,0 days 00:00:04.754460,2,12,4.0,,,,,,,,,,,,,,,,,,,60,45.0,,,,,,,,,,,,,,,,,,,COMPLETE
362,362,0.789787798408488,2025-01-05 15:17:11.798263,2025-01-05 15:17:15.384924,0 days 00:00:03.586661,2,1,3.0,,,,,,,,,,,,,,,,,,,55,45.0,,,,,,,,,,,,,,,,,,,COMPLETE
363,363,0.8159504265250281,2025-01-05 15:17:15.385298,2025-01-05 15:17:18.962488,0 days 00:00:03.577190,2,1,3.0,,,,,,,,,,,,,,,,,,,55,45.0,,,,,,,,,,,,,,,,,,,COMPLETE
364,364,0.7960321364158058,2025-01-05 15:17:18.962849,2025-01-05 15:17:22.353671,0 days 00:00:03.390822,2,2,4.0,,,,,,,,,,,,,,,,,,,50,45.0,,,,,,,,,,,,,,,,,,,COMPLETE
365,365,0.822377338031987,2025-01-05 15:17:22.354035,2025-01-05 15:17:24.332472,0 days 00:00:01.978437,1,1,,,,,,,,,,,,,,,,,,,,55,,,,,,,,,,,,,,,,,,,,COMPLETE
366,366,0.7982300884955753,2025-01-05 15:17:24.332809,2025-01-05 15:17:27.680973,0 days 00:00:03.348164,2,2,2.0,,,,,,,,,,,,,,,,,,,30,45.0,,,,,,,,,,,,,,,,,,,COMPLETE
367,367,0.7997351870241642,2025-01-05 15:17:27.681334,2025-01-05 15:17:31.383398,0 days 00:00:03.702064,2,3,2.0,,,,,,,,,,,,,,,,,,,60,45.0,,,,,,,,,,,,,,,,,,,COMPLETE
368,368,0.7954545454545454,2025-01-05 15:17:31.383869,2025-01-05 15:17:33.353627,0 days 00:00:01.969758,1,1,,,,,,,,,,,,,,,,,,,,45,,,,,,,,,,,,,,,,,,,,COMPLETE
369,369,0.21649484536082475,2025-01-05 15:17:33.354086,2025-01-05 15:17:37.633185,0 days 00:00:04.279099,14,1,2.0,7.0,10.0,7.0,1.0,,,,,,,10.0,12.0,10.0,5.0,2.0,7.0,1.0,5.0,55,55.0,10.0,25.0,15.0,15.0,,,,,,,10.0,15.0,55.0,30.0,35.0,20.0,55.0,25.0,COMPLETE
370,370,0.799361754357254,2025-01-05 15:17:37.633823,2025-01-05 15:17:41.747612,0 days 00:00:04.113789,2,2,9.0,,,,,,,,,,,,,,,,,,,50,50.0,,,,,,,,,,,,,,,,,,,COMPLETE
371,371,0.8321861684693543,2025-01-05 15:17:41.747999,2025-01-05 15:17:45.909007,0 days 00:00:04.161008,3,1,2.0,,,,,,,,,,,2.0,,,,,,,,15,45.0,,,,,,,,,,,40.0,,,,,,,,COMPLETE
372,372,0.8302353410450738,2025-01-05 15:17:45.909394,2025-01-05 15:17:49.259458,0 days 00:00:03.350064,2,2,3.0,,,,,,,,,,,,,,,,,,,50,50.0,,,,,,,,,,,,,,,,,,,COMPLETE
373,373,0.8215120160213618,2025-01-05 15:17:49.259822,2025-01-05 15:17:53.350850,0 days 00:00:04.091028,3,1,2.0,,,,,,,,,,,3.0,,,,,,,,35,45.0,,,,,,,,,,,5.0,,,,,,,,COMPLETE
374,374,0.5560632019798211,2025-01-05 15:17:53.351242,2025-01-05 15:17:58.785216,0 days 00:00:05.433974,3,1,15.0,,,,,,,,,,,3.0,,,,,,,,55,45.0,,,,,,,,,,,10.0,,,,,,,,COMPLETE
375,375,0.7117311350665821,2025-01-05 15:17:58.785599,2025-01-05 15:18:01.013475,0 days 00:00:02.227876,1,2,,,,,,,,,,,,,,,,,,,,30,,,,,,,,,,,,,,,,,,,,COMPLETE
376,376,0.7867924528301887,2025-01-05 15:18:01.013866,2025-01-05 15:18:04.386219,0 days 00:00:03.372353,2,3,2.0,,,,,,,,,,,,,,,,,,,35,50.0,,,,,,,,,,,,,,,,,,,COMPLETE
377,377,0.8,2025-01-05 15:18:04.386587,2025-01-05 15:18:08.389692,0 days 00:00:04.003105,2,10,3.0,,,,,,,,,,,,,,,,,,,45,40.0,,,,,,,,,,,,,,,,,,,COMPLETE
378,378,0.5980769230769231,2025-01-05 15:18:08.390065,2025-01-05 15:18:12.547695,0 days 00:00:04.157630,3,1,2.0,,,,,,,,,,,15.0,,,,,,,,35,40.0,,,,,,,,,,,10.0,,,,,,,,COMPLETE
379,379,0.7873054873054873,2025-01-05 15:18:12.548095,2025-01-05 15:18:15.909721,0 days 00:00:03.361626,2,1,1.0,,,,,,,,,,,,,,,,,,,35,45.0,,,,,,,,,,,,,,,,,,,COMPLETE
380,380,0.5803702109341369,2025-01-05 15:18:15.910096,2025-01-05 15:18:21.880437,0 days 00:00:05.970341,5,2,4.0,,,,,,,,,,,8.0,5.0,1.0,,,,,,30,35.0,,,,,,,,,,,35.0,25.0,15.0,,,,,,COMPLETE
381,381,0.8247987117552334,2025-01-05 15:18:21.880911,2025-01-05 15:18:25.985600,0 days 00:00:04.104689,3,1,1.0,,,,,,,,,,,2.0,,,,,,,,35,40.0,,,,,,,,,,,50.0,,,,,,,,COMPLETE
382,382,0.835993714332975,2025-01-05 15:18:25.986000,2025-01-05 15:18:29.351958,0 days 00:00:03.365958,2,2,2.0,,,,,,,,,,,,,,,,,,,35,45.0,,,,,,,,,,,,,,,,,,,COMPLETE
383,383,0.7623491552695092,2025-01-05 15:18:29.352333,2025-01-05 15:18:32.893435,0 days 00:00:03.541102,2,1,6.0,,,,,,,,,,,,,,,,,,,45,50.0,,,,,,,,,,,,,,,,,,,COMPLETE
384,384,0.7692219679633867,2025-01-05 15:18:32.893798,2025-01-05 15:18:35.145392,0 days 00:00:02.251594,1,1,,,,,,,,,,,,,,,,,,,,30,,,,,,,,,,,,,,,,,,,,COMPLETE
385,385,0.25524475524475526,2025-01-05 15:18:35.145731,2025-01-05 15:18:47.685240,0 days 00:00:12.539509,6,4,3.0,,,,,,,,,,,12.0,7.0,6.0,8.0,,,,,35,35.0,,,,,,,,,,,5.0,30.0,20.0,5.0,,,,,COMPLETE
386,386,0.8197802197802198,2025-01-05 15:18:47.685760,2025-01-05 15:18:51.808187,0 days 00:00:04.122427,3,2,1.0,,,,,,,,,,,3.0,,,,,,,,35,40.0,,,,,,,,,,,15.0,,,,,,,,COMPLETE
387,387,0.7748493975903614,2025-01-05 15:18:51.808595,2025-01-05 15:18:53.866967,0 days 00:00:02.058372,1,1,,,,,,,,,,,,,,,,,,,,10,,,,,,,,,,,,,,,,,,,,COMPLETE
388,388,0.7564404713531085,2025-01-05 15:18:53.867316,2025-01-05 15:18:57.224987,0 days 00:00:03.357671,2,2,2.0,,,,,,,,,,,,,,,,,,,35,45.0,,,,,,,,,,,,,,,,,,,COMPLETE
389,389,0.8379475521636762,2025-01-05 15:18:57.225354,2025-01-05 15:19:01.371773,0 days 00:00:04.146419,3,3,1.0,,,,,,,,,,,4.0,,,,,,,,30,40.0,,,,,,,,,,,10.0,,,,,,,,COMPLETE
390,390,0.8199236827149469,2025-01-05 15:19:01.372169,2025-01-05 15:19:04.740759,0 days 00:00:03.368590,2,1,2.0,,,,,,,,,,,,,,,,,,,55,40.0,,,,,,,,,,,,,,,,,,,COMPLETE
391,391,0.6550326689273013,2025-01-05 15:19:04.741126,2025-01-05 15:19:08.938844,0 days 00:00:04.197718,3,2,1.0,,,,,,,,,,,14.0,,,,,,,,35,45.0,,,,,,,,,,,15.0,,,,,,,,COMPLETE
392,392,0.7473684210526317,2025-01-05 15:19:08.939231,2025-01-05 15:19:10.927879,0 days 00:00:01.988648,1,1,,,,,,,,,,,,,,,,,,,,35,,,,,,,,,,,,,,,,,,,,COMPLETE
393,393,0.8303436179542374,2025-01-05 15:19:10.928338,2025-01-05 15:19:14.283785,0 days 00:00:03.355447,2,1,3.0,,,,,,,,,,,,,,,,,,,35,60.0,,,,,,,,,,,,,,,,,,,COMPLETE
394,394,0.8507046869878728,2025-01-05 15:19:14.284268,2025-01-05 15:19:17.661459,0 days 00:00:03.377191,2,2,2.0,,,,,,,,,,,,,,,,,,,30,35.0,,,,,,,,,,,,,,,,,,,COMPLETE
395,395,0.6923076923076923,2025-01-05 15:19:17.661824,2025-01-05 15:19:22.068927,0 days 00:00:04.407103,3,9,2.0,,,,,,,,,,,7.0,,,,,,,,35,45.0,,,,,,,,,,,45.0,,,,,,,,COMPLETE
396,396,0.8464912280701755,2025-01-05 15:19:22.069336,2025-01-05 15:19:25.447664,0 days 00:00:03.378328,2,3,2.0,,,,,,,,,,,,,,,,,,,30,55.0,,,,,,,,,,,,,,,,,,,COMPLETE
397,397,0.7657467532467532,2025-01-05 15:19:25.448033,2025-01-05 15:19:28.809851,0 days 00:00:03.361818,2,2,3.0,,,,,,,,,,,,,,,,,,,35,40.0,,,,,,,,,,,,,,,,,,,COMPLETE
398,398,0.8427536231884059,2025-01-05 15:19:28.810221,2025-01-05 15:19:32.928293,0 days 00:00:04.118072,3,2,2.0,,,,,,,,,,,2.0,,,,,,,,40,50.0,,,,,,,,,,,60.0,,,,,,,,COMPLETE
399,399,0.8371724137931034,2025-01-05 15:19:32.928679,2025-01-05 15:19:36.281101,0 days 00:00:03.352422,1,3,,,,,,,,,,,,,,,,,,,,35,,,,,,,,,,,,,,,,,,,,COMPLETE
400,400,0.7330439056356488,2025-01-05 15:19:36.281442,2025-01-05 15:19:40.353145,0 days 00:00:04.071703,2,2,10.0,,,,,,,,,,,,,,,,,,,60,35.0,,,,,,,,,,,,,,,,,,,COMPLETE
401,401,0.8466477041852905,2025-01-05 15:19:40.353506,2025-01-05 15:19:44.484814,0 days 00:00:04.131308,3,2,2.0,,,,,,,,,,,3.0,,,,,,,,30,40.0,,,,,,,,,,,30.0,,,,,,,,COMPLETE
402,402,0.795940170940171,2025-01-05 15:19:44.485208,2025-01-05 15:19:47.848769,0 days 00:00:03.363561,2,2,2.0,,,,,,,,,,,,,,,,,,,35,45.0,,,,,,,,,,,,,,,,,,,COMPLETE
403,403,0.48233644859813085,2025-01-05 15:19:47.849139,2025-01-05 15:19:52.157085,0 days 00:00:04.307946,3,2,7.0,,,,,,,,,,,4.0,,,,,,,,45,40.0,,,,,,,,,,,15.0,,,,,,,,COMPLETE
404,404,0.7200501253132832,2025-01-05 15:19:52.157468,2025-01-05 15:19:54.389404,0 days 00:00:02.231936,1,2,,,,,,,,,,,,,,,,,,,,35,,,,,,,,,,,,,,,,,,,,COMPLETE
405,405,0.8324868938401049,2025-01-05 15:19:54.389737,2025-01-05 15:19:57.738688,0 days 00:00:03.348951,2,2,3.0,,,,,,,,,,,,,,,,,,,55,35.0,,,,,,,,,,,,,,,,,,,COMPLETE
406,406,0.7873525557011796,2025-01-05 15:19:57.739057,2025-01-05 15:20:01.091759,0 days 00:00:03.352702,2,1,3.0,,,,,,,,,,,,,,,,,,,40,30.0,,,,,,,,,,,,,,,,,,,COMPLETE
407,407,0.2800435865504358,2025-01-05 15:20:01.092125,2025-01-05 15:20:14.841577,0 days 00:00:13.749452,7,1,2.0,,,,,,,,,,,2.0,14.0,14.0,7.0,5.0,,,,50,55.0,,,,,,,,,,,10.0,40.0,40.0,20.0,10.0,,,,COMPLETE
408,408,0.6749288906948394,2025-01-05 15:20:14.842144,2025-01-05 15:20:19.279323,0 days 00:00:04.437179,3,2,4.0,,,,,,,,,,,4.0,,,,,,,,35,50.0,,,,,,,,,,,5.0,,,,,,,,COMPLETE
409,409,0.5463276836158192,2025-01-05 15:20:19.279731,2025-01-05 15:20:24.332218,0 days 00:00:05.052487,4,3,1.0,,,,,,,,,,,3.0,9.0,,,,,,,30,40.0,,,,,,,,,,,20.0,10.0,,,,,,,COMPLETE
410,410,0.7644927536231885,2025-01-05 15:20:24.332642,2025-01-05 15:20:26.434400,0 days 00:00:02.101758,1,1,,,,,,,,,,,,,,,,,,,,20,,,,,,,,,,,,,,,,,,,,COMPLETE
411,411,0.6237265302685864,2025-01-05 15:20:26.434755,2025-01-05 15:20:31.359195,0 days 00:00:04.924440,4,1,2.0,,,,,,,,,,,6.0,2.0,,,,,,,35,45.0,,,,,,,,,,,25.0,35.0,,,,,,,COMPLETE
412,412,0.8300183720744468,2025-01-05 15:20:31.359619,2025-01-05 15:20:34.740111,0 days 00:00:03.380492,2,2,1.0,,,,,,,,,,,,,,,,,,,30,40.0,,,,,,,,,,,,,,,,,,,COMPLETE
413,413,0.8286062576188541,2025-01-05 15:20:34.740476,2025-01-05 15:20:38.114605,0 days 00:00:03.374129,2,3,2.0,,,,,,,,,,,,,,,,,,,35,45.0,,,,,,,,,,,,,,,,,,,COMPLETE
414,414,0.75,2025-01-05 15:20:38.114972,2025-01-05 15:20:41.487637,0 days 00:00:03.372665,2,1,1.0,,,,,,,,,,,,,,,,,,,40,50.0,,,,,,,,,,,,,,,,,,,COMPLETE
415,415,0.8251287001287001,2025-01-05 15:20:41.488002,2025-01-05 15:20:45.596713,0 days 00:00:04.108711,3,1,2.0,,,,,,,,,,,2.0,,,,,,,,35,35.0,,,,,,,,,,,10.0,,,,,,,,COMPLETE
416,416,0.618859649122807,2025-01-05 15:20:45.597111,2025-01-05 15:20:48.043097,0 days 00:00:02.445986,1,2,,,,,,,,,,,,,,,,,,,,35,,,,,,,,,,,,,,,,,,,,COMPLETE
417,417,0.5859333685880486,2025-01-05 15:20:48.043439,2025-01-05 15:20:52.621820,0 days 00:00:04.578381,3,14,3.0,,,,,,,,,,,8.0,,,,,,,,35,40.0,,,,,,,,,,,15.0,,,,,,,,COMPLETE
418,418,0.8033205619412516,2025-01-05 15:20:52.622335,2025-01-05 15:20:55.984840,0 days 00:00:03.362505,2,1,1.0,,,,,,,,,,,,,,,,,,,40,45.0,,,,,,,,,,,,,,,,,,,COMPLETE
419,419,0.39070442992011617,2025-01-05 15:20:55.985326,2025-01-05 15:21:10.956922,0 days 00:00:14.971596,8,2,2.0,,,,,,,,,,,4.0,1.0,15.0,2.0,15.0,2.0,,,35,40.0,,,,,,,,,,,20.0,5.0,25.0,45.0,25.0,55.0,,,COMPLETE
420,420,0.7867924528301887,2025-01-05 15:21:10.957555,2025-01-05 15:21:15.368749,0 days 00:00:04.411194,3,1,1.0,,,,,,,,,,,3.0,,,,,,,,30,30.0,,,,,,,,,,,5.0,,,,,,,,COMPLETE
421,421,0.7817174973138277,2025-01-05 15:21:15.369169,2025-01-05 15:21:18.729744,0 days 00:00:03.360575,2,2,2.0,,,,,,,,,,,,,,,,,,,35,40.0,,,,,,,,,,,,,,,,,,,COMPLETE
422,422,0.7815292949354519,2025-01-05 15:21:18.730126,2025-01-05 15:21:22.845781,0 days 00:00:04.115655,3,1,1.0,,,,,,,,,,,6.0,,,,,,,,35,35.0,,,,,,,,,,,15.0,,,,,,,,COMPLETE
423,423,0.49249352890422776,2025-01-05 15:21:22.846186,2025-01-05 15:21:25.823493,0 days 00:00:02.977307,1,3,,,,,,,,,,,,,,,,,,,,40,,,,,,,,,,,,,,,,,,,,COMPLETE
424,424,0.8287732402370707,2025-01-05 15:21:25.823846,2025-01-05 15:21:29.172577,0 days 00:00:03.348731,2,1,3.0,,,,,,,,,,,,,,,,,,,30,50.0,,,,,,,,,,,,,,,,,,,COMPLETE
425,425,0.7927927927927928,2025-01-05 15:21:29.172942,2025-01-05 15:21:32.540762,0 days 00:00:03.367820,2,2,1.0,,,,,,,,,,,,,,,,,,,35,45.0,,,,,,,,,,,,,,,,,,,COMPLETE
426,426,0.5058713410483322,2025-01-05 15:21:32.541138,2025-01-05 15:21:37.421899,0 days 00:00:04.880761,4,2,2.0,,,,,,,,,,,11.0,6.0,,,,,,,35,40.0,,,,,,,,,,,10.0,55.0,,,,,,,COMPLETE
427,427,0.8325958702064897,2025-01-05 15:21:37.422334,2025-01-05 15:21:41.531538,0 days 00:00:04.109204,3,1,1.0,,,,,,,,,,,4.0,,,,,,,,40,45.0,,,,,,,,,,,20.0,,,,,,,,COMPLETE
428,428,0.7142857142857143,2025-01-05 15:21:41.531932,2025-01-05 15:21:43.698220,0 days 00:00:02.166288,1,1,,,,,,,,,,,,,,,,,,,,30,,,,,,,,,,,,,,,,,,,,COMPLETE
429,429,0.8159504265250281,2025-01-05 15:21:43.698562,2025-01-05 15:21:47.831891,0 days 00:00:04.133329,2,7,2.0,,,,,,,,,,,,,,,,,,,55,30.0,,,,,,,,,,,,,,,,,,,COMPLETE
430,430,0.8127606338615514,2025-01-05 15:21:47.832265,2025-01-05 15:21:51.985962,0 days 00:00:04.153697,3,2,1.0,,,,,,,,,,,5.0,,,,,,,,35,35.0,,,,,,,,,,,30.0,,,,,,,,COMPLETE
431,431,0.7996030105036804,2025-01-05 15:21:51.986362,2025-01-05 15:21:55.449766,0 days 00:00:03.463404,2,3,3.0,,,,,,,,,,,,,,,,,,,50,55.0,,,,,,,,,,,,,,,,,,,COMPLETE
432,432,0.8392857142857143,2025-01-05 15:21:55.450144,2025-01-05 15:21:58.579198,0 days 00:00:03.129054,2,1,2.0,,,,,,,,,,,,,,,,,,,30,40.0,,,,,,,,,,,,,,,,,,,COMPLETE
433,433,0.2909197766676462,2025-01-05 15:21:58.579564,2025-01-05 15:22:10.706553,0 days 00:00:12.126989,12,4,5.0,4.0,14.0,,,,,,,,,3.0,3.0,8.0,1.0,12.0,8.0,3.0,12.0,45,45.0,55.0,50.0,,,,,,,,,25.0,20.0,60.0,50.0,60.0,15.0,60.0,40.0,COMPLETE
434,434,0.6077380952380953,2025-01-05 15:22:10.707213,2025-01-05 15:22:14.854301,0 days 00:00:04.147088,3,2,4.0,,,,,,,,,,,7.0,,,,,,,,35,60.0,,,,,,,,,,,15.0,,,,,,,,COMPLETE
435,435,0.7766291483503213,2025-01-05 15:22:14.854714,2025-01-05 15:22:17.167213,0 days 00:00:02.312499,1,1,,,,,,,,,,,,,,,,,,,,35,,,,,,,,,,,,,,,,,,,,COMPLETE
436,436,0.8070796460176992,2025-01-05 15:22:17.167567,2025-01-05 15:22:20.774041,0 days 00:00:03.606474,2,1,1.0,,,,,,,,,,,,,,,,,,,20,40.0,,,,,,,,,,,,,,,,,,,COMPLETE
437,437,0.8257575757575758,2025-01-05 15:22:20.774413,2025-01-05 15:22:24.887067,0 days 00:00:04.112654,3,2,3.0,,,,,,,,,,,2.0,,,,,,,,40,50.0,,,,,,,,,,,25.0,,,,,,,,COMPLETE
438,438,0.46005995415270673,2025-01-05 15:22:24.887457,2025-01-05 15:22:29.642870,0 days 00:00:04.755413,4,1,1.0,,,,,,,,,,,9.0,10.0,,,,,,,35,45.0,,,,,,,,,,,10.0,50.0,,,,,,,COMPLETE
439,439,0.8394096529716792,2025-01-05 15:22:29.643303,2025-01-05 15:22:33.002556,0 days 00:00:03.359253,2,1,2.0,,,,,,,,,,,,,,,,,,,40,40.0,,,,,,,,,,,,,,,,,,,COMPLETE
440,440,0.8161705551086083,2025-01-05 15:22:33.003059,2025-01-05 15:22:36.616282,0 days 00:00:03.613223,2,8,1.0,,,,,,,,,,,,,,,,,,,35,30.0,,,,,,,,,,,,,,,,,,,COMPLETE
441,441,0.6839760722922235,2025-01-05 15:22:36.616765,2025-01-05 15:22:38.940866,0 days 00:00:02.324101,1,2,,,,,,,,,,,,,,,,,,,,60,,,,,,,,,,,,,,,,,,,,COMPLETE
442,442,0.8340572715572716,2025-01-05 15:22:38.941221,2025-01-05 15:22:43.071745,0 days 00:00:04.130524,3,1,2.0,,,,,,,,,,,1.0,,,,,,,,45,35.0,,,,,,,,,,,30.0,,,,,,,,COMPLETE
443,443,0.8558324679820006,2025-01-05 15:22:43.072158,2025-01-05 15:22:47.196823,0 days 00:00:04.124665,3,2,2.0,,,,,,,,,,,4.0,,,,,,,,35,45.0,,,,,,,,,,,20.0,,,,,,,,COMPLETE
444,444,0.4905060572214108,2025-01-05 15:22:47.197224,2025-01-05 15:22:51.959520,0 days 00:00:04.762296,4,3,2.0,,,,,,,,,,,4.0,8.0,,,,,,,35,45.0,,,,,,,,,,,20.0,30.0,,,,,,,COMPLETE
445,445,0.6315077755240026,2025-01-05 15:22:51.959942,2025-01-05 15:22:56.121886,0 days 00:00:04.161944,3,2,3.0,,,,,,,,,,,5.0,,,,,,,,35,45.0,,,,,,,,,,,20.0,,,,,,,,COMPLETE
446,446,0.7820767195767195,2025-01-05 15:22:56.122283,2025-01-05 15:23:00.270964,0 days 00:00:04.148681,3,3,2.0,,,,,,,,,,,4.0,,,,,,,,35,45.0,,,,,,,,,,,15.0,,,,,,,,COMPLETE
447,447,0.7713159588159588,2025-01-05 15:23:00.271365,2025-01-05 15:23:04.682666,0 days 00:00:04.411301,3,2,2.0,,,,,,,,,,,3.0,,,,,,,,35,50.0,,,,,,,,,,,15.0,,,,,,,,COMPLETE
448,448,0.5112554112554113,2025-01-05 15:23:04.683074,2025-01-05 15:23:09.538866,0 days 00:00:04.855792,4,2,3.0,,,,,,,,,,,5.0,12.0,,,,,,,35,45.0,,,,,,,,,,,25.0,15.0,,,,,,,COMPLETE
449,449,0.7635341763782131,2025-01-05 15:23:09.539312,2025-01-05 15:23:13.952868,0 days 00:00:04.413556,3,2,2.0,,,,,,,,,,,4.0,,,,,,,,35,45.0,,,,,,,,,,,15.0,,,,,,,,COMPLETE
450,450,0.4666083916083916,2025-01-05 15:23:13.953268,2025-01-05 15:23:21.237320,0 days 00:00:07.284052,5,2,11.0,,,,,,,,,,,3.0,5.0,13.0,,,,,,35,45.0,,,,,,,,,,,20.0,25.0,10.0,,,,,,COMPLETE
451,451,0.7800579430226944,2025-01-05 15:23:21.237824,2025-01-05 15:23:24.654679,0 days 00:00:03.416855,2,3,2.0,,,,,,,,,,,,,,,,,,,40,50.0,,,,,,,,,,,,,,,,,,,COMPLETE
452,452,0.6720689655172414,2025-01-05 15:23:24.655063,2025-01-05 15:23:28.805593,0 days 00:00:04.150530,3,2,3.0,,,,,,,,,,,5.0,,,,,,,,35,45.0,,,,,,,,,,,20.0,,,,,,,,COMPLETE
453,453,0.8340579710144927,2025-01-05 15:23:28.805991,2025-01-05 15:23:32.167771,0 days 00:00:03.361780,2,2,2.0,,,,,,,,,,,,,,,,,,,35,45.0,,,,,,,,,,,,,,,,,,,COMPLETE
454,454,0.4905525846702317,2025-01-05 15:23:32.168156,2025-01-05 15:23:37.476097,0 days 00:00:05.307941,4,4,2.0,,,,,,,,,,,13.0,4.0,,,,,,,40,50.0,,,,,,,,,,,15.0,15.0,,,,,,,COMPLETE
455,455,0.770520883728431,2025-01-05 15:23:37.476552,2025-01-05 15:23:41.627438,0 days 00:00:04.150886,3,2,1.0,,,,,,,,,,,6.0,,,,,,,,35,45.0,,,,,,,,,,,10.0,,,,,,,,COMPLETE
456,456,0.8520514883346741,2025-01-05 15:23:41.627840,2025-01-05 15:23:44.977749,0 days 00:00:03.349909,2,2,3.0,,,,,,,,,,,,,,,,,,,55,35.0,,,,,,,,,,,,,,,,,,,COMPLETE
457,457,0.8193503560882404,2025-01-05 15:23:44.978125,2025-01-05 15:23:47.430299,0 days 00:00:02.452174,1,1,,,,,,,,,,,,,,,,,,,,55,,,,,,,,,,,,,,,,,,,,COMPLETE
458,458,0.8054054054054054,2025-01-05 15:23:47.430645,2025-01-05 15:23:50.866362,0 days 00:00:03.435717,2,3,4.0,,,,,,,,,,,,,,,,,,,55,35.0,,,,,,,,,,,,,,,,,,,COMPLETE
459,459,0.4166666666666667,2025-01-05 15:23:50.866728,2025-01-05 15:23:53.203084,0 days 00:00:02.336356,1,1,,,,,,,,,,,,,,,,,,,,55,,,,,,,,,,,,,,,,,,,,COMPLETE
460,460,0.783613802481727,2025-01-05 15:23:53.203492,2025-01-05 15:23:56.977355,0 days 00:00:03.773863,2,6,3.0,,,,,,,,,,,,,,,,,,,55,35.0,,,,,,,,,,,,,,,,,,,COMPLETE
461,461,0.8646891507517269,2025-01-05 15:23:56.977725,2025-01-05 15:24:00.374072,0 days 00:00:03.396347,2,2,3.0,,,,,,,,,,,,,,,,,,,60,35.0,,,,,,,,,,,,,,,,,,,COMPLETE
462,462,0.755486660683691,2025-01-05 15:24:00.374518,2025-01-05 15:24:03.784330,0 days 00:00:03.409812,2,2,4.0,,,,,,,,,,,,,,,,,,,60,35.0,,,,,,,,,,,,,,,,,,,COMPLETE
463,463,0.7892535392535392,2025-01-05 15:24:03.784715,2025-01-05 15:24:07.181071,0 days 00:00:03.396356,2,2,3.0,,,,,,,,,,,,,,,,,,,60,35.0,,,,,,,,,,,,,,,,,,,COMPLETE
464,464,0.8394096529716792,2025-01-05 15:24:07.181451,2025-01-05 15:24:10.558924,0 days 00:00:03.377473,2,2,3.0,,,,,,,,,,,,,,,,,,,60,35.0,,,,,,,,,,,,,,,,,,,COMPLETE
465,465,0.8267130089374379,2025-01-05 15:24:10.559303,2025-01-05 15:24:13.899757,0 days 00:00:03.340454,2,1,3.0,,,,,,,,,,,,,,,,,,,60,35.0,,,,,,,,,,,,,,,,,,,COMPLETE
466,466,0.7886557886557887,2025-01-05 15:24:13.900271,2025-01-05 15:24:16.238456,0 days 00:00:02.338185,1,2,,,,,,,,,,,,,,,,,,,,60,,,,,,,,,,,,,,,,,,,,COMPLETE
467,467,0.7873525557011796,2025-01-05 15:24:16.238802,2025-01-05 15:24:19.597181,0 days 00:00:03.358379,2,2,3.0,,,,,,,,,,,,,,,,,,,50,35.0,,,,,,,,,,,,,,,,,,,COMPLETE
468,468,0.44500907441016335,2025-01-05 15:24:19.597666,2025-01-05 15:24:21.416589,0 days 00:00:01.818923,1,1,,,,,,,,,,,,,,,,,,,,50,,,,,,,,,,,,,,,,,,,,COMPLETE
469,469,0.21434108527131782,2025-01-05 15:24:21.416934,2025-01-05 15:24:37.520563,0 days 00:00:16.103629,9,2,1.0,,,,,,,,,,,7.0,13.0,5.0,4.0,3.0,11.0,14.0,,60,35.0,,,,,,,,,,,5.0,40.0,35.0,40.0,45.0,35.0,15.0,,COMPLETE
470,470,0.7802445302445302,2025-01-05 15:24:37.521210,2025-01-05 15:24:40.870629,0 days 00:00:03.349419,2,1,4.0,,,,,,,,,,,,,,,,,,,55,35.0,,,,,,,,,,,,,,,,,,,COMPLETE
471,471,0.22432915921288016,2025-01-05 15:24:40.871030,2025-01-05 15:24:46.546141,0 days 00:00:05.675111,15,1,1.0,13.0,7.0,3.0,4.0,3.0,,,,,,6.0,15.0,2.0,8.0,7.0,9.0,12.0,9.0,55,35.0,40.0,40.0,50.0,35.0,20.0,,,,,,55.0,25.0,45.0,15.0,5.0,60.0,10.0,10.0,COMPLETE
472,472,0.30562659846547313,2025-01-05 15:24:46.546863,2025-01-05 15:25:01.929629,0 days 00:00:15.382766,6,12,1.0,,,,,,,,,,,5.0,6.0,9.0,10.0,,,,,50,40.0,,,,,,,,,,,10.0,45.0,50.0,60.0,,,,,COMPLETE
473,473,0.7856459330143541,2025-01-05 15:25:01.930214,2025-01-05 15:25:06.076611,0 days 00:00:04.146397,3,2,2.0,,,,,,,,,,,4.0,,,,,,,,60,35.0,,,,,,,,,,,5.0,,,,,,,,COMPLETE
474,474,0.8377192982456141,2025-01-05 15:25:06.077033,2025-01-05 15:25:09.440512,0 days 00:00:03.363479,2,1,3.0,,,,,,,,,,,,,,,,,,,55,40.0,,,,,,,,,,,,,,,,,,,COMPLETE
475,475,0.7741935483870968,2025-01-05 15:25:09.440893,2025-01-05 15:25:11.684871,0 days 00:00:02.243978,1,2,,,,,,,,,,,,,,,,,,,,45,,,,,,,,,,,,,,,,,,,,COMPLETE
476,476,0.8018691588785047,2025-01-05 15:25:11.685235,2025-01-05 15:25:16.612578,0 days 00:00:04.927343,2,11,8.0,,,,,,,,,,,,,,,,,,,55,40.0,,,,,,,,,,,,,,,,,,,COMPLETE
477,477,0.7747747747747747,2025-01-05 15:25:16.612956,2025-01-05 15:25:20.469129,0 days 00:00:03.856173,3,1,1.0,,,,,,,,,,,10.0,,,,,,,,40,40.0,,,,,,,,,,,15.0,,,,,,,,COMPLETE
478,478,0.7496807151979565,2025-01-05 15:25:20.469526,2025-01-05 15:25:23.977202,0 days 00:00:03.507676,2,2,2.0,,,,,,,,,,,,,,,,,,,5,45.0,,,,,,,,,,,,,,,,,,,COMPLETE
