,number,value,datetime_start,datetime_complete,duration,params_depth,params_grids_0,params_grids_1,params_grids_10,params_grids_11,params_grids_12,params_grids_13,params_grids_14,params_grids_15,params_grids_16,params_grids_17,params_grids_18,params_grids_19,params_grids_2,params_grids_3,params_grids_4,params_grids_5,params_grids_6,params_grids_7,params_grids_8,params_grids_9,params_neurons_layer_0,params_neurons_layer_1,params_neurons_layer_10,params_neurons_layer_11,params_neurons_layer_12,params_neurons_layer_13,params_neurons_layer_14,params_neurons_layer_15,params_neurons_layer_16,params_neurons_layer_17,params_neurons_layer_18,params_neurons_layer_19,params_neurons_layer_2,params_neurons_layer_3,params_neurons_layer_4,params_neurons_layer_5,params_neurons_layer_6,params_neurons_layer_7,params_neurons_layer_8,params_neurons_layer_9,state
837,837,0.9567327524868701,2025-01-06 21:53:32.348957,2025-01-06 21:53:35.841950,0 days 00:00:03.492993,2,2,2.0,,,,,,,,,,,,,,,,,,,25,25.0,,,,,,,,,,,,,,,,,,,COMPLETE
838,838,0.37489421018569224,2025-01-06 21:53:35.842393,2025-01-06 21:53:53.290695,0 days 00:00:17.448302,12,1,2.0,1.0,2.0,,,,,,,,,2.0,8.0,8.0,8.0,11.0,11.0,4.0,11.0,40,20.0,30.0,35.0,,,,,,,,,30.0,35.0,20.0,60.0,55.0,20.0,25.0,5.0,COMPLETE
839,839,0.9492123800543568,2025-01-06 21:53:53.291574,2025-01-06 21:53:57.931901,0 days 00:00:04.640327,3,1,3.0,,,,,,,,,,,3.0,,,,,,,,60,25.0,,,,,,,,,,,35.0,,,,,,,,COMPLETE
840,840,0.9413553919367872,2025-01-06 21:53:57.932427,2025-01-06 21:54:01.635557,0 days 00:00:03.703130,2,2,2.0,,,,,,,,,,,,,,,,,,,60,25.0,,,,,,,,,,,,,,,,,,,COMPLETE
841,841,0.9532552954292085,2025-01-06 21:54:01.636002,2025-01-06 21:54:05.620416,0 days 00:00:03.984414,3,1,2.0,,,,,,,,,,,3.0,,,,,,,,40,25.0,,,,,,,,,,,40.0,,,,,,,,COMPLETE
842,842,0.9433432877283144,2025-01-06 21:54:05.620870,2025-01-06 21:54:09.801317,0 days 00:00:04.180447,3,1,2.0,,,,,,,,,,,2.0,,,,,,,,60,20.0,,,,,,,,,,,45.0,,,,,,,,COMPLETE
843,843,0.9506442577030813,2025-01-06 21:54:09.801823,2025-01-06 21:54:13.402140,0 days 00:00:03.600317,2,1,5.0,,,,,,,,,,,,,,,,,,,40,15.0,,,,,,,,,,,,,,,,,,,COMPLETE
844,844,0.6675640527006661,2025-01-06 21:54:13.402582,2025-01-06 21:54:23.196142,0 days 00:00:09.793560,4,2,2.0,,,,,,,,,,,3.0,7.0,,,,,,,30,25.0,,,,,,,,,,,35.0,30.0,,,,,,,COMPLETE
845,845,0.2999010227647641,2025-01-06 21:54:23.196691,2025-01-06 21:54:37.592904,0 days 00:00:14.396213,13,1,3.0,7.0,15.0,11.0,,,,,,,,2.0,4.0,7.0,14.0,9.0,1.0,7.0,6.0,60,15.0,45.0,15.0,20.0,,,,,,,,40.0,45.0,50.0,5.0,15.0,25.0,30.0,55.0,COMPLETE
846,846,0.944953618686988,2025-01-06 21:54:37.593624,2025-01-06 21:54:41.080937,0 days 00:00:03.487313,3,1,2.0,,,,,,,,,,,1.0,,,,,,,,35,25.0,,,,,,,,,,,30.0,,,,,,,,COMPLETE
847,847,0.9516609768360468,2025-01-06 21:54:41.081425,2025-01-06 21:54:44.524258,0 days 00:00:03.442833,2,1,6.0,,,,,,,,,,,,,,,,,,,40,20.0,,,,,,,,,,,,,,,,,,,COMPLETE
848,848,0.9348175778712633,2025-01-06 21:54:44.524673,2025-01-06 21:54:51.570996,0 days 00:00:07.046323,3,7,2.0,,,,,,,,,,,4.0,,,,,,,,60,25.0,,,,,,,,,,,20.0,,,,,,,,COMPLETE
849,849,0.9508777768533155,2025-01-06 21:54:51.571472,2025-01-06 21:54:54.787226,0 days 00:00:03.215754,2,1,2.0,,,,,,,,,,,,,,,,,,,35,25.0,,,,,,,,,,,,,,,,,,,COMPLETE
850,850,0.5995215921413536,2025-01-06 21:54:54.787685,2025-01-06 21:55:10.040873,0 days 00:00:15.253188,5,2,1.0,,,,,,,,,,,11.0,5.0,9.0,,,,,,40,25.0,,,,,,,,,,,10.0,40.0,15.0,,,,,,COMPLETE
851,851,0.9557983071692108,2025-01-06 21:55:10.041678,2025-01-06 21:55:13.611871,0 days 00:00:03.570193,3,1,1.0,,,,,,,,,,,3.0,,,,,,,,35,20.0,,,,,,,,,,,35.0,,,,,,,,COMPLETE
852,852,0.9615384615384616,2025-01-06 21:55:13.612419,2025-01-06 21:55:17.087924,0 days 00:00:03.475505,3,1,1.0,,,,,,,,,,,2.0,,,,,,,,60,25.0,,,,,,,,,,,25.0,,,,,,,,COMPLETE
853,853,0.9399543339701335,2025-01-06 21:55:17.088410,2025-01-06 21:55:23.692273,0 days 00:00:06.603863,1,1,,,,,,,,,,,,,,,,,,,,60,,,,,,,,,,,,,,,,,,,,COMPLETE
854,854,0.942740877883206,2025-01-06 21:55:23.692730,2025-01-06 21:55:30.201747,0 days 00:00:06.509017,4,6,1.0,,,,,,,,,,,1.0,2.0,,,,,,,60,25.0,,,,,,,,,,,25.0,15.0,,,,,,,COMPLETE
855,855,0.9499994444382716,2025-01-06 21:55:30.202260,2025-01-06 21:55:34.964861,0 days 00:00:04.762601,2,5,1.0,,,,,,,,,,,,,,,,,,,60,25.0,,,,,,,,,,,,,,,,,,,COMPLETE
856,856,0.9177217519322782,2025-01-06 21:55:34.965291,2025-01-06 21:55:41.615319,0 days 00:00:06.650028,1,1,,,,,,,,,,,,,,,,,,,,60,,,,,,,,,,,,,,,,,,,,COMPLETE
857,857,0.9295702290483503,2025-01-06 21:55:41.615768,2025-01-06 21:55:47.804413,0 days 00:00:06.188645,4,2,1.0,,,,,,,,,,,2.0,6.0,,,,,,,60,25.0,,,,,,,,,,,25.0,50.0,,,,,,,COMPLETE
858,858,0.9342216206621106,2025-01-06 21:55:47.804936,2025-01-06 21:55:51.796725,0 days 00:00:03.991789,3,2,4.0,,,,,,,,,,,2.0,,,,,,,,60,25.0,,,,,,,,,,,20.0,,,,,,,,COMPLETE
859,859,0.9423218673218673,2025-01-06 21:55:51.797173,2025-01-06 21:55:56.092445,0 days 00:00:04.295272,3,1,1.0,,,,,,,,,,,1.0,,,,,,,,60,25.0,,,,,,,,,,,25.0,,,,,,,,COMPLETE
860,860,0.943511618921455,2025-01-06 21:55:56.092915,2025-01-06 21:55:59.288965,0 days 00:00:03.196050,2,1,1.0,,,,,,,,,,,,,,,,,,,60,25.0,,,,,,,,,,,,,,,,,,,COMPLETE
861,861,0.0,2025-01-06 21:55:59.289416,2025-01-06 21:57:31.809023,0 days 00:01:32.519607,17,1,1.0,15.0,3.0,15.0,14.0,3.0,11.0,13.0,,,,2.0,10.0,14.0,11.0,6.0,6.0,5.0,9.0,55,25.0,20.0,30.0,40.0,15.0,40.0,40.0,15.0,,,,25.0,25.0,10.0,35.0,20.0,45.0,40.0,60.0,COMPLETE
862,862,0.9576087076695154,2025-01-06 21:57:31.810079,2025-01-06 21:57:36.152774,0 days 00:00:04.342695,4,1,1.0,,,,,,,,,,,2.0,1.0,,,,,,,60,25.0,,,,,,,,,,,20.0,10.0,,,,,,,COMPLETE
863,863,0.9426636444051304,2025-01-06 21:57:36.153306,2025-01-06 21:57:43.147086,0 days 00:00:06.993780,2,9,1.0,,,,,,,,,,,,,,,,,,,60,25.0,,,,,,,,,,,,,,,,,,,COMPLETE
864,864,0.9559347894588455,2025-01-06 21:57:43.147518,2025-01-06 21:57:46.988859,0 days 00:00:03.841341,3,1,1.0,,,,,,,,,,,1.0,,,,,,,,60,25.0,,,,,,,,,,,25.0,,,,,,,,COMPLETE
865,865,0.9414533200967575,2025-01-06 21:57:46.989357,2025-01-06 21:57:52.920477,0 days 00:00:05.931120,2,8,1.0,,,,,,,,,,,,,,,,,,,55,35.0,,,,,,,,,,,,,,,,,,,COMPLETE
866,866,0.9406137436126547,2025-01-06 21:57:52.920901,2025-01-06 21:57:57.286117,0 days 00:00:04.365216,3,2,1.0,,,,,,,,,,,2.0,,,,,,,,60,25.0,,,,,,,,,,,25.0,,,,,,,,COMPLETE
867,867,0.9550054305706405,2025-01-06 21:57:57.286598,2025-01-06 21:58:00.909329,0 days 00:00:03.622731,3,1,1.0,,,,,,,,,,,2.0,,,,,,,,60,25.0,,,,,,,,,,,30.0,,,,,,,,COMPLETE
868,868,0.3729394287904926,2025-01-06 21:58:00.909788,2025-01-06 21:58:15.987640,0 days 00:00:15.077852,9,1,1.0,,,,,,,,,,,9.0,9.0,12.0,6.0,10.0,12.0,12.0,,60,25.0,,,,,,,,,,,15.0,20.0,5.0,55.0,40.0,10.0,50.0,,COMPLETE
869,869,0.9509138352332408,2025-01-06 21:58:15.988304,2025-01-06 21:58:19.697750,0 days 00:00:03.709446,3,1,1.0,,,,,,,,,,,1.0,,,,,,,,55,25.0,,,,,,,,,,,30.0,,,,,,,,COMPLETE
870,870,0.9389075630252101,2025-01-06 21:58:19.698244,2025-01-06 21:58:29.772651,0 days 00:00:10.074407,1,3,,,,,,,,,,,,,,,,,,,,60,,,,,,,,,,,,,,,,,,,,COMPLETE
871,871,0.957534664448142,2025-01-06 21:58:29.773115,2025-01-06 21:58:34.045648,0 days 00:00:04.272533,3,2,1.0,,,,,,,,,,,2.0,,,,,,,,60,35.0,,,,,,,,,,,20.0,,,,,,,,COMPLETE
872,872,0.6688980402465026,2025-01-06 21:58:34.046119,2025-01-06 21:58:44.161293,0 days 00:00:10.115174,4,1,1.0,,,,,,,,,,,15.0,6.0,,,,,,,55,25.0,,,,,,,,,,,15.0,40.0,,,,,,,COMPLETE
873,873,0.560475153991945,2025-01-06 21:58:44.162113,2025-01-06 21:59:22.348927,0 days 00:00:38.186814,11,2,1.0,5.0,,,,,,,,,,2.0,5.0,3.0,2.0,12.0,4.0,14.0,1.0,60,25.0,60.0,,,,,,,,,,30.0,55.0,45.0,50.0,5.0,55.0,15.0,35.0,COMPLETE
874,874,0.9533286661999534,2025-01-06 21:59:22.349683,2025-01-06 21:59:25.643354,0 days 00:00:03.293671,2,1,2.0,,,,,,,,,,,,,,,,,,,40,30.0,,,,,,,,,,,,,,,,,,,COMPLETE
875,875,0.9442161136809877,2025-01-06 21:59:25.643798,2025-01-06 21:59:28.921316,0 days 00:00:03.277518,2,1,1.0,,,,,,,,,,,,,,,,,,,60,30.0,,,,,,,,,,,,,,,,,,,COMPLETE
876,876,0.9608013355592655,2025-01-06 21:59:28.921759,2025-01-06 21:59:33.091238,0 days 00:00:04.169479,3,1,2.0,,,,,,,,,,,4.0,,,,,,,,60,25.0,,,,,,,,,,,30.0,,,,,,,,COMPLETE
877,877,0.9472736236463358,2025-01-06 21:59:33.091687,2025-01-06 21:59:37.451216,0 days 00:00:04.359529,3,1,3.0,,,,,,,,,,,4.0,,,,,,,,60,25.0,,,,,,,,,,,30.0,,,,,,,,COMPLETE
878,878,0.950785780270905,2025-01-06 21:59:37.451673,2025-01-06 21:59:41.005632,0 days 00:00:03.553959,2,1,2.0,,,,,,,,,,,,,,,,,,,60,25.0,,,,,,,,,,,,,,,,,,,COMPLETE
879,879,0.7810557210832926,2025-01-06 21:59:41.006053,2025-01-06 21:59:47.131839,0 days 00:00:06.125786,4,2,2.0,,,,,,,,,,,3.0,4.0,,,,,,,60,35.0,,,,,,,,,,,30.0,30.0,,,,,,,COMPLETE
880,880,0.9541025298563113,2025-01-06 21:59:47.132371,2025-01-06 21:59:50.997939,0 days 00:00:03.865568,2,1,3.0,,,,,,,,,,,,,,,,,,,60,30.0,,,,,,,,,,,,,,,,,,,COMPLETE
881,881,0.9337912981087232,2025-01-06 21:59:50.998497,2025-01-06 21:59:54.870427,0 days 00:00:03.871930,3,2,2.0,,,,,,,,,,,1.0,,,,,,,,60,10.0,,,,,,,,,,,30.0,,,,,,,,COMPLETE
882,882,0.9540355677154583,2025-01-06 21:59:54.870882,2025-01-06 21:59:58.712991,0 days 00:00:03.842109,3,1,2.0,,,,,,,,,,,2.0,,,,,,,,60,25.0,,,,,,,,,,,30.0,,,,,,,,COMPLETE
883,883,0.9606274205606427,2025-01-06 21:59:58.713555,2025-01-06 22:00:02.674771,0 days 00:00:03.961216,3,1,2.0,,,,,,,,,,,4.0,,,,,,,,60,25.0,,,,,,,,,,,30.0,,,,,,,,COMPLETE
884,884,0.8808793601751195,2025-01-06 22:00:02.675278,2025-01-06 22:00:09.171898,0 days 00:00:06.496620,4,1,2.0,,,,,,,,,,,4.0,3.0,,,,,,,60,25.0,,,,,,,,,,,30.0,35.0,,,,,,,COMPLETE
885,885,0.6798029556650247,2025-01-06 22:00:09.172469,2025-01-06 22:00:18.263202,0 days 00:00:09.090733,4,1,2.0,,,,,,,,,,,4.0,7.0,,,,,,,60,25.0,,,,,,,,,,,30.0,60.0,,,,,,,COMPLETE
886,886,0.8245660294440782,2025-01-06 22:00:18.263745,2025-01-06 22:00:23.706874,0 days 00:00:05.443129,4,2,2.0,,,,,,,,,,,4.0,2.0,,,,,,,60,25.0,,,,,,,,,,,30.0,50.0,,,,,,,COMPLETE
887,887,0.95420410427066,2025-01-06 22:00:23.707404,2025-01-06 22:00:28.266171,0 days 00:00:04.558767,3,1,2.0,,,,,,,,,,,4.0,,,,,,,,55,25.0,,,,,,,,,,,30.0,,,,,,,,COMPLETE
888,888,0.9473519640414305,2025-01-06 22:00:28.266632,2025-01-06 22:00:33.069401,0 days 00:00:04.802769,3,1,2.0,,,,,,,,,,,4.0,,,,,,,,60,25.0,,,,,,,,,,,30.0,,,,,,,,COMPLETE
889,889,0.9483333333333333,2025-01-06 22:00:33.069870,2025-01-06 22:00:37.152015,0 days 00:00:04.082145,3,2,2.0,,,,,,,,,,,4.0,,,,,,,,60,25.0,,,,,,,,,,,30.0,,,,,,,,COMPLETE
890,890,0.6624596525586625,2025-01-06 22:00:37.152474,2025-01-06 22:00:44.875443,0 days 00:00:07.722969,4,1,2.0,,,,,,,,,,,4.0,8.0,,,,,,,55,25.0,,,,,,,,,,,30.0,15.0,,,,,,,COMPLETE
891,891,0.9541220074126013,2025-01-06 22:00:44.876005,2025-01-06 22:00:49.199534,0 days 00:00:04.323529,3,1,2.0,,,,,,,,,,,3.0,,,,,,,,60,25.0,,,,,,,,,,,30.0,,,,,,,,COMPLETE
892,892,0.9515830546265329,2025-01-06 22:00:49.200015,2025-01-06 22:00:53.428421,0 days 00:00:04.228406,3,2,2.0,,,,,,,,,,,3.0,,,,,,,,60,25.0,,,,,,,,,,,30.0,,,,,,,,COMPLETE
893,893,0.8801233735378557,2025-01-06 22:00:53.428866,2025-01-06 22:00:58.471605,0 days 00:00:05.042739,4,1,2.0,,,,,,,,,,,4.0,3.0,,,,,,,55,25.0,,,,,,,,,,,30.0,20.0,,,,,,,COMPLETE
894,894,0.9497425681457892,2025-01-06 22:00:58.472121,2025-01-06 22:01:03.600751,0 days 00:00:05.128630,3,3,2.0,,,,,,,,,,,3.0,,,,,,,,60,30.0,,,,,,,,,,,45.0,,,,,,,,COMPLETE
895,895,0.9573847932056887,2025-01-06 22:01:03.601256,2025-01-06 22:01:07.689241,0 days 00:00:04.087985,3,1,2.0,,,,,,,,,,,4.0,,,,,,,,60,25.0,,,,,,,,,,,35.0,,,,,,,,COMPLETE
896,896,0.9382024351083758,2025-01-06 22:01:07.689835,2025-01-06 22:01:16.256382,0 days 00:00:08.566547,4,11,2.0,,,,,,,,,,,2.0,1.0,,,,,,,60,25.0,,,,,,,,,,,30.0,35.0,,,,,,,COMPLETE
897,897,0.9464876957494407,2025-01-06 22:01:16.257031,2025-01-06 22:01:20.647041,0 days 00:00:04.390010,3,1,2.0,,,,,,,,,,,3.0,,,,,,,,60,30.0,,,,,,,,,,,35.0,,,,,,,,COMPLETE
898,898,0.6860592209856916,2025-01-06 22:01:20.647510,2025-01-06 22:01:29.933524,0 days 00:00:09.286014,3,1,15.0,,,,,,,,,,,5.0,,,,,,,,60,25.0,,,,,,,,,,,30.0,,,,,,,,COMPLETE
899,899,0.759520927040346,2025-01-06 22:01:29.934034,2025-01-06 22:01:35.269376,0 days 00:00:05.335342,4,1,3.0,,,,,,,,,,,3.0,4.0,,,,,,,60,30.0,,,,,,,,,,,35.0,30.0,,,,,,,COMPLETE
900,900,0.9499616628329499,2025-01-06 22:01:35.269883,2025-01-06 22:01:40.834156,0 days 00:00:05.564273,3,2,2.0,,,,,,,,,,,4.0,,,,,,,,55,25.0,,,,,,,,,,,25.0,,,,,,,,COMPLETE
901,901,0.9389023659191117,2025-01-06 22:01:40.834659,2025-01-06 22:01:45.634154,0 days 00:00:04.799495,3,4,2.0,,,,,,,,,,,2.0,,,,,,,,60,25.0,,,,,,,,,,,5.0,,,,,,,,COMPLETE
902,902,0.9551438591843886,2025-01-06 22:01:45.634630,2025-01-06 22:01:49.271674,0 days 00:00:03.637044,3,1,2.0,,,,,,,,,,,3.0,,,,,,,,60,25.0,,,,,,,,,,,10.0,,,,,,,,COMPLETE
903,903,0.949997777679008,2025-01-06 22:01:49.272162,2025-01-06 22:01:53.099390,0 days 00:00:03.827228,3,1,1.0,,,,,,,,,,,5.0,,,,,,,,30,30.0,,,,,,,,,,,30.0,,,,,,,,COMPLETE
904,904,0.9380234505862647,2025-01-06 22:01:53.099867,2025-01-06 22:02:04.957673,0 days 00:00:11.857806,4,12,1.0,,,,,,,,,,,1.0,8.0,,,,,,,55,25.0,,,,,,,,,,,35.0,45.0,,,,,,,COMPLETE
905,905,0.8338462078487352,2025-01-06 22:02:04.958218,2025-01-06 22:02:12.973980,0 days 00:00:08.015762,3,2,11.0,,,,,,,,,,,2.0,,,,,,,,35,25.0,,,,,,,,,,,50.0,,,,,,,,COMPLETE
906,906,0.957395309882747,2025-01-06 22:02:12.974576,2025-01-06 22:02:16.557184,0 days 00:00:03.582608,2,1,3.0,,,,,,,,,,,,,,,,,,,60,25.0,,,,,,,,,,,,,,,,,,,COMPLETE
907,907,0.6499697713289947,2025-01-06 22:02:16.557756,2025-01-06 22:02:30.461079,0 days 00:00:13.903323,4,1,2.0,,,,,,,,,,,4.0,13.0,,,,,,,35,30.0,,,,,,,,,,,30.0,55.0,,,,,,,COMPLETE
908,908,0.943439747242736,2025-01-06 22:02:30.461785,2025-01-06 22:02:34.081807,0 days 00:00:03.620022,2,1,2.0,,,,,,,,,,,,,,,,,,,60,25.0,,,,,,,,,,,,,,,,,,,COMPLETE
909,909,0.9466549628329204,2025-01-06 22:02:34.082263,2025-01-06 22:02:38.272939,0 days 00:00:04.190676,3,1,1.0,,,,,,,,,,,3.0,,,,,,,,60,30.0,,,,,,,,,,,35.0,,,,,,,,COMPLETE
910,910,0.9257078426459534,2025-01-06 22:02:38.273404,2025-01-06 22:02:42.076333,0 days 00:00:03.802929,2,2,1.0,,,,,,,,,,,,,,,,,,,35,25.0,,,,,,,,,,,,,,,,,,,COMPLETE
911,911,0.9565943238731218,2025-01-06 22:02:42.076788,2025-01-06 22:02:45.689240,0 days 00:00:03.612452,3,1,2.0,,,,,,,,,,,2.0,,,,,,,,35,25.0,,,,,,,,,,,40.0,,,,,,,,COMPLETE
912,912,0.6193588997120242,2025-01-06 22:02:45.689703,2025-01-06 22:02:59.564423,0 days 00:00:13.874720,5,1,2.0,,,,,,,,,,,4.0,11.0,2.0,,,,,,60,30.0,,,,,,,,,,,30.0,25.0,55.0,,,,,,COMPLETE
913,913,0.9423534338358459,2025-01-06 22:02:59.565014,2025-01-06 22:03:06.648499,0 days 00:00:07.083485,3,2,3.0,,,,,,,,,,,5.0,,,,,,,,55,45.0,,,,,,,,,,,15.0,,,,,,,,COMPLETE
914,914,0.93999399939994,2025-01-06 22:03:06.649012,2025-01-06 22:03:09.561140,0 days 00:00:02.912128,2,1,2.0,,,,,,,,,,,,,,,,,,,30,25.0,,,,,,,,,,,,,,,,,,,COMPLETE
915,915,0.5066001899335233,2025-01-06 22:03:09.561625,2025-01-06 22:03:28.873720,0 days 00:00:19.312095,8,2,1.0,,,,,,,,,,,2.0,6.0,10.0,5.0,8.0,5.0,,,60,25.0,,,,,,,,,,,25.0,10.0,35.0,15.0,15.0,20.0,,,COMPLETE
916,916,0.8494276812624877,2025-01-06 22:03:28.874434,2025-01-06 22:03:37.674691,0 days 00:00:08.800257,4,1,1.0,,,,,,,,,,,3.0,10.0,,,,,,,35,30.0,,,,,,,,,,,50.0,40.0,,,,,,,COMPLETE
917,917,0.916241125394076,2025-01-06 22:03:37.675491,2025-01-06 22:03:42.367781,0 days 00:00:04.692290,3,1,12.0,,,,,,,,,,,1.0,,,,,,,,20,25.0,,,,,,,,,,,40.0,,,,,,,,COMPLETE
918,918,0.6015219316875924,2025-01-06 22:03:42.368299,2025-01-06 22:04:04.939759,0 days 00:00:22.571460,7,1,1.0,,,,,,,,,,,4.0,7.0,1.0,12.0,4.0,,,,35,25.0,,,,,,,,,,,35.0,55.0,30.0,20.0,25.0,,,,COMPLETE
919,919,0.9488710139795282,2025-01-06 22:04:04.940440,2025-01-06 22:04:09.561196,0 days 00:00:04.620756,2,3,2.0,,,,,,,,,,,,,,,,,,,60,25.0,,,,,,,,,,,,,,,,,,,COMPLETE
920,920,0.9365843869155128,2025-01-06 22:04:09.561684,2025-01-06 22:04:13.710468,0 days 00:00:04.148784,3,2,2.0,,,,,,,,,,,5.0,,,,,,,,35,5.0,,,,,,,,,,,30.0,,,,,,,,COMPLETE
921,921,0.9392169262858918,2025-01-06 22:04:13.710966,2025-01-06 22:04:17.002392,0 days 00:00:03.291426,2,1,1.0,,,,,,,,,,,,,,,,,,,60,30.0,,,,,,,,,,,,,,,,,,,COMPLETE
922,922,0.9539727623625374,2025-01-06 22:04:17.002854,2025-01-06 22:04:21.932370,0 days 00:00:04.929516,4,1,1.0,,,,,,,,,,,3.0,2.0,,,,,,,60,25.0,,,,,,,,,,,45.0,20.0,,,,,,,COMPLETE
923,923,0.37597959115616764,2025-01-06 22:04:21.932888,2025-01-06 22:04:36.127235,0 days 00:00:14.194347,15,1,3.0,12.0,1.0,2.0,12.0,7.0,,,,,,4.0,9.0,5.0,7.0,7.0,9.0,8.0,4.0,35,30.0,35.0,55.0,55.0,35.0,10.0,,,,,,35.0,5.0,60.0,45.0,60.0,5.0,40.0,45.0,COMPLETE
924,924,0.9491274054782018,2025-01-06 22:04:36.128000,2025-01-06 22:04:40.669134,0 days 00:00:04.541134,3,2,1.0,,,,,,,,,,,2.0,,,,,,,,35,25.0,,,,,,,,,,,40.0,,,,,,,,COMPLETE
925,925,0.0,2025-01-06 22:04:40.669650,2025-01-06 22:07:06.197010,0 days 00:02:25.527360,18,14,2.0,4.0,5.0,1.0,8.0,11.0,15.0,10.0,11.0,,,3.0,4.0,7.0,13.0,14.0,13.0,10.0,3.0,55,25.0,40.0,5.0,5.0,45.0,55.0,25.0,55.0,30.0,,,35.0,35.0,25.0,40.0,35.0,50.0,45.0,15.0,COMPLETE
926,926,0.9573354174019731,2025-01-06 22:07:06.198168,2025-01-06 22:07:09.779835,0 days 00:00:03.581667,3,1,2.0,,,,,,,,,,,4.0,,,,,,,,30,30.0,,,,,,,,,,,25.0,,,,,,,,COMPLETE
927,927,0.9401093137525534,2025-01-06 22:07:09.780410,2025-01-06 22:07:13.156323,0 days 00:00:03.375913,2,1,1.0,,,,,,,,,,,,,,,,,,,60,20.0,,,,,,,,,,,,,,,,,,,COMPLETE
928,928,0.9532421923993477,2025-01-06 22:07:13.156790,2025-01-06 22:07:17.943518,0 days 00:00:04.786728,3,1,2.0,,,,,,,,,,,5.0,,,,,,,,60,25.0,,,,,,,,,,,30.0,,,,,,,,COMPLETE
929,929,0.8113601214745663,2025-01-06 22:07:17.944010,2025-01-06 22:07:25.802003,0 days 00:00:07.857993,3,2,9.0,,,,,,,,,,,2.0,,,,,,,,35,30.0,,,,,,,,,,,30.0,,,,,,,,COMPLETE
930,930,0.9541220074126013,2025-01-06 22:07:25.802564,2025-01-06 22:07:28.384618,0 days 00:00:02.582054,2,1,2.0,,,,,,,,,,,,,,,,,,,35,25.0,,,,,,,,,,,,,,,,,,,COMPLETE
931,931,0.9540680436202824,2025-01-06 22:07:28.385081,2025-01-06 22:07:32.312130,0 days 00:00:03.927049,3,1,1.0,,,,,,,,,,,3.0,,,,,,,,60,25.0,,,,,,,,,,,15.0,,,,,,,,COMPLETE
932,932,0.9643146394274476,2025-01-06 22:07:32.312603,2025-01-06 22:07:36.825422,0 days 00:00:04.512819,4,1,1.0,,,,,,,,,,,4.0,1.0,,,,,,,55,30.0,,,,,,,,,,,30.0,30.0,,,,,,,COMPLETE
933,933,0.940771349862259,2025-01-06 22:07:36.825942,2025-01-06 22:07:40.339981,0 days 00:00:03.514039,2,1,2.0,,,,,,,,,,,,,,,,,,,55,20.0,,,,,,,,,,,,,,,,,,,COMPLETE
934,934,0.9475469395679064,2025-01-06 22:07:40.340445,2025-01-06 22:07:44.228736,0 days 00:00:03.888291,3,1,2.0,,,,,,,,,,,4.0,,,,,,,,55,25.0,,,,,,,,,,,25.0,,,,,,,,COMPLETE
935,935,0.7939307984434338,2025-01-06 22:07:44.229201,2025-01-06 22:07:51.029708,0 days 00:00:06.800507,4,1,1.0,,,,,,,,,,,10.0,3.0,,,,,,,55,25.0,,,,,,,,,,,30.0,10.0,,,,,,,COMPLETE
936,936,0.9456706281833616,2025-01-06 22:07:51.030286,2025-01-06 22:07:54.300256,0 days 00:00:03.269970,2,1,1.0,,,,,,,,,,,,,,,,,,,55,30.0,,,,,,,,,,,,,,,,,,,COMPLETE
937,937,0.8387178067410626,2025-01-06 22:07:54.300689,2025-01-06 22:07:59.917914,0 days 00:00:05.617225,1,1,,,,,,,,,,,,,,,,,,,,50,,,,,,,,,,,,,,,,,,,,COMPLETE
938,938,0.958901761072045,2025-01-06 22:07:59.918357,2025-01-06 22:08:04.630495,0 days 00:00:04.712138,3,1,2.0,,,,,,,,,,,4.0,,,,,,,,55,25.0,,,,,,,,,,,30.0,,,,,,,,COMPLETE
939,939,0.7014230419628829,2025-01-06 22:08:04.631014,2025-01-06 22:08:12.055422,0 days 00:00:07.424408,4,1,1.0,,,,,,,,,,,4.0,12.0,,,,,,,25,20.0,,,,,,,,,,,30.0,10.0,,,,,,,COMPLETE
940,940,0.9592013311148087,2025-01-06 22:08:12.056132,2025-01-06 22:08:15.646109,0 days 00:00:03.589977,2,1,3.0,,,,,,,,,,,,,,,,,,,55,30.0,,,,,,,,,,,,,,,,,,,COMPLETE
941,941,0.8723395132659886,2025-01-06 22:08:15.646559,2025-01-06 22:08:21.148157,0 days 00:00:05.501598,3,1,7.0,,,,,,,,,,,4.0,,,,,,,,60,25.0,,,,,,,,,,,30.0,,,,,,,,COMPLETE
942,942,0.9633304536957048,2025-01-06 22:08:21.148805,2025-01-06 22:08:25.688259,0 days 00:00:04.539454,3,1,2.0,,,,,,,,,,,5.0,,,,,,,,60,25.0,,,,,,,,,,,25.0,,,,,,,,COMPLETE
943,943,0.9386900464738528,2025-01-06 22:08:25.688747,2025-01-06 22:08:30.550724,0 days 00:00:04.861977,3,1,3.0,,,,,,,,,,,5.0,,,,,,,,60,30.0,,,,,,,,,,,25.0,,,,,,,,COMPLETE
944,944,0.15713754286083975,2025-01-06 22:08:30.551228,2025-01-06 22:08:47.544331,0 days 00:00:16.993103,19,1,2.0,2.0,12.0,9.0,13.0,6.0,8.0,3.0,4.0,7.0,,5.0,11.0,11.0,5.0,1.0,3.0,13.0,7.0,60,25.0,55.0,20.0,30.0,25.0,40.0,50.0,10.0,15.0,40.0,,20.0,20.0,55.0,5.0,50.0,60.0,25.0,10.0,COMPLETE
945,945,0.9557803822053046,2025-01-06 22:08:47.545168,2025-01-06 22:08:51.299901,0 days 00:00:03.754733,2,1,3.0,,,,,,,,,,,,,,,,,,,60,25.0,,,,,,,,,,,,,,,,,,,COMPLETE
946,946,0.9540355677154583,2025-01-06 22:08:51.300366,2025-01-06 22:08:55.636430,0 days 00:00:04.336064,3,1,2.0,,,,,,,,,,,5.0,,,,,,,,60,20.0,,,,,,,,,,,25.0,,,,,,,,COMPLETE
947,947,0.6904709177749315,2025-01-06 22:08:55.636941,2025-01-06 22:09:03.315835,0 days 00:00:07.678894,4,1,2.0,,,,,,,,,,,5.0,5.0,,,,,,,60,25.0,,,,,,,,,,,25.0,15.0,,,,,,,COMPLETE
948,948,0.9406443182389305,2025-01-06 22:09:03.316411,2025-01-06 22:09:07.581168,0 days 00:00:04.264757,3,1,2.0,,,,,,,,,,,5.0,,,,,,,,60,30.0,,,,,,,,,,,20.0,,,,,,,,COMPLETE
949,949,0.9568022339770919,2025-01-06 22:09:07.581665,2025-01-06 22:09:10.898707,0 days 00:00:03.317042,2,1,2.0,,,,,,,,,,,,,,,,,,,55,25.0,,,,,,,,,,,,,,,,,,,COMPLETE
950,950,0.9166267236929431,2025-01-06 22:09:10.899162,2025-01-06 22:09:17.483025,0 days 00:00:06.583863,1,1,,,,,,,,,,,,,,,,,,,,60,,,,,,,,,,,,,,,,,,,,COMPLETE
951,951,0.9422543078169072,2025-01-06 22:09:17.483527,2025-01-06 22:09:22.196633,0 days 00:00:04.713106,3,1,2.0,,,,,,,,,,,5.0,,,,,,,,60,25.0,,,,,,,,,,,25.0,,,,,,,,COMPLETE
952,952,0.6326497897952394,2025-01-06 22:09:22.197175,2025-01-06 22:09:37.425691,0 days 00:00:15.228516,5,1,3.0,,,,,,,,,,,4.0,7.0,9.0,,,,,,60,30.0,,,,,,,,,,,15.0,25.0,15.0,,,,,,COMPLETE
953,953,0.6209051271887897,2025-01-06 22:09:37.426584,2025-01-06 22:09:49.621374,0 days 00:00:12.194790,4,1,8.0,,,,,,,,,,,4.0,8.0,,,,,,,60,25.0,,,,,,,,,,,50.0,30.0,,,,,,,COMPLETE
954,954,0.5482294335707801,2025-01-06 22:09:49.621967,2025-01-06 22:10:10.493077,0 days 00:00:20.871110,6,1,2.0,,,,,,,,,,,12.0,14.0,6.0,9.0,,,,,60,20.0,,,,,,,,,,,25.0,5.0,40.0,35.0,,,,,COMPLETE
955,955,0.9446308724832215,2025-01-06 22:10:10.493724,2025-01-06 22:10:15.506673,0 days 00:00:05.012949,3,1,2.0,,,,,,,,,,,5.0,,,,,,,,55,30.0,,,,,,,,,,,45.0,,,,,,,,COMPLETE
