,number,value,datetime_start,datetime_complete,duration,params_depth,params_grids_0,params_grids_1,params_grids_10,params_grids_11,params_grids_12,params_grids_13,params_grids_14,params_grids_15,params_grids_16,params_grids_17,params_grids_18,params_grids_19,params_grids_2,params_grids_3,params_grids_4,params_grids_5,params_grids_6,params_grids_7,params_grids_8,params_grids_9,params_neurons_layer_0,params_neurons_layer_1,params_neurons_layer_10,params_neurons_layer_11,params_neurons_layer_12,params_neurons_layer_13,params_neurons_layer_14,params_neurons_layer_15,params_neurons_layer_16,params_neurons_layer_17,params_neurons_layer_18,params_neurons_layer_19,params_neurons_layer_2,params_neurons_layer_3,params_neurons_layer_4,params_neurons_layer_5,params_neurons_layer_6,params_neurons_layer_7,params_neurons_layer_8,params_neurons_layer_9,state
976,976,0.8688725490196079,2025-01-05 14:43:22.707294,2025-01-05 14:43:27.006535,0 days 00:00:04.299241,3,2,4.0,,,,,,,,,,,1.0,,,,,,,,50,50.0,,,,,,,,,,,20.0,,,,,,,,COMPLETE
977,977,0.8,2025-01-05 14:43:27.006989,2025-01-05 14:43:31.092886,0 days 00:00:04.085897,3,1,3.0,,,,,,,,,,,2.0,,,,,,,,50,50.0,,,,,,,,,,,25.0,,,,,,,,COMPLETE
978,978,0.8248299319727892,2025-01-05 14:43:31.093341,2025-01-05 14:43:35.808586,0 days 00:00:04.715245,3,3,6.0,,,,,,,,,,,1.0,,,,,,,,50,10.0,,,,,,,,,,,10.0,,,,,,,,COMPLETE
979,979,0.8081014729950899,2025-01-05 14:43:35.809045,2025-01-05 14:43:39.617977,0 days 00:00:03.808932,3,1,5.0,,,,,,,,,,,3.0,,,,,,,,45,45.0,,,,,,,,,,,20.0,,,,,,,,COMPLETE
980,980,0.36602870813397126,2025-01-05 14:43:39.618428,2025-01-05 14:43:47.447483,0 days 00:00:07.829055,11,1,4.0,9.0,,,,,,,,,,2.0,11.0,3.0,9.0,3.0,10.0,4.0,5.0,50,60.0,30.0,,,,,,,,,,10.0,10.0,20.0,50.0,55.0,40.0,35.0,10.0,COMPLETE
981,981,0.6161616161616161,2025-01-05 14:43:47.448133,2025-01-05 14:43:52.051455,0 days 00:00:04.603322,4,2,4.0,,,,,,,,,,,1.0,15.0,,,,,,,35,50.0,,,,,,,,,,,15.0,55.0,,,,,,,COMPLETE
982,982,0.8209219858156028,2025-01-05 14:43:52.051939,2025-01-05 14:43:55.438509,0 days 00:00:03.386570,2,1,5.0,,,,,,,,,,,,,,,,,,,50,50.0,,,,,,,,,,,,,,,,,,,COMPLETE
983,983,0.8,2025-01-05 14:43:55.438931,2025-01-05 14:43:59.203178,0 days 00:00:03.764247,2,2,3.0,,,,,,,,,,,,,,,,,,,55,5.0,,,,,,,,,,,,,,,,,,,COMPLETE
984,984,0.9485544217687075,2025-01-05 14:43:59.203603,2025-01-05 14:44:03.690433,0 days 00:00:04.486830,3,1,4.0,,,,,,,,,,,3.0,,,,,,,,45,10.0,,,,,,,,,,,30.0,,,,,,,,COMPLETE
985,985,0.317312661498708,2025-01-05 14:44:03.691005,2025-01-05 14:44:16.076464,0 days 00:00:12.385459,4,12,5.0,,,,,,,,,,,3.0,9.0,,,,,,,45,10.0,,,,,,,,,,,25.0,45.0,,,,,,,COMPLETE
986,986,0.7829787234042553,2025-01-05 14:44:16.076990,2025-01-05 14:44:20.541827,0 days 00:00:04.464837,3,1,4.0,,,,,,,,,,,3.0,,,,,,,,45,10.0,,,,,,,,,,,30.0,,,,,,,,COMPLETE
987,987,0.49810606060606055,2025-01-05 14:44:20.542298,2025-01-05 14:44:26.927826,0 days 00:00:06.385528,4,2,6.0,,,,,,,,,,,4.0,12.0,,,,,,,40,10.0,,,,,,,,,,,30.0,40.0,,,,,,,COMPLETE
988,988,0.845531914893617,2025-01-05 14:44:26.928310,2025-01-05 14:44:31.359755,0 days 00:00:04.431445,3,1,4.0,,,,,,,,,,,2.0,,,,,,,,45,10.0,,,,,,,,,,,25.0,,,,,,,,COMPLETE
989,989,0.8685714285714285,2025-01-05 14:44:31.360222,2025-01-05 14:44:35.503577,0 days 00:00:04.143355,3,1,4.0,,,,,,,,,,,2.0,,,,,,,,40,10.0,,,,,,,,,,,30.0,,,,,,,,COMPLETE
990,990,0.7573203194321206,2025-01-05 14:44:35.504029,2025-01-05 14:44:40.505958,0 days 00:00:05.001929,4,1,5.0,,,,,,,,,,,2.0,3.0,,,,,,,45,10.0,,,,,,,,,,,25.0,60.0,,,,,,,COMPLETE
991,991,0.8975,2025-01-05 14:44:40.506450,2025-01-05 14:44:44.630707,0 days 00:00:04.124257,3,1,3.0,,,,,,,,,,,1.0,,,,,,,,45,10.0,,,,,,,,,,,35.0,,,,,,,,COMPLETE
992,992,0.7777777777777778,2025-01-05 14:44:44.631165,2025-01-05 14:44:48.946950,0 days 00:00:04.315785,3,2,4.0,,,,,,,,,,,3.0,,,,,,,,40,10.0,,,,,,,,,,,30.0,,,,,,,,COMPLETE
993,993,0.6594097726173198,2025-01-05 14:44:48.947654,2025-01-05 14:44:52.621799,0 days 00:00:03.674145,3,1,4.0,,,,,,,,,,,4.0,,,,,,,,40,5.0,,,,,,,,,,,35.0,,,,,,,,COMPLETE
994,994,0.8891162029459901,2025-01-05 14:44:52.622373,2025-01-05 14:44:57.803659,0 days 00:00:05.181286,4,1,5.0,,,,,,,,,,,2.0,1.0,,,,,,,45,10.0,,,,,,,,,,,30.0,20.0,,,,,,,COMPLETE
995,995,0.4580952380952381,2025-01-05 14:44:57.804160,2025-01-05 14:45:04.283747,0 days 00:00:06.479587,5,1,4.0,,,,,,,,,,,1.0,4.0,12.0,,,,,,45,10.0,,,,,,,,,,,25.0,30.0,15.0,,,,,,COMPLETE
996,996,0.76759410801964,2025-01-05 14:45:04.284406,2025-01-05 14:45:08.697418,0 days 00:00:04.413012,3,2,6.0,,,,,,,,,,,4.0,,,,,,,,45,15.0,,,,,,,,,,,30.0,,,,,,,,COMPLETE
997,997,0.845531914893617,2025-01-05 14:45:08.697887,2025-01-05 14:45:12.816651,0 days 00:00:04.118764,3,1,5.0,,,,,,,,,,,2.0,,,,,,,,50,10.0,,,,,,,,,,,35.0,,,,,,,,COMPLETE
998,998,0.8685714285714285,2025-01-05 14:45:12.817118,2025-01-05 14:45:17.194291,0 days 00:00:04.377173,3,2,3.0,,,,,,,,,,,3.0,,,,,,,,40,5.0,,,,,,,,,,,25.0,,,,,,,,COMPLETE
999,999,0.7141666666666666,2025-01-05 14:45:17.194760,2025-01-05 14:45:22.065498,0 days 00:00:04.870738,3,4,4.0,,,,,,,,,,,1.0,,,,,,,,50,5.0,,,,,,,,,,,30.0,,,,,,,,COMPLETE
