,number,value,datetime_start,datetime_complete,duration,params_depth,params_grids_0,params_grids_1,params_grids_10,params_grids_11,params_grids_12,params_grids_13,params_grids_14,params_grids_15,params_grids_16,params_grids_17,params_grids_18,params_grids_19,params_grids_2,params_grids_3,params_grids_4,params_grids_5,params_grids_6,params_grids_7,params_grids_8,params_grids_9,params_neurons_layer_0,params_neurons_layer_1,params_neurons_layer_10,params_neurons_layer_11,params_neurons_layer_12,params_neurons_layer_13,params_neurons_layer_14,params_neurons_layer_15,params_neurons_layer_16,params_neurons_layer_17,params_neurons_layer_18,params_neurons_layer_19,params_neurons_layer_2,params_neurons_layer_3,params_neurons_layer_4,params_neurons_layer_5,params_neurons_layer_6,params_neurons_layer_7,params_neurons_layer_8,params_neurons_layer_9,state
963,963,0.6946778711484594,2025-01-05 16:01:28.260907,2025-01-05 16:01:32.472548,0 days 00:00:04.211641,3,1,11.0,,,,,,,,,,,2.0,,,,,,,,25,40.0,,,,,,,,,,,25.0,,,,,,,,COMPLETE
964,964,0.7351756364808251,2025-01-05 16:01:32.473045,2025-01-05 16:01:36.648054,0 days 00:00:04.175009,3,1,10.0,,,,,,,,,,,1.0,,,,,,,,30,30.0,,,,,,,,,,,30.0,,,,,,,,COMPLETE
965,965,0.8287732402370707,2025-01-05 16:01:36.648543,2025-01-05 16:01:40.808355,0 days 00:00:04.159812,3,1,1.0,,,,,,,,,,,3.0,,,,,,,,60,40.0,,,,,,,,,,,35.0,,,,,,,,COMPLETE
966,966,0.6929032258064516,2025-01-05 16:01:40.808838,2025-01-05 16:01:45.766888,0 days 00:00:04.958050,4,1,2.0,,,,,,,,,,,1.0,6.0,,,,,,,30,40.0,,,,,,,,,,,25.0,20.0,,,,,,,COMPLETE
967,967,0.6363410801422545,2025-01-05 16:01:45.767408,2025-01-05 16:01:50.785237,0 days 00:00:05.017829,4,1,1.0,,,,,,,,,,,2.0,10.0,,,,,,,25,30.0,,,,,,,,,,,30.0,15.0,,,,,,,COMPLETE
968,968,0.7155963302752294,2025-01-05 16:01:50.785753,2025-01-05 16:01:54.943164,0 days 00:00:04.157411,3,1,3.0,,,,,,,,,,,4.0,,,,,,,,30,40.0,,,,,,,,,,,45.0,,,,,,,,COMPLETE
969,969,0.7711086045762165,2025-01-05 16:01:54.943653,2025-01-05 16:01:59.105132,0 days 00:00:04.161479,3,1,1.0,,,,,,,,,,,2.0,,,,,,,,60,40.0,,,,,,,,,,,35.0,,,,,,,,COMPLETE
970,970,0.756043956043956,2025-01-05 16:01:59.105637,2025-01-05 16:02:02.531116,0 days 00:00:03.425479,2,1,3.0,,,,,,,,,,,,,,,,,,,15,30.0,,,,,,,,,,,,,,,,,,,COMPLETE
971,971,0.8070796460176992,2025-01-05 16:02:02.531551,2025-01-05 16:02:07.455525,0 days 00:00:04.923974,4,1,1.0,,,,,,,,,,,3.0,1.0,,,,,,,25,40.0,,,,,,,,,,,55.0,10.0,,,,,,,COMPLETE
972,972,0.7946264848919716,2025-01-05 16:02:07.456061,2025-01-05 16:02:10.847879,0 days 00:00:03.391818,2,1,2.0,,,,,,,,,,,,,,,,,,,30,25.0,,,,,,,,,,,,,,,,,,,COMPLETE
973,973,0.7844436986071488,2025-01-05 16:02:10.848323,2025-01-05 16:02:15.190528,0 days 00:00:04.342205,3,12,2.0,,,,,,,,,,,1.0,,,,,,,,10,40.0,,,,,,,,,,,30.0,,,,,,,,COMPLETE
974,974,0.8214285714285714,2025-01-05 16:02:15.191042,2025-01-05 16:02:18.598565,0 days 00:00:03.407523,2,1,1.0,,,,,,,,,,,,,,,,,,,60,40.0,,,,,,,,,,,,,,,,,,,COMPLETE
975,975,0.7982300884955753,2025-01-05 16:02:18.599006,2025-01-05 16:02:23.032281,0 days 00:00:04.433275,3,1,3.0,,,,,,,,,,,1.0,,,,,,,,30,30.0,,,,,,,,,,,40.0,,,,,,,,COMPLETE
976,976,0.8191003911342895,2025-01-05 16:02:23.032778,2025-01-05 16:02:26.433140,0 days 00:00:03.400362,2,1,1.0,,,,,,,,,,,,,,,,,,,25,40.0,,,,,,,,,,,,,,,,,,,COMPLETE
977,977,0.8071911196911197,2025-01-05 16:02:26.433578,2025-01-05 16:02:30.894287,0 days 00:00:04.460709,3,1,2.0,,,,,,,,,,,2.0,,,,,,,,15,35.0,,,,,,,,,,,25.0,,,,,,,,COMPLETE
978,978,0.7871189773844641,2025-01-05 16:02:30.894781,2025-01-05 16:02:35.052736,0 days 00:00:04.157955,3,1,1.0,,,,,,,,,,,4.0,,,,,,,,30,50.0,,,,,,,,,,,30.0,,,,,,,,COMPLETE
979,979,0.7612794612794613,2025-01-05 16:02:35.053490,2025-01-05 16:02:40.007046,0 days 00:00:04.953556,4,1,1.0,,,,,,,,,,,2.0,3.0,,,,,,,30,40.0,,,,,,,,,,,35.0,35.0,,,,,,,COMPLETE
980,980,0.22122660294703306,2025-01-05 16:02:40.007830,2025-01-05 16:02:45.514791,0 days 00:00:05.506961,11,11,3.0,5.0,,,,,,,,,,1.0,9.0,6.0,12.0,5.0,13.0,13.0,11.0,20,35.0,10.0,,,,,,,,,,30.0,5.0,60.0,5.0,35.0,45.0,25.0,20.0,COMPLETE
981,981,0.8597311034595836,2025-01-05 16:02:45.515498,2025-01-05 16:02:48.912347,0 days 00:00:03.396849,2,1,3.0,,,,,,,,,,,,,,,,,,,30,30.0,,,,,,,,,,,,,,,,,,,COMPLETE
982,982,0.7802445302445302,2025-01-05 16:02:48.912787,2025-01-05 16:02:53.088430,0 days 00:00:04.175643,3,1,1.0,,,,,,,,,,,3.0,,,,,,,,60,40.0,,,,,,,,,,,25.0,,,,,,,,COMPLETE
983,983,0.8159504265250281,2025-01-05 16:02:53.088927,2025-01-05 16:02:56.504005,0 days 00:00:03.415078,2,1,2.0,,,,,,,,,,,,,,,,,,,20,40.0,,,,,,,,,,,,,,,,,,,COMPLETE
984,984,0.49307062948739355,2025-01-05 16:02:56.504442,2025-01-05 16:03:02.599046,0 days 00:00:06.094604,5,1,1.0,,,,,,,,,,,4.0,4.0,13.0,,,,,,25,35.0,,,,,,,,,,,30.0,25.0,5.0,,,,,,COMPLETE
985,985,0.7925233644859813,2025-01-05 16:03:02.599629,2025-01-05 16:03:06.757218,0 days 00:00:04.157589,3,1,1.0,,,,,,,,,,,2.0,,,,,,,,30,40.0,,,,,,,,,,,35.0,,,,,,,,COMPLETE
986,986,0.7727084883048185,2025-01-05 16:03:06.757710,2025-01-05 16:03:10.914487,0 days 00:00:04.156777,3,1,2.0,,,,,,,,,,,3.0,,,,,,,,30,35.0,,,,,,,,,,,25.0,,,,,,,,COMPLETE
987,987,0.7663043478260869,2025-01-05 16:03:10.914983,2025-01-05 16:03:15.357641,0 days 00:00:04.442658,3,1,1.0,,,,,,,,,,,1.0,,,,,,,,20,30.0,,,,,,,,,,,30.0,,,,,,,,COMPLETE
988,988,0.8481053051455923,2025-01-05 16:03:15.358153,2025-01-05 16:03:18.992457,0 days 00:00:03.634304,2,1,3.0,,,,,,,,,,,,,,,,,,,60,50.0,,,,,,,,,,,,,,,,,,,COMPLETE
989,989,0.7767679183608387,2025-01-05 16:03:18.992901,2025-01-05 16:03:22.630805,0 days 00:00:03.637904,2,13,1.0,,,,,,,,,,,,,,,,,,,20,35.0,,,,,,,,,,,,,,,,,,,COMPLETE
990,990,0.5409615222699334,2025-01-05 16:03:22.631247,2025-01-05 16:03:27.629092,0 days 00:00:04.997845,4,1,2.0,,,,,,,,,,,2.0,6.0,,,,,,,25,30.0,,,,,,,,,,,30.0,15.0,,,,,,,COMPLETE
991,991,0.7892535392535392,2025-01-05 16:03:27.629623,2025-01-05 16:03:31.803392,0 days 00:00:04.173769,3,1,3.0,,,,,,,,,,,1.0,,,,,,,,15,40.0,,,,,,,,,,,25.0,,,,,,,,COMPLETE
992,992,0.7926948051948053,2025-01-05 16:03:31.803899,2025-01-05 16:03:35.190071,0 days 00:00:03.386172,2,1,1.0,,,,,,,,,,,,,,,,,,,30,15.0,,,,,,,,,,,,,,,,,,,COMPLETE
993,993,0.8451345755693582,2025-01-05 16:03:35.190512,2025-01-05 16:03:39.258685,0 days 00:00:04.068173,3,8,2.0,,,,,,,,,,,2.0,,,,,,,,25,40.0,,,,,,,,,,,45.0,,,,,,,,COMPLETE
994,994,0.8143560295324037,2025-01-05 16:03:39.259194,2025-01-05 16:03:44.193831,0 days 00:00:04.934637,4,1,1.0,,,,,,,,,,,3.0,2.0,,,,,,,50,40.0,,,,,,,,,,,35.0,30.0,,,,,,,COMPLETE
995,995,0.8035714285714286,2025-01-05 16:03:44.194387,2025-01-05 16:03:47.575858,0 days 00:00:03.381471,2,1,1.0,,,,,,,,,,,,,,,,,,,30,35.0,,,,,,,,,,,,,,,,,,,COMPLETE
996,996,0.6688034188034189,2025-01-05 16:03:47.576301,2025-01-05 16:03:51.206315,0 days 00:00:03.630014,3,1,3.0,,,,,,,,,,,4.0,,,,,,,,5,40.0,,,,,,,,,,,30.0,,,,,,,,COMPLETE
997,997,0.0,2025-01-05 16:03:51.206807,2025-01-05 16:04:25.554307,0 days 00:00:34.347500,20,1,3.0,2.0,8.0,12.0,14.0,8.0,2.0,1.0,15.0,10.0,15.0,3.0,1.0,11.0,6.0,7.0,12.0,8.0,3.0,60,40.0,45.0,30.0,30.0,35.0,25.0,30.0,40.0,20.0,45.0,60.0,30.0,20.0,10.0,55.0,10.0,55.0,20.0,10.0,COMPLETE
998,998,0.8199236827149469,2025-01-05 16:04:25.555471,2025-01-05 16:04:29.184654,0 days 00:00:03.629183,2,1,2.0,,,,,,,,,,,,,,,,,,,20,30.0,,,,,,,,,,,,,,,,,,,COMPLETE
999,999,0.8035087719298246,2025-01-05 16:04:29.185216,2025-01-05 16:04:33.358898,0 days 00:00:04.173682,3,2,1.0,,,,,,,,,,,1.0,,,,,,,,20,40.0,,,,,,,,,,,25.0,,,,,,,,COMPLETE
