,number,value,datetime_start,datetime_complete,duration,params_depth,params_grids_0,params_grids_1,params_grids_10,params_grids_11,params_grids_12,params_grids_13,params_grids_14,params_grids_15,params_grids_16,params_grids_17,params_grids_18,params_grids_19,params_grids_2,params_grids_3,params_grids_4,params_grids_5,params_grids_6,params_grids_7,params_grids_8,params_grids_9,params_neurons_layer_0,params_neurons_layer_1,params_neurons_layer_10,params_neurons_layer_11,params_neurons_layer_12,params_neurons_layer_13,params_neurons_layer_14,params_neurons_layer_15,params_neurons_layer_16,params_neurons_layer_17,params_neurons_layer_18,params_neurons_layer_19,params_neurons_layer_2,params_neurons_layer_3,params_neurons_layer_4,params_neurons_layer_5,params_neurons_layer_6,params_neurons_layer_7,params_neurons_layer_8,params_neurons_layer_9,state
596,596,0.7470105890676285,2025-01-06 21:22:54.041248,2025-01-06 21:23:00.979445,0 days 00:00:06.938197,4,1,2.0,,,,,,,,,,,4.0,6.0,,,,,,,60,30.0,,,,,,,,,,,55.0,5.0,,,,,,,COMPLETE
597,597,0.9325586554994731,2025-01-06 21:23:00.979938,2025-01-06 21:23:07.749500,0 days 00:00:06.769562,3,1,3.0,,,,,,,,,,,5.0,,,,,,,,55,30.0,,,,,,,,,,,50.0,,,,,,,,COMPLETE
598,598,0.9508472696009096,2025-01-06 21:23:07.750205,2025-01-06 21:23:11.617310,0 days 00:00:03.867105,2,1,2.0,,,,,,,,,,,,,,,,,,,60,30.0,,,,,,,,,,,,,,,,,,,COMPLETE
599,599,0.6308002351690984,2025-01-06 21:23:11.617798,2025-01-06 21:23:28.959174,0 days 00:00:17.341376,4,1,2.0,,,,,,,,,,,4.0,14.0,,,,,,,60,35.0,,,,,,,,,,,40.0,60.0,,,,,,,COMPLETE
600,600,0.8922269376814831,2025-01-06 21:23:28.959687,2025-01-06 21:23:35.127926,0 days 00:00:06.168239,3,1,8.0,,,,,,,,,,,3.0,,,,,,,,60,30.0,,,,,,,,,,,45.0,,,,,,,,COMPLETE
601,601,0.9379966329966329,2025-01-06 21:23:35.128360,2025-01-06 21:23:40.657923,0 days 00:00:05.529563,2,9,2.0,,,,,,,,,,,,,,,,,,,40,25.0,,,,,,,,,,,,,,,,,,,COMPLETE
602,602,0.9457912457912458,2025-01-06 21:23:40.658314,2025-01-06 21:23:44.673520,0 days 00:00:04.015206,3,1,2.0,,,,,,,,,,,5.0,,,,,,,,55,30.0,,,,,,,,,,,10.0,,,,,,,,COMPLETE
603,603,0.9193660745384884,2025-01-06 21:23:44.673963,2025-01-06 21:23:50.137743,0 days 00:00:05.463780,4,4,2.0,,,,,,,,,,,3.0,1.0,,,,,,,60,25.0,,,,,,,,,,,35.0,10.0,,,,,,,COMPLETE
604,604,0.9592677762975329,2025-01-06 21:23:50.138222,2025-01-06 21:23:53.837665,0 days 00:00:03.699443,2,1,3.0,,,,,,,,,,,,,,,,,,,60,35.0,,,,,,,,,,,,,,,,,,,COMPLETE
605,605,0.9369789852548474,2025-01-06 21:23:53.838059,2025-01-06 21:24:00.101742,0 days 00:00:06.263683,1,1,,,,,,,,,,,,,,,,,,,,60,,,,,,,,,,,,,,,,,,,,COMPLETE
606,606,0.9518058989756271,2025-01-06 21:24:00.102131,2025-01-06 21:24:03.838422,0 days 00:00:03.736291,2,1,3.0,,,,,,,,,,,,,,,,,,,60,35.0,,,,,,,,,,,,,,,,,,,COMPLETE
607,607,0.9583332175922711,2025-01-06 21:24:03.838833,2025-01-06 21:24:07.502148,0 days 00:00:03.663315,2,1,3.0,,,,,,,,,,,,,,,,,,,60,35.0,,,,,,,,,,,,,,,,,,,COMPLETE
608,608,0.9469006587905211,2025-01-06 21:24:07.502635,2025-01-06 21:24:10.914562,0 days 00:00:03.411927,2,1,1.0,,,,,,,,,,,,,,,,,,,60,40.0,,,,,,,,,,,,,,,,,,,COMPLETE
609,609,0.9549998749996528,2025-01-06 21:24:10.914980,2025-01-06 21:24:14.620402,0 days 00:00:03.705422,2,1,3.0,,,,,,,,,,,,,,,,,,,60,35.0,,,,,,,,,,,,,,,,,,,COMPLETE
610,610,0.9002611049195988,2025-01-06 21:24:14.620920,2025-01-06 21:24:21.245130,0 days 00:00:06.624210,1,1,,,,,,,,,,,,,,,,,,,,60,,,,,,,,,,,,,,,,,,,,COMPLETE
611,611,0.9484316852737905,2025-01-06 21:24:21.245549,2025-01-06 21:24:24.861290,0 days 00:00:03.615741,2,1,1.0,,,,,,,,,,,,,,,,,,,55,35.0,,,,,,,,,,,,,,,,,,,COMPLETE
612,612,0.9516756300280012,2025-01-06 21:24:24.861696,2025-01-06 21:24:28.652608,0 days 00:00:03.790912,2,1,2.0,,,,,,,,,,,,,,,,,,,60,35.0,,,,,,,,,,,,,,,,,,,COMPLETE
613,613,0.9566661851798354,2025-01-06 21:24:28.653016,2025-01-06 21:24:34.183685,0 days 00:00:05.530669,3,1,1.0,,,,,,,,,,,4.0,,,,,,,,60,40.0,,,,,,,,,,,50.0,,,,,,,,COMPLETE
614,614,0.9456000492991675,2025-01-06 21:24:34.184123,2025-01-06 21:24:38.289571,0 days 00:00:04.105448,3,1,2.0,,,,,,,,,,,6.0,,,,,,,,55,20.0,,,,,,,,,,,25.0,,,,,,,,COMPLETE
615,615,0.9508111417202326,2025-01-06 21:24:38.290005,2025-01-06 21:24:41.487639,0 days 00:00:03.197634,2,1,1.0,,,,,,,,,,,,,,,,,,,60,35.0,,,,,,,,,,,,,,,,,,,COMPLETE
616,616,0.8907740399782041,2025-01-06 21:24:41.488019,2025-01-06 21:24:52.719163,0 days 00:00:11.231144,3,12,2.0,,,,,,,,,,,5.0,,,,,,,,60,25.0,,,,,,,,,,,30.0,,,,,,,,COMPLETE
617,617,0.9505849132714804,2025-01-06 21:24:52.719600,2025-01-06 21:24:55.808081,0 days 00:00:03.088481,2,1,1.0,,,,,,,,,,,,,,,,,,,60,20.0,,,,,,,,,,,,,,,,,,,COMPLETE
618,618,0.9277151420008563,2025-01-06 21:24:55.808482,2025-01-06 21:25:02.244016,0 days 00:00:06.435534,1,1,,,,,,,,,,,,,,,,,,,,55,,,,,,,,,,,,,,,,,,,,COMPLETE
619,619,0.9466660740674897,2025-01-06 21:25:02.244421,2025-01-06 21:25:06.215853,0 days 00:00:03.971432,3,1,2.0,,,,,,,,,,,4.0,,,,,,,,40,35.0,,,,,,,,,,,30.0,,,,,,,,COMPLETE
620,620,0.9532552954292085,2025-01-06 21:25:06.216303,2025-01-06 21:25:09.910899,0 days 00:00:03.694596,3,1,1.0,,,,,,,,,,,5.0,,,,,,,,40,25.0,,,,,,,,,,,15.0,,,,,,,,COMPLETE
621,621,0.8302793304210672,2025-01-06 21:25:09.911361,2025-01-06 21:25:16.556028,0 days 00:00:06.644667,1,1,,,,,,,,,,,,,,,,,,,,60,,,,,,,,,,,,,,,,,,,,COMPLETE
622,622,0.7948401766583584,2025-01-06 21:25:16.556439,2025-01-06 21:25:24.060295,0 days 00:00:07.503856,3,1,3.0,,,,,,,,,,,9.0,,,,,,,,55,25.0,,,,,,,,,,,35.0,,,,,,,,COMPLETE
623,623,0.6311637143037256,2025-01-06 21:25:24.061015,2025-01-06 21:25:34.082766,0 days 00:00:10.021751,3,2,11.0,,,,,,,,,,,7.0,,,,,,,,60,25.0,,,,,,,,,,,50.0,,,,,,,,COMPLETE
624,624,0.9456861606494769,2025-01-06 21:25:34.083239,2025-01-06 21:25:37.373633,0 days 00:00:03.290394,2,1,2.0,,,,,,,,,,,,,,,,,,,55,25.0,,,,,,,,,,,,,,,,,,,COMPLETE
625,625,0.9549275362318841,2025-01-06 21:25:37.374039,2025-01-06 21:25:40.508321,0 days 00:00:03.134282,2,2,2.0,,,,,,,,,,,,,,,,,,,40,25.0,,,,,,,,,,,,,,,,,,,COMPLETE
626,626,0.9531799229872233,2025-01-06 21:25:40.508731,2025-01-06 21:25:44.208981,0 days 00:00:03.700250,3,1,1.0,,,,,,,,,,,4.0,,,,,,,,50,25.0,,,,,,,,,,,35.0,,,,,,,,COMPLETE
627,627,0.9624705757961926,2025-01-06 21:25:44.209417,2025-01-06 21:25:47.288339,0 days 00:00:03.078922,2,1,2.0,,,,,,,,,,,,,,,,,,,60,25.0,,,,,,,,,,,,,,,,,,,COMPLETE
628,628,0.9554960239129209,2025-01-06 21:25:47.288722,2025-01-06 21:25:51.545916,0 days 00:00:04.257194,3,1,2.0,,,,,,,,,,,3.0,,,,,,,,60,25.0,,,,,,,,,,,40.0,,,,,,,,COMPLETE
629,629,0.9531527903620927,2025-01-06 21:25:51.546370,2025-01-06 21:25:54.980633,0 days 00:00:03.434263,2,1,3.0,,,,,,,,,,,,,,,,,,,60,20.0,,,,,,,,,,,,,,,,,,,COMPLETE
630,630,0.6936718646880244,2025-01-06 21:25:54.981019,2025-01-06 21:26:03.842096,0 days 00:00:08.861077,3,1,10.0,,,,,,,,,,,6.0,,,,,,,,60,35.0,,,,,,,,,,,20.0,,,,,,,,COMPLETE
631,631,0.9375952678876123,2025-01-06 21:26:03.842538,2025-01-06 21:26:10.064454,0 days 00:00:06.221916,2,1,13.0,,,,,,,,,,,,,,,,,,,60,25.0,,,,,,,,,,,,,,,,,,,COMPLETE
632,632,0.6300292563259102,2025-01-06 21:26:10.064920,2025-01-06 21:26:18.774502,0 days 00:00:08.709582,4,1,4.0,,,,,,,,,,,4.0,15.0,,,,,,,60,25.0,,,,,,,,,,,55.0,5.0,,,,,,,COMPLETE
633,633,0.9426033736378564,2025-01-06 21:26:18.775011,2025-01-06 21:26:22.723780,0 days 00:00:03.948769,3,1,3.0,,,,,,,,,,,5.0,,,,,,,,60,25.0,,,,,,,,,,,5.0,,,,,,,,COMPLETE
634,634,0.9424362335053067,2025-01-06 21:26:22.724222,2025-01-06 21:26:25.946838,0 days 00:00:03.222616,2,1,2.0,,,,,,,,,,,,,,,,,,,60,20.0,,,,,,,,,,,,,,,,,,,COMPLETE
635,635,0.6524838032420548,2025-01-06 21:26:25.947244,2025-01-06 21:26:37.177099,0 days 00:00:11.229855,4,1,2.0,,,,,,,,,,,3.0,12.0,,,,,,,60,25.0,,,,,,,,,,,40.0,15.0,,,,,,,COMPLETE
636,636,0.9559392585877124,2025-01-06 21:26:37.177832,2025-01-06 21:26:42.749056,0 days 00:00:05.571224,3,1,2.0,,,,,,,,,,,4.0,,,,,,,,60,35.0,,,,,,,,,,,55.0,,,,,,,,COMPLETE
637,637,0.957244034737641,2025-01-06 21:26:42.749515,2025-01-06 21:26:46.036774,0 days 00:00:03.287259,2,1,2.0,,,,,,,,,,,,,,,,,,,60,25.0,,,,,,,,,,,,,,,,,,,COMPLETE
638,638,0.9260743891797556,2025-01-06 21:26:46.037175,2025-01-06 21:26:51.844870,0 days 00:00:05.807695,1,1,,,,,,,,,,,,,,,,,,,,40,,,,,,,,,,,,,,,,,,,,COMPLETE
639,639,0.2534189281198327,2025-01-06 21:26:51.845286,2025-01-06 21:27:21.414351,0 days 00:00:29.569065,17,1,2.0,8.0,2.0,10.0,9.0,6.0,9.0,4.0,,,,5.0,14.0,9.0,11.0,13.0,8.0,3.0,4.0,60,25.0,30.0,25.0,10.0,55.0,45.0,50.0,30.0,,,,25.0,10.0,45.0,10.0,10.0,30.0,35.0,45.0,COMPLETE
640,640,0.0,2025-01-06 21:27:21.415137,2025-01-06 21:29:27.712449,0 days 00:02:06.297312,18,1,2.0,14.0,6.0,13.0,1.0,12.0,6.0,11.0,11.0,,,3.0,13.0,15.0,3.0,5.0,12.0,8.0,13.0,40,30.0,10.0,25.0,55.0,35.0,25.0,60.0,50.0,50.0,,,30.0,20.0,5.0,30.0,30.0,60.0,50.0,30.0,COMPLETE
641,641,0.6288376608768751,2025-01-06 21:29:27.713454,2025-01-06 21:29:37.192508,0 days 00:00:09.479054,4,1,3.0,,,,,,,,,,,6.0,10.0,,,,,,,45,25.0,,,,,,,,,,,55.0,5.0,,,,,,,COMPLETE
642,642,0.14700797872340426,2025-01-06 21:29:37.193031,2025-01-06 21:29:49.846789,0 days 00:00:12.653758,13,1,2.0,2.0,10.0,2.0,,,,,,,,4.0,15.0,12.0,14.0,4.0,1.0,10.0,11.0,60,40.0,55.0,55.0,45.0,,,,,,,,10.0,15.0,35.0,35.0,20.0,5.0,60.0,15.0,COMPLETE
643,643,0.9446352798545161,2025-01-06 21:29:49.847448,2025-01-06 21:29:54.249331,0 days 00:00:04.401883,3,1,2.0,,,,,,,,,,,5.0,,,,,,,,45,20.0,,,,,,,,,,,50.0,,,,,,,,COMPLETE
644,644,0.9465640982761263,2025-01-06 21:29:54.249943,2025-01-06 21:29:57.869660,0 days 00:00:03.619717,3,1,2.0,,,,,,,,,,,3.0,,,,,,,,40,25.0,,,,,,,,,,,35.0,,,,,,,,COMPLETE
645,645,0.9525330848503001,2025-01-06 21:29:57.870099,2025-01-06 21:30:01.658435,0 days 00:00:03.788336,2,1,3.0,,,,,,,,,,,,,,,,,,,60,30.0,,,,,,,,,,,,,,,,,,,COMPLETE
646,646,0.934465553636538,2025-01-06 21:30:01.658915,2025-01-06 21:30:08.257083,0 days 00:00:06.598168,1,1,,,,,,,,,,,,,,,,,,,,60,,,,,,,,,,,,,,,,,,,,COMPLETE
647,647,0.9394899780805821,2025-01-06 21:30:08.257509,2025-01-06 21:30:12.917265,0 days 00:00:04.659756,3,1,2.0,,,,,,,,,,,4.0,,,,,,,,40,25.0,,,,,,,,,,,45.0,,,,,,,,COMPLETE
648,648,0.9532340111214862,2025-01-06 21:30:12.917745,2025-01-06 21:30:15.986317,0 days 00:00:03.068572,2,1,2.0,,,,,,,,,,,,,,,,,,,45,25.0,,,,,,,,,,,,,,,,,,,COMPLETE
649,649,0.9456861606494769,2025-01-06 21:30:15.986714,2025-01-06 21:30:20.434605,0 days 00:00:04.447891,3,1,1.0,,,,,,,,,,,3.0,,,,,,,,30,35.0,,,,,,,,,,,55.0,,,,,,,,COMPLETE
650,650,0.9455901219628342,2025-01-06 21:30:20.435059,2025-01-06 21:30:25.390078,0 days 00:00:04.955019,3,2,2.0,,,,,,,,,,,5.0,,,,,,,,60,30.0,,,,,,,,,,,30.0,,,,,,,,COMPLETE
651,651,0.6488153585004901,2025-01-06 21:30:25.390534,2025-01-06 21:30:39.996085,0 days 00:00:14.605551,4,1,1.0,,,,,,,,,,,8.0,13.0,,,,,,,40,25.0,,,,,,,,,,,55.0,20.0,,,,,,,COMPLETE
652,652,0.5791737196394127,2025-01-06 21:30:39.996612,2025-01-06 21:31:14.865084,0 days 00:00:34.868472,6,1,2.0,,,,,,,,,,,4.0,11.0,4.0,4.0,,,,,45,20.0,,,,,,,,,,,45.0,55.0,50.0,55.0,,,,,COMPLETE
653,653,0.9557929883138564,2025-01-06 21:31:14.865924,2025-01-06 21:31:18.556460,0 days 00:00:03.690536,2,1,3.0,,,,,,,,,,,,,,,,,,,60,25.0,,,,,,,,,,,,,,,,,,,COMPLETE
654,654,0.9532421923993477,2025-01-06 21:31:18.556864,2025-01-06 21:31:21.880693,0 days 00:00:03.323829,3,1,1.0,,,,,,,,,,,3.0,,,,,,,,35,30.0,,,,,,,,,,,15.0,,,,,,,,COMPLETE
655,655,0.6036295639699687,2025-01-06 21:31:21.881142,2025-01-06 21:31:32.586089,0 days 00:00:10.704947,4,2,2.0,,,,,,,,,,,7.0,12.0,,,,,,,40,25.0,,,,,,,,,,,25.0,10.0,,,,,,,COMPLETE
656,656,0.9490326363103381,2025-01-06 21:31:32.586638,2025-01-06 21:31:35.598795,0 days 00:00:03.012157,2,1,1.0,,,,,,,,,,,,,,,,,,,60,25.0,,,,,,,,,,,,,,,,,,,COMPLETE
657,657,0.9454541877016831,2025-01-06 21:31:35.599199,2025-01-06 21:31:39.724739,0 days 00:00:04.125540,3,1,2.0,,,,,,,,,,,4.0,,,,,,,,50,25.0,,,,,,,,,,,20.0,,,,,,,,COMPLETE
658,658,0.9448103064012326,2025-01-06 21:31:39.725213,2025-01-06 21:31:46.532266,0 days 00:00:06.807053,3,1,1.0,,,,,,,,,,,14.0,,,,,,,,35,30.0,,,,,,,,,,,40.0,,,,,,,,COMPLETE
659,659,0.9541291040623261,2025-01-06 21:31:46.532732,2025-01-06 21:31:49.588623,0 days 00:00:03.055891,2,1,2.0,,,,,,,,,,,,,,,,,,,45,25.0,,,,,,,,,,,,,,,,,,,COMPLETE
660,660,0.6122672238952738,2025-01-06 21:31:49.589026,2025-01-06 21:32:01.763233,0 days 00:00:12.174207,4,2,2.0,,,,,,,,,,,6.0,14.0,,,,,,,60,20.0,,,,,,,,,,,30.0,25.0,,,,,,,COMPLETE
661,661,0.9490984563497211,2025-01-06 21:32:01.763759,2025-01-06 21:32:08.548410,0 days 00:00:06.784651,1,2,,,,,,,,,,,,,,,,,,,,35,,,,,,,,,,,,,,,,,,,,COMPLETE
662,662,0.9423813340457743,2025-01-06 21:32:08.549032,2025-01-06 21:32:11.304181,0 days 00:00:02.755149,2,1,1.0,,,,,,,,,,,,,,,,,,,40,25.0,,,,,,,,,,,,,,,,,,,COMPLETE
663,663,0.9278810534114637,2025-01-06 21:32:11.304572,2025-01-06 21:32:16.266332,0 days 00:00:04.961760,3,1,4.0,,,,,,,,,,,3.0,,,,,,,,30,35.0,,,,,,,,,,,50.0,,,,,,,,COMPLETE
664,664,0.9507118927973199,2025-01-06 21:32:16.266835,2025-01-06 21:32:19.923652,0 days 00:00:03.656817,2,1,1.0,,,,,,,,,,,,,,,,,,,50,30.0,,,,,,,,,,,,,,,,,,,COMPLETE
665,665,0.8917796133497411,2025-01-06 21:32:19.924072,2025-01-06 21:32:24.686455,0 days 00:00:04.762383,3,2,3.0,,,,,,,,,,,5.0,,,,,,,,60,25.0,,,,,,,,,,,35.0,,,,,,,,COMPLETE
666,666,0.9514988814317673,2025-01-06 21:32:24.686885,2025-01-06 21:32:27.881498,0 days 00:00:03.194613,3,1,2.0,,,,,,,,,,,4.0,,,,,,,,35,25.0,,,,,,,,,,,15.0,,,,,,,,COMPLETE
667,667,0.9523692527612432,2025-01-06 21:32:27.881926,2025-01-06 21:32:31.213597,0 days 00:00:03.331671,2,1,1.0,,,,,,,,,,,,,,,,,,,40,30.0,,,,,,,,,,,,,,,,,,,COMPLETE
668,668,0.9317745456458273,2025-01-06 21:32:31.214011,2025-01-06 21:32:37.848560,0 days 00:00:06.634549,1,1,,,,,,,,,,,,,,,,,,,,60,,,,,,,,,,,,,,,,,,,,COMPLETE
669,669,0.7335164835164836,2025-01-06 21:32:37.848978,2025-01-06 21:32:46.682244,0 days 00:00:08.833266,3,2,9.0,,,,,,,,,,,3.0,,,,,,,,45,25.0,,,,,,,,,,,55.0,,,,,,,,COMPLETE
670,670,0.6901903525849016,2025-01-06 21:32:46.682733,2025-01-06 21:32:54.213536,0 days 00:00:07.530803,4,1,1.0,,,,,,,,,,,6.0,9.0,,,,,,,35,25.0,,,,,,,,,,,35.0,5.0,,,,,,,COMPLETE
671,671,0.6083698830409356,2025-01-06 21:32:54.214061,2025-01-06 21:33:12.765387,0 days 00:00:18.551326,5,1,2.0,,,,,,,,,,,5.0,13.0,13.0,,,,,,45,20.0,,,,,,,,,,,55.0,15.0,15.0,,,,,,COMPLETE
672,672,0.33522201773152344,2025-01-06 21:33:12.765962,2025-01-06 21:33:28.806161,0 days 00:00:16.040199,16,1,1.0,10.0,13.0,7.0,7.0,1.0,13.0,,,,,4.0,10.0,6.0,12.0,6.0,15.0,11.0,7.0,60,30.0,5.0,10.0,35.0,10.0,50.0,30.0,,,,,50.0,45.0,30.0,20.0,5.0,40.0,40.0,35.0,COMPLETE
673,673,0.31735422553300796,2025-01-06 21:33:28.807170,2025-01-06 21:33:49.238739,0 days 00:00:20.431569,12,2,3.0,6.0,9.0,,,,,,,,,3.0,15.0,7.0,2.0,9.0,14.0,15.0,15.0,40,35.0,60.0,60.0,,,,,,,,,30.0,35.0,40.0,60.0,45.0,25.0,20.0,5.0,COMPLETE
674,674,0.4245167713128247,2025-01-06 21:33:49.239410,2025-01-06 21:34:03.635534,0 days 00:00:14.396124,11,1,2.0,4.0,,,,,,,,,,4.0,9.0,11.0,13.0,10.0,10.0,4.0,5.0,50,25.0,25.0,,,,,,,,,,55.0,25.0,25.0,15.0,35.0,45.0,35.0,40.0,COMPLETE
675,675,0.9415670134035143,2025-01-06 21:34:03.636209,2025-01-06 21:34:06.581813,0 days 00:00:02.945604,2,1,1.0,,,,,,,,,,,,,,,,,,,35,25.0,,,,,,,,,,,,,,,,,,,COMPLETE
676,676,0.946381223607974,2025-01-06 21:34:06.582233,2025-01-06 21:34:10.494342,0 days 00:00:03.912109,3,1,2.0,,,,,,,,,,,5.0,,,,,,,,25,25.0,,,,,,,,,,,40.0,,,,,,,,COMPLETE
677,677,0.9515686668004548,2025-01-06 21:34:10.494797,2025-01-06 21:34:13.852049,0 days 00:00:03.357252,2,2,2.0,,,,,,,,,,,,,,,,,,,60,20.0,,,,,,,,,,,,,,,,,,,COMPLETE
678,678,0.9414387201432007,2025-01-06 21:34:13.852453,2025-01-06 21:34:19.136917,0 days 00:00:05.284464,3,1,5.0,,,,,,,,,,,3.0,,,,,,,,35,30.0,,,,,,,,,,,55.0,,,,,,,,COMPLETE
679,679,0.7919001879666834,2025-01-06 21:34:19.137374,2025-01-06 21:34:28.571740,0 days 00:00:09.434366,4,1,1.0,,,,,,,,,,,4.0,8.0,,,,,,,45,25.0,,,,,,,,,,,35.0,60.0,,,,,,,COMPLETE
680,680,0.942329489935509,2025-01-06 21:34:28.572494,2025-01-06 21:34:33.649606,0 days 00:00:05.077112,3,4,2.0,,,,,,,,,,,3.0,,,,,,,,40,35.0,,,,,,,,,,,55.0,,,,,,,,COMPLETE
681,681,0.9523816170763982,2025-01-06 21:34:33.650073,2025-01-06 21:34:36.171103,0 days 00:00:02.521030,2,2,1.0,,,,,,,,,,,,,,,,,,,30,25.0,,,,,,,,,,,,,,,,,,,COMPLETE
682,682,0.9500283803801586,2025-01-06 21:34:36.171500,2025-01-06 21:34:39.960112,0 days 00:00:03.788612,3,1,1.0,,,,,,,,,,,2.0,,,,,,,,60,30.0,,,,,,,,,,,20.0,,,,,,,,COMPLETE
683,683,0.8330268348441906,2025-01-06 21:34:39.960582,2025-01-06 21:34:45.835217,0 days 00:00:05.874635,1,1,,,,,,,,,,,,,,,,,,,,35,,,,,,,,,,,,,,,,,,,,COMPLETE
684,684,0.6183658303333759,2025-01-06 21:34:45.835625,2025-01-06 21:34:57.197404,0 days 00:00:11.361779,4,1,2.0,,,,,,,,,,,12.0,5.0,,,,,,,60,30.0,,,,,,,,,,,30.0,30.0,,,,,,,COMPLETE
685,685,0.9507093762737227,2025-01-06 21:34:57.197937,2025-01-06 21:35:00.978991,0 days 00:00:03.781054,2,2,2.0,,,,,,,,,,,,,,,,,,,45,25.0,,,,,,,,,,,,,,,,,,,COMPLETE
686,686,0.9498327759197325,2025-01-06 21:35:00.979423,2025-01-06 21:35:05.819052,0 days 00:00:04.839629,3,1,1.0,,,,,,,,,,,6.0,,,,,,,,40,25.0,,,,,,,,,,,50.0,,,,,,,,COMPLETE
687,687,0.9524514441538204,2025-01-06 21:35:05.819509,2025-01-06 21:35:08.739224,0 days 00:00:02.919715,2,1,3.0,,,,,,,,,,,,,,,,,,,35,20.0,,,,,,,,,,,,,,,,,,,COMPLETE
688,688,0.9565932350777052,2025-01-06 21:35:08.739699,2025-01-06 21:35:13.568911,0 days 00:00:04.829212,3,1,2.0,,,,,,,,,,,4.0,,,,,,,,60,30.0,,,,,,,,,,,40.0,,,,,,,,COMPLETE
689,689,0.45069771331041236,2025-01-06 21:35:13.569372,2025-01-06 21:35:59.114411,0 days 00:00:45.545039,9,2,1.0,,,,,,,,,,,5.0,12.0,2.0,8.0,15.0,5.0,12.0,,50,25.0,,,,,,,,,,,60.0,10.0,20.0,25.0,40.0,50.0,45.0,,COMPLETE
690,690,0.9590671029268891,2025-01-06 21:35:59.115319,2025-01-06 21:36:04.243661,0 days 00:00:05.128342,3,1,2.0,,,,,,,,,,,7.0,,,,,,,,35,25.0,,,,,,,,,,,55.0,,,,,,,,COMPLETE
691,691,0.6478006840205206,2025-01-06 21:36:04.244109,2025-01-06 21:36:23.664763,0 days 00:00:19.420654,4,1,2.0,,,,,,,,,,,6.0,11.0,,,,,,,35,25.0,,,,,,,,,,,55.0,55.0,,,,,,,COMPLETE
692,692,0.7036349027994249,2025-01-06 21:36:23.665314,2025-01-06 21:36:32.960184,0 days 00:00:09.294870,4,1,1.0,,,,,,,,,,,8.0,6.0,,,,,,,35,25.0,,,,,,,,,,,55.0,20.0,,,,,,,COMPLETE
693,693,0.9455705137901478,2025-01-06 21:36:32.960687,2025-01-06 21:36:38.271113,0 days 00:00:05.310426,3,1,2.0,,,,,,,,,,,7.0,,,,,,,,35,25.0,,,,,,,,,,,55.0,,,,,,,,COMPLETE
694,694,0.9533333333333334,2025-01-06 21:36:38.271685,2025-01-06 21:36:44.339158,0 days 00:00:06.067473,3,1,1.0,,,,,,,,,,,7.0,,,,,,,,35,30.0,,,,,,,,,,,55.0,,,,,,,,COMPLETE
695,695,0.9514870174359261,2025-01-06 21:36:44.339726,2025-01-06 21:36:50.659227,0 days 00:00:06.319501,3,1,2.0,,,,,,,,,,,6.0,,,,,,,,35,35.0,,,,,,,,,,,55.0,,,,,,,,COMPLETE
696,696,0.9008463850656542,2025-01-06 21:36:50.659699,2025-01-06 21:36:56.707304,0 days 00:00:06.047605,3,1,3.0,,,,,,,,,,,7.0,,,,,,,,30,25.0,,,,,,,,,,,55.0,,,,,,,,COMPLETE
697,697,0.6612171025123347,2025-01-06 21:36:56.707759,2025-01-06 21:37:05.392901,0 days 00:00:08.685142,4,1,1.0,,,,,,,,,,,7.0,7.0,,,,,,,35,20.0,,,,,,,,,,,10.0,50.0,,,,,,,COMPLETE
698,698,0.9472584359050495,2025-01-06 21:37:05.393449,2025-01-06 21:37:10.421302,0 days 00:00:05.027853,3,1,1.0,,,,,,,,,,,6.0,,,,,,,,35,30.0,,,,,,,,,,,50.0,,,,,,,,COMPLETE
699,699,0.7657288552839809,2025-01-06 21:37:10.421808,2025-01-06 21:37:19.957319,0 days 00:00:09.535511,3,5,2.0,,,,,,,,,,,7.0,,,,,,,,35,25.0,,,,,,,,,,,55.0,,,,,,,,COMPLETE
700,700,0.9471941443011502,2025-01-06 21:37:19.957803,2025-01-06 21:37:24.719651,0 days 00:00:04.761848,3,1,1.0,,,,,,,,,,,6.0,,,,,,,,35,30.0,,,,,,,,,,,60.0,,,,,,,,COMPLETE
701,701,0.619774156547878,2025-01-06 21:37:24.720093,2025-01-06 21:37:47.227603,0 days 00:00:22.507510,4,6,2.0,,,,,,,,,,,5.0,9.0,,,,,,,35,25.0,,,,,,,,,,,50.0,60.0,,,,,,,COMPLETE
702,702,0.9094318437008757,2025-01-06 21:37:47.228289,2025-01-06 21:37:53.271238,0 days 00:00:06.042949,3,1,3.0,,,,,,,,,,,7.0,,,,,,,,60,25.0,,,,,,,,,,,55.0,,,,,,,,COMPLETE
703,703,0.9607897153351699,2025-01-06 21:37:53.271814,2025-01-06 21:37:58.570137,0 days 00:00:05.298323,3,1,1.0,,,,,,,,,,,8.0,,,,,,,,35,35.0,,,,,,,,,,,35.0,,,,,,,,COMPLETE
704,704,0.6173553846867893,2025-01-06 21:37:58.570579,2025-01-06 21:38:10.787650,0 days 00:00:12.217071,4,1,2.0,,,,,,,,,,,8.0,10.0,,,,,,,30,35.0,,,,,,,,,,,35.0,40.0,,,,,,,COMPLETE
705,705,0.6169522703069029,2025-01-06 21:38:10.788214,2025-01-06 21:38:21.369521,0 days 00:00:10.581307,5,1,1.0,,,,,,,,,,,7.0,7.0,3.0,,,,,,35,30.0,,,,,,,,,,,35.0,5.0,10.0,,,,,,COMPLETE
706,706,0.638045540796964,2025-01-06 21:38:21.370100,2025-01-06 21:38:35.905324,0 days 00:00:14.535224,4,1,2.0,,,,,,,,,,,8.0,14.0,,,,,,,35,35.0,,,,,,,,,,,35.0,30.0,,,,,,,COMPLETE
707,707,0.628674508071493,2025-01-06 21:38:35.905868,2025-01-06 21:38:50.231688,0 days 00:00:14.325820,4,1,3.0,,,,,,,,,,,8.0,10.0,,,,,,,35,35.0,,,,,,,,,,,35.0,50.0,,,,,,,COMPLETE
708,708,0.9549822078885306,2025-01-06 21:38:50.232209,2025-01-06 21:38:53.916461,0 days 00:00:03.684252,3,1,1.0,,,,,,,,,,,2.0,,,,,,,,35,40.0,,,,,,,,,,,35.0,,,,,,,,COMPLETE
709,709,0.9453357100415924,2025-01-06 21:38:53.917015,2025-01-06 21:38:59.747004,0 days 00:00:05.829989,3,1,2.0,,,,,,,,,,,9.0,,,,,,,,35,35.0,,,,,,,,,,,30.0,,,,,,,,COMPLETE
710,710,0.947361809045226,2025-01-06 21:38:59.747593,2025-01-06 21:39:05.141518,0 days 00:00:05.393925,3,1,1.0,,,,,,,,,,,7.0,,,,,,,,35,35.0,,,,,,,,,,,40.0,,,,,,,,COMPLETE
711,711,0.9574099200964872,2025-01-06 21:39:05.141976,2025-01-06 21:39:10.625038,0 days 00:00:05.483062,3,1,1.0,,,,,,,,,,,8.0,,,,,,,,40,35.0,,,,,,,,,,,35.0,,,,,,,,COMPLETE
712,712,0.0,2025-01-06 21:39:10.625573,2025-01-06 21:41:08.856075,0 days 00:01:58.230502,20,1,2.0,10.0,14.0,8.0,11.0,14.0,3.0,6.0,5.0,15.0,15.0,8.0,8.0,14.0,7.0,1.0,13.0,6.0,2.0,30,35.0,50.0,50.0,25.0,25.0,15.0,10.0,30.0,25.0,35.0,5.0,35.0,10.0,55.0,50.0,25.0,55.0,55.0,25.0,COMPLETE
713,713,0.6305580762250453,2025-01-06 21:41:08.857139,2025-01-06 21:41:19.657142,0 days 00:00:10.800003,4,1,2.0,,,,,,,,,,,9.0,12.0,,,,,,,35,30.0,,,,,,,,,,,30.0,15.0,,,,,,,COMPLETE
714,714,0.9483262999686068,2025-01-06 21:41:19.657700,2025-01-06 21:41:23.886401,0 days 00:00:04.228701,3,1,1.0,,,,,,,,,,,4.0,,,,,,,,35,35.0,,,,,,,,,,,40.0,,,,,,,,COMPLETE
