,number,value,datetime_start,datetime_complete,duration,params_depth,params_grids_0,params_grids_1,params_grids_10,params_grids_11,params_grids_12,params_grids_13,params_grids_14,params_grids_15,params_grids_16,params_grids_17,params_grids_18,params_grids_19,params_grids_2,params_grids_3,params_grids_4,params_grids_5,params_grids_6,params_grids_7,params_grids_8,params_grids_9,params_neurons_layer_0,params_neurons_layer_1,params_neurons_layer_10,params_neurons_layer_11,params_neurons_layer_12,params_neurons_layer_13,params_neurons_layer_14,params_neurons_layer_15,params_neurons_layer_16,params_neurons_layer_17,params_neurons_layer_18,params_neurons_layer_19,params_neurons_layer_2,params_neurons_layer_3,params_neurons_layer_4,params_neurons_layer_5,params_neurons_layer_6,params_neurons_layer_7,params_neurons_layer_8,params_neurons_layer_9,state
493,493,0.8373026541281767,2025-01-06 03:25:40.701772,2025-01-06 03:26:41.979094,0 days 00:01:01.277322,1,4,,,,,,,,,,,,,,,,,,,,60,,,,,,,,,,,,,,,,,,,,COMPLETE
494,494,0.8696989878606158,2025-01-06 03:26:41.979798,2025-01-06 03:27:28.419340,0 days 00:00:46.439542,2,3,1.0,,,,,,,,,,,,,,,,,,,50,15.0,,,,,,,,,,,,,,,,,,,COMPLETE
495,495,0.8900704356921318,2025-01-06 03:27:28.420054,2025-01-06 03:27:45.917723,0 days 00:00:17.497669,1,1,,,,,,,,,,,,,,,,,,,,55,,,,,,,,,,,,,,,,,,,,COMPLETE
496,496,0.820543583758089,2025-01-06 03:27:45.918385,2025-01-06 03:28:05.024347,0 days 00:00:19.105962,1,1,,,,,,,,,,,,,,,,,,,,60,,,,,,,,,,,,,,,,,,,,COMPLETE
497,497,0.8801491098023135,2025-01-06 03:28:05.024743,2025-01-06 03:28:26.704444,0 days 00:00:21.679701,1,3,,,,,,,,,,,,,,,,,,,,35,,,,,,,,,,,,,,,,,,,,COMPLETE
498,498,0.8707848492831349,2025-01-06 03:28:26.704836,2025-01-06 03:29:58.976776,0 days 00:01:32.271940,2,3,14.0,,,,,,,,,,,,,,,,,,,45,25.0,,,,,,,,,,,,,,,,,,,COMPLETE
499,499,0.8944145883140122,2025-01-06 03:29:58.977501,2025-01-06 03:30:15.836744,0 days 00:00:16.859243,1,1,,,,,,,,,,,,,,,,,,,,60,,,,,,,,,,,,,,,,,,,,COMPLETE
500,500,0.8817543951132993,2025-01-06 03:30:15.837146,2025-01-06 03:30:56.111920,0 days 00:00:40.274774,2,1,4.0,,,,,,,,,,,,,,,,,,,50,30.0,,,,,,,,,,,,,,,,,,,COMPLETE
501,501,0.9003138672442539,2025-01-06 03:30:56.112621,2025-01-06 03:31:32.190869,0 days 00:00:36.078248,1,3,,,,,,,,,,,,,,,,,,,,60,,,,,,,,,,,,,,,,,,,,COMPLETE
502,502,0.5399818397447258,2025-01-06 03:31:32.191552,2025-01-06 03:31:46.949352,0 days 00:00:14.757800,1,1,,,,,,,,,,,,,,,,,,,,40,,,,,,,,,,,,,,,,,,,,COMPLETE
503,503,0.8779126787191304,2025-01-06 03:31:46.949730,2025-01-06 03:32:21.228975,0 days 00:00:34.279245,1,2,,,,,,,,,,,,,,,,,,,,60,,,,,,,,,,,,,,,,,,,,COMPLETE
504,504,0.8824912729317936,2025-01-06 03:32:21.229661,2025-01-06 03:32:39.371624,0 days 00:00:18.141963,2,1,2.0,,,,,,,,,,,,,,,,,,,40,5.0,,,,,,,,,,,,,,,,,,,COMPLETE
505,505,0.9089230916762563,2025-01-06 03:32:39.372057,2025-01-06 03:36:14.984738,0 days 00:03:35.612681,1,15,,,,,,,,,,,,,,,,,,,,55,,,,,,,,,,,,,,,,,,,,COMPLETE
506,506,0.8851578513940108,2025-01-06 03:36:14.985459,2025-01-06 03:38:22.147853,0 days 00:02:07.162394,1,9,,,,,,,,,,,,,,,,,,,,55,,,,,,,,,,,,,,,,,,,,COMPLETE
507,507,0.8671252092262469,2025-01-06 03:38:22.148558,2025-01-06 03:41:24.229287,0 days 00:03:02.080729,3,3,15.0,,,,,,,,,,,7.0,,,,,,,,55,40.0,,,,,,,,,,,30.0,,,,,,,,COMPLETE
508,508,0.3403600916499834,2025-01-06 03:41:24.230022,2025-01-06 03:45:22.580228,0 days 00:03:58.350206,15,15,12.0,9.0,5.0,14.0,8.0,6.0,,,,,,15.0,8.0,3.0,12.0,1.0,10.0,4.0,6.0,55,20.0,20.0,40.0,40.0,25.0,55.0,,,,,,20.0,15.0,10.0,35.0,25.0,30.0,15.0,60.0,COMPLETE
509,509,0.904946622772312,2025-01-06 03:45:22.581175,2025-01-06 03:47:06.035061,0 days 00:01:43.453886,1,7,,,,,,,,,,,,,,,,,,,,55,,,,,,,,,,,,,,,,,,,,COMPLETE
510,510,0.8635597113395344,2025-01-06 03:47:06.035787,2025-01-06 03:50:59.303500,0 days 00:03:53.267713,2,13,9.0,,,,,,,,,,,,,,,,,,,55,35.0,,,,,,,,,,,,,,,,,,,COMPLETE
511,511,0.9016916105504504,2025-01-06 03:50:59.304222,2025-01-06 03:51:29.990518,0 days 00:00:30.686296,1,2,,,,,,,,,,,,,,,,,,,,55,,,,,,,,,,,,,,,,,,,,COMPLETE
512,512,0.9092842164722934,2025-01-06 03:51:29.990947,2025-01-06 03:53:04.063415,0 days 00:01:34.072468,1,7,,,,,,,,,,,,,,,,,,,,50,,,,,,,,,,,,,,,,,,,,COMPLETE
513,513,0.8621933474368931,2025-01-06 03:53:04.064123,2025-01-06 03:55:11.286876,0 days 00:02:07.222753,1,10,,,,,,,,,,,,,,,,,,,,50,,,,,,,,,,,,,,,,,,,,COMPLETE
514,514,0.8667511578200522,2025-01-06 03:55:11.287599,2025-01-06 03:57:06.843165,0 days 00:01:55.555566,2,3,11.0,,,,,,,,,,,,,,,,,,,50,40.0,,,,,,,,,,,,,,,,,,,COMPLETE
515,515,0.8816628753141444,2025-01-06 03:57:06.843899,2025-01-06 03:58:12.418003,0 days 00:01:05.574104,1,5,,,,,,,,,,,,,,,,,,,,50,,,,,,,,,,,,,,,,,,,,COMPLETE
516,516,0.17296609719463016,2025-01-06 03:58:12.418729,2025-01-06 04:01:58.586906,0 days 00:03:46.168177,17,7,8.0,6.0,8.0,1.0,2.0,10.0,2.0,7.0,,,,7.0,9.0,12.0,4.0,4.0,14.0,12.0,1.0,50,55.0,55.0,35.0,10.0,50.0,5.0,35.0,25.0,,,,45.0,55.0,45.0,40.0,15.0,20.0,35.0,30.0,COMPLETE
517,517,0.8534691104487417,2025-01-06 04:01:58.587890,2025-01-06 04:03:20.255453,0 days 00:01:21.667563,1,6,,,,,,,,,,,,,,,,,,,,50,,,,,,,,,,,,,,,,,,,,COMPLETE
518,518,0.8608014880968748,2025-01-06 04:03:20.256178,2025-01-06 04:04:36.553079,0 days 00:01:16.296901,2,4,2.0,,,,,,,,,,,,,,,,,,,50,60.0,,,,,,,,,,,,,,,,,,,COMPLETE
519,519,0.8940214981966546,2025-01-06 04:04:36.553799,2025-01-06 04:07:55.107085,0 days 00:03:18.553286,1,14,,,,,,,,,,,,,,,,,,,,55,,,,,,,,,,,,,,,,,,,,COMPLETE
520,520,0.8651869814568407,2025-01-06 04:07:55.107793,2025-01-06 04:09:55.904751,0 days 00:02:00.796958,2,8,13.0,,,,,,,,,,,,,,,,,,,50,10.0,,,,,,,,,,,,,,,,,,,COMPLETE
521,521,0.7940677479786835,2025-01-06 04:09:55.905490,2025-01-06 04:12:42.920805,0 days 00:02:47.015315,1,13,,,,,,,,,,,,,,,,,,,,50,,,,,,,,,,,,,,,,,,,,COMPLETE
522,522,0.8569900017332074,2025-01-06 04:12:42.921534,2025-01-06 04:14:57.576811,0 days 00:02:14.655277,1,10,,,,,,,,,,,,,,,,,,,,55,,,,,,,,,,,,,,,,,,,,COMPLETE
523,523,0.793387918690106,2025-01-06 04:14:57.577538,2025-01-06 04:15:55.576585,0 days 00:00:57.999047,1,9,,,,,,,,,,,,,,,,,,,,25,,,,,,,,,,,,,,,,,,,,COMPLETE
524,524,0.8680075734602315,2025-01-06 04:15:55.577291,2025-01-06 04:18:52.459228,0 days 00:02:56.881937,2,11,7.0,,,,,,,,,,,,,,,,,,,45,50.0,,,,,,,,,,,,,,,,,,,COMPLETE
525,525,0.5430783073812294,2025-01-06 04:18:52.459956,2025-01-06 04:20:22.289787,0 days 00:01:29.829831,1,6,,,,,,,,,,,,,,,,,,,,55,,,,,,,,,,,,,,,,,,,,COMPLETE
526,526,0.49293148028442146,2025-01-06 04:20:22.290515,2025-01-06 04:21:08.171154,0 days 00:00:45.880639,1,4,,,,,,,,,,,,,,,,,,,,50,,,,,,,,,,,,,,,,,,,,COMPLETE
527,527,0.8692866298651072,2025-01-06 04:21:08.171851,2025-01-06 04:24:05.268208,0 days 00:02:57.096357,2,12,6.0,,,,,,,,,,,,,,,,,,,55,15.0,,,,,,,,,,,,,,,,,,,COMPLETE
528,528,0.8134493615892424,2025-01-06 04:24:05.268945,2025-01-06 04:27:08.329116,0 days 00:03:03.060171,1,14,,,,,,,,,,,,,,,,,,,,50,,,,,,,,,,,,,,,,,,,,COMPLETE
529,529,0.8709509008467097,2025-01-06 04:27:08.329828,2025-01-06 04:28:00.600369,0 days 00:00:52.270541,2,3,4.0,,,,,,,,,,,,,,,,,,,45,20.0,,,,,,,,,,,,,,,,,,,COMPLETE
530,530,0.7944482335991709,2025-01-06 04:28:00.601105,2025-01-06 04:28:27.029307,0 days 00:00:26.428202,1,2,,,,,,,,,,,,,,,,,,,,50,,,,,,,,,,,,,,,,,,,,COMPLETE
531,531,0.8704325916721782,2025-01-06 04:28:27.029933,2025-01-06 04:31:52.100619,0 days 00:03:25.070686,2,9,15.0,,,,,,,,,,,,,,,,,,,55,30.0,,,,,,,,,,,,,,,,,,,COMPLETE
532,532,0.897281208926173,2025-01-06 04:31:52.101359,2025-01-06 04:33:13.319618,0 days 00:01:21.218259,1,5,,,,,,,,,,,,,,,,,,,,60,,,,,,,,,,,,,,,,,,,,COMPLETE
533,533,0.9047077768847269,2025-01-06 04:33:13.320351,2025-01-06 04:33:42.635480,0 days 00:00:29.315129,1,2,,,,,,,,,,,,,,,,,,,,50,,,,,,,,,,,,,,,,,,,,COMPLETE
534,534,0.5767924704942486,2025-01-06 04:33:42.636106,2025-01-06 04:35:48.833580,0 days 00:02:06.197474,1,11,,,,,,,,,,,,,,,,,,,,45,,,,,,,,,,,,,,,,,,,,COMPLETE
535,535,0.9068335863676713,2025-01-06 04:35:48.834290,2025-01-06 04:36:09.250215,0 days 00:00:20.415925,1,1,,,,,,,,,,,,,,,,,,,,60,,,,,,,,,,,,,,,,,,,,COMPLETE
536,536,0.8815962618674142,2025-01-06 04:36:09.250637,2025-01-06 04:36:38.780145,0 days 00:00:29.529508,1,2,,,,,,,,,,,,,,,,,,,,50,,,,,,,,,,,,,,,,,,,,COMPLETE
537,537,0.8681124973166772,2025-01-06 04:36:38.780836,2025-01-06 04:40:05.719844,0 days 00:03:26.939008,2,15,3.0,,,,,,,,,,,,,,,,,,,55,5.0,,,,,,,,,,,,,,,,,,,COMPLETE
538,538,0.8641083074126197,2025-01-06 04:40:05.720589,2025-01-06 04:42:58.776984,0 days 00:02:53.056395,2,8,5.0,,,,,,,,,,,,,,,,,,,60,55.0,,,,,,,,,,,,,,,,,,,COMPLETE
539,539,0.37258471681501065,2025-01-06 04:42:58.777728,2025-01-06 04:47:46.069715,0 days 00:04:47.291987,6,1,14.0,,,,,,,,,,,12.0,1.0,9.0,11.0,,,,,55,35.0,,,,,,,,,,,50.0,35.0,60.0,15.0,,,,,COMPLETE
540,540,0.9112615263187346,2025-01-06 04:47:46.070528,2025-01-06 04:48:36.358164,0 days 00:00:50.287636,1,4,,,,,,,,,,,,,,,,,,,,60,,,,,,,,,,,,,,,,,,,,COMPLETE
541,541,0.4299637197194498,2025-01-06 04:48:36.358879,2025-01-06 04:49:23.129674,0 days 00:00:46.770795,1,3,,,,,,,,,,,,,,,,,,,,60,,,,,,,,,,,,,,,,,,,,COMPLETE
542,542,0.9101887864775227,2025-01-06 04:49:23.130412,2025-01-06 04:50:25.811125,0 days 00:01:02.680713,1,4,,,,,,,,,,,,,,,,,,,,60,,,,,,,,,,,,,,,,,,,,COMPLETE
543,543,0.8943888874390673,2025-01-06 04:50:25.811844,2025-01-06 04:51:47.342773,0 days 00:01:21.530929,1,5,,,,,,,,,,,,,,,,,,,,60,,,,,,,,,,,,,,,,,,,,COMPLETE
544,544,0.8611218700768482,2025-01-06 04:51:47.343501,2025-01-06 04:53:11.972507,0 days 00:01:24.629006,3,4,8.0,,,,,,,,,,,8.0,,,,,,,,60,10.0,,,,,,,,,,,20.0,,,,,,,,COMPLETE
545,545,0.2605298483413873,2025-01-06 04:53:11.973271,2025-01-06 04:58:30.539456,0 days 00:05:18.566185,7,4,1.0,,,,,,,,,,,14.0,15.0,7.0,14.0,14.0,,,,60,50.0,,,,,,,,,,,40.0,50.0,15.0,20.0,40.0,,,,COMPLETE
546,546,0.8633054632710553,2025-01-06 04:58:30.540285,2025-01-06 05:00:37.502092,0 days 00:02:06.961807,2,5,10.0,,,,,,,,,,,,,,,,,,,60,25.0,,,,,,,,,,,,,,,,,,,COMPLETE
547,547,0.9097492762772315,2025-01-06 05:00:37.502841,2025-01-06 05:01:35.071057,0 days 00:00:57.568216,1,4,,,,,,,,,,,,,,,,,,,,60,,,,,,,,,,,,,,,,,,,,COMPLETE
548,548,0.8726556302866293,2025-01-06 05:01:35.071782,2025-01-06 05:03:27.139857,0 days 00:01:52.068075,1,7,,,,,,,,,,,,,,,,,,,,60,,,,,,,,,,,,,,,,,,,,COMPLETE
549,549,0.8724996280684354,2025-01-06 05:03:27.140605,2025-01-06 05:04:24.666508,0 days 00:00:57.525903,1,4,,,,,,,,,,,,,,,,,,,,60,,,,,,,,,,,,,,,,,,,,COMPLETE
550,550,0.8786662615627358,2025-01-06 05:04:24.667229,2025-01-06 05:05:37.873867,0 days 00:01:13.206638,2,4,2.0,,,,,,,,,,,,,,,,,,,60,20.0,,,,,,,,,,,,,,,,,,,COMPLETE
551,551,0.9031472028873422,2025-01-06 05:05:37.874619,2025-01-06 05:06:38.784431,0 days 00:01:00.909812,1,4,,,,,,,,,,,,,,,,,,,,60,,,,,,,,,,,,,,,,,,,,COMPLETE
552,552,0.8944430265645607,2025-01-06 05:06:38.785167,2025-01-06 05:07:09.994422,0 days 00:00:31.209255,1,4,,,,,,,,,,,,,,,,,,,,30,,,,,,,,,,,,,,,,,,,,COMPLETE
553,553,0.897571132826024,2025-01-06 05:07:09.994845,2025-01-06 05:08:12.830754,0 days 00:01:02.835909,1,4,,,,,,,,,,,,,,,,,,,,60,,,,,,,,,,,,,,,,,,,,COMPLETE
554,554,0.862223078354444,2025-01-06 05:08:12.831475,2025-01-06 05:09:43.108053,0 days 00:01:30.276578,2,4,5.0,,,,,,,,,,,,,,,,,,,60,25.0,,,,,,,,,,,,,,,,,,,COMPLETE
555,555,0.8559597199839699,2025-01-06 05:09:43.108792,2025-01-06 05:11:04.185679,0 days 00:01:21.076887,1,5,,,,,,,,,,,,,,,,,,,,60,,,,,,,,,,,,,,,,,,,,COMPLETE
556,556,0.8503640910389764,2025-01-06 05:11:04.186415,2025-01-06 05:12:04.895125,0 days 00:01:00.708710,1,4,,,,,,,,,,,,,,,,,,,,60,,,,,,,,,,,,,,,,,,,,COMPLETE
557,557,0.8655207246759737,2025-01-06 05:12:04.895830,2025-01-06 05:14:26.650812,0 days 00:02:21.754982,2,4,10.0,,,,,,,,,,,,,,,,,,,60,40.0,,,,,,,,,,,,,,,,,,,COMPLETE
558,558,0.9002495921637141,2025-01-06 05:14:26.651565,2025-01-06 05:15:37.437071,0 days 00:01:10.785506,1,5,,,,,,,,,,,,,,,,,,,,55,,,,,,,,,,,,,,,,,,,,COMPLETE
559,559,0.835212771411628,2025-01-06 05:15:37.437798,2025-01-06 05:16:26.970745,0 days 00:00:49.532947,1,4,,,,,,,,,,,,,,,,,,,,60,,,,,,,,,,,,,,,,,,,,COMPLETE
560,560,0.7085300334679245,2025-01-06 05:16:26.971364,2025-01-06 05:17:47.004805,0 days 00:01:20.033441,1,5,,,,,,,,,,,,,,,,,,,,60,,,,,,,,,,,,,,,,,,,,COMPLETE
561,561,0.8650455636800174,2025-01-06 05:17:47.005542,2025-01-06 05:21:09.934402,0 days 00:03:22.928860,2,3,13.0,,,,,,,,,,,,,,,,,,,60,60.0,,,,,,,,,,,,,,,,,,,COMPLETE
562,562,0.9097259734461931,2025-01-06 05:21:09.935152,2025-01-06 05:22:05.520477,0 days 00:00:55.585325,1,4,,,,,,,,,,,,,,,,,,,,55,,,,,,,,,,,,,,,,,,,,COMPLETE
563,563,0.8144434471838851,2025-01-06 05:22:05.521192,2025-01-06 05:23:17.437570,0 days 00:01:11.916378,1,5,,,,,,,,,,,,,,,,,,,,55,,,,,,,,,,,,,,,,,,,,COMPLETE
564,564,0.9042260105457685,2025-01-06 05:23:17.438321,2025-01-06 05:24:15.443079,0 days 00:00:58.004758,1,4,,,,,,,,,,,,,,,,,,,,55,,,,,,,,,,,,,,,,,,,,COMPLETE
565,565,0.8697962554258862,2025-01-06 05:24:15.443820,2025-01-06 05:25:22.483247,0 days 00:01:07.039427,2,4,7.0,,,,,,,,,,,,,,,,,,,55,5.0,,,,,,,,,,,,,,,,,,,COMPLETE
566,566,0.8634483286091642,2025-01-06 05:25:22.483980,2025-01-06 05:26:43.776729,0 days 00:01:21.292749,3,4,12.0,,,,,,,,,,,3.0,,,,,,,,55,10.0,,,,,,,,,,,5.0,,,,,,,,COMPLETE
567,567,0.890705586497252,2025-01-06 05:26:43.777503,2025-01-06 05:27:42.179402,0 days 00:00:58.401899,1,4,,,,,,,,,,,,,,,,,,,,55,,,,,,,,,,,,,,,,,,,,COMPLETE
568,568,0.7869998033370595,2025-01-06 05:27:42.180135,2025-01-06 05:28:38.416169,0 days 00:00:56.236034,1,4,,,,,,,,,,,,,,,,,,,,60,,,,,,,,,,,,,,,,,,,,COMPLETE
569,569,0.8576854941704775,2025-01-06 05:28:38.416902,2025-01-06 05:30:08.454094,0 days 00:01:30.037192,2,4,11.0,,,,,,,,,,,,,,,,,,,55,15.0,,,,,,,,,,,,,,,,,,,COMPLETE
570,570,0.8654022280876434,2025-01-06 05:30:08.454838,2025-01-06 05:33:15.748682,0 days 00:03:07.293844,2,6,14.0,,,,,,,,,,,,,,,,,,,60,35.0,,,,,,,,,,,,,,,,,,,COMPLETE
571,571,0.9096983859977855,2025-01-06 05:33:15.749442,2025-01-06 05:34:37.062213,0 days 00:01:21.312771,1,5,,,,,,,,,,,,,,,,,,,,60,,,,,,,,,,,,,,,,,,,,COMPLETE
572,572,0.9067244389960276,2025-01-06 05:34:37.062947,2025-01-06 05:35:58.909972,0 days 00:01:21.847025,1,5,,,,,,,,,,,,,,,,,,,,60,,,,,,,,,,,,,,,,,,,,COMPLETE
573,573,0.8608062059160724,2025-01-06 05:35:58.910710,2025-01-06 05:37:01.213954,0 days 00:01:02.303244,1,4,,,,,,,,,,,,,,,,,,,,60,,,,,,,,,,,,,,,,,,,,COMPLETE
574,574,0.8714684598839444,2025-01-06 05:37:01.214679,2025-01-06 05:39:48.285261,0 days 00:02:47.070582,2,5,9.0,,,,,,,,,,,,,,,,,,,60,50.0,,,,,,,,,,,,,,,,,,,COMPLETE
575,575,0.9048334432892517,2025-01-06 05:39:48.286009,2025-01-06 05:40:52.758094,0 days 00:01:04.472085,1,4,,,,,,,,,,,,,,,,,,,,60,,,,,,,,,,,,,,,,,,,,COMPLETE
576,576,0.3133225381790139,2025-01-06 05:40:52.758821,2025-01-06 05:43:40.897596,0 days 00:02:48.138775,11,6,7.0,5.0,,,,,,,,,,11.0,4.0,1.0,10.0,9.0,15.0,2.0,12.0,55,30.0,40.0,,,,,,,,,,15.0,60.0,30.0,60.0,60.0,50.0,60.0,50.0,COMPLETE
577,577,0.8263871134459904,2025-01-06 05:43:40.898505,2025-01-06 05:45:02.347105,0 days 00:01:21.448600,1,5,,,,,,,,,,,,,,,,,,,,60,,,,,,,,,,,,,,,,,,,,COMPLETE
578,578,0.7000937971231156,2025-01-06 05:45:02.347848,2025-01-06 05:46:04.179557,0 days 00:01:01.831709,1,4,,,,,,,,,,,,,,,,,,,,60,,,,,,,,,,,,,,,,,,,,COMPLETE
579,579,0.2905249037437536,2025-01-06 05:46:04.180286,2025-01-06 05:46:58.406410,0 days 00:00:54.226124,16,3,5.0,14.0,7.0,11.0,14.0,3.0,4.0,,,,,2.0,12.0,2.0,5.0,11.0,11.0,5.0,4.0,60,55.0,20.0,15.0,55.0,10.0,40.0,50.0,,,,,25.0,45.0,40.0,5.0,45.0,45.0,25.0,10.0,COMPLETE
580,580,0.9070859560159812,2025-01-06 05:46:58.407383,2025-01-06 05:47:59.421045,0 days 00:01:01.013662,1,4,,,,,,,,,,,,,,,,,,,,60,,,,,,,,,,,,,,,,,,,,COMPLETE
581,581,0.8731378068074407,2025-01-06 05:47:59.421797,2025-01-06 05:49:11.048836,0 days 00:01:11.627039,2,3,4.0,,,,,,,,,,,,,,,,,,,60,25.0,,,,,,,,,,,,,,,,,,,COMPLETE
582,582,0.6636696689577122,2025-01-06 05:49:11.049600,2025-01-06 05:50:53.091678,0 days 00:01:42.042078,1,7,,,,,,,,,,,,,,,,,,,,55,,,,,,,,,,,,,,,,,,,,COMPLETE
583,583,0.8620847167771317,2025-01-06 05:50:53.092425,2025-01-06 05:53:16.954370,0 days 00:02:23.861945,2,8,6.0,,,,,,,,,,,,,,,,,,,60,20.0,,,,,,,,,,,,,,,,,,,COMPLETE
584,584,0.8179237463738085,2025-01-06 05:53:16.955127,2025-01-06 05:54:33.951011,0 days 00:01:16.995884,1,5,,,,,,,,,,,,,,,,,,,,60,,,,,,,,,,,,,,,,,,,,COMPLETE
585,585,0.2521692013148864,2025-01-06 05:54:33.951753,2025-01-06 05:58:21.088999,0 days 00:03:47.137246,13,3,15.0,7.0,13.0,7.0,,,,,,,,4.0,8.0,8.0,7.0,7.0,2.0,14.0,9.0,55,60.0,50.0,25.0,25.0,,,,,,,,60.0,35.0,10.0,50.0,55.0,40.0,35.0,15.0,COMPLETE
586,586,0.853562803471072,2025-01-06 05:58:21.089947,2025-01-06 05:59:19.075009,0 days 00:00:57.985062,1,4,,,,,,,,,,,,,,,,,,,,55,,,,,,,,,,,,,,,,,,,,COMPLETE
587,587,0.9038703514636042,2025-01-06 05:59:19.075770,2025-01-06 06:00:34.114288,0 days 00:01:15.038518,1,5,,,,,,,,,,,,,,,,,,,,60,,,,,,,,,,,,,,,,,,,,COMPLETE
588,588,0.8627754422299598,2025-01-06 06:00:34.115038,2025-01-06 06:02:56.950290,0 days 00:02:22.835252,2,3,13.0,,,,,,,,,,,,,,,,,,,55,40.0,,,,,,,,,,,,,,,,,,,COMPLETE
589,589,0.7685949700102779,2025-01-06 06:02:56.951056,2025-01-06 06:04:33.762932,0 days 00:01:36.811876,1,6,,,,,,,,,,,,,,,,,,,,60,,,,,,,,,,,,,,,,,,,,COMPLETE
590,590,0.8362577840958173,2025-01-06 06:04:33.763693,2025-01-06 06:05:24.500735,0 days 00:00:50.737042,1,4,,,,,,,,,,,,,,,,,,,,55,,,,,,,,,,,,,,,,,,,,COMPLETE
591,591,0.8658967877689251,2025-01-06 06:05:24.501481,2025-01-06 06:06:21.516847,0 days 00:00:57.015366,2,3,1.0,,,,,,,,,,,,,,,,,,,60,30.0,,,,,,,,,,,,,,,,,,,COMPLETE
592,592,0.9084190530038508,2025-01-06 06:06:21.517605,2025-01-06 06:08:13.356287,0 days 00:01:51.838682,1,7,,,,,,,,,,,,,,,,,,,,60,,,,,,,,,,,,,,,,,,,,COMPLETE
593,593,0.43674456527551403,2025-01-06 06:08:13.357044,2025-01-06 06:10:42.171461,0 days 00:02:28.814417,5,4,3.0,,,,,,,,,,,5.0,7.0,11.0,,,,,,60,35.0,,,,,,,,,,,30.0,20.0,50.0,,,,,,COMPLETE
594,594,0.8672200277570192,2025-01-06 06:10:42.172276,2025-01-06 06:11:55.288485,0 days 00:01:13.116209,2,3,9.0,,,,,,,,,,,,,,,,,,,55,15.0,,,,,,,,,,,,,,,,,,,COMPLETE
595,595,0.7890765094032899,2025-01-06 06:11:55.289264,2025-01-06 06:12:26.576213,0 days 00:00:31.286949,1,2,,,,,,,,,,,,,,,,,,,,60,,,,,,,,,,,,,,,,,,,,COMPLETE
596,596,0.8595925596182465,2025-01-06 06:12:26.576933,2025-01-06 06:13:43.590451,0 days 00:01:17.013518,3,3,11.0,,,,,,,,,,,6.0,,,,,,,,55,10.0,,,,,,,,,,,45.0,,,,,,,,COMPLETE
597,597,0.9103748803809505,2025-01-06 06:13:43.591232,2025-01-06 06:14:45.850667,0 days 00:01:02.259435,1,4,,,,,,,,,,,,,,,,,,,,60,,,,,,,,,,,,,,,,,,,,COMPLETE
598,598,0.7623622791364111,2025-01-06 06:14:45.851431,2025-01-06 06:15:49.415860,0 days 00:01:03.564429,1,4,,,,,,,,,,,,,,,,,,,,60,,,,,,,,,,,,,,,,,,,,COMPLETE
599,599,0.8750312376149456,2025-01-06 06:15:49.416618,2025-01-06 06:18:30.184609,0 days 00:02:40.767991,2,4,9.0,,,,,,,,,,,,,,,,,,,60,55.0,,,,,,,,,,,,,,,,,,,COMPLETE
600,600,0.8207997181022856,2025-01-06 06:18:30.185377,2025-01-06 06:19:32.945797,0 days 00:01:02.760420,1,5,,,,,,,,,,,,,,,,,,,,55,,,,,,,,,,,,,,,,,,,,COMPLETE
601,601,0.8922392773513753,2025-01-06 06:19:32.946540,2025-01-06 06:20:32.339013,0 days 00:00:59.392473,1,4,,,,,,,,,,,,,,,,,,,,60,,,,,,,,,,,,,,,,,,,,COMPLETE
602,602,0.26442262544765527,2025-01-06 06:20:32.339752,2025-01-06 06:22:45.290248,0 days 00:02:12.950496,19,4,3.0,1.0,1.0,9.0,6.0,9.0,8.0,3.0,5.0,8.0,,9.0,10.0,6.0,14.0,8.0,8.0,11.0,2.0,55,5.0,10.0,55.0,40.0,40.0,25.0,30.0,50.0,50.0,25.0,,55.0,40.0,25.0,30.0,30.0,25.0,50.0,5.0,COMPLETE
603,603,0.2824378242099738,2025-01-06 06:22:45.291298,2025-01-06 06:25:14.831742,0 days 00:02:29.540444,10,4,2.0,,,,,,,,,,,1.0,13.0,4.0,3.0,13.0,12.0,3.0,13.0,60,40.0,,,,,,,,,,,35.0,5.0,35.0,10.0,20.0,10.0,55.0,30.0,COMPLETE
604,604,0.8674236176750398,2025-01-06 06:25:14.832656,2025-01-06 06:26:06.167944,0 days 00:00:51.335288,2,5,6.0,,,,,,,,,,,,,,,,,,,20,50.0,,,,,,,,,,,,,,,,,,,COMPLETE
605,605,0.9112051003405242,2025-01-06 06:26:06.168561,2025-01-06 06:27:10.901292,0 days 00:01:04.732731,1,4,,,,,,,,,,,,,,,,,,,,60,,,,,,,,,,,,,,,,,,,,COMPLETE
606,606,0.8638081879718097,2025-01-06 06:27:10.902054,2025-01-06 06:28:11.606279,0 days 00:01:00.704225,1,4,,,,,,,,,,,,,,,,,,,,60,,,,,,,,,,,,,,,,,,,,COMPLETE
607,607,0.5751072972137838,2025-01-06 06:28:11.607035,2025-01-06 06:29:11.367705,0 days 00:00:59.760670,1,4,,,,,,,,,,,,,,,,,,,,60,,,,,,,,,,,,,,,,,,,,COMPLETE
608,608,0.8724497594147571,2025-01-06 06:29:11.368449,2025-01-06 06:31:01.456042,0 days 00:01:50.087593,2,4,8.0,,,,,,,,,,,,,,,,,,,60,30.0,,,,,,,,,,,,,,,,,,,COMPLETE
609,609,0.8043951686852064,2025-01-06 06:31:01.456815,2025-01-06 06:31:58.736087,0 days 00:00:57.279272,1,4,,,,,,,,,,,,,,,,,,,,60,,,,,,,,,,,,,,,,,,,,COMPLETE
610,610,0.7681053957824182,2025-01-06 06:31:58.736842,2025-01-06 06:33:18.348313,0 days 00:01:19.611471,1,5,,,,,,,,,,,,,,,,,,,,60,,,,,,,,,,,,,,,,,,,,COMPLETE
611,611,0.8682533239053926,2025-01-06 06:33:18.349081,2025-01-06 06:36:19.924812,0 days 00:03:01.575731,2,4,10.0,,,,,,,,,,,,,,,,,,,60,60.0,,,,,,,,,,,,,,,,,,,COMPLETE
612,612,0.854610015072754,2025-01-06 06:36:19.925586,2025-01-06 06:37:21.364746,0 days 00:01:01.439160,1,4,,,,,,,,,,,,,,,,,,,,60,,,,,,,,,,,,,,,,,,,,COMPLETE
613,613,0.45651163922974225,2025-01-06 06:37:21.365508,2025-01-06 06:39:38.873603,0 days 00:02:17.508095,4,4,12.0,,,,,,,,,,,13.0,3.0,,,,,,,60,15.0,,,,,,,,,,,50.0,10.0,,,,,,,COMPLETE
614,614,0.89624649620318,2025-01-06 06:39:38.874420,2025-01-06 06:40:34.871527,0 days 00:00:55.997107,1,4,,,,,,,,,,,,,,,,,,,,60,,,,,,,,,,,,,,,,,,,,COMPLETE
615,615,0.9087312669045653,2025-01-06 06:40:34.872305,2025-01-06 06:41:24.180805,0 days 00:00:49.308500,1,3,,,,,,,,,,,,,,,,,,,,60,,,,,,,,,,,,,,,,,,,,COMPLETE
616,616,0.8663402306112779,2025-01-06 06:41:24.181579,2025-01-06 06:43:05.789617,0 days 00:01:41.608038,2,3,15.0,,,,,,,,,,,,,,,,,,,55,20.0,,,,,,,,,,,,,,,,,,,COMPLETE
617,617,0.9041284416899069,2025-01-06 06:43:05.790395,2025-01-06 06:43:59.518714,0 days 00:00:53.728319,1,4,,,,,,,,,,,,,,,,,,,,55,,,,,,,,,,,,,,,,,,,,COMPLETE
618,618,0.8646884879073307,2025-01-06 06:43:59.519504,2025-01-06 06:47:02.854559,0 days 00:03:03.335055,2,9,13.0,,,,,,,,,,,,,,,,,,,55,25.0,,,,,,,,,,,,,,,,,,,COMPLETE
