,number,value,datetime_start,datetime_complete,duration,params_depth,params_grids_0,params_grids_1,params_grids_10,params_grids_11,params_grids_12,params_grids_13,params_grids_14,params_grids_15,params_grids_16,params_grids_17,params_grids_18,params_grids_19,params_grids_2,params_grids_3,params_grids_4,params_grids_5,params_grids_6,params_grids_7,params_grids_8,params_grids_9,params_neurons_layer_0,params_neurons_layer_1,params_neurons_layer_10,params_neurons_layer_11,params_neurons_layer_12,params_neurons_layer_13,params_neurons_layer_14,params_neurons_layer_15,params_neurons_layer_16,params_neurons_layer_17,params_neurons_layer_18,params_neurons_layer_19,params_neurons_layer_2,params_neurons_layer_3,params_neurons_layer_4,params_neurons_layer_5,params_neurons_layer_6,params_neurons_layer_7,params_neurons_layer_8,params_neurons_layer_9,state
619,619,0.859260983266269,2025-01-06 06:47:02.855333,2025-01-06 06:48:22.724022,0 days 00:01:19.868689,1,5,,,,,,,,,,,,,,,,,,,,60,,,,,,,,,,,,,,,,,,,,COMPLETE
620,620,0.8948516618042051,2025-01-06 06:48:22.724789,2025-01-06 06:49:41.441609,0 days 00:01:18.716820,1,5,,,,,,,,,,,,,,,,,,,,60,,,,,,,,,,,,,,,,,,,,COMPLETE
621,621,0.9094694664124152,2025-01-06 06:49:41.442359,2025-01-06 06:51:18.267355,0 days 00:01:36.824996,1,6,,,,,,,,,,,,,,,,,,,,60,,,,,,,,,,,,,,,,,,,,COMPLETE
622,622,0.9111384177864637,2025-01-06 06:51:18.268119,2025-01-06 06:53:10.065005,0 days 00:01:51.796886,1,7,,,,,,,,,,,,,,,,,,,,60,,,,,,,,,,,,,,,,,,,,COMPLETE
623,623,0.8589627111129844,2025-01-06 06:53:10.065774,2025-01-06 06:55:03.572811,0 days 00:01:53.507037,2,7,6.0,,,,,,,,,,,,,,,,,,,60,5.0,,,,,,,,,,,,,,,,,,,COMPLETE
624,624,0.23275415683792644,2025-01-06 06:55:03.573585,2025-01-06 07:02:15.329594,0 days 00:07:11.756009,8,7,1.0,,,,,,,,,,,14.0,5.0,15.0,7.0,10.0,10.0,,,60,35.0,,,,,,,,,,,25.0,50.0,55.0,55.0,35.0,35.0,,,COMPLETE
625,625,0.8479400434318097,2025-01-06 07:02:15.330473,2025-01-06 07:03:51.783941,0 days 00:01:36.453468,1,6,,,,,,,,,,,,,,,,,,,,60,,,,,,,,,,,,,,,,,,,,COMPLETE
626,626,0.8915419745891398,2025-01-06 07:03:51.784687,2025-01-06 07:05:43.390670,0 days 00:01:51.605983,1,7,,,,,,,,,,,,,,,,,,,,60,,,,,,,,,,,,,,,,,,,,COMPLETE
627,627,0.8702391328620475,2025-01-06 07:05:43.391420,2025-01-06 07:07:25.539697,0 days 00:01:42.148277,2,6,4.0,,,,,,,,,,,,,,,,,,,60,10.0,,,,,,,,,,,,,,,,,,,COMPLETE
628,628,0.9069965442605359,2025-01-06 07:07:25.540487,2025-01-06 07:09:30.002110,0 days 00:02:04.461623,1,8,,,,,,,,,,,,,,,,,,,,60,,,,,,,,,,,,,,,,,,,,COMPLETE
629,629,0.8593648076808469,2025-01-06 07:09:30.002852,2025-01-06 07:10:51.583907,0 days 00:01:21.581055,1,5,,,,,,,,,,,,,,,,,,,,60,,,,,,,,,,,,,,,,,,,,COMPLETE
630,630,0.8618613634968879,2025-01-06 07:10:51.584670,2025-01-06 07:14:07.695840,0 days 00:03:16.111170,2,6,12.0,,,,,,,,,,,,,,,,,,,60,45.0,,,,,,,,,,,,,,,,,,,COMPLETE
631,631,0.8763327920582482,2025-01-06 07:14:07.696636,2025-01-06 07:15:44.500480,0 days 00:01:36.803844,1,6,,,,,,,,,,,,,,,,,,,,60,,,,,,,,,,,,,,,,,,,,COMPLETE
632,632,0.9007486084808982,2025-01-06 07:15:44.501256,2025-01-06 07:17:35.880744,0 days 00:01:51.379488,1,7,,,,,,,,,,,,,,,,,,,,60,,,,,,,,,,,,,,,,,,,,COMPLETE
633,633,0.8655380032098341,2025-01-06 07:17:35.881512,2025-01-06 07:20:17.259689,0 days 00:02:41.378177,2,6,7.0,,,,,,,,,,,,,,,,,,,60,50.0,,,,,,,,,,,,,,,,,,,COMPLETE
634,634,0.7334167755285399,2025-01-06 07:20:17.260469,2025-01-06 07:22:09.080363,0 days 00:01:51.819894,1,7,,,,,,,,,,,,,,,,,,,,60,,,,,,,,,,,,,,,,,,,,COMPLETE
635,635,0.912118337708741,2025-01-06 07:22:09.081112,2025-01-06 07:24:13.108592,0 days 00:02:04.027480,1,8,,,,,,,,,,,,,,,,,,,,60,,,,,,,,,,,,,,,,,,,,COMPLETE
636,636,0.41362814174258,2025-01-06 07:24:13.109349,2025-01-06 07:26:17.511298,0 days 00:02:04.401949,1,8,,,,,,,,,,,,,,,,,,,,60,,,,,,,,,,,,,,,,,,,,COMPLETE
637,637,0.5996883214054931,2025-01-06 07:26:17.512047,2025-01-06 07:28:18.898616,0 days 00:02:01.386569,1,8,,,,,,,,,,,,,,,,,,,,60,,,,,,,,,,,,,,,,,,,,COMPLETE
638,638,0.8626851353973903,2025-01-06 07:28:18.899378,2025-01-06 07:32:12.347846,0 days 00:03:53.448468,2,8,11.0,,,,,,,,,,,,,,,,,,,60,55.0,,,,,,,,,,,,,,,,,,,COMPLETE
639,639,0.873015873015873,2025-01-06 07:32:12.348634,2025-01-06 07:34:02.523090,0 days 00:01:50.174456,1,7,,,,,,,,,,,,,,,,,,,,60,,,,,,,,,,,,,,,,,,,,COMPLETE
640,640,0.8997700650747336,2025-01-06 07:34:02.523834,2025-01-06 07:35:38.935979,0 days 00:01:36.412145,1,6,,,,,,,,,,,,,,,,,,,,60,,,,,,,,,,,,,,,,,,,,COMPLETE
641,641,0.8632821921565988,2025-01-06 07:35:38.936757,2025-01-06 07:38:18.365082,0 days 00:02:39.428325,2,7,14.0,,,,,,,,,,,,,,,,,,,60,20.0,,,,,,,,,,,,,,,,,,,COMPLETE
642,642,0.841640474887704,2025-01-06 07:38:18.365865,2025-01-06 07:40:22.596019,0 days 00:02:04.230154,1,8,,,,,,,,,,,,,,,,,,,,60,,,,,,,,,,,,,,,,,,,,COMPLETE
643,643,0.7647868462332623,2025-01-06 07:40:22.596784,2025-01-06 07:41:05.367369,0 days 00:00:42.770585,1,5,,,,,,,,,,,,,,,,,,,,30,,,,,,,,,,,,,,,,,,,,COMPLETE
644,644,0.8590966511124287,2025-01-06 07:41:05.368091,2025-01-06 07:44:09.182611,0 days 00:03:03.814520,2,6,8.0,,,,,,,,,,,,,,,,,,,60,60.0,,,,,,,,,,,,,,,,,,,COMPLETE
645,645,0.8928789290574284,2025-01-06 07:44:09.183409,2025-01-06 07:46:12.459592,0 days 00:02:03.276183,1,8,,,,,,,,,,,,,,,,,,,,60,,,,,,,,,,,,,,,,,,,,COMPLETE
646,646,0.8583521778926398,2025-01-06 07:46:12.460355,2025-01-06 07:48:03.788761,0 days 00:01:51.328406,1,7,,,,,,,,,,,,,,,,,,,,60,,,,,,,,,,,,,,,,,,,,COMPLETE
647,647,0.8721085139881313,2025-01-06 07:48:03.789508,2025-01-06 07:50:14.448313,0 days 00:02:10.658805,2,7,3.0,,,,,,,,,,,,,,,,,,,60,40.0,,,,,,,,,,,,,,,,,,,COMPLETE
648,648,0.9081764012572027,2025-01-06 07:50:14.449110,2025-01-06 07:51:51.183488,0 days 00:01:36.734378,1,6,,,,,,,,,,,,,,,,,,,,60,,,,,,,,,,,,,,,,,,,,COMPLETE
649,649,0.8009586713733464,2025-01-06 07:51:51.184242,2025-01-06 07:52:42.466768,0 days 00:00:51.282526,1,8,,,,,,,,,,,,,,,,,,,,25,,,,,,,,,,,,,,,,,,,,COMPLETE
650,650,0.8582979806991742,2025-01-06 07:52:42.467511,2025-01-06 07:55:46.252867,0 days 00:03:03.785356,2,9,5.0,,,,,,,,,,,,,,,,,,,60,50.0,,,,,,,,,,,,,,,,,,,COMPLETE
651,651,0.8896022445912672,2025-01-06 07:55:46.253660,2025-01-06 07:56:51.039196,0 days 00:01:04.785536,1,4,,,,,,,,,,,,,,,,,,,,60,,,,,,,,,,,,,,,,,,,,COMPLETE
652,652,0.8750460820081363,2025-01-06 07:56:51.039968,2025-01-06 07:58:32.146032,0 days 00:01:41.106064,2,5,4.0,,,,,,,,,,,,,,,,,,,60,25.0,,,,,,,,,,,,,,,,,,,COMPLETE
653,653,0.8691615884673404,2025-01-06 07:58:32.146832,2025-01-06 07:59:54.017854,0 days 00:01:21.871022,3,4,2.0,,,,,,,,,,,3.0,,,,,,,,60,30.0,,,,,,,,,,,10.0,,,,,,,,COMPLETE
654,654,0.8518433466961479,2025-01-06 07:59:54.018675,2025-01-06 08:01:12.465927,0 days 00:01:18.447252,1,5,,,,,,,,,,,,,,,,,,,,60,,,,,,,,,,,,,,,,,,,,COMPLETE
655,655,0.8419485085967997,2025-01-06 08:01:12.466722,2025-01-06 08:02:33.916189,0 days 00:01:21.449467,1,5,,,,,,,,,,,,,,,,,,,,60,,,,,,,,,,,,,,,,,,,,COMPLETE
656,656,0.8918309777926764,2025-01-06 08:02:33.916952,2025-01-06 08:04:10.549822,0 days 00:01:36.632870,1,6,,,,,,,,,,,,,,,,,,,,60,,,,,,,,,,,,,,,,,,,,COMPLETE
657,657,0.8643846411261159,2025-01-06 08:04:10.550613,2025-01-06 08:06:26.191934,0 days 00:02:15.641321,2,7,10.0,,,,,,,,,,,,,,,,,,,60,15.0,,,,,,,,,,,,,,,,,,,COMPLETE
658,658,0.7763766727105361,2025-01-06 08:06:26.192751,2025-01-06 08:07:30.889847,0 days 00:01:04.697096,1,4,,,,,,,,,,,,,,,,,,,,60,,,,,,,,,,,,,,,,,,,,COMPLETE
659,659,0.8618916050163634,2025-01-06 08:07:30.890619,2025-01-06 08:08:22.967666,0 days 00:00:52.077047,1,4,,,,,,,,,,,,,,,,,,,,55,,,,,,,,,,,,,,,,,,,,COMPLETE
660,660,0.8941758861812841,2025-01-06 08:08:22.968412,2025-01-06 08:09:25.094052,0 days 00:01:02.125640,1,4,,,,,,,,,,,,,,,,,,,,60,,,,,,,,,,,,,,,,,,,,COMPLETE
661,661,0.8696096446259316,2025-01-06 08:09:25.094803,2025-01-06 08:12:05.392737,0 days 00:02:40.297934,2,5,9.0,,,,,,,,,,,,,,,,,,,60,45.0,,,,,,,,,,,,,,,,,,,COMPLETE
662,662,0.41724702527369817,2025-01-06 08:12:05.393541,2025-01-06 08:12:49.649036,0 days 00:00:44.255495,1,3,,,,,,,,,,,,,,,,,,,,60,,,,,,,,,,,,,,,,,,,,COMPLETE
663,663,0.9121807030930966,2025-01-06 08:12:49.649667,2025-01-06 08:14:44.507788,0 days 00:01:54.858121,1,8,,,,,,,,,,,,,,,,,,,,55,,,,,,,,,,,,,,,,,,,,COMPLETE
664,664,0.8660001151340926,2025-01-06 08:14:44.508575,2025-01-06 08:17:11.385947,0 days 00:02:26.877372,2,9,13.0,,,,,,,,,,,,,,,,,,,60,5.0,,,,,,,,,,,,,,,,,,,COMPLETE
665,665,0.8569070163106418,2025-01-06 08:17:11.386767,2025-01-06 08:20:33.655906,0 days 00:03:22.269139,3,8,7.0,,,,,,,,,,,11.0,,,,,,,,55,35.0,,,,,,,,,,,40.0,,,,,,,,COMPLETE
666,666,0.863374675053695,2025-01-06 08:20:33.656730,2025-01-06 08:22:37.742996,0 days 00:02:04.086266,1,8,,,,,,,,,,,,,,,,,,,,60,,,,,,,,,,,,,,,,,,,,COMPLETE
667,667,0.8618600855632008,2025-01-06 08:22:37.743778,2025-01-06 08:26:49.090974,0 days 00:04:11.347196,2,7,14.0,,,,,,,,,,,,,,,,,,,60,55.0,,,,,,,,,,,,,,,,,,,COMPLETE
668,668,0.77065138240591,2025-01-06 08:26:49.091779,2025-01-06 08:28:52.116094,0 days 00:02:03.024315,1,8,,,,,,,,,,,,,,,,,,,,60,,,,,,,,,,,,,,,,,,,,COMPLETE
669,669,0.9028034488840759,2025-01-06 08:28:52.116876,2025-01-06 08:30:46.337845,0 days 00:01:54.220969,1,8,,,,,,,,,,,,,,,,,,,,55,,,,,,,,,,,,,,,,,,,,COMPLETE
670,670,0.8270450041454391,2025-01-06 08:30:46.338629,2025-01-06 08:32:45.145800,0 days 00:01:58.807171,1,8,,,,,,,,,,,,,,,,,,,,60,,,,,,,,,,,,,,,,,,,,COMPLETE
671,671,0.8708233937305447,2025-01-06 08:32:45.146581,2025-01-06 08:34:28.028559,0 days 00:01:42.881978,1,7,,,,,,,,,,,,,,,,,,,,55,,,,,,,,,,,,,,,,,,,,COMPLETE
672,672,0.861675065753551,2025-01-06 08:34:28.029337,2025-01-06 08:37:36.345824,0 days 00:03:08.316487,2,8,15.0,,,,,,,,,,,,,,,,,,,60,25.0,,,,,,,,,,,,,,,,,,,COMPLETE
673,673,0.8951902377173298,2025-01-06 08:37:36.346634,2025-01-06 08:39:41.161007,0 days 00:02:04.814373,1,8,,,,,,,,,,,,,,,,,,,,60,,,,,,,,,,,,,,,,,,,,COMPLETE
674,674,0.9035088098907793,2025-01-06 08:39:41.161795,2025-01-06 08:41:17.634312,0 days 00:01:36.472517,1,6,,,,,,,,,,,,,,,,,,,,60,,,,,,,,,,,,,,,,,,,,COMPLETE
675,675,0.8676211068272103,2025-01-06 08:41:17.635084,2025-01-06 08:43:28.437677,0 days 00:02:10.802593,2,8,5.0,,,,,,,,,,,,,,,,,,,60,10.0,,,,,,,,,,,,,,,,,,,COMPLETE
676,676,0.4890608100651142,2025-01-06 08:43:28.438485,2025-01-06 08:45:37.767215,0 days 00:02:09.328730,1,9,,,,,,,,,,,,,,,,,,,,55,,,,,,,,,,,,,,,,,,,,COMPLETE
677,677,0.2577511277839306,2025-01-06 08:45:37.768003,2025-01-06 08:49:09.484315,0 days 00:03:31.716312,12,7,6.0,12.0,10.0,,,,,,,,,15.0,7.0,13.0,15.0,3.0,3.0,15.0,6.0,60,40.0,30.0,45.0,,,,,,,,,5.0,25.0,60.0,35.0,5.0,60.0,5.0,35.0,COMPLETE
678,678,0.7235827951682133,2025-01-06 08:49:09.485288,2025-01-06 08:50:24.742672,0 days 00:01:15.257384,1,8,,,,,,,,,,,,,,,,,,,,35,,,,,,,,,,,,,,,,,,,,COMPLETE
679,679,0.8747508485011046,2025-01-06 08:50:24.743482,2025-01-06 08:51:48.371890,0 days 00:01:23.628408,2,4,2.0,,,,,,,,,,,,,,,,,,,55,60.0,,,,,,,,,,,,,,,,,,,COMPLETE
680,680,0.9042524581409837,2025-01-06 08:51:48.372691,2025-01-06 08:52:48.153987,0 days 00:00:59.781296,1,5,,,,,,,,,,,,,,,,,,,,45,,,,,,,,,,,,,,,,,,,,COMPLETE
681,681,0.12021672609477205,2025-01-06 08:52:48.154767,2025-01-06 08:54:26.410207,0 days 00:01:38.255440,9,9,11.0,,,,,,,,,,,4.0,11.0,12.0,13.0,5.0,5.0,12.0,,60,20.0,,,,,,,,,,,30.0,30.0,15.0,20.0,25.0,55.0,15.0,,COMPLETE
682,682,0.8684163546884429,2025-01-06 08:54:26.411127,2025-01-06 08:56:17.053627,0 days 00:01:50.642500,2,4,8.0,,,,,,,,,,,,,,,,,,,60,30.0,,,,,,,,,,,,,,,,,,,COMPLETE
683,683,0.0,2025-01-06 08:56:17.054439,2025-01-06 09:13:55.616621,0 days 00:17:38.562182,20,6,12.0,9.0,7.0,2.0,10.0,12.0,13.0,12.0,15.0,1.0,5.0,12.0,14.0,14.0,11.0,15.0,1.0,6.0,11.0,60,45.0,35.0,50.0,10.0,25.0,15.0,5.0,20.0,5.0,60.0,30.0,55.0,55.0,40.0,45.0,10.0,15.0,45.0,50.0,COMPLETE
684,684,0.8667597765803277,2025-01-06 09:13:55.617730,2025-01-06 09:15:39.196451,0 days 00:01:43.578721,1,7,,,,,,,,,,,,,,,,,,,,55,,,,,,,,,,,,,,,,,,,,COMPLETE
685,685,0.8038463503540644,2025-01-06 09:15:39.197245,2025-01-06 09:16:35.778666,0 days 00:00:56.581421,1,4,,,,,,,,,,,,,,,,,,,,60,,,,,,,,,,,,,,,,,,,,COMPLETE
686,686,0.8950300327429868,2025-01-06 09:16:35.779470,2025-01-06 09:18:04.529515,0 days 00:01:28.750045,1,6,,,,,,,,,,,,,,,,,,,,55,,,,,,,,,,,,,,,,,,,,COMPLETE
687,687,0.21523557313313413,2025-01-06 09:18:04.530311,2025-01-06 09:21:34.487561,0 days 00:03:29.957250,15,4,1.0,5.0,5.0,4.0,5.0,15.0,,,,,,10.0,3.0,2.0,9.0,12.0,6.0,10.0,10.0,60,5.0,5.0,30.0,15.0,55.0,55.0,,,,,,10.0,15.0,45.0,25.0,50.0,45.0,20.0,60.0,COMPLETE
688,688,0.8660315188777583,2025-01-06 09:21:34.488586,2025-01-06 09:24:26.315329,0 days 00:02:51.826743,2,7,10.0,,,,,,,,,,,,,,,,,,,60,35.0,,,,,,,,,,,,,,,,,,,COMPLETE
689,689,0.43094840845476756,2025-01-06 09:24:26.316154,2025-01-06 09:27:04.137215,0 days 00:02:37.821061,5,8,4.0,,,,,,,,,,,8.0,4.0,5.0,,,,,,55,15.0,,,,,,,,,,,20.0,45.0,25.0,,,,,,COMPLETE
690,690,0.8742274994461754,2025-01-06 09:27:04.138086,2025-01-06 09:27:53.975073,0 days 00:00:49.836987,1,3,,,,,,,,,,,,,,,,,,,,60,,,,,,,,,,,,,,,,,,,,COMPLETE
691,691,0.8904695304534844,2025-01-06 09:27:53.975861,2025-01-06 09:28:53.124926,0 days 00:00:59.149065,1,4,,,,,,,,,,,,,,,,,,,,60,,,,,,,,,,,,,,,,,,,,COMPLETE
692,692,0.8603417634996582,2025-01-06 09:28:53.125735,2025-01-06 09:30:08.774800,0 days 00:01:15.649065,2,3,5.0,,,,,,,,,,,,,,,,,,,60,25.0,,,,,,,,,,,,,,,,,,,COMPLETE
693,693,0.8977718960805803,2025-01-06 09:30:08.775617,2025-01-06 09:31:10.428695,0 days 00:01:01.653078,1,5,,,,,,,,,,,,,,,,,,,,45,,,,,,,,,,,,,,,,,,,,COMPLETE
694,694,0.7133716083194943,2025-01-06 09:31:10.429487,2025-01-06 09:33:15.131319,0 days 00:02:04.701832,1,9,,,,,,,,,,,,,,,,,,,,55,,,,,,,,,,,,,,,,,,,,COMPLETE
695,695,0.9083363118467026,2025-01-06 09:33:15.132125,2025-01-06 09:33:48.402188,0 days 00:00:33.270063,1,4,,,,,,,,,,,,,,,,,,,,30,,,,,,,,,,,,,,,,,,,,COMPLETE
696,696,0.8568138421028182,2025-01-06 09:33:48.402649,2025-01-06 09:35:29.805358,0 days 00:01:41.402709,2,5,11.0,,,,,,,,,,,,,,,,,,,60,10.0,,,,,,,,,,,,,,,,,,,COMPLETE
697,697,0.5665042523257078,2025-01-06 09:35:29.806190,2025-01-06 09:37:21.357728,0 days 00:01:51.551538,1,7,,,,,,,,,,,,,,,,,,,,60,,,,,,,,,,,,,,,,,,,,COMPLETE
698,698,0.7954308668776537,2025-01-06 09:37:21.358532,2025-01-06 09:38:09.931504,0 days 00:00:48.572972,1,3,,,,,,,,,,,,,,,,,,,,60,,,,,,,,,,,,,,,,,,,,COMPLETE
699,699,0.8784673494525653,2025-01-06 09:38:09.932291,2025-01-06 09:39:11.523609,0 days 00:01:01.591318,2,8,7.0,,,,,,,,,,,,,,,,,,,20,35.0,,,,,,,,,,,,,,,,,,,COMPLETE
700,700,0.8678329532238347,2025-01-06 09:39:11.524425,2025-01-06 09:40:04.903808,0 days 00:00:53.379383,1,4,,,,,,,,,,,,,,,,,,,,60,,,,,,,,,,,,,,,,,,,,COMPLETE
701,701,0.6349211914200354,2025-01-06 09:40:04.904597,2025-01-06 09:41:41.700124,0 days 00:01:36.795527,1,6,,,,,,,,,,,,,,,,,,,,60,,,,,,,,,,,,,,,,,,,,COMPLETE
702,702,0.8670667556261438,2025-01-06 09:41:41.700933,2025-01-06 09:44:11.431826,0 days 00:02:29.730893,2,2,15.0,,,,,,,,,,,,,,,,,,,55,40.0,,,,,,,,,,,,,,,,,,,COMPLETE
703,703,0.9140348639116788,2025-01-06 09:44:11.432652,2025-01-06 09:45:25.909874,0 days 00:01:14.477222,1,5,,,,,,,,,,,,,,,,,,,,55,,,,,,,,,,,,,,,,,,,,COMPLETE
704,704,0.154412726559207,2025-01-06 09:45:25.910664,2025-01-06 09:49:11.595279,0 days 00:03:45.684615,18,5,13.0,15.0,14.0,13.0,8.0,6.0,11.0,8.0,5.0,,,7.0,9.0,3.0,2.0,4.0,4.0,1.0,15.0,55,50.0,60.0,15.0,50.0,15.0,40.0,55.0,30.0,25.0,,,35.0,10.0,35.0,40.0,40.0,30.0,10.0,25.0,COMPLETE
705,705,0.4621089510193503,2025-01-06 09:49:11.596366,2025-01-06 09:50:41.173267,0 days 00:01:29.576901,1,6,,,,,,,,,,,,,,,,,,,,55,,,,,,,,,,,,,,,,,,,,COMPLETE
706,706,0.8564439856090975,2025-01-06 09:50:41.174060,2025-01-06 09:54:20.194559,0 days 00:03:39.020499,2,5,14.0,,,,,,,,,,,,,,,,,,,55,60.0,,,,,,,,,,,,,,,,,,,COMPLETE
707,707,0.1661692553811911,2025-01-06 09:54:20.195388,2025-01-06 09:58:17.376863,0 days 00:03:57.181475,7,5,3.0,,,,,,,,,,,5.0,6.0,10.0,4.0,10.0,,,,55,55.0,,,,,,,,,,,60.0,20.0,20.0,60.0,15.0,,,,COMPLETE
708,708,0.9073847481150583,2025-01-06 09:58:17.377780,2025-01-06 09:59:24.645610,0 days 00:01:07.267830,1,5,,,,,,,,,,,,,,,,,,,,55,,,,,,,,,,,,,,,,,,,,COMPLETE
709,709,0.906105807509875,2025-01-06 09:59:24.646425,2025-01-06 10:00:20.536939,0 days 00:00:55.890514,1,4,,,,,,,,,,,,,,,,,,,,55,,,,,,,,,,,,,,,,,,,,COMPLETE
710,710,0.8642694415851104,2025-01-06 10:00:20.537756,2025-01-06 10:02:11.316477,0 days 00:01:50.778721,2,4,9.0,,,,,,,,,,,,,,,,,,,55,30.0,,,,,,,,,,,,,,,,,,,COMPLETE
711,711,0.5864759805238311,2025-01-06 10:02:11.317300,2025-01-06 10:03:26.001393,0 days 00:01:14.684093,1,5,,,,,,,,,,,,,,,,,,,,55,,,,,,,,,,,,,,,,,,,,COMPLETE
712,712,0.8716388476099177,2025-01-06 10:03:26.002202,2025-01-06 10:05:07.489966,0 days 00:01:41.487764,3,6,1.0,,,,,,,,,,,2.0,,,,,,,,55,20.0,,,,,,,,,,,45.0,,,,,,,,COMPLETE
713,713,0.9101930935405804,2025-01-06 10:05:07.490810,2025-01-06 10:06:35.550818,0 days 00:01:28.060008,1,6,,,,,,,,,,,,,,,,,,,,55,,,,,,,,,,,,,,,,,,,,COMPLETE
714,714,0.8890468294776039,2025-01-06 10:06:35.551627,2025-01-06 10:08:04.809113,0 days 00:01:29.257486,1,6,,,,,,,,,,,,,,,,,,,,55,,,,,,,,,,,,,,,,,,,,COMPLETE
715,715,0.8919314754620711,2025-01-06 10:08:04.809910,2025-01-06 10:09:34.488172,0 days 00:01:29.678262,1,6,,,,,,,,,,,,,,,,,,,,55,,,,,,,,,,,,,,,,,,,,COMPLETE
716,716,0.8619979494081627,2025-01-06 10:09:34.488969,2025-01-06 10:11:23.073243,0 days 00:01:48.584274,2,7,3.0,,,,,,,,,,,,,,,,,,,55,15.0,,,,,,,,,,,,,,,,,,,COMPLETE
717,717,0.8743012892039141,2025-01-06 10:11:23.074056,2025-01-06 10:13:07.092569,0 days 00:01:44.018513,1,7,,,,,,,,,,,,,,,,,,,,55,,,,,,,,,,,,,,,,,,,,COMPLETE
718,718,0.45169539098317835,2025-01-06 10:13:07.093378,2025-01-06 10:16:04.126087,0 days 00:02:57.032709,13,6,8.0,11.0,12.0,3.0,,,,,,,,9.0,2.0,14.0,12.0,6.0,11.0,9.0,4.0,45,45.0,20.0,35.0,45.0,,,,,,,,50.0,40.0,30.0,10.0,45.0,5.0,50.0,20.0,COMPLETE
719,719,0.7418530715448544,2025-01-06 10:16:04.127103,2025-01-06 10:17:16.555925,0 days 00:01:12.428822,1,5,,,,,,,,,,,,,,,,,,,,55,,,,,,,,,,,,,,,,,,,,COMPLETE
720,720,0.8659611108127656,2025-01-06 10:17:16.556759,2025-01-06 10:18:30.465132,0 days 00:01:13.908373,1,5,,,,,,,,,,,,,,,,,,,,55,,,,,,,,,,,,,,,,,,,,COMPLETE
721,721,0.8748667505754393,2025-01-06 10:18:30.465946,2025-01-06 10:19:25.179358,0 days 00:00:54.713412,2,7,13.0,,,,,,,,,,,,,,,,,,,25,5.0,,,,,,,,,,,,,,,,,,,COMPLETE
722,722,0.8999723234089718,2025-01-06 10:19:25.180191,2025-01-06 10:20:54.894543,0 days 00:01:29.714352,1,6,,,,,,,,,,,,,,,,,,,,55,,,,,,,,,,,,,,,,,,,,COMPLETE
723,723,0.8722342769643251,2025-01-06 10:20:54.895365,2025-01-06 10:23:12.209406,0 days 00:02:17.314041,2,5,9.0,,,,,,,,,,,,,,,,,,,55,40.0,,,,,,,,,,,,,,,,,,,COMPLETE
724,724,0.8922298390089792,2025-01-06 10:23:12.210238,2025-01-06 10:24:08.509024,0 days 00:00:56.298786,1,4,,,,,,,,,,,,,,,,,,,,55,,,,,,,,,,,,,,,,,,,,COMPLETE
725,725,0.8942624317002419,2025-01-06 10:24:08.509861,2025-01-06 10:25:22.266874,0 days 00:01:13.757013,1,6,,,,,,,,,,,,,,,,,,,,45,,,,,,,,,,,,,,,,,,,,COMPLETE
726,726,0.8774118084741618,2025-01-06 10:25:22.267698,2025-01-06 10:28:15.608019,0 days 00:02:53.340321,4,8,12.0,,,,,,,,,,,1.0,5.0,,,,,,,55,20.0,,,,,,,,,,,20.0,60.0,,,,,,,COMPLETE
727,727,0.8731537146287982,2025-01-06 10:28:15.608898,2025-01-06 10:30:21.842242,0 days 00:02:06.233344,2,4,7.0,,,,,,,,,,,,,,,,,,,55,50.0,,,,,,,,,,,,,,,,,,,COMPLETE
728,728,0.8940558974429853,2025-01-06 10:30:21.843096,2025-01-06 10:32:05.917696,0 days 00:01:44.074600,1,7,,,,,,,,,,,,,,,,,,,,55,,,,,,,,,,,,,,,,,,,,COMPLETE
729,729,0.8729663108454342,2025-01-06 10:32:05.918508,2025-01-06 10:32:54.116788,0 days 00:00:48.198280,2,4,6.0,,,,,,,,,,,,,,,,,,,35,10.0,,,,,,,,,,,,,,,,,,,COMPLETE
730,730,0.8648530542404036,2025-01-06 10:32:54.117613,2025-01-06 10:34:06.511356,0 days 00:01:12.393743,1,5,,,,,,,,,,,,,,,,,,,,55,,,,,,,,,,,,,,,,,,,,COMPLETE
731,731,0.370194493454701,2025-01-06 10:34:06.512174,2025-01-06 10:36:57.558537,0 days 00:02:51.046363,6,6,2.0,,,,,,,,,,,13.0,1.0,11.0,5.0,,,,,45,25.0,,,,,,,,,,,40.0,5.0,50.0,50.0,,,,,COMPLETE
732,732,0.851467311275083,2025-01-06 10:36:57.559457,2025-01-06 10:37:50.882142,0 days 00:00:53.322685,1,4,,,,,,,,,,,,,,,,,,,,55,,,,,,,,,,,,,,,,,,,,COMPLETE
733,733,0.9095672556849287,2025-01-06 10:37:50.882946,2025-01-06 10:39:45.173304,0 days 00:01:54.290358,1,8,,,,,,,,,,,,,,,,,,,,55,,,,,,,,,,,,,,,,,,,,COMPLETE
734,734,0.8919536875193896,2025-01-06 10:39:45.174110,2025-01-06 10:41:37.965217,0 days 00:01:52.791107,1,8,,,,,,,,,,,,,,,,,,,,55,,,,,,,,,,,,,,,,,,,,COMPLETE
735,735,0.8612415739387481,2025-01-06 10:41:37.966031,2025-01-06 10:45:17.583406,0 days 00:03:39.617375,2,8,11.0,,,,,,,,,,,,,,,,,,,55,55.0,,,,,,,,,,,,,,,,,,,COMPLETE
736,736,0.8515905267070842,2025-01-06 10:45:17.584244,2025-01-06 10:47:25.348989,0 days 00:02:07.764745,1,9,,,,,,,,,,,,,,,,,,,,55,,,,,,,,,,,,,,,,,,,,COMPLETE
737,737,0.8694349650059727,2025-01-06 10:47:25.349801,2025-01-06 10:51:51.353879,0 days 00:04:26.004078,2,8,15.0,,,,,,,,,,,,,,,,,,,55,60.0,,,,,,,,,,,,,,,,,,,COMPLETE
738,738,0.8432530489428556,2025-01-06 10:51:51.354713,2025-01-06 10:53:40.750400,0 days 00:01:49.395687,1,8,,,,,,,,,,,,,,,,,,,,55,,,,,,,,,,,,,,,,,,,,COMPLETE
739,739,0.8169194182215878,2025-01-06 10:53:40.751215,2025-01-06 10:55:36.369587,0 days 00:01:55.618372,1,8,,,,,,,,,,,,,,,,,,,,55,,,,,,,,,,,,,,,,,,,,COMPLETE
740,740,0.8671752607937038,2025-01-06 10:55:36.370404,2025-01-06 10:57:56.864893,0 days 00:02:20.494489,2,8,6.0,,,,,,,,,,,,,,,,,,,55,30.0,,,,,,,,,,,,,,,,,,,COMPLETE
741,741,0.8878674921471227,2025-01-06 10:57:56.865742,2025-01-06 10:58:50.239850,0 days 00:00:53.374108,1,4,,,,,,,,,,,,,,,,,,,,60,,,,,,,,,,,,,,,,,,,,COMPLETE
742,742,0.9101988814651544,2025-01-06 10:58:50.240659,2025-01-06 11:00:54.823272,0 days 00:02:04.582613,1,9,,,,,,,,,,,,,,,,,,,,55,,,,,,,,,,,,,,,,,,,,COMPLETE
743,743,0.5446409679230272,2025-01-06 11:00:54.824098,2025-01-06 11:03:10.642662,0 days 00:02:15.818564,1,10,,,,,,,,,,,,,,,,,,,,55,,,,,,,,,,,,,,,,,,,,COMPLETE
744,744,0.5492075212101384,2025-01-06 11:03:10.643481,2025-01-06 11:05:13.235195,0 days 00:02:02.591714,1,9,,,,,,,,,,,,,,,,,,,,55,,,,,,,,,,,,,,,,,,,,COMPLETE
745,745,0.7809837402054558,2025-01-06 11:05:13.236009,2025-01-06 11:07:01.164526,0 days 00:01:47.928517,1,8,,,,,,,,,,,,,,,,,,,,55,,,,,,,,,,,,,,,,,,,,COMPLETE
