,number,value,datetime_start,datetime_complete,duration,params_depth,params_grids_0,params_grids_1,params_grids_10,params_grids_11,params_grids_12,params_grids_13,params_grids_14,params_grids_15,params_grids_16,params_grids_17,params_grids_18,params_grids_19,params_grids_2,params_grids_3,params_grids_4,params_grids_5,params_grids_6,params_grids_7,params_grids_8,params_grids_9,params_neurons_layer_0,params_neurons_layer_1,params_neurons_layer_10,params_neurons_layer_11,params_neurons_layer_12,params_neurons_layer_13,params_neurons_layer_14,params_neurons_layer_15,params_neurons_layer_16,params_neurons_layer_17,params_neurons_layer_18,params_neurons_layer_19,params_neurons_layer_2,params_neurons_layer_3,params_neurons_layer_4,params_neurons_layer_5,params_neurons_layer_6,params_neurons_layer_7,params_neurons_layer_8,params_neurons_layer_9,state
852,852,0.6794258373205742,2025-01-05 14:33:59.962189,2025-01-05 14:34:03.383807,0 days 00:00:03.421618,1,2,,,,,,,,,,,,,,,,,,,,25,,,,,,,,,,,,,,,,,,,,COMPLETE
853,853,0.8122895622895623,2025-01-05 14:34:03.384223,2025-01-05 14:34:08.122579,0 days 00:00:04.738356,3,5,4.0,,,,,,,,,,,1.0,,,,,,,,30,55.0,,,,,,,,,,,25.0,,,,,,,,COMPLETE
854,854,0.7141666666666666,2025-01-05 14:34:08.123025,2025-01-05 14:34:12.930176,0 days 00:00:04.807151,3,7,5.0,,,,,,,,,,,4.0,,,,,,,,15,60.0,,,,,,,,,,,30.0,,,,,,,,COMPLETE
855,855,0.8798076923076923,2025-01-05 14:34:12.930618,2025-01-05 14:34:16.379566,0 days 00:00:03.448948,2,1,4.0,,,,,,,,,,,,,,,,,,,60,50.0,,,,,,,,,,,,,,,,,,,COMPLETE
856,856,0.7869062901155327,2025-01-05 14:34:16.379983,2025-01-05 14:34:19.741795,0 days 00:00:03.361812,2,1,5.0,,,,,,,,,,,,,,,,,,,15,55.0,,,,,,,,,,,,,,,,,,,COMPLETE
857,857,0.9293877551020409,2025-01-05 14:34:19.742214,2025-01-05 14:34:23.137567,0 days 00:00:03.395353,2,1,4.0,,,,,,,,,,,,,,,,,,,55,5.0,,,,,,,,,,,,,,,,,,,COMPLETE
858,858,0.7649501661129567,2025-01-05 14:34:23.137981,2025-01-05 14:34:26.170291,0 days 00:00:03.032310,1,1,,,,,,,,,,,,,,,,,,,,55,,,,,,,,,,,,,,,,,,,,COMPLETE
859,859,0.779205138498595,2025-01-05 14:34:26.170683,2025-01-05 14:34:29.871231,0 days 00:00:03.700548,1,2,,,,,,,,,,,,,,,,,,,,55,,,,,,,,,,,,,,,,,,,,COMPLETE
860,860,0.8678396072013093,2025-01-05 14:34:29.871618,2025-01-05 14:34:33.492531,0 days 00:00:03.620913,2,1,3.0,,,,,,,,,,,,,,,,,,,55,5.0,,,,,,,,,,,,,,,,,,,COMPLETE
861,861,0.9093137254901961,2025-01-05 14:34:33.492940,2025-01-05 14:34:37.105174,0 days 00:00:03.612234,2,1,4.0,,,,,,,,,,,,,,,,,,,55,5.0,,,,,,,,,,,,,,,,,,,COMPLETE
862,862,0.7895424836601307,2025-01-05 14:34:37.105584,2025-01-05 14:34:40.172159,0 days 00:00:03.066575,1,1,,,,,,,,,,,,,,,,,,,,60,,,,,,,,,,,,,,,,,,,,COMPLETE
863,863,0.9198717948717949,2025-01-05 14:34:40.172548,2025-01-05 14:34:43.793008,0 days 00:00:03.620460,2,1,4.0,,,,,,,,,,,,,,,,,,,55,5.0,,,,,,,,,,,,,,,,,,,COMPLETE
864,864,0.8389694041867954,2025-01-05 14:34:43.793632,2025-01-05 14:34:47.888724,0 days 00:00:04.095092,2,2,3.0,,,,,,,,,,,,,,,,,,,60,5.0,,,,,,,,,,,,,,,,,,,COMPLETE
865,865,0.8889795918367347,2025-01-05 14:34:47.889257,2025-01-05 14:34:51.273189,0 days 00:00:03.383932,2,1,4.0,,,,,,,,,,,,,,,,,,,55,5.0,,,,,,,,,,,,,,,,,,,COMPLETE
866,866,0.8792270531400965,2025-01-05 14:34:51.273618,2025-01-05 14:34:54.910704,0 days 00:00:03.637086,2,1,2.0,,,,,,,,,,,,,,,,,,,45,5.0,,,,,,,,,,,,,,,,,,,COMPLETE
867,867,0.8594941790445605,2025-01-05 14:34:54.911127,2025-01-05 14:34:57.998202,0 days 00:00:03.087075,1,1,,,,,,,,,,,,,,,,,,,,60,,,,,,,,,,,,,,,,,,,,COMPLETE
868,868,0.8678396072013093,2025-01-05 14:34:57.998595,2025-01-05 14:35:01.223164,0 days 00:00:03.224569,2,1,3.0,,,,,,,,,,,,,,,,,,,60,15.0,,,,,,,,,,,,,,,,,,,COMPLETE
869,869,0.779205138498595,2025-01-05 14:35:01.223667,2025-01-05 14:35:04.068395,0 days 00:00:02.844728,1,2,,,,,,,,,,,,,,,,,,,,55,,,,,,,,,,,,,,,,,,,,COMPLETE
870,870,0.8798076923076923,2025-01-05 14:35:04.068804,2025-01-05 14:35:07.652994,0 days 00:00:03.584190,2,1,4.0,,,,,,,,,,,,,,,,,,,35,5.0,,,,,,,,,,,,,,,,,,,COMPLETE
871,871,0.8798076923076923,2025-01-05 14:35:07.653423,2025-01-05 14:35:11.517675,0 days 00:00:03.864252,2,2,3.0,,,,,,,,,,,,,,,,,,,45,5.0,,,,,,,,,,,,,,,,,,,COMPLETE
872,872,0.7695652173913043,2025-01-05 14:35:11.518102,2025-01-05 14:35:14.627832,0 days 00:00:03.109730,1,1,,,,,,,,,,,,,,,,,,,,60,,,,,,,,,,,,,,,,,,,,COMPLETE
873,873,0.9391666666666667,2025-01-05 14:35:14.628235,2025-01-05 14:35:18.046064,0 days 00:00:03.417829,2,1,4.0,,,,,,,,,,,,,,,,,,,55,5.0,,,,,,,,,,,,,,,,,,,COMPLETE
874,874,0.8281632653061224,2025-01-05 14:35:18.046482,2025-01-05 14:35:21.676163,0 days 00:00:03.629681,2,1,4.0,,,,,,,,,,,,,,,,,,,55,5.0,,,,,,,,,,,,,,,,,,,COMPLETE
875,875,0.7751355861493534,2025-01-05 14:35:21.676583,2025-01-05 14:35:25.209649,0 days 00:00:03.533066,1,2,,,,,,,,,,,,,,,,,,,,55,,,,,,,,,,,,,,,,,,,,COMPLETE
876,876,0.9293877551020409,2025-01-05 14:35:25.210046,2025-01-05 14:35:28.378835,0 days 00:00:03.168789,2,1,4.0,,,,,,,,,,,,,,,,,,,55,5.0,,,,,,,,,,,,,,,,,,,COMPLETE
877,877,0.5272045028142589,2025-01-05 14:35:28.379251,2025-01-05 14:35:32.535689,0 days 00:00:04.156438,3,1,4.0,,,,,,,,,,,5.0,,,,,,,,55,5.0,,,,,,,,,,,50.0,,,,,,,,COMPLETE
878,878,0.8480392156862746,2025-01-05 14:35:32.536135,2025-01-05 14:35:35.689119,0 days 00:00:03.152984,2,1,4.0,,,,,,,,,,,,,,,,,,,55,5.0,,,,,,,,,,,,,,,,,,,COMPLETE
879,879,0.7655328798185941,2025-01-05 14:35:35.689527,2025-01-05 14:35:40.537512,0 days 00:00:04.847985,3,2,4.0,,,,,,,,,,,4.0,,,,,,,,55,5.0,,,,,,,,,,,5.0,,,,,,,,COMPLETE
880,880,0.8124185844550587,2025-01-05 14:35:40.537957,2025-01-05 14:35:43.932259,0 days 00:00:03.394302,2,1,4.0,,,,,,,,,,,,,,,,,,,55,5.0,,,,,,,,,,,,,,,,,,,COMPLETE
881,881,0.8128571428571428,2025-01-05 14:35:43.932673,2025-01-05 14:35:47.124334,0 days 00:00:03.191661,1,1,,,,,,,,,,,,,,,,,,,,55,,,,,,,,,,,,,,,,,,,,COMPLETE
882,882,0.8594941790445605,2025-01-05 14:35:47.124724,2025-01-05 14:35:51.350998,0 days 00:00:04.226274,2,3,4.0,,,,,,,,,,,,,,,,,,,55,5.0,,,,,,,,,,,,,,,,,,,COMPLETE
883,883,0.8999599839935974,2025-01-05 14:35:51.351418,2025-01-05 14:35:54.980630,0 days 00:00:03.629212,2,1,4.0,,,,,,,,,,,,,,,,,,,55,5.0,,,,,,,,,,,,,,,,,,,COMPLETE
884,884,0.8366666666666667,2025-01-05 14:35:54.981057,2025-01-05 14:35:59.001485,0 days 00:00:04.020428,3,1,4.0,,,,,,,,,,,4.0,,,,,,,,55,5.0,,,,,,,,,,,45.0,,,,,,,,COMPLETE
885,885,0.8977889027951607,2025-01-05 14:35:59.001918,2025-01-05 14:36:02.996989,0 days 00:00:03.995071,2,2,4.0,,,,,,,,,,,,,,,,,,,55,5.0,,,,,,,,,,,,,,,,,,,COMPLETE
886,886,0.8792270531400965,2025-01-05 14:36:02.997427,2025-01-05 14:36:06.393309,0 days 00:00:03.395882,2,1,4.0,,,,,,,,,,,,,,,,,,,55,5.0,,,,,,,,,,,,,,,,,,,COMPLETE
887,887,0.5329059829059829,2025-01-05 14:36:06.393723,2025-01-05 14:36:10.496711,0 days 00:00:04.102988,3,1,13.0,,,,,,,,,,,5.0,,,,,,,,55,5.0,,,,,,,,,,,40.0,,,,,,,,COMPLETE
888,888,0.7879901960784313,2025-01-05 14:36:10.497162,2025-01-05 14:36:14.008903,0 days 00:00:03.511741,1,2,,,,,,,,,,,,,,,,,,,,55,,,,,,,,,,,,,,,,,,,,COMPLETE
889,889,0.574468085106383,2025-01-05 14:36:14.009296,2025-01-05 14:36:18.526750,0 days 00:00:04.517454,3,1,4.0,,,,,,,,,,,12.0,,,,,,,,55,5.0,,,,,,,,,,,50.0,,,,,,,,COMPLETE
890,890,0.8389694041867954,2025-01-05 14:36:18.527411,2025-01-05 14:36:22.163476,0 days 00:00:03.636065,2,1,4.0,,,,,,,,,,,,,,,,,,,55,5.0,,,,,,,,,,,,,,,,,,,COMPLETE
891,891,0.8485714285714285,2025-01-05 14:36:22.164020,2025-01-05 14:36:25.560655,0 days 00:00:03.396635,2,1,4.0,,,,,,,,,,,,,,,,,,,55,35.0,,,,,,,,,,,,,,,,,,,COMPLETE
892,892,0.8212067435669921,2025-01-05 14:36:25.561099,2025-01-05 14:36:28.597872,0 days 00:00:03.036773,1,1,,,,,,,,,,,,,,,,,,,,55,,,,,,,,,,,,,,,,,,,,COMPLETE
893,893,0.779205138498595,2025-01-05 14:36:28.598270,2025-01-05 14:36:32.912966,0 days 00:00:04.314696,3,2,4.0,,,,,,,,,,,3.0,,,,,,,,55,5.0,,,,,,,,,,,40.0,,,,,,,,COMPLETE
894,894,0.4593023255813954,2025-01-05 14:36:32.913409,2025-01-05 14:36:38.404859,0 days 00:00:05.491450,4,1,4.0,,,,,,,,,,,4.0,8.0,,,,,,,50,5.0,,,,,,,,,,,55.0,55.0,,,,,,,COMPLETE
895,895,0.8798076923076923,2025-01-05 14:36:38.405334,2025-01-05 14:36:42.007743,0 days 00:00:03.602409,2,1,4.0,,,,,,,,,,,,,,,,,,,55,5.0,,,,,,,,,,,,,,,,,,,COMPLETE
896,896,0.9166666666666667,2025-01-05 14:36:42.008164,2025-01-05 14:36:45.125618,0 days 00:00:03.117454,2,1,4.0,,,,,,,,,,,,,,,,,,,50,5.0,,,,,,,,,,,,,,,,,,,COMPLETE
897,897,0.5549872122762148,2025-01-05 14:36:45.126030,2025-01-05 14:36:49.238939,0 days 00:00:04.112909,3,1,4.0,,,,,,,,,,,6.0,,,,,,,,40,5.0,,,,,,,,,,,45.0,,,,,,,,COMPLETE
898,898,0.30851943755169564,2025-01-05 14:36:49.239390,2025-01-05 14:37:02.848972,0 days 00:00:13.609582,6,3,4.0,,,,,,,,,,,3.0,10.0,8.0,15.0,,,,,50,5.0,,,,,,,,,,,35.0,15.0,50.0,55.0,,,,,COMPLETE
899,899,0.7734113712374582,2025-01-05 14:37:02.849632,2025-01-05 14:37:05.879291,0 days 00:00:03.029659,1,1,,,,,,,,,,,,,,,,,,,,55,,,,,,,,,,,,,,,,,,,,COMPLETE
900,900,0.8678396072013093,2025-01-05 14:37:05.879695,2025-01-05 14:37:09.399643,0 days 00:00:03.519948,2,2,3.0,,,,,,,,,,,,,,,,,,,35,40.0,,,,,,,,,,,,,,,,,,,COMPLETE
901,901,0.7752525252525253,2025-01-05 14:37:09.400069,2025-01-05 14:37:13.667891,0 days 00:00:04.267822,3,1,4.0,,,,,,,,,,,4.0,,,,,,,,5,5.0,,,,,,,,,,,60.0,,,,,,,,COMPLETE
902,902,0.8857630008525149,2025-01-05 14:37:13.668354,2025-01-05 14:37:17.593447,0 days 00:00:03.925093,2,2,4.0,,,,,,,,,,,,,,,,,,,50,5.0,,,,,,,,,,,,,,,,,,,COMPLETE
903,903,0.8485714285714285,2025-01-05 14:37:17.593863,2025-01-05 14:37:21.262085,0 days 00:00:03.668222,2,1,3.0,,,,,,,,,,,,,,,,,,,55,5.0,,,,,,,,,,,,,,,,,,,COMPLETE
904,904,0.549685534591195,2025-01-05 14:37:21.262505,2025-01-05 14:37:26.028078,0 days 00:00:04.765573,3,1,4.0,,,,,,,,,,,15.0,,,,,,,,35,5.0,,,,,,,,,,,5.0,,,,,,,,COMPLETE
905,905,0.7758358662613982,2025-01-05 14:37:26.028522,2025-01-05 14:37:29.014890,0 days 00:00:02.986368,1,1,,,,,,,,,,,,,,,,,,,,55,,,,,,,,,,,,,,,,,,,,COMPLETE
906,906,0.5903212348769296,2025-01-05 14:37:29.015290,2025-01-05 14:37:33.430989,0 days 00:00:04.415699,3,2,4.0,,,,,,,,,,,7.0,,,,,,,,35,25.0,,,,,,,,,,,30.0,,,,,,,,COMPLETE
907,907,0.8594941790445605,2025-01-05 14:37:33.431438,2025-01-05 14:37:36.791883,0 days 00:00:03.360445,2,1,4.0,,,,,,,,,,,,,,,,,,,50,5.0,,,,,,,,,,,,,,,,,,,COMPLETE
908,908,0.8666666666666667,2025-01-05 14:37:36.792306,2025-01-05 14:37:40.889588,0 days 00:00:04.097282,3,1,3.0,,,,,,,,,,,3.0,,,,,,,,45,45.0,,,,,,,,,,,10.0,,,,,,,,COMPLETE
909,909,0.8750524109014675,2025-01-05 14:37:40.890038,2025-01-05 14:37:44.224844,0 days 00:00:03.334806,2,1,4.0,,,,,,,,,,,,,,,,,,,25,5.0,,,,,,,,,,,,,,,,,,,COMPLETE
910,910,0.7756017951856384,2025-01-05 14:37:44.225267,2025-01-05 14:37:47.015480,0 days 00:00:02.790213,1,1,,,,,,,,,,,,,,,,,,,,30,,,,,,,,,,,,,,,,,,,,COMPLETE
911,911,0.6515151515151515,2025-01-05 14:37:47.015869,2025-01-05 14:37:52.243581,0 days 00:00:05.227712,4,2,4.0,,,,,,,,,,,3.0,4.0,,,,,,,5,50.0,,,,,,,,,,,45.0,20.0,,,,,,,COMPLETE
912,912,0.834096109839817,2025-01-05 14:37:52.244049,2025-01-05 14:37:55.619963,0 days 00:00:03.375914,1,1,,,,,,,,,,,,,,,,,,,,55,,,,,,,,,,,,,,,,,,,,COMPLETE
913,913,0.37102734663710274,2025-01-05 14:37:55.620592,2025-01-05 14:38:13.006676,0 days 00:00:17.386084,10,1,4.0,,,,,,,,,,,5.0,9.0,4.0,3.0,2.0,2.0,7.0,7.0,50,5.0,,,,,,,,,,,35.0,10.0,30.0,35.0,10.0,5.0,45.0,5.0,COMPLETE
914,914,0.8657804459691252,2025-01-05 14:38:13.007551,2025-01-05 14:38:16.141064,0 days 00:00:03.133513,2,1,5.0,,,,,,,,,,,,,,,,,,,35,25.0,,,,,,,,,,,,,,,,,,,COMPLETE
915,915,0.5565476190476191,2025-01-05 14:38:16.141495,2025-01-05 14:38:20.392010,0 days 00:00:04.250515,3,2,3.0,,,,,,,,,,,14.0,,,,,,,,30,45.0,,,,,,,,,,,30.0,,,,,,,,COMPLETE
916,916,0.37648221343873517,2025-01-05 14:38:20.392475,2025-01-05 14:38:28.269063,0 days 00:00:07.876588,5,1,4.0,,,,,,,,,,,3.0,13.0,2.0,,,,,,50,40.0,,,,,,,,,,,5.0,40.0,5.0,,,,,,COMPLETE
917,917,0.8485714285714285,2025-01-05 14:38:28.269587,2025-01-05 14:38:32.046988,0 days 00:00:03.777401,3,1,5.0,,,,,,,,,,,2.0,,,,,,,,35,50.0,,,,,,,,,,,40.0,,,,,,,,COMPLETE
918,918,0.9399759903961584,2025-01-05 14:38:32.047456,2025-01-05 14:38:35.829113,0 days 00:00:03.781657,2,2,4.0,,,,,,,,,,,,,,,,,,,55,10.0,,,,,,,,,,,,,,,,,,,COMPLETE
919,919,0.8594941790445605,2025-01-05 14:38:35.829542,2025-01-05 14:38:39.570333,0 days 00:00:03.740791,2,2,4.0,,,,,,,,,,,,,,,,,,,55,10.0,,,,,,,,,,,,,,,,,,,COMPLETE
920,920,0.8284313725490196,2025-01-05 14:38:39.570755,2025-01-05 14:38:44.100511,0 days 00:00:04.529756,2,3,5.0,,,,,,,,,,,,,,,,,,,55,10.0,,,,,,,,,,,,,,,,,,,COMPLETE
921,921,0.6984627512810406,2025-01-05 14:38:44.100943,2025-01-05 14:38:47.901627,0 days 00:00:03.800684,1,3,,,,,,,,,,,,,,,,,,,,55,,,,,,,,,,,,,,,,,,,,COMPLETE
922,922,0.88,2025-01-05 14:38:47.902026,2025-01-05 14:38:51.944672,0 days 00:00:04.042646,2,2,3.0,,,,,,,,,,,,,,,,,,,55,10.0,,,,,,,,,,,,,,,,,,,COMPLETE
923,923,0.8164983164983165,2025-01-05 14:38:51.945100,2025-01-05 14:38:55.972428,0 days 00:00:04.027328,2,2,4.0,,,,,,,,,,,,,,,,,,,55,10.0,,,,,,,,,,,,,,,,,,,COMPLETE
924,924,0.9089795918367347,2025-01-05 14:38:55.972852,2025-01-05 14:39:00.740196,0 days 00:00:04.767344,3,2,5.0,,,,,,,,,,,3.0,,,,,,,,55,10.0,,,,,,,,,,,30.0,,,,,,,,COMPLETE
925,925,0.8574999999999999,2025-01-05 14:39:00.740766,2025-01-05 14:39:05.138139,0 days 00:00:04.397373,3,2,4.0,,,,,,,,,,,2.0,,,,,,,,55,10.0,,,,,,,,,,,40.0,,,,,,,,COMPLETE
926,926,0.84,2025-01-05 14:39:05.138598,2025-01-05 14:39:08.641344,0 days 00:00:03.502746,2,2,5.0,,,,,,,,,,,,,,,,,,,55,10.0,,,,,,,,,,,,,,,,,,,COMPLETE
927,927,0.7717996289424861,2025-01-05 14:39:08.641777,2025-01-05 14:39:12.427706,0 days 00:00:03.785929,1,2,,,,,,,,,,,,,,,,,,,,55,,,,,,,,,,,,,,,,,,,,COMPLETE
928,928,0.8535353535353536,2025-01-05 14:39:12.428118,2025-01-05 14:39:16.471489,0 days 00:00:04.043371,2,2,3.0,,,,,,,,,,,,,,,,,,,55,10.0,,,,,,,,,,,,,,,,,,,COMPLETE
929,929,0.8470057424118129,2025-01-05 14:39:16.471910,2025-01-05 14:39:20.856894,0 days 00:00:04.384984,3,2,4.0,,,,,,,,,,,1.0,,,,,,,,55,10.0,,,,,,,,,,,35.0,,,,,,,,COMPLETE
930,930,0.8063986874487286,2025-01-05 14:39:20.857352,2025-01-05 14:39:26.175887,0 days 00:00:05.318535,4,2,4.0,,,,,,,,,,,4.0,1.0,,,,,,,50,10.0,,,,,,,,,,,10.0,5.0,,,,,,,COMPLETE
931,931,0.15625,2025-01-05 14:39:26.176381,2025-01-05 14:39:34.358455,0 days 00:00:08.182074,17,2,5.0,1.0,7.0,9.0,1.0,15.0,14.0,6.0,,,,6.0,2.0,5.0,7.0,4.0,3.0,12.0,10.0,55,10.0,5.0,5.0,60.0,25.0,35.0,40.0,5.0,,,,35.0,60.0,25.0,5.0,45.0,60.0,25.0,30.0,COMPLETE
932,932,0.8397435897435898,2025-01-05 14:39:34.359213,2025-01-05 14:39:38.795716,0 days 00:00:04.436503,2,3,3.0,,,,,,,,,,,,,,,,,,,50,5.0,,,,,,,,,,,,,,,,,,,COMPLETE
933,933,0.8569044639132248,2025-01-05 14:39:38.796376,2025-01-05 14:39:42.136470,0 days 00:00:03.340094,2,1,4.0,,,,,,,,,,,,,,,,,,,40,5.0,,,,,,,,,,,,,,,,,,,COMPLETE
934,934,0.7369121561668146,2025-01-05 14:39:42.137004,2025-01-05 14:39:45.894124,0 days 00:00:03.757120,1,2,,,,,,,,,,,,,,,,,,,,55,,,,,,,,,,,,,,,,,,,,COMPLETE
935,935,0.5601443464314354,2025-01-05 14:39:45.894533,2025-01-05 14:39:49.754119,0 days 00:00:03.859586,3,1,5.0,,,,,,,,,,,13.0,,,,,,,,50,50.0,,,,,,,,,,,45.0,,,,,,,,COMPLETE
936,936,0.8397435897435898,2025-01-05 14:39:49.754567,2025-01-05 14:39:53.166383,0 days 00:00:03.411816,2,1,4.0,,,,,,,,,,,,,,,,,,,55,50.0,,,,,,,,,,,,,,,,,,,COMPLETE
937,937,0.0,2025-01-05 14:39:53.166796,2025-01-05 14:40:24.437811,0 days 00:00:31.271015,19,2,4.0,4.0,4.0,14.0,5.0,8.0,2.0,10.0,11.0,12.0,,1.0,12.0,15.0,10.0,1.0,7.0,1.0,14.0,35,5.0,45.0,40.0,25.0,20.0,25.0,25.0,60.0,50.0,20.0,,35.0,35.0,50.0,20.0,15.0,50.0,40.0,15.0,COMPLETE
938,938,0.8798076923076923,2025-01-05 14:40:24.438743,2025-01-05 14:40:28.828719,0 days 00:00:04.389976,3,1,3.0,,,,,,,,,,,2.0,,,,,,,,40,10.0,,,,,,,,,,,5.0,,,,,,,,COMPLETE
939,939,0.8999599839935974,2025-01-05 14:40:28.829189,2025-01-05 14:40:32.224621,0 days 00:00:03.395432,2,1,4.0,,,,,,,,,,,,,,,,,,,55,10.0,,,,,,,,,,,,,,,,,,,COMPLETE
940,940,0.779205138498595,2025-01-05 14:40:32.225054,2025-01-05 14:40:35.053478,0 days 00:00:02.828424,1,1,,,,,,,,,,,,,,,,,,,,35,,,,,,,,,,,,,,,,,,,,COMPLETE
941,941,0.8775,2025-01-05 14:40:35.053883,2025-01-05 14:40:37.978761,0 days 00:00:02.924878,2,1,5.0,,,,,,,,,,,,,,,,,,,50,50.0,,,,,,,,,,,,,,,,,,,COMPLETE
942,942,0.8281632653061224,2025-01-05 14:40:37.979188,2025-01-05 14:40:42.702824,0 days 00:00:04.723636,3,2,4.0,,,,,,,,,,,2.0,,,,,,,,55,45.0,,,,,,,,,,,30.0,,,,,,,,COMPLETE
943,943,0.5327144120247569,2025-01-05 14:40:42.703276,2025-01-05 14:40:46.925516,0 days 00:00:04.222240,3,1,5.0,,,,,,,,,,,7.0,,,,,,,,40,5.0,,,,,,,,,,,40.0,,,,,,,,COMPLETE
944,944,0.8569044639132248,2025-01-05 14:40:46.925964,2025-01-05 14:40:50.249878,0 days 00:00:03.323914,2,1,4.0,,,,,,,,,,,,,,,,,,,35,50.0,,,,,,,,,,,,,,,,,,,COMPLETE
945,945,0.7584541062801933,2025-01-05 14:40:50.250310,2025-01-05 14:40:53.300382,0 days 00:00:03.050072,1,2,,,,,,,,,,,,,,,,,,,,30,,,,,,,,,,,,,,,,,,,,COMPLETE
946,946,0.46187363834422657,2025-01-05 14:40:53.300778,2025-01-05 14:41:03.943548,0 days 00:00:10.642770,4,3,4.0,,,,,,,,,,,8.0,15.0,,,,,,,50,10.0,,,,,,,,,,,10.0,20.0,,,,,,,COMPLETE
947,947,0.8075980392156863,2025-01-05 14:41:03.944143,2025-01-05 14:41:07.424492,0 days 00:00:03.480349,2,1,11.0,,,,,,,,,,,,,,,,,,,45,45.0,,,,,,,,,,,,,,,,,,,COMPLETE
948,948,0.8273322422258592,2025-01-05 14:41:07.424937,2025-01-05 14:41:11.211123,0 days 00:00:03.786186,2,4,5.0,,,,,,,,,,,,,,,,,,,45,50.0,,,,,,,,,,,,,,,,,,,COMPLETE
949,949,0.6938502673796791,2025-01-05 14:41:11.211551,2025-01-05 14:41:15.386695,0 days 00:00:04.175144,3,1,3.0,,,,,,,,,,,11.0,,,,,,,,35,50.0,,,,,,,,,,,25.0,,,,,,,,COMPLETE
950,950,0.8421985815602837,2025-01-05 14:41:15.387158,2025-01-05 14:41:18.731037,0 days 00:00:03.343879,2,1,9.0,,,,,,,,,,,,,,,,,,,55,5.0,,,,,,,,,,,,,,,,,,,COMPLETE
951,951,0.2984126984126984,2025-01-05 14:41:18.731466,2025-01-05 14:41:33.233512,0 days 00:00:14.502046,8,1,4.0,,,,,,,,,,,9.0,5.0,11.0,13.0,6.0,8.0,,,50,10.0,,,,,,,,,,,15.0,10.0,35.0,10.0,35.0,10.0,,,COMPLETE
952,952,0.8389694041867954,2025-01-05 14:41:33.234468,2025-01-05 14:41:36.847443,0 days 00:00:03.612975,1,1,,,,,,,,,,,,,,,,,,,,55,,,,,,,,,,,,,,,,,,,,COMPLETE
953,953,0.40490196078431373,2025-01-05 14:41:36.847849,2025-01-05 14:41:41.793579,0 days 00:00:04.945730,4,2,5.0,,,,,,,,,,,5.0,6.0,,,,,,,35,50.0,,,,,,,,,,,40.0,30.0,,,,,,,COMPLETE
954,954,0.9083469721767594,2025-01-05 14:41:41.794071,2025-01-05 14:41:45.837129,0 days 00:00:04.043058,3,1,4.0,,,,,,,,,,,3.0,,,,,,,,40,60.0,,,,,,,,,,,15.0,,,,,,,,COMPLETE
955,955,0.7981283422459893,2025-01-05 14:41:45.837579,2025-01-05 14:41:53.039225,0 days 00:00:07.201646,2,11,3.0,,,,,,,,,,,,,,,,,,,50,5.0,,,,,,,,,,,,,,,,,,,COMPLETE
956,956,0.3944444444444445,2025-01-05 14:41:53.039674,2025-01-05 14:42:01.008704,0 days 00:00:07.969030,18,1,4.0,8.0,2.0,15.0,3.0,6.0,8.0,13.0,3.0,,,1.0,4.0,9.0,1.0,14.0,1.0,6.0,3.0,55,50.0,15.0,25.0,35.0,10.0,55.0,50.0,30.0,30.0,,,30.0,45.0,45.0,30.0,60.0,25.0,5.0,50.0,COMPLETE
957,957,0.4872727272727273,2025-01-05 14:42:01.009521,2025-01-05 14:42:05.482314,0 days 00:00:04.472793,3,2,4.0,,,,,,,,,,,12.0,,,,,,,,35,10.0,,,,,,,,,,,25.0,,,,,,,,COMPLETE
958,958,0.84,2025-01-05 14:42:05.482778,2025-01-05 14:42:08.849377,0 days 00:00:03.366599,2,1,5.0,,,,,,,,,,,,,,,,,,,50,15.0,,,,,,,,,,,,,,,,,,,COMPLETE
959,959,0.8193496587715776,2025-01-05 14:42:08.849807,2025-01-05 14:42:12.194625,0 days 00:00:03.344818,2,1,5.0,,,,,,,,,,,,,,,,,,,45,50.0,,,,,,,,,,,,,,,,,,,COMPLETE
960,960,0.8273322422258592,2025-01-05 14:42:12.195076,2025-01-05 14:42:16.320497,0 days 00:00:04.125421,3,1,4.0,,,,,,,,,,,2.0,,,,,,,,55,20.0,,,,,,,,,,,35.0,,,,,,,,COMPLETE
961,961,0.7937710437710437,2025-01-05 14:42:16.320950,2025-01-05 14:42:19.312153,0 days 00:00:02.991203,1,1,,,,,,,,,,,,,,,,,,,,35,,,,,,,,,,,,,,,,,,,,COMPLETE
962,962,0.8513986013986015,2025-01-05 14:42:19.312560,2025-01-05 14:42:22.609873,0 days 00:00:03.297313,2,2,4.0,,,,,,,,,,,,,,,,,,,40,5.0,,,,,,,,,,,,,,,,,,,COMPLETE
963,963,0.4972170686456401,2025-01-05 14:42:22.610311,2025-01-05 14:42:28.783004,0 days 00:00:06.172693,4,7,5.0,,,,,,,,,,,1.0,10.0,,,,,,,30,50.0,,,,,,,,,,,5.0,25.0,,,,,,,COMPLETE
964,964,0.6909660107334525,2025-01-05 14:42:28.783502,2025-01-05 14:42:34.443618,0 days 00:00:05.660116,1,5,,,,,,,,,,,,,,,,,,,,55,,,,,,,,,,,,,,,,,,,,COMPLETE
965,965,0.9399759903961584,2025-01-05 14:42:34.444040,2025-01-05 14:42:38.584326,0 days 00:00:04.140286,3,1,4.0,,,,,,,,,,,3.0,,,,,,,,50,45.0,,,,,,,,,,,20.0,,,,,,,,COMPLETE
966,966,0.509750566893424,2025-01-05 14:42:38.584779,2025-01-05 14:42:44.003493,0 days 00:00:05.418714,4,2,5.0,,,,,,,,,,,2.0,13.0,,,,,,,50,45.0,,,,,,,,,,,20.0,55.0,,,,,,,COMPLETE
967,967,0.8389694041867954,2025-01-05 14:42:44.003976,2025-01-05 14:42:48.130687,0 days 00:00:04.126711,3,1,4.0,,,,,,,,,,,2.0,,,,,,,,45,40.0,,,,,,,,,,,20.0,,,,,,,,COMPLETE
968,968,0.6594202898550725,2025-01-05 14:42:48.131150,2025-01-05 14:42:52.764914,0 days 00:00:04.633764,4,1,4.0,,,,,,,,,,,1.0,7.0,,,,,,,50,45.0,,,,,,,,,,,20.0,35.0,,,,,,,COMPLETE
969,969,0.8481481481481481,2025-01-05 14:42:52.765397,2025-01-05 14:42:56.885451,0 days 00:00:04.120054,3,1,3.0,,,,,,,,,,,2.0,,,,,,,,50,45.0,,,,,,,,,,,15.0,,,,,,,,COMPLETE
970,970,0.8585858585858586,2025-01-05 14:42:56.885911,2025-01-05 14:43:00.972307,0 days 00:00:04.086396,3,1,3.0,,,,,,,,,,,3.0,,,,,,,,50,40.0,,,,,,,,,,,25.0,,,,,,,,COMPLETE
971,971,0.6660877116804169,2025-01-05 14:43:00.972791,2025-01-05 14:43:05.700494,0 days 00:00:04.727703,4,2,4.0,,,,,,,,,,,1.0,8.0,,,,,,,50,45.0,,,,,,,,,,,20.0,50.0,,,,,,,COMPLETE
972,972,0.9198717948717949,2025-01-05 14:43:05.701219,2025-01-05 14:43:09.813544,0 days 00:00:04.112325,3,1,4.0,,,,,,,,,,,2.0,,,,,,,,50,50.0,,,,,,,,,,,15.0,,,,,,,,COMPLETE
973,973,0.8999599839935974,2025-01-05 14:43:09.814127,2025-01-05 14:43:13.889555,0 days 00:00:04.075428,3,1,5.0,,,,,,,,,,,1.0,,,,,,,,50,50.0,,,,,,,,,,,25.0,,,,,,,,COMPLETE
974,974,0.8884803921568627,2025-01-05 14:43:13.890024,2025-01-05 14:43:17.692635,0 days 00:00:03.802611,3,1,4.0,,,,,,,,,,,3.0,,,,,,,,50,50.0,,,,,,,,,,,10.0,,,,,,,,COMPLETE
975,975,0.5265957446808511,2025-01-05 14:43:17.693098,2025-01-05 14:43:22.706804,0 days 00:00:05.013706,4,1,5.0,,,,,,,,,,,2.0,14.0,,,,,,,50,50.0,,,,,,,,,,,15.0,5.0,,,,,,,COMPLETE
