,number,value,datetime_start,datetime_complete,duration,params_depth,params_grids_0,params_grids_1,params_grids_10,params_grids_11,params_grids_12,params_grids_13,params_grids_14,params_grids_15,params_grids_16,params_grids_17,params_grids_18,params_grids_19,params_grids_2,params_grids_3,params_grids_4,params_grids_5,params_grids_6,params_grids_7,params_grids_8,params_grids_9,params_neurons_layer_0,params_neurons_layer_1,params_neurons_layer_10,params_neurons_layer_11,params_neurons_layer_12,params_neurons_layer_13,params_neurons_layer_14,params_neurons_layer_15,params_neurons_layer_16,params_neurons_layer_17,params_neurons_layer_18,params_neurons_layer_19,params_neurons_layer_2,params_neurons_layer_3,params_neurons_layer_4,params_neurons_layer_5,params_neurons_layer_6,params_neurons_layer_7,params_neurons_layer_8,params_neurons_layer_9,state
479,479,0.8054054054054054,2025-01-05 15:25:23.977575,2025-01-05 15:25:28.131487,0 days 00:00:04.153912,3,1,1.0,,,,,,,,,,,4.0,,,,,,,,40,35.0,,,,,,,,,,,40.0,,,,,,,,COMPLETE
480,480,0.72953216374269,2025-01-05 15:25:28.131886,2025-01-05 15:25:31.529561,0 days 00:00:03.397675,2,2,3.0,,,,,,,,,,,,,,,,,,,15,40.0,,,,,,,,,,,,,,,,,,,COMPLETE
481,481,0.6238467989935701,2025-01-05 15:25:31.529936,2025-01-05 15:25:33.995434,0 days 00:00:02.465498,1,1,,,,,,,,,,,,,,,,,,,,60,,,,,,,,,,,,,,,,,,,,COMPLETE
482,482,0.6417555373256767,2025-01-05 15:25:33.995784,2025-01-05 15:25:38.179422,0 days 00:00:04.183638,3,1,2.0,,,,,,,,,,,6.0,,,,,,,,15,45.0,,,,,,,,,,,20.0,,,,,,,,COMPLETE
483,483,0.8520514883346741,2025-01-05 15:25:38.179816,2025-01-05 15:25:41.544098,0 days 00:00:03.364282,2,2,1.0,,,,,,,,,,,,,,,,,,,45,40.0,,,,,,,,,,,,,,,,,,,COMPLETE
484,484,0.7142154451549434,2025-01-05 15:25:41.544471,2025-01-05 15:25:45.681936,0 days 00:00:04.137465,3,1,1.0,,,,,,,,,,,12.0,,,,,,,,35,40.0,,,,,,,,,,,10.0,,,,,,,,COMPLETE
485,485,0.8430709802028006,2025-01-05 15:25:45.682339,2025-01-05 15:25:49.276293,0 days 00:00:03.593954,2,2,1.0,,,,,,,,,,,,,,,,,,,20,40.0,,,,,,,,,,,,,,,,,,,COMPLETE
486,486,0.7838277123120683,2025-01-05 15:25:49.276666,2025-01-05 15:25:52.647786,0 days 00:00:03.371120,2,1,1.0,,,,,,,,,,,,,,,,,,,35,40.0,,,,,,,,,,,,,,,,,,,COMPLETE
487,487,0.8084525680258043,2025-01-05 15:25:52.648162,2025-01-05 15:25:56.779160,0 days 00:00:04.130998,3,2,1.0,,,,,,,,,,,5.0,,,,,,,,50,40.0,,,,,,,,,,,15.0,,,,,,,,COMPLETE
488,488,0.6719047619047619,2025-01-05 15:25:56.779685,2025-01-05 15:26:02.818797,0 days 00:00:06.039112,1,8,,,,,,,,,,,,,,,,,,,,40,,,,,,,,,,,,,,,,,,,,COMPLETE
489,489,0.7962264150943397,2025-01-05 15:26:02.819304,2025-01-05 15:26:06.165828,0 days 00:00:03.346524,2,1,1.0,,,,,,,,,,,,,,,,,,,35,35.0,,,,,,,,,,,,,,,,,,,COMPLETE
490,490,0.7845709570957096,2025-01-05 15:26:06.166226,2025-01-05 15:26:11.143003,0 days 00:00:04.976777,4,2,1.0,,,,,,,,,,,1.0,7.0,,,,,,,55,40.0,,,,,,,,,,,10.0,60.0,,,,,,,COMPLETE
491,491,0.8107493707883413,2025-01-05 15:26:11.143455,2025-01-05 15:26:14.512963,0 days 00:00:03.369508,2,1,1.0,,,,,,,,,,,,,,,,,,,35,35.0,,,,,,,,,,,,,,,,,,,COMPLETE
492,492,0.6419895154072369,2025-01-05 15:26:14.513362,2025-01-05 15:26:17.256506,0 days 00:00:02.743144,1,3,,,,,,,,,,,,,,,,,,,,40,,,,,,,,,,,,,,,,,,,,COMPLETE
493,493,0.7781782437745741,2025-01-05 15:26:17.256862,2025-01-05 15:26:21.413336,0 days 00:00:04.156474,3,2,4.0,,,,,,,,,,,2.0,,,,,,,,35,40.0,,,,,,,,,,,15.0,,,,,,,,COMPLETE
494,494,0.7833441769681198,2025-01-05 15:26:21.413739,2025-01-05 15:26:24.832004,0 days 00:00:03.418265,2,1,7.0,,,,,,,,,,,,,,,,,,,35,40.0,,,,,,,,,,,,,,,,,,,COMPLETE
495,495,0.7084889220811551,2025-01-05 15:26:24.832394,2025-01-05 15:26:29.271736,0 days 00:00:04.439342,3,2,1.0,,,,,,,,,,,8.0,,,,,,,,35,35.0,,,,,,,,,,,5.0,,,,,,,,COMPLETE
496,496,0.8107493707883413,2025-01-05 15:26:29.272140,2025-01-05 15:26:32.628436,0 days 00:00:03.356296,2,1,1.0,,,,,,,,,,,,,,,,,,,50,40.0,,,,,,,,,,,,,,,,,,,COMPLETE
497,497,0.0,2025-01-05 15:26:32.628814,2025-01-05 15:27:04.385073,0 days 00:00:31.756259,19,1,5.0,10.0,1.0,10.0,15.0,6.0,7.0,10.0,10.0,7.0,,5.0,3.0,3.0,13.0,5.0,1.0,9.0,15.0,40,35.0,25.0,10.0,55.0,40.0,60.0,30.0,20.0,25.0,30.0,,20.0,50.0,5.0,10.0,20.0,50.0,45.0,5.0,COMPLETE
498,498,0.7801932367149759,2025-01-05 15:27:04.385926,2025-01-05 15:27:08.541044,0 days 00:00:04.155118,3,2,1.0,,,,,,,,,,,6.0,,,,,,,,35,40.0,,,,,,,,,,,10.0,,,,,,,,COMPLETE
499,499,0.8063963963963964,2025-01-05 15:27:08.541450,2025-01-05 15:27:10.854199,0 days 00:00:02.312749,1,2,,,,,,,,,,,,,,,,,,,,35,,,,,,,,,,,,,,,,,,,,COMPLETE
500,500,0.7982300884955753,2025-01-05 15:27:10.854554,2025-01-05 15:27:14.225343,0 days 00:00:03.370789,2,1,1.0,,,,,,,,,,,,,,,,,,,60,35.0,,,,,,,,,,,,,,,,,,,COMPLETE
501,501,0.49375769298399863,2025-01-05 15:27:14.225715,2025-01-05 15:27:18.925317,0 days 00:00:04.699602,3,3,13.0,,,,,,,,,,,4.0,,,,,,,,35,55.0,,,,,,,,,,,15.0,,,,,,,,COMPLETE
502,502,0.8198051948051948,2025-01-05 15:27:18.925716,2025-01-05 15:27:22.524735,0 days 00:00:03.599019,2,1,3.0,,,,,,,,,,,,,,,,,,,35,40.0,,,,,,,,,,,,,,,,,,,COMPLETE
503,503,0.28284347231715656,2025-01-05 15:27:22.525118,2025-01-05 15:27:34.798954,0 days 00:00:12.273836,16,2,2.0,7.0,4.0,14.0,10.0,11.0,3.0,,,,,7.0,2.0,7.0,6.0,10.0,8.0,2.0,11.0,40,40.0,20.0,55.0,30.0,25.0,50.0,15.0,,,,,20.0,35.0,40.0,45.0,40.0,15.0,30.0,45.0,COMPLETE
504,504,0.8052277941658472,2025-01-05 15:27:34.799629,2025-01-05 15:27:38.151006,0 days 00:00:03.351377,2,1,2.0,,,,,,,,,,,,,,,,,,,55,45.0,,,,,,,,,,,,,,,,,,,COMPLETE
505,505,0.4889285714285715,2025-01-05 15:27:38.151401,2025-01-05 15:27:43.544917,0 days 00:00:05.393516,4,13,1.0,,,,,,,,,,,3.0,8.0,,,,,,,20,40.0,,,,,,,,,,,15.0,5.0,,,,,,,COMPLETE
506,506,0.7558555627846454,2025-01-05 15:27:43.545495,2025-01-05 15:27:46.990169,0 days 00:00:03.444674,2,2,9.0,,,,,,,,,,,,,,,,,,,35,35.0,,,,,,,,,,,,,,,,,,,COMPLETE
507,507,0.7889197608823777,2025-01-05 15:27:46.990663,2025-01-05 15:27:51.097922,0 days 00:00:04.107259,3,1,2.0,,,,,,,,,,,2.0,,,,,,,,40,45.0,,,,,,,,,,,10.0,,,,,,,,COMPLETE
508,508,0.8201680672268907,2025-01-05 15:27:51.098331,2025-01-05 15:27:53.195107,0 days 00:00:02.096776,1,2,,,,,,,,,,,,,,,,,,,,45,,,,,,,,,,,,,,,,,,,,COMPLETE
509,509,0.7034968639917518,2025-01-05 15:27:53.195476,2025-01-05 15:27:57.309519,0 days 00:00:04.114043,3,1,3.0,,,,,,,,,,,5.0,,,,,,,,35,40.0,,,,,,,,,,,20.0,,,,,,,,COMPLETE
510,510,0.7802445302445302,2025-01-05 15:27:57.309917,2025-01-05 15:28:00.691301,0 days 00:00:03.381384,2,2,1.0,,,,,,,,,,,,,,,,,,,35,35.0,,,,,,,,,,,,,,,,,,,COMPLETE
511,511,0.269969040247678,2025-01-05 15:28:00.691760,2025-01-05 15:28:05.397530,0 days 00:00:04.705770,11,1,1.0,9.0,,,,,,,,,,9.0,11.0,13.0,1.0,13.0,14.0,12.0,14.0,55,45.0,55.0,,,,,,,,,,50.0,20.0,55.0,30.0,25.0,30.0,35.0,20.0,COMPLETE
512,512,0.49853372434017595,2025-01-05 15:28:05.398117,2025-01-05 15:28:10.235226,0 days 00:00:04.837109,4,3,2.0,,,,,,,,,,,6.0,14.0,,,,,,,35,40.0,,,,,,,,,,,25.0,45.0,,,,,,,COMPLETE
513,513,0.8325958702064897,2025-01-05 15:28:10.235663,2025-01-05 15:28:13.601623,0 days 00:00:03.365960,2,1,4.0,,,,,,,,,,,,,,,,,,,35,40.0,,,,,,,,,,,,,,,,,,,COMPLETE
514,514,0.8481053051455923,2025-01-05 15:28:13.602008,2025-01-05 15:28:18.024217,0 days 00:00:04.422209,3,2,2.0,,,,,,,,,,,1.0,,,,,,,,35,55.0,,,,,,,,,,,5.0,,,,,,,,COMPLETE
515,515,0.4280701754385965,2025-01-05 15:28:18.024620,2025-01-05 15:28:20.176617,0 days 00:00:02.151997,1,1,,,,,,,,,,,,,,,,,,,,40,,,,,,,,,,,,,,,,,,,,COMPLETE
516,516,0.8161705551086083,2025-01-05 15:28:20.176972,2025-01-05 15:28:23.572408,0 days 00:00:03.395436,2,2,1.0,,,,,,,,,,,,,,,,,,,60,30.0,,,,,,,,,,,,,,,,,,,COMPLETE
517,517,0.5314600448095594,2025-01-05 15:28:23.572781,2025-01-05 15:28:29.451105,0 days 00:00:05.878324,5,1,2.0,,,,,,,,,,,4.0,4.0,6.0,,,,,,45,45.0,,,,,,,,,,,15.0,30.0,25.0,,,,,,COMPLETE
518,518,0.7619073510221835,2025-01-05 15:28:29.451567,2025-01-05 15:28:31.624434,0 days 00:00:02.172867,1,2,,,,,,,,,,,,,,,,,,,,40,,,,,,,,,,,,,,,,,,,,COMPLETE
519,519,0.7764519359145527,2025-01-05 15:28:31.624791,2025-01-05 15:28:35.334904,0 days 00:00:03.710113,2,9,1.0,,,,,,,,,,,,,,,,,,,35,35.0,,,,,,,,,,,,,,,,,,,COMPLETE
520,520,0.7233968198497291,2025-01-05 15:28:35.335293,2025-01-05 15:28:39.811302,0 days 00:00:04.476009,3,7,3.0,,,,,,,,,,,3.0,,,,,,,,50,40.0,,,,,,,,,,,10.0,,,,,,,,COMPLETE
521,521,0.8558558558558559,2025-01-05 15:28:39.811700,2025-01-05 15:28:43.931331,0 days 00:00:04.119631,3,1,1.0,,,,,,,,,,,2.0,,,,,,,,35,60.0,,,,,,,,,,,20.0,,,,,,,,COMPLETE
522,522,0.7856459330143541,2025-01-05 15:28:43.931733,2025-01-05 15:28:49.142689,0 days 00:00:05.210956,4,1,1.0,,,,,,,,,,,2.0,1.0,,,,,,,35,35.0,,,,,,,,,,,20.0,10.0,,,,,,,COMPLETE
523,523,0.8159504265250281,2025-01-05 15:28:49.143124,2025-01-05 15:28:53.277625,0 days 00:00:04.134501,3,1,1.0,,,,,,,,,,,1.0,,,,,,,,55,60.0,,,,,,,,,,,25.0,,,,,,,,COMPLETE
524,524,0.7792574656981437,2025-01-05 15:28:53.278036,2025-01-05 15:28:57.404228,0 days 00:00:04.126192,3,1,1.0,,,,,,,,,,,2.0,,,,,,,,35,60.0,,,,,,,,,,,20.0,,,,,,,,COMPLETE
525,525,0.18544264976487423,2025-01-05 15:28:57.404632,2025-01-05 15:29:00.001626,0 days 00:00:02.596994,14,1,1.0,5.0,11.0,4.0,7.0,,,,,,,1.0,10.0,10.0,12.0,14.0,5.0,8.0,2.0,35,55.0,20.0,45.0,40.0,10.0,,,,,,,15.0,40.0,10.0,50.0,50.0,45.0,5.0,35.0,COMPLETE
526,526,0.8251247384516337,2025-01-05 15:29:00.002250,2025-01-05 15:29:04.138356,0 days 00:00:04.136106,3,1,1.0,,,,,,,,,,,2.0,,,,,,,,40,55.0,,,,,,,,,,,20.0,,,,,,,,COMPLETE
527,527,0.6172021077681455,2025-01-05 15:29:04.138826,2025-01-05 15:29:09.054431,0 days 00:00:04.915605,4,1,1.0,,,,,,,,,,,3.0,5.0,,,,,,,35,35.0,,,,,,,,,,,15.0,35.0,,,,,,,COMPLETE
528,528,0.7968960863697706,2025-01-05 15:29:09.054870,2025-01-05 15:29:13.171898,0 days 00:00:04.117028,3,1,1.0,,,,,,,,,,,3.0,,,,,,,,35,60.0,,,,,,,,,,,25.0,,,,,,,,COMPLETE
529,529,0.7892322549492998,2025-01-05 15:29:13.172318,2025-01-05 15:29:17.281378,0 days 00:00:04.109060,3,1,1.0,,,,,,,,,,,1.0,,,,,,,,35,60.0,,,,,,,,,,,20.0,,,,,,,,COMPLETE
530,530,0.7857142857142857,2025-01-05 15:29:17.281780,2025-01-05 15:29:20.645875,0 days 00:00:03.364095,2,1,1.0,,,,,,,,,,,,,,,,,,,40,55.0,,,,,,,,,,,,,,,,,,,COMPLETE
531,531,0.5625210084033614,2025-01-05 15:29:20.646259,2025-01-05 15:29:25.705323,0 days 00:00:05.059064,4,1,1.0,,,,,,,,,,,4.0,12.0,,,,,,,35,40.0,,,,,,,,,,,15.0,55.0,,,,,,,COMPLETE
532,532,0.7968960863697706,2025-01-05 15:29:25.705752,2025-01-05 15:29:29.842764,0 days 00:00:04.137012,3,1,3.0,,,,,,,,,,,2.0,,,,,,,,35,60.0,,,,,,,,,,,25.0,,,,,,,,COMPLETE
533,533,0.7579649708090075,2025-01-05 15:29:29.843322,2025-01-05 15:29:33.222724,0 days 00:00:03.379402,2,1,1.0,,,,,,,,,,,,,,,,,,,55,40.0,,,,,,,,,,,,,,,,,,,COMPLETE
534,534,0.5882208387942334,2025-01-05 15:29:33.223228,2025-01-05 15:29:37.712773,0 days 00:00:04.489545,4,1,14.0,,,,,,,,,,,3.0,2.0,,,,,,,20,35.0,,,,,,,,,,,15.0,25.0,,,,,,,COMPLETE
535,535,0.5697684578418524,2025-01-05 15:29:37.713231,2025-01-05 15:29:41.902308,0 days 00:00:04.189077,3,2,6.0,,,,,,,,,,,4.0,,,,,,,,25,40.0,,,,,,,,,,,20.0,,,,,,,,COMPLETE
536,536,0.8180841391850566,2025-01-05 15:29:41.902721,2025-01-05 15:29:45.269363,0 days 00:00:03.366642,2,1,3.0,,,,,,,,,,,,,,,,,,,40,55.0,,,,,,,,,,,,,,,,,,,COMPLETE
537,537,0.6003850385038504,2025-01-05 15:29:45.269741,2025-01-05 15:29:47.541377,0 days 00:00:02.271636,1,1,,,,,,,,,,,,,,,,,,,,30,,,,,,,,,,,,,,,,,,,,COMPLETE
538,538,0.8017857142857143,2025-01-05 15:29:47.541729,2025-01-05 15:29:51.696815,0 days 00:00:04.155086,3,2,1.0,,,,,,,,,,,1.0,,,,,,,,35,40.0,,,,,,,,,,,10.0,,,,,,,,COMPLETE
539,539,0.7753349915750622,2025-01-05 15:29:51.697227,2025-01-05 15:29:56.104504,0 days 00:00:04.407277,3,1,2.0,,,,,,,,,,,2.0,,,,,,,,45,35.0,,,,,,,,,,,20.0,,,,,,,,COMPLETE
540,540,0.769010160603081,2025-01-05 15:29:56.104914,2025-01-05 15:30:00.355376,0 days 00:00:04.250462,2,10,1.0,,,,,,,,,,,,,,,,,,,60,30.0,,,,,,,,,,,,,,,,,,,COMPLETE
541,541,0.8644688644688645,2025-01-05 15:30:00.355824,2025-01-05 15:30:03.787837,0 days 00:00:03.432013,2,2,3.0,,,,,,,,,,,,,,,,,,,50,60.0,,,,,,,,,,,,,,,,,,,COMPLETE
542,542,0.8557504873294347,2025-01-05 15:30:03.788252,2025-01-05 15:30:07.156297,0 days 00:00:03.368045,2,2,3.0,,,,,,,,,,,,,,,,,,,45,60.0,,,,,,,,,,,,,,,,,,,COMPLETE
543,543,0.5354480570975416,2025-01-05 15:30:07.156678,2025-01-05 15:30:09.936571,0 days 00:00:02.779893,1,3,,,,,,,,,,,,,,,,,,,,45,,,,,,,,,,,,,,,,,,,,COMPLETE
544,544,0.6598125976054139,2025-01-05 15:30:09.936938,2025-01-05 15:30:14.278477,0 days 00:00:04.341539,3,3,4.0,,,,,,,,,,,4.0,,,,,,,,50,60.0,,,,,,,,,,,15.0,,,,,,,,COMPLETE
545,545,0.7767857142857143,2025-01-05 15:30:14.278882,2025-01-05 15:30:17.653817,0 days 00:00:03.374935,2,2,3.0,,,,,,,,,,,,,,,,,,,45,60.0,,,,,,,,,,,,,,,,,,,COMPLETE
546,546,0.32894736842105265,2025-01-05 15:30:17.654209,2025-01-05 15:30:28.688340,0 days 00:00:11.034131,17,2,3.0,3.0,3.0,7.0,12.0,3.0,12.0,4.0,,,,5.0,9.0,11.0,15.0,1.0,11.0,6.0,6.0,50,60.0,15.0,5.0,20.0,55.0,30.0,60.0,60.0,,,,10.0,20.0,15.0,40.0,55.0,20.0,55.0,55.0,COMPLETE
547,547,0.5810741687979539,2025-01-05 15:30:28.689063,2025-01-05 15:30:33.508439,0 days 00:00:04.819376,4,2,3.0,,,,,,,,,,,3.0,6.0,,,,,,,15,60.0,,,,,,,,,,,15.0,50.0,,,,,,,COMPLETE
548,548,0.8124850514231046,2025-01-05 15:30:33.508888,2025-01-05 15:30:37.148155,0 days 00:00:03.639267,2,3,4.0,,,,,,,,,,,,,,,,,,,50,60.0,,,,,,,,,,,,,,,,,,,COMPLETE
549,549,0.7945445445445445,2025-01-05 15:30:37.148538,2025-01-05 15:30:41.271860,0 days 00:00:04.123322,3,2,3.0,,,,,,,,,,,4.0,,,,,,,,45,60.0,,,,,,,,,,,35.0,,,,,,,,COMPLETE
550,550,0.8028571428571428,2025-01-05 15:30:41.272280,2025-01-05 15:30:43.621085,0 days 00:00:02.348805,1,2,,,,,,,,,,,,,,,,,,,,50,,,,,,,,,,,,,,,,,,,,COMPLETE
551,551,0.797979797979798,2025-01-05 15:30:43.621446,2025-01-05 15:30:48.013100,0 days 00:00:04.391654,3,2,3.0,,,,,,,,,,,3.0,,,,,,,,45,60.0,,,,,,,,,,,30.0,,,,,,,,COMPLETE
552,552,0.8199236827149469,2025-01-05 15:30:48.013506,2025-01-05 15:30:51.870317,0 days 00:00:03.856811,2,6,3.0,,,,,,,,,,,,,,,,,,,50,60.0,,,,,,,,,,,,,,,,,,,COMPLETE
553,553,0.7301719819669394,2025-01-05 15:30:51.870697,2025-01-05 15:30:55.315736,0 days 00:00:03.445039,2,2,4.0,,,,,,,,,,,,,,,,,,,45,60.0,,,,,,,,,,,,,,,,,,,COMPLETE
554,554,0.7747234873129474,2025-01-05 15:30:55.316120,2025-01-05 15:30:59.534135,0 days 00:00:04.218015,3,3,3.0,,,,,,,,,,,2.0,,,,,,,,50,60.0,,,,,,,,,,,10.0,,,,,,,,COMPLETE
555,555,0.8287337662337663,2025-01-05 15:30:59.534546,2025-01-05 15:31:02.998096,0 days 00:00:03.463550,2,2,3.0,,,,,,,,,,,,,,,,,,,55,60.0,,,,,,,,,,,,,,,,,,,COMPLETE
556,556,0.7931775700934579,2025-01-05 15:31:02.998564,2025-01-05 15:31:05.255725,0 days 00:00:02.257161,1,2,,,,,,,,,,,,,,,,,,,,55,,,,,,,,,,,,,,,,,,,,COMPLETE
557,557,0.6008292166549047,2025-01-05 15:31:05.256099,2025-01-05 15:31:10.343764,0 days 00:00:05.087665,4,2,3.0,,,,,,,,,,,5.0,7.0,,,,,,,50,60.0,,,,,,,,,,,20.0,10.0,,,,,,,COMPLETE
558,558,0.7963144963144964,2025-01-05 15:31:10.344399,2025-01-05 15:31:13.941737,0 days 00:00:03.597338,2,1,3.0,,,,,,,,,,,,,,,,,,,45,55.0,,,,,,,,,,,,,,,,,,,COMPLETE
559,559,0.0,2025-01-05 15:31:13.942247,2025-01-05 15:31:43.449355,0 days 00:00:29.507108,18,3,3.0,14.0,7.0,11.0,2.0,10.0,8.0,13.0,4.0,,,4.0,1.0,12.0,9.0,8.0,15.0,4.0,4.0,50,60.0,10.0,25.0,10.0,60.0,15.0,10.0,45.0,35.0,,,25.0,15.0,45.0,15.0,15.0,5.0,20.0,30.0,COMPLETE
560,560,0.7763399632558511,2025-01-05 15:31:43.450109,2025-01-05 15:31:47.684070,0 days 00:00:04.233961,3,2,4.0,,,,,,,,,,,1.0,,,,,,,,10,60.0,,,,,,,,,,,15.0,,,,,,,,COMPLETE
561,561,0.8467532467532467,2025-01-05 15:31:47.684485,2025-01-05 15:31:51.329569,0 days 00:00:03.645084,2,1,3.0,,,,,,,,,,,,,,,,,,,55,55.0,,,,,,,,,,,,,,,,,,,COMPLETE
562,562,0.8141498606328906,2025-01-05 15:31:51.329955,2025-01-05 15:31:55.480455,0 days 00:00:04.150500,3,2,4.0,,,,,,,,,,,2.0,,,,,,,,40,60.0,,,,,,,,,,,20.0,,,,,,,,COMPLETE
563,563,0.8648209791345296,2025-01-05 15:31:55.480866,2025-01-05 15:31:58.819741,0 days 00:00:03.338875,2,1,3.0,,,,,,,,,,,,,,,,,,,55,40.0,,,,,,,,,,,,,,,,,,,COMPLETE
564,564,0.792725501339612,2025-01-05 15:31:58.820138,2025-01-05 15:32:02.253150,0 days 00:00:03.433012,2,1,3.0,,,,,,,,,,,,,,,,,,,55,60.0,,,,,,,,,,,,,,,,,,,COMPLETE
565,565,0.7851383544071835,2025-01-05 15:32:02.253598,2025-01-05 15:32:04.586166,0 days 00:00:02.332568,1,2,,,,,,,,,,,,,,,,,,,,60,,,,,,,,,,,,,,,,,,,,COMPLETE
566,566,0.8144291832816424,2025-01-05 15:32:04.586577,2025-01-05 15:32:06.852111,0 days 00:00:02.265534,1,1,,,,,,,,,,,,,,,,,,,,55,,,,,,,,,,,,,,,,,,,,COMPLETE
567,567,0.7740866610025489,2025-01-05 15:32:06.852466,2025-01-05 15:32:10.983669,0 days 00:00:04.131203,2,9,4.0,,,,,,,,,,,,,,,,,,,55,55.0,,,,,,,,,,,,,,,,,,,COMPLETE
568,568,0.26922530206112294,2025-01-05 15:32:10.984056,2025-01-05 15:32:19.920592,0 days 00:00:08.936536,10,2,3.0,,,,,,,,,,,2.0,4.0,9.0,11.0,12.0,6.0,14.0,10.0,55,40.0,,,,,,,,,,,45.0,30.0,30.0,20.0,45.0,60.0,40.0,50.0,COMPLETE
569,569,0.8430662805662805,2025-01-05 15:32:19.921158,2025-01-05 15:32:23.498115,0 days 00:00:03.576957,2,1,3.0,,,,,,,,,,,,,,,,,,,55,40.0,,,,,,,,,,,,,,,,,,,COMPLETE
570,570,0.4166666666666667,2025-01-05 15:32:23.498504,2025-01-05 15:32:25.789594,0 days 00:00:02.291090,1,2,,,,,,,,,,,,,,,,,,,,55,,,,,,,,,,,,,,,,,,,,COMPLETE
571,571,0.8144963144963145,2025-01-05 15:32:25.789954,2025-01-05 15:32:29.194973,0 days 00:00:03.405019,2,3,3.0,,,,,,,,,,,,,,,,,,,50,40.0,,,,,,,,,,,,,,,,,,,COMPLETE
572,572,0.8558441558441559,2025-01-05 15:32:29.195364,2025-01-05 15:32:32.539636,0 days 00:00:03.344272,2,1,3.0,,,,,,,,,,,,,,,,,,,55,40.0,,,,,,,,,,,,,,,,,,,COMPLETE
573,573,0.8390804597701149,2025-01-05 15:32:32.540024,2025-01-05 15:32:35.882077,0 days 00:00:03.342053,2,1,3.0,,,,,,,,,,,,,,,,,,,60,40.0,,,,,,,,,,,,,,,,,,,COMPLETE
574,574,0.7796296296296297,2025-01-05 15:32:35.882463,2025-01-05 15:32:39.262610,0 days 00:00:03.380147,2,1,3.0,,,,,,,,,,,,,,,,,,,55,50.0,,,,,,,,,,,,,,,,,,,COMPLETE
575,575,0.6791666666666667,2025-01-05 15:32:39.262992,2025-01-05 15:32:41.483031,0 days 00:00:02.220039,1,1,,,,,,,,,,,,,,,,,,,,55,,,,,,,,,,,,,,,,,,,,COMPLETE
576,576,0.7928571428571429,2025-01-05 15:32:41.483396,2025-01-05 15:32:44.897058,0 days 00:00:03.413662,2,1,3.0,,,,,,,,,,,,,,,,,,,55,60.0,,,,,,,,,,,,,,,,,,,COMPLETE
577,577,0.8616734143049932,2025-01-05 15:32:44.897440,2025-01-05 15:32:48.244602,0 days 00:00:03.347162,2,1,3.0,,,,,,,,,,,,,,,,,,,55,40.0,,,,,,,,,,,,,,,,,,,COMPLETE
578,578,0.7683080808080809,2025-01-05 15:32:48.244981,2025-01-05 15:32:50.451190,0 days 00:00:02.206209,1,1,,,,,,,,,,,,,,,,,,,,55,,,,,,,,,,,,,,,,,,,,COMPLETE
579,579,0.8287732402370707,2025-01-05 15:32:50.451550,2025-01-05 15:32:53.798979,0 days 00:00:03.347429,2,1,3.0,,,,,,,,,,,,,,,,,,,55,40.0,,,,,,,,,,,,,,,,,,,COMPLETE
580,580,0.8749601275917065,2025-01-05 15:32:53.799531,2025-01-05 15:32:58.239754,0 days 00:00:04.440223,3,1,4.0,,,,,,,,,,,1.0,,,,,,,,55,55.0,,,,,,,,,,,5.0,,,,,,,,COMPLETE
581,581,0.4538913241253825,2025-01-05 15:32:58.240287,2025-01-05 15:33:03.366706,0 days 00:00:05.126419,4,1,5.0,,,,,,,,,,,1.0,10.0,,,,,,,55,55.0,,,,,,,,,,,5.0,35.0,,,,,,,COMPLETE
582,582,0.8444760550023708,2025-01-05 15:33:03.367247,2025-01-05 15:33:07.849175,0 days 00:00:04.481928,3,1,4.0,,,,,,,,,,,1.0,,,,,,,,55,55.0,,,,,,,,,,,5.0,,,,,,,,COMPLETE
583,583,0.812125569134915,2025-01-05 15:33:07.849602,2025-01-05 15:33:12.402727,0 days 00:00:04.553125,3,1,5.0,,,,,,,,,,,1.0,,,,,,,,55,55.0,,,,,,,,,,,5.0,,,,,,,,COMPLETE
584,584,0.8830409356725146,2025-01-05 15:33:12.403154,2025-01-05 15:33:16.865094,0 days 00:00:04.461940,3,1,4.0,,,,,,,,,,,1.0,,,,,,,,55,60.0,,,,,,,,,,,5.0,,,,,,,,COMPLETE
585,585,0.8482021844853703,2025-01-05 15:33:16.865507,2025-01-05 15:33:21.232987,0 days 00:00:04.367480,3,1,3.0,,,,,,,,,,,1.0,,,,,,,,55,60.0,,,,,,,,,,,5.0,,,,,,,,COMPLETE
586,586,0.5941614691614692,2025-01-05 15:33:21.233404,2025-01-05 15:33:25.942656,0 days 00:00:04.709252,4,1,4.0,,,,,,,,,,,1.0,13.0,,,,,,,55,60.0,,,,,,,,,,,5.0,5.0,,,,,,,COMPLETE
587,587,0.7854045037531276,2025-01-05 15:33:25.943095,2025-01-05 15:33:30.148068,0 days 00:00:04.204973,3,1,4.0,,,,,,,,,,,1.0,,,,,,,,55,60.0,,,,,,,,,,,5.0,,,,,,,,COMPLETE
588,588,0.6780147662018048,2025-01-05 15:33:30.148485,2025-01-05 15:33:35.131821,0 days 00:00:04.983336,4,1,4.0,,,,,,,,,,,2.0,2.0,,,,,,,55,60.0,,,,,,,,,,,5.0,40.0,,,,,,,COMPLETE
589,589,0.852012882447665,2025-01-05 15:33:35.132262,2025-01-05 15:33:39.610482,0 days 00:00:04.478220,3,1,4.0,,,,,,,,,,,1.0,,,,,,,,55,60.0,,,,,,,,,,,5.0,,,,,,,,COMPLETE
590,590,0.7760347129506008,2025-01-05 15:33:39.610898,2025-01-05 15:33:43.997676,0 days 00:00:04.386778,3,1,5.0,,,,,,,,,,,2.0,,,,,,,,55,60.0,,,,,,,,,,,10.0,,,,,,,,COMPLETE
591,591,0.8182494421026532,2025-01-05 15:33:43.998095,2025-01-05 15:33:48.167746,0 days 00:00:04.169651,3,1,4.0,,,,,,,,,,,2.0,,,,,,,,55,55.0,,,,,,,,,,,5.0,,,,,,,,COMPLETE
592,592,0.559299191374663,2025-01-05 15:33:48.168164,2025-01-05 15:33:55.867119,0 days 00:00:07.698955,7,1,4.0,,,,,,,,,,,1.0,3.0,4.0,3.0,3.0,,,,60,50.0,,,,,,,,,,,10.0,60.0,60.0,25.0,30.0,,,,COMPLETE
593,593,0.47520864015709374,2025-01-05 15:33:55.867632,2025-01-05 15:34:02.184324,0 days 00:00:06.316692,5,1,4.0,,,,,,,,,,,2.0,8.0,14.0,,,,,,55,60.0,,,,,,,,,,,10.0,25.0,25.0,,,,,,COMPLETE
594,594,0.24346539536412953,2025-01-05 15:34:02.184873,2025-01-05 15:34:08.127454,0 days 00:00:05.942581,12,1,4.0,2.0,14.0,,,,,,,,,1.0,11.0,1.0,14.0,6.0,13.0,10.0,2.0,55,60.0,45.0,15.0,,,,,,,,,5.0,45.0,50.0,5.0,35.0,10.0,60.0,15.0,COMPLETE
595,595,0.46185383244206774,2025-01-05 15:34:08.128060,2025-01-05 15:34:13.294091,0 days 00:00:05.166031,4,1,5.0,,,,,,,,,,,3.0,5.0,,,,,,,60,50.0,,,,,,,,,,,10.0,30.0,,,,,,,COMPLETE
596,596,0.8390804597701149,2025-01-05 15:34:13.294536,2025-01-05 15:34:17.419331,0 days 00:00:04.124795,3,1,3.0,,,,,,,,,,,2.0,,,,,,,,55,60.0,,,,,,,,,,,5.0,,,,,,,,COMPLETE
597,597,0.7321046569030771,2025-01-05 15:34:17.419745,2025-01-05 15:34:23.182136,0 days 00:00:05.762391,3,15,4.0,,,,,,,,,,,1.0,,,,,,,,55,55.0,,,,,,,,,,,10.0,,,,,,,,COMPLETE
598,598,0.775588579061613,2025-01-05 15:34:23.182555,2025-01-05 15:34:27.591127,0 days 00:00:04.408572,3,1,3.0,,,,,,,,,,,3.0,,,,,,,,55,50.0,,,,,,,,,,,5.0,,,,,,,,COMPLETE
599,599,0.8295087540370559,2025-01-05 15:34:27.591540,2025-01-05 15:34:31.756494,0 days 00:00:04.164954,3,1,3.0,,,,,,,,,,,2.0,,,,,,,,60,55.0,,,,,,,,,,,10.0,,,,,,,,COMPLETE
