,number,value,datetime_start,datetime_complete,duration,params_depth,params_grids_0,params_grids_1,params_grids_10,params_grids_11,params_grids_12,params_grids_13,params_grids_14,params_grids_15,params_grids_16,params_grids_17,params_grids_18,params_grids_19,params_grids_2,params_grids_3,params_grids_4,params_grids_5,params_grids_6,params_grids_7,params_grids_8,params_grids_9,params_neurons_layer_0,params_neurons_layer_1,params_neurons_layer_10,params_neurons_layer_11,params_neurons_layer_12,params_neurons_layer_13,params_neurons_layer_14,params_neurons_layer_15,params_neurons_layer_16,params_neurons_layer_17,params_neurons_layer_18,params_neurons_layer_19,params_neurons_layer_2,params_neurons_layer_3,params_neurons_layer_4,params_neurons_layer_5,params_neurons_layer_6,params_neurons_layer_7,params_neurons_layer_8,params_neurons_layer_9,state
484,484,0.8480392156862746,2025-01-05 14:05:56.504941,2025-01-05 14:06:00.943207,0 days 00:00:04.438266,3,2,4.0,,,,,,,,,,,3.0,,,,,,,,55,60.0,,,,,,,,,,,45.0,,,,,,,,COMPLETE
485,485,0.8876127973748975,2025-01-05 14:06:00.943678,2025-01-05 14:06:04.402976,0 days 00:00:03.459298,2,1,4.0,,,,,,,,,,,,,,,,,,,60,60.0,,,,,,,,,,,,,,,,,,,COMPLETE
486,486,0.8599439775910365,2025-01-05 14:06:04.403377,2025-01-05 14:06:08.783120,0 days 00:00:04.379743,3,1,4.0,,,,,,,,,,,2.0,,,,,,,,55,60.0,,,,,,,,,,,40.0,,,,,,,,COMPLETE
487,487,0.5423167848699764,2025-01-05 14:06:08.783535,2025-01-05 14:06:15.211735,0 days 00:00:06.428200,5,1,3.0,,,,,,,,,,,1.0,5.0,15.0,,,,,,55,60.0,,,,,,,,,,,35.0,20.0,60.0,,,,,,COMPLETE
488,488,0.8599439775910365,2025-01-05 14:06:15.212202,2025-01-05 14:06:18.899559,0 days 00:00:03.687357,2,1,4.0,,,,,,,,,,,,,,,,,,,60,60.0,,,,,,,,,,,,,,,,,,,COMPLETE
489,489,0.7987117552334944,2025-01-05 14:06:18.899944,2025-01-05 14:06:21.508631,0 days 00:00:02.608687,1,1,,,,,,,,,,,,,,,,,,,,50,,,,,,,,,,,,,,,,,,,,COMPLETE
490,490,0.8181818181818181,2025-01-05 14:06:21.508984,2025-01-05 14:06:25.233669,0 days 00:00:03.724685,2,2,4.0,,,,,,,,,,,,,,,,,,,50,55.0,,,,,,,,,,,,,,,,,,,COMPLETE
491,491,0.8470057424118129,2025-01-05 14:06:25.234052,2025-01-05 14:06:29.345201,0 days 00:00:04.111149,3,1,2.0,,,,,,,,,,,2.0,,,,,,,,55,60.0,,,,,,,,,,,20.0,,,,,,,,COMPLETE
492,492,0.8273322422258592,2025-01-05 14:06:29.345598,2025-01-05 14:06:33.032408,0 days 00:00:03.686810,2,2,3.0,,,,,,,,,,,,,,,,,,,50,20.0,,,,,,,,,,,,,,,,,,,COMPLETE
493,493,0.8212747631352282,2025-01-05 14:06:33.032782,2025-01-05 14:06:35.974961,0 days 00:00:02.942179,1,1,,,,,,,,,,,,,,,,,,,,50,,,,,,,,,,,,,,,,,,,,COMPLETE
494,494,0.8792270531400965,2025-01-05 14:06:35.975331,2025-01-05 14:06:39.390731,0 days 00:00:03.415400,2,1,4.0,,,,,,,,,,,,,,,,,,,55,15.0,,,,,,,,,,,,,,,,,,,COMPLETE
495,495,0.791304347826087,2025-01-05 14:06:39.391114,2025-01-05 14:06:43.507187,0 days 00:00:04.116073,3,1,4.0,,,,,,,,,,,4.0,,,,,,,,50,20.0,,,,,,,,,,,30.0,,,,,,,,COMPLETE
496,496,0.17037037037037037,2025-01-05 14:06:43.507591,2025-01-05 14:06:47.297090,0 days 00:00:03.789499,11,2,4.0,6.0,,,,,,,,,,7.0,6.0,13.0,8.0,15.0,5.0,9.0,3.0,45,55.0,45.0,,,,,,,,,,45.0,30.0,45.0,35.0,60.0,35.0,35.0,10.0,COMPLETE
497,497,0.9083469721767594,2025-01-05 14:06:47.297658,2025-01-05 14:06:50.705831,0 days 00:00:03.408173,2,1,3.0,,,,,,,,,,,,,,,,,,,50,60.0,,,,,,,,,,,,,,,,,,,COMPLETE
498,498,0.7915752523036419,2025-01-05 14:06:50.706221,2025-01-05 14:06:53.826105,0 days 00:00:03.119884,1,1,,,,,,,,,,,,,,,,,,,,45,,,,,,,,,,,,,,,,,,,,COMPLETE
499,499,0.4891304347826087,2025-01-05 14:06:53.826459,2025-01-05 14:06:57.546970,0 days 00:00:03.720511,3,1,4.0,,,,,,,,,,,11.0,,,,,,,,50,15.0,,,,,,,,,,,35.0,,,,,,,,COMPLETE
500,500,0.92,2025-01-05 14:06:57.547376,2025-01-05 14:07:01.173131,0 days 00:00:03.625755,2,1,4.0,,,,,,,,,,,,,,,,,,,60,20.0,,,,,,,,,,,,,,,,,,,COMPLETE
501,501,0.8470057424118129,2025-01-05 14:07:01.173584,2025-01-05 14:07:04.550380,0 days 00:00:03.376796,2,1,4.0,,,,,,,,,,,,,,,,,,,55,20.0,,,,,,,,,,,,,,,,,,,COMPLETE
502,502,0.4962121212121212,2025-01-05 14:07:04.550771,2025-01-05 14:07:09.100827,0 days 00:00:04.550056,3,2,3.0,,,,,,,,,,,14.0,,,,,,,,60,20.0,,,,,,,,,,,25.0,,,,,,,,COMPLETE
503,503,0.88,2025-01-05 14:07:09.101244,2025-01-05 14:07:12.496720,0 days 00:00:03.395476,2,1,4.0,,,,,,,,,,,,,,,,,,,60,20.0,,,,,,,,,,,,,,,,,,,COMPLETE
504,504,0.7609819121447028,2025-01-05 14:07:12.497106,2025-01-05 14:07:15.717197,0 days 00:00:03.220091,1,1,,,,,,,,,,,,,,,,,,,,60,,,,,,,,,,,,,,,,,,,,COMPLETE
505,505,0.46927914852443153,2025-01-05 14:07:15.717556,2025-01-05 14:07:20.829469,0 days 00:00:05.111913,4,1,4.0,,,,,,,,,,,2.0,15.0,,,,,,,60,20.0,,,,,,,,,,,40.0,25.0,,,,,,,COMPLETE
506,506,0.797077922077922,2025-01-05 14:07:20.830033,2025-01-05 14:07:23.887254,0 days 00:00:03.057221,1,1,,,,,,,,,,,,,,,,,,,,60,,,,,,,,,,,,,,,,,,,,COMPLETE
507,507,0.7227272727272727,2025-01-05 14:07:23.887729,2025-01-05 14:07:27.997970,0 days 00:00:04.110241,3,1,12.0,,,,,,,,,,,3.0,,,,,,,,60,20.0,,,,,,,,,,,25.0,,,,,,,,COMPLETE
508,508,0.8884803921568627,2025-01-05 14:07:27.998397,2025-01-05 14:07:31.823685,0 days 00:00:03.825288,2,2,3.0,,,,,,,,,,,,,,,,,,,60,15.0,,,,,,,,,,,,,,,,,,,COMPLETE
509,509,0.0,2025-01-05 14:07:31.824078,2025-01-05 14:07:58.212465,0 days 00:00:26.388387,16,1,4.0,3.0,13.0,9.0,6.0,12.0,5.0,,,,,1.0,1.0,9.0,14.0,2.0,6.0,14.0,9.0,60,20.0,25.0,55.0,40.0,30.0,30.0,15.0,,,,,30.0,5.0,10.0,10.0,10.0,25.0,15.0,55.0,COMPLETE
510,510,0.8397435897435898,2025-01-05 14:07:58.213183,2025-01-05 14:08:01.615673,0 days 00:00:03.402490,2,1,4.0,,,,,,,,,,,,,,,,,,,60,20.0,,,,,,,,,,,,,,,,,,,COMPLETE
511,511,0.5301587301587302,2025-01-05 14:08:01.616074,2025-01-05 14:08:07.709889,0 days 00:00:06.093815,3,4,4.0,,,,,,,,,,,6.0,,,,,,,,55,5.0,,,,,,,,,,,10.0,,,,,,,,COMPLETE
512,512,0.88,2025-01-05 14:08:07.710308,2025-01-05 14:08:10.235608,0 days 00:00:02.525300,2,1,3.0,,,,,,,,,,,,,,,,,,,15,25.0,,,,,,,,,,,,,,,,,,,COMPLETE
513,513,0.7585139318885449,2025-01-05 14:08:10.235980,2025-01-05 14:08:13.094751,0 days 00:00:02.858771,1,2,,,,,,,,,,,,,,,,,,,,15,,,,,,,,,,,,,,,,,,,,COMPLETE
514,514,0.7996794871794872,2025-01-05 14:08:13.095115,2025-01-05 14:08:16.446666,0 days 00:00:03.351551,2,1,4.0,,,,,,,,,,,,,,,,,,,15,15.0,,,,,,,,,,,,,,,,,,,COMPLETE
515,515,0.8199279711884754,2025-01-05 14:08:16.447047,2025-01-05 14:08:20.010938,0 days 00:00:03.563891,3,1,4.0,,,,,,,,,,,3.0,,,,,,,,10,55.0,,,,,,,,,,,20.0,,,,,,,,COMPLETE
516,516,0.8770903010033444,2025-01-05 14:08:20.011343,2025-01-05 14:08:23.128257,0 days 00:00:03.116914,2,2,4.0,,,,,,,,,,,,,,,,,,,15,20.0,,,,,,,,,,,,,,,,,,,COMPLETE
517,517,0.88,2025-01-05 14:08:23.128631,2025-01-05 14:08:26.446466,0 days 00:00:03.317835,2,1,4.0,,,,,,,,,,,,,,,,,,,15,55.0,,,,,,,,,,,,,,,,,,,COMPLETE
518,518,0.8775,2025-01-05 14:08:26.446839,2025-01-05 14:08:30.736194,0 days 00:00:04.289355,3,1,3.0,,,,,,,,,,,10.0,,,,,,,,60,20.0,,,,,,,,,,,15.0,,,,,,,,COMPLETE
519,519,0.8163265306122449,2025-01-05 14:08:30.736595,2025-01-05 14:08:33.750766,0 days 00:00:03.014171,1,1,,,,,,,,,,,,,,,,,,,,55,,,,,,,,,,,,,,,,,,,,COMPLETE
520,520,0.7525490196078432,2025-01-05 14:08:33.751125,2025-01-05 14:08:37.074710,0 days 00:00:03.323585,2,2,4.0,,,,,,,,,,,,,,,,,,,15,25.0,,,,,,,,,,,,,,,,,,,COMPLETE
521,521,0.4444444444444444,2025-01-05 14:08:37.075093,2025-01-05 14:08:41.275792,0 days 00:00:04.200699,3,1,7.0,,,,,,,,,,,9.0,,,,,,,,10,20.0,,,,,,,,,,,35.0,,,,,,,,COMPLETE
522,522,0.8688725490196079,2025-01-05 14:08:41.276200,2025-01-05 14:08:46.334188,0 days 00:00:05.057988,4,1,3.0,,,,,,,,,,,1.0,2.0,,,,,,,20,55.0,,,,,,,,,,,30.0,15.0,,,,,,,COMPLETE
523,523,0.92,2025-01-05 14:08:46.334617,2025-01-05 14:08:49.624406,0 days 00:00:03.289789,2,1,4.0,,,,,,,,,,,,,,,,,,,5,30.0,,,,,,,,,,,,,,,,,,,COMPLETE
524,524,0.88,2025-01-05 14:08:49.624790,2025-01-05 14:08:52.972202,0 days 00:00:03.347412,2,1,4.0,,,,,,,,,,,,,,,,,,,10,30.0,,,,,,,,,,,,,,,,,,,COMPLETE
525,525,0.8996386993175431,2025-01-05 14:08:52.972581,2025-01-05 14:08:56.858806,0 days 00:00:03.886225,3,1,3.0,,,,,,,,,,,2.0,,,,,,,,5,30.0,,,,,,,,,,,45.0,,,,,,,,COMPLETE
526,526,0.7177382580939353,2025-01-05 14:08:56.859220,2025-01-05 14:08:59.972471,0 days 00:00:03.113251,1,2,,,,,,,,,,,,,,,,,,,,10,,,,,,,,,,,,,,,,,,,,COMPLETE
527,527,0.8199279711884754,2025-01-05 14:08:59.972829,2025-01-05 14:09:03.333293,0 days 00:00:03.360464,2,1,4.0,,,,,,,,,,,,,,,,,,,5,30.0,,,,,,,,,,,,,,,,,,,COMPLETE
528,528,0.7124735729386893,2025-01-05 14:09:03.333754,2025-01-05 14:09:06.794147,0 days 00:00:03.460393,2,1,10.0,,,,,,,,,,,,,,,,,,,5,25.0,,,,,,,,,,,,,,,,,,,COMPLETE
529,529,0.6989160979526294,2025-01-05 14:09:06.794687,2025-01-05 14:09:10.762062,0 days 00:00:03.967375,3,2,4.0,,,,,,,,,,,5.0,,,,,,,,5,25.0,,,,,,,,,,,25.0,,,,,,,,COMPLETE
530,530,0.9198717948717949,2025-01-05 14:09:10.762601,2025-01-05 14:09:14.303232,0 days 00:00:03.540631,2,1,2.0,,,,,,,,,,,,,,,,,,,10,20.0,,,,,,,,,,,,,,,,,,,COMPLETE
531,531,0.8260120585701981,2025-01-05 14:09:14.303629,2025-01-05 14:09:17.411768,0 days 00:00:03.108139,1,1,,,,,,,,,,,,,,,,,,,,10,,,,,,,,,,,,,,,,,,,,COMPLETE
532,532,0.81438127090301,2025-01-05 14:09:17.412144,2025-01-05 14:09:21.001830,0 days 00:00:03.589686,2,1,6.0,,,,,,,,,,,,,,,,,,,10,25.0,,,,,,,,,,,,,,,,,,,COMPLETE
533,533,0.7166257166257166,2025-01-05 14:09:21.002223,2025-01-05 14:09:24.212840,0 days 00:00:03.210617,1,1,,,,,,,,,,,,,,,,,,,,5,,,,,,,,,,,,,,,,,,,,COMPLETE
534,534,0.8074074074074074,2025-01-05 14:09:24.213212,2025-01-05 14:09:27.414441,0 days 00:00:03.201229,2,2,5.0,,,,,,,,,,,,,,,,,,,5,30.0,,,,,,,,,,,,,,,,,,,COMPLETE
535,535,0.6060606060606061,2025-01-05 14:09:27.414824,2025-01-05 14:09:30.307215,0 days 00:00:02.892391,1,1,,,,,,,,,,,,,,,,,,,,5,,,,,,,,,,,,,,,,,,,,COMPLETE
536,536,0.4282103134479272,2025-01-05 14:09:30.307573,2025-01-05 14:09:39.139128,0 days 00:00:08.831555,5,1,4.0,,,,,,,,,,,6.0,13.0,2.0,,,,,,10,20.0,,,,,,,,,,,55.0,45.0,15.0,,,,,,COMPLETE
537,537,0.8281632653061224,2025-01-05 14:09:39.139596,2025-01-05 14:09:42.669345,0 days 00:00:03.529749,2,1,4.0,,,,,,,,,,,,,,,,,,,10,35.0,,,,,,,,,,,,,,,,,,,COMPLETE
538,538,0.8999599839935974,2025-01-05 14:09:42.669734,2025-01-05 14:09:46.273049,0 days 00:00:03.603315,2,1,2.0,,,,,,,,,,,,,,,,,,,5,15.0,,,,,,,,,,,,,,,,,,,COMPLETE
539,539,0.714221824686941,2025-01-05 14:09:46.273441,2025-01-05 14:09:49.873218,0 days 00:00:03.599777,1,6,,,,,,,,,,,,,,,,,,,,20,,,,,,,,,,,,,,,,,,,,COMPLETE
540,540,0.8039965986394557,2025-01-05 14:09:49.873585,2025-01-05 14:09:53.008726,0 days 00:00:03.135141,2,2,1.0,,,,,,,,,,,,,,,,,,,10,20.0,,,,,,,,,,,,,,,,,,,COMPLETE
541,541,0.8599439775910365,2025-01-05 14:09:53.009110,2025-01-05 14:09:56.337066,0 days 00:00:03.327956,2,1,4.0,,,,,,,,,,,,,,,,,,,20,25.0,,,,,,,,,,,,,,,,,,,COMPLETE
542,542,0.8666666666666667,2025-01-05 14:09:56.337448,2025-01-05 14:09:59.466483,0 days 00:00:03.129035,2,1,1.0,,,,,,,,,,,,,,,,,,,5,10.0,,,,,,,,,,,,,,,,,,,COMPLETE
543,543,0.8130434782608695,2025-01-05 14:09:59.466865,2025-01-05 14:10:02.862459,0 days 00:00:03.395594,2,1,8.0,,,,,,,,,,,,,,,,,,,10,20.0,,,,,,,,,,,,,,,,,,,COMPLETE
544,544,0.2774621212121212,2025-01-05 14:10:02.862945,2025-01-05 14:10:08.707912,0 days 00:00:05.844967,12,2,5.0,2.0,8.0,,,,,,,,,4.0,12.0,7.0,12.0,3.0,15.0,7.0,14.0,15,15.0,55.0,10.0,,,,,,,,,5.0,55.0,25.0,20.0,50.0,30.0,30.0,20.0,COMPLETE
545,545,0.5846036585365854,2025-01-05 14:10:08.708528,2025-01-05 14:10:11.877399,0 days 00:00:03.168871,1,1,,,,,,,,,,,,,,,,,,,,15,,,,,,,,,,,,,,,,,,,,COMPLETE
546,546,0.8193496587715776,2025-01-05 14:10:11.878329,2025-01-05 14:10:15.010023,0 days 00:00:03.131694,2,1,5.0,,,,,,,,,,,,,,,,,,,10,20.0,,,,,,,,,,,,,,,,,,,COMPLETE
547,547,0.8999599839935974,2025-01-05 14:10:15.010418,2025-01-05 14:10:18.449619,0 days 00:00:03.439201,2,1,2.0,,,,,,,,,,,,,,,,,,,60,20.0,,,,,,,,,,,,,,,,,,,COMPLETE
548,548,0.6799999999999999,2025-01-05 14:10:18.450005,2025-01-05 14:10:21.056517,0 days 00:00:02.606512,1,2,,,,,,,,,,,,,,,,,,,,5,,,,,,,,,,,,,,,,,,,,COMPLETE
549,549,0.8081632653061225,2025-01-05 14:10:21.056883,2025-01-05 14:10:23.981781,0 days 00:00:02.924898,2,1,4.0,,,,,,,,,,,,,,,,,,,15,20.0,,,,,,,,,,,,,,,,,,,COMPLETE
550,550,0.6794871794871795,2025-01-05 14:10:23.982174,2025-01-05 14:10:28.184223,0 days 00:00:04.202049,3,1,2.0,,,,,,,,,,,8.0,,,,,,,,15,20.0,,,,,,,,,,,50.0,,,,,,,,COMPLETE
551,551,0.2661361626878868,2025-01-05 14:10:28.184632,2025-01-05 14:10:34.650468,0 days 00:00:06.465836,14,1,4.0,9.0,5.0,2.0,3.0,,,,,,,9.0,9.0,11.0,9.0,5.0,4.0,3.0,5.0,30,35.0,45.0,30.0,50.0,45.0,,,,,,,60.0,50.0,50.0,55.0,25.0,45.0,60.0,45.0,COMPLETE
552,552,0.8248081841432224,2025-01-05 14:10:34.651102,2025-01-05 14:10:37.952629,0 days 00:00:03.301527,2,1,5.0,,,,,,,,,,,,,,,,,,,15,25.0,,,,,,,,,,,,,,,,,,,COMPLETE
553,553,0.816020025031289,2025-01-05 14:10:37.953021,2025-01-05 14:10:41.331356,0 days 00:00:03.378335,3,2,2.0,,,,,,,,,,,5.0,,,,,,,,15,10.0,,,,,,,,,,,15.0,,,,,,,,COMPLETE
554,554,0.7991341991341991,2025-01-05 14:10:41.331763,2025-01-05 14:10:44.395347,0 days 00:00:03.063584,1,1,,,,,,,,,,,,,,,,,,,,60,,,,,,,,,,,,,,,,,,,,COMPLETE
555,555,0.8770903010033444,2025-01-05 14:10:44.395879,2025-01-05 14:10:48.005701,0 days 00:00:03.609822,2,1,4.0,,,,,,,,,,,,,,,,,,,10,15.0,,,,,,,,,,,,,,,,,,,COMPLETE
556,556,0.453656462585034,2025-01-05 14:10:48.006209,2025-01-05 14:10:52.288788,0 days 00:00:04.282579,3,1,7.0,,,,,,,,,,,7.0,,,,,,,,20,30.0,,,,,,,,,,,20.0,,,,,,,,COMPLETE
557,557,0.3307692307692308,2025-01-05 14:10:52.289247,2025-01-05 14:11:00.448802,0 days 00:00:08.159555,15,1,4.0,10.0,11.0,12.0,9.0,5.0,,,,,,4.0,11.0,3.0,5.0,7.0,13.0,15.0,10.0,15,55.0,35.0,20.0,10.0,15.0,15.0,,,,,,10.0,10.0,35.0,5.0,55.0,20.0,45.0,35.0,COMPLETE
558,558,0.8569044639132248,2025-01-05 14:11:00.449552,2025-01-05 14:11:03.790518,0 days 00:00:03.340966,2,2,4.0,,,,,,,,,,,,,,,,,,,15,25.0,,,,,,,,,,,,,,,,,,,COMPLETE
559,559,0.7285796434732605,2025-01-05 14:11:03.790918,2025-01-05 14:11:06.587601,0 days 00:00:02.796683,1,1,,,,,,,,,,,,,,,,,,,,15,,,,,,,,,,,,,,,,,,,,COMPLETE
560,560,0.8884803921568627,2025-01-05 14:11:06.587963,2025-01-05 14:11:09.644099,0 days 00:00:03.056136,2,1,5.0,,,,,,,,,,,,,,,,,,,15,20.0,,,,,,,,,,,,,,,,,,,COMPLETE
561,561,0.8622222222222222,2025-01-05 14:11:09.644475,2025-01-05 14:11:13.424449,0 days 00:00:03.779974,3,1,4.0,,,,,,,,,,,5.0,,,,,,,,40,45.0,,,,,,,,,,,55.0,,,,,,,,COMPLETE
562,562,0.8485714285714285,2025-01-05 14:11:13.424849,2025-01-05 14:11:17.201791,0 days 00:00:03.776942,2,2,4.0,,,,,,,,,,,,,,,,,,,55,20.0,,,,,,,,,,,,,,,,,,,COMPLETE
563,563,0.7698412698412698,2025-01-05 14:11:17.202182,2025-01-05 14:11:20.168196,0 days 00:00:02.966014,1,1,,,,,,,,,,,,,,,,,,,,10,,,,,,,,,,,,,,,,,,,,COMPLETE
564,564,0.9198717948717949,2025-01-05 14:11:20.168551,2025-01-05 14:11:23.253668,0 days 00:00:03.085117,2,1,4.0,,,,,,,,,,,,,,,,,,,35,30.0,,,,,,,,,,,,,,,,,,,COMPLETE
565,565,0.2708333333333333,2025-01-05 14:11:23.254056,2025-01-05 14:11:39.250377,0 days 00:00:15.996321,9,1,5.0,,,,,,,,,,,3.0,4.0,4.0,3.0,9.0,1.0,5.0,,40,30.0,,,,,,,,,,,45.0,15.0,55.0,40.0,5.0,10.0,5.0,,COMPLETE
566,566,0.8685714285714285,2025-01-05 14:11:39.250933,2025-01-05 14:11:42.794692,0 days 00:00:03.543759,2,1,4.0,,,,,,,,,,,,,,,,,,,35,55.0,,,,,,,,,,,,,,,,,,,COMPLETE
567,567,0.5319727891156463,2025-01-05 14:11:42.795087,2025-01-05 14:11:46.433530,0 days 00:00:03.638443,3,1,6.0,,,,,,,,,,,15.0,,,,,,,,40,30.0,,,,,,,,,,,50.0,,,,,,,,COMPLETE
568,568,0.8356278681685441,2025-01-05 14:11:46.433937,2025-01-05 14:11:49.975941,0 days 00:00:03.542004,2,2,4.0,,,,,,,,,,,,,,,,,,,35,55.0,,,,,,,,,,,,,,,,,,,COMPLETE
569,569,0.8999599839935974,2025-01-05 14:11:49.976334,2025-01-05 14:11:54.395858,0 days 00:00:04.419524,3,1,3.0,,,,,,,,,,,1.0,,,,,,,,55,30.0,,,,,,,,,,,40.0,,,,,,,,COMPLETE
570,570,0.2509157509157509,2025-01-05 14:11:54.396269,2025-01-05 14:12:09.139450,0 days 00:00:14.743181,8,1,5.0,,,,,,,,,,,6.0,2.0,9.0,4.0,13.0,12.0,,,30,35.0,,,,,,,,,,,15.0,35.0,40.0,25.0,15.0,60.0,,,COMPLETE
571,571,0.8485714285714285,2025-01-05 14:12:09.140063,2025-01-05 14:12:13.456257,0 days 00:00:04.316194,3,1,4.0,,,,,,,,,,,4.0,,,,,,,,35,30.0,,,,,,,,,,,20.0,,,,,,,,COMPLETE
572,572,0.7463175122749591,2025-01-05 14:12:13.456685,2025-01-05 14:12:17.537051,0 days 00:00:04.080366,1,2,,,,,,,,,,,,,,,,,,,,60,,,,,,,,,,,,,,,,,,,,COMPLETE
573,573,0.8750524109014675,2025-01-05 14:12:17.537418,2025-01-05 14:12:20.406671,0 days 00:00:02.869253,2,1,5.0,,,,,,,,,,,,,,,,,,,30,55.0,,,,,,,,,,,,,,,,,,,COMPLETE
574,574,0.8977889027951607,2025-01-05 14:12:20.407060,2025-01-05 14:12:23.463829,0 days 00:00:03.056769,2,1,4.0,,,,,,,,,,,,,,,,,,,25,10.0,,,,,,,,,,,,,,,,,,,COMPLETE
575,575,0.8775,2025-01-05 14:12:23.464223,2025-01-05 14:12:26.896086,0 days 00:00:03.431863,2,1,3.0,,,,,,,,,,,,,,,,,,,60,30.0,,,,,,,,,,,,,,,,,,,COMPLETE
576,576,0.4356060606060606,2025-01-05 14:12:26.896465,2025-01-05 14:12:31.651277,0 days 00:00:04.754812,4,2,6.0,,,,,,,,,,,2.0,8.0,,,,,,,45,55.0,,,,,,,,,,,25.0,55.0,,,,,,,COMPLETE
577,577,0.779205138498595,2025-01-05 14:12:31.651735,2025-01-05 14:12:34.673314,0 days 00:00:03.021579,1,1,,,,,,,,,,,,,,,,,,,,55,,,,,,,,,,,,,,,,,,,,COMPLETE
578,578,0.8366666666666667,2025-01-05 14:12:34.673795,2025-01-05 14:12:41.510797,0 days 00:00:06.837002,2,14,4.0,,,,,,,,,,,,,,,,,,,40,15.0,,,,,,,,,,,,,,,,,,,COMPLETE
579,579,0.3246753246753247,2025-01-05 14:12:41.511216,2025-01-05 14:12:53.796972,0 days 00:00:12.285756,6,1,1.0,,,,,,,,,,,12.0,5.0,14.0,7.0,,,,,20,20.0,,,,,,,,,,,50.0,45.0,30.0,15.0,,,,,COMPLETE
580,580,0.8452380952380952,2025-01-05 14:12:53.797474,2025-01-05 14:12:57.323169,0 days 00:00:03.525695,3,1,4.0,,,,,,,,,,,5.0,,,,,,,,35,55.0,,,,,,,,,,,35.0,,,,,,,,COMPLETE
581,581,0.8193496587715776,2025-01-05 14:12:57.323579,2025-01-05 14:13:00.315975,0 days 00:00:02.992396,2,1,4.0,,,,,,,,,,,,,,,,,,,5,5.0,,,,,,,,,,,,,,,,,,,COMPLETE
582,582,0.7420689655172414,2025-01-05 14:13:00.316368,2025-01-05 14:13:03.201565,0 days 00:00:02.885197,1,2,,,,,,,,,,,,,,,,,,,,30,,,,,,,,,,,,,,,,,,,,COMPLETE
583,583,0.9399759903961584,2025-01-05 14:13:03.201962,2025-01-05 14:13:07.216799,0 days 00:00:04.014837,3,1,5.0,,,,,,,,,,,1.0,,,,,,,,35,15.0,,,,,,,,,,,10.0,,,,,,,,COMPLETE
584,584,0.5107159142726858,2025-01-05 14:13:07.217230,2025-01-05 14:13:11.445237,0 days 00:00:04.228007,4,1,5.0,,,,,,,,,,,1.0,7.0,,,,,,,35,15.0,,,,,,,,,,,5.0,20.0,,,,,,,COMPLETE
585,585,0.7373737373737375,2025-01-05 14:13:11.445682,2025-01-05 14:13:15.744453,0 days 00:00:04.298771,3,1,5.0,,,,,,,,,,,1.0,,,,,,,,35,15.0,,,,,,,,,,,10.0,,,,,,,,COMPLETE
586,586,0.43529411764705883,2025-01-05 14:13:15.744865,2025-01-05 14:13:21.717682,0 days 00:00:05.972817,4,2,6.0,,,,,,,,,,,2.0,12.0,,,,,,,35,15.0,,,,,,,,,,,5.0,40.0,,,,,,,COMPLETE
587,587,0.32798573975044565,2025-01-05 14:13:21.718136,2025-01-05 14:13:35.394505,0 days 00:00:13.676369,7,1,5.0,,,,,,,,,,,1.0,14.0,5.0,11.0,1.0,,,,40,15.0,,,,,,,,,,,10.0,25.0,20.0,10.0,40.0,,,,COMPLETE
588,588,0.8361204013377926,2025-01-05 14:13:35.395029,2025-01-05 14:13:39.180265,0 days 00:00:03.785236,3,1,5.0,,,,,,,,,,,3.0,,,,,,,,30,15.0,,,,,,,,,,,5.0,,,,,,,,COMPLETE
589,589,0.9293877551020409,2025-01-05 14:13:39.180679,2025-01-05 14:13:43.296589,0 days 00:00:04.115910,3,1,5.0,,,,,,,,,,,2.0,,,,,,,,35,10.0,,,,,,,,,,,10.0,,,,,,,,COMPLETE
590,590,0.8996386993175431,2025-01-05 14:13:43.297007,2025-01-05 14:13:47.690687,0 days 00:00:04.393680,3,1,6.0,,,,,,,,,,,2.0,,,,,,,,45,10.0,,,,,,,,,,,10.0,,,,,,,,COMPLETE
591,591,0.8081014729950899,2025-01-05 14:13:47.691110,2025-01-05 14:13:51.542053,0 days 00:00:03.850943,3,2,5.0,,,,,,,,,,,1.0,,,,,,,,35,15.0,,,,,,,,,,,5.0,,,,,,,,COMPLETE
592,592,0.8239202657807309,2025-01-05 14:13:51.542461,2025-01-05 14:13:55.689510,0 days 00:00:04.147049,3,1,5.0,,,,,,,,,,,3.0,,,,,,,,35,10.0,,,,,,,,,,,10.0,,,,,,,,COMPLETE
593,593,0.8199279711884754,2025-01-05 14:13:55.689923,2025-01-05 14:13:58.995632,0 days 00:00:03.305709,2,1,5.0,,,,,,,,,,,,,,,,,,,35,10.0,,,,,,,,,,,,,,,,,,,COMPLETE
594,594,0.6562358276643991,2025-01-05 14:13:58.996028,2025-01-05 14:14:04.009827,0 days 00:00:05.013799,4,1,5.0,,,,,,,,,,,2.0,9.0,,,,,,,35,15.0,,,,,,,,,,,5.0,30.0,,,,,,,COMPLETE
595,595,0.8979591836734694,2025-01-05 14:14:04.010272,2025-01-05 14:14:07.518524,0 days 00:00:03.508252,2,1,6.0,,,,,,,,,,,,,,,,,,,35,10.0,,,,,,,,,,,,,,,,,,,COMPLETE
596,596,0.7398959583833533,2025-01-05 14:14:07.518910,2025-01-05 14:14:11.834407,0 days 00:00:04.315497,3,1,5.0,,,,,,,,,,,1.0,,,,,,,,35,15.0,,,,,,,,,,,10.0,,,,,,,,COMPLETE
597,597,0.8792270531400965,2025-01-05 14:14:11.834997,2025-01-05 14:14:14.581533,0 days 00:00:02.746536,2,2,5.0,,,,,,,,,,,,,,,,,,,35,10.0,,,,,,,,,,,,,,,,,,,COMPLETE
598,598,0.8081014729950899,2025-01-05 14:14:14.582041,2025-01-05 14:14:17.899719,0 days 00:00:03.317678,3,1,7.0,,,,,,,,,,,3.0,,,,,,,,35,10.0,,,,,,,,,,,15.0,,,,,,,,COMPLETE
599,599,0.765791632485644,2025-01-05 14:14:17.900143,2025-01-05 14:14:20.970314,0 days 00:00:03.070171,2,1,8.0,,,,,,,,,,,,,,,,,,,35,10.0,,,,,,,,,,,,,,,,,,,COMPLETE
600,600,0.7444444444444445,2025-01-05 14:14:20.970697,2025-01-05 14:14:24.175887,0 days 00:00:03.205190,1,2,,,,,,,,,,,,,,,,,,,,35,,,,,,,,,,,,,,,,,,,,COMPLETE
601,601,0.0,2025-01-05 14:14:24.176259,2025-01-05 14:14:53.644716,0 days 00:00:29.468457,18,1,6.0,5.0,13.0,15.0,13.0,8.0,4.0,5.0,12.0,,,1.0,15.0,1.0,13.0,4.0,3.0,10.0,2.0,30,10.0,10.0,40.0,55.0,55.0,60.0,50.0,20.0,45.0,,,10.0,5.0,5.0,45.0,35.0,50.0,45.0,15.0,COMPLETE
602,602,0.8868085106382979,2025-01-05 14:14:53.645486,2025-01-05 14:14:57.106575,0 days 00:00:03.461089,3,1,5.0,,,,,,,,,,,2.0,,,,,,,,35,45.0,,,,,,,,,,,5.0,,,,,,,,COMPLETE
603,603,0.8210526315789474,2025-01-05 14:14:57.106991,2025-01-05 14:14:59.651500,0 days 00:00:02.544509,1,1,,,,,,,,,,,,,,,,,,,,40,,,,,,,,,,,,,,,,,,,,COMPLETE
604,604,0.8389694041867954,2025-01-05 14:14:59.651861,2025-01-05 14:15:03.319545,0 days 00:00:03.667684,2,2,5.0,,,,,,,,,,,,,,,,,,,35,5.0,,,,,,,,,,,,,,,,,,,COMPLETE
605,605,0.8775,2025-01-05 14:15:03.319964,2025-01-05 14:15:07.394587,0 days 00:00:04.074623,3,1,5.0,,,,,,,,,,,3.0,,,,,,,,40,30.0,,,,,,,,,,,10.0,,,,,,,,COMPLETE
606,606,0.8685714285714285,2025-01-05 14:15:07.394988,2025-01-05 14:15:10.656111,0 days 00:00:03.261123,2,1,6.0,,,,,,,,,,,,,,,,,,,60,60.0,,,,,,,,,,,,,,,,,,,COMPLETE
