,number,value,datetime_start,datetime_complete,duration,params_depth,params_grids_0,params_grids_1,params_grids_10,params_grids_11,params_grids_12,params_grids_13,params_grids_14,params_grids_15,params_grids_16,params_grids_17,params_grids_18,params_grids_19,params_grids_2,params_grids_3,params_grids_4,params_grids_5,params_grids_6,params_grids_7,params_grids_8,params_grids_9,params_neurons_layer_0,params_neurons_layer_1,params_neurons_layer_10,params_neurons_layer_11,params_neurons_layer_12,params_neurons_layer_13,params_neurons_layer_14,params_neurons_layer_15,params_neurons_layer_16,params_neurons_layer_17,params_neurons_layer_18,params_neurons_layer_19,params_neurons_layer_2,params_neurons_layer_3,params_neurons_layer_4,params_neurons_layer_5,params_neurons_layer_6,params_neurons_layer_7,params_neurons_layer_8,params_neurons_layer_9,state
114,114,0.25128299962440265,2025-01-03 08:45:04.918194,2025-01-03 08:53:11.451126,0 days 00:08:06.532932,8,10,6.0,,,,,,,,,,,5.0,5.0,9.0,9.0,3.0,6.0,,,55,15.0,,,,,,,,,,,50.0,15.0,55.0,40.0,55.0,35.0,,,COMPLETE
115,115,0.9030733789830749,2025-01-03 08:53:11.451803,2025-01-03 08:56:07.010425,0 days 00:02:55.558622,1,9,,,,,,,,,,,,,,,,,,,,50,,,,,,,,,,,,,,,,,,,,COMPLETE
116,116,0.6334643398069583,2025-01-03 08:56:07.010974,2025-01-03 08:58:38.244467,0 days 00:02:31.233493,1,8,,,,,,,,,,,,,,,,,,,,50,,,,,,,,,,,,,,,,,,,,COMPLETE
117,117,0.8989196259239108,2025-01-03 08:58:38.245002,2025-01-03 09:01:45.756442,0 days 00:03:07.511440,1,9,,,,,,,,,,,,,,,,,,,,55,,,,,,,,,,,,,,,,,,,,COMPLETE
118,118,0.8652448754658986,2025-01-03 09:01:45.756979,2025-01-03 09:06:56.713649,0 days 00:05:10.956670,2,9,15.0,,,,,,,,,,,,,,,,,,,55,30.0,,,,,,,,,,,,,,,,,,,COMPLETE
119,119,0.9037630404376931,2025-01-03 09:06:56.714208,2025-01-03 09:10:45.716084,0 days 00:03:49.001876,1,10,,,,,,,,,,,,,,,,,,,,60,,,,,,,,,,,,,,,,,,,,COMPLETE
120,120,0.3267147577885084,2025-01-03 09:10:45.716623,2025-01-03 09:13:35.071567,0 days 00:02:49.354944,13,11,10.0,12.0,1.0,4.0,,,,,,,,8.0,9.0,8.0,13.0,9.0,3.0,6.0,6.0,60,5.0,30.0,15.0,15.0,,,,,,,,35.0,60.0,40.0,55.0,30.0,55.0,5.0,50.0,COMPLETE
121,121,0.8449347068037929,2025-01-03 09:13:35.072340,2025-01-03 09:17:24.779824,0 days 00:03:49.707484,1,10,,,,,,,,,,,,,,,,,,,,60,,,,,,,,,,,,,,,,,,,,COMPLETE
122,122,0.8664136918926368,2025-01-03 09:17:24.780383,2025-01-03 09:21:17.655108,0 days 00:03:52.874725,2,9,12.0,,,,,,,,,,,,,,,,,,,60,10.0,,,,,,,,,,,,,,,,,,,COMPLETE
123,123,0.8824455070632921,2025-01-03 09:21:17.655666,2025-01-03 09:24:24.774912,0 days 00:03:07.119246,1,9,,,,,,,,,,,,,,,,,,,,55,,,,,,,,,,,,,,,,,,,,COMPLETE
124,124,0.8673370496806614,2025-01-03 09:24:24.775462,2025-01-03 09:28:51.593318,0 days 00:04:26.817856,2,10,11.0,,,,,,,,,,,,,,,,,,,55,20.0,,,,,,,,,,,,,,,,,,,COMPLETE
125,125,0.45202767507961134,2025-01-03 09:28:51.593878,2025-01-03 09:31:47.004632,0 days 00:02:55.410754,1,9,,,,,,,,,,,,,,,,,,,,50,,,,,,,,,,,,,,,,,,,,COMPLETE
126,126,0.8702935386256337,2025-01-03 09:31:47.005184,2025-01-03 09:35:40.282999,0 days 00:03:53.277815,2,10,8.0,,,,,,,,,,,,,,,,,,,50,25.0,,,,,,,,,,,,,,,,,,,COMPLETE
127,127,0.9024436672230172,2025-01-03 09:35:40.283563,2025-01-03 09:39:45.042813,0 days 00:04:04.759250,1,11,,,,,,,,,,,,,,,,,,,,60,,,,,,,,,,,,,,,,,,,,COMPLETE
128,128,0.8081175011394581,2025-01-03 09:39:45.043364,2025-01-03 09:44:08.977623,0 days 00:04:23.934259,1,12,,,,,,,,,,,,,,,,,,,,60,,,,,,,,,,,,,,,,,,,,COMPLETE
129,129,0.8674652824182774,2025-01-03 09:44:08.978170,2025-01-03 09:48:36.750304,0 days 00:04:27.772134,2,11,9.0,,,,,,,,,,,,,,,,,,,60,10.0,,,,,,,,,,,,,,,,,,,COMPLETE
130,130,0.8013944952479789,2025-01-03 09:48:36.750861,2025-01-03 09:52:43.719896,0 days 00:04:06.969035,1,11,,,,,,,,,,,,,,,,,,,,60,,,,,,,,,,,,,,,,,,,,COMPLETE
131,131,0.8568695253286148,2025-01-03 09:52:43.720437,2025-01-03 09:56:12.220202,0 days 00:03:28.499765,1,10,,,,,,,,,,,,,,,,,,,,55,,,,,,,,,,,,,,,,,,,,COMPLETE
132,132,0.8196669019792402,2025-01-03 09:56:12.220756,2025-01-03 09:59:04.133700,0 days 00:02:51.912944,1,9,,,,,,,,,,,,,,,,,,,,50,,,,,,,,,,,,,,,,,,,,COMPLETE
133,133,0.862515078091402,2025-01-03 09:59:04.134255,2025-01-03 10:03:11.623836,0 days 00:04:07.489581,2,9,14.0,,,,,,,,,,,,,,,,,,,55,15.0,,,,,,,,,,,,,,,,,,,COMPLETE
134,134,0.9030914373636367,2025-01-03 10:03:11.624414,2025-01-03 10:06:52.814804,0 days 00:03:41.190390,1,12,,,,,,,,,,,,,,,,,,,,50,,,,,,,,,,,,,,,,,,,,COMPLETE
135,135,0.8742741869467896,2025-01-03 10:06:52.815353,2025-01-03 10:11:54.027933,0 days 00:05:01.212580,2,13,1.0,,,,,,,,,,,,,,,,,,,60,35.0,,,,,,,,,,,,,,,,,,,COMPLETE
136,136,0.8026612138625671,2025-01-03 10:11:54.028496,2025-01-03 10:15:48.656794,0 days 00:03:54.628298,1,12,,,,,,,,,,,,,,,,,,,,55,,,,,,,,,,,,,,,,,,,,COMPLETE
137,137,0.30401679401674914,2025-01-03 10:15:48.657355,2025-01-03 10:18:23.255460,0 days 00:02:34.598105,18,13,2.0,4.0,12.0,11.0,11.0,8.0,15.0,15.0,1.0,,,1.0,3.0,5.0,3.0,7.0,8.0,3.0,3.0,50,25.0,50.0,20.0,60.0,20.0,35.0,60.0,5.0,60.0,,,15.0,5.0,50.0,15.0,10.0,25.0,25.0,30.0,COMPLETE
138,138,0.8672738518491105,2025-01-03 10:18:23.256338,2025-01-03 10:24:26.917527,0 days 00:06:03.661189,2,12,12.0,,,,,,,,,,,,,,,,,,,55,40.0,,,,,,,,,,,,,,,,,,,COMPLETE
139,139,0.38746908491343773,2025-01-03 10:24:26.918116,2025-01-03 10:24:53.856328,0 days 00:00:26.938212,1,11,,,,,,,,,,,,,,,,,,,,5,,,,,,,,,,,,,,,,,,,,COMPLETE
140,140,0.5177929652164586,2025-01-03 10:24:53.856668,2025-01-03 10:32:42.212300,0 days 00:07:48.355632,3,11,13.0,,,,,,,,,,,13.0,,,,,,,,50,45.0,,,,,,,,,,,40.0,,,,,,,,COMPLETE
141,141,0.5247024236929075,2025-01-03 10:32:42.212885,2025-01-03 10:35:37.564921,0 days 00:02:55.352036,1,10,,,,,,,,,,,,,,,,,,,,50,,,,,,,,,,,,,,,,,,,,COMPLETE
142,142,0.8706421122651303,2025-01-03 10:35:37.565480,2025-01-03 10:38:26.280869,0 days 00:02:48.715389,1,9,,,,,,,,,,,,,,,,,,,,50,,,,,,,,,,,,,,,,,,,,COMPLETE
143,143,0.8665001549163284,2025-01-03 10:38:26.281426,2025-01-03 10:42:29.372234,0 days 00:04:03.090808,1,12,,,,,,,,,,,,,,,,,,,,55,,,,,,,,,,,,,,,,,,,,COMPLETE
144,144,0.8746246378359486,2025-01-03 10:42:29.372793,2025-01-03 10:46:28.013792,0 days 00:03:58.640999,2,9,9.0,,,,,,,,,,,,,,,,,,,50,30.0,,,,,,,,,,,,,,,,,,,COMPLETE
145,145,0.9022743970662954,2025-01-03 10:46:28.014369,2025-01-03 10:48:46.488896,0 days 00:02:18.474527,1,8,,,,,,,,,,,,,,,,,,,,45,,,,,,,,,,,,,,,,,,,,COMPLETE
146,146,0.8710131967347119,2025-01-03 10:48:46.489453,2025-01-03 10:51:31.874832,0 days 00:02:45.385379,2,8,3.0,,,,,,,,,,,,,,,,,,,45,40.0,,,,,,,,,,,,,,,,,,,COMPLETE
147,147,0.9091158931981992,2025-01-03 10:51:31.875415,2025-01-03 10:52:10.310943,0 days 00:00:38.435528,1,2,,,,,,,,,,,,,,,,,,,,45,,,,,,,,,,,,,,,,,,,,COMPLETE
148,148,0.8841007476789691,2025-01-03 10:52:10.311481,2025-01-03 10:53:18.734360,0 days 00:01:08.422879,1,4,,,,,,,,,,,,,,,,,,,,45,,,,,,,,,,,,,,,,,,,,COMPLETE
149,149,0.8831864584727456,2025-01-03 10:53:18.734920,2025-01-03 10:55:14.371712,0 days 00:01:55.636792,2,3,7.0,,,,,,,,,,,,,,,,,,,40,45.0,,,,,,,,,,,,,,,,,,,COMPLETE
150,150,0.8954826172759113,2025-01-03 10:55:14.372298,2025-01-03 10:57:18.950477,0 days 00:02:04.578179,1,8,,,,,,,,,,,,,,,,,,,,45,,,,,,,,,,,,,,,,,,,,COMPLETE
151,151,0.8927075883797353,2025-01-03 10:57:18.951041,2025-01-03 10:57:57.754065,0 days 00:00:38.803024,1,2,,,,,,,,,,,,,,,,,,,,45,,,,,,,,,,,,,,,,,,,,COMPLETE
152,152,0.9057896175797135,2025-01-03 10:57:57.754457,2025-01-03 10:58:20.919710,0 days 00:00:23.165253,1,1,,,,,,,,,,,,,,,,,,,,45,,,,,,,,,,,,,,,,,,,,COMPLETE
153,153,0.8696462934510643,2025-01-03 10:58:20.920231,2025-01-03 10:58:42.646089,0 days 00:00:21.725858,1,1,,,,,,,,,,,,,,,,,,,,45,,,,,,,,,,,,,,,,,,,,COMPLETE
154,154,0.8679717574222212,2025-01-03 10:58:42.646413,2025-01-03 10:59:32.827782,0 days 00:00:50.181369,2,2,10.0,,,,,,,,,,,,,,,,,,,40,5.0,,,,,,,,,,,,,,,,,,,COMPLETE
155,155,0.8809694832006258,2025-01-03 10:59:32.828356,2025-01-03 11:00:28.836946,0 days 00:00:56.008590,1,3,,,,,,,,,,,,,,,,,,,,45,,,,,,,,,,,,,,,,,,,,COMPLETE
156,156,0.8725383973950065,2025-01-03 11:00:28.837517,2025-01-03 11:04:25.082691,0 days 00:03:56.245174,3,13,4.0,,,,,,,,,,,6.0,,,,,,,,45,20.0,,,,,,,,,,,5.0,,,,,,,,COMPLETE
157,157,0.8828653296942368,2025-01-03 11:04:25.083302,2025-01-03 11:05:22.490915,0 days 00:00:57.407613,2,2,5.0,,,,,,,,,,,,,,,,,,,30,35.0,,,,,,,,,,,,,,,,,,,COMPLETE
158,158,0.7707918464315039,2025-01-03 11:05:22.491502,2025-01-03 11:09:11.359592,0 days 00:03:48.868090,1,10,,,,,,,,,,,,,,,,,,,,60,,,,,,,,,,,,,,,,,,,,COMPLETE
159,159,0.36774079378046426,2025-01-03 11:09:11.360167,2025-01-03 11:11:57.068675,0 days 00:02:45.708508,10,1,8.0,,,,,,,,,,,14.0,14.0,2.0,10.0,14.0,13.0,10.0,13.0,40,50.0,,,,,,,,,,,45.0,45.0,20.0,40.0,40.0,40.0,55.0,15.0,COMPLETE
160,160,0.39160696008188334,2025-01-03 11:11:57.069404,2025-01-03 11:12:06.328825,0 days 00:00:09.259421,1,1,,,,,,,,,,,,,,,,,,,,10,,,,,,,,,,,,,,,,,,,,COMPLETE
161,161,0.7567315197199243,2025-01-03 11:12:06.329191,2025-01-03 11:14:23.700064,0 days 00:02:17.370873,1,8,,,,,,,,,,,,,,,,,,,,45,,,,,,,,,,,,,,,,,,,,COMPLETE
162,162,0.8984340943290285,2025-01-03 11:14:23.700615,2025-01-03 11:16:42.005286,0 days 00:02:18.304671,1,8,,,,,,,,,,,,,,,,,,,,45,,,,,,,,,,,,,,,,,,,,COMPLETE
163,163,0.8728640641133051,2025-01-03 11:16:42.005852,2025-01-03 11:18:05.607459,0 days 00:01:23.601607,2,2,3.0,,,,,,,,,,,,,,,,,,,45,60.0,,,,,,,,,,,,,,,,,,,COMPLETE
164,164,0.9099450873174258,2025-01-03 11:18:05.608051,2025-01-03 11:20:20.103213,0 days 00:02:14.495162,1,8,,,,,,,,,,,,,,,,,,,,45,,,,,,,,,,,,,,,,,,,,COMPLETE
165,165,0.7883861311499629,2025-01-03 11:20:20.103784,2025-01-03 11:22:25.049573,0 days 00:02:04.945789,1,8,,,,,,,,,,,,,,,,,,,,40,,,,,,,,,,,,,,,,,,,,COMPLETE
166,166,0.8845371743901699,2025-01-03 11:22:25.050131,2025-01-03 11:24:46.956806,0 days 00:02:21.906675,2,7,2.0,,,,,,,,,,,,,,,,,,,45,30.0,,,,,,,,,,,,,,,,,,,COMPLETE
167,167,0.8515450638509962,2025-01-03 11:24:46.957401,2025-01-03 11:26:49.303820,0 days 00:02:02.346419,1,8,,,,,,,,,,,,,,,,,,,,40,,,,,,,,,,,,,,,,,,,,COMPLETE
168,168,0.8186161660160499,2025-01-03 11:26:49.304402,2025-01-03 11:28:57.819279,0 days 00:02:08.514877,1,7,,,,,,,,,,,,,,,,,,,,45,,,,,,,,,,,,,,,,,,,,COMPLETE
169,169,0.8802870477086315,2025-01-03 11:28:57.819846,2025-01-03 11:31:58.925626,0 days 00:03:01.105780,2,8,4.0,,,,,,,,,,,,,,,,,,,45,50.0,,,,,,,,,,,,,,,,,,,COMPLETE
170,170,0.9063767338372442,2025-01-03 11:31:58.926218,2025-01-03 11:32:58.977960,0 days 00:01:00.051742,1,3,,,,,,,,,,,,,,,,,,,,45,,,,,,,,,,,,,,,,,,,,COMPLETE
171,171,0.7289232898912823,2025-01-03 11:32:58.978525,2025-01-03 11:33:18.192439,0 days 00:00:19.213914,1,1,,,,,,,,,,,,,,,,,,,,45,,,,,,,,,,,,,,,,,,,,COMPLETE
172,172,0.8798953075341185,2025-01-03 11:33:18.192812,2025-01-03 11:34:17.412193,0 days 00:00:59.219381,1,3,,,,,,,,,,,,,,,,,,,,45,,,,,,,,,,,,,,,,,,,,COMPLETE
173,173,0.5491117637923841,2025-01-03 11:34:17.412745,2025-01-03 11:34:48.244212,0 days 00:00:30.831467,1,2,,,,,,,,,,,,,,,,,,,,40,,,,,,,,,,,,,,,,,,,,COMPLETE
174,174,0.8753859405022195,2025-01-03 11:34:48.244736,2025-01-03 11:35:36.255197,0 days 00:00:48.010461,2,1,6.0,,,,,,,,,,,,,,,,,,,45,15.0,,,,,,,,,,,,,,,,,,,COMPLETE
175,175,0.7968691489107036,2025-01-03 11:35:36.255695,2025-01-03 11:38:12.339335,0 days 00:02:36.083640,1,8,,,,,,,,,,,,,,,,,,,,50,,,,,,,,,,,,,,,,,,,,COMPLETE
176,176,0.8511816177290037,2025-01-03 11:38:12.339912,2025-01-03 11:41:35.418054,0 days 00:03:23.078142,1,9,,,,,,,,,,,,,,,,,,,,60,,,,,,,,,,,,,,,,,,,,COMPLETE
177,177,0.8686110672004554,2025-01-03 11:41:35.418619,2025-01-03 11:44:51.532863,0 days 00:03:16.114244,2,8,14.0,,,,,,,,,,,,,,,,,,,45,20.0,,,,,,,,,,,,,,,,,,,COMPLETE
178,178,0.8008686467696947,2025-01-03 11:44:51.533461,2025-01-03 11:46:32.072289,0 days 00:01:40.538828,1,5,,,,,,,,,,,,,,,,,,,,50,,,,,,,,,,,,,,,,,,,,COMPLETE
179,179,0.8796776560397576,2025-01-03 11:46:32.072855,2025-01-03 11:49:05.929221,0 days 00:02:33.856366,2,4,11.0,,,,,,,,,,,,,,,,,,,35,45.0,,,,,,,,,,,,,,,,,,,COMPLETE
180,180,0.8796557542091792,2025-01-03 11:49:05.929814,2025-01-03 11:51:46.576207,0 days 00:02:40.646393,1,9,,,,,,,,,,,,,,,,,,,,45,,,,,,,,,,,,,,,,,,,,COMPLETE
181,181,0.8133272016230444,2025-01-03 11:51:46.576777,2025-01-03 11:55:00.748028,0 days 00:03:14.171251,1,10,,,,,,,,,,,,,,,,,,,,50,,,,,,,,,,,,,,,,,,,,COMPLETE
182,182,0.8608901071990203,2025-01-03 11:55:00.748606,2025-01-03 11:57:46.228526,0 days 00:02:45.479920,1,9,,,,,,,,,,,,,,,,,,,,50,,,,,,,,,,,,,,,,,,,,COMPLETE
183,183,0.8652329436854991,2025-01-03 11:57:46.229107,2025-01-03 12:00:55.960319,0 days 00:03:09.731212,2,9,1.0,,,,,,,,,,,,,,,,,,,50,55.0,,,,,,,,,,,,,,,,,,,COMPLETE
184,184,0.6700184437773473,2025-01-03 12:00:55.960901,2025-01-03 12:03:03.691601,0 days 00:02:07.730700,1,7,,,,,,,,,,,,,,,,,,,,45,,,,,,,,,,,,,,,,,,,,COMPLETE
185,185,0.0,2025-01-03 12:03:03.692182,2025-01-03 12:15:18.003453,0 days 00:12:14.311271,20,11,7.0,7.0,7.0,10.0,7.0,4.0,7.0,8.0,15.0,8.0,2.0,15.0,7.0,7.0,6.0,11.0,9.0,14.0,9.0,50,35.0,15.0,35.0,20.0,45.0,30.0,25.0,30.0,5.0,5.0,60.0,20.0,35.0,10.0,25.0,15.0,15.0,15.0,10.0,COMPLETE
186,186,0.4997432601704602,2025-01-03 12:15:18.004411,2025-01-03 12:17:57.500159,0 days 00:02:39.495748,1,9,,,,,,,,,,,,,,,,,,,,45,,,,,,,,,,,,,,,,,,,,COMPLETE
187,187,0.8707006485020614,2025-01-03 12:17:57.500744,2025-01-03 12:21:36.503740,0 days 00:03:39.002996,2,3,15.0,,,,,,,,,,,,,,,,,,,50,40.0,,,,,,,,,,,,,,,,,,,COMPLETE
188,188,0.9108066818817766,2025-01-03 12:21:36.504346,2025-01-03 12:25:12.088012,0 days 00:03:35.583666,1,10,,,,,,,,,,,,,,,,,,,,55,,,,,,,,,,,,,,,,,,,,COMPLETE
189,189,0.27514769114981846,2025-01-03 12:25:12.088603,2025-01-03 12:26:38.346144,0 days 00:01:26.257541,15,8,3.0,11.0,11.0,4.0,1.0,10.0,,,,,,3.0,11.0,14.0,11.0,2.0,3.0,2.0,1.0,60,25.0,5.0,45.0,5.0,20.0,45.0,,,,,,25.0,40.0,60.0,20.0,25.0,45.0,30.0,55.0,COMPLETE
190,190,0.828623240711741,2025-01-03 12:26:38.346964,2025-01-03 12:30:12.063431,0 days 00:03:33.716467,1,10,,,,,,,,,,,,,,,,,,,,55,,,,,,,,,,,,,,,,,,,,COMPLETE
191,191,0.8761362215978565,2025-01-03 12:30:12.064011,2025-01-03 12:33:42.141259,0 days 00:03:30.077248,1,10,,,,,,,,,,,,,,,,,,,,55,,,,,,,,,,,,,,,,,,,,COMPLETE
192,192,0.8300426076289972,2025-01-03 12:33:42.141842,2025-01-03 12:36:48.277433,0 days 00:03:06.135591,1,10,,,,,,,,,,,,,,,,,,,,50,,,,,,,,,,,,,,,,,,,,COMPLETE
193,193,0.8781721040874912,2025-01-03 12:36:48.278006,2025-01-03 12:37:57.236522,0 days 00:01:08.958516,1,9,,,,,,,,,,,,,,,,,,,,20,,,,,,,,,,,,,,,,,,,,COMPLETE
194,194,0.8518758233388577,2025-01-03 12:37:57.237085,2025-01-03 12:41:58.841396,0 days 00:04:01.604311,1,11,,,,,,,,,,,,,,,,,,,,60,,,,,,,,,,,,,,,,,,,,COMPLETE
195,195,0.8733957054787526,2025-01-03 12:41:58.841980,2025-01-03 12:46:22.878892,0 days 00:04:24.036912,2,12,5.0,,,,,,,,,,,,,,,,,,,45,60.0,,,,,,,,,,,,,,,,,,,COMPLETE
196,196,0.8793380752276522,2025-01-03 12:46:22.879486,2025-01-03 12:49:17.235202,0 days 00:02:54.355716,2,2,10.0,,,,,,,,,,,,,,,,,,,50,50.0,,,,,,,,,,,,,,,,,,,COMPLETE
197,197,0.7701922609755532,2025-01-03 12:49:17.235809,2025-01-03 12:52:14.859023,0 days 00:02:57.623214,1,9,,,,,,,,,,,,,,,,,,,,55,,,,,,,,,,,,,,,,,,,,COMPLETE
198,198,0.8832711600377627,2025-01-03 12:52:14.859601,2025-01-03 12:53:26.276843,0 days 00:01:11.417242,1,4,,,,,,,,,,,,,,,,,,,,45,,,,,,,,,,,,,,,,,,,,COMPLETE
199,199,0.8686526741612636,2025-01-03 12:53:26.277430,2025-01-03 12:56:09.522668,0 days 00:02:43.245238,2,8,13.0,,,,,,,,,,,,,,,,,,,45,10.0,,,,,,,,,,,,,,,,,,,COMPLETE
200,200,0.9073342396120583,2025-01-03 12:56:09.523281,2025-01-03 12:59:44.549624,0 days 00:03:35.026343,1,10,,,,,,,,,,,,,,,,,,,,55,,,,,,,,,,,,,,,,,,,,COMPLETE
201,201,0.8828071774475685,2025-01-03 12:59:44.550215,2025-01-03 13:03:15.719312,0 days 00:03:31.169097,1,10,,,,,,,,,,,,,,,,,,,,55,,,,,,,,,,,,,,,,,,,,COMPLETE
202,202,0.8829854480367825,2025-01-03 13:03:15.719902,2025-01-03 13:06:47.639638,0 days 00:03:31.919736,1,10,,,,,,,,,,,,,,,,,,,,55,,,,,,,,,,,,,,,,,,,,COMPLETE
203,203,0.8803003156272466,2025-01-03 13:06:47.640224,2025-01-03 13:10:32.540502,0 days 00:03:44.900278,1,11,,,,,,,,,,,,,,,,,,,,55,,,,,,,,,,,,,,,,,,,,COMPLETE
204,204,0.795603184847511,2025-01-03 13:10:32.541093,2025-01-03 13:13:53.496414,0 days 00:03:20.955321,1,9,,,,,,,,,,,,,,,,,,,,60,,,,,,,,,,,,,,,,,,,,COMPLETE
205,205,0.8687902320000713,2025-01-03 13:13:53.496998,2025-01-03 13:17:45.624250,0 days 00:03:52.127252,2,10,6.0,,,,,,,,,,,,,,,,,,,50,30.0,,,,,,,,,,,,,,,,,,,COMPLETE
206,206,0.8760827432821963,2025-01-03 13:17:45.624845,2025-01-03 13:20:22.288105,0 days 00:02:36.663260,1,9,,,,,,,,,,,,,,,,,,,,50,,,,,,,,,,,,,,,,,,,,COMPLETE
207,207,0.8711850472200315,2025-01-03 13:20:22.288699,2025-01-03 13:21:17.343652,0 days 00:00:55.054953,2,1,8.0,,,,,,,,,,,,,,,,,,,45,15.0,,,,,,,,,,,,,,,,,,,COMPLETE
208,208,0.7992670553191819,2025-01-03 13:21:17.344265,2025-01-03 13:24:07.703466,0 days 00:02:50.359201,1,8,,,,,,,,,,,,,,,,,,,,55,,,,,,,,,,,,,,,,,,,,COMPLETE
209,209,0.8811202090408032,2025-01-03 13:24:07.704060,2025-01-03 13:26:06.626344,0 days 00:01:58.922284,2,2,4.0,,,,,,,,,,,,,,,,,,,60,55.0,,,,,,,,,,,,,,,,,,,COMPLETE
210,210,0.7728893130025745,2025-01-03 13:26:06.626950,2025-01-03 13:28:01.730394,0 days 00:01:55.103444,1,6,,,,,,,,,,,,,,,,,,,,50,,,,,,,,,,,,,,,,,,,,COMPLETE
211,211,0.9011830355027155,2025-01-03 13:28:01.730973,2025-01-03 13:30:21.214634,0 days 00:02:19.483661,1,8,,,,,,,,,,,,,,,,,,,,45,,,,,,,,,,,,,,,,,,,,COMPLETE
212,212,0.8543677852328633,2025-01-03 13:30:21.215248,2025-01-03 13:32:40.570422,0 days 00:02:19.355174,1,8,,,,,,,,,,,,,,,,,,,,45,,,,,,,,,,,,,,,,,,,,COMPLETE
213,213,0.9126794643144347,2025-01-03 13:32:40.571020,2025-01-03 13:34:58.792109,0 days 00:02:18.221089,1,8,,,,,,,,,,,,,,,,,,,,45,,,,,,,,,,,,,,,,,,,,COMPLETE
214,214,0.8949021599237104,2025-01-03 13:34:58.792715,2025-01-03 13:37:12.246183,0 days 00:02:13.453468,1,8,,,,,,,,,,,,,,,,,,,,45,,,,,,,,,,,,,,,,,,,,COMPLETE
215,215,0.8931592643220643,2025-01-03 13:37:12.246764,2025-01-03 13:39:28.724460,0 days 00:02:16.477696,1,8,,,,,,,,,,,,,,,,,,,,45,,,,,,,,,,,,,,,,,,,,COMPLETE
216,216,0.6918099235485722,2025-01-03 13:39:28.725050,2025-01-03 13:41:14.382565,0 days 00:01:45.657515,1,7,,,,,,,,,,,,,,,,,,,,40,,,,,,,,,,,,,,,,,,,,COMPLETE
217,217,0.8835828966158045,2025-01-03 13:41:14.383181,2025-01-03 13:42:46.892658,0 days 00:01:32.509477,2,3,5.0,,,,,,,,,,,,,,,,,,,45,25.0,,,,,,,,,,,,,,,,,,,COMPLETE
218,218,0.8268705932003633,2025-01-03 13:42:46.893254,2025-01-03 13:45:06.641734,0 days 00:02:19.748480,1,8,,,,,,,,,,,,,,,,,,,,45,,,,,,,,,,,,,,,,,,,,COMPLETE
219,219,0.8131184044626596,2025-01-03 13:45:06.642341,2025-01-03 13:47:49.970639,0 days 00:02:43.328298,1,9,,,,,,,,,,,,,,,,,,,,45,,,,,,,,,,,,,,,,,,,,COMPLETE
220,220,0.23234305312763792,2025-01-03 13:47:49.971230,2025-01-03 13:50:50.894152,0 days 00:03:00.922922,8,8,9.0,,,,,,,,,,,7.0,9.0,9.0,11.0,6.0,14.0,,,40,5.0,,,,,,,,,,,55.0,30.0,45.0,25.0,55.0,30.0,,,COMPLETE
221,221,0.8904402104717587,2025-01-03 13:50:50.894875,2025-01-03 13:53:29.459202,0 days 00:02:38.564327,1,9,,,,,,,,,,,,,,,,,,,,45,,,,,,,,,,,,,,,,,,,,COMPLETE
222,222,0.876885595623019,2025-01-03 13:53:29.459804,2025-01-03 13:56:41.736335,0 days 00:03:12.276531,1,10,,,,,,,,,,,,,,,,,,,,50,,,,,,,,,,,,,,,,,,,,COMPLETE
223,223,0.8699401009786718,2025-01-03 13:56:41.736924,2025-01-03 14:00:30.808106,0 days 00:03:49.071182,2,8,7.0,,,,,,,,,,,,,,,,,,,45,60.0,,,,,,,,,,,,,,,,,,,COMPLETE
224,224,0.8215206046743124,2025-01-03 14:00:30.808722,2025-01-03 14:03:18.827325,0 days 00:02:48.018603,1,9,,,,,,,,,,,,,,,,,,,,50,,,,,,,,,,,,,,,,,,,,COMPLETE
225,225,0.8992406197149205,2025-01-03 14:03:18.827928,2025-01-03 14:04:52.048086,0 days 00:01:33.220158,1,5,,,,,,,,,,,,,,,,,,,,45,,,,,,,,,,,,,,,,,,,,COMPLETE
226,226,0.8376897557733123,2025-01-03 14:04:52.048683,2025-01-03 14:06:28.001289,0 days 00:01:35.952606,1,6,,,,,,,,,,,,,,,,,,,,45,,,,,,,,,,,,,,,,,,,,COMPLETE
227,227,0.8739277549050243,2025-01-03 14:06:28.001884,2025-01-03 14:08:21.457789,0 days 00:01:53.455905,2,5,2.0,,,,,,,,,,,,,,,,,,,45,40.0,,,,,,,,,,,,,,,,,,,COMPLETE
228,228,0.47865052806693975,2025-01-03 14:08:21.458416,2025-01-03 14:09:42.132060,0 days 00:01:20.673644,1,5,,,,,,,,,,,,,,,,,,,,40,,,,,,,,,,,,,,,,,,,,COMPLETE
229,229,0.812986829715896,2025-01-03 14:09:42.132655,2025-01-03 14:11:50.440038,0 days 00:02:08.307383,1,7,,,,,,,,,,,,,,,,,,,,45,,,,,,,,,,,,,,,,,,,,COMPLETE
230,230,0.27545210354773575,2025-01-03 14:11:50.440633,2025-01-03 14:15:56.958482,0 days 00:04:06.517849,12,5,11.0,3.0,3.0,,,,,,,,,11.0,5.0,11.0,2.0,4.0,10.0,13.0,7.0,45,50.0,35.0,50.0,,,,,,,,,35.0,20.0,15.0,30.0,40.0,10.0,40.0,25.0,COMPLETE
231,231,0.8676568884754086,2025-01-03 14:15:56.959286,2025-01-03 14:19:01.353321,0 days 00:03:04.394035,1,10,,,,,,,,,,,,,,,,,,,,50,,,,,,,,,,,,,,,,,,,,COMPLETE
232,232,0.8439115689569869,2025-01-03 14:19:01.353927,2025-01-03 14:20:12.450902,0 days 00:01:11.096975,1,4,,,,,,,,,,,,,,,,,,,,45,,,,,,,,,,,,,,,,,,,,COMPLETE
233,233,0.9125890933392501,2025-01-03 14:20:12.451499,2025-01-03 14:23:28.930453,0 days 00:03:16.478954,1,9,,,,,,,,,,,,,,,,,,,,55,,,,,,,,,,,,,,,,,,,,COMPLETE
234,234,0.8959752848064647,2025-01-03 14:23:28.931056,2025-01-03 14:26:43.478722,0 days 00:03:14.547666,1,9,,,,,,,,,,,,,,,,,,,,55,,,,,,,,,,,,,,,,,,,,COMPLETE
235,235,0.8738684489908961,2025-01-03 14:26:43.479329,2025-01-03 14:30:06.713921,0 days 00:03:23.234592,2,9,1.0,,,,,,,,,,,,,,,,,,,55,35.0,,,,,,,,,,,,,,,,,,,COMPLETE
236,236,0.7266586513728737,2025-01-03 14:30:06.714547,2025-01-03 14:33:05.468493,0 days 00:02:58.753946,1,9,,,,,,,,,,,,,,,,,,,,55,,,,,,,,,,,,,,,,,,,,COMPLETE
237,237,0.4222088335014797,2025-01-03 14:33:05.469105,2025-01-03 14:36:06.034174,0 days 00:03:00.565069,1,8,,,,,,,,,,,,,,,,,,,,60,,,,,,,,,,,,,,,,,,,,COMPLETE
238,238,0.8622577987338813,2025-01-03 14:36:06.034787,2025-01-03 14:39:16.366503,0 days 00:03:10.331716,1,9,,,,,,,,,,,,,,,,,,,,55,,,,,,,,,,,,,,,,,,,,COMPLETE
239,239,0.8838668581939669,2025-01-03 14:39:16.367108,2025-01-03 14:39:57.106055,0 days 00:00:40.738947,2,7,2.0,,,,,,,,,,,,,,,,,,,10,60.0,,,,,,,,,,,,,,,,,,,COMPLETE
240,240,0.8214269392672725,2025-01-03 14:39:57.106640,2025-01-03 14:42:35.314373,0 days 00:02:38.207733,1,9,,,,,,,,,,,,,,,,,,,,45,,,,,,,,,,,,,,,,,,,,COMPLETE
