,number,value,datetime_start,datetime_complete,duration,params_depth,params_grids_0,params_grids_1,params_grids_10,params_grids_11,params_grids_12,params_grids_13,params_grids_14,params_grids_15,params_grids_16,params_grids_17,params_grids_18,params_grids_19,params_grids_2,params_grids_3,params_grids_4,params_grids_5,params_grids_6,params_grids_7,params_grids_8,params_grids_9,params_neurons_layer_0,params_neurons_layer_1,params_neurons_layer_10,params_neurons_layer_11,params_neurons_layer_12,params_neurons_layer_13,params_neurons_layer_14,params_neurons_layer_15,params_neurons_layer_16,params_neurons_layer_17,params_neurons_layer_18,params_neurons_layer_19,params_neurons_layer_2,params_neurons_layer_3,params_neurons_layer_4,params_neurons_layer_5,params_neurons_layer_6,params_neurons_layer_7,params_neurons_layer_8,params_neurons_layer_9,state
0,0,0.26916221033868093,2025-01-05 13:25:10.206688,2025-01-05 13:25:14.536565,0 days 00:00:04.329877,14,2,1.0,2.0,14.0,7.0,1.0,,,,,,,13.0,3.0,10.0,7.0,12.0,10.0,2.0,1.0,60,50.0,50.0,25.0,55.0,25.0,,,,,,,55.0,60.0,30.0,60.0,30.0,55.0,15.0,60.0,COMPLETE
1,1,0.6740890688259109,2025-01-05 13:25:14.537366,2025-01-05 13:25:21.937328,0 days 00:00:07.399962,1,14,,,,,,,,,,,,,,,,,,,,40,,,,,,,,,,,,,,,,,,,,COMPLETE
2,2,0.4825396825396825,2025-01-05 13:25:21.937644,2025-01-05 13:25:33.347721,0 days 00:00:11.410077,3,14,7.0,,,,,,,,,,,14.0,,,,,,,,60,10.0,,,,,,,,,,,45.0,,,,,,,,COMPLETE
3,3,0.29263746505125815,2025-01-05 13:25:33.348121,2025-01-05 13:25:38.842329,0 days 00:00:05.494208,9,2,11.0,,,,,,,,,,,5.0,1.0,10.0,12.0,12.0,8.0,2.0,,5,55.0,,,,,,,,,,,30.0,25.0,35.0,60.0,30.0,40.0,15.0,,COMPLETE
4,4,0.37293469708890636,2025-01-05 13:25:38.842909,2025-01-05 13:25:44.592218,0 days 00:00:05.749309,12,11,4.0,9.0,13.0,,,,,,,,,4.0,10.0,7.0,12.0,13.0,1.0,11.0,9.0,5,35.0,35.0,50.0,,,,,,,,,55.0,45.0,60.0,5.0,40.0,35.0,50.0,40.0,COMPLETE
5,5,0.7414634146341463,2025-01-05 13:25:44.592741,2025-01-05 13:25:49.550110,0 days 00:00:04.957369,1,7,,,,,,,,,,,,,,,,,,,,35,,,,,,,,,,,,,,,,,,,,COMPLETE
6,6,0.3333333333333333,2025-01-05 13:25:49.550403,2025-01-05 13:26:00.979765,0 days 00:00:11.429362,12,12,11.0,3.0,15.0,,,,,,,,,11.0,2.0,14.0,2.0,12.0,7.0,3.0,10.0,55,35.0,50.0,25.0,,,,,,,,,10.0,5.0,45.0,40.0,35.0,10.0,45.0,50.0,COMPLETE
7,7,0.39,2025-01-05 13:26:00.980332,2025-01-05 13:26:06.319708,0 days 00:00:05.339376,3,11,12.0,,,,,,,,,,,5.0,,,,,,,,10,10.0,,,,,,,,,,,25.0,,,,,,,,COMPLETE
8,8,0.0,2025-01-05 13:26:06.320076,2025-01-05 13:26:33.482678,0 days 00:00:27.162602,16,15,7.0,13.0,4.0,4.0,3.0,14.0,7.0,,,,,13.0,1.0,11.0,15.0,7.0,14.0,8.0,5.0,10,20.0,55.0,5.0,15.0,10.0,20.0,25.0,,,,,60.0,20.0,55.0,55.0,10.0,25.0,15.0,20.0,COMPLETE
9,9,0.42012195121951224,2025-01-05 13:26:33.483346,2025-01-05 13:26:39.264548,0 days 00:00:05.781202,11,7,11.0,7.0,,,,,,,,,,15.0,12.0,12.0,6.0,5.0,9.0,5.0,14.0,10,10.0,5.0,,,,,,,,,,40.0,15.0,25.0,25.0,20.0,40.0,45.0,50.0,COMPLETE
10,10,0.507051282051282,2025-01-05 13:26:39.265053,2025-01-05 13:26:54.114979,0 days 00:00:14.849926,7,6,15.0,,,,,,,,,,,1.0,15.0,2.0,2.0,1.0,,,,30,60.0,,,,,,,,,,,5.0,45.0,5.0,5.0,60.0,,,,COMPLETE
11,11,0.705810147299509,2025-01-05 13:26:54.115404,2025-01-05 13:26:58.110353,0 days 00:00:03.994949,1,5,,,,,,,,,,,,,,,,,,,,40,,,,,,,,,,,,,,,,,,,,COMPLETE
12,12,0.4445454545454546,2025-01-05 13:26:58.110646,2025-01-05 13:27:11.351622,0 days 00:00:13.240976,6,5,1.0,,,,,,,,,,,9.0,6.0,1.0,10.0,,,,,35,25.0,,,,,,,,,,,20.0,40.0,5.0,25.0,,,,,COMPLETE
13,13,0.0,2025-01-05 13:27:11.352032,2025-01-05 13:27:45.059284,0 days 00:00:33.707252,20,4,15.0,15.0,1.0,14.0,15.0,1.0,15.0,9.0,5.0,8.0,13.0,1.0,6.0,5.0,5.0,1.0,1.0,15.0,15.0,45,45.0,10.0,60.0,5.0,60.0,60.0,60.0,40.0,40.0,25.0,15.0,40.0,60.0,20.0,40.0,60.0,5.0,30.0,10.0,COMPLETE
14,14,0.8357963875205254,2025-01-05 13:27:45.060166,2025-01-05 13:27:49.519809,0 days 00:00:04.459643,1,9,,,,,,,,,,,,,,,,,,,,25,,,,,,,,,,,,,,,,,,,,COMPLETE
15,15,0.27134146341463417,2025-01-05 13:27:49.520114,2025-01-05 13:28:01.113945,0 days 00:00:11.593831,4,9,4.0,,,,,,,,,,,8.0,15.0,,,,,,,25,25.0,,,,,,,,,,,15.0,5.0,,,,,,,COMPLETE
16,16,0.3380952380952381,2025-01-05 13:28:01.114321,2025-01-05 13:28:14.838821,0 days 00:00:13.724500,6,9,4.0,,,,,,,,,,,8.0,9.0,15.0,14.0,,,,,20,40.0,,,,,,,,,,,45.0,30.0,45.0,15.0,,,,,COMPLETE
17,17,0.3142857142857143,2025-01-05 13:28:14.839239,2025-01-05 13:28:20.081668,0 days 00:00:05.242429,8,8,9.0,,,,,,,,,,,11.0,5.0,4.0,9.0,15.0,15.0,,,20,5.0,,,,,,,,,,,30.0,50.0,20.0,45.0,45.0,60.0,,,COMPLETE
18,18,0.24543610547667344,2025-01-05 13:28:20.082115,2025-01-05 13:28:32.974276,0 days 00:00:12.892161,4,10,13.0,,,,,,,,,,,6.0,13.0,,,,,,,30,20.0,,,,,,,,,,,5.0,15.0,,,,,,,COMPLETE
19,19,0.7543103448275862,2025-01-05 13:28:32.974647,2025-01-05 13:28:38.202404,0 days 00:00:05.227757,1,7,,,,,,,,,,,,,,,,,,,,50,,,,,,,,,,,,,,,,,,,,COMPLETE
20,20,0.0,2025-01-05 13:28:38.202702,2025-01-05 13:29:08.896125,0 days 00:00:30.693423,18,4,8.0,9.0,8.0,15.0,12.0,6.0,1.0,1.0,15.0,,,3.0,8.0,7.0,4.0,5.0,4.0,15.0,3.0,50,60.0,25.0,5.0,60.0,60.0,5.0,5.0,5.0,5.0,,,20.0,30.0,45.0,30.0,5.0,20.0,60.0,25.0,COMPLETE
21,21,0.7661169415292354,2025-01-05 13:29:08.896824,2025-01-05 13:29:13.447987,0 days 00:00:04.551163,1,7,,,,,,,,,,,,,,,,,,,,50,,,,,,,,,,,,,,,,,,,,COMPLETE
22,22,0.5380200860832138,2025-01-05 13:29:13.448309,2025-01-05 13:29:20.633191,0 days 00:00:07.184882,3,8,5.0,,,,,,,,,,,10.0,,,,,,,,50,45.0,,,,,,,,,,,35.0,,,,,,,,COMPLETE
23,23,0.31785714285714284,2025-01-05 13:29:20.633702,2025-01-05 13:29:35.268992,0 days 00:00:14.635290,5,7,2.0,,,,,,,,,,,7.0,11.0,4.0,,,,,,50,30.0,,,,,,,,,,,50.0,35.0,15.0,,,,,,COMPLETE
24,24,0.07692307692307693,2025-01-05 13:29:35.269400,2025-01-05 13:29:41.421041,0 days 00:00:06.151641,1,9,,,,,,,,,,,,,,,,,,,,45,,,,,,,,,,,,,,,,,,,,COMPLETE
25,25,0.8075980392156863,2025-01-05 13:29:41.421345,2025-01-05 13:29:44.708990,0 days 00:00:03.287645,2,5,9.0,,,,,,,,,,,,,,,,,,,20,50.0,,,,,,,,,,,,,,,,,,,COMPLETE
26,26,0.6914715719063544,2025-01-05 13:29:44.709313,2025-01-05 13:29:48.520354,0 days 00:00:03.811041,3,1,9.0,,,,,,,,,,,3.0,,,,,,,,20,50.0,,,,,,,,,,,60.0,,,,,,,,COMPLETE
27,27,0.1530214424951267,2025-01-05 13:29:48.520684,2025-01-05 13:29:52.274477,0 days 00:00:03.753793,9,4,6.0,,,,,,,,,,,12.0,4.0,13.0,12.0,9.0,11.0,10.0,,25,40.0,,,,,,,,,,,15.0,55.0,35.0,50.0,50.0,45.0,5.0,,COMPLETE
28,28,0.32646276595744683,2025-01-05 13:29:52.274933,2025-01-05 13:30:03.891262,0 days 00:00:11.616329,5,6,13.0,,,,,,,,,,,15.0,8.0,8.0,,,,,,15,55.0,,,,,,,,,,,35.0,10.0,55.0,,,,,,COMPLETE
29,29,0.2857142857142857,2025-01-05 13:30:03.891693,2025-01-05 13:30:08.170100,0 days 00:00:04.278407,14,2,9.0,5.0,9.0,1.0,7.0,,,,,,,2.0,13.0,9.0,4.0,9.0,5.0,6.0,6.0,25,45.0,30.0,40.0,35.0,40.0,,,,,,,25.0,40.0,10.0,15.0,20.0,20.0,30.0,10.0,COMPLETE
30,30,0.7953488372093023,2025-01-05 13:30:08.170667,2025-01-05 13:30:11.461607,0 days 00:00:03.290940,2,10,3.0,,,,,,,,,,,,,,,,,,,15,55.0,,,,,,,,,,,,,,,,,,,COMPLETE
31,31,0.8561844863731656,2025-01-05 13:30:11.461927,2025-01-05 13:30:15.643688,0 days 00:00:04.181761,2,10,3.0,,,,,,,,,,,,,,,,,,,15,50.0,,,,,,,,,,,,,,,,,,,COMPLETE
32,32,0.7951505016722409,2025-01-05 13:30:15.644029,2025-01-05 13:30:19.829856,0 days 00:00:04.185827,2,12,3.0,,,,,,,,,,,,,,,,,,,15,55.0,,,,,,,,,,,,,,,,,,,COMPLETE
33,33,0.34705882352941175,2025-01-05 13:30:19.830193,2025-01-05 13:30:31.084888,0 days 00:00:11.254695,4,10,6.0,,,,,,,,,,,10.0,7.0,,,,,,,15,50.0,,,,,,,,,,,50.0,20.0,,,,,,,COMPLETE
34,34,0.7627551020408163,2025-01-05 13:30:31.085276,2025-01-05 13:30:36.244688,0 days 00:00:05.159412,2,13,2.0,,,,,,,,,,,,,,,,,,,20,60.0,,,,,,,,,,,,,,,,,,,COMPLETE
35,35,0.8622222222222222,2025-01-05 13:30:36.245030,2025-01-05 13:30:40.190384,0 days 00:00:03.945354,2,10,5.0,,,,,,,,,,,,,,,,,,,15,40.0,,,,,,,,,,,,,,,,,,,COMPLETE
36,36,0.3069852941176471,2025-01-05 13:30:40.190714,2025-01-05 13:30:51.611901,0 days 00:00:11.421187,5,12,5.0,,,,,,,,,,,6.0,4.0,6.0,,,,,,5,40.0,,,,,,,,,,,10.0,55.0,40.0,,,,,,COMPLETE
37,37,0.2186932849364791,2025-01-05 13:30:51.612372,2025-01-05 13:31:07.203651,0 days 00:00:15.591279,7,11,1.0,,,,,,,,,,,7.0,10.0,2.0,1.0,4.0,,,,25,50.0,,,,,,,,,,,25.0,35.0,60.0,15.0,20.0,,,,COMPLETE
38,38,0.84,2025-01-05 13:31:07.204273,2025-01-05 13:31:12.011353,0 days 00:00:04.807080,2,9,7.0,,,,,,,,,,,,,,,,,,,30,45.0,,,,,,,,,,,,,,,,,,,COMPLETE
39,39,0.4365079365079365,2025-01-05 13:31:12.011713,2025-01-05 13:31:17.768994,0 days 00:00:05.757281,3,11,7.0,,,,,,,,,,,9.0,,,,,,,,30,30.0,,,,,,,,,,,40.0,,,,,,,,COMPLETE
40,40,0.1674937965260546,2025-01-05 13:31:17.769369,2025-01-05 13:31:21.675679,0 days 00:00:03.906310,9,13,5.0,,,,,,,,,,,13.0,14.0,15.0,8.0,15.0,13.0,12.0,,35,40.0,,,,,,,,,,,55.0,25.0,25.0,35.0,50.0,50.0,60.0,,COMPLETE
41,41,0.7708333333333333,2025-01-05 13:31:21.676167,2025-01-05 13:31:26.083104,0 days 00:00:04.406937,2,9,8.0,,,,,,,,,,,,,,,,,,,20,45.0,,,,,,,,,,,,,,,,,,,COMPLETE
42,42,0.39703989703989706,2025-01-05 13:31:26.083449,2025-01-05 13:31:36.763254,0 days 00:00:10.679805,4,10,10.0,,,,,,,,,,,4.0,11.0,,,,,,,10,50.0,,,,,,,,,,,50.0,50.0,,,,,,,COMPLETE
43,43,0.8452380952380952,2025-01-05 13:31:36.763647,2025-01-05 13:31:41.637358,0 days 00:00:04.873711,2,8,6.0,,,,,,,,,,,,,,,,,,,25,35.0,,,,,,,,,,,,,,,,,,,COMPLETE
44,44,0.5219858156028369,2025-01-05 13:31:41.637696,2025-01-05 13:31:47.852163,0 days 00:00:06.214467,3,8,6.0,,,,,,,,,,,14.0,,,,,,,,30,35.0,,,,,,,,,,,45.0,,,,,,,,COMPLETE
45,45,0.7944444444444445,2025-01-05 13:31:47.852526,2025-01-05 13:31:52.780068,0 days 00:00:04.927542,1,9,,,,,,,,,,,,,,,,,,,,35,,,,,,,,,,,,,,,,,,,,COMPLETE
46,46,0.3741109530583215,2025-01-05 13:31:52.780388,2025-01-05 13:32:07.788203,0 days 00:00:15.007815,6,11,3.0,,,,,,,,,,,2.0,6.0,12.0,10.0,,,,,25,35.0,,,,,,,,,,,10.0,10.0,50.0,50.0,,,,,COMPLETE
47,47,0.26737967914438504,2025-01-05 13:32:07.788673,2025-01-05 13:32:15.731421,0 days 00:00:07.942748,13,10,6.0,11.0,9.0,10.0,,,,,,,,12.0,3.0,1.0,14.0,10.0,4.0,8.0,12.0,40,30.0,20.0,35.0,30.0,,,,,,,,30.0,40.0,15.0,20.0,10.0,25.0,35.0,35.0,COMPLETE
48,48,0.34803528468323974,2025-01-05 13:32:15.732002,2025-01-05 13:32:25.808406,0 days 00:00:10.076404,4,8,7.0,,,,,,,,,,,14.0,8.0,,,,,,,5,40.0,,,,,,,,,,,60.0,25.0,,,,,,,COMPLETE
49,49,0.823076923076923,2025-01-05 13:32:25.808807,2025-01-05 13:32:29.842547,0 days 00:00:04.033740,2,9,4.0,,,,,,,,,,,,,,,,,,,15,45.0,,,,,,,,,,,,,,,,,,,COMPLETE
50,50,0.4337979094076655,2025-01-05 13:32:29.842958,2025-01-05 13:32:34.807685,0 days 00:00:04.964727,3,6,8.0,,,,,,,,,,,4.0,,,,,,,,10,25.0,,,,,,,,,,,20.0,,,,,,,,COMPLETE
51,51,0.7962264150943397,2025-01-05 13:32:34.808181,2025-01-05 13:32:38.898836,0 days 00:00:04.090655,2,9,4.0,,,,,,,,,,,,,,,,,,,15,45.0,,,,,,,,,,,,,,,,,,,COMPLETE
52,52,0.7777777777777778,2025-01-05 13:32:38.899197,2025-01-05 13:32:42.864629,0 days 00:00:03.965432,1,8,,,,,,,,,,,,,,,,,,,,25,,,,,,,,,,,,,,,,,,,,COMPLETE
53,53,0.7341666666666666,2025-01-05 13:32:42.864945,2025-01-05 13:32:46.875525,0 days 00:00:04.010580,2,11,5.0,,,,,,,,,,,,,,,,,,,10,35.0,,,,,,,,,,,,,,,,,,,COMPLETE
54,54,0.5705996131528046,2025-01-05 13:32:46.875860,2025-01-05 13:32:55.663159,0 days 00:00:08.787299,5,10,4.0,,,,,,,,,,,5.0,3.0,3.0,,,,,,30,40.0,,,,,,,,,,,55.0,60.0,30.0,,,,,,COMPLETE
55,55,0.7968253968253969,2025-01-05 13:32:55.663568,2025-01-05 13:32:59.345989,0 days 00:00:03.682421,1,9,,,,,,,,,,,,,,,,,,,,15,,,,,,,,,,,,,,,,,,,,COMPLETE
56,56,0.6660869565217391,2025-01-05 13:32:59.346314,2025-01-05 13:33:04.445871,0 days 00:00:05.099557,3,9,2.0,,,,,,,,,,,11.0,,,,,,,,20,45.0,,,,,,,,,,,15.0,,,,,,,,COMPLETE
57,57,0.48404255319148937,2025-01-05 13:33:04.446249,2025-01-05 13:33:14.346977,0 days 00:00:09.900728,4,7,7.0,,,,,,,,,,,6.0,13.0,,,,,,,35,55.0,,,,,,,,,,,5.0,55.0,,,,,,,COMPLETE
58,58,0.737689829728486,2025-01-05 13:33:14.347373,2025-01-05 13:33:18.031783,0 days 00:00:03.684410,1,8,,,,,,,,,,,,,,,,,,,,25,,,,,,,,,,,,,,,,,,,,COMPLETE
59,59,0.4605263157894737,2025-01-05 13:33:18.032109,2025-01-05 13:33:32.740741,0 days 00:00:14.708632,7,10,3.0,,,,,,,,,,,9.0,1.0,8.0,3.0,4.0,,,,20,35.0,,,,,,,,,,,35.0,20.0,40.0,35.0,25.0,,,,COMPLETE
60,60,0.8339622641509434,2025-01-05 13:33:32.741214,2025-01-05 13:33:38.659065,0 days 00:00:05.917851,2,11,5.0,,,,,,,,,,,,,,,,,,,40,40.0,,,,,,,,,,,,,,,,,,,COMPLETE
61,61,0.7903861308116626,2025-01-05 13:33:38.659412,2025-01-05 13:33:45.052250,0 days 00:00:06.392838,2,11,5.0,,,,,,,,,,,,,,,,,,,40,40.0,,,,,,,,,,,,,,,,,,,COMPLETE
62,62,0.7931432973805855,2025-01-05 13:33:45.052601,2025-01-05 13:33:50.396352,0 days 00:00:05.343751,1,12,,,,,,,,,,,,,,,,,,,,30,,,,,,,,,,,,,,,,,,,,COMPLETE
63,63,0.487736900780379,2025-01-05 13:33:50.396678,2025-01-05 13:33:57.234824,0 days 00:00:06.838146,3,9,4.0,,,,,,,,,,,15.0,,,,,,,,45,45.0,,,,,,,,,,,45.0,,,,,,,,COMPLETE
64,64,0.32634032634032634,2025-01-05 13:33:57.235201,2025-01-05 13:34:12.323234,0 days 00:00:15.088033,4,13,6.0,,,,,,,,,,,13.0,9.0,,,,,,,35,35.0,,,,,,,,,,,25.0,45.0,,,,,,,COMPLETE
65,65,0.8421985815602837,2025-01-05 13:34:12.323831,2025-01-05 13:34:16.261214,0 days 00:00:03.937383,2,8,5.0,,,,,,,,,,,,,,,,,,,15,50.0,,,,,,,,,,,,,,,,,,,COMPLETE
66,66,0.0,2025-01-05 13:34:16.261562,2025-01-05 13:34:47.246744,0 days 00:00:30.985182,17,7,5.0,1.0,5.0,10.0,7.0,14.0,15.0,15.0,,,,2.0,2.0,5.0,7.0,7.0,12.0,13.0,7.0,40,50.0,40.0,15.0,40.0,5.0,55.0,60.0,55.0,,,,40.0,10.0,15.0,10.0,55.0,10.0,25.0,5.0,COMPLETE
67,67,0.7584541062801933,2025-01-05 13:34:47.247420,2025-01-05 13:34:50.567259,0 days 00:00:03.319839,2,6,7.0,,,,,,,,,,,,,,,,,,,10,40.0,,,,,,,,,,,,,,,,,,,COMPLETE
68,68,0.41000000000000003,2025-01-05 13:34:50.567617,2025-01-05 13:34:57.060613,0 days 00:00:06.492996,3,15,6.0,,,,,,,,,,,8.0,,,,,,,,25,50.0,,,,,,,,,,,55.0,,,,,,,,COMPLETE
69,69,0.35625,2025-01-05 13:34:57.060990,2025-01-05 13:35:00.973132,0 days 00:00:03.912142,11,10,5.0,6.0,,,,,,,,,,1.0,11.0,13.0,11.0,3.0,6.0,5.0,11.0,5,15.0,60.0,,,,,,,,,,30.0,50.0,50.0,25.0,40.0,60.0,5.0,25.0,COMPLETE
70,70,0.03571428571428571,2025-01-05 13:35:00.973697,2025-01-05 13:35:11.818588,0 days 00:00:10.844891,20,7,8.0,15.0,1.0,1.0,11.0,7.0,1.0,1.0,1.0,1.0,1.0,12.0,5.0,10.0,15.0,7.0,3.0,9.0,1.0,30,30.0,20.0,60.0,20.0,40.0,35.0,30.0,10.0,60.0,60.0,55.0,10.0,5.0,10.0,45.0,5.0,30.0,50.0,60.0,COMPLETE
71,71,0.8571428571428571,2025-01-05 13:35:11.819329,2025-01-05 13:35:15.494995,0 days 00:00:03.675666,2,8,4.0,,,,,,,,,,,,,,,,,,,15,45.0,,,,,,,,,,,,,,,,,,,COMPLETE
72,72,0.717948717948718,2025-01-05 13:35:15.495357,2025-01-05 13:35:19.285229,0 days 00:00:03.789872,1,8,,,,,,,,,,,,,,,,,,,,15,,,,,,,,,,,,,,,,,,,,COMPLETE
73,73,0.13248847926267282,2025-01-05 13:35:19.285556,2025-01-05 13:35:35.362176,0 days 00:00:16.076620,5,8,3.0,,,,,,,,,,,7.0,14.0,9.0,,,,,,60,55.0,,,,,,,,,,,20.0,25.0,30.0,,,,,,COMPLETE
74,74,0.5492753623188406,2025-01-05 13:35:35.362607,2025-01-05 13:35:41.185573,0 days 00:00:05.822966,3,10,4.0,,,,,,,,,,,10.0,,,,,,,,20,45.0,,,,,,,,,,,50.0,,,,,,,,COMPLETE
75,75,0.7584541062801933,2025-01-05 13:35:41.185943,2025-01-05 13:35:47.178851,0 days 00:00:05.992908,1,8,,,,,,,,,,,,,,,,,,,,55,,,,,,,,,,,,,,,,,,,,COMPLETE
76,76,0.8222222222222222,2025-01-05 13:35:47.179376,2025-01-05 13:35:51.983959,0 days 00:00:04.804583,2,11,6.0,,,,,,,,,,,,,,,,,,,20,40.0,,,,,,,,,,,,,,,,,,,COMPLETE
77,77,0.806063122923588,2025-01-05 13:35:51.984323,2025-01-05 13:35:57.028469,0 days 00:00:05.044146,4,9,2.0,,,,,,,,,,,3.0,2.0,,,,,,,10,55.0,,,,,,,,,,,15.0,15.0,,,,,,,COMPLETE
78,78,0.5016025641025641,2025-01-05 13:35:57.028856,2025-01-05 13:36:02.738896,0 days 00:00:05.710040,3,12,5.0,,,,,,,,,,,11.0,,,,,,,,15,45.0,,,,,,,,,,,5.0,,,,,,,,COMPLETE
79,79,0.7658536585365854,2025-01-05 13:36:02.739306,2025-01-05 13:36:08.379505,0 days 00:00:05.640199,1,10,,,,,,,,,,,,,,,,,,,,45,,,,,,,,,,,,,,,,,,,,COMPLETE
80,80,0.8081632653061225,2025-01-05 13:36:08.379846,2025-01-05 13:36:12.830836,0 days 00:00:04.450990,2,9,6.0,,,,,,,,,,,,,,,,,,,25,50.0,,,,,,,,,,,,,,,,,,,COMPLETE
81,81,0.8366666666666667,2025-01-05 13:36:12.831195,2025-01-05 13:36:16.927498,0 days 00:00:04.096303,2,9,4.0,,,,,,,,,,,,,,,,,,,15,45.0,,,,,,,,,,,,,,,,,,,COMPLETE
82,82,0.8273322422258592,2025-01-05 13:36:16.927847,2025-01-05 13:36:20.601447,0 days 00:00:03.673600,2,8,4.0,,,,,,,,,,,,,,,,,,,15,40.0,,,,,,,,,,,,,,,,,,,COMPLETE
83,83,0.6818181818181819,2025-01-05 13:36:20.601793,2025-01-05 13:36:25.955012,0 days 00:00:05.353219,3,10,3.0,,,,,,,,,,,5.0,,,,,,,,20,45.0,,,,,,,,,,,40.0,,,,,,,,COMPLETE
84,84,0.7707390648567118,2025-01-05 13:36:25.955394,2025-01-05 13:36:29.204588,0 days 00:00:03.249194,1,9,,,,,,,,,,,,,,,,,,,,10,,,,,,,,,,,,,,,,,,,,COMPLETE
85,85,0.44508196721311477,2025-01-05 13:36:29.204906,2025-01-05 13:36:38.479377,0 days 00:00:09.274471,15,11,5.0,11.0,12.0,5.0,5.0,1.0,,,,,,13.0,7.0,6.0,1.0,10.0,15.0,1.0,13.0,15,50.0,40.0,45.0,45.0,25.0,40.0,,,,,,60.0,30.0,25.0,30.0,15.0,15.0,40.0,45.0,COMPLETE
86,86,0.8074074074074074,2025-01-05 13:36:38.479991,2025-01-05 13:36:42.757784,0 days 00:00:04.277793,2,7,5.0,,,,,,,,,,,,,,,,,,,30,45.0,,,,,,,,,,,,,,,,,,,COMPLETE
87,87,0.7829787234042553,2025-01-05 13:36:42.758140,2025-01-05 13:36:47.249572,0 days 00:00:04.491432,3,8,4.0,,,,,,,,,,,1.0,,,,,,,,20,40.0,,,,,,,,,,,25.0,,,,,,,,COMPLETE
88,88,0.41587301587301584,2025-01-05 13:36:47.249938,2025-01-05 13:36:50.594613,0 days 00:00:03.344675,10,9,1.0,,,,,,,,,,,8.0,12.0,11.0,6.0,2.0,9.0,13.0,4.0,15,45.0,,,,,,,,,,,35.0,35.0,35.0,55.0,35.0,50.0,20.0,20.0,COMPLETE
89,89,0.6013888888888889,2025-01-05 13:36:50.595121,2025-01-05 13:36:58.025853,0 days 00:00:07.430732,4,7,7.0,,,,,,,,,,,14.0,1.0,,,,,,,10,60.0,,,,,,,,,,,45.0,45.0,,,,,,,COMPLETE
90,90,0.7637426900584795,2025-01-05 13:36:58.026254,2025-01-05 13:37:02.264477,0 days 00:00:04.238223,1,8,,,,,,,,,,,,,,,,,,,,25,,,,,,,,,,,,,,,,,,,,COMPLETE
91,91,0.8666666666666667,2025-01-05 13:37:02.264848,2025-01-05 13:37:05.945651,0 days 00:00:03.680803,2,8,4.0,,,,,,,,,,,,,,,,,,,15,40.0,,,,,,,,,,,,,,,,,,,COMPLETE
92,92,0.8454545454545455,2025-01-05 13:37:05.946003,2025-01-05 13:37:10.303244,0 days 00:00:04.357241,2,9,3.0,,,,,,,,,,,,,,,,,,,15,40.0,,,,,,,,,,,,,,,,,,,COMPLETE
93,93,0.6603260869565217,2025-01-05 13:37:10.303594,2025-01-05 13:37:14.662336,0 days 00:00:04.358742,3,9,3.0,,,,,,,,,,,6.0,,,,,,,,15,35.0,,,,,,,,,,,30.0,,,,,,,,COMPLETE
94,94,0.775,2025-01-05 13:37:14.662702,2025-01-05 13:37:17.729860,0 days 00:00:03.067158,1,9,,,,,,,,,,,,,,,,,,,,10,,,,,,,,,,,,,,,,,,,,COMPLETE
95,95,0.7987117552334944,2025-01-05 13:37:17.730260,2025-01-05 13:37:21.953280,0 days 00:00:04.223020,2,10,3.0,,,,,,,,,,,,,,,,,,,15,50.0,,,,,,,,,,,,,,,,,,,COMPLETE
96,96,0.8164014687882497,2025-01-05 13:37:21.953744,2025-01-05 13:37:26.485846,0 days 00:00:04.532102,2,8,2.0,,,,,,,,,,,,,,,,,,,20,35.0,,,,,,,,,,,,,,,,,,,COMPLETE
97,97,0.5074231177094379,2025-01-05 13:37:26.486211,2025-01-05 13:37:36.384533,0 days 00:00:09.898322,4,8,4.0,,,,,,,,,,,10.0,9.0,,,,,,,5,40.0,,,,,,,,,,,15.0,60.0,,,,,,,COMPLETE
98,98,0.5669920141969831,2025-01-05 13:37:36.384925,2025-01-05 13:37:40.904450,0 days 00:00:04.519525,3,6,4.0,,,,,,,,,,,9.0,,,,,,,,15,30.0,,,,,,,,,,,20.0,,,,,,,,COMPLETE
99,99,0.6818181818181819,2025-01-05 13:37:40.904817,2025-01-05 13:37:44.139593,0 days 00:00:03.234776,1,3,,,,,,,,,,,,,,,,,,,,20,,,,,,,,,,,,,,,,,,,,COMPLETE
100,100,0.23809523809523808,2025-01-05 13:37:44.139915,2025-01-05 13:37:56.800485,0 days 00:00:12.660570,6,7,3.0,,,,,,,,,,,4.0,10.0,9.0,13.0,,,,,10,45.0,,,,,,,,,,,10.0,40.0,40.0,10.0,,,,,COMPLETE
101,101,0.8278388278388278,2025-01-05 13:37:56.800928,2025-01-05 13:38:01.011483,0 days 00:00:04.210555,2,10,5.0,,,,,,,,,,,,,,,,,,,15,40.0,,,,,,,,,,,,,,,,,,,COMPLETE
102,102,0.825925925925926,2025-01-05 13:38:01.011839,2025-01-05 13:38:06.422915,0 days 00:00:05.411076,2,9,6.0,,,,,,,,,,,,,,,,,,,35,40.0,,,,,,,,,,,,,,,,,,,COMPLETE
103,103,0.7404761904761905,2025-01-05 13:38:06.423274,2025-01-05 13:38:09.189569,0 days 00:00:02.766295,1,10,,,,,,,,,,,,,,,,,,,,15,,,,,,,,,,,,,,,,,,,,COMPLETE
104,104,0.7799119647859143,2025-01-05 13:38:09.189891,2025-01-05 13:38:12.867380,0 days 00:00:03.677489,2,8,5.0,,,,,,,,,,,,,,,,,,,15,45.0,,,,,,,,,,,,,,,,,,,COMPLETE
105,105,0.5205640423031728,2025-01-05 13:38:12.867723,2025-01-05 13:38:17.782139,0 days 00:00:04.914416,3,9,4.0,,,,,,,,,,,15.0,,,,,,,,20,35.0,,,,,,,,,,,40.0,,,,,,,,COMPLETE
106,106,0.27477477477477474,2025-01-05 13:38:17.782510,2025-01-05 13:38:28.251719,0 days 00:00:10.469209,4,10,6.0,,,,,,,,,,,7.0,15.0,,,,,,,10,50.0,,,,,,,,,,,55.0,5.0,,,,,,,COMPLETE
107,107,0.8376623376623377,2025-01-05 13:38:28.252123,2025-01-05 13:38:33.438859,0 days 00:00:05.186736,2,7,2.0,,,,,,,,,,,,,,,,,,,40,40.0,,,,,,,,,,,,,,,,,,,COMPLETE
108,108,0.7728092318788315,2025-01-05 13:38:33.439217,2025-01-05 13:38:36.952391,0 days 00:00:03.513174,1,7,,,,,,,,,,,,,,,,,,,,25,,,,,,,,,,,,,,,,,,,,COMPLETE
109,109,0.7473469387755103,2025-01-05 13:38:36.952717,2025-01-05 13:38:42.084612,0 days 00:00:05.131895,3,7,2.0,,,,,,,,,,,12.0,,,,,,,,30,45.0,,,,,,,,,,,5.0,,,,,,,,COMPLETE
110,110,0.8782467532467533,2025-01-05 13:38:42.084981,2025-01-05 13:38:46.513114,0 days 00:00:04.428133,2,9,2.0,,,,,,,,,,,,,,,,,,,20,35.0,,,,,,,,,,,,,,,,,,,COMPLETE
111,111,0.8397435897435898,2025-01-05 13:38:46.513455,2025-01-05 13:38:50.886805,0 days 00:00:04.373350,2,9,2.0,,,,,,,,,,,,,,,,,,,20,35.0,,,,,,,,,,,,,,,,,,,COMPLETE
