,number,value,datetime_start,datetime_complete,duration,params_depth,params_grids_0,params_grids_1,params_grids_10,params_grids_11,params_grids_12,params_grids_13,params_grids_14,params_grids_15,params_grids_16,params_grids_17,params_grids_18,params_grids_19,params_grids_2,params_grids_3,params_grids_4,params_grids_5,params_grids_6,params_grids_7,params_grids_8,params_grids_9,params_neurons_layer_0,params_neurons_layer_1,params_neurons_layer_10,params_neurons_layer_11,params_neurons_layer_12,params_neurons_layer_13,params_neurons_layer_14,params_neurons_layer_15,params_neurons_layer_16,params_neurons_layer_17,params_neurons_layer_18,params_neurons_layer_19,params_neurons_layer_2,params_neurons_layer_3,params_neurons_layer_4,params_neurons_layer_5,params_neurons_layer_6,params_neurons_layer_7,params_neurons_layer_8,params_neurons_layer_9,state
621,621,0.8958002500503656,2025-01-04 10:02:05.239737,2025-01-04 10:04:13.517057,0 days 00:02:08.277320,1,7,,,,,,,,,,,,,,,,,,,,45,,,,,,,,,,,,,,,,,,,,COMPLETE
622,622,0.8792822058786791,2025-01-04 10:04:13.517855,2025-01-04 10:07:42.619021,0 days 00:03:29.101166,2,9,6.0,,,,,,,,,,,,,,,,,,,40,60.0,,,,,,,,,,,,,,,,,,,COMPLETE
623,623,0.8946702856085375,2025-01-04 10:07:42.619830,2025-01-04 10:10:38.353837,0 days 00:02:55.734007,1,10,,,,,,,,,,,,,,,,,,,,45,,,,,,,,,,,,,,,,,,,,COMPLETE
624,624,0.2687490330167249,2025-01-04 10:10:38.354642,2025-01-04 10:12:17.437792,0 days 00:01:39.083150,12,8,10.0,14.0,9.0,,,,,,,,,5.0,5.0,7.0,10.0,13.0,5.0,5.0,1.0,40,20.0,45.0,45.0,,,,,,,,,25.0,35.0,30.0,25.0,55.0,5.0,35.0,5.0,COMPLETE
625,625,0.863777059430385,2025-01-04 10:12:17.438789,2025-01-04 10:16:22.686871,0 days 00:04:05.248082,2,7,15.0,,,,,,,,,,,,,,,,,,,45,35.0,,,,,,,,,,,,,,,,,,,COMPLETE
626,626,0.8441678958062907,2025-01-04 10:16:22.687708,2025-01-04 10:18:49.108842,0 days 00:02:26.421134,1,10,,,,,,,,,,,,,,,,,,,,40,,,,,,,,,,,,,,,,,,,,COMPLETE
627,627,0.8910565491486844,2025-01-04 10:18:49.109639,2025-01-04 10:21:14.901696,0 days 00:02:25.792057,1,9,,,,,,,,,,,,,,,,,,,,45,,,,,,,,,,,,,,,,,,,,COMPLETE
628,628,0.9037880366755251,2025-01-04 10:21:14.902512,2025-01-04 10:23:34.338207,0 days 00:02:19.435695,1,8,,,,,,,,,,,,,,,,,,,,45,,,,,,,,,,,,,,,,,,,,COMPLETE
629,629,0.8709721895236988,2025-01-04 10:23:34.339012,2025-01-04 10:25:57.268082,0 days 00:02:22.929070,2,7,3.0,,,,,,,,,,,,,,,,,,,40,55.0,,,,,,,,,,,,,,,,,,,COMPLETE
630,630,0.7696469422974845,2025-01-04 10:25:57.268886,2025-01-04 10:28:12.340182,0 days 00:02:15.071296,1,9,,,,,,,,,,,,,,,,,,,,40,,,,,,,,,,,,,,,,,,,,COMPLETE
631,631,0.8815605079459736,2025-01-04 10:28:12.340983,2025-01-04 10:29:39.529058,0 days 00:01:27.188075,2,7,2.0,,,,,,,,,,,,,,,,,,,30,5.0,,,,,,,,,,,,,,,,,,,COMPLETE
632,632,0.7836950590274254,2025-01-04 10:29:39.529877,2025-01-04 10:31:57.414831,0 days 00:02:17.884954,1,8,,,,,,,,,,,,,,,,,,,,45,,,,,,,,,,,,,,,,,,,,COMPLETE
633,633,0.5523589211802139,2025-01-04 10:31:57.415653,2025-01-04 10:34:04.580839,0 days 00:02:07.165186,1,9,,,,,,,,,,,,,,,,,,,,40,,,,,,,,,,,,,,,,,,,,COMPLETE
634,634,0.8784730199584454,2025-01-04 10:34:04.581660,2025-01-04 10:36:11.182199,0 days 00:02:06.600539,2,8,4.0,,,,,,,,,,,,,,,,,,,35,25.0,,,,,,,,,,,,,,,,,,,COMPLETE
635,635,0.0635135060411941,2025-01-04 10:36:11.182974,2025-01-04 10:37:59.519133,0 days 00:01:48.336159,14,11,1.0,15.0,10.0,3.0,1.0,,,,,,,10.0,11.0,1.0,2.0,15.0,11.0,12.0,9.0,45,45.0,5.0,10.0,55.0,35.0,,,,,,,15.0,60.0,40.0,55.0,10.0,35.0,25.0,15.0,COMPLETE
636,636,0.0,2025-01-04 10:37:59.520174,2025-01-04 10:47:07.410456,0 days 00:09:07.890282,17,10,7.0,7.0,4.0,7.0,14.0,13.0,10.0,11.0,,,,8.0,9.0,13.0,6.0,3.0,2.0,10.0,11.0,40,30.0,20.0,45.0,25.0,10.0,10.0,15.0,15.0,,,,5.0,45.0,10.0,35.0,5.0,50.0,10.0,50.0,COMPLETE
637,637,0.8789742256339712,2025-01-04 10:47:07.411574,2025-01-04 10:49:26.394326,0 days 00:02:18.982752,1,8,,,,,,,,,,,,,,,,,,,,45,,,,,,,,,,,,,,,,,,,,COMPLETE
638,638,0.7933980305815627,2025-01-04 10:49:26.395160,2025-01-04 10:51:37.629913,0 days 00:02:11.234753,1,9,,,,,,,,,,,,,,,,,,,,40,,,,,,,,,,,,,,,,,,,,COMPLETE
639,639,0.9072676236274241,2025-01-04 10:51:37.630731,2025-01-04 10:52:52.394533,0 days 00:01:14.763802,1,7,,,,,,,,,,,,,,,,,,,,25,,,,,,,,,,,,,,,,,,,,COMPLETE
640,640,0.26908295190367865,2025-01-04 10:52:52.395347,2025-01-04 10:57:01.561314,0 days 00:04:09.165967,16,10,13.0,2.0,14.0,13.0,11.0,3.0,8.0,,,,,3.0,14.0,5.0,3.0,2.0,1.0,3.0,14.0,45,40.0,60.0,55.0,40.0,45.0,40.0,30.0,,,,,60.0,30.0,35.0,5.0,45.0,55.0,45.0,30.0,COMPLETE
641,641,0.678094456482194,2025-01-04 10:57:01.562404,2025-01-04 11:00:18.854215,0 days 00:03:17.291811,4,8,2.0,,,,,,,,,,,9.0,7.0,,,,,,,40,10.0,,,,,,,,,,,35.0,50.0,,,,,,,COMPLETE
642,642,0.8714423100840716,2025-01-04 11:00:18.855097,2025-01-04 11:03:11.019643,0 days 00:02:52.164546,2,7,12.0,,,,,,,,,,,,,,,,,,,35,35.0,,,,,,,,,,,,,,,,,,,COMPLETE
643,643,0.7628800258288138,2025-01-04 11:03:11.020482,2025-01-04 11:05:27.430412,0 days 00:02:16.409930,1,8,,,,,,,,,,,,,,,,,,,,45,,,,,,,,,,,,,,,,,,,,COMPLETE
644,644,0.899128420423358,2025-01-04 11:05:27.431216,2025-01-04 11:06:48.339861,0 days 00:01:20.908645,1,10,,,,,,,,,,,,,,,,,,,,20,,,,,,,,,,,,,,,,,,,,COMPLETE
645,645,0.8726411192486493,2025-01-04 11:06:48.340638,2025-01-04 11:11:38.315900,0 days 00:04:49.975262,2,8,15.0,,,,,,,,,,,,,,,,,,,40,60.0,,,,,,,,,,,,,,,,,,,COMPLETE
646,646,0.9104109658235034,2025-01-04 11:11:38.316737,2025-01-04 11:14:19.611750,0 days 00:02:41.295013,1,9,,,,,,,,,,,,,,,,,,,,45,,,,,,,,,,,,,,,,,,,,COMPLETE
647,647,0.4734544653440064,2025-01-04 11:14:19.612571,2025-01-04 11:19:15.025660,0 days 00:04:55.413089,5,9,8.0,,,,,,,,,,,6.0,1.0,10.0,,,,,,45,25.0,,,,,,,,,,,45.0,40.0,25.0,,,,,,COMPLETE
648,648,0.8861198040940345,2025-01-04 11:19:15.026553,2025-01-04 11:21:32.435608,0 days 00:02:17.409055,1,9,,,,,,,,,,,,,,,,,,,,40,,,,,,,,,,,,,,,,,,,,COMPLETE
649,649,0.8824575421010663,2025-01-04 11:21:32.436439,2025-01-04 11:24:14.480817,0 days 00:02:42.044378,1,9,,,,,,,,,,,,,,,,,,,,45,,,,,,,,,,,,,,,,,,,,COMPLETE
650,650,0.8715651625612202,2025-01-04 11:24:14.481640,2025-01-04 11:26:46.651852,0 days 00:02:32.170212,2,9,5.0,,,,,,,,,,,,,,,,,,,40,15.0,,,,,,,,,,,,,,,,,,,COMPLETE
651,651,0.8792405088544855,2025-01-04 11:26:46.652680,2025-01-04 11:29:37.184751,0 days 00:02:50.532071,1,10,,,,,,,,,,,,,,,,,,,,45,,,,,,,,,,,,,,,,,,,,COMPLETE
652,652,0.8653159019568557,2025-01-04 11:29:37.185565,2025-01-04 11:33:33.122941,0 days 00:03:55.937376,2,9,7.0,,,,,,,,,,,,,,,,,,,45,50.0,,,,,,,,,,,,,,,,,,,COMPLETE
653,653,0.8835168426207602,2025-01-04 11:33:33.123776,2025-01-04 11:35:50.509455,0 days 00:02:17.385679,1,9,,,,,,,,,,,,,,,,,,,,40,,,,,,,,,,,,,,,,,,,,COMPLETE
654,654,0.6672623089585387,2025-01-04 11:35:50.510274,2025-01-04 11:41:35.996531,0 days 00:05:45.486257,3,10,10.0,,,,,,,,,,,15.0,,,,,,,,40,55.0,,,,,,,,,,,20.0,,,,,,,,COMPLETE
655,655,0.8692058276650643,2025-01-04 11:41:35.997386,2025-01-04 11:44:15.437571,0 days 00:02:39.440185,1,9,,,,,,,,,,,,,,,,,,,,45,,,,,,,,,,,,,,,,,,,,COMPLETE
656,656,0.9005675466945027,2025-01-04 11:44:15.438397,2025-01-04 11:46:35.621036,0 days 00:02:20.182639,1,9,,,,,,,,,,,,,,,,,,,,40,,,,,,,,,,,,,,,,,,,,COMPLETE
657,657,0.871914863818483,2025-01-04 11:46:35.621860,2025-01-04 11:49:35.868551,0 days 00:03:00.246691,2,10,14.0,,,,,,,,,,,,,,,,,,,35,20.0,,,,,,,,,,,,,,,,,,,COMPLETE
658,658,0.8666368313568031,2025-01-04 11:49:35.869363,2025-01-04 11:51:15.464312,0 days 00:01:39.594949,1,10,,,,,,,,,,,,,,,,,,,,25,,,,,,,,,,,,,,,,,,,,COMPLETE
659,659,0.8685222025357551,2025-01-04 11:51:15.465135,2025-01-04 11:53:57.449249,0 days 00:02:41.984114,1,9,,,,,,,,,,,,,,,,,,,,45,,,,,,,,,,,,,,,,,,,,COMPLETE
660,660,0.8705846688031975,2025-01-04 11:53:57.450053,2025-01-04 11:55:47.644226,0 days 00:01:50.194173,1,7,,,,,,,,,,,,,,,,,,,,40,,,,,,,,,,,,,,,,,,,,COMPLETE
661,661,0.8673047577433419,2025-01-04 11:55:47.645036,2025-01-04 11:59:20.438071,0 days 00:03:32.793035,2,12,6.0,,,,,,,,,,,,,,,,,,,40,30.0,,,,,,,,,,,,,,,,,,,COMPLETE
662,662,0.24224808385298235,2025-01-04 11:59:20.438912,2025-01-04 12:09:11.092112,0 days 00:09:50.653200,8,11,11.0,,,,,,,,,,,4.0,4.0,6.0,12.0,3.0,3.0,,,45,45.0,,,,,,,,,,,55.0,15.0,60.0,50.0,25.0,20.0,,,COMPLETE
663,663,0.8437973396257257,2025-01-04 12:09:11.093072,2025-01-04 12:11:15.302508,0 days 00:02:04.209436,1,9,,,,,,,,,,,,,,,,,,,,35,,,,,,,,,,,,,,,,,,,,COMPLETE
664,664,0.8699764738165281,2025-01-04 12:11:15.303343,2025-01-04 12:13:49.170529,0 days 00:02:33.867186,2,7,13.0,,,,,,,,,,,,,,,,,,,45,10.0,,,,,,,,,,,,,,,,,,,COMPLETE
665,665,0.7238032620966453,2025-01-04 12:13:49.171370,2025-01-04 12:16:31.640406,0 days 00:02:42.469036,1,9,,,,,,,,,,,,,,,,,,,,45,,,,,,,,,,,,,,,,,,,,COMPLETE
666,666,0.7516595690041696,2025-01-04 12:16:31.641236,2025-01-04 12:19:19.665712,0 days 00:02:48.024476,1,11,,,,,,,,,,,,,,,,,,,,40,,,,,,,,,,,,,,,,,,,,COMPLETE
667,667,0.8107200999414712,2025-01-04 12:19:19.666552,2025-01-04 12:21:09.910036,0 days 00:01:50.243484,1,7,,,,,,,,,,,,,,,,,,,,40,,,,,,,,,,,,,,,,,,,,COMPLETE
668,668,0.8947742329467351,2025-01-04 12:21:09.910861,2025-01-04 12:22:15.448375,0 days 00:01:05.537514,2,9,1.0,,,,,,,,,,,,,,,,,,,15,40.0,,,,,,,,,,,,,,,,,,,COMPLETE
669,669,0.9124726254305235,2025-01-04 12:22:15.449226,2025-01-04 12:24:33.795332,0 days 00:02:18.346106,1,10,,,,,,,,,,,,,,,,,,,,35,,,,,,,,,,,,,,,,,,,,COMPLETE
670,670,0.8879771665030347,2025-01-04 12:24:33.796166,2025-01-04 12:26:13.573775,0 days 00:01:39.777609,1,7,,,,,,,,,,,,,,,,,,,,35,,,,,,,,,,,,,,,,,,,,COMPLETE
671,671,0.6727758067234489,2025-01-04 12:26:13.574599,2025-01-04 12:28:31.583743,0 days 00:02:18.009144,1,10,,,,,,,,,,,,,,,,,,,,35,,,,,,,,,,,,,,,,,,,,COMPLETE
672,672,0.8818437889469506,2025-01-04 12:28:31.584561,2025-01-04 12:30:27.501776,0 days 00:01:55.917215,2,6,4.0,,,,,,,,,,,,,,,,,,,35,45.0,,,,,,,,,,,,,,,,,,,COMPLETE
673,673,0.8530050288237458,2025-01-04 12:30:27.502612,2025-01-04 12:32:12.283209,0 days 00:01:44.780597,1,9,,,,,,,,,,,,,,,,,,,,30,,,,,,,,,,,,,,,,,,,,COMPLETE
674,674,0.8777055996240513,2025-01-04 12:32:12.284035,2025-01-04 12:34:56.340752,0 days 00:02:44.056717,2,9,8.0,,,,,,,,,,,,,,,,,,,30,50.0,,,,,,,,,,,,,,,,,,,COMPLETE
675,675,0.8741161519272407,2025-01-04 12:34:56.341590,2025-01-04 12:36:45.807974,0 days 00:01:49.466384,1,7,,,,,,,,,,,,,,,,,,,,40,,,,,,,,,,,,,,,,,,,,COMPLETE
676,676,0.7874887133641902,2025-01-04 12:36:45.808793,2025-01-04 12:39:22.621930,0 days 00:02:36.813137,1,10,,,,,,,,,,,,,,,,,,,,40,,,,,,,,,,,,,,,,,,,,COMPLETE
677,677,0.8705916088633474,2025-01-04 12:39:22.622760,2025-01-04 12:41:20.665440,0 days 00:01:58.042680,2,8,12.0,,,,,,,,,,,,,,,,,,,35,5.0,,,,,,,,,,,,,,,,,,,COMPLETE
678,678,0.9072618673124744,2025-01-04 12:41:20.666287,2025-01-04 12:42:19.123577,0 days 00:00:58.457290,1,6,,,,,,,,,,,,,,,,,,,,25,,,,,,,,,,,,,,,,,,,,COMPLETE
679,679,0.7901113722746748,2025-01-04 12:42:19.124342,2025-01-04 12:44:23.457346,0 days 00:02:04.333004,1,9,,,,,,,,,,,,,,,,,,,,35,,,,,,,,,,,,,,,,,,,,COMPLETE
680,680,0.8655073395153668,2025-01-04 12:44:23.458177,2025-01-04 12:46:37.470105,0 days 00:02:14.011928,2,8,3.0,,,,,,,,,,,,,,,,,,,40,20.0,,,,,,,,,,,,,,,,,,,COMPLETE
681,681,0.4127499855138777,2025-01-04 12:46:37.470935,2025-01-04 12:48:02.285361,0 days 00:01:24.814426,1,7,,,,,,,,,,,,,,,,,,,,30,,,,,,,,,,,,,,,,,,,,COMPLETE
682,682,0.5194264836693165,2025-01-04 12:48:02.286148,2025-01-04 12:50:13.501864,0 days 00:02:11.215716,1,10,,,,,,,,,,,,,,,,,,,,35,,,,,,,,,,,,,,,,,,,,COMPLETE
683,683,0.871713126044348,2025-01-04 12:50:13.502691,2025-01-04 12:53:34.565945,0 days 00:03:21.063254,2,11,5.0,,,,,,,,,,,,,,,,,,,40,35.0,,,,,,,,,,,,,,,,,,,COMPLETE
684,684,0.8427238782697641,2025-01-04 12:53:34.566799,2025-01-04 12:55:38.184011,0 days 00:02:03.617212,1,8,,,,,,,,,,,,,,,,,,,,40,,,,,,,,,,,,,,,,,,,,COMPLETE
685,685,0.7951301487356133,2025-01-04 12:55:38.184848,2025-01-04 12:57:51.953458,0 days 00:02:13.768610,1,9,,,,,,,,,,,,,,,,,,,,40,,,,,,,,,,,,,,,,,,,,COMPLETE
686,686,0.8727816822202983,2025-01-04 12:57:51.954295,2025-01-04 13:01:52.582559,0 days 00:04:00.628264,2,9,9.0,,,,,,,,,,,,,,,,,,,40,60.0,,,,,,,,,,,,,,,,,,,COMPLETE
687,687,0.8133097244962657,2025-01-04 13:01:52.583413,2025-01-04 13:03:35.134649,0 days 00:01:42.551236,1,7,,,,,,,,,,,,,,,,,,,,35,,,,,,,,,,,,,,,,,,,,COMPLETE
688,688,0.8107066010932067,2025-01-04 13:03:35.135457,2025-01-04 13:05:25.048497,0 days 00:01:49.913040,1,7,,,,,,,,,,,,,,,,,,,,40,,,,,,,,,,,,,,,,,,,,COMPLETE
689,689,0.872657894125485,2025-01-04 13:05:25.049343,2025-01-04 13:07:14.181369,0 days 00:01:49.132026,2,8,11.0,,,,,,,,,,,,,,,,,,,30,10.0,,,,,,,,,,,,,,,,,,,COMPLETE
690,690,0.47937295934928303,2025-01-04 13:07:14.182212,2025-01-04 13:09:44.189500,0 days 00:02:30.007288,1,10,,,,,,,,,,,,,,,,,,,,40,,,,,,,,,,,,,,,,,,,,COMPLETE
691,691,0.8969804552982947,2025-01-04 13:09:44.190317,2025-01-04 13:12:19.176907,0 days 00:02:34.986590,1,10,,,,,,,,,,,,,,,,,,,,40,,,,,,,,,,,,,,,,,,,,COMPLETE
692,692,0.2965855578085373,2025-01-04 13:12:19.177739,2025-01-04 13:15:29.218739,0 days 00:03:10.041000,18,8,14.0,10.0,2.0,7.0,7.0,7.0,3.0,5.0,12.0,,,2.0,15.0,4.0,8.0,9.0,9.0,2.0,6.0,25,50.0,50.0,15.0,50.0,25.0,25.0,35.0,45.0,20.0,,,25.0,5.0,20.0,45.0,10.0,15.0,15.0,60.0,COMPLETE
693,693,0.8562717915569167,2025-01-04 13:15:29.219905,2025-01-04 13:17:30.371714,0 days 00:02:01.151809,1,9,,,,,,,,,,,,,,,,,,,,40,,,,,,,,,,,,,,,,,,,,COMPLETE
694,694,0.8267567523615018,2025-01-04 13:17:30.372548,2025-01-04 13:19:35.056818,0 days 00:02:04.684270,1,7,,,,,,,,,,,,,,,,,,,,45,,,,,,,,,,,,,,,,,,,,COMPLETE
695,695,0.8716123787527807,2025-01-04 13:19:35.057652,2025-01-04 13:22:48.349088,0 days 00:03:13.291436,2,8,7.0,,,,,,,,,,,,,,,,,,,55,15.0,,,,,,,,,,,,,,,,,,,COMPLETE
696,696,0.8375872885458813,2025-01-04 13:22:48.349945,2025-01-04 13:24:08.300220,0 days 00:01:19.950275,1,5,,,,,,,,,,,,,,,,,,,,40,,,,,,,,,,,,,,,,,,,,COMPLETE
697,697,0.8698634605877276,2025-01-04 13:24:08.301062,2025-01-04 13:27:10.910667,0 days 00:03:02.609605,2,9,4.0,,,,,,,,,,,,,,,,,,,45,25.0,,,,,,,,,,,,,,,,,,,COMPLETE
698,698,0.8730463922660503,2025-01-04 13:27:10.911537,2025-01-04 13:32:25.962182,0 days 00:05:15.050645,3,7,2.0,,,,,,,,,,,13.0,,,,,,,,40,60.0,,,,,,,,,,,50.0,,,,,,,,COMPLETE
699,699,0.8859001525529643,2025-01-04 13:32:25.963065,2025-01-04 13:34:58.370112,0 days 00:02:32.407047,1,12,,,,,,,,,,,,,,,,,,,,35,,,,,,,,,,,,,,,,,,,,COMPLETE
700,700,0.9032730929450432,2025-01-04 13:34:58.370941,2025-01-04 13:36:30.661589,0 days 00:01:32.290648,1,6,,,,,,,,,,,,,,,,,,,,40,,,,,,,,,,,,,,,,,,,,COMPLETE
701,701,0.9112593065562187,2025-01-04 13:36:30.662439,2025-01-04 13:39:10.303410,0 days 00:02:39.640971,1,9,,,,,,,,,,,,,,,,,,,,45,,,,,,,,,,,,,,,,,,,,COMPLETE
702,702,0.8680187102604788,2025-01-04 13:39:10.304262,2025-01-04 13:43:35.478989,0 days 00:04:25.174727,2,9,15.0,,,,,,,,,,,,,,,,,,,40,45.0,,,,,,,,,,,,,,,,,,,COMPLETE
703,703,0.8602594164709403,2025-01-04 13:43:35.479853,2025-01-04 13:45:06.393153,0 days 00:01:30.913300,1,9,,,,,,,,,,,,,,,,,,,,25,,,,,,,,,,,,,,,,,,,,COMPLETE
704,704,0.8526633368435095,2025-01-04 13:45:06.393991,2025-01-04 13:47:47.956719,0 days 00:02:41.562728,1,9,,,,,,,,,,,,,,,,,,,,45,,,,,,,,,,,,,,,,,,,,COMPLETE
705,705,0.8719076478547072,2025-01-04 13:47:47.957574,2025-01-04 13:49:54.584778,0 days 00:02:06.627204,1,9,,,,,,,,,,,,,,,,,,,,35,,,,,,,,,,,,,,,,,,,,COMPLETE
706,706,0.8658853664327693,2025-01-04 13:49:54.585606,2025-01-04 13:54:26.545501,0 days 00:04:31.959895,2,9,10.0,,,,,,,,,,,,,,,,,,,55,30.0,,,,,,,,,,,,,,,,,,,COMPLETE
707,707,0.8118751750778063,2025-01-04 13:54:26.546360,2025-01-04 13:57:08.645573,0 days 00:02:42.099213,1,9,,,,,,,,,,,,,,,,,,,,45,,,,,,,,,,,,,,,,,,,,COMPLETE
708,708,0.8205028382720865,2025-01-04 13:57:08.646404,2025-01-04 13:58:59.639170,0 days 00:01:50.992766,1,10,,,,,,,,,,,,,,,,,,,,30,,,,,,,,,,,,,,,,,,,,COMPLETE
709,709,0.8736315059904866,2025-01-04 13:58:59.639996,2025-01-04 14:01:20.149283,0 days 00:02:20.509287,2,9,6.0,,,,,,,,,,,,,,,,,,,40,5.0,,,,,,,,,,,,,,,,,,,COMPLETE
710,710,0.7840143857991423,2025-01-04 14:01:20.150147,2025-01-04 14:04:33.304294,0 days 00:03:13.154147,1,11,,,,,,,,,,,,,,,,,,,,45,,,,,,,,,,,,,,,,,,,,COMPLETE
711,711,0.8702139856097748,2025-01-04 14:04:33.305132,2025-01-04 14:08:27.165255,0 days 00:03:53.860123,2,9,13.0,,,,,,,,,,,,,,,,,,,40,40.0,,,,,,,,,,,,,,,,,,,COMPLETE
712,712,0.849801749195618,2025-01-04 14:08:27.166121,2025-01-04 14:11:23.028849,0 days 00:02:55.862728,1,10,,,,,,,,,,,,,,,,,,,,45,,,,,,,,,,,,,,,,,,,,COMPLETE
713,713,0.8319051386620528,2025-01-04 14:11:23.029706,2025-01-04 14:12:01.186893,0 days 00:00:38.157187,1,9,,,,,,,,,,,,,,,,,,,,10,,,,,,,,,,,,,,,,,,,,COMPLETE
714,714,0.9096646326401064,2025-01-04 14:12:01.187606,2025-01-04 14:14:36.052879,0 days 00:02:34.865273,1,10,,,,,,,,,,,,,,,,,,,,40,,,,,,,,,,,,,,,,,,,,COMPLETE
715,715,0.8981716330250062,2025-01-04 14:14:36.053728,2025-01-04 14:16:38.662485,0 days 00:02:02.608757,1,8,,,,,,,,,,,,,,,,,,,,40,,,,,,,,,,,,,,,,,,,,COMPLETE
716,716,0.8709059040265106,2025-01-04 14:16:38.663337,2025-01-04 14:20:29.888184,0 days 00:03:51.224847,2,9,9.0,,,,,,,,,,,,,,,,,,,45,35.0,,,,,,,,,,,,,,,,,,,COMPLETE
717,717,0.9104376370393573,2025-01-04 14:20:29.889045,2025-01-04 14:22:32.715795,0 days 00:02:02.826750,1,8,,,,,,,,,,,,,,,,,,,,40,,,,,,,,,,,,,,,,,,,,COMPLETE
718,718,0.7272631485888417,2025-01-04 14:22:32.716647,2025-01-04 14:25:17.021914,0 days 00:02:44.305267,1,8,,,,,,,,,,,,,,,,,,,,55,,,,,,,,,,,,,,,,,,,,COMPLETE
719,719,0.8732964226264217,2025-01-04 14:25:17.022764,2025-01-04 14:27:13.950800,0 days 00:01:56.928036,2,8,3.0,,,,,,,,,,,,,,,,,,,35,15.0,,,,,,,,,,,,,,,,,,,COMPLETE
720,720,0.6080865155885227,2025-01-04 14:27:13.951679,2025-01-04 14:29:34.431781,0 days 00:02:20.480102,1,8,,,,,,,,,,,,,,,,,,,,45,,,,,,,,,,,,,,,,,,,,COMPLETE
721,721,0.8708443060054663,2025-01-04 14:29:34.432629,2025-01-04 14:33:40.599721,0 days 00:04:06.167092,2,8,12.0,,,,,,,,,,,,,,,,,,,40,55.0,,,,,,,,,,,,,,,,,,,COMPLETE
722,722,0.8758163586679849,2025-01-04 14:33:40.600582,2025-01-04 14:38:49.394819,0 days 00:05:08.794237,3,8,8.0,,,,,,,,,,,10.0,,,,,,,,40,55.0,,,,,,,,,,,40.0,,,,,,,,COMPLETE
723,723,0.8153006556797971,2025-01-04 14:38:49.395714,2025-01-04 14:41:01.388170,0 days 00:02:11.992456,1,8,,,,,,,,,,,,,,,,,,,,45,,,,,,,,,,,,,,,,,,,,COMPLETE
724,724,0.7946290334090012,2025-01-04 14:41:01.389034,2025-01-04 14:42:53.235020,0 days 00:01:51.845986,1,8,,,,,,,,,,,,,,,,,,,,40,,,,,,,,,,,,,,,,,,,,COMPLETE
725,725,0.9048613731806525,2025-01-04 14:42:53.235853,2025-01-04 14:44:57.011401,0 days 00:02:03.775548,1,8,,,,,,,,,,,,,,,,,,,,40,,,,,,,,,,,,,,,,,,,,COMPLETE
726,726,0.8703114969884151,2025-01-04 14:44:57.012250,2025-01-04 14:46:31.353232,0 days 00:01:34.340982,2,8,5.0,,,,,,,,,,,,,,,,,,,25,20.0,,,,,,,,,,,,,,,,,,,COMPLETE
727,727,0.8967379990607174,2025-01-04 14:46:31.354072,2025-01-04 14:50:20.139781,0 days 00:03:48.785709,1,13,,,,,,,,,,,,,,,,,,,,45,,,,,,,,,,,,,,,,,,,,COMPLETE
728,728,0.8282678421363638,2025-01-04 14:50:20.140634,2025-01-04 14:52:38.773138,0 days 00:02:18.632504,1,10,,,,,,,,,,,,,,,,,,,,35,,,,,,,,,,,,,,,,,,,,COMPLETE
729,729,0.8793303039333942,2025-01-04 14:52:38.773988,2025-01-04 14:54:00.153055,0 days 00:01:21.379067,2,8,4.0,,,,,,,,,,,,,,,,,,,20,40.0,,,,,,,,,,,,,,,,,,,COMPLETE
730,730,0.9120602440380993,2025-01-04 14:54:00.153868,2025-01-04 14:56:49.118713,0 days 00:02:48.964845,1,8,,,,,,,,,,,,,,,,,,,,55,,,,,,,,,,,,,,,,,,,,COMPLETE
731,731,0.3695218256339838,2025-01-04 14:56:49.119569,2025-01-04 14:58:57.679502,0 days 00:02:08.559933,10,8,2.0,,,,,,,,,,,14.0,3.0,12.0,8.0,11.0,12.0,8.0,8.0,45,25.0,,,,,,,,,,,10.0,20.0,5.0,60.0,40.0,10.0,50.0,20.0,COMPLETE
732,732,0.8312432385350794,2025-01-04 14:58:57.680489,2025-01-04 15:01:01.323292,0 days 00:02:03.642803,1,8,,,,,,,,,,,,,,,,,,,,40,,,,,,,,,,,,,,,,,,,,COMPLETE
733,733,0.8254255599108021,2025-01-04 15:01:01.324176,2025-01-04 15:01:23.697235,0 days 00:00:22.373059,1,8,,,,,,,,,,,,,,,,,,,,5,,,,,,,,,,,,,,,,,,,,COMPLETE
734,734,0.8774170435997286,2025-01-04 15:01:23.697993,2025-01-04 15:03:49.844767,0 days 00:02:26.146774,2,8,1.0,,,,,,,,,,,,,,,,,,,45,35.0,,,,,,,,,,,,,,,,,,,COMPLETE
735,735,0.9113762499115379,2025-01-04 15:03:49.845642,2025-01-04 15:05:51.937077,0 days 00:02:02.091435,1,8,,,,,,,,,,,,,,,,,,,,40,,,,,,,,,,,,,,,,,,,,COMPLETE
736,736,0.6474548821300957,2025-01-04 15:05:51.937936,2025-01-04 15:07:51.614830,0 days 00:01:59.676894,1,8,,,,,,,,,,,,,,,,,,,,40,,,,,,,,,,,,,,,,,,,,COMPLETE
737,737,0.8773198363430097,2025-01-04 15:07:51.615681,2025-01-04 15:10:11.078843,0 days 00:02:19.463162,2,8,10.0,,,,,,,,,,,,,,,,,,,40,10.0,,,,,,,,,,,,,,,,,,,COMPLETE
738,738,0.48491880465693393,2025-01-04 15:10:11.079724,2025-01-04 15:12:15.158416,0 days 00:02:04.078692,1,8,,,,,,,,,,,,,,,,,,,,40,,,,,,,,,,,,,,,,,,,,COMPLETE
739,739,0.8705514638328473,2025-01-04 15:12:15.159254,2025-01-04 15:14:59.933072,0 days 00:02:44.773818,2,8,15.0,,,,,,,,,,,,,,,,,,,40,15.0,,,,,,,,,,,,,,,,,,,COMPLETE
740,740,0.8771619449921152,2025-01-04 15:14:59.933947,2025-01-04 15:16:50.389503,0 days 00:01:50.455556,1,8,,,,,,,,,,,,,,,,,,,,35,,,,,,,,,,,,,,,,,,,,COMPLETE
741,741,0.2941151821260198,2025-01-04 15:16:50.390371,2025-01-04 15:20:49.173630,0 days 00:03:58.783259,9,8,6.0,,,,,,,,,,,1.0,8.0,9.0,9.0,4.0,8.0,13.0,,40,30.0,,,,,,,,,,,15.0,10.0,45.0,40.0,30.0,25.0,60.0,,COMPLETE
742,742,0.42837017759242846,2025-01-04 15:20:49.174636,2025-01-04 15:21:39.617511,0 days 00:00:50.442875,1,8,,,,,,,,,,,,,,,,,,,,15,,,,,,,,,,,,,,,,,,,,COMPLETE
743,743,0.8725752898226597,2025-01-04 15:21:39.618163,2025-01-04 15:24:56.287147,0 days 00:03:16.668984,2,8,8.0,,,,,,,,,,,,,,,,,,,40,50.0,,,,,,,,,,,,,,,,,,,COMPLETE
744,744,0.8278880807747119,2025-01-04 15:24:56.288032,2025-01-04 15:26:56.849047,0 days 00:02:00.561015,1,8,,,,,,,,,,,,,,,,,,,,40,,,,,,,,,,,,,,,,,,,,COMPLETE
745,745,0.8944950235558513,2025-01-04 15:26:56.849897,2025-01-04 15:28:58.010863,0 days 00:02:01.160966,1,8,,,,,,,,,,,,,,,,,,,,40,,,,,,,,,,,,,,,,,,,,COMPLETE
746,746,0.8688038769848613,2025-01-04 15:28:58.011726,2025-01-04 15:31:27.572974,0 days 00:02:29.561248,1,11,,,,,,,,,,,,,,,,,,,,35,,,,,,,,,,,,,,,,,,,,COMPLETE
747,747,0.8708961824260948,2025-01-04 15:31:27.573852,2025-01-04 15:35:34.276847,0 days 00:04:06.702995,2,8,11.0,,,,,,,,,,,,,,,,,,,40,60.0,,,,,,,,,,,,,,,,,,,COMPLETE
