,number,value,datetime_start,datetime_complete,duration,params_depth,params_grids_0,params_grids_1,params_grids_10,params_grids_11,params_grids_12,params_grids_13,params_grids_14,params_grids_15,params_grids_16,params_grids_17,params_grids_18,params_grids_19,params_grids_2,params_grids_3,params_grids_4,params_grids_5,params_grids_6,params_grids_7,params_grids_8,params_grids_9,params_neurons_layer_0,params_neurons_layer_1,params_neurons_layer_10,params_neurons_layer_11,params_neurons_layer_12,params_neurons_layer_13,params_neurons_layer_14,params_neurons_layer_15,params_neurons_layer_16,params_neurons_layer_17,params_neurons_layer_18,params_neurons_layer_19,params_neurons_layer_2,params_neurons_layer_3,params_neurons_layer_4,params_neurons_layer_5,params_neurons_layer_6,params_neurons_layer_7,params_neurons_layer_8,params_neurons_layer_9,state
0,0,0.17695852534562212,2025-01-05 14:45:25.755583,2025-01-05 14:45:34.993196,0 days 00:00:09.237613,15,2,15.0,9.0,3.0,15.0,3.0,7.0,,,,,,10.0,13.0,9.0,10.0,2.0,11.0,8.0,11.0,25,50.0,20.0,5.0,45.0,35.0,60.0,,,,,,10.0,55.0,45.0,25.0,60.0,20.0,20.0,15.0,COMPLETE
1,1,0.0,2025-01-05 14:45:34.994034,2025-01-05 14:46:16.952135,0 days 00:00:41.958101,17,8,11.0,5.0,6.0,13.0,14.0,8.0,15.0,7.0,,,,11.0,15.0,15.0,13.0,8.0,8.0,1.0,15.0,60,30.0,20.0,15.0,45.0,55.0,55.0,20.0,10.0,,,,30.0,55.0,60.0,30.0,25.0,30.0,60.0,5.0,COMPLETE
2,2,0.3935922330097087,2025-01-05 14:46:16.953029,2025-01-05 14:46:25.206778,0 days 00:00:08.253749,6,13,3.0,,,,,,,,,,,2.0,14.0,2.0,4.0,,,,,30,50.0,,,,,,,,,,,5.0,60.0,20.0,55.0,,,,,COMPLETE
3,3,0.0,2025-01-05 14:46:25.207288,2025-01-05 14:46:53.526278,0 days 00:00:28.318990,17,15,3.0,2.0,8.0,12.0,8.0,9.0,4.0,6.0,,,,9.0,12.0,11.0,12.0,11.0,12.0,13.0,3.0,25,50.0,15.0,20.0,25.0,5.0,10.0,45.0,5.0,,,,20.0,40.0,15.0,35.0,5.0,5.0,40.0,35.0,COMPLETE
4,4,0.0,2025-01-05 14:46:53.527217,2025-01-05 14:47:27.091712,0 days 00:00:33.564495,19,4,8.0,2.0,2.0,15.0,1.0,9.0,9.0,11.0,14.0,11.0,,7.0,7.0,6.0,6.0,2.0,8.0,13.0,11.0,50,55.0,15.0,45.0,50.0,30.0,25.0,40.0,15.0,50.0,10.0,,55.0,25.0,55.0,20.0,45.0,20.0,10.0,20.0,COMPLETE
5,5,0.27713382507903056,2025-01-05 14:47:27.092527,2025-01-05 14:47:38.201901,0 days 00:00:11.109374,5,5,9.0,,,,,,,,,,,13.0,14.0,13.0,,,,,,15,35.0,,,,,,,,,,,15.0,40.0,10.0,,,,,,COMPLETE
6,6,0.0,2025-01-05 14:47:38.202397,2025-01-05 14:48:10.586786,0 days 00:00:32.384389,18,15,2.0,5.0,2.0,11.0,3.0,14.0,14.0,15.0,1.0,,,7.0,5.0,12.0,15.0,9.0,12.0,11.0,3.0,25,20.0,35.0,30.0,60.0,30.0,20.0,20.0,55.0,45.0,,,60.0,60.0,25.0,25.0,10.0,15.0,50.0,50.0,COMPLETE
7,7,0.2215962441314554,2025-01-05 14:48:10.587542,2025-01-05 14:48:33.005948,0 days 00:00:22.418406,10,7,8.0,,,,,,,,,,,15.0,1.0,10.0,3.0,3.0,7.0,9.0,5.0,30,60.0,,,,,,,,,,,60.0,35.0,45.0,60.0,10.0,15.0,30.0,30.0,COMPLETE
8,8,0.30680680680680683,2025-01-05 14:48:33.006539,2025-01-05 14:48:46.732784,0 days 00:00:13.726245,7,15,5.0,,,,,,,,,,,14.0,9.0,7.0,4.0,5.0,,,,5,10.0,,,,,,,,,,,35.0,15.0,30.0,50.0,40.0,,,,COMPLETE
9,9,0.4722222222222222,2025-01-05 14:48:46.733361,2025-01-05 14:48:52.504346,0 days 00:00:05.770985,3,15,15.0,,,,,,,,,,,6.0,,,,,,,,60,10.0,,,,,,,,,,,20.0,,,,,,,,COMPLETE
10,10,0.7404255319148936,2025-01-05 14:48:52.504834,2025-01-05 14:48:59.888325,0 days 00:00:07.383491,1,11,,,,,,,,,,,,,,,,,,,,45,,,,,,,,,,,,,,,,,,,,COMPLETE
11,11,0.731779504254532,2025-01-05 14:48:59.888631,2025-01-05 14:49:07.212051,0 days 00:00:07.323420,1,11,,,,,,,,,,,,,,,,,,,,45,,,,,,,,,,,,,,,,,,,,COMPLETE
12,12,0.7761467889908258,2025-01-05 14:49:07.212383,2025-01-05 14:49:14.590604,0 days 00:00:07.378221,1,11,,,,,,,,,,,,,,,,,,,,45,,,,,,,,,,,,,,,,,,,,COMPLETE
13,13,0.7505154639175258,2025-01-05 14:49:14.590915,2025-01-05 14:49:21.950006,0 days 00:00:07.359091,1,11,,,,,,,,,,,,,,,,,,,,45,,,,,,,,,,,,,,,,,,,,COMPLETE
14,14,0.3888776541961577,2025-01-05 14:49:21.950318,2025-01-05 14:49:38.879659,0 days 00:00:16.929341,9,10,12.0,,,,,,,,,,,1.0,1.0,1.0,8.0,15.0,1.0,1.0,,40,35.0,,,,,,,,,,,45.0,10.0,40.0,5.0,60.0,60.0,5.0,,COMPLETE
15,15,0.28698630136986303,2025-01-05 14:49:38.880143,2025-01-05 14:49:51.712509,0 days 00:00:12.832366,12,9,6.0,14.0,15.0,,,,,,,,,4.0,4.0,4.0,1.0,15.0,1.0,5.0,8.0,50,25.0,60.0,60.0,,,,,,,,,45.0,5.0,5.0,5.0,25.0,60.0,30.0,60.0,COMPLETE
16,16,0.5562483299189454,2025-01-05 14:49:51.713040,2025-01-05 14:49:57.378409,0 days 00:00:05.665369,4,12,1.0,,,,,,,,,,,4.0,10.0,,,,,,,40,5.0,,,,,,,,,,,30.0,25.0,,,,,,,COMPLETE
17,17,0.4473155325868504,2025-01-05 14:49:57.378776,2025-01-05 14:50:04.055754,0 days 00:00:06.676978,3,13,12.0,,,,,,,,,,,12.0,,,,,,,,55,40.0,,,,,,,,,,,45.0,,,,,,,,COMPLETE
18,18,0.2722222222222222,2025-01-05 14:50:04.056115,2025-01-05 14:50:22.017421,0 days 00:00:17.961306,13,7,5.0,15.0,15.0,3.0,,,,,,,,4.0,4.0,4.0,9.0,12.0,15.0,15.0,15.0,40,20.0,60.0,60.0,5.0,,,,,,,,35.0,45.0,35.0,45.0,45.0,45.0,45.0,45.0,COMPLETE
19,19,0.2534420289855073,2025-01-05 14:50:22.018033,2025-01-05 14:50:40.948671,0 days 00:00:18.930638,7,9,10.0,,,,,,,,,,,8.0,11.0,14.0,15.0,6.0,,,,35,40.0,,,,,,,,,,,50.0,25.0,50.0,40.0,20.0,,,,COMPLETE
20,20,0.7664099743307664,2025-01-05 14:50:40.949243,2025-01-05 14:50:47.894517,0 days 00:00:06.945274,1,13,,,,,,,,,,,,,,,,,,,,50,,,,,,,,,,,,,,,,,,,,COMPLETE
21,21,0.76,2025-01-05 14:50:47.894821,2025-01-05 14:50:55.140240,0 days 00:00:07.245419,1,13,,,,,,,,,,,,,,,,,,,,50,,,,,,,,,,,,,,,,,,,,COMPLETE
22,22,0.4979940694226409,2025-01-05 14:50:55.140541,2025-01-05 14:51:00.536178,0 days 00:00:05.395637,3,13,14.0,,,,,,,,,,,15.0,,,,,,,,55,15.0,,,,,,,,,,,25.0,,,,,,,,COMPLETE
23,23,0.7691424823741597,2025-01-05 14:51:00.536524,2025-01-05 14:51:07.454045,0 days 00:00:06.917521,1,13,,,,,,,,,,,,,,,,,,,,50,,,,,,,,,,,,,,,,,,,,COMPLETE
24,24,0.5179782903663501,2025-01-05 14:51:07.454373,2025-01-05 14:51:12.893742,0 days 00:00:05.439369,3,12,6.0,,,,,,,,,,,2.0,,,,,,,,55,60.0,,,,,,,,,,,40.0,,,,,,,,COMPLETE
25,25,0.2282433521353747,2025-01-05 14:51:12.894089,2025-01-05 14:51:28.875601,0 days 00:00:15.981512,8,14,13.0,,,,,,,,,,,5.0,6.0,5.0,1.0,12.0,4.0,,,35,45.0,,,,,,,,,,,5.0,15.0,5.0,10.0,35.0,45.0,,,COMPLETE
26,26,0.3947339788923947,2025-01-05 14:51:28.876062,2025-01-05 14:51:41.323937,0 days 00:00:12.447875,5,10,7.0,,,,,,,,,,,11.0,8.0,8.0,,,,,,50,25.0,,,,,,,,,,,15.0,50.0,30.0,,,,,,COMPLETE
27,27,0.6729411764705883,2025-01-05 14:51:41.324343,2025-01-05 14:51:45.829362,0 days 00:00:04.505019,2,12,10.0,,,,,,,,,,,,,,,,,,,60,5.0,,,,,,,,,,,,,,,,,,,COMPLETE
28,28,0.4228627873563219,2025-01-05 14:51:45.829680,2025-01-05 14:51:51.645303,0 days 00:00:05.815623,4,14,1.0,,,,,,,,,,,9.0,3.0,,,,,,,45,30.0,,,,,,,,,,,55.0,30.0,,,,,,,COMPLETE
29,29,0.4156555058844996,2025-01-05 14:51:51.645720,2025-01-05 14:52:00.397103,0 days 00:00:08.751383,5,10,4.0,,,,,,,,,,,13.0,9.0,3.0,,,,,,55,40.0,,,,,,,,,,,40.0,5.0,60.0,,,,,,COMPLETE
30,30,0.21581196581196582,2025-01-05 14:52:00.397612,2025-01-05 14:52:15.654548,0 days 00:00:15.256936,12,14,13.0,10.0,11.0,,,,,,,,,1.0,2.0,1.0,7.0,6.0,5.0,5.0,1.0,40,15.0,40.0,40.0,,,,,,,,,25.0,15.0,20.0,15.0,50.0,45.0,60.0,60.0,COMPLETE
31,31,0.7964111652636243,2025-01-05 14:52:15.655104,2025-01-05 14:52:22.635700,0 days 00:00:06.980596,1,13,,,,,,,,,,,,,,,,,,,,50,,,,,,,,,,,,,,,,,,,,COMPLETE
32,32,0.7622383252818036,2025-01-05 14:52:22.636002,2025-01-05 14:52:26.842849,0 days 00:00:04.206847,2,2,9.0,,,,,,,,,,,,,,,,,,,50,55.0,,,,,,,,,,,,,,,,,,,COMPLETE
33,33,0.7344265139684192,2025-01-05 14:52:26.843175,2025-01-05 14:52:31.447029,0 days 00:00:04.603854,2,12,7.0,,,,,,,,,,,,,,,,,,,55,45.0,,,,,,,,,,,,,,,,,,,COMPLETE
34,34,0.4833782569631626,2025-01-05 14:52:31.447349,2025-01-05 14:52:39.217531,0 days 00:00:07.770182,4,14,15.0,,,,,,,,,,,6.0,7.0,,,,,,,60,25.0,,,,,,,,,,,10.0,45.0,,,,,,,COMPLETE
35,35,0.07877984084880638,2025-01-05 14:52:39.217890,2025-01-05 14:52:46.030010,0 days 00:00:06.812120,15,11,14.0,12.0,11.0,1.0,15.0,1.0,,,,,,3.0,11.0,9.0,11.0,9.0,15.0,5.0,8.0,45,55.0,45.0,5.0,5.0,5.0,40.0,,,,,,50.0,20.0,40.0,60.0,20.0,35.0,20.0,5.0,COMPLETE
36,36,0.14184710561201944,2025-01-05 14:52:46.030598,2025-01-05 14:53:02.184373,0 days 00:00:16.153775,6,13,11.0,,,,,,,,,,,10.0,15.0,15.0,6.0,,,,,50,45.0,,,,,,,,,,,25.0,35.0,15.0,45.0,,,,,COMPLETE
37,37,0.8090909090909091,2025-01-05 14:53:02.184792,2025-01-05 14:53:05.810762,0 days 00:00:03.625970,2,8,3.0,,,,,,,,,,,,,,,,,,,35,30.0,,,,,,,,,,,,,,,,,,,COMPLETE
38,38,0.8319327731092436,2025-01-05 14:53:05.811111,2025-01-05 14:53:09.223538,0 days 00:00:03.412427,2,6,3.0,,,,,,,,,,,,,,,,,,,25,30.0,,,,,,,,,,,,,,,,,,,COMPLETE
39,39,0.06724137931034482,2025-01-05 14:53:09.223869,2025-01-05 14:53:19.606926,0 days 00:00:10.383057,20,5,3.0,6.0,5.0,6.0,9.0,1.0,1.0,2.0,6.0,1.0,1.0,9.0,6.0,7.0,13.0,4.0,4.0,4.0,12.0,25,30.0,5.0,50.0,25.0,60.0,40.0,60.0,55.0,5.0,60.0,50.0,10.0,30.0,50.0,35.0,55.0,35.0,20.0,35.0,COMPLETE
40,40,0.2893650793650794,2025-01-05 14:53:19.607649,2025-01-05 14:53:34.837212,0 days 00:00:15.229563,6,7,2.0,,,,,,,,,,,11.0,12.0,12.0,3.0,,,,,20,20.0,,,,,,,,,,,55.0,50.0,25.0,15.0,,,,,COMPLETE
41,41,0.8020762423417291,2025-01-05 14:53:34.837701,2025-01-05 14:53:38.312235,0 days 00:00:03.474534,2,6,4.0,,,,,,,,,,,,,,,,,,,30,35.0,,,,,,,,,,,,,,,,,,,COMPLETE
42,42,0.8144963144963145,2025-01-05 14:53:38.312681,2025-01-05 14:53:41.735905,0 days 00:00:03.423224,2,5,4.0,,,,,,,,,,,,,,,,,,,30,35.0,,,,,,,,,,,,,,,,,,,COMPLETE
43,43,0.5307125307125307,2025-01-05 14:53:41.736241,2025-01-05 14:53:46.261524,0 days 00:00:04.525283,3,5,4.0,,,,,,,,,,,13.0,,,,,,,,30,35.0,,,,,,,,,,,40.0,,,,,,,,COMPLETE
44,44,0.7444086886564762,2025-01-05 14:53:46.261890,2025-01-05 14:53:49.481402,0 days 00:00:03.219512,2,6,4.0,,,,,,,,,,,,,,,,,,,20,30.0,,,,,,,,,,,,,,,,,,,COMPLETE
45,45,0.523327112769928,2025-01-05 14:53:49.481733,2025-01-05 14:53:54.566228,0 days 00:00:05.084495,4,3,2.0,,,,,,,,,,,7.0,3.0,,,,,,,20,35.0,,,,,,,,,,,30.0,10.0,,,,,,,COMPLETE
46,46,0.7589093518297059,2025-01-05 14:53:54.566596,2025-01-05 14:53:58.275796,0 days 00:00:03.709200,2,4,3.0,,,,,,,,,,,,,,,,,,,10,30.0,,,,,,,,,,,,,,,,,,,COMPLETE
47,47,0.3942652329749104,2025-01-05 14:53:58.276132,2025-01-05 14:54:09.343872,0 days 00:00:11.067740,5,6,5.0,,,,,,,,,,,10.0,9.0,6.0,,,,,,25,40.0,,,,,,,,,,,5.0,20.0,35.0,,,,,,COMPLETE
48,48,0.3895993179880648,2025-01-05 14:54:09.344664,2025-01-05 14:54:24.780233,0 days 00:00:15.435569,6,8,2.0,,,,,,,,,,,3.0,13.0,10.0,9.0,,,,,30,25.0,,,,,,,,,,,15.0,55.0,55.0,50.0,,,,,COMPLETE
49,49,0.8085071168487257,2025-01-05 14:54:24.780678,2025-01-05 14:54:28.263584,0 days 00:00:03.482906,2,6,4.0,,,,,,,,,,,,,,,,,,,35,35.0,,,,,,,,,,,,,,,,,,,COMPLETE
50,50,0.4914529914529915,2025-01-05 14:54:28.263926,2025-01-05 14:54:32.359243,0 days 00:00:04.095317,3,6,4.0,,,,,,,,,,,12.0,,,,,,,,35,35.0,,,,,,,,,,,20.0,,,,,,,,COMPLETE
51,51,0.8482021844853703,2025-01-05 14:54:32.359600,2025-01-05 14:54:35.758918,0 days 00:00:03.399318,2,4,3.0,,,,,,,,,,,,,,,,,,,30,30.0,,,,,,,,,,,,,,,,,,,COMPLETE
52,52,0.4048016314423434,2025-01-05 14:54:35.759259,2025-01-05 14:54:41.250454,0 days 00:00:05.491195,4,4,3.0,,,,,,,,,,,8.0,7.0,,,,,,,30,30.0,,,,,,,,,,,50.0,45.0,,,,,,,COMPLETE
53,53,0.7455131916301381,2025-01-05 14:54:41.250831,2025-01-05 14:54:44.398912,0 days 00:00:03.148081,2,3,5.0,,,,,,,,,,,,,,,,,,,25,35.0,,,,,,,,,,,,,,,,,,,COMPLETE
54,54,0.6118620689655172,2025-01-05 14:54:44.399247,2025-01-05 14:54:49.227613,0 days 00:00:04.828366,3,8,2.0,,,,,,,,,,,14.0,,,,,,,,35,30.0,,,,,,,,,,,60.0,,,,,,,,COMPLETE
55,55,0.5125252525252526,2025-01-05 14:54:49.227971,2025-01-05 14:54:56.097340,0 days 00:00:06.869369,5,4,4.0,,,,,,,,,,,5.0,5.0,13.0,,,,,,30,40.0,,,,,,,,,,,35.0,40.0,10.0,,,,,,COMPLETE
56,56,0.7768199233716475,2025-01-05 14:54:56.097737,2025-01-05 14:54:59.456008,0 days 00:00:03.358271,2,7,6.0,,,,,,,,,,,,,,,,,,,35,25.0,,,,,,,,,,,,,,,,,,,COMPLETE
57,57,0.26364280652019845,2025-01-05 14:54:59.456351,2025-01-05 14:55:16.769638,0 days 00:00:17.313287,10,6,1.0,,,,,,,,,,,2.0,14.0,3.0,5.0,1.0,10.0,10.0,7.0,30,35.0,,,,,,,,,,,20.0,60.0,40.0,30.0,30.0,5.0,50.0,20.0,COMPLETE
58,58,0.4923407435083131,2025-01-05 14:55:16.770170,2025-01-05 14:55:22.051770,0 days 00:00:05.281600,4,5,3.0,,,,,,,,,,,6.0,12.0,,,,,,,25,35.0,,,,,,,,,,,30.0,55.0,,,,,,,COMPLETE
59,59,0.19428571428571428,2025-01-05 14:55:22.052339,2025-01-05 14:55:31.040317,0 days 00:00:08.987978,7,8,3.0,,,,,,,,,,,14.0,13.0,8.0,14.0,13.0,,,,15,20.0,,,,,,,,,,,5.0,10.0,25.0,40.0,15.0,,,,COMPLETE
60,60,0.26967763050237276,2025-01-05 14:55:31.040777,2025-01-05 14:55:38.935757,0 days 00:00:07.894980,16,1,5.0,12.0,12.0,8.0,10.0,13.0,9.0,,,,,8.0,2.0,10.0,11.0,7.0,6.0,3.0,13.0,35,30.0,50.0,30.0,20.0,45.0,10.0,5.0,,,,,10.0,50.0,45.0,20.0,40.0,55.0,35.0,45.0,COMPLETE
61,61,0.7979591836734694,2025-01-05 14:55:38.936387,2025-01-05 14:55:43.303350,0 days 00:00:04.366963,1,5,,,,,,,,,,,,,,,,,,,,40,,,,,,,,,,,,,,,,,,,,COMPLETE
62,62,0.5,2025-01-05 14:55:43.303672,2025-01-05 14:55:48.682049,0 days 00:00:05.378377,1,5,,,,,,,,,,,,,,,,,,,,40,,,,,,,,,,,,,,,,,,,,COMPLETE
63,63,0.44494521032166845,2025-01-05 14:55:48.682367,2025-01-05 14:55:54.151531,0 days 00:00:05.469164,3,7,6.0,,,,,,,,,,,12.0,,,,,,,,40,40.0,,,,,,,,,,,60.0,,,,,,,,COMPLETE
64,64,0.8006866297921038,2025-01-05 14:55:54.151885,2025-01-05 14:55:58.581607,0 days 00:00:04.429722,1,6,,,,,,,,,,,,,,,,,,,,35,,,,,,,,,,,,,,,,,,,,COMPLETE
65,65,0.8161705551086083,2025-01-05 14:55:58.581923,2025-01-05 14:56:02.043025,0 days 00:00:03.461102,2,6,1.0,,,,,,,,,,,,,,,,,,,35,25.0,,,,,,,,,,,,,,,,,,,COMPLETE
66,66,0.7944954128440367,2025-01-05 14:56:02.043371,2025-01-05 14:56:05.612389,0 days 00:00:03.569018,2,3,1.0,,,,,,,,,,,,,,,,,,,30,25.0,,,,,,,,,,,,,,,,,,,COMPLETE
67,67,0.4247881355932204,2025-01-05 14:56:05.612723,2025-01-05 14:56:11.193021,0 days 00:00:05.580298,4,9,2.0,,,,,,,,,,,7.0,15.0,,,,,,,25,30.0,,,,,,,,,,,15.0,20.0,,,,,,,COMPLETE
68,68,0.5592497868712702,2025-01-05 14:56:11.193407,2025-01-05 14:56:15.435855,0 days 00:00:04.242448,3,4,3.0,,,,,,,,,,,5.0,,,,,,,,35,25.0,,,,,,,,,,,55.0,,,,,,,,COMPLETE
69,69,0.8581536942570347,2025-01-05 14:56:15.436216,2025-01-05 14:56:18.879962,0 days 00:00:03.443746,2,6,4.0,,,,,,,,,,,,,,,,,,,20,35.0,,,,,,,,,,,,,,,,,,,COMPLETE
70,70,0.6378929950358522,2025-01-05 14:56:18.880308,2025-01-05 14:56:23.015842,0 days 00:00:04.135534,1,7,,,,,,,,,,,,,,,,,,,,20,,,,,,,,,,,,,,,,,,,,COMPLETE
71,71,0.7573617909010671,2025-01-05 14:56:23.016164,2025-01-05 14:56:26.446332,0 days 00:00:03.430168,2,6,4.0,,,,,,,,,,,,,,,,,,,15,35.0,,,,,,,,,,,,,,,,,,,COMPLETE
72,72,0.4836941627843244,2025-01-05 14:56:26.446665,2025-01-05 14:56:31.432120,0 days 00:00:04.985455,3,6,5.0,,,,,,,,,,,15.0,,,,,,,,30,35.0,,,,,,,,,,,45.0,,,,,,,,COMPLETE
73,73,0.7837662337662338,2025-01-05 14:56:31.432467,2025-01-05 14:56:34.586021,0 days 00:00:03.153554,2,4,4.0,,,,,,,,,,,,,,,,,,,25,30.0,,,,,,,,,,,,,,,,,,,COMPLETE
74,74,0.7724867724867726,2025-01-05 14:56:34.586352,2025-01-05 14:56:38.828538,0 days 00:00:04.242186,3,7,3.0,,,,,,,,,,,1.0,,,,,,,,30,40.0,,,,,,,,,,,40.0,,,,,,,,COMPLETE
75,75,0.8308943089430895,2025-01-05 14:56:38.828892,2025-01-05 14:56:42.716648,0 days 00:00:03.887756,1,5,,,,,,,,,,,,,,,,,,,,25,,,,,,,,,,,,,,,,,,,,COMPLETE
76,76,0.7175122006582682,2025-01-05 14:56:42.716960,2025-01-05 14:56:47.040805,0 days 00:00:04.323845,1,5,,,,,,,,,,,,,,,,,,,,20,,,,,,,,,,,,,,,,,,,,COMPLETE
77,77,0.6792016551052695,2025-01-05 14:56:47.041124,2025-01-05 14:56:51.319765,0 days 00:00:04.278641,1,5,,,,,,,,,,,,,,,,,,,,15,,,,,,,,,,,,,,,,,,,,COMPLETE
78,78,0.5239500758981278,2025-01-05 14:56:51.320083,2025-01-05 14:56:56.089107,0 days 00:00:04.769024,4,3,1.0,,,,,,,,,,,3.0,8.0,,,,,,,25,20.0,,,,,,,,,,,20.0,35.0,,,,,,,COMPLETE
79,79,0.7925233644859813,2025-01-05 14:56:56.089557,2025-01-05 14:56:59.684543,0 days 00:00:03.594986,2,7,2.0,,,,,,,,,,,,,,,,,,,35,45.0,,,,,,,,,,,,,,,,,,,COMPLETE
80,80,0.4768041237113402,2025-01-05 14:56:59.684993,2025-01-05 14:57:04.156978,0 days 00:00:04.471985,3,9,7.0,,,,,,,,,,,11.0,,,,,,,,25,25.0,,,,,,,,,,,35.0,,,,,,,,COMPLETE
81,81,0.8017857142857143,2025-01-05 14:57:04.157392,2025-01-05 14:57:07.656305,0 days 00:00:03.498913,2,6,4.0,,,,,,,,,,,,,,,,,,,30,35.0,,,,,,,,,,,,,,,,,,,COMPLETE
82,82,0.8185358255451713,2025-01-05 14:57:07.656648,2025-01-05 14:57:12.397848,0 days 00:00:04.741200,1,5,,,,,,,,,,,,,,,,,,,,30,,,,,,,,,,,,,,,,,,,,COMPLETE
83,83,0.7406593406593407,2025-01-05 14:57:12.398175,2025-01-05 14:57:17.162890,0 days 00:00:04.764715,1,5,,,,,,,,,,,,,,,,,,,,20,,,,,,,,,,,,,,,,,,,,COMPLETE
84,84,0.713575953297727,2025-01-05 14:57:17.163218,2025-01-05 14:57:20.081012,0 days 00:00:02.917794,1,4,,,,,,,,,,,,,,,,,,,,35,,,,,,,,,,,,,,,,,,,,COMPLETE
85,85,0.7929182748783353,2025-01-05 14:57:20.081334,2025-01-05 14:57:24.271299,0 days 00:00:04.189965,3,5,2.0,,,,,,,,,,,4.0,,,,,,,,25,30.0,,,,,,,,,,,30.0,,,,,,,,COMPLETE
86,86,0.8018691588785047,2025-01-05 14:57:24.271657,2025-01-05 14:57:27.689441,0 days 00:00:03.417784,2,4,1.0,,,,,,,,,,,,,,,,,,,30,40.0,,,,,,,,,,,,,,,,,,,COMPLETE
87,87,0.7592270950933565,2025-01-05 14:57:27.689775,2025-01-05 14:57:32.351579,0 days 00:00:04.661804,1,6,,,,,,,,,,,,,,,,,,,,40,,,,,,,,,,,,,,,,,,,,COMPLETE
88,88,0.4280051622418879,2025-01-05 14:57:32.351896,2025-01-05 14:57:37.902203,0 days 00:00:05.550307,4,7,5.0,,,,,,,,,,,9.0,10.0,,,,,,,30,20.0,,,,,,,,,,,25.0,30.0,,,,,,,COMPLETE
89,89,0.42492161189176636,2025-01-05 14:57:37.902581,2025-01-05 14:57:51.322560,0 days 00:00:13.419979,18,8,2.0,1.0,8.0,5.0,7.0,4.0,6.0,1.0,14.0,,,10.0,5.0,5.0,2.0,10.0,2.0,7.0,1.0,35,15.0,25.0,20.0,35.0,20.0,45.0,55.0,35.0,10.0,,,50.0,40.0,50.0,55.0,5.0,30.0,10.0,30.0,COMPLETE
90,90,0.07766749379652606,2025-01-05 14:57:51.323270,2025-01-05 14:58:00.268005,0 days 00:00:08.944735,12,4,3.0,7.0,5.0,,,,,,,,,13.0,13.0,9.0,8.0,14.0,13.0,12.0,5.0,25,50.0,5.0,40.0,,,,,,,,,55.0,55.0,55.0,10.0,35.0,50.0,25.0,50.0,COMPLETE
91,91,0.8233125819134994,2025-01-05 14:58:00.268566,2025-01-05 14:58:03.757403,0 days 00:00:03.488837,2,6,4.0,,,,,,,,,,,,,,,,,,,30,30.0,,,,,,,,,,,,,,,,,,,COMPLETE
92,92,0.7743664717348928,2025-01-05 14:58:03.757777,2025-01-05 14:58:07.175721,0 days 00:00:03.417944,2,5,5.0,,,,,,,,,,,,,,,,,,,30,30.0,,,,,,,,,,,,,,,,,,,COMPLETE
93,93,0.8088653603034135,2025-01-05 14:58:07.176064,2025-01-05 14:58:11.406702,0 days 00:00:04.230638,3,6,3.0,,,,,,,,,,,1.0,,,,,,,,35,25.0,,,,,,,,,,,15.0,,,,,,,,COMPLETE
94,94,0.792725501339612,2025-01-05 14:58:11.407065,2025-01-05 14:58:15.273730,0 days 00:00:03.866665,3,5,3.0,,,,,,,,,,,1.0,,,,,,,,25,25.0,,,,,,,,,,,15.0,,,,,,,,COMPLETE
95,95,0.7916955617198336,2025-01-05 14:58:15.274096,2025-01-05 14:58:19.743786,0 days 00:00:04.469690,1,6,,,,,,,,,,,,,,,,,,,,30,,,,,,,,,,,,,,,,,,,,COMPLETE
96,96,0.8264691905591637,2025-01-05 14:58:19.744107,2025-01-05 14:58:24.160935,0 days 00:00:04.416828,3,3,1.0,,,,,,,,,,,2.0,,,,,,,,20,25.0,,,,,,,,,,,5.0,,,,,,,,COMPLETE
97,97,0.49496415158757257,2025-01-05 14:58:24.161295,2025-01-05 14:58:31.351288,0 days 00:00:07.189993,5,2,1.0,,,,,,,,,,,6.0,1.0,14.0,,,,,,20,25.0,,,,,,,,,,,5.0,60.0,60.0,,,,,,COMPLETE
98,98,0.783875943817488,2025-01-05 14:58:31.351689,2025-01-05 14:58:34.747583,0 days 00:00:03.395894,2,3,1.0,,,,,,,,,,,,,,,,,,,15,30.0,,,,,,,,,,,,,,,,,,,COMPLETE
99,99,0.7397872340425531,2025-01-05 14:58:34.747998,2025-01-05 14:58:37.151323,0 days 00:00:02.403325,1,2,,,,,,,,,,,,,,,,,,,,20,,,,,,,,,,,,,,,,,,,,COMPLETE
100,100,0.8161196911196911,2025-01-05 14:58:37.151632,2025-01-05 14:58:40.763755,0 days 00:00:03.612123,2,3,2.0,,,,,,,,,,,,,,,,,,,25,15.0,,,,,,,,,,,,,,,,,,,COMPLETE
101,101,0.8322675848499754,2025-01-05 14:58:40.764216,2025-01-05 14:58:44.136641,0 days 00:00:03.372425,2,3,2.0,,,,,,,,,,,,,,,,,,,25,30.0,,,,,,,,,,,,,,,,,,,COMPLETE
102,102,0.23961719032141565,2025-01-05 14:58:44.136984,2025-01-05 14:58:51.676453,0 days 00:00:07.539469,13,3,2.0,4.0,13.0,10.0,,,,,,,,3.0,11.0,2.0,6.0,4.0,10.0,15.0,9.0,25,15.0,30.0,50.0,60.0,,,,,,,,10.0,5.0,20.0,25.0,50.0,25.0,55.0,15.0,COMPLETE
103,103,0.8,2025-01-05 14:58:51.677012,2025-01-05 14:58:54.828011,0 days 00:00:03.150999,2,2,2.0,,,,,,,,,,,,,,,,,,,20,10.0,,,,,,,,,,,,,,,,,,,COMPLETE
104,104,0.8218045112781955,2025-01-05 14:58:54.828356,2025-01-05 14:58:58.944674,0 days 00:00:04.116318,3,1,1.0,,,,,,,,,,,2.0,,,,,,,,25,10.0,,,,,,,,,,,25.0,,,,,,,,COMPLETE
105,105,0.6757297748123436,2025-01-05 14:58:58.945035,2025-01-05 14:59:03.594535,0 days 00:00:04.649500,4,1,1.0,,,,,,,,,,,2.0,6.0,,,,,,,25,10.0,,,,,,,,,,,25.0,25.0,,,,,,,COMPLETE
106,106,0.8014195969649995,2025-01-05 14:59:03.594913,2025-01-05 14:59:07.723637,0 days 00:00:04.128724,3,1,1.0,,,,,,,,,,,2.0,,,,,,,,25,5.0,,,,,,,,,,,20.0,,,,,,,,COMPLETE
107,107,0.18242424242424243,2025-01-05 14:59:07.723998,2025-01-05 14:59:23.869199,0 days 00:00:16.145201,9,3,1.0,,,,,,,,,,,5.0,4.0,11.0,11.0,1.0,14.0,7.0,,20,15.0,,,,,,,,,,,5.0,35.0,15.0,40.0,30.0,40.0,40.0,,COMPLETE
108,108,0.8010025062656642,2025-01-05 14:59:23.869698,2025-01-05 14:59:26.165072,0 days 00:00:02.295374,1,2,,,,,,,,,,,,,,,,,,,,25,,,,,,,,,,,,,,,,,,,,COMPLETE
109,109,0.6765217391304348,2025-01-05 14:59:26.165395,2025-01-05 14:59:29.586554,0 days 00:00:03.421159,3,3,2.0,,,,,,,,,,,4.0,,,,,,,,20,5.0,,,,,,,,,,,10.0,,,,,,,,COMPLETE
110,110,0.7885018545395904,2025-01-05 14:59:29.586910,2025-01-05 14:59:32.946671,0 days 00:00:03.359761,2,4,2.0,,,,,,,,,,,,,,,,,,,25,10.0,,,,,,,,,,,,,,,,,,,COMPLETE
