,number,value,datetime_start,datetime_complete,duration,params_depth,params_grids_0,params_grids_1,params_grids_10,params_grids_11,params_grids_12,params_grids_13,params_grids_14,params_grids_15,params_grids_16,params_grids_17,params_grids_18,params_grids_19,params_grids_2,params_grids_3,params_grids_4,params_grids_5,params_grids_6,params_grids_7,params_grids_8,params_grids_9,params_neurons_layer_0,params_neurons_layer_1,params_neurons_layer_10,params_neurons_layer_11,params_neurons_layer_12,params_neurons_layer_13,params_neurons_layer_14,params_neurons_layer_15,params_neurons_layer_16,params_neurons_layer_17,params_neurons_layer_18,params_neurons_layer_19,params_neurons_layer_2,params_neurons_layer_3,params_neurons_layer_4,params_neurons_layer_5,params_neurons_layer_6,params_neurons_layer_7,params_neurons_layer_8,params_neurons_layer_9,state
600,600,0.4825739875389408,2025-01-05 15:34:31.756906,2025-01-05 15:34:36.819198,0 days 00:00:05.062292,4,1,4.0,,,,,,,,,,,1.0,14.0,,,,,,,55,60.0,,,,,,,,,,,10.0,10.0,,,,,,,COMPLETE
601,601,0.7614478114478115,2025-01-05 15:34:36.819634,2025-01-05 15:34:41.299221,0 days 00:00:04.479587,3,1,4.0,,,,,,,,,,,3.0,,,,,,,,50,60.0,,,,,,,,,,,5.0,,,,,,,,COMPLETE
602,602,0.823887507502358,2025-01-05 15:34:41.299799,2025-01-05 15:34:46.544937,0 days 00:00:05.245138,4,1,3.0,,,,,,,,,,,2.0,1.0,,,,,,,55,50.0,,,,,,,,,,,10.0,20.0,,,,,,,COMPLETE
603,603,0.8302353410450738,2025-01-05 15:34:46.545497,2025-01-05 15:34:50.691279,0 days 00:00:04.145782,3,1,3.0,,,,,,,,,,,1.0,,,,,,,,60,55.0,,,,,,,,,,,5.0,,,,,,,,COMPLETE
604,604,0.8233366109472304,2025-01-05 15:34:50.691704,2025-01-05 15:34:54.087635,0 days 00:00:03.395931,2,1,3.0,,,,,,,,,,,,,,,,,,,50,60.0,,,,,,,,,,,,,,,,,,,COMPLETE
605,605,0.21810542398777694,2025-01-05 15:34:54.088029,2025-01-05 15:35:10.199456,0 days 00:00:16.111427,8,14,3.0,,,,,,,,,,,3.0,3.0,15.0,6.0,9.0,4.0,,,55,30.0,,,,,,,,,,,10.0,15.0,35.0,35.0,20.0,25.0,,,COMPLETE
606,606,0.7511467889908257,2025-01-05 15:35:10.200112,2025-01-05 15:35:14.297515,0 days 00:00:04.097403,2,1,10.0,,,,,,,,,,,,,,,,,,,55,45.0,,,,,,,,,,,,,,,,,,,COMPLETE
607,607,0.7910872313527181,2025-01-05 15:35:14.297915,2025-01-05 15:35:18.635845,0 days 00:00:04.337930,3,1,5.0,,,,,,,,,,,2.0,,,,,,,,60,50.0,,,,,,,,,,,15.0,,,,,,,,COMPLETE
608,608,0.8018691588785047,2025-01-05 15:35:18.636272,2025-01-05 15:35:22.385752,0 days 00:00:03.749480,2,5,3.0,,,,,,,,,,,,,,,,,,,55,55.0,,,,,,,,,,,,,,,,,,,COMPLETE
609,609,0.8388231531819635,2025-01-05 15:35:22.386142,2025-01-05 15:35:26.769666,0 days 00:00:04.383524,3,1,3.0,,,,,,,,,,,1.0,,,,,,,,55,45.0,,,,,,,,,,,5.0,,,,,,,,COMPLETE
610,610,0.8270502645502645,2025-01-05 15:35:26.770086,2025-01-05 15:35:30.227591,0 days 00:00:03.457505,2,1,4.0,,,,,,,,,,,,,,,,,,,50,60.0,,,,,,,,,,,,,,,,,,,COMPLETE
611,611,0.3717171717171717,2025-01-05 15:35:30.227975,2025-01-05 15:35:35.504930,0 days 00:00:05.276955,3,1,12.0,,,,,,,,,,,11.0,,,,,,,,50,50.0,,,,,,,,,,,15.0,,,,,,,,COMPLETE
612,612,0.8467971096858001,2025-01-05 15:35:35.505352,2025-01-05 15:35:38.883958,0 days 00:00:03.378606,2,1,4.0,,,,,,,,,,,,,,,,,,,55,45.0,,,,,,,,,,,,,,,,,,,COMPLETE
613,613,0.7388134741075918,2025-01-05 15:35:38.884344,2025-01-05 15:35:43.331402,0 days 00:00:04.447058,3,1,3.0,,,,,,,,,,,3.0,,,,,,,,20,60.0,,,,,,,,,,,10.0,,,,,,,,COMPLETE
614,614,0.778488276766683,2025-01-05 15:35:43.331820,2025-01-05 15:35:47.352862,0 days 00:00:04.021042,2,8,3.0,,,,,,,,,,,,,,,,,,,55,45.0,,,,,,,,,,,,,,,,,,,COMPLETE
615,615,0.5084245266631926,2025-01-05 15:35:47.353255,2025-01-05 15:35:52.006863,0 days 00:00:04.653608,4,1,3.0,,,,,,,,,,,1.0,15.0,,,,,,,55,40.0,,,,,,,,,,,10.0,50.0,,,,,,,COMPLETE
616,616,0.7206929283341243,2025-01-05 15:35:52.007306,2025-01-05 15:35:53.938004,0 days 00:00:01.930698,1,1,,,,,,,,,,,,,,,,,,,,60,,,,,,,,,,,,,,,,,,,,COMPLETE
617,617,0.8247223563495896,2025-01-05 15:35:53.938375,2025-01-05 15:35:57.387734,0 days 00:00:03.449359,2,1,4.0,,,,,,,,,,,,,,,,,,,55,55.0,,,,,,,,,,,,,,,,,,,COMPLETE
618,618,0.8479111750139787,2025-01-05 15:35:57.388123,2025-01-05 15:36:01.821303,0 days 00:00:04.433180,3,1,3.0,,,,,,,,,,,2.0,,,,,,,,50,40.0,,,,,,,,,,,15.0,,,,,,,,COMPLETE
619,619,0.6908008926357551,2025-01-05 15:36:01.821814,2025-01-05 15:36:06.264362,0 days 00:00:04.442548,3,1,2.0,,,,,,,,,,,14.0,,,,,,,,40,45.0,,,,,,,,,,,5.0,,,,,,,,COMPLETE
620,620,0.8253563674124422,2025-01-05 15:36:06.264793,2025-01-05 15:36:08.511070,0 days 00:00:02.246277,1,1,,,,,,,,,,,,,,,,,,,,55,,,,,,,,,,,,,,,,,,,,COMPLETE
621,621,0.855646667207924,2025-01-05 15:36:08.511439,2025-01-05 15:36:11.943878,0 days 00:00:03.432439,2,1,3.0,,,,,,,,,,,,,,,,,,,60,60.0,,,,,,,,,,,,,,,,,,,COMPLETE
622,622,0.8324868938401049,2025-01-05 15:36:11.944271,2025-01-05 15:36:15.386884,0 days 00:00:03.442613,2,1,3.0,,,,,,,,,,,,,,,,,,,60,60.0,,,,,,,,,,,,,,,,,,,COMPLETE
623,623,0.8021670091537456,2025-01-05 15:36:15.387283,2025-01-05 15:36:17.553120,0 days 00:00:02.165837,1,1,,,,,,,,,,,,,,,,,,,,60,,,,,,,,,,,,,,,,,,,,COMPLETE
624,624,0.42621832358674466,2025-01-05 15:36:17.553478,2025-01-05 15:36:22.711077,0 days 00:00:05.157599,13,5,3.0,6.0,9.0,1.0,,,,,,,,1.0,9.0,5.0,10.0,11.0,2.0,11.0,9.0,60,60.0,35.0,20.0,55.0,,,,,,,,15.0,55.0,20.0,10.0,60.0,35.0,25.0,20.0,COMPLETE
625,625,0.8017857142857143,2025-01-05 15:36:22.711875,2025-01-05 15:36:26.159466,0 days 00:00:03.447591,2,1,3.0,,,,,,,,,,,,,,,,,,,60,60.0,,,,,,,,,,,,,,,,,,,COMPLETE
626,626,0.812125569134915,2025-01-05 15:36:26.159977,2025-01-05 15:36:29.671959,0 days 00:00:03.511982,2,1,4.0,,,,,,,,,,,,,,,,,,,55,60.0,,,,,,,,,,,,,,,,,,,COMPLETE
627,627,0.8181818181818182,2025-01-05 15:36:29.672353,2025-01-05 15:36:33.100220,0 days 00:00:03.427867,2,1,3.0,,,,,,,,,,,,,,,,,,,60,60.0,,,,,,,,,,,,,,,,,,,COMPLETE
628,628,0.714045618247299,2025-01-05 15:36:33.100612,2025-01-05 15:36:37.716652,0 days 00:00:04.616040,1,7,,,,,,,,,,,,,,,,,,,,60,,,,,,,,,,,,,,,,,,,,COMPLETE
629,629,0.783875943817488,2025-01-05 15:36:37.717024,2025-01-05 15:36:41.153447,0 days 00:00:03.436423,2,1,3.0,,,,,,,,,,,,,,,,,,,60,60.0,,,,,,,,,,,,,,,,,,,COMPLETE
630,630,0.774114774114774,2025-01-05 15:36:41.153829,2025-01-05 15:36:44.589265,0 days 00:00:03.435436,2,1,3.0,,,,,,,,,,,,,,,,,,,60,60.0,,,,,,,,,,,,,,,,,,,COMPLETE
631,631,0.7692055692055693,2025-01-05 15:36:44.589650,2025-01-05 15:36:48.857931,0 days 00:00:04.268281,2,1,8.0,,,,,,,,,,,,,,,,,,,60,60.0,,,,,,,,,,,,,,,,,,,COMPLETE
632,632,0.7903790379037904,2025-01-05 15:36:48.858325,2025-01-05 15:36:51.302783,0 days 00:00:02.444458,1,1,,,,,,,,,,,,,,,,,,,,60,,,,,,,,,,,,,,,,,,,,COMPLETE
633,633,0.35636856368563685,2025-01-05 15:36:51.303147,2025-01-05 15:36:57.728286,0 days 00:00:06.425139,5,1,6.0,,,,,,,,,,,8.0,12.0,2.0,,,,,,55,55.0,,,,,,,,,,,15.0,35.0,5.0,,,,,,COMPLETE
634,634,0.40625,2025-01-05 15:36:57.728784,2025-01-05 15:37:00.743639,0 days 00:00:03.014855,1,4,,,,,,,,,,,,,,,,,,,,50,,,,,,,,,,,,,,,,,,,,COMPLETE
635,635,0.8181818181818182,2025-01-05 15:37:00.744046,2025-01-05 15:37:04.139934,0 days 00:00:03.395888,2,1,4.0,,,,,,,,,,,,,,,,,,,40,60.0,,,,,,,,,,,,,,,,,,,COMPLETE
636,636,0.7856459330143541,2025-01-05 15:37:04.140330,2025-01-05 15:37:07.557361,0 days 00:00:03.417031,2,1,3.0,,,,,,,,,,,,,,,,,,,15,30.0,,,,,,,,,,,,,,,,,,,COMPLETE
637,637,0.8300183720744468,2025-01-05 15:37:07.557766,2025-01-05 15:37:11.059919,0 days 00:00:03.502153,2,1,4.0,,,,,,,,,,,,,,,,,,,55,60.0,,,,,,,,,,,,,,,,,,,COMPLETE
638,638,0.8251247384516337,2025-01-05 15:37:11.060315,2025-01-05 15:37:14.430634,0 days 00:00:03.370319,2,1,3.0,,,,,,,,,,,,,,,,,,,60,50.0,,,,,,,,,,,,,,,,,,,COMPLETE
639,639,0.7087057265806025,2025-01-05 15:37:14.431024,2025-01-05 15:37:18.861099,0 days 00:00:04.430075,3,1,2.0,,,,,,,,,,,7.0,,,,,,,,55,55.0,,,,,,,,,,,5.0,,,,,,,,COMPLETE
640,640,0.789256546265892,2025-01-05 15:37:18.861525,2025-01-05 15:37:23.002654,0 days 00:00:04.141129,3,1,3.0,,,,,,,,,,,2.0,,,,,,,,40,55.0,,,,,,,,,,,60.0,,,,,,,,COMPLETE
641,641,0.792447219744276,2025-01-05 15:37:23.003083,2025-01-05 15:37:25.048137,0 days 00:00:02.045054,1,1,,,,,,,,,,,,,,,,,,,,55,,,,,,,,,,,,,,,,,,,,COMPLETE
642,642,0.8567316917173009,2025-01-05 15:37:25.048503,2025-01-05 15:37:28.677076,0 days 00:00:03.628573,2,2,5.0,,,,,,,,,,,,,,,,,,,45,60.0,,,,,,,,,,,,,,,,,,,COMPLETE
643,643,0.7679802955665025,2025-01-05 15:37:28.677473,2025-01-05 15:37:32.028513,0 days 00:00:03.351040,2,2,6.0,,,,,,,,,,,,,,,,,,,45,30.0,,,,,,,,,,,,,,,,,,,COMPLETE
644,644,0.8091931216931216,2025-01-05 15:37:32.028895,2025-01-05 15:37:36.136471,0 days 00:00:04.107576,3,2,4.0,,,,,,,,,,,1.0,,,,,,,,45,45.0,,,,,,,,,,,10.0,,,,,,,,COMPLETE
645,645,0.8301282051282051,2025-01-05 15:37:36.136905,2025-01-05 15:37:38.501588,0 days 00:00:02.364683,1,2,,,,,,,,,,,,,,,,,,,,45,,,,,,,,,,,,,,,,,,,,COMPLETE
646,646,0.3982371794871795,2025-01-05 15:37:38.501953,2025-01-05 15:37:47.769165,0 days 00:00:09.267212,6,2,5.0,,,,,,,,,,,4.0,6.0,3.0,13.0,,,,,50,50.0,,,,,,,,,,,15.0,15.0,15.0,55.0,,,,,COMPLETE
647,647,0.8545454545454545,2025-01-05 15:37:47.769670,2025-01-05 15:37:50.937191,0 days 00:00:03.167521,2,2,4.0,,,,,,,,,,,,,,,,,,,50,45.0,,,,,,,,,,,,,,,,,,,COMPLETE
648,648,0.8340572715572716,2025-01-05 15:37:50.937588,2025-01-05 15:37:54.475605,0 days 00:00:03.538017,2,2,5.0,,,,,,,,,,,,,,,,,,,40,60.0,,,,,,,,,,,,,,,,,,,COMPLETE
649,649,0.6512940767760986,2025-01-05 15:37:54.475993,2025-01-05 15:37:58.994593,0 days 00:00:04.518600,3,2,4.0,,,,,,,,,,,15.0,,,,,,,,45,45.0,,,,,,,,,,,20.0,,,,,,,,COMPLETE
650,650,0.8124850514231046,2025-01-05 15:37:58.995203,2025-01-05 15:38:02.369588,0 days 00:00:03.374385,2,2,2.0,,,,,,,,,,,,,,,,,,,50,60.0,,,,,,,,,,,,,,,,,,,COMPLETE
651,651,0.6258741258741258,2025-01-05 15:38:02.370112,2025-01-05 15:38:06.542564,0 days 00:00:04.172452,3,2,5.0,,,,,,,,,,,6.0,,,,,,,,40,45.0,,,,,,,,,,,20.0,,,,,,,,COMPLETE
652,652,0.7328227328227328,2025-01-05 15:38:06.542998,2025-01-05 15:38:08.735367,0 days 00:00:02.192369,1,2,,,,,,,,,,,,,,,,,,,,45,,,,,,,,,,,,,,,,,,,,COMPLETE
653,653,0.8035087719298246,2025-01-05 15:38:08.735750,2025-01-05 15:38:12.925229,0 days 00:00:04.189479,3,3,2.0,,,,,,,,,,,1.0,,,,,,,,40,55.0,,,,,,,,,,,10.0,,,,,,,,COMPLETE
654,654,0.8256895978730475,2025-01-05 15:38:12.925662,2025-01-05 15:38:17.510818,0 days 00:00:04.585156,2,6,7.0,,,,,,,,,,,,,,,,,,,55,60.0,,,,,,,,,,,,,,,,,,,COMPLETE
655,655,0.8124850514231046,2025-01-05 15:38:17.511217,2025-01-05 15:38:21.637678,0 days 00:00:04.126461,3,1,2.0,,,,,,,,,,,2.0,,,,,,,,50,45.0,,,,,,,,,,,15.0,,,,,,,,COMPLETE
656,656,0.842985842985843,2025-01-05 15:38:21.638123,2025-01-05 15:38:25.021023,0 days 00:00:03.382900,2,2,4.0,,,,,,,,,,,,,,,,,,,45,50.0,,,,,,,,,,,,,,,,,,,COMPLETE
657,657,0.8201680672268907,2025-01-05 15:38:25.021416,2025-01-05 15:38:27.223477,0 days 00:00:02.202061,1,2,,,,,,,,,,,,,,,,,,,,40,,,,,,,,,,,,,,,,,,,,COMPLETE
658,658,0.525879917184265,2025-01-05 15:38:27.223843,2025-01-05 15:38:32.184813,0 days 00:00:04.960970,4,1,2.0,,,,,,,,,,,3.0,4.0,,,,,,,55,60.0,,,,,,,,,,,5.0,25.0,,,,,,,COMPLETE
659,659,0.7834324553950722,2025-01-05 15:38:32.185273,2025-01-05 15:38:35.656703,0 days 00:00:03.471430,2,4,2.0,,,,,,,,,,,,,,,,,,,40,50.0,,,,,,,,,,,,,,,,,,,COMPLETE
660,660,0.6044624746450304,2025-01-05 15:38:35.657103,2025-01-05 15:38:39.665870,0 days 00:00:04.008767,3,1,4.0,,,,,,,,,,,5.0,,,,,,,,10,40.0,,,,,,,,,,,10.0,,,,,,,,COMPLETE
661,661,0.8146297509829621,2025-01-05 15:38:39.666305,2025-01-05 15:38:43.030966,0 days 00:00:03.364661,2,2,3.0,,,,,,,,,,,,,,,,,,,55,30.0,,,,,,,,,,,,,,,,,,,COMPLETE
662,662,0.4982456140350877,2025-01-05 15:38:43.031377,2025-01-05 15:38:47.945096,0 days 00:00:04.913719,4,1,5.0,,,,,,,,,,,6.0,7.0,,,,,,,20,40.0,,,,,,,,,,,35.0,5.0,,,,,,,COMPLETE
663,663,0.7963782366437233,2025-01-05 15:38:47.945561,2025-01-05 15:38:52.083524,0 days 00:00:04.137963,3,2,2.0,,,,,,,,,,,2.0,,,,,,,,50,45.0,,,,,,,,,,,15.0,,,,,,,,COMPLETE
664,664,0.7222222222222223,2025-01-05 15:38:52.083954,2025-01-05 15:38:54.186903,0 days 00:00:02.102949,1,2,,,,,,,,,,,,,,,,,,,,40,,,,,,,,,,,,,,,,,,,,COMPLETE
665,665,0.8250201126307322,2025-01-05 15:38:54.187276,2025-01-05 15:38:57.604110,0 days 00:00:03.416834,2,1,3.0,,,,,,,,,,,,,,,,,,,50,60.0,,,,,,,,,,,,,,,,,,,COMPLETE
666,666,0.6531750314804821,2025-01-05 15:38:57.604499,2025-01-05 15:39:01.790528,0 days 00:00:04.186029,3,1,4.0,,,,,,,,,,,4.0,,,,,,,,55,55.0,,,,,,,,,,,20.0,,,,,,,,COMPLETE
667,667,0.75,2025-01-05 15:39:01.790979,2025-01-05 15:39:04.778713,0 days 00:00:02.987734,1,3,,,,,,,,,,,,,,,,,,,,45,,,,,,,,,,,,,,,,,,,,COMPLETE
668,668,0.8070796460176992,2025-01-05 15:39:04.779093,2025-01-05 15:39:08.205498,0 days 00:00:03.426405,2,1,2.0,,,,,,,,,,,,,,,,,,,15,40.0,,,,,,,,,,,,,,,,,,,COMPLETE
669,669,0.5870956873315364,2025-01-05 15:39:08.205893,2025-01-05 15:39:12.657514,0 days 00:00:04.451621,3,1,3.0,,,,,,,,,,,13.0,,,,,,,,55,40.0,,,,,,,,,,,5.0,,,,,,,,COMPLETE
670,670,0.31488078925733076,2025-01-05 15:39:12.657951,2025-01-05 15:39:21.868598,0 days 00:00:09.210647,20,2,3.0,9.0,3.0,2.0,5.0,15.0,3.0,9.0,11.0,7.0,8.0,1.0,2.0,7.0,5.0,15.0,3.0,6.0,7.0,55,45.0,15.0,10.0,40.0,50.0,5.0,35.0,25.0,15.0,25.0,15.0,40.0,40.0,20.0,30.0,5.0,55.0,30.0,60.0,COMPLETE
671,671,0.7946264848919716,2025-01-05 15:39:21.869401,2025-01-05 15:39:25.244432,0 days 00:00:03.375031,2,1,1.0,,,,,,,,,,,,,,,,,,,40,55.0,,,,,,,,,,,,,,,,,,,COMPLETE
672,672,0.43790849673202614,2025-01-05 15:39:25.244831,2025-01-05 15:39:32.945168,0 days 00:00:07.700337,4,1,5.0,,,,,,,,,,,7.0,13.0,,,,,,,55,60.0,,,,,,,,,,,55.0,60.0,,,,,,,COMPLETE
673,673,0.8105648110524177,2025-01-05 15:39:32.945610,2025-01-05 15:39:36.300107,0 days 00:00:03.354497,2,2,4.0,,,,,,,,,,,,,,,,,,,40,45.0,,,,,,,,,,,,,,,,,,,COMPLETE
674,674,0.8056374959029826,2025-01-05 15:39:36.300496,2025-01-05 15:39:39.668078,0 days 00:00:03.367582,2,1,3.0,,,,,,,,,,,,,,,,,,,55,50.0,,,,,,,,,,,,,,,,,,,COMPLETE
675,675,0.8177983624183276,2025-01-05 15:39:39.668639,2025-01-05 15:39:43.811342,0 days 00:00:04.142703,3,2,1.0,,,,,,,,,,,3.0,,,,,,,,50,30.0,,,,,,,,,,,15.0,,,,,,,,COMPLETE
676,676,0.7029309085004465,2025-01-05 15:39:43.811760,2025-01-05 15:39:47.993689,0 days 00:00:04.181929,3,2,2.0,,,,,,,,,,,10.0,,,,,,,,45,60.0,,,,,,,,,,,15.0,,,,,,,,COMPLETE
677,677,0.7854406130268199,2025-01-05 15:39:47.994221,2025-01-05 15:39:51.363298,0 days 00:00:03.369077,2,1,2.0,,,,,,,,,,,,,,,,,,,55,40.0,,,,,,,,,,,,,,,,,,,COMPLETE
678,678,0.6730263157894737,2025-01-05 15:39:51.363706,2025-01-05 15:39:53.676089,0 days 00:00:02.312383,1,1,,,,,,,,,,,,,,,,,,,,40,,,,,,,,,,,,,,,,,,,,COMPLETE
679,679,0.7677830940988836,2025-01-05 15:39:53.676456,2025-01-05 15:39:57.102051,0 days 00:00:03.425595,2,3,1.0,,,,,,,,,,,,,,,,,,,40,35.0,,,,,,,,,,,,,,,,,,,COMPLETE
680,680,0.7627329192546584,2025-01-05 15:39:57.102438,2025-01-05 15:40:01.517805,0 days 00:00:04.415367,3,2,3.0,,,,,,,,,,,5.0,,,,,,,,50,45.0,,,,,,,,,,,5.0,,,,,,,,COMPLETE
681,681,0.7125,2025-01-05 15:40:01.518234,2025-01-05 15:40:08.941131,0 days 00:00:07.422897,1,12,,,,,,,,,,,,,,,,,,,,45,,,,,,,,,,,,,,,,,,,,COMPLETE
682,682,0.2524377031419285,2025-01-05 15:40:08.941515,2025-01-05 15:40:25.370136,0 days 00:00:16.428621,9,1,3.0,,,,,,,,,,,2.0,3.0,10.0,7.0,4.0,12.0,4.0,,55,40.0,,,,,,,,,,,25.0,45.0,40.0,60.0,10.0,40.0,50.0,,COMPLETE
683,683,0.8108108108108109,2025-01-05 15:40:25.370732,2025-01-05 15:40:28.753369,0 days 00:00:03.382637,2,1,1.0,,,,,,,,,,,,,,,,,,,55,55.0,,,,,,,,,,,,,,,,,,,COMPLETE
684,684,0.49663033530243783,2025-01-05 15:40:28.753780,2025-01-05 15:40:33.622988,0 days 00:00:04.869208,4,3,4.0,,,,,,,,,,,4.0,7.0,,,,,,,35,60.0,,,,,,,,,,,10.0,25.0,,,,,,,COMPLETE
685,685,0.7767679183608387,2025-01-05 15:40:33.623440,2025-01-05 15:40:37.771867,0 days 00:00:04.148427,3,1,2.0,,,,,,,,,,,1.0,,,,,,,,35,40.0,,,,,,,,,,,20.0,,,,,,,,COMPLETE
686,686,0.8302353410450738,2025-01-05 15:40:37.772303,2025-01-05 15:40:41.161120,0 days 00:00:03.388817,2,2,1.0,,,,,,,,,,,,,,,,,,,55,45.0,,,,,,,,,,,,,,,,,,,COMPLETE
687,687,0.7781782437745741,2025-01-05 15:40:41.161519,2025-01-05 15:40:44.545863,0 days 00:00:03.384344,2,1,3.0,,,,,,,,,,,,,,,,,,,20,50.0,,,,,,,,,,,,,,,,,,,COMPLETE
688,688,0.767051705170517,2025-01-05 15:40:44.546269,2025-01-05 15:40:47.217005,0 days 00:00:02.670736,1,2,,,,,,,,,,,,,,,,,,,,35,,,,,,,,,,,,,,,,,,,,COMPLETE
689,689,0.633254716981132,2025-01-05 15:40:47.217391,2025-01-05 15:40:51.640517,0 days 00:00:04.423126,3,1,4.0,,,,,,,,,,,3.0,,,,,,,,50,35.0,,,,,,,,,,,10.0,,,,,,,,COMPLETE
690,690,0.8340572715572716,2025-01-05 15:40:51.640935,2025-01-05 15:40:55.005441,0 days 00:00:03.364506,2,1,3.0,,,,,,,,,,,,,,,,,,,35,40.0,,,,,,,,,,,,,,,,,,,COMPLETE
691,691,0.39201318922879647,2025-01-05 15:40:55.005839,2025-01-05 15:40:59.719114,0 days 00:00:04.713275,4,2,2.0,,,,,,,,,,,6.0,6.0,,,,,,,40,60.0,,,,,,,,,,,10.0,30.0,,,,,,,COMPLETE
692,692,0.8266479199404515,2025-01-05 15:40:59.719545,2025-01-05 15:41:03.851106,0 days 00:00:04.131561,3,1,1.0,,,,,,,,,,,4.0,,,,,,,,55,40.0,,,,,,,,,,,20.0,,,,,,,,COMPLETE
693,693,0.8300183720744468,2025-01-05 15:41:03.851629,2025-01-05 15:41:07.967852,0 days 00:00:04.116223,3,1,2.0,,,,,,,,,,,2.0,,,,,,,,50,45.0,,,,,,,,,,,45.0,,,,,,,,COMPLETE
694,694,0.8140773516879711,2025-01-05 15:41:07.968294,2025-01-05 15:41:11.563386,0 days 00:00:03.595092,2,2,2.0,,,,,,,,,,,,,,,,,,,40,35.0,,,,,,,,,,,,,,,,,,,COMPLETE
695,695,0.7856459330143541,2025-01-05 15:41:11.563791,2025-01-05 15:41:14.923106,0 days 00:00:03.359315,2,1,1.0,,,,,,,,,,,,,,,,,,,35,45.0,,,,,,,,,,,,,,,,,,,COMPLETE
696,696,0.713575953297727,2025-01-05 15:41:14.923504,2025-01-05 15:41:17.229997,0 days 00:00:02.306493,1,2,,,,,,,,,,,,,,,,,,,,55,,,,,,,,,,,,,,,,,,,,COMPLETE
697,697,0.7009345794392523,2025-01-05 15:41:17.230378,2025-01-05 15:41:21.639486,0 days 00:00:04.409108,3,2,3.0,,,,,,,,,,,5.0,,,,,,,,45,60.0,,,,,,,,,,,15.0,,,,,,,,COMPLETE
698,698,0.8546160839738821,2025-01-05 15:41:21.640085,2025-01-05 15:41:25.017936,0 days 00:00:03.377851,2,1,2.0,,,,,,,,,,,,,,,,,,,40,15.0,,,,,,,,,,,,,,,,,,,COMPLETE
699,699,0.7819038954594326,2025-01-05 15:41:25.018338,2025-01-05 15:41:28.391267,0 days 00:00:03.372929,2,1,4.0,,,,,,,,,,,,,,,,,,,25,55.0,,,,,,,,,,,,,,,,,,,COMPLETE
700,700,0.8214285714285714,2025-01-05 15:41:28.391781,2025-01-05 15:41:31.780335,0 days 00:00:03.388554,2,1,1.0,,,,,,,,,,,,,,,,,,,35,40.0,,,,,,,,,,,,,,,,,,,COMPLETE
701,701,0.5620414673046252,2025-01-05 15:41:31.780744,2025-01-05 15:41:34.854464,0 days 00:00:03.073720,1,3,,,,,,,,,,,,,,,,,,,,30,,,,,,,,,,,,,,,,,,,,COMPLETE
702,702,0.5912138320395202,2025-01-05 15:41:34.854840,2025-01-05 15:41:38.999656,0 days 00:00:04.144816,3,2,3.0,,,,,,,,,,,8.0,,,,,,,,55,50.0,,,,,,,,,,,5.0,,,,,,,,COMPLETE
703,703,0.7557764186204554,2025-01-05 15:41:39.000085,2025-01-05 15:41:43.628000,0 days 00:00:04.627915,4,1,1.0,,,,,,,,,,,1.0,9.0,,,,,,,35,35.0,,,,,,,,,,,15.0,15.0,,,,,,,COMPLETE
704,704,0.5316804407713498,2025-01-05 15:41:43.628457,2025-01-05 15:41:47.534216,0 days 00:00:03.905759,3,2,3.0,,,,,,,,,,,9.0,,,,,,,,35,30.0,,,,,,,,,,,20.0,,,,,,,,COMPLETE
705,705,0.7871189773844641,2025-01-05 15:41:47.534639,2025-01-05 15:41:52.931994,0 days 00:00:05.397355,3,13,3.0,,,,,,,,,,,1.0,,,,,,,,45,60.0,,,,,,,,,,,5.0,,,,,,,,COMPLETE
706,706,0.7426086956521739,2025-01-05 15:41:52.932434,2025-01-05 15:41:57.116374,0 days 00:00:04.183940,2,5,10.0,,,,,,,,,,,,,,,,,,,55,40.0,,,,,,,,,,,,,,,,,,,COMPLETE
707,707,0.3647058823529412,2025-01-05 15:41:57.116769,2025-01-05 15:42:09.987121,0 days 00:00:12.870352,7,1,1.0,,,,,,,,,,,4.0,11.0,8.0,4.0,7.0,,,,35,45.0,,,,,,,,,,,30.0,35.0,45.0,55.0,25.0,,,,COMPLETE
708,708,0.5260206591244466,2025-01-05 15:42:09.987762,2025-01-05 15:42:21.841143,0 days 00:00:11.853381,10,1,3.0,,,,,,,,,,,5.0,1.0,11.0,2.0,2.0,1.0,1.0,4.0,40,5.0,,,,,,,,,,,25.0,55.0,60.0,40.0,35.0,50.0,20.0,5.0,COMPLETE
709,709,0.6564466461373678,2025-01-05 15:42:21.841740,2025-01-05 15:42:24.258284,0 days 00:00:02.416544,1,2,,,,,,,,,,,,,,,,,,,,50,,,,,,,,,,,,,,,,,,,,COMPLETE
710,710,0.8213716108452951,2025-01-05 15:42:24.258667,2025-01-05 15:42:27.620084,0 days 00:00:03.361417,2,1,2.0,,,,,,,,,,,,,,,,,,,55,55.0,,,,,,,,,,,,,,,,,,,COMPLETE
711,711,0.7658520743687587,2025-01-05 15:42:27.620480,2025-01-05 15:42:30.963562,0 days 00:00:03.343082,2,7,5.0,,,,,,,,,,,,,,,,,,,35,10.0,,,,,,,,,,,,,,,,,,,COMPLETE
712,712,0.7762301918265222,2025-01-05 15:42:30.963960,2025-01-05 15:42:35.119351,0 days 00:00:04.155391,3,2,2.0,,,,,,,,,,,3.0,,,,,,,,35,20.0,,,,,,,,,,,10.0,,,,,,,,COMPLETE
713,713,0.8392857142857143,2025-01-05 15:42:35.119778,2025-01-05 15:42:38.538187,0 days 00:00:03.418409,2,1,6.0,,,,,,,,,,,,,,,,,,,55,35.0,,,,,,,,,,,,,,,,,,,COMPLETE
714,714,0.5625210084033614,2025-01-05 15:42:38.538586,2025-01-05 15:42:42.919026,0 days 00:00:04.380440,3,6,13.0,,,,,,,,,,,2.0,,,,,,,,5,60.0,,,,,,,,,,,20.0,,,,,,,,COMPLETE
715,715,0.8047352561343091,2025-01-05 15:42:42.919458,2025-01-05 15:42:45.146858,0 days 00:00:02.227400,1,2,,,,,,,,,,,,,,,,,,,,50,,,,,,,,,,,,,,,,,,,,COMPLETE
716,716,0.8108766233766234,2025-01-05 15:42:45.147237,2025-01-05 15:42:48.562942,0 days 00:00:03.415705,2,3,1.0,,,,,,,,,,,,,,,,,,,35,45.0,,,,,,,,,,,,,,,,,,,COMPLETE
717,717,0.47394429469901167,2025-01-05 15:42:48.563341,2025-01-05 15:42:54.294128,0 days 00:00:05.730787,5,1,4.0,,,,,,,,,,,1.0,4.0,12.0,,,,,,15,50.0,,,,,,,,,,,15.0,20.0,30.0,,,,,,COMPLETE
718,718,0.8508355176933159,2025-01-05 15:42:54.294609,2025-01-05 15:42:57.661111,0 days 00:00:03.366502,2,1,3.0,,,,,,,,,,,,,,,,,,,40,40.0,,,,,,,,,,,,,,,,,,,COMPLETE
719,719,0.566680211296221,2025-01-05 15:42:57.661508,2025-01-05 15:43:02.889635,0 days 00:00:05.228127,4,4,1.0,,,,,,,,,,,6.0,5.0,,,,,,,45,35.0,,,,,,,,,,,5.0,5.0,,,,,,,COMPLETE
720,720,0.8378246753246753,2025-01-05 15:43:02.890233,2025-01-05 15:43:06.243572,0 days 00:00:03.353339,2,2,2.0,,,,,,,,,,,,,,,,,,,55,60.0,,,,,,,,,,,,,,,,,,,COMPLETE
721,721,0.8317473338802297,2025-01-05 15:43:06.244171,2025-01-05 15:43:10.656300,0 days 00:00:04.412129,3,1,3.0,,,,,,,,,,,2.0,,,,,,,,35,45.0,,,,,,,,,,,10.0,,,,,,,,COMPLETE
722,722,0.8108974358974359,2025-01-05 15:43:10.656855,2025-01-05 15:43:12.994893,0 days 00:00:02.338038,1,1,,,,,,,,,,,,,,,,,,,,20,,,,,,,,,,,,,,,,,,,,COMPLETE
723,723,0.599273607748184,2025-01-05 15:43:12.995288,2025-01-05 15:43:16.905258,0 days 00:00:03.909970,3,2,4.0,,,,,,,,,,,7.0,,,,,,,,30,40.0,,,,,,,,,,,20.0,,,,,,,,COMPLETE
