,number,value,datetime_start,datetime_complete,duration,params_depth,params_grids_0,params_grids_1,params_grids_10,params_grids_11,params_grids_12,params_grids_13,params_grids_14,params_grids_15,params_grids_16,params_grids_17,params_grids_18,params_grids_19,params_grids_2,params_grids_3,params_grids_4,params_grids_5,params_grids_6,params_grids_7,params_grids_8,params_grids_9,params_neurons_layer_0,params_neurons_layer_1,params_neurons_layer_10,params_neurons_layer_11,params_neurons_layer_12,params_neurons_layer_13,params_neurons_layer_14,params_neurons_layer_15,params_neurons_layer_16,params_neurons_layer_17,params_neurons_layer_18,params_neurons_layer_19,params_neurons_layer_2,params_neurons_layer_3,params_neurons_layer_4,params_neurons_layer_5,params_neurons_layer_6,params_neurons_layer_7,params_neurons_layer_8,params_neurons_layer_9,state
748,748,0.8930370710585376,2025-01-04 15:35:34.277732,2025-01-04 15:37:34.297201,0 days 00:02:00.019469,1,8,,,,,,,,,,,,,,,,,,,,40,,,,,,,,,,,,,,,,,,,,COMPLETE
749,749,0.9003442103737898,2025-01-04 15:37:34.298067,2025-01-04 15:40:19.998442,0 days 00:02:45.700375,1,8,,,,,,,,,,,,,,,,,,,,55,,,,,,,,,,,,,,,,,,,,COMPLETE
750,750,0.8378663829252915,2025-01-04 15:40:19.999291,2025-01-04 15:43:08.870644,0 days 00:02:48.871353,1,11,,,,,,,,,,,,,,,,,,,,40,,,,,,,,,,,,,,,,,,,,COMPLETE
751,751,0.8704146065476577,2025-01-04 15:43:08.871514,2025-01-04 15:46:08.834322,0 days 00:02:59.962808,2,10,11.0,,,,,,,,,,,,,,,,,,,35,25.0,,,,,,,,,,,,,,,,,,,COMPLETE
752,752,0.8695287342083556,2025-01-04 15:46:08.835219,2025-01-04 15:48:13.673938,0 days 00:02:04.838719,1,8,,,,,,,,,,,,,,,,,,,,40,,,,,,,,,,,,,,,,,,,,COMPLETE
753,753,0.8519835792592205,2025-01-04 15:48:13.674820,2025-01-04 15:50:18.875736,0 days 00:02:05.200916,1,8,,,,,,,,,,,,,,,,,,,,40,,,,,,,,,,,,,,,,,,,,COMPLETE
754,754,0.2580009267244201,2025-01-04 15:50:18.876603,2025-01-04 15:52:11.217381,0 days 00:01:52.340778,13,10,5.0,5.0,15.0,9.0,,,,,,,,12.0,12.0,15.0,4.0,14.0,5.0,1.0,15.0,30,5.0,30.0,5.0,55.0,,,,,,,,30.0,55.0,15.0,10.0,20.0,45.0,40.0,35.0,COMPLETE
755,755,0.8682055161947924,2025-01-04 15:52:11.218473,2025-01-04 15:54:59.557310,0 days 00:02:48.338837,2,9,14.0,,,,,,,,,,,,,,,,,,,25,45.0,,,,,,,,,,,,,,,,,,,COMPLETE
756,756,0.8979981727412657,2025-01-04 15:54:59.558202,2025-01-04 15:56:49.730359,0 days 00:01:50.172157,1,8,,,,,,,,,,,,,,,,,,,,35,,,,,,,,,,,,,,,,,,,,COMPLETE
757,757,0.8948324145922845,2025-01-04 15:56:49.731233,2025-01-04 15:58:40.715511,0 days 00:01:50.984278,1,5,,,,,,,,,,,,,,,,,,,,55,,,,,,,,,,,,,,,,,,,,COMPLETE
758,758,0.8748199212191909,2025-01-04 15:58:40.716385,2025-01-04 16:01:44.368189,0 days 00:03:03.651804,2,12,7.0,,,,,,,,,,,,,,,,,,,40,5.0,,,,,,,,,,,,,,,,,,,COMPLETE
759,759,0.4151868835997163,2025-01-04 16:01:44.369083,2025-01-04 16:03:46.584843,0 days 00:02:02.215760,1,8,,,,,,,,,,,,,,,,,,,,40,,,,,,,,,,,,,,,,,,,,COMPLETE
760,760,0.8707932208504281,2025-01-04 16:03:46.585718,2025-01-04 16:05:58.486374,0 days 00:02:11.900656,2,8,2.0,,,,,,,,,,,,,,,,,,,40,20.0,,,,,,,,,,,,,,,,,,,COMPLETE
761,761,0.733690135812096,2025-01-04 16:05:58.487265,2025-01-04 16:08:15.666956,0 days 00:02:17.179691,1,9,,,,,,,,,,,,,,,,,,,,40,,,,,,,,,,,,,,,,,,,,COMPLETE
762,762,0.9072602259052679,2025-01-04 16:08:15.667824,2025-01-04 16:11:48.448456,0 days 00:03:32.780632,1,10,,,,,,,,,,,,,,,,,,,,55,,,,,,,,,,,,,,,,,,,,COMPLETE
763,763,0.8923248591383421,2025-01-04 16:11:48.449330,2025-01-04 16:13:46.150631,0 days 00:01:57.701301,1,9,,,,,,,,,,,,,,,,,,,,40,,,,,,,,,,,,,,,,,,,,COMPLETE
764,764,0.869334909429875,2025-01-04 16:13:46.151466,2025-01-04 16:15:50.640102,0 days 00:02:04.488636,1,9,,,,,,,,,,,,,,,,,,,,35,,,,,,,,,,,,,,,,,,,,COMPLETE
765,765,0.8690162489312951,2025-01-04 16:15:50.640964,2025-01-04 16:20:23.008398,0 days 00:04:32.367434,3,8,6.0,,,,,,,,,,,8.0,,,,,,,,40,45.0,,,,,,,,,,,60.0,,,,,,,,COMPLETE
766,766,0.30645040162299264,2025-01-04 16:20:23.009322,2025-01-04 16:28:09.905978,0 days 00:07:46.896656,6,11,13.0,,,,,,,,,,,3.0,7.0,3.0,11.0,,,,,40,40.0,,,,,,,,,,,45.0,35.0,50.0,30.0,,,,,COMPLETE
767,767,0.8675926881752825,2025-01-04 16:28:09.906950,2025-01-04 16:31:25.822340,0 days 00:03:15.915390,2,8,9.0,,,,,,,,,,,,,,,,,,,45,30.0,,,,,,,,,,,,,,,,,,,COMPLETE
768,768,0.8671369656720369,2025-01-04 16:31:25.823256,2025-01-04 16:36:50.681480,0 days 00:05:24.858224,2,9,12.0,,,,,,,,,,,,,,,,,,,50,55.0,,,,,,,,,,,,,,,,,,,COMPLETE
769,769,0.8282310979960383,2025-01-04 16:36:50.682378,2025-01-04 16:38:11.834055,0 days 00:01:21.151677,1,7,,,,,,,,,,,,,,,,,,,,30,,,,,,,,,,,,,,,,,,,,COMPLETE
770,770,0.9104331476130105,2025-01-04 16:38:11.834893,2025-01-04 16:39:52.194293,0 days 00:01:40.359400,1,10,,,,,,,,,,,,,,,,,,,,25,,,,,,,,,,,,,,,,,,,,COMPLETE
771,771,0.9096916126358233,2025-01-04 16:39:52.195166,2025-01-04 16:42:04.708471,0 days 00:02:12.513305,1,8,,,,,,,,,,,,,,,,,,,,45,,,,,,,,,,,,,,,,,,,,COMPLETE
772,772,0.9122492652564059,2025-01-04 16:42:04.709361,2025-01-04 16:45:05.056554,0 days 00:03:00.347193,1,9,,,,,,,,,,,,,,,,,,,,55,,,,,,,,,,,,,,,,,,,,COMPLETE
773,773,0.8730266660636217,2025-01-04 16:45:05.057447,2025-01-04 16:48:20.595269,0 days 00:03:15.537822,2,9,1.0,,,,,,,,,,,,,,,,,,,55,10.0,,,,,,,,,,,,,,,,,,,COMPLETE
774,774,0.8003492962297716,2025-01-04 16:48:20.596164,2025-01-04 16:50:52.300685,0 days 00:02:31.704521,1,7,,,,,,,,,,,,,,,,,,,,55,,,,,,,,,,,,,,,,,,,,COMPLETE
775,775,0.7984928852651325,2025-01-04 16:50:52.301555,2025-01-04 16:53:33.924635,0 days 00:02:41.623080,1,8,,,,,,,,,,,,,,,,,,,,55,,,,,,,,,,,,,,,,,,,,COMPLETE
776,776,0.0,2025-01-04 16:53:33.925514,2025-01-04 17:19:09.373539,0 days 00:25:35.448025,19,10,3.0,1.0,4.0,5.0,3.0,10.0,13.0,13.0,4.0,11.0,,11.0,11.0,14.0,7.0,7.0,13.0,11.0,5.0,55,15.0,45.0,60.0,5.0,55.0,50.0,60.0,15.0,20.0,5.0,,5.0,20.0,55.0,55.0,55.0,35.0,55.0,45.0,COMPLETE
777,777,0.905108429435304,2025-01-04 17:19:09.374768,2025-01-04 17:21:55.876783,0 days 00:02:46.502015,1,8,,,,,,,,,,,,,,,,,,,,55,,,,,,,,,,,,,,,,,,,,COMPLETE
778,778,0.8746628769437679,2025-01-04 17:21:55.877674,2025-01-04 17:24:55.753696,0 days 00:02:59.876022,2,7,4.0,,,,,,,,,,,,,,,,,,,55,25.0,,,,,,,,,,,,,,,,,,,COMPLETE
779,779,0.8812252197478802,2025-01-04 17:24:55.754602,2025-01-04 17:26:43.010023,0 days 00:01:47.255421,1,6,,,,,,,,,,,,,,,,,,,,55,,,,,,,,,,,,,,,,,,,,COMPLETE
780,780,0.263338034872589,2025-01-04 17:26:43.010908,2025-01-04 17:32:49.132096,0 days 00:06:06.121188,7,8,15.0,,,,,,,,,,,14.0,9.0,7.0,10.0,10.0,,,,55,35.0,,,,,,,,,,,35.0,25.0,30.0,15.0,15.0,,,,COMPLETE
781,781,0.8679569053428433,2025-01-04 17:32:49.133104,2025-01-04 17:38:07.951723,0 days 00:05:18.818619,2,10,7.0,,,,,,,,,,,,,,,,,,,55,60.0,,,,,,,,,,,,,,,,,,,COMPLETE
782,782,0.8457471248319011,2025-01-04 17:38:07.952636,2025-01-04 17:41:55.057156,0 days 00:03:47.104520,1,11,,,,,,,,,,,,,,,,,,,,55,,,,,,,,,,,,,,,,,,,,COMPLETE
783,783,0.859549676329862,2025-01-04 17:41:55.058049,2025-01-04 17:44:50.744376,0 days 00:02:55.686327,1,9,,,,,,,,,,,,,,,,,,,,50,,,,,,,,,,,,,,,,,,,,COMPLETE
784,784,0.9089480576962554,2025-01-04 17:44:50.745265,2025-01-04 17:46:31.517985,0 days 00:01:40.772720,1,7,,,,,,,,,,,,,,,,,,,,40,,,,,,,,,,,,,,,,,,,,COMPLETE
785,785,0.86382377965839,2025-01-04 17:46:31.518869,2025-01-04 17:52:28.333627,0 days 00:05:56.814758,2,8,14.0,,,,,,,,,,,,,,,,,,,55,50.0,,,,,,,,,,,,,,,,,,,COMPLETE
786,786,0.6213401329238553,2025-01-04 17:52:28.334530,2025-01-04 17:54:21.377964,0 days 00:01:53.043434,1,9,,,,,,,,,,,,,,,,,,,,40,,,,,,,,,,,,,,,,,,,,COMPLETE
787,787,0.5876686373552185,2025-01-04 17:54:21.378856,2025-01-04 17:56:33.154049,0 days 00:02:11.775193,1,10,,,,,,,,,,,,,,,,,,,,35,,,,,,,,,,,,,,,,,,,,COMPLETE
788,788,0.8701433551384066,2025-01-04 17:56:33.154930,2025-01-04 18:00:29.132154,0 days 00:03:55.977224,2,9,9.0,,,,,,,,,,,,,,,,,,,50,30.0,,,,,,,,,,,,,,,,,,,COMPLETE
789,789,0.9060641313464542,2025-01-04 18:00:29.133070,2025-01-04 18:01:41.262146,0 days 00:01:12.129076,1,4,,,,,,,,,,,,,,,,,,,,45,,,,,,,,,,,,,,,,,,,,COMPLETE
790,790,0.8739238153625788,2025-01-04 18:01:41.262970,2025-01-04 18:04:22.210407,0 days 00:02:40.947437,2,8,10.0,,,,,,,,,,,,,,,,,,,40,20.0,,,,,,,,,,,,,,,,,,,COMPLETE
791,791,0.7728081856444597,2025-01-04 18:04:22.211304,2025-01-04 18:06:42.425228,0 days 00:02:20.213924,1,8,,,,,,,,,,,,,,,,,,,,45,,,,,,,,,,,,,,,,,,,,COMPLETE
792,792,0.9053938255567864,2025-01-04 18:06:42.426118,2025-01-04 18:09:31.340965,0 days 00:02:48.914847,1,9,,,,,,,,,,,,,,,,,,,,50,,,,,,,,,,,,,,,,,,,,COMPLETE
793,793,0.8807376400999547,2025-01-04 18:09:31.341867,2025-01-04 18:12:04.127459,0 days 00:02:32.785592,1,7,,,,,,,,,,,,,,,,,,,,55,,,,,,,,,,,,,,,,,,,,COMPLETE
794,794,0.8778532845443456,2025-01-04 18:12:04.128361,2025-01-04 18:13:46.263677,0 days 00:01:42.135316,2,6,3.0,,,,,,,,,,,,,,,,,,,40,10.0,,,,,,,,,,,,,,,,,,,COMPLETE
795,795,0.8891908033558193,2025-01-04 18:13:46.264561,2025-01-04 18:16:17.007598,0 days 00:02:30.743037,1,10,,,,,,,,,,,,,,,,,,,,40,,,,,,,,,,,,,,,,,,,,COMPLETE
796,796,0.8694863820518204,2025-01-04 18:16:17.008485,2025-01-04 18:19:56.987822,0 days 00:03:39.979337,3,7,5.0,,,,,,,,,,,6.0,,,,,,,,35,50.0,,,,,,,,,,,55.0,,,,,,,,COMPLETE
797,797,0.8297960094744578,2025-01-04 18:19:56.988741,2025-01-04 18:22:15.898565,0 days 00:02:18.909824,1,8,,,,,,,,,,,,,,,,,,,,45,,,,,,,,,,,,,,,,,,,,COMPLETE
798,798,0.8354211415499786,2025-01-04 18:22:15.899466,2025-01-04 18:24:36.888580,0 days 00:02:20.989114,1,9,,,,,,,,,,,,,,,,,,,,40,,,,,,,,,,,,,,,,,,,,COMPLETE
799,799,0.8674923791120346,2025-01-04 18:24:36.889458,2025-01-04 18:30:18.382219,0 days 00:05:41.492761,2,11,8.0,,,,,,,,,,,,,,,,,,,55,55.0,,,,,,,,,,,,,,,,,,,COMPLETE
800,800,0.8765093642925414,2025-01-04 18:30:18.383120,2025-01-04 18:32:53.280950,0 days 00:02:34.897830,1,9,,,,,,,,,,,,,,,,,,,,45,,,,,,,,,,,,,,,,,,,,COMPLETE
801,801,0.8747666368717203,2025-01-04 18:32:53.281829,2025-01-04 18:34:23.369859,0 days 00:01:30.088030,2,5,1.0,,,,,,,,,,,,,,,,,,,40,35.0,,,,,,,,,,,,,,,,,,,COMPLETE
802,802,0.8861982184213961,2025-01-04 18:34:23.370764,2025-01-04 18:37:16.384223,0 days 00:02:53.013459,1,10,,,,,,,,,,,,,,,,,,,,45,,,,,,,,,,,,,,,,,,,,COMPLETE
803,803,0.8435863088751004,2025-01-04 18:37:16.385127,2025-01-04 18:39:16.876131,0 days 00:02:00.491004,1,8,,,,,,,,,,,,,,,,,,,,40,,,,,,,,,,,,,,,,,,,,COMPLETE
804,804,0.8696705620575566,2025-01-04 18:39:16.877029,2025-01-04 18:43:15.595812,0 days 00:03:58.718783,2,10,12.0,,,,,,,,,,,,,,,,,,,40,40.0,,,,,,,,,,,,,,,,,,,COMPLETE
805,805,0.8769858536336244,2025-01-04 18:43:15.596716,2025-01-04 18:45:35.066826,0 days 00:02:19.470110,1,8,,,,,,,,,,,,,,,,,,,,45,,,,,,,,,,,,,,,,,,,,COMPLETE
806,806,0.8823729255380381,2025-01-04 18:45:35.067712,2025-01-04 18:48:08.235054,0 days 00:02:33.167342,1,7,,,,,,,,,,,,,,,,,,,,55,,,,,,,,,,,,,,,,,,,,COMPLETE
807,807,0.8715633538848759,2025-01-04 18:48:08.235943,2025-01-04 18:50:47.417067,0 days 00:02:39.181124,2,8,13.0,,,,,,,,,,,,,,,,,,,40,15.0,,,,,,,,,,,,,,,,,,,COMPLETE
808,808,0.8160331541546071,2025-01-04 18:50:47.417970,2025-01-04 18:53:17.151381,0 days 00:02:29.733411,1,12,,,,,,,,,,,,,,,,,,,,35,,,,,,,,,,,,,,,,,,,,COMPLETE
809,809,0.8543279537794521,2025-01-04 18:53:17.152294,2025-01-04 18:56:11.706249,0 days 00:02:54.553955,1,9,,,,,,,,,,,,,,,,,,,,50,,,,,,,,,,,,,,,,,,,,COMPLETE
810,810,0.8768138870837381,2025-01-04 18:56:11.707158,2025-01-04 19:00:25.048955,0 days 00:04:13.341797,2,13,6.0,,,,,,,,,,,,,,,,,,,40,55.0,,,,,,,,,,,,,,,,,,,COMPLETE
811,811,0.9069010810696838,2025-01-04 19:00:25.049862,2025-01-04 19:01:59.375559,0 days 00:01:34.325697,1,6,,,,,,,,,,,,,,,,,,,,40,,,,,,,,,,,,,,,,,,,,COMPLETE
812,812,0.582543162026789,2025-01-04 19:01:59.376456,2025-01-04 19:04:54.242775,0 days 00:02:54.866319,1,10,,,,,,,,,,,,,,,,,,,,45,,,,,,,,,,,,,,,,,,,,COMPLETE
813,813,0.41547373950394023,2025-01-04 19:04:54.243675,2025-01-04 19:06:58.461820,0 days 00:02:04.218145,1,8,,,,,,,,,,,,,,,,,,,,40,,,,,,,,,,,,,,,,,,,,COMPLETE
814,814,0.8737902452829502,2025-01-04 19:06:58.462712,2025-01-04 19:09:19.920268,0 days 00:02:21.457556,2,7,11.0,,,,,,,,,,,,,,,,,,,45,5.0,,,,,,,,,,,,,,,,,,,COMPLETE
815,815,0.5419034588578995,2025-01-04 19:09:19.921185,2025-01-04 19:12:01.388876,0 days 00:02:41.467691,1,9,,,,,,,,,,,,,,,,,,,,45,,,,,,,,,,,,,,,,,,,,COMPLETE
816,816,0.8924042605901978,2025-01-04 19:12:01.389774,2025-01-04 19:15:12.651840,0 days 00:03:11.262066,1,9,,,,,,,,,,,,,,,,,,,,55,,,,,,,,,,,,,,,,,,,,COMPLETE
817,817,0.9041883820717135,2025-01-04 19:15:12.652725,2025-01-04 19:16:50.283440,0 days 00:01:37.630715,1,7,,,,,,,,,,,,,,,,,,,,35,,,,,,,,,,,,,,,,,,,,COMPLETE
818,818,0.8684461658093057,2025-01-04 19:16:50.284338,2025-01-04 19:21:17.738392,0 days 00:04:27.454054,2,8,10.0,,,,,,,,,,,,,,,,,,,45,60.0,,,,,,,,,,,,,,,,,,,COMPLETE
819,819,0.8653074329096332,2025-01-04 19:21:17.739305,2025-01-04 19:24:11.023535,0 days 00:02:53.284230,3,9,5.0,,,,,,,,,,,7.0,,,,,,,,40,25.0,,,,,,,,,,,20.0,,,,,,,,COMPLETE
820,820,0.829833527828717,2025-01-04 19:24:11.024475,2025-01-04 19:26:14.149211,0 days 00:02:03.124736,1,8,,,,,,,,,,,,,,,,,,,,40,,,,,,,,,,,,,,,,,,,,COMPLETE
821,821,0.8663802566781907,2025-01-04 19:26:14.150112,2025-01-04 19:29:58.523457,0 days 00:03:44.373345,2,10,7.0,,,,,,,,,,,,,,,,,,,45,35.0,,,,,,,,,,,,,,,,,,,COMPLETE
822,822,0.603262077929852,2025-01-04 19:29:58.524365,2025-01-04 19:31:44.488110,0 days 00:01:45.963745,1,7,,,,,,,,,,,,,,,,,,,,40,,,,,,,,,,,,,,,,,,,,COMPLETE
823,823,0.860482649868139,2025-01-04 19:31:44.489007,2025-01-04 19:34:33.440704,0 days 00:02:48.951697,1,8,,,,,,,,,,,,,,,,,,,,55,,,,,,,,,,,,,,,,,,,,COMPLETE
824,824,0.24175790444051354,2025-01-04 19:34:33.441641,2025-01-04 19:39:31.426196,0 days 00:04:57.984555,11,9,15.0,13.0,,,,,,,,,,5.0,5.0,2.0,15.0,5.0,6.0,15.0,3.0,50,50.0,35.0,,,,,,,,,,30.0,60.0,40.0,25.0,35.0,60.0,25.0,50.0,COMPLETE
825,825,0.8852060453027271,2025-01-04 19:39:31.427283,2025-01-04 19:41:50.086311,0 days 00:02:18.659028,1,8,,,,,,,,,,,,,,,,,,,,45,,,,,,,,,,,,,,,,,,,,COMPLETE
826,826,0.8690166675888885,2025-01-04 19:41:50.087224,2025-01-04 19:44:16.926646,0 days 00:02:26.839422,2,7,14.0,,,,,,,,,,,,,,,,,,,35,20.0,,,,,,,,,,,,,,,,,,,COMPLETE
827,827,0.8758150495386695,2025-01-04 19:44:16.927554,2025-01-04 19:47:39.089840,0 days 00:03:22.162286,2,11,4.0,,,,,,,,,,,,,,,,,,,40,45.0,,,,,,,,,,,,,,,,,,,COMPLETE
828,828,0.821141343597876,2025-01-04 19:47:39.090767,2025-01-04 19:50:22.428634,0 days 00:02:43.337867,1,9,,,,,,,,,,,,,,,,,,,,50,,,,,,,,,,,,,,,,,,,,COMPLETE
829,829,0.8869070102406726,2025-01-04 19:50:22.429551,2025-01-04 19:51:56.258354,0 days 00:01:33.828803,1,6,,,,,,,,,,,,,,,,,,,,40,,,,,,,,,,,,,,,,,,,,COMPLETE
830,830,0.3942473960826581,2025-01-04 19:51:56.259220,2025-01-04 19:55:20.522034,0 days 00:03:24.262814,5,10,2.0,,,,,,,,,,,4.0,6.0,8.0,,,,,,45,10.0,,,,,,,,,,,15.0,25.0,20.0,,,,,,COMPLETE
831,831,0.596352616252787,2025-01-04 19:55:20.523006,2025-01-04 19:57:56.600776,0 days 00:02:36.077770,1,10,,,,,,,,,,,,,,,,,,,,40,,,,,,,,,,,,,,,,,,,,COMPLETE
832,832,0.8591578822368454,2025-01-04 19:57:56.601692,2025-01-04 20:01:48.405222,0 days 00:03:51.803530,1,13,,,,,,,,,,,,,,,,,,,,45,,,,,,,,,,,,,,,,,,,,COMPLETE
833,833,0.8664184692050144,2025-01-04 20:01:48.406135,2025-01-04 20:04:33.201001,0 days 00:02:44.794866,2,7,6.0,,,,,,,,,,,,,,,,,,,40,45.0,,,,,,,,,,,,,,,,,,,COMPLETE
834,834,0.9127448075271116,2025-01-04 20:04:33.201934,2025-01-04 20:06:49.550490,0 days 00:02:16.348556,1,8,,,,,,,,,,,,,,,,,,,,45,,,,,,,,,,,,,,,,,,,,COMPLETE
835,835,0.49882316886516365,2025-01-04 20:06:49.551392,2025-01-04 20:07:40.894112,0 days 00:00:51.342720,1,8,,,,,,,,,,,,,,,,,,,,15,,,,,,,,,,,,,,,,,,,,COMPLETE
836,836,0.8711399529017783,2025-01-04 20:07:40.895002,2025-01-04 20:11:10.861198,0 days 00:03:29.966196,2,9,8.0,,,,,,,,,,,,,,,,,,,45,30.0,,,,,,,,,,,,,,,,,,,COMPLETE
837,837,0.8890047214235643,2025-01-04 20:11:10.862118,2025-01-04 20:13:50.438707,0 days 00:02:39.576589,1,9,,,,,,,,,,,,,,,,,,,,45,,,,,,,,,,,,,,,,,,,,COMPLETE
838,838,0.8137777401050085,2025-01-04 20:13:50.439615,2025-01-04 20:16:08.480195,0 days 00:02:18.040580,1,8,,,,,,,,,,,,,,,,,,,,45,,,,,,,,,,,,,,,,,,,,COMPLETE
839,839,0.8913460803985023,2025-01-04 20:16:08.481114,2025-01-04 20:18:46.764398,0 days 00:02:38.283284,1,9,,,,,,,,,,,,,,,,,,,,45,,,,,,,,,,,,,,,,,,,,COMPLETE
840,840,0.8687002840707538,2025-01-04 20:18:46.765308,2025-01-04 20:22:43.645203,0 days 00:03:56.879895,2,8,9.0,,,,,,,,,,,,,,,,,,,50,40.0,,,,,,,,,,,,,,,,,,,COMPLETE
841,841,0.7710990489994528,2025-01-04 20:22:43.646125,2025-01-04 20:26:01.885448,0 days 00:03:18.239323,1,11,,,,,,,,,,,,,,,,,,,,45,,,,,,,,,,,,,,,,,,,,COMPLETE
842,842,0.6941707995541089,2025-01-04 20:26:01.886363,2025-01-04 20:28:09.337203,0 days 00:02:07.450840,1,7,,,,,,,,,,,,,,,,,,,,45,,,,,,,,,,,,,,,,,,,,COMPLETE
843,843,0.8611815353224044,2025-01-04 20:28:09.338119,2025-01-04 20:33:15.844883,0 days 00:05:06.506764,2,8,13.0,,,,,,,,,,,,,,,,,,,45,60.0,,,,,,,,,,,,,,,,,,,COMPLETE
844,844,0.3606501026737261,2025-01-04 20:33:15.845816,2025-01-04 20:39:54.716119,0 days 00:06:38.870303,4,9,11.0,,,,,,,,,,,15.0,13.0,,,,,,,50,15.0,,,,,,,,,,,50.0,40.0,,,,,,,COMPLETE
845,845,0.8190801274401666,2025-01-04 20:39:54.717101,2025-01-04 20:42:40.166901,0 days 00:02:45.449800,1,10,,,,,,,,,,,,,,,,,,,,45,,,,,,,,,,,,,,,,,,,,COMPLETE
846,846,0.7912216571694015,2025-01-04 20:42:40.167822,2025-01-04 20:44:41.909278,0 days 00:02:01.741456,1,7,,,,,,,,,,,,,,,,,,,,45,,,,,,,,,,,,,,,,,,,,COMPLETE
847,847,0.8682422764617128,2025-01-04 20:44:41.910191,2025-01-04 20:47:33.843975,0 days 00:02:51.933784,2,9,14.0,,,,,,,,,,,,,,,,,,,45,5.0,,,,,,,,,,,,,,,,,,,COMPLETE
848,848,0.8513180972446863,2025-01-04 20:47:33.844910,2025-01-04 20:49:41.194534,0 days 00:02:07.349624,1,6,,,,,,,,,,,,,,,,,,,,55,,,,,,,,,,,,,,,,,,,,COMPLETE
849,849,0.9118518483649596,2025-01-04 20:49:41.195447,2025-01-04 20:51:59.294656,0 days 00:02:18.099209,1,8,,,,,,,,,,,,,,,,,,,,45,,,,,,,,,,,,,,,,,,,,COMPLETE
850,850,0.8024942105417575,2025-01-04 20:51:59.295571,2025-01-04 20:54:15.708856,0 days 00:02:16.413285,1,8,,,,,,,,,,,,,,,,,,,,45,,,,,,,,,,,,,,,,,,,,COMPLETE
851,851,0.8760857941013354,2025-01-04 20:54:15.709729,2025-01-04 20:56:55.356864,0 days 00:02:39.647135,2,8,3.0,,,,,,,,,,,,,,,,,,,45,30.0,,,,,,,,,,,,,,,,,,,COMPLETE
852,852,0.8967149485770534,2025-01-04 20:56:55.357772,2025-01-04 20:59:14.991625,0 days 00:02:19.633853,1,8,,,,,,,,,,,,,,,,,,,,45,,,,,,,,,,,,,,,,,,,,COMPLETE
853,853,0.8091095095875801,2025-01-04 20:59:14.992545,2025-01-04 21:01:33.546660,0 days 00:02:18.554115,1,8,,,,,,,,,,,,,,,,,,,,45,,,,,,,,,,,,,,,,,,,,COMPLETE
854,854,0.872994862061962,2025-01-04 21:01:33.547584,2025-01-04 21:04:24.003375,0 days 00:02:50.455791,2,8,1.0,,,,,,,,,,,,,,,,,,,50,55.0,,,,,,,,,,,,,,,,,,,COMPLETE
855,855,0.8692231001001101,2025-01-04 21:04:24.004304,2025-01-04 21:06:30.784389,0 days 00:02:06.780085,1,7,,,,,,,,,,,,,,,,,,,,45,,,,,,,,,,,,,,,,,,,,COMPLETE
856,856,0.864039066639055,2025-01-04 21:06:30.785301,2025-01-04 21:08:58.813543,0 days 00:02:28.028242,2,8,2.0,,,,,,,,,,,,,,,,,,,45,25.0,,,,,,,,,,,,,,,,,,,COMPLETE
857,857,0.9078907222803012,2025-01-04 21:08:58.814474,2025-01-04 21:11:06.393583,0 days 00:02:07.579109,1,7,,,,,,,,,,,,,,,,,,,,45,,,,,,,,,,,,,,,,,,,,COMPLETE
858,858,0.9095939590812769,2025-01-04 21:11:06.394506,2025-01-04 21:13:23.233859,0 days 00:02:16.839353,1,8,,,,,,,,,,,,,,,,,,,,45,,,,,,,,,,,,,,,,,,,,COMPLETE
859,859,0.9120953074991478,2025-01-04 21:13:23.234777,2025-01-04 21:15:58.745125,0 days 00:02:35.510348,1,8,,,,,,,,,,,,,,,,,,,,50,,,,,,,,,,,,,,,,,,,,COMPLETE
860,860,0.5665902544833492,2025-01-04 21:15:58.746051,2025-01-04 21:17:55.654763,0 days 00:01:56.908712,12,8,12.0,5.0,1.0,,,,,,,,,12.0,10.0,13.0,1.0,8.0,10.0,7.0,10.0,50,35.0,40.0,20.0,,,,,,,,,10.0,30.0,5.0,45.0,60.0,40.0,30.0,30.0,COMPLETE
861,861,0.8219041176931174,2025-01-04 21:17:55.655882,2025-01-04 21:20:29.848597,0 days 00:02:34.192715,1,8,,,,,,,,,,,,,,,,,,,,50,,,,,,,,,,,,,,,,,,,,COMPLETE
862,862,0.8668693018031888,2025-01-04 21:20:29.849519,2025-01-04 21:24:26.187644,0 days 00:03:56.338125,2,8,9.0,,,,,,,,,,,,,,,,,,,50,40.0,,,,,,,,,,,,,,,,,,,COMPLETE
863,863,0.8435741956718018,2025-01-04 21:24:26.188592,2025-01-04 21:27:00.853345,0 days 00:02:34.664753,1,8,,,,,,,,,,,,,,,,,,,,50,,,,,,,,,,,,,,,,,,,,COMPLETE
864,864,0.7789637319829751,2025-01-04 21:27:00.854275,2025-01-04 21:29:55.561062,0 days 00:02:54.706787,1,9,,,,,,,,,,,,,,,,,,,,50,,,,,,,,,,,,,,,,,,,,COMPLETE
865,865,0.8672362683293731,2025-01-04 21:29:55.561944,2025-01-04 21:33:31.875063,0 days 00:03:36.313119,2,8,10.0,,,,,,,,,,,,,,,,,,,55,20.0,,,,,,,,,,,,,,,,,,,COMPLETE
866,866,0.8909712788746442,2025-01-04 21:33:31.875996,2025-01-04 21:36:19.424060,0 days 00:02:47.548064,1,8,,,,,,,,,,,,,,,,,,,,55,,,,,,,,,,,,,,,,,,,,COMPLETE
867,867,0.7871998489100087,2025-01-04 21:36:19.424981,2025-01-04 21:39:07.561941,0 days 00:02:48.136960,1,9,,,,,,,,,,,,,,,,,,,,50,,,,,,,,,,,,,,,,,,,,COMPLETE
868,868,0.8652835367379101,2025-01-04 21:39:07.562883,2025-01-04 21:43:26.615954,0 days 00:04:19.053071,2,9,15.0,,,,,,,,,,,,,,,,,,,50,25.0,,,,,,,,,,,,,,,,,,,COMPLETE
869,869,0.8686815577302919,2025-01-04 21:43:26.616742,2025-01-04 21:47:42.597770,0 days 00:04:15.981028,3,8,4.0,,,,,,,,,,,9.0,,,,,,,,55,45.0,,,,,,,,,,,25.0,,,,,,,,COMPLETE
870,870,0.8642047370898358,2025-01-04 21:47:42.598555,2025-01-04 21:50:24.216962,0 days 00:02:41.618407,1,9,,,,,,,,,,,,,,,,,,,,45,,,,,,,,,,,,,,,,,,,,COMPLETE
871,871,0.8120853346672345,2025-01-04 21:50:24.217729,2025-01-04 21:53:11.025160,0 days 00:02:46.807431,1,8,,,,,,,,,,,,,,,,,,,,55,,,,,,,,,,,,,,,,,,,,COMPLETE
872,872,0.8725625996704589,2025-01-04 21:53:11.025914,2025-01-04 21:56:45.292406,0 days 00:03:34.266492,2,10,8.0,,,,,,,,,,,,,,,,,,,50,15.0,,,,,,,,,,,,,,,,,,,COMPLETE
873,873,0.2546076488277104,2025-01-04 21:56:45.293179,2025-01-04 22:01:45.460490,0 days 00:05:00.167311,5,8,7.0,,,,,,,,,,,13.0,3.0,11.0,,,,,,45,10.0,,,,,,,,,,,40.0,50.0,35.0,,,,,,COMPLETE
874,874,0.7921242079908865,2025-01-04 22:01:45.461318,2025-01-04 22:04:19.230747,0 days 00:02:33.769429,1,9,,,,,,,,,,,,,,,,,,,,45,,,,,,,,,,,,,,,,,,,,COMPLETE
875,875,0.9119687041778277,2025-01-04 22:04:19.231508,2025-01-04 22:06:30.150504,0 days 00:02:10.918996,1,8,,,,,,,,,,,,,,,,,,,,45,,,,,,,,,,,,,,,,,,,,COMPLETE
