,number,value,datetime_start,datetime_complete,duration,params_depth,params_grids_0,params_grids_1,params_grids_10,params_grids_11,params_grids_12,params_grids_13,params_grids_14,params_grids_15,params_grids_16,params_grids_17,params_grids_18,params_grids_19,params_grids_2,params_grids_3,params_grids_4,params_grids_5,params_grids_6,params_grids_7,params_grids_8,params_grids_9,params_neurons_layer_0,params_neurons_layer_1,params_neurons_layer_10,params_neurons_layer_11,params_neurons_layer_12,params_neurons_layer_13,params_neurons_layer_14,params_neurons_layer_15,params_neurons_layer_16,params_neurons_layer_17,params_neurons_layer_18,params_neurons_layer_19,params_neurons_layer_2,params_neurons_layer_3,params_neurons_layer_4,params_neurons_layer_5,params_neurons_layer_6,params_neurons_layer_7,params_neurons_layer_8,params_neurons_layer_9,state
367,367,0.874053308053824,2025-01-06 01:20:47.466596,2025-01-06 01:21:30.367935,0 days 00:00:42.901339,2,2,8.0,,,,,,,,,,,,,,,,,,,55,5.0,,,,,,,,,,,,,,,,,,,COMPLETE
368,368,0.8519973815504776,2025-01-06 01:21:30.368490,2025-01-06 01:22:03.422292,0 days 00:00:33.053802,1,2,,,,,,,,,,,,,,,,,,,,60,,,,,,,,,,,,,,,,,,,,COMPLETE
369,369,0.9040435943925291,2025-01-06 01:22:03.422885,2025-01-06 01:22:30.228449,0 days 00:00:26.805564,1,2,,,,,,,,,,,,,,,,,,,,55,,,,,,,,,,,,,,,,,,,,COMPLETE
370,370,0.8637560090917835,2025-01-06 01:22:30.228831,2025-01-06 01:24:57.856309,0 days 00:02:27.627478,2,7,15.0,,,,,,,,,,,,,,,,,,,60,15.0,,,,,,,,,,,,,,,,,,,COMPLETE
371,371,0.9084098380327015,2025-01-06 01:24:57.856973,2025-01-06 01:25:13.019758,0 days 00:00:15.162785,1,1,,,,,,,,,,,,,,,,,,,,40,,,,,,,,,,,,,,,,,,,,COMPLETE
372,372,0.8640594867937561,2025-01-06 01:25:13.020251,2025-01-06 01:25:32.629649,0 days 00:00:19.609398,1,2,,,,,,,,,,,,,,,,,,,,40,,,,,,,,,,,,,,,,,,,,COMPLETE
373,373,0.2763530685297866,2025-01-06 01:25:32.630142,2025-01-06 01:27:34.957073,0 days 00:02:02.326931,16,1,3.0,10.0,2.0,13.0,10.0,3.0,3.0,,,,,2.0,10.0,10.0,8.0,9.0,7.0,13.0,4.0,40,20.0,55.0,30.0,45.0,30.0,35.0,25.0,,,,,35.0,10.0,50.0,5.0,30.0,15.0,55.0,40.0,COMPLETE
374,374,0.8742275580172136,2025-01-06 01:27:34.957948,2025-01-06 01:28:02.083043,0 days 00:00:27.125095,2,2,1.0,,,,,,,,,,,,,,,,,,,40,10.0,,,,,,,,,,,,,,,,,,,COMPLETE
375,375,0.848340158794334,2025-01-06 01:28:02.083671,2025-01-06 01:28:17.142387,0 days 00:00:15.058716,1,1,,,,,,,,,,,,,,,,,,,,40,,,,,,,,,,,,,,,,,,,,COMPLETE
376,376,0.36306944880198055,2025-01-06 01:28:17.142787,2025-01-06 01:30:33.832922,0 days 00:02:16.690135,6,1,14.0,,,,,,,,,,,14.0,5.0,11.0,5.0,,,,,45,25.0,,,,,,,,,,,25.0,50.0,5.0,55.0,,,,,COMPLETE
377,377,0.9060601039027016,2025-01-06 01:30:33.833654,2025-01-06 01:31:02.325821,0 days 00:00:28.492167,1,2,,,,,,,,,,,,,,,,,,,,50,,,,,,,,,,,,,,,,,,,,COMPLETE
378,378,0.8777610941647171,2025-01-06 01:31:02.326426,2025-01-06 01:31:30.054430,0 days 00:00:27.728004,1,2,,,,,,,,,,,,,,,,,,,,50,,,,,,,,,,,,,,,,,,,,COMPLETE
379,379,0.8737716030000795,2025-01-06 01:31:30.054783,2025-01-06 01:32:40.825763,0 days 00:01:10.770980,2,1,5.0,,,,,,,,,,,,,,,,,,,50,60.0,,,,,,,,,,,,,,,,,,,COMPLETE
380,380,0.776430785337513,2025-01-06 01:32:40.826424,2025-01-06 01:33:16.534725,0 days 00:00:35.708301,1,3,,,,,,,,,,,,,,,,,,,,50,,,,,,,,,,,,,,,,,,,,COMPLETE
381,381,0.8939501623208855,2025-01-06 01:33:16.535097,2025-01-06 01:33:37.639536,0 days 00:00:21.104439,1,2,,,,,,,,,,,,,,,,,,,,35,,,,,,,,,,,,,,,,,,,,COMPLETE
382,382,0.863867948850602,2025-01-06 01:33:37.640129,2025-01-06 01:35:32.446753,0 days 00:01:54.806624,2,1,10.0,,,,,,,,,,,,,,,,,,,50,55.0,,,,,,,,,,,,,,,,,,,COMPLETE
383,383,0.9064955269350357,2025-01-06 01:35:32.447420,2025-01-06 01:35:48.095037,0 days 00:00:15.647617,1,1,,,,,,,,,,,,,,,,,,,,45,,,,,,,,,,,,,,,,,,,,COMPLETE
384,384,0.5548998573516278,2025-01-06 01:35:48.095377,2025-01-06 01:38:23.507165,0 days 00:02:35.411788,1,13,,,,,,,,,,,,,,,,,,,,45,,,,,,,,,,,,,,,,,,,,COMPLETE
385,385,0.9104262096497491,2025-01-06 01:38:23.507813,2025-01-06 01:38:47.697577,0 days 00:00:24.189764,1,3,,,,,,,,,,,,,,,,,,,,40,,,,,,,,,,,,,,,,,,,,COMPLETE
386,386,0.8754272745599148,2025-01-06 01:38:47.698053,2025-01-06 01:40:25.140002,0 days 00:01:37.441949,2,4,13.0,,,,,,,,,,,,,,,,,,,40,30.0,,,,,,,,,,,,,,,,,,,COMPLETE
387,387,0.8635732285690234,2025-01-06 01:40:25.140678,2025-01-06 01:40:58.913974,0 days 00:00:33.773296,1,3,,,,,,,,,,,,,,,,,,,,40,,,,,,,,,,,,,,,,,,,,COMPLETE
388,388,0.8036969200992428,2025-01-06 01:40:58.914577,2025-01-06 01:41:33.641948,0 days 00:00:34.727371,1,3,,,,,,,,,,,,,,,,,,,,40,,,,,,,,,,,,,,,,,,,,COMPLETE
389,389,0.6737283051036116,2025-01-06 01:41:33.642419,2025-01-06 01:42:25.454303,0 days 00:00:51.811884,1,4,,,,,,,,,,,,,,,,,,,,50,,,,,,,,,,,,,,,,,,,,COMPLETE
390,390,0.9056969981701856,2025-01-06 01:42:25.454924,2025-01-06 01:42:52.417591,0 days 00:00:26.962667,1,2,,,,,,,,,,,,,,,,,,,,45,,,,,,,,,,,,,,,,,,,,COMPLETE
391,391,0.8621542942440625,2025-01-06 01:42:52.417977,2025-01-06 01:43:37.249476,0 days 00:00:44.831499,2,3,6.0,,,,,,,,,,,,,,,,,,,45,5.0,,,,,,,,,,,,,,,,,,,COMPLETE
392,392,0.7767620153210837,2025-01-06 01:43:37.250137,2025-01-06 01:44:00.973265,0 days 00:00:23.723128,1,2,,,,,,,,,,,,,,,,,,,,40,,,,,,,,,,,,,,,,,,,,COMPLETE
393,393,0.11373695541528678,2025-01-06 01:44:00.973856,2025-01-06 01:49:04.051765,0 days 00:05:03.077909,8,3,7.0,,,,,,,,,,,4.0,6.0,5.0,12.0,11.0,2.0,,,50,35.0,,,,,,,,,,,45.0,35.0,15.0,60.0,55.0,35.0,,,COMPLETE
394,394,0.8714609563550808,2025-01-06 01:49:04.052538,2025-01-06 01:50:08.549657,0 days 00:01:04.497119,2,2,9.0,,,,,,,,,,,,,,,,,,,45,25.0,,,,,,,,,,,,,,,,,,,COMPLETE
395,395,0.910297692301926,2025-01-06 01:50:08.550331,2025-01-06 01:50:32.717684,0 days 00:00:24.167353,1,2,,,,,,,,,,,,,,,,,,,,40,,,,,,,,,,,,,,,,,,,,COMPLETE
396,396,0.3450265139854227,2025-01-06 01:50:32.718290,2025-01-06 01:52:13.156240,0 days 00:01:40.437950,5,2,5.0,,,,,,,,,,,11.0,9.0,9.0,,,,,,40,15.0,,,,,,,,,,,50.0,15.0,30.0,,,,,,COMPLETE
397,397,0.8333260675062921,2025-01-06 01:52:13.156960,2025-01-06 01:52:33.700556,0 days 00:00:20.543596,1,2,,,,,,,,,,,,,,,,,,,,40,,,,,,,,,,,,,,,,,,,,COMPLETE
398,398,0.8994594273531655,2025-01-06 01:52:33.700892,2025-01-06 01:52:49.121550,0 days 00:00:15.420658,1,1,,,,,,,,,,,,,,,,,,,,40,,,,,,,,,,,,,,,,,,,,COMPLETE
399,399,0.8725228644961034,2025-01-06 01:52:49.122126,2025-01-06 01:53:10.110861,0 days 00:00:20.988735,2,1,3.0,,,,,,,,,,,,,,,,,,,40,10.0,,,,,,,,,,,,,,,,,,,COMPLETE
400,400,0.8616523272366226,2025-01-06 01:53:10.111293,2025-01-06 01:53:32.598673,0 days 00:00:22.487380,1,2,,,,,,,,,,,,,,,,,,,,40,,,,,,,,,,,,,,,,,,,,COMPLETE
401,401,0.6093156889766409,2025-01-06 01:53:32.599011,2025-01-06 01:54:06.840922,0 days 00:00:34.241911,1,3,,,,,,,,,,,,,,,,,,,,40,,,,,,,,,,,,,,,,,,,,COMPLETE
402,402,0.8765849965497143,2025-01-06 01:54:06.841531,2025-01-06 01:54:58.523317,0 days 00:00:51.681786,2,1,6.0,,,,,,,,,,,,,,,,,,,45,35.0,,,,,,,,,,,,,,,,,,,COMPLETE
403,403,0.9104624235812355,2025-01-06 01:54:58.523977,2025-01-06 01:55:30.823713,0 days 00:00:32.299736,1,2,,,,,,,,,,,,,,,,,,,,60,,,,,,,,,,,,,,,,,,,,COMPLETE
404,404,0.8718363980970398,2025-01-06 01:55:30.824334,2025-01-06 01:55:46.258807,0 days 00:00:15.434473,1,1,,,,,,,,,,,,,,,,,,,,40,,,,,,,,,,,,,,,,,,,,COMPLETE
405,405,0.25785526435185785,2025-01-06 01:55:46.259151,2025-01-06 01:57:46.160676,0 days 00:01:59.901525,13,2,14.0,6.0,12.0,4.0,,,,,,,,3.0,2.0,8.0,15.0,5.0,14.0,7.0,12.0,60,60.0,30.0,15.0,25.0,,,,,,,,5.0,20.0,40.0,40.0,45.0,5.0,35.0,50.0,COMPLETE
406,406,0.889788894144178,2025-01-06 01:57:46.161532,2025-01-06 01:58:05.394012,0 days 00:00:19.232480,1,1,,,,,,,,,,,,,,,,,,,,60,,,,,,,,,,,,,,,,,,,,COMPLETE
407,407,0.8762740129047275,2025-01-06 01:58:05.394397,2025-01-06 01:58:51.232961,0 days 00:00:45.838564,2,2,2.0,,,,,,,,,,,,,,,,,,,60,25.0,,,,,,,,,,,,,,,,,,,COMPLETE
408,408,0.7464913821942026,2025-01-06 01:58:51.233625,2025-01-06 01:59:24.720695,0 days 00:00:33.487070,1,3,,,,,,,,,,,,,,,,,,,,60,,,,,,,,,,,,,,,,,,,,COMPLETE
409,409,0.7734267346031269,2025-01-06 01:59:24.721059,2025-01-06 01:59:37.481042,0 days 00:00:12.759983,1,1,,,,,,,,,,,,,,,,,,,,40,,,,,,,,,,,,,,,,,,,,COMPLETE
410,410,0.8630506221615035,2025-01-06 01:59:37.481647,2025-01-06 02:02:14.285710,0 days 00:02:36.804063,2,2,15.0,,,,,,,,,,,,,,,,,,,45,55.0,,,,,,,,,,,,,,,,,,,COMPLETE
411,411,0.8262128225085285,2025-01-06 02:02:14.286398,2025-01-06 02:02:43.880747,0 days 00:00:29.594349,1,2,,,,,,,,,,,,,,,,,,,,60,,,,,,,,,,,,,,,,,,,,COMPLETE
412,412,0.6346637587499588,2025-01-06 02:02:43.881118,2025-01-06 02:03:45.575014,0 days 00:01:01.693896,1,4,,,,,,,,,,,,,,,,,,,,60,,,,,,,,,,,,,,,,,,,,COMPLETE
413,413,0.8162131309909517,2025-01-06 02:03:45.575668,2025-01-06 02:04:04.321443,0 days 00:00:18.745775,1,1,,,,,,,,,,,,,,,,,,,,60,,,,,,,,,,,,,,,,,,,,COMPLETE
414,414,0.90554023941249,2025-01-06 02:04:04.321823,2025-01-06 02:05:06.233297,0 days 00:01:01.911474,1,5,,,,,,,,,,,,,,,,,,,,45,,,,,,,,,,,,,,,,,,,,COMPLETE
415,415,0.8741317848033779,2025-01-06 02:05:06.233937,2025-01-06 02:05:53.024399,0 days 00:00:46.790462,2,1,4.0,,,,,,,,,,,,,,,,,,,60,30.0,,,,,,,,,,,,,,,,,,,COMPLETE
416,416,0.87480093675592,2025-01-06 02:05:53.025081,2025-01-06 02:06:56.551393,0 days 00:01:03.526312,2,2,8.0,,,,,,,,,,,,,,,,,,,55,20.0,,,,,,,,,,,,,,,,,,,COMPLETE
417,417,0.8756487386950556,2025-01-06 02:06:56.552058,2025-01-06 02:07:11.910469,0 days 00:00:15.358411,1,1,,,,,,,,,,,,,,,,,,,,40,,,,,,,,,,,,,,,,,,,,COMPLETE
418,418,0.8969728189123878,2025-01-06 02:07:11.910874,2025-01-06 02:07:25.717226,0 days 00:00:13.806352,1,2,,,,,,,,,,,,,,,,,,,,25,,,,,,,,,,,,,,,,,,,,COMPLETE
419,419,0.8656877819987147,2025-01-06 02:07:25.717840,2025-01-06 02:08:28.134943,0 days 00:01:02.417103,2,1,12.0,,,,,,,,,,,,,,,,,,,60,15.0,,,,,,,,,,,,,,,,,,,COMPLETE
420,420,0.8540829079507841,2025-01-06 02:08:28.135634,2025-01-06 02:09:00.097329,0 days 00:00:31.961695,1,2,,,,,,,,,,,,,,,,,,,,55,,,,,,,,,,,,,,,,,,,,COMPLETE
421,421,0.8500295587112043,2025-01-06 02:09:00.097707,2025-01-06 02:09:20.713307,0 days 00:00:20.615600,1,1,,,,,,,,,,,,,,,,,,,,60,,,,,,,,,,,,,,,,,,,,COMPLETE
422,422,0.7304978115362829,2025-01-06 02:09:20.713942,2025-01-06 02:09:42.802617,0 days 00:00:22.088675,1,2,,,,,,,,,,,,,,,,,,,,35,,,,,,,,,,,,,,,,,,,,COMPLETE
423,423,0.8584491082356405,2025-01-06 02:09:42.802999,2025-01-06 02:10:00.140568,0 days 00:00:17.337569,2,1,1.0,,,,,,,,,,,,,,,,,,,40,5.0,,,,,,,,,,,,,,,,,,,COMPLETE
424,424,0.8855585297041434,2025-01-06 02:10:00.140967,2025-01-06 02:10:36.847297,0 days 00:00:36.706330,1,3,,,,,,,,,,,,,,,,,,,,55,,,,,,,,,,,,,,,,,,,,COMPLETE
425,425,0.90070062060001,2025-01-06 02:10:36.847959,2025-01-06 02:11:10.961792,0 days 00:00:34.113833,1,2,,,,,,,,,,,,,,,,,,,,60,,,,,,,,,,,,,,,,,,,,COMPLETE
426,426,0.8682413303864408,2025-01-06 02:11:10.962458,2025-01-06 02:12:11.081264,0 days 00:01:00.118806,2,1,13.0,,,,,,,,,,,,,,,,,,,45,20.0,,,,,,,,,,,,,,,,,,,COMPLETE
427,427,0.8976897247241791,2025-01-06 02:12:11.081945,2025-01-06 02:12:52.454400,0 days 00:00:41.372455,1,3,,,,,,,,,,,,,,,,,,,,60,,,,,,,,,,,,,,,,,,,,COMPLETE
428,428,0.7504643383981461,2025-01-06 02:12:52.454927,2025-01-06 02:13:25.731248,0 days 00:00:33.276321,1,2,,,,,,,,,,,,,,,,,,,,60,,,,,,,,,,,,,,,,,,,,COMPLETE
429,429,0.8700863957948617,2025-01-06 02:13:25.731741,2025-01-06 02:15:01.631812,0 days 00:01:35.900071,2,8,5.0,,,,,,,,,,,,,,,,,,,40,20.0,,,,,,,,,,,,,,,,,,,COMPLETE
430,430,0.8977871039665466,2025-01-06 02:15:01.632508,2025-01-06 02:15:21.551048,0 days 00:00:19.918540,1,1,,,,,,,,,,,,,,,,,,,,60,,,,,,,,,,,,,,,,,,,,COMPLETE
431,431,0.6945237625799372,2025-01-06 02:15:21.551432,2025-01-06 02:15:50.679501,0 days 00:00:29.128069,1,2,,,,,,,,,,,,,,,,,,,,50,,,,,,,,,,,,,,,,,,,,COMPLETE
432,432,0.8747338696877607,2025-01-06 02:15:50.680135,2025-01-06 02:17:03.178004,0 days 00:01:12.497869,2,1,8.0,,,,,,,,,,,,,,,,,,,60,30.0,,,,,,,,,,,,,,,,,,,COMPLETE
433,433,0.0,2025-01-06 02:17:03.178689,2025-01-06 02:30:46.091516,0 days 00:13:42.912827,19,2,10.0,2.0,15.0,7.0,6.0,13.0,8.0,4.0,8.0,8.0,,10.0,7.0,14.0,3.0,7.0,6.0,2.0,14.0,55,35.0,40.0,40.0,50.0,15.0,45.0,45.0,50.0,40.0,30.0,,10.0,45.0,50.0,5.0,40.0,35.0,30.0,55.0,COMPLETE
434,434,0.9072377467331421,2025-01-06 02:30:46.092491,2025-01-06 02:31:01.247368,0 days 00:00:15.154877,1,1,,,,,,,,,,,,,,,,,,,,40,,,,,,,,,,,,,,,,,,,,COMPLETE
435,435,0.6098627813103452,2025-01-06 02:31:01.247884,2025-01-06 02:31:34.612395,0 days 00:00:33.364511,1,3,,,,,,,,,,,,,,,,,,,,40,,,,,,,,,,,,,,,,,,,,COMPLETE
436,436,0.888636601942673,2025-01-06 02:31:34.612913,2025-01-06 02:31:48.871692,0 days 00:00:14.258779,1,1,,,,,,,,,,,,,,,,,,,,40,,,,,,,,,,,,,,,,,,,,COMPLETE
437,437,0.8712166543685698,2025-01-06 02:31:48.872050,2025-01-06 02:32:31.128418,0 days 00:00:42.256368,2,2,3.0,,,,,,,,,,,,,,,,,,,40,40.0,,,,,,,,,,,,,,,,,,,COMPLETE
438,438,0.7872946499425553,2025-01-06 02:32:31.129104,2025-01-06 02:32:46.436109,0 days 00:00:15.307005,1,1,,,,,,,,,,,,,,,,,,,,40,,,,,,,,,,,,,,,,,,,,COMPLETE
439,439,0.869558929795228,2025-01-06 02:32:46.436470,2025-01-06 02:33:08.648665,0 days 00:00:22.212195,1,2,,,,,,,,,,,,,,,,,,,,35,,,,,,,,,,,,,,,,,,,,COMPLETE
440,440,0.8615063445229261,2025-01-06 02:33:08.649348,2025-01-06 02:34:30.028584,0 days 00:01:21.379236,2,1,7.0,,,,,,,,,,,,,,,,,,,45,55.0,,,,,,,,,,,,,,,,,,,COMPLETE
441,441,0.8448606424735512,2025-01-06 02:34:30.029274,2025-01-06 02:35:30.668131,0 days 00:01:00.638857,3,2,9.0,,,,,,,,,,,12.0,,,,,,,,40,10.0,,,,,,,,,,,60.0,,,,,,,,COMPLETE
442,442,0.7776887669893684,2025-01-06 02:35:30.668841,2025-01-06 02:35:46.042194,0 days 00:00:15.373353,1,1,,,,,,,,,,,,,,,,,,,,40,,,,,,,,,,,,,,,,,,,,COMPLETE
443,443,0.8619397624489598,2025-01-06 02:35:46.042822,2025-01-06 02:36:12.217106,0 days 00:00:26.174284,1,2,,,,,,,,,,,,,,,,,,,,45,,,,,,,,,,,,,,,,,,,,COMPLETE
444,444,0.8728271028377181,2025-01-06 02:36:12.217522,2025-01-06 02:37:54.496076,0 days 00:01:42.278554,2,1,12.0,,,,,,,,,,,,,,,,,,,35,60.0,,,,,,,,,,,,,,,,,,,COMPLETE
445,445,0.8278244843822814,2025-01-06 02:37:54.496771,2025-01-06 02:38:15.412623,0 days 00:00:20.915852,1,2,,,,,,,,,,,,,,,,,,,,40,,,,,,,,,,,,,,,,,,,,COMPLETE
446,446,0.9113749072812221,2025-01-06 02:38:15.413030,2025-01-06 02:38:32.544020,0 days 00:00:17.130990,1,1,,,,,,,,,,,,,,,,,,,,50,,,,,,,,,,,,,,,,,,,,COMPLETE
447,447,0.8616903719748805,2025-01-06 02:38:32.544658,2025-01-06 02:38:52.377574,0 days 00:00:19.832916,2,1,1.0,,,,,,,,,,,,,,,,,,,50,5.0,,,,,,,,,,,,,,,,,,,COMPLETE
448,448,0.8148428974520685,2025-01-06 02:38:52.377984,2025-01-06 02:39:55.683982,0 days 00:01:03.305998,1,5,,,,,,,,,,,,,,,,,,,,50,,,,,,,,,,,,,,,,,,,,COMPLETE
449,449,0.5501554431262632,2025-01-06 02:39:55.684660,2025-01-06 02:40:37.139903,0 days 00:00:41.455243,1,3,,,,,,,,,,,,,,,,,,,,50,,,,,,,,,,,,,,,,,,,,COMPLETE
450,450,0.8902457209456703,2025-01-06 02:40:37.140579,2025-01-06 02:41:06.634641,0 days 00:00:29.494062,1,2,,,,,,,,,,,,,,,,,,,,50,,,,,,,,,,,,,,,,,,,,COMPLETE
451,451,0.8764841477556962,2025-01-06 02:41:06.635174,2025-01-06 02:42:09.655826,0 days 00:01:03.020652,2,2,4.0,,,,,,,,,,,,,,,,,,,55,40.0,,,,,,,,,,,,,,,,,,,COMPLETE
452,452,0.8772098786936997,2025-01-06 02:42:09.656528,2025-01-06 02:42:27.478764,0 days 00:00:17.822236,1,1,,,,,,,,,,,,,,,,,,,,50,,,,,,,,,,,,,,,,,,,,COMPLETE
453,453,0.8326945624257729,2025-01-06 02:42:27.479167,2025-01-06 02:42:44.482032,0 days 00:00:17.002865,1,1,,,,,,,,,,,,,,,,,,,,55,,,,,,,,,,,,,,,,,,,,COMPLETE
454,454,0.8753649162931394,2025-01-06 02:42:44.482419,2025-01-06 02:43:41.157930,0 days 00:00:56.675511,2,2,6.0,,,,,,,,,,,,,,,,,,,50,25.0,,,,,,,,,,,,,,,,,,,COMPLETE
455,455,0.456762273909899,2025-01-06 02:43:41.158637,2025-01-06 02:44:27.764890,0 days 00:00:46.606253,1,3,,,,,,,,,,,,,,,,,,,,60,,,,,,,,,,,,,,,,,,,,COMPLETE
456,456,0.8987542287959122,2025-01-06 02:44:27.765563,2025-01-06 02:45:02.184291,0 days 00:00:34.418728,1,2,,,,,,,,,,,,,,,,,,,,60,,,,,,,,,,,,,,,,,,,,COMPLETE
457,457,0.8713322139271875,2025-01-06 02:45:02.184951,2025-01-06 02:47:09.976983,0 days 00:02:07.792032,2,1,11.0,,,,,,,,,,,,,,,,,,,50,55.0,,,,,,,,,,,,,,,,,,,COMPLETE
458,458,0.17779704246417083,2025-01-06 02:47:09.977695,2025-01-06 02:49:56.361297,0 days 00:02:46.383602,18,1,13.0,4.0,6.0,10.0,3.0,8.0,12.0,12.0,10.0,,,1.0,14.0,1.0,4.0,10.0,12.0,4.0,1.0,55,35.0,10.0,25.0,15.0,40.0,20.0,15.0,5.0,20.0,,,25.0,60.0,25.0,10.0,50.0,30.0,60.0,10.0,COMPLETE
459,459,0.8943506869299661,2025-01-06 02:49:56.362260,2025-01-06 02:50:16.211712,0 days 00:00:19.849452,1,2,,,,,,,,,,,,,,,,,,,,40,,,,,,,,,,,,,,,,,,,,COMPLETE
460,460,0.877092439489727,2025-01-06 02:50:16.212275,2025-01-06 02:50:29.022859,0 days 00:00:12.810584,1,1,,,,,,,,,,,,,,,,,,,,30,,,,,,,,,,,,,,,,,,,,COMPLETE
461,461,0.8761198762768695,2025-01-06 02:50:29.023336,2025-01-06 02:51:21.915676,0 days 00:00:52.892340,2,3,2.0,,,,,,,,,,,,,,,,,,,55,15.0,,,,,,,,,,,,,,,,,,,COMPLETE
462,462,0.853778756186504,2025-01-06 02:51:21.916374,2025-01-06 02:51:56.164827,0 days 00:00:34.248453,1,2,,,,,,,,,,,,,,,,,,,,60,,,,,,,,,,,,,,,,,,,,COMPLETE
463,463,0.9065998794340283,2025-01-06 02:51:56.165216,2025-01-06 02:53:31.706290,0 days 00:01:35.541074,1,6,,,,,,,,,,,,,,,,,,,,60,,,,,,,,,,,,,,,,,,,,COMPLETE
464,464,0.8731126535440344,2025-01-06 02:53:31.706976,2025-01-06 02:54:19.633389,0 days 00:00:47.926413,2,1,15.0,,,,,,,,,,,,,,,,,,,50,10.0,,,,,,,,,,,,,,,,,,,COMPLETE
465,465,0.8665435893083029,2025-01-06 02:54:19.634092,2025-01-06 02:57:32.330028,0 days 00:03:12.695936,3,2,10.0,,,,,,,,,,,8.0,,,,,,,,55,60.0,,,,,,,,,,,35.0,,,,,,,,COMPLETE
466,466,0.7841920106716189,2025-01-06 02:57:32.330759,2025-01-06 02:57:47.265201,0 days 00:00:14.934442,1,1,,,,,,,,,,,,,,,,,,,,40,,,,,,,,,,,,,,,,,,,,COMPLETE
467,467,0.7892043837412637,2025-01-06 02:57:47.265693,2025-01-06 02:58:21.300751,0 days 00:00:34.035058,1,2,,,,,,,,,,,,,,,,,,,,60,,,,,,,,,,,,,,,,,,,,COMPLETE
468,468,0.5898983694561669,2025-01-06 02:58:21.301146,2025-01-06 02:59:13.765917,0 days 00:00:52.464771,1,4,,,,,,,,,,,,,,,,,,,,60,,,,,,,,,,,,,,,,,,,,COMPLETE
469,469,0.8678559489678336,2025-01-06 02:59:13.766586,2025-01-06 03:00:28.206744,0 days 00:01:14.440158,2,3,14.0,,,,,,,,,,,,,,,,,,,40,20.0,,,,,,,,,,,,,,,,,,,COMPLETE
470,470,0.8760870575014352,2025-01-06 03:00:28.207454,2025-01-06 03:00:45.701419,0 days 00:00:17.493965,1,1,,,,,,,,,,,,,,,,,,,,50,,,,,,,,,,,,,,,,,,,,COMPLETE
471,471,0.8661763566214213,2025-01-06 03:00:45.701808,2025-01-06 03:02:33.900982,0 days 00:01:48.199174,2,2,12.0,,,,,,,,,,,,,,,,,,,60,30.0,,,,,,,,,,,,,,,,,,,COMPLETE
472,472,0.8812648019636523,2025-01-06 03:02:33.901690,2025-01-06 03:02:53.274265,0 days 00:00:19.372575,1,1,,,,,,,,,,,,,,,,,,,,55,,,,,,,,,,,,,,,,,,,,COMPLETE
473,473,0.7812903404963044,2025-01-06 03:02:53.274653,2025-01-06 03:03:27.498131,0 days 00:00:34.223478,1,2,,,,,,,,,,,,,,,,,,,,60,,,,,,,,,,,,,,,,,,,,COMPLETE
474,474,0.8683034951363398,2025-01-06 03:03:27.498814,2025-01-06 03:04:17.482439,0 days 00:00:49.983625,2,1,11.0,,,,,,,,,,,,,,,,,,,35,25.0,,,,,,,,,,,,,,,,,,,COMPLETE
475,475,0.27585726575365055,2025-01-06 03:04:17.483139,2025-01-06 03:06:38.115799,0 days 00:02:20.632660,14,2,5.0,1.0,8.0,3.0,13.0,,,,,,,9.0,13.0,4.0,8.0,13.0,1.0,14.0,7.0,45,35.0,25.0,55.0,30.0,60.0,,,,,,,40.0,40.0,35.0,50.0,5.0,50.0,45.0,25.0,COMPLETE
476,476,0.7835900805935099,2025-01-06 03:06:38.116715,2025-01-06 03:06:57.407435,0 days 00:00:19.290720,1,1,,,,,,,,,,,,,,,,,,,,55,,,,,,,,,,,,,,,,,,,,COMPLETE
477,477,0.8308385420270468,2025-01-06 03:06:57.408148,2025-01-06 03:07:31.683591,0 days 00:00:34.275443,1,2,,,,,,,,,,,,,,,,,,,,60,,,,,,,,,,,,,,,,,,,,COMPLETE
478,478,0.19609916203531924,2025-01-06 03:07:31.684000,2025-01-06 03:08:56.750056,0 days 00:01:25.066056,9,1,9.0,,,,,,,,,,,5.0,11.0,6.0,9.0,8.0,9.0,7.0,,60,5.0,,,,,,,,,,,55.0,30.0,20.0,30.0,10.0,60.0,50.0,,COMPLETE
479,479,0.8593620816364026,2025-01-06 03:08:56.750879,2025-01-06 03:09:09.951084,0 days 00:00:13.200205,1,1,,,,,,,,,,,,,,,,,,,,40,,,,,,,,,,,,,,,,,,,,COMPLETE
480,480,0.8863231728539994,2025-01-06 03:09:09.951489,2025-01-06 03:09:48.543373,0 days 00:00:38.591884,1,3,,,,,,,,,,,,,,,,,,,,60,,,,,,,,,,,,,,,,,,,,COMPLETE
481,481,0.8656040805327354,2025-01-06 03:09:48.544039,2025-01-06 03:12:23.676028,0 days 00:02:35.131989,2,12,4.0,,,,,,,,,,,,,,,,,,,50,10.0,,,,,,,,,,,,,,,,,,,COMPLETE
482,482,0.8701226541740037,2025-01-06 03:12:23.676743,2025-01-06 03:13:49.781419,0 days 00:01:26.104676,2,2,7.0,,,,,,,,,,,,,,,,,,,55,40.0,,,,,,,,,,,,,,,,,,,COMPLETE
483,483,0.48845525428636427,2025-01-06 03:13:49.782137,2025-01-06 03:14:04.487632,0 days 00:00:14.705495,1,1,,,,,,,,,,,,,,,,,,,,40,,,,,,,,,,,,,,,,,,,,COMPLETE
484,484,0.5484885577229088,2025-01-06 03:14:04.488289,2025-01-06 03:14:31.336142,0 days 00:00:26.847853,1,2,,,,,,,,,,,,,,,,,,,,45,,,,,,,,,,,,,,,,,,,,COMPLETE
485,485,0.8827466175516634,2025-01-06 03:14:31.336556,2025-01-06 03:15:18.410015,0 days 00:00:47.073459,2,2,6.0,,,,,,,,,,,,,,,,,,,50,15.0,,,,,,,,,,,,,,,,,,,COMPLETE
486,486,0.8583229950010816,2025-01-06 03:15:18.410737,2025-01-06 03:18:51.998056,0 days 00:03:33.587319,1,14,,,,,,,,,,,,,,,,,,,,60,,,,,,,,,,,,,,,,,,,,COMPLETE
487,487,0.7021407973074213,2025-01-06 03:18:51.998756,2025-01-06 03:19:12.590634,0 days 00:00:20.591878,1,1,,,,,,,,,,,,,,,,,,,,60,,,,,,,,,,,,,,,,,,,,COMPLETE
488,488,0.9089404190596071,2025-01-06 03:19:12.591040,2025-01-06 03:19:48.905200,0 days 00:00:36.314160,1,3,,,,,,,,,,,,,,,,,,,,55,,,,,,,,,,,,,,,,,,,,COMPLETE
489,489,0.8721860305642632,2025-01-06 03:19:48.905873,2025-01-06 03:21:04.049045,0 days 00:01:15.143172,2,3,10.0,,,,,,,,,,,,,,,,,,,40,30.0,,,,,,,,,,,,,,,,,,,COMPLETE
490,490,0.07192570302422213,2025-01-06 03:21:04.049767,2025-01-06 03:22:12.203645,0 days 00:01:08.153878,12,4,3.0,13.0,3.0,,,,,,,,,6.0,2.0,13.0,6.0,6.0,4.0,9.0,9.0,60,55.0,50.0,10.0,,,,,,,,,15.0,5.0,5.0,45.0,20.0,15.0,30.0,35.0,COMPLETE
491,491,0.8640465954057888,2025-01-06 03:22:12.204524,2025-01-06 03:22:57.371021,0 days 00:00:45.166497,1,3,,,,,,,,,,,,,,,,,,,,55,,,,,,,,,,,,,,,,,,,,COMPLETE
492,492,0.26911763083034146,2025-01-06 03:22:57.371701,2025-01-06 03:25:40.700918,0 days 00:02:43.329217,10,3,8.0,,,,,,,,,,,13.0,6.0,15.0,1.0,2.0,7.0,1.0,14.0,40,60.0,,,,,,,,,,,10.0,25.0,55.0,25.0,30.0,5.0,5.0,45.0,COMPLETE
