,number,value,datetime_start,datetime_complete,duration,params_depth,params_grids_0,params_grids_1,params_grids_10,params_grids_11,params_grids_12,params_grids_13,params_grids_14,params_grids_15,params_grids_16,params_grids_17,params_grids_18,params_grids_19,params_grids_2,params_grids_3,params_grids_4,params_grids_5,params_grids_6,params_grids_7,params_grids_8,params_grids_9,params_neurons_layer_0,params_neurons_layer_1,params_neurons_layer_10,params_neurons_layer_11,params_neurons_layer_12,params_neurons_layer_13,params_neurons_layer_14,params_neurons_layer_15,params_neurons_layer_16,params_neurons_layer_17,params_neurons_layer_18,params_neurons_layer_19,params_neurons_layer_2,params_neurons_layer_3,params_neurons_layer_4,params_neurons_layer_5,params_neurons_layer_6,params_neurons_layer_7,params_neurons_layer_8,params_neurons_layer_9,state
956,956,0.9457912457912458,2025-01-06 22:10:15.507182,2025-01-06 22:10:18.713783,0 days 00:00:03.206601,2,1,2.0,,,,,,,,,,,,,,,,,,,60,25.0,,,,,,,,,,,,,,,,,,,COMPLETE
957,957,0.9449925128698073,2025-01-06 22:10:18.714264,2025-01-06 22:10:22.089299,0 days 00:00:03.375035,2,1,2.0,,,,,,,,,,,,,,,,,,,60,20.0,,,,,,,,,,,,,,,,,,,COMPLETE
958,958,0.959070351758794,2025-01-06 22:10:22.089727,2025-01-06 22:10:26.913325,0 days 00:00:04.823598,3,1,3.0,,,,,,,,,,,3.0,,,,,,,,60,25.0,,,,,,,,,,,20.0,,,,,,,,COMPLETE
959,959,0.952972972972973,2025-01-06 22:10:26.913832,2025-01-06 22:10:30.804270,0 days 00:00:03.890438,3,1,2.0,,,,,,,,,,,4.0,,,,,,,,50,25.0,,,,,,,,,,,25.0,,,,,,,,COMPLETE
960,960,0.9516654583031243,2025-01-06 22:10:30.804779,2025-01-06 22:10:34.049804,0 days 00:00:03.245025,2,1,2.0,,,,,,,,,,,,,,,,,,,60,25.0,,,,,,,,,,,,,,,,,,,COMPLETE
961,961,0.9255159539134619,2025-01-06 22:10:34.050255,2025-01-06 22:10:39.769164,0 days 00:00:05.718909,4,1,3.0,,,,,,,,,,,3.0,2.0,,,,,,,55,30.0,,,,,,,,,,,30.0,15.0,,,,,,,COMPLETE
962,962,0.9197118220803951,2025-01-06 22:10:39.769853,2025-01-06 22:10:45.572320,0 days 00:00:05.802467,1,1,,,,,,,,,,,,,,,,,,,,60,,,,,,,,,,,,,,,,,,,,COMPLETE
963,963,0.9614740368509213,2025-01-06 22:10:45.572873,2025-01-06 22:10:49.683146,0 days 00:00:04.110273,3,1,2.0,,,,,,,,,,,4.0,,,,,,,,55,25.0,,,,,,,,,,,10.0,,,,,,,,COMPLETE
964,964,0.95397836450928,2025-01-06 22:10:49.683659,2025-01-06 22:10:53.316497,0 days 00:00:03.632838,2,1,2.0,,,,,,,,,,,,,,,,,,,55,15.0,,,,,,,,,,,,,,,,,,,COMPLETE
965,965,0.9422246250553243,2025-01-06 22:10:53.316931,2025-01-06 22:10:56.969426,0 days 00:00:03.652495,3,1,2.0,,,,,,,,,,,4.0,,,,,,,,55,20.0,,,,,,,,,,,5.0,,,,,,,,COMPLETE
966,966,0.8344840658961928,2025-01-06 22:10:56.969924,2025-01-06 22:11:15.956731,0 days 00:00:18.986807,3,15,2.0,,,,,,,,,,,5.0,,,,,,,,55,25.0,,,,,,,,,,,50.0,,,,,,,,COMPLETE
967,967,0.6308777429467085,2025-01-06 22:11:15.957312,2025-01-06 22:11:23.574095,0 days 00:00:07.616783,4,1,3.0,,,,,,,,,,,4.0,9.0,,,,,,,55,25.0,,,,,,,,,,,10.0,30.0,,,,,,,COMPLETE
968,968,0.947361809045226,2025-01-06 22:11:23.574687,2025-01-06 22:11:26.713583,0 days 00:00:03.138896,2,1,2.0,,,,,,,,,,,,,,,,,,,55,30.0,,,,,,,,,,,,,,,,,,,COMPLETE
969,969,0.9422048885452039,2025-01-06 22:11:26.714019,2025-01-06 22:11:31.393719,0 days 00:00:04.679700,3,1,3.0,,,,,,,,,,,4.0,,,,,,,,55,30.0,,,,,,,,,,,10.0,,,,,,,,COMPLETE
970,970,0.950968794051798,2025-01-06 22:11:31.394233,2025-01-06 22:11:34.840891,0 days 00:00:03.446658,2,1,2.0,,,,,,,,,,,,,,,,,,,55,25.0,,,,,,,,,,,,,,,,,,,COMPLETE
971,971,0.5986911113462208,2025-01-06 22:11:34.841360,2025-01-06 22:11:50.908854,0 days 00:00:16.067494,4,10,2.0,,,,,,,,,,,4.0,6.0,,,,,,,55,20.0,,,,,,,,,,,10.0,40.0,,,,,,,COMPLETE
972,972,0.7557313804817262,2025-01-06 22:11:50.909606,2025-01-06 22:11:56.540317,0 days 00:00:05.630711,3,1,2.0,,,,,,,,,,,14.0,,,,,,,,55,25.0,,,,,,,,,,,10.0,,,,,,,,COMPLETE
973,973,0.9184319825775842,2025-01-06 22:11:56.540946,2025-01-06 22:12:04.628162,0 days 00:00:08.087216,1,2,,,,,,,,,,,,,,,,,,,,55,,,,,,,,,,,,,,,,,,,,COMPLETE
974,974,0.9550493974836081,2025-01-06 22:12:04.628621,2025-01-06 22:12:08.037602,0 days 00:00:03.408981,2,1,2.0,,,,,,,,,,,,,,,,,,,55,30.0,,,,,,,,,,,,,,,,,,,COMPLETE
975,975,0.9178076021070354,2025-01-06 22:12:08.038081,2025-01-06 22:12:13.882599,0 days 00:00:05.844518,3,2,3.0,,,,,,,,,,,4.0,,,,,,,,55,25.0,,,,,,,,,,,10.0,,,,,,,,COMPLETE
976,976,0.6462477935213015,2025-01-06 22:12:13.883197,2025-01-06 22:12:21.013622,0 days 00:00:07.130425,4,1,2.0,,,,,,,,,,,5.0,5.0,,,,,,,50,30.0,,,,,,,,,,,5.0,25.0,,,,,,,COMPLETE
977,977,0.9515050167224081,2025-01-06 22:12:21.014205,2025-01-06 22:12:24.729501,0 days 00:00:03.715296,3,1,2.0,,,,,,,,,,,5.0,,,,,,,,60,20.0,,,,,,,,,,,5.0,,,,,,,,COMPLETE
978,978,0.944996180290298,2025-01-06 22:12:24.729973,2025-01-06 22:12:31.230361,0 days 00:00:06.500388,2,7,3.0,,,,,,,,,,,,,,,,,,,60,25.0,,,,,,,,,,,,,,,,,,,COMPLETE
979,979,0.9658041179744018,2025-01-06 22:12:31.230831,2025-01-06 22:12:34.565961,0 days 00:00:03.335130,2,1,2.0,,,,,,,,,,,,,,,,,,,60,25.0,,,,,,,,,,,,,,,,,,,COMPLETE
980,980,0.9097814996391509,2025-01-06 22:12:34.566422,2025-01-06 22:12:41.061050,0 days 00:00:06.494628,1,1,,,,,,,,,,,,,,,,,,,,55,,,,,,,,,,,,,,,,,,,,COMPLETE
981,981,0.8683541723294373,2025-01-06 22:12:41.061526,2025-01-06 22:12:49.085580,0 days 00:00:08.024054,1,2,,,,,,,,,,,,,,,,,,,,55,,,,,,,,,,,,,,,,,,,,COMPLETE
982,982,0.9210535817446563,2025-01-06 22:12:49.086044,2025-01-06 22:12:55.410031,0 days 00:00:06.323987,1,1,,,,,,,,,,,,,,,,,,,,50,,,,,,,,,,,,,,,,,,,,COMPLETE
983,983,0.9618545246529229,2025-01-06 22:12:55.410500,2025-01-06 22:12:59.111935,0 days 00:00:03.701435,2,1,2.0,,,,,,,,,,,,,,,,,,,60,25.0,,,,,,,,,,,,,,,,,,,COMPLETE
984,984,0.9269638029098735,2025-01-06 22:12:59.112402,2025-01-06 22:13:07.436567,0 days 00:00:08.324165,1,2,,,,,,,,,,,,,,,,,,,,60,,,,,,,,,,,,,,,,,,,,COMPLETE
985,985,0.9156486329261198,2025-01-06 22:13:07.437282,2025-01-06 22:13:13.974484,0 days 00:00:06.537202,1,1,,,,,,,,,,,,,,,,,,,,60,,,,,,,,,,,,,,,,,,,,COMPLETE
986,986,0.9567327524868701,2025-01-06 22:13:13.974983,2025-01-06 22:13:17.382097,0 days 00:00:03.407114,2,1,2.0,,,,,,,,,,,,,,,,,,,60,30.0,,,,,,,,,,,,,,,,,,,COMPLETE
987,987,0.95,2025-01-06 22:13:17.382536,2025-01-06 22:13:20.568078,0 days 00:00:03.185542,2,1,2.0,,,,,,,,,,,,,,,,,,,60,25.0,,,,,,,,,,,,,,,,,,,COMPLETE
988,988,0.9489375171571511,2025-01-06 22:13:20.568524,2025-01-06 22:13:24.163096,0 days 00:00:03.594572,2,2,2.0,,,,,,,,,,,,,,,,,,,60,25.0,,,,,,,,,,,,,,,,,,,COMPLETE
989,989,0.9373563218390805,2025-01-06 22:13:24.163535,2025-01-06 22:13:30.857615,0 days 00:00:06.694080,1,1,,,,,,,,,,,,,,,,,,,,60,,,,,,,,,,,,,,,,,,,,COMPLETE
990,990,0.9534199925246065,2025-01-06 22:13:30.858072,2025-01-06 22:13:34.330174,0 days 00:00:03.472102,2,1,3.0,,,,,,,,,,,,,,,,,,,60,30.0,,,,,,,,,,,,,,,,,,,COMPLETE
991,991,0.9346997392674391,2025-01-06 22:13:34.330620,2025-01-06 22:13:40.571114,0 days 00:00:06.240494,2,1,14.0,,,,,,,,,,,,,,,,,,,60,20.0,,,,,,,,,,,,,,,,,,,COMPLETE
992,992,0.9364084579911013,2025-01-06 22:13:40.571565,2025-01-06 22:13:49.259216,0 days 00:00:08.687651,2,11,2.0,,,,,,,,,,,,,,,,,,,60,25.0,,,,,,,,,,,,,,,,,,,COMPLETE
993,993,0.8894704293200534,2025-01-06 22:13:49.259680,2025-01-06 22:13:55.799976,0 days 00:00:06.540296,1,1,,,,,,,,,,,,,,,,,,,,60,,,,,,,,,,,,,,,,,,,,COMPLETE
994,994,0.9489532388811392,2025-01-06 22:13:55.800459,2025-01-06 22:13:59.556382,0 days 00:00:03.755923,2,6,2.0,,,,,,,,,,,,,,,,,,,60,25.0,,,,,,,,,,,,,,,,,,,COMPLETE
995,995,0.9456785780100854,2025-01-06 22:13:59.556800,2025-01-06 22:14:02.886205,0 days 00:00:03.329405,2,1,2.0,,,,,,,,,,,,,,,,,,,60,30.0,,,,,,,,,,,,,,,,,,,COMPLETE
996,996,0.9557264184129856,2025-01-06 22:14:02.886650,2025-01-06 22:14:07.157907,0 days 00:00:04.271257,2,2,2.0,,,,,,,,,,,,,,,,,,,55,25.0,,,,,,,,,,,,,,,,,,,COMPLETE
997,997,0.9599425839987736,2025-01-06 22:14:07.158390,2025-01-06 22:14:10.947571,0 days 00:00:03.789181,2,1,3.0,,,,,,,,,,,,,,,,,,,60,25.0,,,,,,,,,,,,,,,,,,,COMPLETE
998,998,0.9253287275007246,2025-01-06 22:14:10.948162,2025-01-06 22:14:16.780514,0 days 00:00:05.832352,1,1,,,,,,,,,,,,,,,,,,,,50,,,,,,,,,,,,,,,,,,,,COMPLETE
999,999,0.950785780270905,2025-01-06 22:14:16.781153,2025-01-06 22:14:20.005770,0 days 00:00:03.224617,2,2,2.0,,,,,,,,,,,,,,,,,,,60,30.0,,,,,,,,,,,,,,,,,,,COMPLETE
