,number,value,datetime_start,datetime_complete,duration,params_depth,params_grids_0,params_grids_1,params_grids_10,params_grids_11,params_grids_12,params_grids_13,params_grids_14,params_grids_15,params_grids_16,params_grids_17,params_grids_18,params_grids_19,params_grids_2,params_grids_3,params_grids_4,params_grids_5,params_grids_6,params_grids_7,params_grids_8,params_grids_9,params_neurons_layer_0,params_neurons_layer_1,params_neurons_layer_10,params_neurons_layer_11,params_neurons_layer_12,params_neurons_layer_13,params_neurons_layer_14,params_neurons_layer_15,params_neurons_layer_16,params_neurons_layer_17,params_neurons_layer_18,params_neurons_layer_19,params_neurons_layer_2,params_neurons_layer_3,params_neurons_layer_4,params_neurons_layer_5,params_neurons_layer_6,params_neurons_layer_7,params_neurons_layer_8,params_neurons_layer_9,state
367,367,0.871628198113384,2025-01-03 22:08:16.805125,2025-01-03 22:12:06.983140,0 days 00:03:50.178015,2,8,9.0,,,,,,,,,,,,,,,,,,,50,35.0,,,,,,,,,,,,,,,,,,,COMPLETE
368,368,0.9005231535950894,2025-01-03 22:12:06.983831,2025-01-03 22:16:54.150898,0 days 00:04:47.167067,1,15,,,,,,,,,,,,,,,,,,,,50,,,,,,,,,,,,,,,,,,,,COMPLETE
369,369,0.8763684412233932,2025-01-03 22:16:54.151576,2025-01-03 22:19:26.877632,0 days 00:02:32.726056,1,8,,,,,,,,,,,,,,,,,,,,50,,,,,,,,,,,,,,,,,,,,COMPLETE
370,370,0.8721415363086611,2025-01-03 22:19:26.878301,2025-01-03 22:25:52.626352,0 days 00:06:25.748051,2,15,12.0,,,,,,,,,,,,,,,,,,,50,40.0,,,,,,,,,,,,,,,,,,,COMPLETE
371,371,0.9005796382542876,2025-01-03 22:25:52.627054,2025-01-03 22:28:03.582418,0 days 00:02:10.955364,1,7,,,,,,,,,,,,,,,,,,,,50,,,,,,,,,,,,,,,,,,,,COMPLETE
372,372,0.9130558851778005,2025-01-03 22:28:03.583102,2025-01-03 22:30:23.062343,0 days 00:02:19.479241,1,8,,,,,,,,,,,,,,,,,,,,45,,,,,,,,,,,,,,,,,,,,COMPLETE
373,373,0.46870674321463046,2025-01-03 22:30:23.063008,2025-01-03 22:33:12.525797,0 days 00:02:49.462789,1,8,,,,,,,,,,,,,,,,,,,,55,,,,,,,,,,,,,,,,,,,,COMPLETE
374,374,0.8675811679657173,2025-01-03 22:33:12.526473,2025-01-03 22:36:13.416859,0 days 00:03:00.890386,2,8,14.0,,,,,,,,,,,,,,,,,,,45,15.0,,,,,,,,,,,,,,,,,,,COMPLETE
375,375,0.4739536810495024,2025-01-03 22:36:13.417554,2025-01-03 22:39:06.651204,0 days 00:02:53.233650,1,9,,,,,,,,,,,,,,,,,,,,50,,,,,,,,,,,,,,,,,,,,COMPLETE
376,376,0.8916980418070937,2025-01-03 22:39:06.651894,2025-01-03 22:41:15.569174,0 days 00:02:08.917280,1,7,,,,,,,,,,,,,,,,,,,,45,,,,,,,,,,,,,,,,,,,,COMPLETE
377,377,0.8753127461924292,2025-01-03 22:41:15.569848,2025-01-03 22:43:57.605586,0 days 00:02:42.035738,2,8,8.0,,,,,,,,,,,,,,,,,,,40,25.0,,,,,,,,,,,,,,,,,,,COMPLETE
378,378,0.7795337041627097,2025-01-03 22:43:57.606286,2025-01-03 22:48:24.049883,0 days 00:04:26.443597,1,14,,,,,,,,,,,,,,,,,,,,50,,,,,,,,,,,,,,,,,,,,COMPLETE
379,379,0.28915997609838884,2025-01-03 22:48:24.050566,2025-01-03 22:54:02.135554,0 days 00:05:38.084988,6,9,10.0,,,,,,,,,,,6.0,10.0,9.0,15.0,,,,,55,10.0,,,,,,,,,,,20.0,5.0,40.0,35.0,,,,,COMPLETE
380,380,0.8413132332820006,2025-01-03 22:54:02.136342,2025-01-03 22:56:20.539242,0 days 00:02:18.402900,1,8,,,,,,,,,,,,,,,,,,,,45,,,,,,,,,,,,,,,,,,,,COMPLETE
381,381,0.8724119750304419,2025-01-03 22:56:20.539926,2025-01-03 22:57:40.149161,0 days 00:01:19.609235,2,7,1.0,,,,,,,,,,,,,,,,,,,25,30.0,,,,,,,,,,,,,,,,,,,COMPLETE
382,382,0.8114277061630206,2025-01-03 22:57:40.149832,2025-01-03 23:00:35.766233,0 days 00:02:55.616401,1,9,,,,,,,,,,,,,,,,,,,,50,,,,,,,,,,,,,,,,,,,,COMPLETE
383,383,0.8740095043125797,2025-01-03 23:00:35.766908,2025-01-03 23:04:09.302529,0 days 00:03:33.535621,2,8,10.0,,,,,,,,,,,,,,,,,,,45,35.0,,,,,,,,,,,,,,,,,,,COMPLETE
384,384,0.8660498242383574,2025-01-03 23:04:09.303239,2025-01-03 23:06:23.742033,0 days 00:02:14.438794,3,9,13.0,,,,,,,,,,,5.0,,,,,,,,20,25.0,,,,,,,,,,,50.0,,,,,,,,COMPLETE
385,385,0.8576143421684541,2025-01-03 23:06:23.742754,2025-01-03 23:07:57.956723,0 days 00:01:34.213969,1,8,,,,,,,,,,,,,,,,,,,,30,,,,,,,,,,,,,,,,,,,,COMPLETE
386,386,0.9062853810549103,2025-01-03 23:07:57.957404,2025-01-03 23:10:35.393230,0 days 00:02:37.435826,1,9,,,,,,,,,,,,,,,,,,,,45,,,,,,,,,,,,,,,,,,,,COMPLETE
387,387,0.7872387628082836,2025-01-03 23:10:35.393908,2025-01-03 23:13:17.860375,0 days 00:02:42.466467,1,9,,,,,,,,,,,,,,,,,,,,45,,,,,,,,,,,,,,,,,,,,COMPLETE
388,388,0.8717556613074803,2025-01-03 23:13:17.861065,2025-01-03 23:16:17.059184,0 days 00:02:59.198119,2,9,4.0,,,,,,,,,,,,,,,,,,,45,20.0,,,,,,,,,,,,,,,,,,,COMPLETE
389,389,0.6967670986946138,2025-01-03 23:16:17.059884,2025-01-03 23:20:06.527275,0 days 00:03:49.467391,1,13,,,,,,,,,,,,,,,,,,,,45,,,,,,,,,,,,,,,,,,,,COMPLETE
390,390,0.2996839938819972,2025-01-03 23:20:06.527956,2025-01-03 23:25:52.024022,0 days 00:05:45.496066,10,9,3.0,,,,,,,,,,,7.0,8.0,3.0,5.0,2.0,4.0,7.0,10.0,45,35.0,,,,,,,,,,,30.0,45.0,5.0,50.0,45.0,55.0,5.0,15.0,COMPLETE
391,391,0.6695407330430887,2025-01-03 23:25:52.024866,2025-01-03 23:28:34.842169,0 days 00:02:42.817303,1,11,,,,,,,,,,,,,,,,,,,,40,,,,,,,,,,,,,,,,,,,,COMPLETE
392,392,0.8673474219054913,2025-01-03 23:28:34.842867,2025-01-03 23:33:03.729414,0 days 00:04:28.886547,2,9,11.0,,,,,,,,,,,,,,,,,,,45,45.0,,,,,,,,,,,,,,,,,,,COMPLETE
393,393,0.8970517652182124,2025-01-03 23:33:03.730125,2025-01-03 23:38:25.131355,0 days 00:05:21.401230,1,15,,,,,,,,,,,,,,,,,,,,55,,,,,,,,,,,,,,,,,,,,COMPLETE
394,394,0.8614301036003874,2025-01-03 23:38:25.132046,2025-01-03 23:41:06.777834,0 days 00:02:41.645788,1,9,,,,,,,,,,,,,,,,,,,,45,,,,,,,,,,,,,,,,,,,,COMPLETE
395,395,0.9038326300112627,2025-01-03 23:41:06.778533,2025-01-03 23:43:46.017723,0 days 00:02:39.239190,1,10,,,,,,,,,,,,,,,,,,,,45,,,,,,,,,,,,,,,,,,,,COMPLETE
396,396,0.8675665546752303,2025-01-03 23:43:46.018407,2025-01-03 23:48:22.764802,0 days 00:04:36.746395,2,9,12.0,,,,,,,,,,,,,,,,,,,45,45.0,,,,,,,,,,,,,,,,,,,COMPLETE
397,397,0.6400294221046148,2025-01-03 23:48:22.765519,2025-01-03 23:51:43.493687,0 days 00:03:20.728168,1,10,,,,,,,,,,,,,,,,,,,,55,,,,,,,,,,,,,,,,,,,,COMPLETE
398,398,0.8464747012048641,2025-01-03 23:51:43.494382,2025-01-03 23:54:10.681779,0 days 00:02:27.187397,1,9,,,,,,,,,,,,,,,,,,,,45,,,,,,,,,,,,,,,,,,,,COMPLETE
399,399,0.8725244435349626,2025-01-03 23:54:10.682472,2025-01-03 23:56:30.554804,0 days 00:02:19.872332,2,8,6.0,,,,,,,,,,,,,,,,,,,40,15.0,,,,,,,,,,,,,,,,,,,COMPLETE
400,400,0.293260545851886,2025-01-03 23:56:30.555501,2025-01-04 00:07:02.495624,0 days 00:10:31.940123,11,14,2.0,6.0,,,,,,,,,,11.0,1.0,1.0,4.0,6.0,14.0,7.0,8.0,45,50.0,10.0,,,,,,,,,,40.0,25.0,15.0,20.0,15.0,60.0,50.0,40.0,COMPLETE
401,401,0.8826018961554378,2025-01-04 00:07:02.496522,2025-01-04 00:08:36.962412,0 days 00:01:34.465890,1,8,,,,,,,,,,,,,,,,,,,,30,,,,,,,,,,,,,,,,,,,,COMPLETE
402,402,0.8887607671234301,2025-01-04 00:08:36.963121,2025-01-04 00:10:45.981331,0 days 00:02:09.018210,1,9,,,,,,,,,,,,,,,,,,,,35,,,,,,,,,,,,,,,,,,,,COMPLETE
403,403,0.27975306467705413,2025-01-04 00:10:45.982020,2025-01-04 00:19:13.353768,0 days 00:08:27.371748,7,15,15.0,,,,,,,,,,,2.0,11.0,10.0,1.0,15.0,,,,25,40.0,,,,,,,,,,,10.0,55.0,45.0,45.0,35.0,,,,COMPLETE
404,404,0.8697564693675999,2025-01-04 00:19:13.354592,2025-01-04 00:22:48.492147,0 days 00:03:35.137555,2,10,4.0,,,,,,,,,,,,,,,,,,,55,5.0,,,,,,,,,,,,,,,,,,,COMPLETE
405,405,0.7976294986845918,2025-01-04 00:22:48.492854,2025-01-04 00:25:05.945783,0 days 00:02:17.452929,1,8,,,,,,,,,,,,,,,,,,,,45,,,,,,,,,,,,,,,,,,,,COMPLETE
406,406,0.9016937368958744,2025-01-04 00:25:05.946470,2025-01-04 00:28:13.511573,0 days 00:03:07.565103,1,9,,,,,,,,,,,,,,,,,,,,55,,,,,,,,,,,,,,,,,,,,COMPLETE
407,407,0.8685667630539466,2025-01-04 00:28:13.512269,2025-01-04 00:31:38.227032,0 days 00:03:24.714763,2,11,7.0,,,,,,,,,,,,,,,,,,,40,30.0,,,,,,,,,,,,,,,,,,,COMPLETE
408,408,0.8537979343024796,2025-01-04 00:31:38.227727,2025-01-04 00:32:58.646942,0 days 00:01:20.419215,1,8,,,,,,,,,,,,,,,,,,,,25,,,,,,,,,,,,,,,,,,,,COMPLETE
409,409,0.9103162010880194,2025-01-04 00:32:58.647615,2025-01-04 00:35:33.393743,0 days 00:02:34.746128,1,7,,,,,,,,,,,,,,,,,,,,55,,,,,,,,,,,,,,,,,,,,COMPLETE
410,410,0.876273055061723,2025-01-04 00:35:33.394449,2025-01-04 00:39:24.572293,0 days 00:03:51.177844,2,6,9.0,,,,,,,,,,,,,,,,,,,45,60.0,,,,,,,,,,,,,,,,,,,COMPLETE
411,411,0.9101528423879401,2025-01-04 00:39:24.572997,2025-01-04 00:41:33.789395,0 days 00:02:09.216398,1,7,,,,,,,,,,,,,,,,,,,,45,,,,,,,,,,,,,,,,,,,,COMPLETE
412,412,0.8683695052945719,2025-01-04 00:41:33.790097,2025-01-04 00:44:08.427631,0 days 00:02:34.637534,1,7,,,,,,,,,,,,,,,,,,,,55,,,,,,,,,,,,,,,,,,,,COMPLETE
413,413,0.6748494658312245,2025-01-04 00:44:08.428340,2025-01-04 00:45:54.847961,0 days 00:01:46.419621,1,6,,,,,,,,,,,,,,,,,,,,45,,,,,,,,,,,,,,,,,,,,COMPLETE
414,414,0.8691798272560753,2025-01-04 00:45:54.848657,2025-01-04 00:48:45.307372,0 days 00:02:50.458715,2,7,7.0,,,,,,,,,,,,,,,,,,,50,20.0,,,,,,,,,,,,,,,,,,,COMPLETE
415,415,0.2640472710953592,2025-01-04 00:48:45.308096,2025-01-04 00:52:33.092602,0 days 00:03:47.784506,5,7,8.0,,,,,,,,,,,4.0,13.0,6.0,,,,,,55,25.0,,,,,,,,,,,5.0,10.0,55.0,,,,,,COMPLETE
416,416,0.8006020066889632,2025-01-04 00:52:33.093381,2025-01-04 00:54:18.150327,0 days 00:01:45.056946,1,6,,,,,,,,,,,,,,,,,,,,45,,,,,,,,,,,,,,,,,,,,COMPLETE
417,417,0.7920453566299707,2025-01-04 00:54:18.151033,2025-01-04 00:56:08.340269,0 days 00:01:50.189236,1,7,,,,,,,,,,,,,,,,,,,,40,,,,,,,,,,,,,,,,,,,,COMPLETE
418,418,0.8906901826877391,2025-01-04 00:56:08.340945,2025-01-04 00:58:19.503233,0 days 00:02:11.162288,1,7,,,,,,,,,,,,,,,,,,,,50,,,,,,,,,,,,,,,,,,,,COMPLETE
419,419,0.8778635153039265,2025-01-04 00:58:19.503929,2025-01-04 01:00:20.128570,0 days 00:02:00.624641,2,6,1.0,,,,,,,,,,,,,,,,,,,50,10.0,,,,,,,,,,,,,,,,,,,COMPLETE
420,420,0.899743601258257,2025-01-04 01:00:20.129283,2025-01-04 01:02:38.566720,0 days 00:02:18.437437,1,7,,,,,,,,,,,,,,,,,,,,50,,,,,,,,,,,,,,,,,,,,COMPLETE
421,421,0.879467311433787,2025-01-04 01:02:38.567408,2025-01-04 01:04:26.272050,0 days 00:01:47.704642,1,7,,,,,,,,,,,,,,,,,,,,40,,,,,,,,,,,,,,,,,,,,COMPLETE
422,422,0.8692286259972919,2025-01-04 01:04:26.272748,2025-01-04 01:07:52.322742,0 days 00:03:26.049994,2,8,11.0,,,,,,,,,,,,,,,,,,,45,30.0,,,,,,,,,,,,,,,,,,,COMPLETE
423,423,0.8231045835468209,2025-01-04 01:07:52.323462,2025-01-04 01:10:42.242318,0 days 00:02:49.918856,1,8,,,,,,,,,,,,,,,,,,,,55,,,,,,,,,,,,,,,,,,,,COMPLETE
424,424,0.8712481604157967,2025-01-04 01:10:42.243008,2025-01-04 01:13:22.643117,0 days 00:02:40.400109,3,7,2.0,,,,,,,,,,,9.0,,,,,,,,45,15.0,,,,,,,,,,,45.0,,,,,,,,COMPLETE
425,425,0.4914090582902465,2025-01-04 01:13:22.643860,2025-01-04 01:15:41.671707,0 days 00:02:19.027847,1,8,,,,,,,,,,,,,,,,,,,,45,,,,,,,,,,,,,,,,,,,,COMPLETE
426,426,0.8735790665579906,2025-01-04 01:15:41.672411,2025-01-04 01:20:34.325537,0 days 00:04:52.653126,2,10,14.0,,,,,,,,,,,,,,,,,,,45,40.0,,,,,,,,,,,,,,,,,,,COMPLETE
427,427,0.8553493641537273,2025-01-04 01:20:34.326260,2025-01-04 01:22:26.387618,0 days 00:01:52.061358,1,5,,,,,,,,,,,,,,,,,,,,55,,,,,,,,,,,,,,,,,,,,COMPLETE
428,428,0.896843037295967,2025-01-04 01:22:26.388307,2025-01-04 01:24:34.602551,0 days 00:02:08.214244,1,7,,,,,,,,,,,,,,,,,,,,45,,,,,,,,,,,,,,,,,,,,COMPLETE
429,429,0.8565323613364528,2025-01-04 01:24:34.603253,2025-01-04 01:27:22.944214,0 days 00:02:48.340961,1,8,,,,,,,,,,,,,,,,,,,,55,,,,,,,,,,,,,,,,,,,,COMPLETE
430,430,0.866668180570042,2025-01-04 01:27:22.944910,2025-01-04 01:31:31.850893,0 days 00:04:08.905983,2,10,5.0,,,,,,,,,,,,,,,,,,,50,50.0,,,,,,,,,,,,,,,,,,,COMPLETE
431,431,0.6849857321409153,2025-01-04 01:31:31.851619,2025-01-04 01:34:05.022184,0 days 00:02:33.170565,1,8,,,,,,,,,,,,,,,,,,,,50,,,,,,,,,,,,,,,,,,,,COMPLETE
432,432,0.8765006189456838,2025-01-04 01:34:05.022896,2025-01-04 01:36:18.779367,0 days 00:02:13.756471,2,13,10.0,,,,,,,,,,,,,,,,,,,25,5.0,,,,,,,,,,,,,,,,,,,COMPLETE
433,433,0.9109296039587422,2025-01-04 01:36:18.780078,2025-01-04 01:39:13.395470,0 days 00:02:54.615392,1,10,,,,,,,,,,,,,,,,,,,,45,,,,,,,,,,,,,,,,,,,,COMPLETE
434,434,0.7251207087486158,2025-01-04 01:39:13.396192,2025-01-04 01:42:39.570322,0 days 00:03:26.174130,1,10,,,,,,,,,,,,,,,,,,,,55,,,,,,,,,,,,,,,,,,,,COMPLETE
435,435,0.8898404462304093,2025-01-04 01:42:39.571025,2025-01-04 01:45:29.185175,0 days 00:02:49.614150,1,10,,,,,,,,,,,,,,,,,,,,45,,,,,,,,,,,,,,,,,,,,COMPLETE
436,436,0.8667339172352306,2025-01-04 01:45:29.185874,2025-01-04 01:53:04.709738,0 days 00:07:35.523864,2,10,15.0,,,,,,,,,,,,,,,,,,,60,55.0,,,,,,,,,,,,,,,,,,,COMPLETE
437,437,0.4316845445193208,2025-01-04 01:53:04.710467,2025-01-04 01:59:33.023461,0 days 00:06:28.312994,8,10,3.0,,,,,,,,,,,14.0,7.0,13.0,7.0,1.0,2.0,,,50,25.0,,,,,,,,,,,25.0,50.0,25.0,5.0,60.0,30.0,,,COMPLETE
438,438,0.8878899016626276,2025-01-04 01:59:33.024313,2025-01-04 02:02:26.009802,0 days 00:02:52.985489,1,10,,,,,,,,,,,,,,,,,,,,45,,,,,,,,,,,,,,,,,,,,COMPLETE
439,439,0.9109736938144617,2025-01-04 02:02:26.010523,2025-01-04 02:05:15.302998,0 days 00:02:49.292475,1,11,,,,,,,,,,,,,,,,,,,,40,,,,,,,,,,,,,,,,,,,,COMPLETE
440,440,0.8712283648835775,2025-01-04 02:05:15.303717,2025-01-04 02:08:39.832172,0 days 00:03:24.528455,2,11,9.0,,,,,,,,,,,,,,,,,,,35,35.0,,,,,,,,,,,,,,,,,,,COMPLETE
441,441,0.8684881331065419,2025-01-04 02:08:39.832898,2025-01-04 02:11:32.116425,0 days 00:02:52.283527,1,12,,,,,,,,,,,,,,,,,,,,40,,,,,,,,,,,,,,,,,,,,COMPLETE
442,442,0.9078603454198699,2025-01-04 02:11:32.117138,2025-01-04 02:14:03.544261,0 days 00:02:31.427123,1,11,,,,,,,,,,,,,,,,,,,,35,,,,,,,,,,,,,,,,,,,,COMPLETE
443,443,0.8803924307219329,2025-01-04 02:14:03.544976,2025-01-04 02:17:35.239821,0 days 00:03:31.694845,2,11,6.0,,,,,,,,,,,,,,,,,,,35,60.0,,,,,,,,,,,,,,,,,,,COMPLETE
444,444,0.7771553765517195,2025-01-04 02:17:35.240552,2025-01-04 02:20:09.254172,0 days 00:02:34.013620,1,11,,,,,,,,,,,,,,,,,,,,35,,,,,,,,,,,,,,,,,,,,COMPLETE
445,445,0.8720091579422576,2025-01-04 02:20:09.254878,2025-01-04 02:24:22.687605,0 days 00:04:13.432727,2,11,13.0,,,,,,,,,,,,,,,,,,,35,45.0,,,,,,,,,,,,,,,,,,,COMPLETE
446,446,0.803071000384975,2025-01-04 02:24:22.688345,2025-01-04 02:27:25.425530,0 days 00:03:02.737185,1,13,,,,,,,,,,,,,,,,,,,,35,,,,,,,,,,,,,,,,,,,,COMPLETE
447,447,0.8652040767575382,2025-01-04 02:27:25.426237,2025-01-04 02:30:49.752506,0 days 00:03:24.326269,3,12,12.0,,,,,,,,,,,1.0,,,,,,,,35,20.0,,,,,,,,,,,55.0,,,,,,,,COMPLETE
448,448,0.8419602477015695,2025-01-04 02:30:49.753259,2025-01-04 02:33:16.944326,0 days 00:02:27.191067,1,12,,,,,,,,,,,,,,,,,,,,35,,,,,,,,,,,,,,,,,,,,COMPLETE
449,449,0.9064004237024887,2025-01-04 02:33:16.945048,2025-01-04 02:34:54.823943,0 days 00:01:37.878895,1,9,,,,,,,,,,,,,,,,,,,,30,,,,,,,,,,,,,,,,,,,,COMPLETE
450,450,0.8770467743189849,2025-01-04 02:34:54.824653,2025-01-04 02:36:34.385426,0 days 00:01:39.560773,2,6,2.0,,,,,,,,,,,,,,,,,,,40,10.0,,,,,,,,,,,,,,,,,,,COMPLETE
451,451,0.8367779332175238,2025-01-04 02:36:34.386148,2025-01-04 02:38:37.948942,0 days 00:02:03.562794,1,8,,,,,,,,,,,,,,,,,,,,40,,,,,,,,,,,,,,,,,,,,COMPLETE
452,452,0.8413583190919158,2025-01-04 02:38:37.949660,2025-01-04 02:40:18.132290,0 days 00:01:40.182630,1,9,,,,,,,,,,,,,,,,,,,,35,,,,,,,,,,,,,,,,,,,,COMPLETE
453,453,0.9084234500967521,2025-01-04 02:40:18.132976,2025-01-04 02:42:22.351843,0 days 00:02:04.218867,1,8,,,,,,,,,,,,,,,,,,,,40,,,,,,,,,,,,,,,,,,,,COMPLETE
454,454,0.29493975371653497,2025-01-04 02:42:22.352563,2025-01-04 02:48:46.458118,0 days 00:06:24.105555,15,8,5.0,3.0,10.0,15.0,6.0,5.0,,,,,,12.0,9.0,12.0,3.0,12.0,7.0,14.0,13.0,40,30.0,55.0,20.0,40.0,60.0,20.0,,,,,,35.0,20.0,35.0,15.0,5.0,5.0,55.0,40.0,COMPLETE
455,455,0.2911397361171184,2025-01-04 02:48:46.459092,2025-01-04 02:53:43.665219,0 days 00:04:57.206127,19,8,11.0,9.0,6.0,2.0,3.0,13.0,4.0,4.0,9.0,15.0,,3.0,3.0,4.0,14.0,4.0,10.0,2.0,12.0,35,50.0,40.0,50.0,25.0,40.0,45.0,35.0,40.0,60.0,35.0,,20.0,15.0,30.0,60.0,20.0,35.0,45.0,25.0,COMPLETE
456,456,0.8305409303519253,2025-01-04 02:53:43.666285,2025-01-04 02:55:46.865433,0 days 00:02:03.199148,1,8,,,,,,,,,,,,,,,,,,,,40,,,,,,,,,,,,,,,,,,,,COMPLETE
457,457,0.8735077338316204,2025-01-04 02:55:46.866154,2025-01-04 02:59:27.757619,0 days 00:03:40.891465,2,14,4.0,,,,,,,,,,,,,,,,,,,40,15.0,,,,,,,,,,,,,,,,,,,COMPLETE
458,458,0.903967672914022,2025-01-04 02:59:27.758367,2025-01-04 03:02:03.051603,0 days 00:02:35.293236,1,12,,,,,,,,,,,,,,,,,,,,35,,,,,,,,,,,,,,,,,,,,COMPLETE
459,459,0.9082944680678781,2025-01-04 03:02:03.052334,2025-01-04 03:04:06.055164,0 days 00:02:03.002830,1,8,,,,,,,,,,,,,,,,,,,,40,,,,,,,,,,,,,,,,,,,,COMPLETE
460,460,0.893542302758112,2025-01-04 03:04:06.055884,2025-01-04 03:05:55.780742,0 days 00:01:49.724858,1,7,,,,,,,,,,,,,,,,,,,,40,,,,,,,,,,,,,,,,,,,,COMPLETE
461,461,0.8782729221075535,2025-01-04 03:05:55.781439,2025-01-04 03:09:30.500919,0 days 00:03:34.719480,2,8,14.0,,,,,,,,,,,,,,,,,,,40,35.0,,,,,,,,,,,,,,,,,,,COMPLETE
462,462,0.8128677031846878,2025-01-04 03:09:30.501656,2025-01-04 03:11:33.842030,0 days 00:02:03.340374,1,8,,,,,,,,,,,,,,,,,,,,40,,,,,,,,,,,,,,,,,,,,COMPLETE
463,463,0.8191958864465254,2025-01-04 03:11:33.842756,2025-01-04 03:13:50.989212,0 days 00:02:17.146456,1,9,,,,,,,,,,,,,,,,,,,,40,,,,,,,,,,,,,,,,,,,,COMPLETE
464,464,0.8727358250999522,2025-01-04 03:13:50.989932,2025-01-04 03:16:53.701274,0 days 00:03:02.711342,2,8,8.0,,,,,,,,,,,,,,,,,,,40,40.0,,,,,,,,,,,,,,,,,,,COMPLETE
465,465,0.913002352670464,2025-01-04 03:16:53.702008,2025-01-04 03:18:56.943487,0 days 00:02:03.241479,1,8,,,,,,,,,,,,,,,,,,,,40,,,,,,,,,,,,,,,,,,,,COMPLETE
466,466,0.874080029068933,2025-01-04 03:18:56.944212,2025-01-04 03:21:00.490114,0 days 00:02:03.545902,1,8,,,,,,,,,,,,,,,,,,,,40,,,,,,,,,,,,,,,,,,,,COMPLETE
467,467,0.8659966211096481,2025-01-04 03:21:00.490830,2025-01-04 03:25:23.467753,0 days 00:04:22.976923,2,8,13.0,,,,,,,,,,,,,,,,,,,40,55.0,,,,,,,,,,,,,,,,,,,COMPLETE
468,468,0.6188116173307099,2025-01-04 03:25:23.468493,2025-01-04 03:27:27.458127,0 days 00:02:03.989634,1,8,,,,,,,,,,,,,,,,,,,,40,,,,,,,,,,,,,,,,,,,,COMPLETE
469,469,0.8038481253457395,2025-01-04 03:27:27.458848,2025-01-04 03:29:40.566182,0 days 00:02:13.107334,1,9,,,,,,,,,,,,,,,,,,,,40,,,,,,,,,,,,,,,,,,,,COMPLETE
470,470,0.8740043119812761,2025-01-04 03:29:40.566885,2025-01-04 03:31:47.242934,0 days 00:02:06.676049,2,8,1.0,,,,,,,,,,,,,,,,,,,40,20.0,,,,,,,,,,,,,,,,,,,COMPLETE
471,471,0.9112011841098266,2025-01-04 03:31:47.243683,2025-01-04 03:33:32.217332,0 days 00:01:44.973649,1,7,,,,,,,,,,,,,,,,,,,,40,,,,,,,,,,,,,,,,,,,,COMPLETE
472,472,0.8693548451045423,2025-01-04 03:33:32.218053,2025-01-04 03:35:27.822231,0 days 00:01:55.604178,2,7,8.0,,,,,,,,,,,,,,,,,,,40,5.0,,,,,,,,,,,,,,,,,,,COMPLETE
473,473,0.9106837434380702,2025-01-04 03:35:27.822973,2025-01-04 03:37:16.223813,0 days 00:01:48.400840,1,7,,,,,,,,,,,,,,,,,,,,40,,,,,,,,,,,,,,,,,,,,COMPLETE
474,474,0.8343735639393393,2025-01-04 03:37:16.224542,2025-01-04 03:39:05.264164,0 days 00:01:49.039622,1,7,,,,,,,,,,,,,,,,,,,,40,,,,,,,,,,,,,,,,,,,,COMPLETE
475,475,0.7740547335847596,2025-01-04 03:39:05.264887,2025-01-04 03:40:31.826808,0 days 00:01:26.561921,1,6,,,,,,,,,,,,,,,,,,,,40,,,,,,,,,,,,,,,,,,,,COMPLETE
476,476,0.8751409543284376,2025-01-04 03:40:31.827517,2025-01-04 03:42:20.395951,0 days 00:01:48.568434,1,7,,,,,,,,,,,,,,,,,,,,40,,,,,,,,,,,,,,,,,,,,COMPLETE
477,477,0.8754997322965281,2025-01-04 03:42:20.396690,2025-01-04 03:45:03.488514,0 days 00:02:43.091824,2,7,11.0,,,,,,,,,,,,,,,,,,,40,25.0,,,,,,,,,,,,,,,,,,,COMPLETE
478,478,0.9081649957064504,2025-01-04 03:45:03.489280,2025-01-04 03:46:54.158582,0 days 00:01:50.669302,1,7,,,,,,,,,,,,,,,,,,,,40,,,,,,,,,,,,,,,,,,,,COMPLETE
479,479,0.8526370473591545,2025-01-04 03:46:54.159299,2025-01-04 03:48:14.494552,0 days 00:01:20.335253,1,6,,,,,,,,,,,,,,,,,,,,40,,,,,,,,,,,,,,,,,,,,COMPLETE
480,480,0.8742180574107641,2025-01-04 03:48:14.495295,2025-01-04 03:51:06.090114,0 days 00:02:51.594819,2,7,7.0,,,,,,,,,,,,,,,,,,,40,45.0,,,,,,,,,,,,,,,,,,,COMPLETE
481,481,0.32732061719807526,2025-01-04 03:51:06.090853,2025-01-04 03:52:55.373739,0 days 00:01:49.282886,10,7,6.0,,,,,,,,,,,11.0,14.0,5.0,12.0,14.0,11.0,8.0,5.0,40,15.0,,,,,,,,,,,50.0,60.0,40.0,10.0,25.0,20.0,60.0,60.0,COMPLETE
482,482,0.8273232763020915,2025-01-04 03:52:55.374660,2025-01-04 03:54:45.137158,0 days 00:01:49.762498,1,7,,,,,,,,,,,,,,,,,,,,40,,,,,,,,,,,,,,,,,,,,COMPLETE
483,483,0.8418422855597016,2025-01-04 03:54:45.137894,2025-01-04 03:56:52.302977,0 days 00:02:07.165083,1,7,,,,,,,,,,,,,,,,,,,,45,,,,,,,,,,,,,,,,,,,,COMPLETE
484,484,0.807119690067174,2025-01-04 03:56:52.303689,2025-01-04 03:58:41.991703,0 days 00:01:49.688014,1,7,,,,,,,,,,,,,,,,,,,,40,,,,,,,,,,,,,,,,,,,,COMPLETE
485,485,0.8749375374922017,2025-01-04 03:58:41.992435,2025-01-04 04:01:35.406272,0 days 00:02:53.413837,2,7,5.0,,,,,,,,,,,,,,,,,,,45,40.0,,,,,,,,,,,,,,,,,,,COMPLETE
486,486,0.49108036614840045,2025-01-04 04:01:35.407027,2025-01-04 04:08:27.140186,0 days 00:06:51.733159,4,6,9.0,,,,,,,,,,,8.0,5.0,,,,,,,45,60.0,,,,,,,,,,,60.0,30.0,,,,,,,COMPLETE
487,487,0.38184977821575167,2025-01-04 04:08:27.140986,2025-01-04 04:11:59.959564,0 days 00:03:32.818578,18,7,15.0,14.0,2.0,8.0,13.0,3.0,5.0,5.0,1.0,,,13.0,15.0,8.0,6.0,6.0,9.0,15.0,2.0,40,55.0,25.0,35.0,50.0,15.0,40.0,45.0,20.0,20.0,,,15.0,40.0,20.0,55.0,50.0,50.0,35.0,10.0,COMPLETE
488,488,0.8814210054860232,2025-01-04 04:11:59.960622,2025-01-04 04:14:19.195130,0 days 00:02:19.234508,1,8,,,,,,,,,,,,,,,,,,,,45,,,,,,,,,,,,,,,,,,,,COMPLETE
489,489,0.8077856764320355,2025-01-04 04:14:19.195877,2025-01-04 04:16:04.751682,0 days 00:01:45.555805,1,6,,,,,,,,,,,,,,,,,,,,45,,,,,,,,,,,,,,,,,,,,COMPLETE
490,490,0.8706912075205016,2025-01-04 04:16:04.752428,2025-01-04 04:18:56.878225,0 days 00:02:52.125797,2,8,3.0,,,,,,,,,,,,,,,,,,,45,50.0,,,,,,,,,,,,,,,,,,,COMPLETE
491,491,0.912078878924157,2025-01-04 04:18:56.878972,2025-01-04 04:20:45.221687,0 days 00:01:48.342715,1,7,,,,,,,,,,,,,,,,,,,,40,,,,,,,,,,,,,,,,,,,,COMPLETE
492,492,0.33400820604765025,2025-01-04 04:20:45.222418,2025-01-04 04:25:39.547393,0 days 00:04:54.324975,6,7,2.0,,,,,,,,,,,10.0,2.0,15.0,8.0,,,,,40,30.0,,,,,,,,,,,25.0,50.0,25.0,35.0,,,,,COMPLETE
