,number,value,datetime_start,datetime_complete,duration,params_depth,params_neurons_layer_0,params_neurons_layer_1,params_neurons_layer_10,params_neurons_layer_11,params_neurons_layer_12,params_neurons_layer_13,params_neurons_layer_14,params_neurons_layer_15,params_neurons_layer_16,params_neurons_layer_17,params_neurons_layer_18,params_neurons_layer_19,params_neurons_layer_2,params_neurons_layer_3,params_neurons_layer_4,params_neurons_layer_5,params_neurons_layer_6,params_neurons_layer_7,params_neurons_layer_8,params_neurons_layer_9,state
0,0,0.3071452020234658,2025-01-02 21:14:28.817260,2025-01-02 21:17:37.267130,0 days 00:03:08.449870,10,130,75.0,,,,,,,,,,,140.0,115.0,25.0,115.0,145.0,65.0,120.0,85.0,COMPLETE
1,1,0.20736776777814867,2025-01-02 21:17:37.267860,2025-01-02 21:20:33.203671,0 days 00:02:55.935811,12,90,140.0,45.0,125.0,,,,,,,,,10.0,80.0,100.0,45.0,200.0,90.0,60.0,80.0,COMPLETE
2,2,0.8694621427784176,2025-01-02 21:20:33.204371,2025-01-02 21:22:17.413722,0 days 00:01:44.209351,7,155,5.0,,,,,,,,,,,95.0,185.0,5.0,20.0,35.0,,,,COMPLETE
3,3,0.3683251909159293,2025-01-02 21:22:17.414334,2025-01-02 21:25:55.862798,0 days 00:03:38.448464,12,55,80.0,30.0,125.0,,,,,,,,,65.0,160.0,160.0,115.0,160.0,175.0,95.0,105.0,COMPLETE
4,4,0.3691223401691108,2025-01-02 21:25:55.863459,2025-01-02 21:31:56.771669,0 days 00:06:00.908210,20,155,160.0,75.0,25.0,135.0,130.0,145.0,105.0,110.0,185.0,65.0,185.0,15.0,15.0,140.0,195.0,50.0,115.0,180.0,80.0,COMPLETE
5,5,0.45868063182654517,2025-01-02 21:31:56.772425,2025-01-02 21:34:53.155524,0 days 00:02:56.383099,13,25,115.0,120.0,55.0,160.0,,,,,,,,100.0,20.0,75.0,145.0,100.0,85.0,5.0,70.0,COMPLETE
6,6,0.30826573395779533,2025-01-02 21:34:53.156297,2025-01-02 21:38:20.219680,0 days 00:03:27.063383,10,105,180.0,,,,,,,,,,,195.0,155.0,50.0,150.0,140.0,45.0,85.0,85.0,COMPLETE
7,7,0.6673047092514517,2025-01-02 21:38:20.220373,2025-01-02 21:40:40.135483,0 days 00:02:19.915110,7,95,70.0,,,,,,,,,,,160.0,195.0,90.0,150.0,165.0,,,,COMPLETE
8,8,0.3764682525292817,2025-01-02 21:40:40.136144,2025-01-02 21:45:51.066336,0 days 00:05:10.930192,17,160,120.0,140.0,110.0,170.0,160.0,90.0,110.0,115.0,,,,70.0,65.0,20.0,65.0,65.0,185.0,165.0,100.0,COMPLETE
9,9,0.43991747258022185,2025-01-02 21:45:51.067060,2025-01-02 21:51:15.940893,0 days 00:05:24.873833,16,120,145.0,140.0,180.0,75.0,175.0,60.0,90.0,,,,,140.0,165.0,190.0,185.0,25.0,70.0,95.0,130.0,COMPLETE
10,10,0.8802190646267138,2025-01-02 21:51:15.941630,2025-01-02 21:52:02.672252,0 days 00:00:46.730622,1,200,,,,,,,,,,,,,,,,,,,,COMPLETE
11,11,0.8709462705898328,2025-01-02 21:52:02.672758,2025-01-02 21:52:54.382189,0 days 00:00:51.709431,2,200,10.0,,,,,,,,,,,,,,,,,,,COMPLETE
12,12,0.8820307483325466,2025-01-02 21:52:54.382693,2025-01-02 21:53:41.421177,0 days 00:00:47.038484,1,200,,,,,,,,,,,,,,,,,,,,COMPLETE
13,13,0.8843408457334574,2025-01-02 21:53:41.421684,2025-01-02 21:55:37.328097,0 days 00:01:55.906413,3,200,200.0,,,,,,,,,,,200.0,,,,,,,,COMPLETE
14,14,0.8735418556502925,2025-01-02 21:55:37.328638,2025-01-02 21:58:03.605648,0 days 00:02:26.277010,5,180,200.0,,,,,,,,,,,185.0,115.0,140.0,,,,,,COMPLETE
15,15,0.874337959450953,2025-01-02 21:58:03.606250,2025-01-02 21:59:29.747104,0 days 00:01:26.140854,4,175,40.0,,,,,,,,,,,160.0,50.0,,,,,,,COMPLETE
16,16,0.8760392184458938,2025-01-02 21:59:29.747658,2025-01-02 22:01:05.050388,0 days 00:01:35.302730,3,135,200.0,,,,,,,,,,,130.0,,,,,,,,COMPLETE
17,17,0.8728713163195335,2025-01-02 22:01:05.050938,2025-01-02 22:03:08.428421,0 days 00:02:03.377483,6,65,170.0,,,,,,,,,,,65.0,135.0,200.0,5.0,,,,,COMPLETE
18,18,0.8722031987582985,2025-01-02 22:03:08.428995,2025-01-02 22:03:53.405505,0 days 00:00:44.976510,1,180,,,,,,,,,,,,,,,,,,,,COMPLETE
19,19,0.8745558850320756,2025-01-02 22:03:53.406034,2025-01-02 22:05:13.539396,0 days 00:01:20.133362,4,200,50.0,,,,,,,,,,,40.0,90.0,,,,,,,COMPLETE
20,20,0.49624696884909536,2025-01-02 22:05:13.539953,2025-01-02 22:07:38.755521,0 days 00:02:25.215568,8,165,100.0,,,,,,,,,,,175.0,35.0,60.0,70.0,85.0,140.0,,,COMPLETE
21,21,0.8736213065408844,2025-01-02 22:07:38.756127,2025-01-02 22:08:27.236937,0 days 00:00:48.480810,1,200,,,,,,,,,,,,,,,,,,,,COMPLETE
22,22,0.8779784773083303,2025-01-02 22:08:27.237469,2025-01-02 22:09:13.614627,0 days 00:00:46.377158,1,185,,,,,,,,,,,,,,,,,,,,COMPLETE
23,23,0.8843300691948024,2025-01-02 22:09:13.615180,2025-01-02 22:10:36.920686,0 days 00:01:23.305506,3,145,150.0,,,,,,,,,,,110.0,,,,,,,,COMPLETE
24,24,0.8810499748991326,2025-01-02 22:10:36.921242,2025-01-02 22:12:05.389052,0 days 00:01:28.467810,3,140,185.0,,,,,,,,,,,120.0,,,,,,,,COMPLETE
25,25,0.8748188019236376,2025-01-02 22:12:05.389593,2025-01-02 22:14:03.011668,0 days 00:01:57.622075,5,145,150.0,,,,,,,,,,,200.0,5.0,135.0,,,,,,COMPLETE
26,26,0.878371280635998,2025-01-02 22:14:03.012241,2025-01-02 22:15:12.095172,0 days 00:01:09.082931,3,115,120.0,,,,,,,,,,,85.0,,,,,,,,COMPLETE
27,27,0.4784368000609625,2025-01-02 22:15:12.095738,2025-01-02 22:18:00.431764,0 days 00:02:48.336026,9,170,175.0,,,,,,,,,,,115.0,135.0,175.0,85.0,10.0,15.0,5.0,,COMPLETE
28,28,0.8820262484916038,2025-01-02 22:18:00.432389,2025-01-02 22:20:02.296969,0 days 00:02:01.864580,5,185,135.0,,,,,,,,,,,150.0,55.0,125.0,,,,,,COMPLETE
29,29,0.8588339415018529,2025-01-02 22:20:02.297567,2025-01-02 22:20:53.572268,0 days 00:00:51.274701,3,5,160.0,,,,,,,,,,,45.0,,,,,,,,COMPLETE
30,30,0.6693216084661466,2025-01-02 22:20:53.572806,2025-01-02 22:23:24.272527,0 days 00:02:30.699721,7,125,185.0,,,,,,,,,,,170.0,95.0,40.0,30.0,200.0,,,,COMPLETE
31,31,0.8726753279333086,2025-01-02 22:23:24.273124,2025-01-02 22:25:21.359164,0 days 00:01:57.086040,5,185,95.0,,,,,,,,,,,150.0,65.0,125.0,,,,,,COMPLETE
32,32,0.8813062851782364,2025-01-02 22:25:21.359748,2025-01-02 22:26:31.241297,0 days 00:01:09.881549,2,190,135.0,,,,,,,,,,,,,,,,,,,COMPLETE
33,33,0.8769373697090546,2025-01-02 22:26:31.241835,2025-01-02 22:28:02.031512,0 days 00:01:30.789677,4,150,130.0,,,,,,,,,,,120.0,40.0,,,,,,,COMPLETE
34,34,0.8383146614364223,2025-01-02 22:28:02.032067,2025-01-02 22:30:14.521389,0 days 00:02:12.489322,6,170,155.0,,,,,,,,,,,180.0,70.0,105.0,170.0,,,,,COMPLETE
35,35,0.8764346759968171,2025-01-02 22:30:14.521987,2025-01-02 22:31:21.178444,0 days 00:01:06.656457,2,190,110.0,,,,,,,,,,,,,,,,,,,COMPLETE
36,36,0.8831327331481813,2025-01-02 22:31:21.178986,2025-01-02 22:33:09.821601,0 days 00:01:48.642615,6,75,135.0,,,,,,,,,,,160.0,105.0,165.0,95.0,,,,,COMPLETE
37,37,0.6011839838499776,2025-01-02 22:33:09.822309,2025-01-02 22:37:15.322749,0 days 00:04:05.500440,11,70,165.0,200.0,,,,,,,,,,200.0,120.0,170.0,110.0,120.0,5.0,135.0,200.0,COMPLETE
38,38,0.5631151627376967,2025-01-02 22:37:15.323414,2025-01-02 22:39:45.703297,0 days 00:02:30.379883,8,85,80.0,,,,,,,,,,,135.0,175.0,155.0,85.0,80.0,145.0,,,COMPLETE
39,39,0.17811274181924888,2025-01-02 22:39:45.703920,2025-01-02 22:44:07.966758,0 days 00:04:22.262838,14,40,190.0,200.0,200.0,10.0,10.0,,,,,,,185.0,140.0,180.0,135.0,5.0,125.0,200.0,5.0,COMPLETE
40,40,0.879502492654372,2025-01-02 22:44:07.967498,2025-01-02 22:46:11.100517,0 days 00:02:03.133019,6,80,145.0,,,,,,,,,,,165.0,105.0,80.0,50.0,,,,,COMPLETE
41,41,0.8771815111966186,2025-01-02 22:46:11.101118,2025-01-02 22:47:46.104153,0 days 00:01:35.003035,4,155,125.0,,,,,,,,,,,150.0,50.0,,,,,,,COMPLETE
42,42,0.8787638938485653,2025-01-02 22:47:46.104765,2025-01-02 22:48:43.035841,0 days 00:00:56.931076,2,105,135.0,,,,,,,,,,,,,,,,,,,COMPLETE
43,43,0.8674575856191266,2025-01-02 22:48:43.036412,2025-01-02 22:50:18.729140,0 days 00:01:35.692728,5,45,90.0,,,,,,,,,,,150.0,80.0,120.0,,,,,,COMPLETE
44,44,0.2834583423767597,2025-01-02 22:50:18.729720,2025-01-02 22:55:04.764590,0 days 00:04:46.034870,20,190,140.0,5.0,10.0,65.0,50.0,190.0,10.0,20.0,5.0,200.0,15.0,110.0,115.0,155.0,90.0,115.0,40.0,45.0,185.0,COMPLETE
45,45,0.561536172467006,2025-01-02 22:55:04.765337,2025-01-02 22:57:50.009776,0 days 00:02:45.244439,8,160,110.0,,,,,,,,,,,85.0,85.0,115.0,130.0,180.0,200.0,,,COMPLETE
46,46,0.8823331564756294,2025-01-02 22:57:50.010427,2025-01-02 22:58:49.375546,0 days 00:00:59.365119,2,110,155.0,,,,,,,,,,,,,,,,,,,COMPLETE
47,47,0.8808628677683373,2025-01-02 22:58:49.376100,2025-01-02 22:59:50.648867,0 days 00:01:01.272767,2,110,170.0,,,,,,,,,,,,,,,,,,,COMPLETE
48,48,0.882086828988355,2025-01-02 22:59:50.649429,2025-01-02 23:01:18.389718,0 days 00:01:27.740289,3,95,155.0,,,,,,,,,,,190.0,,,,,,,,COMPLETE
49,49,0.877898337656337,2025-01-02 23:01:18.390287,2025-01-02 23:02:48.248126,0 days 00:01:29.857839,3,100,155.0,,,,,,,,,,,195.0,,,,,,,,COMPLETE
50,50,0.8759685244065989,2025-01-02 23:02:48.248690,2025-01-02 23:04:52.989625,0 days 00:02:04.740935,4,90,195.0,,,,,,,,,,,190.0,190.0,,,,,,,COMPLETE
51,51,0.8403863996036316,2025-01-02 23:04:52.990200,2025-01-02 23:05:24.826746,0 days 00:00:31.836546,1,75,,,,,,,,,,,,,,,,,,,,COMPLETE
52,52,0.8799950047345522,2025-01-02 23:05:24.827275,2025-01-02 23:06:16.624786,0 days 00:00:51.797511,2,60,180.0,,,,,,,,,,,,,,,,,,,COMPLETE
53,53,0.87865929961978,2025-01-02 23:06:16.625343,2025-01-02 23:07:51.807479,0 days 00:01:35.182136,3,130,165.0,,,,,,,,,,,175.0,,,,,,,,COMPLETE
54,54,0.8724134948612876,2025-01-02 23:07:51.808059,2025-01-02 23:08:25.783122,0 days 00:00:33.975063,1,95,,,,,,,,,,,,,,,,,,,,COMPLETE
55,55,0.8819188316608464,2025-01-02 23:08:25.783681,2025-01-02 23:10:16.082898,0 days 00:01:50.299217,4,120,150.0,,,,,,,,,,,165.0,150.0,,,,,,,COMPLETE
56,56,0.8608347763289637,2025-01-02 23:10:16.083483,2025-01-02 23:13:04.484213,0 days 00:02:48.400730,6,50,125.0,,,,,,,,,,,190.0,180.0,200.0,170.0,,,,,COMPLETE
57,57,0.8740678097014023,2025-01-02 23:13:04.484809,2025-01-02 23:14:01.168481,0 days 00:00:56.683672,2,85,165.0,,,,,,,,,,,,,,,,,,,COMPLETE
58,58,0.5637552537707082,2025-01-02 23:14:01.169028,2025-01-02 23:19:01.036487,0 days 00:04:59.867459,18,100,175.0,85.0,65.0,15.0,85.0,20.0,200.0,200.0,65.0,,,95.0,105.0,185.0,65.0,60.0,160.0,150.0,40.0,COMPLETE
59,59,0.8713541155943225,2025-01-02 23:19:01.037227,2025-01-02 23:19:40.604745,0 days 00:00:39.567518,1,140,,,,,,,,,,,,,,,,,,,,COMPLETE
60,60,0.8758565183207491,2025-01-02 23:19:40.605314,2025-01-02 23:21:00.306684,0 days 00:01:19.701370,3,110,145.0,,,,,,,,,,,130.0,,,,,,,,COMPLETE
61,61,0.8749330587449574,2025-01-02 23:21:00.307257,2025-01-02 23:23:07.321953,0 days 00:02:07.014696,5,195,140.0,,,,,,,,,,,150.0,25.0,165.0,,,,,,COMPLETE
62,62,0.6363581248688741,2025-01-02 23:23:07.322594,2025-01-02 23:25:33.882583,0 days 00:02:26.559989,7,175,115.0,,,,,,,,,,,160.0,70.0,100.0,100.0,130.0,,,,COMPLETE
63,63,0.8689382063208896,2025-01-02 23:25:33.883255,2025-01-02 23:27:44.081318,0 days 00:02:10.198063,5,180,155.0,,,,,,,,,,,185.0,35.0,145.0,,,,,,COMPLETE
64,64,0.8463725685413115,2025-01-02 23:27:44.081928,2025-01-02 23:28:58.424746,0 days 00:01:14.342818,3,185,130.0,,,,,,,,,,,5.0,,,,,,,,COMPLETE
65,65,0.8762721684158715,2025-01-02 23:28:58.425330,2025-01-02 23:30:45.332888,0 days 00:01:46.907558,4,200,150.0,,,,,,,,,,,140.0,55.0,,,,,,,COMPLETE
66,66,0.8788233389113409,2025-01-02 23:30:45.333475,2025-01-02 23:31:26.722730,0 days 00:00:41.389255,1,160,,,,,,,,,,,,,,,,,,,,COMPLETE
67,67,0.8836215183273477,2025-01-02 23:31:26.723286,2025-01-02 23:32:23.291129,0 days 00:00:56.567843,2,65,200.0,,,,,,,,,,,,,,,,,,,COMPLETE
68,68,0.881270092227288,2025-01-02 23:32:23.291685,2025-01-02 23:33:18.019513,0 days 00:00:54.727828,2,60,200.0,,,,,,,,,,,,,,,,,,,COMPLETE
69,69,0.874887497483898,2025-01-02 23:33:18.020061,2025-01-02 23:34:09.304526,0 days 00:00:51.284465,2,35,190.0,,,,,,,,,,,,,,,,,,,COMPLETE
70,70,0.8807684049079755,2025-01-02 23:34:09.305103,2025-01-02 23:34:40.894846,0 days 00:00:31.589743,1,70,,,,,,,,,,,,,,,,,,,,COMPLETE
71,71,0.8795024192260159,2025-01-02 23:34:40.895403,2025-01-02 23:36:29.034817,0 days 00:01:48.139414,4,80,180.0,,,,,,,,,,,175.0,125.0,,,,,,,COMPLETE
72,72,0.8684396179518796,2025-01-02 23:36:29.035413,2025-01-02 23:38:09.735554,0 days 00:01:40.700141,3,195,190.0,,,,,,,,,,,105.0,,,,,,,,COMPLETE
73,73,0.8779915096094759,2025-01-02 23:38:09.736125,2025-01-02 23:40:10.120433,0 days 00:02:00.384308,6,90,160.0,,,,,,,,,,,195.0,10.0,130.0,45.0,,,,,COMPLETE
74,74,0.8684495807584676,2025-01-02 23:40:10.121036,2025-01-02 23:40:55.313250,0 days 00:00:45.192214,3,65,50.0,,,,,,,,,,,20.0,,,,,,,,COMPLETE
75,75,0.4045550688071998,2025-01-02 23:40:55.313817,2025-01-02 23:43:56.398007,0 days 00:03:01.084190,9,195,175.0,,,,,,,,,,,160.0,25.0,115.0,170.0,100.0,100.0,40.0,,COMPLETE
76,76,0.8797600263411629,2025-01-02 23:43:56.398661,2025-01-02 23:45:42.303558,0 days 00:01:45.904897,5,125,105.0,,,,,,,,,,,125.0,200.0,5.0,,,,,,COMPLETE
77,77,0.8734488623035421,2025-01-02 23:45:42.304173,2025-01-02 23:46:49.213293,0 days 00:01:06.909120,2,170,135.0,,,,,,,,,,,,,,,,,,,COMPLETE
78,78,0.8726516411462216,2025-01-02 23:46:49.213778,2025-01-02 23:48:01.109965,0 days 00:01:11.896187,4,75,20.0,,,,,,,,,,,145.0,100.0,,,,,,,COMPLETE
79,79,0.4686782026167501,2025-01-02 23:48:01.110487,2025-01-02 23:52:40.525204,0 days 00:04:39.414717,13,180,195.0,165.0,160.0,195.0,,,,,,,,85.0,75.0,70.0,100.0,180.0,35.0,70.0,165.0,COMPLETE
80,80,0.8749835342353037,2025-01-02 23:52:40.525772,2025-01-02 23:53:57.409422,0 days 00:01:16.883650,3,190,120.0,,,,,,,,,,,55.0,,,,,,,,COMPLETE
81,81,0.8735244063297092,2025-01-02 23:53:57.409932,2025-01-02 23:55:47.596831,0 days 00:01:50.186899,4,110,150.0,,,,,,,,,,,175.0,155.0,,,,,,,COMPLETE
82,82,0.8634189046497871,2025-01-02 23:55:47.597337,2025-01-02 23:58:04.242410,0 days 00:02:16.645073,6,120,145.0,,,,,,,,,,,165.0,145.0,145.0,115.0,,,,,COMPLETE
83,83,0.8826978495649449,2025-01-02 23:58:04.242928,2025-01-02 23:59:02.052053,0 days 00:00:57.809125,2,120,160.0,,,,,,,,,,,,,,,,,,,COMPLETE
84,84,0.8673363996676635,2025-01-02 23:59:02.052588,2025-01-02 23:59:34.996731,0 days 00:00:32.944143,1,95,,,,,,,,,,,,,,,,,,,,COMPLETE
85,85,0.8790211509128923,2025-01-02 23:59:34.997097,2025-01-03 00:00:41.522373,0 days 00:01:06.525276,2,145,165.0,,,,,,,,,,,,,,,,,,,COMPLETE
86,86,0.8673446327683616,2025-01-03 00:00:41.522852,2025-01-03 00:01:47.333290,0 days 00:01:05.810438,2,130,170.0,,,,,,,,,,,,,,,,,,,COMPLETE
87,87,0.8676527832093803,2025-01-03 00:01:47.333786,2025-01-03 00:02:23.113886,0 days 00:00:35.780100,1,115,,,,,,,,,,,,,,,,,,,,COMPLETE
88,88,0.8821702255086423,2025-01-03 00:02:23.114366,2025-01-03 00:03:55.574553,0 days 00:01:32.460187,3,200,185.0,,,,,,,,,,,75.0,,,,,,,,COMPLETE
89,89,0.8777655611070521,2025-01-03 00:03:55.575046,2025-01-03 00:05:12.136614,0 days 00:01:16.561568,3,105,185.0,,,,,,,,,,,70.0,,,,,,,,COMPLETE
90,90,0.8760306574130439,2025-01-03 00:05:12.137112,2025-01-03 00:06:20.995530,0 days 00:01:08.858418,3,85,200.0,,,,,,,,,,,35.0,,,,,,,,COMPLETE
91,91,0.8792640321900955,2025-01-03 00:06:20.996010,2025-01-03 00:07:42.017498,0 days 00:01:21.021488,2,200,195.0,,,,,,,,,,,,,,,,,,,COMPLETE
92,92,0.8875959339622173,2025-01-03 00:07:42.017984,2025-01-03 00:09:54.148719,0 days 00:02:12.130735,4,185,160.0,,,,,,,,,,,200.0,165.0,,,,,,,COMPLETE
93,93,0.8747069791525016,2025-01-03 00:09:54.149242,2025-01-03 00:11:45.728846,0 days 00:01:51.579604,4,195,160.0,,,,,,,,,,,75.0,170.0,,,,,,,COMPLETE
94,94,0.869526768132449,2025-01-03 00:11:45.729364,2025-01-03 00:12:29.095011,0 days 00:00:43.365647,1,175,,,,,,,,,,,,,,,,,,,,COMPLETE
95,95,0.8827556020212407,2025-01-03 00:12:29.095503,2025-01-03 00:13:45.018411,0 days 00:01:15.922908,2,200,175.0,,,,,,,,,,,,,,,,,,,COMPLETE
96,96,0.8808227429882932,2025-01-03 00:13:45.018911,2025-01-03 00:15:32.709782,0 days 00:01:47.690871,3,185,175.0,,,,,,,,,,,200.0,,,,,,,,COMPLETE
97,97,0.884308165569534,2025-01-03 00:15:32.710291,2025-01-03 00:16:40.400595,0 days 00:01:07.690304,2,135,185.0,,,,,,,,,,,,,,,,,,,COMPLETE
98,98,0.877303326188775,2025-01-03 00:16:40.401086,2025-01-03 00:17:46.551427,0 days 00:01:06.150341,2,140,180.0,,,,,,,,,,,,,,,,,,,COMPLETE
99,99,0.882935662861901,2025-01-03 00:17:46.551918,2025-01-03 00:18:52.888730,0 days 00:01:06.336812,2,130,185.0,,,,,,,,,,,,,,,,,,,COMPLETE
100,100,0.8739474355702985,2025-01-03 00:18:52.889234,2025-01-03 00:19:30.286818,0 days 00:00:37.397584,1,130,,,,,,,,,,,,,,,,,,,,COMPLETE
101,101,0.8759695921611115,2025-01-03 00:19:30.287263,2025-01-03 00:20:37.656240,0 days 00:01:07.368977,2,135,185.0,,,,,,,,,,,,,,,,,,,COMPLETE
102,102,0.8864105621161829,2025-01-03 00:20:37.656737,2025-01-03 00:21:59.981124,0 days 00:01:22.324387,3,125,190.0,,,,,,,,,,,100.0,,,,,,,,COMPLETE
103,103,0.8768896193303461,2025-01-03 00:21:59.981645,2025-01-03 00:23:08.714972,0 days 00:01:08.733327,2,135,195.0,,,,,,,,,,,,,,,,,,,COMPLETE
104,104,0.8778237795766921,2025-01-03 00:23:08.715499,2025-01-03 00:23:45.328503,0 days 00:00:36.613004,1,125,,,,,,,,,,,,,,,,,,,,COMPLETE
105,105,0.8753763097347131,2025-01-03 00:23:45.328921,2025-01-03 00:25:23.156004,0 days 00:01:37.827083,4,115,170.0,,,,,,,,,,,100.0,125.0,,,,,,,COMPLETE
106,106,0.8748195585299499,2025-01-03 00:25:23.156539,2025-01-03 00:26:57.013030,0 days 00:01:33.856491,3,145,190.0,,,,,,,,,,,135.0,,,,,,,,COMPLETE
107,107,0.8741706051339079,2025-01-03 00:26:57.013564,2025-01-03 00:29:02.794802,0 days 00:02:05.781238,5,120,180.0,,,,,,,,,,,115.0,190.0,90.0,,,,,,COMPLETE
108,108,0.8794544712127399,2025-01-03 00:29:02.795345,2025-01-03 00:30:08.746506,0 days 00:01:05.951161,2,150,160.0,,,,,,,,,,,,,,,,,,,COMPLETE
109,109,0.8745560912636599,2025-01-03 00:30:08.747026,2025-01-03 00:31:45.328256,0 days 00:01:36.581230,3,125,200.0,,,,,,,,,,,180.0,,,,,,,,COMPLETE
110,110,0.8755816540574332,2025-01-03 00:31:45.328786,2025-01-03 00:33:31.791707,0 days 00:01:46.462921,4,115,190.0,,,,,,,,,,,110.0,165.0,,,,,,,COMPLETE
111,111,0.8719508197522761,2025-01-03 00:33:31.792253,2025-01-03 00:34:54.625594,0 days 00:01:22.833341,3,130,185.0,,,,,,,,,,,80.0,,,,,,,,COMPLETE
112,112,0.8830233998401841,2025-01-03 00:34:54.626105,2025-01-03 00:36:09.794747,0 days 00:01:15.168642,2,190,180.0,,,,,,,,,,,,,,,,,,,COMPLETE
113,113,0.8789043574159092,2025-01-03 00:36:09.795271,2025-01-03 00:36:55.605426,0 days 00:00:45.810155,2,15,175.0,,,,,,,,,,,,,,,,,,,COMPLETE
114,114,0.493466862648028,2025-01-03 00:36:55.605932,2025-01-03 00:40:13.949228,0 days 00:03:18.343296,11,190,195.0,60.0,,,,,,,,,,95.0,160.0,25.0,30.0,35.0,120.0,120.0,145.0,COMPLETE
115,115,0.8797416580095219,2025-01-03 00:40:13.949830,2025-01-03 00:40:41.653408,0 days 00:00:27.703578,1,55,,,,,,,,,,,,,,,,,,,,COMPLETE
116,116,0.8740708611047037,2025-01-03 00:40:41.653880,2025-01-03 00:41:46.511543,0 days 00:01:04.857663,2,140,170.0,,,,,,,,,,,,,,,,,,,COMPLETE
117,117,0.8810933264881927,2025-01-03 00:41:46.512063,2025-01-03 00:42:48.912641,0 days 00:01:02.400578,2,135,160.0,,,,,,,,,,,,,,,,,,,COMPLETE
118,118,0.878788563849829,2025-01-03 00:42:48.913151,2025-01-03 00:44:25.660674,0 days 00:01:36.747523,4,110,165.0,,,,,,,,,,,95.0,130.0,,,,,,,COMPLETE
119,119,0.866687949829679,2025-01-03 00:44:25.661205,2025-01-03 00:45:09.081736,0 days 00:00:43.420531,1,165,,,,,,,,,,,,,,,,,,,,COMPLETE
120,120,0.8806839207650821,2025-01-03 00:45:09.082241,2025-01-03 00:46:12.179855,0 days 00:01:03.097614,2,125,180.0,,,,,,,,,,,,,,,,,,,COMPLETE
121,121,0.8740341932277167,2025-01-03 00:46:12.180370,2025-01-03 00:47:46.278985,0 days 00:01:34.098615,3,195,190.0,,,,,,,,,,,65.0,,,,,,,,COMPLETE
122,122,0.878794259156518,2025-01-03 00:47:46.279510,2025-01-03 00:49:13.998509,0 days 00:01:27.718999,3,200,185.0,,,,,,,,,,,50.0,,,,,,,,COMPLETE
123,123,0.8747672685140115,2025-01-03 00:49:13.999032,2025-01-03 00:50:45.031821,0 days 00:01:31.032789,3,185,200.0,,,,,,,,,,,60.0,,,,,,,,COMPLETE
124,124,0.8764095553561434,2025-01-03 00:50:45.032348,2025-01-03 00:52:05.225557,0 days 00:01:20.193209,2,195,195.0,,,,,,,,,,,,,,,,,,,COMPLETE
125,125,0.8808531302643793,2025-01-03 00:52:05.226064,2025-01-03 00:53:37.761817,0 days 00:01:32.535753,3,200,175.0,,,,,,,,,,,90.0,,,,,,,,COMPLETE
126,126,0.87987709596408,2025-01-03 00:53:37.762352,2025-01-03 00:55:48.409760,0 days 00:02:10.647408,5,190,180.0,,,,,,,,,,,105.0,110.0,190.0,,,,,,COMPLETE
127,127,0.8758904999371412,2025-01-03 00:55:48.410323,2025-01-03 00:56:34.080311,0 days 00:00:45.669988,1,200,,,,,,,,,,,,,,,,,,,,COMPLETE
128,128,0.8840504372492071,2025-01-03 00:56:34.080768,2025-01-03 00:58:15.505945,0 days 00:01:41.425177,4,150,155.0,,,,,,,,,,,120.0,95.0,,,,,,,COMPLETE
129,129,0.8739414724868253,2025-01-03 00:58:15.506485,2025-01-03 00:59:49.778669,0 days 00:01:34.272184,4,145,140.0,,,,,,,,,,,120.0,90.0,,,,,,,COMPLETE
130,130,0.8744050834348982,2025-01-03 00:59:49.779208,2025-01-03 01:01:53.268643,0 days 00:02:03.489435,5,175,155.0,,,,,,,,,,,130.0,140.0,45.0,,,,,,COMPLETE
131,131,0.8762884908090387,2025-01-03 01:01:53.269203,2025-01-03 01:03:34.499141,0 days 00:01:41.229938,3,150,170.0,,,,,,,,,,,195.0,,,,,,,,COMPLETE
132,132,0.8776822238639326,2025-01-03 01:03:34.499686,2025-01-03 01:04:41.302280,0 days 00:01:06.802594,2,140,185.0,,,,,,,,,,,,,,,,,,,COMPLETE
133,133,0.8765420243464765,2025-01-03 01:04:41.302789,2025-01-03 01:06:24.966757,0 days 00:01:43.663968,4,185,150.0,,,,,,,,,,,115.0,95.0,,,,,,,COMPLETE
134,134,0.8765227851972153,2025-01-03 01:06:24.967278,2025-01-03 01:07:44.580189,0 days 00:01:19.612911,3,155,155.0,,,,,,,,,,,80.0,,,,,,,,COMPLETE
135,135,0.754248345993629,2025-01-03 01:07:44.580715,2025-01-03 01:09:37.275999,0 days 00:01:52.695284,7,190,165.0,,,,,,,,,,,100.0,60.0,90.0,130.0,80.0,,,,COMPLETE
136,136,0.8824630934208155,2025-01-03 01:09:37.276583,2025-01-03 01:10:32.595640,0 days 00:00:55.319057,2,65,190.0,,,,,,,,,,,,,,,,,,,COMPLETE
