,number,value,datetime_start,datetime_complete,duration,params_depth,params_neurons_layer_0,params_neurons_layer_1,params_neurons_layer_10,params_neurons_layer_11,params_neurons_layer_12,params_neurons_layer_13,params_neurons_layer_14,params_neurons_layer_15,params_neurons_layer_16,params_neurons_layer_17,params_neurons_layer_18,params_neurons_layer_19,params_neurons_layer_2,params_neurons_layer_3,params_neurons_layer_4,params_neurons_layer_5,params_neurons_layer_6,params_neurons_layer_7,params_neurons_layer_8,params_neurons_layer_9,state
0,0,0.6309734513274337,2025-01-03 20:48:25.192446,2025-01-03 20:48:38.539048,0 days 00:00:13.346602,6,40,130.0,,,,,,,,,,,75.0,35.0,100.0,80.0,,,,,COMPLETE
1,1,0.6178616023872847,2025-01-03 20:48:38.539505,2025-01-03 20:49:40.909307,0 days 00:01:02.369802,20,120,85.0,170.0,20.0,50.0,80.0,180.0,125.0,80.0,70.0,50.0,40.0,65.0,200.0,100.0,40.0,75.0,65.0,85.0,95.0,COMPLETE
2,2,0.5057919621749409,2025-01-03 20:49:40.910133,2025-01-03 20:50:54.328715,0 days 00:01:13.418582,20,70,130.0,25.0,60.0,5.0,145.0,40.0,80.0,170.0,155.0,185.0,145.0,50.0,110.0,175.0,100.0,60.0,150.0,155.0,115.0,COMPLETE
3,3,0.959866220735786,2025-01-03 20:50:54.329698,2025-01-03 20:50:58.273835,0 days 00:00:03.944137,1,125,,,,,,,,,,,,,,,,,,,,COMPLETE
4,4,0.5456890767320433,2025-01-03 20:50:58.274164,2025-01-03 20:51:29.098732,0 days 00:00:30.824568,10,20,135.0,,,,,,,,,,,90.0,45.0,115.0,45.0,40.0,180.0,10.0,85.0,COMPLETE
5,5,0.6050006354047528,2025-01-03 20:51:29.099183,2025-01-03 20:52:16.635856,0 days 00:00:47.536673,11,155,115.0,140.0,,,,,,,,,,120.0,45.0,170.0,85.0,145.0,170.0,85.0,130.0,COMPLETE
6,6,0.49751078360891443,2025-01-03 20:52:16.636382,2025-01-03 20:53:01.614042,0 days 00:00:44.977660,15,25,145.0,50.0,85.0,50.0,40.0,200.0,,,,,,5.0,40.0,50.0,85.0,195.0,60.0,80.0,140.0,COMPLETE
7,7,0.762568891782375,2025-01-03 20:53:01.614649,2025-01-03 20:53:13.371104,0 days 00:00:11.756455,5,45,155.0,,,,,,,,,,,25.0,10.0,25.0,,,,,,COMPLETE
8,8,0.9516716852409471,2025-01-03 20:53:13.371690,2025-01-03 20:53:19.452622,0 days 00:00:06.080932,4,115,115.0,,,,,,,,,,,95.0,55.0,,,,,,,COMPLETE
9,9,0.6874842421841233,2025-01-03 20:53:19.452975,2025-01-03 20:54:15.352387,0 days 00:00:55.899412,14,35,115.0,125.0,115.0,140.0,95.0,,,,,,,190.0,35.0,185.0,75.0,55.0,75.0,200.0,170.0,COMPLETE
10,10,0.9523696523690941,2025-01-03 20:54:15.353592,2025-01-03 20:54:20.076336,0 days 00:00:04.722744,2,195,30.0,,,,,,,,,,,,,,,,,,,COMPLETE
11,11,0.9582552954292085,2025-01-03 20:54:20.076682,2025-01-03 20:54:25.146760,0 days 00:00:05.070078,1,195,,,,,,,,,,,,,,,,,,,,COMPLETE
12,12,0.9554932039930066,2025-01-03 20:54:25.147082,2025-01-03 20:54:29.427989,0 days 00:00:04.280907,1,200,,,,,,,,,,,,,,,,,,,,COMPLETE
13,13,0.7344170226230027,2025-01-03 20:54:29.428306,2025-01-03 20:54:42.976749,0 days 00:00:13.548443,7,160,200.0,,,,,,,,,,,195.0,200.0,60.0,200.0,5.0,,,,COMPLETE
14,14,0.9565943238731218,2025-01-03 20:54:42.977259,2025-01-03 20:54:46.960885,0 days 00:00:03.983626,1,155,,,,,,,,,,,,,,,,,,,,COMPLETE
15,15,0.9546865982573933,2025-01-03 20:54:46.961202,2025-01-03 20:54:51.709908,0 days 00:00:04.748706,3,80,10.0,,,,,,,,,,,140.0,,,,,,,,COMPLETE
16,16,0.6660276248122696,2025-01-03 20:54:51.710278,2025-01-03 20:55:12.082450,0 days 00:00:20.372172,8,175,65.0,,,,,,,,,,,170.0,145.0,140.0,165.0,130.0,15.0,,,COMPLETE
17,17,0.9275615643467818,2025-01-03 20:55:12.083044,2025-01-03 20:55:20.162380,0 days 00:00:08.079336,4,130,195.0,,,,,,,,,,,145.0,155.0,,,,,,,COMPLETE
18,18,0.6613921783974788,2025-01-03 20:55:20.162713,2025-01-03 20:55:48.094553,0 days 00:00:27.931840,9,85,55.0,,,,,,,,,,,40.0,90.0,5.0,5.0,200.0,125.0,5.0,,COMPLETE
19,19,0.9699458121487825,2025-01-03 20:55:48.094932,2025-01-03 20:55:52.111400,0 days 00:00:04.016468,1,130,,,,,,,,,,,,,,,,,,,,COMPLETE
20,20,0.5151590648625877,2025-01-03 20:55:52.111718,2025-01-03 20:56:41.721372,0 days 00:00:49.609654,12,135,175.0,200.0,175.0,,,,,,,,,115.0,90.0,75.0,140.0,115.0,5.0,145.0,30.0,COMPLETE
21,21,0.964376026272578,2025-01-03 20:56:41.722081,2025-01-03 20:56:45.859619,0 days 00:00:04.137538,1,100,,,,,,,,,,,,,,,,,,,,COMPLETE
22,22,0.9607449552758824,2025-01-03 20:56:45.859955,2025-01-03 20:56:51.732389,0 days 00:00:05.872434,3,100,85.0,,,,,,,,,,,160.0,,,,,,,,COMPLETE
23,23,0.9510284143190095,2025-01-03 20:56:51.732760,2025-01-03 20:56:57.508885,0 days 00:00:05.776125,3,105,85.0,,,,,,,,,,,160.0,,,,,,,,COMPLETE
24,24,0.5427547809247155,2025-01-03 20:56:57.509220,2025-01-03 20:57:16.615668,0 days 00:00:19.106448,6,95,25.0,,,,,,,,,,,175.0,160.0,200.0,140.0,,,,,COMPLETE
25,25,0.9666426819205947,2025-01-03 20:57:16.616167,2025-01-03 20:57:22.003950,0 days 00:00:05.387783,3,65,55.0,,,,,,,,,,,135.0,,,,,,,,COMPLETE
26,26,0.9270202659021278,2025-01-03 20:57:22.004396,2025-01-03 20:57:29.061660,0 days 00:00:07.057264,4,60,50.0,,,,,,,,,,,130.0,125.0,,,,,,,COMPLETE
27,27,0.1,2025-01-03 20:57:29.062017,2025-01-03 20:58:34.415469,0 days 00:01:05.353452,17,60,35.0,70.0,200.0,200.0,200.0,20.0,5.0,5.0,,,,105.0,5.0,150.0,200.0,170.0,200.0,35.0,200.0,COMPLETE
28,28,0.8209479192017523,2025-01-03 20:58:34.416214,2025-01-03 20:58:43.781979,0 days 00:00:09.365765,5,140,65.0,,,,,,,,,,,75.0,65.0,130.0,,,,,,COMPLETE
29,29,0.6995002794764197,2025-01-03 20:58:43.782341,2025-01-03 20:59:06.267775,0 days 00:00:22.485434,7,85,5.0,,,,,,,,,,,200.0,170.0,80.0,10.0,90.0,,,,COMPLETE
30,30,0.9491199073996783,2025-01-03 20:59:06.268286,2025-01-03 20:59:10.501941,0 days 00:00:04.233655,2,10,95.0,,,,,,,,,,,,,,,,,,,COMPLETE
31,31,0.9583997785160576,2025-01-03 20:59:10.502303,2025-01-03 20:59:15.902463,0 days 00:00:05.400160,3,105,75.0,,,,,,,,,,,150.0,,,,,,,,COMPLETE
32,32,0.9576087076695154,2025-01-03 20:59:15.903060,2025-01-03 20:59:20.393943,0 days 00:00:04.490883,2,110,45.0,,,,,,,,,,,,,,,,,,,COMPLETE
33,33,0.8235675422001261,2025-01-03 20:59:20.394291,2025-01-03 20:59:29.418608,0 days 00:00:09.024317,5,70,105.0,,,,,,,,,,,180.0,180.0,30.0,,,,,,COMPLETE
34,34,0.9428606083008929,2025-01-03 20:59:29.418958,2025-01-03 20:59:34.363131,0 days 00:00:04.944173,3,100,20.0,,,,,,,,,,,160.0,,,,,,,,COMPLETE
35,35,0.9634625201782585,2025-01-03 20:59:34.363507,2025-01-03 20:59:37.850728,0 days 00:00:03.487221,1,120,,,,,,,,,,,,,,,,,,,,COMPLETE
36,36,0.9575288825783836,2025-01-03 20:59:37.851396,2025-01-03 20:59:41.570477,0 days 00:00:03.719081,1,120,,,,,,,,,,,,,,,,,,,,COMPLETE
37,37,0.959070351758794,2025-01-03 20:59:41.570809,2025-01-03 20:59:47.010588,0 days 00:00:05.439779,2,140,175.0,,,,,,,,,,,,,,,,,,,COMPLETE
38,38,0.958126641377298,2025-01-03 20:59:47.010958,2025-01-03 20:59:50.520138,0 days 00:00:03.509180,1,55,,,,,,,,,,,,,,,,,,,,COMPLETE
39,39,0.6827069758824074,2025-01-03 20:59:50.520475,2025-01-03 21:00:14.953674,0 days 00:00:24.433199,6,125,160.0,,,,,,,,,,,130.0,130.0,5.0,135.0,,,,,COMPLETE
40,40,0.9473958101429272,2025-01-03 21:00:14.954075,2025-01-03 21:00:20.784894,0 days 00:00:05.830819,4,150,40.0,,,,,,,,,,,60.0,75.0,,,,,,,COMPLETE
41,41,0.9591983316601866,2025-01-03 21:00:20.785265,2025-01-03 21:00:25.013179,0 days 00:00:04.227914,2,90,85.0,,,,,,,,,,,,,,,,,,,COMPLETE
42,42,0.9602644649847044,2025-01-03 21:00:25.013534,2025-01-03 21:00:29.814790,0 days 00:00:04.801256,3,75,65.0,,,,,,,,,,,85.0,,,,,,,,COMPLETE
43,43,0.9216722646045425,2025-01-03 21:00:29.815173,2025-01-03 21:00:37.846048,0 days 00:00:08.030875,5,120,130.0,,,,,,,,,,,110.0,20.0,150.0,,,,,,COMPLETE
44,44,0.6243722557947404,2025-01-03 21:00:37.846655,2025-01-03 21:01:41.561936,0 days 00:01:03.715281,18,45,95.0,5.0,140.0,145.0,5.0,115.0,200.0,200.0,10.0,,,155.0,115.0,115.0,170.0,10.0,105.0,195.0,15.0,COMPLETE
45,45,0.9549998749996528,2025-01-03 21:01:41.562720,2025-01-03 21:01:45.280346,0 days 00:00:03.717626,1,110,,,,,,,,,,,,,,,,,,,,COMPLETE
46,46,0.5597324469838479,2025-01-03 21:01:45.280862,2025-01-03 21:02:26.334635,0 days 00:00:41.053773,12,165,105.0,90.0,5.0,,,,,,,,,130.0,85.0,35.0,45.0,100.0,130.0,130.0,50.0,COMPLETE
47,47,0.964317197606638,2025-01-03 21:02:26.335224,2025-01-03 21:02:30.733680,0 days 00:00:04.398456,2,95,140.0,,,,,,,,,,,,,,,,,,,COMPLETE
48,48,0.9601328903654485,2025-01-03 21:02:30.734016,2025-01-03 21:02:35.409420,0 days 00:00:04.675404,2,70,140.0,,,,,,,,,,,,,,,,,,,COMPLETE
49,49,0.9587952352658236,2025-01-03 21:02:35.409745,2025-01-03 21:02:39.706919,0 days 00:00:04.297174,1,145,,,,,,,,,,,,,,,,,,,,COMPLETE
50,50,0.9527158820417879,2025-01-03 21:02:39.707258,2025-01-03 21:02:45.975671,0 days 00:00:06.268413,4,30,125.0,,,,,,,,,,,35.0,145.0,,,,,,,COMPLETE
51,51,0.956094252797821,2025-01-03 21:02:45.976042,2025-01-03 21:02:52.191890,0 days 00:00:06.215848,3,95,150.0,,,,,,,,,,,170.0,,,,,,,,COMPLETE
52,52,0.9595828605392555,2025-01-03 21:02:52.192320,2025-01-03 21:02:57.330394,0 days 00:00:05.138074,2,115,170.0,,,,,,,,,,,,,,,,,,,COMPLETE
53,53,0.9536418758154885,2025-01-03 21:02:57.330715,2025-01-03 21:03:01.558190,0 days 00:00:04.227475,1,125,,,,,,,,,,,,,,,,,,,,COMPLETE
54,54,0.7016556391431765,2025-01-03 21:03:01.558555,2025-01-03 21:03:16.490955,0 days 00:00:14.932400,6,95,75.0,,,,,,,,,,,185.0,185.0,85.0,115.0,,,,,COMPLETE
55,55,0.9585478547854785,2025-01-03 21:03:16.491512,2025-01-03 21:03:22.081438,0 days 00:00:05.589926,3,80,120.0,,,,,,,,,,,75.0,,,,,,,,COMPLETE
56,56,0.9573969122532735,2025-01-03 21:03:22.081805,2025-01-03 21:03:28.761338,0 days 00:00:06.679533,4,130,185.0,,,,,,,,,,,95.0,25.0,,,,,,,COMPLETE
57,57,0.9641416080899827,2025-01-03 21:03:28.761688,2025-01-03 21:03:33.282430,0 days 00:00:04.520742,2,110,95.0,,,,,,,,,,,,,,,,,,,COMPLETE
58,58,0.9573927560426798,2025-01-03 21:03:33.282790,2025-01-03 21:03:38.282479,0 days 00:00:04.999689,2,115,95.0,,,,,,,,,,,,,,,,,,,COMPLETE
59,59,0.6756690700232189,2025-01-03 21:03:38.282807,2025-01-03 21:04:15.797679,0 days 00:00:37.514872,10,110,135.0,,,,,,,,,,,10.0,70.0,165.0,170.0,155.0,35.0,50.0,65.0,COMPLETE
60,60,0.9506937658784445,2025-01-03 21:04:15.798392,2025-01-03 21:04:19.251376,0 days 00:00:03.452984,1,90,,,,,,,,,,,,,,,,,,,,COMPLETE
61,61,0.9591344414827017,2025-01-03 21:04:19.251746,2025-01-03 21:04:24.675958,0 days 00:00:05.424212,2,100,75.0,,,,,,,,,,,,,,,,,,,COMPLETE
62,62,0.9430445811259764,2025-01-03 21:04:24.676350,2025-01-03 21:04:31.400353,0 days 00:00:06.724003,4,135,60.0,,,,,,,,,,,125.0,100.0,,,,,,,COMPLETE
63,63,0.9520208022092445,2025-01-03 21:04:31.400746,2025-01-03 21:04:36.754639,0 days 00:00:05.353893,3,105,110.0,,,,,,,,,,,140.0,,,,,,,,COMPLETE
64,64,0.9594055110759667,2025-01-03 21:04:36.754977,2025-01-03 21:04:40.292497,0 days 00:00:03.537520,1,85,,,,,,,,,,,,,,,,,,,,COMPLETE
65,65,0.9590189190854748,2025-01-03 21:04:40.292834,2025-01-03 21:04:44.474367,0 days 00:00:04.181533,2,60,85.0,,,,,,,,,,,,,,,,,,,COMPLETE
66,66,0.8315121468640743,2025-01-03 21:04:44.474741,2025-01-03 21:04:55.206492,0 days 00:00:10.731751,5,130,120.0,,,,,,,,,,,165.0,190.0,195.0,,,,,,COMPLETE
67,67,0.9611165845648604,2025-01-03 21:04:55.206895,2025-01-03 21:05:01.156231,0 days 00:00:05.949336,3,100,160.0,,,,,,,,,,,140.0,,,,,,,,COMPLETE
68,68,0.9579831932773109,2025-01-03 21:05:01.156641,2025-01-03 21:05:05.146086,0 days 00:00:03.989445,1,115,,,,,,,,,,,,,,,,,,,,COMPLETE
69,69,0.3549370174725721,2025-01-03 21:05:05.146405,2025-01-03 21:05:59.869178,0 days 00:00:54.722773,15,75,160.0,120.0,60.0,200.0,155.0,115.0,,,,,,55.0,120.0,60.0,30.0,30.0,100.0,115.0,200.0,COMPLETE
70,70,0.9605542928367182,2025-01-03 21:05:59.869865,2025-01-03 21:06:06.679476,0 days 00:00:06.809611,3,90,185.0,,,,,,,,,,,100.0,,,,,,,,COMPLETE
71,71,0.9494524866004745,2025-01-03 21:06:06.679819,2025-01-03 21:06:11.453961,0 days 00:00:04.774142,2,100,145.0,,,,,,,,,,,,,,,,,,,COMPLETE
72,72,0.9334345900522372,2025-01-03 21:06:11.454301,2025-01-03 21:06:19.515714,0 days 00:00:08.061413,4,125,55.0,,,,,,,,,,,145.0,135.0,,,,,,,COMPLETE
73,73,0.9640805159273012,2025-01-03 21:06:19.516097,2025-01-03 21:06:24.184586,0 days 00:00:04.668489,2,105,95.0,,,,,,,,,,,,,,,,,,,COMPLETE
74,74,0.959070351758794,2025-01-03 21:06:24.185627,2025-01-03 21:06:28.095040,0 days 00:00:03.909413,1,110,,,,,,,,,,,,,,,,,,,,COMPLETE
75,75,0.9557205152400042,2025-01-03 21:06:28.095364,2025-01-03 21:06:34.652065,0 days 00:00:06.556701,3,120,155.0,,,,,,,,,,,120.0,,,,,,,,COMPLETE
76,76,0.618712715289137,2025-01-03 21:06:34.652516,2025-01-03 21:06:57.285608,0 days 00:00:22.633092,7,105,135.0,,,,,,,,,,,80.0,105.0,125.0,65.0,175.0,,,,COMPLETE
77,77,0.9583332175922711,2025-01-03 21:06:57.286004,2025-01-03 21:07:03.093928,0 days 00:00:05.807924,2,135,170.0,,,,,,,,,,,,,,,,,,,COMPLETE
78,78,0.9530808080808081,2025-01-03 21:07:03.094323,2025-01-03 21:07:06.088672,0 days 00:00:02.994349,1,50,,,,,,,,,,,,,,,,,,,,COMPLETE
79,79,0.8776313200865631,2025-01-03 21:07:06.088982,2025-01-03 21:07:13.318471,0 days 00:00:07.229489,4,80,15.0,,,,,,,,,,,140.0,55.0,,,,,,,COMPLETE
80,80,0.6629126261142129,2025-01-03 21:07:13.318857,2025-01-03 21:07:37.769694,0 days 00:00:24.450837,8,15,110.0,,,,,,,,,,,65.0,20.0,90.0,110.0,120.0,45.0,,,COMPLETE
81,81,0.9593367602739349,2025-01-03 21:07:37.770116,2025-01-03 21:07:42.469213,0 days 00:00:04.699097,2,95,90.0,,,,,,,,,,,,,,,,,,,COMPLETE
82,82,0.9635251503741822,2025-01-03 21:07:42.469656,2025-01-03 21:07:48.410177,0 days 00:00:05.940521,3,100,80.0,,,,,,,,,,,185.0,,,,,,,,COMPLETE
83,83,0.94939034804983,2025-01-03 21:07:48.410868,2025-01-03 21:07:55.200269,0 days 00:00:06.789401,3,120,75.0,,,,,,,,,,,190.0,,,,,,,,COMPLETE
84,84,0.9504362489918616,2025-01-03 21:07:55.200717,2025-01-03 21:07:58.949533,0 days 00:00:03.748816,1,105,,,,,,,,,,,,,,,,,,,,COMPLETE
85,85,0.9564489112227805,2025-01-03 21:07:58.949857,2025-01-03 21:08:02.888535,0 days 00:00:03.938678,2,115,70.0,,,,,,,,,,,,,,,,,,,COMPLETE
86,86,0.8375793518209155,2025-01-03 21:08:02.888865,2025-01-03 21:08:13.442104,0 days 00:00:10.553239,5,90,100.0,,,,,,,,,,,200.0,170.0,45.0,,,,,,COMPLETE
87,87,0.9533328148090534,2025-01-03 21:08:13.442540,2025-01-03 21:08:19.301245,0 days 00:00:05.858705,3,110,50.0,,,,,,,,,,,175.0,,,,,,,,COMPLETE
88,88,0.877707972270364,2025-01-03 21:08:19.301620,2025-01-03 21:08:27.411903,0 days 00:00:08.110283,4,65,80.0,,,,,,,,,,,115.0,140.0,,,,,,,COMPLETE
89,89,0.5708323400796427,2025-01-03 21:08:27.412263,2025-01-03 21:09:24.908040,0 days 00:00:57.495777,13,85,100.0,165.0,150.0,95.0,,,,,,,,150.0,30.0,105.0,185.0,90.0,200.0,170.0,155.0,COMPLETE
90,90,0.3860408104405509,2025-01-03 21:09:24.908797,2025-01-03 21:10:05.291461,0 days 00:00:40.382664,20,100,35.0,50.0,45.0,140.0,195.0,70.0,15.0,100.0,200.0,5.0,195.0,135.0,55.0,65.0,60.0,30.0,85.0,50.0,60.0,COMPLETE
91,91,0.9601532059560471,2025-01-03 21:10:05.292230,2025-01-03 21:10:11.174969,0 days 00:00:05.882739,3,95,90.0,,,,,,,,,,,165.0,,,,,,,,COMPLETE
92,92,0.9542066234421711,2025-01-03 21:10:11.175376,2025-01-03 21:10:15.980850,0 days 00:00:04.805474,2,100,110.0,,,,,,,,,,,,,,,,,,,COMPLETE
93,93,0.9573955477635524,2025-01-03 21:10:15.981214,2025-01-03 21:10:19.583073,0 days 00:00:03.601859,1,110,,,,,,,,,,,,,,,,,,,,COMPLETE
94,94,0.9623346573815219,2025-01-03 21:10:19.583442,2025-01-03 21:10:25.719229,0 days 00:00:06.135787,3,125,80.0,,,,,,,,,,,185.0,,,,,,,,COMPLETE
95,95,0.96,2025-01-03 21:10:25.719574,2025-01-03 21:10:29.628756,0 days 00:00:03.909182,2,140,60.0,,,,,,,,,,,,,,,,,,,COMPLETE
96,96,0.967543956958234,2025-01-03 21:10:29.629123,2025-01-03 21:10:33.416165,0 days 00:00:03.787042,1,125,,,,,,,,,,,,,,,,,,,,COMPLETE
97,97,0.9606862745098039,2025-01-03 21:10:33.416509,2025-01-03 21:10:37.102050,0 days 00:00:03.685541,1,145,,,,,,,,,,,,,,,,,,,,COMPLETE
98,98,0.9615436241610738,2025-01-03 21:10:37.102406,2025-01-03 21:10:41.223382,0 days 00:00:04.120976,1,130,,,,,,,,,,,,,,,,,,,,COMPLETE
99,99,0.960444034306807,2025-01-03 21:10:41.223702,2025-01-03 21:10:45.254772,0 days 00:00:04.031070,2,120,70.0,,,,,,,,,,,,,,,,,,,COMPLETE
100,100,0.9522829131652661,2025-01-03 21:10:45.255146,2025-01-03 21:10:49.021531,0 days 00:00:03.766385,1,135,,,,,,,,,,,,,,,,,,,,COMPLETE
101,101,0.9580648339737905,2025-01-03 21:10:49.021859,2025-01-03 21:10:53.056594,0 days 00:00:04.034735,1,130,,,,,,,,,,,,,,,,,,,,COMPLETE
102,102,0.9624705757961926,2025-01-03 21:10:53.056974,2025-01-03 21:10:57.597695,0 days 00:00:04.540721,2,125,80.0,,,,,,,,,,,,,,,,,,,COMPLETE
103,103,0.9574652198107958,2025-01-03 21:10:57.598077,2025-01-03 21:11:01.717798,0 days 00:00:04.119721,2,115,80.0,,,,,,,,,,,,,,,,,,,COMPLETE
104,104,0.9526285240464345,2025-01-03 21:11:01.718204,2025-01-03 21:11:06.523572,0 days 00:00:04.805368,2,125,90.0,,,,,,,,,,,,,,,,,,,COMPLETE
105,105,0.9583997785160576,2025-01-03 21:11:06.524021,2025-01-03 21:11:13.197215,0 days 00:00:06.673194,3,145,80.0,,,,,,,,,,,190.0,,,,,,,,COMPLETE
106,106,0.9518791980720915,2025-01-03 21:11:13.197649,2025-01-03 21:11:19.853654,0 days 00:00:06.656005,4,125,60.0,,,,,,,,,,,180.0,45.0,,,,,,,COMPLETE
107,107,0.9563758389261745,2025-01-03 21:11:19.854030,2025-01-03 21:11:24.737578,0 days 00:00:04.883548,2,155,45.0,,,,,,,,,,,,,,,,,,,COMPLETE
108,108,0.955077519379845,2025-01-03 21:11:24.737949,2025-01-03 21:11:30.708112,0 days 00:00:05.970163,3,35,70.0,,,,,,,,,,,195.0,,,,,,,,COMPLETE
109,109,0.9552219102127928,2025-01-03 21:11:30.708519,2025-01-03 21:11:34.699000,0 days 00:00:03.990481,1,120,,,,,,,,,,,,,,,,,,,,COMPLETE
110,110,0.9602040676008305,2025-01-03 21:11:34.699366,2025-01-03 21:11:39.495870,0 days 00:00:04.796504,2,105,95.0,,,,,,,,,,,,,,,,,,,COMPLETE
111,111,0.9552978907117307,2025-01-03 21:11:39.496255,2025-01-03 21:11:43.597665,0 days 00:00:04.101410,1,135,,,,,,,,,,,,,,,,,,,,COMPLETE
112,112,0.9557118927973199,2025-01-03 21:11:43.598211,2025-01-03 21:11:47.378939,0 days 00:00:03.780728,1,130,,,,,,,,,,,,,,,,,,,,COMPLETE
113,113,0.9634314602028765,2025-01-03 21:11:47.379307,2025-01-03 21:11:51.522383,0 days 00:00:04.143076,1,125,,,,,,,,,,,,,,,,,,,,COMPLETE
114,114,0.9584716462060192,2025-01-03 21:11:51.522729,2025-01-03 21:11:56.079285,0 days 00:00:04.556556,2,115,105.0,,,,,,,,,,,,,,,,,,,COMPLETE
115,115,0.5799476684643299,2025-01-03 21:11:56.079628,2025-01-03 21:13:05.320839,0 days 00:01:09.241211,19,125,125.0,200.0,100.0,5.0,55.0,145.0,195.0,15.0,90.0,200.0,,180.0,155.0,15.0,20.0,145.0,155.0,175.0,5.0,COMPLETE
116,116,0.9604759075347311,2025-01-03 21:13:05.321653,2025-01-03 21:13:11.032054,0 days 00:00:05.710401,3,110,85.0,,,,,,,,,,,155.0,,,,,,,,COMPLETE
117,117,0.9583332175922711,2025-01-03 21:13:11.032513,2025-01-03 21:13:14.601029,0 days 00:00:03.568516,1,115,,,,,,,,,,,,,,,,,,,,COMPLETE
118,118,0.9566666666666667,2025-01-03 21:13:14.601393,2025-01-03 21:13:19.158552,0 days 00:00:04.557159,2,120,100.0,,,,,,,,,,,,,,,,,,,COMPLETE
119,119,0.4831002160122765,2025-01-03 21:13:19.158969,2025-01-03 21:14:28.763625,0 days 00:01:09.604656,16,110,115.0,95.0,200.0,90.0,140.0,65.0,120.0,,,,,170.0,200.0,160.0,155.0,180.0,35.0,100.0,175.0,COMPLETE
120,120,0.9541172084119379,2025-01-03 21:14:28.764388,2025-01-03 21:14:34.672289,0 days 00:00:05.907901,3,120,65.0,,,,,,,,,,,200.0,,,,,,,,COMPLETE
121,121,0.9651650165016502,2025-01-03 21:14:34.672781,2025-01-03 21:14:39.056506,0 days 00:00:04.383725,1,185,,,,,,,,,,,,,,,,,,,,COMPLETE
122,122,0.9636730025597734,2025-01-03 21:14:39.056862,2025-01-03 21:14:43.223410,0 days 00:00:04.166548,1,160,,,,,,,,,,,,,,,,,,,,COMPLETE
123,123,0.9610583945614093,2025-01-03 21:14:43.223795,2025-01-03 21:14:47.376202,0 days 00:00:04.152407,1,175,,,,,,,,,,,,,,,,,,,,COMPLETE
124,124,0.9683492087302183,2025-01-03 21:14:47.376535,2025-01-03 21:14:51.701205,0 days 00:00:04.324670,1,185,,,,,,,,,,,,,,,,,,,,COMPLETE
125,125,0.952856212405655,2025-01-03 21:14:51.701571,2025-01-03 21:14:56.069873,0 days 00:00:04.368302,1,185,,,,,,,,,,,,,,,,,,,,COMPLETE
126,126,0.9616721157558772,2025-01-03 21:14:56.070209,2025-01-03 21:15:00.370808,0 days 00:00:04.300599,1,200,,,,,,,,,,,,,,,,,,,,COMPLETE
127,127,0.9602040676008305,2025-01-03 21:15:00.371194,2025-01-03 21:15:03.568028,0 days 00:00:03.196834,1,95,,,,,,,,,,,,,,,,,,,,COMPLETE
128,128,0.9581939799331104,2025-01-03 21:15:03.568430,2025-01-03 21:15:07.893369,0 days 00:00:04.324939,1,190,,,,,,,,,,,,,,,,,,,,COMPLETE
129,129,0.5287164296443965,2025-01-03 21:15:07.894012,2025-01-03 21:15:49.249715,0 days 00:00:41.355703,11,170,25.0,165.0,,,,,,,,,,105.0,80.0,180.0,125.0,70.0,125.0,30.0,85.0,COMPLETE
130,130,0.960859461228293,2025-01-03 21:15:49.250325,2025-01-03 21:15:55.529816,0 days 00:00:06.279491,2,185,130.0,,,,,,,,,,,,,,,,,,,COMPLETE
131,131,0.9486707184571506,2025-01-03 21:15:55.530452,2025-01-03 21:16:00.499179,0 days 00:00:04.968727,2,180,50.0,,,,,,,,,,,,,,,,,,,COMPLETE
132,132,0.9591346688925988,2025-01-03 21:16:00.499551,2025-01-03 21:16:06.251533,0 days 00:00:05.751982,2,165,120.0,,,,,,,,,,,,,,,,,,,COMPLETE
133,133,0.9581939799331104,2025-01-03 21:16:06.251914,2025-01-03 21:16:10.653101,0 days 00:00:04.401187,1,195,,,,,,,,,,,,,,,,,,,,COMPLETE
134,134,0.9507907189947824,2025-01-03 21:16:10.653497,2025-01-03 21:16:14.882711,0 days 00:00:04.229214,2,160,55.0,,,,,,,,,,,,,,,,,,,COMPLETE
135,135,0.9611868160642395,2025-01-03 21:16:14.883051,2025-01-03 21:16:19.422590,0 days 00:00:04.539539,1,190,,,,,,,,,,,,,,,,,,,,COMPLETE
136,136,0.9618481848184819,2025-01-03 21:16:19.422953,2025-01-03 21:16:23.620366,0 days 00:00:04.197413,2,105,35.0,,,,,,,,,,,,,,,,,,,COMPLETE
137,137,0.9519066019444178,2025-01-03 21:16:23.620741,2025-01-03 21:16:27.922036,0 days 00:00:04.301295,1,185,,,,,,,,,,,,,,,,,,,,COMPLETE
138,138,0.9601990049751243,2025-01-03 21:16:27.922395,2025-01-03 21:16:33.796780,0 days 00:00:05.874385,2,140,200.0,,,,,,,,,,,,,,,,,,,COMPLETE
