,number,value,datetime_start,datetime_complete,duration,params_depth,params_neurons_layer_0,params_neurons_layer_1,params_neurons_layer_10,params_neurons_layer_11,params_neurons_layer_12,params_neurons_layer_13,params_neurons_layer_14,params_neurons_layer_15,params_neurons_layer_16,params_neurons_layer_17,params_neurons_layer_18,params_neurons_layer_19,params_neurons_layer_2,params_neurons_layer_3,params_neurons_layer_4,params_neurons_layer_5,params_neurons_layer_6,params_neurons_layer_7,params_neurons_layer_8,params_neurons_layer_9,state
0,0,0.5102101213376738,2025-01-02 06:45:16.790791,2025-01-02 06:45:29.484854,0 days 00:00:12.694063,6,75,120.0,,,,,,,,,,,65.0,115.0,80.0,50.0,,,,,COMPLETE
1,1,0.034482758620689655,2025-01-02 06:45:29.485411,2025-01-02 06:46:16.971688,0 days 00:00:47.486277,17,30,175.0,70.0,85.0,155.0,150.0,175.0,100.0,95.0,,,,45.0,85.0,70.0,85.0,175.0,45.0,145.0,140.0,COMPLETE
2,2,0.5200254291163382,2025-01-02 06:46:16.972556,2025-01-02 06:47:04.192520,0 days 00:00:47.219964,17,180,30.0,120.0,20.0,175.0,195.0,155.0,145.0,30.0,,,,40.0,155.0,15.0,100.0,80.0,150.0,100.0,20.0,COMPLETE
3,3,0.6424949290060853,2025-01-02 06:47:04.193591,2025-01-02 06:47:14.566259,0 days 00:00:10.372668,5,20,165.0,,,,,,,,,,,85.0,45.0,150.0,,,,,,COMPLETE
4,4,0.7600753604193972,2025-01-02 06:47:14.566831,2025-01-02 06:47:21.923574,0 days 00:00:07.356743,3,100,30.0,,,,,,,,,,,120.0,,,,,,,,COMPLETE
5,5,0.8291666666666666,2025-01-02 06:47:21.924074,2025-01-02 06:47:26.885645,0 days 00:00:04.961571,1,115,,,,,,,,,,,,,,,,,,,,COMPLETE
6,6,0.5099920063948841,2025-01-02 06:47:26.886126,2025-01-02 06:48:13.694408,0 days 00:00:46.808282,17,155,170.0,65.0,190.0,75.0,20.0,175.0,105.0,45.0,,,,30.0,60.0,100.0,150.0,35.0,165.0,55.0,110.0,COMPLETE
7,7,0.45591702027345593,2025-01-02 06:48:13.695174,2025-01-02 06:49:00.361491,0 days 00:00:46.666317,17,165,15.0,10.0,155.0,105.0,200.0,30.0,65.0,65.0,,,,185.0,80.0,110.0,35.0,170.0,45.0,45.0,180.0,COMPLETE
8,8,0.652804711628241,2025-01-02 06:49:00.362234,2025-01-02 06:49:12.138334,0 days 00:00:11.776100,6,115,120.0,,,,,,,,,,,70.0,20.0,105.0,115.0,,,,,COMPLETE
9,9,0.42544802867383513,2025-01-02 06:49:12.138903,2025-01-02 06:49:22.212114,0 days 00:00:10.073211,5,190,90.0,,,,,,,,,,,155.0,150.0,170.0,,,,,,COMPLETE
10,10,0.5101853397896143,2025-01-02 06:49:22.212781,2025-01-02 06:49:56.541643,0 days 00:00:34.328862,11,75,75.0,195.0,,,,,,,,,,125.0,200.0,200.0,200.0,15.0,5.0,200.0,10.0,COMPLETE
11,11,0.8182447637181929,2025-01-02 06:49:56.542290,2025-01-02 06:50:01.486312,0 days 00:00:04.944022,1,120,,,,,,,,,,,,,,,,,,,,COMPLETE
12,12,0.8321861684693543,2025-01-02 06:50:01.486793,2025-01-02 06:50:06.451334,0 days 00:00:04.964541,1,125,,,,,,,,,,,,,,,,,,,,COMPLETE
13,13,0.4445121951219512,2025-01-02 06:50:06.451811,2025-01-02 06:50:23.378457,0 days 00:00:16.926646,9,145,200.0,,,,,,,,,,,200.0,5.0,10.0,5.0,120.0,200.0,5.0,,COMPLETE
14,14,0.391350584898972,2025-01-02 06:50:23.379763,2025-01-02 06:50:43.796651,0 days 00:00:20.416888,10,75,60.0,,,,,,,,,,,10.0,185.0,45.0,200.0,110.0,105.0,165.0,60.0,COMPLETE
15,15,0.8402036048064085,2025-01-02 06:50:43.797298,2025-01-02 06:50:48.789615,0 days 00:00:04.992317,1,130,,,,,,,,,,,,,,,,,,,,COMPLETE
16,16,0.33284198113207547,2025-01-02 06:50:48.790074,2025-01-02 06:51:27.041332,0 days 00:00:38.251258,13,140,135.0,200.0,15.0,15.0,,,,,,,,160.0,115.0,140.0,150.0,65.0,100.0,105.0,195.0,COMPLETE
17,17,0.8016569200779726,2025-01-02 06:51:27.042059,2025-01-02 06:51:34.482312,0 days 00:00:07.440253,3,50,55.0,,,,,,,,,,,105.0,,,,,,,,COMPLETE
18,18,0.5283018867924528,2025-01-02 06:51:34.482843,2025-01-02 06:51:49.487471,0 days 00:00:15.004628,8,130,145.0,,,,,,,,,,,145.0,150.0,195.0,150.0,195.0,90.0,,,COMPLETE
19,19,0.034482758620689655,2025-01-02 06:51:49.488245,2025-01-02 06:52:29.486115,0 days 00:00:39.997870,14,170,100.0,145.0,95.0,5.0,45.0,,,,,,,10.0,40.0,45.0,65.0,140.0,145.0,5.0,70.0,COMPLETE
20,20,0.8054054054054054,2025-01-02 06:52:29.486837,2025-01-02 06:52:36.814991,0 days 00:00:07.328154,3,200,190.0,,,,,,,,,,,175.0,,,,,,,,COMPLETE
21,21,0.8238421955403088,2025-01-02 06:52:36.815499,2025-01-02 06:52:41.773074,0 days 00:00:04.957575,1,105,,,,,,,,,,,,,,,,,,,,COMPLETE
22,22,0.8166203586764335,2025-01-02 06:52:41.773549,2025-01-02 06:52:46.779293,0 days 00:00:05.005744,1,95,,,,,,,,,,,,,,,,,,,,COMPLETE
23,23,0.760458958517211,2025-01-02 06:52:46.779759,2025-01-02 06:52:54.151960,0 days 00:00:07.372201,3,135,150.0,,,,,,,,,,,95.0,,,,,,,,COMPLETE
24,24,0.8109921848453958,2025-01-02 06:52:54.152469,2025-01-02 06:52:59.146313,0 days 00:00:04.993844,1,90,,,,,,,,,,,,,,,,,,,,COMPLETE
25,25,0.6539083557951482,2025-01-02 06:52:59.146792,2025-01-02 06:53:08.122015,0 days 00:00:08.975223,4,120,15.0,,,,,,,,,,,130.0,175.0,,,,,,,COMPLETE
26,26,0.3007765830346476,2025-01-02 06:53:08.122511,2025-01-02 06:54:05.790514,0 days 00:00:57.668003,20,150,50.0,5.0,140.0,200.0,85.0,15.0,10.0,200.0,40.0,25.0,55.0,60.0,130.0,130.0,5.0,60.0,10.0,105.0,150.0,COMPLETE
27,27,0.4922172258734002,2025-01-02 06:54:05.791331,2025-01-02 06:54:20.906198,0 days 00:00:15.114867,8,125,80.0,,,,,,,,,,,200.0,95.0,170.0,130.0,145.0,60.0,,,COMPLETE
28,28,0.8218515429524604,2025-01-02 06:54:20.906966,2025-01-02 06:54:27.310978,0 days 00:00:06.404012,2,110,115.0,,,,,,,,,,,,,,,,,,,COMPLETE
29,29,0.575281113016962,2025-01-02 06:54:27.311466,2025-01-02 06:54:38.928301,0 days 00:00:11.616835,6,60,5.0,,,,,,,,,,,105.0,65.0,40.0,180.0,,,,,COMPLETE
30,30,0.8017094017094017,2025-01-02 06:54:38.928847,2025-01-02 06:54:47.602465,0 days 00:00:08.673618,4,85,35.0,,,,,,,,,,,80.0,20.0,,,,,,,COMPLETE
31,31,0.8205607476635515,2025-01-02 06:54:47.603007,2025-01-02 06:54:52.600067,0 days 00:00:04.997060,1,105,,,,,,,,,,,,,,,,,,,,COMPLETE
32,32,0.7833333333333333,2025-01-02 06:54:52.600537,2025-01-02 06:54:59.014060,0 days 00:00:06.413523,2,105,70.0,,,,,,,,,,,,,,,,,,,COMPLETE
33,33,0.8267195767195767,2025-01-02 06:54:59.014563,2025-01-02 06:55:05.020607,0 days 00:00:06.006044,2,160,140.0,,,,,,,,,,,,,,,,,,,COMPLETE
34,34,0.714905814905815,2025-01-02 06:55:05.021091,2025-01-02 06:55:13.701125,0 days 00:00:08.680034,4,160,150.0,,,,,,,,,,,140.0,125.0,,,,,,,COMPLETE
35,35,0.5712829226847917,2025-01-02 06:55:13.701645,2025-01-02 06:55:26.459351,0 days 00:00:12.757706,7,175,105.0,,,,,,,,,,,25.0,180.0,80.0,30.0,10.0,,,,COMPLETE
36,36,0.853606453653907,2025-01-02 06:55:26.459928,2025-01-02 06:55:32.456224,0 days 00:00:05.996296,2,135,130.0,,,,,,,,,,,,,,,,,,,COMPLETE
37,37,0.49719101123595505,2025-01-02 06:55:32.456726,2025-01-02 06:55:42.652399,0 days 00:00:10.195673,5,140,125.0,,,,,,,,,,,55.0,165.0,165.0,,,,,,COMPLETE
38,38,0.8287337662337663,2025-01-02 06:55:42.652974,2025-01-02 06:55:48.687722,0 days 00:00:06.034748,2,125,160.0,,,,,,,,,,,,,,,,,,,COMPLETE
39,39,0.6855605800717293,2025-01-02 06:55:48.688227,2025-01-02 06:55:58.776971,0 days 00:00:10.088744,5,130,185.0,,,,,,,,,,,180.0,135.0,120.0,,,,,,COMPLETE
40,40,0.8144144144144144,2025-01-02 06:55:58.777500,2025-01-02 06:56:06.143177,0 days 00:00:07.365677,3,150,95.0,,,,,,,,,,,165.0,,,,,,,,COMPLETE
41,41,0.8493493493493494,2025-01-02 06:56:06.143751,2025-01-02 06:56:11.107702,0 days 00:00:04.963951,1,120,,,,,,,,,,,,,,,,,,,,COMPLETE
42,42,0.8177865612648222,2025-01-02 06:56:11.108193,2025-01-02 06:56:17.560327,0 days 00:00:06.452134,2,115,130.0,,,,,,,,,,,,,,,,,,,COMPLETE
43,43,0.8310258548790659,2025-01-02 06:56:17.560844,2025-01-02 06:56:22.567768,0 days 00:00:05.006924,1,85,,,,,,,,,,,,,,,,,,,,COMPLETE
44,44,0.7677589093518298,2025-01-02 06:56:22.568240,2025-01-02 06:56:31.357120,0 days 00:00:08.788880,4,85,175.0,,,,,,,,,,,110.0,200.0,,,,,,,COMPLETE
45,45,0.8089550246897104,2025-01-02 06:56:31.357644,2025-01-02 06:56:36.875269,0 days 00:00:05.517625,1,5,,,,,,,,,,,,,,,,,,,,COMPLETE
46,46,0.8066528066528067,2025-01-02 06:56:36.875767,2025-01-02 06:56:44.741939,0 days 00:00:07.866172,3,70,160.0,,,,,,,,,,,45.0,,,,,,,,COMPLETE
47,47,0.8108766233766234,2025-01-02 06:56:44.742597,2025-01-02 06:56:50.753103,0 days 00:00:06.010506,2,55,110.0,,,,,,,,,,,,,,,,,,,COMPLETE
48,48,0.533201581027668,2025-01-02 06:56:50.753619,2025-01-02 06:57:02.276755,0 days 00:00:11.523136,6,95,40.0,,,,,,,,,,,90.0,65.0,25.0,80.0,,,,,COMPLETE
49,49,0.8574341546304163,2025-01-02 06:57:02.277308,2025-01-02 06:57:07.598477,0 days 00:00:05.321169,1,140,,,,,,,,,,,,,,,,,,,,COMPLETE
50,50,0.3153100205700852,2025-01-02 06:57:07.598959,2025-01-02 06:57:45.988367,0 days 00:00:38.389408,13,185,90.0,155.0,60.0,75.0,,,,,,,,75.0,100.0,60.0,180.0,85.0,200.0,195.0,70.0,COMPLETE
51,51,0.8541890662476221,2025-01-02 06:57:45.989072,2025-01-02 06:57:50.978277,0 days 00:00:04.989205,1,140,,,,,,,,,,,,,,,,,,,,COMPLETE
52,52,0.8359788359788359,2025-01-02 06:57:50.978770,2025-01-02 06:57:57.007756,0 days 00:00:06.028986,2,140,185.0,,,,,,,,,,,,,,,,,,,COMPLETE
53,53,0.8016142735768904,2025-01-02 06:57:57.008242,2025-01-02 06:58:04.939992,0 days 00:00:07.931750,3,140,185.0,,,,,,,,,,,20.0,,,,,,,,COMPLETE
54,54,0.8263092928936695,2025-01-02 06:58:04.940511,2025-01-02 06:58:11.401179,0 days 00:00:06.460668,2,150,200.0,,,,,,,,,,,,,,,,,,,COMPLETE
55,55,0.5555555555555556,2025-01-02 06:58:11.401672,2025-01-02 06:58:21.537888,0 days 00:00:10.136216,5,135,165.0,,,,,,,,,,,40.0,110.0,185.0,,,,,,COMPLETE
56,56,0.7511467889908257,2025-01-02 06:58:21.538438,2025-01-02 06:58:30.181620,0 days 00:00:08.643182,4,155,175.0,,,,,,,,,,,140.0,40.0,,,,,,,COMPLETE
57,57,0.822429906542056,2025-01-02 06:58:30.182032,2025-01-02 06:58:35.121985,0 days 00:00:04.939953,1,170,,,,,,,,,,,,,,,,,,,,COMPLETE
58,58,0.8363095238095238,2025-01-02 06:58:35.122455,2025-01-02 06:58:42.504431,0 days 00:00:07.381976,3,145,120.0,,,,,,,,,,,115.0,,,,,,,,COMPLETE
59,59,0.8088624338624338,2025-01-02 06:58:42.504968,2025-01-02 06:58:50.359625,0 days 00:00:07.854657,3,120,120.0,,,,,,,,,,,115.0,,,,,,,,COMPLETE
60,60,0.6454166666666666,2025-01-02 06:58:50.360151,2025-01-02 06:59:34.846230,0 days 00:00:44.486079,16,130,80.0,55.0,190.0,130.0,115.0,90.0,180.0,,,,,130.0,20.0,90.0,125.0,35.0,125.0,55.0,115.0,COMPLETE
61,61,0.8251287001287001,2025-01-02 06:59:34.847231,2025-01-02 06:59:41.287156,0 days 00:00:06.439925,2,145,155.0,,,,,,,,,,,,,,,,,,,COMPLETE
62,62,0.8458874458874459,2025-01-02 06:59:41.287664,2025-01-02 06:59:46.298446,0 days 00:00:05.010782,1,145,,,,,,,,,,,,,,,,,,,,COMPLETE
63,63,0.8181818181818181,2025-01-02 06:59:46.298946,2025-01-02 06:59:51.249907,0 days 00:00:04.950961,1,115,,,,,,,,,,,,,,,,,,,,COMPLETE
64,64,0.7960216067907057,2025-01-02 06:59:51.250380,2025-01-02 06:59:56.230937,0 days 00:00:04.980557,1,160,,,,,,,,,,,,,,,,,,,,COMPLETE
65,65,0.7980041847738613,2025-01-02 06:59:56.231428,2025-01-02 07:00:03.561556,0 days 00:00:07.330128,3,145,65.0,,,,,,,,,,,95.0,,,,,,,,COMPLETE
66,66,0.8071428571428572,2025-01-02 07:00:03.562055,2025-01-02 07:00:08.561973,0 days 00:00:04.999918,1,135,,,,,,,,,,,,,,,,,,,,COMPLETE
67,67,0.3886113886113886,2025-01-02 07:00:08.562471,2025-01-02 07:00:37.430446,0 days 00:00:28.867975,11,125,140.0,100.0,,,,,,,,,,50.0,85.0,30.0,95.0,200.0,75.0,140.0,45.0,COMPLETE
68,68,0.8125625625625625,2025-01-02 07:00:37.431154,2025-01-02 07:00:44.831756,0 days 00:00:07.400602,3,155,110.0,,,,,,,,,,,190.0,,,,,,,,COMPLETE
69,69,0.7889908256880734,2025-01-02 07:00:44.832257,2025-01-02 07:00:54.150369,0 days 00:00:09.318112,4,170,45.0,,,,,,,,,,,65.0,5.0,,,,,,,COMPLETE
70,70,0.8502795248078268,2025-01-02 07:00:54.150921,2025-01-02 07:01:00.556920,0 days 00:00:06.405999,2,130,130.0,,,,,,,,,,,,,,,,,,,COMPLETE
71,71,0.8369818351187703,2025-01-02 07:01:00.557402,2025-01-02 07:01:07.004435,0 days 00:00:06.447033,2,130,130.0,,,,,,,,,,,,,,,,,,,COMPLETE
72,72,0.8272727272727273,2025-01-02 07:01:07.004940,2025-01-02 07:01:13.480225,0 days 00:00:06.475285,2,110,100.0,,,,,,,,,,,,,,,,,,,COMPLETE
73,73,0.8660607510165033,2025-01-02 07:01:13.480729,2025-01-02 07:01:18.468816,0 days 00:00:04.988087,1,120,,,,,,,,,,,,,,,,,,,,COMPLETE
74,74,0.8558558558558559,2025-01-02 07:01:18.469300,2025-01-02 07:01:23.460744,0 days 00:00:04.991444,1,120,,,,,,,,,,,,,,,,,,,,COMPLETE
75,75,0.8049742710120069,2025-01-02 07:01:23.461207,2025-01-02 07:01:28.439955,0 days 00:00:04.978748,1,110,,,,,,,,,,,,,,,,,,,,COMPLETE
76,76,0.8311092577147623,2025-01-02 07:01:28.440431,2025-01-02 07:01:33.410050,0 days 00:00:04.969619,1,120,,,,,,,,,,,,,,,,,,,,COMPLETE
77,77,0.7850225413257639,2025-01-02 07:01:33.410558,2025-01-02 07:01:39.872640,0 days 00:00:06.462082,2,100,90.0,,,,,,,,,,,,,,,,,,,COMPLETE
78,78,0.8273809523809523,2025-01-02 07:01:39.873319,2025-01-02 07:01:45.199726,0 days 00:00:05.326407,1,135,,,,,,,,,,,,,,,,,,,,COMPLETE
79,79,0.7161442006269593,2025-01-02 07:01:45.200211,2025-01-02 07:01:53.848152,0 days 00:00:08.647941,4,125,80.0,,,,,,,,,,,155.0,55.0,,,,,,,COMPLETE
80,80,0.8016142735768904,2025-01-02 07:01:53.848691,2025-01-02 07:01:59.856348,0 days 00:00:06.007657,2,115,145.0,,,,,,,,,,,,,,,,,,,COMPLETE
81,81,0.8252925823019281,2025-01-02 07:01:59.856873,2025-01-02 07:02:04.845087,0 days 00:00:04.988214,1,130,,,,,,,,,,,,,,,,,,,,COMPLETE
82,82,0.823495655025414,2025-01-02 07:02:04.845581,2025-01-02 07:02:09.818134,0 days 00:00:04.972553,1,120,,,,,,,,,,,,,,,,,,,,COMPLETE
83,83,0.8212005108556832,2025-01-02 07:02:09.818614,2025-01-02 07:02:16.705912,0 days 00:00:06.887298,3,135,15.0,,,,,,,,,,,30.0,,,,,,,,COMPLETE
84,84,0.5640552995391706,2025-01-02 07:02:16.706407,2025-01-02 07:03:30.991830,0 days 00:01:14.285423,20,140,130.0,35.0,135.0,60.0,70.0,80.0,5.0,180.0,200.0,185.0,200.0,5.0,75.0,60.0,60.0,135.0,175.0,80.0,155.0,COMPLETE
85,85,0.8557504873294347,2025-01-02 07:03:31.002101,2025-01-02 07:03:37.466370,0 days 00:00:06.464269,2,35,60.0,,,,,,,,,,,,,,,,,,,COMPLETE
86,86,0.8572111934943794,2025-01-02 07:03:37.466895,2025-01-02 07:03:43.913472,0 days 00:00:06.446577,2,150,60.0,,,,,,,,,,,,,,,,,,,COMPLETE
87,87,0.8520514883346741,2025-01-02 07:03:43.914002,2025-01-02 07:03:50.436443,0 days 00:00:06.522441,2,25,25.0,,,,,,,,,,,,,,,,,,,COMPLETE
88,88,0.8607085346215781,2025-01-02 07:03:50.436952,2025-01-02 07:03:56.923430,0 days 00:00:06.486478,2,35,25.0,,,,,,,,,,,,,,,,,,,COMPLETE
89,89,0.5710743801652892,2025-01-02 07:03:56.923943,2025-01-02 07:04:12.258949,0 days 00:00:15.335006,7,30,5.0,,,,,,,,,,,190.0,30.0,150.0,30.0,165.0,,,,COMPLETE
90,90,0.7135673959068455,2025-01-02 07:04:12.259535,2025-01-02 07:04:19.718227,0 days 00:00:07.458692,3,40,25.0,,,,,,,,,,,170.0,,,,,,,,COMPLETE
91,91,0.8071784967004667,2025-01-02 07:04:19.718891,2025-01-02 07:04:25.784767,0 days 00:00:06.065876,2,20,55.0,,,,,,,,,,,,,,,,,,,COMPLETE
92,92,0.8161705551086083,2025-01-02 07:04:25.785251,2025-01-02 07:04:32.227487,0 days 00:00:06.442236,2,35,20.0,,,,,,,,,,,,,,,,,,,COMPLETE
93,93,0.6410367545076283,2025-01-02 07:04:32.228004,2025-01-02 07:04:41.378396,0 days 00:00:09.150392,4,15,35.0,,,,,,,,,,,150.0,140.0,,,,,,,COMPLETE
94,94,0.8559714216124057,2025-01-02 07:04:41.378940,2025-01-02 07:04:47.407883,0 days 00:00:06.028943,2,45,30.0,,,,,,,,,,,,,,,,,,,COMPLETE
95,95,0.7797292942313889,2025-01-02 07:04:47.408383,2025-01-02 07:04:54.782667,0 days 00:00:07.374284,3,40,30.0,,,,,,,,,,,85.0,,,,,,,,COMPLETE
96,96,0.8125996810207337,2025-01-02 07:04:54.783187,2025-01-02 07:05:00.781877,0 days 00:00:05.998690,2,50,50.0,,,,,,,,,,,,,,,,,,,COMPLETE
97,97,0.812125569134915,2025-01-02 07:05:00.782380,2025-01-02 07:05:07.816780,0 days 00:00:07.034400,3,30,10.0,,,,,,,,,,,15.0,,,,,,,,COMPLETE
98,98,0.8123653769445554,2025-01-02 07:05:07.817294,2025-01-02 07:05:14.302607,0 days 00:00:06.485313,2,10,40.0,,,,,,,,,,,,,,,,,,,COMPLETE
99,99,0.6819571865443426,2025-01-02 07:05:14.303139,2025-01-02 07:05:23.330440,0 days 00:00:09.027301,4,20,25.0,,,,,,,,,,,35.0,165.0,,,,,,,COMPLETE
100,100,0.34337637494022,2025-01-02 07:05:23.330973,2025-01-02 07:06:15.670318,0 days 00:00:52.339345,19,25,65.0,165.0,50.0,40.0,140.0,125.0,200.0,130.0,155.0,200.0,,70.0,115.0,5.0,180.0,90.0,25.0,30.0,100.0,COMPLETE
101,101,0.8176638176638176,2025-01-02 07:06:15.671225,2025-01-02 07:06:22.112989,0 days 00:00:06.441764,2,45,20.0,,,,,,,,,,,,,,,,,,,COMPLETE
102,102,0.8072745642839101,2025-01-02 07:06:22.113522,2025-01-02 07:06:27.453348,0 days 00:00:05.339826,1,25,,,,,,,,,,,,,,,,,,,,COMPLETE
103,103,0.8325958702064897,2025-01-02 07:06:27.453853,2025-01-02 07:06:33.502466,0 days 00:00:06.048613,2,35,45.0,,,,,,,,,,,,,,,,,,,COMPLETE
104,104,0.8250080567193039,2025-01-02 07:06:33.502978,2025-01-02 07:06:38.818737,0 days 00:00:05.315759,1,65,,,,,,,,,,,,,,,,,,,,COMPLETE
105,105,0.8144963144963145,2025-01-02 07:06:38.819224,2025-01-02 07:06:46.270826,0 days 00:00:07.451602,3,50,30.0,,,,,,,,,,,125.0,,,,,,,,COMPLETE
106,106,0.8336283185840708,2025-01-02 07:06:46.271521,2025-01-02 07:06:52.672516,0 days 00:00:06.400995,2,150,70.0,,,,,,,,,,,,,,,,,,,COMPLETE
107,107,0.4994422547780174,2025-01-02 07:06:52.673001,2025-01-02 07:07:05.949234,0 days 00:00:13.276233,9,155,55.0,,,,,,,,,,,100.0,50.0,85.0,135.0,50.0,120.0,170.0,,COMPLETE
108,108,0.8649350649350649,2025-01-02 07:07:05.950424,2025-01-02 07:07:11.244828,0 days 00:00:05.294404,1,25,,,,,,,,,,,,,,,,,,,,COMPLETE
109,109,0.7777777777777778,2025-01-02 07:07:11.245309,2025-01-02 07:07:16.351393,0 days 00:00:05.106084,1,10,,,,,,,,,,,,,,,,,,,,COMPLETE
110,110,0.823100446953658,2025-01-02 07:07:16.351907,2025-01-02 07:07:21.337500,0 days 00:00:04.985593,1,30,,,,,,,,,,,,,,,,,,,,COMPLETE
111,111,0.8209146146466262,2025-01-02 07:07:21.338008,2025-01-02 07:07:27.783822,0 days 00:00:06.445814,2,40,10.0,,,,,,,,,,,,,,,,,,,COMPLETE
112,112,0.810428849902534,2025-01-02 07:07:27.784346,2025-01-02 07:07:35.226397,0 days 00:00:07.442051,3,20,35.0,,,,,,,,,,,140.0,,,,,,,,COMPLETE
113,113,0.7904761904761906,2025-01-02 07:07:35.226976,2025-01-02 07:07:40.533552,0 days 00:00:05.306576,1,35,,,,,,,,,,,,,,,,,,,,COMPLETE
114,114,0.8446640316205534,2025-01-02 07:07:40.534263,2025-01-02 07:07:46.643884,0 days 00:00:06.109621,2,15,25.0,,,,,,,,,,,,,,,,,,,COMPLETE
115,115,0.8526563947124695,2025-01-02 07:07:46.644363,2025-01-02 07:07:51.969315,0 days 00:00:05.324952,1,125,,,,,,,,,,,,,,,,,,,,COMPLETE
116,116,0.7677929547088426,2025-01-02 07:07:51.969829,2025-01-02 07:07:57.313477,0 days 00:00:05.343648,1,25,,,,,,,,,,,,,,,,,,,,COMPLETE
117,117,0.8056374959029826,2025-01-02 07:07:57.313951,2025-01-02 07:08:02.649802,0 days 00:00:05.335851,1,55,,,,,,,,,,,,,,,,,,,,COMPLETE
118,118,0.845568783068783,2025-01-02 07:08:02.650284,2025-01-02 07:08:10.546420,0 days 00:00:07.896136,3,125,45.0,,,,,,,,,,,60.0,,,,,,,,COMPLETE
119,119,0.8128930817610063,2025-01-02 07:08:10.546955,2025-01-02 07:08:15.534634,0 days 00:00:04.987679,1,135,,,,,,,,,,,,,,,,,,,,COMPLETE
120,120,0.06349206349206349,2025-01-02 07:08:15.535134,2025-01-02 07:08:55.951747,0 days 00:00:40.416613,14,140,75.0,100.0,120.0,100.0,10.0,,,,,,,175.0,190.0,70.0,110.0,110.0,70.0,130.0,35.0,COMPLETE
121,121,0.7873525557011796,2025-01-02 07:08:55.952880,2025-01-02 07:09:02.342664,0 days 00:00:06.389784,2,130,60.0,,,,,,,,,,,,,,,,,,,COMPLETE
122,122,0.8519248906799279,2025-01-02 07:09:02.343171,2025-01-02 07:09:08.754751,0 days 00:00:06.411580,2,125,20.0,,,,,,,,,,,,,,,,,,,COMPLETE
123,123,0.8093631014191762,2025-01-02 07:09:08.755417,2025-01-02 07:09:13.728725,0 days 00:00:04.973308,1,115,,,,,,,,,,,,,,,,,,,,COMPLETE
124,124,0.8010104302477183,2025-01-02 07:09:13.729233,2025-01-02 07:09:20.135546,0 days 00:00:06.406313,2,110,20.0,,,,,,,,,,,,,,,,,,,COMPLETE
125,125,0.8568009573195055,2025-01-02 07:09:20.136042,2025-01-02 07:09:25.134080,0 days 00:00:04.998038,1,150,,,,,,,,,,,,,,,,,,,,COMPLETE
126,126,0.8390804597701149,2025-01-02 07:09:25.134565,2025-01-02 07:09:30.138910,0 days 00:00:05.004345,1,165,,,,,,,,,,,,,,,,,,,,COMPLETE
127,127,0.8480292218824329,2025-01-02 07:09:30.139410,2025-01-02 07:09:35.139103,0 days 00:00:04.999693,1,155,,,,,,,,,,,,,,,,,,,,COMPLETE
128,128,0.8416052416052415,2025-01-02 07:09:35.139609,2025-01-02 07:09:41.567236,0 days 00:00:06.427627,2,150,40.0,,,,,,,,,,,,,,,,,,,COMPLETE
129,129,0.8203058623619371,2025-01-02 07:09:41.567744,2025-01-02 07:09:46.565445,0 days 00:00:04.997701,1,145,,,,,,,,,,,,,,,,,,,,COMPLETE
130,130,0.8094021461420542,2025-01-02 07:09:46.565961,2025-01-02 07:09:53.021472,0 days 00:00:06.455511,2,45,50.0,,,,,,,,,,,,,,,,,,,COMPLETE
131,131,0.8267130089374379,2025-01-02 07:09:53.021997,2025-01-02 07:09:59.449601,0 days 00:00:06.427604,2,140,10.0,,,,,,,,,,,,,,,,,,,COMPLETE
132,132,0.7824074074074074,2025-01-02 07:09:59.450101,2025-01-02 07:10:04.447490,0 days 00:00:04.997389,1,125,,,,,,,,,,,,,,,,,,,,COMPLETE
133,133,0.8264550264550264,2025-01-02 07:10:04.447989,2025-01-02 07:10:11.417419,0 days 00:00:06.969430,3,135,5.0,,,,,,,,,,,200.0,,,,,,,,COMPLETE
134,134,0.8054873054873055,2025-01-02 07:10:11.417951,2025-01-02 07:10:17.872086,0 days 00:00:06.454135,2,160,30.0,,,,,,,,,,,,,,,,,,,COMPLETE
135,135,0.8373019097927672,2025-01-02 07:10:17.872602,2025-01-02 07:10:22.864293,0 days 00:00:04.991691,1,120,,,,,,,,,,,,,,,,,,,,COMPLETE
136,136,0.7521885521885522,2025-01-02 07:10:22.864792,2025-01-02 07:10:30.396017,0 days 00:00:07.531225,3,25,15.0,,,,,,,,,,,165.0,,,,,,,,COMPLETE
137,137,0.8163299663299664,2025-01-02 07:10:30.396574,2025-01-02 07:10:36.857847,0 days 00:00:06.461273,2,145,35.0,,,,,,,,,,,,,,,,,,,COMPLETE
138,138,0.8424076138214868,2025-01-02 07:10:36.858360,2025-01-02 07:10:41.847658,0 days 00:00:04.989298,1,95,,,,,,,,,,,,,,,,,,,,COMPLETE
139,139,0.8442687747035573,2025-01-02 07:10:41.848157,2025-01-02 07:10:48.240875,0 days 00:00:06.392718,2,105,60.0,,,,,,,,,,,,,,,,,,,COMPLETE
