,number,value,datetime_start,datetime_complete,duration,params_depth,params_neurons_layer_0,params_neurons_layer_1,params_neurons_layer_10,params_neurons_layer_11,params_neurons_layer_12,params_neurons_layer_13,params_neurons_layer_14,params_neurons_layer_15,params_neurons_layer_16,params_neurons_layer_17,params_neurons_layer_18,params_neurons_layer_19,params_neurons_layer_2,params_neurons_layer_3,params_neurons_layer_4,params_neurons_layer_5,params_neurons_layer_6,params_neurons_layer_7,params_neurons_layer_8,params_neurons_layer_9,state
0,0,0.2594035234075964,2025-01-01 20:10:45.072681,2025-01-01 20:11:54.181722,0 days 00:01:09.109041,17,50,25.0,160.0,145.0,60.0,100.0,190.0,60.0,70.0,,,,65.0,130.0,55.0,5.0,60.0,150.0,185.0,125.0,COMPLETE
1,1,0.5042740945365255,2025-01-01 20:11:54.182458,2025-01-01 20:12:48.337558,0 days 00:00:54.155100,15,160,60.0,100.0,10.0,20.0,45.0,25.0,,,,,,30.0,150.0,150.0,75.0,175.0,100.0,100.0,35.0,COMPLETE
2,2,0.2736278473014706,2025-01-01 20:12:48.338143,2025-01-01 20:13:41.647568,0 days 00:00:53.309425,13,80,60.0,20.0,200.0,40.0,,,,,,,,135.0,160.0,125.0,10.0,90.0,150.0,160.0,30.0,COMPLETE
3,3,0.16485383539817253,2025-01-01 20:13:41.648261,2025-01-01 20:14:42.933266,0 days 00:01:01.285005,16,60,100.0,170.0,85.0,50.0,135.0,15.0,115.0,,,,,85.0,80.0,95.0,15.0,165.0,5.0,120.0,185.0,COMPLETE
4,4,0.24468509192514326,2025-01-01 20:14:42.933984,2025-01-01 20:15:27.466796,0 days 00:00:44.532812,11,15,55.0,130.0,,,,,,,,,,55.0,150.0,75.0,150.0,125.0,50.0,5.0,160.0,COMPLETE
5,5,0.26415881395571483,2025-01-01 20:15:27.467467,2025-01-01 20:16:28.531578,0 days 00:01:01.064111,11,40,185.0,165.0,,,,,,,,,,55.0,150.0,165.0,145.0,65.0,80.0,200.0,155.0,COMPLETE
6,6,0.4376046901172529,2025-01-01 20:16:28.532209,2025-01-01 20:18:03.547645,0 days 00:01:35.015436,19,180,30.0,20.0,70.0,190.0,35.0,175.0,120.0,195.0,180.0,65.0,,40.0,115.0,145.0,195.0,185.0,70.0,170.0,180.0,COMPLETE
7,7,0.4860254941538014,2025-01-01 20:18:03.548345,2025-01-01 20:19:09.273833,0 days 00:01:05.725488,15,35,35.0,110.0,150.0,130.0,50.0,180.0,,,,,,170.0,100.0,100.0,105.0,190.0,35.0,35.0,145.0,COMPLETE
8,8,0.8056856284627603,2025-01-01 20:19:09.274839,2025-01-01 20:19:23.971074,0 days 00:00:14.696235,3,155,10.0,,,,,,,,,,,5.0,,,,,,,,COMPLETE
9,9,0.6632563507200708,2025-01-01 20:19:23.971422,2025-01-01 20:19:53.760876,0 days 00:00:29.789454,6,95,20.0,,,,,,,,,,,60.0,170.0,105.0,160.0,,,,,COMPLETE
10,10,0.8285124966000785,2025-01-01 20:19:53.761411,2025-01-01 20:20:04.491656,0 days 00:00:10.730245,1,140,,,,,,,,,,,,,,,,,,,,COMPLETE
11,11,0.8231671914093831,2025-01-01 20:20:04.491991,2025-01-01 20:20:15.312335,0 days 00:00:10.820344,1,135,,,,,,,,,,,,,,,,,,,,COMPLETE
12,12,0.8162112255506395,2025-01-01 20:20:15.312678,2025-01-01 20:20:26.083202,0 days 00:00:10.770524,1,130,,,,,,,,,,,,,,,,,,,,COMPLETE
13,13,0.6079050245832833,2025-01-01 20:20:26.083542,2025-01-01 20:20:57.486523,0 days 00:00:31.402981,6,125,195.0,,,,,,,,,,,195.0,10.0,30.0,65.0,,,,,COMPLETE
14,14,0.613059981218879,2025-01-01 20:20:57.487037,2025-01-01 20:21:23.673227,0 days 00:00:26.186190,6,200,145.0,,,,,,,,,,,120.0,35.0,5.0,55.0,,,,,COMPLETE
15,15,0.8292403168163818,2025-01-01 20:21:23.673612,2025-01-01 20:21:34.408869,0 days 00:00:10.735257,1,130,,,,,,,,,,,,,,,,,,,,COMPLETE
16,16,0.8346376897149812,2025-01-01 20:21:34.409195,2025-01-01 20:21:57.323579,0 days 00:00:22.914384,4,115,115.0,,,,,,,,,,,145.0,60.0,,,,,,,COMPLETE
17,17,0.8119715794069782,2025-01-01 20:21:57.324011,2025-01-01 20:22:20.456568,0 days 00:00:23.132557,4,105,115.0,,,,,,,,,,,150.0,55.0,,,,,,,COMPLETE
18,18,0.5308955968361682,2025-01-01 20:22:20.456998,2025-01-01 20:23:13.014708,0 days 00:00:52.557710,8,105,150.0,,,,,,,,,,,95.0,195.0,200.0,200.0,35.0,195.0,,,COMPLETE
19,19,0.4698973228478499,2025-01-01 20:23:13.015276,2025-01-01 20:23:55.359249,0 days 00:00:42.343973,9,75,95.0,,,,,,,,,,,180.0,80.0,180.0,110.0,10.0,140.0,70.0,,COMPLETE
20,20,0.8171303556383718,2025-01-01 20:23:55.359679,2025-01-01 20:24:18.809959,0 days 00:00:23.450280,4,160,140.0,,,,,,,,,,,115.0,15.0,,,,,,,COMPLETE
21,21,0.8337570374488679,2025-01-01 20:24:18.810489,2025-01-01 20:24:35.538312,0 days 00:00:16.727823,2,120,165.0,,,,,,,,,,,,,,,,,,,COMPLETE
22,22,0.837000473363332,2025-01-01 20:24:35.538692,2025-01-01 20:24:58.444713,0 days 00:00:22.906021,3,120,175.0,,,,,,,,,,,155.0,,,,,,,,COMPLETE
23,23,0.8347102696500287,2025-01-01 20:24:58.459496,2025-01-01 20:25:24.354294,0 days 00:00:25.894798,4,115,185.0,,,,,,,,,,,150.0,55.0,,,,,,,COMPLETE
24,24,0.7796424167694205,2025-01-01 20:25:24.354778,2025-01-01 20:25:51.356831,0 days 00:00:27.002053,5,90,175.0,,,,,,,,,,,150.0,55.0,45.0,,,,,,COMPLETE
25,25,0.43222519259514774,2025-01-01 20:25:51.357233,2025-01-01 20:26:28.839094,0 days 00:00:37.481861,8,110,125.0,,,,,,,,,,,160.0,50.0,5.0,35.0,130.0,190.0,,,COMPLETE
26,26,0.8111184806978653,2025-01-01 20:26:28.839640,2025-01-01 20:26:53.589449,0 days 00:00:24.749809,3,145,200.0,,,,,,,,,,,135.0,,,,,,,,COMPLETE
27,27,0.6487618649771403,2025-01-01 20:26:53.589855,2025-01-01 20:27:39.177692,0 days 00:00:45.587837,7,70,165.0,,,,,,,,,,,200.0,85.0,200.0,125.0,145.0,,,,COMPLETE
28,28,0.811412562438908,2025-01-01 20:27:39.178253,2025-01-01 20:28:01.339424,0 days 00:00:22.161171,4,115,80.0,,,,,,,,,,,175.0,35.0,,,,,,,COMPLETE
29,29,0.6006724923403604,2025-01-01 20:28:01.339818,2025-01-01 20:28:44.818536,0 days 00:00:43.478718,9,175,130.0,,,,,,,,,,,135.0,70.0,130.0,180.0,95.0,5.0,130.0,,COMPLETE
30,30,0.82652156176796,2025-01-01 20:28:44.819085,2025-01-01 20:29:04.640126,0 days 00:00:19.821041,3,85,160.0,,,,,,,,,,,120.0,,,,,,,,COMPLETE
31,31,0.8215615436456642,2025-01-01 20:29:04.640521,2025-01-01 20:29:21.552627,0 days 00:00:16.912106,2,120,175.0,,,,,,,,,,,,,,,,,,,COMPLETE
32,32,0.781251164639676,2025-01-01 20:29:21.553002,2025-01-01 20:29:51.127444,0 days 00:00:29.574442,5,150,185.0,,,,,,,,,,,155.0,30.0,70.0,,,,,,COMPLETE
33,33,0.8255933334730174,2025-01-01 20:29:51.127994,2025-01-01 20:30:06.570342,0 days 00:00:15.442348,2,95,160.0,,,,,,,,,,,,,,,,,,,COMPLETE
34,34,0.785613923554966,2025-01-01 20:30:06.570728,2025-01-01 20:30:37.467125,0 days 00:00:30.896397,5,105,175.0,,,,,,,,,,,185.0,115.0,30.0,,,,,,COMPLETE
35,35,0.8059470988432738,2025-01-01 20:30:37.467556,2025-01-01 20:30:59.767771,0 days 00:00:22.300215,3,120,190.0,,,,,,,,,,,110.0,,,,,,,,COMPLETE
36,36,0.5113644381589886,2025-01-01 20:30:59.768303,2025-01-01 20:31:51.679787,0 days 00:00:51.911484,13,140,115.0,65.0,10.0,130.0,,,,,,,,85.0,100.0,120.0,90.0,5.0,125.0,70.0,85.0,COMPLETE
37,37,0.8257739842191378,2025-01-01 20:31:51.680338,2025-01-01 20:32:05.707599,0 days 00:00:14.027261,2,60,155.0,,,,,,,,,,,,,,,,,,,COMPLETE
38,38,0.3914943986973439,2025-01-01 20:32:05.708098,2025-01-01 20:32:59.459036,0 days 00:00:53.750938,19,170,80.0,200.0,55.0,200.0,200.0,95.0,195.0,5.0,10.0,190.0,,165.0,60.0,180.0,40.0,65.0,180.0,25.0,80.0,COMPLETE
39,39,0.5362628661916073,2025-01-01 20:32:59.459551,2025-01-01 20:33:54.499691,0 days 00:00:55.040140,12,115,140.0,65.0,200.0,,,,,,,,,140.0,5.0,75.0,125.0,200.0,105.0,70.0,5.0,COMPLETE
40,40,0.43900290449465584,2025-01-01 20:33:54.500334,2025-01-01 20:35:07.659274,0 days 00:01:13.158940,17,95,170.0,80.0,120.0,95.0,195.0,105.0,10.0,200.0,,,,125.0,25.0,20.0,175.0,115.0,45.0,145.0,105.0,COMPLETE
41,41,0.8286287226376534,2025-01-01 20:35:07.660292,2025-01-01 20:35:23.849945,0 days 00:00:16.189653,2,130,130.0,,,,,,,,,,,,,,,,,,,COMPLETE
42,42,0.7031908064140641,2025-01-01 20:35:23.850461,2025-01-01 20:35:31.803773,0 days 00:00:07.953312,1,5,,,,,,,,,,,,,,,,,,,,COMPLETE
43,43,0.8368883780637072,2025-01-01 20:35:31.804107,2025-01-01 20:36:00.009282,0 days 00:00:28.205175,4,160,185.0,,,,,,,,,,,105.0,130.0,,,,,,,COMPLETE
44,44,0.8038708250387083,2025-01-01 20:36:00.010005,2025-01-01 20:36:28.633453,0 days 00:00:28.623448,4,195,185.0,,,,,,,,,,,80.0,135.0,,,,,,,COMPLETE
45,45,0.7738456491429508,2025-01-01 20:36:28.634000,2025-01-01 20:36:59.158318,0 days 00:00:30.524318,5,160,200.0,,,,,,,,,,,100.0,125.0,50.0,,,,,,COMPLETE
46,46,0.6204545454545454,2025-01-01 20:36:59.158741,2025-01-01 20:37:35.197726,0 days 00:00:36.038985,7,145,175.0,,,,,,,,,,,140.0,95.0,90.0,80.0,30.0,,,,COMPLETE
47,47,0.8174192280956267,2025-01-01 20:37:35.198315,2025-01-01 20:37:53.454915,0 days 00:00:18.256600,3,190,45.0,,,,,,,,,,,75.0,,,,,,,,COMPLETE
48,48,0.6826548420415286,2025-01-01 20:37:53.455322,2025-01-01 20:38:28.918598,0 days 00:00:35.463276,6,35,190.0,,,,,,,,,,,150.0,180.0,145.0,30.0,,,,,COMPLETE
49,49,0.8196627026261768,2025-01-01 20:38:28.919055,2025-01-01 20:38:58.545794,0 days 00:00:29.626739,4,165,165.0,,,,,,,,,,,190.0,70.0,,,,,,,COMPLETE
50,50,0.44502357905187395,2025-01-01 20:38:58.546317,2025-01-01 20:40:00.225916,0 days 00:01:01.679599,10,125,180.0,,,,,,,,,,,165.0,135.0,60.0,130.0,150.0,175.0,95.0,200.0,COMPLETE
51,51,0.8336260441207968,2025-01-01 20:40:00.226547,2025-01-01 20:40:10.911463,0 days 00:00:10.684916,1,130,,,,,,,,,,,,,,,,,,,,COMPLETE
52,52,0.8240816856314628,2025-01-01 20:40:10.911842,2025-01-01 20:40:27.598350,0 days 00:00:16.686508,2,135,150.0,,,,,,,,,,,,,,,,,,,COMPLETE
53,53,0.8431352690615211,2025-01-01 20:40:27.598741,2025-01-01 20:40:37.966015,0 days 00:00:10.367274,1,115,,,,,,,,,,,,,,,,,,,,COMPLETE
54,54,0.8346580739690699,2025-01-01 20:40:37.966367,2025-01-01 20:40:55.903721,0 days 00:00:17.937354,3,100,70.0,,,,,,,,,,,130.0,,,,,,,,COMPLETE
55,55,0.8049828106245239,2025-01-01 20:40:55.904226,2025-01-01 20:41:18.525885,0 days 00:00:22.621659,4,100,70.0,,,,,,,,,,,130.0,115.0,,,,,,,COMPLETE
56,56,0.5427971617216761,2025-01-01 20:41:18.526272,2025-01-01 20:41:47.217831,0 days 00:00:28.691559,7,80,90.0,,,,,,,,,,,95.0,45.0,115.0,50.0,80.0,,,,COMPLETE
57,57,0.41170473609498004,2025-01-01 20:41:47.218383,2025-01-01 20:42:41.486692,0 days 00:00:54.268309,20,110,110.0,40.0,35.0,155.0,5.0,85.0,180.0,115.0,65.0,5.0,55.0,145.0,90.0,160.0,90.0,45.0,25.0,40.0,55.0,COMPLETE
58,58,0.8146740467404674,2025-01-01 20:42:41.487194,2025-01-01 20:42:57.622382,0 days 00:00:16.135188,3,85,45.0,,,,,,,,,,,110.0,,,,,,,,COMPLETE
59,59,0.6681080378596229,2025-01-01 20:42:57.622902,2025-01-01 20:43:30.319924,0 days 00:00:32.697022,6,65,65.0,,,,,,,,,,,125.0,65.0,185.0,170.0,,,,,COMPLETE
60,60,0.6981902719835924,2025-01-01 20:43:30.320348,2025-01-01 20:43:56.996272,0 days 00:00:26.675924,5,110,5.0,,,,,,,,,,,105.0,155.0,135.0,,,,,,COMPLETE
61,61,0.8053834477953619,2025-01-01 20:43:56.996693,2025-01-01 20:44:07.298427,0 days 00:00:10.301734,1,120,,,,,,,,,,,,,,,,,,,,COMPLETE
62,62,0.8187514741724978,2025-01-01 20:44:07.298922,2025-01-01 20:44:26.476594,0 days 00:00:19.177672,3,100,195.0,,,,,,,,,,,40.0,,,,,,,,COMPLETE
63,63,0.8255248424132411,2025-01-01 20:44:26.476980,2025-01-01 20:44:41.233385,0 days 00:00:14.756405,2,115,105.0,,,,,,,,,,,,,,,,,,,COMPLETE
64,64,0.8255098656420333,2025-01-01 20:44:41.233736,2025-01-01 20:45:01.264463,0 days 00:00:20.030727,3,150,55.0,,,,,,,,,,,175.0,,,,,,,,COMPLETE
65,65,0.7898875906680001,2025-01-01 20:45:01.264866,2025-01-01 20:45:20.479103,0 days 00:00:19.214237,4,90,85.0,,,,,,,,,,,10.0,145.0,,,,,,,COMPLETE
66,66,0.8204445432318292,2025-01-01 20:45:20.479645,2025-01-01 20:45:31.473578,0 days 00:00:10.993933,1,135,,,,,,,,,,,,,,,,,,,,COMPLETE
67,67,0.8382680218768482,2025-01-01 20:45:31.473935,2025-01-01 20:45:47.010345,0 days 00:00:15.536410,2,120,140.0,,,,,,,,,,,,,,,,,,,COMPLETE
68,68,0.7748005253421079,2025-01-01 20:45:47.010695,2025-01-01 20:46:15.865025,0 days 00:00:28.854330,5,125,100.0,,,,,,,,,,,160.0,110.0,85.0,,,,,,COMPLETE
69,69,0.2814002267230039,2025-01-01 20:46:15.865466,2025-01-01 20:47:16.518136,0 days 00:01:00.652670,14,105,120.0,130.0,110.0,85.0,140.0,,,,,,,70.0,45.0,165.0,140.0,105.0,70.0,10.0,120.0,COMPLETE
70,70,0.8092092133222197,2025-01-01 20:47:16.518748,2025-01-01 20:47:34.135748,0 days 00:00:17.617000,4,95,135.0,,,,,,,,,,,145.0,80.0,,,,,,,COMPLETE
71,71,0.8164526145104458,2025-01-01 20:47:34.136280,2025-01-01 20:47:50.081435,0 days 00:00:15.945155,2,115,150.0,,,,,,,,,,,,,,,,,,,COMPLETE
72,72,0.832650223537772,2025-01-01 20:47:50.081821,2025-01-01 20:48:07.559141,0 days 00:00:17.477320,2,140,170.0,,,,,,,,,,,,,,,,,,,COMPLETE
73,73,0.8105759536795242,2025-01-01 20:48:07.559519,2025-01-01 20:48:17.758776,0 days 00:00:10.199257,1,120,,,,,,,,,,,,,,,,,,,,COMPLETE
74,74,0.816158558972738,2025-01-01 20:48:17.759095,2025-01-01 20:48:39.862091,0 days 00:00:22.102996,3,110,165.0,,,,,,,,,,,130.0,,,,,,,,COMPLETE
75,75,0.8269176992651475,2025-01-01 20:48:39.862585,2025-01-01 20:48:56.230277,0 days 00:00:16.367692,2,125,155.0,,,,,,,,,,,,,,,,,,,COMPLETE
76,76,0.8066214382632293,2025-01-01 20:48:56.230656,2025-01-01 20:49:15.525125,0 days 00:00:19.294469,5,100,20.0,,,,,,,,,,,155.0,20.0,40.0,,,,,,COMPLETE
77,77,0.8214151578499805,2025-01-01 20:49:15.525541,2025-01-01 20:49:36.578652,0 days 00:00:21.053111,3,90,180.0,,,,,,,,,,,115.0,,,,,,,,COMPLETE
78,78,0.7939745374689613,2025-01-01 20:49:36.579183,2025-01-01 20:49:45.215684,0 days 00:00:08.636501,1,45,,,,,,,,,,,,,,,,,,,,COMPLETE
79,79,0.8059168306665525,2025-01-01 20:49:45.216046,2025-01-01 20:50:15.739473,0 days 00:00:30.523427,4,155,140.0,,,,,,,,,,,170.0,180.0,,,,,,,COMPLETE
80,80,0.7104368063014679,2025-01-01 20:50:15.739878,2025-01-01 20:50:47.215119,0 days 00:00:31.475241,6,75,190.0,,,,,,,,,,,140.0,105.0,65.0,25.0,,,,,COMPLETE
81,81,0.8197666257238112,2025-01-01 20:50:47.215688,2025-01-01 20:50:57.926205,0 days 00:00:10.710517,1,130,,,,,,,,,,,,,,,,,,,,COMPLETE
82,82,0.8190367182492446,2025-01-01 20:50:57.926616,2025-01-01 20:51:15.133764,0 days 00:00:17.207148,2,180,125.0,,,,,,,,,,,,,,,,,,,COMPLETE
83,83,0.8278571103232546,2025-01-01 20:51:15.134150,2025-01-01 20:51:25.809970,0 days 00:00:10.675820,1,130,,,,,,,,,,,,,,,,,,,,COMPLETE
84,84,0.8138049658127637,2025-01-01 20:51:25.810324,2025-01-01 20:51:41.878465,0 days 00:00:16.068141,2,115,160.0,,,,,,,,,,,,,,,,,,,COMPLETE
85,85,0.8186910493183556,2025-01-01 20:51:41.878868,2025-01-01 20:52:09.479886,0 days 00:00:27.601018,4,135,180.0,,,,,,,,,,,90.0,165.0,,,,,,,COMPLETE
86,86,0.8254950495049505,2025-01-01 20:52:09.480385,2025-01-01 20:52:33.154458,0 days 00:00:23.674073,3,145,145.0,,,,,,,,,,,180.0,,,,,,,,COMPLETE
87,87,0.8137350912509143,2025-01-01 20:52:33.154882,2025-01-01 20:52:55.427102,0 days 00:00:22.272220,3,105,200.0,,,,,,,,,,,120.0,,,,,,,,COMPLETE
88,88,0.8234696940270838,2025-01-01 20:52:55.427642,2025-01-01 20:53:05.982255,0 days 00:00:10.554613,1,125,,,,,,,,,,,,,,,,,,,,COMPLETE
89,89,0.8292694204685573,2025-01-01 20:53:05.982635,2025-01-01 20:53:22.711012,0 days 00:00:16.728377,2,120,170.0,,,,,,,,,,,,,,,,,,,COMPLETE
90,90,0.817469143975168,2025-01-01 20:53:22.711381,2025-01-01 20:53:49.465628,0 days 00:00:26.754247,4,110,195.0,,,,,,,,,,,130.0,75.0,,,,,,,COMPLETE
91,91,0.8172839584711691,2025-01-01 20:53:49.466042,2025-01-01 20:54:06.937831,0 days 00:00:17.471789,2,140,170.0,,,,,,,,,,,,,,,,,,,COMPLETE
92,92,0.8334413740307206,2025-01-01 20:54:06.938343,2025-01-01 20:54:24.955436,0 days 00:00:18.017093,2,140,185.0,,,,,,,,,,,,,,,,,,,COMPLETE
93,93,0.8331271265078874,2025-01-01 20:54:24.955836,2025-01-01 20:54:35.769011,0 days 00:00:10.813175,1,135,,,,,,,,,,,,,,,,,,,,COMPLETE
94,94,0.8086918718529347,2025-01-01 20:54:35.769368,2025-01-01 20:55:00.822941,0 days 00:00:25.053573,3,150,190.0,,,,,,,,,,,155.0,,,,,,,,COMPLETE
95,95,0.8124765137563393,2025-01-01 20:55:00.823344,2025-01-01 20:55:19.856591,0 days 00:00:19.033247,2,165,185.0,,,,,,,,,,,,,,,,,,,COMPLETE
96,96,0.7784224309192704,2025-01-01 20:55:19.857112,2025-01-01 20:55:51.082335,0 days 00:00:31.225223,5,125,180.0,,,,,,,,,,,105.0,125.0,110.0,,,,,,COMPLETE
97,97,0.8274472563010112,2025-01-01 20:55:51.082711,2025-01-01 20:56:13.762834,0 days 00:00:22.680123,3,115,155.0,,,,,,,,,,,165.0,,,,,,,,COMPLETE
98,98,0.8279362127369229,2025-01-01 20:56:13.763243,2025-01-01 20:56:24.528056,0 days 00:00:10.764813,1,130,,,,,,,,,,,,,,,,,,,,COMPLETE
99,99,0.8098552848507052,2025-01-01 20:56:24.528559,2025-01-01 20:56:51.363802,0 days 00:00:26.835243,4,105,175.0,,,,,,,,,,,200.0,35.0,,,,,,,COMPLETE
100,100,0.5679546605213079,2025-01-01 20:56:51.364213,2025-01-01 20:58:06.685862,0 days 00:01:15.321649,17,120,160.0,200.0,170.0,5.0,95.0,130.0,10.0,135.0,,,,145.0,90.0,85.0,185.0,155.0,105.0,50.0,5.0,COMPLETE
101,101,0.8168150281755024,2025-01-01 20:58:06.686590,2025-01-01 20:58:17.509765,0 days 00:00:10.823175,1,135,,,,,,,,,,,,,,,,,,,,COMPLETE
102,102,0.8283313325330133,2025-01-01 20:58:17.510130,2025-01-01 20:58:32.293915,0 days 00:00:14.783785,2,145,75.0,,,,,,,,,,,,,,,,,,,COMPLETE
103,103,0.8301686290821598,2025-01-01 20:58:32.294304,2025-01-01 20:58:43.606843,0 days 00:00:11.312539,1,155,,,,,,,,,,,,,,,,,,,,COMPLETE
104,104,0.8102453720949443,2025-01-01 20:58:43.607294,2025-01-01 20:59:06.866970,0 days 00:00:23.259676,3,110,195.0,,,,,,,,,,,135.0,,,,,,,,COMPLETE
105,105,0.8224747972777916,2025-01-01 20:59:06.867411,2025-01-01 20:59:17.646856,0 days 00:00:10.779445,1,130,,,,,,,,,,,,,,,,,,,,COMPLETE
106,106,0.826489614127313,2025-01-01 20:59:17.647214,2025-01-01 20:59:33.448267,0 days 00:00:15.801053,2,120,145.0,,,,,,,,,,,,,,,,,,,COMPLETE
107,107,0.8387093428169223,2025-01-01 20:59:33.448659,2025-01-01 20:59:48.507620,0 days 00:00:15.058961,2,135,95.0,,,,,,,,,,,,,,,,,,,COMPLETE
108,108,0.8213542330402277,2025-01-01 20:59:48.508010,2025-01-01 21:00:02.854996,0 days 00:00:14.346986,2,115,95.0,,,,,,,,,,,,,,,,,,,COMPLETE
109,109,0.2776133968059352,2025-01-01 21:00:02.855524,2025-01-01 21:01:01.284505,0 days 00:00:58.428981,16,100,110.0,10.0,40.0,165.0,155.0,55.0,65.0,,,,,55.0,145.0,15.0,115.0,20.0,125.0,115.0,75.0,COMPLETE
110,110,0.8246031818168047,2025-01-01 21:01:01.285164,2025-01-01 21:01:23.150721,0 days 00:00:21.865557,4,140,85.0,,,,,,,,,,,125.0,60.0,,,,,,,COMPLETE
111,111,0.8391477499004381,2025-01-01 21:01:23.151157,2025-01-01 21:01:38.678617,0 days 00:00:15.527460,2,130,120.0,,,,,,,,,,,,,,,,,,,COMPLETE
112,112,0.8368563685636856,2025-01-01 21:01:38.679006,2025-01-01 21:01:58.456633,0 days 00:00:19.777627,3,125,120.0,,,,,,,,,,,115.0,,,,,,,,COMPLETE
113,113,0.8197883392542615,2025-01-01 21:01:58.457031,2025-01-01 21:02:17.936238,0 days 00:00:19.479207,3,120,120.0,,,,,,,,,,,115.0,,,,,,,,COMPLETE
114,114,0.8149665013133648,2025-01-01 21:02:17.936779,2025-01-01 21:02:39.355976,0 days 00:00:21.419197,4,125,105.0,,,,,,,,,,,110.0,40.0,,,,,,,COMPLETE
115,115,0.8217942525959914,2025-01-01 21:02:39.356368,2025-01-01 21:02:58.224822,0 days 00:00:18.868454,3,95,130.0,,,,,,,,,,,95.0,,,,,,,,COMPLETE
116,116,0.8216354019410074,2025-01-01 21:02:58.225171,2025-01-01 21:03:18.321335,0 days 00:00:20.096164,3,115,115.0,,,,,,,,,,,135.0,,,,,,,,COMPLETE
117,117,0.8135150375939849,2025-01-01 21:03:18.321864,2025-01-01 21:03:33.780412,0 days 00:00:15.458548,2,125,125.0,,,,,,,,,,,,,,,,,,,COMPLETE
118,118,0.3767468664457571,2025-01-01 21:03:33.780802,2025-01-01 21:04:25.631772,0 days 00:00:51.850970,11,105,100.0,50.0,,,,,,,,,,150.0,190.0,95.0,5.0,80.0,165.0,145.0,55.0,COMPLETE
119,119,0.7649517804820432,2025-01-01 21:04:25.632380,2025-01-01 21:04:51.819678,0 days 00:00:26.187298,5,110,120.0,,,,,,,,,,,100.0,55.0,135.0,,,,,,COMPLETE
120,120,0.8288917659777855,2025-01-01 21:04:51.820087,2025-01-01 21:05:14.525898,0 days 00:00:22.705811,4,130,110.0,,,,,,,,,,,160.0,15.0,,,,,,,COMPLETE
121,121,0.8238195294280635,2025-01-01 21:05:14.526286,2025-01-01 21:05:31.107943,0 days 00:00:16.581657,2,145,135.0,,,,,,,,,,,,,,,,,,,COMPLETE
122,122,0.8261244735335984,2025-01-01 21:05:31.108454,2025-01-01 21:05:48.722620,0 days 00:00:17.614166,2,130,185.0,,,,,,,,,,,,,,,,,,,COMPLETE
123,123,0.834487766649651,2025-01-01 21:05:48.723005,2025-01-01 21:06:08.851777,0 days 00:00:20.128772,3,135,115.0,,,,,,,,,,,120.0,,,,,,,,COMPLETE
124,124,0.823840224926075,2025-01-01 21:06:08.852158,2025-01-01 21:06:29.108521,0 days 00:00:20.256363,3,180,95.0,,,,,,,,,,,120.0,,,,,,,,COMPLETE
125,125,0.8341431241068484,2025-01-01 21:06:29.108910,2025-01-01 21:06:49.247423,0 days 00:00:20.138513,3,135,110.0,,,,,,,,,,,125.0,,,,,,,,COMPLETE
126,126,0.8345655291480445,2025-01-01 21:06:49.247968,2025-01-01 21:07:09.647446,0 days 00:00:20.399478,3,135,110.0,,,,,,,,,,,125.0,,,,,,,,COMPLETE
127,127,0.8291171052903905,2025-01-01 21:07:09.647842,2025-01-01 21:07:30.033472,0 days 00:00:20.385630,3,135,110.0,,,,,,,,,,,125.0,,,,,,,,COMPLETE
128,128,0.8088755006563226,2025-01-01 21:07:30.033867,2025-01-01 21:07:54.295603,0 days 00:00:24.261736,4,135,125.0,,,,,,,,,,,110.0,100.0,,,,,,,COMPLETE
129,129,0.8345536414717681,2025-01-01 21:07:54.296136,2025-01-01 21:08:15.226338,0 days 00:00:20.930202,3,150,115.0,,,,,,,,,,,130.0,,,,,,,,COMPLETE
130,130,0.7404961879682954,2025-01-01 21:08:15.226737,2025-01-01 21:08:48.013755,0 days 00:00:32.787018,5,165,105.0,,,,,,,,,,,140.0,130.0,155.0,,,,,,COMPLETE
131,131,0.8283769590378318,2025-01-01 21:08:48.014301,2025-01-01 21:09:08.982431,0 days 00:00:20.968130,3,150,115.0,,,,,,,,,,,130.0,,,,,,,,COMPLETE
132,132,0.8307883369008064,2025-01-01 21:09:08.982807,2025-01-01 21:09:32.968401,0 days 00:00:23.985594,4,145,120.0,,,,,,,,,,,115.0,85.0,,,,,,,COMPLETE
133,133,0.8317499848144323,2025-01-01 21:09:32.968811,2025-01-01 21:09:53.724577,0 days 00:00:20.755766,3,155,115.0,,,,,,,,,,,120.0,,,,,,,,COMPLETE
134,134,0.8296371457562203,2025-01-01 21:09:53.725109,2025-01-01 21:10:16.640479,0 days 00:00:22.915370,4,160,100.0,,,,,,,,,,,150.0,25.0,,,,,,,COMPLETE
135,135,0.8358412650894138,2025-01-01 21:10:16.640900,2025-01-01 21:10:36.549511,0 days 00:00:19.908611,3,125,105.0,,,,,,,,,,,125.0,,,,,,,,COMPLETE
