,number,value,datetime_start,datetime_complete,duration,params_depth,params_neurons_layer_0,params_neurons_layer_1,params_neurons_layer_10,params_neurons_layer_11,params_neurons_layer_12,params_neurons_layer_13,params_neurons_layer_14,params_neurons_layer_15,params_neurons_layer_16,params_neurons_layer_17,params_neurons_layer_18,params_neurons_layer_19,params_neurons_layer_2,params_neurons_layer_3,params_neurons_layer_4,params_neurons_layer_5,params_neurons_layer_6,params_neurons_layer_7,params_neurons_layer_8,params_neurons_layer_9,state
0,0,0.8455843469063987,2025-01-02 02:07:11.057649,2025-01-02 02:07:21.048389,0 days 00:00:09.990740,5,130,80.0,,,,,,,,,,,155.0,35.0,80.0,,,,,,COMPLETE
1,1,0.8548009367681498,2025-01-02 02:07:21.048924,2025-01-02 02:07:28.372432,0 days 00:00:07.323508,3,100,15.0,,,,,,,,,,,10.0,,,,,,,,COMPLETE
2,2,0.3479905437352246,2025-01-02 02:07:28.372940,2025-01-02 02:08:03.465769,0 days 00:00:35.092829,12,10,30.0,160.0,40.0,,,,,,,,,125.0,135.0,60.0,15.0,170.0,60.0,20.0,65.0,COMPLETE
3,3,0.8777777777777778,2025-01-02 02:08:03.466404,2025-01-02 02:08:08.442966,0 days 00:00:04.976562,1,100,,,,,,,,,,,,,,,,,,,,COMPLETE
4,4,0.296969696969697,2025-01-02 02:08:08.443474,2025-01-02 02:08:54.848503,0 days 00:00:46.405029,17,65,10.0,10.0,90.0,5.0,95.0,30.0,110.0,155.0,,,,115.0,75.0,170.0,165.0,125.0,145.0,75.0,160.0,COMPLETE
5,5,0.5722610722610723,2025-01-02 02:08:54.849308,2025-01-02 02:09:46.819877,0 days 00:00:51.970569,19,145,150.0,125.0,10.0,185.0,145.0,145.0,195.0,130.0,45.0,195.0,,55.0,155.0,100.0,170.0,65.0,130.0,65.0,120.0,COMPLETE
6,6,0.36376811594202896,2025-01-02 02:09:46.820660,2025-01-02 02:10:09.617886,0 days 00:00:22.797226,10,95,35.0,,,,,,,,,,,25.0,75.0,20.0,10.0,45.0,130.0,175.0,160.0,COMPLETE
7,7,0.3469387755102041,2025-01-02 02:10:09.618664,2025-01-02 02:10:49.068598,0 days 00:00:39.449934,14,65,125.0,15.0,30.0,25.0,135.0,,,,,,,180.0,165.0,165.0,95.0,155.0,70.0,100.0,80.0,COMPLETE
8,8,0.4096774193548387,2025-01-02 02:10:49.069276,2025-01-02 02:11:32.932829,0 days 00:00:43.863553,16,75,75.0,100.0,65.0,175.0,45.0,145.0,55.0,,,,,30.0,5.0,175.0,85.0,155.0,80.0,70.0,125.0,COMPLETE
9,9,0.32810750279955203,2025-01-02 02:11:32.933556,2025-01-02 02:12:22.334621,0 days 00:00:49.401065,18,70,180.0,135.0,125.0,165.0,180.0,145.0,85.0,80.0,40.0,,,25.0,70.0,135.0,70.0,45.0,160.0,195.0,45.0,COMPLETE
10,10,0.4747311827956989,2025-01-02 02:12:22.335526,2025-01-02 02:12:34.950582,0 days 00:00:12.615056,7,185,200.0,,,,,,,,,,,80.0,190.0,5.0,140.0,90.0,,,,COMPLETE
11,11,0.8385416666666667,2025-01-02 02:12:34.951137,2025-01-02 02:12:39.956751,0 days 00:00:05.005614,1,130,,,,,,,,,,,,,,,,,,,,COMPLETE
12,12,0.7830237358101135,2025-01-02 02:12:39.957206,2025-01-02 02:12:44.369682,0 days 00:00:04.412476,1,15,,,,,,,,,,,,,,,,,,,,COMPLETE
13,13,0.8626262626262626,2025-01-02 02:12:44.370146,2025-01-02 02:12:53.151813,0 days 00:00:08.781667,4,105,65.0,,,,,,,,,,,70.0,115.0,,,,,,,COMPLETE
14,14,0.3620509243111266,2025-01-02 02:12:53.152288,2025-01-02 02:13:20.039943,0 days 00:00:26.887655,8,170,65.0,,,,,,,,,,,80.0,115.0,200.0,200.0,5.0,10.0,,,COMPLETE
15,15,0.8291777188328913,2025-01-02 02:13:20.040531,2025-01-02 02:13:28.829813,0 days 00:00:08.789282,4,45,110.0,,,,,,,,,,,200.0,105.0,,,,,,,COMPLETE
16,16,0.7202380952380952,2025-01-02 02:13:28.830390,2025-01-02 02:13:39.571689,0 days 00:00:10.741299,6,120,50.0,,,,,,,,,,,85.0,195.0,45.0,50.0,,,,,COMPLETE
17,17,0.8617133791644632,2025-01-02 02:13:39.572285,2025-01-02 02:13:46.908807,0 days 00:00:07.336522,3,160,145.0,,,,,,,,,,,145.0,,,,,,,,COMPLETE
18,18,0.39637228664882546,2025-01-02 02:13:46.909295,2025-01-02 02:14:12.941669,0 days 00:00:26.032374,9,40,100.0,,,,,,,,,,,60.0,40.0,130.0,125.0,5.0,200.0,135.0,,COMPLETE
19,19,0.8771883289124669,2025-01-02 02:14:12.942239,2025-01-02 02:14:17.915760,0 days 00:00:04.973521,1,110,,,,,,,,,,,,,,,,,,,,COMPLETE
20,20,0.8342780026990553,2025-01-02 02:14:17.916227,2025-01-02 02:14:22.961630,0 days 00:00:05.045403,1,200,,,,,,,,,,,,,,,,,,,,COMPLETE
21,21,0.8387096774193549,2025-01-02 02:14:22.962089,2025-01-02 02:14:30.321707,0 days 00:00:07.359618,3,115,95.0,,,,,,,,,,,50.0,,,,,,,,COMPLETE
22,22,0.7074041034790366,2025-01-02 02:14:30.322174,2025-01-02 02:14:40.439313,0 days 00:00:10.117139,5,90,55.0,,,,,,,,,,,95.0,125.0,115.0,,,,,,COMPLETE
23,23,0.8641025641025641,2025-01-02 02:14:40.439821,2025-01-02 02:14:46.528869,0 days 00:00:06.089048,2,115,125.0,,,,,,,,,,,,,,,,,,,COMPLETE
24,24,0.8423645320197044,2025-01-02 02:14:46.529357,2025-01-02 02:14:51.564022,0 days 00:00:05.034665,1,145,,,,,,,,,,,,,,,,,,,,COMPLETE
25,25,0.8665183537263625,2025-01-02 02:14:51.564492,2025-01-02 02:14:57.664367,0 days 00:00:06.099875,2,85,140.0,,,,,,,,,,,,,,,,,,,COMPLETE
26,26,0.637449118046133,2025-01-02 02:14:57.664855,2025-01-02 02:15:09.792434,0 days 00:00:12.127579,6,85,170.0,,,,,,,,,,,170.0,5.0,65.0,45.0,,,,,COMPLETE
27,27,0.20394736842105263,2025-01-02 02:15:09.792981,2025-01-02 02:15:46.177008,0 days 00:00:36.384027,12,45,160.0,195.0,195.0,,,,,,,,,130.0,155.0,35.0,120.0,200.0,5.0,5.0,5.0,COMPLETE
28,28,0.8445623342175066,2025-01-02 02:15:46.177879,2025-01-02 02:15:53.547683,0 days 00:00:07.369804,3,135,200.0,,,,,,,,,,,105.0,,,,,,,,COMPLETE
29,29,0.6743589743589744,2025-01-02 02:15:53.548174,2025-01-02 02:16:04.346450,0 days 00:00:10.798276,5,80,130.0,,,,,,,,,,,200.0,45.0,200.0,,,,,,COMPLETE
30,30,0.44487179487179485,2025-01-02 02:16:04.346968,2025-01-02 02:16:16.585733,0 days 00:00:12.238765,7,55,175.0,,,,,,,,,,,145.0,90.0,95.0,200.0,110.0,,,,COMPLETE
31,31,0.8801229508196722,2025-01-02 02:16:16.586278,2025-01-02 02:16:22.176220,0 days 00:00:05.589942,2,115,125.0,,,,,,,,,,,,,,,,,,,COMPLETE
32,32,0.8957479508196722,2025-01-02 02:16:22.176731,2025-01-02 02:16:27.857492,0 days 00:00:05.680761,2,100,135.0,,,,,,,,,,,,,,,,,,,COMPLETE
33,33,0.8868318122555411,2025-01-02 02:16:27.857991,2025-01-02 02:16:33.963815,0 days 00:00:06.105824,2,105,105.0,,,,,,,,,,,,,,,,,,,COMPLETE
34,34,0.841639261320516,2025-01-02 02:16:33.964295,2025-01-02 02:16:42.039839,0 days 00:00:08.075544,4,125,110.0,,,,,,,,,,,180.0,175.0,,,,,,,COMPLETE
35,35,0.8523002421307506,2025-01-02 02:16:42.040348,2025-01-02 02:16:48.131383,0 days 00:00:06.091035,2,105,90.0,,,,,,,,,,,,,,,,,,,COMPLETE
36,36,0.8544980443285528,2025-01-02 02:16:48.131913,2025-01-02 02:16:56.106174,0 days 00:00:07.974261,3,140,110.0,,,,,,,,,,,5.0,,,,,,,,COMPLETE
37,37,0.5178571428571428,2025-01-02 02:16:56.106762,2025-01-02 02:17:08.471533,0 days 00:00:12.364771,6,95,80.0,,,,,,,,,,,45.0,25.0,150.0,35.0,,,,,COMPLETE
38,38,0.3208791208791209,2025-01-02 02:17:08.472155,2025-01-02 02:17:58.632357,0 days 00:00:50.160202,20,155,135.0,60.0,155.0,80.0,5.0,10.0,15.0,10.0,200.0,10.0,55.0,165.0,140.0,80.0,160.0,195.0,200.0,145.0,200.0,COMPLETE
39,39,0.41364205256570713,2025-01-02 02:17:58.633157,2025-01-02 02:18:31.328199,0 days 00:00:32.695042,11,100,115.0,70.0,,,,,,,,,,145.0,60.0,5.0,75.0,80.0,45.0,40.0,15.0,COMPLETE
40,40,0.1388888888888889,2025-01-02 02:18:31.328843,2025-01-02 02:19:02.664015,0 days 00:00:31.335172,14,60,155.0,185.0,190.0,100.0,195.0,,,,,,,110.0,95.0,120.0,105.0,135.0,110.0,130.0,200.0,COMPLETE
41,41,0.8666666666666667,2025-01-02 02:19:02.664889,2025-01-02 02:19:08.340536,0 days 00:00:05.675647,2,110,85.0,,,,,,,,,,,,,,,,,,,COMPLETE
42,42,0.8194780737153619,2025-01-02 02:19:08.341018,2025-01-02 02:19:13.359732,0 days 00:00:05.018714,1,125,,,,,,,,,,,,,,,,,,,,COMPLETE
43,43,0.861904761904762,2025-01-02 02:19:13.360197,2025-01-02 02:19:18.419586,0 days 00:00:05.059389,4,95,120.0,,,,,,,,,,,125.0,200.0,,,,,,,COMPLETE
44,44,0.845603813559322,2025-01-02 02:19:18.420070,2025-01-02 02:19:24.086418,0 days 00:00:05.666348,2,110,160.0,,,,,,,,,,,,,,,,,,,COMPLETE
45,45,0.8688172043010753,2025-01-02 02:19:24.086919,2025-01-02 02:19:29.085033,0 days 00:00:04.998114,1,75,,,,,,,,,,,,,,,,,,,,COMPLETE
46,46,0.8875,2025-01-02 02:19:29.085505,2025-01-02 02:19:37.823027,0 days 00:00:08.737522,4,130,35.0,,,,,,,,,,,35.0,175.0,,,,,,,COMPLETE
47,47,0.8847503373819163,2025-01-02 02:19:37.823553,2025-01-02 02:19:44.671924,0 days 00:00:06.848371,3,130,20.0,,,,,,,,,,,35.0,,,,,,,,COMPLETE
48,48,0.7174975562072337,2025-01-02 02:19:44.672421,2025-01-02 02:19:54.864134,0 days 00:00:10.191713,5,155,25.0,,,,,,,,,,,35.0,175.0,150.0,,,,,,COMPLETE
49,49,0.801948051948052,2025-01-02 02:19:54.864656,2025-01-02 02:20:03.312518,0 days 00:00:08.447862,4,135,5.0,,,,,,,,,,,10.0,180.0,,,,,,,COMPLETE
50,50,0.3264150943396227,2025-01-02 02:20:03.313030,2025-01-02 02:20:16.719031,0 days 00:00:13.406001,8,170,35.0,,,,,,,,,,,40.0,145.0,35.0,140.0,35.0,175.0,,,COMPLETE
51,51,0.8385416666666667,2025-01-02 02:20:16.719640,2025-01-02 02:20:24.175007,0 days 00:00:07.455367,3,125,15.0,,,,,,,,,,,15.0,,,,,,,,COMPLETE
52,52,0.8481045081967213,2025-01-02 02:20:24.175512,2025-01-02 02:20:30.627491,0 days 00:00:06.451979,2,100,25.0,,,,,,,,,,,,,,,,,,,COMPLETE
53,53,0.861904761904762,2025-01-02 02:20:30.628114,2025-01-02 02:20:36.993426,0 days 00:00:06.365312,3,120,40.0,,,,,,,,,,,60.0,,,,,,,,COMPLETE
54,54,0.5535714285714286,2025-01-02 02:20:36.993945,2025-01-02 02:20:47.223312,0 days 00:00:10.229367,5,135,70.0,,,,,,,,,,,20.0,130.0,190.0,,,,,,COMPLETE
55,55,0.8637295081967213,2025-01-02 02:20:47.223836,2025-01-02 02:20:53.314143,0 days 00:00:06.090307,2,145,50.0,,,,,,,,,,,,,,,,,,,COMPLETE
56,56,0.8548009367681498,2025-01-02 02:20:53.314628,2025-01-02 02:21:02.059309,0 days 00:00:08.744681,4,120,100.0,,,,,,,,,,,95.0,155.0,,,,,,,COMPLETE
57,57,0.8253837719298245,2025-01-02 02:21:02.059837,2025-01-02 02:21:07.039660,0 days 00:00:04.979823,1,90,,,,,,,,,,,,,,,,,,,,COMPLETE
58,58,0.8709677419354839,2025-01-02 02:21:07.040128,2025-01-02 02:21:14.413590,0 days 00:00:07.373462,3,105,145.0,,,,,,,,,,,70.0,,,,,,,,COMPLETE
59,59,0.5760914760914762,2025-01-02 02:21:14.414114,2025-01-02 02:21:58.688418,0 days 00:00:44.274304,16,115,130.0,70.0,135.0,55.0,70.0,70.0,190.0,,,,,30.0,85.0,55.0,180.0,175.0,35.0,170.0,90.0,COMPLETE
60,60,0.47638326585695007,2025-01-02 02:21:58.689150,2025-01-02 02:22:11.181864,0 days 00:00:12.492714,7,130,20.0,,,,,,,,,,,70.0,185.0,20.0,60.0,110.0,,,,COMPLETE
61,61,0.8688524590163934,2025-01-02 02:22:11.182530,2025-01-02 02:22:16.162933,0 days 00:00:04.980403,1,110,,,,,,,,,,,,,,,,,,,,COMPLETE
62,62,0.8481045081967213,2025-01-02 02:22:16.163467,2025-01-02 02:22:22.583776,0 days 00:00:06.420309,2,90,5.0,,,,,,,,,,,,,,,,,,,COMPLETE
63,63,0.8631227529532615,2025-01-02 02:22:22.584275,2025-01-02 02:22:27.559882,0 days 00:00:04.975607,1,100,,,,,,,,,,,,,,,,,,,,COMPLETE
64,64,0.8709677419354839,2025-01-02 02:22:27.560349,2025-01-02 02:22:34.914232,0 days 00:00:07.353883,3,115,120.0,,,,,,,,,,,50.0,,,,,,,,COMPLETE
65,65,0.8221642764015646,2025-01-02 02:22:34.914746,2025-01-02 02:22:43.057278,0 days 00:00:08.142532,4,80,60.0,,,,,,,,,,,5.0,55.0,,,,,,,COMPLETE
66,66,0.8637295081967213,2025-01-02 02:22:43.057790,2025-01-02 02:22:49.119051,0 days 00:00:06.061261,2,130,190.0,,,,,,,,,,,,,,,,,,,COMPLETE
67,67,0.8709677419354839,2025-01-02 02:22:49.119575,2025-01-02 02:22:54.128502,0 days 00:00:05.008927,1,150,,,,,,,,,,,,,,,,,,,,COMPLETE
68,68,0.8548009367681498,2025-01-02 02:22:54.128988,2025-01-02 02:23:00.418395,0 days 00:00:06.289407,3,140,40.0,,,,,,,,,,,25.0,,,,,,,,COMPLETE
69,69,0.7153846153846154,2025-01-02 02:23:00.418911,2025-01-02 02:23:12.698200,0 days 00:00:12.279289,6,70,105.0,,,,,,,,,,,85.0,170.0,70.0,35.0,,,,,COMPLETE
70,70,0.861228813559322,2025-01-02 02:23:12.698783,2025-01-02 02:23:18.769080,0 days 00:00:06.070297,2,105,95.0,,,,,,,,,,,,,,,,,,,COMPLETE
71,71,0.8709677419354839,2025-01-02 02:23:18.769583,2025-01-02 02:23:26.188124,0 days 00:00:07.418541,3,105,145.0,,,,,,,,,,,70.0,,,,,,,,COMPLETE
72,72,0.8777777777777778,2025-01-02 02:23:26.188624,2025-01-02 02:23:33.062826,0 days 00:00:06.874202,3,120,140.0,,,,,,,,,,,40.0,,,,,,,,COMPLETE
73,73,0.8445623342175066,2025-01-02 02:23:33.063348,2025-01-02 02:23:38.394261,0 days 00:00:05.330913,1,120,,,,,,,,,,,,,,,,,,,,COMPLETE
74,74,0.806497175141243,2025-01-02 02:23:38.394771,2025-01-02 02:23:47.123762,0 days 00:00:08.728991,4,125,130.0,,,,,,,,,,,40.0,160.0,,,,,,,COMPLETE
75,75,0.8548387096774194,2025-01-02 02:23:47.124293,2025-01-02 02:23:53.171907,0 days 00:00:06.047614,2,110,140.0,,,,,,,,,,,,,,,,,,,COMPLETE
76,76,0.8512931034482758,2025-01-02 02:23:53.172383,2025-01-02 02:24:00.776560,0 days 00:00:07.604177,4,95,120.0,,,,,,,,,,,60.0,105.0,,,,,,,COMPLETE
77,77,0.8092501368363437,2025-01-02 02:24:00.777203,2025-01-02 02:24:10.277547,0 days 00:00:09.500344,5,85,165.0,,,,,,,,,,,20.0,25.0,85.0,,,,,,COMPLETE
78,78,0.7732497387669801,2025-01-02 02:24:10.278106,2025-01-02 02:24:15.279311,0 days 00:00:05.001205,1,10,,,,,,,,,,,,,,,,,,,,COMPLETE
79,79,0.8617133791644632,2025-01-02 02:24:15.279808,2025-01-02 02:24:22.747195,0 days 00:00:07.467387,3,140,135.0,,,,,,,,,,,50.0,,,,,,,,COMPLETE
80,80,0.8851224105461393,2025-01-02 02:24:22.747707,2025-01-02 02:24:28.847053,0 days 00:00:06.099346,2,115,150.0,,,,,,,,,,,,,,,,,,,COMPLETE
81,81,0.8777777777777778,2025-01-02 02:24:28.847561,2025-01-02 02:24:34.936228,0 days 00:00:06.088667,2,115,150.0,,,,,,,,,,,,,,,,,,,COMPLETE
82,82,0.8761618370694368,2025-01-02 02:24:34.936738,2025-01-02 02:24:41.011103,0 days 00:00:06.074365,2,115,150.0,,,,,,,,,,,,,,,,,,,COMPLETE
83,83,0.8548009367681498,2025-01-02 02:24:41.011599,2025-01-02 02:24:49.367239,0 days 00:00:08.355640,3,120,150.0,,,,,,,,,,,30.0,,,,,,,,COMPLETE
84,84,0.8430836522689995,2025-01-02 02:24:49.367764,2025-01-02 02:24:55.464451,0 days 00:00:06.096687,2,135,160.0,,,,,,,,,,,,,,,,,,,COMPLETE
85,85,0.8331479421579533,2025-01-02 02:24:55.464953,2025-01-02 02:25:03.559814,0 days 00:00:08.094861,4,95,140.0,,,,,,,,,,,80.0,145.0,,,,,,,COMPLETE
86,86,0.3286792452830189,2025-01-02 02:25:03.560348,2025-01-02 02:25:40.818919,0 days 00:00:37.258571,13,25,125.0,40.0,85.0,155.0,,,,,,,,60.0,115.0,110.0,110.0,25.0,95.0,105.0,40.0,COMPLETE
87,87,0.44067796610169496,2025-01-02 02:25:40.819844,2025-01-02 02:26:03.086726,0 days 00:00:22.266882,10,125,180.0,,,,,,,,,,,95.0,125.0,145.0,5.0,75.0,105.0,200.0,150.0,COMPLETE
88,88,0.861228813559322,2025-01-02 02:26:03.087383,2025-01-02 02:26:08.054598,0 days 00:00:04.967215,1,115,,,,,,,,,,,,,,,,,,,,COMPLETE
89,89,0.7399115533443892,2025-01-02 02:26:08.055075,2025-01-02 02:26:18.159394,0 days 00:00:10.104319,5,100,155.0,,,,,,,,,,,40.0,75.0,165.0,,,,,,COMPLETE
90,90,0.861228813559322,2025-01-02 02:26:18.159944,2025-01-02 02:26:24.220663,0 days 00:00:06.060719,2,110,115.0,,,,,,,,,,,,,,,,,,,COMPLETE
91,91,0.8429276315789473,2025-01-02 02:26:24.221161,2025-01-02 02:26:29.181781,0 days 00:00:04.960620,1,110,,,,,,,,,,,,,,,,,,,,COMPLETE
92,92,0.8656234475906607,2025-01-02 02:26:29.182273,2025-01-02 02:26:37.089899,0 days 00:00:07.907626,3,130,105.0,,,,,,,,,,,15.0,,,,,,,,COMPLETE
93,93,0.8389926428975665,2025-01-02 02:26:37.090436,2025-01-02 02:26:43.166806,0 days 00:00:06.076370,2,120,170.0,,,,,,,,,,,,,,,,,,,COMPLETE
94,94,0.8523002421307506,2025-01-02 02:26:43.167313,2025-01-02 02:26:48.180890,0 days 00:00:05.013577,1,90,,,,,,,,,,,,,,,,,,,,COMPLETE
95,95,0.885483870967742,2025-01-02 02:26:48.181390,2025-01-02 02:26:55.611896,0 days 00:00:07.430506,3,105,135.0,,,,,,,,,,,115.0,,,,,,,,COMPLETE
96,96,0.8870673952641166,2025-01-02 02:26:55.612404,2025-01-02 02:27:03.071699,0 days 00:00:07.459295,3,100,135.0,,,,,,,,,,,135.0,,,,,,,,COMPLETE
97,97,0.8692493946731235,2025-01-02 02:27:03.072222,2025-01-02 02:27:10.505300,0 days 00:00:07.433078,3,100,135.0,,,,,,,,,,,120.0,,,,,,,,COMPLETE
98,98,0.8013495276653171,2025-01-02 02:27:10.505849,2025-01-02 02:27:19.297960,0 days 00:00:08.792111,4,80,125.0,,,,,,,,,,,135.0,190.0,,,,,,,COMPLETE
99,99,0.790081848820414,2025-01-02 02:27:19.298585,2025-01-02 02:27:29.364909,0 days 00:00:10.066324,5,105,115.0,,,,,,,,,,,140.0,165.0,90.0,,,,,,COMPLETE
100,100,0.8740112994350282,2025-01-02 02:27:29.365527,2025-01-02 02:27:36.778578,0 days 00:00:07.413051,3,95,130.0,,,,,,,,,,,155.0,,,,,,,,COMPLETE
101,101,0.8548009367681498,2025-01-02 02:27:36.779099,2025-01-02 02:27:42.823143,0 days 00:00:06.044044,2,115,140.0,,,,,,,,,,,,,,,,,,,COMPLETE
102,102,0.9193338537600833,2025-01-02 02:27:42.823634,2025-01-02 02:27:49.741979,0 days 00:00:06.918345,3,130,150.0,,,,,,,,,,,110.0,,,,,,,,COMPLETE
103,103,0.861904761904762,2025-01-02 02:27:49.742533,2025-01-02 02:27:58.495194,0 days 00:00:08.752661,4,130,135.0,,,,,,,,,,,115.0,200.0,,,,,,,COMPLETE
104,104,0.8709677419354839,2025-01-02 02:27:58.495723,2025-01-02 02:28:05.857244,0 days 00:00:07.361521,3,150,145.0,,,,,,,,,,,105.0,,,,,,,,COMPLETE
105,105,0.8617133791644632,2025-01-02 02:28:05.857791,2025-01-02 02:28:12.753548,0 days 00:00:06.895757,3,135,145.0,,,,,,,,,,,125.0,,,,,,,,COMPLETE
106,106,0.8870673952641166,2025-01-02 02:28:12.754080,2025-01-02 02:28:18.842055,0 days 00:00:06.087975,2,125,155.0,,,,,,,,,,,,,,,,,,,COMPLETE
107,107,0.880184331797235,2025-01-02 02:28:18.842593,2025-01-02 02:28:25.313472,0 days 00:00:06.470879,2,125,155.0,,,,,,,,,,,,,,,,,,,COMPLETE
108,108,0.8353510895883778,2025-01-02 02:28:25.313980,2025-01-02 02:28:30.923982,0 days 00:00:05.610002,2,125,155.0,,,,,,,,,,,,,,,,,,,COMPLETE
109,109,0.8293650793650793,2025-01-02 02:28:30.924616,2025-01-02 02:28:39.670195,0 days 00:00:08.745579,4,130,165.0,,,,,,,,,,,100.0,80.0,,,,,,,COMPLETE
110,110,0.842896174863388,2025-01-02 02:28:39.670746,2025-01-02 02:28:45.772184,0 days 00:00:06.101438,2,125,155.0,,,,,,,,,,,,,,,,,,,COMPLETE
111,111,0.8360215053763441,2025-01-02 02:28:45.772709,2025-01-02 02:28:50.796023,0 days 00:00:05.023314,1,105,,,,,,,,,,,,,,,,,,,,COMPLETE
112,112,0.8185443668993021,2025-01-02 02:28:50.796584,2025-01-02 02:28:56.403377,0 days 00:00:05.606793,2,145,15.0,,,,,,,,,,,,,,,,,,,COMPLETE
113,113,0.8521505376344086,2025-01-02 02:28:56.403895,2025-01-02 02:29:01.422334,0 days 00:00:05.018439,1,100,,,,,,,,,,,,,,,,,,,,COMPLETE
114,114,0.8548009367681498,2025-01-02 02:29:01.422937,2025-01-02 02:29:08.808352,0 days 00:00:07.385415,3,140,165.0,,,,,,,,,,,115.0,,,,,,,,COMPLETE
115,115,0.8708333333333333,2025-01-02 02:29:08.808978,2025-01-02 02:29:14.905737,0 days 00:00:06.096759,2,110,150.0,,,,,,,,,,,,,,,,,,,COMPLETE
116,116,0.30632630410654826,2025-01-02 02:29:14.906252,2025-01-02 02:30:01.647633,0 days 00:00:46.741381,17,90,30.0,95.0,160.0,135.0,10.0,195.0,140.0,195.0,,,,135.0,60.0,185.0,145.0,60.0,25.0,40.0,110.0,COMPLETE
117,117,0.825220680958386,2025-01-02 02:30:01.648397,2025-01-02 02:30:10.448114,0 days 00:00:08.799717,4,105,80.0,,,,,,,,,,,165.0,115.0,,,,,,,COMPLETE
118,118,0.8499583217560434,2025-01-02 02:30:10.448679,2025-01-02 02:30:15.451868,0 days 00:00:05.003189,1,115,,,,,,,,,,,,,,,,,,,,COMPLETE
119,119,0.8851224105461393,2025-01-02 02:30:15.452350,2025-01-02 02:30:22.834417,0 days 00:00:07.382067,3,130,170.0,,,,,,,,,,,85.0,,,,,,,,COMPLETE
120,120,0.8870673952641166,2025-01-02 02:30:22.835007,2025-01-02 02:30:30.270725,0 days 00:00:07.435718,3,135,160.0,,,,,,,,,,,155.0,,,,,,,,COMPLETE
121,121,0.8500000000000001,2025-01-02 02:30:30.271268,2025-01-02 02:30:37.672771,0 days 00:00:07.401503,3,135,170.0,,,,,,,,,,,180.0,,,,,,,,COMPLETE
122,122,0.8499583217560434,2025-01-02 02:30:37.673302,2025-01-02 02:30:45.054736,0 days 00:00:07.381434,3,145,160.0,,,,,,,,,,,160.0,,,,,,,,COMPLETE
123,123,0.8521505376344086,2025-01-02 02:30:45.055343,2025-01-02 02:30:51.118551,0 days 00:00:06.063208,2,125,175.0,,,,,,,,,,,,,,,,,,,COMPLETE
124,124,0.8794871794871795,2025-01-02 02:30:51.119142,2025-01-02 02:30:58.581793,0 days 00:00:07.462651,3,130,185.0,,,,,,,,,,,150.0,,,,,,,,COMPLETE
125,125,0.7778454047474133,2025-01-02 02:30:58.582352,2025-01-02 02:31:08.641164,0 days 00:00:10.058812,5,120,155.0,,,,,,,,,,,130.0,100.0,50.0,,,,,,COMPLETE
126,126,0.8761618370694368,2025-01-02 02:31:08.641750,2025-01-02 02:31:16.103527,0 days 00:00:07.461777,3,140,165.0,,,,,,,,,,,190.0,,,,,,,,COMPLETE
127,127,0.8572639909553419,2025-01-02 02:31:16.104073,2025-01-02 02:31:24.864074,0 days 00:00:08.760001,4,135,145.0,,,,,,,,,,,110.0,145.0,,,,,,,COMPLETE
128,128,0.5270935960591133,2025-01-02 02:31:24.864612,2025-01-02 02:31:36.418155,0 days 00:00:11.553543,6,200,175.0,,,,,,,,,,,120.0,130.0,100.0,185.0,,,,,COMPLETE
129,129,0.8665183537263625,2025-01-02 02:31:36.418762,2025-01-02 02:31:42.497609,0 days 00:00:06.078847,2,120,125.0,,,,,,,,,,,,,,,,,,,COMPLETE
130,130,0.8708333333333333,2025-01-02 02:31:42.498149,2025-01-02 02:31:49.871428,0 days 00:00:07.373279,3,125,160.0,,,,,,,,,,,140.0,,,,,,,,COMPLETE
131,131,0.8681732580037664,2025-01-02 02:31:49.871942,2025-01-02 02:31:57.276656,0 days 00:00:07.404714,3,130,180.0,,,,,,,,,,,150.0,,,,,,,,COMPLETE
132,132,0.9115384615384616,2025-01-02 02:31:57.277204,2025-01-02 02:32:03.424103,0 days 00:00:06.146899,2,135,195.0,,,,,,,,,,,,,,,,,,,COMPLETE
133,133,0.8779904306220095,2025-01-02 02:32:03.424626,2025-01-02 02:32:09.085533,0 days 00:00:05.660907,2,150,135.0,,,,,,,,,,,,,,,,,,,COMPLETE
134,134,0.8870673952641166,2025-01-02 02:32:09.086080,2025-01-02 02:32:15.243524,0 days 00:00:06.157444,2,135,190.0,,,,,,,,,,,,,,,,,,,COMPLETE
135,135,0.8688172043010753,2025-01-02 02:32:15.244060,2025-01-02 02:32:21.346445,0 days 00:00:06.102385,2,140,195.0,,,,,,,,,,,,,,,,,,,COMPLETE
136,136,0.822863610639502,2025-01-02 02:32:21.347002,2025-01-02 02:32:26.043013,0 days 00:00:04.696011,1,160,,,,,,,,,,,,,,,,,,,,COMPLETE
137,137,0.8942358540454786,2025-01-02 02:32:26.043653,2025-01-02 02:32:34.737791,0 days 00:00:08.694138,4,135,190.0,,,,,,,,,,,100.0,10.0,,,,,,,COMPLETE
