,number,value,datetime_start,datetime_complete,duration,params_depth,params_neurons_layer_0,params_neurons_layer_1,params_neurons_layer_10,params_neurons_layer_11,params_neurons_layer_12,params_neurons_layer_13,params_neurons_layer_14,params_neurons_layer_15,params_neurons_layer_16,params_neurons_layer_17,params_neurons_layer_18,params_neurons_layer_19,params_neurons_layer_2,params_neurons_layer_3,params_neurons_layer_4,params_neurons_layer_5,params_neurons_layer_6,params_neurons_layer_7,params_neurons_layer_8,params_neurons_layer_9,state
0,0,0.3709150326797386,2025-01-02 04:33:57.226712,2025-01-02 04:34:18.635039,0 days 00:00:21.408327,9,140,25.0,,,,,,,,,,,170.0,100.0,185.0,105.0,165.0,65.0,120.0,,COMPLETE
1,1,0.17735042735042736,2025-01-02 04:34:18.635754,2025-01-02 04:35:07.151544,0 days 00:00:48.515790,17,70,200.0,155.0,120.0,25.0,135.0,50.0,40.0,185.0,,,,15.0,190.0,70.0,105.0,80.0,195.0,190.0,190.0,COMPLETE
2,2,0.5384615384615384,2025-01-02 04:35:07.152386,2025-01-02 04:35:17.561801,0 days 00:00:10.409415,5,90,70.0,,,,,,,,,,,160.0,20.0,170.0,,,,,,COMPLETE
3,3,0.44787644787644787,2025-01-02 04:35:17.562372,2025-01-02 04:35:50.602247,0 days 00:00:33.039875,11,50,40.0,120.0,,,,,,,,,,165.0,165.0,115.0,160.0,30.0,130.0,30.0,60.0,COMPLETE
4,4,0.6319290465631929,2025-01-02 04:35:50.602932,2025-01-02 04:36:02.361028,0 days 00:00:11.758096,6,150,45.0,,,,,,,,,,,195.0,55.0,190.0,65.0,,,,,COMPLETE
5,5,0.49489795918367346,2025-01-02 04:36:02.361761,2025-01-02 04:36:38.941770,0 days 00:00:36.580009,12,160,155.0,130.0,70.0,,,,,,,,,45.0,160.0,60.0,190.0,185.0,40.0,140.0,50.0,COMPLETE
6,6,0.40672268907563025,2025-01-02 04:36:38.942469,2025-01-02 04:37:30.006614,0 days 00:00:51.064145,18,180,180.0,80.0,180.0,195.0,140.0,10.0,15.0,200.0,185.0,,,55.0,75.0,165.0,65.0,35.0,125.0,15.0,160.0,COMPLETE
7,7,0.4255952380952381,2025-01-02 04:37:30.007437,2025-01-02 04:37:47.937862,0 days 00:00:17.930425,10,60,200.0,,,,,,,,,,,180.0,90.0,35.0,175.0,100.0,55.0,130.0,5.0,COMPLETE
8,8,0.6031746031746031,2025-01-02 04:37:47.938524,2025-01-02 04:37:59.755720,0 days 00:00:11.817196,6,195,175.0,,,,,,,,,,,170.0,70.0,125.0,130.0,,,,,COMPLETE
9,9,0.3555555555555555,2025-01-02 04:37:59.756305,2025-01-02 04:38:51.563606,0 days 00:00:51.807301,19,120,55.0,75.0,65.0,85.0,180.0,55.0,165.0,30.0,20.0,55.0,,80.0,155.0,115.0,45.0,115.0,195.0,35.0,40.0,COMPLETE
10,10,0.36363636363636365,2025-01-02 04:38:51.564590,2025-01-02 04:38:56.881614,0 days 00:00:05.317024,1,5,,,,,,,,,,,,,,,,,,,,COMPLETE
11,11,0.5225490196078431,2025-01-02 04:38:56.882113,2025-01-02 04:39:07.259196,0 days 00:00:10.377083,5,200,125.0,,,,,,,,,,,115.0,40.0,135.0,,,,,,COMPLETE
12,12,0.5512684989429175,2025-01-02 04:39:07.259769,2025-01-02 04:39:17.659104,0 days 00:00:10.399335,6,160,95.0,,,,,,,,,,,200.0,55.0,145.0,130.0,,,,,COMPLETE
13,13,0.6426829268292682,2025-01-02 04:39:17.659667,2025-01-02 04:39:23.509797,0 days 00:00:05.850130,2,195,10.0,,,,,,,,,,,,,,,,,,,COMPLETE
14,14,0.7382352941176471,2025-01-02 04:39:23.510280,2025-01-02 04:39:28.685608,0 days 00:00:05.175328,1,130,,,,,,,,,,,,,,,,,,,,COMPLETE
15,15,0.6833333333333333,2025-01-02 04:39:28.686061,2025-01-02 04:39:33.124761,0 days 00:00:04.438700,1,120,,,,,,,,,,,,,,,,,,,,COMPLETE
16,16,0.5151515151515151,2025-01-02 04:39:33.125217,2025-01-02 04:39:40.543756,0 days 00:00:07.418539,3,110,120.0,,,,,,,,,,,110.0,,,,,,,,COMPLETE
17,17,0.3018575851393189,2025-01-02 04:39:40.544218,2025-01-02 04:40:21.079400,0 days 00:00:40.535182,14,130,90.0,5.0,5.0,190.0,15.0,,,,,,,5.0,135.0,10.0,5.0,5.0,105.0,75.0,120.0,COMPLETE
18,18,0.54375,2025-01-02 04:40:21.080313,2025-01-02 04:40:28.502233,0 days 00:00:07.421920,3,90,140.0,,,,,,,,,,,135.0,,,,,,,,COMPLETE
19,19,0.6876503608660787,2025-01-02 04:40:28.502739,2025-01-02 04:40:33.575369,0 days 00:00:05.072630,1,100,,,,,,,,,,,,,,,,,,,,COMPLETE
20,20,0.6525044722719142,2025-01-02 04:40:33.575831,2025-01-02 04:40:54.429543,0 days 00:00:20.853712,9,30,75.0,,,,,,,,,,,80.0,125.0,85.0,5.0,145.0,15.0,190.0,,COMPLETE
21,21,0.6258771929824561,2025-01-02 04:40:54.430147,2025-01-02 04:40:59.869982,0 days 00:00:05.439835,1,100,,,,,,,,,,,,,,,,,,,,COMPLETE
22,22,0.6179966044142615,2025-01-02 04:40:59.870451,2025-01-02 04:41:07.335424,0 days 00:00:07.464973,3,120,5.0,,,,,,,,,,,135.0,,,,,,,,COMPLETE
23,23,0.5972222222222222,2025-01-02 04:41:07.335929,2025-01-02 04:41:12.443739,0 days 00:00:05.107810,1,85,,,,,,,,,,,,,,,,,,,,COMPLETE
24,24,0.6427070197562001,2025-01-02 04:41:12.444207,2025-01-02 04:41:21.295061,0 days 00:00:08.850854,4,130,110.0,,,,,,,,,,,45.0,10.0,,,,,,,COMPLETE
25,25,0.43858800773694395,2025-01-02 04:41:21.295559,2025-01-02 04:41:38.146376,0 days 00:00:16.850817,8,110,150.0,,,,,,,,,,,25.0,200.0,20.0,35.0,200.0,160.0,,,COMPLETE
26,26,0.7040618955512572,2025-01-02 04:41:38.146942,2025-01-02 04:41:44.027019,0 days 00:00:05.880077,1,170,,,,,,,,,,,,,,,,,,,,COMPLETE
27,27,0.48126159554730985,2025-01-02 04:41:44.027516,2025-01-02 04:42:28.241822,0 days 00:00:44.214306,15,175,170.0,195.0,200.0,15.0,25.0,190.0,,,,,,135.0,120.0,45.0,145.0,65.0,5.0,80.0,115.0,COMPLETE
28,28,0.5868421052631578,2025-01-02 04:42:28.242695,2025-01-02 04:42:37.139616,0 days 00:00:08.896921,4,170,75.0,,,,,,,,,,,85.0,35.0,,,,,,,COMPLETE
29,29,0.38555770470664086,2025-01-02 04:42:37.140103,2025-01-02 04:42:51.390056,0 days 00:00:14.249953,8,145,25.0,,,,,,,,,,,70.0,185.0,85.0,195.0,130.0,85.0,,,COMPLETE
30,30,0.5495495495495495,2025-01-02 04:42:51.390632,2025-01-02 04:42:57.548888,0 days 00:00:06.158256,2,135,135.0,,,,,,,,,,,,,,,,,,,COMPLETE
31,31,0.6523584905660378,2025-01-02 04:42:57.549364,2025-01-02 04:43:02.668551,0 days 00:00:05.119187,1,75,,,,,,,,,,,,,,,,,,,,COMPLETE
32,32,0.6715927750410509,2025-01-02 04:43:02.669020,2025-01-02 04:43:08.795673,0 days 00:00:06.126653,2,105,160.0,,,,,,,,,,,,,,,,,,,COMPLETE
33,33,0.5650623885918004,2025-01-02 04:43:08.796143,2025-01-02 04:43:17.555534,0 days 00:00:08.759391,4,150,110.0,,,,,,,,,,,95.0,5.0,,,,,,,COMPLETE
34,34,0.6547518923465097,2025-01-02 04:43:17.556021,2025-01-02 04:43:24.124219,0 days 00:00:06.568198,2,95,25.0,,,,,,,,,,,,,,,,,,,COMPLETE
35,35,0.44879832810867293,2025-01-02 04:43:24.124709,2025-01-02 04:43:34.356008,0 days 00:00:10.231299,5,120,185.0,,,,,,,,,,,150.0,145.0,150.0,,,,,,COMPLETE
36,36,0.6184792219274977,2025-01-02 04:43:34.356528,2025-01-02 04:43:41.253136,0 days 00:00:06.896608,3,75,60.0,,,,,,,,,,,120.0,,,,,,,,COMPLETE
37,37,0.5245969408846631,2025-01-02 04:43:41.253648,2025-01-02 04:43:54.912315,0 days 00:00:13.658667,7,160,90.0,,,,,,,,,,,35.0,115.0,95.0,85.0,60.0,,,,COMPLETE
38,38,0.625,2025-01-02 04:43:54.912889,2025-01-02 04:44:00.203307,0 days 00:00:05.290418,1,185,,,,,,,,,,,,,,,,,,,,COMPLETE
39,39,0.3194444444444444,2025-01-02 04:44:00.203820,2025-01-02 04:44:36.318471,0 days 00:00:36.114651,12,40,30.0,10.0,135.0,,,,,,,,,55.0,175.0,200.0,35.0,160.0,160.0,160.0,150.0,COMPLETE
40,40,0.5495495495495495,2025-01-02 04:44:36.319355,2025-01-02 04:44:45.906858,0 days 00:00:09.587503,5,140,60.0,,,,,,,,,,,100.0,85.0,5.0,,,,,,COMPLETE
41,41,0.6487179487179486,2025-01-02 04:44:45.907378,2025-01-02 04:44:51.569037,0 days 00:00:05.661659,2,105,155.0,,,,,,,,,,,,,,,,,,,COMPLETE
42,42,0.6064102564102564,2025-01-02 04:44:51.569520,2025-01-02 04:44:57.670023,0 days 00:00:06.100503,2,85,160.0,,,,,,,,,,,,,,,,,,,COMPLETE
43,43,0.6537861046057767,2025-01-02 04:44:57.670521,2025-01-02 04:45:02.776806,0 days 00:00:05.106285,1,115,,,,,,,,,,,,,,,,,,,,COMPLETE
44,44,0.6309322033898306,2025-01-02 04:45:02.777262,2025-01-02 04:45:11.523444,0 days 00:00:08.746182,4,60,195.0,,,,,,,,,,,185.0,105.0,,,,,,,COMPLETE
45,45,0.5819529206625981,2025-01-02 04:45:11.523961,2025-01-02 04:45:18.946860,0 days 00:00:07.422899,3,125,165.0,,,,,,,,,,,15.0,,,,,,,,COMPLETE
46,46,0.5701754385964912,2025-01-02 04:45:18.947378,2025-01-02 04:45:25.103122,0 days 00:00:06.155744,2,100,145.0,,,,,,,,,,,,,,,,,,,COMPLETE
47,47,0.6904761904761905,2025-01-02 04:45:25.103615,2025-01-02 04:45:30.228102,0 days 00:00:05.124487,1,145,,,,,,,,,,,,,,,,,,,,COMPLETE
48,48,0.6204545454545455,2025-01-02 04:45:30.228585,2025-01-02 04:45:35.391247,0 days 00:00:05.162662,1,160,,,,,,,,,,,,,,,,,,,,COMPLETE
49,49,0.5653310104529616,2025-01-02 04:45:35.391735,2025-01-02 04:45:46.389387,0 days 00:00:10.997652,6,145,45.0,,,,,,,,,,,150.0,25.0,35.0,80.0,,,,,COMPLETE
50,50,0.5607210626185959,2025-01-02 04:45:46.389965,2025-01-02 04:45:55.291626,0 days 00:00:08.901661,4,155,130.0,,,,,,,,,,,70.0,60.0,,,,,,,COMPLETE
51,51,0.6593495934959349,2025-01-02 04:45:55.292138,2025-01-02 04:46:01.428570,0 days 00:00:06.136432,2,135,195.0,,,,,,,,,,,,,,,,,,,COMPLETE
52,52,0.5047619047619047,2025-01-02 04:46:01.429032,2025-01-02 04:46:08.891715,0 days 00:00:07.462683,3,110,185.0,,,,,,,,,,,150.0,,,,,,,,COMPLETE
53,53,0.5874822190611664,2025-01-02 04:46:08.892200,2025-01-02 04:47:05.306313,0 days 00:00:56.414113,20,170,100.0,50.0,20.0,120.0,60.0,170.0,200.0,5.0,115.0,200.0,95.0,5.0,105.0,65.0,130.0,5.0,165.0,65.0,195.0,COMPLETE
54,54,0.5680680680680681,2025-01-02 04:47:05.307287,2025-01-02 04:47:10.747809,0 days 00:00:05.440522,1,125,,,,,,,,,,,,,,,,,,,,COMPLETE
55,55,0.696969696969697,2025-01-02 04:47:10.748290,2025-01-02 04:47:15.914552,0 days 00:00:05.166262,1,140,,,,,,,,,,,,,,,,,,,,COMPLETE
56,56,0.32887700534759357,2025-01-02 04:47:15.915022,2025-01-02 04:48:05.387137,0 days 00:00:49.472115,17,150,40.0,180.0,155.0,120.0,195.0,110.0,100.0,100.0,,,,180.0,140.0,165.0,170.0,95.0,30.0,95.0,75.0,COMPLETE
57,57,0.6942652329749104,2025-01-02 04:48:05.387929,2025-01-02 04:48:09.913161,0 days 00:00:04.525232,1,140,,,,,,,,,,,,,,,,,,,,COMPLETE
58,58,0.5770609318996416,2025-01-02 04:48:09.913629,2025-01-02 04:48:16.904402,0 days 00:00:06.990773,3,185,80.0,,,,,,,,,,,125.0,,,,,,,,COMPLETE
59,59,0.43738140417457305,2025-01-02 04:48:16.904909,2025-01-02 04:48:28.211260,0 days 00:00:11.306351,5,165,15.0,,,,,,,,,,,165.0,200.0,50.0,,,,,,COMPLETE
60,60,0.5610438024231128,2025-01-02 04:48:28.211970,2025-01-02 04:48:33.327673,0 days 00:00:05.115703,1,135,,,,,,,,,,,,,,,,,,,,COMPLETE
61,61,0.7144702842377262,2025-01-02 04:48:33.328168,2025-01-02 04:48:38.476476,0 days 00:00:05.148308,1,140,,,,,,,,,,,,,,,,,,,,COMPLETE
62,62,0.554925893635571,2025-01-02 04:48:38.476953,2025-01-02 04:48:44.672908,0 days 00:00:06.195955,2,145,110.0,,,,,,,,,,,,,,,,,,,COMPLETE
63,63,0.5733590733590734,2025-01-02 04:48:44.673392,2025-01-02 04:48:50.198152,0 days 00:00:05.524760,1,140,,,,,,,,,,,,,,,,,,,,COMPLETE
64,64,0.5225694444444444,2025-01-02 04:48:50.198670,2025-01-02 04:48:57.162791,0 days 00:00:06.964121,3,155,55.0,,,,,,,,,,,190.0,,,,,,,,COMPLETE
65,65,0.6192622950819673,2025-01-02 04:48:57.163289,2025-01-02 04:49:02.923624,0 days 00:00:05.760335,2,130,125.0,,,,,,,,,,,,,,,,,,,COMPLETE
66,66,0.3764478764478765,2025-01-02 04:49:02.924124,2025-01-02 04:49:44.092061,0 days 00:00:41.167937,14,180,65.0,40.0,80.0,50.0,75.0,,,,,,,25.0,180.0,110.0,25.0,40.0,85.0,160.0,5.0,COMPLETE
67,67,0.6913419913419914,2025-01-02 04:49:44.092779,2025-01-02 04:49:48.888201,0 days 00:00:04.795422,1,125,,,,,,,,,,,,,,,,,,,,COMPLETE
68,68,0.33513513513513515,2025-01-02 04:49:48.888681,2025-01-02 04:50:14.338894,0 days 00:00:25.450213,10,150,120.0,,,,,,,,,,,55.0,40.0,180.0,150.0,125.0,130.0,50.0,90.0,COMPLETE
69,69,0.6899545266639107,2025-01-02 04:50:14.339540,2025-01-02 04:50:21.857745,0 days 00:00:07.518205,3,125,85.0,,,,,,,,,,,105.0,,,,,,,,COMPLETE
70,70,0.6929283341243475,2025-01-02 04:50:21.858255,2025-01-02 04:50:26.983766,0 days 00:00:05.125511,1,115,,,,,,,,,,,,,,,,,,,,COMPLETE
71,71,0.6072874493927125,2025-01-02 04:50:26.984314,2025-01-02 04:50:33.094567,0 days 00:00:06.110253,1,135,,,,,,,,,,,,,,,,,,,,COMPLETE
72,72,0.6434210526315789,2025-01-02 04:50:33.095114,2025-01-02 04:50:38.438071,0 days 00:00:05.342957,2,120,10.0,,,,,,,,,,,,,,,,,,,COMPLETE
73,73,0.5340167753960858,2025-01-02 04:50:38.438590,2025-01-02 04:50:43.876798,0 days 00:00:05.438208,1,115,,,,,,,,,,,,,,,,,,,,COMPLETE
74,74,0.7584541062801933,2025-01-02 04:50:43.877271,2025-01-02 04:50:49.034955,0 days 00:00:05.157684,1,130,,,,,,,,,,,,,,,,,,,,COMPLETE
75,75,0.54375,2025-01-02 04:50:49.035440,2025-01-02 04:50:55.204448,0 days 00:00:06.169008,2,130,35.0,,,,,,,,,,,,,,,,,,,COMPLETE
76,76,0.5495495495495495,2025-01-02 04:50:55.204975,2025-01-02 04:51:04.002533,0 days 00:00:08.797558,4,115,180.0,,,,,,,,,,,90.0,170.0,,,,,,,COMPLETE
77,77,0.5833333333333333,2025-01-02 04:51:04.003023,2025-01-02 04:51:08.116327,0 days 00:00:04.113304,1,140,,,,,,,,,,,,,,,,,,,,COMPLETE
78,78,0.5220338983050847,2025-01-02 04:51:08.116820,2025-01-02 04:51:15.596020,0 days 00:00:07.479200,3,155,170.0,,,,,,,,,,,175.0,,,,,,,,COMPLETE
79,79,0.6827242524916943,2025-01-02 04:51:15.596538,2025-01-02 04:51:21.717392,0 days 00:00:06.120854,2,125,140.0,,,,,,,,,,,,,,,,,,,COMPLETE
80,80,0.6198275862068966,2025-01-02 04:51:21.717898,2025-01-02 04:51:30.592471,0 days 00:00:08.874573,4,15,100.0,,,,,,,,,,,200.0,155.0,,,,,,,COMPLETE
81,81,0.6865357643758765,2025-01-02 04:51:30.593002,2025-01-02 04:51:35.432430,0 days 00:00:04.839428,1,145,,,,,,,,,,,,,,,,,,,,COMPLETE
82,82,0.6737588652482269,2025-01-02 04:51:35.432926,2025-01-02 04:51:40.624349,0 days 00:00:05.191423,1,130,,,,,,,,,,,,,,,,,,,,COMPLETE
83,83,0.5722222222222222,2025-01-02 04:51:40.624853,2025-01-02 04:51:47.252842,0 days 00:00:06.627989,2,140,70.0,,,,,,,,,,,,,,,,,,,COMPLETE
84,84,0.5897435897435896,2025-01-02 04:51:47.253318,2025-01-02 04:51:50.360535,0 days 00:00:03.107217,1,120,,,,,,,,,,,,,,,,,,,,COMPLETE
85,85,0.6006725514922235,2025-01-02 04:51:50.360996,2025-01-02 04:51:57.909854,0 days 00:00:07.548858,3,165,20.0,,,,,,,,,,,65.0,,,,,,,,COMPLETE
86,86,0.5492063492063493,2025-01-02 04:51:57.910353,2025-01-02 04:52:04.049701,0 days 00:00:06.139348,2,135,50.0,,,,,,,,,,,,,,,,,,,COMPLETE
87,87,0.6753246753246753,2025-01-02 04:52:04.050214,2025-01-02 04:52:09.229232,0 days 00:00:05.179018,1,200,,,,,,,,,,,,,,,,,,,,COMPLETE
88,88,0.767156862745098,2025-01-02 04:52:09.229709,2025-01-02 04:52:16.183706,0 days 00:00:06.953997,2,110,5.0,,,,,,,,,,,,,,,,,,,COMPLETE
89,89,0.735655737704918,2025-01-02 04:52:16.184219,2025-01-02 04:52:22.370660,0 days 00:00:06.186441,2,95,35.0,,,,,,,,,,,,,,,,,,,COMPLETE
90,90,0.7182835820895522,2025-01-02 04:52:22.371177,2025-01-02 04:52:28.058959,0 days 00:00:05.687782,2,95,5.0,,,,,,,,,,,,,,,,,,,COMPLETE
91,91,0.7,2025-01-02 04:52:28.059540,2025-01-02 04:52:33.748235,0 days 00:00:05.688695,2,90,5.0,,,,,,,,,,,,,,,,,,,COMPLETE
92,92,0.6940024479804161,2025-01-02 04:52:33.748803,2025-01-02 04:52:40.747282,0 days 00:00:06.998479,2,90,5.0,,,,,,,,,,,,,,,,,,,COMPLETE
93,93,0.5438596491228069,2025-01-02 04:52:40.747801,2025-01-02 04:52:48.192260,0 days 00:00:07.444459,3,80,15.0,,,,,,,,,,,160.0,,,,,,,,COMPLETE
94,94,0.5868421052631578,2025-01-02 04:52:48.192798,2025-01-02 04:52:54.789711,0 days 00:00:06.596913,2,100,30.0,,,,,,,,,,,,,,,,,,,COMPLETE
95,95,0.6124031007751938,2025-01-02 04:52:54.790246,2025-01-02 04:53:02.263693,0 days 00:00:07.473447,3,85,5.0,,,,,,,,,,,40.0,,,,,,,,COMPLETE
96,96,0.6595238095238095,2025-01-02 04:53:02.264218,2025-01-02 04:53:11.034407,0 days 00:00:08.770189,4,95,20.0,,,,,,,,,,,125.0,80.0,,,,,,,COMPLETE
97,97,0.6899545266639107,2025-01-02 04:53:11.034987,2025-01-02 04:53:16.697319,0 days 00:00:05.662332,2,65,35.0,,,,,,,,,,,,,,,,,,,COMPLETE
98,98,0.6742424242424242,2025-01-02 04:53:16.697832,2025-01-02 04:53:23.275875,0 days 00:00:06.578043,2,105,10.0,,,,,,,,,,,,,,,,,,,COMPLETE
99,99,0.5045422781271838,2025-01-02 04:53:23.276396,2025-01-02 04:53:59.809562,0 days 00:00:36.533166,12,90,25.0,155.0,40.0,,,,,,,,,25.0,95.0,80.0,90.0,175.0,105.0,105.0,145.0,COMPLETE
100,100,0.5296752519596865,2025-01-02 04:53:59.810286,2025-01-02 04:54:12.407846,0 days 00:00:12.597560,7,95,45.0,,,,,,,,,,,140.0,20.0,100.0,115.0,200.0,,,,COMPLETE
101,101,0.696969696969697,2025-01-02 04:54:12.408436,2025-01-02 04:54:19.498320,0 days 00:00:07.089884,2,80,5.0,,,,,,,,,,,,,,,,,,,COMPLETE
102,102,0.625,2025-01-02 04:54:19.498855,2025-01-02 04:54:26.062863,0 days 00:00:06.564008,2,75,15.0,,,,,,,,,,,,,,,,,,,COMPLETE
103,103,0.5641025641025641,2025-01-02 04:54:26.063395,2025-01-02 04:54:32.572141,0 days 00:00:06.508746,3,80,5.0,,,,,,,,,,,110.0,,,,,,,,COMPLETE
104,104,0.6305418719211823,2025-01-02 04:54:32.572800,2025-01-02 04:54:37.695566,0 days 00:00:05.122766,1,110,,,,,,,,,,,,,,,,,,,,COMPLETE
105,105,0.5168997668997669,2025-01-02 04:54:37.696127,2025-01-02 04:54:44.724695,0 days 00:00:07.028568,2,105,20.0,,,,,,,,,,,,,,,,,,,COMPLETE
106,106,0.5889830508474576,2025-01-02 04:54:44.725213,2025-01-02 04:54:52.183763,0 days 00:00:07.458550,3,80,35.0,,,,,,,,,,,15.0,,,,,,,,COMPLETE
107,107,0.6715686274509804,2025-01-02 04:54:52.184268,2025-01-02 04:54:56.957963,0 days 00:00:04.773695,1,70,,,,,,,,,,,,,,,,,,,,COMPLETE
108,108,0.6715927750410509,2025-01-02 04:54:56.958454,2025-01-02 04:55:02.401158,0 days 00:00:05.442704,1,95,,,,,,,,,,,,,,,,,,,,COMPLETE
109,109,0.7017543859649122,2025-01-02 04:55:02.401661,2025-01-02 04:55:08.957216,0 days 00:00:06.555555,2,85,10.0,,,,,,,,,,,,,,,,,,,COMPLETE
110,110,0.666530612244898,2025-01-02 04:55:08.957727,2025-01-02 04:55:19.329646,0 days 00:00:10.371919,5,50,10.0,,,,,,,,,,,80.0,190.0,20.0,,,,,,COMPLETE
111,111,0.5331541218637993,2025-01-02 04:55:19.330198,2025-01-02 04:55:25.436684,0 days 00:00:06.106486,2,95,25.0,,,,,,,,,,,,,,,,,,,COMPLETE
112,112,0.5927743086529884,2025-01-02 04:55:25.437187,2025-01-02 04:55:30.536221,0 days 00:00:05.099034,1,85,,,,,,,,,,,,,,,,,,,,COMPLETE
113,113,0.6482334869431643,2025-01-02 04:55:30.536754,2025-01-02 04:55:36.207265,0 days 00:00:05.670511,2,90,15.0,,,,,,,,,,,,,,,,,,,COMPLETE
114,114,0.5659722222222222,2025-01-02 04:55:36.207788,2025-01-02 04:55:43.244988,0 days 00:00:07.037200,3,190,30.0,,,,,,,,,,,60.0,,,,,,,,COMPLETE
115,115,0.674908424908425,2025-01-02 04:55:43.245543,2025-01-02 04:55:48.689322,0 days 00:00:05.443779,1,100,,,,,,,,,,,,,,,,,,,,COMPLETE
116,116,0.5495495495495495,2025-01-02 04:55:48.689833,2025-01-02 04:55:56.184503,0 days 00:00:07.494670,3,70,5.0,,,,,,,,,,,45.0,,,,,,,,COMPLETE
117,117,0.6670433145009416,2025-01-02 04:55:56.185022,2025-01-02 04:56:01.310156,0 days 00:00:05.125134,1,110,,,,,,,,,,,,,,,,,,,,COMPLETE
118,118,0.6851713859910581,2025-01-02 04:56:01.310672,2025-01-02 04:56:07.468343,0 days 00:00:06.157671,2,90,40.0,,,,,,,,,,,,,,,,,,,COMPLETE
119,119,0.5755517826825127,2025-01-02 04:56:07.468859,2025-01-02 04:56:16.331166,0 days 00:00:08.862307,4,80,20.0,,,,,,,,,,,35.0,60.0,,,,,,,COMPLETE
120,120,0.6580675422138836,2025-01-02 04:56:16.331717,2025-01-02 04:56:21.758590,0 days 00:00:05.426873,1,105,,,,,,,,,,,,,,,,,,,,COMPLETE
121,121,0.4877551020408163,2025-01-02 04:56:21.759096,2025-01-02 04:56:28.695754,0 days 00:00:06.936658,2,85,5.0,,,,,,,,,,,,,,,,,,,COMPLETE
122,122,0.5559322033898305,2025-01-02 04:56:28.696280,2025-01-02 04:56:35.231824,0 days 00:00:06.535544,2,90,10.0,,,,,,,,,,,,,,,,,,,COMPLETE
123,123,0.6123424598000868,2025-01-02 04:56:35.232472,2025-01-02 04:56:42.282198,0 days 00:00:07.049726,3,150,15.0,,,,,,,,,,,160.0,,,,,,,,COMPLETE
124,124,0.7005813953488372,2025-01-02 04:56:42.282744,2025-01-02 04:56:47.396659,0 days 00:00:05.113915,1,75,,,,,,,,,,,,,,,,,,,,COMPLETE
125,125,0.6913027248973498,2025-01-02 04:56:47.397160,2025-01-02 04:56:51.805719,0 days 00:00:04.408559,1,60,,,,,,,,,,,,,,,,,,,,COMPLETE
126,126,0.6532027743778049,2025-01-02 04:56:51.806220,2025-01-02 04:56:56.919307,0 days 00:00:05.113087,1,75,,,,,,,,,,,,,,,,,,,,COMPLETE
127,127,0.681159420289855,2025-01-02 04:56:56.919813,2025-01-02 04:57:03.117266,0 days 00:00:06.197453,2,140,30.0,,,,,,,,,,,,,,,,,,,COMPLETE
128,128,0.6926536731634183,2025-01-02 04:57:03.117795,2025-01-02 04:57:07.872747,0 days 00:00:04.754952,1,65,,,,,,,,,,,,,,,,,,,,COMPLETE
129,129,0.5755517826825127,2025-01-02 04:57:07.873260,2025-01-02 04:57:13.990545,0 days 00:00:06.117285,2,100,50.0,,,,,,,,,,,,,,,,,,,COMPLETE
130,130,0.1951219512195122,2025-01-02 04:57:13.991066,2025-01-02 04:57:58.301725,0 days 00:00:44.310659,15,135,20.0,100.0,105.0,165.0,110.0,130.0,,,,,,190.0,50.0,150.0,55.0,140.0,175.0,165.0,25.0,COMPLETE
131,131,0.6179966044142615,2025-01-02 04:57:58.302421,2025-01-02 04:58:03.829445,0 days 00:00:05.527024,2,85,5.0,,,,,,,,,,,,,,,,,,,COMPLETE
132,132,0.631578947368421,2025-01-02 04:58:03.829995,2025-01-02 04:58:10.442030,0 days 00:00:06.612035,2,70,10.0,,,,,,,,,,,,,,,,,,,COMPLETE
133,133,0.6954022988505747,2025-01-02 04:58:10.442566,2025-01-02 04:58:15.534546,0 days 00:00:05.091980,1,90,,,,,,,,,,,,,,,,,,,,COMPLETE
134,134,0.55,2025-01-02 04:58:15.535084,2025-01-02 04:58:20.306569,0 days 00:00:04.771485,1,75,,,,,,,,,,,,,,,,,,,,COMPLETE
135,135,0.6541774332472007,2025-01-02 04:58:20.307100,2025-01-02 04:58:25.071654,0 days 00:00:04.764554,1,80,,,,,,,,,,,,,,,,,,,,COMPLETE
136,136,0.5953326713008937,2025-01-02 04:58:25.072160,2025-01-02 04:58:30.495250,0 days 00:00:05.423090,1,95,,,,,,,,,,,,,,,,,,,,COMPLETE
137,137,0.6820191599115697,2025-01-02 04:58:30.495772,2025-01-02 04:58:35.686450,0 days 00:00:05.190678,1,175,,,,,,,,,,,,,,,,,,,,COMPLETE
138,138,0.6728813559322033,2025-01-02 04:58:35.686987,2025-01-02 04:58:43.172860,0 days 00:00:07.485873,3,115,25.0,,,,,,,,,,,75.0,,,,,,,,COMPLETE
139,139,0.5606837606837607,2025-01-02 04:58:43.173552,2025-01-02 04:58:50.663869,0 days 00:00:07.490317,2,130,35.0,,,,,,,,,,,,,,,,,,,COMPLETE
140,140,0.6885521885521886,2025-01-02 04:58:50.664410,2025-01-02 04:58:55.853684,0 days 00:00:05.189274,1,145,,,,,,,,,,,,,,,,,,,,COMPLETE
