,number,value,datetime_start,datetime_complete,duration,params_depth,params_neurons_layer_0,params_neurons_layer_1,params_neurons_layer_10,params_neurons_layer_11,params_neurons_layer_12,params_neurons_layer_13,params_neurons_layer_14,params_neurons_layer_15,params_neurons_layer_16,params_neurons_layer_17,params_neurons_layer_18,params_neurons_layer_19,params_neurons_layer_2,params_neurons_layer_3,params_neurons_layer_4,params_neurons_layer_5,params_neurons_layer_6,params_neurons_layer_7,params_neurons_layer_8,params_neurons_layer_9,state
0,0,0.5105691056910568,2025-01-02 09:02:32.775843,2025-01-02 09:02:43.797120,0 days 00:00:11.021277,7,95,55.0,,,,,,,,,,,35.0,15.0,95.0,160.0,20.0,,,,COMPLETE
1,1,0.5948232951717272,2025-01-02 09:02:43.797764,2025-01-02 09:02:48.203623,0 days 00:00:04.405859,1,25,,,,,,,,,,,,,,,,,,,,COMPLETE
2,2,0.459830866807611,2025-01-02 09:02:48.204088,2025-01-02 09:03:15.798194,0 days 00:00:27.594106,9,140,15.0,,,,,,,,,,,10.0,55.0,145.0,190.0,75.0,25.0,190.0,,COMPLETE
3,3,0.34966216216216217,2025-01-02 09:03:15.798851,2025-01-02 09:03:26.883491,0 days 00:00:11.084640,8,60,160.0,,,,,,,,,,,80.0,190.0,90.0,135.0,175.0,30.0,,,COMPLETE
4,4,0.2115384615384615,2025-01-02 09:03:26.884090,2025-01-02 09:04:00.504622,0 days 00:00:33.620532,11,90,100.0,5.0,,,,,,,,,,80.0,35.0,85.0,45.0,95.0,50.0,50.0,150.0,COMPLETE
5,5,0.5954545454545455,2025-01-02 09:04:00.505487,2025-01-02 09:04:09.085320,0 days 00:00:08.579833,5,5,180.0,,,,,,,,,,,175.0,20.0,155.0,,,,,,COMPLETE
6,6,0.4017094017094017,2025-01-02 09:04:09.085911,2025-01-02 09:04:47.379975,0 days 00:00:38.294064,13,55,135.0,10.0,65.0,185.0,,,,,,,,95.0,30.0,5.0,55.0,150.0,55.0,180.0,20.0,COMPLETE
7,7,0.5871975806451613,2025-01-02 09:04:47.380728,2025-01-02 09:05:28.232317,0 days 00:00:40.851589,14,95,165.0,45.0,80.0,120.0,75.0,,,,,,,190.0,150.0,100.0,30.0,175.0,190.0,105.0,5.0,COMPLETE
8,8,0.3798319327731092,2025-01-02 09:05:28.233091,2025-01-02 09:06:26.627051,0 days 00:00:58.393960,20,115,170.0,135.0,85.0,65.0,160.0,100.0,120.0,165.0,145.0,60.0,125.0,195.0,5.0,30.0,145.0,175.0,55.0,100.0,35.0,COMPLETE
9,9,0.5689655172413792,2025-01-02 09:06:26.640244,2025-01-02 09:07:08.421967,0 days 00:00:41.781723,14,110,105.0,115.0,10.0,155.0,180.0,,,,,,,190.0,180.0,45.0,30.0,80.0,185.0,185.0,175.0,COMPLETE
10,10,0.5624103299856529,2025-01-02 09:07:08.422977,2025-01-02 09:07:12.521252,0 days 00:00:04.098275,2,200,200.0,,,,,,,,,,,,,,,,,,,COMPLETE
11,11,0.6257142857142857,2025-01-02 09:07:12.521782,2025-01-02 09:07:17.553928,0 days 00:00:05.032146,1,10,,,,,,,,,,,,,,,,,,,,COMPLETE
12,12,0.49810606060606055,2025-01-02 09:07:17.554400,2025-01-02 09:07:25.463368,0 days 00:00:07.908968,4,5,200.0,,,,,,,,,,,140.0,95.0,,,,,,,COMPLETE
13,13,0.6191489361702127,2025-01-02 09:07:25.463887,2025-01-02 09:07:34.096876,0 days 00:00:08.632989,5,30,95.0,,,,,,,,,,,140.0,85.0,200.0,,,,,,COMPLETE
14,14,0.6447124304267161,2025-01-02 09:07:34.097420,2025-01-02 09:07:39.593984,0 days 00:00:05.496564,4,45,65.0,,,,,,,,,,,135.0,90.0,,,,,,,COMPLETE
15,15,0.5957446808510638,2025-01-02 09:07:39.594505,2025-01-02 09:07:45.362708,0 days 00:00:05.768203,3,55,15.0,,,,,,,,,,,140.0,,,,,,,,COMPLETE
16,16,0.6154589371980677,2025-01-02 09:07:45.363239,2025-01-02 09:07:49.720124,0 days 00:00:04.356885,1,35,,,,,,,,,,,,,,,,,,,,COMPLETE
17,17,0.42239467849223944,2025-01-02 09:07:49.720641,2025-01-02 09:07:58.706980,0 days 00:00:08.986339,6,70,55.0,,,,,,,,,,,50.0,130.0,190.0,90.0,,,,,COMPLETE
18,18,0.20833333333333334,2025-01-02 09:07:58.707553,2025-01-02 09:08:35.737182,0 days 00:00:37.029629,19,155,55.0,200.0,200.0,20.0,5.0,195.0,10.0,15.0,5.0,200.0,,115.0,70.0,140.0,90.0,15.0,125.0,15.0,95.0,COMPLETE
19,19,0.5871212121212122,2025-01-02 09:08:35.738031,2025-01-02 09:08:40.872666,0 days 00:00:05.134635,3,35,75.0,,,,,,,,,,,160.0,,,,,,,,COMPLETE
20,20,0.037037037037037035,2025-01-02 09:08:40.873181,2025-01-02 09:08:58.809623,0 days 00:00:17.936442,17,15,135.0,190.0,200.0,20.0,95.0,5.0,200.0,60.0,,,,120.0,130.0,60.0,195.0,135.0,120.0,115.0,90.0,COMPLETE
21,21,0.30783410138248846,2025-01-02 09:08:58.810461,2025-01-02 09:09:08.000756,0 days 00:00:09.190295,5,35,90.0,,,,,,,,,,,145.0,95.0,175.0,,,,,,COMPLETE
22,22,0.5458110516934046,2025-01-02 09:09:08.001317,2025-01-02 09:09:39.650864,0 days 00:00:31.649547,10,75,130.0,,,,,,,,,,,115.0,70.0,200.0,115.0,55.0,160.0,5.0,200.0,COMPLETE
23,23,0.5619369369369369,2025-01-02 09:09:39.651720,2025-01-02 09:09:45.890941,0 days 00:00:06.239221,3,45,35.0,,,,,,,,,,,160.0,,,,,,,,COMPLETE
24,24,0.5766233766233766,2025-01-02 09:09:45.891471,2025-01-02 09:09:54.336440,0 days 00:00:08.444969,6,20,115.0,,,,,,,,,,,90.0,115.0,125.0,5.0,,,,,COMPLETE
25,25,0.6785225718194254,2025-01-02 09:09:54.337026,2025-01-02 09:09:59.172725,0 days 00:00:04.835699,1,75,,,,,,,,,,,,,,,,,,,,COMPLETE
26,26,0.695630081300813,2025-01-02 09:09:59.173214,2025-01-02 09:10:02.293305,0 days 00:00:03.120091,1,75,,,,,,,,,,,,,,,,,,,,COMPLETE
27,27,0.5648148148148149,2025-01-02 09:10:02.293811,2025-01-02 09:10:06.354700,0 days 00:00:04.060889,2,75,35.0,,,,,,,,,,,,,,,,,,,COMPLETE
28,28,0.47306910569105687,2025-01-02 09:10:06.355186,2025-01-02 09:10:12.951817,0 days 00:00:06.596631,4,120,65.0,,,,,,,,,,,65.0,155.0,,,,,,,COMPLETE
29,29,0.4299019607843137,2025-01-02 09:10:12.952328,2025-01-02 09:10:25.254031,0 days 00:00:12.301703,7,85,35.0,,,,,,,,,,,35.0,160.0,5.0,170.0,125.0,,,,COMPLETE
30,30,0.7019927536231885,2025-01-02 09:10:25.254640,2025-01-02 09:10:29.047130,0 days 00:00:03.792490,1,100,,,,,,,,,,,,,,,,,,,,COMPLETE
31,31,0.7213862289101687,2025-01-02 09:10:29.047611,2025-01-02 09:10:32.382554,0 days 00:00:03.334943,1,130,,,,,,,,,,,,,,,,,,,,COMPLETE
32,32,0.6160510715914272,2025-01-02 09:10:32.383047,2025-01-02 09:10:36.413260,0 days 00:00:04.030213,1,135,,,,,,,,,,,,,,,,,,,,COMPLETE
33,33,0.6733333333333333,2025-01-02 09:10:36.413736,2025-01-02 09:10:41.497479,0 days 00:00:05.083743,2,165,5.0,,,,,,,,,,,,,,,,,,,COMPLETE
34,34,0.6329284750337382,2025-01-02 09:10:41.497970,2025-01-02 09:10:45.660559,0 days 00:00:04.162589,1,130,,,,,,,,,,,,,,,,,,,,COMPLETE
35,35,0.5897435897435898,2025-01-02 09:10:45.661036,2025-01-02 09:10:51.097610,0 days 00:00:05.436574,3,105,145.0,,,,,,,,,,,10.0,,,,,,,,COMPLETE
36,36,0.4239316239316239,2025-01-02 09:10:51.098095,2025-01-02 09:11:07.374313,0 days 00:00:16.276218,8,155,120.0,,,,,,,,,,,35.0,50.0,125.0,70.0,50.0,90.0,,,COMPLETE
37,37,0.6428571428571428,2025-01-02 09:11:07.374950,2025-01-02 09:11:11.744765,0 days 00:00:04.369815,2,85,185.0,,,,,,,,,,,,,,,,,,,COMPLETE
38,38,0.7105751391465678,2025-01-02 09:11:11.745243,2025-01-02 09:11:16.433853,0 days 00:00:04.688610,1,95,,,,,,,,,,,,,,,,,,,,COMPLETE
39,39,0.482174688057041,2025-01-02 09:11:16.434331,2025-01-02 09:11:24.917802,0 days 00:00:08.483471,6,95,145.0,,,,,,,,,,,65.0,200.0,65.0,120.0,,,,,COMPLETE
40,40,0.5465838509316769,2025-01-02 09:11:24.918380,2025-01-02 09:11:30.448776,0 days 00:00:05.530396,4,125,20.0,,,,,,,,,,,25.0,175.0,,,,,,,COMPLETE
41,41,0.7023584905660378,2025-01-02 09:11:30.449284,2025-01-02 09:11:35.212865,0 days 00:00:04.763581,1,65,,,,,,,,,,,,,,,,,,,,COMPLETE
42,42,0.6424148606811146,2025-01-02 09:11:35.213357,2025-01-02 09:11:39.115537,0 days 00:00:03.902180,2,100,80.0,,,,,,,,,,,,,,,,,,,COMPLETE
43,43,0.5710144927536231,2025-01-02 09:11:39.116015,2025-01-02 09:11:42.842436,0 days 00:00:03.726421,1,65,,,,,,,,,,,,,,,,,,,,COMPLETE
44,44,0.35125448028673834,2025-01-02 09:11:42.843150,2025-01-02 09:12:20.903819,0 days 00:00:38.060669,12,105,180.0,75.0,135.0,,,,,,,,,55.0,120.0,170.0,10.0,110.0,85.0,145.0,125.0,COMPLETE
45,45,0.6118012422360248,2025-01-02 09:12:20.904716,2025-01-02 09:12:25.953674,0 days 00:00:05.048958,3,145,150.0,,,,,,,,,,,170.0,,,,,,,,COMPLETE
46,46,0.6928571428571428,2025-01-02 09:12:25.954214,2025-01-02 09:12:29.653522,0 days 00:00:03.699308,2,115,110.0,,,,,,,,,,,,,,,,,,,COMPLETE
47,47,0.6190476190476191,2025-01-02 09:12:29.653987,2025-01-02 09:12:33.368188,0 days 00:00:03.714201,1,85,,,,,,,,,,,,,,,,,,,,COMPLETE
48,48,0.4775413711583924,2025-01-02 09:12:33.368665,2025-01-02 09:12:41.718385,0 days 00:00:08.349720,5,95,160.0,,,,,,,,,,,5.0,140.0,25.0,,,,,,COMPLETE
49,49,0.6333333333333333,2025-01-02 09:12:41.718950,2025-01-02 09:12:49.629840,0 days 00:00:07.910890,4,180,45.0,,,,,,,,,,,105.0,110.0,,,,,,,COMPLETE
50,50,0.3613053613053613,2025-01-02 09:12:49.630383,2025-01-02 09:13:32.298377,0 days 00:00:42.667994,15,55,190.0,155.0,145.0,85.0,10.0,200.0,,,,,,25.0,170.0,65.0,75.0,200.0,5.0,60.0,50.0,COMPLETE
51,51,0.6875,2025-01-02 09:13:32.299533,2025-01-02 09:13:36.429394,0 days 00:00:04.129861,2,115,110.0,,,,,,,,,,,,,,,,,,,COMPLETE
52,52,0.6333333333333333,2025-01-02 09:13:36.429907,2025-01-02 09:13:40.459183,0 days 00:00:04.029276,2,110,125.0,,,,,,,,,,,,,,,,,,,COMPLETE
53,53,0.61605415860735,2025-01-02 09:13:40.459709,2025-01-02 09:13:44.562925,0 days 00:00:04.103216,1,120,,,,,,,,,,,,,,,,,,,,COMPLETE
54,54,0.5982142857142857,2025-01-02 09:13:44.563462,2025-01-02 09:13:51.660026,0 days 00:00:07.096564,3,65,90.0,,,,,,,,,,,45.0,,,,,,,,COMPLETE
55,55,0.6376811594202898,2025-01-02 09:13:51.660534,2025-01-02 09:13:57.346372,0 days 00:00:05.685838,2,140,170.0,,,,,,,,,,,,,,,,,,,COMPLETE
56,56,0.6666666666666666,2025-01-02 09:13:57.346893,2025-01-02 09:14:01.795585,0 days 00:00:04.448692,1,90,,,,,,,,,,,,,,,,,,,,COMPLETE
57,57,0.6287878787878788,2025-01-02 09:14:01.796068,2025-01-02 09:14:06.944296,0 days 00:00:05.148228,3,45,100.0,,,,,,,,,,,85.0,,,,,,,,COMPLETE
58,58,0.579923622476814,2025-01-02 09:14:06.944808,2025-01-02 09:14:11.313207,0 days 00:00:04.368399,2,80,75.0,,,,,,,,,,,,,,,,,,,COMPLETE
59,59,0.5601617795753286,2025-01-02 09:14:11.313733,2025-01-02 09:14:17.320555,0 days 00:00:06.006822,4,100,25.0,,,,,,,,,,,200.0,50.0,,,,,,,COMPLETE
60,60,0.42334096109839814,2025-01-02 09:14:17.321088,2025-01-02 09:14:49.354515,0 days 00:00:32.033427,10,115,5.0,,,,,,,,,,,175.0,200.0,130.0,165.0,55.0,140.0,140.0,65.0,COMPLETE
61,61,0.6515151515151515,2025-01-02 09:14:49.355162,2025-01-02 09:14:54.189472,0 days 00:00:04.834310,2,110,110.0,,,,,,,,,,,,,,,,,,,COMPLETE
62,62,0.6126373626373627,2025-01-02 09:14:54.189992,2025-01-02 09:14:58.293628,0 days 00:00:04.103636,1,125,,,,,,,,,,,,,,,,,,,,COMPLETE
63,63,0.660633484162896,2025-01-02 09:14:58.294112,2025-01-02 09:15:03.158916,0 days 00:00:04.864804,3,115,135.0,,,,,,,,,,,100.0,,,,,,,,COMPLETE
64,64,0.6196060037523452,2025-01-02 09:15:03.159411,2025-01-02 09:15:07.309433,0 days 00:00:04.150022,2,130,110.0,,,,,,,,,,,,,,,,,,,COMPLETE
65,65,0.6491464510332434,2025-01-02 09:15:07.310093,2025-01-02 09:15:11.485680,0 days 00:00:04.175587,1,90,,,,,,,,,,,,,,,,,,,,COMPLETE
66,66,0.6479642502482621,2025-01-02 09:15:11.486165,2025-01-02 09:15:17.271467,0 days 00:00:05.785302,3,70,85.0,,,,,,,,,,,75.0,,,,,,,,COMPLETE
67,67,0.6802721088435374,2025-01-02 09:15:17.271990,2025-01-02 09:15:22.517082,0 days 00:00:05.245092,2,105,65.0,,,,,,,,,,,,,,,,,,,COMPLETE
68,68,0.538661131292164,2025-01-02 09:15:22.517571,2025-01-02 09:15:28.862361,0 days 00:00:06.344790,4,80,150.0,,,,,,,,,,,125.0,70.0,,,,,,,COMPLETE
69,69,0.5927952576379389,2025-01-02 09:15:28.862865,2025-01-02 09:15:32.584924,0 days 00:00:03.722059,1,145,,,,,,,,,,,,,,,,,,,,COMPLETE
70,70,0.3861283643892339,2025-01-02 09:15:32.585388,2025-01-02 09:15:40.623025,0 days 00:00:08.037637,5,95,95.0,,,,,,,,,,,155.0,40.0,110.0,,,,,,COMPLETE
71,71,0.6423255813953488,2025-01-02 09:15:40.623585,2025-01-02 09:15:45.058401,0 days 00:00:04.434816,2,105,105.0,,,,,,,,,,,,,,,,,,,COMPLETE
72,72,0.6632270168855534,2025-01-02 09:15:45.058930,2025-01-02 09:15:49.952824,0 days 00:00:04.893894,2,120,65.0,,,,,,,,,,,,,,,,,,,COMPLETE
73,73,0.6495238095238096,2025-01-02 09:15:49.953343,2025-01-02 09:15:53.401227,0 days 00:00:03.447884,1,110,,,,,,,,,,,,,,,,,,,,COMPLETE
74,74,0.5845588235294117,2025-01-02 09:15:53.401726,2025-01-02 09:15:58.793040,0 days 00:00:05.391314,3,100,50.0,,,,,,,,,,,185.0,,,,,,,,COMPLETE
75,75,0.7009090909090909,2025-01-02 09:15:58.793553,2025-01-02 09:16:03.621009,0 days 00:00:04.827456,1,130,,,,,,,,,,,,,,,,,,,,COMPLETE
76,76,0.687847866419295,2025-01-02 09:16:03.621526,2025-01-02 09:16:08.279113,0 days 00:00:04.657587,1,130,,,,,,,,,,,,,,,,,,,,COMPLETE
77,77,0.5867620751341682,2025-01-02 09:16:08.279615,2025-01-02 09:16:11.532521,0 days 00:00:03.252906,1,135,,,,,,,,,,,,,,,,,,,,COMPLETE
78,78,0.6168478260869565,2025-01-02 09:16:11.533018,2025-01-02 09:16:16.129174,0 days 00:00:04.596156,1,145,,,,,,,,,,,,,,,,,,,,COMPLETE
79,79,0.6173469387755102,2025-01-02 09:16:16.129689,2025-01-02 09:16:22.480714,0 days 00:00:06.351025,4,130,160.0,,,,,,,,,,,75.0,15.0,,,,,,,COMPLETE
80,80,0.11428571428571428,2025-01-02 09:16:22.481253,2025-01-02 09:17:08.991155,0 days 00:00:46.509902,16,150,195.0,75.0,20.0,190.0,130.0,10.0,10.0,,,,,130.0,5.0,165.0,105.0,5.0,155.0,65.0,135.0,COMPLETE
81,81,0.6711229946524064,2025-01-02 09:17:08.991979,2025-01-02 09:17:13.618627,0 days 00:00:04.626648,1,125,,,,,,,,,,,,,,,,,,,,COMPLETE
82,82,0.6012002182214948,2025-01-02 09:17:13.619138,2025-01-02 09:17:19.126876,0 days 00:00:05.507738,2,135,120.0,,,,,,,,,,,,,,,,,,,COMPLETE
83,83,0.5695970695970696,2025-01-02 09:17:19.127377,2025-01-02 09:17:24.427224,0 days 00:00:05.299847,3,60,130.0,,,,,,,,,,,20.0,,,,,,,,COMPLETE
84,84,0.6236111111111111,2025-01-02 09:17:24.427769,2025-01-02 09:17:28.378454,0 days 00:00:03.950685,1,115,,,,,,,,,,,,,,,,,,,,COMPLETE
85,85,0.717948717948718,2025-01-02 09:17:28.378954,2025-01-02 09:17:32.789158,0 days 00:00:04.410204,2,120,140.0,,,,,,,,,,,,,,,,,,,COMPLETE
86,86,0.31746031746031744,2025-01-02 09:17:32.789689,2025-01-02 09:18:26.366365,0 days 00:00:53.576676,19,125,180.0,150.0,140.0,125.0,60.0,100.0,95.0,200.0,190.0,5.0,,105.0,25.0,30.0,200.0,30.0,75.0,35.0,200.0,COMPLETE
87,87,0.688259109311741,2025-01-02 09:18:26.367376,2025-01-02 09:18:30.956150,0 days 00:00:04.588774,2,165,170.0,,,,,,,,,,,,,,,,,,,COMPLETE
88,88,0.7023584905660378,2025-01-02 09:18:30.956667,2025-01-02 09:18:35.139943,0 days 00:00:04.183276,2,175,170.0,,,,,,,,,,,,,,,,,,,COMPLETE
89,89,0.7028985507246377,2025-01-02 09:18:35.140449,2025-01-02 09:18:40.650854,0 days 00:00:05.510405,3,175,145.0,,,,,,,,,,,150.0,,,,,,,,COMPLETE
90,90,0.6439962476547842,2025-01-02 09:18:40.651349,2025-01-02 09:18:46.251920,0 days 00:00:05.600571,3,200,140.0,,,,,,,,,,,180.0,,,,,,,,COMPLETE
91,91,0.684577522559475,2025-01-02 09:18:46.252458,2025-01-02 09:18:51.885598,0 days 00:00:05.633140,2,185,155.0,,,,,,,,,,,,,,,,,,,COMPLETE
92,92,0.5398148148148149,2025-01-02 09:18:51.886103,2025-01-02 09:18:57.975907,0 days 00:00:06.089804,1,175,,,,,,,,,,,,,,,,,,,,COMPLETE
93,93,0.5971933471933473,2025-01-02 09:18:57.976403,2025-01-02 09:19:03.428615,0 days 00:00:05.452212,3,195,175.0,,,,,,,,,,,145.0,,,,,,,,COMPLETE
94,94,0.6598440545808967,2025-01-02 09:19:03.429129,2025-01-02 09:19:07.593156,0 days 00:00:04.164027,2,160,140.0,,,,,,,,,,,,,,,,,,,COMPLETE
95,95,0.40406976744186046,2025-01-02 09:19:07.593666,2025-01-02 09:19:46.567447,0 days 00:00:38.973781,13,170,165.0,45.0,45.0,50.0,,,,,,,,155.0,140.0,80.0,135.0,155.0,170.0,80.0,75.0,COMPLETE
96,96,0.5765765765765766,2025-01-02 09:19:46.568234,2025-01-02 09:19:51.326056,0 days 00:00:04.757822,1,185,,,,,,,,,,,,,,,,,,,,COMPLETE
97,97,0.7238372093023255,2025-01-02 09:19:51.326583,2025-01-02 09:19:58.222095,0 days 00:00:06.895512,4,90,125.0,,,,,,,,,,,165.0,80.0,,,,,,,COMPLETE
98,98,0.5689655172413793,2025-01-02 09:19:58.222669,2025-01-02 09:20:08.064965,0 days 00:00:09.842296,6,80,125.0,,,,,,,,,,,165.0,80.0,115.0,175.0,,,,,COMPLETE
99,99,0.6538461538461539,2025-01-02 09:20:08.065559,2025-01-02 09:20:15.907495,0 days 00:00:07.841936,4,50,155.0,,,,,,,,,,,200.0,60.0,,,,,,,COMPLETE
100,100,0.5825918762088975,2025-01-02 09:20:15.908067,2025-01-02 09:20:21.939424,0 days 00:00:06.031357,3,70,190.0,,,,,,,,,,,190.0,,,,,,,,COMPLETE
101,101,0.5974099099099099,2025-01-02 09:20:21.939990,2025-01-02 09:20:26.317949,0 days 00:00:04.377959,2,85,120.0,,,,,,,,,,,,,,,,,,,COMPLETE
102,102,0.6444444444444444,2025-01-02 09:20:26.318477,2025-01-02 09:20:31.003267,0 days 00:00:04.684790,2,95,130.0,,,,,,,,,,,,,,,,,,,COMPLETE
103,103,0.6666666666666666,2025-01-02 09:20:31.003844,2025-01-02 09:20:34.207640,0 days 00:00:03.203796,1,90,,,,,,,,,,,,,,,,,,,,COMPLETE
104,104,0.536936936936937,2025-01-02 09:20:34.208179,2025-01-02 09:20:40.183114,0 days 00:00:05.974935,3,75,145.0,,,,,,,,,,,150.0,,,,,,,,COMPLETE
105,105,0.6495238095238096,2025-01-02 09:20:40.183830,2025-01-02 09:20:44.466748,0 days 00:00:04.282918,2,120,115.0,,,,,,,,,,,,,,,,,,,COMPLETE
106,106,0.30833333333333335,2025-01-02 09:20:44.467285,2025-01-02 09:21:07.431928,0 days 00:00:22.964643,9,65,140.0,,,,,,,,,,,115.0,105.0,50.0,25.0,200.0,200.0,150.0,,COMPLETE
107,107,0.6166112956810631,2025-01-02 09:21:07.432670,2025-01-02 09:21:14.993987,0 days 00:00:07.561317,5,110,165.0,,,,,,,,,,,130.0,35.0,185.0,,,,,,COMPLETE
108,108,0.6862745098039216,2025-01-02 09:21:14.994575,2025-01-02 09:21:19.244870,0 days 00:00:04.250295,1,175,,,,,,,,,,,,,,,,,,,,COMPLETE
109,109,0.6781818181818182,2025-01-02 09:21:19.245407,2025-01-02 09:21:23.468833,0 days 00:00:04.223426,2,90,155.0,,,,,,,,,,,,,,,,,,,COMPLETE
110,110,0.5,2025-01-02 09:21:23.469368,2025-01-02 09:21:28.788920,0 days 00:00:05.319552,4,190,135.0,,,,,,,,,,,170.0,125.0,,,,,,,COMPLETE
111,111,0.6326829268292683,2025-01-02 09:21:28.789493,2025-01-02 09:21:33.518799,0 days 00:00:04.729306,2,180,175.0,,,,,,,,,,,,,,,,,,,COMPLETE
112,112,0.6768518518518518,2025-01-02 09:21:33.519356,2025-01-02 09:21:36.824670,0 days 00:00:03.305314,1,140,,,,,,,,,,,,,,,,,,,,COMPLETE
113,113,0.5668449197860963,2025-01-02 09:21:36.825187,2025-01-02 09:21:43.020273,0 days 00:00:06.195086,3,165,170.0,,,,,,,,,,,135.0,,,,,,,,COMPLETE
114,114,0.6441202475685235,2025-01-02 09:21:43.020837,2025-01-02 09:21:49.183505,0 days 00:00:06.162668,2,155,150.0,,,,,,,,,,,,,,,,,,,COMPLETE
115,115,0.6428571428571428,2025-01-02 09:21:49.184055,2025-01-02 09:22:14.885285,0 days 00:00:25.701230,1,165,,,,,,,,,,,,,,,,,,,,COMPLETE
116,116,0.6515151515151515,2025-01-02 09:22:14.886005,2025-01-02 09:22:21.289662,0 days 00:00:06.403657,1,105,,,,,,,,,,,,,,,,,,,,COMPLETE
117,117,0.6660069272637308,2025-01-02 09:22:21.290165,2025-01-02 09:22:25.718743,0 days 00:00:04.428578,3,175,200.0,,,,,,,,,,,180.0,,,,,,,,COMPLETE
118,118,0.6341463414634146,2025-01-02 09:22:25.719313,2025-01-02 09:22:31.278638,0 days 00:00:05.559325,2,100,185.0,,,,,,,,,,,,,,,,,,,COMPLETE
119,119,0.6428571428571428,2025-01-02 09:22:31.279196,2025-01-02 09:22:35.634716,0 days 00:00:04.355520,1,170,,,,,,,,,,,,,,,,,,,,COMPLETE
120,120,0.6909660107334525,2025-01-02 09:22:35.635248,2025-01-02 09:22:41.030106,0 days 00:00:05.394858,2,80,125.0,,,,,,,,,,,,,,,,,,,COMPLETE
121,121,0.751131221719457,2025-01-02 09:22:41.031323,2025-01-02 09:22:45.683781,0 days 00:00:04.652458,2,80,125.0,,,,,,,,,,,,,,,,,,,COMPLETE
122,122,0.4365079365079365,2025-01-02 09:22:45.684307,2025-01-02 09:22:51.258980,0 days 00:00:05.574673,3,80,125.0,,,,,,,,,,,165.0,,,,,,,,COMPLETE
123,123,0.5805555555555555,2025-01-02 09:22:51.259555,2025-01-02 09:22:55.843937,0 days 00:00:04.584382,1,85,,,,,,,,,,,,,,,,,,,,COMPLETE
124,124,0.6923469387755102,2025-01-02 09:22:55.844451,2025-01-02 09:23:01.206264,0 days 00:00:05.361813,2,70,115.0,,,,,,,,,,,,,,,,,,,COMPLETE
125,125,0.6628383921246923,2025-01-02 09:23:01.206812,2025-01-02 09:23:06.194042,0 days 00:00:04.987230,1,65,,,,,,,,,,,,,,,,,,,,COMPLETE
126,126,0.5756302521008403,2025-01-02 09:23:06.194567,2025-01-02 09:23:11.845110,0 days 00:00:05.650543,2,60,115.0,,,,,,,,,,,,,,,,,,,COMPLETE
127,127,0.6097972972972974,2025-01-02 09:23:11.845645,2025-01-02 09:23:19.409591,0 days 00:00:07.563946,3,75,100.0,,,,,,,,,,,110.0,,,,,,,,COMPLETE
128,128,0.580392156862745,2025-01-02 09:23:19.410129,2025-01-02 09:23:25.839355,0 days 00:00:06.429226,4,70,110.0,,,,,,,,,,,95.0,60.0,,,,,,,COMPLETE
129,129,0.7213862289101687,2025-01-02 09:23:25.839937,2025-01-02 09:23:29.936739,0 days 00:00:04.096802,1,95,,,,,,,,,,,,,,,,,,,,COMPLETE
130,130,0.6731601731601732,2025-01-02 09:23:29.937258,2025-01-02 09:23:33.753470,0 days 00:00:03.816212,1,95,,,,,,,,,,,,,,,,,,,,COMPLETE
131,131,0.5867620751341682,2025-01-02 09:23:33.754008,2025-01-02 09:23:37.671888,0 days 00:00:03.917880,1,75,,,,,,,,,,,,,,,,,,,,COMPLETE
132,132,0.6510869565217392,2025-01-02 09:23:37.672573,2025-01-02 09:23:41.695615,0 days 00:00:04.023042,2,90,95.0,,,,,,,,,,,,,,,,,,,COMPLETE
133,133,0.6802721088435374,2025-01-02 09:23:41.696149,2025-01-02 09:23:45.631588,0 days 00:00:03.935439,2,110,130.0,,,,,,,,,,,,,,,,,,,COMPLETE
134,134,0.637641723356009,2025-01-02 09:23:45.632121,2025-01-02 09:23:49.411681,0 days 00:00:03.779560,1,55,,,,,,,,,,,,,,,,,,,,COMPLETE
135,135,0.669761273209549,2025-01-02 09:23:49.412175,2025-01-02 09:23:53.651963,0 days 00:00:04.239788,2,85,105.0,,,,,,,,,,,,,,,,,,,COMPLETE
136,136,0.6584905660377358,2025-01-02 09:23:53.652471,2025-01-02 09:23:57.876258,0 days 00:00:04.223787,1,100,,,,,,,,,,,,,,,,,,,,COMPLETE
137,137,0.5535714285714286,2025-01-02 09:23:57.876763,2025-01-02 09:24:02.182813,0 days 00:00:04.306050,2,95,115.0,,,,,,,,,,,,,,,,,,,COMPLETE
138,138,0.64,2025-01-02 09:24:02.183358,2025-01-02 09:24:06.209528,0 days 00:00:04.026170,1,120,,,,,,,,,,,,,,,,,,,,COMPLETE
139,139,0.6572972972972972,2025-01-02 09:24:06.210053,2025-01-02 09:24:12.671561,0 days 00:00:06.461508,3,115,145.0,,,,,,,,,,,140.0,,,,,,,,COMPLETE
140,140,0.5820181731229077,2025-01-02 09:24:12.672134,2025-01-02 09:24:17.614452,0 days 00:00:04.942318,2,85,135.0,,,,,,,,,,,,,,,,,,,COMPLETE
