,number,value,datetime_start,datetime_complete,duration,params_depth,params_neurons_layer_0,params_neurons_layer_1,params_neurons_layer_10,params_neurons_layer_11,params_neurons_layer_12,params_neurons_layer_13,params_neurons_layer_14,params_neurons_layer_15,params_neurons_layer_16,params_neurons_layer_17,params_neurons_layer_18,params_neurons_layer_19,params_neurons_layer_2,params_neurons_layer_3,params_neurons_layer_4,params_neurons_layer_5,params_neurons_layer_6,params_neurons_layer_7,params_neurons_layer_8,params_neurons_layer_9,params_orders1_layer_0,params_orders1_layer_1,params_orders1_layer_10,params_orders1_layer_11,params_orders1_layer_12,params_orders1_layer_13,params_orders1_layer_14,params_orders1_layer_15,params_orders1_layer_16,params_orders1_layer_17,params_orders1_layer_18,params_orders1_layer_19,params_orders1_layer_2,params_orders1_layer_3,params_orders1_layer_4,params_orders1_layer_5,params_orders1_layer_6,params_orders1_layer_7,params_orders1_layer_8,params_orders1_layer_9,params_orders2_layer_0,params_orders2_layer_1,params_orders2_layer_10,params_orders2_layer_11,params_orders2_layer_12,params_orders2_layer_13,params_orders2_layer_14,params_orders2_layer_15,params_orders2_layer_16,params_orders2_layer_17,params_orders2_layer_18,params_orders2_layer_19,params_orders2_layer_2,params_orders2_layer_3,params_orders2_layer_4,params_orders2_layer_5,params_orders2_layer_6,params_orders2_layer_7,params_orders2_layer_8,params_orders2_layer_9,state
86,86,0.805139788418917,2025-01-02 23:48:56.938391,2025-01-02 23:49:12.248710,0 days 00:00:15.310319,4,75,195.0,,,,,,,,,,,45.0,40.0,,,,,,,5,6.0,,,,,,,,,,,4.0,2.0,,,,,,,2,3.0,,,,,,,,,,,3.0,3.0,,,,,,,COMPLETE
87,87,0.8835145660103959,2025-01-02 23:49:12.249595,2025-01-02 23:49:28.156833,0 days 00:00:15.907238,5,60,185.0,,,,,,,,,,,40.0,90.0,10.0,,,,,,6,6.0,,,,,,,,,,,3.0,3.0,3.0,,,,,,3,2.0,,,,,,,,,,,2.0,3.0,2.0,,,,,,COMPLETE
88,88,0.885306616838909,2025-01-02 23:49:28.157860,2025-01-02 23:49:40.222657,0 days 00:00:12.064797,5,85,180.0,,,,,,,,,,,30.0,85.0,5.0,,,,,,6,4.0,,,,,,,,,,,3.0,3.0,3.0,,,,,,3,2.0,,,,,,,,,,,2.0,3.0,2.0,,,,,,COMPLETE
89,89,0.8423210892086126,2025-01-02 23:49:40.223479,2025-01-02 23:49:53.016691,0 days 00:00:12.793212,5,85,180.0,,,,,,,,,,,30.0,85.0,10.0,,,,,,6,4.0,,,,,,,,,,,3.0,3.0,3.0,,,,,,3,3.0,,,,,,,,,,,2.0,3.0,2.0,,,,,,COMPLETE
90,90,0.2857652766545167,2025-01-02 23:49:53.017522,2025-01-02 23:50:06.463758,0 days 00:00:13.446236,7,55,185.0,,,,,,,,,,,25.0,65.0,25.0,20.0,155.0,,,,6,4.0,,,,,,,,,,,3.0,2.0,3.0,2.0,2.0,,,,3,2.0,,,,,,,,,,,2.0,3.0,2.0,5.0,4.0,,,,COMPLETE
91,91,0.0,2025-01-02 23:50:06.464726,2025-01-02 23:50:08.203604,0 days 00:00:01.738878,5,85,180.0,,,,,,,,,,,15.0,95.0,15.0,,,,,,6,4.0,,,,,,,,,,,3.0,3.0,2.0,,,,,,3,2.0,,,,,,,,,,,2.0,3.0,2.0,,,,,,COMPLETE
92,92,0.0,2025-01-02 23:50:08.204396,2025-01-02 23:50:34.492412,0 days 00:00:26.288016,6,75,160.0,,,,,,,,,,,35.0,75.0,30.0,190.0,,,,,6,4.0,,,,,,,,,,,3.0,2.0,3.0,3.0,,,,,6,2.0,,,,,,,,,,,2.0,3.0,2.0,6.0,,,,,COMPLETE
93,93,0.867837769665701,2025-01-02 23:50:34.493507,2025-01-02 23:50:55.273805,0 days 00:00:20.780298,6,90,195.0,,,,,,,,,,,10.0,95.0,60.0,170.0,,,,,6,5.0,,,,,,,,,,,3.0,3.0,3.0,6.0,,,,,3,2.0,,,,,,,,,,,2.0,3.0,2.0,2.0,,,,,COMPLETE
94,94,0.0,2025-01-02 23:50:55.274959,2025-01-02 23:51:03.965733,0 days 00:00:08.690774,8,130,170.0,,,,,,,,,,,5.0,5.0,5.0,200.0,35.0,175.0,,,6,4.0,,,,,,,,,,,3.0,3.0,4.0,4.0,6.0,5.0,,,3,2.0,,,,,,,,,,,2.0,2.0,3.0,4.0,6.0,3.0,,,COMPLETE
95,95,0.8338109440568874,2025-01-02 23:51:03.966976,2025-01-02 23:51:19.649263,0 days 00:00:15.682287,4,65,185.0,,,,,,,,,,,25.0,60.0,,,,,,,6,6.0,,,,,,,,,,,3.0,4.0,,,,,,,3,2.0,,,,,,,,,,,2.0,3.0,,,,,,,COMPLETE
96,96,0.8364884995169724,2025-01-02 23:51:19.650166,2025-01-02 23:52:15.737260,0 days 00:00:56.087094,14,120,195.0,155.0,200.0,10.0,110.0,,,,,,,45.0,85.0,25.0,150.0,90.0,145.0,40.0,165.0,6,6.0,3.0,3.0,3.0,3.0,,,,,,,3.0,2.0,3.0,4.0,5.0,6.0,4.0,5.0,4,2.0,5.0,4.0,4.0,2.0,,,,,,,2.0,3.0,2.0,2.0,3.0,2.0,6.0,3.0,COMPLETE
97,97,0.8849545205643368,2025-01-02 23:52:15.738758,2025-01-02 23:52:26.708398,0 days 00:00:10.969640,5,75,175.0,,,,,,,,,,,15.0,100.0,15.0,,,,,,6,3.0,,,,,,,,,,,3.0,4.0,2.0,,,,,,3,2.0,,,,,,,,,,,3.0,3.0,3.0,,,,,,COMPLETE
98,98,0.8343423228549971,2025-01-02 23:52:26.709253,2025-01-02 23:52:43.845246,0 days 00:00:17.135993,5,75,150.0,,,,,,,,,,,200.0,105.0,20.0,,,,,,6,3.0,,,,,,,,,,,3.0,4.0,2.0,,,,,,3,2.0,,,,,,,,,,,5.0,3.0,3.0,,,,,,COMPLETE
99,99,0.7134634863139817,2025-01-02 23:52:43.846128,2025-01-02 23:53:11.434537,0 days 00:00:27.588409,6,70,175.0,,,,,,,,,,,185.0,90.0,40.0,95.0,,,,,6,3.0,,,,,,,,,,,2.0,3.0,2.0,6.0,,,,,3,6.0,,,,,,,,,,,4.0,3.0,3.0,5.0,,,,,COMPLETE
