,number,value,datetime_start,datetime_complete,duration,params_depth,params_neurons_layer_0,params_neurons_layer_1,params_neurons_layer_10,params_neurons_layer_11,params_neurons_layer_12,params_neurons_layer_13,params_neurons_layer_14,params_neurons_layer_15,params_neurons_layer_16,params_neurons_layer_17,params_neurons_layer_18,params_neurons_layer_19,params_neurons_layer_2,params_neurons_layer_3,params_neurons_layer_4,params_neurons_layer_5,params_neurons_layer_6,params_neurons_layer_7,params_neurons_layer_8,params_neurons_layer_9,params_orders1_layer_0,params_orders1_layer_1,params_orders1_layer_10,params_orders1_layer_11,params_orders1_layer_12,params_orders1_layer_13,params_orders1_layer_14,params_orders1_layer_15,params_orders1_layer_16,params_orders1_layer_17,params_orders1_layer_18,params_orders1_layer_19,params_orders1_layer_2,params_orders1_layer_3,params_orders1_layer_4,params_orders1_layer_5,params_orders1_layer_6,params_orders1_layer_7,params_orders1_layer_8,params_orders1_layer_9,params_orders2_layer_0,params_orders2_layer_1,params_orders2_layer_10,params_orders2_layer_11,params_orders2_layer_12,params_orders2_layer_13,params_orders2_layer_14,params_orders2_layer_15,params_orders2_layer_16,params_orders2_layer_17,params_orders2_layer_18,params_orders2_layer_19,params_orders2_layer_2,params_orders2_layer_3,params_orders2_layer_4,params_orders2_layer_5,params_orders2_layer_6,params_orders2_layer_7,params_orders2_layer_8,params_orders2_layer_9,state
88,88,0.0,2025-01-02 22:13:42.126227,2025-01-02 22:13:49.016250,0 days 00:00:06.890023,7,35,135.0,,,,,,,,,,,85.0,75.0,100.0,50.0,175.0,,,,2,5.0,,,,,,,,,,,4.0,5.0,6.0,4.0,3.0,,,,6,5.0,,,,,,,,,,,2.0,5.0,6.0,2.0,3.0,,,,COMPLETE
89,89,0.5382072023586728,2025-01-02 22:13:49.017785,2025-01-02 22:14:11.896707,0 days 00:00:22.878922,3,125,150.0,,,,,,,,,,,70.0,,,,,,,,4,3.0,,,,,,,,,,,5.0,,,,,,,,5,5.0,,,,,,,,,,,4.0,,,,,,,,COMPLETE
90,90,0.0,2025-01-02 22:14:11.897521,2025-01-02 22:14:54.880422,0 days 00:00:42.982901,4,200,185.0,,,,,,,,,,,105.0,5.0,,,,,,,5,5.0,,,,,,,,,,,4.0,4.0,,,,,,,6,3.0,,,,,,,,,,,3.0,2.0,,,,,,,COMPLETE
91,91,0.8082247835129612,2025-01-02 22:14:54.881373,2025-01-02 22:15:26.988594,0 days 00:00:32.107221,4,130,140.0,,,,,,,,,,,175.0,105.0,,,,,,,4,4.0,,,,,,,,,,,4.0,4.0,,,,,,,5,6.0,,,,,,,,,,,3.0,2.0,,,,,,,COMPLETE
92,92,0.8349054599319112,2025-01-02 22:15:26.989613,2025-01-02 22:15:55.881661,0 days 00:00:28.892048,4,115,125.0,,,,,,,,,,,160.0,110.0,,,,,,,4,4.0,,,,,,,,,,,4.0,4.0,,,,,,,5,6.0,,,,,,,,,,,3.0,2.0,,,,,,,COMPLETE
93,93,0.8669335212998039,2025-01-02 22:15:55.882603,2025-01-02 22:16:19.107940,0 days 00:00:23.225337,2,130,145.0,,,,,,,,,,,,,,,,,,,4,4.0,,,,,,,,,,,,,,,,,,,5,6.0,,,,,,,,,,,,,,,,,,,COMPLETE
94,94,0.803717969072831,2025-01-02 22:16:19.108760,2025-01-02 22:16:39.875184,0 days 00:00:20.766424,2,120,130.0,,,,,,,,,,,,,,,,,,,4,4.0,,,,,,,,,,,,,,,,,,,5,6.0,,,,,,,,,,,,,,,,,,,COMPLETE
95,95,0.8357077915844144,2025-01-02 22:16:39.875900,2025-01-02 22:16:49.142204,0 days 00:00:09.266304,1,135,,,,,,,,,,,,,,,,,,,,4,,,,,,,,,,,,,,,,,,,,5,,,,,,,,,,,,,,,,,,,,COMPLETE
96,96,0.3336940836940837,2025-01-02 22:16:49.142744,2025-01-02 22:16:57.065826,0 days 00:00:07.923082,2,20,145.0,,,,,,,,,,,,,,,,,,,4,4.0,,,,,,,,,,,,,,,,,,,4,6.0,,,,,,,,,,,,,,,,,,,COMPLETE
97,97,0.7449148570049422,2025-01-02 22:16:57.066516,2025-01-02 22:17:15.249044,0 days 00:00:18.182528,3,110,170.0,,,,,,,,,,,50.0,,,,,,,,2,4.0,,,,,,,,,,,3.0,,,,,,,,5,5.0,,,,,,,,,,,2.0,,,,,,,,COMPLETE
98,98,0.0,2025-01-02 22:17:15.249838,2025-01-02 22:19:38.389145,0 days 00:02:23.139307,19,145,115.0,160.0,150.0,55.0,55.0,130.0,130.0,10.0,190.0,5.0,,125.0,60.0,55.0,90.0,120.0,65.0,140.0,55.0,3,4.0,5.0,5.0,4.0,2.0,4.0,6.0,6.0,6.0,2.0,,6.0,3.0,6.0,3.0,5.0,2.0,6.0,2.0,5,6.0,3.0,5.0,4.0,6.0,4.0,3.0,2.0,2.0,6.0,,2.0,3.0,3.0,5.0,5.0,2.0,4.0,2.0,COMPLETE
99,99,0.8502796336747709,2025-01-02 22:19:38.390719,2025-01-02 22:19:45.366035,0 days 00:00:06.975316,1,95,,,,,,,,,,,,,,,,,,,,4,,,,,,,,,,,,,,,,,,,,5,,,,,,,,,,,,,,,,,,,,COMPLETE
