,number,value,datetime_start,datetime_complete,duration,params_depth,params_neurons_layer_0,params_neurons_layer_1,params_neurons_layer_10,params_neurons_layer_11,params_neurons_layer_12,params_neurons_layer_13,params_neurons_layer_14,params_neurons_layer_15,params_neurons_layer_16,params_neurons_layer_17,params_neurons_layer_18,params_neurons_layer_19,params_neurons_layer_2,params_neurons_layer_3,params_neurons_layer_4,params_neurons_layer_5,params_neurons_layer_6,params_neurons_layer_7,params_neurons_layer_8,params_neurons_layer_9,params_orders1_layer_0,params_orders1_layer_1,params_orders1_layer_10,params_orders1_layer_11,params_orders1_layer_12,params_orders1_layer_13,params_orders1_layer_14,params_orders1_layer_15,params_orders1_layer_16,params_orders1_layer_17,params_orders1_layer_18,params_orders1_layer_19,params_orders1_layer_2,params_orders1_layer_3,params_orders1_layer_4,params_orders1_layer_5,params_orders1_layer_6,params_orders1_layer_7,params_orders1_layer_8,params_orders1_layer_9,params_orders2_layer_0,params_orders2_layer_1,params_orders2_layer_10,params_orders2_layer_11,params_orders2_layer_12,params_orders2_layer_13,params_orders2_layer_14,params_orders2_layer_15,params_orders2_layer_16,params_orders2_layer_17,params_orders2_layer_18,params_orders2_layer_19,params_orders2_layer_2,params_orders2_layer_3,params_orders2_layer_4,params_orders2_layer_5,params_orders2_layer_6,params_orders2_layer_7,params_orders2_layer_8,params_orders2_layer_9,state
0,0,0.9013910556422257,2025-01-02 23:53:23.170903,2025-01-02 23:53:27.451489,0 days 00:00:04.280586,1,5,,,,,,,,,,,,,,,,,,,,6,,,,,,,,,,,,,,,,,,,,4,,,,,,,,,,,,,,,,,,,,COMPLETE
1,1,0.0,2025-01-02 23:53:27.451971,2025-01-02 23:53:42.337611,0 days 00:00:14.885640,20,175,110.0,140.0,190.0,130.0,55.0,165.0,110.0,170.0,45.0,125.0,140.0,45.0,180.0,45.0,55.0,130.0,180.0,185.0,120.0,3,4.0,4.0,2.0,3.0,5.0,4.0,3.0,4.0,5.0,4.0,5.0,6.0,6.0,3.0,3.0,5.0,6.0,4.0,2.0,6,5.0,2.0,3.0,3.0,6.0,6.0,5.0,6.0,3.0,5.0,5.0,3.0,3.0,6.0,5.0,2.0,6.0,5.0,3.0,COMPLETE
2,2,0.0,2025-01-02 23:53:42.339544,2025-01-02 23:53:50.520864,0 days 00:00:08.181320,18,90,15.0,125.0,190.0,100.0,150.0,30.0,105.0,40.0,175.0,,,50.0,115.0,195.0,75.0,150.0,135.0,95.0,165.0,5,4.0,3.0,6.0,6.0,6.0,5.0,6.0,5.0,2.0,,,5.0,5.0,2.0,2.0,3.0,4.0,5.0,3.0,5,3.0,3.0,2.0,3.0,2.0,6.0,4.0,6.0,4.0,,,6.0,5.0,6.0,3.0,4.0,4.0,3.0,2.0,COMPLETE
3,3,0.0,2025-01-02 23:53:50.522581,2025-01-02 23:53:57.611312,0 days 00:00:07.088731,15,160,35.0,55.0,60.0,35.0,150.0,40.0,,,,,,185.0,175.0,145.0,20.0,40.0,105.0,110.0,120.0,2,5.0,2.0,6.0,5.0,2.0,2.0,,,,,,6.0,2.0,2.0,3.0,6.0,5.0,4.0,2.0,3,4.0,3.0,2.0,5.0,4.0,5.0,,,,,,4.0,6.0,3.0,2.0,2.0,6.0,5.0,2.0,COMPLETE
4,4,0.0,2025-01-02 23:53:57.612544,2025-01-02 23:54:07.952426,0 days 00:00:10.339882,18,140,155.0,5.0,40.0,195.0,95.0,55.0,200.0,165.0,15.0,,,15.0,175.0,165.0,70.0,25.0,175.0,140.0,20.0,6,3.0,3.0,5.0,3.0,5.0,6.0,6.0,6.0,2.0,,,5.0,6.0,4.0,2.0,5.0,2.0,3.0,5.0,5,5.0,5.0,5.0,4.0,6.0,4.0,5.0,4.0,5.0,,,3.0,5.0,4.0,6.0,6.0,5.0,2.0,5.0,COMPLETE
5,5,0.0,2025-01-02 23:54:07.954120,2025-01-02 23:54:16.178099,0 days 00:00:08.223979,15,35,160.0,90.0,160.0,140.0,60.0,135.0,,,,,,185.0,125.0,140.0,125.0,55.0,5.0,55.0,120.0,2,3.0,4.0,3.0,4.0,6.0,4.0,,,,,,2.0,4.0,6.0,4.0,6.0,2.0,3.0,5.0,3,4.0,6.0,5.0,2.0,6.0,4.0,,,,,,2.0,3.0,6.0,6.0,6.0,5.0,5.0,2.0,COMPLETE
6,6,0.8159011722325568,2025-01-02 23:54:16.179416,2025-01-02 23:54:22.121175,0 days 00:00:05.941759,3,30,70.0,,,,,,,,,,,80.0,,,,,,,,3,5.0,,,,,,,,,,,3.0,,,,,,,,3,3.0,,,,,,,,,,,5.0,,,,,,,,COMPLETE
7,7,0.6515845662789745,2025-01-02 23:54:22.121793,2025-01-02 23:54:34.999901,0 days 00:00:12.878108,6,5,200.0,,,,,,,,,,,75.0,185.0,185.0,15.0,,,,,5,6.0,,,,,,,,,,,2.0,3.0,3.0,3.0,,,,,3,2.0,,,,,,,,,,,4.0,4.0,6.0,5.0,,,,,COMPLETE
8,8,0.0,2025-01-02 23:54:35.000903,2025-01-02 23:54:41.876448,0 days 00:00:06.875545,19,40,85.0,135.0,135.0,175.0,155.0,150.0,75.0,125.0,70.0,10.0,,5.0,195.0,55.0,110.0,10.0,195.0,150.0,125.0,2,3.0,5.0,5.0,3.0,2.0,4.0,2.0,4.0,6.0,4.0,,2.0,4.0,5.0,3.0,6.0,2.0,3.0,5.0,3,3.0,2.0,5.0,6.0,4.0,5.0,5.0,2.0,5.0,3.0,,5.0,3.0,3.0,4.0,3.0,3.0,3.0,2.0,COMPLETE
9,9,0.6393873621994138,2025-01-02 23:54:41.877964,2025-01-02 23:55:04.495160,0 days 00:00:22.617196,7,160,55.0,,,,,,,,,,,75.0,190.0,135.0,60.0,195.0,,,,3,2.0,,,,,,,,,,,4.0,2.0,6.0,6.0,6.0,,,,5,5.0,,,,,,,,,,,5.0,6.0,6.0,5.0,4.0,,,,COMPLETE
10,10,0.9542005690610493,2025-01-02 23:55:04.496808,2025-01-02 23:55:07.980046,0 days 00:00:03.483238,1,95,,,,,,,,,,,,,,,,,,,,6,,,,,,,,,,,,,,,,,,,,2,,,,,,,,,,,,,,,,,,,,COMPLETE
11,11,0.9523785594639866,2025-01-02 23:55:07.980521,2025-01-02 23:55:11.193307,0 days 00:00:03.212786,1,100,,,,,,,,,,,,,,,,,,,,6,,,,,,,,,,,,,,,,,,,,2,,,,,,,,,,,,,,,,,,,,COMPLETE
12,12,0.9538826901998257,2025-01-02 23:55:11.193788,2025-01-02 23:55:19.359474,0 days 00:00:08.165686,5,100,120.0,,,,,,,,,,,125.0,15.0,10.0,,,,,,5,6.0,,,,,,,,,,,4.0,3.0,4.0,,,,,,2,2.0,,,,,,,,,,,2.0,2.0,2.0,,,,,,COMPLETE
13,13,0.947286304915351,2025-01-02 23:55:19.360203,2025-01-02 23:55:30.456034,0 days 00:00:11.095831,6,70,120.0,,,,,,,,,,,135.0,5.0,15.0,200.0,,,,,5,6.0,,,,,,,,,,,4.0,3.0,4.0,6.0,,,,,2,2.0,,,,,,,,,,,2.0,2.0,2.0,2.0,,,,,COMPLETE
14,14,0.0,2025-01-02 23:55:30.456914,2025-01-02 23:55:35.441885,0 days 00:00:04.984971,10,130,140.0,,,,,,,,,,,135.0,5.0,85.0,170.0,90.0,20.0,20.0,45.0,4,5.0,,,,,,,,,,,4.0,3.0,5.0,5.0,2.0,4.0,6.0,6.0,2,2.0,,,,,,,,,,,3.0,2.0,2.0,3.0,5.0,2.0,6.0,6.0,COMPLETE
15,15,0.9527772438977513,2025-01-02 23:55:35.443257,2025-01-02 23:55:45.655985,0 days 00:00:10.212728,4,120,195.0,,,,,,,,,,,135.0,55.0,,,,,,,5,6.0,,,,,,,,,,,3.0,5.0,,,,,,,2,6.0,,,,,,,,,,,2.0,2.0,,,,,,,COMPLETE
16,16,0.0,2025-01-02 23:55:45.656853,2025-01-02 23:55:48.008623,0 days 00:00:02.351770,9,70,95.0,,,,,,,,,,,110.0,60.0,20.0,145.0,195.0,50.0,5.0,,4,5.0,,,,,,,,,,,5.0,2.0,3.0,5.0,2.0,6.0,2.0,,4,3.0,,,,,,,,,,,3.0,4.0,4.0,4.0,3.0,2.0,2.0,,COMPLETE
17,17,0.0,2025-01-02 23:55:48.009719,2025-01-02 23:56:00.896390,0 days 00:00:12.886671,4,75,130.0,,,,,,,,,,,160.0,50.0,,,,,,,6,2.0,,,,,,,,,,,3.0,5.0,,,,,,,4,6.0,,,,,,,,,,,4.0,3.0,,,,,,,COMPLETE
18,18,0.0,2025-01-02 23:56:00.897261,2025-01-02 23:56:12.029012,0 days 00:00:11.131751,13,195,175.0,200.0,5.0,5.0,,,,,,,,105.0,90.0,95.0,185.0,90.0,75.0,190.0,185.0,5,6.0,6.0,2.0,2.0,,,,,,,,5.0,3.0,5.0,5.0,4.0,3.0,6.0,4.0,2,2.0,6.0,6.0,6.0,,,,,,,,6.0,5.0,3.0,3.0,5.0,4.0,6.0,4.0,COMPLETE
19,19,0.0,2025-01-02 23:56:12.031181,2025-01-02 23:56:15.487441,0 days 00:00:03.456260,8,115,50.0,,,,,,,,,,,170.0,145.0,65.0,155.0,150.0,135.0,,,6,4.0,,,,,,,,,,,3.0,4.0,4.0,4.0,3.0,5.0,,,2,4.0,,,,,,,,,,,2.0,2.0,5.0,6.0,3.0,3.0,,,COMPLETE
20,20,0.9456861606494769,2025-01-02 23:56:15.488619,2025-01-02 23:56:23.868485,0 days 00:00:08.379866,3,95,5.0,,,,,,,,,,,150.0,,,,,,,,4,5.0,,,,,,,,,,,6.0,,,,,,,,4,3.0,,,,,,,,,,,3.0,,,,,,,,COMPLETE
21,21,0.0,2025-01-02 23:56:23.869298,2025-01-02 23:56:35.937211,0 days 00:00:12.067913,4,120,190.0,,,,,,,,,,,120.0,40.0,,,,,,,5,6.0,,,,,,,,,,,3.0,5.0,,,,,,,2,6.0,,,,,,,,,,,2.0,2.0,,,,,,,COMPLETE
22,22,0.9524560788438317,2025-01-02 23:56:35.938056,2025-01-02 23:56:38.146335,0 days 00:00:02.208279,1,150,,,,,,,,,,,,,,,,,,,,5,,,,,,,,,,,,,,,,,,,,2,,,,,,,,,,,,,,,,,,,,COMPLETE
23,23,0.9312223675197708,2025-01-02 23:56:38.146787,2025-01-02 23:56:48.557818,0 days 00:00:10.411031,5,115,180.0,,,,,,,,,,,135.0,80.0,5.0,,,,,,4,6.0,,,,,,,,,,,3.0,4.0,4.0,,,,,,3,6.0,,,,,,,,,,,2.0,2.0,2.0,,,,,,COMPLETE
24,24,0.9400807848320496,2025-01-02 23:56:48.558633,2025-01-02 23:56:57.469041,0 days 00:00:08.910408,3,50,150.0,,,,,,,,,,,200.0,,,,,,,,6,6.0,,,,,,,,,,,4.0,,,,,,,,2,5.0,,,,,,,,,,,2.0,,,,,,,,COMPLETE
25,25,0.9417741564852421,2025-01-02 23:56:57.469791,2025-01-02 23:57:03.477973,0 days 00:00:06.008182,2,85,170.0,,,,,,,,,,,,,,,,,,,5,5.0,,,,,,,,,,,,,,,,,,,3,6.0,,,,,,,,,,,,,,,,,,,COMPLETE
26,26,0.94362725544622,2025-01-02 23:57:03.478626,2025-01-02 23:57:18.887528,0 days 00:00:15.408902,5,110,85.0,,,,,,,,,,,100.0,15.0,120.0,,,,,,6,6.0,,,,,,,,,,,3.0,5.0,5.0,,,,,,2,5.0,,,,,,,,,,,4.0,3.0,5.0,,,,,,COMPLETE
27,27,0.0,2025-01-02 23:57:18.888605,2025-01-02 23:57:40.605267,0 days 00:00:21.716662,8,130,110.0,,,,,,,,,,,150.0,30.0,30.0,35.0,60.0,55.0,,,5,5.0,,,,,,,,,,,4.0,6.0,3.0,4.0,4.0,3.0,,,6,4.0,,,,,,,,,,,3.0,4.0,3.0,2.0,5.0,3.0,,,COMPLETE
28,28,0.0,2025-01-02 23:57:40.606666,2025-01-02 23:57:44.984539,0 days 00:00:04.377873,12,55,200.0,200.0,95.0,,,,,,,,,85.0,70.0,70.0,95.0,125.0,145.0,65.0,55.0,4,4.0,6.0,4.0,,,,,,,,,2.0,3.0,2.0,6.0,3.0,5.0,2.0,3.0,3,2.0,4.0,4.0,,,,,,,,,2.0,2.0,5.0,4.0,6.0,5.0,4.0,6.0,COMPLETE
29,29,0.925004722274692,2025-01-02 23:57:44.986163,2025-01-02 23:57:49.215520,0 days 00:00:04.229357,1,80,,,,,,,,,,,,,,,,,,,,6,,,,,,,,,,,,,,,,,,,,4,,,,,,,,,,,,,,,,,,,,COMPLETE
30,30,0.9499582761312552,2025-01-02 23:57:49.216055,2025-01-02 23:58:01.849864,0 days 00:00:12.633809,5,105,135.0,,,,,,,,,,,115.0,25.0,115.0,,,,,,5,6.0,,,,,,,,,,,4.0,5.0,6.0,,,,,,2,4.0,,,,,,,,,,,3.0,4.0,2.0,,,,,,COMPLETE
31,31,0.9411118090452262,2025-01-02 23:58:01.850803,2025-01-02 23:58:04.179930,0 days 00:00:02.329127,1,145,,,,,,,,,,,,,,,,,,,,5,,,,,,,,,,,,,,,,,,,,2,,,,,,,,,,,,,,,,,,,,COMPLETE
32,32,0.9075760792456542,2025-01-02 23:58:04.180410,2025-01-02 23:58:09.385924,0 days 00:00:05.205514,2,155,120.0,,,,,,,,,,,,,,,,,,,4,4.0,,,,,,,,,,,,,,,,,,,2,6.0,,,,,,,,,,,,,,,,,,,COMPLETE
33,33,0.9081101505350342,2025-01-02 23:58:09.386469,2025-01-02 23:58:14.907041,0 days 00:00:05.520572,2,175,65.0,,,,,,,,,,,,,,,,,,,5,5.0,,,,,,,,,,,,,,,,,,,2,5.0,,,,,,,,,,,,,,,,,,,COMPLETE
34,34,0.9474537977395534,2025-01-02 23:58:14.907607,2025-01-02 23:58:23.141146,0 days 00:00:08.233539,4,130,95.0,,,,,,,,,,,55.0,50.0,,,,,,,6,4.0,,,,,,,,,,,5.0,4.0,,,,,,,2,3.0,,,,,,,,,,,2.0,3.0,,,,,,,COMPLETE
35,35,0.9507093762737227,2025-01-02 23:58:23.141906,2025-01-02 23:58:25.815036,0 days 00:00:02.673130,1,145,,,,,,,,,,,,,,,,,,,,5,,,,,,,,,,,,,,,,,,,,3,,,,,,,,,,,,,,,,,,,,COMPLETE
36,36,0.9327530046051893,2025-01-02 23:58:25.815507,2025-01-02 23:58:34.962075,0 days 00:00:09.146568,3,175,30.0,,,,,,,,,,,95.0,,,,,,,,6,6.0,,,,,,,,,,,3.0,,,,,,,,2,5.0,,,,,,,,,,,4.0,,,,,,,,COMPLETE
37,37,0.0,2025-01-02 23:58:34.962820,2025-01-02 23:58:36.712932,0 days 00:00:01.750112,6,95,165.0,,,,,,,,,,,120.0,90.0,35.0,130.0,,,,,5,4.0,,,,,,,,,,,4.0,2.0,4.0,2.0,,,,,3,3.0,,,,,,,,,,,3.0,2.0,4.0,5.0,,,,,COMPLETE
38,38,0.9183700031526307,2025-01-02 23:58:36.713697,2025-01-02 23:58:41.606484,0 days 00:00:04.892787,2,120,185.0,,,,,,,,,,,,,,,,,,,6,3.0,,,,,,,,,,,,,,,,,,,5,4.0,,,,,,,,,,,,,,,,,,,COMPLETE
39,39,0.0,2025-01-02 23:58:41.607107,2025-01-02 23:59:04.087183,0 days 00:00:22.480076,7,200,150.0,,,,,,,,,,,170.0,30.0,80.0,85.0,170.0,,,,5,5.0,,,,,,,,,,,6.0,4.0,5.0,5.0,5.0,,,,6,4.0,,,,,,,,,,,3.0,3.0,4.0,3.0,2.0,,,,COMPLETE
40,40,0.0,2025-01-02 23:59:04.088571,2025-01-02 23:59:04.943169,0 days 00:00:00.854598,4,160,30.0,,,,,,,,,,,35.0,65.0,,,,,,,3,2.0,,,,,,,,,,,2.0,6.0,,,,,,,3,5.0,,,,,,,,,,,2.0,2.0,,,,,,,COMPLETE
41,41,0.9494346233476668,2025-01-02 23:59:04.943846,2025-01-02 23:59:08.278042,0 days 00:00:03.334196,1,100,,,,,,,,,,,,,,,,,,,,6,,,,,,,,,,,,,,,,,,,,2,,,,,,,,,,,,,,,,,,,,COMPLETE
42,42,0.9436591826125702,2025-01-02 23:59:08.278521,2025-01-02 23:59:11.702652,0 days 00:00:03.424131,1,90,,,,,,,,,,,,,,,,,,,,6,,,,,,,,,,,,,,,,,,,,2,,,,,,,,,,,,,,,,,,,,COMPLETE
43,43,0.9331046826994963,2025-01-02 23:59:11.703157,2025-01-02 23:59:20.772489,0 days 00:00:09.069332,3,60,120.0,,,,,,,,,,,145.0,,,,,,,,6,6.0,,,,,,,,,,,5.0,,,,,,,,2,2.0,,,,,,,,,,,5.0,,,,,,,,COMPLETE
44,44,0.9261913788641958,2025-01-02 23:59:20.773320,2025-01-02 23:59:24.134849,0 days 00:00:03.361529,2,105,75.0,,,,,,,,,,,,,,,,,,,6,3.0,,,,,,,,,,,,,,,,,,,2,6.0,,,,,,,,,,,,,,,,,,,COMPLETE
45,45,0.0,2025-01-02 23:59:24.135459,2025-01-02 23:59:28.805591,0 days 00:00:04.670132,15,130,110.0,15.0,115.0,70.0,10.0,200.0,,,,,,40.0,105.0,105.0,35.0,75.0,95.0,50.0,70.0,4,5.0,2.0,4.0,6.0,3.0,2.0,,,,,,3.0,3.0,3.0,2.0,4.0,3.0,5.0,6.0,3,4.0,4.0,3.0,2.0,2.0,2.0,,,,,,6.0,4.0,3.0,2.0,4.0,4.0,4.0,4.0,COMPLETE
46,46,0.9509618573797678,2025-01-02 23:59:28.806696,2025-01-02 23:59:40.848794,0 days 00:00:12.042098,5,140,155.0,,,,,,,,,,,60.0,145.0,165.0,,,,,,5,4.0,,,,,,,,,,,4.0,5.0,6.0,,,,,,5,3.0,,,,,,,,,,,3.0,3.0,2.0,,,,,,COMPLETE
47,47,0.938612608647816,2025-01-02 23:59:40.849717,2025-01-02 23:59:46.700965,0 days 00:00:05.851248,2,90,45.0,,,,,,,,,,,,,,,,,,,6,6.0,,,,,,,,,,,,,,,,,,,2,2.0,,,,,,,,,,,,,,,,,,,COMPLETE
48,48,0.9452263723825693,2025-01-02 23:59:46.701549,2025-01-02 23:59:53.168109,0 days 00:00:06.466560,3,80,195.0,,,,,,,,,,,190.0,,,,,,,,3,5.0,,,,,,,,,,,5.0,,,,,,,,2,5.0,,,,,,,,,,,2.0,,,,,,,,COMPLETE
49,49,0.0,2025-01-02 23:59:53.168714,2025-01-03 00:00:10.080808,0 days 00:00:16.912094,7,185,145.0,,,,,,,,,,,170.0,45.0,5.0,5.0,120.0,,,,5,3.0,,,,,,,,,,,6.0,6.0,2.0,4.0,2.0,,,,3,3.0,,,,,,,,,,,4.0,3.0,5.0,4.0,3.0,,,,COMPLETE
50,50,0.0,2025-01-03 00:00:10.081841,2025-01-03 00:00:15.764392,0 days 00:00:05.682551,11,25,20.0,80.0,,,,,,,,,,90.0,20.0,40.0,110.0,5.0,40.0,150.0,5.0,4,5.0,5.0,,,,,,,,,,2.0,4.0,4.0,6.0,3.0,6.0,5.0,4.0,2,4.0,5.0,,,,,,,,,,3.0,5.0,3.0,6.0,5.0,2.0,3.0,4.0,COMPLETE
51,51,0.0,2025-01-03 00:00:15.765962,2025-01-03 00:00:17.278875,0 days 00:00:01.512913,5,155,160.0,,,,,,,,,,,60.0,130.0,160.0,,,,,,5,2.0,,,,,,,,,,,4.0,5.0,6.0,,,,,,5,2.0,,,,,,,,,,,3.0,3.0,2.0,,,,,,COMPLETE
52,52,0.0,2025-01-03 00:00:17.279722,2025-01-03 00:00:19.333379,0 days 00:00:02.053657,6,135,175.0,,,,,,,,,,,30.0,150.0,170.0,160.0,,,,,5,4.0,,,,,,,,,,,4.0,5.0,5.0,3.0,,,,,5,3.0,,,,,,,,,,,2.0,2.0,2.0,3.0,,,,,COMPLETE
53,53,0.0,2025-01-03 00:00:19.334232,2025-01-03 00:00:28.371744,0 days 00:00:09.037512,4,140,130.0,,,,,,,,,,,70.0,140.0,,,,,,,5,3.0,,,,,,,,,,,5.0,5.0,,,,,,,4,3.0,,,,,,,,,,,2.0,2.0,,,,,,,COMPLETE
54,54,0.0,2025-01-03 00:00:28.372638,2025-01-03 00:00:33.786800,0 days 00:00:05.414162,8,120,160.0,,,,,,,,,,,25.0,160.0,200.0,45.0,160.0,105.0,,,5,4.0,,,,,,,,,,,3.0,6.0,6.0,5.0,5.0,4.0,,,6,2.0,,,,,,,,,,,3.0,3.0,2.0,5.0,2.0,6.0,,,COMPLETE
55,55,0.949366391184573,2025-01-03 00:00:33.788092,2025-01-03 00:00:43.598044,0 days 00:00:09.809952,4,115,185.0,,,,,,,,,,,130.0,115.0,,,,,,,6,6.0,,,,,,,,,,,3.0,5.0,,,,,,,2,3.0,,,,,,,,,,,4.0,2.0,,,,,,,COMPLETE
56,56,0.0,2025-01-03 00:00:43.598866,2025-01-03 00:00:50.507165,0 days 00:00:06.908299,16,100,140.0,170.0,75.0,65.0,200.0,95.0,5.0,,,,,65.0,170.0,180.0,200.0,105.0,165.0,100.0,160.0,5,2.0,3.0,3.0,5.0,4.0,6.0,4.0,,,,,4.0,6.0,3.0,2.0,2.0,3.0,4.0,3.0,5,2.0,5.0,6.0,4.0,3.0,2.0,2.0,,,,,2.0,3.0,3.0,4.0,4.0,5.0,6.0,5.0,COMPLETE
57,57,0.9079262586561856,2025-01-03 00:00:50.508392,2025-01-03 00:01:13.102636,0 days 00:00:22.594244,9,150,100.0,,,,,,,,,,,15.0,100.0,150.0,135.0,40.0,75.0,200.0,,4,5.0,,,,,,,,,,,4.0,5.0,5.0,4.0,4.0,5.0,6.0,,2,3.0,,,,,,,,,,,3.0,3.0,2.0,6.0,6.0,3.0,2.0,,COMPLETE
58,58,0.9204297298088464,2025-01-03 00:01:13.103982,2025-01-03 00:01:14.294556,0 days 00:00:01.190574,1,165,,,,,,,,,,,,,,,,,,,,2,,,,,,,,,,,,,,,,,,,,3,,,,,,,,,,,,,,,,,,,,COMPLETE
59,59,0.0,2025-01-03 00:01:14.295009,2025-01-03 00:01:17.530240,0 days 00:00:03.235231,5,65,130.0,,,,,,,,,,,125.0,75.0,125.0,,,,,,6,6.0,,,,,,,,,,,2.0,4.0,6.0,,,,,,4,2.0,,,,,,,,,,,2.0,5.0,4.0,,,,,,COMPLETE
60,60,0.9434593564950929,2025-01-03 00:01:17.531192,2025-01-03 00:01:24.381800,0 days 00:00:06.850608,3,125,110.0,,,,,,,,,,,50.0,,,,,,,,5,6.0,,,,,,,,,,,5.0,,,,,,,,2,3.0,,,,,,,,,,,3.0,,,,,,,,COMPLETE
61,61,0.9283235773758095,2025-01-03 00:01:24.382524,2025-01-03 00:01:27.084763,0 days 00:00:02.702239,1,140,,,,,,,,,,,,,,,,,,,,5,,,,,,,,,,,,,,,,,,,,3,,,,,,,,,,,,,,,,,,,,COMPLETE
62,62,0.9533359814888375,2025-01-03 00:01:27.085259,2025-01-03 00:01:31.360918,0 days 00:00:04.275659,2,110,170.0,,,,,,,,,,,,,,,,,,,5,5.0,,,,,,,,,,,,,,,,,,,2,2.0,,,,,,,,,,,,,,,,,,,COMPLETE
63,63,0.9476046496002151,2025-01-03 00:01:31.361429,2025-01-03 00:01:35.613224,0 days 00:00:04.251795,2,105,170.0,,,,,,,,,,,,,,,,,,,5,5.0,,,,,,,,,,,,,,,,,,,2,2.0,,,,,,,,,,,,,,,,,,,COMPLETE
64,64,0.0,2025-01-03 00:01:35.613747,2025-01-03 00:01:42.404505,0 days 00:00:06.790758,20,110,200.0,60.0,10.0,155.0,5.0,95.0,200.0,10.0,155.0,200.0,25.0,105.0,130.0,55.0,180.0,200.0,155.0,30.0,85.0,4,4.0,5.0,5.0,2.0,4.0,3.0,4.0,2.0,4.0,2.0,2.0,4.0,3.0,3.0,6.0,5.0,2.0,2.0,4.0,2,2.0,3.0,4.0,5.0,5.0,3.0,2.0,2.0,2.0,6.0,2.0,4.0,2.0,3.0,2.0,3.0,2.0,4.0,3.0,COMPLETE
65,65,0.9437011760060916,2025-01-03 00:01:42.405983,2025-01-03 00:01:46.605539,0 days 00:00:04.199556,2,95,155.0,,,,,,,,,,,,,,,,,,,5,5.0,,,,,,,,,,,,,,,,,,,2,2.0,,,,,,,,,,,,,,,,,,,COMPLETE
66,66,0.9509306260575296,2025-01-03 00:01:46.606223,2025-01-03 00:01:52.087594,0 days 00:00:05.481371,3,85,190.0,,,,,,,,,,,160.0,,,,,,,,5,6.0,,,,,,,,,,,3.0,,,,,,,,2,2.0,,,,,,,,,,,2.0,,,,,,,,COMPLETE
67,67,0.0,2025-01-03 00:01:52.088192,2025-01-03 00:02:07.276881,0 days 00:00:15.188689,6,110,175.0,,,,,,,,,,,85.0,35.0,105.0,95.0,,,,,6,5.0,,,,,,,,,,,3.0,4.0,4.0,3.0,,,,,2,3.0,,,,,,,,,,,5.0,4.0,2.0,5.0,,,,,COMPLETE
68,68,0.9124770451474308,2025-01-03 00:02:07.277894,2025-01-03 00:02:17.025972,0 days 00:00:09.748078,4,125,150.0,,,,,,,,,,,145.0,15.0,,,,,,,4,6.0,,,,,,,,,,,5.0,2.0,,,,,,,2,2.0,,,,,,,,,,,2.0,6.0,,,,,,,COMPLETE
69,69,0.94623973727422,2025-01-03 00:02:17.026756,2025-01-03 00:02:19.461523,0 days 00:00:02.434767,1,115,,,,,,,,,,,,,,,,,,,,5,,,,,,,,,,,,,,,,,,,,2,,,,,,,,,,,,,,,,,,,,COMPLETE
70,70,0.9422358195072478,2025-01-03 00:02:19.462018,2025-01-03 00:02:24.379093,0 days 00:00:04.917075,2,135,120.0,,,,,,,,,,,,,,,,,,,6,4.0,,,,,,,,,,,,,,,,,,,2,3.0,,,,,,,,,,,,,,,,,,,COMPLETE
71,71,0.9476315774926618,2025-01-03 00:02:24.379634,2025-01-03 00:02:30.204382,0 days 00:00:05.824748,3,75,190.0,,,,,,,,,,,160.0,,,,,,,,5,6.0,,,,,,,,,,,3.0,,,,,,,,2,2.0,,,,,,,,,,,2.0,,,,,,,,COMPLETE
72,72,0.9490713777260079,2025-01-03 00:02:30.204989,2025-01-03 00:02:39.268435,0 days 00:00:09.063446,4,85,190.0,,,,,,,,,,,180.0,55.0,,,,,,,5,6.0,,,,,,,,,,,3.0,6.0,,,,,,,2,2.0,,,,,,,,,,,2.0,2.0,,,,,,,COMPLETE
73,73,0.9525402107598447,2025-01-03 00:02:39.269168,2025-01-03 00:02:42.435694,0 days 00:00:03.166526,3,85,180.0,,,,,,,,,,,160.0,,,,,,,,5,6.0,,,,,,,,,,,2.0,,,,,,,,2,2.0,,,,,,,,,,,2.0,,,,,,,,COMPLETE
74,74,0.9394603633734069,2025-01-03 00:02:42.436313,2025-01-03 00:02:51.007333,0 days 00:00:08.571020,5,95,180.0,,,,,,,,,,,140.0,120.0,155.0,,,,,,5,6.0,,,,,,,,,,,2.0,3.0,4.0,,,,,,2,2.0,,,,,,,,,,,3.0,3.0,3.0,,,,,,COMPLETE
75,75,0.9227768215720022,2025-01-03 00:02:51.008110,2025-01-03 00:02:55.912099,0 days 00:00:04.903989,1,75,,,,,,,,,,,,,,,,,,,,5,,,,,,,,,,,,,,,,,,,,6,,,,,,,,,,,,,,,,,,,,COMPLETE
76,76,0.9426012728992861,2025-01-03 00:02:55.912615,2025-01-03 00:03:01.576866,0 days 00:00:05.664251,2,100,165.0,,,,,,,,,,,,,,,,,,,6,5.0,,,,,,,,,,,,,,,,,,,2,3.0,,,,,,,,,,,,,,,,,,,COMPLETE
77,77,0.9497313449586846,2025-01-03 00:03:01.577446,2025-01-03 00:03:07.198365,0 days 00:00:05.620919,3,125,170.0,,,,,,,,,,,110.0,,,,,,,,5,6.0,,,,,,,,,,,2.0,,,,,,,,3,2.0,,,,,,,,,,,3.0,,,,,,,,COMPLETE
78,78,0.0,2025-01-03 00:03:07.198976,2025-01-03 00:03:09.877788,0 days 00:00:02.678812,7,90,180.0,,,,,,,,,,,125.0,180.0,180.0,55.0,175.0,,,,6,4.0,,,,,,,,,,,2.0,5.0,2.0,5.0,3.0,,,,5,3.0,,,,,,,,,,,2.0,2.0,2.0,3.0,5.0,,,,COMPLETE
79,79,0.9379674192145253,2025-01-03 00:03:09.878949,2025-01-03 00:03:12.257460,0 days 00:00:02.378511,1,110,,,,,,,,,,,,,,,,,,,,5,,,,,,,,,,,,,,,,,,,,2,,,,,,,,,,,,,,,,,,,,COMPLETE
80,80,0.0,2025-01-03 00:03:12.257951,2025-01-03 00:03:24.948799,0 days 00:00:12.690848,4,150,140.0,,,,,,,,,,,195.0,5.0,,,,,,,6,5.0,,,,,,,,,,,4.0,4.0,,,,,,,2,6.0,,,,,,,,,,,2.0,4.0,,,,,,,COMPLETE
81,81,0.9492065957104587,2025-01-03 00:03:24.949651,2025-01-03 00:03:30.840280,0 days 00:00:05.890629,3,85,200.0,,,,,,,,,,,160.0,,,,,,,,5,6.0,,,,,,,,,,,3.0,,,,,,,,2,2.0,,,,,,,,,,,2.0,,,,,,,,COMPLETE
82,82,0.9553719008264463,2025-01-03 00:03:30.840903,2025-01-03 00:03:35.347644,0 days 00:00:04.506741,2,80,185.0,,,,,,,,,,,,,,,,,,,5,6.0,,,,,,,,,,,,,,,,,,,2,2.0,,,,,,,,,,,,,,,,,,,COMPLETE
83,83,0.9432552954292085,2025-01-03 00:03:35.348246,2025-01-03 00:03:40.549122,0 days 00:00:05.200876,2,80,185.0,,,,,,,,,,,,,,,,,,,5,6.0,,,,,,,,,,,,,,,,,,,2,2.0,,,,,,,,,,,,,,,,,,,COMPLETE
84,84,0.9457874234835837,2025-01-03 00:03:40.549710,2025-01-03 00:03:45.734047,0 days 00:00:05.184337,2,70,160.0,,,,,,,,,,,,,,,,,,,5,6.0,,,,,,,,,,,,,,,,,,,2,2.0,,,,,,,,,,,,,,,,,,,COMPLETE
85,85,0.9512013573422363,2025-01-03 00:03:45.734651,2025-01-03 00:03:48.084054,0 days 00:00:02.349403,1,45,,,,,,,,,,,,,,,,,,,,5,,,,,,,,,,,,,,,,,,,,2,,,,,,,,,,,,,,,,,,,,COMPLETE
86,86,0.9362859660549404,2025-01-03 00:03:48.084561,2025-01-03 00:03:49.734011,0 days 00:00:01.649450,1,45,,,,,,,,,,,,,,,,,,,,4,,,,,,,,,,,,,,,,,,,,2,,,,,,,,,,,,,,,,,,,,COMPLETE
