,number,value,datetime_start,datetime_complete,duration,params_depth,params_neurons_layer_0,params_neurons_layer_1,params_neurons_layer_10,params_neurons_layer_11,params_neurons_layer_12,params_neurons_layer_13,params_neurons_layer_14,params_neurons_layer_15,params_neurons_layer_16,params_neurons_layer_17,params_neurons_layer_18,params_neurons_layer_19,params_neurons_layer_2,params_neurons_layer_3,params_neurons_layer_4,params_neurons_layer_5,params_neurons_layer_6,params_neurons_layer_7,params_neurons_layer_8,params_neurons_layer_9,params_orders1_layer_0,params_orders1_layer_1,params_orders1_layer_10,params_orders1_layer_11,params_orders1_layer_12,params_orders1_layer_13,params_orders1_layer_14,params_orders1_layer_15,params_orders1_layer_16,params_orders1_layer_17,params_orders1_layer_18,params_orders1_layer_19,params_orders1_layer_2,params_orders1_layer_3,params_orders1_layer_4,params_orders1_layer_5,params_orders1_layer_6,params_orders1_layer_7,params_orders1_layer_8,params_orders1_layer_9,params_orders2_layer_0,params_orders2_layer_1,params_orders2_layer_10,params_orders2_layer_11,params_orders2_layer_12,params_orders2_layer_13,params_orders2_layer_14,params_orders2_layer_15,params_orders2_layer_16,params_orders2_layer_17,params_orders2_layer_18,params_orders2_layer_19,params_orders2_layer_2,params_orders2_layer_3,params_orders2_layer_4,params_orders2_layer_5,params_orders2_layer_6,params_orders2_layer_7,params_orders2_layer_8,params_orders2_layer_9,state
0,0,0.0,2025-01-02 23:25:05.200949,2025-01-02 23:25:24.022463,0 days 00:00:18.821514,3,60,170.0,,,,,,,,,,,150.0,,,,,,,,3,5.0,,,,,,,,,,,3.0,,,,,,,,6,3.0,,,,,,,,,,,5.0,,,,,,,,COMPLETE
1,1,0.615715028027241,2025-01-02 23:25:24.023191,2025-01-02 23:25:58.162424,0 days 00:00:34.139233,7,70,140.0,,,,,,,,,,,145.0,30.0,160.0,75.0,105.0,,,,4,5.0,,,,,,,,,,,4.0,5.0,4.0,4.0,5.0,,,,4,3.0,,,,,,,,,,,5.0,2.0,3.0,4.0,6.0,,,,COMPLETE
2,2,0.3753989045010717,2025-01-02 23:25:58.163741,2025-01-02 23:26:30.225300,0 days 00:00:32.061559,7,80,160.0,,,,,,,,,,,85.0,40.0,65.0,65.0,5.0,,,,2,5.0,,,,,,,,,,,6.0,2.0,5.0,6.0,4.0,,,,5,5.0,,,,,,,,,,,4.0,5.0,4.0,6.0,3.0,,,,COMPLETE
3,3,0.0,2025-01-02 23:26:30.226951,2025-01-02 23:26:39.598032,0 days 00:00:09.371081,14,95,70.0,135.0,165.0,65.0,180.0,,,,,,,125.0,115.0,25.0,25.0,140.0,125.0,170.0,150.0,5,2.0,4.0,2.0,4.0,4.0,,,,,,,3.0,4.0,5.0,3.0,4.0,5.0,2.0,5.0,5,5.0,4.0,6.0,3.0,4.0,,,,,,,4.0,3.0,2.0,6.0,6.0,4.0,3.0,2.0,COMPLETE
4,4,0.0,2025-01-02 23:26:39.599112,2025-01-02 23:26:54.104578,0 days 00:00:14.505466,15,190,40.0,70.0,135.0,145.0,165.0,80.0,,,,,,145.0,60.0,75.0,195.0,50.0,15.0,185.0,200.0,4,4.0,5.0,5.0,4.0,5.0,6.0,,,,,,6.0,5.0,3.0,6.0,5.0,5.0,4.0,5.0,5,6.0,4.0,5.0,3.0,6.0,3.0,,,,,,4.0,4.0,5.0,5.0,2.0,4.0,4.0,5.0,COMPLETE
5,5,0.0,2025-01-02 23:26:54.106152,2025-01-02 23:27:00.653660,0 days 00:00:06.547508,10,105,120.0,,,,,,,,,,,5.0,10.0,150.0,90.0,165.0,15.0,120.0,75.0,3,5.0,,,,,,,,,,,5.0,5.0,5.0,3.0,2.0,2.0,3.0,4.0,6,5.0,,,,,,,,,,,6.0,5.0,6.0,2.0,6.0,2.0,2.0,4.0,COMPLETE
6,6,0.1311336717428088,2025-01-02 23:27:00.655329,2025-01-02 23:27:40.981455,0 days 00:00:40.326126,15,80,5.0,125.0,110.0,160.0,5.0,45.0,,,,,,135.0,40.0,85.0,150.0,20.0,135.0,200.0,120.0,5,3.0,2.0,4.0,5.0,4.0,2.0,,,,,,2.0,6.0,3.0,2.0,5.0,6.0,3.0,2.0,5,2.0,4.0,5.0,2.0,3.0,5.0,,,,,,3.0,5.0,6.0,5.0,3.0,2.0,2.0,5.0,COMPLETE
7,7,0.0,2025-01-02 23:27:40.982769,2025-01-02 23:28:14.364388,0 days 00:00:33.381619,7,40,10.0,,,,,,,,,,,40.0,200.0,170.0,95.0,55.0,,,,6,5.0,,,,,,,,,,,6.0,3.0,4.0,4.0,5.0,,,,5,6.0,,,,,,,,,,,6.0,4.0,5.0,3.0,4.0,,,,COMPLETE
8,8,0.83261612558664,2025-01-02 23:28:14.365940,2025-01-02 23:28:36.668504,0 days 00:00:22.302564,3,30,200.0,,,,,,,,,,,110.0,,,,,,,,4,6.0,,,,,,,,,,,4.0,,,,,,,,5,6.0,,,,,,,,,,,2.0,,,,,,,,COMPLETE
9,9,0.4144425163998015,2025-01-02 23:28:36.669340,2025-01-02 23:29:22.843664,0 days 00:00:46.174324,10,170,75.0,,,,,,,,,,,105.0,20.0,200.0,165.0,155.0,90.0,110.0,25.0,5,5.0,,,,,,,,,,,5.0,2.0,4.0,3.0,3.0,5.0,5.0,3.0,2,4.0,,,,,,,,,,,4.0,5.0,4.0,4.0,2.0,6.0,4.0,6.0,COMPLETE
10,10,0.0,2025-01-02 23:29:22.845284,2025-01-02 23:29:39.952605,0 days 00:00:17.107321,20,5,200.0,10.0,30.0,15.0,40.0,195.0,195.0,50.0,100.0,25.0,155.0,200.0,195.0,5.0,10.0,190.0,195.0,20.0,5.0,2,6.0,6.0,6.0,2.0,2.0,4.0,6.0,3.0,4.0,2.0,5.0,4.0,3.0,2.0,5.0,6.0,2.0,6.0,6.0,3,6.0,6.0,2.0,6.0,2.0,2.0,5.0,4.0,5.0,5.0,2.0,2.0,6.0,2.0,2.0,5.0,6.0,6.0,2.0,COMPLETE
11,11,0.8422385428993973,2025-01-02 23:29:39.954596,2025-01-02 23:29:42.516310,0 days 00:00:02.561714,1,20,,,,,,,,,,,,,,,,,,,,4,,,,,,,,,,,,,,,,,,,,4,,,,,,,,,,,,,,,,,,,,COMPLETE
12,12,0.7605039556240134,2025-01-02 23:29:42.516794,2025-01-02 23:29:44.544330,0 days 00:00:02.027536,1,10,,,,,,,,,,,,,,,,,,,,3,,,,,,,,,,,,,,,,,,,,4,,,,,,,,,,,,,,,,,,,,COMPLETE
13,13,0.859519496615502,2025-01-02 23:29:44.544744,2025-01-02 23:29:57.512453,0 days 00:00:12.967709,3,135,200.0,,,,,,,,,,,65.0,,,,,,,,4,6.0,,,,,,,,,,,2.0,,,,,,,,3,4.0,,,,,,,,,,,2.0,,,,,,,,COMPLETE
14,14,0.8468338004371271,2025-01-02 23:29:57.513123,2025-01-02 23:30:05.379006,0 days 00:00:07.865883,1,135,,,,,,,,,,,,,,,,,,,,6,,,,,,,,,,,,,,,,,,,,3,,,,,,,,,,,,,,,,,,,,COMPLETE
15,15,0.8121053087481258,2025-01-02 23:30:05.379562,2025-01-02 23:30:23.126204,0 days 00:00:17.746642,4,150,100.0,,,,,,,,,,,65.0,145.0,,,,,,,6,3.0,,,,,,,,,,,2.0,6.0,,,,,,,2,4.0,,,,,,,,,,,3.0,2.0,,,,,,,COMPLETE
16,16,0.8834058673499918,2025-01-02 23:30:23.127026,2025-01-02 23:30:49.151415,0 days 00:00:26.024389,5,130,170.0,,,,,,,,,,,35.0,95.0,120.0,,,,,,6,6.0,,,,,,,,,,,3.0,4.0,6.0,,,,,,3,2.0,,,,,,,,,,,3.0,3.0,3.0,,,,,,COMPLETE
17,17,0.8693109643383804,2025-01-02 23:30:49.152555,2025-01-02 23:31:13.019693,0 days 00:00:23.867138,5,125,165.0,,,,,,,,,,,35.0,90.0,125.0,,,,,,5,6.0,,,,,,,,,,,3.0,4.0,6.0,,,,,,3,2.0,,,,,,,,,,,3.0,3.0,3.0,,,,,,COMPLETE
18,18,0.7953411980491059,2025-01-02 23:31:13.020676,2025-01-02 23:31:37.206352,0 days 00:00:24.185676,6,115,165.0,,,,,,,,,,,5.0,90.0,120.0,160.0,,,,,5,6.0,,,,,,,,,,,3.0,4.0,6.0,2.0,,,,,3,2.0,,,,,,,,,,,3.0,3.0,3.0,3.0,,,,,COMPLETE
19,19,0.8873842094552293,2025-01-02 23:31:37.207407,2025-01-02 23:31:57.949118,0 days 00:00:20.741711,5,165,140.0,,,,,,,,,,,35.0,90.0,120.0,,,,,,6,4.0,,,,,,,,,,,3.0,4.0,6.0,,,,,,2,3.0,,,,,,,,,,,3.0,3.0,3.0,,,,,,COMPLETE
20,20,0.0,2025-01-02 23:31:57.950196,2025-01-02 23:32:04.257235,0 days 00:00:06.307039,12,200,125.0,175.0,10.0,,,,,,,,,35.0,140.0,115.0,120.0,100.0,190.0,10.0,65.0,6,4.0,2.0,2.0,,,,,,,,,3.0,3.0,6.0,5.0,2.0,3.0,6.0,2.0,2,3.0,2.0,2.0,,,,,,,,,3.0,3.0,3.0,5.0,4.0,3.0,6.0,3.0,COMPLETE
21,21,0.0,2025-01-02 23:32:04.258785,2025-01-02 23:32:27.956662,0 days 00:00:23.697877,5,160,145.0,,,,,,,,,,,35.0,90.0,130.0,,,,,,6,3.0,,,,,,,,,,,3.0,4.0,6.0,,,,,,2,2.0,,,,,,,,,,,3.0,3.0,3.0,,,,,,COMPLETE
22,22,0.6666666666666666,2025-01-02 23:32:27.957550,2025-01-02 23:32:32.255783,0 days 00:00:04.298233,9,125,180.0,,,,,,,,,,,55.0,70.0,100.0,45.0,105.0,65.0,60.0,,5,2.0,,,,,,,,,,,3.0,4.0,6.0,5.0,3.0,4.0,2.0,,3,2.0,,,,,,,,,,,3.0,2.0,2.0,3.0,5.0,5.0,5.0,,COMPLETE
23,23,0.6666666666666666,2025-01-02 23:32:32.257042,2025-01-02 23:32:41.755714,0 days 00:00:09.498672,8,180,145.0,,,,,,,,,,,20.0,115.0,135.0,120.0,195.0,60.0,,,6,4.0,,,,,,,,,,,2.0,4.0,5.0,4.0,6.0,3.0,,,2,3.0,,,,,,,,,,,2.0,3.0,3.0,6.0,3.0,5.0,,,COMPLETE
24,24,0.7306928478220345,2025-01-02 23:32:41.757010,2025-01-02 23:33:05.078043,0 days 00:00:23.321033,5,150,105.0,,,,,,,,,,,80.0,70.0,100.0,,,,,,5,6.0,,,,,,,,,,,4.0,5.0,6.0,,,,,,3,2.0,,,,,,,,,,,3.0,4.0,4.0,,,,,,COMPLETE
25,25,0.8610160996380312,2025-01-02 23:33:05.079208,2025-01-02 23:33:33.924686,0 days 00:00:28.845478,5,140,180.0,,,,,,,,,,,50.0,135.0,145.0,,,,,,6,6.0,,,,,,,,,,,3.0,3.0,6.0,,,,,,3,3.0,,,,,,,,,,,4.0,3.0,3.0,,,,,,COMPLETE
26,26,0.0,2025-01-02 23:33:33.925722,2025-01-02 23:33:45.943008,0 days 00:00:12.017286,12,115,155.0,195.0,200.0,,,,,,,,,20.0,100.0,185.0,200.0,75.0,155.0,65.0,200.0,5,3.0,3.0,3.0,,,,,,,,,2.0,4.0,5.0,2.0,3.0,6.0,4.0,6.0,2,2.0,6.0,3.0,,,,,,,,,2.0,2.0,2.0,2.0,5.0,3.0,5.0,6.0,COMPLETE
27,27,0.0,2025-01-02 23:33:45.944632,2025-01-02 23:34:01.900482,0 days 00:00:15.955850,19,160,125.0,10.0,65.0,200.0,95.0,175.0,5.0,200.0,5.0,195.0,,80.0,80.0,55.0,45.0,130.0,50.0,150.0,150.0,6,4.0,6.0,6.0,6.0,6.0,6.0,2.0,6.0,6.0,6.0,,5.0,3.0,6.0,6.0,2.0,4.0,5.0,4.0,4,3.0,2.0,4.0,6.0,6.0,6.0,2.0,2.0,2.0,2.0,,5.0,4.0,4.0,4.0,2.0,3.0,3.0,4.0,COMPLETE
28,28,0.027321237730794045,2025-01-02 23:34:01.902695,2025-01-02 23:34:39.241853,0 days 00:00:37.339158,8,100,105.0,,,,,,,,,,,25.0,165.0,110.0,130.0,35.0,160.0,,,5,6.0,,,,,,,,,,,3.0,5.0,5.0,3.0,6.0,3.0,,,3,2.0,,,,,,,,,,,3.0,3.0,3.0,5.0,4.0,5.0,,,COMPLETE
29,29,0.8375257440459132,2025-01-02 23:34:39.243356,2025-01-02 23:34:56.722099,0 days 00:00:17.478743,3,175,180.0,,,,,,,,,,,65.0,,,,,,,,6,5.0,,,,,,,,,,,4.0,,,,,,,,2,3.0,,,,,,,,,,,3.0,,,,,,,,COMPLETE
30,30,0.8342819513017147,2025-01-02 23:34:56.722858,2025-01-02 23:35:10.781100,0 days 00:00:14.058242,4,50,140.0,,,,,,,,,,,170.0,115.0,,,,,,,5,6.0,,,,,,,,,,,3.0,4.0,,,,,,,3,2.0,,,,,,,,,,,2.0,2.0,,,,,,,COMPLETE
31,31,0.8568558240564756,2025-01-02 23:35:10.781941,2025-01-02 23:35:40.105383,0 days 00:00:29.323442,5,140,185.0,,,,,,,,,,,50.0,135.0,145.0,,,,,,6,6.0,,,,,,,,,,,3.0,3.0,6.0,,,,,,3,3.0,,,,,,,,,,,4.0,3.0,3.0,,,,,,COMPLETE
32,32,0.0,2025-01-02 23:35:40.106126,2025-01-02 23:35:45.325828,0 days 00:00:05.219702,6,125,175.0,,,,,,,,,,,50.0,105.0,135.0,5.0,,,,,6,6.0,,,,,,,,,,,4.0,3.0,6.0,5.0,,,,,4,4.0,,,,,,,,,,,4.0,3.0,3.0,3.0,,,,,COMPLETE
33,33,0.7773910688433283,2025-01-02 23:35:45.327087,2025-01-02 23:36:01.426034,0 days 00:00:16.098947,2,150,160.0,,,,,,,,,,,,,,,,,,,6,5.0,,,,,,,,,,,,,,,,,,,4,3.0,,,,,,,,,,,,,,,,,,,COMPLETE
34,34,0.8802685569474245,2025-01-02 23:36:01.426737,2025-01-02 23:36:36.133941,0 days 00:00:34.707204,6,125,185.0,,,,,,,,,,,25.0,130.0,160.0,180.0,,,,,6,5.0,,,,,,,,,,,3.0,4.0,6.0,6.0,,,,,3,3.0,,,,,,,,,,,4.0,4.0,2.0,2.0,,,,,COMPLETE
35,35,0.7915695202518856,2025-01-02 23:36:36.135028,2025-01-02 23:37:08.248879,0 days 00:00:32.113851,7,85,190.0,,,,,,,,,,,15.0,55.0,170.0,185.0,75.0,,,,5,5.0,,,,,,,,,,,3.0,4.0,6.0,6.0,4.0,,,,2,3.0,,,,,,,,,,,5.0,4.0,2.0,2.0,3.0,,,,COMPLETE
36,36,0.8540468119279515,2025-01-02 23:37:08.250030,2025-01-02 23:37:42.748124,0 days 00:00:34.498094,8,115,165.0,,,,,,,,,,,30.0,160.0,90.0,140.0,170.0,100.0,,,6,4.0,,,,,,,,,,,2.0,5.0,5.0,5.0,3.0,4.0,,,3,2.0,,,,,,,,,,,3.0,4.0,2.0,4.0,5.0,2.0,,,COMPLETE
37,37,0.0,2025-01-02 23:37:42.749289,2025-01-02 23:38:23.314105,0 days 00:00:40.564816,6,90,150.0,,,,,,,,,,,40.0,95.0,125.0,180.0,,,,,5,5.0,,,,,,,,,,,3.0,4.0,6.0,6.0,,,,,6,4.0,,,,,,,,,,,5.0,4.0,2.0,3.0,,,,,COMPLETE
38,38,0.7483089193956591,2025-01-02 23:38:23.315362,2025-01-02 23:38:34.841604,0 days 00:00:11.526242,4,70,130.0,,,,,,,,,,,10.0,125.0,,,,,,,3,4.0,,,,,,,,,,,4.0,5.0,,,,,,,4,3.0,,,,,,,,,,,5.0,2.0,,,,,,,COMPLETE
39,39,0.0,2025-01-02 23:38:34.842610,2025-01-02 23:38:42.281036,0 days 00:00:07.438426,9,105,165.0,,,,,,,,,,,95.0,80.0,160.0,110.0,135.0,35.0,65.0,,6,5.0,,,,,,,,,,,3.0,4.0,5.0,4.0,2.0,2.0,5.0,,2,2.0,,,,,,,,,,,4.0,3.0,4.0,2.0,2.0,6.0,5.0,,COMPLETE
40,40,0.8653887047669431,2025-01-02 23:38:42.282337,2025-01-02 23:38:58.738947,0 days 00:00:16.456610,2,165,135.0,,,,,,,,,,,,,,,,,,,5,5.0,,,,,,,,,,,,,,,,,,,4,5.0,,,,,,,,,,,,,,,,,,,COMPLETE
41,41,0.8488577212370995,2025-01-02 23:38:58.739689,2025-01-02 23:39:15.091412,0 days 00:00:16.351723,2,185,135.0,,,,,,,,,,,,,,,,,,,5,5.0,,,,,,,,,,,,,,,,,,,4,5.0,,,,,,,,,,,,,,,,,,,COMPLETE
42,42,0.8301704487463002,2025-01-02 23:39:15.092133,2025-01-02 23:39:27.966071,0 days 00:00:12.873938,2,165,115.0,,,,,,,,,,,,,,,,,,,4,5.0,,,,,,,,,,,,,,,,,,,4,5.0,,,,,,,,,,,,,,,,,,,COMPLETE
43,43,0.738680525569058,2025-01-02 23:39:27.966794,2025-01-02 23:39:51.215262,0 days 00:00:23.248468,4,125,155.0,,,,,,,,,,,70.0,155.0,,,,,,,5,4.0,,,,,,,,,,,2.0,4.0,,,,,,,3,5.0,,,,,,,,,,,4.0,6.0,,,,,,,COMPLETE
44,44,0.8494335451066348,2025-01-02 23:39:51.216373,2025-01-02 23:40:33.540677,0 days 00:00:42.324304,6,200,170.0,,,,,,,,,,,25.0,110.0,110.0,165.0,,,,,6,5.0,,,,,,,,,,,3.0,4.0,6.0,5.0,,,,,5,4.0,,,,,,,,,,,4.0,4.0,3.0,3.0,,,,,COMPLETE
45,45,0.8704116566781792,2025-01-02 23:40:33.541931,2025-01-02 23:40:46.113339,0 days 00:00:12.571408,2,155,190.0,,,,,,,,,,,,,,,,,,,4,6.0,,,,,,,,,,,,,,,,,,,3,2.0,,,,,,,,,,,,,,,,,,,COMPLETE
46,46,0.8195292719919429,2025-01-02 23:40:46.114037,2025-01-02 23:41:17.140356,0 days 00:00:31.026319,7,145,190.0,,,,,,,,,,,45.0,45.0,155.0,180.0,80.0,,,,2,6.0,,,,,,,,,,,5.0,2.0,4.0,6.0,4.0,,,,3,2.0,,,,,,,,,,,3.0,3.0,4.0,4.0,4.0,,,,COMPLETE
47,47,0.877908060264535,2025-01-02 23:41:17.141620,2025-01-02 23:41:30.961220,0 days 00:00:13.819600,3,130,190.0,,,,,,,,,,,5.0,,,,,,,,4,6.0,,,,,,,,,,,4.0,,,,,,,,3,2.0,,,,,,,,,,,3.0,,,,,,,,COMPLETE
48,48,0.7062670870820889,2025-01-02 23:41:30.961970,2025-01-02 23:41:44.472749,0 days 00:00:13.510779,3,155,195.0,,,,,,,,,,,5.0,,,,,,,,4,6.0,,,,,,,,,,,4.0,,,,,,,,2,2.0,,,,,,,,,,,2.0,,,,,,,,COMPLETE
49,49,0.8145751372516465,2025-01-02 23:41:44.473473,2025-01-02 23:41:47.312137,0 days 00:00:02.838664,1,135,,,,,,,,,,,,,,,,,,,,3,,,,,,,,,,,,,,,,,,,,3,,,,,,,,,,,,,,,,,,,,COMPLETE
50,50,0.8785272878766838,2025-01-02 23:41:47.312727,2025-01-02 23:42:13.936853,0 days 00:00:26.624126,4,170,190.0,,,,,,,,,,,15.0,175.0,,,,,,,4,6.0,,,,,,,,,,,4.0,6.0,,,,,,,2,2.0,,,,,,,,,,,6.0,5.0,,,,,,,COMPLETE
51,51,0.8681522434506739,2025-01-02 23:42:13.937868,2025-01-02 23:42:41.566687,0 days 00:00:27.628819,4,175,190.0,,,,,,,,,,,20.0,185.0,,,,,,,4,6.0,,,,,,,,,,,4.0,6.0,,,,,,,2,2.0,,,,,,,,,,,6.0,5.0,,,,,,,COMPLETE
52,52,0.7472956992060585,2025-01-02 23:42:41.567810,2025-01-02 23:42:58.601231,0 days 00:00:17.033421,3,185,200.0,,,,,,,,,,,15.0,,,,,,,,4,6.0,,,,,,,,,,,5.0,,,,,,,,2,2.0,,,,,,,,,,,6.0,,,,,,,,COMPLETE
53,53,0.8592779193395967,2025-01-02 23:42:58.602054,2025-01-02 23:43:09.633260,0 days 00:00:11.031206,2,110,175.0,,,,,,,,,,,,,,,,,,,4,6.0,,,,,,,,,,,,,,,,,,,2,2.0,,,,,,,,,,,,,,,,,,,COMPLETE
54,54,0.8783703878902555,2025-01-02 23:43:09.633924,2025-01-02 23:43:26.677719,0 days 00:00:17.043795,4,130,70.0,,,,,,,,,,,5.0,175.0,,,,,,,2,6.0,,,,,,,,,,,4.0,5.0,,,,,,,3,2.0,,,,,,,,,,,5.0,5.0,,,,,,,COMPLETE
55,55,0.7010514407627902,2025-01-02 23:43:26.678710,2025-01-02 23:43:47.146814,0 days 00:00:20.468104,4,130,70.0,,,,,,,,,,,5.0,180.0,,,,,,,2,6.0,,,,,,,,,,,4.0,6.0,,,,,,,2,3.0,,,,,,,,,,,5.0,5.0,,,,,,,COMPLETE
56,56,0.6944191050873816,2025-01-02 23:43:47.147942,2025-01-02 23:44:14.622186,0 days 00:00:27.474244,6,95,55.0,,,,,,,,,,,15.0,175.0,45.0,140.0,,,,,3,6.0,,,,,,,,,,,4.0,5.0,3.0,5.0,,,,,3,3.0,,,,,,,,,,,6.0,6.0,5.0,2.0,,,,,COMPLETE
57,57,0.0,2025-01-02 23:44:14.623399,2025-01-02 23:44:17.378154,0 days 00:00:02.754755,5,120,20.0,,,,,,,,,,,30.0,170.0,185.0,,,,,,2,3.0,,,,,,,,,,,4.0,5.0,2.0,,,,,,3,2.0,,,,,,,,,,,5.0,5.0,2.0,,,,,,COMPLETE
58,58,0.0,2025-01-02 23:44:17.379003,2025-01-02 23:44:23.608231,0 days 00:00:06.229228,11,140,45.0,65.0,,,,,,,,,,5.0,190.0,165.0,75.0,5.0,80.0,135.0,60.0,3,4.0,4.0,,,,,,,,,,5.0,6.0,5.0,4.0,6.0,6.0,3.0,3.0,2,2.0,3.0,,,,,,,,,,6.0,5.0,2.0,3.0,6.0,4.0,3.0,3.0,COMPLETE
59,59,0.0,2025-01-02 23:44:23.609955,2025-01-02 23:44:28.483042,0 days 00:00:04.873087,7,195,85.0,,,,,,,,,,,120.0,155.0,75.0,105.0,120.0,,,,3,6.0,,,,,,,,,,,4.0,5.0,5.0,3.0,5.0,,,,3,3.0,,,,,,,,,,,5.0,5.0,5.0,2.0,3.0,,,,COMPLETE
60,60,0.0,2025-01-02 23:44:28.484269,2025-01-02 23:44:29.629614,0 days 00:00:01.145345,3,130,80.0,,,,,,,,,,,25.0,,,,,,,,2,5.0,,,,,,,,,,,4.0,,,,,,,,2,2.0,,,,,,,,,,,4.0,,,,,,,,COMPLETE
61,61,0.8742334026102505,2025-01-02 23:44:29.630299,2025-01-02 23:44:34.074025,0 days 00:00:04.443726,1,155,,,,,,,,,,,,,,,,,,,,4,,,,,,,,,,,,,,,,,,,,3,,,,,,,,,,,,,,,,,,,,COMPLETE
62,62,0.8468178222273408,2025-01-02 23:44:34.074592,2025-01-02 23:44:38.930439,0 days 00:00:04.855847,1,170,,,,,,,,,,,,,,,,,,,,4,,,,,,,,,,,,,,,,,,,,3,,,,,,,,,,,,,,,,,,,,COMPLETE
63,63,0.6666666666666666,2025-01-02 23:44:38.931073,2025-01-02 23:44:50.507858,0 days 00:00:11.576785,16,145,175.0,65.0,65.0,75.0,110.0,5.0,85.0,,,,,30.0,150.0,180.0,65.0,180.0,115.0,90.0,110.0,4,6.0,5.0,4.0,2.0,2.0,2.0,4.0,,,,,6.0,5.0,3.0,4.0,3.0,3.0,2.0,3.0,3,3.0,5.0,6.0,5.0,5.0,4.0,6.0,,,,,3.0,6.0,2.0,4.0,5.0,5.0,2.0,5.0,COMPLETE
64,64,0.8303012237568499,2025-01-02 23:44:50.509313,2025-01-02 23:45:03.202879,0 days 00:00:12.693566,3,160,95.0,,,,,,,,,,,40.0,,,,,,,,4,6.0,,,,,,,,,,,4.0,,,,,,,,3,2.0,,,,,,,,,,,6.0,,,,,,,,COMPLETE
65,65,0.8267091157546937,2025-01-02 23:45:03.203731,2025-01-02 23:45:26.064476,0 days 00:00:22.860745,5,135,65.0,,,,,,,,,,,160.0,120.0,90.0,,,,,,3,2.0,,,,,,,,,,,3.0,6.0,4.0,,,,,,3,4.0,,,,,,,,,,,5.0,5.0,4.0,,,,,,COMPLETE
66,66,0.852209724920378,2025-01-02 23:45:26.065583,2025-01-02 23:45:29.410495,0 days 00:00:03.344912,1,145,,,,,,,,,,,,,,,,,,,,4,,,,,,,,,,,,,,,,,,,,2,,,,,,,,,,,,,,,,,,,,COMPLETE
67,67,0.7721724805579624,2025-01-02 23:45:29.411099,2025-01-02 23:45:49.024605,0 days 00:00:19.613506,4,120,115.0,,,,,,,,,,,15.0,130.0,,,,,,,6,5.0,,,,,,,,,,,5.0,5.0,,,,,,,4,2.0,,,,,,,,,,,3.0,4.0,,,,,,,COMPLETE
68,68,0.8713604540313018,2025-01-02 23:45:49.025532,2025-01-02 23:46:11.519394,0 days 00:00:22.493862,5,155,185.0,,,,,,,,,,,55.0,80.0,140.0,,,,,,6,6.0,,,,,,,,,,,3.0,6.0,5.0,,,,,,3,3.0,,,,,,,,,,,3.0,6.0,3.0,,,,,,COMPLETE
69,69,0.8731886534179603,2025-01-02 23:46:11.520553,2025-01-02 23:46:26.913461,0 days 00:00:15.392908,4,105,30.0,,,,,,,,,,,10.0,170.0,,,,,,,4,5.0,,,,,,,,,,,4.0,5.0,,,,,,,2,2.0,,,,,,,,,,,4.0,5.0,,,,,,,COMPLETE
70,70,0.0,2025-01-02 23:46:26.914479,2025-01-02 23:46:33.449824,0 days 00:00:06.535345,6,180,170.0,,,,,,,,,,,35.0,200.0,195.0,85.0,,,,,6,4.0,,,,,,,,,,,2.0,4.0,4.0,6.0,,,,,5,4.0,,,,,,,,,,,4.0,4.0,4.0,5.0,,,,,COMPLETE
71,71,0.7699395079864548,2025-01-02 23:46:33.451029,2025-01-02 23:46:49.222781,0 days 00:00:15.771752,4,110,25.0,,,,,,,,,,,10.0,185.0,,,,,,,4,4.0,,,,,,,,,,,4.0,5.0,,,,,,,2,2.0,,,,,,,,,,,4.0,5.0,,,,,,,COMPLETE
72,72,0.8765485047576385,2025-01-02 23:46:49.223633,2025-01-02 23:46:55.062972,0 days 00:00:05.839339,3,100,25.0,,,,,,,,,,,20.0,,,,,,,,4,5.0,,,,,,,,,,,4.0,,,,,,,,2,2.0,,,,,,,,,,,3.0,,,,,,,,COMPLETE
73,73,0.8857214197798841,2025-01-02 23:46:55.063701,2025-01-02 23:47:01.809466,0 days 00:00:06.745765,3,70,10.0,,,,,,,,,,,20.0,,,,,,,,4,6.0,,,,,,,,,,,4.0,,,,,,,,2,2.0,,,,,,,,,,,3.0,,,,,,,,COMPLETE
74,74,0.8743736536018369,2025-01-02 23:47:01.810225,2025-01-02 23:47:08.329564,0 days 00:00:06.519339,3,70,40.0,,,,,,,,,,,20.0,,,,,,,,4,6.0,,,,,,,,,,,4.0,,,,,,,,2,2.0,,,,,,,,,,,3.0,,,,,,,,COMPLETE
75,75,0.8166697876340901,2025-01-02 23:47:08.330289,2025-01-02 23:47:22.055365,0 days 00:00:13.725076,5,80,5.0,,,,,,,,,,,25.0,145.0,40.0,,,,,,3,6.0,,,,,,,,,,,4.0,4.0,5.0,,,,,,2,2.0,,,,,,,,,,,3.0,4.0,6.0,,,,,,COMPLETE
76,76,0.8771985124724382,2025-01-02 23:47:22.056385,2025-01-02 23:47:28.540537,0 days 00:00:06.484152,3,60,15.0,,,,,,,,,,,40.0,,,,,,,,4,6.0,,,,,,,,,,,4.0,,,,,,,,2,2.0,,,,,,,,,,,3.0,,,,,,,,COMPLETE
77,77,0.0,2025-01-02 23:47:28.541287,2025-01-02 23:47:42.782266,0 days 00:00:14.240979,5,55,55.0,,,,,,,,,,,35.0,55.0,75.0,,,,,,6,6.0,,,,,,,,,,,3.0,3.0,6.0,,,,,,2,2.0,,,,,,,,,,,3.0,2.0,2.0,,,,,,COMPLETE
78,78,0.7838834529245489,2025-01-02 23:47:42.783231,2025-01-02 23:48:06.140623,0 days 00:00:23.357392,6,40,20.0,,,,,,,,,,,45.0,25.0,155.0,150.0,,,,,5,6.0,,,,,,,,,,,4.0,6.0,2.0,6.0,,,,,2,2.0,,,,,,,,,,,2.0,4.0,3.0,6.0,,,,,COMPLETE
79,79,0.6377779686149231,2025-01-02 23:48:06.141966,2025-01-02 23:48:11.091935,0 days 00:00:04.949969,2,65,10.0,,,,,,,,,,,,,,,,,,,4,6.0,,,,,,,,,,,,,,,,,,,2,2.0,,,,,,,,,,,,,,,,,,,COMPLETE
80,80,0.7733538438851282,2025-01-02 23:48:11.092598,2025-01-02 23:48:24.184498,0 days 00:00:13.091900,4,20,10.0,,,,,,,,,,,60.0,105.0,,,,,,,6,6.0,,,,,,,,,,,5.0,4.0,,,,,,,2,2.0,,,,,,,,,,,3.0,5.0,,,,,,,COMPLETE
81,81,0.8529129891185385,2025-01-02 23:48:24.185488,2025-01-02 23:48:30.600644,0 days 00:00:06.415156,3,45,15.0,,,,,,,,,,,20.0,,,,,,,,4,6.0,,,,,,,,,,,4.0,,,,,,,,2,2.0,,,,,,,,,,,3.0,,,,,,,,COMPLETE
82,82,0.8518408324977623,2025-01-02 23:48:30.601397,2025-01-02 23:48:37.205129,0 days 00:00:06.603732,3,65,30.0,,,,,,,,,,,10.0,,,,,,,,4,6.0,,,,,,,,,,,4.0,,,,,,,,2,2.0,,,,,,,,,,,3.0,,,,,,,,COMPLETE
83,83,0.8002461915196611,2025-01-02 23:48:37.205869,2025-01-02 23:48:42.416652,0 days 00:00:05.210783,2,95,5.0,,,,,,,,,,,,,,,,,,,4,6.0,,,,,,,,,,,,,,,,,,,2,2.0,,,,,,,,,,,,,,,,,,,COMPLETE
84,84,0.8787578298950178,2025-01-02 23:48:42.417326,2025-01-02 23:48:52.605277,0 days 00:00:10.187951,4,75,195.0,,,,,,,,,,,30.0,65.0,,,,,,,4,5.0,,,,,,,,,,,4.0,2.0,,,,,,,2,2.0,,,,,,,,,,,3.0,3.0,,,,,,,COMPLETE
85,85,0.0,2025-01-02 23:48:52.606008,2025-01-02 23:48:56.937409,0 days 00:00:04.331401,7,80,200.0,,,,,,,,,,,30.0,70.0,175.0,50.0,55.0,,,,4,4.0,,,,,,,,,,,3.0,2.0,5.0,5.0,4.0,,,,2,2.0,,,,,,,,,,,3.0,3.0,5.0,3.0,2.0,,,,COMPLETE
