,number,value,datetime_start,datetime_complete,duration,params_depth,params_neurons_layer_0,params_neurons_layer_1,params_neurons_layer_10,params_neurons_layer_11,params_neurons_layer_12,params_neurons_layer_13,params_neurons_layer_14,params_neurons_layer_15,params_neurons_layer_16,params_neurons_layer_17,params_neurons_layer_18,params_neurons_layer_19,params_neurons_layer_2,params_neurons_layer_3,params_neurons_layer_4,params_neurons_layer_5,params_neurons_layer_6,params_neurons_layer_7,params_neurons_layer_8,params_neurons_layer_9,params_orders1_layer_0,params_orders1_layer_1,params_orders1_layer_10,params_orders1_layer_11,params_orders1_layer_12,params_orders1_layer_13,params_orders1_layer_14,params_orders1_layer_15,params_orders1_layer_16,params_orders1_layer_17,params_orders1_layer_18,params_orders1_layer_19,params_orders1_layer_2,params_orders1_layer_3,params_orders1_layer_4,params_orders1_layer_5,params_orders1_layer_6,params_orders1_layer_7,params_orders1_layer_8,params_orders1_layer_9,params_orders2_layer_0,params_orders2_layer_1,params_orders2_layer_10,params_orders2_layer_11,params_orders2_layer_12,params_orders2_layer_13,params_orders2_layer_14,params_orders2_layer_15,params_orders2_layer_16,params_orders2_layer_17,params_orders2_layer_18,params_orders2_layer_19,params_orders2_layer_2,params_orders2_layer_3,params_orders2_layer_4,params_orders2_layer_5,params_orders2_layer_6,params_orders2_layer_7,params_orders2_layer_8,params_orders2_layer_9,state
87,87,0.9344813335170133,2025-01-03 00:03:49.734509,2025-01-03 00:03:52.041000,0 days 00:00:02.306491,1,20,,,,,,,,,,,,,,,,,,,,5,,,,,,,,,,,,,,,,,,,,2,,,,,,,,,,,,,,,,,,,,COMPLETE
88,88,0.9375746450214535,2025-01-03 00:03:52.041513,2025-01-03 00:03:57.755493,0 days 00:00:05.713980,2,55,165.0,,,,,,,,,,,,,,,,,,,4,6.0,,,,,,,,,,,,,,,,,,,2,5.0,,,,,,,,,,,,,,,,,,,COMPLETE
89,89,0.936936114942652,2025-01-03 00:03:57.756146,2025-01-03 00:04:06.588106,0 days 00:00:08.831960,3,65,80.0,,,,,,,,,,,180.0,,,,,,,,6,6.0,,,,,,,,,,,2.0,,,,,,,,2,2.0,,,,,,,,,,,6.0,,,,,,,,COMPLETE
90,90,0.8872721999323246,2025-01-03 00:04:06.588902,2025-01-03 00:04:08.935826,0 days 00:00:02.346924,1,5,,,,,,,,,,,,,,,,,,,,5,,,,,,,,,,,,,,,,,,,,2,,,,,,,,,,,,,,,,,,,,COMPLETE
91,91,0.0,2025-01-03 00:04:08.936332,2025-01-03 00:04:13.497931,0 days 00:00:04.561599,13,105,195.0,35.0,145.0,100.0,,,,,,,,150.0,105.0,135.0,115.0,105.0,120.0,80.0,200.0,5,6.0,6.0,4.0,4.0,,,,,,,,4.0,2.0,5.0,3.0,4.0,4.0,5.0,2.0,2,2.0,2.0,3.0,5.0,,,,,,,,3.0,3.0,3.0,5.0,2.0,4.0,5.0,5.0,COMPLETE
92,92,0.0,2025-01-03 00:04:13.499680,2025-01-03 00:04:19.276936,0 days 00:00:05.777256,2,165,175.0,,,,,,,,,,,,,,,,,,,5,5.0,,,,,,,,,,,,,,,,,,,4,2.0,,,,,,,,,,,,,,,,,,,COMPLETE
93,93,0.9422586735236943,2025-01-03 00:04:19.277542,2025-01-03 00:04:26.553566,0 days 00:00:07.276024,4,95,155.0,,,,,,,,,,,95.0,165.0,,,,,,,5,6.0,,,,,,,,,,,2.0,3.0,,,,,,,2,4.0,,,,,,,,,,,3.0,2.0,,,,,,,COMPLETE
94,94,0.9464166857616725,2025-01-03 00:04:26.554309,2025-01-03 00:04:37.900697,0 days 00:00:11.346388,5,100,195.0,,,,,,,,,,,5.0,195.0,90.0,,,,,,5,5.0,,,,,,,,,,,4.0,5.0,6.0,,,,,,2,3.0,,,,,,,,,,,2.0,3.0,4.0,,,,,,COMPLETE
95,95,0.9368024696485181,2025-01-03 00:04:37.901755,2025-01-03 00:04:40.220963,0 days 00:00:02.319208,1,40,,,,,,,,,,,,,,,,,,,,5,,,,,,,,,,,,,,,,,,,,2,,,,,,,,,,,,,,,,,,,,COMPLETE
96,96,0.0,2025-01-03 00:04:40.221500,2025-01-03 00:04:46.923941,0 days 00:00:06.702441,18,120,145.0,110.0,45.0,15.0,190.0,200.0,10.0,80.0,120.0,,,80.0,90.0,190.0,80.0,70.0,200.0,130.0,90.0,6,6.0,2.0,3.0,5.0,3.0,5.0,2.0,2.0,3.0,,,3.0,4.0,3.0,4.0,6.0,6.0,3.0,6.0,3,2.0,4.0,4.0,3.0,3.0,3.0,3.0,4.0,6.0,,,5.0,2.0,4.0,3.0,4.0,6.0,3.0,3.0,COMPLETE
97,97,0.9582619117298661,2025-01-03 00:04:46.925529,2025-01-03 00:04:52.670769,0 days 00:00:05.745240,3,145,180.0,,,,,,,,,,,135.0,,,,,,,,5,5.0,,,,,,,,,,,4.0,,,,,,,,2,3.0,,,,,,,,,,,2.0,,,,,,,,COMPLETE
98,98,0.9591895594491311,2025-01-03 00:04:52.671480,2025-01-03 00:04:57.244814,0 days 00:00:04.573334,3,180,185.0,,,,,,,,,,,135.0,,,,,,,,5,5.0,,,,,,,,,,,2.0,,,,,,,,2,2.0,,,,,,,,,,,2.0,,,,,,,,COMPLETE
99,99,0.6666666666666666,2025-01-03 00:04:57.245430,2025-01-03 00:04:58.601135,0 days 00:00:01.355705,3,185,180.0,,,,,,,,,,,135.0,,,,,,,,4,5.0,,,,,,,,,,,2.0,,,,,,,,2,2.0,,,,,,,,,,,2.0,,,,,,,,COMPLETE
