,number,value,datetime_start,datetime_complete,duration,params_depth,params_neurons_layer_0,params_neurons_layer_1,params_neurons_layer_10,params_neurons_layer_11,params_neurons_layer_12,params_neurons_layer_13,params_neurons_layer_14,params_neurons_layer_15,params_neurons_layer_16,params_neurons_layer_17,params_neurons_layer_18,params_neurons_layer_19,params_neurons_layer_2,params_neurons_layer_3,params_neurons_layer_4,params_neurons_layer_5,params_neurons_layer_6,params_neurons_layer_7,params_neurons_layer_8,params_neurons_layer_9,params_orders1_layer_0,params_orders1_layer_1,params_orders1_layer_10,params_orders1_layer_11,params_orders1_layer_12,params_orders1_layer_13,params_orders1_layer_14,params_orders1_layer_15,params_orders1_layer_16,params_orders1_layer_17,params_orders1_layer_18,params_orders1_layer_19,params_orders1_layer_2,params_orders1_layer_3,params_orders1_layer_4,params_orders1_layer_5,params_orders1_layer_6,params_orders1_layer_7,params_orders1_layer_8,params_orders1_layer_9,params_orders2_layer_0,params_orders2_layer_1,params_orders2_layer_10,params_orders2_layer_11,params_orders2_layer_12,params_orders2_layer_13,params_orders2_layer_14,params_orders2_layer_15,params_orders2_layer_16,params_orders2_layer_17,params_orders2_layer_18,params_orders2_layer_19,params_orders2_layer_2,params_orders2_layer_3,params_orders2_layer_4,params_orders2_layer_5,params_orders2_layer_6,params_orders2_layer_7,params_orders2_layer_8,params_orders2_layer_9,state
0,0,0.4865319865319865,2025-01-02 22:44:10.948362,2025-01-02 22:44:14.011207,0 days 00:00:03.062845,1,95,,,,,,,,,,,,,,,,,,,,5,,,,,,,,,,,,,,,,,,,,6,,,,,,,,,,,,,,,,,,,,COMPLETE
1,1,0.0,2025-01-02 22:44:14.011759,2025-01-02 22:44:18.811914,0 days 00:00:04.800155,13,130,135.0,50.0,200.0,145.0,,,,,,,,30.0,55.0,65.0,40.0,60.0,20.0,90.0,40.0,5,3.0,4.0,5.0,5.0,,,,,,,,5.0,2.0,5.0,4.0,5.0,6.0,2.0,2.0,5,3.0,4.0,2.0,3.0,,,,,,,,6.0,4.0,3.0,4.0,3.0,2.0,6.0,5.0,COMPLETE
2,2,0.0,2025-01-02 22:44:18.814249,2025-01-02 22:44:27.466116,0 days 00:00:08.651867,16,175,70.0,75.0,55.0,120.0,60.0,55.0,200.0,,,,,115.0,45.0,10.0,195.0,120.0,195.0,165.0,110.0,4,6.0,6.0,6.0,3.0,5.0,6.0,5.0,,,,,5.0,4.0,4.0,3.0,2.0,5.0,2.0,6.0,2,2.0,2.0,3.0,5.0,6.0,5.0,3.0,,,,,5.0,2.0,3.0,4.0,2.0,2.0,4.0,6.0,COMPLETE
3,3,0.6666666666666666,2025-01-02 22:44:27.467569,2025-01-02 22:44:39.706040,0 days 00:00:12.238471,20,165,5.0,30.0,190.0,125.0,100.0,180.0,145.0,15.0,175.0,95.0,185.0,30.0,30.0,35.0,130.0,165.0,165.0,65.0,65.0,6,6.0,2.0,2.0,6.0,2.0,6.0,5.0,3.0,4.0,4.0,6.0,5.0,5.0,4.0,2.0,3.0,6.0,2.0,5.0,5,5.0,6.0,5.0,6.0,2.0,4.0,3.0,5.0,2.0,6.0,2.0,2.0,2.0,6.0,6.0,6.0,6.0,4.0,3.0,COMPLETE
4,4,0.0,2025-01-02 22:44:39.709502,2025-01-02 22:45:22.983294,0 days 00:00:43.273792,13,195,40.0,190.0,180.0,110.0,,,,,,,,190.0,55.0,10.0,175.0,150.0,85.0,75.0,25.0,2,3.0,4.0,5.0,5.0,,,,,,,,5.0,4.0,6.0,6.0,6.0,3.0,4.0,6.0,5,6.0,2.0,2.0,2.0,,,,,,,,5.0,5.0,5.0,5.0,2.0,5.0,5.0,2.0,COMPLETE
5,5,0.5244444444444445,2025-01-02 22:45:22.985707,2025-01-02 22:45:25.437912,0 days 00:00:02.452205,1,160,,,,,,,,,,,,,,,,,,,,5,,,,,,,,,,,,,,,,,,,,5,,,,,,,,,,,,,,,,,,,,COMPLETE
6,6,0.0,2025-01-02 22:45:25.438992,2025-01-02 22:45:48.648516,0 days 00:00:23.209524,20,15,25.0,55.0,50.0,75.0,50.0,180.0,110.0,25.0,145.0,115.0,55.0,20.0,150.0,85.0,60.0,40.0,110.0,55.0,15.0,5,2.0,3.0,6.0,6.0,5.0,3.0,6.0,6.0,4.0,6.0,3.0,6.0,6.0,6.0,6.0,6.0,5.0,3.0,4.0,6,5.0,6.0,5.0,2.0,2.0,4.0,6.0,2.0,2.0,3.0,2.0,5.0,5.0,3.0,2.0,4.0,2.0,3.0,6.0,COMPLETE
7,7,0.0,2025-01-02 22:45:48.652271,2025-01-02 22:46:32.953199,0 days 00:00:44.300928,16,165,95.0,35.0,110.0,195.0,60.0,115.0,185.0,,,,,135.0,20.0,50.0,60.0,55.0,130.0,155.0,130.0,3,2.0,6.0,3.0,6.0,3.0,3.0,6.0,,,,,4.0,5.0,3.0,5.0,2.0,4.0,2.0,2.0,2,6.0,2.0,4.0,6.0,4.0,4.0,2.0,,,,,5.0,4.0,5.0,6.0,4.0,5.0,4.0,3.0,COMPLETE
8,8,0.0,2025-01-02 22:46:32.955315,2025-01-02 22:46:41.508349,0 days 00:00:08.553034,17,80,145.0,185.0,180.0,145.0,105.0,100.0,45.0,120.0,,,,65.0,165.0,60.0,15.0,65.0,45.0,130.0,150.0,6,4.0,6.0,3.0,2.0,2.0,6.0,6.0,5.0,,,,4.0,3.0,2.0,6.0,3.0,5.0,3.0,6.0,2,6.0,5.0,4.0,4.0,6.0,4.0,2.0,4.0,,,,6.0,4.0,6.0,4.0,3.0,5.0,2.0,5.0,COMPLETE
9,9,0.0,2025-01-02 22:46:41.511077,2025-01-02 22:46:51.765293,0 days 00:00:10.254216,17,55,90.0,145.0,95.0,85.0,100.0,35.0,70.0,130.0,,,,35.0,70.0,175.0,15.0,125.0,180.0,50.0,60.0,4,6.0,2.0,3.0,5.0,3.0,6.0,2.0,4.0,,,,5.0,5.0,6.0,4.0,3.0,5.0,2.0,6.0,3,3.0,5.0,5.0,6.0,5.0,4.0,5.0,2.0,,,,3.0,5.0,5.0,6.0,3.0,5.0,4.0,5.0,COMPLETE
10,10,0.0,2025-01-02 22:46:51.767949,2025-01-02 22:46:54.657464,0 days 00:00:02.889515,7,130,190.0,,,,,,,,,,,85.0,120.0,140.0,130.0,200.0,,,,6,5.0,,,,,,,,,,,2.0,6.0,4.0,2.0,4.0,,,,4,4.0,,,,,,,,,,,2.0,2.0,6.0,2.0,6.0,,,,COMPLETE
11,11,0.0,2025-01-02 22:46:54.659469,2025-01-02 22:46:56.815356,0 days 00:00:02.155887,6,140,10.0,,,,,,,,,,,5.0,5.0,120.0,115.0,,,,,6,5.0,,,,,,,,,,,2.0,5.0,2.0,2.0,,,,,5,4.0,,,,,,,,,,,2.0,3.0,2.0,5.0,,,,,COMPLETE
12,12,0.5835866261398176,2025-01-02 22:46:56.817039,2025-01-02 22:46:58.465943,0 days 00:00:01.648904,1,195,,,,,,,,,,,,,,,,,,,,5,,,,,,,,,,,,,,,,,,,,4,,,,,,,,,,,,,,,,,,,,COMPLETE
13,13,0.0,2025-01-02 22:46:58.466993,2025-01-02 22:47:02.018436,0 days 00:00:03.551443,7,200,200.0,,,,,,,,,,,170.0,100.0,40.0,150.0,195.0,,,,6,5.0,,,,,,,,,,,3.0,3.0,4.0,3.0,4.0,,,,4,5.0,,,,,,,,,,,3.0,6.0,4.0,3.0,6.0,,,,COMPLETE
14,14,0.5944942777605939,2025-01-02 22:47:02.020465,2025-01-02 22:47:09.011105,0 days 00:00:06.990640,4,180,50.0,,,,,,,,,,,60.0,90.0,,,,,,,5,6.0,,,,,,,,,,,6.0,4.0,,,,,,,3,5.0,,,,,,,,,,,3.0,3.0,,,,,,,COMPLETE
15,15,0.6363636363636364,2025-01-02 22:47:09.012674,2025-01-02 22:47:15.132745,0 days 00:00:06.120071,4,115,50.0,,,,,,,,,,,60.0,100.0,,,,,,,3,6.0,,,,,,,,,,,6.0,4.0,,,,,,,3,5.0,,,,,,,,,,,3.0,3.0,,,,,,,COMPLETE
16,16,0.3136327817178881,2025-01-02 22:47:15.134228,2025-01-02 22:47:25.637261,0 days 00:00:10.503033,9,105,5.0,,,,,,,,,,,60.0,125.0,190.0,85.0,155.0,155.0,10.0,,3,6.0,,,,,,,,,,,6.0,5.0,3.0,3.0,3.0,2.0,6.0,,3,4.0,,,,,,,,,,,2.0,3.0,6.0,5.0,5.0,6.0,2.0,,COMPLETE
17,17,0.6666666666666666,2025-01-02 22:47:25.639704,2025-01-02 22:47:34.210960,0 days 00:00:08.571256,12,145,60.0,5.0,5.0,,,,,,,,,95.0,195.0,100.0,150.0,15.0,75.0,195.0,180.0,2,5.0,2.0,2.0,,,,,,,,,6.0,3.0,5.0,2.0,5.0,6.0,6.0,4.0,4,5.0,6.0,6.0,,,,,,,,,4.0,2.0,4.0,6.0,5.0,6.0,6.0,3.0,COMPLETE
18,18,0.6666666666666666,2025-01-02 22:47:34.214325,2025-01-02 22:47:44.770920,0 days 00:00:10.556595,20,150,70.0,5.0,20.0,5.0,185.0,200.0,130.0,15.0,200.0,10.0,200.0,125.0,200.0,105.0,150.0,5.0,70.0,200.0,200.0,2,4.0,2.0,2.0,4.0,2.0,4.0,3.0,2.0,3.0,3.0,6.0,5.0,2.0,5.0,2.0,5.0,6.0,6.0,4.0,6,5.0,6.0,6.0,5.0,2.0,2.0,4.0,6.0,3.0,6.0,4.0,4.0,2.0,4.0,6.0,5.0,6.0,6.0,3.0,COMPLETE
19,19,0.0,2025-01-02 22:47:44.774153,2025-01-02 22:47:51.019529,0 days 00:00:06.245376,11,60,130.0,20.0,,,,,,,,,,100.0,190.0,150.0,100.0,85.0,135.0,120.0,75.0,4,5.0,2.0,,,,,,,,,,4.0,3.0,5.0,2.0,5.0,6.0,5.0,5.0,5,4.0,5.0,,,,,,,,,,4.0,2.0,4.0,6.0,5.0,4.0,5.0,3.0,COMPLETE
20,20,0.0,2025-01-02 22:47:51.022065,2025-01-02 22:48:25.282245,0 days 00:00:34.260180,13,5,30.0,105.0,135.0,35.0,,,,,,,,145.0,140.0,85.0,155.0,15.0,60.0,15.0,200.0,2,4.0,3.0,2.0,4.0,,,,,,,,6.0,3.0,3.0,3.0,4.0,4.0,5.0,3.0,4,6.0,6.0,6.0,4.0,,,,,,,,4.0,2.0,5.0,5.0,6.0,6.0,5.0,2.0,COMPLETE
21,21,0.0,2025-01-02 22:48:25.285591,2025-01-02 22:48:34.872427,0 days 00:00:09.586836,19,150,70.0,5.0,5.0,5.0,195.0,200.0,130.0,15.0,190.0,30.0,,130.0,200.0,110.0,140.0,10.0,80.0,200.0,190.0,2,4.0,2.0,2.0,4.0,2.0,4.0,3.0,2.0,3.0,3.0,,5.0,2.0,5.0,2.0,5.0,6.0,6.0,4.0,6,5.0,6.0,6.0,5.0,2.0,2.0,4.0,6.0,3.0,6.0,,4.0,2.0,4.0,6.0,5.0,6.0,6.0,3.0,COMPLETE
22,22,0.0,2025-01-02 22:48:34.875226,2025-01-02 22:48:45.329028,0 days 00:00:10.453802,19,145,70.0,5.0,5.0,45.0,195.0,155.0,145.0,55.0,200.0,5.0,,160.0,175.0,90.0,170.0,25.0,50.0,200.0,165.0,2,5.0,3.0,2.0,3.0,2.0,4.0,4.0,2.0,2.0,3.0,,5.0,2.0,5.0,2.0,5.0,6.0,5.0,5.0,6,5.0,6.0,6.0,5.0,3.0,2.0,4.0,6.0,3.0,6.0,,4.0,3.0,4.0,6.0,5.0,6.0,6.0,4.0,COMPLETE
23,23,0.6666666666666666,2025-01-02 22:48:45.332024,2025-01-02 22:48:55.079461,0 days 00:00:09.747437,20,120,100.0,30.0,35.0,180.0,145.0,150.0,160.0,70.0,40.0,200.0,195.0,100.0,175.0,130.0,120.0,5.0,95.0,165.0,170.0,3,3.0,2.0,2.0,3.0,3.0,5.0,4.0,3.0,6.0,5.0,6.0,5.0,2.0,5.0,3.0,6.0,6.0,6.0,4.0,6,5.0,4.0,5.0,6.0,3.0,3.0,4.0,5.0,5.0,5.0,5.0,4.0,2.0,4.0,5.0,6.0,4.0,5.0,3.0,COMPLETE
24,24,0.0,2025-01-02 22:48:55.082991,2025-01-02 22:49:42.111326,0 days 00:00:47.028335,15,170,65.0,85.0,30.0,60.0,5.0,200.0,,,,,,85.0,200.0,155.0,200.0,95.0,5.0,185.0,85.0,2,5.0,3.0,3.0,6.0,4.0,2.0,,,,,,3.0,3.0,4.0,2.0,5.0,5.0,4.0,5.0,5,6.0,5.0,6.0,5.0,2.0,6.0,,,,,,3.0,2.0,3.0,6.0,5.0,6.0,3.0,4.0,COMPLETE
25,25,0.0,2025-01-02 22:49:42.113515,2025-01-02 22:49:50.266066,0 days 00:00:08.152551,18,155,120.0,10.0,90.0,10.0,150.0,150.0,95.0,195.0,135.0,,,200.0,160.0,25.0,160.0,175.0,70.0,140.0,115.0,3,4.0,2.0,2.0,4.0,6.0,5.0,3.0,3.0,4.0,,,4.0,2.0,4.0,4.0,3.0,6.0,6.0,3.0,4,3.0,6.0,5.0,6.0,3.0,3.0,3.0,4.0,2.0,,,2.0,3.0,5.0,6.0,5.0,3.0,6.0,2.0,COMPLETE
26,26,0.0,2025-01-02 22:49:50.268485,2025-01-02 22:50:24.434077,0 days 00:00:34.165592,11,180,165.0,40.0,,,,,,,,,,120.0,185.0,100.0,100.0,35.0,115.0,105.0,185.0,2,5.0,4.0,,,,,,,,,,6.0,3.0,5.0,2.0,4.0,6.0,4.0,3.0,5,5.0,4.0,,,,,,,,,,4.0,2.0,2.0,5.0,6.0,5.0,4.0,4.0,COMPLETE
27,27,0.0,2025-01-02 22:50:24.436943,2025-01-02 22:50:37.019862,0 days 00:00:12.582919,18,130,25.0,65.0,140.0,140.0,135.0,105.0,15.0,10.0,200.0,,,80.0,30.0,70.0,180.0,80.0,30.0,180.0,140.0,3,6.0,3.0,4.0,5.0,2.0,4.0,4.0,3.0,5.0,,,5.0,6.0,6.0,3.0,4.0,5.0,5.0,4.0,6,4.0,6.0,6.0,5.0,4.0,6.0,3.0,5.0,4.0,,,5.0,3.0,4.0,3.0,4.0,6.0,3.0,3.0,COMPLETE
28,28,0.0,2025-01-02 22:50:37.023049,2025-01-02 22:50:47.807697,0 days 00:00:10.784648,14,90,80.0,110.0,65.0,170.0,100.0,,,,,,,150.0,75.0,30.0,135.0,120.0,160.0,45.0,55.0,4,4.0,5.0,3.0,2.0,3.0,,,,,,,6.0,2.0,4.0,5.0,5.0,3.0,3.0,5.0,5,5.0,3.0,5.0,4.0,2.0,,,,,,,3.0,2.0,3.0,6.0,4.0,6.0,5.0,3.0,COMPLETE
29,29,0.24444444444444444,2025-01-02 22:50:47.809649,2025-01-02 22:51:20.087228,0 days 00:00:32.277579,9,105,50.0,,,,,,,,,,,45.0,130.0,110.0,120.0,140.0,100.0,75.0,,2,4.0,,,,,,,,,,,3.0,5.0,5.0,2.0,6.0,4.0,6.0,,6,6.0,,,,,,,,,,,6.0,6.0,5.0,5.0,5.0,5.0,6.0,,COMPLETE
30,30,0.0,2025-01-02 22:51:20.090292,2025-01-02 22:51:28.545213,0 days 00:00:08.454921,20,140,115.0,25.0,25.0,90.0,160.0,175.0,165.0,55.0,140.0,90.0,200.0,5.0,145.0,165.0,145.0,45.0,70.0,30.0,90.0,3,3.0,2.0,2.0,4.0,4.0,5.0,2.0,2.0,3.0,2.0,6.0,4.0,3.0,3.0,3.0,4.0,6.0,5.0,5.0,6,4.0,5.0,6.0,3.0,3.0,3.0,5.0,5.0,3.0,4.0,2.0,2.0,3.0,4.0,6.0,6.0,3.0,5.0,2.0,COMPLETE
31,31,0.0,2025-01-02 22:51:28.547840,2025-01-02 22:51:40.780467,0 days 00:00:12.232627,20,125,110.0,25.0,25.0,200.0,170.0,145.0,150.0,65.0,25.0,185.0,200.0,105.0,175.0,125.0,115.0,5.0,95.0,175.0,160.0,3,3.0,2.0,2.0,3.0,3.0,5.0,4.0,3.0,6.0,5.0,6.0,5.0,2.0,5.0,3.0,6.0,6.0,6.0,4.0,6,5.0,3.0,5.0,6.0,3.0,3.0,4.0,5.0,6.0,6.0,5.0,4.0,2.0,4.0,5.0,6.0,4.0,5.0,3.0,COMPLETE
32,32,0.6666666666666666,2025-01-02 22:51:40.783708,2025-01-02 22:51:49.944389,0 days 00:00:09.160681,18,115,100.0,35.0,40.0,175.0,125.0,175.0,125.0,80.0,40.0,,,100.0,185.0,135.0,130.0,20.0,120.0,155.0,175.0,2,3.0,2.0,2.0,3.0,2.0,5.0,5.0,3.0,6.0,,,5.0,2.0,5.0,2.0,6.0,6.0,6.0,4.0,6,5.0,4.0,5.0,6.0,2.0,2.0,5.0,6.0,5.0,,,4.0,2.0,4.0,6.0,6.0,4.0,6.0,3.0,COMPLETE
33,33,0.0,2025-01-02 22:51:49.947162,2025-01-02 22:51:55.152587,0 days 00:00:05.205425,16,155,90.0,5.0,5.0,170.0,175.0,135.0,170.0,,,,,120.0,200.0,130.0,90.0,25.0,90.0,200.0,195.0,4,3.0,2.0,2.0,3.0,3.0,5.0,3.0,,,,,5.0,2.0,5.0,2.0,5.0,6.0,6.0,4.0,5,5.0,3.0,4.0,6.0,3.0,3.0,3.0,,,,,4.0,2.0,4.0,5.0,6.0,4.0,5.0,4.0,COMPLETE
34,34,0.6666666666666666,2025-01-02 22:51:55.154788,2025-01-02 22:52:04.519096,0 days 00:00:09.364308,19,185,80.0,45.0,75.0,125.0,125.0,175.0,100.0,40.0,70.0,195.0,,90.0,170.0,95.0,165.0,35.0,70.0,180.0,175.0,3,2.0,3.0,3.0,4.0,2.0,6.0,5.0,4.0,3.0,4.0,,5.0,2.0,6.0,3.0,6.0,5.0,5.0,3.0,5,4.0,4.0,5.0,5.0,2.0,2.0,4.0,5.0,5.0,5.0,,5.0,2.0,3.0,6.0,5.0,3.0,6.0,3.0,COMPLETE
35,35,0.0,2025-01-02 22:52:04.521740,2025-01-02 22:52:43.148736,0 days 00:00:38.626996,15,120,145.0,25.0,20.0,30.0,80.0,195.0,,,,,,75.0,155.0,70.0,80.0,5.0,145.0,150.0,175.0,2,3.0,2.0,4.0,2.0,3.0,3.0,,,,,,6.0,4.0,5.0,2.0,5.0,6.0,6.0,4.0,6,2.0,5.0,6.0,6.0,3.0,5.0,,,,,,3.0,2.0,3.0,4.0,6.0,6.0,5.0,2.0,COMPLETE
36,36,0.0,2025-01-02 22:52:43.150707,2025-01-02 22:52:55.179741,0 days 00:00:12.029034,20,160,60.0,20.0,125.0,100.0,140.0,75.0,140.0,95.0,90.0,80.0,190.0,110.0,185.0,200.0,125.0,60.0,50.0,185.0,125.0,2,5.0,3.0,2.0,4.0,2.0,5.0,3.0,2.0,5.0,4.0,6.0,5.0,3.0,4.0,4.0,5.0,5.0,3.0,5.0,4,6.0,6.0,6.0,5.0,2.0,3.0,4.0,5.0,2.0,5.0,6.0,6.0,4.0,5.0,5.0,5.0,5.0,6.0,4.0,COMPLETE
37,37,0.6666666666666666,2025-01-02 22:52:55.182821,2025-01-02 22:53:17.961101,0 days 00:00:22.778280,17,140,40.0,135.0,40.0,65.0,175.0,125.0,170.0,10.0,,,,45.0,115.0,110.0,185.0,25.0,100.0,165.0,200.0,3,6.0,2.0,3.0,5.0,3.0,4.0,4.0,3.0,,,,5.0,4.0,4.0,3.0,6.0,6.0,4.0,4.0,6,5.0,6.0,5.0,6.0,4.0,5.0,3.0,6.0,,,,5.0,2.0,4.0,6.0,6.0,6.0,4.0,3.0,COMPLETE
38,38,0.0,2025-01-02 22:53:17.964219,2025-01-02 22:53:46.992601,0 days 00:00:29.028382,13,170,35.0,65.0,155.0,155.0,,,,,,,,175.0,55.0,5.0,145.0,175.0,25.0,95.0,150.0,2,2.0,5.0,2.0,3.0,,,,,,,,6.0,2.0,5.0,3.0,2.0,6.0,5.0,3.0,4,3.0,5.0,3.0,5.0,,,,,,,,5.0,3.0,3.0,4.0,5.0,5.0,6.0,4.0,COMPLETE
39,39,0.0,2025-01-02 22:53:46.995393,2025-01-02 22:53:57.463822,0 days 00:00:10.468429,19,90,20.0,15.0,80.0,125.0,200.0,160.0,115.0,155.0,160.0,140.0,,130.0,30.0,75.0,105.0,75.0,80.0,75.0,180.0,4,3.0,2.0,2.0,6.0,4.0,6.0,5.0,4.0,5.0,5.0,,4.0,3.0,6.0,2.0,3.0,5.0,6.0,4.0,5,6.0,6.0,4.0,6.0,3.0,3.0,5.0,4.0,4.0,5.0,,4.0,2.0,5.0,5.0,4.0,3.0,4.0,3.0,COMPLETE
40,40,0.6666666666666666,2025-01-02 22:53:57.466249,2025-01-02 22:54:04.665726,0 days 00:00:07.199477,17,70,80.0,50.0,15.0,185.0,115.0,185.0,85.0,35.0,,,,25.0,70.0,55.0,190.0,105.0,200.0,115.0,55.0,5,4.0,3.0,3.0,5.0,2.0,5.0,3.0,3.0,,,,4.0,2.0,6.0,2.0,6.0,6.0,2.0,5.0,6,5.0,4.0,6.0,5.0,4.0,2.0,2.0,3.0,,,,4.0,4.0,6.0,4.0,6.0,4.0,6.0,2.0,COMPLETE
41,41,0.0,2025-01-02 22:54:04.667902,2025-01-02 22:54:14.764399,0 days 00:00:10.096497,18,110,100.0,35.0,40.0,170.0,85.0,165.0,125.0,85.0,40.0,,,100.0,185.0,140.0,130.0,20.0,120.0,165.0,165.0,2,3.0,2.0,2.0,3.0,2.0,5.0,5.0,3.0,6.0,,,5.0,2.0,5.0,2.0,6.0,6.0,6.0,4.0,6,5.0,4.0,5.0,6.0,2.0,2.0,6.0,6.0,5.0,,,4.0,2.0,4.0,6.0,6.0,4.0,6.0,3.0,COMPLETE
42,42,0.0,2025-01-02 22:54:14.766510,2025-01-02 22:54:26.001743,0 days 00:00:11.235233,20,135,100.0,35.0,40.0,185.0,125.0,170.0,150.0,80.0,50.0,55.0,140.0,95.0,175.0,135.0,110.0,45.0,130.0,190.0,180.0,2,3.0,2.0,2.0,3.0,2.0,4.0,5.0,2.0,6.0,3.0,5.0,5.0,2.0,5.0,2.0,6.0,6.0,6.0,4.0,6,5.0,4.0,5.0,6.0,2.0,2.0,5.0,6.0,5.0,6.0,4.0,4.0,2.0,4.0,6.0,6.0,4.0,6.0,3.0,COMPLETE
43,43,0.0,2025-01-02 22:54:26.004375,2025-01-02 22:55:18.147848,0 days 00:00:52.143473,18,120,125.0,55.0,195.0,155.0,145.0,185.0,125.0,70.0,15.0,,,115.0,190.0,120.0,155.0,5.0,165.0,165.0,150.0,2,2.0,2.0,2.0,2.0,2.0,6.0,4.0,3.0,5.0,,,5.0,2.0,5.0,2.0,6.0,6.0,6.0,3.0,5,6.0,4.0,5.0,6.0,2.0,3.0,4.0,5.0,6.0,,,5.0,2.0,4.0,6.0,2.0,4.0,5.0,3.0,COMPLETE
44,44,0.0,2025-01-02 22:55:18.150101,2025-01-02 22:55:27.896136,0 days 00:00:09.746035,19,40,145.0,30.0,35.0,140.0,160.0,10.0,160.0,110.0,175.0,150.0,,70.0,165.0,145.0,130.0,15.0,185.0,145.0,40.0,2,3.0,2.0,2.0,4.0,3.0,5.0,5.0,4.0,2.0,5.0,,5.0,3.0,5.0,3.0,2.0,6.0,6.0,4.0,6,5.0,3.0,6.0,3.0,3.0,2.0,5.0,6.0,5.0,5.0,,3.0,2.0,4.0,6.0,6.0,5.0,6.0,3.0,COMPLETE
45,45,0.0,2025-01-02 22:55:27.898444,2025-01-02 22:55:34.372594,0 days 00:00:06.474150,16,95,105.0,85.0,55.0,185.0,120.0,135.0,130.0,,,,,140.0,195.0,160.0,70.0,30.0,115.0,155.0,100.0,3,4.0,3.0,5.0,3.0,2.0,4.0,5.0,,,,,6.0,6.0,4.0,4.0,6.0,3.0,5.0,4.0,6,4.0,4.0,3.0,6.0,2.0,2.0,4.0,,,,,5.0,3.0,5.0,6.0,4.0,3.0,5.0,4.0,COMPLETE
46,46,0.0,2025-01-02 22:55:34.374666,2025-01-02 22:55:44.651139,0 days 00:00:10.276473,20,150,90.0,15.0,20.0,110.0,85.0,185.0,185.0,45.0,100.0,60.0,145.0,125.0,180.0,170.0,170.0,45.0,175.0,170.0,165.0,6,4.0,2.0,2.0,3.0,3.0,4.0,4.0,2.0,4.0,4.0,5.0,4.0,5.0,6.0,2.0,5.0,5.0,6.0,5.0,6,4.0,5.0,4.0,5.0,2.0,3.0,5.0,5.0,3.0,4.0,4.0,3.0,5.0,3.0,5.0,5.0,4.0,6.0,2.0,COMPLETE
47,47,0.6666666666666666,2025-01-02 22:55:44.653731,2025-01-02 22:55:52.528022,0 days 00:00:07.874291,17,165,55.0,60.0,55.0,160.0,185.0,160.0,140.0,5.0,,,,45.0,85.0,80.0,140.0,15.0,85.0,135.0,190.0,3,6.0,2.0,5.0,5.0,4.0,3.0,6.0,3.0,,,,4.0,2.0,4.0,5.0,5.0,5.0,2.0,2.0,5,5.0,6.0,5.0,4.0,5.0,4.0,3.0,6.0,,,,4.0,2.0,5.0,3.0,6.0,2.0,3.0,3.0,COMPLETE
48,48,0.39866098600121724,2025-01-02 22:55:52.530185,2025-01-02 22:56:21.289977,0 days 00:00:28.759792,12,130,80.0,40.0,65.0,,,,,,,,,110.0,5.0,180.0,120.0,130.0,40.0,60.0,135.0,2,2.0,5.0,3.0,,,,,,,,,6.0,4.0,3.0,2.0,4.0,6.0,3.0,4.0,3,6.0,3.0,5.0,,,,,,,,,4.0,3.0,4.0,6.0,6.0,6.0,4.0,2.0,COMPLETE
49,49,0.44129554655870445,2025-01-02 22:56:21.292558,2025-01-02 22:56:40.403845,0 days 00:00:19.111287,9,115,15.0,,,,,,,,,,,15.0,45.0,105.0,150.0,55.0,145.0,190.0,,5,5.0,,,,,,,,,,,5.0,3.0,5.0,3.0,3.0,2.0,4.0,,4,5.0,,,,,,,,,,,3.0,2.0,6.0,5.0,5.0,5.0,5.0,,COMPLETE
50,50,0.0,2025-01-02 22:56:40.405825,2025-01-02 22:56:47.692072,0 days 00:00:07.286247,14,190,135.0,15.0,15.0,130.0,155.0,,,,,,,95.0,155.0,120.0,50.0,105.0,60.0,120.0,10.0,2,5.0,3.0,4.0,2.0,2.0,,,,,,,6.0,5.0,4.0,2.0,6.0,5.0,6.0,6.0,5,5.0,5.0,4.0,6.0,3.0,,,,,,,2.0,5.0,4.0,6.0,6.0,5.0,6.0,5.0,COMPLETE
51,51,0.0,2025-01-02 22:56:47.693978,2025-01-02 22:56:55.946501,0 days 00:00:08.252523,19,185,80.0,45.0,70.0,115.0,130.0,175.0,95.0,30.0,70.0,195.0,,90.0,170.0,130.0,160.0,35.0,75.0,175.0,175.0,3,2.0,3.0,3.0,4.0,2.0,6.0,5.0,5.0,3.0,4.0,,5.0,2.0,6.0,3.0,6.0,5.0,5.0,3.0,5,4.0,4.0,5.0,5.0,2.0,2.0,4.0,5.0,5.0,5.0,,5.0,2.0,2.0,6.0,3.0,2.0,6.0,3.0,COMPLETE
52,52,0.0,2025-01-02 22:56:55.948844,2025-01-02 22:57:03.554037,0 days 00:00:07.605193,18,165,70.0,45.0,110.0,125.0,110.0,190.0,110.0,40.0,65.0,,,85.0,135.0,95.0,165.0,20.0,65.0,195.0,175.0,4,2.0,2.0,2.0,4.0,2.0,6.0,5.0,4.0,3.0,,,5.0,2.0,6.0,4.0,6.0,6.0,5.0,2.0,4,4.0,2.0,5.0,5.0,2.0,2.0,4.0,5.0,4.0,,,6.0,2.0,3.0,6.0,5.0,3.0,6.0,3.0,COMPLETE
53,53,0.6666666666666666,2025-01-02 22:57:03.556261,2025-01-02 22:57:14.357146,0 days 00:00:10.800885,19,175,95.0,30.0,50.0,105.0,70.0,170.0,70.0,25.0,40.0,165.0,,70.0,170.0,95.0,175.0,5.0,90.0,155.0,200.0,3,2.0,4.0,3.0,3.0,2.0,6.0,5.0,4.0,6.0,4.0,,5.0,2.0,6.0,3.0,6.0,6.0,6.0,3.0,6,3.0,4.0,5.0,6.0,2.0,2.0,4.0,4.0,5.0,6.0,,5.0,2.0,2.0,6.0,5.0,3.0,6.0,3.0,COMPLETE
54,54,0.0,2025-01-02 22:57:14.359447,2025-01-02 22:57:23.955657,0 days 00:00:09.596210,19,150,110.0,75.0,45.0,135.0,135.0,200.0,200.0,50.0,75.0,200.0,,110.0,190.0,45.0,25.0,35.0,105.0,180.0,30.0,4,3.0,2.0,2.0,4.0,3.0,6.0,5.0,5.0,3.0,3.0,,4.0,2.0,5.0,2.0,6.0,5.0,5.0,3.0,5,5.0,6.0,6.0,4.0,2.0,2.0,3.0,6.0,6.0,5.0,,4.0,2.0,3.0,6.0,5.0,6.0,5.0,3.0,COMPLETE
55,55,0.0,2025-01-02 22:57:23.958262,2025-01-02 22:57:35.601680,0 days 00:00:11.643418,20,200,85.0,5.0,160.0,95.0,40.0,145.0,120.0,70.0,55.0,110.0,155.0,55.0,200.0,115.0,135.0,15.0,55.0,85.0,155.0,3,6.0,3.0,2.0,6.0,5.0,5.0,4.0,4.0,2.0,5.0,5.0,5.0,3.0,6.0,2.0,5.0,6.0,6.0,5.0,3,4.0,5.0,2.0,5.0,2.0,3.0,4.0,5.0,5.0,4.0,5.0,4.0,3.0,6.0,6.0,5.0,4.0,6.0,6.0,COMPLETE
56,56,0.0,2025-01-02 22:57:35.604368,2025-01-02 22:57:44.414373,0 days 00:00:08.810005,15,185,60.0,170.0,80.0,80.0,95.0,175.0,,,,,,155.0,115.0,15.0,150.0,175.0,75.0,190.0,190.0,2,2.0,2.0,3.0,5.0,2.0,6.0,,,,,,5.0,2.0,5.0,3.0,5.0,5.0,5.0,2.0,4,2.0,6.0,6.0,6.0,3.0,4.0,,,,,,5.0,2.0,2.0,6.0,4.0,6.0,6.0,3.0,COMPLETE
57,57,0.0,2025-01-02 22:57:44.415944,2025-01-02 22:57:51.074714,0 days 00:00:06.658770,17,145,5.0,15.0,5.0,145.0,120.0,185.0,100.0,25.0,,,,135.0,165.0,100.0,140.0,55.0,40.0,200.0,70.0,6,4.0,2.0,2.0,5.0,2.0,6.0,6.0,3.0,,,,6.0,2.0,5.0,2.0,4.0,4.0,6.0,4.0,5,5.0,2.0,4.0,5.0,2.0,2.0,6.0,4.0,,,,6.0,2.0,3.0,2.0,6.0,6.0,4.0,4.0,COMPLETE
58,58,0.0,2025-01-02 22:57:51.076968,2025-01-02 22:57:57.146436,0 days 00:00:06.069468,18,160,45.0,25.0,30.0,70.0,105.0,80.0,160.0,90.0,120.0,,,90.0,180.0,85.0,125.0,160.0,65.0,175.0,175.0,2,3.0,4.0,3.0,3.0,2.0,5.0,4.0,2.0,4.0,,,5.0,3.0,4.0,3.0,6.0,6.0,5.0,6.0,6,4.0,4.0,5.0,2.0,6.0,5.0,5.0,3.0,4.0,,,4.0,3.0,5.0,5.0,4.0,2.0,4.0,3.0,COMPLETE
59,59,0.0,2025-01-02 22:57:57.148555,2025-01-02 22:57:59.697614,0 days 00:00:02.549059,6,100,70.0,,,,,,,,,,,80.0,145.0,140.0,160.0,,,,,3,5.0,,,,,,,,,,,6.0,2.0,4.0,2.0,,,,,5,6.0,,,,,,,,,,,5.0,2.0,4.0,5.0,,,,,COMPLETE
60,60,0.0,2025-01-02 22:57:59.699159,2025-01-02 22:58:07.638154,0 days 00:00:07.938995,16,175,95.0,50.0,15.0,160.0,145.0,160.0,185.0,,,,,35.0,195.0,60.0,110.0,190.0,110.0,185.0,140.0,5,4.0,3.0,6.0,4.0,3.0,3.0,6.0,,,,,2.0,6.0,2.0,6.0,6.0,6.0,6.0,3.0,4,5.0,6.0,6.0,4.0,2.0,4.0,4.0,,,,,4.0,3.0,3.0,6.0,3.0,3.0,3.0,4.0,COMPLETE
