,number,value,datetime_start,datetime_complete,duration,params_depth,params_neurons_layer_0,params_neurons_layer_1,params_neurons_layer_10,params_neurons_layer_11,params_neurons_layer_12,params_neurons_layer_13,params_neurons_layer_14,params_neurons_layer_15,params_neurons_layer_16,params_neurons_layer_17,params_neurons_layer_18,params_neurons_layer_19,params_neurons_layer_2,params_neurons_layer_3,params_neurons_layer_4,params_neurons_layer_5,params_neurons_layer_6,params_neurons_layer_7,params_neurons_layer_8,params_neurons_layer_9,params_orders1_layer_0,params_orders1_layer_1,params_orders1_layer_10,params_orders1_layer_11,params_orders1_layer_12,params_orders1_layer_13,params_orders1_layer_14,params_orders1_layer_15,params_orders1_layer_16,params_orders1_layer_17,params_orders1_layer_18,params_orders1_layer_19,params_orders1_layer_2,params_orders1_layer_3,params_orders1_layer_4,params_orders1_layer_5,params_orders1_layer_6,params_orders1_layer_7,params_orders1_layer_8,params_orders1_layer_9,params_orders2_layer_0,params_orders2_layer_1,params_orders2_layer_10,params_orders2_layer_11,params_orders2_layer_12,params_orders2_layer_13,params_orders2_layer_14,params_orders2_layer_15,params_orders2_layer_16,params_orders2_layer_17,params_orders2_layer_18,params_orders2_layer_19,params_orders2_layer_2,params_orders2_layer_3,params_orders2_layer_4,params_orders2_layer_5,params_orders2_layer_6,params_orders2_layer_7,params_orders2_layer_8,params_orders2_layer_9,state
0,0,0.6666666666666666,2025-01-02 22:30:59.721541,2025-01-02 22:31:07.984291,0 days 00:00:08.262750,16,70,145.0,195.0,150.0,60.0,125.0,10.0,70.0,,,,,45.0,130.0,35.0,90.0,85.0,50.0,200.0,150.0,3,2.0,5.0,5.0,3.0,4.0,5.0,6.0,,,,,4.0,2.0,5.0,5.0,5.0,2.0,2.0,3.0,6,5.0,2.0,3.0,3.0,3.0,5.0,4.0,,,,,4.0,5.0,6.0,6.0,5.0,4.0,6.0,4.0,COMPLETE
1,1,0.6666666666666666,2025-01-02 22:31:07.986428,2025-01-02 22:31:10.409750,0 days 00:00:02.423322,6,85,125.0,,,,,,,,,,,115.0,50.0,155.0,25.0,,,,,5,5.0,,,,,,,,,,,2.0,2.0,6.0,6.0,,,,,3,2.0,,,,,,,,,,,2.0,2.0,5.0,5.0,,,,,COMPLETE
2,2,0.0,2025-01-02 22:31:10.411344,2025-01-02 22:31:16.727568,0 days 00:00:06.316224,16,105,110.0,135.0,125.0,105.0,180.0,110.0,180.0,,,,,115.0,100.0,70.0,140.0,120.0,120.0,15.0,135.0,6,2.0,2.0,4.0,3.0,5.0,2.0,3.0,,,,,3.0,2.0,2.0,2.0,3.0,2.0,6.0,5.0,2,5.0,2.0,6.0,6.0,3.0,2.0,3.0,,,,,2.0,4.0,6.0,4.0,6.0,4.0,5.0,5.0,COMPLETE
3,3,0.0,2025-01-02 22:31:16.729373,2025-01-02 22:31:21.548018,0 days 00:00:04.818645,14,25,195.0,35.0,130.0,10.0,165.0,,,,,,,170.0,85.0,155.0,105.0,140.0,95.0,65.0,125.0,4,4.0,3.0,2.0,2.0,2.0,,,,,,,5.0,6.0,2.0,5.0,5.0,4.0,6.0,4.0,5,4.0,3.0,5.0,2.0,2.0,,,,,,,5.0,2.0,4.0,4.0,4.0,5.0,3.0,2.0,COMPLETE
4,4,0.03125,2025-01-02 22:31:21.549444,2025-01-02 22:31:32.240903,0 days 00:00:10.691459,6,15,75.0,,,,,,,,,,,35.0,140.0,170.0,145.0,,,,,2,4.0,,,,,,,,,,,5.0,5.0,2.0,2.0,,,,,6,4.0,,,,,,,,,,,2.0,2.0,5.0,6.0,,,,,COMPLETE
5,5,0.566468253968254,2025-01-02 22:31:32.242523,2025-01-02 22:31:50.668121,0 days 00:00:18.425598,9,65,195.0,,,,,,,,,,,155.0,45.0,25.0,5.0,30.0,120.0,20.0,,5,2.0,,,,,,,,,,,2.0,5.0,2.0,4.0,5.0,3.0,4.0,,3,3.0,,,,,,,,,,,5.0,2.0,6.0,3.0,5.0,5.0,4.0,,COMPLETE
6,6,0.6369047619047619,2025-01-02 22:31:50.670233,2025-01-02 22:31:55.127650,0 days 00:00:04.457417,3,195,110.0,,,,,,,,,,,15.0,,,,,,,,5,6.0,,,,,,,,,,,3.0,,,,,,,,3,5.0,,,,,,,,,,,6.0,,,,,,,,COMPLETE
7,7,0.0,2025-01-02 22:31:55.128991,2025-01-02 22:31:59.796244,0 days 00:00:04.667253,9,125,140.0,,,,,,,,,,,75.0,140.0,60.0,50.0,80.0,105.0,45.0,,3,2.0,,,,,,,,,,,3.0,3.0,3.0,6.0,4.0,3.0,2.0,,3,4.0,,,,,,,,,,,5.0,2.0,5.0,2.0,4.0,3.0,6.0,,COMPLETE
8,8,0.6666666666666666,2025-01-02 22:31:59.797996,2025-01-02 22:32:04.063943,0 days 00:00:04.265947,13,150,65.0,50.0,165.0,55.0,,,,,,,,115.0,150.0,165.0,85.0,145.0,75.0,10.0,200.0,4,4.0,5.0,5.0,5.0,,,,,,,,4.0,2.0,6.0,4.0,6.0,2.0,2.0,4.0,4,2.0,4.0,5.0,6.0,,,,,,,,4.0,2.0,3.0,6.0,6.0,4.0,3.0,4.0,COMPLETE
9,9,0.0,2025-01-02 22:32:04.066768,2025-01-02 22:32:52.692297,0 days 00:00:48.625529,17,5,75.0,180.0,180.0,15.0,45.0,75.0,150.0,165.0,,,,190.0,190.0,80.0,30.0,165.0,85.0,85.0,120.0,2,4.0,2.0,3.0,2.0,5.0,4.0,3.0,4.0,,,,3.0,2.0,3.0,6.0,6.0,4.0,6.0,6.0,6,6.0,4.0,2.0,3.0,2.0,3.0,5.0,4.0,,,,6.0,4.0,2.0,5.0,6.0,3.0,4.0,4.0,COMPLETE
10,10,0.0,2025-01-02 22:32:52.694814,2025-01-02 22:34:18.847868,0 days 00:01:26.153054,20,45,25.0,200.0,30.0,200.0,95.0,5.0,25.0,5.0,45.0,65.0,190.0,60.0,15.0,5.0,190.0,5.0,20.0,200.0,30.0,3,3.0,6.0,6.0,6.0,3.0,6.0,6.0,6.0,2.0,6.0,6.0,6.0,4.0,5.0,3.0,2.0,6.0,4.0,2.0,5,6.0,6.0,2.0,4.0,6.0,6.0,6.0,2.0,4.0,5.0,5.0,3.0,6.0,4.0,6.0,2.0,6.0,6.0,6.0,COMPLETE
11,11,0.7106060606060607,2025-01-02 22:34:18.851856,2025-01-02 22:34:21.360089,0 days 00:00:02.508233,1,75,,,,,,,,,,,,,,,,,,,,6,,,,,,,,,,,,,,,,,,,,4,,,,,,,,,,,,,,,,,,,,COMPLETE
12,12,0.7561219390304847,2025-01-02 22:34:21.360615,2025-01-02 22:34:24.362692,0 days 00:00:03.002077,1,70,,,,,,,,,,,,,,,,,,,,6,,,,,,,,,,,,,,,,,,,,5,,,,,,,,,,,,,,,,,,,,COMPLETE
13,13,0.8002222839677688,2025-01-02 22:34:24.363276,2025-01-02 22:34:28.022025,0 days 00:00:03.658749,1,115,,,,,,,,,,,,,,,,,,,,6,,,,,,,,,,,,,,,,,,,,5,,,,,,,,,,,,,,,,,,,,COMPLETE
14,14,0.8455843469063987,2025-01-02 22:34:28.022602,2025-01-02 22:34:31.121914,0 days 00:00:03.099312,1,145,,,,,,,,,,,,,,,,,,,,6,,,,,,,,,,,,,,,,,,,,5,,,,,,,,,,,,,,,,,,,,COMPLETE
15,15,0.5484330484330484,2025-01-02 22:34:31.122476,2025-01-02 22:34:48.173350,0 days 00:00:17.050874,5,155,15.0,,,,,,,,,,,5.0,190.0,115.0,,,,,,6,6.0,,,,,,,,,,,6.0,6.0,4.0,,,,,,5,3.0,,,,,,,,,,,3.0,6.0,2.0,,,,,,COMPLETE
16,16,0.7822954194544518,2025-01-02 22:34:48.174754,2025-01-02 22:34:52.436643,0 days 00:00:04.261889,4,180,160.0,,,,,,,,,,,145.0,5.0,,,,,,,5,5.0,,,,,,,,,,,5.0,4.0,,,,,,,4,3.0,,,,,,,,,,,3.0,3.0,,,,,,,COMPLETE
17,17,0.0,2025-01-02 22:34:52.437520,2025-01-02 22:34:55.222830,0 days 00:00:02.785310,8,120,45.0,,,,,,,,,,,85.0,70.0,115.0,195.0,200.0,195.0,,,4,3.0,,,,,,,,,,,6.0,3.0,4.0,3.0,2.0,6.0,,,5,6.0,,,,,,,,,,,6.0,5.0,3.0,2.0,2.0,2.0,,,COMPLETE
18,18,0.8838383838383839,2025-01-02 22:34:55.224405,2025-01-02 22:34:58.966300,0 days 00:00:03.741895,2,145,160.0,,,,,,,,,,,,,,,,,,,6,5.0,,,,,,,,,,,,,,,,,,,6,2.0,,,,,,,,,,,,,,,,,,,COMPLETE
19,19,0.7375565610859729,2025-01-02 22:34:58.967094,2025-01-02 22:35:03.641829,0 days 00:00:04.674735,3,150,160.0,,,,,,,,,,,195.0,,,,,,,,5,5.0,,,,,,,,,,,2.0,,,,,,,,6,2.0,,,,,,,,,,,4.0,,,,,,,,COMPLETE
20,20,0.0,2025-01-02 22:35:03.642622,2025-01-02 22:35:08.309758,0 days 00:00:04.667136,11,175,175.0,95.0,,,,,,,,,,140.0,170.0,195.0,155.0,40.0,200.0,135.0,40.0,6,6.0,4.0,,,,,,,,,,4.0,5.0,5.0,3.0,3.0,5.0,3.0,6.0,6,3.0,6.0,,,,,,,,,,3.0,4.0,3.0,3.0,3.0,2.0,2.0,2.0,COMPLETE
21,21,0.7704301075268818,2025-01-02 22:35:08.311857,2025-01-02 22:35:11.440578,0 days 00:00:03.128721,1,115,,,,,,,,,,,,,,,,,,,,6,,,,,,,,,,,,,,,,,,,,5,,,,,,,,,,,,,,,,,,,,COMPLETE
22,22,0.8375,2025-01-02 22:35:11.441207,2025-01-02 22:35:17.732664,0 days 00:00:06.291457,3,135,90.0,,,,,,,,,,,100.0,,,,,,,,6,3.0,,,,,,,,,,,5.0,,,,,,,,5,2.0,,,,,,,,,,,5.0,,,,,,,,COMPLETE
23,23,0.6514423076923077,2025-01-02 22:35:17.733511,2025-01-02 22:35:24.804926,0 days 00:00:07.071415,3,135,90.0,,,,,,,,,,,95.0,,,,,,,,5,3.0,,,,,,,,,,,5.0,,,,,,,,6,2.0,,,,,,,,,,,5.0,,,,,,,,COMPLETE
24,24,0.9016129032258065,2025-01-02 22:35:24.805848,2025-01-02 22:35:35.587924,0 days 00:00:10.782076,7,165,50.0,,,,,,,,,,,70.0,115.0,135.0,65.0,200.0,,,,6,5.0,,,,,,,,,,,5.0,4.0,3.0,5.0,4.0,,,,4,2.0,,,,,,,,,,,5.0,3.0,4.0,3.0,3.0,,,,COMPLETE
25,25,0.8095238095238095,2025-01-02 22:35:35.589369,2025-01-02 22:35:47.403678,0 days 00:00:11.814309,7,165,45.0,,,,,,,,,,,65.0,115.0,130.0,65.0,190.0,,,,5,5.0,,,,,,,,,,,6.0,4.0,3.0,5.0,4.0,,,,4,3.0,,,,,,,,,,,6.0,3.0,4.0,3.0,3.0,,,,COMPLETE
26,26,0.0,2025-01-02 22:35:47.405422,2025-01-02 22:35:54.912740,0 days 00:00:07.507318,11,200,5.0,10.0,,,,,,,,,,30.0,165.0,190.0,110.0,170.0,165.0,135.0,70.0,6,5.0,6.0,,,,,,,,,,4.0,3.0,4.0,5.0,3.0,5.0,5.0,2.0,4,2.0,5.0,,,,,,,,,,4.0,3.0,3.0,2.0,3.0,6.0,2.0,6.0,COMPLETE
27,27,0.0,2025-01-02 22:35:54.914988,2025-01-02 22:35:59.600703,0 days 00:00:04.685715,5,185,40.0,,,,,,,,,,,55.0,110.0,90.0,,,,,,5,6.0,,,,,,,,,,,4.0,5.0,3.0,,,,,,4,3.0,,,,,,,,,,,4.0,5.0,5.0,,,,,,COMPLETE
28,28,0.6776927282668124,2025-01-02 22:35:59.602007,2025-01-02 22:36:06.696968,0 days 00:00:07.094961,4,140,130.0,,,,,,,,,,,135.0,40.0,,,,,,,6,5.0,,,,,,,,,,,5.0,3.0,,,,,,,2,4.0,,,,,,,,,,,5.0,3.0,,,,,,,COMPLETE
29,29,0.5073131094257854,2025-01-02 22:36:06.698126,2025-01-02 22:36:23.833084,0 days 00:00:17.134958,7,165,60.0,,,,,,,,,,,170.0,75.0,125.0,65.0,105.0,,,,3,6.0,,,,,,,,,,,6.0,6.0,3.0,4.0,4.0,,,,6,2.0,,,,,,,,,,,6.0,4.0,2.0,3.0,2.0,,,,COMPLETE
30,30,0.850108225108225,2025-01-02 22:36:23.834749,2025-01-02 22:36:26.621021,0 days 00:00:02.786272,2,90,90.0,,,,,,,,,,,,,,,,,,,6,5.0,,,,,,,,,,,,,,,,,,,6,3.0,,,,,,,,,,,,,,,,,,,COMPLETE
31,31,0.8064516129032258,2025-01-02 22:36:26.622030,2025-01-02 22:36:32.280022,0 days 00:00:05.657992,2,95,95.0,,,,,,,,,,,,,,,,,,,6,5.0,,,,,,,,,,,,,,,,,,,6,3.0,,,,,,,,,,,,,,,,,,,COMPLETE
32,32,0.0,2025-01-02 22:36:32.280965,2025-01-02 22:36:34.420120,0 days 00:00:02.139155,5,95,30.0,,,,,,,,,,,80.0,90.0,145.0,,,,,,6,5.0,,,,,,,,,,,3.0,4.0,5.0,,,,,,6,2.0,,,,,,,,,,,3.0,3.0,4.0,,,,,,COMPLETE
33,33,0.8225352112676056,2025-01-02 22:36:34.421377,2025-01-02 22:36:39.863321,0 days 00:00:05.441944,2,160,60.0,,,,,,,,,,,,,,,,,,,6,4.0,,,,,,,,,,,,,,,,,,,6,3.0,,,,,,,,,,,,,,,,,,,COMPLETE
34,34,0.0,2025-01-02 22:36:39.864230,2025-01-02 22:36:41.730687,0 days 00:00:01.866457,4,105,120.0,,,,,,,,,,,25.0,200.0,,,,,,,5,5.0,,,,,,,,,,,4.0,5.0,,,,,,,5,2.0,,,,,,,,,,,4.0,5.0,,,,,,,COMPLETE
35,35,0.0,2025-01-02 22:36:41.731832,2025-01-02 22:36:44.498898,0 days 00:00:02.767066,6,45,150.0,,,,,,,,,,,125.0,125.0,100.0,125.0,,,,,6,6.0,,,,,,,,,,,5.0,3.0,4.0,5.0,,,,,5,2.0,,,,,,,,,,,5.0,4.0,4.0,5.0,,,,,COMPLETE
36,36,0.7643097643097643,2025-01-02 22:36:44.500524,2025-01-02 22:36:47.739929,0 days 00:00:03.239405,2,85,180.0,,,,,,,,,,,,,,,,,,,5,5.0,,,,,,,,,,,,,,,,,,,3,3.0,,,,,,,,,,,,,,,,,,,COMPLETE
37,37,0.0,2025-01-02 22:36:47.740687,2025-01-02 22:36:53.541595,0 days 00:00:05.800908,9,145,75.0,,,,,,,,,,,50.0,30.0,180.0,5.0,65.0,15.0,125.0,,6,4.0,,,,,,,,,,,6.0,4.0,6.0,6.0,3.0,5.0,3.0,,6,2.0,,,,,,,,,,,6.0,6.0,5.0,4.0,5.0,5.0,5.0,,COMPLETE
38,38,0.0,2025-01-02 22:36:53.544133,2025-01-02 22:36:56.114931,0 days 00:00:02.570798,7,130,105.0,,,,,,,,,,,40.0,60.0,45.0,170.0,130.0,,,,4,4.0,,,,,,,,,,,4.0,6.0,3.0,3.0,4.0,,,,4,5.0,,,,,,,,,,,4.0,3.0,3.0,3.0,3.0,,,,COMPLETE
39,39,0.6666666666666666,2025-01-02 22:36:56.116261,2025-01-02 22:37:02.802949,0 days 00:00:06.686688,13,170,115.0,95.0,55.0,200.0,,,,,,,,70.0,165.0,140.0,45.0,160.0,155.0,175.0,195.0,5,5.0,4.0,2.0,6.0,,,,,,,,2.0,5.0,4.0,4.0,5.0,3.0,5.0,3.0,6,4.0,5.0,4.0,5.0,,,,,,,,2.0,5.0,6.0,4.0,4.0,3.0,3.0,3.0,COMPLETE
40,40,0.746268656716418,2025-01-02 22:37:02.805723,2025-01-02 22:37:07.443736,0 days 00:00:04.638013,2,185,140.0,,,,,,,,,,,,,,,,,,,6,6.0,,,,,,,,,,,,,,,,,,,5,3.0,,,,,,,,,,,,,,,,,,,COMPLETE
41,41,0.7485411140583554,2025-01-02 22:37:07.444676,2025-01-02 22:37:13.248532,0 days 00:00:05.803856,3,140,90.0,,,,,,,,,,,100.0,,,,,,,,6,3.0,,,,,,,,,,,5.0,,,,,,,,5,2.0,,,,,,,,,,,5.0,,,,,,,,COMPLETE
42,42,0.7209677419354839,2025-01-02 22:37:13.249514,2025-01-02 22:37:19.820365,0 days 00:00:06.570851,4,130,85.0,,,,,,,,,,,110.0,100.0,,,,,,,6,3.0,,,,,,,,,,,5.0,3.0,,,,,,,3,2.0,,,,,,,,,,,5.0,3.0,,,,,,,COMPLETE
43,43,0.7626436781609196,2025-01-02 22:37:19.821388,2025-01-02 22:37:22.385333,0 days 00:00:02.563945,2,110,130.0,,,,,,,,,,,,,,,,,,,5,2.0,,,,,,,,,,,,,,,,,,,4,2.0,,,,,,,,,,,,,,,,,,,COMPLETE
44,44,0.6125422846734322,2025-01-02 22:37:22.386050,2025-01-02 22:37:27.447578,0 days 00:00:05.061528,3,155,105.0,,,,,,,,,,,95.0,,,,,,,,6,4.0,,,,,,,,,,,5.0,,,,,,,,5,2.0,,,,,,,,,,,5.0,,,,,,,,COMPLETE
45,45,0.7150101419878296,2025-01-02 22:37:27.448611,2025-01-02 22:37:31.115830,0 days 00:00:03.667219,1,125,,,,,,,,,,,,,,,,,,,,6,,,,,,,,,,,,,,,,,,,,6,,,,,,,,,,,,,,,,,,,,COMPLETE
46,46,0.0,2025-01-02 22:37:31.116644,2025-01-02 22:37:32.676834,0 days 00:00:01.560190,6,95,55.0,,,,,,,,,,,125.0,125.0,55.0,80.0,,,,,2,4.0,,,,,,,,,,,4.0,4.0,2.0,4.0,,,,,5,3.0,,,,,,,,,,,4.0,4.0,2.0,2.0,,,,,COMPLETE
47,47,0.512987012987013,2025-01-02 22:37:32.677827,2025-01-02 22:37:42.337836,0 days 00:00:09.660009,5,150,100.0,,,,,,,,,,,85.0,25.0,95.0,,,,,,6,2.0,,,,,,,,,,,5.0,6.0,5.0,,,,,,4,4.0,,,,,,,,,,,6.0,5.0,4.0,,,,,,COMPLETE
48,48,0.0,2025-01-02 22:37:42.339314,2025-01-02 22:37:45.935405,0 days 00:00:03.596091,10,55,70.0,,,,,,,,,,,45.0,155.0,10.0,65.0,190.0,50.0,100.0,70.0,6,4.0,,,,,,,,,,,6.0,2.0,3.0,2.0,6.0,6.0,5.0,5.0,5,2.0,,,,,,,,,,,5.0,6.0,3.0,5.0,3.0,2.0,5.0,5.0,COMPLETE
49,49,0.7375193000514668,2025-01-02 22:37:45.937648,2025-01-02 22:37:49.309840,0 days 00:00:03.372192,1,80,,,,,,,,,,,,,,,,,,,,5,,,,,,,,,,,,,,,,,,,,6,,,,,,,,,,,,,,,,,,,,COMPLETE
50,50,0.0,2025-01-02 22:37:49.310605,2025-01-02 22:37:57.838595,0 days 00:00:08.527990,18,190,185.0,130.0,80.0,140.0,5.0,190.0,105.0,35.0,200.0,,,160.0,65.0,110.0,120.0,110.0,150.0,160.0,165.0,6,5.0,3.0,6.0,4.0,6.0,2.0,2.0,2.0,6.0,,,3.0,4.0,4.0,6.0,2.0,4.0,3.0,3.0,3,5.0,3.0,6.0,2.0,6.0,4.0,2.0,6.0,6.0,,,5.0,2.0,5.0,4.0,4.0,6.0,2.0,3.0,COMPLETE
51,51,0.691722458916616,2025-01-02 22:37:57.840902,2025-01-02 22:38:03.220812,0 days 00:00:05.379910,2,160,80.0,,,,,,,,,,,,,,,,,,,6,4.0,,,,,,,,,,,,,,,,,,,6,3.0,,,,,,,,,,,,,,,,,,,COMPLETE
52,52,0.6666666666666666,2025-01-02 22:38:03.221733,2025-01-02 22:38:09.330179,0 days 00:00:06.108446,4,175,60.0,,,,,,,,,,,125.0,95.0,,,,,,,6,3.0,,,,,,,,,,,5.0,2.0,,,,,,,6,3.0,,,,,,,,,,,2.0,4.0,,,,,,,COMPLETE
53,53,0.7468805704099821,2025-01-02 22:38:09.331341,2025-01-02 22:38:16.144715,0 days 00:00:06.813374,2,160,35.0,,,,,,,,,,,,,,,,,,,6,5.0,,,,,,,,,,,,,,,,,,,6,4.0,,,,,,,,,,,,,,,,,,,COMPLETE
54,54,0.8055398530243074,2025-01-02 22:38:16.145683,2025-01-02 22:38:23.026715,0 days 00:00:06.881032,3,140,50.0,,,,,,,,,,,20.0,,,,,,,,6,3.0,,,,,,,,,,,6.0,,,,,,,,6,2.0,,,,,,,,,,,6.0,,,,,,,,COMPLETE
55,55,0.7159565580618212,2025-01-02 22:38:23.027969,2025-01-02 22:38:25.638297,0 days 00:00:02.610328,1,120,,,,,,,,,,,,,,,,,,,,5,,,,,,,,,,,,,,,,,,,,5,,,,,,,,,,,,,,,,,,,,COMPLETE
56,56,0.0,2025-01-02 22:38:25.639012,2025-01-02 22:38:36.784640,0 days 00:00:11.145628,3,170,65.0,,,,,,,,,,,180.0,,,,,,,,6,4.0,,,,,,,,,,,3.0,,,,,,,,6,3.0,,,,,,,,,,,5.0,,,,,,,,COMPLETE
57,57,0.7844611528822054,2025-01-02 22:38:36.785824,2025-01-02 22:38:40.067757,0 days 00:00:03.281933,1,145,,,,,,,,,,,,,,,,,,,,6,,,,,,,,,,,,,,,,,,,,5,,,,,,,,,,,,,,,,,,,,COMPLETE
58,58,0.0,2025-01-02 22:38:40.068523,2025-01-02 22:38:48.989725,0 days 00:00:08.921202,15,155,200.0,65.0,5.0,150.0,85.0,185.0,,,,,,110.0,80.0,30.0,25.0,55.0,45.0,60.0,5.0,5,4.0,5.0,4.0,4.0,2.0,3.0,,,,,,4.0,5.0,5.0,5.0,4.0,5.0,4.0,5.0,4,2.0,3.0,4.0,4.0,5.0,6.0,,,,,,4.0,2.0,6.0,3.0,2.0,5.0,4.0,5.0,COMPLETE
59,59,0.0,2025-01-02 22:38:48.991478,2025-01-02 22:38:53.434863,0 days 00:00:04.443385,8,135,20.0,,,,,,,,,,,155.0,180.0,85.0,175.0,90.0,5.0,,,4,5.0,,,,,,,,,,,5.0,3.0,2.0,4.0,5.0,3.0,,,6,3.0,,,,,,,,,,,6.0,3.0,4.0,2.0,5.0,3.0,,,COMPLETE
60,60,0.0,2025-01-02 22:38:53.436551,2025-01-02 22:38:54.720896,0 days 00:00:01.284345,2,65,80.0,,,,,,,,,,,,,,,,,,,6,2.0,,,,,,,,,,,,,,,,,,,6,2.0,,,,,,,,,,,,,,,,,,,COMPLETE
61,61,0.7307838660578386,2025-01-02 22:38:54.721827,2025-01-02 22:39:03.860468,0 days 00:00:09.138641,5,165,45.0,,,,,,,,,,,65.0,120.0,135.0,,,,,,5,5.0,,,,,,,,,,,6.0,4.0,3.0,,,,,,4,3.0,,,,,,,,,,,6.0,3.0,4.0,,,,,,COMPLETE
62,62,0.0,2025-01-02 22:39:03.861718,2025-01-02 22:39:10.568709,0 days 00:00:06.706991,12,165,50.0,155.0,80.0,,,,,,,,,75.0,115.0,130.0,70.0,185.0,175.0,170.0,90.0,6,5.0,3.0,3.0,,,,,,,,,6.0,4.0,3.0,5.0,4.0,6.0,5.0,2.0,4,4.0,5.0,3.0,,,,,,,,,6.0,2.0,5.0,3.0,3.0,2.0,3.0,3.0,COMPLETE
63,63,0.0,2025-01-02 22:39:10.571017,2025-01-02 22:39:14.193903,0 days 00:00:03.622886,7,145,70.0,,,,,,,,,,,60.0,140.0,155.0,45.0,180.0,,,,6,5.0,,,,,,,,,,,6.0,4.0,4.0,5.0,3.0,,,,4,3.0,,,,,,,,,,,6.0,3.0,4.0,3.0,3.0,,,,COMPLETE
64,64,0.6666666666666666,2025-01-02 22:39:14.195521,2025-01-02 22:39:17.712632,0 days 00:00:03.517111,8,160,35.0,,,,,,,,,,,5.0,55.0,70.0,55.0,200.0,135.0,,,5,6.0,,,,,,,,,,,5.0,5.0,2.0,6.0,4.0,2.0,,,4,3.0,,,,,,,,,,,5.0,4.0,3.0,4.0,4.0,4.0,,,COMPLETE
65,65,0.5827181936604429,2025-01-02 22:39:17.714336,2025-01-02 22:39:30.121738,0 days 00:00:12.407402,4,175,5.0,,,,,,,,,,,90.0,135.0,,,,,,,6,5.0,,,,,,,,,,,6.0,3.0,,,,,,,4,2.0,,,,,,,,,,,6.0,2.0,,,,,,,COMPLETE
66,66,0.729076790336497,2025-01-02 22:39:30.123048,2025-01-02 22:39:57.929398,0 days 00:00:27.806350,10,200,95.0,,,,,,,,,,,105.0,105.0,175.0,95.0,150.0,65.0,40.0,170.0,6,5.0,,,,,,,,,,,5.0,5.0,3.0,5.0,4.0,4.0,3.0,6.0,5,3.0,,,,,,,,,,,5.0,2.0,5.0,2.0,2.0,6.0,5.0,2.0,COMPLETE
67,67,0.8264915161466886,2025-01-02 22:39:57.931591,2025-01-02 22:40:11.430317,0 days 00:00:13.498726,6,180,25.0,,,,,,,,,,,40.0,155.0,150.0,85.0,,,,,5,6.0,,,,,,,,,,,6.0,2.0,2.0,5.0,,,,,3,2.0,,,,,,,,,,,6.0,3.0,5.0,3.0,,,,,COMPLETE
68,68,0.8158705701078584,2025-01-02 22:40:11.431795,2025-01-02 22:40:25.373804,0 days 00:00:13.942009,6,185,20.0,,,,,,,,,,,35.0,155.0,150.0,95.0,,,,,4,6.0,,,,,,,,,,,5.0,2.0,2.0,4.0,,,,,2,2.0,,,,,,,,,,,5.0,4.0,6.0,4.0,,,,,COMPLETE
69,69,0.6666666666666666,2025-01-02 22:40:25.375213,2025-01-02 22:40:28.712004,0 days 00:00:03.336791,5,180,30.0,,,,,,,,,,,15.0,145.0,160.0,,,,,,6,6.0,,,,,,,,,,,6.0,2.0,2.0,,,,,,2,2.0,,,,,,,,,,,6.0,2.0,5.0,,,,,,COMPLETE
70,70,0.7943548387096775,2025-01-02 22:40:28.713351,2025-01-02 22:40:33.117973,0 days 00:00:04.404622,2,100,115.0,,,,,,,,,,,,,,,,,,,6,6.0,,,,,,,,,,,,,,,,,,,3,2.0,,,,,,,,,,,,,,,,,,,COMPLETE
71,71,0.803587998762759,2025-01-02 22:40:33.118866,2025-01-02 22:40:43.784288,0 days 00:00:10.665422,6,185,15.0,,,,,,,,,,,40.0,155.0,150.0,90.0,,,,,4,6.0,,,,,,,,,,,5.0,2.0,2.0,4.0,,,,,2,2.0,,,,,,,,,,,5.0,4.0,6.0,4.0,,,,,COMPLETE
72,72,0.8160860655737705,2025-01-02 22:40:43.785652,2025-01-02 22:40:50.463797,0 days 00:00:06.678145,4,190,15.0,,,,,,,,,,,35.0,180.0,,,,,,,4,6.0,,,,,,,,,,,5.0,2.0,,,,,,,2,2.0,,,,,,,,,,,5.0,4.0,,,,,,,COMPLETE
73,73,0.8013495276653171,2025-01-02 22:40:50.464830,2025-01-02 22:40:55.911748,0 days 00:00:05.446918,4,195,10.0,,,,,,,,,,,50.0,180.0,,,,,,,4,6.0,,,,,,,,,,,5.0,2.0,,,,,,,2,2.0,,,,,,,,,,,4.0,3.0,,,,,,,COMPLETE
74,74,0.6850877192982456,2025-01-02 22:40:55.912754,2025-01-02 22:41:01.193018,0 days 00:00:05.280264,3,195,40.0,,,,,,,,,,,30.0,,,,,,,,4,6.0,,,,,,,,,,,4.0,,,,,,,,3,2.0,,,,,,,,,,,5.0,,,,,,,,COMPLETE
75,75,0.7278554778554778,2025-01-02 22:41:01.193919,2025-01-02 22:41:05.545944,0 days 00:00:04.352025,3,170,20.0,,,,,,,,,,,15.0,,,,,,,,3,6.0,,,,,,,,,,,5.0,,,,,,,,2,2.0,,,,,,,,,,,4.0,,,,,,,,COMPLETE
76,76,0.7530364372469636,2025-01-02 22:41:05.546980,2025-01-02 22:41:06.705486,0 days 00:00:01.158506,1,150,,,,,,,,,,,,,,,,,,,,3,,,,,,,,,,,,,,,,,,,,3,,,,,,,,,,,,,,,,,,,,COMPLETE
77,77,0.7713930348258706,2025-01-02 22:41:06.706152,2025-01-02 22:41:12.847637,0 days 00:00:06.141485,4,180,165.0,,,,,,,,,,,55.0,175.0,,,,,,,6,3.0,,,,,,,,,,,6.0,2.0,,,,,,,3,2.0,,,,,,,,,,,5.0,4.0,,,,,,,COMPLETE
78,78,0.0,2025-01-02 22:41:12.848750,2025-01-02 22:41:20.964803,0 days 00:00:08.116053,2,130,60.0,,,,,,,,,,,,,,,,,,,5,5.0,,,,,,,,,,,,,,,,,,,6,2.0,,,,,,,,,,,,,,,,,,,COMPLETE
79,79,0.49888357256778304,2025-01-02 22:41:20.965781,2025-01-02 22:41:30.217253,0 days 00:00:09.251472,5,155,30.0,,,,,,,,,,,75.0,200.0,185.0,,,,,,6,6.0,,,,,,,,,,,4.0,3.0,2.0,,,,,,5,2.0,,,,,,,,,,,6.0,3.0,5.0,,,,,,COMPLETE
80,80,0.7547438330170778,2025-01-02 22:41:30.218594,2025-01-02 22:41:32.661921,0 days 00:00:02.443327,1,110,,,,,,,,,,,,,,,,,,,,4,,,,,,,,,,,,,,,,,,,,6,,,,,,,,,,,,,,,,,,,,COMPLETE
81,81,0.0,2025-01-02 22:41:32.662645,2025-01-02 22:41:51.168461,0 days 00:00:18.505816,6,20,20.0,,,,,,,,,,,35.0,190.0,165.0,120.0,,,,,4,6.0,,,,,,,,,,,5.0,2.0,2.0,5.0,,,,,2,2.0,,,,,,,,,,,5.0,4.0,6.0,5.0,,,,,COMPLETE
82,82,0.0,2025-01-02 22:41:51.169993,2025-01-02 22:41:54.212423,0 days 00:00:03.042430,8,190,10.0,,,,,,,,,,,25.0,160.0,200.0,105.0,15.0,185.0,,,4,6.0,,,,,,,,,,,5.0,2.0,2.0,4.0,2.0,3.0,,,2,2.0,,,,,,,,,,,5.0,4.0,6.0,4.0,5.0,3.0,,,COMPLETE
83,83,0.6666666666666666,2025-01-02 22:41:54.214016,2025-01-02 22:42:01.718023,0 days 00:00:07.504007,3,180,25.0,,,,,,,,,,,45.0,,,,,,,,4,6.0,,,,,,,,,,,5.0,,,,,,,,2,2.0,,,,,,,,,,,5.0,,,,,,,,COMPLETE
84,84,0.5666666666666667,2025-01-02 22:42:01.718986,2025-01-02 22:42:18.093168,0 days 00:00:16.374182,7,185,85.0,,,,,,,,,,,60.0,145.0,120.0,80.0,65.0,,,,4,6.0,,,,,,,,,,,4.0,2.0,2.0,5.0,6.0,,,,2,2.0,,,,,,,,,,,5.0,5.0,6.0,3.0,2.0,,,,COMPLETE
