,number,value,datetime_start,datetime_complete,duration,params_depth,params_neurons_layer_0,params_neurons_layer_1,params_neurons_layer_10,params_neurons_layer_11,params_neurons_layer_12,params_neurons_layer_13,params_neurons_layer_14,params_neurons_layer_15,params_neurons_layer_16,params_neurons_layer_17,params_neurons_layer_18,params_neurons_layer_19,params_neurons_layer_2,params_neurons_layer_3,params_neurons_layer_4,params_neurons_layer_5,params_neurons_layer_6,params_neurons_layer_7,params_neurons_layer_8,params_neurons_layer_9,params_orders1_layer_0,params_orders1_layer_1,params_orders1_layer_10,params_orders1_layer_11,params_orders1_layer_12,params_orders1_layer_13,params_orders1_layer_14,params_orders1_layer_15,params_orders1_layer_16,params_orders1_layer_17,params_orders1_layer_18,params_orders1_layer_19,params_orders1_layer_2,params_orders1_layer_3,params_orders1_layer_4,params_orders1_layer_5,params_orders1_layer_6,params_orders1_layer_7,params_orders1_layer_8,params_orders1_layer_9,params_orders2_layer_0,params_orders2_layer_1,params_orders2_layer_10,params_orders2_layer_11,params_orders2_layer_12,params_orders2_layer_13,params_orders2_layer_14,params_orders2_layer_15,params_orders2_layer_16,params_orders2_layer_17,params_orders2_layer_18,params_orders2_layer_19,params_orders2_layer_2,params_orders2_layer_3,params_orders2_layer_4,params_orders2_layer_5,params_orders2_layer_6,params_orders2_layer_7,params_orders2_layer_8,params_orders2_layer_9,state
85,85,0.8455843469063987,2025-01-02 22:42:18.094832,2025-01-02 22:42:30.347657,0 days 00:00:12.252825,6,190,25.0,,,,,,,,,,,35.0,135.0,105.0,135.0,,,,,4,6.0,,,,,,,,,,,5.0,3.0,2.0,3.0,,,,,3,2.0,,,,,,,,,,,4.0,5.0,5.0,3.0,,,,,COMPLETE
86,86,0.8665183537263625,2025-01-02 22:42:30.348941,2025-01-02 22:42:37.818209,0 days 00:00:07.469268,4,175,45.0,,,,,,,,,,,5.0,130.0,,,,,,,6,4.0,,,,,,,,,,,6.0,3.0,,,,,,,3,2.0,,,,,,,,,,,3.0,5.0,,,,,,,COMPLETE
87,87,0.8286546610169492,2025-01-02 22:42:37.819478,2025-01-02 22:42:41.310981,0 days 00:00:03.491503,2,90,40.0,,,,,,,,,,,,,,,,,,,6,4.0,,,,,,,,,,,,,,,,,,,3,2.0,,,,,,,,,,,,,,,,,,,COMPLETE
88,88,0.5111607142857143,2025-01-02 22:42:41.311756,2025-01-02 22:42:55.128981,0 days 00:00:13.817225,5,90,35.0,,,,,,,,,,,5.0,130.0,105.0,,,,,,6,4.0,,,,,,,,,,,6.0,3.0,3.0,,,,,,3,2.0,,,,,,,,,,,3.0,5.0,5.0,,,,,,COMPLETE
89,89,0.8126984126984127,2025-01-02 22:42:55.130220,2025-01-02 22:42:58.530963,0 days 00:00:03.400743,2,80,50.0,,,,,,,,,,,,,,,,,,,6,4.0,,,,,,,,,,,,,,,,,,,3,2.0,,,,,,,,,,,,,,,,,,,COMPLETE
90,90,0.7609649122807017,2025-01-02 22:42:58.531768,2025-01-02 22:43:06.426245,0 days 00:00:07.894477,4,70,40.0,,,,,,,,,,,10.0,135.0,,,,,,,6,4.0,,,,,,,,,,,6.0,3.0,,,,,,,3,2.0,,,,,,,,,,,3.0,6.0,,,,,,,COMPLETE
91,91,0.8229166666666667,2025-01-02 22:43:06.427399,2025-01-02 22:43:09.950550,0 days 00:00:03.523151,2,90,45.0,,,,,,,,,,,,,,,,,,,6,4.0,,,,,,,,,,,,,,,,,,,3,2.0,,,,,,,,,,,,,,,,,,,COMPLETE
92,92,0.7960805084745763,2025-01-02 22:43:09.951327,2025-01-02 22:43:12.613653,0 days 00:00:02.662326,1,90,,,,,,,,,,,,,,,,,,,,6,,,,,,,,,,,,,,,,,,,,3,,,,,,,,,,,,,,,,,,,,COMPLETE
93,93,0.8870673952641166,2025-01-02 22:43:12.614384,2025-01-02 22:43:18.218684,0 days 00:00:05.604300,3,100,55.0,,,,,,,,,,,25.0,,,,,,,,6,4.0,,,,,,,,,,,6.0,,,,,,,,3,2.0,,,,,,,,,,,2.0,,,,,,,,COMPLETE
94,94,0.8504719324391455,2025-01-02 22:43:18.219664,2025-01-02 22:43:25.627361,0 days 00:00:07.407697,3,105,150.0,,,,,,,,,,,20.0,,,,,,,,6,4.0,,,,,,,,,,,6.0,,,,,,,,3,6.0,,,,,,,,,,,2.0,,,,,,,,COMPLETE
95,95,0.7970588235294118,2025-01-02 22:43:25.628455,2025-01-02 22:43:31.901633,0 days 00:00:06.273178,3,105,150.0,,,,,,,,,,,20.0,,,,,,,,6,3.0,,,,,,,,,,,6.0,,,,,,,,3,5.0,,,,,,,,,,,2.0,,,,,,,,COMPLETE
96,96,0.8251231527093597,2025-01-02 22:43:31.902703,2025-01-02 22:43:39.538656,0 days 00:00:07.635953,3,120,165.0,,,,,,,,,,,25.0,,,,,,,,6,4.0,,,,,,,,,,,6.0,,,,,,,,3,6.0,,,,,,,,,,,2.0,,,,,,,,COMPLETE
97,97,0.7632183908045977,2025-01-02 22:43:39.539813,2025-01-02 22:43:46.257739,0 days 00:00:06.717926,3,100,140.0,,,,,,,,,,,10.0,,,,,,,,6,4.0,,,,,,,,,,,6.0,,,,,,,,3,5.0,,,,,,,,,,,2.0,,,,,,,,COMPLETE
98,98,0.8092501368363437,2025-01-02 22:43:46.258751,2025-01-02 22:43:48.751108,0 days 00:00:02.492357,1,110,,,,,,,,,,,,,,,,,,,,6,,,,,,,,,,,,,,,,,,,,3,,,,,,,,,,,,,,,,,,,,COMPLETE
99,99,0.0,2025-01-02 22:43:48.751824,2025-01-02 22:43:59.620663,0 days 00:00:10.868839,20,80,70.0,15.0,190.0,80.0,140.0,120.0,10.0,170.0,160.0,175.0,10.0,30.0,85.0,75.0,135.0,90.0,140.0,110.0,95.0,6,4.0,4.0,5.0,5.0,6.0,6.0,5.0,6.0,4.0,2.0,2.0,6.0,3.0,6.0,2.0,5.0,5.0,2.0,4.0,3,2.0,2.0,5.0,5.0,4.0,2.0,2.0,6.0,2.0,2.0,2.0,3.0,6.0,3.0,2.0,4.0,5.0,6.0,6.0,COMPLETE
