,number,value,datetime_start,datetime_complete,duration,params_depth,params_neurons_layer_0,params_neurons_layer_1,params_neurons_layer_10,params_neurons_layer_11,params_neurons_layer_12,params_neurons_layer_13,params_neurons_layer_14,params_neurons_layer_15,params_neurons_layer_16,params_neurons_layer_17,params_neurons_layer_18,params_neurons_layer_19,params_neurons_layer_2,params_neurons_layer_3,params_neurons_layer_4,params_neurons_layer_5,params_neurons_layer_6,params_neurons_layer_7,params_neurons_layer_8,params_neurons_layer_9,params_orders1_layer_0,params_orders1_layer_1,params_orders1_layer_10,params_orders1_layer_11,params_orders1_layer_12,params_orders1_layer_13,params_orders1_layer_14,params_orders1_layer_15,params_orders1_layer_16,params_orders1_layer_17,params_orders1_layer_18,params_orders1_layer_19,params_orders1_layer_2,params_orders1_layer_3,params_orders1_layer_4,params_orders1_layer_5,params_orders1_layer_6,params_orders1_layer_7,params_orders1_layer_8,params_orders1_layer_9,params_orders2_layer_0,params_orders2_layer_1,params_orders2_layer_10,params_orders2_layer_11,params_orders2_layer_12,params_orders2_layer_13,params_orders2_layer_14,params_orders2_layer_15,params_orders2_layer_16,params_orders2_layer_17,params_orders2_layer_18,params_orders2_layer_19,params_orders2_layer_2,params_orders2_layer_3,params_orders2_layer_4,params_orders2_layer_5,params_orders2_layer_6,params_orders2_layer_7,params_orders2_layer_8,params_orders2_layer_9,state
0,0,0.0,2025-01-02 21:37:59.921683,2025-01-02 21:38:12.813332,0 days 00:00:12.891649,6,120,130.0,,,,,,,,,,,125.0,200.0,180.0,125.0,,,,,6,4.0,,,,,,,,,,,3.0,6.0,5.0,4.0,,,,,2,5.0,,,,,,,,,,,3.0,6.0,2.0,2.0,,,,,COMPLETE
1,1,0.6666666624749442,2025-01-02 21:38:12.814223,2025-01-02 21:38:22.621755,0 days 00:00:09.807532,13,10,65.0,115.0,35.0,200.0,,,,,,,,125.0,200.0,120.0,65.0,30.0,45.0,65.0,20.0,4,4.0,3.0,4.0,3.0,,,,,,,,3.0,4.0,4.0,3.0,3.0,2.0,3.0,6.0,6,2.0,3.0,4.0,3.0,,,,,,,,4.0,5.0,4.0,5.0,5.0,3.0,4.0,6.0,COMPLETE
2,2,0.6666666624749442,2025-01-02 21:38:22.623377,2025-01-02 21:38:42.603006,0 days 00:00:19.979629,20,150,125.0,25.0,5.0,100.0,80.0,20.0,90.0,55.0,30.0,95.0,125.0,200.0,110.0,75.0,145.0,30.0,185.0,5.0,35.0,2,4.0,6.0,4.0,5.0,3.0,6.0,5.0,4.0,2.0,2.0,2.0,5.0,5.0,6.0,3.0,3.0,6.0,5.0,6.0,3,4.0,3.0,5.0,5.0,2.0,2.0,4.0,6.0,5.0,3.0,4.0,6.0,2.0,5.0,5.0,4.0,6.0,5.0,5.0,COMPLETE
3,3,0.8451849056534393,2025-01-02 21:38:42.605155,2025-01-02 21:38:47.022846,0 days 00:00:04.417691,2,40,105.0,,,,,,,,,,,,,,,,,,,2,2.0,,,,,,,,,,,,,,,,,,,3,4.0,,,,,,,,,,,,,,,,,,,COMPLETE
4,4,0.0,2025-01-02 21:38:47.023483,2025-01-02 21:39:49.753643,0 days 00:01:02.730160,8,155,65.0,,,,,,,,,,,140.0,105.0,95.0,35.0,35.0,150.0,,,4,2.0,,,,,,,,,,,5.0,5.0,3.0,6.0,4.0,5.0,,,4,4.0,,,,,,,,,,,2.0,4.0,5.0,4.0,5.0,6.0,,,COMPLETE
5,5,0.0,2025-01-02 21:39:49.755200,2025-01-02 21:40:18.641766,0 days 00:00:28.886566,20,65,140.0,185.0,175.0,120.0,100.0,120.0,185.0,65.0,100.0,155.0,125.0,175.0,120.0,105.0,30.0,170.0,125.0,45.0,10.0,2,4.0,6.0,3.0,5.0,5.0,6.0,3.0,4.0,2.0,6.0,5.0,5.0,3.0,6.0,5.0,6.0,5.0,6.0,4.0,6,3.0,6.0,3.0,4.0,5.0,3.0,5.0,3.0,5.0,6.0,3.0,4.0,5.0,3.0,4.0,3.0,5.0,4.0,3.0,COMPLETE
6,6,0.8214545493606444,2025-01-02 21:40:18.643674,2025-01-02 21:40:36.420376,0 days 00:00:17.776702,2,115,100.0,,,,,,,,,,,,,,,,,,,5,6.0,,,,,,,,,,,,,,,,,,,5,2.0,,,,,,,,,,,,,,,,,,,COMPLETE
7,7,0.7923092706047243,2025-01-02 21:40:36.421198,2025-01-02 21:41:48.244684,0 days 00:01:11.823486,11,60,30.0,140.0,,,,,,,,,,125.0,65.0,90.0,170.0,50.0,10.0,165.0,70.0,5,4.0,4.0,,,,,,,,,,5.0,2.0,6.0,3.0,5.0,5.0,5.0,2.0,5,2.0,6.0,,,,,,,,,,4.0,4.0,3.0,2.0,6.0,3.0,6.0,6.0,COMPLETE
8,8,0.6666666624749442,2025-01-02 21:41:48.246983,2025-01-02 21:41:54.778207,0 days 00:00:06.531224,4,150,130.0,,,,,,,,,,,40.0,180.0,,,,,,,4,5.0,,,,,,,,,,,4.0,2.0,,,,,,,4,5.0,,,,,,,,,,,3.0,3.0,,,,,,,COMPLETE
9,9,0.0,2025-01-02 21:41:54.779023,2025-01-02 21:42:34.579378,0 days 00:00:39.800355,19,85,160.0,100.0,85.0,30.0,150.0,85.0,50.0,185.0,135.0,65.0,,5.0,180.0,35.0,120.0,170.0,15.0,50.0,190.0,4,3.0,4.0,4.0,2.0,4.0,5.0,3.0,2.0,5.0,4.0,,2.0,4.0,6.0,2.0,4.0,4.0,2.0,4.0,2,3.0,6.0,6.0,5.0,6.0,3.0,6.0,3.0,5.0,2.0,,3.0,5.0,6.0,3.0,3.0,4.0,5.0,4.0,COMPLETE
10,10,0.0,2025-01-02 21:42:34.581203,2025-01-02 21:42:47.806343,0 days 00:00:13.225140,15,5,200.0,15.0,185.0,5.0,5.0,190.0,,,,,,70.0,15.0,5.0,185.0,115.0,80.0,185.0,160.0,3,2.0,2.0,6.0,6.0,6.0,2.0,,,,,,6.0,6.0,2.0,6.0,2.0,2.0,2.0,2.0,3,6.0,2.0,2.0,2.0,2.0,6.0,,,,,,6.0,2.0,2.0,6.0,2.0,2.0,2.0,2.0,COMPLETE
11,11,0.8085176194106181,2025-01-02 21:42:47.807408,2025-01-02 21:43:08.996114,0 days 00:00:21.188706,1,200,,,,,,,,,,,,,,,,,,,,6,,,,,,,,,,,,,,,,,,,,5,,,,,,,,,,,,,,,,,,,,COMPLETE
12,12,0.8411494285926924,2025-01-02 21:43:08.996746,2025-01-02 21:43:12.195880,0 days 00:00:03.199134,1,40,,,,,,,,,,,,,,,,,,,,5,,,,,,,,,,,,,,,,,,,,3,,,,,,,,,,,,,,,,,,,,COMPLETE
13,13,0.0,2025-01-02 21:43:12.196383,2025-01-02 21:43:35.747758,0 days 00:00:23.551375,5,40,20.0,,,,,,,,,,,75.0,5.0,200.0,,,,,,3,2.0,,,,,,,,,,,2.0,3.0,2.0,,,,,,3,6.0,,,,,,,,,,,5.0,6.0,6.0,,,,,,COMPLETE
14,14,0.8400463447234904,2025-01-02 21:43:35.748779,2025-01-02 21:43:38.852616,0 days 00:00:03.103837,1,35,,,,,,,,,,,,,,,,,,,,5,,,,,,,,,,,,,,,,,,,,3,,,,,,,,,,,,,,,,,,,,COMPLETE
15,15,0.0,2025-01-02 21:43:38.853159,2025-01-02 21:43:45.988620,0 days 00:00:07.135461,8,35,85.0,,,,,,,,,,,10.0,55.0,160.0,85.0,95.0,195.0,,,3,3.0,,,,,,,,,,,6.0,3.0,4.0,5.0,6.0,3.0,,,2,4.0,,,,,,,,,,,2.0,3.0,4.0,6.0,6.0,2.0,,,COMPLETE
16,16,0.0,2025-01-02 21:43:45.989973,2025-01-02 21:44:06.532408,0 days 00:00:20.542435,3,85,195.0,,,,,,,,,,,80.0,,,,,,,,2,3.0,,,,,,,,,,,3.0,,,,,,,,4,5.0,,,,,,,,,,,5.0,,,,,,,,COMPLETE
17,17,0.0,2025-01-02 21:44:06.533206,2025-01-02 21:44:11.289376,0 days 00:00:04.756170,8,55,50.0,,,,,,,,,,,165.0,145.0,145.0,65.0,115.0,85.0,,,5,6.0,,,,,,,,,,,4.0,5.0,3.0,2.0,2.0,3.0,,,3,3.0,,,,,,,,,,,5.0,3.0,3.0,3.0,2.0,4.0,,,COMPLETE
18,18,0.0,2025-01-02 21:44:11.290453,2025-01-02 21:44:13.523793,0 days 00:00:02.233340,5,20,5.0,,,,,,,,,,,45.0,55.0,35.0,,,,,,3,5.0,,,,,,,,,,,2.0,6.0,5.0,,,,,,2,4.0,,,,,,,,,,,2.0,6.0,5.0,,,,,,COMPLETE
19,19,0.0,2025-01-02 21:44:13.524822,2025-01-02 21:44:35.107525,0 days 00:00:21.582703,16,85,100.0,65.0,130.0,200.0,200.0,200.0,195.0,,,,,195.0,150.0,60.0,5.0,80.0,155.0,130.0,120.0,6,3.0,2.0,2.0,2.0,2.0,2.0,6.0,,,,,6.0,2.0,3.0,4.0,5.0,6.0,4.0,3.0,3,5.0,4.0,6.0,6.0,4.0,6.0,2.0,,,,,6.0,2.0,2.0,3.0,4.0,5.0,2.0,2.0,COMPLETE
20,20,0.0,2025-01-02 21:44:35.109188,2025-01-02 21:44:52.868327,0 days 00:00:17.759139,3,25,165.0,,,,,,,,,,,100.0,,,,,,,,5,5.0,,,,,,,,,,,4.0,,,,,,,,4,3.0,,,,,,,,,,,3.0,,,,,,,,COMPLETE
21,21,0.7568373612741133,2025-01-02 21:44:52.869067,2025-01-02 21:45:08.297412,0 days 00:00:15.428345,2,45,175.0,,,,,,,,,,,,,,,,,,,5,2.0,,,,,,,,,,,,,,,,,,,3,6.0,,,,,,,,,,,,,,,,,,,COMPLETE
22,22,0.8451896335977018,2025-01-02 21:45:08.298160,2025-01-02 21:45:13.085629,0 days 00:00:04.787469,1,70,,,,,,,,,,,,,,,,,,,,5,,,,,,,,,,,,,,,,,,,,3,,,,,,,,,,,,,,,,,,,,COMPLETE
23,23,0.0,2025-01-02 21:45:13.086120,2025-01-02 21:46:00.716798,0 days 00:00:47.630678,6,70,80.0,,,,,,,,,,,45.0,80.0,135.0,160.0,,,,,6,3.0,,,,,,,,,,,3.0,4.0,5.0,5.0,,,,,2,4.0,,,,,,,,,,,5.0,4.0,4.0,5.0,,,,,COMPLETE
24,24,0.8206490999814234,2025-01-02 21:46:00.717873,2025-01-02 21:46:05.056656,0 days 00:00:04.338783,1,100,,,,,,,,,,,,,,,,,,,,4,,,,,,,,,,,,,,,,,,,,3,,,,,,,,,,,,,,,,,,,,COMPLETE
25,25,0.0,2025-01-02 21:46:05.057142,2025-01-02 21:46:28.512771,0 days 00:00:23.455629,3,55,115.0,,,,,,,,,,,155.0,,,,,,,,5,2.0,,,,,,,,,,,2.0,,,,,,,,4,5.0,,,,,,,,,,,6.0,,,,,,,,COMPLETE
26,26,0.0,2025-01-02 21:46:28.513599,2025-01-02 21:46:31.883404,0 days 00:00:03.369805,7,20,45.0,,,,,,,,,,,95.0,40.0,5.0,195.0,200.0,,,,6,5.0,,,,,,,,,,,4.0,5.0,2.0,2.0,3.0,,,,3,3.0,,,,,,,,,,,2.0,5.0,6.0,2.0,3.0,,,,COMPLETE
27,27,0.0,2025-01-02 21:46:31.884492,2025-01-02 21:47:40.731269,0 days 00:01:08.846777,10,75,80.0,,,,,,,,,,,30.0,135.0,50.0,95.0,150.0,60.0,115.0,95.0,5,3.0,,,,,,,,,,,6.0,3.0,4.0,4.0,5.0,4.0,6.0,5.0,4,2.0,,,,,,,,,,,4.0,3.0,5.0,6.0,5.0,5.0,3.0,4.0,COMPLETE
28,28,0.8436132203907565,2025-01-02 21:47:40.733350,2025-01-02 21:48:17.655452,0 days 00:00:36.922102,4,50,150.0,,,,,,,,,,,180.0,85.0,,,,,,,3,6.0,,,,,,,,,,,5.0,6.0,,,,,,,2,6.0,,,,,,,,,,,3.0,2.0,,,,,,,COMPLETE
29,29,0.0,2025-01-02 21:48:17.656535,2025-01-02 21:48:24.704000,0 days 00:00:07.047465,5,105,150.0,,,,,,,,,,,180.0,75.0,175.0,,,,,,2,6.0,,,,,,,,,,,5.0,6.0,3.0,,,,,,2,6.0,,,,,,,,,,,3.0,2.0,3.0,,,,,,COMPLETE
30,30,0.2690450942836845,2025-01-02 21:48:24.704961,2025-01-02 21:49:30.505099,0 days 00:01:05.800138,10,75,180.0,,,,,,,,,,,145.0,35.0,195.0,5.0,5.0,110.0,150.0,140.0,3,6.0,,,,,,,,,,,5.0,5.0,5.0,6.0,2.0,3.0,4.0,3.0,2,5.0,,,,,,,,,,,3.0,4.0,2.0,4.0,4.0,3.0,6.0,5.0,COMPLETE
31,31,0.0,2025-01-02 21:49:30.506997,2025-01-02 21:49:39.904549,0 days 00:00:09.397552,2,45,110.0,,,,,,,,,,,,,,,,,,,2,5.0,,,,,,,,,,,,,,,,,,,2,4.0,,,,,,,,,,,,,,,,,,,COMPLETE
32,32,0.6666666624749442,2025-01-02 21:49:39.905100,2025-01-02 21:49:52.041159,0 days 00:00:12.136059,4,50,145.0,,,,,,,,,,,185.0,85.0,,,,,,,3,6.0,,,,,,,,,,,6.0,6.0,,,,,,,3,6.0,,,,,,,,,,,4.0,3.0,,,,,,,COMPLETE
33,33,0.8101325798527923,2025-01-02 21:49:52.042162,2025-01-02 21:49:53.831403,0 days 00:00:01.789241,1,30,,,,,,,,,,,,,,,,,,,,4,,,,,,,,,,,,,,,,,,,,2,,,,,,,,,,,,,,,,,,,,COMPLETE
34,34,0.8647197027956659,2025-01-02 21:49:53.831887,2025-01-02 21:50:12.545422,0 days 00:00:18.713535,4,10,125.0,,,,,,,,,,,165.0,90.0,,,,,,,2,5.0,,,,,,,,,,,4.0,4.0,,,,,,,3,5.0,,,,,,,,,,,2.0,2.0,,,,,,,COMPLETE
35,35,0.8677661958899301,2025-01-02 21:50:12.546243,2025-01-02 21:50:31.354423,0 days 00:00:18.808180,4,10,120.0,,,,,,,,,,,165.0,85.0,,,,,,,2,5.0,,,,,,,,,,,4.0,4.0,,,,,,,3,5.0,,,,,,,,,,,2.0,2.0,,,,,,,COMPLETE
36,36,0.8485830285292049,2025-01-02 21:50:31.355358,2025-01-02 21:50:59.173515,0 days 00:00:27.818157,6,10,120.0,,,,,,,,,,,115.0,125.0,125.0,140.0,,,,,2,5.0,,,,,,,,,,,3.0,4.0,2.0,5.0,,,,,3,5.0,,,,,,,,,,,2.0,2.0,4.0,3.0,,,,,COMPLETE
37,37,0.8275215662798552,2025-01-02 21:50:59.174454,2025-01-02 21:51:34.615225,0 days 00:00:35.440771,7,10,120.0,,,,,,,,,,,140.0,125.0,120.0,130.0,70.0,,,,2,5.0,,,,,,,,,,,3.0,4.0,2.0,5.0,6.0,,,,3,5.0,,,,,,,,,,,2.0,2.0,4.0,3.0,2.0,,,,COMPLETE
38,38,0.6223864368361658,2025-01-02 21:51:34.616346,2025-01-02 21:52:09.629683,0 days 00:00:35.013337,6,5,90.0,,,,,,,,,,,155.0,100.0,155.0,160.0,,,,,2,5.0,,,,,,,,,,,4.0,4.0,4.0,5.0,,,,,4,5.0,,,,,,,,,,,2.0,2.0,5.0,3.0,,,,,COMPLETE
39,39,0.0,2025-01-02 21:52:09.630973,2025-01-02 21:53:35.737181,0 days 00:01:26.106208,11,15,135.0,200.0,,,,,,,,,,120.0,95.0,115.0,105.0,140.0,145.0,100.0,200.0,2,4.0,5.0,,,,,,,,,,3.0,4.0,3.0,6.0,4.0,4.0,3.0,5.0,4,5.0,5.0,,,,,,,,,,2.0,3.0,3.0,4.0,6.0,2.0,3.0,3.0,COMPLETE
40,40,0.7958498999490001,2025-01-02 21:53:35.738917,2025-01-02 21:54:23.038950,0 days 00:00:47.300033,9,140,120.0,,,,,,,,,,,110.0,160.0,75.0,75.0,200.0,35.0,195.0,,2,5.0,,,,,,,,,,,4.0,3.0,2.0,3.0,3.0,6.0,5.0,,3,5.0,,,,,,,,,,,2.0,2.0,4.0,2.0,5.0,4.0,3.0,,COMPLETE
41,41,0.0,2025-01-02 21:54:23.040332,2025-01-02 21:54:24.857589,0 days 00:00:01.817257,3,25,100.0,,,,,,,,,,,165.0,,,,,,,,2,4.0,,,,,,,,,,,3.0,,,,,,,,3,4.0,,,,,,,,,,,3.0,,,,,,,,COMPLETE
42,42,0.8380219188876818,2025-01-02 21:54:24.858255,2025-01-02 21:54:38.083305,0 days 00:00:13.225050,4,5,70.0,,,,,,,,,,,130.0,120.0,,,,,,,2,4.0,,,,,,,,,,,4.0,4.0,,,,,,,3,4.0,,,,,,,,,,,2.0,3.0,,,,,,,COMPLETE
43,43,0.0,2025-01-02 21:54:38.084172,2025-01-02 21:54:46.265233,0 days 00:00:08.181061,2,30,110.0,,,,,,,,,,,,,,,,,,,2,4.0,,,,,,,,,,,,,,,,,,,4,4.0,,,,,,,,,,,,,,,,,,,COMPLETE
44,44,0.5963918619459478,2025-01-02 21:54:46.265845,2025-01-02 21:55:29.521832,0 days 00:00:43.255987,6,15,130.0,,,,,,,,,,,200.0,65.0,165.0,140.0,,,,,2,5.0,,,,,,,,,,,3.0,4.0,3.0,4.0,,,,,6,5.0,,,,,,,,,,,2.0,2.0,6.0,5.0,,,,,COMPLETE
45,45,0.0,2025-01-02 21:55:29.523055,2025-01-02 21:55:59.060153,0 days 00:00:29.537098,5,15,95.0,,,,,,,,,,,115.0,165.0,135.0,,,,,,3,5.0,,,,,,,,,,,4.0,5.0,4.0,,,,,,3,4.0,,,,,,,,,,,3.0,2.0,4.0,,,,,,COMPLETE
46,46,0.0,2025-01-02 21:55:59.061168,2025-01-02 21:56:09.898883,0 days 00:00:10.837715,13,175,125.0,155.0,85.0,95.0,,,,,,,,155.0,135.0,85.0,110.0,5.0,175.0,90.0,60.0,2,5.0,5.0,6.0,4.0,,,,,,,,3.0,3.0,2.0,4.0,5.0,2.0,3.0,5.0,3,5.0,2.0,2.0,2.0,,,,,,,,2.0,3.0,3.0,4.0,3.0,6.0,5.0,3.0,COMPLETE
47,47,0.8848450914108069,2025-01-02 21:56:09.900609,2025-01-02 21:56:23.317251,0 days 00:00:13.416642,2,60,140.0,,,,,,,,,,,,,,,,,,,2,4.0,,,,,,,,,,,,,,,,,,,5,5.0,,,,,,,,,,,,,,,,,,,COMPLETE
48,48,0.8619117339002615,2025-01-02 21:56:23.317894,2025-01-02 21:56:55.180149,0 days 00:00:31.862255,4,130,140.0,,,,,,,,,,,170.0,110.0,,,,,,,4,4.0,,,,,,,,,,,4.0,4.0,,,,,,,5,6.0,,,,,,,,,,,3.0,2.0,,,,,,,COMPLETE
49,49,0.0,2025-01-02 21:56:55.181018,2025-01-02 21:57:46.325357,0 days 00:00:51.144339,7,145,140.0,,,,,,,,,,,170.0,95.0,25.0,45.0,135.0,,,,3,4.0,,,,,,,,,,,4.0,4.0,3.0,6.0,6.0,,,,5,6.0,,,,,,,,,,,3.0,2.0,5.0,2.0,2.0,,,,COMPLETE
50,50,0.0,2025-01-02 21:57:46.326767,2025-01-02 21:58:15.862366,0 days 00:00:29.535599,4,135,135.0,,,,,,,,,,,135.0,110.0,,,,,,,2,4.0,,,,,,,,,,,4.0,4.0,,,,,,,5,6.0,,,,,,,,,,,2.0,2.0,,,,,,,COMPLETE
51,51,0.8591868407616343,2025-01-02 21:58:15.863360,2025-01-02 21:58:46.280107,0 days 00:00:30.416747,3,130,165.0,,,,,,,,,,,145.0,,,,,,,,4,4.0,,,,,,,,,,,5.0,,,,,,,,6,5.0,,,,,,,,,,,2.0,,,,,,,,COMPLETE
52,52,0.6044638210193853,2025-01-02 21:58:46.280906,2025-01-02 21:59:16.758121,0 days 00:00:30.477215,3,125,160.0,,,,,,,,,,,150.0,,,,,,,,4,4.0,,,,,,,,,,,5.0,,,,,,,,6,5.0,,,,,,,,,,,2.0,,,,,,,,COMPLETE
53,53,0.5911702631162798,2025-01-02 21:59:16.758980,2025-01-02 22:00:06.376341,0 days 00:00:49.617361,5,165,155.0,,,,,,,,,,,190.0,115.0,185.0,,,,,,4,4.0,,,,,,,,,,,5.0,5.0,5.0,,,,,,6,5.0,,,,,,,,,,,2.0,2.0,2.0,,,,,,COMPLETE
54,54,0.861405354252182,2025-01-02 22:00:06.377515,2025-01-02 22:00:27.198293,0 days 00:00:20.820778,2,125,180.0,,,,,,,,,,,,,,,,,,,4,4.0,,,,,,,,,,,,,,,,,,,5,5.0,,,,,,,,,,,,,,,,,,,COMPLETE
55,55,0.8666055067728422,2025-01-02 22:00:27.199020,2025-01-02 22:00:52.417993,0 days 00:00:25.218973,2,120,185.0,,,,,,,,,,,,,,,,,,,4,4.0,,,,,,,,,,,,,,,,,,,5,6.0,,,,,,,,,,,,,,,,,,,COMPLETE
56,56,0.6516563532875066,2025-01-02 22:00:52.418821,2025-01-02 22:01:06.061648,0 days 00:00:13.642827,2,115,190.0,,,,,,,,,,,,,,,,,,,4,4.0,,,,,,,,,,,,,,,,,,,5,6.0,,,,,,,,,,,,,,,,,,,COMPLETE
57,57,0.7322372290950045,2025-01-02 22:01:06.062379,2025-01-02 22:01:27.723858,0 days 00:00:21.661479,4,110,175.0,,,,,,,,,,,170.0,30.0,,,,,,,4,4.0,,,,,,,,,,,5.0,3.0,,,,,,,5,6.0,,,,,,,,,,,3.0,3.0,,,,,,,COMPLETE
58,58,0.827095395607288,2025-01-02 22:01:27.724704,2025-01-02 22:01:34.653327,0 days 00:00:06.928623,1,95,,,,,,,,,,,,,,,,,,,,4,,,,,,,,,,,,,,,,,,,,5,,,,,,,,,,,,,,,,,,,,COMPLETE
59,59,0.3922728968820507,2025-01-02 22:01:34.653927,2025-01-02 22:01:41.420102,0 days 00:00:06.766175,2,125,190.0,,,,,,,,,,,,,,,,,,,3,3.0,,,,,,,,,,,,,,,,,,,5,6.0,,,,,,,,,,,,,,,,,,,COMPLETE
60,60,0.7979040849677645,2025-01-02 22:01:41.420727,2025-01-02 22:02:19.502529,0 days 00:00:38.081802,3,160,180.0,,,,,,,,,,,190.0,,,,,,,,4,4.0,,,,,,,,,,,4.0,,,,,,,,5,6.0,,,,,,,,,,,4.0,,,,,,,,COMPLETE
61,61,0.8844737719057112,2025-01-02 22:02:19.503449,2025-01-02 22:02:52.379302,0 days 00:00:32.875853,3,135,160.0,,,,,,,,,,,165.0,,,,,,,,4,4.0,,,,,,,,,,,5.0,,,,,,,,6,5.0,,,,,,,,,,,3.0,,,,,,,,COMPLETE
62,62,0.8727342395534937,2025-01-02 22:02:52.380181,2025-01-02 22:03:12.209889,0 days 00:00:19.829708,2,120,170.0,,,,,,,,,,,,,,,,,,,4,4.0,,,,,,,,,,,,,,,,,,,5,5.0,,,,,,,,,,,,,,,,,,,COMPLETE
63,63,0.0,2025-01-02 22:03:12.210640,2025-01-02 22:03:30.384871,0 days 00:00:18.174231,17,150,170.0,60.0,125.0,145.0,20.0,10.0,15.0,170.0,,,,160.0,70.0,60.0,200.0,60.0,90.0,5.0,95.0,4,4.0,3.0,2.0,6.0,6.0,4.0,2.0,6.0,,,,5.0,5.0,5.0,2.0,2.0,5.0,4.0,3.0,5,5.0,4.0,4.0,6.0,3.0,5.0,2.0,6.0,,,,3.0,4.0,6.0,6.0,4.0,5.0,2.0,5.0,COMPLETE
64,64,0.8650441708784702,2025-01-02 22:03:30.386452,2025-01-02 22:04:01.269336,0 days 00:00:30.882884,4,115,140.0,,,,,,,,,,,180.0,55.0,,,,,,,4,4.0,,,,,,,,,,,4.0,2.0,,,,,,,6,5.0,,,,,,,,,,,4.0,3.0,,,,,,,COMPLETE
65,65,0.0,2025-01-02 22:04:01.270244,2025-01-02 22:04:30.925073,0 days 00:00:29.654829,3,90,155.0,,,,,,,,,,,175.0,,,,,,,,3,3.0,,,,,,,,,,,4.0,,,,,,,,6,5.0,,,,,,,,,,,4.0,,,,,,,,COMPLETE
66,66,0.8538694335134143,2025-01-02 22:04:30.925928,2025-01-02 22:04:44.031810,0 days 00:00:13.105882,1,115,,,,,,,,,,,,,,,,,,,,5,,,,,,,,,,,,,,,,,,,,6,,,,,,,,,,,,,,,,,,,,COMPLETE
67,67,0.0,2025-01-02 22:04:44.032424,2025-01-02 22:05:25.612280,0 days 00:00:41.579856,3,110,200.0,,,,,,,,,,,200.0,,,,,,,,3,4.0,,,,,,,,,,,4.0,,,,,,,,6,5.0,,,,,,,,,,,5.0,,,,,,,,COMPLETE
68,68,0.6123088998088998,2025-01-02 22:05:25.613183,2025-01-02 22:05:56.718786,0 days 00:00:31.105603,5,100,145.0,,,,,,,,,,,130.0,50.0,15.0,,,,,,4,4.0,,,,,,,,,,,5.0,2.0,6.0,,,,,,6,5.0,,,,,,,,,,,4.0,4.0,2.0,,,,,,COMPLETE
69,69,0.8451621859443088,2025-01-02 22:05:56.719986,2025-01-02 22:06:16.414824,0 days 00:00:19.694838,2,135,165.0,,,,,,,,,,,,,,,,,,,3,3.0,,,,,,,,,,,,,,,,,,,6,5.0,,,,,,,,,,,,,,,,,,,COMPLETE
70,70,0.0,2025-01-02 22:06:16.415515,2025-01-02 22:07:01.001861,0 days 00:00:44.586346,4,120,190.0,,,,,,,,,,,185.0,65.0,,,,,,,5,5.0,,,,,,,,,,,6.0,2.0,,,,,,,4,4.0,,,,,,,,,,,4.0,3.0,,,,,,,COMPLETE
71,71,0.8609706250473286,2025-01-02 22:07:01.002941,2025-01-02 22:07:31.061107,0 days 00:00:30.058166,4,135,140.0,,,,,,,,,,,165.0,90.0,,,,,,,4,4.0,,,,,,,,,,,4.0,3.0,,,,,,,5,6.0,,,,,,,,,,,3.0,2.0,,,,,,,COMPLETE
72,72,0.8742409727143913,2025-01-02 22:07:31.061965,2025-01-02 22:07:51.565309,0 days 00:00:20.503344,2,120,130.0,,,,,,,,,,,,,,,,,,,4,4.0,,,,,,,,,,,,,,,,,,,5,6.0,,,,,,,,,,,,,,,,,,,COMPLETE
73,73,0.7948972578694544,2025-01-02 22:07:51.566119,2025-01-02 22:07:59.203404,0 days 00:00:07.637285,1,105,,,,,,,,,,,,,,,,,,,,4,,,,,,,,,,,,,,,,,,,,5,,,,,,,,,,,,,,,,,,,,COMPLETE
74,74,0.0,2025-01-02 22:07:59.204054,2025-01-02 22:08:31.147451,0 days 00:00:31.943397,3,120,130.0,,,,,,,,,,,90.0,,,,,,,,4,4.0,,,,,,,,,,,5.0,,,,,,,,6,5.0,,,,,,,,,,,5.0,,,,,,,,COMPLETE
75,75,0.8253503019665436,2025-01-02 22:08:31.148345,2025-01-02 22:08:39.010901,0 days 00:00:07.862556,1,110,,,,,,,,,,,,,,,,,,,,4,,,,,,,,,,,,,,,,,,,,5,,,,,,,,,,,,,,,,,,,,COMPLETE
76,76,0.0,2025-01-02 22:08:39.011429,2025-01-02 22:09:08.109047,0 days 00:00:29.097618,2,145,110.0,,,,,,,,,,,,,,,,,,,5,4.0,,,,,,,,,,,,,,,,,,,6,5.0,,,,,,,,,,,,,,,,,,,COMPLETE
77,77,0.0,2025-01-02 22:09:08.110016,2025-01-02 22:09:33.893752,0 days 00:00:25.783736,3,80,150.0,,,,,,,,,,,140.0,,,,,,,,3,4.0,,,,,,,,,,,2.0,,,,,,,,5,6.0,,,,,,,,,,,4.0,,,,,,,,COMPLETE
78,78,0.0,2025-01-02 22:09:33.894507,2025-01-02 22:09:39.186347,0 days 00:00:05.291840,5,95,125.0,,,,,,,,,,,180.0,25.0,75.0,,,,,,4,5.0,,,,,,,,,,,4.0,2.0,4.0,,,,,,4,5.0,,,,,,,,,,,3.0,3.0,5.0,,,,,,COMPLETE
79,79,0.0,2025-01-02 22:09:39.187273,2025-01-02 22:10:37.154224,0 days 00:00:57.966951,6,140,160.0,,,,,,,,,,,190.0,45.0,105.0,20.0,,,,,2,4.0,,,,,,,,,,,5.0,2.0,5.0,3.0,,,,,4,5.0,,,,,,,,,,,6.0,4.0,6.0,5.0,,,,,COMPLETE
80,80,0.0,2025-01-02 22:10:37.155649,2025-01-02 22:10:57.545028,0 days 00:00:20.389379,12,60,135.0,65.0,50.0,,,,,,,,,150.0,20.0,175.0,180.0,90.0,125.0,75.0,165.0,6,3.0,3.0,5.0,,,,,,,,,3.0,3.0,6.0,2.0,4.0,3.0,2.0,6.0,5,6.0,5.0,3.0,,,,,,,,,5.0,3.0,3.0,6.0,6.0,3.0,6.0,6.0,COMPLETE
81,81,0.8703025107480495,2025-01-02 22:10:57.547386,2025-01-02 22:11:26.451906,0 days 00:00:28.904520,4,130,145.0,,,,,,,,,,,65.0,105.0,,,,,,,4,4.0,,,,,,,,,,,4.0,4.0,,,,,,,5,6.0,,,,,,,,,,,3.0,2.0,,,,,,,COMPLETE
82,82,0.8318732857273377,2025-01-02 22:11:26.452854,2025-01-02 22:11:48.182883,0 days 00:00:21.730029,2,120,145.0,,,,,,,,,,,,,,,,,,,4,4.0,,,,,,,,,,,,,,,,,,,5,6.0,,,,,,,,,,,,,,,,,,,COMPLETE
83,83,0.8451833735605896,2025-01-02 22:11:48.183746,2025-01-02 22:12:20.307156,0 days 00:00:32.123410,4,130,125.0,,,,,,,,,,,60.0,100.0,,,,,,,4,5.0,,,,,,,,,,,4.0,5.0,,,,,,,5,6.0,,,,,,,,,,,3.0,3.0,,,,,,,COMPLETE
84,84,0.0,2025-01-02 22:12:20.308147,2025-01-02 22:12:42.416957,0 days 00:00:22.108810,2,115,115.0,,,,,,,,,,,,,,,,,,,4,4.0,,,,,,,,,,,,,,,,,,,5,6.0,,,,,,,,,,,,,,,,,,,COMPLETE
85,85,0.7998352739153913,2025-01-02 22:12:42.417719,2025-01-02 22:13:06.826687,0 days 00:00:24.408968,3,105,155.0,,,,,,,,,,,60.0,,,,,,,,4,4.0,,,,,,,,,,,4.0,,,,,,,,6,5.0,,,,,,,,,,,4.0,,,,,,,,COMPLETE
86,86,0.8536767191689674,2025-01-02 22:13:06.827621,2025-01-02 22:13:11.807565,0 days 00:00:04.979944,1,155,,,,,,,,,,,,,,,,,,,,2,,,,,,,,,,,,,,,,,,,,4,,,,,,,,,,,,,,,,,,,,COMPLETE
87,87,0.7718516744848304,2025-01-02 22:13:11.808080,2025-01-02 22:13:42.125233,0 days 00:00:30.317153,5,140,170.0,,,,,,,,,,,25.0,55.0,40.0,,,,,,4,4.0,,,,,,,,,,,4.0,3.0,5.0,,,,,,5,6.0,,,,,,,,,,,3.0,2.0,2.0,,,,,,COMPLETE
