,number,value,datetime_start,datetime_complete,duration,params_depth,params_neurons_layer_0,params_neurons_layer_1,params_neurons_layer_10,params_neurons_layer_11,params_neurons_layer_12,params_neurons_layer_13,params_neurons_layer_14,params_neurons_layer_15,params_neurons_layer_16,params_neurons_layer_17,params_neurons_layer_18,params_neurons_layer_19,params_neurons_layer_2,params_neurons_layer_3,params_neurons_layer_4,params_neurons_layer_5,params_neurons_layer_6,params_neurons_layer_7,params_neurons_layer_8,params_neurons_layer_9,params_orders1_layer_0,params_orders1_layer_1,params_orders1_layer_10,params_orders1_layer_11,params_orders1_layer_12,params_orders1_layer_13,params_orders1_layer_14,params_orders1_layer_15,params_orders1_layer_16,params_orders1_layer_17,params_orders1_layer_18,params_orders1_layer_19,params_orders1_layer_2,params_orders1_layer_3,params_orders1_layer_4,params_orders1_layer_5,params_orders1_layer_6,params_orders1_layer_7,params_orders1_layer_8,params_orders1_layer_9,params_orders2_layer_0,params_orders2_layer_1,params_orders2_layer_10,params_orders2_layer_11,params_orders2_layer_12,params_orders2_layer_13,params_orders2_layer_14,params_orders2_layer_15,params_orders2_layer_16,params_orders2_layer_17,params_orders2_layer_18,params_orders2_layer_19,params_orders2_layer_2,params_orders2_layer_3,params_orders2_layer_4,params_orders2_layer_5,params_orders2_layer_6,params_orders2_layer_7,params_orders2_layer_8,params_orders2_layer_9,state
0,0,0.0,2025-01-02 23:14:16.126696,2025-01-02 23:14:20.857830,0 days 00:00:04.731134,11,100,10.0,150.0,,,,,,,,,,120.0,100.0,110.0,60.0,195.0,115.0,65.0,105.0,5,4.0,6.0,,,,,,,,,,4.0,3.0,4.0,2.0,6.0,5.0,6.0,4.0,4,3.0,2.0,,,,,,,,,,6.0,3.0,2.0,6.0,6.0,2.0,6.0,2.0,COMPLETE
1,1,0.4822222222222222,2025-01-02 23:14:20.859800,2025-01-02 23:14:45.474684,0 days 00:00:24.614884,9,180,145.0,,,,,,,,,,,195.0,25.0,65.0,95.0,15.0,155.0,140.0,,3,4.0,,,,,,,,,,,4.0,5.0,4.0,5.0,5.0,2.0,6.0,,5,5.0,,,,,,,,,,,3.0,6.0,2.0,6.0,6.0,3.0,3.0,,COMPLETE
2,2,0.0,2025-01-02 23:14:45.476550,2025-01-02 23:14:48.602849,0 days 00:00:03.126299,9,80,5.0,,,,,,,,,,,115.0,65.0,165.0,135.0,85.0,85.0,20.0,,3,4.0,,,,,,,,,,,5.0,2.0,4.0,3.0,5.0,3.0,3.0,,2,4.0,,,,,,,,,,,5.0,5.0,2.0,2.0,4.0,6.0,3.0,,COMPLETE
3,3,0.7436363636363637,2025-01-02 23:14:48.604180,2025-01-02 23:14:56.677273,0 days 00:00:08.073093,3,10,50.0,,,,,,,,,,,200.0,,,,,,,,6,4.0,,,,,,,,,,,3.0,,,,,,,,6,2.0,,,,,,,,,,,2.0,,,,,,,,COMPLETE
4,4,0.4939870490286772,2025-01-02 23:14:56.677982,2025-01-02 23:15:02.325435,0 days 00:00:05.647453,4,95,75.0,,,,,,,,,,,45.0,60.0,,,,,,,6,2.0,,,,,,,,,,,4.0,3.0,,,,,,,3,6.0,,,,,,,,,,,6.0,3.0,,,,,,,COMPLETE
5,5,0.666599597585513,2025-01-02 23:15:02.326356,2025-01-02 23:15:13.197415,0 days 00:00:10.871059,19,135,190.0,165.0,90.0,175.0,60.0,145.0,35.0,145.0,15.0,180.0,,20.0,15.0,175.0,75.0,110.0,95.0,155.0,105.0,2,4.0,6.0,5.0,4.0,2.0,2.0,6.0,6.0,6.0,6.0,,6.0,2.0,2.0,2.0,2.0,5.0,3.0,2.0,4,5.0,4.0,6.0,3.0,4.0,5.0,4.0,6.0,4.0,6.0,,6.0,4.0,2.0,4.0,2.0,2.0,6.0,2.0,COMPLETE
6,6,0.0,2025-01-02 23:15:13.199264,2025-01-02 23:15:17.948053,0 days 00:00:04.748789,12,10,195.0,75.0,85.0,,,,,,,,,170.0,195.0,30.0,70.0,85.0,155.0,80.0,110.0,2,3.0,2.0,3.0,,,,,,,,,3.0,6.0,4.0,4.0,5.0,6.0,6.0,3.0,6,2.0,2.0,6.0,,,,,,,,,2.0,4.0,5.0,5.0,3.0,3.0,3.0,3.0,COMPLETE
7,7,0.0,2025-01-02 23:15:17.949810,2025-01-02 23:15:22.192095,0 days 00:00:04.242285,12,95,185.0,60.0,190.0,,,,,,,,,10.0,190.0,120.0,170.0,110.0,135.0,105.0,95.0,2,2.0,6.0,5.0,,,,,,,,,5.0,5.0,4.0,2.0,3.0,2.0,5.0,4.0,6,2.0,5.0,5.0,,,,,,,,,2.0,3.0,2.0,6.0,2.0,3.0,6.0,2.0,COMPLETE
8,8,0.5765957446808511,2025-01-02 23:15:22.193769,2025-01-02 23:15:27.704711,0 days 00:00:05.510942,5,100,20.0,,,,,,,,,,,90.0,175.0,10.0,,,,,,5,3.0,,,,,,,,,,,5.0,6.0,5.0,,,,,,4,4.0,,,,,,,,,,,4.0,3.0,3.0,,,,,,COMPLETE
9,9,0.0,2025-01-02 23:15:27.705648,2025-01-02 23:15:32.367391,0 days 00:00:04.661743,11,155,75.0,195.0,,,,,,,,,,105.0,105.0,170.0,100.0,155.0,170.0,35.0,160.0,4,2.0,2.0,,,,,,,,,,6.0,6.0,4.0,2.0,5.0,5.0,5.0,5.0,4,6.0,3.0,,,,,,,,,,6.0,5.0,4.0,5.0,4.0,5.0,2.0,4.0,COMPLETE
10,10,0.14285714285714285,2025-01-02 23:15:32.369153,2025-01-02 23:15:34.150701,0 days 00:00:01.781548,1,10,,,,,,,,,,,,,,,,,,,,6,,,,,,,,,,,,,,,,,,,,6,,,,,,,,,,,,,,,,,,,,COMPLETE
11,11,0.0,2025-01-02 23:15:34.151319,2025-01-02 23:15:42.365908,0 days 00:00:08.214589,20,145,120.0,140.0,5.0,185.0,50.0,150.0,20.0,150.0,5.0,195.0,180.0,60.0,5.0,200.0,5.0,15.0,15.0,200.0,30.0,4,6.0,4.0,6.0,4.0,2.0,2.0,6.0,6.0,6.0,6.0,6.0,2.0,2.0,2.0,4.0,2.0,4.0,2.0,2.0,5,5.0,6.0,2.0,3.0,4.0,5.0,4.0,6.0,4.0,6.0,2.0,4.0,2.0,6.0,3.0,2.0,2.0,5.0,6.0,COMPLETE
12,12,0.0,2025-01-02 23:15:42.367849,2025-01-02 23:15:50.461686,0 days 00:00:08.093837,20,50,65.0,200.0,100.0,150.0,150.0,60.0,65.0,55.0,55.0,145.0,5.0,5.0,125.0,140.0,20.0,135.0,65.0,175.0,20.0,5,6.0,4.0,4.0,5.0,5.0,2.0,2.0,2.0,5.0,6.0,2.0,2.0,3.0,2.0,6.0,2.0,6.0,3.0,2.0,3,3.0,4.0,3.0,3.0,2.0,5.0,2.0,6.0,2.0,3.0,6.0,4.0,5.0,4.0,4.0,3.0,4.0,5.0,6.0,COMPLETE
13,13,0.0,2025-01-02 23:15:50.463491,2025-01-02 23:16:25.902255,0 days 00:00:35.438764,15,135,160.0,125.0,165.0,15.0,15.0,200.0,,,,,,155.0,45.0,80.0,190.0,60.0,200.0,135.0,200.0,3,5.0,5.0,2.0,2.0,2.0,6.0,,,,,,6.0,4.0,6.0,3.0,3.0,4.0,2.0,6.0,5,5.0,4.0,6.0,6.0,6.0,2.0,,,,,,3.0,6.0,3.0,3.0,5.0,4.0,5.0,4.0,COMPLETE
14,14,0.0,2025-01-02 23:16:25.903593,2025-01-02 23:16:32.852243,0 days 00:00:06.948650,16,50,45.0,20.0,40.0,80.0,95.0,5.0,175.0,,,,,45.0,150.0,200.0,145.0,195.0,50.0,150.0,65.0,6,5.0,5.0,6.0,3.0,3.0,4.0,6.0,,,,,3.0,2.0,2.0,3.0,3.0,5.0,4.0,3.0,3,3.0,6.0,4.0,2.0,4.0,6.0,6.0,,,,,5.0,4.0,3.0,4.0,3.0,2.0,4.0,4.0,COMPLETE
15,15,0.0,2025-01-02 23:16:32.853686,2025-01-02 23:16:35.291479,0 days 00:00:02.437793,6,200,110.0,,,,,,,,,,,145.0,75.0,165.0,50.0,,,,,2,5.0,,,,,,,,,,,3.0,4.0,3.0,6.0,,,,,5,5.0,,,,,,,,,,,3.0,2.0,6.0,2.0,,,,,COMPLETE
16,16,0.6666666666666666,2025-01-02 23:16:35.292537,2025-01-02 23:16:36.871167,0 days 00:00:01.578630,1,55,,,,,,,,,,,,,,,,,,,,4,,,,,,,,,,,,,,,,,,,,2,,,,,,,,,,,,,,,,,,,,COMPLETE
17,17,0.6950354609929078,2025-01-02 23:16:36.871681,2025-01-02 23:16:38.504837,0 days 00:00:01.633156,1,40,,,,,,,,,,,,,,,,,,,,4,,,,,,,,,,,,,,,,,,,,2,,,,,,,,,,,,,,,,,,,,COMPLETE
18,18,0.0,2025-01-02 23:16:38.505329,2025-01-02 23:16:39.244782,0 days 00:00:00.739453,3,30,40.0,,,,,,,,,,,195.0,,,,,,,,5,3.0,,,,,,,,,,,2.0,,,,,,,,2,2.0,,,,,,,,,,,2.0,,,,,,,,COMPLETE
19,19,0.6204906204906204,2025-01-02 23:16:39.245346,2025-01-02 23:17:01.703277,0 days 00:00:22.457931,7,30,100.0,,,,,,,,,,,175.0,150.0,55.0,135.0,45.0,,,,5,5.0,,,,,,,,,,,3.0,5.0,6.0,5.0,6.0,,,,3,3.0,,,,,,,,,,,3.0,6.0,5.0,3.0,5.0,,,,COMPLETE
20,20,0.6236111111111111,2025-01-02 23:17:01.704716,2025-01-02 23:17:06.496341,0 days 00:00:04.791625,3,70,45.0,,,,,,,,,,,140.0,,,,,,,,3,3.0,,,,,,,,,,,3.0,,,,,,,,6,2.0,,,,,,,,,,,2.0,,,,,,,,COMPLETE
21,21,0.6855813953488372,2025-01-02 23:17:06.497008,2025-01-02 23:17:08.262066,0 days 00:00:01.765058,1,35,,,,,,,,,,,,,,,,,,,,4,,,,,,,,,,,,,,,,,,,,2,,,,,,,,,,,,,,,,,,,,COMPLETE
22,22,0.6636363636363636,2025-01-02 23:17:08.262578,2025-01-02 23:17:09.611954,0 days 00:00:01.349376,1,25,,,,,,,,,,,,,,,,,,,,4,,,,,,,,,,,,,,,,,,,,2,,,,,,,,,,,,,,,,,,,,COMPLETE
23,23,0.5541176470588236,2025-01-02 23:17:09.612458,2025-01-02 23:17:15.554120,0 days 00:00:05.941662,3,10,90.0,,,,,,,,,,,80.0,,,,,,,,4,6.0,,,,,,,,,,,4.0,,,,,,,,2,4.0,,,,,,,,,,,5.0,,,,,,,,COMPLETE
24,24,0.0,2025-01-02 23:17:15.554875,2025-01-02 23:17:18.414604,0 days 00:00:02.859729,7,40,140.0,,,,,,,,,,,125.0,90.0,95.0,195.0,155.0,,,,3,4.0,,,,,,,,,,,2.0,4.0,5.0,5.0,4.0,,,,2,4.0,,,,,,,,,,,4.0,2.0,5.0,5.0,5.0,,,,COMPLETE
25,25,0.5378151260504201,2025-01-02 23:17:18.415681,2025-01-02 23:17:19.407104,0 days 00:00:00.991423,2,75,30.0,,,,,,,,,,,,,,,,,,,4,3.0,,,,,,,,,,,,,,,,,,,3,3.0,,,,,,,,,,,,,,,,,,,COMPLETE
26,26,0.22267206477732793,2025-01-02 23:17:19.407651,2025-01-02 23:17:27.900450,0 days 00:00:08.492799,5,60,60.0,,,,,,,,,,,170.0,125.0,35.0,,,,,,5,5.0,,,,,,,,,,,5.0,5.0,3.0,,,,,,3,2.0,,,,,,,,,,,3.0,5.0,4.0,,,,,,COMPLETE
27,27,0.617872340425532,2025-01-02 23:17:27.901478,2025-01-02 23:17:34.842953,0 days 00:00:06.941475,4,5,135.0,,,,,,,,,,,185.0,160.0,,,,,,,4,6.0,,,,,,,,,,,4.0,3.0,,,,,,,2,3.0,,,,,,,,,,,2.0,2.0,,,,,,,COMPLETE
28,28,0.4798089448545375,2025-01-02 23:17:34.843719,2025-01-02 23:17:39.797873,0 days 00:00:04.954154,2,25,90.0,,,,,,,,,,,,,,,,,,,6,2.0,,,,,,,,,,,,,,,,,,,4,6.0,,,,,,,,,,,,,,,,,,,COMPLETE
29,29,0.4592728946157386,2025-01-02 23:17:39.798544,2025-01-02 23:17:53.533663,0 days 00:00:13.735119,8,115,170.0,,,,,,,,,,,90.0,40.0,135.0,30.0,45.0,10.0,,,5,4.0,,,,,,,,,,,2.0,4.0,5.0,4.0,4.0,3.0,,,4,4.0,,,,,,,,,,,5.0,4.0,6.0,2.0,6.0,6.0,,,COMPLETE
30,30,0.0,2025-01-02 23:17:53.535030,2025-01-02 23:17:56.536441,0 days 00:00:03.001411,5,35,55.0,,,,,,,,,,,140.0,115.0,5.0,,,,,,5,5.0,,,,,,,,,,,3.0,6.0,3.0,,,,,,3,2.0,,,,,,,,,,,3.0,6.0,5.0,,,,,,COMPLETE
31,31,0.6211474632527264,2025-01-02 23:17:56.537390,2025-01-02 23:17:58.089096,0 days 00:00:01.551706,1,55,,,,,,,,,,,,,,,,,,,,4,,,,,,,,,,,,,,,,,,,,2,,,,,,,,,,,,,,,,,,,,COMPLETE
32,32,0.6451048951048951,2025-01-02 23:17:58.089600,2025-01-02 23:17:58.777079,0 days 00:00:00.687479,1,45,,,,,,,,,,,,,,,,,,,,3,,,,,,,,,,,,,,,,,,,,2,,,,,,,,,,,,,,,,,,,,COMPLETE
33,33,0.6529411764705882,2025-01-02 23:17:58.777569,2025-01-02 23:18:01.000170,0 days 00:00:02.222601,2,65,30.0,,,,,,,,,,,,,,,,,,,4,3.0,,,,,,,,,,,,,,,,,,,2,3.0,,,,,,,,,,,,,,,,,,,COMPLETE
34,34,0.6288561936402468,2025-01-02 23:18:01.000719,2025-01-02 23:18:07.273836,0 days 00:00:06.273117,4,20,125.0,,,,,,,,,,,70.0,140.0,,,,,,,4,4.0,,,,,,,,,,,5.0,3.0,,,,,,,2,3.0,,,,,,,,,,,2.0,3.0,,,,,,,COMPLETE
35,35,0.0,2025-01-02 23:18:07.274516,2025-01-02 23:18:08.120544,0 days 00:00:00.846028,3,80,15.0,,,,,,,,,,,200.0,,,,,,,,3,2.0,,,,,,,,,,,3.0,,,,,,,,5,2.0,,,,,,,,,,,3.0,,,,,,,,COMPLETE
36,36,0.5118577075098814,2025-01-02 23:18:08.121139,2025-01-02 23:18:12.250559,0 days 00:00:04.129420,2,20,80.0,,,,,,,,,,,,,,,,,,,4,4.0,,,,,,,,,,,,,,,,,,,3,4.0,,,,,,,,,,,,,,,,,,,COMPLETE
37,37,0.6445347786811202,2025-01-02 23:18:12.251128,2025-01-02 23:18:13.528855,0 days 00:00:01.277727,1,110,,,,,,,,,,,,,,,,,,,,4,,,,,,,,,,,,,,,,,,,,2,,,,,,,,,,,,,,,,,,,,COMPLETE
38,38,0.0,2025-01-02 23:18:13.529357,2025-01-02 23:18:17.907677,0 days 00:00:04.378320,10,40,155.0,,,,,,,,,,,160.0,80.0,80.0,165.0,170.0,200.0,5.0,165.0,3,4.0,,,,,,,,,,,4.0,5.0,6.0,6.0,4.0,3.0,4.0,6.0,3,5.0,,,,,,,,,,,4.0,5.0,3.0,3.0,4.0,5.0,2.0,5.0,COMPLETE
39,39,0.4648979591836735,2025-01-02 23:18:17.909168,2025-01-02 23:18:38.406705,0 days 00:00:20.497537,6,85,10.0,,,,,,,,,,,130.0,170.0,145.0,110.0,,,,,5,6.0,,,,,,,,,,,4.0,2.0,5.0,5.0,,,,,2,6.0,,,,,,,,,,,2.0,6.0,6.0,5.0,,,,,COMPLETE
40,40,0.5689102564102564,2025-01-02 23:18:38.408043,2025-01-02 23:18:44.662140,0 days 00:00:06.254097,4,5,105.0,,,,,,,,,,,110.0,45.0,,,,,,,5,3.0,,,,,,,,,,,2.0,4.0,,,,,,,5,2.0,,,,,,,,,,,4.0,2.0,,,,,,,COMPLETE
41,41,0.0,2025-01-02 23:18:44.662858,2025-01-02 23:18:49.529430,0 days 00:00:04.866572,16,170,175.0,165.0,135.0,120.0,200.0,115.0,15.0,,,,,20.0,5.0,180.0,75.0,120.0,110.0,105.0,65.0,2,4.0,3.0,4.0,6.0,6.0,4.0,4.0,,,,,6.0,2.0,3.0,3.0,2.0,4.0,3.0,3.0,4,5.0,3.0,5.0,5.0,2.0,3.0,4.0,,,,,6.0,4.0,4.0,4.0,2.0,3.0,6.0,3.0,COMPLETE
42,42,0.0,2025-01-02 23:18:49.530820,2025-01-02 23:18:58.150596,0 days 00:00:08.619776,18,125,190.0,100.0,65.0,200.0,80.0,180.0,110.0,200.0,190.0,,,30.0,25.0,120.0,115.0,90.0,35.0,200.0,135.0,2,5.0,5.0,5.0,4.0,4.0,3.0,4.0,6.0,2.0,,,6.0,3.0,2.0,2.0,3.0,6.0,2.0,2.0,6,6.0,5.0,4.0,4.0,6.0,4.0,2.0,2.0,6.0,,,6.0,4.0,3.0,4.0,3.0,4.0,4.0,2.0,COMPLETE
43,43,0.0,2025-01-02 23:18:58.152734,2025-01-02 23:19:03.819500,0 days 00:00:05.666766,13,140,150.0,165.0,145.0,70.0,,,,,,,,55.0,15.0,150.0,35.0,130.0,85.0,160.0,60.0,6,3.0,6.0,5.0,2.0,,,,,,,,6.0,2.0,3.0,4.0,2.0,5.0,5.0,5.0,5,5.0,5.0,6.0,2.0,,,,,,,,5.0,4.0,2.0,4.0,2.0,2.0,5.0,3.0,COMPLETE
44,44,0.666599597585513,2025-01-02 23:19:03.821471,2025-01-02 23:19:12.878803,0 days 00:00:09.057332,14,155,125.0,110.0,45.0,145.0,5.0,,,,,,,30.0,95.0,180.0,85.0,60.0,80.0,125.0,140.0,3,4.0,4.0,3.0,6.0,3.0,,,,,,,5.0,3.0,2.0,3.0,4.0,5.0,3.0,3.0,4,4.0,3.0,5.0,4.0,3.0,,,,,,,6.0,3.0,3.0,5.0,4.0,5.0,6.0,5.0,COMPLETE
45,45,0.0,2025-01-02 23:19:12.880024,2025-01-02 23:19:16.851457,0 days 00:00:03.971433,10,95,180.0,,,,,,,,,,,95.0,60.0,95.0,50.0,170.0,130.0,55.0,200.0,2,5.0,,,,,,,,,,,4.0,3.0,3.0,2.0,3.0,6.0,4.0,5.0,6,5.0,,,,,,,,,,,5.0,5.0,4.0,3.0,3.0,3.0,4.0,3.0,COMPLETE
46,46,0.666599597585513,2025-01-02 23:19:16.852911,2025-01-02 23:19:24.312865,0 days 00:00:07.459954,19,15,195.0,10.0,120.0,25.0,135.0,100.0,90.0,105.0,120.0,5.0,,75.0,30.0,185.0,125.0,100.0,35.0,175.0,85.0,4,3.0,3.0,4.0,3.0,4.0,6.0,5.0,4.0,3.0,2.0,,5.0,2.0,2.0,3.0,2.0,3.0,3.0,2.0,3,6.0,4.0,2.0,3.0,5.0,6.0,6.0,4.0,4.0,6.0,,6.0,3.0,2.0,2.0,2.0,2.0,5.0,2.0,COMPLETE
47,47,0.20714285714285713,2025-01-02 23:19:24.314481,2025-01-02 23:19:27.422144,0 days 00:00:03.107663,2,50,200.0,,,,,,,,,,,,,,,,,,,6,4.0,,,,,,,,,,,,,,,,,,,2,4.0,,,,,,,,,,,,,,,,,,,COMPLETE
48,48,0.0,2025-01-02 23:19:27.422771,2025-01-02 23:19:33.651940,0 days 00:00:06.229169,12,35,70.0,50.0,10.0,,,,,,,,,115.0,80.0,125.0,5.0,70.0,55.0,85.0,45.0,3,2.0,5.0,6.0,,,,,,,,,5.0,4.0,3.0,4.0,3.0,4.0,4.0,4.0,5,5.0,5.0,4.0,,,,,,,,,5.0,4.0,3.0,6.0,5.0,5.0,6.0,5.0,COMPLETE
49,49,0.0,2025-01-02 23:19:33.653842,2025-01-02 23:19:39.503578,0 days 00:00:05.849736,17,125,165.0,175.0,80.0,165.0,50.0,135.0,160.0,5.0,,,,185.0,60.0,105.0,165.0,30.0,95.0,125.0,5.0,4,5.0,6.0,2.0,5.0,2.0,4.0,2.0,4.0,,,,3.0,2.0,5.0,2.0,6.0,4.0,2.0,3.0,3,3.0,3.0,3.0,6.0,3.0,4.0,3.0,4.0,,,,3.0,5.0,2.0,4.0,3.0,4.0,3.0,3.0,COMPLETE
50,50,0.5416666666666667,2025-01-02 23:19:39.504960,2025-01-02 23:19:41.923645,0 days 00:00:02.418685,1,60,,,,,,,,,,,,,,,,,,,,2,,,,,,,,,,,,,,,,,,,,6,,,,,,,,,,,,,,,,,,,,COMPLETE
51,51,0.0,2025-01-02 23:19:41.924210,2025-01-02 23:19:50.739761,0 days 00:00:08.815551,14,160,125.0,105.0,50.0,130.0,10.0,,,,,,,30.0,105.0,190.0,85.0,55.0,75.0,115.0,130.0,3,4.0,4.0,3.0,6.0,3.0,,,,,,,6.0,3.0,2.0,3.0,4.0,5.0,3.0,3.0,4,4.0,3.0,5.0,4.0,3.0,,,,,,,6.0,3.0,3.0,5.0,4.0,5.0,6.0,5.0,COMPLETE
52,52,0.0,2025-01-02 23:19:50.740767,2025-01-02 23:19:58.472194,0 days 00:00:07.731427,14,180,135.0,115.0,40.0,165.0,50.0,,,,,,,35.0,135.0,155.0,85.0,30.0,120.0,170.0,155.0,2,4.0,3.0,3.0,5.0,3.0,,,,,,,5.0,3.0,2.0,3.0,4.0,5.0,3.0,2.0,4,4.0,4.0,5.0,4.0,3.0,,,,,,,6.0,3.0,2.0,5.0,5.0,6.0,6.0,5.0,COMPLETE
53,53,0.0,2025-01-02 23:19:58.473410,2025-01-02 23:20:07.035721,0 days 00:00:08.562311,19,160,115.0,85.0,105.0,100.0,10.0,75.0,65.0,145.0,10.0,85.0,,20.0,90.0,175.0,55.0,75.0,100.0,90.0,130.0,3,4.0,3.0,3.0,3.0,3.0,3.0,5.0,5.0,6.0,4.0,,6.0,3.0,2.0,2.0,5.0,6.0,4.0,3.0,4,5.0,2.0,6.0,5.0,5.0,5.0,5.0,5.0,6.0,5.0,,6.0,3.0,2.0,5.0,4.0,5.0,4.0,6.0,COMPLETE
54,54,0.6458333333333333,2025-01-02 23:20:07.037569,2025-01-02 23:20:13.440872,0 days 00:00:06.403303,3,150,95.0,,,,,,,,,,,55.0,,,,,,,,3,4.0,,,,,,,,,,,5.0,,,,,,,,2,6.0,,,,,,,,,,,5.0,,,,,,,,COMPLETE
55,55,0.0,2025-01-02 23:20:13.441634,2025-01-02 23:20:19.137414,0 days 00:00:05.695780,17,200,80.0,130.0,30.0,140.0,70.0,165.0,5.0,190.0,,,,15.0,35.0,160.0,65.0,110.0,35.0,130.0,175.0,2,5.0,4.0,5.0,4.0,2.0,5.0,3.0,2.0,,,,6.0,2.0,3.0,2.0,2.0,5.0,2.0,4.0,2,5.0,3.0,5.0,3.0,4.0,3.0,3.0,2.0,,,,6.0,4.0,3.0,6.0,2.0,4.0,5.0,5.0,COMPLETE
56,56,0.0,2025-01-02 23:20:19.139147,2025-01-02 23:20:23.412175,0 days 00:00:04.273028,9,185,145.0,,,,,,,,,,,45.0,15.0,190.0,85.0,5.0,70.0,160.0,,3,3.0,,,,,,,,,,,6.0,3.0,4.0,3.0,4.0,4.0,3.0,,5,3.0,,,,,,,,,,,6.0,3.0,2.0,6.0,4.0,6.0,6.0,,COMPLETE
57,57,0.666599597585513,2025-01-02 23:20:23.413711,2025-01-02 23:20:27.881292,0 days 00:00:04.467581,11,135,25.0,150.0,,,,,,,,,,10.0,50.0,130.0,35.0,145.0,95.0,185.0,120.0,5,4.0,5.0,,,,,,,,,,5.0,2.0,2.0,2.0,6.0,6.0,5.0,2.0,3,4.0,3.0,,,,,,,,,,5.0,2.0,4.0,5.0,3.0,5.0,5.0,4.0,COMPLETE
58,58,0.666599597585513,2025-01-02 23:20:27.882895,2025-01-02 23:20:33.867749,0 days 00:00:05.984854,15,30,185.0,40.0,60.0,180.0,125.0,20.0,,,,,,35.0,200.0,60.0,95.0,100.0,150.0,150.0,85.0,4,5.0,4.0,2.0,6.0,3.0,2.0,,,,,,5.0,3.0,3.0,4.0,3.0,5.0,3.0,3.0,2,4.0,4.0,6.0,5.0,3.0,4.0,,,,,,4.0,4.0,2.0,4.0,6.0,4.0,6.0,6.0,COMPLETE
59,59,0.5714285714285714,2025-01-02 23:20:33.868935,2025-01-02 23:20:46.479087,0 days 00:00:12.610152,4,20,55.0,,,,,,,,,,,5.0,180.0,,,,,,,6,3.0,,,,,,,,,,,4.0,5.0,,,,,,,6,6.0,,,,,,,,,,,6.0,5.0,,,,,,,COMPLETE
60,60,0.6759259259259259,2025-01-02 23:20:46.480220,2025-01-02 23:20:50.431074,0 days 00:00:03.950854,2,125,40.0,,,,,,,,,,,,,,,,,,,3,5.0,,,,,,,,,,,,,,,,,,,4,2.0,,,,,,,,,,,,,,,,,,,COMPLETE
61,61,0.0,2025-01-02 23:20:50.431656,2025-01-02 23:20:55.465157,0 days 00:00:05.033501,2,125,40.0,,,,,,,,,,,,,,,,,,,4,5.0,,,,,,,,,,,,,,,,,,,4,2.0,,,,,,,,,,,,,,,,,,,COMPLETE
62,62,0.5317028985507246,2025-01-02 23:20:55.465748,2025-01-02 23:20:58.149397,0 days 00:00:02.683649,1,110,,,,,,,,,,,,,,,,,,,,4,,,,,,,,,,,,,,,,,,,,4,,,,,,,,,,,,,,,,,,,,COMPLETE
63,63,0.5335968379446641,2025-01-02 23:20:58.149935,2025-01-02 23:21:01.680402,0 days 00:00:03.530467,3,140,50.0,,,,,,,,,,,65.0,,,,,,,,3,4.0,,,,,,,,,,,5.0,,,,,,,,4,2.0,,,,,,,,,,,4.0,,,,,,,,COMPLETE
64,64,0.5298245614035088,2025-01-02 23:21:01.681046,2025-01-02 23:21:05.541881,0 days 00:00:03.860835,2,130,5.0,,,,,,,,,,,,,,,,,,,4,4.0,,,,,,,,,,,,,,,,,,,4,2.0,,,,,,,,,,,,,,,,,,,COMPLETE
65,65,0.5431818181818182,2025-01-02 23:21:05.542494,2025-01-02 23:21:06.908868,0 days 00:00:01.366374,1,150,,,,,,,,,,,,,,,,,,,,3,,,,,,,,,,,,,,,,,,,,4,,,,,,,,,,,,,,,,,,,,COMPLETE
66,66,0.6302600472813239,2025-01-02 23:21:06.909396,2025-01-02 23:21:19.110580,0 days 00:00:12.201184,5,45,40.0,,,,,,,,,,,50.0,95.0,170.0,,,,,,4,6.0,,,,,,,,,,,6.0,4.0,4.0,,,,,,4,2.0,,,,,,,,,,,5.0,3.0,3.0,,,,,,COMPLETE
67,67,0.5685534591194968,2025-01-02 23:21:19.111544,2025-01-02 23:21:23.343744,0 days 00:00:04.232200,3,115,65.0,,,,,,,,,,,155.0,,,,,,,,2,5.0,,,,,,,,,,,3.0,,,,,,,,3,3.0,,,,,,,,,,,5.0,,,,,,,,COMPLETE
68,68,0.0,2025-01-02 23:21:23.344398,2025-01-02 23:21:24.901814,0 days 00:00:01.557416,6,165,30.0,,,,,,,,,,,80.0,70.0,115.0,120.0,,,,,4,4.0,,,,,,,,,,,5.0,2.0,2.0,3.0,,,,,2,2.0,,,,,,,,,,,6.0,4.0,2.0,3.0,,,,,COMPLETE
69,69,0.666599597585513,2025-01-02 23:21:24.902698,2025-01-02 23:21:32.201461,0 days 00:00:07.298763,20,10,85.0,180.0,80.0,115.0,35.0,50.0,135.0,95.0,100.0,200.0,60.0,100.0,115.0,30.0,145.0,70.0,180.0,120.0,145.0,3,5.0,5.0,4.0,5.0,5.0,3.0,5.0,5.0,4.0,4.0,4.0,4.0,2.0,4.0,5.0,5.0,5.0,4.0,2.0,5,3.0,2.0,5.0,4.0,5.0,6.0,5.0,5.0,2.0,2.0,4.0,2.0,2.0,4.0,6.0,6.0,3.0,4.0,5.0,COMPLETE
70,70,0.6556776556776557,2025-01-02 23:21:32.203161,2025-01-02 23:21:34.765186,0 days 00:00:02.562025,1,85,,,,,,,,,,,,,,,,,,,,5,,,,,,,,,,,,,,,,,,,,2,,,,,,,,,,,,,,,,,,,,COMPLETE
71,71,0.0,2025-01-02 23:21:34.765742,2025-01-02 23:21:41.272300,0 days 00:00:06.506558,19,15,195.0,20.0,115.0,20.0,135.0,110.0,65.0,105.0,130.0,5.0,,75.0,30.0,185.0,125.0,95.0,35.0,185.0,85.0,4,3.0,3.0,4.0,3.0,4.0,6.0,5.0,4.0,3.0,2.0,,5.0,2.0,2.0,3.0,2.0,3.0,3.0,2.0,3,6.0,4.0,2.0,3.0,5.0,6.0,6.0,4.0,4.0,6.0,,6.0,3.0,2.0,2.0,2.0,2.0,5.0,2.0,COMPLETE
72,72,0.0,2025-01-02 23:21:41.273928,2025-01-02 23:21:45.936144,0 days 00:00:04.662216,17,15,200.0,80.0,135.0,45.0,175.0,90.0,95.0,120.0,,,,40.0,20.0,200.0,105.0,110.0,50.0,145.0,85.0,4,3.0,3.0,4.0,3.0,4.0,5.0,6.0,3.0,,,,5.0,2.0,2.0,3.0,2.0,2.0,3.0,2.0,3,6.0,4.0,3.0,3.0,5.0,5.0,5.0,3.0,,,,6.0,3.0,2.0,2.0,2.0,2.0,6.0,2.0,COMPLETE
73,73,0.0,2025-01-02 23:21:45.937625,2025-01-02 23:21:52.161458,0 days 00:00:06.223833,19,25,160.0,95.0,120.0,155.0,110.0,130.0,40.0,70.0,125.0,10.0,,25.0,5.0,155.0,130.0,125.0,20.0,170.0,180.0,4,2.0,4.0,3.0,4.0,3.0,5.0,5.0,4.0,3.0,2.0,,6.0,3.0,2.0,2.0,2.0,3.0,2.0,3.0,4,5.0,5.0,2.0,2.0,4.0,6.0,3.0,4.0,4.0,5.0,,6.0,3.0,2.0,2.0,2.0,2.0,5.0,2.0,COMPLETE
74,74,0.666599597585513,2025-01-02 23:21:52.163132,2025-01-02 23:21:58.288363,0 days 00:00:06.125231,18,35,180.0,65.0,155.0,50.0,165.0,95.0,95.0,155.0,75.0,,,85.0,55.0,185.0,75.0,80.0,80.0,70.0,115.0,4,3.0,2.0,5.0,3.0,5.0,6.0,6.0,5.0,4.0,,,4.0,2.0,2.0,4.0,3.0,2.0,4.0,2.0,3,5.0,3.0,4.0,3.0,5.0,5.0,4.0,5.0,5.0,,,5.0,2.0,3.0,3.0,3.0,3.0,6.0,3.0,COMPLETE
75,75,0.0,2025-01-02 23:21:58.289815,2025-01-02 23:22:05.317996,0 days 00:00:07.028181,20,15,170.0,5.0,95.0,95.0,100.0,145.0,200.0,60.0,170.0,70.0,185.0,65.0,35.0,170.0,95.0,55.0,110.0,185.0,100.0,5,4.0,3.0,4.0,4.0,4.0,3.0,5.0,3.0,2.0,5.0,6.0,5.0,3.0,3.0,3.0,2.0,3.0,3.0,2.0,2,4.0,4.0,3.0,4.0,3.0,6.0,6.0,3.0,3.0,6.0,6.0,6.0,3.0,3.0,5.0,2.0,2.0,6.0,2.0,COMPLETE
76,76,0.5598851517637408,2025-01-02 23:22:05.319821,2025-01-02 23:22:09.548601,0 days 00:00:04.228780,2,40,190.0,,,,,,,,,,,,,,,,,,,4,4.0,,,,,,,,,,,,,,,,,,,2,6.0,,,,,,,,,,,,,,,,,,,COMPLETE
