,number,value,datetime_start,datetime_complete,duration,params_depth,params_neurons_layer_0,params_neurons_layer_1,params_neurons_layer_2,params_neurons_layer_3,params_neurons_layer_4,params_neurons_layer_5,params_neurons_layer_6,params_neurons_layer_7,params_neurons_layer_8,params_neurons_layer_9,params_orders_layer_0,params_orders_layer_1,params_orders_layer_2,params_orders_layer_3,params_orders_layer_4,params_orders_layer_5,params_orders_layer_6,params_orders_layer_7,params_orders_layer_8,params_orders_layer_9,state
486,486,0.824582553219396,2025-01-03 04:21:55.522992,2025-01-03 04:22:28.516483,0 days 00:00:32.993491,7,15,10.0,35.0,80.0,25.0,20.0,90.0,,,,6,3.0,2.0,2.0,5.0,2.0,3.0,,,,COMPLETE
487,487,0.8183947603642518,2025-01-03 04:22:28.517461,2025-01-03 04:22:56.446232,0 days 00:00:27.928771,7,15,10.0,30.0,75.0,30.0,15.0,85.0,,,,6,3.0,2.0,2.0,5.0,2.0,3.0,,,,COMPLETE
488,488,0.8864523441331063,2025-01-03 04:22:56.446971,2025-01-03 04:23:26.876479,0 days 00:00:30.429508,7,10,5.0,35.0,75.0,35.0,15.0,80.0,,,,6,3.0,2.0,2.0,5.0,2.0,3.0,,,,COMPLETE
489,489,0.8647550755879064,2025-01-03 04:23:26.877194,2025-01-03 04:24:10.933955,0 days 00:00:44.056761,7,15,75.0,40.0,80.0,25.0,20.0,90.0,,,,6,3.0,2.0,2.0,5.0,2.0,3.0,,,,COMPLETE
490,490,0.8820149174233854,2025-01-03 04:24:10.934965,2025-01-03 04:24:48.985062,0 days 00:00:38.050097,7,15,5.0,40.0,75.0,40.0,85.0,75.0,,,,6,3.0,2.0,2.0,5.0,2.0,3.0,,,,COMPLETE
491,491,0.8482880568140209,2025-01-03 04:24:48.985764,2025-01-03 04:25:19.782857,0 days 00:00:30.797093,7,20,10.0,35.0,100.0,30.0,20.0,85.0,,,,6,3.0,2.0,2.0,5.0,2.0,3.0,,,,COMPLETE
492,492,0.8473291395275474,2025-01-03 04:25:19.783865,2025-01-03 04:25:48.856925,0 days 00:00:29.073060,7,10,5.0,35.0,70.0,35.0,15.0,80.0,,,,6,3.0,4.0,2.0,5.0,2.0,3.0,,,,COMPLETE
493,493,0.8725225330406763,2025-01-03 04:25:48.857662,2025-01-03 04:26:03.529850,0 days 00:00:14.672188,2,15,45.0,,,,,,,,,6,3.0,,,,,,,,,COMPLETE
494,494,0.8301139661483009,2025-01-03 04:26:03.530430,2025-01-03 04:26:19.273297,0 days 00:00:15.742867,3,15,10.0,35.0,,,,,,,,6,3.0,2.0,,,,,,,,COMPLETE
495,495,0.8665799487076071,2025-01-03 04:26:19.273911,2025-01-03 04:26:52.891250,0 days 00:00:33.617339,7,10,20.0,35.0,90.0,20.0,30.0,80.0,,,,6,3.0,2.0,2.0,5.0,2.0,2.0,,,,COMPLETE
496,496,0.8757400407629847,2025-01-03 04:26:52.892215,2025-01-03 04:27:42.014668,0 days 00:00:49.122453,7,15,80.0,35.0,70.0,30.0,5.0,75.0,,,,6,4.0,6.0,2.0,5.0,2.0,3.0,,,,COMPLETE
497,497,0.8845972356623453,2025-01-03 04:27:42.015421,2025-01-03 04:28:06.161146,0 days 00:00:24.145725,7,20,10.0,30.0,75.0,35.0,20.0,80.0,,,,6,3.0,2.0,2.0,3.0,2.0,3.0,,,,COMPLETE
498,498,0.8611042780748663,2025-01-03 04:28:06.162031,2025-01-03 04:28:44.381950,0 days 00:00:38.219919,7,20,5.0,35.0,70.0,25.0,15.0,90.0,,,,6,4.0,2.0,3.0,5.0,2.0,3.0,,,,COMPLETE
499,499,0.7141100308681168,2025-01-03 04:28:44.382803,2025-01-03 04:28:59.597027,0 days 00:00:15.214224,3,10,15.0,40.0,,,,,,,,6,2.0,2.0,,,,,,,,COMPLETE
500,500,0.876607135432087,2025-01-03 04:28:59.597640,2025-01-03 04:29:45.909522,0 days 00:00:46.311882,7,35,5.0,35.0,45.0,35.0,95.0,85.0,,,,6,5.0,2.0,2.0,5.0,2.0,2.0,,,,COMPLETE
501,501,0.8732425420477818,2025-01-03 04:29:45.910498,2025-01-03 04:30:40.123944,0 days 00:00:54.213446,7,20,50.0,40.0,80.0,40.0,10.0,75.0,,,,3,3.0,2.0,2.0,4.0,2.0,3.0,,,,COMPLETE
502,502,0.8805458902533136,2025-01-03 04:30:40.124627,2025-01-03 04:30:56.988590,0 days 00:00:16.863963,3,15,10.0,35.0,,,,,,,,6,2.0,2.0,,,,,,,,COMPLETE
503,503,0.8722013370215597,2025-01-03 04:30:56.989415,2025-01-03 04:31:42.966166,0 days 00:00:45.976751,7,10,5.0,40.0,75.0,25.0,10.0,90.0,,,,4,2.0,2.0,2.0,5.0,2.0,3.0,,,,COMPLETE
504,504,0.8468700452215441,2025-01-03 04:31:42.966820,2025-01-03 04:32:19.207997,0 days 00:00:36.241177,7,15,40.0,30.0,50.0,30.0,25.0,85.0,,,,6,2.0,2.0,2.0,5.0,2.0,2.0,,,,COMPLETE
505,505,0.8616682706526547,2025-01-03 04:32:19.208851,2025-01-03 04:33:00.746270,0 days 00:00:41.537419,7,15,70.0,45.0,70.0,20.0,15.0,30.0,,,,6,3.0,2.0,2.0,5.0,2.0,3.0,,,,COMPLETE
506,506,0.8821180732925292,2025-01-03 04:33:00.747039,2025-01-03 04:33:18.565966,0 days 00:00:17.818927,3,20,15.0,35.0,,,,,,,,6,2.0,2.0,,,,,,,,COMPLETE
507,507,0.8681915830857433,2025-01-03 04:33:18.566564,2025-01-03 04:34:07.867605,0 days 00:00:49.301041,7,15,10.0,25.0,75.0,45.0,20.0,80.0,,,,4,2.0,3.0,2.0,3.0,4.0,3.0,,,,COMPLETE
508,508,0.8085446711364765,2025-01-03 04:34:07.868555,2025-01-03 04:34:34.416681,0 days 00:00:26.548126,3,5,5.0,45.0,,,,,,,,6,3.0,6.0,,,,,,,,COMPLETE
509,509,0.7972614928567339,2025-01-03 04:34:34.417347,2025-01-03 04:35:07.207937,0 days 00:00:32.790590,7,15,10.0,60.0,70.0,30.0,10.0,35.0,,,,6,2.0,2.0,5.0,5.0,2.0,3.0,,,,COMPLETE
510,510,0.8335538424307267,2025-01-03 04:35:07.208658,2025-01-03 04:35:35.021043,0 days 00:00:27.812385,7,10,5.0,30.0,30.0,25.0,20.0,75.0,,,,6,2.0,2.0,2.0,5.0,2.0,3.0,,,,COMPLETE
511,511,0.8538987386645077,2025-01-03 04:35:35.021932,2025-01-03 04:36:18.300694,0 days 00:00:43.278762,7,20,15.0,40.0,85.0,40.0,5.0,85.0,,,,6,3.0,2.0,4.0,5.0,2.0,2.0,,,,COMPLETE
512,512,0.8961718026109275,2025-01-03 04:36:18.301519,2025-01-03 04:36:38.801893,0 days 00:00:20.500374,4,15,10.0,45.0,45.0,,,,,,,6,2.0,2.0,2.0,,,,,,,COMPLETE
513,513,0.8898124273205856,2025-01-03 04:36:38.802462,2025-01-03 04:36:58.264161,0 days 00:00:19.461699,4,10,10.0,45.0,45.0,,,,,,,6,2.0,2.0,2.0,,,,,,,COMPLETE
514,514,0.8742503757168685,2025-01-03 04:36:58.264958,2025-01-03 04:37:20.316034,0 days 00:00:22.051076,4,5,10.0,45.0,45.0,,,,,,,6,2.0,2.0,2.0,,,,,,,COMPLETE
515,515,0.8625837903717246,2025-01-03 04:37:20.316578,2025-01-03 04:37:36.350711,0 days 00:00:16.034133,4,10,10.0,45.0,50.0,,,,,,,6,2.0,2.0,2.0,,,,,,,COMPLETE
516,516,0.800232797366975,2025-01-03 04:37:36.351254,2025-01-03 04:37:58.671153,0 days 00:00:22.319899,4,10,15.0,45.0,45.0,,,,,,,6,2.0,4.0,2.0,,,,,,,COMPLETE
517,517,0.8149584285256737,2025-01-03 04:37:58.671692,2025-01-03 04:38:20.263173,0 days 00:00:21.591481,4,10,10.0,45.0,45.0,,,,,,,3,2.0,2.0,2.0,,,,,,,COMPLETE
518,518,0.8304288824743633,2025-01-03 04:38:20.263885,2025-01-03 04:38:41.612857,0 days 00:00:21.348972,4,5,15.0,45.0,40.0,,,,,,,2,2.0,6.0,2.0,,,,,,,COMPLETE
519,519,0.8736229661881845,2025-01-03 04:38:41.613509,2025-01-03 04:39:09.514787,0 days 00:00:27.901278,4,65,10.0,40.0,50.0,,,,,,,6,2.0,2.0,2.0,,,,,,,COMPLETE
520,520,0.8628795099841746,2025-01-03 04:39:09.515344,2025-01-03 04:39:30.872694,0 days 00:00:21.357350,7,10,10.0,45.0,45.0,35.0,15.0,35.0,,,,6,2.0,2.0,2.0,5.0,2.0,2.0,,,,COMPLETE
521,521,0.8368670343147785,2025-01-03 04:39:30.873327,2025-01-03 04:39:45.409456,0 days 00:00:14.536129,2,15,15.0,,,,,,,,,6,2.0,,,,,,,,,COMPLETE
522,522,0.8903439987655382,2025-01-03 04:39:45.410174,2025-01-03 04:40:02.151799,0 days 00:00:16.741625,4,15,10.0,45.0,45.0,,,,,,,6,2.0,2.0,2.0,,,,,,,COMPLETE
523,523,0.7905894157775955,2025-01-03 04:40:02.152487,2025-01-03 04:40:19.533646,0 days 00:00:17.381159,4,10,15.0,40.0,45.0,,,,,,,6,2.0,2.0,2.0,,,,,,,COMPLETE
524,524,0.8368608181065225,2025-01-03 04:40:19.534212,2025-01-03 04:40:36.892483,0 days 00:00:17.358271,4,15,10.0,65.0,45.0,,,,,,,6,2.0,2.0,2.0,,,,,,,COMPLETE
525,525,0.7216122948424889,2025-01-03 04:40:36.893060,2025-01-03 04:40:55.678361,0 days 00:00:18.785301,4,20,10.0,45.0,50.0,,,,,,,6,2.0,2.0,2.0,,,,,,,COMPLETE
526,526,0.8459833773403618,2025-01-03 04:40:55.678919,2025-01-03 04:41:13.347395,0 days 00:00:17.668476,4,15,10.0,40.0,45.0,,,,,,,6,2.0,2.0,2.0,,,,,,,COMPLETE
527,527,0.8771770648795278,2025-01-03 04:41:13.348114,2025-01-03 04:41:48.306046,0 days 00:00:34.957932,4,85,15.0,60.0,50.0,,,,,,,6,2.0,6.0,2.0,,,,,,,COMPLETE
528,528,0.8370341010794717,2025-01-03 04:41:48.306716,2025-01-03 04:42:03.589888,0 days 00:00:15.283172,4,10,10.0,45.0,45.0,,,,,,,6,2.0,2.0,2.0,,,,,,,COMPLETE
529,529,0.8625058496999851,2025-01-03 04:42:03.590432,2025-01-03 04:42:25.316686,0 days 00:00:21.726254,4,15,15.0,45.0,40.0,,,,,,,6,2.0,2.0,2.0,,,,,,,COMPLETE
530,530,0.8902545394936716,2025-01-03 04:42:25.317440,2025-01-03 04:42:55.266325,0 days 00:00:29.948885,8,15,10.0,40.0,40.0,20.0,25.0,10.0,5.0,,,6,2.0,2.0,2.0,4.0,2.0,3.0,3.0,,,COMPLETE
531,531,0.8849693099774731,2025-01-03 04:42:55.267084,2025-01-03 04:43:20.333981,0 days 00:00:25.066897,7,20,10.0,35.0,40.0,20.0,30.0,15.0,,,,6,2.0,2.0,2.0,4.0,2.0,3.0,,,,COMPLETE
532,532,0.8830352947519937,2025-01-03 04:43:20.334673,2025-01-03 04:44:01.410370,0 days 00:00:41.075697,8,10,45.0,40.0,45.0,20.0,30.0,10.0,5.0,,,6,2.0,2.0,2.0,4.0,2.0,3.0,3.0,,,COMPLETE
533,533,0.8626663729138326,2025-01-03 04:44:01.411269,2025-01-03 04:44:36.669942,0 days 00:00:35.258673,8,15,10.0,40.0,40.0,20.0,20.0,45.0,15.0,,,6,2.0,2.0,2.0,4.0,2.0,3.0,3.0,,,COMPLETE
534,534,0.8476387864393298,2025-01-03 04:44:36.670742,2025-01-03 04:45:07.296355,0 days 00:00:30.625613,8,15,10.0,40.0,50.0,25.0,25.0,5.0,25.0,,,6,2.0,2.0,2.0,2.0,2.0,3.0,3.0,,,COMPLETE
535,535,0.8492096820333022,2025-01-03 04:45:07.297033,2025-01-03 04:45:31.804236,0 days 00:00:24.507203,7,10,10.0,40.0,45.0,25.0,25.0,20.0,,,,6,2.0,2.0,2.0,3.0,2.0,3.0,,,,COMPLETE
536,536,0.8532081485587584,2025-01-03 04:45:31.805053,2025-01-03 04:46:02.195315,0 days 00:00:30.390262,7,20,10.0,35.0,40.0,30.0,25.0,40.0,,,,6,2.0,2.0,2.0,3.0,2.0,3.0,,,,COMPLETE
537,537,0.8081866893557396,2025-01-03 04:46:02.196073,2025-01-03 04:46:23.306582,0 days 00:00:21.110509,7,5,10.0,45.0,55.0,20.0,15.0,5.0,,,,6,2.0,2.0,2.0,4.0,4.0,3.0,,,,COMPLETE
538,538,0.8275540186690982,2025-01-03 04:46:23.307269,2025-01-03 04:46:53.518848,0 days 00:00:30.211579,7,10,15.0,40.0,40.0,25.0,20.0,45.0,,,,6,2.0,2.0,2.0,5.0,2.0,3.0,,,,COMPLETE
539,539,0.884668692964703,2025-01-03 04:46:53.519706,2025-01-03 04:47:19.775018,0 days 00:00:26.255312,8,15,10.0,35.0,45.0,45.0,30.0,45.0,10.0,,,6,2.0,2.0,2.0,5.0,2.0,3.0,3.0,,,COMPLETE
540,540,0.8418822227102909,2025-01-03 04:47:19.775825,2025-01-03 04:47:51.679849,0 days 00:00:31.904024,7,20,15.0,45.0,50.0,40.0,25.0,10.0,,,,6,2.0,4.0,2.0,4.0,2.0,3.0,,,,COMPLETE
541,541,0.8345683474490655,2025-01-03 04:47:51.680551,2025-01-03 04:48:20.263176,0 days 00:00:28.582625,7,15,40.0,50.0,45.0,30.0,10.0,50.0,,,,6,2.0,2.0,2.0,5.0,2.0,2.0,,,,COMPLETE
542,542,0.8888667239104664,2025-01-03 04:48:20.263855,2025-01-03 04:48:46.546539,0 days 00:00:26.282684,8,10,10.0,45.0,40.0,20.0,20.0,50.0,20.0,,,6,2.0,2.0,2.0,3.0,2.0,3.0,3.0,,,COMPLETE
543,543,0.8680723027254298,2025-01-03 04:48:46.547424,2025-01-03 04:49:13.448014,0 days 00:00:26.900590,8,5,10.0,45.0,40.0,20.0,20.0,50.0,20.0,,,6,2.0,2.0,2.0,3.0,2.0,3.0,3.0,,,COMPLETE
544,544,0.8299068505791014,2025-01-03 04:49:13.448820,2025-01-03 04:49:39.753322,0 days 00:00:26.304502,7,10,15.0,45.0,40.0,20.0,15.0,45.0,,,,6,2.0,2.0,2.0,3.0,2.0,3.0,,,,COMPLETE
545,545,0.807327316644213,2025-01-03 04:49:39.753996,2025-01-03 04:50:05.008191,0 days 00:00:25.254195,8,5,10.0,45.0,40.0,25.0,20.0,50.0,10.0,,,6,2.0,2.0,2.0,3.0,2.0,3.0,3.0,,,COMPLETE
546,546,0.8206969891308924,2025-01-03 04:50:05.009050,2025-01-03 04:50:36.299382,0 days 00:00:31.290332,8,10,10.0,40.0,40.0,20.0,25.0,50.0,15.0,,,6,2.0,2.0,2.0,3.0,2.0,3.0,3.0,,,COMPLETE
547,547,0.8373900739396125,2025-01-03 04:50:36.300166,2025-01-03 04:51:07.164940,0 days 00:00:30.864774,8,10,15.0,50.0,45.0,25.0,20.0,55.0,25.0,,,6,2.0,3.0,2.0,3.0,2.0,3.0,3.0,,,COMPLETE
548,548,0.8406201807678574,2025-01-03 04:51:07.165663,2025-01-03 04:51:28.768528,0 days 00:00:21.602865,7,10,10.0,45.0,40.0,20.0,15.0,40.0,,,,6,2.0,2.0,2.0,3.0,2.0,3.0,,,,COMPLETE
549,549,0.8517572362146724,2025-01-03 04:51:28.769185,2025-01-03 04:52:05.972271,0 days 00:00:37.203086,8,10,5.0,20.0,45.0,35.0,25.0,45.0,5.0,,,6,2.0,6.0,2.0,3.0,2.0,3.0,3.0,,,COMPLETE
550,550,0.8147491682063503,2025-01-03 04:52:05.973261,2025-01-03 04:52:38.180823,0 days 00:00:32.207562,7,20,10.0,30.0,40.0,15.0,15.0,50.0,,,,6,2.0,2.0,2.0,3.0,2.0,3.0,,,,COMPLETE
551,551,0.8476444544582105,2025-01-03 04:52:38.181534,2025-01-03 04:53:05.947543,0 days 00:00:27.766009,7,15,90.0,50.0,5.0,30.0,20.0,45.0,,,,6,2.0,2.0,2.0,3.0,4.0,3.0,,,,COMPLETE
552,552,0.8559773137033384,2025-01-03 04:53:05.948398,2025-01-03 04:53:29.436960,0 days 00:00:23.488562,3,50,10.0,40.0,,,,,,,,6,2.0,2.0,,,,,,,,COMPLETE
553,553,0.8773170632993363,2025-01-03 04:53:29.437621,2025-01-03 04:53:54.472009,0 days 00:00:25.034388,7,10,15.0,45.0,55.0,30.0,10.0,55.0,,,,6,2.0,2.0,2.0,4.0,2.0,3.0,,,,COMPLETE
554,554,0.8559217760872202,2025-01-03 04:53:54.472703,2025-01-03 04:54:13.778531,0 days 00:00:19.305828,4,5,5.0,50.0,50.0,,,,,,,6,2.0,2.0,2.0,,,,,,,COMPLETE
555,555,0.8821650606865253,2025-01-03 04:54:13.779117,2025-01-03 04:54:43.920451,0 days 00:00:30.141334,7,15,10.0,45.0,45.0,35.0,5.0,45.0,,,,6,2.0,2.0,2.0,5.0,2.0,3.0,,,,COMPLETE
556,556,0.8927282044500281,2025-01-03 04:54:43.921320,2025-01-03 04:54:58.798159,0 days 00:00:14.876839,2,15,15.0,,,,,,,,,6,2.0,,,,,,,,,COMPLETE
557,557,0.875312041897732,2025-01-03 04:54:58.798800,2025-01-03 04:55:27.929171,0 days 00:00:29.130371,4,20,15.0,35.0,50.0,,,,,,,6,2.0,6.0,2.0,,,,,,,COMPLETE
558,558,0.766519725816316,2025-01-03 04:55:27.929820,2025-01-03 04:55:39.956919,0 days 00:00:12.027099,2,15,15.0,,,,,,,,,6,2.0,,,,,,,,,COMPLETE
559,559,0.8772911092969935,2025-01-03 04:55:39.957460,2025-01-03 04:55:50.346509,0 days 00:00:10.389049,1,15,,,,,,,,,,6,,,,,,,,,,COMPLETE
560,560,0.8801009265075449,2025-01-03 04:55:50.347008,2025-01-03 04:56:02.478130,0 days 00:00:12.131122,2,20,20.0,,,,,,,,,6,2.0,,,,,,,,,COMPLETE
561,561,0.8285717326656439,2025-01-03 04:56:02.478659,2025-01-03 04:56:41.618078,0 days 00:00:39.139419,7,15,15.0,60.0,35.0,25.0,10.0,75.0,,,,6,2.0,6.0,3.0,5.0,5.0,4.0,,,,COMPLETE
562,562,0.8755355026424846,2025-01-03 04:56:41.619100,2025-01-03 04:56:53.266874,0 days 00:00:11.647774,1,20,,,,,,,,,,6,,,,,,,,,,COMPLETE
563,563,0.834777426602268,2025-01-03 04:56:53.267429,2025-01-03 04:57:06.793848,0 days 00:00:13.526419,2,15,20.0,,,,,,,,,6,2.0,,,,,,,,,COMPLETE
564,564,0.8792164912115072,2025-01-03 04:57:06.794381,2025-01-03 04:57:21.433218,0 days 00:00:14.638837,4,20,15.0,65.0,45.0,,,,,,,6,2.0,2.0,3.0,,,,,,,COMPLETE
565,565,0.7498729224060943,2025-01-03 04:57:21.433803,2025-01-03 04:57:35.775207,0 days 00:00:14.341404,2,15,15.0,,,,,,,,,6,2.0,,,,,,,,,COMPLETE
566,566,0.8894389412268866,2025-01-03 04:57:35.775710,2025-01-03 04:57:46.938107,0 days 00:00:11.162397,2,15,5.0,,,,,,,,,6,2.0,,,,,,,,,COMPLETE
567,567,0.8511787887625293,2025-01-03 04:57:46.938787,2025-01-03 04:57:59.569849,0 days 00:00:12.631062,2,15,5.0,,,,,,,,,6,2.0,,,,,,,,,COMPLETE
568,568,0.8847561281368383,2025-01-03 04:57:59.570358,2025-01-03 04:58:15.965193,0 days 00:00:16.394835,2,20,5.0,,,,,,,,,6,2.0,,,,,,,,,COMPLETE
569,569,0.8641316032412182,2025-01-03 04:58:15.965794,2025-01-03 04:58:27.626504,0 days 00:00:11.660710,2,15,5.0,,,,,,,,,6,2.0,,,,,,,,,COMPLETE
570,570,0.858214218171552,2025-01-03 04:58:27.627032,2025-01-03 04:58:40.192468,0 days 00:00:12.565436,2,15,5.0,,,,,,,,,6,2.0,,,,,,,,,COMPLETE
571,571,0.0,2025-01-03 04:58:40.192990,2025-01-03 04:59:00.032426,0 days 00:00:19.839436,2,20,5.0,,,,,,,,,6,2.0,,,,,,,,,COMPLETE
572,572,0.783369511278661,2025-01-03 04:59:00.032971,2025-01-03 04:59:11.835851,0 days 00:00:11.802880,1,15,,,,,,,,,,6,,,,,,,,,,COMPLETE
573,573,0.8838051619264629,2025-01-03 04:59:11.836379,2025-01-03 04:59:24.947341,0 days 00:00:13.110962,2,20,5.0,,,,,,,,,6,2.0,,,,,,,,,COMPLETE
574,574,0.8874206191977724,2025-01-03 04:59:24.947879,2025-01-03 04:59:39.048775,0 days 00:00:14.100896,2,15,10.0,,,,,,,,,6,2.0,,,,,,,,,COMPLETE
575,575,0.8022050319761125,2025-01-03 04:59:39.049419,2025-01-03 04:59:53.256476,0 days 00:00:14.207057,2,15,5.0,,,,,,,,,6,2.0,,,,,,,,,COMPLETE
576,576,0.8091185286496895,2025-01-03 04:59:53.257069,2025-01-03 05:00:08.040381,0 days 00:00:14.783312,2,15,10.0,,,,,,,,,6,2.0,,,,,,,,,COMPLETE
577,577,0.8298131350125746,2025-01-03 05:00:08.040922,2025-01-03 05:00:24.548216,0 days 00:00:16.507294,2,10,10.0,,,,,,,,,6,2.0,,,,,,,,,COMPLETE
578,578,0.8737281149379441,2025-01-03 05:00:24.548721,2025-01-03 05:00:45.655513,0 days 00:00:21.106792,4,20,5.0,35.0,50.0,,,,,,,6,2.0,2.0,4.0,,,,,,,COMPLETE
579,579,0.8755262828628072,2025-01-03 05:00:45.656257,2025-01-03 05:00:54.440589,0 days 00:00:08.784332,1,10,,,,,,,,,,6,,,,,,,,,,COMPLETE
580,580,0.8772375707721831,2025-01-03 05:00:54.441096,2025-01-03 05:01:10.001658,0 days 00:00:15.560562,2,15,15.0,,,,,,,,,6,2.0,,,,,,,,,COMPLETE
581,581,0.8691860740065607,2025-01-03 05:01:10.002269,2025-01-03 05:01:39.431583,0 days 00:00:29.429314,3,70,10.0,65.0,,,,,,,,6,2.0,2.0,,,,,,,,COMPLETE
582,582,0.8461838263769649,2025-01-03 05:01:39.432136,2025-01-03 05:01:52.358467,0 days 00:00:12.926331,3,20,5.0,30.0,,,,,,,,6,2.0,2.0,,,,,,,,COMPLETE
583,583,0.8162792010230395,2025-01-03 05:01:52.358982,2025-01-03 05:02:10.203812,0 days 00:00:17.844830,3,15,10.0,25.0,,,,,,,,6,2.0,2.0,,,,,,,,COMPLETE
584,584,0.8677473289421027,2025-01-03 05:02:10.204558,2025-01-03 05:02:23.222852,0 days 00:00:13.018294,2,10,15.0,,,,,,,,,6,2.0,,,,,,,,,COMPLETE
585,585,0.8658814643163901,2025-01-03 05:02:23.223408,2025-01-03 05:02:41.713702,0 days 00:00:18.490294,4,20,5.0,40.0,35.0,,,,,,,6,2.0,2.0,2.0,,,,,,,COMPLETE
586,586,0.8689434619023884,2025-01-03 05:02:41.714404,2025-01-03 05:03:24.100074,0 days 00:00:42.385670,7,15,20.0,40.0,45.0,40.0,30.0,95.0,,,,6,2.0,6.0,2.0,5.0,3.0,3.0,,,,COMPLETE
587,587,0.8138558169278429,2025-01-03 05:03:24.100817,2025-01-03 05:03:39.873665,0 days 00:00:15.772848,4,15,10.0,50.0,50.0,,,,,,,6,2.0,2.0,2.0,,,,,,,COMPLETE
588,588,0.8701793793922279,2025-01-03 05:03:39.874448,2025-01-03 05:03:51.662137,0 days 00:00:11.787689,2,10,15.0,,,,,,,,,6,2.0,,,,,,,,,COMPLETE
589,589,0.8490453101613797,2025-01-03 05:03:51.662681,2025-01-03 05:04:41.214204,0 days 00:00:49.551523,7,20,5.0,60.0,35.0,35.0,5.0,100.0,,,,2,2.0,2.0,2.0,4.0,3.0,4.0,,,,COMPLETE
590,590,0.8407730743706476,2025-01-03 05:04:41.214966,2025-01-03 05:05:16.930098,0 days 00:00:35.715132,7,15,10.0,35.0,40.0,30.0,15.0,70.0,,,,6,2.0,2.0,2.0,5.0,5.0,3.0,,,,COMPLETE
591,591,0.8509449780942193,2025-01-03 05:05:16.931013,2025-01-03 05:05:38.887817,0 days 00:00:21.956804,4,25,10.0,40.0,40.0,,,,,,,6,2.0,4.0,5.0,,,,,,,COMPLETE
592,592,0.8253836917854043,2025-01-03 05:05:38.888546,2025-01-03 05:05:55.060286,0 days 00:00:16.171740,3,10,5.0,50.0,,,,,,,,6,3.0,2.0,,,,,,,,COMPLETE
593,593,0.8775818163957715,2025-01-03 05:05:55.060883,2025-01-03 05:06:25.691079,0 days 00:00:30.630196,7,15,20.0,35.0,45.0,35.0,10.0,10.0,,,,6,2.0,2.0,2.0,5.0,3.0,3.0,,,,COMPLETE
594,594,0.8475022208431464,2025-01-03 05:06:25.691779,2025-01-03 05:06:55.481864,0 days 00:00:29.790085,7,20,15.0,30.0,35.0,25.0,15.0,70.0,,,,6,2.0,2.0,2.0,2.0,5.0,3.0,,,,COMPLETE
595,595,0.8382210413712134,2025-01-03 05:06:55.482740,2025-01-03 05:07:08.397010,0 days 00:00:12.914270,2,15,10.0,,,,,,,,,6,2.0,,,,,,,,,COMPLETE
596,596,0.8816124750105945,2025-01-03 05:07:08.397676,2025-01-03 05:07:43.719158,0 days 00:00:35.321482,7,15,5.0,50.0,55.0,15.0,25.0,90.0,,,,6,3.0,2.0,3.0,5.0,4.0,3.0,,,,COMPLETE
597,597,0.7627829919862015,2025-01-03 05:07:43.719853,2025-01-03 05:08:00.415668,0 days 00:00:16.695815,3,20,15.0,40.0,,,,,,,,6,2.0,2.0,,,,,,,,COMPLETE
598,598,0.8203596589872362,2025-01-03 05:08:00.416249,2025-01-03 05:08:45.596172,0 days 00:00:45.179923,7,10,10.0,60.0,95.0,35.0,30.0,65.0,,,,6,2.0,3.0,2.0,5.0,3.0,3.0,,,,COMPLETE
599,599,0.8601441434888422,2025-01-03 05:08:45.597152,2025-01-03 05:09:16.707364,0 days 00:00:31.110212,6,25,5.0,50.0,45.0,25.0,5.0,,,,,6,3.0,2.0,2.0,5.0,4.0,,,,,COMPLETE
600,600,0.8386793647562876,2025-01-03 05:09:16.708056,2025-01-03 05:09:28.869762,0 days 00:00:12.161706,1,10,,,,,,,,,,6,,,,,,,,,,COMPLETE
601,601,0.8511956904731609,2025-01-03 05:09:28.870317,2025-01-03 05:09:49.077139,0 days 00:00:20.206822,4,20,10.0,35.0,45.0,,,,,,,6,2.0,2.0,2.0,,,,,,,COMPLETE
602,602,0.7728882520715339,2025-01-03 05:09:49.077732,2025-01-03 05:10:01.375052,0 days 00:00:12.297320,2,15,15.0,,,,,,,,,6,2.0,,,,,,,,,COMPLETE
603,603,0.8304205651103964,2025-01-03 05:10:01.375807,2025-01-03 05:10:30.638302,0 days 00:00:29.262495,7,15,5.0,40.0,40.0,30.0,10.0,60.0,,,,6,2.0,2.0,2.0,5.0,3.0,3.0,,,,COMPLETE
604,604,0.861232676878191,2025-01-03 05:10:30.639080,2025-01-03 05:10:57.971159,0 days 00:00:27.332079,6,20,20.0,50.0,35.0,40.0,15.0,,,,,6,3.0,6.0,4.0,4.0,2.0,,,,,COMPLETE
605,605,0.8901044440131318,2025-01-03 05:10:57.971864,2025-01-03 05:11:13.089450,0 days 00:00:15.117586,3,15,10.0,45.0,,,,,,,,6,2.0,2.0,,,,,,,,COMPLETE
606,606,0.8197455754351792,2025-01-03 05:11:13.090014,2025-01-03 05:11:30.486869,0 days 00:00:17.396855,3,10,10.0,45.0,,,,,,,,6,2.0,2.0,,,,,,,,COMPLETE
607,607,0.8842338327988857,2025-01-03 05:11:30.487645,2025-01-03 05:11:47.833771,0 days 00:00:17.346126,3,15,10.0,45.0,,,,,,,,3,2.0,2.0,,,,,,,,COMPLETE
608,608,0.8728383504290326,2025-01-03 05:11:47.834317,2025-01-03 05:12:04.884385,0 days 00:00:17.050068,3,25,15.0,45.0,,,,,,,,6,2.0,2.0,,,,,,,,COMPLETE
609,609,0.8343111125747742,2025-01-03 05:12:04.885019,2025-01-03 05:12:21.469683,0 days 00:00:16.584664,3,5,15.0,45.0,,,,,,,,6,3.0,2.0,,,,,,,,COMPLETE
610,610,0.7205183685244759,2025-01-03 05:12:21.470254,2025-01-03 05:12:38.658244,0 days 00:00:17.187990,3,15,10.0,40.0,,,,,,,,6,2.0,2.0,,,,,,,,COMPLETE
611,611,0.842803649541537,2025-01-03 05:12:38.658858,2025-01-03 05:12:54.248698,0 days 00:00:15.589840,3,20,15.0,45.0,,,,,,,,6,2.0,2.0,,,,,,,,COMPLETE
612,612,0.8357243951567654,2025-01-03 05:12:54.249496,2025-01-03 05:13:14.396827,0 days 00:00:20.147331,3,55,10.0,50.0,,,,,,,,6,2.0,2.0,,,,,,,,COMPLETE
613,613,0.8804651879577626,2025-01-03 05:13:14.397400,2025-01-03 05:13:28.675299,0 days 00:00:14.277899,3,10,10.0,55.0,,,,,,,,6,2.0,2.0,,,,,,,,COMPLETE
614,614,0.8949931636575292,2025-01-03 05:13:28.675939,2025-01-03 05:13:47.853731,0 days 00:00:19.177792,4,15,15.0,45.0,50.0,,,,,,,6,3.0,2.0,2.0,,,,,,,COMPLETE
615,615,0.8104689473108244,2025-01-03 05:13:47.854315,2025-01-03 05:14:08.056408,0 days 00:00:20.202093,4,15,10.0,45.0,55.0,,,,,,,6,3.0,2.0,2.0,,,,,,,COMPLETE
616,616,0.8248895370250151,2025-01-03 05:14:08.056972,2025-01-03 05:14:28.360351,0 days 00:00:20.303379,4,10,15.0,40.0,50.0,,,,,,,6,3.0,2.0,2.0,,,,,,,COMPLETE
