,number,value,datetime_start,datetime_complete,duration,params_depth,params_neurons_layer_0,params_neurons_layer_1,params_neurons_layer_2,params_neurons_layer_3,params_neurons_layer_4,params_neurons_layer_5,params_neurons_layer_6,params_neurons_layer_7,params_neurons_layer_8,params_neurons_layer_9,params_orders_layer_0,params_orders_layer_1,params_orders_layer_2,params_orders_layer_3,params_orders_layer_4,params_orders_layer_5,params_orders_layer_6,params_orders_layer_7,params_orders_layer_8,params_orders_layer_9,state
822,822,0.8781779661016949,2025-01-04 00:52:43.767241,2025-01-04 00:53:18.729055,0 days 00:00:34.961814,8,95,50.0,20.0,20.0,45.0,75.0,85.0,85.0,,,5,5.0,6.0,2.0,6.0,4.0,4.0,2.0,,,COMPLETE
823,823,0.8130618720253834,2025-01-04 00:53:18.729939,2025-01-04 00:53:53.608220,0 days 00:00:34.878281,8,95,45.0,15.0,20.0,45.0,75.0,80.0,85.0,,,5,5.0,6.0,2.0,6.0,4.0,4.0,2.0,,,COMPLETE
824,824,0.8708333333333333,2025-01-04 00:53:53.609398,2025-01-04 00:54:10.337372,0 days 00:00:16.727974,8,95,50.0,15.0,20.0,45.0,80.0,85.0,90.0,,,5,5.0,6.0,2.0,6.0,4.0,4.0,2.0,,,COMPLETE
825,825,0.8221642764015646,2025-01-04 00:54:10.338242,2025-01-04 00:54:46.141910,0 days 00:00:35.803668,8,95,50.0,20.0,15.0,45.0,70.0,85.0,85.0,,,5,5.0,6.0,2.0,6.0,5.0,4.0,2.0,,,COMPLETE
826,826,0.8385416666666667,2025-01-04 00:54:46.142783,2025-01-04 00:55:05.145979,0 days 00:00:19.003196,8,95,50.0,20.0,20.0,40.0,80.0,85.0,80.0,,,5,5.0,6.0,2.0,6.0,4.0,4.0,2.0,,,COMPLETE
827,827,0.7419354838709677,2025-01-04 00:55:05.146877,2025-01-04 00:55:41.338285,0 days 00:00:36.191408,8,95,15.0,15.0,20.0,40.0,70.0,80.0,90.0,,,5,5.0,6.0,2.0,6.0,5.0,4.0,2.0,,,COMPLETE
828,828,0.7574967405475881,2025-01-04 00:55:41.339459,2025-01-04 00:56:20.073621,0 days 00:00:38.734162,8,95,45.0,15.0,20.0,45.0,85.0,85.0,85.0,,,5,5.0,6.0,2.0,6.0,5.0,4.0,2.0,,,COMPLETE
829,829,0.7804555084745763,2025-01-04 00:56:20.074541,2025-01-04 00:56:56.411377,0 days 00:00:36.336836,8,70,50.0,20.0,20.0,40.0,75.0,85.0,80.0,,,5,5.0,6.0,2.0,3.0,4.0,4.0,2.0,,,COMPLETE
830,830,0.7739583333333333,2025-01-04 00:56:56.412500,2025-01-04 00:57:33.669075,0 days 00:00:37.256575,8,95,55.0,10.0,15.0,40.0,75.0,80.0,90.0,,,5,5.0,6.0,2.0,6.0,4.0,4.0,2.0,,,COMPLETE
831,831,0.8548009367681498,2025-01-04 00:57:33.670008,2025-01-04 00:58:08.589358,0 days 00:00:34.919350,8,95,45.0,30.0,15.0,45.0,75.0,85.0,85.0,,,5,5.0,6.0,2.0,6.0,4.0,4.0,2.0,,,COMPLETE
832,832,0.8380355276907001,2025-01-04 00:58:08.590224,2025-01-04 00:58:43.328235,0 days 00:00:34.738011,8,85,80.0,15.0,25.0,45.0,75.0,90.0,95.0,,,5,5.0,6.0,2.0,6.0,4.0,4.0,2.0,,,COMPLETE
833,833,0.6991010047593866,2025-01-04 00:58:43.329408,2025-01-04 00:59:00.851643,0 days 00:00:17.522235,8,95,5.0,10.0,20.0,45.0,80.0,85.0,80.0,,,5,5.0,6.0,2.0,6.0,5.0,4.0,2.0,,,COMPLETE
834,834,0.7580015612802498,2025-01-04 00:59:00.852518,2025-01-04 00:59:37.765683,0 days 00:00:36.913165,8,10,55.0,15.0,25.0,40.0,80.0,90.0,85.0,,,5,5.0,6.0,2.0,6.0,5.0,4.0,2.0,,,COMPLETE
835,835,0.7889499869075673,2025-01-04 00:59:37.766860,2025-01-04 01:00:13.270564,0 days 00:00:35.503704,8,85,10.0,20.0,25.0,50.0,75.0,80.0,60.0,,,5,5.0,6.0,2.0,6.0,4.0,4.0,2.0,,,COMPLETE
836,836,0.7865591397849463,2025-01-04 01:00:13.271522,2025-01-04 01:00:36.786589,0 days 00:00:23.515067,9,95,50.0,10.0,15.0,50.0,10.0,90.0,80.0,25.0,,5,5.0,6.0,2.0,6.0,5.0,4.0,2.0,3.0,,COMPLETE
837,837,0.8064516129032258,2025-01-04 01:00:36.787497,2025-01-04 01:01:20.964422,0 days 00:00:44.176925,8,90,45.0,15.0,20.0,45.0,5.0,80.0,90.0,,,5,5.0,6.0,2.0,6.0,5.0,4.0,2.0,,,COMPLETE
838,838,0.7416666666666667,2025-01-04 01:01:20.965600,2025-01-04 01:02:20.233987,0 days 00:00:59.268387,9,90,55.0,5.0,25.0,55.0,15.0,90.0,75.0,75.0,,6,5.0,6.0,2.0,6.0,5.0,4.0,5.0,6.0,,COMPLETE
839,839,0.7720588235294117,2025-01-04 01:02:20.234917,2025-01-04 01:02:46.227481,0 days 00:00:25.992564,8,95,50.0,10.0,25.0,40.0,65.0,75.0,20.0,,,6,5.0,3.0,2.0,6.0,5.0,4.0,2.0,,,COMPLETE
840,840,0.8385416666666667,2025-01-04 01:02:46.228686,2025-01-04 01:03:02.201309,0 days 00:00:15.972623,8,95,45.0,20.0,20.0,45.0,60.0,85.0,10.0,,,5,5.0,6.0,2.0,4.0,5.0,2.0,2.0,,,COMPLETE
841,841,0.8538884524744697,2025-01-04 01:03:02.202196,2025-01-04 01:03:33.137183,0 days 00:00:30.934987,9,5,55.0,5.0,25.0,50.0,70.0,90.0,85.0,35.0,,5,5.0,6.0,2.0,6.0,5.0,6.0,2.0,4.0,,COMPLETE
842,842,0.7251629726205997,2025-01-04 01:03:33.138097,2025-01-04 01:03:48.814047,0 days 00:00:15.675950,8,85,15.0,5.0,25.0,55.0,75.0,85.0,15.0,,,5,5.0,3.0,2.0,6.0,5.0,4.0,2.0,,,COMPLETE
843,843,0.8214192196910186,2025-01-04 01:03:48.814867,2025-01-04 01:04:01.140563,0 days 00:00:12.325696,2,85,45.0,,,,,,,,,5,5.0,,,,,,,,,COMPLETE
844,844,0.80625,2025-01-04 01:04:01.141499,2025-01-04 01:04:40.781927,0 days 00:00:39.640428,8,90,50.0,15.0,50.0,50.0,65.0,90.0,70.0,,,6,6.0,6.0,2.0,6.0,5.0,4.0,2.0,,,COMPLETE
845,845,0.829190904283448,2025-01-04 01:04:40.782883,2025-01-04 01:05:05.819944,0 days 00:00:25.037061,9,90,55.0,20.0,30.0,45.0,5.0,50.0,95.0,80.0,,5,5.0,6.0,2.0,6.0,4.0,4.0,2.0,5.0,,COMPLETE
846,846,0.8221642764015646,2025-01-04 01:05:05.820907,2025-01-04 01:05:38.528991,0 days 00:00:32.708084,8,95,50.0,25.0,30.0,25.0,30.0,85.0,70.0,,,5,5.0,3.0,4.0,6.0,5.0,2.0,2.0,,,COMPLETE
847,847,0.7801587301587302,2025-01-04 01:05:38.530155,2025-01-04 01:06:23.528720,0 days 00:00:44.998565,8,85,45.0,10.0,25.0,55.0,60.0,90.0,85.0,,,3,5.0,6.0,6.0,6.0,5.0,4.0,2.0,,,COMPLETE
848,848,0.7408568443051202,2025-01-04 01:06:23.529644,2025-01-04 01:07:00.183072,0 days 00:00:36.653428,8,90,55.0,5.0,15.0,40.0,20.0,95.0,80.0,,,5,6.0,3.0,2.0,6.0,5.0,4.0,2.0,,,COMPLETE
849,849,0.8544980443285528,2025-01-04 01:07:00.184233,2025-01-04 01:07:41.387616,0 days 00:00:41.203383,9,90,50.0,35.0,20.0,80.0,25.0,85.0,65.0,100.0,,2,5.0,6.0,2.0,6.0,5.0,4.0,2.0,5.0,,COMPLETE
850,850,0.7902680197762164,2025-01-04 01:07:41.388585,2025-01-04 01:08:22.415237,0 days 00:00:41.026652,8,95,20.0,10.0,50.0,50.0,10.0,80.0,25.0,,,6,5.0,6.0,2.0,6.0,5.0,6.0,2.0,,,COMPLETE
851,851,0.8868318122555411,2025-01-04 01:08:22.416406,2025-01-04 01:09:01.159799,0 days 00:00:38.743393,9,85,55.0,30.0,30.0,80.0,65.0,95.0,90.0,55.0,,2,5.0,3.0,4.0,6.0,5.0,2.0,2.0,6.0,,COMPLETE
852,852,0.7741935483870968,2025-01-04 01:09:01.160757,2025-01-04 01:09:44.117288,0 days 00:00:42.956531,9,85,60.0,30.0,30.0,75.0,70.0,95.0,90.0,50.0,,3,6.0,3.0,4.0,6.0,5.0,2.0,3.0,6.0,,COMPLETE
853,853,0.861228813559322,2025-01-04 01:09:44.118439,2025-01-04 01:10:22.486755,0 days 00:00:38.368316,9,85,55.0,30.0,30.0,80.0,80.0,15.0,90.0,45.0,,2,2.0,3.0,4.0,6.0,5.0,2.0,2.0,6.0,,COMPLETE
854,854,0.8380355276907001,2025-01-04 01:10:22.487710,2025-01-04 01:10:59.760809,0 days 00:00:37.273099,9,85,60.0,40.0,30.0,55.0,5.0,100.0,95.0,55.0,,3,2.0,3.0,3.0,6.0,5.0,2.0,3.0,6.0,,COMPLETE
855,855,0.8202898550724638,2025-01-04 01:10:59.761710,2025-01-04 01:11:35.196655,0 days 00:00:35.434945,9,80,60.0,25.0,30.0,80.0,30.0,95.0,95.0,50.0,,2,4.0,3.0,4.0,6.0,5.0,2.0,2.0,6.0,,COMPLETE
856,856,0.8056426332288402,2025-01-04 01:11:35.197862,2025-01-04 01:12:15.982401,0 days 00:00:40.784539,10,85,55.0,35.0,35.0,75.0,70.0,95.0,90.0,60.0,25.0,2,2.0,3.0,4.0,6.0,4.0,2.0,3.0,6.0,4.0,COMPLETE
857,857,0.8380355276907001,2025-01-04 01:12:15.983322,2025-01-04 01:12:51.894947,0 days 00:00:35.911625,9,80,55.0,35.0,30.0,90.0,75.0,100.0,90.0,65.0,,2,2.0,3.0,4.0,6.0,5.0,2.0,2.0,6.0,,COMPLETE
858,858,0.8548009367681498,2025-01-04 01:12:51.896102,2025-01-04 01:13:28.385772,0 days 00:00:36.489670,9,85,55.0,30.0,35.0,85.0,65.0,95.0,90.0,40.0,,2,5.0,3.0,4.0,6.0,5.0,2.0,2.0,6.0,,COMPLETE
859,859,0.7968253968253969,2025-01-04 01:13:28.386688,2025-01-04 01:14:09.926152,0 days 00:00:41.539464,9,85,10.0,90.0,30.0,80.0,20.0,95.0,100.0,55.0,,3,4.0,3.0,4.0,6.0,5.0,2.0,3.0,6.0,,COMPLETE
860,860,0.8445623342175066,2025-01-04 01:14:09.927310,2025-01-04 01:14:48.695747,0 days 00:00:38.768437,9,100,15.0,25.0,30.0,75.0,60.0,100.0,85.0,45.0,,2,2.0,3.0,4.0,6.0,5.0,2.0,6.0,6.0,,COMPLETE
861,861,0.8385416666666667,2025-01-04 01:14:48.696733,2025-01-04 01:15:23.703721,0 days 00:00:35.006988,9,85,55.0,30.0,35.0,85.0,5.0,95.0,95.0,65.0,,2,2.0,3.0,4.0,6.0,5.0,2.0,2.0,5.0,,COMPLETE
862,862,0.8548009367681498,2025-01-04 01:15:23.704604,2025-01-04 01:16:04.697531,0 days 00:00:40.992927,9,85,60.0,35.0,30.0,30.0,65.0,90.0,90.0,70.0,,2,2.0,3.0,4.0,6.0,5.0,5.0,3.0,6.0,,COMPLETE
863,863,0.8119363395225465,2025-01-04 01:16:04.698749,2025-01-04 01:16:41.978582,0 days 00:00:37.279833,9,95,25.0,90.0,55.0,100.0,60.0,95.0,95.0,50.0,,2,4.0,3.0,4.0,6.0,5.0,2.0,2.0,5.0,,COMPLETE
864,864,0.8385416666666667,2025-01-04 01:16:41.979443,2025-01-04 01:17:21.612118,0 days 00:00:39.632675,9,100,60.0,30.0,35.0,55.0,85.0,100.0,85.0,60.0,,2,6.0,3.0,4.0,6.0,4.0,2.0,2.0,6.0,,COMPLETE
865,865,0.8013495276653171,2025-01-04 01:17:21.613324,2025-01-04 01:17:56.195602,0 days 00:00:34.582278,10,85,55.0,5.0,30.0,25.0,15.0,100.0,85.0,35.0,55.0,2,2.0,3.0,4.0,6.0,5.0,2.0,3.0,6.0,2.0,COMPLETE
866,866,0.8708333333333333,2025-01-04 01:17:56.196547,2025-01-04 01:18:38.400303,0 days 00:00:42.203756,9,75,55.0,40.0,35.0,60.0,30.0,90.0,100.0,75.0,,2,2.0,3.0,5.0,6.0,6.0,2.0,2.0,5.0,,COMPLETE
867,867,0.7641459545214172,2025-01-04 01:18:38.401480,2025-01-04 01:19:13.346266,0 days 00:00:34.944786,9,80,15.0,25.0,30.0,55.0,55.0,95.0,90.0,70.0,,2,5.0,3.0,4.0,6.0,5.0,2.0,2.0,6.0,,COMPLETE
868,868,0.8031746031746032,2025-01-04 01:19:13.347178,2025-01-04 01:19:57.437567,0 days 00:00:44.090389,9,100,20.0,20.0,30.0,100.0,10.0,90.0,95.0,60.0,,3,4.0,3.0,4.0,6.0,5.0,6.0,3.0,6.0,,COMPLETE
869,869,0.8225344782721832,2025-01-04 01:19:57.438806,2025-01-04 01:20:37.542885,0 days 00:00:40.104079,9,65,30.0,25.0,15.0,90.0,65.0,95.0,85.0,20.0,,2,2.0,3.0,5.0,6.0,6.0,2.0,2.0,5.0,,COMPLETE
870,870,0.8708333333333333,2025-01-04 01:20:37.543794,2025-01-04 01:21:16.632652,0 days 00:00:39.088858,9,95,75.0,35.0,35.0,80.0,70.0,90.0,90.0,30.0,,2,2.0,3.0,4.0,6.0,5.0,5.0,4.0,4.0,,COMPLETE
871,871,0.7902680197762164,2025-01-04 01:21:16.633811,2025-01-04 01:21:39.894888,0 days 00:00:23.261077,5,90,40.0,5.0,35.0,85.0,,,,,,2,5.0,3.0,3.0,6.0,,,,,,COMPLETE
872,872,0.7580015612802498,2025-01-04 01:21:39.895703,2025-01-04 01:22:12.620392,0 days 00:00:32.724689,10,85,55.0,85.0,30.0,75.0,5.0,90.0,30.0,55.0,5.0,6,2.0,3.0,4.0,6.0,3.0,5.0,3.0,6.0,3.0,COMPLETE
873,873,0.81889338731444,2025-01-04 01:22:12.621349,2025-01-04 01:22:25.533018,0 days 00:00:12.911669,4,80,60.0,50.0,95.0,,,,,,,2,4.0,3.0,4.0,,,,,,,COMPLETE
874,874,0.8385416666666667,2025-01-04 01:22:25.533649,2025-01-04 01:22:55.522991,0 days 00:00:29.989342,9,95,55.0,85.0,35.0,50.0,75.0,100.0,85.0,45.0,,2,2.0,6.0,4.0,6.0,5.0,6.0,2.0,3.0,,COMPLETE
875,875,0.709375,2025-01-04 01:22:55.524155,2025-01-04 01:23:28.972693,0 days 00:00:33.448538,8,90,25.0,90.0,50.0,55.0,25.0,95.0,95.0,,,2,2.0,3.0,4.0,6.0,6.0,5.0,2.0,,,COMPLETE
876,876,0.8408705483323912,2025-01-04 01:23:28.973622,2025-01-04 01:24:08.867721,0 days 00:00:39.894099,8,85,50.0,50.0,30.0,30.0,10.0,100.0,5.0,,,2,5.0,6.0,3.0,4.0,5.0,5.0,3.0,,,COMPLETE
877,877,0.8385416666666667,2025-01-04 01:24:08.868863,2025-01-04 01:24:42.231820,0 days 00:00:33.362957,9,100,50.0,35.0,15.0,50.0,60.0,90.0,85.0,95.0,,2,2.0,3.0,3.0,6.0,5.0,5.0,2.0,4.0,,COMPLETE
878,878,0.8385416666666667,2025-01-04 01:24:42.232729,2025-01-04 01:25:14.078339,0 days 00:00:31.845610,8,95,40.0,30.0,30.0,60.0,65.0,20.0,20.0,,,2,4.0,6.0,3.0,6.0,4.0,5.0,3.0,,,COMPLETE
879,879,0.8277511961722488,2025-01-04 01:25:14.079224,2025-01-04 01:25:45.921427,0 days 00:00:31.842203,9,90,45.0,5.0,45.0,50.0,35.0,95.0,10.0,85.0,,2,2.0,3.0,2.0,6.0,5.0,2.0,2.0,6.0,,COMPLETE
880,880,0.7902680197762164,2025-01-04 01:25:45.922517,2025-01-04 01:26:23.269167,0 days 00:00:37.346650,10,95,55.0,95.0,25.0,50.0,30.0,90.0,90.0,90.0,30.0,6,2.0,6.0,3.0,6.0,6.0,5.0,2.0,5.0,2.0,COMPLETE
881,881,0.8221642764015646,2025-01-04 01:26:23.270202,2025-01-04 01:27:01.652383,0 days 00:00:38.382181,8,85,60.0,90.0,25.0,10.0,70.0,50.0,80.0,,,2,6.0,6.0,3.0,6.0,5.0,5.0,3.0,,,COMPLETE
882,882,0.8385416666666667,2025-01-04 01:27:01.653549,2025-01-04 01:27:38.611651,0 days 00:00:36.958102,8,100,30.0,45.0,45.0,20.0,5.0,95.0,100.0,,,2,5.0,3.0,4.0,6.0,6.0,5.0,2.0,,,COMPLETE
883,883,0.8445623342175066,2025-01-04 01:27:38.612585,2025-01-04 01:28:15.992951,0 days 00:00:37.380366,9,95,15.0,50.0,60.0,60.0,75.0,100.0,55.0,40.0,,2,2.0,6.0,2.0,6.0,5.0,2.0,2.0,6.0,,COMPLETE
884,884,0.7902680197762164,2025-01-04 01:28:15.993857,2025-01-04 01:28:26.711758,0 days 00:00:10.717901,3,85,40.0,40.0,,,,,,,,2,4.0,3.0,,,,,,,,COMPLETE
885,885,0.7741935483870968,2025-01-04 01:28:26.712605,2025-01-04 01:29:14.596044,0 days 00:00:47.883439,8,80,55.0,55.0,35.0,55.0,65.0,90.0,30.0,,,6,2.0,6.0,3.0,6.0,5.0,5.0,4.0,,,COMPLETE
886,886,0.8544980443285528,2025-01-04 01:29:14.597038,2025-01-04 01:29:54.153341,0 days 00:00:39.556303,8,20,60.0,20.0,30.0,70.0,35.0,95.0,60.0,,,3,4.0,6.0,3.0,6.0,5.0,5.0,3.0,,,COMPLETE
887,887,0.8221642764015646,2025-01-04 01:29:54.154547,2025-01-04 01:30:34.078909,0 days 00:00:39.924362,9,90,50.0,50.0,30.0,100.0,10.0,90.0,85.0,50.0,,2,2.0,3.0,5.0,6.0,6.0,5.0,2.0,4.0,,COMPLETE
888,888,0.8056426332288402,2025-01-04 01:30:34.079889,2025-01-04 01:31:04.248898,0 days 00:00:30.169009,8,90,90.0,25.0,35.0,55.0,60.0,100.0,90.0,,,2,2.0,6.0,2.0,6.0,5.0,6.0,2.0,,,COMPLETE
889,889,0.7876152832674572,2025-01-04 01:31:04.249780,2025-01-04 01:31:32.157957,0 days 00:00:27.908177,8,100,10.0,45.0,30.0,50.0,35.0,95.0,80.0,,,2,2.0,3.0,3.0,6.0,3.0,5.0,3.0,,,COMPLETE
890,890,0.7965517241379311,2025-01-04 01:31:32.159047,2025-01-04 01:32:21.576177,0 days 00:00:49.417130,9,90,20.0,50.0,35.0,85.0,5.0,85.0,55.0,75.0,,2,5.0,6.0,3.0,6.0,5.0,5.0,5.0,6.0,,COMPLETE
891,891,0.7902680197762164,2025-01-04 01:32:21.577202,2025-01-04 01:32:52.722305,0 days 00:00:31.145103,8,95,45.0,85.0,25.0,30.0,40.0,90.0,35.0,,,2,4.0,6.0,2.0,6.0,6.0,2.0,2.0,,,COMPLETE
892,892,0.7741935483870968,2025-01-04 01:32:52.723441,2025-01-04 01:33:24.784013,0 days 00:00:32.060572,8,90,55.0,40.0,45.0,90.0,70.0,95.0,15.0,,,2,2.0,3.0,3.0,6.0,5.0,5.0,3.0,,,COMPLETE
893,893,0.7966684294024325,2025-01-04 01:33:24.784924,2025-01-04 01:33:48.798077,0 days 00:00:24.013153,9,95,50.0,10.0,25.0,55.0,60.0,85.0,25.0,10.0,,2,5.0,6.0,3.0,6.0,5.0,5.0,2.0,5.0,,COMPLETE
894,894,0.8856389986824769,2025-01-04 01:33:48.798977,2025-01-04 01:34:29.185898,0 days 00:00:40.386921,8,85,35.0,80.0,80.0,30.0,65.0,95.0,85.0,,,6,4.0,2.0,6.0,6.0,5.0,5.0,2.0,,,COMPLETE
895,895,0.7958422174840085,2025-01-04 01:34:29.187119,2025-01-04 01:35:05.948810,0 days 00:00:36.761691,8,85,40.0,75.0,100.0,25.0,65.0,95.0,80.0,,,6,4.0,2.0,4.0,6.0,4.0,4.0,3.0,,,COMPLETE
896,896,0.8214192196910186,2025-01-04 01:35:05.949716,2025-01-04 01:35:33.714734,0 days 00:00:27.765018,7,80,35.0,80.0,85.0,30.0,65.0,100.0,,,,6,4.0,2.0,4.0,2.0,5.0,4.0,,,,COMPLETE
897,897,0.7902680197762164,2025-01-04 01:35:33.715576,2025-01-04 01:36:12.607832,0 days 00:00:38.892256,9,80,35.0,80.0,90.0,30.0,65.0,95.0,80.0,70.0,,6,4.0,2.0,4.0,3.0,6.0,4.0,2.0,6.0,,COMPLETE
898,898,0.8380355276907001,2025-01-04 01:36:12.609068,2025-01-04 01:36:43.740072,0 days 00:00:31.131004,5,85,35.0,80.0,50.0,30.0,,,,,,6,5.0,2.0,6.0,6.0,,,,,,COMPLETE
899,899,0.80625,2025-01-04 01:36:43.740893,2025-01-04 01:37:13.982227,0 days 00:00:30.241334,7,85,35.0,75.0,45.0,25.0,70.0,100.0,,,,6,4.0,2.0,2.0,6.0,3.0,4.0,,,,COMPLETE
900,900,0.7902680197762164,2025-01-04 01:37:13.983315,2025-01-04 01:38:00.514913,0 days 00:00:46.531598,9,85,40.0,45.0,75.0,30.0,65.0,95.0,80.0,85.0,,6,5.0,2.0,6.0,6.0,5.0,4.0,2.0,5.0,,COMPLETE
901,901,0.7902680197762164,2025-01-04 01:38:00.515926,2025-01-04 01:38:39.418872,0 days 00:00:38.902946,8,75,40.0,80.0,20.0,30.0,65.0,95.0,85.0,,,6,4.0,2.0,5.0,6.0,5.0,4.0,3.0,,,COMPLETE
902,902,0.8202898550724638,2025-01-04 01:38:39.420052,2025-01-04 01:39:24.961491,0 days 00:00:45.541439,7,85,30.0,80.0,25.0,35.0,60.0,100.0,,,,6,6.0,6.0,6.0,6.0,5.0,4.0,,,,COMPLETE
903,903,0.7902680197762164,2025-01-04 01:39:24.962494,2025-01-04 01:40:04.679998,0 days 00:00:39.717504,8,85,35.0,80.0,80.0,35.0,70.0,100.0,85.0,,,6,5.0,2.0,4.0,6.0,6.0,4.0,2.0,,,COMPLETE
904,904,0.8225344782721832,2025-01-04 01:40:04.681172,2025-01-04 01:40:21.271439,0 days 00:00:16.590267,7,80,40.0,80.0,70.0,30.0,65.0,95.0,,,,6,4.0,2.0,6.0,6.0,5.0,4.0,,,,COMPLETE
905,905,0.8221642764015646,2025-01-04 01:40:21.272350,2025-01-04 01:40:45.725893,0 days 00:00:24.453543,9,90,25.0,85.0,70.0,25.0,55.0,90.0,50.0,65.0,,6,4.0,2.0,6.0,6.0,5.0,5.0,3.0,6.0,,COMPLETE
906,906,0.8214192196910186,2025-01-04 01:40:45.726864,2025-01-04 01:41:29.009663,0 days 00:00:43.282799,8,80,40.0,80.0,55.0,30.0,60.0,95.0,75.0,,,6,5.0,2.0,5.0,6.0,6.0,4.0,2.0,,,COMPLETE
907,907,0.8385416666666667,2025-01-04 01:41:29.010823,2025-01-04 01:42:08.211937,0 days 00:00:39.201114,8,85,30.0,5.0,65.0,25.0,65.0,55.0,60.0,,,6,4.0,2.0,5.0,6.0,5.0,5.0,2.0,,,COMPLETE
908,908,0.7804555084745763,2025-01-04 01:42:08.212907,2025-01-04 01:42:41.127816,0 days 00:00:32.914909,7,85,45.0,85.0,15.0,80.0,70.0,100.0,,,,6,3.0,2.0,5.0,6.0,4.0,5.0,,,,COMPLETE
909,909,0.8544980443285528,2025-01-04 01:42:41.128700,2025-01-04 01:43:28.993753,0 days 00:00:47.865053,9,90,45.0,55.0,25.0,30.0,70.0,95.0,85.0,80.0,,6,6.0,6.0,2.0,6.0,5.0,4.0,3.0,4.0,,COMPLETE
910,910,0.80625,2025-01-04 01:43:28.995034,2025-01-04 01:44:12.064965,0 days 00:00:43.069931,8,90,45.0,50.0,25.0,35.0,80.0,95.0,85.0,,,6,5.0,2.0,6.0,6.0,6.0,5.0,2.0,,,COMPLETE
911,911,0.7564807541241163,2025-01-04 01:44:12.066180,2025-01-04 01:44:55.015843,0 days 00:00:42.949663,7,85,40.0,75.0,50.0,35.0,35.0,90.0,,,,6,4.0,6.0,2.0,6.0,5.0,6.0,,,,COMPLETE
912,912,0.8868318122555411,2025-01-04 01:44:55.016870,2025-01-04 01:45:29.044961,0 days 00:00:34.028091,10,90,25.0,80.0,45.0,60.0,65.0,100.0,80.0,55.0,45.0,6,5.0,6.0,6.0,6.0,3.0,5.0,6.0,3.0,3.0,COMPLETE
913,913,0.8031746031746032,2025-01-04 01:45:29.045975,2025-01-04 01:46:20.781767,0 days 00:00:51.735792,10,85,25.0,80.0,100.0,60.0,65.0,100.0,75.0,55.0,50.0,6,4.0,2.0,6.0,6.0,6.0,5.0,6.0,2.0,3.0,COMPLETE
914,914,0.8225344782721832,2025-01-04 01:46:20.783083,2025-01-04 01:46:49.430685,0 days 00:00:28.647602,10,90,25.0,80.0,45.0,55.0,65.0,100.0,80.0,50.0,35.0,6,4.0,6.0,5.0,6.0,3.0,5.0,6.0,3.0,3.0,COMPLETE
915,915,0.8286546610169492,2025-01-04 01:46:49.431655,2025-01-04 01:47:16.594073,0 days 00:00:27.162418,10,90,25.0,80.0,45.0,60.0,65.0,100.0,80.0,45.0,40.0,6,4.0,6.0,6.0,6.0,3.0,5.0,6.0,2.0,4.0,COMPLETE
916,916,0.7739583333333333,2025-01-04 01:47:16.595346,2025-01-04 01:47:54.200606,0 days 00:00:37.605260,7,90,25.0,85.0,80.0,60.0,60.0,100.0,,,,6,4.0,6.0,6.0,6.0,3.0,5.0,,,,COMPLETE
917,917,0.7898305084745763,2025-01-04 01:47:54.201627,2025-01-04 01:48:53.331717,0 days 00:00:59.130090,10,85,25.0,75.0,45.0,65.0,65.0,100.0,65.0,60.0,65.0,6,4.0,6.0,6.0,6.0,3.0,5.0,5.0,3.0,2.0,COMPLETE
918,918,0.8214192196910186,2025-01-04 01:48:53.333053,2025-01-04 01:49:23.505928,0 days 00:00:30.172875,10,90,30.0,85.0,50.0,60.0,65.0,100.0,80.0,65.0,15.0,6,4.0,6.0,4.0,6.0,3.0,5.0,5.0,3.0,4.0,COMPLETE
919,919,0.7889499869075673,2025-01-04 01:49:23.506909,2025-01-04 01:49:42.921495,0 days 00:00:19.414586,7,85,20.0,80.0,45.0,60.0,60.0,95.0,,,,6,4.0,6.0,6.0,4.0,3.0,5.0,,,,COMPLETE
920,920,0.8708333333333333,2025-01-04 01:49:42.922347,2025-01-04 01:50:17.571471,0 days 00:00:34.649124,5,85,20.0,75.0,45.0,65.0,,,,,,6,4.0,6.0,6.0,6.0,,,,,,COMPLETE
921,921,0.8214192196910186,2025-01-04 01:50:17.572671,2025-01-04 01:51:06.209466,0 days 00:00:48.636795,10,90,25.0,85.0,50.0,60.0,65.0,100.0,5.0,40.0,55.0,6,4.0,6.0,6.0,6.0,3.0,5.0,5.0,2.0,3.0,COMPLETE
922,922,0.8056426332288402,2025-01-04 01:51:06.210467,2025-01-04 01:51:52.481163,0 days 00:00:46.270696,7,90,30.0,80.0,45.0,65.0,60.0,95.0,,,,6,4.0,6.0,6.0,6.0,3.0,5.0,,,,COMPLETE
923,923,0.7549407114624507,2025-01-04 01:51:52.482379,2025-01-04 01:52:34.720471,0 days 00:00:42.238092,10,70,30.0,80.0,45.0,60.0,70.0,100.0,60.0,55.0,30.0,6,4.0,6.0,6.0,6.0,3.0,5.0,5.0,3.0,4.0,COMPLETE
924,924,0.8538884524744697,2025-01-04 01:52:34.721483,2025-01-04 01:52:58.268172,0 days 00:00:23.546689,10,85,25.0,85.0,95.0,55.0,65.0,95.0,75.0,60.0,45.0,6,4.0,2.0,6.0,6.0,3.0,5.0,4.0,2.0,2.0,COMPLETE
925,925,0.8225344782721832,2025-01-04 01:52:58.269184,2025-01-04 01:53:22.977195,0 days 00:00:24.708011,10,80,25.0,75.0,40.0,70.0,45.0,95.0,75.0,65.0,65.0,6,4.0,6.0,6.0,6.0,3.0,5.0,6.0,3.0,5.0,COMPLETE
926,926,0.7720588235294117,2025-01-04 01:53:22.978301,2025-01-04 01:53:50.548768,0 days 00:00:27.570467,10,90,35.0,75.0,50.0,55.0,60.0,100.0,55.0,50.0,20.0,6,4.0,6.0,6.0,6.0,3.0,5.0,4.0,3.0,4.0,COMPLETE
927,927,0.9023109243697479,2025-01-04 01:53:50.549722,2025-01-04 01:54:36.225852,0 days 00:00:45.676130,10,80,20.0,55.0,40.0,60.0,40.0,95.0,20.0,75.0,40.0,6,4.0,6.0,4.0,3.0,3.0,5.0,5.0,3.0,3.0,COMPLETE
928,928,0.8107675906183369,2025-01-04 01:54:36.227140,2025-01-04 01:55:28.060664,0 days 00:00:51.833524,10,75,20.0,55.0,40.0,65.0,40.0,95.0,20.0,75.0,40.0,6,4.0,6.0,4.0,3.0,3.0,5.0,6.0,3.0,3.0,COMPLETE
929,929,0.7739583333333333,2025-01-04 01:55:28.061655,2025-01-04 01:56:14.375352,0 days 00:00:46.313697,10,80,20.0,55.0,40.0,65.0,40.0,100.0,15.0,70.0,50.0,6,4.0,6.0,4.0,3.0,3.0,5.0,5.0,3.0,3.0,COMPLETE
930,930,0.7732497387669801,2025-01-04 01:56:14.376649,2025-01-04 01:56:58.957131,0 days 00:00:44.580482,10,80,20.0,55.0,40.0,60.0,40.0,100.0,35.0,80.0,25.0,6,4.0,6.0,4.0,4.0,3.0,5.0,6.0,3.0,2.0,COMPLETE
931,931,0.7741935483870968,2025-01-04 01:56:58.958119,2025-01-04 01:57:27.144465,0 days 00:00:28.186346,10,80,15.0,50.0,45.0,65.0,40.0,95.0,30.0,60.0,60.0,6,3.0,6.0,4.0,4.0,3.0,5.0,6.0,3.0,3.0,COMPLETE
932,932,0.8548009367681498,2025-01-04 01:57:27.145705,2025-01-04 01:58:17.247675,0 days 00:00:50.101970,10,80,20.0,55.0,65.0,60.0,45.0,95.0,35.0,70.0,45.0,6,4.0,5.0,4.0,2.0,3.0,5.0,5.0,3.0,4.0,COMPLETE
933,933,0.817910447761194,2025-01-04 01:58:17.248662,2025-01-04 01:59:05.488087,0 days 00:00:48.239425,10,80,25.0,55.0,40.0,70.0,35.0,100.0,15.0,75.0,55.0,6,4.0,6.0,6.0,3.0,3.0,5.0,6.0,2.0,2.0,COMPLETE
934,934,0.724011521340665,2025-01-04 01:59:05.489408,2025-01-04 01:59:30.939319,0 days 00:00:25.449911,10,75,20.0,50.0,45.0,100.0,40.0,95.0,10.0,65.0,35.0,6,3.0,2.0,4.0,4.0,3.0,5.0,5.0,3.0,3.0,COMPLETE
