,number,value,datetime_start,datetime_complete,duration,params_depth,params_neurons_layer_0,params_neurons_layer_1,params_neurons_layer_2,params_neurons_layer_3,params_neurons_layer_4,params_neurons_layer_5,params_neurons_layer_6,params_neurons_layer_7,params_neurons_layer_8,params_neurons_layer_9,params_orders_layer_0,params_orders_layer_1,params_orders_layer_2,params_orders_layer_3,params_orders_layer_4,params_orders_layer_5,params_orders_layer_6,params_orders_layer_7,params_orders_layer_8,params_orders_layer_9,state
617,617,0.8816355826714181,2025-01-03 05:14:28.361166,2025-01-03 05:14:53.295241,0 days 00:00:24.934075,4,15,10.0,45.0,55.0,,,,,,,6,3.0,2.0,5.0,,,,,,,COMPLETE
618,618,0.8582726965572303,2025-01-03 05:14:53.295960,2025-01-03 05:15:10.368686,0 days 00:00:17.072726,4,20,15.0,40.0,50.0,,,,,,,6,3.0,2.0,2.0,,,,,,,COMPLETE
619,619,0.8626008373987766,2025-01-03 05:15:10.369300,2025-01-03 05:15:25.266511,0 days 00:00:14.897211,4,10,10.0,45.0,55.0,,,,,,,6,3.0,2.0,2.0,,,,,,,COMPLETE
620,620,0.895905186333398,2025-01-03 05:15:25.267116,2025-01-03 05:15:40.760315,0 days 00:00:15.493199,4,15,20.0,45.0,50.0,,,,,,,6,3.0,2.0,2.0,,,,,,,COMPLETE
621,621,0.8554390067833215,2025-01-03 05:15:40.760913,2025-01-03 05:15:59.385826,0 days 00:00:18.624913,4,20,20.0,40.0,50.0,,,,,,,6,3.0,2.0,2.0,,,,,,,COMPLETE
622,622,0.8448279261011603,2025-01-03 05:15:59.386627,2025-01-03 05:16:23.106813,0 days 00:00:23.720186,4,15,20.0,15.0,50.0,,,,,,,6,3.0,4.0,2.0,,,,,,,COMPLETE
623,623,0.7994057963238994,2025-01-03 05:16:23.107536,2025-01-03 05:16:39.854565,0 days 00:00:16.747029,3,20,20.0,40.0,,,,,,,,6,3.0,2.0,,,,,,,,COMPLETE
624,624,0.8666495917887391,2025-01-03 05:16:39.855184,2025-01-03 05:16:55.892211,0 days 00:00:16.037027,4,15,15.0,25.0,55.0,,,,,,,6,3.0,2.0,2.0,,,,,,,COMPLETE
625,625,0.8095655756701574,2025-01-03 05:16:55.892796,2025-01-03 05:17:11.094644,0 days 00:00:15.201848,3,15,15.0,45.0,,,,,,,,6,3.0,2.0,,,,,,,,COMPLETE
626,626,0.8428523857403573,2025-01-03 05:17:11.095251,2025-01-03 05:17:35.071764,0 days 00:00:23.976513,4,20,20.0,60.0,50.0,,,,,,,6,3.0,6.0,2.0,,,,,,,COMPLETE
627,627,0.8912709219356493,2025-01-03 05:17:35.072605,2025-01-03 05:18:02.135954,0 days 00:00:27.063349,4,25,15.0,35.0,80.0,,,,,,,4,3.0,2.0,2.0,,,,,,,COMPLETE
628,628,0.8577900497728274,2025-01-03 05:18:02.136641,2025-01-03 05:18:28.941954,0 days 00:00:26.805313,4,15,20.0,35.0,90.0,,,,,,,4,3.0,2.0,2.0,,,,,,,COMPLETE
629,629,0.8901715774175782,2025-01-03 05:18:28.942528,2025-01-03 05:18:55.741084,0 days 00:00:26.798556,4,20,15.0,35.0,80.0,,,,,,,4,3.0,2.0,2.0,,,,,,,COMPLETE
630,630,0.8739936207641039,2025-01-03 05:18:55.741867,2025-01-03 05:19:22.419869,0 days 00:00:26.678002,4,20,20.0,35.0,80.0,,,,,,,4,3.0,2.0,2.0,,,,,,,COMPLETE
631,631,0.8868143898805492,2025-01-03 05:19:22.420543,2025-01-03 05:19:48.630807,0 days 00:00:26.210264,4,25,15.0,30.0,80.0,,,,,,,4,3.0,2.0,2.0,,,,,,,COMPLETE
632,632,0.8921680109785853,2025-01-03 05:19:48.631417,2025-01-03 05:20:17.236017,0 days 00:00:28.604600,4,20,15.0,35.0,80.0,,,,,,,4,3.0,3.0,2.0,,,,,,,COMPLETE
633,633,0.8912354822870743,2025-01-03 05:20:17.236597,2025-01-03 05:20:45.826279,0 days 00:00:28.589682,4,25,20.0,35.0,85.0,,,,,,,3,3.0,3.0,2.0,,,,,,,COMPLETE
634,634,0.8650178207884942,2025-01-03 05:20:45.827155,2025-01-03 05:21:13.006993,0 days 00:00:27.179838,4,25,20.0,35.0,80.0,,,,,,,2,3.0,3.0,2.0,,,,,,,COMPLETE
635,635,0.83127587430544,2025-01-03 05:21:13.007583,2025-01-03 05:21:41.598256,0 days 00:00:28.590673,4,30,20.0,30.0,85.0,,,,,,,3,3.0,3.0,2.0,,,,,,,COMPLETE
636,636,0.8269403956128571,2025-01-03 05:21:41.599024,2025-01-03 05:22:10.695609,0 days 00:00:29.096585,4,25,20.0,35.0,90.0,,,,,,,3,3.0,3.0,2.0,,,,,,,COMPLETE
637,637,0.8673326147444413,2025-01-03 05:22:10.696280,2025-01-03 05:22:38.733842,0 days 00:00:28.037562,4,25,20.0,30.0,85.0,,,,,,,3,3.0,3.0,2.0,,,,,,,COMPLETE
638,638,0.8780594652793561,2025-01-03 05:22:38.734428,2025-01-03 05:23:05.327617,0 days 00:00:26.593189,4,25,15.0,35.0,85.0,,,,,,,3,3.0,2.0,2.0,,,,,,,COMPLETE
639,639,0.8441619081111669,2025-01-03 05:23:05.328432,2025-01-03 05:23:45.193232,0 days 00:00:39.864800,5,25,15.0,35.0,85.0,15.0,,,,,,3,3.0,6.0,2.0,4.0,,,,,,COMPLETE
640,640,0.8483821727482295,2025-01-03 05:23:45.193953,2025-01-03 05:24:04.370419,0 days 00:00:19.176466,4,25,15.0,30.0,85.0,,,,,,,6,3.0,3.0,2.0,,,,,,,COMPLETE
641,641,0.8701557489548217,2025-01-03 05:24:04.371006,2025-01-03 05:24:32.031945,0 days 00:00:27.660939,4,20,20.0,35.0,80.0,,,,,,,3,3.0,3.0,2.0,,,,,,,COMPLETE
642,642,0.816251709813484,2025-01-03 05:24:32.032722,2025-01-03 05:25:02.996147,0 days 00:00:30.963425,4,30,15.0,35.0,85.0,,,,,,,3,3.0,4.0,2.0,,,,,,,COMPLETE
643,643,0.8485206420584812,2025-01-03 05:25:02.996830,2025-01-03 05:25:33.036829,0 days 00:00:30.039999,4,25,20.0,35.0,80.0,,,,,,,3,3.0,4.0,2.0,,,,,,,COMPLETE
644,644,0.8898733816647291,2025-01-03 05:25:33.037421,2025-01-03 05:26:00.317666,0 days 00:00:27.280245,4,20,15.0,35.0,80.0,,,,,,,3,3.0,3.0,2.0,,,,,,,COMPLETE
645,645,0.8543970165271191,2025-01-03 05:26:00.318441,2025-01-03 05:26:51.813733,0 days 00:00:51.495292,4,95,15.0,30.0,90.0,,,,,,,3,3.0,4.0,5.0,,,,,,,COMPLETE
646,646,0.8170397103384709,2025-01-03 05:26:51.814451,2025-01-03 05:27:21.621440,0 days 00:00:29.806989,4,25,15.0,40.0,85.0,,,,,,,4,3.0,3.0,2.0,,,,,,,COMPLETE
647,647,0.8530273778471523,2025-01-03 05:27:21.622327,2025-01-03 05:27:51.071209,0 days 00:00:29.448882,4,20,20.0,35.0,95.0,,,,,,,3,3.0,3.0,2.0,,,,,,,COMPLETE
648,648,0.8715668599764801,2025-01-03 05:27:51.071786,2025-01-03 05:28:20.803937,0 days 00:00:29.732151,4,20,15.0,40.0,80.0,,,,,,,3,3.0,4.0,2.0,,,,,,,COMPLETE
649,649,0.8248851036909317,2025-01-03 05:28:20.804745,2025-01-03 05:28:50.464409,0 days 00:00:29.659664,4,20,15.0,30.0,85.0,,,,,,,4,3.0,4.0,2.0,,,,,,,COMPLETE
650,650,0.7731179158703805,2025-01-03 05:28:50.465099,2025-01-03 05:29:16.117122,0 days 00:00:25.652023,4,25,15.0,35.0,50.0,,,,,,,3,3.0,3.0,2.0,,,,,,,COMPLETE
651,651,0.8489934705306652,2025-01-03 05:29:16.117706,2025-01-03 05:29:53.169344,0 days 00:00:37.051638,4,45,20.0,30.0,80.0,,,,,,,4,3.0,6.0,2.0,,,,,,,COMPLETE
652,652,0.8731322653717117,2025-01-03 05:29:53.170132,2025-01-03 05:30:20.384684,0 days 00:00:27.214552,4,20,15.0,35.0,85.0,,,,,,,3,3.0,3.0,2.0,,,,,,,COMPLETE
653,653,0.8746495167845076,2025-01-03 05:30:20.385398,2025-01-03 05:30:48.654037,0 days 00:00:28.268639,4,20,15.0,40.0,50.0,,,,,,,3,3.0,2.0,4.0,,,,,,,COMPLETE
654,654,0.7761680301371237,2025-01-03 05:30:48.654632,2025-01-03 05:31:24.429835,0 days 00:00:35.775203,5,30,20.0,40.0,90.0,15.0,,,,,,4,3.0,2.0,2.0,4.0,,,,,,COMPLETE
655,655,0.8770375059344833,2025-01-03 05:31:24.430643,2025-01-03 05:31:50.166808,0 days 00:00:25.736165,4,25,35.0,35.0,50.0,,,,,,,3,3.0,2.0,2.0,,,,,,,COMPLETE
656,656,0.8814501218791905,2025-01-03 05:31:50.167520,2025-01-03 05:32:15.967120,0 days 00:00:25.799600,4,20,15.0,40.0,80.0,,,,,,,3,3.0,2.0,2.0,,,,,,,COMPLETE
657,657,0.8432148375676314,2025-01-03 05:32:15.967700,2025-01-03 05:32:46.900404,0 days 00:00:30.932704,4,60,20.0,35.0,45.0,,,,,,,4,3.0,2.0,2.0,,,,,,,COMPLETE
658,658,0.8582659050842001,2025-01-03 05:32:46.901276,2025-01-03 05:33:22.450670,0 days 00:00:35.549394,4,25,15.0,40.0,75.0,,,,,,,4,3.0,6.0,2.0,,,,,,,COMPLETE
659,659,0.8888575102525074,2025-01-03 05:33:22.451279,2025-01-03 05:34:15.367881,0 days 00:00:52.916602,9,20,15.0,30.0,55.0,15.0,30.0,15.0,100.0,5.0,,3,3.0,2.0,2.0,2.0,5.0,4.0,2.0,4.0,,COMPLETE
660,660,0.8878397040137787,2025-01-03 05:34:15.368883,2025-01-03 05:34:42.322731,0 days 00:00:26.953848,5,15,20.0,20.0,45.0,20.0,,,,,,2,3.0,2.0,2.0,4.0,,,,,,COMPLETE
661,661,0.8355108373532161,2025-01-03 05:34:42.323364,2025-01-03 05:35:12.057390,0 days 00:00:29.734026,4,50,10.0,25.0,80.0,,,,,,,4,3.0,2.0,2.0,,,,,,,COMPLETE
662,662,0.8601638714603498,2025-01-03 05:35:12.058309,2025-01-03 05:35:53.675152,0 days 00:00:41.616843,6,30,15.0,40.0,45.0,40.0,35.0,,,,,3,3.0,4.0,2.0,4.0,2.0,,,,,COMPLETE
663,663,0.8620710060269021,2025-01-03 05:35:53.675800,2025-01-03 05:36:17.386618,0 days 00:00:23.710818,4,15,15.0,35.0,75.0,,,,,,,2,3.0,2.0,2.0,,,,,,,COMPLETE
664,664,0.8297224312721763,2025-01-03 05:36:17.387499,2025-01-03 05:36:42.573635,0 days 00:00:25.186136,4,20,40.0,35.0,40.0,,,,,,,3,3.0,2.0,2.0,,,,,,,COMPLETE
665,665,0.8874817374741404,2025-01-03 05:36:42.574227,2025-01-03 05:37:16.477098,0 days 00:00:33.902871,6,20,10.0,40.0,55.0,20.0,85.0,,,,,6,3.0,2.0,2.0,5.0,5.0,,,,,COMPLETE
666,666,0.8478307925789068,2025-01-03 05:37:16.477940,2025-01-03 05:37:38.669013,0 days 00:00:22.191073,4,15,10.0,30.0,50.0,,,,,,,6,3.0,2.0,2.0,,,,,,,COMPLETE
667,667,0.8709829074222879,2025-01-03 05:37:38.669729,2025-01-03 05:37:56.053336,0 days 00:00:17.383607,4,15,15.0,35.0,60.0,,,,,,,6,3.0,2.0,2.0,,,,,,,COMPLETE
668,668,0.8810788486579986,2025-01-03 05:37:56.053979,2025-01-03 05:38:21.272493,0 days 00:00:25.218514,5,25,20.0,40.0,45.0,15.0,,,,,,6,3.0,6.0,2.0,4.0,,,,,,COMPLETE
669,669,0.8336231416979574,2025-01-03 05:38:21.273392,2025-01-03 05:39:10.377571,0 days 00:00:49.104179,6,20,10.0,40.0,85.0,20.0,30.0,,,,,4,3.0,2.0,3.0,5.0,5.0,,,,,COMPLETE
670,670,0.8605694946028721,2025-01-03 05:39:10.378394,2025-01-03 05:39:31.787017,0 days 00:00:21.408623,4,15,50.0,35.0,40.0,,,,,,,6,3.0,2.0,5.0,,,,,,,COMPLETE
671,671,0.8830275065631012,2025-01-03 05:39:31.787876,2025-01-03 05:40:15.985609,0 days 00:00:44.197733,8,15,15.0,30.0,80.0,15.0,25.0,75.0,35.0,,,6,3.0,2.0,4.0,5.0,2.0,2.0,2.0,,,COMPLETE
672,672,0.8935470942212719,2025-01-03 05:40:15.986488,2025-01-03 05:40:34.555725,0 days 00:00:18.569237,4,15,10.0,45.0,50.0,,,,,,,6,3.0,2.0,2.0,,,,,,,COMPLETE
673,673,0.8598400903280264,2025-01-03 05:40:34.556338,2025-01-03 05:40:56.632098,0 days 00:00:22.075760,4,20,10.0,40.0,50.0,,,,,,,6,3.0,3.0,2.0,,,,,,,COMPLETE
674,674,0.8439753098728462,2025-01-03 05:40:56.632950,2025-01-03 05:41:25.598674,0 days 00:00:28.965724,4,15,15.0,45.0,50.0,,,,,,,4,3.0,4.0,2.0,,,,,,,COMPLETE
675,675,0.8383188626554963,2025-01-03 05:41:25.599429,2025-01-03 05:41:51.171656,0 days 00:00:25.572227,4,15,10.0,45.0,50.0,,,,,,,4,3.0,2.0,2.0,,,,,,,COMPLETE
676,676,0.7994138175045351,2025-01-03 05:41:51.172253,2025-01-03 05:42:11.420432,0 days 00:00:20.248179,4,20,20.0,45.0,55.0,,,,,,,6,3.0,2.0,2.0,,,,,,,COMPLETE
677,677,0.7957186231237332,2025-01-03 05:42:11.421243,2025-01-03 05:42:46.174097,0 days 00:00:34.752854,4,30,25.0,45.0,50.0,,,,,,,4,3.0,6.0,2.0,,,,,,,COMPLETE
678,678,0.8839433792592606,2025-01-03 05:42:46.174826,2025-01-03 05:43:06.286693,0 days 00:00:20.111867,4,10,15.0,45.0,55.0,,,,,,,6,3.0,2.0,2.0,,,,,,,COMPLETE
679,679,0.891101421319204,2025-01-03 05:43:06.287301,2025-01-03 05:43:31.920337,0 days 00:00:25.633036,4,15,10.0,50.0,50.0,,,,,,,4,3.0,2.0,2.0,,,,,,,COMPLETE
680,680,0.730154457124689,2025-01-03 05:43:31.921249,2025-01-03 05:43:57.559074,0 days 00:00:25.637825,4,10,15.0,50.0,50.0,,,,,,,4,3.0,2.0,2.0,,,,,,,COMPLETE
681,681,0.883085739890723,2025-01-03 05:43:57.559672,2025-01-03 05:44:23.910782,0 days 00:00:26.351110,4,25,15.0,50.0,50.0,,,,,,,4,3.0,2.0,2.0,,,,,,,COMPLETE
682,682,0.852818969826342,2025-01-03 05:44:23.911385,2025-01-03 05:44:57.850504,0 days 00:00:33.939119,4,75,10.0,50.0,50.0,,,,,,,4,3.0,2.0,2.0,,,,,,,COMPLETE
683,683,0.8555357024208038,2025-01-03 05:44:57.851399,2025-01-03 05:45:23.860504,0 days 00:00:26.009105,4,20,5.0,50.0,55.0,,,,,,,4,3.0,2.0,2.0,,,,,,,COMPLETE
684,684,0.8773293068552916,2025-01-03 05:45:23.861113,2025-01-03 05:45:58.954466,0 days 00:00:35.093353,4,15,20.0,50.0,50.0,,,,,,,4,3.0,3.0,5.0,,,,,,,COMPLETE
685,685,0.8791040445312963,2025-01-03 05:45:58.955390,2025-01-03 05:46:24.530924,0 days 00:00:25.575534,4,15,10.0,45.0,45.0,,,,,,,4,3.0,2.0,2.0,,,,,,,COMPLETE
686,686,0.8361724273901039,2025-01-03 05:46:24.531529,2025-01-03 05:47:02.374086,0 days 00:00:37.842557,5,10,25.0,50.0,55.0,45.0,,,,,,4,3.0,2.0,2.0,5.0,,,,,,COMPLETE
687,687,0.8626734772324766,2025-01-03 05:47:02.375018,2025-01-03 05:47:30.243408,0 days 00:00:27.868390,4,20,35.0,45.0,50.0,,,,,,,4,3.0,2.0,2.0,,,,,,,COMPLETE
688,688,0.7080553217097345,2025-01-03 05:47:30.244020,2025-01-03 05:47:56.121515,0 days 00:00:25.877495,4,15,15.0,65.0,45.0,,,,,,,4,3.0,2.0,2.0,,,,,,,COMPLETE
689,689,0.8908585880145587,2025-01-03 05:47:56.122117,2025-01-03 05:48:22.094543,0 days 00:00:25.972426,4,20,5.0,50.0,55.0,,,,,,,4,3.0,2.0,2.0,,,,,,,COMPLETE
690,690,0.8799614226284528,2025-01-03 05:48:22.095453,2025-01-03 05:48:58.549698,0 days 00:00:36.454245,4,25,5.0,50.0,60.0,,,,,,,4,3.0,6.0,2.0,,,,,,,COMPLETE
691,691,0.8833367772115139,2025-01-03 05:48:58.550328,2025-01-03 05:49:25.450413,0 days 00:00:26.900085,4,25,5.0,50.0,60.0,,,,,,,4,3.0,2.0,2.0,,,,,,,COMPLETE
692,692,0.87723233638877,2025-01-03 05:49:25.451247,2025-01-03 05:50:02.896938,0 days 00:00:37.445691,5,20,5.0,50.0,55.0,45.0,,,,,,4,3.0,2.0,2.0,5.0,,,,,,COMPLETE
693,693,0.886690372118413,2025-01-03 05:50:02.897705,2025-01-03 05:50:31.115662,0 days 00:00:28.217957,4,20,5.0,55.0,90.0,,,,,,,4,3.0,2.0,2.0,,,,,,,COMPLETE
694,694,0.8917618308546784,2025-01-03 05:50:31.116452,2025-01-03 05:50:56.605122,0 days 00:00:25.488670,4,20,5.0,50.0,55.0,,,,,,,4,3.0,2.0,2.0,,,,,,,COMPLETE
695,695,0.870465570018659,2025-01-03 05:50:56.605830,2025-01-03 05:51:22.975272,0 days 00:00:26.369442,4,25,5.0,50.0,60.0,,,,,,,4,3.0,2.0,2.0,,,,,,,COMPLETE
696,696,0.8276956987614431,2025-01-03 05:51:22.975871,2025-01-03 05:51:48.833551,0 days 00:00:25.857680,4,25,5.0,50.0,55.0,,,,,,,4,3.0,2.0,2.0,,,,,,,COMPLETE
697,697,0.8929702423939411,2025-01-03 05:51:48.834346,2025-01-03 05:52:14.112125,0 days 00:00:25.277779,4,20,5.0,50.0,55.0,,,,,,,4,3.0,2.0,2.0,,,,,,,COMPLETE
698,698,0.8839121097741056,2025-01-03 05:52:14.112828,2025-01-03 05:52:39.525389,0 days 00:00:25.412561,4,20,5.0,50.0,55.0,,,,,,,4,3.0,2.0,2.0,,,,,,,COMPLETE
699,699,0.8817165386014192,2025-01-03 05:52:39.525971,2025-01-03 05:53:07.380279,0 days 00:00:27.854308,4,40,5.0,50.0,55.0,,,,,,,4,3.0,2.0,2.0,,,,,,,COMPLETE
700,700,0.8357687884112268,2025-01-03 05:53:07.381214,2025-01-03 05:53:32.989674,0 days 00:00:25.608460,4,20,5.0,45.0,60.0,,,,,,,4,3.0,2.0,2.0,,,,,,,COMPLETE
701,701,0.8595122244248212,2025-01-03 05:53:32.990295,2025-01-03 05:53:56.694021,0 days 00:00:23.703726,4,25,5.0,50.0,5.0,,,,,,,4,3.0,2.0,2.0,,,,,,,COMPLETE
702,702,0.8850053489705147,2025-01-03 05:53:56.694817,2025-01-03 05:54:31.035182,0 days 00:00:34.340365,5,20,45.0,15.0,60.0,15.0,,,,,,4,3.0,2.0,2.0,5.0,,,,,,COMPLETE
703,703,0.8847155196429415,2025-01-03 05:54:31.035911,2025-01-03 05:54:57.914256,0 days 00:00:26.878345,4,20,5.0,45.0,85.0,,,,,,,4,3.0,2.0,2.0,,,,,,,COMPLETE
704,704,0.815124612970479,2025-01-03 05:54:57.914892,2025-01-03 05:55:24.109075,0 days 00:00:26.194183,4,25,5.0,20.0,55.0,,,,,,,4,3.0,2.0,3.0,,,,,,,COMPLETE
705,705,0.8859050933108763,2025-01-03 05:55:24.109998,2025-01-03 05:55:49.256930,0 days 00:00:25.146932,4,20,10.0,45.0,50.0,,,,,,,4,3.0,2.0,2.0,,,,,,,COMPLETE
706,706,0.8939949622652177,2025-01-03 05:55:49.257565,2025-01-03 05:56:14.432947,0 days 00:00:25.175382,4,20,5.0,50.0,55.0,,,,,,,4,3.0,2.0,2.0,,,,,,,COMPLETE
707,707,0.7787874877266915,2025-01-03 05:56:14.433538,2025-01-03 05:56:39.802287,0 days 00:00:25.368749,4,20,5.0,50.0,55.0,,,,,,,4,3.0,2.0,2.0,,,,,,,COMPLETE
708,708,0.805679428109715,2025-01-03 05:56:39.803077,2025-01-03 05:57:05.208271,0 days 00:00:25.405194,4,20,5.0,50.0,55.0,,,,,,,4,3.0,2.0,2.0,,,,,,,COMPLETE
709,709,0.8825441182734126,2025-01-03 05:57:05.208977,2025-01-03 05:57:27.909126,0 days 00:00:22.700149,4,25,5.0,45.0,55.0,,,,,,,4,3.0,2.0,2.0,,,,,,,COMPLETE
710,710,0.8823674976199397,2025-01-03 05:57:27.909705,2025-01-03 05:57:53.345421,0 days 00:00:25.435716,4,20,5.0,50.0,55.0,,,,,,,4,3.0,2.0,2.0,,,,,,,COMPLETE
711,711,0.8299937802422023,2025-01-03 05:57:53.346329,2025-01-03 05:58:30.042587,0 days 00:00:36.696258,4,90,5.0,45.0,50.0,,,,,,,4,3.0,2.0,2.0,,,,,,,COMPLETE
712,712,0.8437292755409156,2025-01-03 05:58:30.043195,2025-01-03 05:59:01.913591,0 days 00:00:31.870396,5,25,5.0,50.0,50.0,15.0,,,,,,4,3.0,2.0,2.0,5.0,,,,,,COMPLETE
713,713,0.8983859074091114,2025-01-03 05:59:01.914519,2025-01-03 05:59:27.283527,0 days 00:00:25.369008,4,20,5.0,50.0,55.0,,,,,,,4,3.0,2.0,2.0,,,,,,,COMPLETE
714,714,0.8328068247321013,2025-01-03 05:59:27.284182,2025-01-03 05:59:51.817450,0 days 00:00:24.533268,4,25,5.0,45.0,55.0,,,,,,,4,3.0,2.0,2.0,,,,,,,COMPLETE
715,715,0.856558482724231,2025-01-03 05:59:51.818056,2025-01-03 06:00:15.615681,0 days 00:00:23.797625,4,20,5.0,45.0,60.0,,,,,,,4,3.0,2.0,2.0,,,,,,,COMPLETE
716,716,0.8981112907572083,2025-01-03 06:00:15.616607,2025-01-03 06:00:43.736383,0 days 00:00:28.119776,5,20,5.0,50.0,55.0,15.0,,,,,,4,3.0,2.0,2.0,2.0,,,,,,COMPLETE
717,717,0.8959645896014448,2025-01-03 06:00:43.737022,2025-01-03 06:01:11.078111,0 days 00:00:27.341089,5,20,5.0,50.0,60.0,15.0,,,,,,4,3.0,2.0,2.0,2.0,,,,,,COMPLETE
718,718,0.8855474046902816,2025-01-03 06:01:11.078934,2025-01-03 06:01:39.955399,0 days 00:00:28.876465,5,20,5.0,50.0,60.0,15.0,,,,,,4,3.0,2.0,2.0,2.0,,,,,,COMPLETE
719,719,0.828526714904386,2025-01-03 06:01:39.956115,2025-01-03 06:02:09.124841,0 days 00:00:29.168726,5,20,5.0,50.0,60.0,15.0,,,,,,4,3.0,2.0,2.0,2.0,,,,,,COMPLETE
720,720,0.6615890727849253,2025-01-03 06:02:09.125475,2025-01-03 06:02:38.950953,0 days 00:00:29.825478,5,20,5.0,50.0,60.0,15.0,,,,,,4,3.0,2.0,2.0,3.0,,,,,,COMPLETE
721,721,0.8824030553539546,2025-01-03 06:02:38.951800,2025-01-03 06:03:07.737304,0 days 00:00:28.785504,5,20,5.0,50.0,60.0,20.0,,,,,,4,3.0,2.0,2.0,2.0,,,,,,COMPLETE
722,722,0.862563098961505,2025-01-03 06:03:07.738025,2025-01-03 06:03:36.256929,0 days 00:00:28.518904,5,20,5.0,50.0,55.0,15.0,,,,,,4,3.0,2.0,2.0,2.0,,,,,,COMPLETE
723,723,0.8864668122868593,2025-01-03 06:03:36.257542,2025-01-03 06:04:04.813516,0 days 00:00:28.555974,5,20,5.0,45.0,60.0,15.0,,,,,,4,3.0,2.0,2.0,2.0,,,,,,COMPLETE
724,724,0.8246678116560809,2025-01-03 06:04:04.814455,2025-01-03 06:04:33.713322,0 days 00:00:28.898867,5,20,5.0,50.0,55.0,20.0,,,,,,4,3.0,2.0,2.0,2.0,,,,,,COMPLETE
725,725,0.8320155778494867,2025-01-03 06:04:33.713943,2025-01-03 06:05:09.009515,0 days 00:00:35.295572,5,65,5.0,50.0,55.0,15.0,,,,,,4,3.0,2.0,2.0,2.0,,,,,,COMPLETE
726,726,0.8776551578521945,2025-01-03 06:05:09.010476,2025-01-03 06:05:37.463474,0 days 00:00:28.452998,5,20,5.0,55.0,55.0,20.0,,,,,,4,3.0,2.0,2.0,2.0,,,,,,COMPLETE
727,727,0.8965834927238494,2025-01-03 06:05:37.464097,2025-01-03 06:06:06.161200,0 days 00:00:28.697103,5,20,5.0,50.0,55.0,20.0,,,,,,4,3.0,2.0,2.0,2.0,,,,,,COMPLETE
728,728,0.8907001842679234,2025-01-03 06:06:06.162028,2025-01-03 06:06:41.969068,0 days 00:00:35.807040,5,20,5.0,45.0,55.0,20.0,,,,,,4,3.0,2.0,5.0,2.0,,,,,,COMPLETE
729,729,0.885667082119916,2025-01-03 06:06:41.969819,2025-01-03 06:07:10.633694,0 days 00:00:28.663875,5,20,5.0,45.0,60.0,15.0,,,,,,4,3.0,2.0,2.0,2.0,,,,,,COMPLETE
730,730,0.874911174983551,2025-01-03 06:07:10.634317,2025-01-03 06:07:39.362213,0 days 00:00:28.727896,5,20,5.0,55.0,55.0,20.0,,,,,,4,3.0,2.0,2.0,2.0,,,,,,COMPLETE
731,731,0.829802315174704,2025-01-03 06:07:39.363182,2025-01-03 06:08:08.183423,0 days 00:00:28.820241,5,20,5.0,50.0,60.0,15.0,,,,,,4,3.0,2.0,2.0,2.0,,,,,,COMPLETE
732,732,0.786225243260161,2025-01-03 06:08:08.184043,2025-01-03 06:08:36.410765,0 days 00:00:28.226722,5,20,5.0,45.0,55.0,15.0,,,,,,4,3.0,2.0,2.0,2.0,,,,,,COMPLETE
733,733,0.8696708233652726,2025-01-03 06:08:36.411607,2025-01-03 06:09:04.688908,0 days 00:00:28.277301,5,20,5.0,50.0,55.0,20.0,,,,,,4,3.0,2.0,2.0,2.0,,,,,,COMPLETE
734,734,0.8264483348573788,2025-01-03 06:09:04.689664,2025-01-03 06:09:33.149884,0 days 00:00:28.460220,5,20,5.0,55.0,50.0,15.0,,,,,,4,3.0,2.0,2.0,2.0,,,,,,COMPLETE
735,735,0.8866554867246501,2025-01-03 06:09:33.150518,2025-01-03 06:10:06.755417,0 days 00:00:33.604899,5,20,5.0,50.0,55.0,20.0,,,,,,4,3.0,2.0,4.0,2.0,,,,,,COMPLETE
736,736,0.8560912771439088,2025-01-03 06:10:06.756371,2025-01-03 06:10:35.420968,0 days 00:00:28.664597,5,20,10.0,55.0,50.0,25.0,,,,,,4,3.0,2.0,2.0,2.0,,,,,,COMPLETE
737,737,0.8796462761277568,2025-01-03 06:10:35.421618,2025-01-03 06:11:11.215122,0 days 00:00:35.793504,6,20,5.0,50.0,60.0,20.0,5.0,,,,,4,3.0,2.0,2.0,2.0,5.0,,,,,COMPLETE
738,738,0.844935248135782,2025-01-03 06:11:11.215987,2025-01-03 06:11:39.568896,0 days 00:00:28.352909,5,20,10.0,45.0,60.0,15.0,,,,,,4,3.0,2.0,2.0,2.0,,,,,,COMPLETE
739,739,0.8877089577089576,2025-01-03 06:11:39.569687,2025-01-03 06:12:07.685917,0 days 00:00:28.116230,5,15,10.0,45.0,55.0,10.0,,,,,,4,3.0,2.0,2.0,2.0,,,,,,COMPLETE
740,740,0.8392004343882006,2025-01-03 06:12:07.686581,2025-01-03 06:12:36.674624,0 days 00:00:28.988043,5,15,5.0,50.0,50.0,25.0,,,,,,4,3.0,2.0,2.0,2.0,,,,,,COMPLETE
741,741,0.8769521288620017,2025-01-03 06:12:36.675615,2025-01-03 06:13:06.193166,0 days 00:00:29.517551,6,15,5.0,55.0,50.0,15.0,35.0,,,,,4,3.0,2.0,2.0,2.0,3.0,,,,,COMPLETE
742,742,0.8783063783555457,2025-01-03 06:13:06.193848,2025-01-03 06:13:17.691278,0 days 00:00:11.497430,1,20,,,,,,,,,,4,,,,,,,,,,COMPLETE
743,743,0.8745775037086594,2025-01-03 06:13:17.691814,2025-01-03 06:13:52.963746,0 days 00:00:35.271932,6,15,10.0,45.0,50.0,10.0,5.0,,,,,4,3.0,2.0,2.0,2.0,5.0,,,,,COMPLETE
744,744,0.8815121255349501,2025-01-03 06:13:52.964720,2025-01-03 06:14:22.037889,0 days 00:00:29.073169,5,15,5.0,50.0,60.0,20.0,,,,,,4,3.0,2.0,2.0,2.0,,,,,,COMPLETE
745,745,0.8924263017963608,2025-01-03 06:14:22.038562,2025-01-03 06:14:53.904155,0 days 00:00:31.865593,6,20,5.0,45.0,55.0,15.0,5.0,,,,,4,3.0,2.0,2.0,2.0,3.0,,,,,COMPLETE
746,746,0.8934577744516723,2025-01-03 06:14:53.905079,2025-01-03 06:15:22.777236,0 days 00:00:28.872157,5,20,5.0,45.0,55.0,25.0,,,,,,4,3.0,2.0,2.0,2.0,,,,,,COMPLETE
747,747,0.8113243797423326,2025-01-03 06:15:22.777981,2025-01-03 06:15:51.127126,0 days 00:00:28.349145,5,20,5.0,45.0,55.0,20.0,,,,,,4,3.0,2.0,2.0,2.0,,,,,,COMPLETE
748,748,0.8567635486641687,2025-01-03 06:15:51.127769,2025-01-03 06:16:21.805402,0 days 00:00:30.677633,5,25,5.0,70.0,55.0,20.0,,,,,,4,3.0,2.0,2.0,2.0,,,,,,COMPLETE
749,749,0.8091002631750444,2025-01-03 06:16:21.806156,2025-01-03 06:16:50.166779,0 days 00:00:28.360623,5,20,5.0,45.0,55.0,15.0,,,,,,4,3.0,2.0,2.0,2.0,,,,,,COMPLETE
