,number,value,datetime_start,datetime_complete,duration,params_depth,params_neurons_layer_0,params_neurons_layer_1,params_neurons_layer_2,params_neurons_layer_3,params_neurons_layer_4,params_neurons_layer_5,params_neurons_layer_6,params_neurons_layer_7,params_neurons_layer_8,params_neurons_layer_9,params_orders_layer_0,params_orders_layer_1,params_orders_layer_2,params_orders_layer_3,params_orders_layer_4,params_orders_layer_5,params_orders_layer_6,params_orders_layer_7,params_orders_layer_8,params_orders_layer_9,state
705,705,0.8031746031746032,2025-01-03 23:47:22.682272,2025-01-03 23:47:57.042038,0 days 00:00:34.359766,9,100,45.0,75.0,35.0,65.0,5.0,100.0,75.0,85.0,,4,2.0,3.0,3.0,6.0,5.0,3.0,2.0,3.0,,COMPLETE
706,706,0.7739583333333333,2025-01-03 23:47:57.042936,2025-01-03 23:48:31.644382,0 days 00:00:34.601446,8,75,25.0,50.0,50.0,50.0,50.0,95.0,45.0,,,2,2.0,6.0,3.0,6.0,5.0,4.0,3.0,,,COMPLETE
707,707,0.7741935483870968,2025-01-03 23:48:31.645713,2025-01-03 23:49:03.837077,0 days 00:00:32.191364,7,95,55.0,80.0,25.0,90.0,45.0,85.0,,,,2,4.0,6.0,3.0,5.0,2.0,5.0,,,,COMPLETE
708,708,0.7898305084745763,2025-01-03 23:49:03.837997,2025-01-03 23:49:39.766845,0 days 00:00:35.928848,8,85,30.0,70.0,30.0,55.0,55.0,90.0,95.0,,,2,2.0,4.0,3.0,6.0,5.0,5.0,3.0,,,COMPLETE
709,709,0.8088272383354351,2025-01-03 23:49:39.767727,2025-01-03 23:49:49.722455,0 days 00:00:09.954728,2,35,40.0,,,,,,,,,5,3.0,,,,,,,,,COMPLETE
710,710,0.8618037135278515,2025-01-03 23:49:49.723127,2025-01-03 23:50:20.926433,0 days 00:00:31.203306,6,60,50.0,65.0,40.0,35.0,40.0,,,,,4,2.0,3.0,3.0,6.0,6.0,,,,,COMPLETE
711,711,0.8214192196910186,2025-01-03 23:50:20.927501,2025-01-03 23:50:50.141511,0 days 00:00:29.214010,7,80,55.0,55.0,30.0,85.0,60.0,55.0,,,,2,2.0,5.0,3.0,6.0,4.0,2.0,,,,COMPLETE
712,712,0.8221642764015646,2025-01-03 23:50:50.142346,2025-01-03 23:51:35.712300,0 days 00:00:45.569954,8,40,15.0,50.0,35.0,75.0,35.0,75.0,85.0,,,6,4.0,6.0,4.0,5.0,5.0,6.0,2.0,,,COMPLETE
713,713,0.8056426332288402,2025-01-03 23:51:35.713473,2025-01-03 23:52:10.556183,0 days 00:00:34.842710,10,90,35.0,60.0,30.0,70.0,35.0,70.0,95.0,50.0,40.0,4,2.0,6.0,3.0,5.0,5.0,5.0,3.0,6.0,3.0,COMPLETE
714,714,0.8225344782721832,2025-01-03 23:52:10.557209,2025-01-03 23:52:52.737689,0 days 00:00:42.180480,8,95,20.0,35.0,40.0,50.0,65.0,100.0,15.0,,,2,3.0,5.0,2.0,6.0,5.0,5.0,2.0,,,COMPLETE
715,715,0.8523002421307506,2025-01-03 23:52:52.738793,2025-01-03 23:53:13.604182,0 days 00:00:20.865389,5,90,40.0,75.0,35.0,40.0,,,,,,2,2.0,4.0,3.0,6.0,,,,,,COMPLETE
716,716,0.8708333333333333,2025-01-03 23:53:13.605015,2025-01-03 23:53:44.026076,0 days 00:00:30.421061,7,100,45.0,40.0,25.0,95.0,10.0,90.0,,,,5,2.0,3.0,3.0,3.0,5.0,3.0,,,,COMPLETE
717,717,0.8544980443285528,2025-01-03 23:53:44.026936,2025-01-03 23:54:16.100130,0 days 00:00:32.073194,6,85,60.0,70.0,45.0,60.0,40.0,,,,,2,3.0,6.0,3.0,6.0,6.0,,,,,COMPLETE
718,718,0.8385416666666667,2025-01-03 23:54:16.100931,2025-01-03 23:54:58.544768,0 days 00:00:42.443837,9,85,10.0,55.0,35.0,45.0,5.0,95.0,55.0,45.0,,2,4.0,6.0,3.0,5.0,2.0,5.0,3.0,5.0,,COMPLETE
719,719,0.780539397144368,2025-01-03 23:54:58.545965,2025-01-03 23:55:35.814593,0 days 00:00:37.268628,8,95,65.0,50.0,40.0,65.0,40.0,90.0,80.0,,,6,2.0,4.0,3.0,6.0,3.0,5.0,2.0,,,COMPLETE
720,720,0.7902680197762164,2025-01-03 23:55:35.815474,2025-01-03 23:56:04.502553,0 days 00:00:28.687079,7,80,55.0,65.0,25.0,55.0,45.0,95.0,,,,2,2.0,2.0,3.0,6.0,5.0,4.0,,,,COMPLETE
721,721,0.8548009367681498,2025-01-03 23:56:04.503636,2025-01-03 23:56:42.596134,0 days 00:00:38.092498,8,95,65.0,45.0,30.0,90.0,65.0,90.0,40.0,,,2,4.0,5.0,3.0,6.0,6.0,5.0,3.0,,,COMPLETE
722,722,0.7960805084745763,2025-01-03 23:56:42.597070,2025-01-03 23:57:12.827318,0 days 00:00:30.230248,6,90,70.0,60.0,35.0,50.0,40.0,,,,,4,2.0,6.0,3.0,5.0,5.0,,,,,COMPLETE
723,723,0.8870673952641166,2025-01-03 23:57:12.828401,2025-01-03 23:58:07.886845,0 days 00:00:55.058444,9,95,50.0,90.0,50.0,30.0,70.0,100.0,60.0,90.0,,5,3.0,3.0,2.0,6.0,6.0,5.0,2.0,6.0,,COMPLETE
724,724,0.7801587301587302,2025-01-03 23:58:07.887848,2025-01-03 23:58:52.131602,0 days 00:00:44.243754,9,15,50.0,90.0,50.0,30.0,70.0,100.0,60.0,90.0,,5,3.0,3.0,2.0,6.0,6.0,5.0,2.0,6.0,,COMPLETE
725,725,0.8286247334754797,2025-01-03 23:58:52.132755,2025-01-03 23:59:35.932455,0 days 00:00:43.799700,9,85,50.0,95.0,50.0,25.0,75.0,100.0,55.0,100.0,,5,3.0,3.0,2.0,6.0,6.0,5.0,2.0,6.0,,COMPLETE
726,726,0.7889499869075673,2025-01-03 23:59:35.933437,2025-01-04 00:00:22.177294,0 days 00:00:46.243857,9,100,50.0,90.0,45.0,30.0,70.0,100.0,65.0,95.0,,5,3.0,3.0,2.0,6.0,6.0,3.0,2.0,6.0,,COMPLETE
727,727,0.7580015612802498,2025-01-04 00:00:22.178455,2025-01-04 00:01:11.474880,0 days 00:00:49.296425,9,90,55.0,95.0,55.0,30.0,70.0,100.0,65.0,80.0,,5,3.0,3.0,2.0,6.0,6.0,5.0,2.0,6.0,,COMPLETE
728,728,0.8214192196910186,2025-01-04 00:01:11.475860,2025-01-04 00:01:54.852566,0 days 00:00:43.376706,9,85,50.0,90.0,45.0,70.0,70.0,100.0,60.0,85.0,,4,3.0,3.0,2.0,6.0,6.0,5.0,2.0,5.0,,COMPLETE
729,729,0.80625,2025-01-04 00:01:54.854728,2025-01-04 00:02:40.644380,0 days 00:00:45.789652,9,95,45.0,90.0,55.0,30.0,60.0,95.0,75.0,90.0,,4,3.0,3.0,2.0,6.0,6.0,5.0,2.0,6.0,,COMPLETE
730,730,0.8548009367681498,2025-01-04 00:02:40.645302,2025-01-04 00:03:23.754971,0 days 00:00:43.109669,9,90,50.0,25.0,50.0,30.0,65.0,100.0,60.0,70.0,,5,3.0,3.0,2.0,6.0,6.0,3.0,2.0,4.0,,COMPLETE
731,731,0.8125996810207337,2025-01-04 00:03:23.756233,2025-01-04 00:04:08.520263,0 days 00:00:44.764030,9,85,45.0,85.0,60.0,30.0,80.0,95.0,70.0,95.0,,4,3.0,3.0,2.0,6.0,6.0,6.0,2.0,5.0,,COMPLETE
732,732,0.8380355276907001,2025-01-04 00:04:08.521198,2025-01-04 00:04:57.860042,0 days 00:00:49.338844,9,95,55.0,85.0,50.0,35.0,70.0,95.0,10.0,60.0,,5,3.0,3.0,2.0,6.0,6.0,5.0,2.0,6.0,,COMPLETE
733,733,0.7876152832674572,2025-01-04 00:04:57.861276,2025-01-04 00:05:21.689675,0 days 00:00:23.828399,9,80,45.0,100.0,45.0,35.0,55.0,100.0,60.0,75.0,,4,3.0,3.0,2.0,6.0,6.0,5.0,2.0,4.0,,COMPLETE
734,734,0.8617133791644632,2025-01-04 00:05:21.690570,2025-01-04 00:05:42.205308,0 days 00:00:20.514738,10,100,50.0,95.0,50.0,25.0,50.0,95.0,65.0,100.0,10.0,5,3.0,3.0,2.0,6.0,6.0,4.0,2.0,6.0,2.0,COMPLETE
735,735,0.7898305084745763,2025-01-04 00:05:42.206967,2025-01-04 00:06:21.533591,0 days 00:00:39.326624,9,90,45.0,90.0,45.0,25.0,70.0,85.0,90.0,75.0,,4,3.0,3.0,2.0,6.0,6.0,2.0,2.0,5.0,,COMPLETE
736,736,0.7720588235294117,2025-01-04 00:06:21.534858,2025-01-04 00:06:52.275715,0 days 00:00:30.740857,6,55,55.0,90.0,40.0,35.0,15.0,,,,,5,3.0,3.0,2.0,6.0,6.0,,,,,COMPLETE
737,737,0.8056426332288402,2025-01-04 00:06:52.276587,2025-01-04 00:07:34.260572,0 days 00:00:41.983985,9,30,50.0,80.0,50.0,30.0,45.0,100.0,55.0,90.0,,4,3.0,3.0,2.0,6.0,5.0,5.0,2.0,5.0,,COMPLETE
738,738,0.7309322033898304,2025-01-04 00:07:34.261795,2025-01-04 00:08:01.915880,0 days 00:00:27.654085,7,90,50.0,85.0,45.0,35.0,75.0,90.0,,,,5,3.0,3.0,2.0,6.0,2.0,4.0,,,,COMPLETE
739,739,0.8387096774193549,2025-01-04 00:08:01.916756,2025-01-04 00:08:53.530330,0 days 00:00:51.613574,9,75,40.0,50.0,40.0,55.0,60.0,95.0,25.0,80.0,,5,4.0,5.0,4.0,6.0,6.0,5.0,2.0,6.0,,COMPLETE
740,740,0.8056426332288402,2025-01-04 00:08:53.531539,2025-01-04 00:09:23.725798,0 days 00:00:30.194259,6,80,55.0,45.0,45.0,40.0,55.0,,,,,4,3.0,4.0,2.0,6.0,5.0,,,,,COMPLETE
741,741,0.8214192196910186,2025-01-04 00:09:23.726682,2025-01-04 00:09:50.675710,0 days 00:00:26.949028,7,95,50.0,95.0,20.0,50.0,75.0,60.0,,,,5,4.0,3.0,5.0,6.0,5.0,5.0,,,,COMPLETE
742,742,0.8385416666666667,2025-01-04 00:09:50.676649,2025-01-04 00:10:30.097562,0 days 00:00:39.420913,7,85,35.0,55.0,40.0,65.0,5.0,90.0,,,,5,3.0,5.0,3.0,6.0,6.0,5.0,,,,COMPLETE
743,743,0.80625,2025-01-04 00:10:30.098670,2025-01-04 00:10:54.260458,0 days 00:00:24.161788,5,100,55.0,80.0,55.0,45.0,,,,,,4,3.0,4.0,2.0,6.0,,,,,,COMPLETE
744,744,0.8225344782721832,2025-01-04 00:10:54.261299,2025-01-04 00:11:30.074821,0 days 00:00:35.813522,7,85,60.0,55.0,45.0,60.0,75.0,80.0,,,,4,5.0,3.0,3.0,4.0,5.0,5.0,,,,COMPLETE
745,745,0.8544980443285528,2025-01-04 00:11:30.075713,2025-01-04 00:12:20.731185,0 days 00:00:50.655472,10,40,45.0,90.0,50.0,30.0,65.0,100.0,80.0,65.0,35.0,5,4.0,5.0,3.0,6.0,4.0,5.0,2.0,4.0,3.0,COMPLETE
746,746,0.746684350132626,2025-01-04 00:12:20.732463,2025-01-04 00:12:51.561290,0 days 00:00:30.828827,7,90,40.0,50.0,40.0,50.0,10.0,65.0,,,,4,4.0,3.0,3.0,6.0,6.0,6.0,,,,COMPLETE
747,747,0.7965517241379311,2025-01-04 00:12:51.562171,2025-01-04 00:13:17.332691,0 days 00:00:25.770520,6,95,50.0,40.0,40.0,55.0,50.0,,,,,4,3.0,4.0,3.0,6.0,2.0,,,,,COMPLETE
748,748,0.80625,2025-01-04 00:13:17.333757,2025-01-04 00:14:09.939748,0 days 00:00:52.605991,9,90,45.0,45.0,35.0,75.0,20.0,95.0,85.0,70.0,,5,4.0,5.0,4.0,6.0,5.0,5.0,2.0,6.0,,COMPLETE
749,749,0.8202898550724638,2025-01-04 00:14:09.940803,2025-01-04 00:14:44.447906,0 days 00:00:34.507103,6,85,60.0,60.0,45.0,25.0,25.0,,,,,6,4.0,3.0,3.0,6.0,5.0,,,,,COMPLETE
750,750,0.7480169222633527,2025-01-04 00:14:44.449877,2025-01-04 00:15:21.657973,0 days 00:00:37.208096,7,70,50.0,95.0,35.0,65.0,45.0,70.0,,,,5,3.0,4.0,3.0,6.0,6.0,4.0,,,,COMPLETE
751,751,0.7902680197762164,2025-01-04 00:15:21.658914,2025-01-04 00:15:47.286924,0 days 00:00:25.628010,9,60,40.0,30.0,25.0,45.0,70.0,85.0,100.0,80.0,,4,2.0,5.0,3.0,6.0,5.0,5.0,2.0,5.0,,COMPLETE
752,752,0.8863576852579209,2025-01-04 00:15:47.287844,2025-01-04 00:16:18.571509,0 days 00:00:31.283665,7,100,55.0,100.0,10.0,100.0,45.0,60.0,,,,5,2.0,5.0,2.0,6.0,5.0,3.0,,,,COMPLETE
753,753,0.8777777777777778,2025-01-04 00:16:18.572828,2025-01-04 00:16:51.211653,0 days 00:00:32.638825,7,100,55.0,100.0,5.0,95.0,50.0,60.0,,,,5,2.0,4.0,2.0,6.0,5.0,3.0,,,,COMPLETE
754,754,0.7889499869075673,2025-01-04 00:16:51.212525,2025-01-04 00:17:20.796234,0 days 00:00:29.583709,7,100,55.0,100.0,10.0,100.0,50.0,60.0,,,,5,2.0,4.0,2.0,6.0,5.0,3.0,,,,COMPLETE
755,755,0.8544980443285528,2025-01-04 00:17:20.797104,2025-01-04 00:17:52.927584,0 days 00:00:32.130480,7,100,55.0,100.0,10.0,95.0,50.0,60.0,,,,5,2.0,4.0,2.0,6.0,5.0,3.0,,,,COMPLETE
756,756,0.7732497387669801,2025-01-04 00:17:52.928719,2025-01-04 00:18:26.841158,0 days 00:00:33.912439,7,100,55.0,100.0,5.0,95.0,50.0,55.0,,,,5,2.0,4.0,2.0,6.0,5.0,3.0,,,,COMPLETE
757,757,0.8221642764015646,2025-01-04 00:18:26.842015,2025-01-04 00:18:47.519390,0 days 00:00:20.677375,7,100,55.0,100.0,5.0,100.0,50.0,60.0,,,,5,2.0,4.0,2.0,6.0,5.0,3.0,,,,COMPLETE
758,758,0.8046218487394958,2025-01-04 00:18:47.520233,2025-01-04 00:19:19.638447,0 days 00:00:32.118214,7,100,60.0,100.0,5.0,95.0,45.0,55.0,,,,5,2.0,4.0,2.0,6.0,5.0,3.0,,,,COMPLETE
759,759,0.8548009367681498,2025-01-04 00:19:19.639614,2025-01-04 00:19:31.681489,0 days 00:00:12.041875,7,100,55.0,100.0,5.0,95.0,50.0,65.0,,,,5,2.0,4.0,2.0,6.0,5.0,3.0,,,,COMPLETE
760,760,0.8221642764015646,2025-01-04 00:19:31.682303,2025-01-04 00:20:01.324853,0 days 00:00:29.642550,7,100,60.0,100.0,5.0,100.0,45.0,60.0,,,,5,2.0,4.0,2.0,6.0,5.0,3.0,,,,COMPLETE
761,761,0.8286546610169492,2025-01-04 00:20:01.325773,2025-01-04 00:20:32.201408,0 days 00:00:30.875635,7,100,55.0,95.0,10.0,15.0,45.0,60.0,,,,5,2.0,4.0,2.0,6.0,5.0,3.0,,,,COMPLETE
762,762,0.8548009367681498,2025-01-04 00:20:32.202505,2025-01-04 00:21:01.562197,0 days 00:00:29.359692,7,100,55.0,95.0,10.0,100.0,45.0,55.0,,,,5,2.0,4.0,2.0,6.0,5.0,3.0,,,,COMPLETE
763,763,0.8247978436657681,2025-01-04 00:21:01.563112,2025-01-04 00:21:33.526859,0 days 00:00:31.963747,7,100,5.0,100.0,5.0,95.0,50.0,65.0,,,,5,2.0,4.0,2.0,6.0,5.0,3.0,,,,COMPLETE
764,764,0.7965517241379311,2025-01-04 00:21:33.527757,2025-01-04 00:22:05.511931,0 days 00:00:31.984174,7,100,55.0,100.0,10.0,50.0,20.0,55.0,,,,5,2.0,4.0,2.0,6.0,5.0,3.0,,,,COMPLETE
765,765,0.8225344782721832,2025-01-04 00:22:05.513054,2025-01-04 00:22:35.096171,0 days 00:00:29.583117,7,100,60.0,100.0,5.0,35.0,50.0,60.0,,,,5,2.0,4.0,2.0,6.0,5.0,3.0,,,,COMPLETE
766,766,0.8618037135278515,2025-01-04 00:22:35.097051,2025-01-04 00:23:06.872986,0 days 00:00:31.775935,7,100,55.0,95.0,10.0,40.0,45.0,65.0,,,,5,2.0,4.0,2.0,6.0,5.0,3.0,,,,COMPLETE
767,767,0.7902680197762164,2025-01-04 00:23:06.873837,2025-01-04 00:23:37.780932,0 days 00:00:30.907095,7,100,60.0,100.0,10.0,100.0,45.0,60.0,,,,5,2.0,3.0,2.0,6.0,5.0,3.0,,,,COMPLETE
768,768,0.7902680197762164,2025-01-04 00:23:37.782023,2025-01-04 00:24:12.855732,0 days 00:00:35.073709,7,100,55.0,100.0,15.0,45.0,5.0,65.0,,,,6,4.0,4.0,2.0,6.0,5.0,3.0,,,,COMPLETE
769,769,0.8529644268774703,2025-01-04 00:24:12.856646,2025-01-04 00:24:38.142825,0 days 00:00:25.286179,7,95,60.0,100.0,15.0,95.0,10.0,55.0,,,,2,2.0,3.0,2.0,6.0,2.0,4.0,,,,COMPLETE
770,770,0.8119363395225465,2025-01-04 00:24:38.143642,2025-01-04 00:25:07.799755,0 days 00:00:29.656113,7,100,55.0,95.0,5.0,55.0,50.0,60.0,,,,5,2.0,4.0,2.0,6.0,5.0,3.0,,,,COMPLETE
771,771,0.8709677419354839,2025-01-04 00:25:07.800936,2025-01-04 00:25:36.306906,0 days 00:00:28.505970,7,95,55.0,95.0,5.0,50.0,45.0,65.0,,,,2,4.0,4.0,2.0,6.0,5.0,3.0,,,,COMPLETE
772,772,0.7739583333333333,2025-01-04 00:25:36.307755,2025-01-04 00:26:07.484375,0 days 00:00:31.176620,7,95,70.0,100.0,5.0,30.0,75.0,55.0,,,,5,2.0,3.0,2.0,6.0,4.0,4.0,,,,COMPLETE
773,773,0.8708333333333333,2025-01-04 00:26:07.485207,2025-01-04 00:26:37.282672,0 days 00:00:29.797465,7,100,55.0,95.0,10.0,20.0,5.0,60.0,,,,2,2.0,4.0,2.0,6.0,2.0,4.0,,,,COMPLETE
774,774,0.8380355276907001,2025-01-04 00:26:37.283834,2025-01-04 00:27:03.014143,0 days 00:00:25.730309,7,95,50.0,95.0,15.0,55.0,80.0,70.0,,,,2,2.0,3.0,2.0,6.0,5.0,3.0,,,,COMPLETE
775,775,0.8452380952380952,2025-01-04 00:27:03.015003,2025-01-04 00:27:34.856953,0 days 00:00:31.841950,7,100,65.0,85.0,10.0,50.0,70.0,65.0,,,,2,4.0,4.0,2.0,6.0,5.0,4.0,,,,COMPLETE
776,776,0.7642857142857142,2025-01-04 00:27:34.857864,2025-01-04 00:28:07.915023,0 days 00:00:33.057159,7,95,50.0,100.0,10.0,40.0,40.0,60.0,,,,5,2.0,3.0,2.0,6.0,5.0,3.0,,,,COMPLETE
777,777,0.8064516129032258,2025-01-04 00:28:07.916191,2025-01-04 00:28:38.958873,0 days 00:00:31.042682,7,90,60.0,10.0,5.0,35.0,40.0,65.0,,,,2,2.0,3.0,2.0,6.0,5.0,4.0,,,,COMPLETE
778,778,0.80625,2025-01-04 00:28:38.959744,2025-01-04 00:29:09.765369,0 days 00:00:30.805625,7,100,55.0,100.0,15.0,45.0,45.0,55.0,,,,6,2.0,2.0,2.0,6.0,5.0,3.0,,,,COMPLETE
779,779,0.8544980443285528,2025-01-04 00:29:09.766233,2025-01-04 00:29:39.442131,0 days 00:00:29.675898,7,95,65.0,85.0,5.0,95.0,15.0,60.0,,,,2,2.0,6.0,2.0,6.0,2.0,4.0,,,,COMPLETE
780,780,0.7902680197762164,2025-01-04 00:29:39.443271,2025-01-04 00:30:00.885879,0 days 00:00:21.442608,9,90,55.0,80.0,10.0,45.0,50.0,50.0,75.0,85.0,,2,2.0,4.0,2.0,6.0,5.0,3.0,4.0,4.0,,COMPLETE
781,781,0.8455843469063987,2025-01-04 00:30:00.886819,2025-01-04 00:30:29.582588,0 days 00:00:28.695769,7,85,50.0,95.0,20.0,50.0,75.0,90.0,,,,2,4.0,4.0,2.0,6.0,5.0,3.0,,,,COMPLETE
782,782,0.8380355276907001,2025-01-04 00:30:29.583422,2025-01-04 00:31:05.196265,0 days 00:00:35.612843,7,35,60.0,45.0,50.0,30.0,65.0,70.0,,,,5,2.0,6.0,2.0,6.0,5.0,4.0,,,,COMPLETE
783,783,0.80625,2025-01-04 00:31:05.197475,2025-01-04 00:31:49.222828,0 days 00:00:44.025353,9,100,50.0,95.0,20.0,55.0,5.0,95.0,5.0,65.0,,5,2.0,3.0,2.0,6.0,5.0,3.0,2.0,6.0,,COMPLETE
784,784,0.8380355276907001,2025-01-04 00:31:49.223818,2025-01-04 00:32:09.890590,0 days 00:00:20.666772,7,90,55.0,90.0,15.0,100.0,40.0,100.0,,,,2,2.0,4.0,2.0,4.0,2.0,3.0,,,,COMPLETE
785,785,0.8286546610169492,2025-01-04 00:32:09.891623,2025-01-04 00:32:30.761923,0 days 00:00:20.870300,4,55,55.0,100.0,5.0,,,,,,,2,4.0,6.0,5.0,,,,,,,COMPLETE
786,786,0.7564807541241163,2025-01-04 00:32:30.762763,2025-01-04 00:33:02.612702,0 days 00:00:31.849939,7,95,50.0,50.0,30.0,35.0,45.0,95.0,,,,6,2.0,3.0,2.0,6.0,4.0,4.0,,,,COMPLETE
787,787,0.8604465709728868,2025-01-04 00:33:02.613582,2025-01-04 00:33:17.868000,0 days 00:00:15.254418,3,90,100.0,85.0,,,,,,,,2,4.0,6.0,,,,,,,,COMPLETE
788,788,0.8225344782721832,2025-01-04 00:33:17.868746,2025-01-04 00:33:55.937399,0 days 00:00:38.068653,10,95,60.0,90.0,10.0,95.0,40.0,90.0,85.0,95.0,15.0,2,2.0,4.0,2.0,6.0,5.0,2.0,2.0,5.0,4.0,COMPLETE
789,789,0.8548009367681498,2025-01-04 00:33:55.938543,2025-01-04 00:34:23.641952,0 days 00:00:27.703409,7,85,55.0,50.0,15.0,45.0,10.0,100.0,,,,2,2.0,3.0,2.0,6.0,5.0,3.0,,,,COMPLETE
790,790,0.8221642764015646,2025-01-04 00:34:23.642879,2025-01-04 00:35:07.109999,0 days 00:00:43.467120,9,100,50.0,50.0,5.0,50.0,25.0,95.0,90.0,40.0,,5,2.0,6.0,4.0,6.0,5.0,4.0,4.0,3.0,,COMPLETE
791,791,0.845603813559322,2025-01-04 00:35:07.112194,2025-01-04 00:35:45.230420,0 days 00:00:38.118226,9,65,60.0,45.0,10.0,25.0,45.0,55.0,95.0,60.0,,2,4.0,3.0,2.0,6.0,2.0,3.0,2.0,6.0,,COMPLETE
792,792,0.8781779661016949,2025-01-04 00:35:45.231344,2025-01-04 00:36:23.736016,0 days 00:00:38.504672,7,90,50.0,15.0,30.0,55.0,65.0,90.0,,,,2,5.0,6.0,2.0,6.0,5.0,4.0,,,,COMPLETE
793,793,0.8225344782721832,2025-01-04 00:36:23.737569,2025-01-04 00:36:59.431241,0 days 00:00:35.693672,7,90,50.0,10.0,30.0,40.0,65.0,90.0,,,,2,5.0,6.0,2.0,6.0,5.0,4.0,,,,COMPLETE
794,794,0.8225344782721832,2025-01-04 00:36:59.432440,2025-01-04 00:37:33.843446,0 days 00:00:34.411006,7,95,50.0,40.0,30.0,55.0,65.0,90.0,,,,2,4.0,6.0,2.0,6.0,5.0,4.0,,,,COMPLETE
795,795,0.8868318122555411,2025-01-04 00:37:33.844350,2025-01-04 00:38:11.497198,0 days 00:00:37.652848,8,90,50.0,5.0,25.0,50.0,70.0,85.0,80.0,,,2,5.0,6.0,2.0,6.0,5.0,4.0,2.0,,,COMPLETE
796,796,0.8064516129032258,2025-01-04 00:38:11.498414,2025-01-04 00:38:49.096083,0 days 00:00:37.597669,8,90,50.0,5.0,85.0,50.0,70.0,85.0,80.0,,,2,5.0,6.0,2.0,6.0,5.0,4.0,2.0,,,COMPLETE
797,797,0.8221642764015646,2025-01-04 00:38:49.097050,2025-01-04 00:39:08.350765,0 days 00:00:19.253715,8,90,50.0,5.0,25.0,50.0,70.0,85.0,80.0,,,2,5.0,6.0,2.0,6.0,5.0,4.0,2.0,,,COMPLETE
798,798,0.80625,2025-01-04 00:39:08.351642,2025-01-04 00:39:47.830451,0 days 00:00:39.478809,8,90,50.0,5.0,20.0,50.0,70.0,85.0,85.0,,,2,5.0,6.0,2.0,6.0,5.0,4.0,2.0,,,COMPLETE
799,799,0.8056426332288402,2025-01-04 00:39:47.831638,2025-01-04 00:40:17.136885,0 days 00:00:29.305247,8,90,55.0,5.0,25.0,50.0,70.0,85.0,75.0,,,2,5.0,6.0,2.0,2.0,5.0,4.0,2.0,,,COMPLETE
800,800,0.8225344782721832,2025-01-04 00:40:17.137744,2025-01-04 00:40:50.222847,0 days 00:00:33.085103,8,90,50.0,5.0,25.0,55.0,75.0,80.0,80.0,,,2,5.0,6.0,2.0,6.0,5.0,4.0,2.0,,,COMPLETE
801,801,0.8291777188328913,2025-01-04 00:40:50.223946,2025-01-04 00:41:24.231265,0 days 00:00:34.007319,8,90,55.0,10.0,20.0,45.0,70.0,90.0,85.0,,,2,5.0,6.0,2.0,6.0,5.0,4.0,2.0,,,COMPLETE
802,802,0.80625,2025-01-04 00:41:24.232170,2025-01-04 00:42:00.896144,0 days 00:00:36.663974,8,95,50.0,100.0,25.0,50.0,75.0,85.0,75.0,,,2,4.0,6.0,2.0,6.0,5.0,4.0,2.0,,,COMPLETE
803,803,0.8046218487394958,2025-01-04 00:42:00.896985,2025-01-04 00:42:36.075414,0 days 00:00:35.178429,8,95,55.0,20.0,20.0,55.0,70.0,90.0,70.0,,,2,5.0,6.0,2.0,6.0,5.0,4.0,2.0,,,COMPLETE
804,804,0.87042842215256,2025-01-04 00:42:36.076509,2025-01-04 00:43:11.805614,0 days 00:00:35.729105,8,90,50.0,5.0,25.0,50.0,70.0,85.0,90.0,,,2,5.0,6.0,2.0,6.0,5.0,4.0,2.0,,,COMPLETE
805,805,0.7574967405475881,2025-01-04 00:43:11.806530,2025-01-04 00:43:49.994897,0 days 00:00:38.188367,8,90,55.0,10.0,25.0,45.0,65.0,90.0,80.0,,,2,5.0,6.0,2.0,6.0,5.0,4.0,2.0,,,COMPLETE
806,806,0.8779904306220095,2025-01-04 00:43:49.995998,2025-01-04 00:44:25.863367,0 days 00:00:35.867369,8,90,50.0,15.0,25.0,45.0,65.0,80.0,70.0,,,5,5.0,6.0,2.0,6.0,5.0,4.0,2.0,,,COMPLETE
807,807,0.8221642764015646,2025-01-04 00:44:25.864290,2025-01-04 00:44:58.935744,0 days 00:00:33.071454,8,90,50.0,15.0,20.0,45.0,70.0,80.0,75.0,,,2,5.0,6.0,2.0,6.0,5.0,4.0,2.0,,,COMPLETE
808,808,0.7779850746268657,2025-01-04 00:44:58.936606,2025-01-04 00:45:36.598936,0 days 00:00:37.662330,8,90,50.0,10.0,25.0,45.0,65.0,80.0,70.0,,,2,6.0,6.0,2.0,6.0,5.0,4.0,2.0,,,COMPLETE
809,809,0.7848032564450476,2025-01-04 00:45:36.600097,2025-01-04 00:46:12.119426,0 days 00:00:35.519329,8,90,50.0,15.0,25.0,45.0,65.0,85.0,75.0,,,2,5.0,6.0,2.0,6.0,5.0,4.0,2.0,,,COMPLETE
810,810,0.7902680197762164,2025-01-04 00:46:12.120301,2025-01-04 00:46:42.585692,0 days 00:00:30.465391,8,90,45.0,15.0,20.0,45.0,65.0,80.0,70.0,,,2,5.0,6.0,2.0,4.0,5.0,4.0,2.0,,,COMPLETE
811,811,0.8117647058823529,2025-01-04 00:46:42.586745,2025-01-04 00:47:21.210438,0 days 00:00:38.623693,8,90,50.0,10.0,90.0,50.0,65.0,80.0,65.0,,,5,5.0,6.0,2.0,6.0,5.0,4.0,2.0,,,COMPLETE
812,812,0.8064516129032258,2025-01-04 00:47:21.211380,2025-01-04 00:47:56.800987,0 days 00:00:35.589607,8,90,10.0,10.0,25.0,45.0,65.0,85.0,80.0,,,2,5.0,6.0,2.0,6.0,5.0,4.0,2.0,,,COMPLETE
813,813,0.7889499869075673,2025-01-04 00:47:56.801850,2025-01-04 00:48:05.288541,0 days 00:00:08.486691,1,90,,,,,,,,,,6,,,,,,,,,,COMPLETE
814,814,0.87042842215256,2025-01-04 00:48:05.289325,2025-01-04 00:48:40.454670,0 days 00:00:35.165345,8,85,45.0,10.0,25.0,50.0,65.0,85.0,65.0,,,2,5.0,6.0,2.0,6.0,5.0,4.0,2.0,,,COMPLETE
815,815,0.7902680197762164,2025-01-04 00:48:40.455582,2025-01-04 00:49:16.588977,0 days 00:00:36.133395,8,90,50.0,5.0,20.0,50.0,70.0,90.0,75.0,,,2,6.0,6.0,2.0,6.0,5.0,4.0,2.0,,,COMPLETE
816,816,0.8538884524744697,2025-01-04 00:49:16.589848,2025-01-04 00:49:54.552948,0 days 00:00:37.963100,9,95,45.0,5.0,25.0,45.0,60.0,80.0,70.0,70.0,,2,5.0,2.0,2.0,6.0,5.0,4.0,2.0,4.0,,COMPLETE
817,817,0.8452950558213717,2025-01-04 00:49:54.554126,2025-01-04 00:50:33.528197,0 days 00:00:38.974071,8,90,50.0,5.0,25.0,55.0,70.0,85.0,80.0,,,5,5.0,6.0,2.0,6.0,5.0,4.0,2.0,,,COMPLETE
818,818,0.7989214175654854,2025-01-04 00:50:33.529081,2025-01-04 00:51:04.504398,0 days 00:00:30.975317,8,95,50.0,25.0,30.0,50.0,65.0,80.0,75.0,,,2,5.0,6.0,2.0,6.0,5.0,4.0,2.0,,,COMPLETE
819,819,0.8046218487394958,2025-01-04 00:51:04.505504,2025-01-04 00:51:42.144404,0 days 00:00:37.638900,8,90,50.0,5.0,55.0,45.0,70.0,85.0,85.0,,,2,5.0,6.0,2.0,6.0,5.0,4.0,2.0,,,COMPLETE
820,820,0.8455843469063987,2025-01-04 00:51:42.145308,2025-01-04 00:52:21.108603,0 days 00:00:38.963295,9,85,45.0,25.0,25.0,50.0,60.0,90.0,75.0,85.0,,5,5.0,6.0,2.0,6.0,5.0,4.0,2.0,6.0,,COMPLETE
821,821,0.80625,2025-01-04 00:52:21.109543,2025-01-04 00:52:43.766041,0 days 00:00:22.656498,9,90,15.0,5.0,30.0,55.0,65.0,90.0,80.0,55.0,,2,5.0,6.0,2.0,6.0,5.0,4.0,2.0,5.0,,COMPLETE
