,number,value,datetime_start,datetime_complete,duration,params_depth,params_neurons_layer_0,params_neurons_layer_1,params_neurons_layer_2,params_neurons_layer_3,params_neurons_layer_4,params_neurons_layer_5,params_neurons_layer_6,params_neurons_layer_7,params_neurons_layer_8,params_neurons_layer_9,params_orders_layer_0,params_orders_layer_1,params_orders_layer_2,params_orders_layer_3,params_orders_layer_4,params_orders_layer_5,params_orders_layer_6,params_orders_layer_7,params_orders_layer_8,params_orders_layer_9,state
939,939,0.6219851576994434,2025-01-04 16:12:42.976018,2025-01-04 16:13:05.412300,0 days 00:00:22.436282,8,45,85.0,100.0,15.0,15.0,65.0,30.0,100.0,,,2,2.0,3.0,5.0,5.0,4.0,5.0,3.0,,,COMPLETE
940,940,0.6126373626373627,2025-01-04 16:13:05.413192,2025-01-04 16:13:28.755163,0 days 00:00:23.341971,8,50,75.0,95.0,80.0,20.0,70.0,25.0,100.0,,,2,4.0,3.0,5.0,5.0,4.0,5.0,5.0,,,COMPLETE
941,941,0.6755637367694431,2025-01-04 16:13:28.756086,2025-01-04 16:13:56.183681,0 days 00:00:27.427595,8,50,85.0,95.0,100.0,25.0,35.0,30.0,100.0,,,2,4.0,3.0,4.0,5.0,4.0,5.0,4.0,,,COMPLETE
942,942,0.6666666666666666,2025-01-04 16:13:56.184947,2025-01-04 16:14:21.885836,0 days 00:00:25.700889,8,50,15.0,95.0,20.0,20.0,65.0,25.0,95.0,,,3,4.0,3.0,5.0,5.0,4.0,5.0,3.0,,,COMPLETE
943,943,0.5695970695970696,2025-01-04 16:14:21.886791,2025-01-04 16:14:43.166512,0 days 00:00:21.279721,7,45,85.0,100.0,45.0,20.0,70.0,30.0,,,,2,4.0,3.0,5.0,5.0,4.0,5.0,,,,COMPLETE
944,944,0.5727272727272728,2025-01-04 16:14:43.167431,2025-01-04 16:15:06.114500,0 days 00:00:22.947069,8,50,85.0,100.0,20.0,25.0,60.0,30.0,100.0,,,2,2.0,3.0,5.0,5.0,4.0,5.0,4.0,,,COMPLETE
945,945,0.6556776556776557,2025-01-04 16:15:06.115777,2025-01-04 16:15:30.651048,0 days 00:00:24.535271,8,50,85.0,65.0,25.0,15.0,60.0,35.0,95.0,,,2,4.0,3.0,5.0,5.0,4.0,5.0,4.0,,,COMPLETE
946,946,0.5957446808510638,2025-01-04 16:15:30.652031,2025-01-04 16:15:51.262136,0 days 00:00:20.610105,8,50,90.0,95.0,40.0,25.0,65.0,35.0,100.0,,,2,2.0,3.0,5.0,5.0,4.0,5.0,4.0,,,COMPLETE
947,947,0.6556776556776557,2025-01-04 16:15:51.263117,2025-01-04 16:16:15.761766,0 days 00:00:24.498649,8,50,90.0,70.0,5.0,15.0,60.0,90.0,95.0,,,2,2.0,3.0,5.0,5.0,4.0,5.0,5.0,,,COMPLETE
948,948,0.5457892314772204,2025-01-04 16:16:15.762680,2025-01-04 16:16:43.835280,0 days 00:00:28.072600,7,55,90.0,10.0,35.0,10.0,55.0,75.0,,,,2,4.0,3.0,5.0,5.0,4.0,5.0,,,,COMPLETE
949,949,0.6755637367694431,2025-01-04 16:16:43.836605,2025-01-04 16:17:07.904623,0 days 00:00:24.068018,8,55,85.0,100.0,60.0,20.0,75.0,40.0,95.0,,,2,2.0,3.0,5.0,5.0,4.0,5.0,4.0,,,COMPLETE
950,950,0.44286391654812707,2025-01-04 16:17:07.905541,2025-01-04 16:17:43.596709,0 days 00:00:35.691168,9,85,90.0,95.0,15.0,25.0,60.0,25.0,100.0,10.0,,3,2.0,3.0,5.0,5.0,4.0,5.0,4.0,4.0,,COMPLETE
951,951,0.6126373626373627,2025-01-04 16:17:43.597751,2025-01-04 16:18:05.059111,0 days 00:00:21.461360,8,45,90.0,50.0,65.0,75.0,65.0,30.0,100.0,,,2,2.0,3.0,5.0,5.0,4.0,5.0,6.0,,,COMPLETE
952,952,0.6594202898550725,2025-01-04 16:18:05.060407,2025-01-04 16:18:29.556411,0 days 00:00:24.496004,8,50,80.0,50.0,55.0,80.0,55.0,35.0,100.0,,,4,2.0,3.0,5.0,5.0,4.0,5.0,4.0,,,COMPLETE
953,953,0.7023584905660378,2025-01-04 16:18:29.557375,2025-01-04 16:18:51.969234,0 days 00:00:22.411859,8,55,85.0,55.0,50.0,20.0,70.0,40.0,95.0,,,2,2.0,3.0,3.0,5.0,4.0,5.0,4.0,,,COMPLETE
954,954,0.6275058275058275,2025-01-04 16:18:51.970141,2025-01-04 16:19:11.286316,0 days 00:00:19.316175,8,45,90.0,15.0,10.0,30.0,70.0,55.0,95.0,,,2,2.0,3.0,5.0,5.0,4.0,5.0,4.0,,,COMPLETE
955,955,0.6581818181818182,2025-01-04 16:19:11.287272,2025-01-04 16:19:43.362807,0 days 00:00:32.075535,9,50,80.0,45.0,20.0,75.0,10.0,45.0,100.0,45.0,,4,4.0,3.0,5.0,5.0,4.0,5.0,4.0,5.0,,COMPLETE
956,956,0.6581818181818182,2025-01-04 16:19:43.364122,2025-01-04 16:20:00.955848,0 days 00:00:17.591726,6,80,45.0,100.0,30.0,70.0,60.0,,,,,3,2.0,3.0,5.0,5.0,6.0,,,,,COMPLETE
957,957,0.5927952576379389,2025-01-04 16:20:00.956796,2025-01-04 16:20:22.703740,0 days 00:00:21.746944,8,55,90.0,10.0,15.0,45.0,80.0,35.0,95.0,,,2,4.0,3.0,5.0,5.0,4.0,5.0,6.0,,,COMPLETE
958,958,0.6987179487179487,2025-01-04 16:20:22.705053,2025-01-04 16:20:46.830439,0 days 00:00:24.125386,7,85,70.0,70.0,70.0,55.0,55.0,70.0,,,,2,2.0,3.0,5.0,5.0,6.0,6.0,,,,COMPLETE
959,959,0.6808510638297872,2025-01-04 16:20:46.831347,2025-01-04 16:21:07.046619,0 days 00:00:20.215272,8,55,85.0,45.0,20.0,25.0,65.0,5.0,45.0,,,2,2.0,3.0,4.0,5.0,4.0,5.0,3.0,,,COMPLETE
960,960,0.6713286713286714,2025-01-04 16:21:07.047832,2025-01-04 16:21:30.015001,0 days 00:00:22.967169,9,90,90.0,25.0,20.0,15.0,50.0,25.0,100.0,70.0,,2,2.0,3.0,5.0,5.0,4.0,2.0,4.0,3.0,,COMPLETE
961,961,0.7188219052001841,2025-01-04 16:21:30.015969,2025-01-04 16:21:58.292242,0 days 00:00:28.276273,8,50,90.0,5.0,25.0,70.0,75.0,70.0,65.0,,,2,2.0,3.0,5.0,5.0,6.0,5.0,6.0,,,COMPLETE
962,962,0.7229024943310658,2025-01-04 16:21:58.293189,2025-01-04 16:22:18.383963,0 days 00:00:20.090774,7,80,85.0,20.0,15.0,65.0,5.0,30.0,,,,2,2.0,3.0,5.0,5.0,4.0,6.0,,,,COMPLETE
963,963,0.5637915543575921,2025-01-04 16:22:18.384852,2025-01-04 16:22:55.516065,0 days 00:00:37.131213,8,50,90.0,95.0,25.0,75.0,50.0,75.0,20.0,,,2,2.0,3.0,5.0,5.0,6.0,5.0,4.0,,,COMPLETE
964,964,0.6349282296650718,2025-01-04 16:22:55.517373,2025-01-04 16:23:21.222838,0 days 00:00:25.705465,8,80,90.0,10.0,45.0,75.0,60.0,40.0,100.0,,,2,4.0,3.0,5.0,5.0,4.0,5.0,4.0,,,COMPLETE
965,965,0.5265567765567765,2025-01-04 16:23:21.223821,2025-01-04 16:23:42.696852,0 days 00:00:21.473031,9,55,95.0,45.0,35.0,70.0,65.0,30.0,30.0,30.0,,2,2.0,3.0,5.0,5.0,4.0,5.0,5.0,2.0,,COMPLETE
966,966,0.53,2025-01-04 16:23:42.697833,2025-01-04 16:24:11.998927,0 days 00:00:29.301094,8,45,90.0,55.0,30.0,85.0,55.0,80.0,40.0,,,3,2.0,3.0,6.0,5.0,6.0,6.0,4.0,,,COMPLETE
967,967,0.6518518518518519,2025-01-04 16:24:12.000206,2025-01-04 16:24:30.909114,0 days 00:00:18.908908,8,85,85.0,40.0,10.0,40.0,55.0,65.0,95.0,,,2,2.0,3.0,5.0,5.0,4.0,5.0,4.0,,,COMPLETE
968,968,0.6933333333333334,2025-01-04 16:24:30.910119,2025-01-04 16:24:54.623918,0 days 00:00:23.713799,8,50,95.0,15.0,45.0,80.0,80.0,70.0,95.0,,,2,2.0,3.0,5.0,5.0,4.0,5.0,6.0,,,COMPLETE
969,969,0.5957446808510638,2025-01-04 16:24:54.624909,2025-01-04 16:25:26.973187,0 days 00:00:32.348278,9,80,90.0,50.0,20.0,50.0,60.0,35.0,100.0,5.0,,2,2.0,3.0,5.0,5.0,6.0,6.0,4.0,6.0,,COMPLETE
970,970,0.7213862289101687,2025-01-04 16:25:26.974480,2025-01-04 16:25:54.280255,0 days 00:00:27.305775,8,55,95.0,10.0,15.0,35.0,70.0,25.0,25.0,,,2,4.0,3.0,5.0,5.0,4.0,5.0,4.0,,,COMPLETE
971,971,0.509750566893424,2025-01-04 16:25:54.281276,2025-01-04 16:26:21.420168,0 days 00:00:27.138892,8,50,75.0,15.0,85.0,75.0,60.0,40.0,50.0,,,3,2.0,3.0,5.0,4.0,6.0,5.0,5.0,,,COMPLETE
972,972,0.6168478260869565,2025-01-04 16:26:21.421113,2025-01-04 16:26:42.635177,0 days 00:00:21.214064,7,80,85.0,40.0,20.0,20.0,65.0,20.0,,,,2,2.0,3.0,5.0,5.0,4.0,5.0,,,,COMPLETE
973,973,0.7417582417582418,2025-01-04 16:26:42.636102,2025-01-04 16:27:14.914429,0 days 00:00:32.278327,9,85,90.0,20.0,25.0,65.0,45.0,45.0,100.0,90.0,,2,2.0,3.0,5.0,5.0,4.0,6.0,6.0,4.0,,COMPLETE
974,974,0.5518867924528301,2025-01-04 16:27:14.915745,2025-01-04 16:27:40.772488,0 days 00:00:25.856743,9,90,95.0,20.0,25.0,75.0,55.0,50.0,100.0,95.0,,2,2.0,3.0,5.0,5.0,4.0,6.0,6.0,4.0,,COMPLETE
975,975,0.6882516188714154,2025-01-04 16:27:40.773595,2025-01-04 16:28:11.482950,0 days 00:00:30.709355,9,85,90.0,20.0,25.0,80.0,40.0,45.0,100.0,100.0,,2,2.0,3.0,6.0,5.0,4.0,6.0,6.0,4.0,,COMPLETE
976,976,0.6356589147286822,2025-01-04 16:28:11.483937,2025-01-04 16:28:50.531563,0 days 00:00:39.047626,9,85,90.0,20.0,30.0,70.0,45.0,45.0,100.0,85.0,,2,2.0,3.0,5.0,5.0,4.0,6.0,6.0,4.0,,COMPLETE
977,977,0.6168478260869565,2025-01-04 16:28:50.532965,2025-01-04 16:29:16.230496,0 days 00:00:25.697531,9,85,95.0,25.0,25.0,85.0,50.0,45.0,100.0,95.0,,2,2.0,3.0,5.0,5.0,4.0,6.0,6.0,4.0,,COMPLETE
978,978,0.6556776556776557,2025-01-04 16:29:16.231493,2025-01-04 16:29:42.868269,0 days 00:00:26.636776,9,85,15.0,20.0,25.0,75.0,45.0,45.0,100.0,90.0,,2,2.0,3.0,5.0,5.0,4.0,6.0,6.0,4.0,,COMPLETE
979,979,0.6518518518518519,2025-01-04 16:29:42.869285,2025-01-04 16:29:46.769751,0 days 00:00:03.900466,1,85,,,,,,,,,,2,,,,,,,,,,COMPLETE
980,980,0.6447124304267161,2025-01-04 16:29:46.770456,2025-01-04 16:30:20.700311,0 days 00:00:33.929855,9,85,85.0,20.0,30.0,15.0,50.0,50.0,95.0,90.0,,2,2.0,3.0,5.0,5.0,4.0,6.0,6.0,4.0,,COMPLETE
981,981,0.5952157598499062,2025-01-04 16:30:20.701720,2025-01-04 16:30:41.994943,0 days 00:00:21.293223,9,85,90.0,15.0,25.0,80.0,45.0,40.0,100.0,80.0,,2,2.0,3.0,5.0,5.0,4.0,6.0,6.0,5.0,,COMPLETE
982,982,0.6126373626373627,2025-01-04 16:30:41.995949,2025-01-04 16:31:12.241204,0 days 00:00:30.245255,9,90,95.0,20.0,25.0,30.0,40.0,40.0,95.0,100.0,,2,2.0,3.0,5.0,5.0,4.0,3.0,6.0,4.0,,COMPLETE
983,983,0.509750566893424,2025-01-04 16:31:12.242206,2025-01-04 16:31:38.321749,0 days 00:00:26.079543,9,90,95.0,25.0,25.0,70.0,45.0,40.0,100.0,90.0,,2,2.0,3.0,5.0,5.0,4.0,6.0,6.0,5.0,,COMPLETE
984,984,0.6907894736842105,2025-01-04 16:31:38.323081,2025-01-04 16:32:08.177958,0 days 00:00:29.854877,8,90,60.0,20.0,30.0,90.0,50.0,45.0,100.0,,,2,2.0,3.0,5.0,6.0,4.0,6.0,6.0,,,COMPLETE
985,985,0.6785225718194254,2025-01-04 16:32:08.179020,2025-01-04 16:32:36.987238,0 days 00:00:28.808218,9,95,90.0,25.0,20.0,75.0,45.0,50.0,95.0,75.0,,2,2.0,5.0,6.0,5.0,4.0,6.0,6.0,3.0,,COMPLETE
986,986,0.6168478260869565,2025-01-04 16:32:36.988224,2025-01-04 16:33:06.844289,0 days 00:00:29.856065,9,75,85.0,20.0,25.0,85.0,40.0,35.0,100.0,65.0,,2,2.0,3.0,5.0,5.0,4.0,6.0,6.0,4.0,,COMPLETE
987,987,0.5727272727272728,2025-01-04 16:33:06.845697,2025-01-04 16:33:35.385587,0 days 00:00:28.539890,9,90,90.0,25.0,20.0,75.0,45.0,45.0,95.0,95.0,,2,2.0,3.0,5.0,5.0,4.0,6.0,6.0,5.0,,COMPLETE
988,988,0.614622641509434,2025-01-04 16:33:35.386581,2025-01-04 16:34:06.307392,0 days 00:00:30.920811,9,80,95.0,15.0,30.0,65.0,40.0,5.0,35.0,60.0,,2,2.0,3.0,5.0,5.0,4.0,6.0,6.0,3.0,,COMPLETE
989,989,0.5927952576379389,2025-01-04 16:34:06.308409,2025-01-04 16:34:31.296862,0 days 00:00:24.988453,9,85,90.0,20.0,20.0,25.0,85.0,40.0,95.0,100.0,,2,2.0,3.0,5.0,5.0,4.0,6.0,6.0,4.0,,COMPLETE
990,990,0.7229024943310658,2025-01-04 16:34:31.298244,2025-01-04 16:35:00.170738,0 days 00:00:28.872494,9,80,85.0,15.0,25.0,80.0,55.0,70.0,100.0,85.0,,2,2.0,6.0,5.0,5.0,4.0,6.0,4.0,3.0,,COMPLETE
991,991,0.5499316005471957,2025-01-04 16:35:00.171781,2025-01-04 16:35:04.976085,0 days 00:00:04.804304,2,100,95.0,,,,,,,,,4,2.0,,,,,,,,,COMPLETE
992,992,0.6356589147286822,2025-01-04 16:35:04.976814,2025-01-04 16:35:29.727423,0 days 00:00:24.750609,8,80,90.0,15.0,25.0,70.0,60.0,35.0,100.0,,,2,2.0,3.0,5.0,5.0,4.0,6.0,4.0,,,COMPLETE
993,993,0.5153061224489797,2025-01-04 16:35:29.728428,2025-01-04 16:35:56.613600,0 days 00:00:26.885172,9,75,90.0,5.0,30.0,20.0,75.0,65.0,90.0,80.0,,2,2.0,3.0,5.0,4.0,6.0,5.0,6.0,4.0,,COMPLETE
994,994,0.726078799249531,2025-01-04 16:35:56.614971,2025-01-04 16:36:19.558718,0 days 00:00:22.943747,8,80,95.0,25.0,20.0,80.0,50.0,40.0,95.0,,,2,2.0,3.0,5.0,5.0,4.0,5.0,4.0,,,COMPLETE
995,995,0.5727272727272728,2025-01-04 16:36:19.559843,2025-01-04 16:36:44.702326,0 days 00:00:25.142483,8,80,90.0,10.0,15.0,70.0,35.0,45.0,45.0,,,2,2.0,3.0,5.0,5.0,4.0,5.0,4.0,,,COMPLETE
996,996,0.6083333333333334,2025-01-04 16:36:44.703286,2025-01-04 16:37:06.148351,0 days 00:00:21.445065,7,45,95.0,20.0,15.0,65.0,55.0,75.0,,,,2,2.0,3.0,5.0,5.0,4.0,5.0,,,,COMPLETE
997,997,0.637641723356009,2025-01-04 16:37:06.149878,2025-01-04 16:37:41.438919,0 days 00:00:35.289041,8,5,95.0,20.0,65.0,45.0,70.0,50.0,100.0,,,2,2.0,3.0,5.0,6.0,6.0,6.0,6.0,,,COMPLETE
998,998,0.6521739130434783,2025-01-04 16:37:41.440342,2025-01-04 16:38:10.319043,0 days 00:00:28.878701,9,85,90.0,15.0,20.0,75.0,60.0,70.0,25.0,15.0,,2,2.0,3.0,5.0,5.0,4.0,5.0,4.0,5.0,,COMPLETE
999,999,0.6556776556776557,2025-01-04 16:38:10.320032,2025-01-04 16:38:45.440455,0 days 00:00:35.120423,8,80,90.0,5.0,60.0,70.0,55.0,10.0,85.0,,,6,2.0,3.0,5.0,5.0,6.0,5.0,4.0,,,COMPLETE
