,number,value,datetime_start,datetime_complete,duration,params_depth,params_neurons_layer_0,params_neurons_layer_1,params_neurons_layer_2,params_neurons_layer_3,params_neurons_layer_4,params_neurons_layer_5,params_neurons_layer_6,params_neurons_layer_7,params_neurons_layer_8,params_neurons_layer_9,params_orders_layer_0,params_orders_layer_1,params_orders_layer_2,params_orders_layer_3,params_orders_layer_4,params_orders_layer_5,params_orders_layer_6,params_orders_layer_7,params_orders_layer_8,params_orders_layer_9,state
826,826,0.8641232415900788,2025-01-06 02:00:26.162042,2025-01-06 02:01:25.358280,0 days 00:00:59.196238,8,5,10.0,100.0,30.0,95.0,40.0,65.0,100.0,,,2,4.0,3.0,2.0,3.0,6.0,2.0,3.0,,,COMPLETE
827,827,0.873636714735236,2025-01-06 02:01:25.359030,2025-01-06 02:02:18.519877,0 days 00:00:53.160847,8,10,35.0,5.0,25.0,95.0,45.0,60.0,95.0,,,2,4.0,3.0,4.0,3.0,6.0,2.0,3.0,,,COMPLETE
828,828,0.835002030541361,2025-01-06 02:02:18.520802,2025-01-06 02:03:13.643060,0 days 00:00:55.122258,8,10,25.0,85.0,30.0,95.0,35.0,80.0,90.0,,,4,4.0,3.0,2.0,3.0,6.0,2.0,3.0,,,COMPLETE
829,829,0.8698991032834006,2025-01-06 02:03:13.643881,2025-01-06 02:04:04.902063,0 days 00:00:51.258182,9,15,15.0,80.0,30.0,85.0,40.0,30.0,85.0,35.0,,3,6.0,3.0,3.0,3.0,5.0,2.0,3.0,5.0,,COMPLETE
830,830,0.7875000078467518,2025-01-06 02:04:04.902901,2025-01-06 02:04:39.862810,0 days 00:00:34.959909,8,5,40.0,10.0,25.0,95.0,40.0,20.0,10.0,,,4,4.0,3.0,2.0,3.0,6.0,3.0,3.0,,,COMPLETE
831,831,0.8539537997991296,2025-01-06 02:04:39.863495,2025-01-06 02:05:40.983387,0 days 00:01:01.119892,8,10,55.0,15.0,25.0,5.0,45.0,90.0,95.0,,,2,4.0,3.0,2.0,3.0,6.0,4.0,5.0,,,COMPLETE
832,832,0.8478478251129044,2025-01-06 02:05:40.984321,2025-01-06 02:06:29.874648,0 days 00:00:48.890327,9,15,15.0,5.0,25.0,90.0,35.0,25.0,15.0,45.0,,2,4.0,3.0,2.0,3.0,4.0,2.0,3.0,4.0,,COMPLETE
833,833,0.8585905264431404,2025-01-06 02:06:29.875472,2025-01-06 02:06:57.326246,0 days 00:00:27.450774,3,15,60.0,100.0,,,,,,,,4,4.0,3.0,,,,,,,,COMPLETE
834,834,0.8557085326800578,2025-01-06 02:06:57.326888,2025-01-06 02:07:51.690193,0 days 00:00:54.363305,8,10,10.0,5.0,35.0,85.0,10.0,55.0,100.0,,,2,4.0,3.0,3.0,3.0,6.0,2.0,5.0,,,COMPLETE
835,835,0.8372286267702265,2025-01-06 02:07:51.690898,2025-01-06 02:08:38.383231,0 days 00:00:46.692333,9,5,10.0,10.0,30.0,95.0,25.0,65.0,55.0,5.0,,6,3.0,3.0,2.0,3.0,6.0,2.0,3.0,6.0,,COMPLETE
836,836,0.856761157962084,2025-01-06 02:08:38.384195,2025-01-06 02:09:40.565091,0 days 00:01:02.180896,8,35,20.0,80.0,35.0,100.0,20.0,30.0,90.0,,,2,4.0,4.0,3.0,3.0,6.0,2.0,5.0,,,COMPLETE
837,837,0.7839238767832104,2025-01-06 02:09:40.565928,2025-01-06 02:10:55.311257,0 days 00:01:14.745329,10,10,5.0,85.0,25.0,90.0,15.0,90.0,80.0,10.0,15.0,2,5.0,3.0,2.0,5.0,6.0,2.0,5.0,5.0,3.0,COMPLETE
838,838,0.8539341001143754,2025-01-06 02:10:55.312162,2025-01-06 02:11:26.895089,0 days 00:00:31.582927,5,15,40.0,5.0,5.0,95.0,,,,,,2,4.0,3.0,4.0,3.0,,,,,,COMPLETE
839,839,0.8566706275832274,2025-01-06 02:11:26.895936,2025-01-06 02:12:22.443861,0 days 00:00:55.547925,8,10,10.0,10.0,30.0,100.0,35.0,10.0,85.0,,,2,3.0,3.0,2.0,5.0,6.0,2.0,5.0,,,COMPLETE
840,840,0.8671489962072196,2025-01-06 02:12:22.444568,2025-01-06 02:13:40.699102,0 days 00:01:18.254534,10,5,15.0,95.0,35.0,100.0,45.0,70.0,65.0,40.0,50.0,3,4.0,4.0,3.0,3.0,6.0,2.0,3.0,6.0,5.0,COMPLETE
841,841,0.8748849060880576,2025-01-06 02:13:40.700119,2025-01-06 02:14:39.931846,0 days 00:00:59.231727,8,10,70.0,15.0,5.0,55.0,40.0,60.0,95.0,,,2,4.0,3.0,2.0,3.0,6.0,3.0,5.0,,,COMPLETE
842,842,0.854000667140433,2025-01-06 02:14:39.932670,2025-01-06 02:15:56.092110,0 days 00:01:16.159440,10,10,25.0,80.0,5.0,10.0,20.0,25.0,75.0,90.0,95.0,2,4.0,3.0,2.0,3.0,6.0,2.0,3.0,5.0,6.0,COMPLETE
843,843,0.8734031343993511,2025-01-06 02:15:56.093124,2025-01-06 02:16:55.690014,0 days 00:00:59.596890,8,15,20.0,5.0,35.0,85.0,15.0,85.0,100.0,,,3,4.0,4.0,3.0,4.0,6.0,2.0,5.0,,,COMPLETE
844,844,0.836640464418418,2025-01-06 02:16:55.690841,2025-01-06 02:17:54.318422,0 days 00:00:58.627581,9,5,40.0,90.0,40.0,90.0,25.0,70.0,75.0,15.0,,4,4.0,3.0,2.0,3.0,6.0,2.0,4.0,4.0,,COMPLETE
845,845,0.8354027298616407,2025-01-06 02:17:54.319306,2025-01-06 02:18:09.756946,0 days 00:00:15.437640,2,10,5.0,,,,,,,,,3,4.0,,,,,,,,,COMPLETE
846,846,0.8604119439068472,2025-01-06 02:18:09.757528,2025-01-06 02:19:18.863328,0 days 00:01:09.105800,8,15,65.0,10.0,5.0,100.0,40.0,65.0,70.0,,,3,4.0,3.0,2.0,5.0,6.0,4.0,5.0,,,COMPLETE
847,847,0.7120819597931973,2025-01-06 02:19:18.864295,2025-01-06 02:19:27.801377,0 days 00:00:08.937082,1,10,,,,,,,,,,3,,,,,,,,,,COMPLETE
848,848,0.866039179171844,2025-01-06 02:19:27.801862,2025-01-06 02:20:41.404156,0 days 00:01:13.602294,10,15,10.0,100.0,35.0,100.0,45.0,100.0,40.0,30.0,30.0,3,4.0,3.0,3.0,3.0,6.0,2.0,5.0,3.0,4.0,COMPLETE
849,849,0.8165152692411081,2025-01-06 02:20:41.405081,2025-01-06 02:21:41.289045,0 days 00:00:59.883964,9,10,50.0,60.0,5.0,95.0,10.0,30.0,60.0,20.0,,3,4.0,3.0,2.0,5.0,6.0,2.0,6.0,6.0,,COMPLETE
850,850,0.885806905251838,2025-01-06 02:21:41.289906,2025-01-06 02:22:27.124292,0 days 00:00:45.834386,8,10,45.0,5.0,30.0,80.0,15.0,75.0,80.0,,,3,2.0,3.0,2.0,3.0,6.0,2.0,3.0,,,COMPLETE
851,851,0.8490049897512224,2025-01-06 02:22:27.125171,2025-01-06 02:23:13.016310,0 days 00:00:45.891139,8,5,15.0,5.0,25.0,80.0,15.0,75.0,80.0,,,3,4.0,3.0,2.0,3.0,6.0,2.0,3.0,,,COMPLETE
852,852,0.801091349869928,2025-01-06 02:23:13.017006,2025-01-06 02:23:52.239208,0 days 00:00:39.222202,8,5,45.0,5.0,30.0,80.0,15.0,75.0,80.0,,,3,4.0,3.0,3.0,3.0,6.0,2.0,3.0,,,COMPLETE
853,853,0.8212473608197219,2025-01-06 02:23:52.239969,2025-01-06 02:24:42.782381,0 days 00:00:50.542412,8,10,75.0,5.0,30.0,80.0,10.0,80.0,85.0,,,3,4.0,3.0,2.0,3.0,6.0,2.0,3.0,,,COMPLETE
854,854,0.8694707147666073,2025-01-06 02:24:42.783167,2025-01-06 02:25:35.957365,0 days 00:00:53.174198,8,5,55.0,5.0,30.0,85.0,15.0,75.0,80.0,,,3,2.0,3.0,6.0,3.0,6.0,2.0,3.0,,,COMPLETE
855,855,0.8546762297402027,2025-01-06 02:25:35.958306,2025-01-06 02:26:28.182731,0 days 00:00:52.224425,8,50,15.0,5.0,30.0,80.0,20.0,70.0,75.0,,,3,5.0,3.0,2.0,3.0,6.0,2.0,3.0,,,COMPLETE
856,856,0.8646766002791042,2025-01-06 02:26:28.183563,2025-01-06 02:27:12.615391,0 days 00:00:44.431828,8,10,10.0,5.0,30.0,85.0,10.0,75.0,70.0,,,3,3.0,3.0,5.0,3.0,6.0,2.0,3.0,,,COMPLETE
857,857,0.8649792445149002,2025-01-06 02:27:12.616197,2025-01-06 02:27:58.027956,0 days 00:00:45.411759,8,10,20.0,5.0,30.0,80.0,20.0,70.0,85.0,,,3,6.0,3.0,3.0,3.0,6.0,2.0,3.0,,,COMPLETE
858,858,0.8443723625339934,2025-01-06 02:27:58.028673,2025-01-06 02:28:42.002461,0 days 00:00:43.973788,8,5,40.0,35.0,25.0,75.0,15.0,80.0,80.0,,,3,4.0,3.0,4.0,3.0,6.0,2.0,3.0,,,COMPLETE
859,859,0.8342220642256191,2025-01-06 02:28:42.003374,2025-01-06 02:29:35.496443,0 days 00:00:53.493069,8,10,10.0,90.0,25.0,80.0,20.0,75.0,95.0,,,3,4.0,3.0,2.0,3.0,6.0,2.0,3.0,,,COMPLETE
860,860,0.8847970698465706,2025-01-06 02:29:35.497173,2025-01-06 02:30:30.862446,0 days 00:00:55.365273,8,10,90.0,95.0,30.0,80.0,15.0,70.0,85.0,,,3,2.0,3.0,3.0,3.0,6.0,2.0,3.0,,,COMPLETE
861,861,0.8543966951632337,2025-01-06 02:30:30.863345,2025-01-06 02:31:26.536848,0 days 00:00:55.673503,8,10,25.0,85.0,35.0,85.0,5.0,65.0,90.0,,,3,4.0,3.0,5.0,3.0,6.0,2.0,3.0,,,COMPLETE
862,862,0.848409964714041,2025-01-06 02:31:26.537654,2025-01-06 02:32:06.295053,0 days 00:00:39.757399,8,5,45.0,5.0,30.0,100.0,20.0,75.0,70.0,,,3,5.0,3.0,2.0,3.0,6.0,2.0,3.0,,,COMPLETE
863,863,0.8424861592959695,2025-01-06 02:32:06.295830,2025-01-06 02:33:02.393996,0 days 00:00:56.098166,8,40,50.0,10.0,25.0,100.0,10.0,70.0,75.0,,,3,4.0,3.0,2.0,3.0,6.0,2.0,5.0,,,COMPLETE
864,864,0.8838841147730194,2025-01-06 02:33:02.394855,2025-01-06 02:33:55.882343,0 days 00:00:53.487488,9,10,5.0,80.0,35.0,90.0,25.0,80.0,90.0,80.0,,3,4.0,3.0,5.0,3.0,6.0,2.0,3.0,5.0,,COMPLETE
865,865,0.8738369326239102,2025-01-06 02:33:55.883183,2025-01-06 02:34:45.591131,0 days 00:00:49.707948,8,10,10.0,5.0,35.0,100.0,15.0,65.0,75.0,,,3,2.0,3.0,2.0,3.0,6.0,2.0,5.0,,,COMPLETE
866,866,0.8205984562874001,2025-01-06 02:34:45.591960,2025-01-06 02:35:35.751051,0 days 00:00:50.159091,8,10,45.0,10.0,30.0,75.0,20.0,70.0,65.0,,,3,4.0,3.0,3.0,3.0,6.0,2.0,3.0,,,COMPLETE
867,867,0.8635420285449598,2025-01-06 02:35:35.751854,2025-01-06 02:36:28.214185,0 days 00:00:52.462331,10,5,35.0,5.0,40.0,75.0,25.0,25.0,80.0,50.0,55.0,3,4.0,3.0,2.0,3.0,6.0,2.0,5.0,6.0,4.0,COMPLETE
868,868,0.8321485651466292,2025-01-06 02:36:28.215215,2025-01-06 02:37:55.445961,0 days 00:01:27.230746,9,10,100.0,95.0,100.0,95.0,40.0,65.0,100.0,5.0,,3,4.0,3.0,3.0,3.0,6.0,2.0,5.0,4.0,,COMPLETE
869,869,0.8066815254932655,2025-01-06 02:37:55.446936,2025-01-06 02:39:02.565128,0 days 00:01:07.118192,8,5,50.0,100.0,30.0,85.0,35.0,70.0,95.0,,,3,2.0,3.0,4.0,5.0,6.0,3.0,3.0,,,COMPLETE
870,870,0.8628138000079273,2025-01-06 02:39:02.566068,2025-01-06 02:40:10.641035,0 days 00:01:08.074967,10,10,15.0,5.0,35.0,100.0,15.0,80.0,85.0,95.0,40.0,4,4.0,3.0,2.0,3.0,6.0,2.0,5.0,5.0,2.0,COMPLETE
871,871,0.859531423843096,2025-01-06 02:40:10.641982,2025-01-06 02:41:09.501583,0 days 00:00:58.859601,8,70,10.0,10.0,5.0,80.0,45.0,20.0,70.0,,,2,4.0,3.0,5.0,5.0,6.0,2.0,3.0,,,COMPLETE
872,872,0.8002155007790257,2025-01-06 02:41:09.502402,2025-01-06 02:42:09.262358,0 days 00:00:59.759956,10,10,45.0,90.0,5.0,95.0,20.0,100.0,95.0,10.0,10.0,3,3.0,3.0,2.0,3.0,6.0,2.0,2.0,6.0,3.0,COMPLETE
873,873,0.8516088826942922,2025-01-06 02:42:09.263361,2025-01-06 02:43:36.901277,0 days 00:01:27.637916,9,10,40.0,5.0,25.0,100.0,95.0,95.0,90.0,60.0,,3,4.0,3.0,5.0,5.0,6.0,2.0,5.0,5.0,,COMPLETE
874,874,0.8577927476688848,2025-01-06 02:43:36.902298,2025-01-06 02:44:26.461105,0 days 00:00:49.558807,8,5,15.0,80.0,5.0,85.0,85.0,65.0,65.0,,,3,4.0,6.0,2.0,2.0,6.0,2.0,5.0,,,COMPLETE
875,875,0.8573793954004716,2025-01-06 02:44:26.461958,2025-01-06 02:45:33.706813,0 days 00:01:07.244855,8,45,95.0,85.0,35.0,80.0,40.0,90.0,95.0,,,3,2.0,3.0,2.0,3.0,6.0,2.0,4.0,,,COMPLETE
876,876,0.8842608012014115,2025-01-06 02:45:33.707649,2025-01-06 02:46:44.465558,0 days 00:01:10.757909,10,10,20.0,100.0,40.0,75.0,70.0,75.0,85.0,25.0,35.0,3,4.0,3.0,5.0,3.0,6.0,2.0,3.0,3.0,5.0,COMPLETE
877,877,0.871255393286223,2025-01-06 02:46:44.466585,2025-01-06 02:47:53.652428,0 days 00:01:09.185843,9,10,15.0,5.0,30.0,95.0,10.0,25.0,75.0,15.0,,3,4.0,3.0,3.0,4.0,6.0,5.0,5.0,6.0,,COMPLETE
878,878,0.8051098116543143,2025-01-06 02:47:53.653461,2025-01-06 02:48:38.802367,0 days 00:00:45.148906,8,5,10.0,95.0,35.0,100.0,20.0,85.0,100.0,,,3,4.0,3.0,2.0,2.0,6.0,3.0,5.0,,,COMPLETE
879,879,0.8701127568721644,2025-01-06 02:48:38.803200,2025-01-06 02:49:37.381866,0 days 00:00:58.578666,10,15,40.0,80.0,5.0,100.0,25.0,70.0,80.0,30.0,20.0,4,6.0,3.0,3.0,3.0,6.0,2.0,3.0,5.0,4.0,COMPLETE
880,880,0.8618104266944989,2025-01-06 02:49:37.382807,2025-01-06 02:50:22.513755,0 days 00:00:45.130948,8,10,45.0,10.0,5.0,40.0,15.0,60.0,85.0,,,3,2.0,3.0,2.0,2.0,6.0,4.0,2.0,,,COMPLETE
881,881,0.8334464133312857,2025-01-06 02:50:22.514611,2025-01-06 02:51:24.591987,0 days 00:01:02.077376,10,5,50.0,5.0,10.0,15.0,5.0,30.0,90.0,10.0,25.0,3,4.0,3.0,5.0,3.0,6.0,2.0,4.0,4.0,3.0,COMPLETE
882,882,0.8633009715689973,2025-01-06 02:51:24.592885,2025-01-06 02:52:23.022952,0 days 00:00:58.430067,8,15,20.0,85.0,30.0,85.0,35.0,100.0,65.0,,,2,4.0,3.0,3.0,2.0,6.0,2.0,5.0,,,COMPLETE
883,883,0.8843633305660726,2025-01-06 02:52:23.023918,2025-01-06 02:53:17.675870,0 days 00:00:54.651952,8,10,55.0,10.0,35.0,90.0,45.0,95.0,60.0,,,3,4.0,3.0,2.0,3.0,6.0,2.0,3.0,,,COMPLETE
884,884,0.8858835835650576,2025-01-06 02:53:17.676723,2025-01-06 02:54:34.998270,0 days 00:01:17.321547,10,10,35.0,5.0,5.0,95.0,30.0,90.0,75.0,35.0,60.0,3,2.0,3.0,5.0,3.0,6.0,2.0,5.0,6.0,6.0,COMPLETE
885,885,0.8926848559795169,2025-01-06 02:54:34.999345,2025-01-06 02:55:42.263949,0 days 00:01:07.264604,10,10,35.0,5.0,5.0,95.0,30.0,85.0,75.0,35.0,60.0,3,4.0,3.0,5.0,3.0,6.0,2.0,5.0,6.0,6.0,COMPLETE
886,886,0.8407232363322019,2025-01-06 02:55:42.264935,2025-01-06 02:56:39.559841,0 days 00:00:57.294906,10,5,35.0,5.0,5.0,90.0,30.0,85.0,75.0,45.0,70.0,3,4.0,3.0,5.0,3.0,6.0,2.0,5.0,6.0,6.0,COMPLETE
887,887,0.8590411231515315,2025-01-06 02:56:39.560965,2025-01-06 02:57:48.809808,0 days 00:01:09.248843,10,10,35.0,5.0,5.0,95.0,30.0,85.0,80.0,40.0,60.0,3,5.0,3.0,5.0,3.0,6.0,2.0,5.0,6.0,6.0,COMPLETE
888,888,0.8748100851821882,2025-01-06 02:57:48.810912,2025-01-06 02:59:10.862185,0 days 00:01:22.051273,10,15,35.0,5.0,5.0,90.0,30.0,90.0,75.0,50.0,65.0,3,2.0,3.0,5.0,3.0,6.0,2.0,5.0,6.0,6.0,COMPLETE
889,889,0.8590170807341174,2025-01-06 02:59:10.863201,2025-01-06 03:00:38.562485,0 days 00:01:27.699284,10,85,35.0,10.0,5.0,95.0,30.0,85.0,80.0,35.0,55.0,3,4.0,3.0,5.0,3.0,6.0,2.0,5.0,6.0,6.0,COMPLETE
890,890,0.8614526015557438,2025-01-06 03:00:38.563629,2025-01-06 03:01:59.568840,0 days 00:01:21.005211,10,15,35.0,5.0,5.0,95.0,30.0,85.0,75.0,45.0,80.0,3,4.0,3.0,5.0,3.0,6.0,2.0,5.0,6.0,6.0,COMPLETE
891,891,0.835662729543108,2025-01-06 03:01:59.569967,2025-01-06 03:03:02.364218,0 days 00:01:02.794251,10,5,30.0,10.0,5.0,90.0,30.0,80.0,80.0,45.0,75.0,3,4.0,3.0,5.0,3.0,6.0,2.0,5.0,6.0,6.0,COMPLETE
892,892,0.8485428958544796,2025-01-06 03:03:02.365173,2025-01-06 03:04:20.587460,0 days 00:01:18.222287,10,10,40.0,5.0,5.0,95.0,35.0,90.0,75.0,35.0,60.0,3,2.0,3.0,5.0,3.0,6.0,2.0,5.0,6.0,6.0,COMPLETE
893,893,0.8557336942773388,2025-01-06 03:04:20.588558,2025-01-06 03:05:37.019721,0 days 00:01:16.431163,10,10,35.0,5.0,5.0,95.0,30.0,85.0,70.0,40.0,45.0,3,4.0,3.0,5.0,3.0,6.0,2.0,5.0,6.0,6.0,COMPLETE
894,894,0.8598930767479747,2025-01-06 03:05:37.020868,2025-01-06 03:06:57.705630,0 days 00:01:20.684762,10,15,35.0,10.0,10.0,90.0,25.0,90.0,80.0,25.0,70.0,3,4.0,3.0,5.0,3.0,6.0,2.0,5.0,6.0,6.0,COMPLETE
895,895,0.8771510761802024,2025-01-06 03:06:57.706727,2025-01-06 03:07:55.699723,0 days 00:00:57.992996,10,10,35.0,5.0,10.0,90.0,35.0,90.0,75.0,60.0,50.0,3,6.0,3.0,5.0,3.0,6.0,2.0,5.0,6.0,5.0,COMPLETE
896,896,0.8698032509723652,2025-01-06 03:07:55.700766,2025-01-06 03:08:54.714573,0 days 00:00:59.013807,9,5,35.0,5.0,5.0,95.0,30.0,80.0,80.0,30.0,,3,4.0,3.0,5.0,3.0,6.0,2.0,5.0,6.0,,COMPLETE
897,897,0.8609778310897863,2025-01-06 03:08:54.715491,2025-01-06 03:10:00.180640,0 days 00:01:05.465149,9,10,30.0,10.0,5.0,5.0,35.0,85.0,70.0,40.0,,3,3.0,3.0,5.0,3.0,6.0,2.0,5.0,6.0,,COMPLETE
898,898,0.877390620906471,2025-01-06 03:10:00.181704,2025-01-06 03:11:13.678588,0 days 00:01:13.496884,10,15,35.0,75.0,5.0,90.0,25.0,90.0,75.0,50.0,65.0,3,4.0,3.0,5.0,3.0,6.0,2.0,5.0,6.0,5.0,COMPLETE
899,899,0.8697733033147841,2025-01-06 03:11:13.679708,2025-01-06 03:12:25.393736,0 days 00:01:11.714028,10,10,30.0,5.0,10.0,95.0,30.0,85.0,80.0,35.0,65.0,3,2.0,3.0,5.0,3.0,6.0,2.0,3.0,6.0,6.0,COMPLETE
900,900,0.8719533390135317,2025-01-06 03:12:25.394795,2025-01-06 03:13:51.569510,0 days 00:01:26.174715,10,15,40.0,10.0,5.0,95.0,25.0,90.0,75.0,55.0,55.0,3,4.0,3.0,5.0,5.0,6.0,2.0,5.0,6.0,6.0,COMPLETE
901,901,0.8168797111002837,2025-01-06 03:13:51.570642,2025-01-06 03:14:51.446754,0 days 00:00:59.876112,9,10,30.0,5.0,10.0,95.0,30.0,90.0,80.0,20.0,,3,4.0,3.0,5.0,3.0,4.0,2.0,3.0,6.0,,COMPLETE
902,902,0.875169390059172,2025-01-06 03:14:51.447647,2025-01-06 03:15:56.899757,0 days 00:01:05.452110,10,5,30.0,5.0,5.0,90.0,35.0,90.0,85.0,25.0,50.0,3,5.0,3.0,5.0,3.0,6.0,2.0,5.0,6.0,5.0,COMPLETE
903,903,0.8765778050214544,2025-01-06 03:15:56.900900,2025-01-06 03:17:09.653442,0 days 00:01:12.752542,9,10,35.0,10.0,10.0,95.0,25.0,95.0,70.0,65.0,,3,4.0,4.0,5.0,5.0,6.0,3.0,5.0,6.0,,COMPLETE
904,904,0.8879590086438953,2025-01-06 03:17:09.654513,2025-01-06 03:18:14.904483,0 days 00:01:05.249970,10,15,40.0,5.0,5.0,95.0,30.0,85.0,90.0,20.0,85.0,6,2.0,3.0,5.0,3.0,6.0,2.0,3.0,6.0,6.0,COMPLETE
905,905,0.8744758903694065,2025-01-06 03:18:14.905521,2025-01-06 03:19:12.173858,0 days 00:00:57.268337,10,20,40.0,5.0,5.0,95.0,30.0,80.0,85.0,25.0,100.0,6,2.0,3.0,5.0,3.0,6.0,2.0,5.0,6.0,6.0,COMPLETE
906,906,0.8438735361438648,2025-01-06 03:19:12.174835,2025-01-06 03:20:16.192967,0 days 00:01:04.018132,10,20,40.0,5.0,10.0,95.0,30.0,85.0,85.0,20.0,85.0,6,2.0,3.0,5.0,4.0,6.0,2.0,3.0,6.0,6.0,COMPLETE
907,907,0.873977191445519,2025-01-06 03:20:16.194104,2025-01-06 03:21:17.034684,0 days 00:01:00.840580,10,15,40.0,5.0,5.0,90.0,30.0,80.0,90.0,30.0,90.0,4,2.0,3.0,5.0,5.0,6.0,2.0,5.0,6.0,6.0,COMPLETE
908,908,0.8355795027580142,2025-01-06 03:21:17.035726,2025-01-06 03:22:14.325299,0 days 00:00:57.289573,10,15,40.0,5.0,5.0,95.0,35.0,85.0,90.0,20.0,85.0,6,2.0,3.0,5.0,3.0,6.0,2.0,4.0,6.0,6.0,COMPLETE
909,909,0.8455768756412532,2025-01-06 03:22:14.326285,2025-01-06 03:23:22.797670,0 days 00:01:08.471385,10,25,40.0,10.0,10.0,95.0,30.0,85.0,85.0,15.0,95.0,6,2.0,3.0,5.0,3.0,6.0,2.0,5.0,6.0,6.0,COMPLETE
910,910,0.8521625263069941,2025-01-06 03:23:22.798813,2025-01-06 03:24:06.015948,0 days 00:00:43.217135,10,15,35.0,5.0,10.0,90.0,35.0,80.0,80.0,30.0,90.0,6,2.0,3.0,5.0,3.0,6.0,2.0,3.0,6.0,5.0,COMPLETE
911,911,0.862167207015382,2025-01-06 03:24:06.016941,2025-01-06 03:25:18.838320,0 days 00:01:12.821379,10,15,40.0,10.0,5.0,95.0,25.0,85.0,70.0,25.0,45.0,6,2.0,3.0,5.0,5.0,6.0,2.0,5.0,6.0,6.0,COMPLETE
912,912,0.8698860411676336,2025-01-06 03:25:18.839338,2025-01-06 03:26:10.549720,0 days 00:00:51.710382,10,15,35.0,5.0,10.0,95.0,30.0,90.0,90.0,15.0,80.0,6,2.0,3.0,5.0,3.0,6.0,4.0,3.0,6.0,6.0,COMPLETE
913,913,0.8446322605634153,2025-01-06 03:26:10.550845,2025-01-06 03:27:10.185213,0 days 00:00:59.634368,10,20,40.0,5.0,5.0,90.0,35.0,80.0,75.0,20.0,95.0,6,2.0,3.0,5.0,4.0,6.0,2.0,5.0,6.0,5.0,COMPLETE
914,914,0.8501493218680196,2025-01-06 03:27:10.186311,2025-01-06 03:28:07.971285,0 days 00:00:57.784974,10,15,35.0,10.0,5.0,95.0,25.0,90.0,85.0,10.0,60.0,6,2.0,3.0,5.0,3.0,6.0,2.0,6.0,6.0,6.0,COMPLETE
915,915,0.8485896398594273,2025-01-06 03:28:07.972273,2025-01-06 03:28:54.895457,0 days 00:00:46.923184,10,15,40.0,5.0,5.0,90.0,30.0,85.0,80.0,20.0,75.0,6,2.0,3.0,5.0,3.0,6.0,2.0,3.0,6.0,5.0,COMPLETE
916,916,0.8789965845420551,2025-01-06 03:28:54.896545,2025-01-06 03:30:03.470105,0 days 00:01:08.573560,10,15,40.0,10.0,10.0,100.0,35.0,80.0,75.0,5.0,55.0,6,2.0,3.0,5.0,5.0,6.0,3.0,4.0,6.0,6.0,COMPLETE
917,917,0.8495227452645426,2025-01-06 03:30:03.471267,2025-01-06 03:31:04.181363,0 days 00:01:00.710096,10,10,35.0,5.0,5.0,100.0,25.0,90.0,90.0,35.0,45.0,4,2.0,3.0,5.0,3.0,6.0,2.0,5.0,6.0,5.0,COMPLETE
918,918,0.873230298660349,2025-01-06 03:31:04.182262,2025-01-06 03:32:02.926074,0 days 00:00:58.743812,10,10,40.0,5.0,5.0,95.0,30.0,85.0,65.0,30.0,40.0,4,2.0,3.0,5.0,3.0,6.0,2.0,3.0,6.0,6.0,COMPLETE
919,919,0.8473371506057092,2025-01-06 03:32:02.927178,2025-01-06 03:33:04.364126,0 days 00:01:01.436948,10,15,35.0,10.0,10.0,35.0,25.0,95.0,85.0,40.0,50.0,6,2.0,3.0,5.0,3.0,6.0,6.0,5.0,3.0,6.0,COMPLETE
920,920,0.8752897635417398,2025-01-06 03:33:04.365161,2025-01-06 03:34:01.745091,0 days 00:00:57.379930,10,10,40.0,5.0,10.0,100.0,30.0,90.0,70.0,15.0,70.0,4,2.0,6.0,5.0,5.0,6.0,2.0,5.0,6.0,5.0,COMPLETE
921,921,0.8642112829917419,2025-01-06 03:34:01.746077,2025-01-06 03:34:50.213420,0 days 00:00:48.467343,7,20,30.0,80.0,25.0,45.0,35.0,90.0,,,,4,2.0,3.0,5.0,3.0,6.0,3.0,,,,COMPLETE
922,922,0.8829039489204655,2025-01-06 03:34:50.214458,2025-01-06 03:36:06.196781,0 days 00:01:15.982323,10,15,40.0,5.0,5.0,95.0,35.0,95.0,80.0,10.0,55.0,3,2.0,3.0,5.0,4.0,6.0,2.0,4.0,5.0,6.0,COMPLETE
923,923,0.8435431422447546,2025-01-06 03:36:06.197893,2025-01-06 03:36:46.055058,0 days 00:00:39.857165,7,5,40.0,75.0,25.0,100.0,25.0,75.0,,,,6,2.0,3.0,5.0,3.0,6.0,2.0,,,,COMPLETE
924,924,0.81645310448613,2025-01-06 03:36:46.055850,2025-01-06 03:37:48.410209,0 days 00:01:02.354359,10,10,80.0,10.0,5.0,95.0,30.0,90.0,90.0,35.0,60.0,3,2.0,3.0,5.0,3.0,6.0,2.0,3.0,6.0,3.0,COMPLETE
925,925,0.8718932757223872,2025-01-06 03:37:48.411332,2025-01-06 03:38:35.041361,0 days 00:00:46.630029,7,10,35.0,5.0,10.0,90.0,25.0,95.0,,,,3,3.0,3.0,5.0,3.0,6.0,2.0,,,,COMPLETE
926,926,0.8617162072983778,2025-01-06 03:38:35.042113,2025-01-06 03:39:27.820031,0 days 00:00:52.777918,9,15,30.0,5.0,5.0,100.0,30.0,85.0,95.0,25.0,,6,2.0,3.0,5.0,4.0,6.0,4.0,5.0,6.0,,COMPLETE
927,927,0.8383241279592091,2025-01-06 03:39:27.821134,2025-01-06 03:40:17.473781,0 days 00:00:49.652647,7,10,40.0,80.0,5.0,10.0,40.0,85.0,,,,4,2.0,3.0,5.0,5.0,6.0,2.0,,,,COMPLETE
928,928,0.8495729487484289,2025-01-06 03:40:17.474732,2025-01-06 03:41:23.769265,0 days 00:01:06.294533,10,5,45.0,10.0,10.0,95.0,35.0,80.0,75.0,20.0,65.0,3,5.0,3.0,5.0,3.0,5.0,2.0,5.0,5.0,5.0,COMPLETE
929,929,0.8595761963865614,2025-01-06 03:41:23.770248,2025-01-06 03:42:39.319199,0 days 00:01:15.548951,10,10,35.0,75.0,10.0,100.0,25.0,95.0,80.0,65.0,75.0,3,2.0,3.0,5.0,5.0,6.0,2.0,5.0,6.0,6.0,COMPLETE
930,930,0.8653523798997937,2025-01-06 03:42:39.320340,2025-01-06 03:43:16.610590,0 days 00:00:37.290250,7,10,45.0,5.0,5.0,90.0,40.0,75.0,,,,3,6.0,3.0,5.0,3.0,6.0,2.0,,,,COMPLETE
931,931,0.8529321425805951,2025-01-06 03:43:16.611625,2025-01-06 03:44:01.527160,0 days 00:00:44.915535,7,15,35.0,10.0,10.0,95.0,35.0,85.0,,,,3,2.0,3.0,5.0,3.0,6.0,2.0,,,,COMPLETE
932,932,0.8417165590170026,2025-01-06 03:44:01.527897,2025-01-06 03:45:08.470821,0 days 00:01:06.942924,9,5,40.0,85.0,5.0,100.0,20.0,95.0,85.0,5.0,,2,4.0,3.0,5.0,3.0,6.0,3.0,3.0,6.0,,COMPLETE
933,933,0.8711521308904646,2025-01-06 03:45:08.471905,2025-01-06 03:46:20.815720,0 days 00:01:12.343815,10,15,45.0,5.0,20.0,100.0,30.0,90.0,70.0,45.0,40.0,3,3.0,3.0,5.0,5.0,6.0,2.0,5.0,5.0,2.0,COMPLETE
934,934,0.8366216730311036,2025-01-06 03:46:20.816841,2025-01-06 03:47:01.271033,0 days 00:00:40.454192,7,10,30.0,5.0,25.0,95.0,25.0,80.0,,,,3,5.0,3.0,5.0,3.0,6.0,2.0,,,,COMPLETE
935,935,0.821220932185287,2025-01-06 03:47:01.271807,2025-01-06 03:47:58.992414,0 days 00:00:57.720607,10,5,45.0,10.0,5.0,90.0,20.0,95.0,90.0,50.0,35.0,4,2.0,3.0,5.0,4.0,6.0,2.0,2.0,3.0,3.0,COMPLETE
936,936,0.8793482449806405,2025-01-06 03:47:58.993495,2025-01-06 03:48:49.163082,0 days 00:00:50.169587,7,10,40.0,80.0,5.0,85.0,35.0,90.0,,,,3,4.0,3.0,5.0,3.0,6.0,2.0,,,,COMPLETE
937,937,0.847684233578325,2025-01-06 03:48:49.163847,2025-01-06 03:49:56.517780,0 days 00:01:07.353933,9,15,45.0,5.0,10.0,95.0,40.0,85.0,75.0,15.0,,3,4.0,3.0,5.0,3.0,6.0,5.0,3.0,6.0,,COMPLETE
