,number,value,datetime_start,datetime_complete,duration,params_depth,params_neurons_layer_0,params_neurons_layer_1,params_neurons_layer_2,params_neurons_layer_3,params_neurons_layer_4,params_neurons_layer_5,params_neurons_layer_6,params_neurons_layer_7,params_neurons_layer_8,params_neurons_layer_9,params_orders_layer_0,params_orders_layer_1,params_orders_layer_2,params_orders_layer_3,params_orders_layer_4,params_orders_layer_5,params_orders_layer_6,params_orders_layer_7,params_orders_layer_8,params_orders_layer_9,state
0,0,0.8051639361602461,2025-01-03 08:33:34.415960,2025-01-03 08:34:23.404056,0 days 00:00:48.988096,6,70,5.0,35.0,15.0,75.0,70.0,,,,,3,6.0,6.0,4.0,6.0,4.0,,,,,COMPLETE
1,1,0.8035589291656626,2025-01-03 08:34:23.404660,2025-01-03 08:34:55.523582,0 days 00:00:32.118922,5,60,25.0,100.0,75.0,60.0,,,,,,2,6.0,5.0,5.0,2.0,,,,,,COMPLETE
2,2,0.7879121686127635,2025-01-03 08:34:55.524152,2025-01-03 08:35:20.716877,0 days 00:00:25.192725,4,65,60.0,75.0,15.0,,,,,,,5,2.0,2.0,6.0,,,,,,,COMPLETE
3,3,0.806094965578064,2025-01-03 08:35:20.717488,2025-01-03 08:35:56.608266,0 days 00:00:35.890778,7,70,80.0,55.0,100.0,100.0,80.0,10.0,,,,6,2.0,3.0,5.0,6.0,4.0,4.0,,,,COMPLETE
4,4,0.7851597607462732,2025-01-03 08:35:56.608875,2025-01-03 08:36:52.155693,0 days 00:00:55.546818,10,55,50.0,75.0,45.0,60.0,10.0,35.0,60.0,40.0,50.0,3,4.0,2.0,4.0,5.0,4.0,2.0,2.0,2.0,3.0,COMPLETE
5,5,0.786625350697207,2025-01-03 08:36:52.156502,2025-01-03 08:37:21.756990,0 days 00:00:29.600488,5,30,35.0,65.0,10.0,40.0,,,,,,5,6.0,2.0,4.0,3.0,,,,,,COMPLETE
6,6,0.7940537917294577,2025-01-03 08:37:21.757550,2025-01-03 08:38:12.887370,0 days 00:00:51.129820,7,40,20.0,50.0,75.0,60.0,25.0,30.0,,,,3,3.0,5.0,5.0,5.0,5.0,4.0,,,,COMPLETE
7,7,0.7690338752394774,2025-01-03 08:38:12.888108,2025-01-03 08:39:18.215018,0 days 00:01:05.326910,9,35,25.0,45.0,85.0,100.0,50.0,10.0,5.0,70.0,,4,5.0,5.0,5.0,4.0,4.0,6.0,3.0,2.0,,COMPLETE
8,8,0.7930340564948228,2025-01-03 08:39:18.215783,2025-01-03 08:40:01.363494,0 days 00:00:43.147711,10,95,100.0,10.0,30.0,40.0,75.0,5.0,5.0,85.0,25.0,2,2.0,6.0,2.0,5.0,5.0,2.0,4.0,3.0,4.0,COMPLETE
9,9,0.8035227470176931,2025-01-03 08:40:01.364235,2025-01-03 08:40:24.497711,0 days 00:00:23.133476,3,85,30.0,40.0,,,,,,,,4,6.0,5.0,,,,,,,,COMPLETE
10,10,0.6999864889209151,2025-01-03 08:40:24.498235,2025-01-03 08:40:33.497596,0 days 00:00:08.999361,1,10,,,,,,,,,,6,,,,,,,,,,COMPLETE
11,11,0.8238866642397766,2025-01-03 08:40:33.498020,2025-01-03 08:41:02.389784,0 days 00:00:28.891764,7,75,85.0,20.0,100.0,100.0,100.0,80.0,,,,6,4.0,3.0,3.0,6.0,2.0,4.0,,,,COMPLETE
12,12,0.7963924963924964,2025-01-03 08:41:02.390497,2025-01-03 08:41:45.916811,0 days 00:00:43.526314,8,80,90.0,15.0,95.0,100.0,100.0,90.0,100.0,,,6,4.0,3.0,2.0,6.0,2.0,4.0,6.0,,,COMPLETE
13,13,0.8048265675411548,2025-01-03 08:41:45.917478,2025-01-03 08:42:21.749957,0 days 00:00:35.832479,7,100,75.0,20.0,95.0,80.0,95.0,80.0,,,,6,3.0,3.0,3.0,6.0,2.0,5.0,,,,COMPLETE
14,14,0.8095470962814714,2025-01-03 08:42:21.750635,2025-01-03 08:43:01.195769,0 days 00:00:39.445134,8,80,80.0,30.0,60.0,5.0,80.0,65.0,55.0,,,5,3.0,3.0,3.0,4.0,3.0,3.0,6.0,,,COMPLETE
15,15,0.7958090855776605,2025-01-03 08:43:01.196467,2025-01-03 08:43:44.402905,0 days 00:00:43.206438,8,85,65.0,25.0,60.0,5.0,55.0,65.0,50.0,,,5,4.0,4.0,3.0,4.0,3.0,3.0,6.0,,,COMPLETE
16,16,0.8037297153008534,2025-01-03 08:43:44.403612,2025-01-03 08:44:43.914163,0 days 00:00:59.510551,9,45,100.0,5.0,55.0,5.0,100.0,65.0,55.0,5.0,,5,3.0,4.0,3.0,4.0,2.0,3.0,5.0,6.0,,COMPLETE
17,17,0.8062855928290298,2025-01-03 08:44:43.914884,2025-01-03 08:45:08.121320,0 days 00:00:24.206436,6,75,80.0,30.0,40.0,20.0,85.0,,,,,5,5.0,3.0,3.0,3.0,3.0,,,,,COMPLETE
18,18,0.7895290474823018,2025-01-03 08:45:08.121974,2025-01-03 08:45:22.943633,0 days 00:00:14.821659,3,90,50.0,25.0,,,,,,,,6,3.0,4.0,,,,,,,,COMPLETE
19,19,0.790702938390884,2025-01-03 08:45:22.944102,2025-01-03 08:46:02.747165,0 days 00:00:39.803063,8,50,90.0,5.0,70.0,25.0,60.0,100.0,85.0,,,4,5.0,3.0,2.0,3.0,3.0,3.0,5.0,,,COMPLETE
20,20,0.7999238258468424,2025-01-03 08:46:02.747821,2025-01-03 08:47:20.797328,0 days 00:01:18.049507,9,20,70.0,35.0,65.0,80.0,40.0,70.0,30.0,100.0,,5,3.0,4.0,3.0,5.0,6.0,5.0,4.0,6.0,,COMPLETE
21,21,0.8120847024461482,2025-01-03 08:47:20.798178,2025-01-03 08:47:44.290551,0 days 00:00:23.492373,6,75,85.0,30.0,40.0,20.0,85.0,,,,,5,5.0,3.0,3.0,3.0,3.0,,,,,COMPLETE
22,22,0.8093146138561977,2025-01-03 08:47:44.291115,2025-01-03 08:48:10.810022,0 days 00:00:26.518907,6,75,85.0,20.0,30.0,20.0,90.0,,,,,5,4.0,3.0,3.0,2.0,3.0,,,,,COMPLETE
23,23,0.8004912145271645,2025-01-03 08:48:10.810654,2025-01-03 08:48:41.858618,0 days 00:00:31.047964,7,60,95.0,55.0,45.0,35.0,70.0,50.0,,,,6,5.0,2.0,2.0,3.0,2.0,5.0,,,,COMPLETE
24,24,0.7992190403703117,2025-01-03 08:48:41.859298,2025-01-03 08:49:04.495186,0 days 00:00:22.635888,4,100,70.0,30.0,30.0,,,,,,,4,5.0,3.0,4.0,,,,,,,COMPLETE
25,25,0.7957696463018638,2025-01-03 08:49:04.495701,2025-01-03 08:49:43.883070,0 days 00:00:39.387369,8,80,60.0,15.0,80.0,10.0,85.0,50.0,75.0,,,5,4.0,4.0,3.0,4.0,3.0,3.0,6.0,,,COMPLETE
26,26,0.7955688208940997,2025-01-03 08:49:43.883790,2025-01-03 08:50:04.044134,0 days 00:00:20.160344,5,90,85.0,40.0,50.0,15.0,,,,,,6,3.0,2.0,2.0,4.0,,,,,,COMPLETE
27,27,0.8331317061753498,2025-01-03 08:50:04.044740,2025-01-03 08:50:29.084049,0 days 00:00:25.039309,6,65,75.0,25.0,35.0,30.0,90.0,,,,,5,4.0,3.0,3.0,3.0,2.0,,,,,COMPLETE
28,28,0.7851726568005638,2025-01-03 08:50:29.084580,2025-01-03 08:50:48.678553,0 days 00:00:19.593973,4,65,40.0,15.0,35.0,,,,,,,6,4.0,4.0,4.0,,,,,,,COMPLETE
29,29,0.7928698574455032,2025-01-03 08:50:48.679059,2025-01-03 08:51:17.387859,0 days 00:00:28.708800,6,70,70.0,45.0,20.0,30.0,100.0,,,,,3,5.0,3.0,3.0,2.0,2.0,,,,,COMPLETE
30,30,0.7825375549437279,2025-01-03 08:51:17.388486,2025-01-03 08:51:48.616602,0 days 00:00:31.228116,5,55,90.0,35.0,25.0,50.0,,,,,,4,5.0,2.0,4.0,3.0,,,,,,COMPLETE
31,31,0.8128031803112032,2025-01-03 08:51:48.617205,2025-01-03 08:52:11.445346,0 days 00:00:22.828141,7,75,80.0,25.0,55.0,15.0,90.0,80.0,,,,5,4.0,3.0,3.0,3.0,3.0,2.0,,,,COMPLETE
32,32,0.78619804400978,2025-01-03 08:52:11.445905,2025-01-03 08:52:38.606974,0 days 00:00:27.161069,6,65,75.0,25.0,5.0,30.0,90.0,,,,,5,4.0,3.0,3.0,3.0,2.0,,,,,COMPLETE
33,33,0.8090593796115269,2025-01-03 08:52:38.607600,2025-01-03 08:53:02.657294,0 days 00:00:24.049694,7,75,10.0,20.0,40.0,15.0,90.0,85.0,,,,5,4.0,3.0,2.0,2.0,2.0,2.0,,,,COMPLETE
34,34,0.7954863910104308,2025-01-03 08:53:02.657908,2025-01-03 08:53:28.275938,0 days 00:00:25.618030,6,60,55.0,100.0,50.0,25.0,65.0,,,,,6,4.0,2.0,4.0,3.0,3.0,,,,,COMPLETE
35,35,0.795320197044335,2025-01-03 08:53:28.276533,2025-01-03 08:53:53.427910,0 days 00:00:25.151377,5,70,85.0,90.0,85.0,45.0,,,,,,4,6.0,3.0,3.0,3.0,,,,,,COMPLETE
36,36,0.7784245769708521,2025-01-03 08:53:53.428444,2025-01-03 08:54:27.044044,0 days 00:00:33.615600,7,50,95.0,10.0,20.0,90.0,80.0,100.0,,,,5,4.0,2.0,6.0,2.0,2.0,6.0,,,,COMPLETE
37,37,0.8232082351613003,2025-01-03 08:54:27.044762,2025-01-03 08:54:50.519883,0 days 00:00:23.475121,6,60,75.0,65.0,40.0,15.0,95.0,,,,,6,5.0,4.0,3.0,3.0,3.0,,,,,COMPLETE
38,38,0.7930789474486699,2025-01-03 08:54:50.520471,2025-01-03 08:55:19.783899,0 days 00:00:29.263428,7,60,65.0,70.0,35.0,15.0,95.0,75.0,,,,6,5.0,4.0,4.0,2.0,2.0,2.0,,,,COMPLETE
39,39,0.8167408251847335,2025-01-03 08:55:19.784484,2025-01-03 08:55:43.354133,0 days 00:00:23.569649,5,65,75.0,60.0,55.0,70.0,,,,,,6,4.0,5.0,2.0,3.0,,,,,,COMPLETE
40,40,0.7700371733871822,2025-01-03 08:55:43.354753,2025-01-03 08:56:06.491272,0 days 00:00:23.136519,4,55,60.0,60.0,15.0,,,,,,,6,6.0,5.0,2.0,,,,,,,COMPLETE
41,41,0.8107824197053852,2025-01-03 08:56:06.491834,2025-01-03 08:56:30.515886,0 days 00:00:24.024052,5,65,80.0,80.0,55.0,70.0,,,,,,6,4.0,6.0,2.0,3.0,,,,,,COMPLETE
42,42,0.7920952154770822,2025-01-03 08:56:30.516444,2025-01-03 08:56:49.717164,0 days 00:00:19.200720,3,45,75.0,60.0,,,,,,,,6,4.0,5.0,,,,,,,,COMPLETE
43,43,0.8128797083839612,2025-01-03 08:56:49.717642,2025-01-03 08:57:14.239344,0 days 00:00:24.521702,5,70,45.0,70.0,45.0,70.0,,,,,,6,4.0,6.0,3.0,3.0,,,,,,COMPLETE
44,44,0.7769301288518503,2025-01-03 08:57:14.239968,2025-01-03 08:57:40.936771,0 days 00:00:26.696803,5,70,40.0,80.0,35.0,65.0,,,,,,6,4.0,6.0,2.0,3.0,,,,,,COMPLETE
45,45,0.7825470768017352,2025-01-03 08:57:40.937378,2025-01-03 08:58:03.404382,0 days 00:00:22.467004,4,65,45.0,70.0,45.0,,,,,,,6,5.0,6.0,4.0,,,,,,,COMPLETE
46,46,0.7984749455337691,2025-01-03 08:58:03.404927,2025-01-03 08:58:11.567483,0 days 00:00:08.162556,1,60,,,,,,,,,,6,,,,,,,,,,COMPLETE
47,47,0.8157972526517128,2025-01-03 08:58:11.567889,2025-01-03 08:58:33.379934,0 days 00:00:21.812045,6,85,55.0,65.0,25.0,90.0,40.0,,,,,6,2.0,5.0,2.0,2.0,2.0,,,,,COMPLETE
48,48,0.8102489651270139,2025-01-03 08:58:33.380494,2025-01-03 08:59:00.293708,0 days 00:00:26.913214,6,85,65.0,50.0,100.0,90.0,35.0,,,,,3,2.0,5.0,2.0,2.0,2.0,,,,,COMPLETE
49,49,0.7883745430746882,2025-01-03 08:59:00.294437,2025-01-03 08:59:30.573930,0 days 00:00:30.279493,6,90,60.0,60.0,25.0,90.0,35.0,,,,,2,2.0,5.0,2.0,2.0,2.0,,,,,COMPLETE
50,50,0.8006827530829308,2025-01-03 08:59:30.574463,2025-01-03 09:00:12.216717,0 days 00:00:41.642254,8,35,55.0,65.0,15.0,95.0,15.0,35.0,30.0,,,6,2.0,5.0,2.0,4.0,2.0,4.0,2.0,,,COMPLETE
51,51,0.7943668978171766,2025-01-03 09:00:12.217414,2025-01-03 09:00:37.274290,0 days 00:00:25.056876,5,80,45.0,70.0,25.0,80.0,,,,,,6,3.0,6.0,3.0,3.0,,,,,,COMPLETE
52,52,0.818715209869114,2025-01-03 09:00:37.274885,2025-01-03 09:00:59.197392,0 days 00:00:21.922507,5,70,30.0,75.0,45.0,55.0,,,,,,6,3.0,6.0,3.0,2.0,,,,,,COMPLETE
53,53,0.7960675649570172,2025-01-03 09:00:59.197938,2025-01-03 09:01:29.258838,0 days 00:00:30.060900,6,65,15.0,75.0,40.0,55.0,50.0,,,,,6,2.0,4.0,2.0,6.0,4.0,,,,,COMPLETE
54,54,0.801418245537181,2025-01-03 09:01:29.259422,2025-01-03 09:01:49.917982,0 days 00:00:20.658560,4,50,30.0,85.0,65.0,,,,,,,6,3.0,5.0,3.0,,,,,,,COMPLETE
55,55,0.7938228515778585,2025-01-03 09:01:49.918588,2025-01-03 09:02:15.848925,0 days 00:00:25.930337,6,85,25.0,65.0,90.0,55.0,45.0,,,,,6,3.0,4.0,5.0,2.0,4.0,,,,,COMPLETE
56,56,0.790122118160502,2025-01-03 09:02:15.849550,2025-01-03 09:02:42.913199,0 days 00:00:27.063649,7,95,5.0,55.0,35.0,95.0,30.0,55.0,,,,6,2.0,5.0,2.0,2.0,3.0,5.0,,,,COMPLETE
57,57,0.7974833616253065,2025-01-03 09:02:42.913792,2025-01-03 09:03:15.180548,0 days 00:00:32.266756,5,55,75.0,45.0,75.0,85.0,,,,,,6,3.0,6.0,4.0,5.0,,,,,,COMPLETE
58,58,0.8056068019571669,2025-01-03 09:03:15.181204,2025-01-03 09:03:57.792975,0 days 00:00:42.611771,7,80,70.0,90.0,50.0,100.0,70.0,25.0,,,,5,3.0,5.0,3.0,2.0,5.0,6.0,,,,COMPLETE
59,59,0.7866237222524648,2025-01-03 09:03:57.793671,2025-01-03 09:04:14.392248,0 days 00:00:16.598577,3,70,95.0,65.0,,,,,,,,6,2.0,4.0,,,,,,,,COMPLETE
60,60,0.7727313019390583,2025-01-03 09:04:14.392717,2025-01-03 09:04:36.173269,0 days 00:00:21.780552,6,5,65.0,75.0,30.0,65.0,10.0,,,,,5,3.0,5.0,3.0,5.0,2.0,,,,,COMPLETE
61,61,0.7972896489583758,2025-01-03 09:04:36.173919,2025-01-03 09:04:59.514033,0 days 00:00:23.340114,5,70,35.0,80.0,40.0,70.0,,,,,,6,4.0,6.0,3.0,3.0,,,,,,COMPLETE
62,62,0.7851526025388742,2025-01-03 09:04:59.514640,2025-01-03 09:05:24.580962,0 days 00:00:25.066322,5,75,50.0,70.0,45.0,75.0,,,,,,6,4.0,6.0,3.0,3.0,,,,,,COMPLETE
63,63,0.8043062200956939,2025-01-03 09:05:24.581535,2025-01-03 09:05:46.703996,0 days 00:00:22.122461,4,60,20.0,60.0,60.0,,,,,,,6,4.0,6.0,3.0,,,,,,,COMPLETE
64,64,0.7986742424242423,2025-01-03 09:05:46.704526,2025-01-03 09:06:08.155818,0 days 00:00:21.451292,6,70,45.0,50.0,45.0,45.0,25.0,,,,,6,4.0,6.0,2.0,2.0,2.0,,,,,COMPLETE
65,65,0.8105229917897205,2025-01-03 09:06:08.156482,2025-01-03 09:06:32.988462,0 days 00:00:24.831980,5,85,35.0,75.0,35.0,65.0,,,,,,6,5.0,6.0,3.0,4.0,,,,,,COMPLETE
66,66,0.7965638564122405,2025-01-03 09:06:32.989116,2025-01-03 09:07:11.104631,0 days 00:00:38.115515,7,75,80.0,65.0,50.0,60.0,75.0,90.0,,,,6,4.0,5.0,3.0,4.0,4.0,4.0,,,,COMPLETE
67,67,0.8147355042345825,2025-01-03 09:07:11.105253,2025-01-03 09:07:45.268753,0 days 00:00:34.163500,6,80,55.0,55.0,20.0,75.0,95.0,,,,,5,4.0,4.0,5.0,3.0,3.0,,,,,COMPLETE
68,68,0.7912157377244705,2025-01-03 09:07:45.269422,2025-01-03 09:08:23.157638,0 days 00:00:37.888216,6,95,55.0,55.0,20.0,85.0,95.0,,,,,4,3.0,4.0,6.0,2.0,3.0,,,,,COMPLETE
69,69,0.7872636905566317,2025-01-03 09:08:23.158262,2025-01-03 09:08:57.431288,0 days 00:00:34.273026,7,80,75.0,55.0,10.0,95.0,100.0,55.0,,,,5,5.0,4.0,5.0,6.0,2.0,5.0,,,,COMPLETE
70,70,0.7812676544019828,2025-01-03 09:08:57.431994,2025-01-03 09:09:32.178908,0 days 00:00:34.746914,8,85,90.0,60.0,30.0,75.0,95.0,45.0,30.0,,,5,4.0,3.0,5.0,3.0,4.0,6.0,3.0,,,COMPLETE
71,71,0.8001648937600259,2025-01-03 09:09:32.179604,2025-01-03 09:10:01.879578,0 days 00:00:29.699974,6,65,60.0,70.0,25.0,75.0,80.0,,,,,5,4.0,4.0,5.0,3.0,3.0,,,,,COMPLETE
72,72,0.8104089219330854,2025-01-03 09:10:01.880160,2025-01-03 09:10:20.735246,0 days 00:00:18.855086,5,75,40.0,40.0,10.0,70.0,,,,,,6,4.0,4.0,3.0,3.0,,,,,,COMPLETE
73,73,0.8029092270282048,2025-01-03 09:10:20.735777,2025-01-03 09:10:50.250211,0 days 00:00:29.514434,6,65,50.0,65.0,40.0,60.0,100.0,,,,,6,4.0,4.0,4.0,3.0,2.0,,,,,COMPLETE
74,74,0.8017199017199017,2025-01-03 09:10:50.250932,2025-01-03 09:11:14.032952,0 days 00:00:23.782020,5,60,85.0,50.0,20.0,85.0,,,,,,6,4.0,3.0,3.0,3.0,,,,,,COMPLETE
75,75,0.7977553206745004,2025-01-03 09:11:14.033503,2025-01-03 09:11:39.561025,0 days 00:00:25.527522,4,80,65.0,75.0,45.0,,,,,,,4,4.0,5.0,2.0,,,,,,,COMPLETE
76,76,0.7847039968859384,2025-01-03 09:11:39.561549,2025-01-03 09:12:09.797116,0 days 00:00:30.235567,6,90,70.0,60.0,30.0,40.0,60.0,,,,,5,5.0,3.0,6.0,2.0,5.0,,,,,COMPLETE
77,77,0.7671172182378865,2025-01-03 09:12:09.797809,2025-01-03 09:12:51.567354,0 days 00:00:41.769545,7,70,55.0,10.0,5.0,50.0,85.0,20.0,,,,5,6.0,6.0,4.0,4.0,3.0,4.0,,,,COMPLETE
78,78,0.7977741731999639,2025-01-03 09:12:51.568074,2025-01-03 09:13:19.950705,0 days 00:00:28.382631,6,75,85.0,20.0,35.0,80.0,95.0,,,,,6,3.0,3.0,3.0,3.0,6.0,,,,,COMPLETE
79,79,0.807850670054899,2025-01-03 09:13:19.951304,2025-01-03 09:13:45.255449,0 days 00:00:25.304145,4,70,90.0,35.0,55.0,,,,,,,6,4.0,6.0,3.0,,,,,,,COMPLETE
80,80,0.800347508504492,2025-01-03 09:13:45.256138,2025-01-03 09:14:19.006113,0 days 00:00:33.749975,5,20,75.0,65.0,15.0,10.0,,,,,,6,4.0,4.0,2.0,4.0,,,,,,COMPLETE
81,81,0.8295702873110267,2025-01-03 09:14:19.006675,2025-01-03 09:14:50.574556,0 days 00:00:31.567881,7,80,80.0,30.0,45.0,25.0,90.0,90.0,,,,5,4.0,3.0,3.0,3.0,3.0,2.0,,,,COMPLETE
82,82,0.7948200992555832,2025-01-03 09:14:50.575138,2025-01-03 09:15:20.765557,0 days 00:00:30.190419,7,85,80.0,15.0,45.0,25.0,90.0,95.0,,,,5,4.0,3.0,3.0,3.0,4.0,3.0,,,,COMPLETE
83,83,0.8007316875125933,2025-01-03 09:15:20.766286,2025-01-03 09:16:05.053022,0 days 00:00:44.286736,8,60,75.0,25.0,95.0,30.0,75.0,75.0,90.0,,,2,4.0,3.0,3.0,3.0,3.0,3.0,3.0,,,COMPLETE
84,84,0.7954696501429053,2025-01-03 09:16:05.053634,2025-01-03 09:16:54.134283,0 days 00:00:49.080649,9,65,85.0,30.0,70.0,20.0,100.0,85.0,20.0,35.0,,5,4.0,2.0,3.0,3.0,3.0,4.0,5.0,4.0,,COMPLETE
85,85,0.7945542469123321,2025-01-03 09:16:54.135076,2025-01-03 09:17:14.430174,0 days 00:00:20.295098,6,75,80.0,70.0,50.0,35.0,85.0,,,,,5,5.0,3.0,2.0,3.0,2.0,,,,,COMPLETE
86,86,0.7963414634146342,2025-01-03 09:17:14.430739,2025-01-03 09:17:41.205307,0 days 00:00:26.774568,7,80,60.0,20.0,40.0,100.0,95.0,95.0,,,,6,4.0,3.0,4.0,5.0,3.0,2.0,,,,COMPLETE
87,87,0.8043913136338887,2025-01-03 09:17:41.205912,2025-01-03 09:18:17.340621,0 days 00:00:36.134709,6,55,30.0,50.0,60.0,35.0,45.0,,,,,4,4.0,5.0,3.0,2.0,2.0,,,,,COMPLETE
88,88,0.7886790494967313,2025-01-03 09:18:17.341347,2025-01-03 09:18:38.679751,0 days 00:00:21.338404,5,90,70.0,45.0,45.0,70.0,,,,,,6,3.0,2.0,4.0,3.0,,,,,,COMPLETE
89,89,0.8075320265473067,2025-01-03 09:18:38.680327,2025-01-03 09:19:05.687833,0 days 00:00:27.007506,7,80,100.0,55.0,25.0,10.0,90.0,60.0,,,,6,4.0,6.0,2.0,3.0,3.0,2.0,,,,COMPLETE
90,90,0.8098012646793136,2025-01-03 09:19:05.688445,2025-01-03 09:19:38.351161,0 days 00:00:32.662716,6,70,45.0,40.0,55.0,65.0,80.0,,,,,4,2.0,5.0,3.0,2.0,5.0,,,,,COMPLETE
91,91,0.7901409209710883,2025-01-03 09:19:38.351828,2025-01-03 09:20:06.987084,0 days 00:00:28.635256,8,75,80.0,25.0,55.0,15.0,90.0,80.0,70.0,,,5,4.0,3.0,3.0,3.0,3.0,2.0,2.0,,,COMPLETE
92,92,0.809754327415716,2025-01-03 09:20:06.987745,2025-01-03 09:20:33.597800,0 days 00:00:26.610055,7,65,75.0,25.0,60.0,5.0,95.0,75.0,,,,5,5.0,3.0,3.0,3.0,3.0,2.0,,,,COMPLETE
93,93,0.8029866690740574,2025-01-03 09:20:33.598399,2025-01-03 09:21:03.319440,0 days 00:00:29.721041,7,80,80.0,30.0,50.0,20.0,85.0,85.0,,,,5,4.0,3.0,3.0,3.0,4.0,2.0,,,,COMPLETE
94,94,0.8048656715069397,2025-01-03 09:21:03.320119,2025-01-03 09:21:28.425497,0 days 00:00:25.105378,6,60,25.0,15.0,40.0,25.0,100.0,,,,,5,3.0,3.0,3.0,3.0,3.0,,,,,COMPLETE
95,95,0.7937654320987655,2025-01-03 09:21:28.426116,2025-01-03 09:21:48.325879,0 days 00:00:19.899763,5,70,70.0,70.0,35.0,80.0,,,,,,6,6.0,3.0,3.0,2.0,,,,,,COMPLETE
96,96,0.8011907773481262,2025-01-03 09:21:48.326440,2025-01-03 09:22:20.926838,0 days 00:00:32.600398,7,85,85.0,20.0,80.0,10.0,90.0,40.0,,,,6,4.0,3.0,2.0,3.0,2.0,3.0,,,,COMPLETE
97,97,0.8094681308258865,2025-01-03 09:22:20.927433,2025-01-03 09:22:48.078946,0 days 00:00:27.151513,6,75,80.0,35.0,65.0,15.0,95.0,,,,,5,3.0,4.0,3.0,4.0,2.0,,,,,COMPLETE
98,98,0.8044148430638933,2025-01-03 09:22:48.079650,2025-01-03 09:23:09.190238,0 days 00:00:21.110588,5,75,90.0,80.0,50.0,55.0,,,,,,6,2.0,6.0,2.0,4.0,,,,,,COMPLETE
99,99,0.8041991338027524,2025-01-03 09:23:09.190792,2025-01-03 09:23:35.532689,0 days 00:00:26.341897,8,70,95.0,60.0,20.0,45.0,90.0,95.0,40.0,,,6,4.0,2.0,4.0,2.0,3.0,2.0,4.0,,,COMPLETE
100,100,0.7893943186558956,2025-01-03 09:23:35.533320,2025-01-03 09:24:10.070907,0 days 00:00:34.537587,7,45,70.0,25.0,30.0,95.0,80.0,80.0,,,,5,5.0,5.0,3.0,3.0,2.0,3.0,,,,COMPLETE
101,101,0.8105053191489362,2025-01-03 09:24:10.071691,2025-01-03 09:24:41.390864,0 days 00:00:31.319173,6,75,85.0,30.0,40.0,30.0,85.0,,,,,5,5.0,3.0,3.0,3.0,3.0,,,,,COMPLETE
102,102,0.7921852868549368,2025-01-03 09:24:41.391442,2025-01-03 09:25:02.484023,0 days 00:00:21.092581,6,65,75.0,65.0,40.0,20.0,100.0,,,,,5,5.0,3.0,3.0,3.0,3.0,,,,,COMPLETE
103,103,0.8070899121118955,2025-01-03 09:25:02.484598,2025-01-03 09:26:02.206241,0 days 00:00:59.721643,10,80,85.0,10.0,45.0,60.0,75.0,70.0,100.0,5.0,100.0,5,4.0,4.0,3.0,6.0,3.0,2.0,3.0,5.0,6.0,COMPLETE
104,104,0.7765668254482879,2025-01-03 09:26:02.207159,2025-01-03 09:26:25.712878,0 days 00:00:23.505719,5,70,55.0,20.0,50.0,20.0,,,,,,6,4.0,4.0,3.0,3.0,,,,,,COMPLETE
105,105,0.8126121325162092,2025-01-03 09:26:25.713448,2025-01-03 09:26:48.686555,0 days 00:00:22.973107,6,85,40.0,30.0,35.0,90.0,85.0,,,,,5,4.0,3.0,3.0,3.0,2.0,,,,,COMPLETE
106,106,0.7951073310728918,2025-01-03 09:26:48.687111,2025-01-03 09:27:11.195005,0 days 00:00:22.507894,5,85,35.0,35.0,35.0,90.0,,,,,,5,4.0,3.0,2.0,3.0,,,,,,COMPLETE
107,107,0.8024364968502196,2025-01-03 09:27:11.195680,2025-01-03 09:27:38.073900,0 days 00:00:26.878220,7,90,45.0,85.0,45.0,90.0,95.0,90.0,,,,6,4.0,3.0,3.0,3.0,2.0,4.0,,,,COMPLETE
108,108,0.788915800753295,2025-01-03 09:27:38.074522,2025-01-03 09:28:00.618543,0 days 00:00:22.544021,6,95,40.0,75.0,25.0,85.0,85.0,,,,,6,4.0,6.0,3.0,2.0,2.0,,,,,COMPLETE
109,109,0.8149588797510559,2025-01-03 09:28:00.619132,2025-01-03 09:28:35.721077,0 days 00:00:35.101945,5,85,50.0,65.0,30.0,95.0,,,,,,3,4.0,3.0,3.0,5.0,,,,,,COMPLETE
110,110,0.8058082051684339,2025-01-03 09:28:35.721720,2025-01-03 09:29:00.422490,0 days 00:00:24.700770,4,65,50.0,70.0,30.0,,,,,,,3,4.0,3.0,2.0,,,,,,,COMPLETE
111,111,0.7940423331914117,2025-01-03 09:29:00.423023,2025-01-03 09:29:36.822772,0 days 00:00:36.399749,5,85,50.0,65.0,35.0,95.0,,,,,,4,4.0,3.0,3.0,5.0,,,,,,COMPLETE
112,112,0.8019277445855115,2025-01-03 09:29:36.823331,2025-01-03 09:30:10.322878,0 days 00:00:33.499547,5,90,40.0,60.0,25.0,95.0,,,,,,2,4.0,3.0,3.0,5.0,,,,,,COMPLETE
113,113,0.7990882300121589,2025-01-03 09:30:10.323553,2025-01-03 09:30:48.905480,0 days 00:00:38.581927,6,80,50.0,55.0,30.0,100.0,40.0,,,,,3,4.0,4.0,3.0,6.0,2.0,,,,,COMPLETE
114,114,0.811691241495064,2025-01-03 09:30:48.906181,2025-01-03 09:31:23.732577,0 days 00:00:34.826396,5,75,35.0,65.0,40.0,100.0,,,,,,3,4.0,3.0,3.0,5.0,,,,,,COMPLETE
115,115,0.7982853466724434,2025-01-03 09:31:23.733132,2025-01-03 09:32:07.093346,0 days 00:00:43.360214,6,80,45.0,20.0,35.0,90.0,90.0,,,,,4,4.0,3.0,5.0,6.0,2.0,,,,,COMPLETE
116,116,0.7937240938885676,2025-01-03 09:32:07.094105,2025-01-03 09:32:25.119218,0 days 00:00:18.025113,6,85,30.0,30.0,20.0,75.0,55.0,,,,,6,4.0,4.0,3.0,3.0,2.0,,,,,COMPLETE
117,117,0.7923571293554281,2025-01-03 09:32:25.119788,2025-01-03 09:32:55.243993,0 days 00:00:30.124205,7,60,20.0,75.0,100.0,85.0,100.0,60.0,,,,5,4.0,3.0,3.0,3.0,2.0,3.0,,,,COMPLETE
118,118,0.8104737852736321,2025-01-03 09:32:55.244583,2025-01-03 09:33:12.665780,0 days 00:00:17.421197,5,85,65.0,30.0,30.0,95.0,,,,,,6,2.0,3.0,4.0,4.0,,,,,,COMPLETE
119,119,0.8083047087448119,2025-01-03 09:33:12.666426,2025-01-03 09:33:30.300967,0 days 00:00:17.634541,4,95,40.0,60.0,15.0,,,,,,,5,3.0,4.0,3.0,,,,,,,COMPLETE
120,120,0.8185746784652312,2025-01-03 09:33:30.301541,2025-01-03 09:33:56.958612,0 days 00:00:26.657071,6,75,60.0,70.0,80.0,70.0,80.0,,,,,6,4.0,6.0,3.0,3.0,2.0,,,,,COMPLETE
121,121,0.8136006110778505,2025-01-03 09:33:56.959226,2025-01-03 09:34:24.822277,0 days 00:00:27.863051,6,75,55.0,70.0,90.0,70.0,80.0,,,,,6,4.0,6.0,3.0,3.0,2.0,,,,,COMPLETE
