,number,value,datetime_start,datetime_complete,duration,params_depth,params_neurons_layer_0,params_neurons_layer_1,params_neurons_layer_2,params_neurons_layer_3,params_neurons_layer_4,params_neurons_layer_5,params_neurons_layer_6,params_neurons_layer_7,params_neurons_layer_8,params_neurons_layer_9,params_orders_layer_0,params_orders_layer_1,params_orders_layer_2,params_orders_layer_3,params_orders_layer_4,params_orders_layer_5,params_orders_layer_6,params_orders_layer_7,params_orders_layer_8,params_orders_layer_9,state
364,364,0.8052646281516322,2025-01-03 11:35:44.781394,2025-01-03 11:36:15.533155,0 days 00:00:30.751761,7,65,75.0,70.0,60.0,15.0,90.0,95.0,,,,6,4.0,5.0,2.0,4.0,2.0,3.0,,,,COMPLETE
365,365,0.8044132683748346,2025-01-03 11:36:15.533896,2025-01-03 11:36:49.440162,0 days 00:00:33.906266,7,85,70.0,60.0,20.0,70.0,100.0,65.0,,,,6,4.0,4.0,2.0,2.0,2.0,6.0,,,,COMPLETE
366,366,0.7943323623548028,2025-01-03 11:36:49.441100,2025-01-03 11:37:27.400180,0 days 00:00:37.959080,6,85,75.0,95.0,40.0,65.0,70.0,,,,,6,4.0,4.0,3.0,5.0,2.0,,,,,COMPLETE
367,367,0.81380225791746,2025-01-03 11:37:27.400953,2025-01-03 11:37:59.441635,0 days 00:00:32.040682,7,80,65.0,75.0,50.0,80.0,85.0,70.0,,,,6,4.0,5.0,2.0,3.0,2.0,2.0,,,,COMPLETE
368,368,0.8074782922212541,2025-01-03 11:37:59.442737,2025-01-03 11:38:23.680689,0 days 00:00:24.237952,7,80,80.0,60.0,45.0,20.0,95.0,100.0,,,,6,4.0,2.0,2.0,3.0,2.0,2.0,,,,COMPLETE
369,369,0.7945604343043,2025-01-03 11:38:23.681596,2025-01-03 11:38:48.272947,0 days 00:00:24.591351,6,80,75.0,70.0,45.0,35.0,40.0,,,,,6,4.0,4.0,2.0,5.0,2.0,,,,,COMPLETE
370,370,0.785935563347776,2025-01-03 11:38:48.273750,2025-01-03 11:39:23.978506,0 days 00:00:35.704756,7,85,70.0,20.0,40.0,60.0,90.0,90.0,,,,6,4.0,4.0,3.0,6.0,3.0,3.0,,,,COMPLETE
371,371,0.7901148219385673,2025-01-03 11:39:23.979265,2025-01-03 11:39:52.197594,0 days 00:00:28.218329,6,60,85.0,85.0,15.0,55.0,20.0,,,,,6,4.0,4.0,2.0,3.0,2.0,,,,,COMPLETE
372,372,0.7901674914466328,2025-01-03 11:39:52.198459,2025-01-03 11:40:17.996610,0 days 00:00:25.798151,7,80,75.0,60.0,5.0,45.0,95.0,95.0,,,,6,4.0,2.0,2.0,3.0,2.0,2.0,,,,COMPLETE
373,373,0.8171680048901744,2025-01-03 11:40:17.997400,2025-01-03 11:40:50.950917,0 days 00:00:32.953517,7,90,80.0,65.0,50.0,60.0,100.0,80.0,,,,6,3.0,5.0,2.0,5.0,2.0,3.0,,,,COMPLETE
374,374,0.8004578507945057,2025-01-03 11:40:50.951659,2025-01-03 11:41:36.800194,0 days 00:00:45.848535,8,95,80.0,45.0,50.0,60.0,100.0,80.0,25.0,,,6,3.0,4.0,2.0,5.0,2.0,3.0,5.0,,,COMPLETE
375,375,0.8051326229879845,2025-01-03 11:41:36.801230,2025-01-03 11:42:10.927743,0 days 00:00:34.126513,7,90,80.0,5.0,50.0,60.0,100.0,75.0,,,,6,3.0,4.0,3.0,5.0,2.0,3.0,,,,COMPLETE
376,376,0.8112338418365823,2025-01-03 11:42:10.928464,2025-01-03 11:42:43.513483,0 days 00:00:32.585019,7,95,80.0,75.0,55.0,60.0,100.0,80.0,,,,6,3.0,4.0,2.0,5.0,3.0,3.0,,,,COMPLETE
377,377,0.7997623291740938,2025-01-03 11:42:43.514444,2025-01-03 11:43:17.173710,0 days 00:00:33.659266,7,75,85.0,55.0,50.0,55.0,95.0,85.0,,,,6,3.0,4.0,2.0,5.0,2.0,3.0,,,,COMPLETE
378,378,0.7944868831340822,2025-01-03 11:43:17.174504,2025-01-03 11:43:25.835530,0 days 00:00:08.661026,1,90,,,,,,,,,,6,,,,,,,,,,COMPLETE
379,379,0.8029395522705067,2025-01-03 11:43:25.836114,2025-01-03 11:43:57.959195,0 days 00:00:32.123081,7,90,80.0,65.0,45.0,25.0,100.0,85.0,,,,6,3.0,4.0,2.0,5.0,2.0,3.0,,,,COMPLETE
380,380,0.7928914679481367,2025-01-03 11:43:57.959929,2025-01-03 11:44:38.715176,0 days 00:00:40.755247,8,70,75.0,70.0,50.0,65.0,30.0,90.0,60.0,,,6,4.0,2.0,3.0,5.0,2.0,2.0,6.0,,,COMPLETE
381,381,0.7999228879661551,2025-01-03 11:44:38.716233,2025-01-03 11:45:08.107503,0 days 00:00:29.391270,7,65,90.0,65.0,55.0,40.0,95.0,70.0,,,,6,4.0,4.0,2.0,5.0,2.0,3.0,,,,COMPLETE
382,382,0.8127662460995795,2025-01-03 11:45:08.108209,2025-01-03 11:45:44.665313,0 days 00:00:36.557104,7,90,70.0,85.0,100.0,60.0,90.0,75.0,,,,6,4.0,4.0,3.0,3.0,5.0,2.0,,,,COMPLETE
383,383,0.8014598540145985,2025-01-03 11:45:44.666260,2025-01-03 11:46:13.469827,0 days 00:00:28.803567,7,75,75.0,60.0,75.0,65.0,100.0,85.0,,,,6,4.0,4.0,2.0,5.0,2.0,2.0,,,,COMPLETE
384,384,0.7951244891724215,2025-01-03 11:46:13.470645,2025-01-03 11:46:34.308315,0 days 00:00:20.837670,7,70,80.0,75.0,50.0,55.0,95.0,40.0,,,,6,3.0,4.0,2.0,3.0,2.0,2.0,,,,COMPLETE
385,385,0.7909137537390325,2025-01-03 11:46:34.309065,2025-01-03 11:47:03.734324,0 days 00:00:29.425259,7,45,80.0,80.0,85.0,70.0,95.0,80.0,,,,6,4.0,2.0,2.0,3.0,2.0,4.0,,,,COMPLETE
386,386,0.7761144945188794,2025-01-03 11:47:03.735046,2025-01-03 11:47:31.427470,0 days 00:00:27.692424,7,80,75.0,65.0,45.0,65.0,85.0,80.0,,,,6,4.0,5.0,2.0,5.0,2.0,2.0,,,,COMPLETE
387,387,0.7977988732939227,2025-01-03 11:47:31.428489,2025-01-03 11:48:03.279834,0 days 00:00:31.851345,7,85,20.0,90.0,50.0,30.0,100.0,85.0,,,,6,4.0,4.0,4.0,3.0,2.0,3.0,,,,COMPLETE
388,388,0.7785533004526517,2025-01-03 11:48:03.280586,2025-01-03 11:48:38.651905,0 days 00:00:35.371319,7,75,70.0,80.0,80.0,50.0,15.0,95.0,,,,6,4.0,5.0,3.0,3.0,2.0,2.0,,,,COMPLETE
389,389,0.7693342693342693,2025-01-03 11:48:38.652856,2025-01-03 11:49:07.983921,0 days 00:00:29.331065,7,80,75.0,70.0,10.0,60.0,90.0,100.0,,,,6,4.0,2.0,2.0,5.0,3.0,2.0,,,,COMPLETE
390,390,0.7962567692833098,2025-01-03 11:49:07.985007,2025-01-03 11:49:48.206660,0 days 00:00:40.221653,8,100,70.0,85.0,45.0,65.0,90.0,50.0,10.0,,,6,4.0,4.0,2.0,3.0,2.0,2.0,4.0,,,COMPLETE
391,391,0.7945787077222959,2025-01-03 11:49:48.207423,2025-01-03 11:50:20.963147,0 days 00:00:32.755724,7,75,75.0,60.0,100.0,60.0,95.0,90.0,,,,6,4.0,4.0,2.0,3.0,2.0,2.0,,,,COMPLETE
392,392,0.8221060618834837,2025-01-03 11:50:20.964019,2025-01-03 11:50:50.211583,0 days 00:00:29.247564,5,90,65.0,50.0,45.0,45.0,,,,,,6,4.0,2.0,2.0,6.0,,,,,,COMPLETE
393,393,0.8005992128683032,2025-01-03 11:50:50.212348,2025-01-03 11:51:23.866472,0 days 00:00:33.654124,7,95,65.0,80.0,45.0,45.0,60.0,75.0,,,,6,4.0,2.0,2.0,6.0,2.0,6.0,,,,COMPLETE
394,394,0.7921200421200421,2025-01-03 11:51:23.867254,2025-01-03 11:51:51.266923,0 days 00:00:27.399669,5,90,65.0,50.0,40.0,40.0,,,,,,6,4.0,2.0,3.0,6.0,,,,,,COMPLETE
395,395,0.7847661188369153,2025-01-03 11:51:51.267885,2025-01-03 11:52:21.429545,0 days 00:00:30.161660,6,90,60.0,75.0,45.0,50.0,100.0,,,,,6,4.0,2.0,2.0,6.0,3.0,,,,,COMPLETE
396,396,0.7829176538387654,2025-01-03 11:52:21.430281,2025-01-03 11:53:15.530917,0 days 00:00:54.100636,7,25,60.0,40.0,50.0,50.0,95.0,85.0,,,,6,4.0,2.0,2.0,6.0,2.0,5.0,,,,COMPLETE
397,397,0.8113119163468222,2025-01-03 11:53:15.531877,2025-01-03 11:53:48.322226,0 days 00:00:32.790349,7,90,65.0,85.0,45.0,55.0,90.0,80.0,,,,6,4.0,2.0,2.0,6.0,2.0,2.0,,,,COMPLETE
398,398,0.8066517723612967,2025-01-03 11:53:48.323223,2025-01-03 11:54:14.117178,0 days 00:00:25.793955,6,85,65.0,25.0,45.0,35.0,100.0,,,,,6,4.0,2.0,3.0,6.0,4.0,,,,,COMPLETE
399,399,0.8007277238582982,2025-01-03 11:54:14.117875,2025-01-03 11:54:52.630933,0 days 00:00:38.513058,7,95,100.0,70.0,40.0,55.0,85.0,90.0,,,,5,4.0,2.0,2.0,6.0,2.0,4.0,,,,COMPLETE
400,400,0.7905488282269431,2025-01-03 11:54:52.631931,2025-01-03 11:55:10.502476,0 days 00:00:17.870545,3,85,70.0,80.0,,,,,,,,6,3.0,2.0,,,,,,,,COMPLETE
401,401,0.8088149498357078,2025-01-03 11:55:10.503082,2025-01-03 11:55:41.779454,0 days 00:00:31.276372,7,90,70.0,20.0,50.0,25.0,95.0,95.0,,,,6,6.0,3.0,2.0,5.0,2.0,2.0,,,,COMPLETE
402,402,0.7999642633788975,2025-01-03 11:55:41.780200,2025-01-03 11:56:12.870838,0 days 00:00:31.090638,6,80,65.0,75.0,45.0,30.0,90.0,,,,,6,4.0,2.0,2.0,6.0,2.0,,,,,COMPLETE
403,403,0.7822686136006529,2025-01-03 11:56:12.871762,2025-01-03 11:56:48.852071,0 days 00:00:35.980309,7,85,60.0,65.0,100.0,5.0,55.0,70.0,,,,6,4.0,2.0,3.0,5.0,2.0,3.0,,,,COMPLETE
404,404,0.7990183332649086,2025-01-03 11:56:48.852884,2025-01-03 11:57:19.388475,0 days 00:00:30.535591,6,80,85.0,70.0,50.0,55.0,80.0,,,,,6,4.0,3.0,2.0,5.0,2.0,,,,,COMPLETE
405,405,0.8083703492047,2025-01-03 11:57:19.389183,2025-01-03 11:57:46.092462,0 days 00:00:26.703279,7,95,80.0,80.0,55.0,40.0,5.0,75.0,,,,6,4.0,2.0,2.0,4.0,2.0,2.0,,,,COMPLETE
406,406,0.7900927842956829,2025-01-03 11:57:46.093353,2025-01-03 11:58:19.804272,0 days 00:00:33.710919,5,90,35.0,85.0,10.0,50.0,,,,,,6,4.0,4.0,3.0,6.0,,,,,,COMPLETE
407,407,0.8047027838195803,2025-01-03 11:58:19.805054,2025-01-03 11:59:01.155519,0 days 00:00:41.350465,8,85,70.0,40.0,45.0,45.0,100.0,65.0,35.0,,,6,4.0,2.0,2.0,5.0,2.0,2.0,5.0,,,COMPLETE
408,408,0.7852643931411054,2025-01-03 11:59:01.156492,2025-01-03 11:59:37.759634,0 days 00:00:36.603142,7,75,75.0,55.0,40.0,55.0,95.0,90.0,,,,5,4.0,4.0,2.0,6.0,3.0,3.0,,,,COMPLETE
409,409,0.805287463906966,2025-01-03 11:59:37.760460,2025-01-03 12:00:07.693968,0 days 00:00:29.933508,6,50,60.0,90.0,15.0,60.0,90.0,,,,,6,4.0,6.0,2.0,3.0,2.0,,,,,COMPLETE
410,410,0.787938407727726,2025-01-03 12:00:07.694700,2025-01-03 12:00:38.578084,0 days 00:00:30.883384,7,80,80.0,75.0,35.0,45.0,100.0,85.0,,,,5,4.0,3.0,2.0,5.0,2.0,2.0,,,,COMPLETE
411,411,0.8032892829532277,2025-01-03 12:00:38.596487,2025-01-03 12:01:09.828018,0 days 00:00:31.231531,7,80,65.0,65.0,95.0,60.0,95.0,75.0,,,,6,3.0,2.0,3.0,3.0,4.0,5.0,,,,COMPLETE
412,412,0.7886519976310874,2025-01-03 12:01:09.828777,2025-01-03 12:01:46.588353,0 days 00:00:36.759576,7,85,75.0,20.0,45.0,15.0,95.0,95.0,,,,3,4.0,4.0,2.0,4.0,2.0,2.0,,,,COMPLETE
413,413,0.8014699619124107,2025-01-03 12:01:46.589023,2025-01-03 12:02:08.538569,0 days 00:00:21.949546,6,75,70.0,80.0,5.0,50.0,20.0,,,,,6,4.0,4.0,2.0,3.0,2.0,,,,,COMPLETE
414,414,0.7957484290436235,2025-01-03 12:02:08.539389,2025-01-03 12:02:37.610094,0 days 00:00:29.070705,7,80,75.0,85.0,90.0,65.0,90.0,80.0,,,,6,4.0,3.0,3.0,3.0,2.0,4.0,,,,COMPLETE
415,415,0.8102858904894057,2025-01-03 12:02:37.610829,2025-01-03 12:02:58.982341,0 days 00:00:21.371512,6,85,85.0,45.0,50.0,10.0,85.0,,,,,6,4.0,6.0,2.0,3.0,2.0,,,,,COMPLETE
416,416,0.8022295247264345,2025-01-03 12:02:58.983004,2025-01-03 12:03:26.822820,0 days 00:00:27.839816,7,90,70.0,70.0,40.0,60.0,25.0,90.0,,,,6,4.0,4.0,2.0,5.0,2.0,2.0,,,,COMPLETE
417,417,0.7968244607659178,2025-01-03 12:03:26.823502,2025-01-03 12:03:52.337548,0 days 00:00:25.514046,5,75,75.0,15.0,100.0,35.0,,,,,,6,4.0,2.0,2.0,6.0,,,,,,COMPLETE
418,418,0.8046431528796189,2025-01-03 12:03:52.338394,2025-01-03 12:04:30.729965,0 days 00:00:38.391571,8,80,80.0,65.0,50.0,30.0,100.0,100.0,55.0,,,6,5.0,4.0,3.0,3.0,5.0,6.0,2.0,,,COMPLETE
419,419,0.7863294562157357,2025-01-03 12:04:30.730713,2025-01-03 12:04:56.731260,0 days 00:00:26.000547,7,55,75.0,70.0,35.0,55.0,95.0,85.0,,,,6,4.0,6.0,2.0,3.0,2.0,2.0,,,,COMPLETE
420,420,0.7958211783104268,2025-01-03 12:04:56.732123,2025-01-03 12:05:22.381153,0 days 00:00:25.649030,7,85,25.0,75.0,45.0,65.0,100.0,85.0,,,,6,4.0,4.0,3.0,5.0,2.0,2.0,,,,COMPLETE
421,421,0.80095846303606,2025-01-03 12:05:22.382206,2025-01-03 12:05:37.671435,0 days 00:00:15.289229,4,85,80.0,35.0,10.0,,,,,,,6,3.0,2.0,4.0,,,,,,,COMPLETE
422,422,0.7906042654028436,2025-01-03 12:05:37.672038,2025-01-03 12:06:02.964461,0 days 00:00:25.292423,5,70,65.0,10.0,20.0,15.0,,,,,,5,4.0,3.0,2.0,3.0,,,,,,COMPLETE
423,423,0.8048594750243926,2025-01-03 12:06:02.965084,2025-01-03 12:06:42.993723,0 days 00:00:40.028639,7,75,75.0,80.0,55.0,60.0,90.0,95.0,,,,4,4.0,4.0,2.0,3.0,2.0,3.0,,,,COMPLETE
424,424,0.7935487238373611,2025-01-03 12:06:42.994632,2025-01-03 12:07:07.900983,0 days 00:00:24.906351,6,75,70.0,85.0,95.0,25.0,95.0,,,,,6,4.0,2.0,2.0,5.0,3.0,,,,,COMPLETE
425,425,0.7853249645313651,2025-01-03 12:07:07.901680,2025-01-03 12:07:22.287985,0 days 00:00:14.386305,2,80,60.0,,,,,,,,,6,4.0,,,,,,,,,COMPLETE
426,426,0.8118473210860577,2025-01-03 12:07:22.288543,2025-01-03 12:07:48.134409,0 days 00:00:25.845866,6,90,35.0,65.0,15.0,55.0,75.0,,,,,6,4.0,4.0,2.0,3.0,2.0,,,,,COMPLETE
427,427,0.7956317272656563,2025-01-03 12:07:48.135078,2025-01-03 12:08:25.235023,0 days 00:00:37.099945,7,80,85.0,55.0,45.0,60.0,100.0,80.0,,,,6,4.0,4.0,3.0,5.0,3.0,2.0,,,,COMPLETE
428,428,0.7902160864345738,2025-01-03 12:08:25.235972,2025-01-03 12:08:51.825939,0 days 00:00:26.589967,7,80,70.0,25.0,85.0,20.0,95.0,90.0,,,,6,4.0,3.0,2.0,6.0,2.0,2.0,,,,COMPLETE
429,429,0.8119815433171027,2025-01-03 12:08:51.826661,2025-01-03 12:09:12.943858,0 days 00:00:21.117197,6,75,80.0,75.0,90.0,65.0,90.0,,,,,6,4.0,2.0,2.0,3.0,2.0,,,,,COMPLETE
430,430,0.801949862431139,2025-01-03 12:09:12.944535,2025-01-03 12:09:41.057557,0 days 00:00:28.113022,7,70,75.0,90.0,50.0,50.0,60.0,70.0,,,,6,5.0,6.0,2.0,5.0,2.0,3.0,,,,COMPLETE
431,431,0.7928926569040818,2025-01-03 12:09:41.058452,2025-01-03 12:10:07.985745,0 days 00:00:26.927293,7,90,80.0,60.0,100.0,55.0,50.0,75.0,,,,5,4.0,4.0,2.0,3.0,2.0,2.0,,,,COMPLETE
432,432,0.723013098013098,2025-01-03 12:10:07.986500,2025-01-03 12:10:32.753290,0 days 00:00:24.766790,6,85,70.0,80.0,40.0,65.0,15.0,,,,,6,4.0,2.0,3.0,3.0,2.0,,,,,COMPLETE
433,433,0.7987787252493135,2025-01-03 12:10:32.753961,2025-01-03 12:10:59.990611,0 days 00:00:27.236650,6,85,75.0,65.0,45.0,60.0,100.0,,,,,6,3.0,4.0,2.0,4.0,4.0,,,,,COMPLETE
434,434,0.776884631966675,2025-01-03 12:10:59.991480,2025-01-03 12:11:31.593809,0 days 00:00:31.602329,7,95,60.0,80.0,50.0,30.0,80.0,55.0,,,,6,4.0,2.0,2.0,6.0,2.0,4.0,,,,COMPLETE
435,435,0.7985412344989081,2025-01-03 12:11:31.594590,2025-01-03 12:12:02.734971,0 days 00:00:31.140381,7,75,65.0,85.0,95.0,60.0,90.0,95.0,,,,6,4.0,3.0,3.0,3.0,2.0,2.0,,,,COMPLETE
436,436,0.7779109865833289,2025-01-03 12:12:02.735673,2025-01-03 12:12:28.322170,0 days 00:00:25.586497,7,80,75.0,70.0,45.0,25.0,95.0,60.0,,,,6,4.0,4.0,2.0,3.0,2.0,2.0,,,,COMPLETE
437,437,0.8078640462097813,2025-01-03 12:12:28.323032,2025-01-03 12:13:01.473519,0 days 00:00:33.150487,7,70,80.0,75.0,40.0,35.0,70.0,85.0,,,,6,4.0,4.0,2.0,3.0,2.0,5.0,,,,COMPLETE
438,438,0.7945030420615609,2025-01-03 12:13:01.474289,2025-01-03 12:13:38.783422,0 days 00:00:37.309133,8,85,75.0,60.0,45.0,55.0,85.0,90.0,100.0,,,6,4.0,6.0,2.0,5.0,2.0,2.0,3.0,,,COMPLETE
439,439,0.7893244263351025,2025-01-03 12:13:38.784178,2025-01-03 12:14:00.759719,0 days 00:00:21.975541,5,90,70.0,80.0,100.0,70.0,,,,,,6,6.0,4.0,3.0,3.0,,,,,,COMPLETE
440,440,0.8048296424017098,2025-01-03 12:14:00.760584,2025-01-03 12:14:27.452174,0 days 00:00:26.691590,7,80,80.0,75.0,50.0,20.0,100.0,80.0,,,,5,4.0,2.0,2.0,6.0,2.0,2.0,,,,COMPLETE
441,441,0.8053795263319572,2025-01-03 12:14:27.452931,2025-01-03 12:14:57.279971,0 days 00:00:29.827040,6,55,75.0,65.0,10.0,60.0,95.0,,,,,6,4.0,5.0,2.0,5.0,2.0,,,,,COMPLETE
442,442,0.8004914004914006,2025-01-03 12:14:57.280704,2025-01-03 12:15:21.417122,0 days 00:00:24.136418,7,75,60.0,50.0,85.0,55.0,90.0,100.0,,,,6,4.0,4.0,3.0,4.0,2.0,2.0,,,,COMPLETE
443,443,0.7921165918596738,2025-01-03 12:15:21.418000,2025-01-03 12:15:42.274801,0 days 00:00:20.856801,6,80,85.0,55.0,40.0,65.0,20.0,,,,,6,4.0,2.0,2.0,3.0,3.0,,,,,COMPLETE
444,444,0.7926141699840643,2025-01-03 12:15:42.275507,2025-01-03 12:16:08.049222,0 days 00:00:25.773715,7,85,30.0,60.0,55.0,30.0,95.0,90.0,,,,6,4.0,3.0,2.0,3.0,2.0,6.0,,,,COMPLETE
445,445,0.8033041971437497,2025-01-03 12:16:08.049951,2025-01-03 12:16:35.893422,0 days 00:00:27.843471,6,80,65.0,85.0,45.0,65.0,100.0,,,,,6,4.0,4.0,2.0,5.0,2.0,,,,,COMPLETE
446,446,0.7889433697936311,2025-01-03 12:16:35.894115,2025-01-03 12:17:07.068800,0 days 00:00:31.174685,7,75,40.0,70.0,95.0,60.0,90.0,75.0,,,,5,4.0,6.0,2.0,3.0,2.0,3.0,,,,COMPLETE
447,447,0.7848137621990647,2025-01-03 12:17:07.069672,2025-01-03 12:17:38.808497,0 days 00:00:31.738825,7,85,70.0,60.0,15.0,70.0,95.0,85.0,,,,6,4.0,3.0,3.0,3.0,3.0,2.0,,,,COMPLETE
448,448,0.7965656052803365,2025-01-03 12:17:38.809266,2025-01-03 12:18:04.286622,0 days 00:00:25.477356,5,90,75.0,30.0,90.0,45.0,,,,,,6,4.0,4.0,2.0,5.0,,,,,,COMPLETE
449,449,0.7937380432732466,2025-01-03 12:18:04.287297,2025-01-03 12:18:43.228052,0 days 00:00:38.940755,8,70,75.0,25.0,20.0,25.0,100.0,90.0,45.0,,,6,4.0,5.0,2.0,6.0,2.0,2.0,6.0,,,COMPLETE
450,450,0.8289277713870558,2025-01-03 12:18:43.229046,2025-01-03 12:19:05.664504,0 days 00:00:22.435458,7,80,80.0,80.0,50.0,15.0,95.0,80.0,,,,6,4.0,2.0,2.0,5.0,2.0,2.0,,,,COMPLETE
451,451,0.8014107270531545,2025-01-03 12:19:05.665212,2025-01-03 12:19:32.016704,0 days 00:00:26.351492,7,80,80.0,80.0,50.0,10.0,30.0,80.0,,,,6,3.0,6.0,3.0,2.0,2.0,2.0,,,,COMPLETE
452,452,0.7980246554067172,2025-01-03 12:19:32.017415,2025-01-03 12:19:58.120113,0 days 00:00:26.102698,7,75,85.0,80.0,55.0,15.0,95.0,80.0,,,,6,4.0,2.0,2.0,3.0,2.0,2.0,,,,COMPLETE
453,453,0.7982085645954605,2025-01-03 12:19:58.120977,2025-01-03 12:20:26.456024,0 days 00:00:28.335047,7,65,80.0,85.0,50.0,15.0,100.0,80.0,,,,6,4.0,4.0,2.0,3.0,2.0,2.0,,,,COMPLETE
454,454,0.7946369681088115,2025-01-03 12:20:26.456775,2025-01-03 12:20:53.534335,0 days 00:00:27.077560,7,75,80.0,80.0,50.0,20.0,95.0,75.0,,,,5,4.0,5.0,2.0,3.0,2.0,2.0,,,,COMPLETE
455,455,0.7941218433442716,2025-01-03 12:20:53.535030,2025-01-03 12:21:36.846574,0 days 00:00:43.311544,7,80,85.0,75.0,60.0,15.0,100.0,85.0,,,,4,4.0,4.0,3.0,5.0,2.0,2.0,,,,COMPLETE
456,456,0.8057313184699941,2025-01-03 12:21:36.847533,2025-01-03 12:22:07.962531,0 days 00:00:31.114998,7,80,80.0,85.0,45.0,15.0,95.0,85.0,,,,6,4.0,4.0,4.0,3.0,6.0,2.0,,,,COMPLETE
457,457,0.8054087395957193,2025-01-03 12:22:07.963267,2025-01-03 12:22:41.814132,0 days 00:00:33.850865,7,80,80.0,75.0,50.0,15.0,100.0,70.0,,,,6,4.0,3.0,2.0,5.0,2.0,2.0,,,,COMPLETE
458,458,0.7894144502840155,2025-01-03 12:22:41.814825,2025-01-03 12:23:04.113310,0 days 00:00:22.298485,7,75,60.0,80.0,55.0,50.0,95.0,95.0,,,,6,3.0,2.0,2.0,3.0,3.0,2.0,,,,COMPLETE
459,459,0.8167785541398365,2025-01-03 12:23:04.114238,2025-01-03 12:23:39.690698,0 days 00:00:35.576460,7,60,70.0,80.0,35.0,60.0,100.0,90.0,,,,6,4.0,6.0,2.0,6.0,2.0,5.0,,,,COMPLETE
460,460,0.790990488602614,2025-01-03 12:23:39.691444,2025-01-03 12:24:04.845726,0 days 00:00:25.154282,7,80,85.0,85.0,50.0,65.0,65.0,70.0,,,,6,4.0,4.0,3.0,3.0,2.0,3.0,,,,COMPLETE
461,461,0.8041296221835024,2025-01-03 12:24:04.846434,2025-01-03 12:24:48.043921,0 days 00:00:43.197487,8,80,80.0,70.0,40.0,10.0,25.0,75.0,75.0,,,3,4.0,2.0,2.0,5.0,2.0,2.0,5.0,,,COMPLETE
462,462,0.8178475775981635,2025-01-03 12:24:48.044889,2025-01-03 12:25:11.804965,0 days 00:00:23.760076,7,75,65.0,90.0,45.0,55.0,95.0,80.0,,,,6,4.0,4.0,2.0,3.0,2.0,4.0,,,,COMPLETE
463,463,0.794160326300102,2025-01-03 12:25:11.805698,2025-01-03 12:25:42.241931,0 days 00:00:30.436233,7,70,65.0,95.0,45.0,55.0,95.0,80.0,,,,6,4.0,2.0,2.0,3.0,4.0,4.0,,,,COMPLETE
464,464,0.8002232297495978,2025-01-03 12:25:42.242636,2025-01-03 12:26:06.444215,0 days 00:00:24.201579,7,80,65.0,90.0,45.0,55.0,95.0,75.0,,,,6,4.0,4.0,2.0,3.0,3.0,4.0,,,,COMPLETE
465,465,0.8016806947944031,2025-01-03 12:26:06.445172,2025-01-03 12:26:42.323190,0 days 00:00:35.878018,7,70,60.0,95.0,45.0,55.0,90.0,80.0,,,,6,4.0,5.0,3.0,3.0,2.0,5.0,,,,COMPLETE
466,466,0.7882787292132043,2025-01-03 12:26:42.323923,2025-01-03 12:27:12.059211,0 days 00:00:29.735288,7,75,65.0,95.0,50.0,50.0,95.0,75.0,,,,5,4.0,6.0,2.0,3.0,2.0,4.0,,,,COMPLETE
467,467,0.8186531170204534,2025-01-03 12:27:12.060082,2025-01-03 12:27:32.793096,0 days 00:00:20.733014,5,75,60.0,90.0,45.0,50.0,,,,,,6,5.0,3.0,3.0,2.0,,,,,,COMPLETE
468,468,0.8259013985226956,2025-01-03 12:27:32.793785,2025-01-03 12:27:57.756080,0 days 00:00:24.962295,5,75,55.0,85.0,40.0,50.0,,,,,,4,5.0,3.0,3.0,2.0,,,,,,COMPLETE
469,469,0.8072858296277551,2025-01-03 12:27:57.756754,2025-01-03 12:28:27.220783,0 days 00:00:29.464029,5,75,55.0,90.0,40.0,50.0,,,,,,4,5.0,3.0,3.0,2.0,,,,,,COMPLETE
470,470,0.7963445620674676,2025-01-03 12:28:27.221420,2025-01-03 12:28:57.887392,0 days 00:00:30.665972,5,75,50.0,90.0,35.0,45.0,,,,,,4,4.0,3.0,3.0,2.0,,,,,,COMPLETE
471,471,0.8078990344669512,2025-01-03 12:28:57.888247,2025-01-03 12:29:24.871134,0 days 00:00:26.982887,5,75,60.0,90.0,40.0,50.0,,,,,,4,5.0,3.0,3.0,2.0,,,,,,COMPLETE
472,472,0.7731559796621605,2025-01-03 12:29:24.871833,2025-01-03 12:29:54.855581,0 days 00:00:29.983748,5,70,55.0,100.0,40.0,45.0,,,,,,4,4.0,3.0,3.0,2.0,,,,,,COMPLETE
473,473,0.8097560975609757,2025-01-03 12:29:54.856235,2025-01-03 12:30:25.411407,0 days 00:00:30.555172,5,75,60.0,95.0,40.0,50.0,,,,,,4,5.0,3.0,3.0,2.0,,,,,,COMPLETE
474,474,0.7985275676064874,2025-01-03 12:30:25.412238,2025-01-03 12:30:53.253595,0 days 00:00:27.841357,5,75,55.0,85.0,45.0,50.0,,,,,,4,5.0,3.0,3.0,2.0,,,,,,COMPLETE
475,475,0.8063267583548986,2025-01-03 12:30:53.254305,2025-01-03 12:31:23.246426,0 days 00:00:29.992121,5,70,55.0,90.0,45.0,50.0,,,,,,4,5.0,3.0,3.0,2.0,,,,,,COMPLETE
476,476,0.8031068536904713,2025-01-03 12:31:23.247076,2025-01-03 12:31:45.888344,0 days 00:00:22.641268,5,75,60.0,90.0,35.0,50.0,,,,,,4,5.0,3.0,3.0,2.0,,,,,,COMPLETE
477,477,0.7840961366943623,2025-01-03 12:31:45.889175,2025-01-03 12:32:10.689123,0 days 00:00:24.799948,4,70,60.0,90.0,45.0,,,,,,,4,4.0,3.0,3.0,,,,,,,COMPLETE
478,478,0.7980328313661647,2025-01-03 12:32:10.689792,2025-01-03 12:32:41.276237,0 days 00:00:30.586445,5,75,60.0,90.0,40.0,45.0,,,,,,4,5.0,3.0,3.0,2.0,,,,,,COMPLETE
479,479,0.8063178009352672,2025-01-03 12:32:41.276883,2025-01-03 12:33:09.305158,0 days 00:00:28.028275,5,75,55.0,95.0,45.0,50.0,,,,,,4,5.0,3.0,3.0,2.0,,,,,,COMPLETE
480,480,0.817633091546135,2025-01-03 12:33:09.305790,2025-01-03 12:33:26.407046,0 days 00:00:17.101256,5,65,65.0,75.0,30.0,55.0,,,,,,6,5.0,3.0,3.0,2.0,,,,,,COMPLETE
481,481,0.801418245537181,2025-01-03 12:33:26.407865,2025-01-03 12:33:42.914794,0 days 00:00:16.506929,5,80,65.0,90.0,40.0,50.0,,,,,,6,5.0,3.0,3.0,2.0,,,,,,COMPLETE
482,482,0.7992607087186321,2025-01-03 12:33:42.915492,2025-01-03 12:34:04.843661,0 days 00:00:21.928169,5,60,60.0,20.0,45.0,45.0,,,,,,5,5.0,3.0,3.0,2.0,,,,,,COMPLETE
483,483,0.8227037790825367,2025-01-03 12:34:04.844327,2025-01-03 12:34:27.645735,0 days 00:00:22.801408,5,70,55.0,85.0,35.0,55.0,,,,,,6,5.0,3.0,3.0,2.0,,,,,,COMPLETE
484,484,0.8125535227142306,2025-01-03 12:34:27.646389,2025-01-03 12:34:46.828571,0 days 00:00:19.182182,5,65,55.0,15.0,35.0,50.0,,,,,,6,5.0,3.0,3.0,2.0,,,,,,COMPLETE
485,485,0.8121128251529479,2025-01-03 12:34:46.829214,2025-01-03 12:35:04.750773,0 days 00:00:17.921559,5,70,50.0,85.0,35.0,55.0,,,,,,6,5.0,3.0,3.0,2.0,,,,,,COMPLETE
