,number,value,datetime_start,datetime_complete,duration,params_depth,params_neurons_layer_0,params_neurons_layer_1,params_neurons_layer_2,params_neurons_layer_3,params_neurons_layer_4,params_neurons_layer_5,params_neurons_layer_6,params_neurons_layer_7,params_neurons_layer_8,params_neurons_layer_9,params_orders_layer_0,params_orders_layer_1,params_orders_layer_2,params_orders_layer_3,params_orders_layer_4,params_orders_layer_5,params_orders_layer_6,params_orders_layer_7,params_orders_layer_8,params_orders_layer_9,state
0,0,0.6753246753246753,2025-01-04 02:40:47.872839,2025-01-04 02:41:16.582393,0 days 00:00:28.709554,8,10,10.0,95.0,90.0,75.0,40.0,50.0,10.0,,,2,2.0,4.0,4.0,4.0,3.0,2.0,4.0,,,COMPLETE
1,1,0.7126436781609196,2025-01-04 02:41:16.582982,2025-01-04 02:41:48.725221,0 days 00:00:32.142239,8,45,20.0,35.0,25.0,45.0,45.0,45.0,20.0,,,4,2.0,6.0,3.0,2.0,2.0,2.0,6.0,,,COMPLETE
2,2,0.6653027823240589,2025-01-04 02:41:48.725932,2025-01-04 02:41:59.655443,0 days 00:00:10.929511,2,30,20.0,,,,,,,,,5,4.0,,,,,,,,,COMPLETE
3,3,0.6963835155592935,2025-01-04 02:41:59.655896,2025-01-04 02:42:14.545358,0 days 00:00:14.889462,3,35,100.0,80.0,,,,,,,,5,4.0,4.0,,,,,,,,COMPLETE
4,4,0.719551282051282,2025-01-04 02:42:14.545827,2025-01-04 02:42:27.853412,0 days 00:00:13.307585,6,55,100.0,45.0,45.0,75.0,20.0,,,,,6,5.0,5.0,2.0,3.0,4.0,,,,,COMPLETE
5,5,0.677938808373591,2025-01-04 02:42:27.853955,2025-01-04 02:43:00.441320,0 days 00:00:32.587365,6,30,10.0,60.0,15.0,30.0,10.0,,,,,6,6.0,2.0,6.0,3.0,4.0,,,,,COMPLETE
6,6,0.5407407407407407,2025-01-04 02:43:00.441952,2025-01-04 02:43:36.991008,0 days 00:00:36.549056,7,65,75.0,65.0,90.0,90.0,15.0,5.0,,,,6,6.0,3.0,5.0,6.0,5.0,4.0,,,,COMPLETE
7,7,0.525101763907734,2025-01-04 02:43:36.991705,2025-01-04 02:44:02.080285,0 days 00:00:25.088580,9,30,95.0,20.0,100.0,95.0,35.0,20.0,100.0,60.0,,3,3.0,6.0,6.0,6.0,4.0,4.0,6.0,5.0,,COMPLETE
8,8,0.695540308747856,2025-01-04 02:44:02.080970,2025-01-04 02:44:07.851701,0 days 00:00:05.770731,1,40,,,,,,,,,,4,,,,,,,,,,COMPLETE
9,9,0.7251845775225595,2025-01-04 02:44:07.852060,2025-01-04 02:44:25.161436,0 days 00:00:17.309376,4,30,60.0,45.0,65.0,,,,,,,2,6.0,2.0,5.0,,,,,,,COMPLETE
10,10,0.7148305084745763,2025-01-04 02:44:25.161922,2025-01-04 02:44:40.065166,0 days 00:00:14.903244,4,95,50.0,5.0,65.0,,,,,,,2,5.0,2.0,4.0,,,,,,,COMPLETE
11,11,0.6394230769230769,2025-01-04 02:44:40.065589,2025-01-04 02:44:58.920716,0 days 00:00:18.855127,5,60,55.0,40.0,50.0,5.0,,,,,,3,5.0,5.0,2.0,2.0,,,,,,COMPLETE
12,12,0.5818181818181818,2025-01-04 02:44:58.921240,2025-01-04 02:45:19.784376,0 days 00:00:20.863136,5,80,75.0,45.0,50.0,65.0,,,,,,3,5.0,5.0,2.0,4.0,,,,,,COMPLETE
13,13,0.64,2025-01-04 02:45:19.784859,2025-01-04 02:46:08.314997,0 days 00:00:48.530138,10,10,45.0,25.0,65.0,50.0,90.0,100.0,85.0,10.0,80.0,5,6.0,3.0,5.0,4.0,6.0,6.0,2.0,2.0,5.0,COMPLETE
14,14,0.4832575444398512,2025-01-04 02:46:08.315750,2025-01-04 02:46:31.398048,0 days 00:00:23.082298,4,75,80.0,55.0,35.0,,,,,,,6,5.0,5.0,3.0,,,,,,,COMPLETE
15,15,0.5277777777777778,2025-01-04 02:46:31.398578,2025-01-04 02:46:59.123712,0 days 00:00:27.725134,6,55,40.0,75.0,65.0,75.0,75.0,,,,,2,6.0,3.0,5.0,3.0,6.0,,,,,COMPLETE
16,16,0.7564935064935066,2025-01-04 02:46:59.124253,2025-01-04 02:47:16.450970,0 days 00:00:17.326717,3,15,65.0,30.0,,,,,,,,4,5.0,5.0,,,,,,,,COMPLETE
17,17,0.6940024479804161,2025-01-04 02:47:16.451376,2025-01-04 02:47:25.056213,0 days 00:00:08.604837,2,20,65.0,,,,,,,,,3,4.0,,,,,,,,,COMPLETE
18,18,0.703038083012409,2025-01-04 02:47:25.056636,2025-01-04 02:47:35.697971,0 days 00:00:10.641335,3,5,35.0,20.0,,,,,,,,4,3.0,2.0,,,,,,,,COMPLETE
19,19,0.66545601291364,2025-01-04 02:47:35.698349,2025-01-04 02:47:39.421567,0 days 00:00:03.723218,1,15,,,,,,,,,,2,,,,,,,,,,COMPLETE
20,20,0.5833333333333334,2025-01-04 02:47:39.421863,2025-01-04 02:48:02.612034,0 days 00:00:23.190171,4,20,85.0,5.0,5.0,,,,,,,4,6.0,4.0,6.0,,,,,,,COMPLETE
21,21,0.5716034271725826,2025-01-04 02:48:02.612558,2025-01-04 02:48:21.301281,0 days 00:00:18.688723,3,50,60.0,35.0,,,,,,,,5,5.0,5.0,,,,,,,,COMPLETE
22,22,0.6427070197562001,2025-01-04 02:48:21.301685,2025-01-04 02:48:59.514061,0 days 00:00:38.212376,7,70,65.0,50.0,40.0,30.0,70.0,90.0,,,,5,5.0,6.0,3.0,5.0,2.0,6.0,,,,COMPLETE
23,23,0.6124031007751938,2025-01-04 02:48:59.514723,2025-01-04 02:49:21.370767,0 days 00:00:21.856044,5,25,90.0,30.0,75.0,80.0,,,,,,3,5.0,5.0,4.0,3.0,,,,,,COMPLETE
24,24,0.43658326143226917,2025-01-04 02:49:21.371297,2025-01-04 02:49:41.951901,0 days 00:00:20.580604,4,45,70.0,40.0,40.0,,,,,,,6,6.0,4.0,2.0,,,,,,,COMPLETE
25,25,0.6827242524916943,2025-01-04 02:49:41.952373,2025-01-04 02:49:50.226159,0 days 00:00:08.273786,2,90,30.0,,,,,,,,,4,4.0,,,,,,,,,COMPLETE
26,26,0.6869387755102041,2025-01-04 02:49:50.226509,2025-01-04 02:50:20.980164,0 days 00:00:30.753655,6,40,55.0,50.0,75.0,100.0,25.0,,,,,4,6.0,5.0,5.0,5.0,3.0,,,,,COMPLETE
27,27,0.6794871794871795,2025-01-04 02:50:20.980766,2025-01-04 02:50:51.173175,0 days 00:00:30.192409,7,5,85.0,15.0,55.0,60.0,5.0,75.0,,,,5,5.0,3.0,3.0,2.0,5.0,3.0,,,,COMPLETE
28,28,0.5225694444444444,2025-01-04 02:50:51.173742,2025-01-04 02:51:06.275396,0 days 00:00:15.101654,3,55,45.0,70.0,,,,,,,,3,4.0,6.0,,,,,,,,COMPLETE
29,29,0.684577522559475,2025-01-04 02:51:06.275815,2025-01-04 02:51:42.093667,0 days 00:00:35.817852,8,15,65.0,55.0,25.0,5.0,60.0,70.0,50.0,,,2,5.0,4.0,5.0,5.0,5.0,5.0,2.0,,,COMPLETE
30,30,0.6715927750410509,2025-01-04 02:51:42.094233,2025-01-04 02:52:01.020481,0 days 00:00:18.926248,4,20,100.0,45.0,80.0,,,,,,,6,3.0,5.0,4.0,,,,,,,COMPLETE
31,31,0.6305418719211823,2025-01-04 02:52:01.021012,2025-01-04 02:52:18.834281,0 days 00:00:17.813269,5,95,50.0,5.0,60.0,35.0,,,,,,2,5.0,2.0,4.0,3.0,,,,,,COMPLETE
32,32,0.7126436781609196,2025-01-04 02:52:18.834774,2025-01-04 02:52:33.682848,0 days 00:00:14.848074,4,100,50.0,30.0,70.0,,,,,,,2,5.0,2.0,4.0,,,,,,,COMPLETE
33,33,0.6715927750410509,2025-01-04 02:52:33.683265,2025-01-04 02:52:44.762040,0 days 00:00:11.078775,2,85,60.0,,,,,,,,,2,6.0,,,,,,,,,COMPLETE
34,34,0.6565656565656566,2025-01-04 02:52:44.762385,2025-01-04 02:52:54.410365,0 days 00:00:09.647980,3,40,30.0,10.0,,,,,,,,2,4.0,2.0,,,,,,,,COMPLETE
35,35,0.5924495924495925,2025-01-04 02:52:54.410742,2025-01-04 02:53:13.657732,0 days 00:00:19.246990,6,65,75.0,25.0,45.0,20.0,100.0,,,,,3,2.0,3.0,3.0,4.0,3.0,,,,,COMPLETE
36,36,0.7373737373737375,2025-01-04 02:53:13.658331,2025-01-04 02:53:26.116548,0 days 00:00:12.458217,5,30,20.0,95.0,60.0,60.0,,,,,,2,4.0,2.0,2.0,2.0,,,,,,COMPLETE
37,37,0.5941558441558441,2025-01-04 02:53:26.116971,2025-01-04 02:53:56.653136,0 days 00:00:30.536165,8,30,20.0,100.0,55.0,60.0,25.0,30.0,55.0,,,3,4.0,4.0,2.0,2.0,4.0,5.0,4.0,,,COMPLETE
38,38,0.6365914786967418,2025-01-04 02:53:56.653731,2025-01-04 02:54:19.689185,0 days 00:00:23.035454,5,35,5.0,90.0,30.0,85.0,,,,,,4,3.0,6.0,2.0,3.0,,,,,,COMPLETE
39,39,0.5894909688013137,2025-01-04 02:54:19.689644,2025-01-04 02:54:41.487644,0 days 00:00:21.798000,6,50,25.0,85.0,85.0,65.0,55.0,,,,,5,4.0,4.0,2.0,2.0,3.0,,,,,COMPLETE
40,40,0.47098402018502944,2025-01-04 02:54:41.488120,2025-01-04 02:55:11.555153,0 days 00:00:30.067033,7,25,15.0,60.0,45.0,45.0,25.0,70.0,,,,6,6.0,2.0,3.0,3.0,4.0,3.0,,,,COMPLETE
41,41,0.7238372093023255,2025-01-04 02:55:11.555824,2025-01-04 02:55:23.482634,0 days 00:00:11.926810,4,10,45.0,40.0,60.0,,,,,,,2,5.0,2.0,2.0,,,,,,,COMPLETE
42,42,0.765791632485644,2025-01-04 02:55:23.483047,2025-01-04 02:55:32.409253,0 days 00:00:08.926206,3,15,40.0,40.0,,,,,,,,2,4.0,2.0,,,,,,,,COMPLETE
43,43,0.7373737373737375,2025-01-04 02:55:32.409634,2025-01-04 02:55:42.022757,0 days 00:00:09.613123,3,10,40.0,35.0,,,,,,,,2,4.0,2.0,,,,,,,,COMPLETE
44,44,0.7416943521594684,2025-01-04 02:55:42.023124,2025-01-04 02:55:49.923161,0 days 00:00:07.900037,3,15,35.0,35.0,,,,,,,,2,3.0,2.0,,,,,,,,COMPLETE
45,45,0.7268740031897927,2025-01-04 02:55:49.923507,2025-01-04 02:55:55.181296,0 days 00:00:05.257789,2,15,35.0,,,,,,,,,2,2.0,,,,,,,,,COMPLETE
46,46,0.7143447705663497,2025-01-04 02:55:55.181641,2025-01-04 02:55:58.897546,0 days 00:00:03.715905,1,5,,,,,,,,,,2,,,,,,,,,,COMPLETE
47,47,0.6594684385382059,2025-01-04 02:55:58.897847,2025-01-04 02:56:08.367723,0 days 00:00:09.469876,3,10,15.0,35.0,,,,,,,,2,3.0,3.0,,,,,,,,COMPLETE
48,48,0.5331069609507639,2025-01-04 02:56:08.368102,2025-01-04 02:56:17.821279,0 days 00:00:09.453177,3,25,40.0,30.0,,,,,,,,3,3.0,2.0,,,,,,,,COMPLETE
49,49,0.8193496587715776,2025-01-04 02:56:17.821649,2025-01-04 02:56:25.551032,0 days 00:00:07.729383,2,15,25.0,,,,,,,,,2,4.0,,,,,,,,,COMPLETE
50,50,0.6941223510595762,2025-01-04 02:56:25.551449,2025-01-04 02:56:29.916073,0 days 00:00:04.364624,1,15,,,,,,,,,,3,,,,,,,,,,COMPLETE
51,51,0.7463175122749591,2025-01-04 02:56:29.916369,2025-01-04 02:56:37.604329,0 days 00:00:07.687960,2,20,25.0,,,,,,,,,2,4.0,,,,,,,,,COMPLETE
52,52,0.6989160979526294,2025-01-04 02:56:37.604639,2025-01-04 02:56:45.284505,0 days 00:00:07.679866,2,20,25.0,,,,,,,,,2,4.0,,,,,,,,,COMPLETE
53,53,0.7227272727272727,2025-01-04 02:56:45.284862,2025-01-04 02:56:51.912202,0 days 00:00:06.627340,2,25,25.0,,,,,,,,,2,3.0,,,,,,,,,COMPLETE
54,54,0.6940024479804161,2025-01-04 02:56:51.912505,2025-01-04 02:56:55.919880,0 days 00:00:04.007375,1,35,,,,,,,,,,2,,,,,,,,,,COMPLETE
55,55,0.6190476190476191,2025-01-04 02:56:55.920209,2025-01-04 02:57:04.200643,0 days 00:00:08.280434,2,15,15.0,,,,,,,,,2,4.0,,,,,,,,,COMPLETE
56,56,0.6227272727272728,2025-01-04 02:57:04.200971,2025-01-04 02:57:14.755259,0 days 00:00:10.554288,3,20,30.0,65.0,,,,,,,,2,4.0,3.0,,,,,,,,COMPLETE
57,57,0.7005813953488372,2025-01-04 02:57:14.755596,2025-01-04 02:57:24.037479,0 days 00:00:09.281883,2,5,20.0,,,,,,,,,3,4.0,,,,,,,,,COMPLETE
58,58,0.6940024479804161,2025-01-04 02:57:24.037802,2025-01-04 02:57:27.783718,0 days 00:00:03.745916,1,30,,,,,,,,,,2,,,,,,,,,,COMPLETE
59,59,0.7398959583833533,2025-01-04 02:57:27.784006,2025-01-04 02:58:05.808108,0 days 00:00:38.024102,9,10,35.0,20.0,95.0,40.0,85.0,5.0,45.0,85.0,,3,3.0,3.0,3.0,5.0,6.0,3.0,3.0,6.0,,COMPLETE
60,60,0.6532027743778049,2025-01-04 02:58:05.808769,2025-01-04 02:58:24.618810,0 days 00:00:18.810041,9,10,35.0,15.0,95.0,20.0,80.0,5.0,45.0,100.0,,3,3.0,3.0,3.0,6.0,6.0,3.0,3.0,6.0,,COMPLETE
61,61,0.5384615384615385,2025-01-04 02:58:24.619440,2025-01-04 02:58:41.588187,0 days 00:00:16.968747,10,15,30.0,25.0,100.0,55.0,100.0,30.0,70.0,95.0,5.0,3,3.0,2.0,3.0,5.0,5.0,2.0,3.0,3.0,2.0,COMPLETE
62,62,0.76,2025-01-04 02:58:41.588742,2025-01-04 02:59:00.625376,0 days 00:00:19.036634,9,20,35.0,20.0,90.0,40.0,65.0,20.0,30.0,55.0,,2,2.0,3.0,3.0,5.0,6.0,5.0,5.0,6.0,,COMPLETE
63,63,0.7273469387755103,2025-01-04 02:59:00.625974,2025-01-04 02:59:27.724698,0 days 00:00:27.098724,10,10,35.0,20.0,90.0,40.0,65.0,15.0,30.0,60.0,30.0,2,2.0,3.0,3.0,5.0,6.0,5.0,5.0,6.0,6.0,COMPLETE
64,64,0.6365914786967418,2025-01-04 02:59:27.725344,2025-01-04 02:59:49.611427,0 days 00:00:21.886083,9,20,40.0,15.0,85.0,20.0,80.0,35.0,35.0,35.0,,3,2.0,3.0,4.0,6.0,6.0,4.0,5.0,5.0,,COMPLETE
65,65,0.7390606182256123,2025-01-04 02:59:49.612213,2025-01-04 03:00:30.243368,0 days 00:00:40.631155,9,25,45.0,25.0,95.0,15.0,90.0,15.0,5.0,75.0,,2,2.0,4.0,3.0,4.0,5.0,4.0,5.0,6.0,,COMPLETE
66,66,0.7536945812807883,2025-01-04 03:00:30.243968,2025-01-04 03:00:50.136474,0 days 00:00:19.892506,8,5,25.0,40.0,100.0,30.0,50.0,20.0,65.0,,,4,2.0,3.0,4.0,5.0,6.0,5.0,3.0,,,COMPLETE
67,67,0.6989160979526294,2025-01-04 03:00:50.137014,2025-01-04 03:01:11.775615,0 days 00:00:21.638601,8,5,25.0,40.0,80.0,30.0,50.0,40.0,65.0,,,4,2.0,3.0,6.0,4.0,5.0,5.0,4.0,,,COMPLETE
68,68,0.662962962962963,2025-01-04 03:01:11.776282,2025-01-04 03:01:22.393153,0 days 00:00:10.616871,3,20,30.0,35.0,,,,,,,,4,2.0,4.0,,,,,,,,COMPLETE
69,69,0.6794871794871795,2025-01-04 03:01:22.393578,2025-01-04 03:01:55.611107,0 days 00:00:33.217529,8,5,10.0,50.0,15.0,15.0,55.0,60.0,75.0,,,4,2.0,2.0,4.0,6.0,6.0,6.0,3.0,,,COMPLETE
70,70,0.6439704675963904,2025-01-04 03:01:55.611711,2025-01-04 03:02:07.126955,0 days 00:00:11.515244,2,15,25.0,,,,,,,,,5,4.0,,,,,,,,,COMPLETE
71,71,0.6998799519807923,2025-01-04 03:02:07.127370,2025-01-04 03:02:43.998992,0 days 00:00:36.871622,9,10,35.0,30.0,100.0,45.0,90.0,20.0,35.0,40.0,,2,3.0,3.0,3.0,5.0,6.0,5.0,3.0,4.0,,COMPLETE
72,72,0.6427070197562001,2025-01-04 03:02:43.999716,2025-01-04 03:03:22.822857,0 days 00:00:38.823141,10,15,40.0,20.0,95.0,35.0,70.0,5.0,55.0,80.0,100.0,4,2.0,3.0,4.0,5.0,6.0,3.0,2.0,5.0,2.0,COMPLETE
73,73,0.5166036149642708,2025-01-04 03:03:22.823477,2025-01-04 03:03:59.402154,0 days 00:00:36.578677,9,5,30.0,45.0,85.0,40.0,60.0,25.0,25.0,80.0,,2,3.0,3.0,4.0,5.0,5.0,4.0,4.0,4.0,,COMPLETE
74,74,0.6565656565656566,2025-01-04 03:03:59.402851,2025-01-04 03:04:33.504877,0 days 00:00:34.102026,8,20,35.0,10.0,100.0,25.0,35.0,15.0,40.0,,,4,2.0,4.0,4.0,6.0,6.0,5.0,3.0,,,COMPLETE
75,75,0.6347402597402598,2025-01-04 03:04:33.505527,2025-01-04 03:05:18.383513,0 days 00:00:44.877986,9,25,55.0,30.0,90.0,40.0,45.0,10.0,65.0,40.0,,3,4.0,2.0,3.0,5.0,5.0,6.0,5.0,6.0,,COMPLETE
76,76,0.6072757337742869,2025-01-04 03:05:18.384236,2025-01-04 03:05:27.688547,0 days 00:00:09.304311,3,15,25.0,20.0,,,,,,,,2,3.0,3.0,,,,,,,,COMPLETE
77,77,0.7398959583833533,2025-01-04 03:05:27.688932,2025-01-04 03:05:54.518462,0 days 00:00:26.829530,7,10,70.0,35.0,80.0,45.0,80.0,25.0,,,,2,3.0,2.0,5.0,4.0,6.0,3.0,,,,COMPLETE
78,78,0.7290490664350847,2025-01-04 03:05:54.519022,2025-01-04 03:06:06.982588,0 days 00:00:12.463566,3,5,15.0,40.0,,,,,,,,4,4.0,3.0,,,,,,,,COMPLETE
79,79,0.7877551020408163,2025-01-04 03:06:06.982971,2025-01-04 03:06:20.348633,0 days 00:00:13.365662,4,10,45.0,25.0,70.0,,,,,,,3,2.0,5.0,3.0,,,,,,,COMPLETE
80,80,0.6365914786967418,2025-01-04 03:06:20.349041,2025-01-04 03:06:40.752067,0 days 00:00:20.403026,4,20,50.0,25.0,70.0,,,,,,,5,2.0,5.0,5.0,,,,,,,COMPLETE
81,81,0.6729559748427673,2025-01-04 03:06:40.752530,2025-01-04 03:06:55.258996,0 days 00:00:14.506466,4,10,40.0,10.0,90.0,,,,,,,3,2.0,5.0,3.0,,,,,,,COMPLETE
82,82,0.779205138498595,2025-01-04 03:06:55.259510,2025-01-04 03:07:07.314630,0 days 00:00:12.055120,3,15,45.0,25.0,,,,,,,,2,2.0,6.0,,,,,,,,COMPLETE
83,83,0.7666666666666666,2025-01-04 03:07:07.315052,2025-01-04 03:07:19.347771,0 days 00:00:12.032719,3,15,45.0,30.0,,,,,,,,2,2.0,6.0,,,,,,,,COMPLETE
84,84,0.6940024479804161,2025-01-04 03:07:19.348145,2025-01-04 03:07:24.515559,0 days 00:00:05.167414,2,20,45.0,,,,,,,,,2,2.0,,,,,,,,,COMPLETE
85,85,0.7126436781609196,2025-01-04 03:07:24.515875,2025-01-04 03:07:36.532215,0 days 00:00:12.016340,3,15,45.0,30.0,,,,,,,,2,2.0,6.0,,,,,,,,COMPLETE
86,86,0.7996794871794872,2025-01-04 03:07:36.532604,2025-01-04 03:07:53.481349,0 days 00:00:16.948745,4,25,60.0,25.0,75.0,,,,,,,2,2.0,6.0,4.0,,,,,,,COMPLETE
87,87,0.7469237079573421,2025-01-04 03:07:53.481767,2025-01-04 03:08:10.467056,0 days 00:00:16.985289,4,25,60.0,25.0,75.0,,,,,,,2,2.0,6.0,4.0,,,,,,,COMPLETE
88,88,0.6885521885521886,2025-01-04 03:08:10.467461,2025-01-04 03:08:28.834400,0 days 00:00:18.366939,4,10,55.0,15.0,70.0,,,,,,,2,2.0,6.0,5.0,,,,,,,COMPLETE
89,89,0.76759410801964,2025-01-04 03:08:28.834927,2025-01-04 03:08:51.206753,0 days 00:00:22.371826,5,35,55.0,30.0,85.0,70.0,,,,,,2,2.0,6.0,4.0,6.0,,,,,,COMPLETE
90,90,0.7454545454545455,2025-01-04 03:08:51.207276,2025-01-04 03:09:14.860853,0 days 00:00:23.653577,5,25,65.0,30.0,75.0,90.0,,,,,,2,2.0,6.0,5.0,6.0,,,,,,COMPLETE
91,91,0.6940024479804161,2025-01-04 03:09:14.861360,2025-01-04 03:09:38.760106,0 days 00:00:23.898746,5,30,55.0,20.0,85.0,65.0,,,,,,2,2.0,6.0,4.0,6.0,,,,,,COMPLETE
92,92,0.703038083012409,2025-01-04 03:09:38.760577,2025-01-04 03:09:54.671181,0 days 00:00:15.910604,4,15,50.0,25.0,80.0,,,,,,,2,2.0,6.0,4.0,,,,,,,COMPLETE
93,93,0.6565656565656566,2025-01-04 03:09:54.671707,2025-01-04 03:10:18.570806,0 days 00:00:23.899099,5,40,60.0,45.0,95.0,75.0,,,,,,2,2.0,6.0,4.0,6.0,,,,,,COMPLETE
94,94,0.8045454545454545,2025-01-04 03:10:18.571342,2025-01-04 03:10:30.654416,0 days 00:00:12.083074,3,10,70.0,30.0,,,,,,,,2,2.0,6.0,,,,,,,,COMPLETE
95,95,0.6818181818181819,2025-01-04 03:10:30.654820,2025-01-04 03:10:43.723176,0 days 00:00:13.068356,3,35,70.0,30.0,,,,,,,,2,2.0,6.0,,,,,,,,COMPLETE
96,96,0.6653027823240589,2025-01-04 03:10:43.723558,2025-01-04 03:10:55.937367,0 days 00:00:12.213809,3,45,65.0,25.0,,,,,,,,2,2.0,6.0,,,,,,,,COMPLETE
97,97,0.7484126984126984,2025-01-04 03:10:55.937767,2025-01-04 03:11:10.904640,0 days 00:00:14.966873,4,20,50.0,35.0,65.0,,,,,,,2,2.0,6.0,3.0,,,,,,,COMPLETE
98,98,0.6963835155592935,2025-01-04 03:11:10.905038,2025-01-04 03:11:21.757364,0 days 00:00:10.852326,3,15,75.0,20.0,,,,,,,,2,2.0,5.0,,,,,,,,COMPLETE
99,99,0.76,2025-01-04 03:11:21.757730,2025-01-04 03:11:43.586800,0 days 00:00:21.829070,4,10,60.0,25.0,70.0,,,,,,,2,5.0,6.0,6.0,,,,,,,COMPLETE
100,100,0.7564935064935066,2025-01-04 03:11:43.587422,2025-01-04 03:12:02.181696,0 days 00:00:18.594274,4,10,55.0,25.0,70.0,,,,,,,2,2.0,6.0,6.0,,,,,,,COMPLETE
101,101,0.7181964573268921,2025-01-04 03:12:02.182183,2025-01-04 03:12:24.037390,0 days 00:00:21.855207,4,15,60.0,30.0,75.0,,,,,,,2,5.0,6.0,6.0,,,,,,,COMPLETE
102,102,0.7083333333333333,2025-01-04 03:12:24.037841,2025-01-04 03:12:40.513849,0 days 00:00:16.476008,3,10,65.0,35.0,,,,,,,,2,5.0,6.0,,,,,,,,COMPLETE
103,103,0.696969696969697,2025-01-04 03:12:40.514255,2025-01-04 03:13:07.976447,0 days 00:00:27.462192,6,15,50.0,15.0,65.0,70.0,40.0,,,,,2,5.0,5.0,5.0,6.0,2.0,,,,,COMPLETE
104,104,0.7181964573268921,2025-01-04 03:13:07.977108,2025-01-04 03:13:28.448055,0 days 00:00:20.470947,4,30,60.0,20.0,50.0,,,,,,,2,5.0,6.0,5.0,,,,,,,COMPLETE
105,105,0.625,2025-01-04 03:13:28.448598,2025-01-04 03:13:45.315716,0 days 00:00:16.867118,3,20,70.0,30.0,,,,,,,,2,6.0,6.0,,,,,,,,COMPLETE
106,106,0.6375105130361649,2025-01-04 03:13:45.316122,2025-01-04 03:14:02.879065,0 days 00:00:17.562943,5,60,45.0,25.0,80.0,50.0,,,,,,2,2.0,5.0,3.0,4.0,,,,,,COMPLETE
107,107,0.7777777777777778,2025-01-04 03:14:02.879564,2025-01-04 03:14:15.040002,0 days 00:00:12.160438,3,10,65.0,20.0,,,,,,,,2,2.0,6.0,,,,,,,,COMPLETE
108,108,0.7844611528822054,2025-01-04 03:14:15.040380,2025-01-04 03:14:20.705400,0 days 00:00:05.665020,2,5,80.0,,,,,,,,,2,2.0,,,,,,,,,COMPLETE
109,109,0.7496012759170654,2025-01-04 03:14:20.705720,2025-01-04 03:14:26.358608,0 days 00:00:05.652888,2,5,80.0,,,,,,,,,2,2.0,,,,,,,,,COMPLETE
110,110,0.7463175122749591,2025-01-04 03:14:26.358921,2025-01-04 03:14:32.413383,0 days 00:00:06.054462,2,5,75.0,,,,,,,,,2,2.0,,,,,,,,,COMPLETE
111,111,0.7343205574912892,2025-01-04 03:14:32.413841,2025-01-04 03:14:44.626663,0 days 00:00:12.212822,3,10,90.0,15.0,,,,,,,,2,2.0,6.0,,,,,,,,COMPLETE
112,112,0.7947454844006567,2025-01-04 03:14:44.627030,2025-01-04 03:15:04.739115,0 days 00:00:20.112085,4,10,55.0,20.0,60.0,,,,,,,2,2.0,6.0,6.0,,,,,,,COMPLETE
113,113,0.7868248772504092,2025-01-04 03:15:04.739640,2025-01-04 03:15:10.423976,0 days 00:00:05.684336,2,5,80.0,,,,,,,,,2,2.0,,,,,,,,,COMPLETE
114,114,0.7996794871794872,2025-01-04 03:15:10.424313,2025-01-04 03:15:15.685342,0 days 00:00:05.261029,2,5,80.0,,,,,,,,,2,2.0,,,,,,,,,COMPLETE
115,115,0.7192982456140351,2025-01-04 03:15:15.685659,2025-01-04 03:15:21.349781,0 days 00:00:05.664122,2,5,80.0,,,,,,,,,2,2.0,,,,,,,,,COMPLETE
116,116,0.7267759562841529,2025-01-04 03:15:21.350106,2025-01-04 03:15:25.314532,0 days 00:00:03.964426,1,5,,,,,,,,,,2,,,,,,,,,,COMPLETE
117,117,0.7159090909090908,2025-01-04 03:15:25.314821,2025-01-04 03:15:30.519016,0 days 00:00:05.204195,2,10,85.0,,,,,,,,,2,2.0,,,,,,,,,COMPLETE
118,118,0.7824074074074074,2025-01-04 03:15:30.519334,2025-01-04 03:15:34.244435,0 days 00:00:03.725101,1,5,,,,,,,,,,2,,,,,,,,,,COMPLETE
119,119,0.6899545266639107,2025-01-04 03:15:34.244720,2025-01-04 03:15:37.961958,0 days 00:00:03.717238,1,5,,,,,,,,,,2,,,,,,,,,,COMPLETE
120,120,0.7373737373737375,2025-01-04 03:15:37.962252,2025-01-04 03:15:41.910571,0 days 00:00:03.948319,1,5,,,,,,,,,,2,,,,,,,,,,COMPLETE
121,121,0.7159090909090908,2025-01-04 03:15:41.910851,2025-01-04 03:15:47.130917,0 days 00:00:05.220066,2,10,85.0,,,,,,,,,2,2.0,,,,,,,,,COMPLETE
122,122,0.6611039794608472,2025-01-04 03:15:47.131222,2025-01-04 03:15:51.095347,0 days 00:00:03.964125,1,5,,,,,,,,,,2,,,,,,,,,,COMPLETE
123,123,0.7093301435406698,2025-01-04 03:15:51.095630,2025-01-04 03:15:56.747657,0 days 00:00:05.652027,2,10,75.0,,,,,,,,,2,2.0,,,,,,,,,COMPLETE
124,124,0.6666666666666666,2025-01-04 03:15:56.748115,2025-01-04 03:16:01.985170,0 days 00:00:05.237055,2,10,80.0,,,,,,,,,2,2.0,,,,,,,,,COMPLETE
125,125,0.7987117552334944,2025-01-04 03:16:01.985487,2025-01-04 03:16:15.065282,0 days 00:00:13.079795,3,5,85.0,10.0,,,,,,,,2,2.0,6.0,,,,,,,,COMPLETE
126,126,0.6179966044142615,2025-01-04 03:16:15.065663,2025-01-04 03:16:18.777217,0 days 00:00:03.711554,1,5,,,,,,,,,,2,,,,,,,,,,COMPLETE
127,127,0.7207737594617325,2025-01-04 03:16:18.777573,2025-01-04 03:16:24.484617,0 days 00:00:05.707044,2,5,85.0,,,,,,,,,2,2.0,,,,,,,,,COMPLETE
128,128,0.7596153846153846,2025-01-04 03:16:24.484931,2025-01-04 03:16:40.395517,0 days 00:00:15.910586,4,5,90.0,5.0,55.0,,,,,,,2,2.0,5.0,5.0,,,,,,,COMPLETE
129,129,0.7259259259259259,2025-01-04 03:16:40.395928,2025-01-04 03:16:52.600399,0 days 00:00:12.204471,3,10,90.0,10.0,,,,,,,,2,2.0,6.0,,,,,,,,COMPLETE
130,130,0.6779448621553885,2025-01-04 03:16:52.600769,2025-01-04 03:16:58.198407,0 days 00:00:05.597638,2,5,95.0,,,,,,,,,2,2.0,,,,,,,,,COMPLETE
131,131,0.7071078431372549,2025-01-04 03:16:58.198770,2025-01-04 03:17:11.315013,0 days 00:00:13.116243,3,15,80.0,5.0,,,,,,,,2,2.0,6.0,,,,,,,,COMPLETE
