,number,value,datetime_start,datetime_complete,duration,params_depth,params_neurons_layer_0,params_neurons_layer_1,params_neurons_layer_2,params_neurons_layer_3,params_neurons_layer_4,params_neurons_layer_5,params_neurons_layer_6,params_neurons_layer_7,params_neurons_layer_8,params_neurons_layer_9,params_orders_layer_0,params_orders_layer_1,params_orders_layer_2,params_orders_layer_3,params_orders_layer_4,params_orders_layer_5,params_orders_layer_6,params_orders_layer_7,params_orders_layer_8,params_orders_layer_9,state
683,683,0.8355720606826802,2025-01-04 09:15:37.702435,2025-01-04 09:15:44.803548,0 days 00:00:07.101113,2,75,50.0,,,,,,,,,2,3.0,,,,,,,,,COMPLETE
684,684,0.8035087719298246,2025-01-04 09:15:44.803941,2025-01-04 09:15:51.910142,0 days 00:00:07.106201,2,75,90.0,,,,,,,,,2,3.0,,,,,,,,,COMPLETE
685,685,0.7982300884955753,2025-01-04 09:15:51.910534,2025-01-04 09:15:57.590361,0 days 00:00:05.679827,2,75,95.0,,,,,,,,,2,2.0,,,,,,,,,COMPLETE
686,686,0.8159504265250281,2025-01-04 09:15:57.590880,2025-01-04 09:16:06.181680,0 days 00:00:08.590800,3,70,45.0,60.0,,,,,,,,2,3.0,2.0,,,,,,,,COMPLETE
687,687,0.7871068152031455,2025-01-04 09:16:06.182132,2025-01-04 09:16:15.417102,0 days 00:00:09.234970,3,75,90.0,65.0,,,,,,,,2,3.0,2.0,,,,,,,,COMPLETE
688,688,0.7792574656981437,2025-01-04 09:16:15.417542,2025-01-04 09:16:23.725556,0 days 00:00:08.308014,2,75,95.0,,,,,,,,,2,4.0,,,,,,,,,COMPLETE
689,689,0.8015750588617359,2025-01-04 09:16:23.725981,2025-01-04 09:16:27.707673,0 days 00:00:03.981692,1,70,,,,,,,,,,2,,,,,,,,,,COMPLETE
690,690,0.8281055900621117,2025-01-04 09:16:27.708045,2025-01-04 09:16:34.426283,0 days 00:00:06.718238,2,70,5.0,,,,,,,,,2,3.0,,,,,,,,,COMPLETE
691,691,0.8340579710144927,2025-01-04 09:16:34.426685,2025-01-04 09:16:41.086568,0 days 00:00:06.659883,2,75,100.0,,,,,,,,,2,3.0,,,,,,,,,COMPLETE
692,692,0.8659752692461109,2025-01-04 09:16:41.086966,2025-01-04 09:16:48.789333,0 days 00:00:07.702367,3,75,90.0,70.0,,,,,,,,2,2.0,2.0,,,,,,,,COMPLETE
693,693,0.7709339774557167,2025-01-04 09:16:48.789748,2025-01-04 09:16:56.409811,0 days 00:00:07.620063,3,70,90.0,70.0,,,,,,,,2,2.0,2.0,,,,,,,,COMPLETE
694,694,0.7857142857142857,2025-01-04 09:16:56.410307,2025-01-04 09:17:04.094865,0 days 00:00:07.684558,3,75,90.0,75.0,,,,,,,,2,2.0,2.0,,,,,,,,COMPLETE
695,695,0.8244637961619095,2025-01-04 09:17:04.095488,2025-01-04 09:17:11.773433,0 days 00:00:07.677945,3,70,90.0,70.0,,,,,,,,2,2.0,2.0,,,,,,,,COMPLETE
696,696,0.792725501339612,2025-01-04 09:17:11.773873,2025-01-04 09:17:19.498662,0 days 00:00:07.724789,3,75,90.0,75.0,,,,,,,,2,2.0,2.0,,,,,,,,COMPLETE
697,697,0.7856459330143541,2025-01-04 09:17:19.499162,2025-01-04 09:17:27.223195,0 days 00:00:07.724033,3,75,90.0,65.0,,,,,,,,2,2.0,2.0,,,,,,,,COMPLETE
698,698,0.8070796460176992,2025-01-04 09:17:27.223633,2025-01-04 09:17:35.003296,0 days 00:00:07.779663,3,70,90.0,70.0,,,,,,,,2,2.0,2.0,,,,,,,,COMPLETE
699,699,0.7800579430226944,2025-01-04 09:17:35.003783,2025-01-04 09:17:42.707664,0 days 00:00:07.703881,3,65,95.0,65.0,,,,,,,,2,2.0,2.0,,,,,,,,COMPLETE
700,700,0.8430662805662805,2025-01-04 09:17:42.708095,2025-01-04 09:17:54.977131,0 days 00:00:12.269036,3,75,90.0,70.0,,,,,,,,6,2.0,2.0,,,,,,,,COMPLETE
701,701,0.8124850514231046,2025-01-04 09:17:54.977648,2025-01-04 09:18:02.622086,0 days 00:00:07.644438,3,70,95.0,65.0,,,,,,,,2,2.0,2.0,,,,,,,,COMPLETE
702,702,0.8161705551086083,2025-01-04 09:18:02.622541,2025-01-04 09:18:09.790976,0 days 00:00:07.168435,3,75,90.0,80.0,,,,,,,,2,2.0,2.0,,,,,,,,COMPLETE
703,703,0.8340579710144927,2025-01-04 09:18:09.791419,2025-01-04 09:18:17.521927,0 days 00:00:07.730508,3,75,95.0,75.0,,,,,,,,2,2.0,2.0,,,,,,,,COMPLETE
704,704,0.8481053051455923,2025-01-04 09:18:17.522366,2025-01-04 09:18:27.206786,0 days 00:00:09.684420,3,75,95.0,75.0,,,,,,,,4,2.0,2.0,,,,,,,,COMPLETE
705,705,0.8341110217216412,2025-01-04 09:18:27.207240,2025-01-04 09:18:34.883654,0 days 00:00:07.676414,3,70,90.0,80.0,,,,,,,,2,2.0,2.0,,,,,,,,COMPLETE
706,706,0.8156622623267805,2025-01-04 09:18:34.884295,2025-01-04 09:18:42.583558,0 days 00:00:07.699263,3,75,100.0,65.0,,,,,,,,2,2.0,2.0,,,,,,,,COMPLETE
707,707,0.8569604086845466,2025-01-04 09:18:42.583999,2025-01-04 09:18:50.266509,0 days 00:00:07.682510,3,80,90.0,70.0,,,,,,,,2,2.0,2.0,,,,,,,,COMPLETE
708,708,0.8035714285714286,2025-01-04 09:18:50.266992,2025-01-04 09:18:57.384526,0 days 00:00:07.117534,3,70,95.0,60.0,,,,,,,,2,2.0,2.0,,,,,,,,COMPLETE
709,709,0.7962264150943397,2025-01-04 09:18:57.385040,2025-01-04 09:19:06.612984,0 days 00:00:09.227944,3,30,90.0,65.0,,,,,,,,2,3.0,2.0,,,,,,,,COMPLETE
710,710,0.8147131955757524,2025-01-04 09:19:06.613476,2025-01-04 09:19:13.278671,0 days 00:00:06.665195,2,75,15.0,,,,,,,,,2,3.0,,,,,,,,,COMPLETE
711,711,0.7941176470588235,2025-01-04 09:19:13.279085,2025-01-04 09:19:22.872209,0 days 00:00:09.593124,2,80,95.0,,,,,,,,,2,5.0,,,,,,,,,COMPLETE
712,712,0.8212374581939799,2025-01-04 09:19:22.872617,2025-01-04 09:19:29.017456,0 days 00:00:06.144839,2,75,10.0,,,,,,,,,2,2.0,,,,,,,,,COMPLETE
713,713,0.7617628101836932,2025-01-04 09:19:29.017928,2025-01-04 09:19:37.616990,0 days 00:00:08.599062,3,65,85.0,60.0,,,,,,,,2,3.0,2.0,,,,,,,,COMPLETE
714,714,0.7931735067045916,2025-01-04 09:19:37.617452,2025-01-04 09:19:44.754602,0 days 00:00:07.137150,2,80,55.0,,,,,,,,,2,3.0,,,,,,,,,COMPLETE
715,715,0.7643432906590801,2025-01-04 09:19:44.755024,2025-01-04 09:19:54.385994,0 days 00:00:09.630970,3,75,25.0,70.0,,,,,,,,2,4.0,2.0,,,,,,,,COMPLETE
716,716,0.77617298380364,2025-01-04 09:19:54.386533,2025-01-04 09:20:01.485266,0 days 00:00:07.098733,2,80,90.0,,,,,,,,,2,3.0,,,,,,,,,COMPLETE
717,717,0.8235583224115335,2025-01-04 09:20:01.485728,2025-01-04 09:20:05.512291,0 days 00:00:04.026563,1,75,,,,,,,,,,2,,,,,,,,,,COMPLETE
718,718,0.823495655025414,2025-01-04 09:20:05.512666,2025-01-04 09:20:12.654890,0 days 00:00:07.142224,2,75,90.0,,,,,,,,,2,3.0,,,,,,,,,COMPLETE
719,719,0.7975921137685844,2025-01-04 09:20:12.655504,2025-01-04 09:20:19.784306,0 days 00:00:07.128802,2,70,85.0,,,,,,,,,2,3.0,,,,,,,,,COMPLETE
720,720,0.8233169129720854,2025-01-04 09:20:19.784727,2025-01-04 09:20:29.468227,0 days 00:00:09.683500,3,80,100.0,70.0,,,,,,,,4,2.0,2.0,,,,,,,,COMPLETE
721,721,0.8214940604321135,2025-01-04 09:20:29.468802,2025-01-04 09:20:36.662130,0 days 00:00:07.193328,2,10,95.0,,,,,,,,,2,3.0,,,,,,,,,COMPLETE
722,722,0.8338977584260603,2025-01-04 09:20:36.662550,2025-01-04 09:20:49.390255,0 days 00:00:12.727705,4,80,90.0,80.0,70.0,,,,,,,2,3.0,2.0,4.0,,,,,,,COMPLETE
723,723,0.851842910027362,2025-01-04 09:20:49.390748,2025-01-04 09:20:58.001418,0 days 00:00:08.610670,3,75,90.0,65.0,,,,,,,,2,3.0,2.0,,,,,,,,COMPLETE
724,724,0.7835511894130065,2025-01-04 09:20:58.001955,2025-01-04 09:21:07.324666,0 days 00:00:09.322711,2,70,95.0,,,,,,,,,4,3.0,,,,,,,,,COMPLETE
725,725,0.7981481481481482,2025-01-04 09:21:07.325117,2025-01-04 09:21:13.484618,0 days 00:00:06.159501,2,95,85.0,,,,,,,,,2,2.0,,,,,,,,,COMPLETE
726,726,0.8123653769445554,2025-01-04 09:21:13.485059,2025-01-04 09:21:22.096920,0 days 00:00:08.611861,3,80,95.0,60.0,,,,,,,,2,3.0,2.0,,,,,,,,COMPLETE
727,727,0.7515825353027106,2025-01-04 09:21:22.097376,2025-01-04 09:21:29.248193,0 days 00:00:07.150817,2,75,85.0,,,,,,,,,2,3.0,,,,,,,,,COMPLETE
728,728,0.7866863420232825,2025-01-04 09:21:29.248621,2025-01-04 09:21:40.364142,0 days 00:00:11.115521,2,70,90.0,,,,,,,,,2,6.0,,,,,,,,,COMPLETE
729,729,0.8000661211670386,2025-01-04 09:21:40.364604,2025-01-04 09:21:44.408794,0 days 00:00:04.044190,1,80,,,,,,,,,,2,,,,,,,,,,COMPLETE
730,730,0.8302353410450738,2025-01-04 09:21:44.409177,2025-01-04 09:21:57.036482,0 days 00:00:12.627305,4,70,100.0,75.0,85.0,,,,,,,2,3.0,2.0,4.0,,,,,,,COMPLETE
731,731,0.8515952304221721,2025-01-04 09:21:57.037236,2025-01-04 09:22:06.574847,0 days 00:00:09.537611,3,65,95.0,85.0,,,,,,,,2,3.0,3.0,,,,,,,,COMPLETE
732,732,0.812125569134915,2025-01-04 09:22:06.575309,2025-01-04 09:22:12.285253,0 days 00:00:05.709944,2,80,85.0,,,,,,,,,2,2.0,,,,,,,,,COMPLETE
733,733,0.7692432344838762,2025-01-04 09:22:12.285720,2025-01-04 09:22:22.118599,0 days 00:00:09.832879,2,60,90.0,,,,,,,,,5,3.0,,,,,,,,,COMPLETE
734,734,0.7363636363636363,2025-01-04 09:22:22.119059,2025-01-04 09:22:30.396084,0 days 00:00:08.277025,2,5,95.0,,,,,,,,,2,3.0,,,,,,,,,COMPLETE
735,735,0.8262108262108262,2025-01-04 09:22:30.396540,2025-01-04 09:22:37.051781,0 days 00:00:06.655241,2,75,85.0,,,,,,,,,2,3.0,,,,,,,,,COMPLETE
736,736,0.8035714285714286,2025-01-04 09:22:37.052208,2025-01-04 09:22:45.700737,0 days 00:00:08.648529,3,75,90.0,65.0,,,,,,,,2,2.0,3.0,,,,,,,,COMPLETE
737,737,0.8325143325143325,2025-01-04 09:22:45.701181,2025-01-04 09:22:52.336812,0 days 00:00:06.635631,2,75,90.0,,,,,,,,,2,3.0,,,,,,,,,COMPLETE
738,738,0.8035714285714286,2025-01-04 09:22:52.337230,2025-01-04 09:23:01.851237,0 days 00:00:09.514007,3,80,90.0,55.0,,,,,,,,2,3.0,3.0,,,,,,,,COMPLETE
739,739,0.8018998132662174,2025-01-04 09:23:01.851770,2025-01-04 09:23:10.990953,0 days 00:00:09.139183,2,75,100.0,,,,,,,,,4,3.0,,,,,,,,,COMPLETE
740,740,0.8302353410450738,2025-01-04 09:23:10.991383,2025-01-04 09:23:31.332568,0 days 00:00:20.341185,7,80,20.0,60.0,95.0,25.0,65.0,75.0,,,,2,3.0,2.0,3.0,3.0,3.0,3.0,,,,COMPLETE
741,741,0.8711462450592885,2025-01-04 09:23:31.333425,2025-01-04 09:23:51.859707,0 days 00:00:20.526282,5,65,95.0,75.0,65.0,15.0,,,,,,2,2.0,3.0,4.0,6.0,,,,,,COMPLETE
742,742,0.7890750886239124,2025-01-04 09:23:51.860354,2025-01-04 09:24:12.344262,0 days 00:00:20.483908,5,65,85.0,75.0,65.0,5.0,,,,,,2,2.0,3.0,4.0,6.0,,,,,,COMPLETE
743,743,0.787311618862421,2025-01-04 09:24:12.344916,2025-01-04 09:24:32.845207,0 days 00:00:20.500291,5,65,95.0,75.0,60.0,15.0,,,,,,2,2.0,3.0,4.0,6.0,,,,,,COMPLETE
744,744,0.7933081922490572,2025-01-04 09:24:32.845806,2025-01-04 09:24:54.302590,0 days 00:00:21.456784,5,60,35.0,80.0,70.0,20.0,,,,,,3,2.0,3.0,4.0,6.0,,,,,,COMPLETE
745,745,0.7801932367149759,2025-01-04 09:24:54.303243,2025-01-04 09:25:07.744963,0 days 00:00:13.441720,4,60,90.0,70.0,80.0,,,,,,,3,2.0,3.0,4.0,,,,,,,COMPLETE
746,746,0.8030060761112888,2025-01-04 09:25:07.745696,2025-01-04 09:25:28.400223,0 days 00:00:20.654527,5,65,85.0,75.0,65.0,5.0,,,,,,2,2.0,3.0,4.0,6.0,,,,,,COMPLETE
747,747,0.8375081327260898,2025-01-04 09:25:28.400911,2025-01-04 09:25:51.170751,0 days 00:00:22.769840,5,60,80.0,70.0,75.0,10.0,,,,,,3,2.0,3.0,5.0,6.0,,,,,,COMPLETE
748,748,0.8156622623267805,2025-01-04 09:25:51.171367,2025-01-04 09:26:00.345021,0 days 00:00:09.173654,3,65,95.0,80.0,,,,,,,,2,2.0,3.0,,,,,,,,COMPLETE
749,749,0.7648305084745763,2025-01-04 09:26:00.345572,2025-01-04 09:26:21.921930,0 days 00:00:21.576358,5,65,90.0,80.0,65.0,15.0,,,,,,3,2.0,3.0,4.0,6.0,,,,,,COMPLETE
750,750,0.8660607510165033,2025-01-04 09:26:21.922527,2025-01-04 09:26:42.276736,0 days 00:00:20.354209,5,70,90.0,70.0,60.0,25.0,,,,,,2,2.0,3.0,4.0,6.0,,,,,,COMPLETE
751,751,0.8035087719298246,2025-01-04 09:26:42.277539,2025-01-04 09:27:02.743821,0 days 00:00:20.466282,5,65,90.0,70.0,60.0,30.0,,,,,,2,2.0,3.0,4.0,6.0,,,,,,COMPLETE
752,752,0.7850975375759515,2025-01-04 09:27:02.744530,2025-01-04 09:27:21.919302,0 days 00:00:19.174772,5,70,90.0,75.0,60.0,25.0,,,,,,2,2.0,3.0,4.0,6.0,,,,,,COMPLETE
753,753,0.7887812752219532,2025-01-04 09:27:21.919916,2025-01-04 09:27:42.284759,0 days 00:00:20.364843,5,70,90.0,70.0,55.0,25.0,,,,,,2,2.0,3.0,4.0,6.0,,,,,,COMPLETE
754,754,0.7470946769605851,2025-01-04 09:27:42.285382,2025-01-04 09:28:00.147368,0 days 00:00:17.861986,5,70,85.0,75.0,70.0,15.0,,,,,,2,2.0,3.0,4.0,6.0,,,,,,COMPLETE
755,755,0.7496807151979565,2025-01-04 09:28:00.148221,2025-01-04 09:28:20.567506,0 days 00:00:20.419285,5,70,85.0,65.0,65.0,20.0,,,,,,2,2.0,3.0,4.0,6.0,,,,,,COMPLETE
756,756,0.8105648110524177,2025-01-04 09:28:20.568166,2025-01-04 09:28:40.938315,0 days 00:00:20.370149,5,65,90.0,65.0,55.0,35.0,,,,,,2,2.0,3.0,4.0,6.0,,,,,,COMPLETE
757,757,0.755486660683691,2025-01-04 09:28:40.938932,2025-01-04 09:29:00.012594,0 days 00:00:19.073662,5,70,90.0,70.0,75.0,35.0,,,,,,2,2.0,3.0,4.0,6.0,,,,,,COMPLETE
758,758,0.7850975375759515,2025-01-04 09:29:00.013250,2025-01-04 09:29:19.006858,0 days 00:00:18.993608,5,65,85.0,65.0,70.0,25.0,,,,,,2,2.0,3.0,4.0,6.0,,,,,,COMPLETE
759,759,0.7797292942313889,2025-01-04 09:29:19.007475,2025-01-04 09:29:38.251727,0 days 00:00:19.244252,5,70,90.0,85.0,60.0,10.0,,,,,,2,2.0,3.0,4.0,6.0,,,,,,COMPLETE
760,760,0.7563559322033898,2025-01-04 09:29:38.252538,2025-01-04 09:29:58.672213,0 days 00:00:20.419675,5,70,5.0,75.0,50.0,30.0,,,,,,2,2.0,3.0,5.0,6.0,,,,,,COMPLETE
761,761,0.8161705551086083,2025-01-04 09:29:58.672903,2025-01-04 09:30:20.510618,0 days 00:00:21.837715,5,65,90.0,70.0,60.0,20.0,,,,,,2,2.0,3.0,5.0,6.0,,,,,,COMPLETE
762,762,0.7944954128440367,2025-01-04 09:30:20.511244,2025-01-04 09:30:41.038615,0 days 00:00:20.527371,5,70,95.0,70.0,65.0,20.0,,,,,,2,2.0,3.0,4.0,6.0,,,,,,COMPLETE
763,763,0.8376227977591946,2025-01-04 09:30:41.039241,2025-01-04 09:30:54.438345,0 days 00:00:13.399104,4,70,80.0,75.0,65.0,,,,,,,2,2.0,3.0,4.0,,,,,,,COMPLETE
764,764,0.8161196911196911,2025-01-04 09:30:54.438915,2025-01-04 09:31:14.755306,0 days 00:00:20.316391,5,60,10.0,80.0,55.0,30.0,,,,,,2,2.0,3.0,5.0,5.0,,,,,,COMPLETE
765,765,0.7857142857142857,2025-01-04 09:31:14.756103,2025-01-04 09:31:34.025025,0 days 00:00:19.268922,5,70,90.0,55.0,75.0,40.0,,,,,,2,2.0,3.0,4.0,6.0,,,,,,COMPLETE
766,766,0.812280701754386,2025-01-04 09:31:34.025748,2025-01-04 09:31:51.880885,0 days 00:00:17.855137,5,65,85.0,70.0,70.0,15.0,,,,,,2,2.0,3.0,3.0,5.0,,,,,,COMPLETE
767,767,0.8515952304221721,2025-01-04 09:31:51.881457,2025-01-04 09:32:13.726829,0 days 00:00:21.845372,5,70,85.0,65.0,50.0,30.0,,,,,,2,2.0,3.0,5.0,6.0,,,,,,COMPLETE
768,768,0.8332526230831315,2025-01-04 09:32:13.727478,2025-01-04 09:32:31.741474,0 days 00:00:18.013996,5,60,95.0,60.0,65.0,40.0,,,,,,2,2.0,3.0,3.0,6.0,,,,,,COMPLETE
769,769,0.8068438003220613,2025-01-04 09:32:31.742278,2025-01-04 09:32:47.260533,0 days 00:00:15.518255,4,65,90.0,75.0,55.0,,,,,,,2,4.0,3.0,4.0,,,,,,,COMPLETE
770,770,0.7623795280824195,2025-01-04 09:32:47.261051,2025-01-04 09:33:00.714665,0 days 00:00:13.453614,4,70,90.0,65.0,60.0,,,,,,,2,2.0,3.0,4.0,,,,,,,COMPLETE
771,771,0.7522653721682848,2025-01-04 09:33:00.715298,2025-01-04 09:33:17.383587,0 days 00:00:16.668289,5,70,95.0,10.0,50.0,20.0,,,,,,2,2.0,3.0,3.0,5.0,,,,,,COMPLETE
772,772,0.8303436179542374,2025-01-04 09:33:17.384164,2025-01-04 09:33:38.977595,0 days 00:00:21.593431,6,70,80.0,85.0,70.0,50.0,55.0,,,,,4,2.0,3.0,4.0,5.0,2.0,,,,,COMPLETE
773,773,0.8033205619412516,2025-01-04 09:33:38.978264,2025-01-04 09:33:59.396474,0 days 00:00:20.418210,5,75,95.0,55.0,60.0,35.0,,,,,,2,2.0,3.0,4.0,6.0,,,,,,COMPLETE
774,774,0.8017857142857143,2025-01-04 09:33:59.397366,2025-01-04 09:34:07.997436,0 days 00:00:08.600070,3,60,85.0,50.0,,,,,,,,2,2.0,3.0,,,,,,,,COMPLETE
775,775,0.7642156862745098,2025-01-04 09:34:07.997912,2025-01-04 09:34:19.706251,0 days 00:00:11.708339,3,65,90.0,70.0,,,,,,,,5,2.0,3.0,,,,,,,,COMPLETE
776,776,0.8159504265250281,2025-01-04 09:34:19.706802,2025-01-04 09:34:31.329512,0 days 00:00:11.622710,3,75,95.0,50.0,,,,,,,,2,2.0,5.0,,,,,,,,COMPLETE
777,777,0.7891326021934197,2025-01-04 09:34:31.329997,2025-01-04 09:34:53.719637,0 days 00:00:22.389640,6,70,90.0,60.0,75.0,10.0,5.0,,,,,2,2.0,3.0,5.0,4.0,3.0,,,,,COMPLETE
778,778,0.7960321364158058,2025-01-04 09:34:53.720310,2025-01-04 09:35:10.468243,0 days 00:00:16.747933,5,75,90.0,80.0,55.0,25.0,,,,,,2,2.0,3.0,3.0,5.0,,,,,,COMPLETE
779,779,0.8161196911196911,2025-01-04 09:35:10.468849,2025-01-04 09:35:21.088455,0 days 00:00:10.619606,4,75,85.0,55.0,80.0,,,,,,,2,2.0,2.0,3.0,,,,,,,COMPLETE
780,780,0.7910872313527181,2025-01-04 09:35:21.088969,2025-01-04 09:35:29.741242,0 days 00:00:08.652273,3,75,95.0,40.0,,,,,,,,2,2.0,3.0,,,,,,,,COMPLETE
781,781,0.8159504265250281,2025-01-04 09:35:29.741711,2025-01-04 09:35:58.697884,0 days 00:00:28.956173,7,70,90.0,45.0,65.0,45.0,10.0,35.0,,,,2,3.0,3.0,5.0,6.0,2.0,5.0,,,,COMPLETE
782,782,0.7982300884955753,2025-01-04 09:35:58.698913,2025-01-04 09:36:19.935403,0 days 00:00:21.236490,5,75,85.0,60.0,50.0,40.0,,,,,,2,4.0,3.0,4.0,6.0,,,,,,COMPLETE
783,783,0.8212005108556832,2025-01-04 09:36:19.936021,2025-01-04 09:36:32.576320,0 days 00:00:12.640299,4,65,95.0,65.0,45.0,,,,,,,2,3.0,2.0,4.0,,,,,,,COMPLETE
784,784,0.7639131124147773,2025-01-04 09:36:32.576837,2025-01-04 09:36:45.240524,0 days 00:00:12.663687,3,70,15.0,50.0,,,,,,,,2,5.0,3.0,,,,,,,,COMPLETE
785,785,0.7980041847738613,2025-01-04 09:36:45.241022,2025-01-04 09:36:55.815984,0 days 00:00:10.574962,3,75,90.0,40.0,,,,,,,,4,2.0,3.0,,,,,,,,COMPLETE
786,786,0.7709339774557167,2025-01-04 09:36:55.816548,2025-01-04 09:37:05.361174,0 days 00:00:09.544626,3,75,85.0,75.0,,,,,,,,2,3.0,3.0,,,,,,,,COMPLETE
787,787,0.8123653769445554,2025-01-04 09:37:05.361647,2025-01-04 09:37:26.756169,0 days 00:00:21.394522,5,70,80.0,50.0,60.0,5.0,,,,,,2,3.0,3.0,6.0,5.0,,,,,,COMPLETE
788,788,0.8546853031180217,2025-01-04 09:37:26.756975,2025-01-04 09:37:35.287953,0 days 00:00:08.530978,3,75,85.0,45.0,,,,,,,,2,3.0,2.0,,,,,,,,COMPLETE
789,789,0.7291802212101497,2025-01-04 09:37:35.288487,2025-01-04 09:37:49.294925,0 days 00:00:14.006438,3,25,90.0,75.0,,,,,,,,6,2.0,3.0,,,,,,,,COMPLETE
790,790,0.7938375350140057,2025-01-04 09:37:49.295442,2025-01-04 09:38:13.237666,0 days 00:00:23.942224,7,60,95.0,60.0,55.0,35.0,85.0,95.0,,,,5,3.0,3.0,3.0,4.0,3.0,3.0,,,,COMPLETE
791,791,0.8300183720744468,2025-01-04 09:38:13.238379,2025-01-04 09:38:24.729760,0 days 00:00:11.491381,4,55,90.0,70.0,70.0,,,,,,,2,3.0,2.0,3.0,,,,,,,COMPLETE
792,792,0.7993030255029305,2025-01-04 09:38:24.730265,2025-01-04 09:38:47.060457,0 days 00:00:22.330192,5,70,90.0,65.0,65.0,20.0,,,,,,3,3.0,3.0,5.0,6.0,,,,,,COMPLETE
793,793,0.8378378378378378,2025-01-04 09:38:47.061288,2025-01-04 09:38:55.634511,0 days 00:00:08.573223,3,75,95.0,40.0,,,,,,,,2,2.0,3.0,,,,,,,,COMPLETE
794,794,0.8258086253369272,2025-01-04 09:38:55.635066,2025-01-04 09:39:00.589961,0 days 00:00:04.954895,1,65,,,,,,,,,,3,,,,,,,,,,COMPLETE
795,795,0.7759103641456582,2025-01-04 09:39:00.590379,2025-01-04 09:39:19.961765,0 days 00:00:19.371386,6,75,75.0,45.0,45.0,45.0,70.0,,,,,2,3.0,3.0,4.0,5.0,2.0,,,,,COMPLETE
796,796,0.7844611528822054,2025-01-04 09:39:19.962450,2025-01-04 09:39:29.066147,0 days 00:00:09.103697,3,70,85.0,30.0,,,,,,,,2,3.0,2.0,,,,,,,,COMPLETE
797,797,0.7990731545845746,2025-01-04 09:39:29.066647,2025-01-04 09:39:40.639715,0 days 00:00:11.573068,3,75,80.0,55.0,,,,,,,,2,2.0,5.0,,,,,,,,COMPLETE
798,798,0.8035087719298246,2025-01-04 09:39:40.640211,2025-01-04 09:40:07.438123,0 days 00:00:26.797912,7,65,55.0,45.0,50.0,30.0,30.0,50.0,,,,3,3.0,3.0,3.0,4.0,3.0,4.0,,,,COMPLETE
799,799,0.8161196911196911,2025-01-04 09:40:07.438832,2025-01-04 09:40:30.089285,0 days 00:00:22.650453,5,75,90.0,80.0,55.0,35.0,,,,,,3,3.0,3.0,4.0,6.0,,,,,,COMPLETE
800,800,0.7527845036319613,2025-01-04 09:40:30.090161,2025-01-04 09:40:42.510351,0 days 00:00:12.420190,4,60,80.0,50.0,85.0,,,,,,,2,3.0,3.0,3.0,,,,,,,COMPLETE
801,801,0.8035087719298246,2025-01-04 09:40:42.510906,2025-01-04 09:40:59.230138,0 days 00:00:16.719232,5,70,95.0,55.0,60.0,25.0,,,,,,2,2.0,2.0,4.0,5.0,,,,,,COMPLETE
802,802,0.8482021844853703,2025-01-04 09:40:59.230771,2025-01-04 09:41:06.759069,0 days 00:00:07.528298,2,90,90.0,,,,,,,,,3,3.0,,,,,,,,,COMPLETE
803,803,0.8214285714285714,2025-01-04 09:41:06.759537,2025-01-04 09:41:16.929158,0 days 00:00:10.169621,3,75,85.0,35.0,,,,,,,,2,3.0,3.0,,,,,,,,COMPLETE
804,804,0.8161705551086083,2025-01-04 09:41:16.929642,2025-01-04 09:41:23.509869,0 days 00:00:06.580227,2,70,90.0,,,,,,,,,3,2.0,,,,,,,,,COMPLETE
805,805,0.8184803001876173,2025-01-04 09:41:23.510324,2025-01-04 09:41:34.965756,0 days 00:00:11.455432,3,75,95.0,70.0,,,,,,,,4,3.0,3.0,,,,,,,,COMPLETE
806,806,0.8089488048962038,2025-01-04 09:41:34.966258,2025-01-04 09:41:42.034658,0 days 00:00:07.068400,2,75,90.0,,,,,,,,,2,3.0,,,,,,,,,COMPLETE
807,807,0.8567316917173009,2025-01-04 09:41:42.035113,2025-01-04 09:41:49.067841,0 days 00:00:07.032728,2,85,95.0,,,,,,,,,2,3.0,,,,,,,,,COMPLETE
808,808,0.8033205619412516,2025-01-04 09:41:49.068285,2025-01-04 09:41:57.632715,0 days 00:00:08.564430,3,70,90.0,40.0,,,,,,,,3,2.0,2.0,,,,,,,,COMPLETE
809,809,0.7479933110367893,2025-01-04 09:41:57.633491,2025-01-04 09:42:04.716700,0 days 00:00:07.083209,2,15,80.0,,,,,,,,,2,3.0,,,,,,,,,COMPLETE
810,810,0.8035087719298246,2025-01-04 09:42:04.717149,2025-01-04 09:42:45.235232,0 days 00:00:40.518083,9,55,85.0,45.0,65.0,40.0,20.0,40.0,90.0,50.0,,3,3.0,3.0,3.0,6.0,2.0,2.0,6.0,5.0,,COMPLETE
811,811,0.7835511894130065,2025-01-04 09:42:45.236077,2025-01-04 09:42:49.209202,0 days 00:00:03.973125,1,70,,,,,,,,,,2,,,,,,,,,,COMPLETE
812,812,0.7766254487435182,2025-01-04 09:42:49.209603,2025-01-04 09:43:03.047344,0 days 00:00:13.837741,4,85,40.0,65.0,75.0,,,,,,,2,2.0,3.0,5.0,,,,,,,COMPLETE
813,813,0.8212005108556832,2025-01-04 09:43:03.047945,2025-01-04 09:43:25.465315,0 days 00:00:22.417370,5,65,95.0,50.0,80.0,50.0,,,,,,3,3.0,3.0,6.0,4.0,,,,,,COMPLETE
814,814,0.8199106054449411,2025-01-04 09:43:25.466135,2025-01-04 09:43:52.045946,0 days 00:00:26.579811,6,75,85.0,55.0,70.0,10.0,40.0,,,,,2,3.0,3.0,4.0,6.0,4.0,,,,,COMPLETE
815,815,0.8214285714285714,2025-01-04 09:43:52.046712,2025-01-04 09:44:00.552490,0 days 00:00:08.505778,3,80,15.0,35.0,,,,,,,,3,2.0,2.0,,,,,,,,COMPLETE
816,816,0.7975067385444744,2025-01-04 09:44:00.553040,2025-01-04 09:44:07.638493,0 days 00:00:07.085453,2,70,75.0,,,,,,,,,2,3.0,,,,,,,,,COMPLETE
817,817,0.8789414414414414,2025-01-04 09:44:07.638953,2025-01-04 09:44:15.132196,0 days 00:00:07.493243,2,90,20.0,,,,,,,,,3,3.0,,,,,,,,,COMPLETE
818,818,0.8270931481940657,2025-01-04 09:44:15.132650,2025-01-04 09:44:21.751239,0 days 00:00:06.618589,2,90,25.0,,,,,,,,,2,3.0,,,,,,,,,COMPLETE
819,819,0.7677830940988836,2025-01-04 09:44:21.751684,2025-01-04 09:44:27.839067,0 days 00:00:06.087383,2,95,20.0,,,,,,,,,2,2.0,,,,,,,,,COMPLETE
820,820,0.7677830940988836,2025-01-04 09:44:27.839571,2025-01-04 09:44:35.407185,0 days 00:00:07.567614,2,90,15.0,,,,,,,,,3,3.0,,,,,,,,,COMPLETE
