,number,value,datetime_start,datetime_complete,duration,params_depth,params_neurons_layer_0,params_neurons_layer_1,params_neurons_layer_2,params_neurons_layer_3,params_neurons_layer_4,params_neurons_layer_5,params_neurons_layer_6,params_neurons_layer_7,params_neurons_layer_8,params_neurons_layer_9,params_orders_layer_0,params_orders_layer_1,params_orders_layer_2,params_orders_layer_3,params_orders_layer_4,params_orders_layer_5,params_orders_layer_6,params_orders_layer_7,params_orders_layer_8,params_orders_layer_9,state
242,242,0.8753460633909467,2025-01-03 01:25:50.929733,2025-01-03 01:26:45.393241,0 days 00:00:54.463508,10,15,5.0,50.0,35.0,10.0,45.0,60.0,65.0,65.0,30.0,6,3.0,5.0,6.0,6.0,6.0,2.0,4.0,2.0,4.0,COMPLETE
243,243,0.8934028084429921,2025-01-03 01:26:45.394054,2025-01-03 01:27:55.998267,0 days 00:01:10.604213,10,15,10.0,60.0,40.0,5.0,50.0,50.0,70.0,40.0,20.0,6,3.0,5.0,6.0,6.0,6.0,2.0,4.0,2.0,3.0,COMPLETE
244,244,0.7967168895240783,2025-01-03 01:27:55.999215,2025-01-03 01:28:49.082647,0 days 00:00:53.083432,10,10,10.0,60.0,35.0,5.0,55.0,55.0,70.0,40.0,20.0,6,3.0,5.0,6.0,6.0,6.0,2.0,4.0,2.0,3.0,COMPLETE
245,245,0.8833647920077587,2025-01-03 01:28:49.083448,2025-01-03 01:29:49.247839,0 days 00:01:00.164391,10,15,30.0,55.0,40.0,5.0,50.0,50.0,80.0,45.0,5.0,6,3.0,5.0,6.0,6.0,6.0,2.0,4.0,2.0,3.0,COMPLETE
246,246,0.8747186856004657,2025-01-03 01:29:49.248656,2025-01-03 01:31:06.849780,0 days 00:01:17.601124,10,15,10.0,60.0,30.0,5.0,55.0,45.0,60.0,55.0,30.0,5,3.0,5.0,6.0,6.0,6.0,2.0,5.0,3.0,2.0,COMPLETE
247,247,0.8280468708153871,2025-01-03 01:31:06.850802,2025-01-03 01:32:02.258618,0 days 00:00:55.407816,10,10,10.0,65.0,25.0,5.0,65.0,45.0,70.0,30.0,15.0,6,3.0,5.0,6.0,6.0,6.0,2.0,4.0,2.0,3.0,COMPLETE
248,248,0.8763002400443158,2025-01-03 01:32:02.259443,2025-01-03 01:32:55.109708,0 days 00:00:52.850265,10,15,5.0,55.0,20.0,10.0,50.0,20.0,55.0,40.0,50.0,6,3.0,4.0,6.0,6.0,6.0,4.0,4.0,2.0,3.0,COMPLETE
249,249,0.8508752402567081,2025-01-03 01:32:55.110599,2025-01-03 01:33:53.887128,0 days 00:00:58.776529,10,15,5.0,50.0,40.0,5.0,55.0,50.0,65.0,50.0,20.0,6,3.0,5.0,6.0,6.0,6.0,2.0,5.0,3.0,2.0,COMPLETE
250,250,0.8558203820650478,2025-01-03 01:33:53.888051,2025-01-03 01:35:07.990446,0 days 00:01:14.102395,10,10,5.0,70.0,95.0,10.0,50.0,55.0,75.0,60.0,5.0,6,3.0,5.0,6.0,6.0,6.0,2.0,4.0,2.0,4.0,COMPLETE
251,251,0.8746959426194395,2025-01-03 01:35:07.991260,2025-01-03 01:35:53.619281,0 days 00:00:45.628021,6,20,10.0,5.0,25.0,5.0,50.0,,,,,6,3.0,6.0,6.0,6.0,6.0,,,,,COMPLETE
252,252,0.8719443710359408,2025-01-03 01:35:53.620045,2025-01-03 01:37:09.480268,0 days 00:01:15.860223,10,15,45.0,55.0,35.0,10.0,70.0,15.0,95.0,70.0,50.0,5,3.0,5.0,6.0,6.0,6.0,2.0,4.0,3.0,2.0,COMPLETE
253,253,0.8595452081692927,2025-01-03 01:37:09.481178,2025-01-03 01:38:04.599235,0 days 00:00:55.118057,8,5,50.0,75.0,65.0,5.0,45.0,25.0,45.0,,,6,3.0,5.0,6.0,6.0,6.0,3.0,3.0,,,COMPLETE
254,254,0.7761200302897606,2025-01-03 01:38:04.600099,2025-01-03 01:38:12.719767,0 days 00:00:08.119668,1,20,,,,,,,,,,2,,,,,,,,,,COMPLETE
255,255,0.8858793897481596,2025-01-03 01:38:12.720249,2025-01-03 01:38:56.476747,0 days 00:00:43.756498,6,15,25.0,5.0,15.0,30.0,60.0,,,,,6,2.0,5.0,6.0,6.0,6.0,,,,,COMPLETE
256,256,0.8371665173327062,2025-01-03 01:38:56.477393,2025-01-03 01:39:46.710713,0 days 00:00:50.233320,9,10,25.0,10.0,15.0,35.0,60.0,40.0,50.0,35.0,,6,3.0,5.0,6.0,6.0,6.0,5.0,2.0,2.0,,COMPLETE
257,257,0.8640455311914527,2025-01-03 01:39:46.711632,2025-01-03 01:40:30.167955,0 days 00:00:43.456323,6,15,20.0,5.0,10.0,40.0,65.0,,,,,5,2.0,3.0,6.0,6.0,6.0,,,,,COMPLETE
258,258,0.8657666202019131,2025-01-03 01:40:30.168589,2025-01-03 01:41:16.415504,0 days 00:00:46.246915,5,55,15.0,5.0,30.0,30.0,,,,,,6,2.0,5.0,6.0,6.0,,,,,,COMPLETE
259,259,0.853629798497189,2025-01-03 01:41:16.416334,2025-01-03 01:41:33.727851,0 days 00:00:17.311517,3,20,25.0,10.0,,,,,,,,6,3.0,5.0,,,,,,,,COMPLETE
260,260,0.8574828388110565,2025-01-03 01:41:33.728433,2025-01-03 01:42:09.254832,0 days 00:00:35.526399,4,25,5.0,5.0,15.0,,,,,,,6,2.0,5.0,6.0,,,,,,,COMPLETE
261,261,0.859476489800949,2025-01-03 01:42:09.255447,2025-01-03 01:42:41.004414,0 days 00:00:31.748967,6,15,20.0,10.0,20.0,15.0,60.0,,,,,6,2.0,5.0,4.0,6.0,6.0,,,,,COMPLETE
262,262,0.8712037264475547,2025-01-03 01:42:41.005275,2025-01-03 01:44:00.657072,0 days 00:01:19.651797,10,20,25.0,50.0,25.0,35.0,55.0,35.0,70.0,45.0,35.0,5,3.0,5.0,5.0,2.0,6.0,2.0,5.0,6.0,4.0,COMPLETE
263,263,0.8545247784861774,2025-01-03 01:44:00.657887,2025-01-03 01:44:59.992058,0 days 00:00:59.334171,9,10,60.0,5.0,15.0,45.0,55.0,25.0,80.0,30.0,,6,2.0,6.0,6.0,6.0,6.0,2.0,4.0,2.0,,COMPLETE
264,264,0.8306784727350116,2025-01-03 01:44:59.992889,2025-01-03 01:45:48.297175,0 days 00:00:48.304286,6,15,55.0,55.0,40.0,20.0,65.0,,,,,6,2.0,5.0,6.0,6.0,6.0,,,,,COMPLETE
265,265,0.8561971837007698,2025-01-03 01:45:48.297906,2025-01-03 01:46:58.362369,0 days 00:01:10.064463,8,25,25.0,60.0,70.0,30.0,60.0,40.0,65.0,,,6,3.0,5.0,6.0,6.0,6.0,3.0,3.0,,,COMPLETE
266,266,0.8465972701371628,2025-01-03 01:46:58.363258,2025-01-03 01:47:47.504350,0 days 00:00:49.141092,6,20,10.0,5.0,15.0,50.0,55.0,,,,,5,2.0,5.0,6.0,6.0,6.0,,,,,COMPLETE
267,267,0.869950550742906,2025-01-03 01:47:47.505096,2025-01-03 01:48:38.321130,0 days 00:00:50.816034,7,15,30.0,20.0,30.0,25.0,50.0,50.0,,,,6,2.0,5.0,6.0,6.0,6.0,5.0,,,,COMPLETE
268,268,0.8838710592434401,2025-01-03 01:48:38.321888,2025-01-03 01:49:45.346659,0 days 00:01:07.024771,10,10,40.0,10.0,45.0,45.0,35.0,55.0,85.0,70.0,80.0,6,3.0,6.0,6.0,6.0,6.0,2.0,2.0,3.0,3.0,COMPLETE
269,269,0.8624268592525224,2025-01-03 01:49:45.347510,2025-01-03 01:51:03.367880,0 days 00:01:18.020370,10,5,35.0,40.0,45.0,45.0,35.0,55.0,95.0,75.0,80.0,5,3.0,6.0,6.0,6.0,6.0,2.0,2.0,3.0,3.0,COMPLETE
270,270,0.8262451904719945,2025-01-03 01:51:03.368794,2025-01-03 01:52:26.549378,0 days 00:01:23.180584,10,10,30.0,15.0,40.0,45.0,60.0,60.0,85.0,70.0,90.0,6,3.0,6.0,5.0,6.0,6.0,2.0,6.0,4.0,3.0,COMPLETE
271,271,0.8505361375753375,2025-01-03 01:52:26.550306,2025-01-03 01:53:34.359339,0 days 00:01:07.809033,10,10,60.0,10.0,10.0,40.0,70.0,55.0,60.0,80.0,70.0,6,3.0,6.0,6.0,6.0,6.0,2.0,2.0,2.0,3.0,COMPLETE
272,272,0.8405972481864659,2025-01-03 01:53:34.360401,2025-01-03 01:54:46.848504,0 days 00:01:12.488103,10,5,80.0,10.0,35.0,45.0,50.0,95.0,90.0,55.0,95.0,6,3.0,6.0,6.0,6.0,6.0,2.0,2.0,4.0,2.0,COMPLETE
273,273,0.8123636559947193,2025-01-03 01:54:46.849424,2025-01-03 01:56:07.033732,0 days 00:01:20.184308,10,10,55.0,10.0,85.0,20.0,30.0,50.0,35.0,90.0,75.0,5,3.0,6.0,6.0,6.0,6.0,2.0,2.0,2.0,3.0,COMPLETE
274,274,0.8693273902215408,2025-01-03 01:56:07.034743,2025-01-03 01:57:04.825867,0 days 00:00:57.791124,9,25,35.0,5.0,20.0,50.0,55.0,40.0,80.0,65.0,,6,3.0,4.0,6.0,6.0,6.0,4.0,2.0,3.0,,COMPLETE
275,275,0.8759507241849669,2025-01-03 01:57:04.826594,2025-01-03 01:58:17.943392,0 days 00:01:13.116798,10,20,40.0,15.0,40.0,10.0,65.0,45.0,55.0,60.0,60.0,6,3.0,3.0,6.0,6.0,6.0,5.0,2.0,3.0,4.0,COMPLETE
276,276,0.8577856211564545,2025-01-03 01:58:17.944330,2025-01-03 01:59:11.841874,0 days 00:00:53.897544,8,20,30.0,5.0,25.0,15.0,35.0,5.0,75.0,,,6,3.0,5.0,6.0,6.0,6.0,2.0,3.0,,,COMPLETE
277,277,0.8507250979591514,2025-01-03 01:59:11.842753,2025-01-03 02:00:33.582911,0 days 00:01:21.740158,7,15,40.0,55.0,45.0,30.0,75.0,30.0,,,,3,3.0,6.0,6.0,6.0,6.0,2.0,,,,COMPLETE
278,278,0.8372341413578527,2025-01-03 02:00:33.583781,2025-01-03 02:02:02.887529,0 days 00:01:29.303748,10,10,65.0,50.0,35.0,10.0,50.0,65.0,90.0,75.0,15.0,6,3.0,5.0,6.0,6.0,6.0,5.0,2.0,6.0,5.0,COMPLETE
279,279,0.8680477714236663,2025-01-03 02:02:02.888345,2025-01-03 02:02:48.161597,0 days 00:00:45.273252,7,15,45.0,5.0,30.0,15.0,55.0,60.0,,,,6,2.0,5.0,6.0,6.0,6.0,2.0,,,,COMPLETE
280,280,0.8865272395484574,2025-01-03 02:02:48.162474,2025-01-03 02:03:52.307979,0 days 00:01:04.145505,10,20,5.0,10.0,20.0,55.0,70.0,45.0,60.0,50.0,10.0,5,2.0,5.0,6.0,6.0,3.0,4.0,5.0,2.0,3.0,COMPLETE
281,281,0.8548412747195708,2025-01-03 02:03:52.308993,2025-01-03 02:04:39.637690,0 days 00:00:47.328697,5,25,10.0,55.0,20.0,55.0,,,,,,5,2.0,5.0,6.0,6.0,,,,,,COMPLETE
282,282,0.8630294338545401,2025-01-03 02:04:39.638391,2025-01-03 02:05:26.764501,0 days 00:00:47.126110,7,20,5.0,25.0,20.0,60.0,70.0,45.0,,,,5,2.0,5.0,6.0,5.0,2.0,4.0,,,,COMPLETE
283,283,0.8449329551205387,2025-01-03 02:05:26.765441,2025-01-03 02:06:31.914737,0 days 00:01:05.149296,8,20,5.0,5.0,25.0,55.0,70.0,35.0,60.0,,,5,2.0,5.0,6.0,6.0,6.0,4.0,6.0,,,COMPLETE
284,284,0.8685511811023622,2025-01-03 02:06:31.915571,2025-01-03 02:07:43.509694,0 days 00:01:11.594123,9,25,5.0,10.0,15.0,55.0,65.0,40.0,65.0,50.0,,5,2.0,5.0,6.0,6.0,3.0,4.0,5.0,2.0,,COMPLETE
285,285,0.8829455726668716,2025-01-03 02:07:43.510668,2025-01-03 02:08:52.265969,0 days 00:01:08.755301,10,20,15.0,60.0,75.0,20.0,75.0,45.0,40.0,35.0,10.0,5,2.0,5.0,6.0,6.0,2.0,6.0,5.0,5.0,4.0,COMPLETE
286,286,0.8643396406469723,2025-01-03 02:08:52.266900,2025-01-03 02:09:32.126341,0 days 00:00:39.859441,7,20,20.0,5.0,20.0,10.0,50.0,50.0,,,,5,2.0,5.0,6.0,6.0,3.0,4.0,,,,COMPLETE
287,287,0.8376794383256516,2025-01-03 02:09:32.127202,2025-01-03 02:10:31.048068,0 days 00:00:58.920866,6,15,10.0,50.0,25.0,60.0,70.0,,,,,5,2.0,5.0,6.0,6.0,3.0,,,,,COMPLETE
288,288,0.8670342319910282,2025-01-03 02:10:31.048907,2025-01-03 02:11:26.370789,0 days 00:00:55.321882,8,25,5.0,35.0,35.0,5.0,50.0,25.0,45.0,,,5,2.0,5.0,5.0,6.0,2.0,4.0,6.0,,,COMPLETE
289,289,0.8745739236126768,2025-01-03 02:11:26.371773,2025-01-03 02:12:10.808203,0 days 00:00:44.436430,6,15,60.0,5.0,25.0,10.0,65.0,,,,,6,2.0,5.0,6.0,6.0,6.0,,,,,COMPLETE
290,290,0.880729479260691,2025-01-03 02:12:10.809034,2025-01-03 02:13:20.025130,0 days 00:01:09.216096,10,20,10.0,55.0,40.0,15.0,60.0,35.0,55.0,45.0,10.0,5,2.0,5.0,6.0,6.0,5.0,5.0,4.0,2.0,2.0,COMPLETE
291,291,0.8428349348636768,2025-01-03 02:13:20.026036,2025-01-03 02:14:13.667421,0 days 00:00:53.641385,6,15,60.0,15.0,20.0,5.0,55.0,,,,,6,2.0,5.0,6.0,6.0,6.0,,,,,COMPLETE
292,292,0.868482001061976,2025-01-03 02:14:13.668359,2025-01-03 02:15:03.866940,0 days 00:00:50.198581,6,20,65.0,60.0,60.0,10.0,45.0,,,,,6,2.0,5.0,6.0,6.0,6.0,,,,,COMPLETE
293,293,0.858103082101201,2025-01-03 02:15:03.867675,2025-01-03 02:16:24.777713,0 days 00:01:20.910038,10,25,20.0,55.0,30.0,15.0,50.0,40.0,70.0,40.0,20.0,6,2.0,5.0,6.0,6.0,6.0,5.0,5.0,6.0,3.0,COMPLETE
294,294,0.8746554731894751,2025-01-03 02:16:24.778478,2025-01-03 02:17:12.161993,0 days 00:00:47.383515,7,15,55.0,5.0,40.0,50.0,55.0,45.0,,,,5,2.0,5.0,6.0,6.0,6.0,3.0,,,,COMPLETE
295,295,0.8754592650034323,2025-01-03 02:17:12.162958,2025-01-03 02:17:56.774287,0 days 00:00:44.611329,6,20,5.0,10.0,15.0,60.0,40.0,,,,,6,2.0,5.0,6.0,6.0,6.0,,,,,COMPLETE
296,296,0.8571796496908224,2025-01-03 02:17:56.775051,2025-01-03 02:18:46.928430,0 days 00:00:50.153379,9,30,30.0,30.0,35.0,25.0,45.0,30.0,50.0,50.0,,6,2.0,5.0,6.0,6.0,6.0,4.0,4.0,2.0,,COMPLETE
297,297,0.8516324390099592,2025-01-03 02:18:46.929353,2025-01-03 02:19:08.877710,0 days 00:00:21.948357,3,15,25.0,10.0,,,,,,,,6,2.0,5.0,,,,,,,,COMPLETE
298,298,0.887566167548261,2025-01-03 02:19:08.878425,2025-01-03 02:20:26.182462,0 days 00:01:17.304037,10,15,25.0,90.0,25.0,5.0,50.0,80.0,60.0,55.0,5.0,5,2.0,2.0,6.0,6.0,6.0,5.0,4.0,2.0,6.0,COMPLETE
299,299,0.883177370505839,2025-01-03 02:20:26.183401,2025-01-03 02:22:10.449516,0 days 00:01:44.266115,10,15,60.0,95.0,90.0,5.0,50.0,90.0,60.0,55.0,5.0,6,3.0,2.0,6.0,6.0,6.0,3.0,4.0,2.0,4.0,COMPLETE
300,300,0.8658724172165264,2025-01-03 02:22:10.450545,2025-01-03 02:23:23.138511,0 days 00:01:12.687966,10,15,25.0,90.0,20.0,100.0,45.0,85.0,55.0,45.0,10.0,5,3.0,2.0,6.0,6.0,3.0,5.0,5.0,2.0,6.0,COMPLETE
301,301,0.8596285097337231,2025-01-03 02:23:23.139573,2025-01-03 02:24:31.864555,0 days 00:01:08.724982,10,10,10.0,90.0,25.0,5.0,50.0,95.0,65.0,60.0,5.0,6,2.0,2.0,6.0,6.0,6.0,6.0,4.0,2.0,5.0,COMPLETE
302,302,0.8590574684011836,2025-01-03 02:24:31.865404,2025-01-03 02:25:56.074644,0 days 00:01:24.209240,10,15,15.0,55.0,10.0,5.0,45.0,80.0,65.0,55.0,25.0,3,2.0,4.0,5.0,6.0,6.0,3.0,3.0,2.0,6.0,COMPLETE
303,303,0.7920827969019593,2025-01-03 02:25:56.075572,2025-01-03 02:27:02.207849,0 days 00:01:06.132277,10,5,30.0,5.0,15.0,5.0,50.0,90.0,70.0,40.0,10.0,6,3.0,2.0,6.0,6.0,6.0,5.0,4.0,6.0,3.0,COMPLETE
304,304,0.8864902736976406,2025-01-03 02:27:02.208824,2025-01-03 02:27:37.807331,0 days 00:00:35.598507,5,20,5.0,45.0,65.0,10.0,,,,,,6,2.0,2.0,6.0,6.0,,,,,,COMPLETE
305,305,0.8878642019209573,2025-01-03 02:27:37.808062,2025-01-03 02:28:29.058586,0 days 00:00:51.250524,5,15,5.0,45.0,70.0,90.0,,,,,,5,4.0,2.0,6.0,6.0,,,,,,COMPLETE
306,306,0.8274902521158114,2025-01-03 02:28:29.059307,2025-01-03 02:29:30.026692,0 days 00:01:00.967385,5,20,5.0,45.0,70.0,90.0,,,,,,5,4.0,2.0,6.0,6.0,,,,,,COMPLETE
307,307,0.8583965145824467,2025-01-03 02:29:30.027521,2025-01-03 02:30:07.788435,0 days 00:00:37.760914,5,15,5.0,50.0,75.0,80.0,,,,,,5,6.0,2.0,6.0,4.0,,,,,,COMPLETE
308,308,0.8682541530182537,2025-01-03 02:30:07.789095,2025-01-03 02:30:56.472610,0 days 00:00:48.683515,5,10,5.0,45.0,65.0,75.0,,,,,,5,5.0,2.0,6.0,6.0,,,,,,COMPLETE
309,309,0.8720101936443732,2025-01-03 02:30:56.473490,2025-01-03 02:31:55.843006,0 days 00:00:59.369516,5,20,5.0,40.0,70.0,65.0,,,,,,5,4.0,2.0,6.0,6.0,,,,,,COMPLETE
310,310,0.8415830618731407,2025-01-03 02:31:55.843790,2025-01-03 02:32:28.736773,0 days 00:00:32.892983,5,15,5.0,45.0,70.0,10.0,,,,,,5,2.0,2.0,4.0,6.0,,,,,,COMPLETE
311,311,0.8794204799434686,2025-01-03 02:32:28.737580,2025-01-03 02:32:59.383153,0 days 00:00:30.645573,4,20,5.0,50.0,20.0,,,,,,,5,2.0,2.0,6.0,,,,,,,COMPLETE
312,312,0.8219228524560311,2025-01-03 02:32:59.383916,2025-01-03 02:34:00.276796,0 days 00:01:00.892880,5,10,10.0,40.0,65.0,95.0,,,,,,5,5.0,2.0,6.0,6.0,,,,,,COMPLETE
313,313,0.8870863459943347,2025-01-03 02:34:00.277585,2025-01-03 02:34:55.977465,0 days 00:00:55.699880,5,15,10.0,50.0,65.0,90.0,,,,,,5,2.0,2.0,6.0,6.0,,,,,,COMPLETE
314,314,0.8807071634545687,2025-01-03 02:34:55.978278,2025-01-03 02:35:45.623912,0 days 00:00:49.645634,5,20,15.0,50.0,65.0,85.0,,,,,,5,4.0,2.0,6.0,6.0,,,,,,COMPLETE
315,315,0.8595152331838952,2025-01-03 02:35:45.624674,2025-01-03 02:36:44.908373,0 days 00:00:59.283699,5,15,10.0,50.0,70.0,90.0,,,,,,5,2.0,2.0,6.0,6.0,,,,,,COMPLETE
316,316,0.8585419033254819,2025-01-03 02:36:44.909122,2025-01-03 02:37:30.425476,0 days 00:00:45.516354,5,10,10.0,45.0,70.0,10.0,,,,,,5,2.0,2.0,6.0,6.0,,,,,,COMPLETE
317,317,0.8705530901499177,2025-01-03 02:37:30.426314,2025-01-03 02:38:20.096422,0 days 00:00:49.670108,5,15,5.0,50.0,65.0,90.0,,,,,,5,2.0,2.0,6.0,6.0,,,,,,COMPLETE
318,318,0.8368300373955961,2025-01-03 02:38:20.097133,2025-01-03 02:39:05.668693,0 days 00:00:45.571560,5,20,10.0,55.0,60.0,10.0,,,,,,5,2.0,2.0,6.0,6.0,,,,,,COMPLETE
319,319,0.8541606561331397,2025-01-03 02:39:05.669595,2025-01-03 02:39:40.659225,0 days 00:00:34.989630,4,15,15.0,55.0,60.0,,,,,,,5,2.0,6.0,6.0,,,,,,,COMPLETE
320,320,0.8544647636473348,2025-01-03 02:39:40.659854,2025-01-03 02:40:43.252747,0 days 00:01:02.592893,5,50,5.0,50.0,75.0,70.0,,,,,,5,4.0,2.0,6.0,6.0,,,,,,COMPLETE
321,321,0.8554058514334886,2025-01-03 02:40:43.253578,2025-01-03 02:41:32.818060,0 days 00:00:49.564482,4,80,10.0,45.0,65.0,,,,,,,5,2.0,2.0,6.0,,,,,,,COMPLETE
322,322,0.8421814412668074,2025-01-03 02:41:32.818847,2025-01-03 02:42:25.298674,0 days 00:00:52.479827,5,15,5.0,55.0,70.0,90.0,,,,,,5,2.0,5.0,6.0,6.0,,,,,,COMPLETE
323,323,0.8804906650262672,2025-01-03 02:42:25.299334,2025-01-03 02:42:51.922748,0 days 00:00:26.623414,5,20,35.0,55.0,15.0,10.0,,,,,,5,2.0,4.0,4.0,6.0,,,,,,COMPLETE
324,324,0.8238089744362769,2025-01-03 02:42:51.923597,2025-01-03 02:44:02.231331,0 days 00:01:10.307734,8,10,15.0,60.0,25.0,15.0,60.0,100.0,50.0,,,5,3.0,2.0,6.0,6.0,4.0,4.0,4.0,,,COMPLETE
325,325,0.8616580061752781,2025-01-03 02:44:02.232212,2025-01-03 02:45:24.570856,0 days 00:01:22.338644,9,20,10.0,50.0,65.0,10.0,75.0,50.0,35.0,50.0,,4,2.0,5.0,6.0,6.0,5.0,4.0,4.0,2.0,,COMPLETE
326,326,0.809276569571064,2025-01-03 02:45:24.571758,2025-01-03 02:46:09.644571,0 days 00:00:45.072813,5,15,5.0,25.0,25.0,25.0,,,,,,2,3.0,6.0,6.0,6.0,,,,,,COMPLETE
327,327,0.8435483923430528,2025-01-03 02:46:09.645456,2025-01-03 02:47:20.104476,0 days 00:01:10.459020,6,65,20.0,55.0,70.0,70.0,45.0,,,,,5,2.0,3.0,5.0,6.0,2.0,,,,,COMPLETE
328,328,0.8440011756200749,2025-01-03 02:47:20.105358,2025-01-03 02:48:02.453466,0 days 00:00:42.348108,5,10,5.0,50.0,60.0,10.0,,,,,,6,2.0,5.0,6.0,6.0,,,,,,COMPLETE
329,329,0.8501960179380947,2025-01-03 02:48:02.454183,2025-01-03 02:48:33.766141,0 days 00:00:31.311958,6,5,30.0,45.0,20.0,15.0,55.0,,,,,6,3.0,5.0,6.0,6.0,4.0,,,,,COMPLETE
330,330,0.8843956891929615,2025-01-03 02:48:33.766896,2025-01-03 02:49:49.147899,0 days 00:01:15.381003,8,20,15.0,30.0,25.0,95.0,70.0,85.0,60.0,,,6,2.0,2.0,6.0,6.0,6.0,3.0,6.0,,,COMPLETE
331,331,0.8308783639776314,2025-01-03 02:49:49.148922,2025-01-03 02:50:00.751590,0 days 00:00:11.602668,1,15,,,,,,,,,,6,,,,,,,,,,COMPLETE
332,332,0.8611959569527945,2025-01-03 02:50:00.752152,2025-01-03 02:51:25.455876,0 days 00:01:24.703724,9,20,5.0,20.0,20.0,90.0,45.0,20.0,25.0,65.0,,5,4.0,5.0,6.0,6.0,6.0,5.0,4.0,2.0,,COMPLETE
333,333,0.8514091439619905,2025-01-03 02:51:25.456851,2025-01-03 02:53:09.049680,0 days 00:01:43.592829,10,40,30.0,60.0,70.0,10.0,55.0,80.0,45.0,35.0,45.0,3,2.0,5.0,6.0,6.0,3.0,5.0,4.0,2.0,3.0,COMPLETE
334,334,0.8633134167162567,2025-01-03 02:53:09.050721,2025-01-03 02:54:09.038183,0 days 00:00:59.987462,6,15,75.0,50.0,75.0,100.0,50.0,,,,,6,3.0,2.0,6.0,6.0,6.0,,,,,COMPLETE
335,335,0.8584199439530654,2025-01-03 02:54:09.039027,2025-01-03 02:55:03.888880,0 days 00:00:54.849853,10,15,10.0,5.0,15.0,85.0,60.0,50.0,50.0,25.0,65.0,6,2.0,5.0,6.0,6.0,2.0,4.0,5.0,6.0,2.0,COMPLETE
336,336,0.861767058075271,2025-01-03 02:55:03.889833,2025-01-03 02:56:17.713531,0 days 00:01:13.823698,6,25,50.0,55.0,30.0,95.0,20.0,,,,,5,3.0,6.0,6.0,6.0,6.0,,,,,COMPLETE
337,337,0.8709243734509103,2025-01-03 02:56:17.714513,2025-01-03 02:57:14.101416,0 days 00:00:56.386903,8,20,35.0,60.0,80.0,5.0,80.0,20.0,55.0,,,6,2.0,2.0,6.0,3.0,6.0,3.0,4.0,,,COMPLETE
338,338,0.8717056177461104,2025-01-03 02:57:14.102377,2025-01-03 02:57:59.970216,0 days 00:00:45.867839,5,15,25.0,5.0,20.0,35.0,,,,,,5,3.0,4.0,6.0,6.0,,,,,,COMPLETE
339,339,0.8629101905672074,2025-01-03 02:57:59.970895,2025-01-03 02:58:40.421202,0 days 00:00:40.450307,6,5,20.0,40.0,10.0,10.0,70.0,,,,,6,2.0,5.0,6.0,5.0,6.0,,,,,COMPLETE
340,340,0.8782728700720448,2025-01-03 02:58:40.422069,2025-01-03 02:59:23.064512,0 days 00:00:42.642443,10,10,30.0,55.0,25.0,20.0,45.0,45.0,15.0,50.0,15.0,6,2.0,2.0,6.0,6.0,6.0,5.0,4.0,3.0,3.0,COMPLETE
341,341,0.8712891784518562,2025-01-03 02:59:23.065284,2025-01-03 03:00:57.780458,0 days 00:01:34.715174,9,20,65.0,5.0,65.0,80.0,55.0,50.0,40.0,60.0,,5,3.0,5.0,6.0,6.0,6.0,4.0,6.0,2.0,,COMPLETE
342,342,0.8685097908753436,2025-01-03 03:00:57.781433,2025-01-03 03:01:40.735640,0 days 00:00:42.954207,8,10,10.0,35.0,15.0,5.0,100.0,25.0,60.0,,,6,2.0,5.0,6.0,6.0,6.0,5.0,3.0,,,COMPLETE
343,343,0.8672023096165598,2025-01-03 03:01:40.736572,2025-01-03 03:02:27.712530,0 days 00:00:46.975958,6,15,5.0,55.0,20.0,15.0,50.0,,,,,6,2.0,6.0,5.0,6.0,6.0,,,,,COMPLETE
344,344,0.8580866882938021,2025-01-03 03:02:27.713256,2025-01-03 03:03:18.604367,0 days 00:00:50.891111,10,25,25.0,50.0,30.0,5.0,40.0,90.0,75.0,40.0,25.0,6,3.0,2.0,3.0,6.0,6.0,2.0,5.0,5.0,3.0,COMPLETE
345,345,0.8354297811787618,2025-01-03 03:03:18.605322,2025-01-03 03:03:54.540748,0 days 00:00:35.935426,4,20,70.0,5.0,25.0,,,,,,,4,2.0,5.0,6.0,,,,,,,COMPLETE
346,346,0.8532597436808977,2025-01-03 03:03:54.541363,2025-01-03 03:04:47.262831,0 days 00:00:52.721468,5,45,30.0,10.0,75.0,5.0,,,,,,5,2.0,5.0,6.0,6.0,,,,,,COMPLETE
347,347,0.8426461716896334,2025-01-03 03:04:47.263701,2025-01-03 03:05:27.142693,0 days 00:00:39.878992,6,15,20.0,35.0,15.0,10.0,65.0,,,,,6,3.0,2.0,6.0,6.0,6.0,,,,,COMPLETE
348,348,0.8601539800301861,2025-01-03 03:05:27.143393,2025-01-03 03:06:50.356248,0 days 00:01:23.212855,10,20,5.0,55.0,65.0,25.0,45.0,15.0,55.0,45.0,35.0,6,2.0,5.0,6.0,6.0,6.0,2.0,4.0,2.0,4.0,COMPLETE
349,349,0.8743630630507357,2025-01-03 03:06:50.357303,2025-01-03 03:07:56.210969,0 days 00:01:05.853666,8,15,10.0,5.0,35.0,20.0,50.0,95.0,80.0,,,5,3.0,5.0,6.0,6.0,6.0,5.0,2.0,,,COMPLETE
350,350,0.7601311651996039,2025-01-03 03:07:56.211984,2025-01-03 03:08:10.289444,0 days 00:00:14.077460,2,10,25.0,,,,,,,,,6,2.0,,,,,,,,,COMPLETE
351,351,0.8205094739348022,2025-01-03 03:08:10.290016,2025-01-03 03:08:59.125380,0 days 00:00:48.835364,6,20,55.0,55.0,25.0,10.0,50.0,,,,,5,2.0,2.0,6.0,6.0,5.0,,,,,COMPLETE
352,352,0.872510469523317,2025-01-03 03:08:59.126245,2025-01-03 03:09:43.100502,0 days 00:00:43.974257,5,25,30.0,60.0,30.0,5.0,,,,,,6,3.0,6.0,4.0,6.0,,,,,,COMPLETE
353,353,0.8426965574908887,2025-01-03 03:09:43.101325,2025-01-03 03:10:42.366822,0 days 00:00:59.265497,10,10,35.0,45.0,20.0,15.0,75.0,55.0,30.0,55.0,55.0,6,6.0,5.0,6.0,6.0,4.0,4.0,3.0,2.0,5.0,COMPLETE
354,354,0.8346153218568981,2025-01-03 03:10:42.367707,2025-01-03 03:11:28.138326,0 days 00:00:45.770619,6,15,20.0,5.0,70.0,10.0,60.0,,,,,5,2.0,2.0,6.0,6.0,6.0,,,,,COMPLETE
355,355,0.79784549689441,2025-01-03 03:11:28.139123,2025-01-03 03:12:03.224164,0 days 00:00:35.085041,6,15,5.0,50.0,40.0,5.0,55.0,,,,,6,3.0,3.0,6.0,6.0,2.0,,,,,COMPLETE
356,356,0.8684550590918516,2025-01-03 03:12:03.224953,2025-01-03 03:13:33.258005,0 days 00:01:30.033052,9,20,25.0,50.0,60.0,10.0,45.0,45.0,70.0,65.0,,6,2.0,5.0,6.0,6.0,6.0,2.0,5.0,5.0,,COMPLETE
357,357,0.8234121823970746,2025-01-03 03:13:33.258983,2025-01-03 03:14:48.301367,0 days 00:01:15.042384,10,5,15.0,5.0,25.0,15.0,40.0,75.0,65.0,100.0,70.0,5,2.0,2.0,6.0,6.0,6.0,5.0,4.0,6.0,2.0,COMPLETE
358,358,0.8623436870637188,2025-01-03 03:14:48.302256,2025-01-03 03:15:37.342701,0 days 00:00:49.040445,5,20,60.0,10.0,20.0,5.0,,,,,,5,2.0,5.0,6.0,6.0,,,,,,COMPLETE
359,359,0.8645008913320356,2025-01-03 03:15:37.343653,2025-01-03 03:16:17.855968,0 days 00:00:40.512315,9,10,10.0,15.0,55.0,10.0,35.0,45.0,55.0,30.0,,6,3.0,5.0,6.0,6.0,6.0,2.0,2.0,3.0,,COMPLETE
