,number,value,datetime_start,datetime_complete,duration,params_depth,params_neurons_layer_0,params_neurons_layer_1,params_neurons_layer_2,params_neurons_layer_3,params_neurons_layer_4,params_neurons_layer_5,params_neurons_layer_6,params_neurons_layer_7,params_neurons_layer_8,params_neurons_layer_9,params_orders_layer_0,params_orders_layer_1,params_orders_layer_2,params_orders_layer_3,params_orders_layer_4,params_orders_layer_5,params_orders_layer_6,params_orders_layer_7,params_orders_layer_8,params_orders_layer_9,state
938,938,0.8729484923533753,2025-01-06 03:49:56.518882,2025-01-06 03:50:49.097003,0 days 00:00:52.578121,7,60,40.0,15.0,5.0,100.0,30.0,75.0,,,,3,4.0,3.0,6.0,3.0,6.0,2.0,,,,COMPLETE
939,939,0.85885989420611,2025-01-06 03:50:49.098021,2025-01-06 03:52:19.063266,0 days 00:01:29.965245,10,10,35.0,75.0,10.0,100.0,25.0,100.0,95.0,10.0,80.0,3,4.0,3.0,4.0,5.0,6.0,2.0,5.0,5.0,6.0,COMPLETE
940,940,0.818430028252715,2025-01-06 03:52:19.064397,2025-01-06 03:53:04.502414,0 days 00:00:45.438017,7,5,5.0,85.0,10.0,90.0,20.0,85.0,,,,3,2.0,3.0,5.0,2.0,6.0,3.0,,,,COMPLETE
941,941,0.8693034364504105,2025-01-06 03:53:04.503165,2025-01-06 03:54:13.264632,0 days 00:01:08.761467,10,15,40.0,5.0,5.0,95.0,25.0,90.0,85.0,55.0,85.0,6,6.0,3.0,5.0,6.0,6.0,2.0,3.0,6.0,5.0,COMPLETE
942,942,0.891408655538793,2025-01-06 03:54:13.265477,2025-01-06 03:55:25.119241,0 days 00:01:11.853764,9,10,30.0,10.0,5.0,100.0,75.0,80.0,80.0,25.0,,3,4.0,3.0,5.0,3.0,6.0,2.0,5.0,6.0,,COMPLETE
943,943,0.8482602613913075,2025-01-06 03:55:25.120260,2025-01-06 03:56:28.650851,0 days 00:01:03.530591,9,5,30.0,15.0,5.0,100.0,80.0,80.0,85.0,30.0,,3,4.0,3.0,5.0,2.0,5.0,2.0,4.0,2.0,,COMPLETE
944,944,0.8582178090975034,2025-01-06 03:56:28.651771,2025-01-06 03:57:22.679950,0 days 00:00:54.028179,9,10,30.0,10.0,5.0,95.0,65.0,75.0,80.0,25.0,,3,2.0,3.0,5.0,3.0,6.0,2.0,5.0,4.0,,COMPLETE
945,945,0.874053490041308,2025-01-06 03:57:22.681003,2025-01-06 03:58:24.117871,0 days 00:01:01.436868,9,20,30.0,10.0,5.0,85.0,70.0,85.0,50.0,40.0,,2,4.0,3.0,5.0,4.0,6.0,2.0,5.0,6.0,,COMPLETE
946,946,0.7118704967796348,2025-01-06 03:58:24.118886,2025-01-06 03:58:33.185397,0 days 00:00:09.066511,1,15,,,,,,,,,,3,,,,,,,,,,COMPLETE
947,947,0.8685552311892693,2025-01-06 03:58:33.185935,2025-01-06 03:59:41.080998,0 days 00:01:07.895063,9,10,25.0,10.0,5.0,15.0,70.0,80.0,80.0,30.0,,4,4.0,3.0,5.0,3.0,6.0,2.0,6.0,5.0,,COMPLETE
948,948,0.8752817957684204,2025-01-06 03:59:41.081926,2025-01-06 04:00:57.222634,0 days 00:01:16.140708,9,10,30.0,15.0,5.0,100.0,65.0,80.0,85.0,35.0,,3,4.0,3.0,5.0,5.0,6.0,2.0,3.0,6.0,,COMPLETE
949,949,0.8387070910480878,2025-01-06 04:00:57.223758,2025-01-06 04:02:21.588617,0 days 00:01:24.364859,9,15,30.0,60.0,10.0,90.0,75.0,80.0,80.0,25.0,,3,3.0,3.0,5.0,6.0,6.0,4.0,3.0,5.0,,COMPLETE
950,950,0.8676533831628851,2025-01-06 04:02:21.589732,2025-01-06 04:03:38.727618,0 days 00:01:17.137886,9,40,35.0,15.0,5.0,95.0,75.0,80.0,90.0,30.0,,3,2.0,3.0,5.0,2.0,6.0,3.0,5.0,6.0,,COMPLETE
951,951,0.857752699502589,2025-01-06 04:03:38.728693,2025-01-06 04:04:41.018467,0 days 00:01:02.289774,9,5,30.0,10.0,5.0,100.0,70.0,85.0,90.0,20.0,,3,4.0,3.0,5.0,3.0,6.0,2.0,5.0,6.0,,COMPLETE
952,952,0.8650168171642191,2025-01-06 04:04:41.019345,2025-01-06 04:05:50.350095,0 days 00:01:09.330750,9,10,30.0,65.0,5.0,95.0,80.0,75.0,85.0,35.0,,3,4.0,3.0,5.0,3.0,6.0,2.0,3.0,3.0,,COMPLETE
953,953,0.8734219904771285,2025-01-06 04:05:50.351171,2025-01-06 04:06:56.247202,0 days 00:01:05.896031,9,15,35.0,80.0,5.0,85.0,35.0,80.0,80.0,15.0,,2,4.0,3.0,5.0,2.0,6.0,2.0,5.0,4.0,,COMPLETE
954,954,0.8468430503814612,2025-01-06 04:06:56.248242,2025-01-06 04:08:02.489200,0 days 00:01:06.240958,9,10,25.0,10.0,10.0,100.0,40.0,95.0,85.0,40.0,,3,5.0,3.0,5.0,5.0,6.0,2.0,3.0,5.0,,COMPLETE
955,955,0.8686843816318301,2025-01-06 04:08:02.490297,2025-01-06 04:08:45.116564,0 days 00:00:42.626267,9,10,35.0,80.0,10.0,95.0,75.0,75.0,55.0,25.0,,6,2.0,3.0,5.0,2.0,6.0,2.0,4.0,6.0,,COMPLETE
956,956,0.7744361433086677,2025-01-06 04:08:45.117405,2025-01-06 04:09:45.261782,0 days 00:01:00.144377,9,5,30.0,10.0,90.0,100.0,30.0,85.0,85.0,20.0,,3,4.0,3.0,5.0,3.0,6.0,2.0,2.0,6.0,,COMPLETE
957,957,0.8399706065354797,2025-01-06 04:09:45.262844,2025-01-06 04:10:44.732244,0 days 00:00:59.469400,7,20,30.0,85.0,5.0,85.0,40.0,100.0,,,,3,4.0,3.0,5.0,6.0,6.0,2.0,,,,COMPLETE
958,958,0.8672345151286565,2025-01-06 04:10:44.733063,2025-01-06 04:11:41.320893,0 days 00:00:56.587830,7,90,45.0,15.0,10.0,90.0,80.0,90.0,,,,3,2.0,3.0,5.0,3.0,6.0,2.0,,,,COMPLETE
959,959,0.8496049639560569,2025-01-06 04:11:41.321904,2025-01-06 04:12:45.890485,0 days 00:01:04.568581,8,10,35.0,10.0,10.0,100.0,35.0,95.0,90.0,,,3,4.0,3.0,5.0,5.0,3.0,2.0,5.0,,,COMPLETE
960,960,0.8752537842698465,2025-01-06 04:12:45.891549,2025-01-06 04:13:43.349297,0 days 00:00:57.457748,9,15,25.0,10.0,5.0,90.0,40.0,80.0,95.0,30.0,,3,4.0,3.0,5.0,2.0,2.0,3.0,5.0,5.0,,COMPLETE
961,961,0.8517416774044657,2025-01-06 04:13:43.350112,2025-01-06 04:14:44.497258,0 days 00:01:01.147146,7,5,45.0,80.0,80.0,10.0,80.0,90.0,,,,3,4.0,3.0,5.0,3.0,6.0,2.0,,,,COMPLETE
962,962,0.8766946410157628,2025-01-06 04:14:44.498237,2025-01-06 04:15:36.259838,0 days 00:00:51.761601,8,10,30.0,75.0,5.0,55.0,30.0,85.0,80.0,,,3,2.0,6.0,5.0,2.0,6.0,2.0,5.0,,,COMPLETE
963,963,0.8653850964877385,2025-01-06 04:15:36.260904,2025-01-06 04:16:42.211087,0 days 00:01:05.950183,7,15,40.0,80.0,20.0,90.0,75.0,100.0,,,,3,3.0,3.0,4.0,6.0,6.0,2.0,,,,COMPLETE
964,964,0.8671157880507543,2025-01-06 04:16:42.211868,2025-01-06 04:17:28.058483,0 days 00:00:45.846615,9,10,35.0,85.0,5.0,50.0,35.0,95.0,75.0,45.0,,6,4.0,3.0,5.0,3.0,6.0,2.0,5.0,6.0,,COMPLETE
965,965,0.877352272174707,2025-01-06 04:17:28.059585,2025-01-06 04:18:17.151496,0 days 00:00:49.091911,7,15,40.0,10.0,10.0,95.0,30.0,75.0,,,,3,4.0,3.0,5.0,2.0,6.0,3.0,,,,COMPLETE
966,966,0.8697675113445982,2025-01-06 04:18:17.152270,2025-01-06 04:19:08.155094,0 days 00:00:51.002824,8,5,45.0,15.0,5.0,100.0,40.0,5.0,90.0,,,4,4.0,3.0,5.0,3.0,6.0,2.0,3.0,,,COMPLETE
967,967,0.7896604503762965,2025-01-06 04:19:08.156115,2025-01-06 04:19:58.391703,0 days 00:00:50.235588,7,10,35.0,5.0,25.0,95.0,35.0,80.0,,,,3,2.0,3.0,5.0,5.0,6.0,2.0,,,,COMPLETE
968,968,0.8621066372383415,2025-01-06 04:19:58.392621,2025-01-06 04:21:00.112144,0 days 00:01:01.719523,8,30,45.0,75.0,10.0,95.0,30.0,100.0,95.0,,,3,4.0,3.0,5.0,2.0,6.0,2.0,4.0,,,COMPLETE
969,969,0.8632022353659307,2025-01-06 04:21:00.113024,2025-01-06 04:21:49.032151,0 days 00:00:48.919127,7,10,40.0,50.0,5.0,100.0,25.0,85.0,,,,2,4.0,3.0,4.0,3.0,6.0,4.0,,,,COMPLETE
970,970,0.8538100807279811,2025-01-06 04:21:49.033150,2025-01-06 04:22:35.197789,0 days 00:00:46.164639,7,20,25.0,10.0,10.0,5.0,40.0,95.0,,,,3,2.0,3.0,5.0,4.0,6.0,2.0,,,,COMPLETE
971,971,0.8668382707533001,2025-01-06 04:22:35.198523,2025-01-06 04:23:53.529897,0 days 00:01:18.331374,8,10,45.0,5.0,5.0,90.0,75.0,90.0,80.0,,,3,4.0,3.0,5.0,6.0,6.0,5.0,6.0,,,COMPLETE
972,972,0.8645736985477409,2025-01-06 04:23:53.530974,2025-01-06 04:25:08.135150,0 days 00:01:14.604176,9,55,30.0,80.0,10.0,100.0,35.0,35.0,85.0,25.0,,3,6.0,3.0,5.0,3.0,6.0,2.0,5.0,4.0,,COMPLETE
973,973,0.8395401317949392,2025-01-06 04:25:08.136279,2025-01-06 04:26:04.341432,0 days 00:00:56.205153,7,15,40.0,85.0,20.0,85.0,30.0,75.0,,,,3,4.0,3.0,5.0,5.0,6.0,2.0,,,,COMPLETE
974,974,0.8150652762014889,2025-01-06 04:26:04.342465,2025-01-06 04:26:45.375272,0 days 00:00:41.032807,8,5,40.0,5.0,25.0,95.0,70.0,90.0,75.0,,,4,5.0,3.0,5.0,3.0,5.0,2.0,3.0,,,COMPLETE
975,975,0.8566342268061573,2025-01-06 04:26:45.376067,2025-01-06 04:27:41.028570,0 days 00:00:55.652503,7,50,85.0,10.0,5.0,100.0,65.0,90.0,,,,3,4.0,3.0,5.0,2.0,6.0,2.0,,,,COMPLETE
976,976,0.8506711037160288,2025-01-06 04:27:41.029598,2025-01-06 04:28:42.260177,0 days 00:01:01.230579,8,10,45.0,15.0,10.0,95.0,40.0,100.0,80.0,,,2,2.0,3.0,4.0,3.0,6.0,3.0,5.0,,,COMPLETE
977,977,0.8321747348192725,2025-01-06 04:28:42.261099,2025-01-06 04:29:52.523870,0 days 00:01:10.262771,8,15,35.0,5.0,5.0,90.0,85.0,80.0,35.0,,,3,4.0,3.0,5.0,6.0,6.0,2.0,5.0,,,COMPLETE
978,978,0.8536817893381695,2025-01-06 04:29:52.524774,2025-01-06 04:31:08.898812,0 days 00:01:16.374038,9,5,25.0,85.0,70.0,100.0,95.0,85.0,85.0,10.0,,3,4.0,3.0,5.0,2.0,6.0,2.0,3.0,6.0,,COMPLETE
979,979,0.8750181061594957,2025-01-06 04:31:08.899914,2025-01-06 04:31:55.097898,0 days 00:00:46.197984,7,10,40.0,55.0,5.0,20.0,25.0,95.0,,,,3,2.0,3.0,5.0,3.0,6.0,2.0,,,,COMPLETE
980,980,0.8684836042303989,2025-01-06 04:31:55.098894,2025-01-06 04:32:44.757055,0 days 00:00:49.658161,7,15,45.0,10.0,65.0,100.0,30.0,30.0,,,,4,4.0,3.0,5.0,2.0,6.0,2.0,,,,COMPLETE
981,981,0.8296747535032146,2025-01-06 04:32:44.757844,2025-01-06 04:33:46.646407,0 days 00:01:01.888563,8,10,40.0,70.0,10.0,95.0,35.0,75.0,95.0,,,3,4.0,3.0,5.0,3.0,6.0,2.0,5.0,,,COMPLETE
982,982,0.813971904825004,2025-01-06 04:33:46.647453,2025-01-06 04:34:37.786236,0 days 00:00:51.138783,7,5,30.0,80.0,25.0,95.0,25.0,35.0,,,,3,3.0,3.0,5.0,5.0,4.0,3.0,,,,COMPLETE
983,983,0.8316180419226014,2025-01-06 04:34:37.786999,2025-01-06 04:35:26.049483,0 days 00:00:48.262484,9,10,45.0,65.0,5.0,85.0,80.0,85.0,90.0,15.0,,6,4.0,3.0,5.0,3.0,6.0,2.0,4.0,2.0,,COMPLETE
984,984,0.8512552825192001,2025-01-06 04:35:26.050570,2025-01-06 04:36:23.876168,0 days 00:00:57.825598,8,20,35.0,45.0,55.0,100.0,95.0,15.0,45.0,,,3,2.0,3.0,4.0,2.0,6.0,2.0,3.0,,,COMPLETE
985,985,0.818563622911449,2025-01-06 04:36:23.877123,2025-01-06 04:37:16.107727,0 days 00:00:52.230604,9,15,30.0,75.0,5.0,80.0,40.0,90.0,80.0,5.0,,3,4.0,3.0,6.0,3.0,6.0,2.0,5.0,5.0,,COMPLETE
986,986,0.8655939904412868,2025-01-06 04:37:16.108659,2025-01-06 04:38:13.099471,0 days 00:00:56.990812,7,10,45.0,5.0,10.0,10.0,100.0,100.0,,,,3,4.0,3.0,5.0,6.0,6.0,2.0,,,,COMPLETE
987,987,0.8643409349296421,2025-01-06 04:38:13.100496,2025-01-06 04:39:02.307479,0 days 00:00:49.206983,8,10,35.0,5.0,5.0,90.0,40.0,95.0,90.0,,,3,2.0,3.0,5.0,3.0,6.0,2.0,3.0,,,COMPLETE
988,988,0.8638428020109666,2025-01-06 04:39:02.308256,2025-01-06 04:39:55.134351,0 days 00:00:52.826095,7,15,40.0,10.0,5.0,100.0,30.0,85.0,,,,4,4.0,3.0,5.0,4.0,6.0,2.0,,,,COMPLETE
989,989,0.862997014751032,2025-01-06 04:39:55.135375,2025-01-06 04:40:56.178105,0 days 00:01:01.042730,8,10,45.0,5.0,20.0,40.0,35.0,80.0,75.0,,,3,4.0,3.0,5.0,5.0,6.0,2.0,5.0,,,COMPLETE
990,990,0.8724093122981051,2025-01-06 04:40:56.179096,2025-01-06 04:41:40.295698,0 days 00:00:44.116602,7,5,30.0,35.0,10.0,85.0,25.0,80.0,,,,6,4.0,3.0,5.0,2.0,6.0,3.0,,,,COMPLETE
991,991,0.8203495488920998,2025-01-06 04:41:40.296569,2025-01-06 04:42:27.477257,0 days 00:00:47.180688,9,10,25.0,90.0,10.0,60.0,45.0,35.0,85.0,60.0,,3,6.0,3.0,3.0,3.0,6.0,2.0,4.0,6.0,,COMPLETE
992,992,0.8645809368818129,2025-01-06 04:42:27.478302,2025-01-06 04:43:22.561293,0 days 00:00:55.082991,7,15,40.0,10.0,15.0,35.0,30.0,90.0,,,,3,5.0,3.0,4.0,5.0,6.0,4.0,,,,COMPLETE
993,993,0.8695238627268453,2025-01-06 04:43:22.562181,2025-01-06 04:44:15.599620,0 days 00:00:53.037439,8,5,65.0,5.0,5.0,95.0,20.0,75.0,95.0,,,2,2.0,3.0,5.0,2.0,6.0,2.0,6.0,,,COMPLETE
994,994,0.8132940427148517,2025-01-06 04:44:15.600666,2025-01-06 04:44:37.015857,0 days 00:00:21.415191,3,10,5.0,80.0,,,,,,,,3,4.0,3.0,,,,,,,,COMPLETE
995,995,0.8807653770932092,2025-01-06 04:44:37.016479,2025-01-06 04:45:25.749551,0 days 00:00:48.733072,7,15,35.0,5.0,30.0,100.0,25.0,95.0,,,,3,4.0,3.0,5.0,3.0,6.0,2.0,,,,COMPLETE
996,996,0.8763029752517062,2025-01-06 04:45:25.750573,2025-01-06 04:46:52.036502,0 days 00:01:26.285929,9,10,45.0,10.0,5.0,90.0,95.0,85.0,80.0,35.0,,3,4.0,3.0,5.0,6.0,6.0,2.0,5.0,6.0,,COMPLETE
997,997,0.831877124047391,2025-01-06 04:46:52.037635,2025-01-06 04:47:06.443840,0 days 00:00:14.406205,2,5,60.0,,,,,,,,,3,3.0,,,,,,,,,COMPLETE
998,998,0.8452436550617983,2025-01-06 04:47:06.444435,2025-01-06 04:47:59.184342,0 days 00:00:52.739907,8,10,75.0,5.0,5.0,95.0,35.0,95.0,85.0,,,3,2.0,3.0,3.0,3.0,6.0,2.0,3.0,,,COMPLETE
999,999,0.8423391599261143,2025-01-06 04:47:59.185248,2025-01-06 04:48:56.734048,0 days 00:00:57.548800,8,5,70.0,75.0,15.0,100.0,20.0,30.0,75.0,,,3,4.0,3.0,5.0,2.0,6.0,3.0,5.0,,,COMPLETE
