,number,value,datetime_start,datetime_complete,duration,params_depth,params_neurons_layer_0,params_neurons_layer_1,params_neurons_layer_2,params_neurons_layer_3,params_neurons_layer_4,params_neurons_layer_5,params_neurons_layer_6,params_neurons_layer_7,params_neurons_layer_8,params_neurons_layer_9,params_orders_layer_0,params_orders_layer_1,params_orders_layer_2,params_orders_layer_3,params_orders_layer_4,params_orders_layer_5,params_orders_layer_6,params_orders_layer_7,params_orders_layer_8,params_orders_layer_9,state
0,0,0.8494301352495686,2025-01-05 14:42:31.368224,2025-01-05 14:43:05.695405,0 days 00:00:34.327181,1,95,,,,,,,,,,6,,,,,,,,,,COMPLETE
1,1,0.8658065054924874,2025-01-05 14:43:05.695872,2025-01-05 14:43:56.722731,0 days 00:00:51.026859,9,95,35.0,80.0,5.0,35.0,5.0,50.0,15.0,85.0,,3,6.0,4.0,3.0,2.0,2.0,5.0,2.0,3.0,,COMPLETE
2,2,0.8608873548377864,2025-01-05 14:43:56.723469,2025-01-05 14:44:15.471917,0 days 00:00:18.748448,2,80,35.0,,,,,,,,,3,6.0,,,,,,,,,COMPLETE
3,3,0.8663405296891361,2025-01-05 14:44:15.472398,2025-01-05 14:44:46.898946,0 days 00:00:31.426548,4,90,60.0,100.0,60.0,,,,,,,6,3.0,3.0,4.0,,,,,,,COMPLETE
4,4,0.8549486622042467,2025-01-05 14:44:46.899497,2025-01-05 14:45:01.299883,0 days 00:00:14.400386,1,95,,,,,,,,,,3,,,,,,,,,,COMPLETE
5,5,0.8697009094192193,2025-01-05 14:45:01.300264,2025-01-05 14:45:44.539376,0 days 00:00:43.239112,5,95,25.0,90.0,10.0,50.0,,,,,,3,3.0,2.0,6.0,5.0,,,,,,COMPLETE
6,6,0.8482725019849385,2025-01-05 14:45:44.540199,2025-01-05 14:46:24.375473,0 days 00:00:39.835274,4,100,40.0,5.0,70.0,,,,,,,4,2.0,6.0,4.0,,,,,,,COMPLETE
7,7,0.8595397412250592,2025-01-05 14:46:24.375914,2025-01-05 14:47:15.482782,0 days 00:00:51.106868,4,65,15.0,95.0,100.0,,,,,,,2,6.0,5.0,6.0,,,,,,,COMPLETE
8,8,0.8622426477214536,2025-01-05 14:47:15.483384,2025-01-05 14:48:32.415261,0 days 00:01:16.931877,8,55,80.0,80.0,70.0,60.0,25.0,25.0,15.0,,,3,5.0,6.0,5.0,6.0,4.0,4.0,2.0,,,COMPLETE
9,9,0.8420363127909345,2025-01-05 14:48:32.415830,2025-01-05 14:49:04.493522,0 days 00:00:32.077692,5,50,35.0,10.0,90.0,75.0,,,,,,3,3.0,4.0,2.0,2.0,,,,,,COMPLETE
10,10,0.8796827885935203,2025-01-05 14:49:04.494101,2025-01-05 14:49:57.519621,0 days 00:00:53.025520,7,20,10.0,50.0,10.0,10.0,100.0,95.0,,,,5,4.0,2.0,6.0,5.0,6.0,2.0,,,,COMPLETE
11,11,0.8803420316111349,2025-01-05 14:49:57.520160,2025-01-05 14:50:51.844586,0 days 00:00:54.324426,7,10,5.0,50.0,5.0,5.0,100.0,100.0,,,,5,4.0,2.0,6.0,5.0,6.0,2.0,,,,COMPLETE
12,12,0.854058951353678,2025-01-05 14:50:51.845302,2025-01-05 14:51:34.965291,0 days 00:00:43.119989,7,10,10.0,40.0,30.0,5.0,100.0,100.0,,,,5,4.0,2.0,6.0,4.0,6.0,2.0,,,,COMPLETE
13,13,0.8624046409949301,2025-01-05 14:51:34.965956,2025-01-05 14:52:57.151656,0 days 00:01:22.185700,10,5,5.0,50.0,35.0,5.0,100.0,100.0,100.0,15.0,95.0,5,4.0,2.0,5.0,5.0,6.0,2.0,6.0,6.0,5.0,COMPLETE
14,14,0.866172821591816,2025-01-05 14:52:57.152378,2025-01-05 14:54:00.229910,0 days 00:01:03.077532,7,30,100.0,35.0,25.0,25.0,70.0,80.0,,,,5,4.0,3.0,5.0,5.0,6.0,2.0,,,,COMPLETE
15,15,0.8606554371549402,2025-01-05 14:54:00.230652,2025-01-05 14:55:03.096275,0 days 00:01:02.865623,7,25,60.0,65.0,15.0,25.0,70.0,70.0,,,,4,5.0,3.0,6.0,6.0,4.0,3.0,,,,COMPLETE
16,16,0.838454852530651,2025-01-05 14:55:03.097034,2025-01-05 14:55:51.455990,0 days 00:00:48.358956,6,25,20.0,25.0,45.0,5.0,80.0,,,,,5,5.0,2.0,5.0,4.0,5.0,,,,,COMPLETE
17,17,0.8760410484819934,2025-01-05 14:55:51.456613,2025-01-05 14:57:08.111249,0 days 00:01:16.654636,9,40,5.0,60.0,5.0,100.0,40.0,80.0,85.0,100.0,,4,2.0,3.0,3.0,3.0,5.0,3.0,6.0,2.0,,COMPLETE
18,18,0.8677243273162503,2025-01-05 14:57:08.112005,2025-01-05 14:57:39.706449,0 days 00:00:31.594444,6,15,50.0,50.0,25.0,25.0,85.0,,,,,6,3.0,4.0,4.0,5.0,5.0,,,,,COMPLETE
19,19,0.880842407764735,2025-01-05 14:57:39.707161,2025-01-05 14:58:29.691511,0 days 00:00:49.984350,8,15,25.0,25.0,45.0,40.0,50.0,100.0,55.0,,,5,4.0,2.0,6.0,6.0,2.0,6.0,4.0,,,COMPLETE
20,20,0.8457852885572856,2025-01-05 14:58:29.692678,2025-01-05 14:59:28.826890,0 days 00:00:59.134212,10,35,25.0,20.0,45.0,45.0,50.0,50.0,55.0,5.0,5.0,6,5.0,5.0,5.0,6.0,2.0,6.0,4.0,6.0,2.0,COMPLETE
21,21,0.8452814693083233,2025-01-05 14:59:28.827639,2025-01-05 15:00:24.624379,0 days 00:00:55.796740,8,15,15.0,35.0,20.0,15.0,55.0,100.0,55.0,,,5,4.0,2.0,6.0,6.0,3.0,6.0,4.0,,,COMPLETE
22,22,0.8624449562107321,2025-01-05 15:00:24.625292,2025-01-05 15:01:16.198018,0 days 00:00:51.572726,8,20,5.0,65.0,15.0,70.0,90.0,80.0,40.0,,,5,4.0,3.0,6.0,5.0,3.0,3.0,5.0,,,COMPLETE
23,23,0.8559728516305851,2025-01-05 15:01:16.198736,2025-01-05 15:02:12.186832,0 days 00:00:55.988096,9,5,25.0,25.0,40.0,15.0,60.0,90.0,75.0,55.0,,4,4.0,2.0,6.0,4.0,6.0,4.0,3.0,4.0,,COMPLETE
24,24,0.8522753624688415,2025-01-05 15:02:12.187725,2025-01-05 15:03:11.932643,0 days 00:00:59.744918,7,40,15.0,45.0,55.0,40.0,35.0,65.0,,,,5,3.0,2.0,5.0,6.0,5.0,5.0,,,,COMPLETE
25,25,0.8686525954139436,2025-01-05 15:03:11.933327,2025-01-05 15:03:52.301563,0 days 00:00:40.368236,6,15,25.0,60.0,5.0,15.0,100.0,,,,,6,5.0,3.0,6.0,5.0,3.0,,,,,COMPLETE
26,26,0.8415894280588105,2025-01-05 15:03:52.302308,2025-01-05 15:04:42.201780,0 days 00:00:49.899472,8,5,45.0,75.0,65.0,35.0,75.0,90.0,35.0,,,5,4.0,2.0,5.0,5.0,6.0,2.0,3.0,,,COMPLETE
27,27,0.8602917999679134,2025-01-05 15:04:42.202444,2025-01-05 15:06:04.625853,0 days 00:01:22.423409,9,25,15.0,15.0,80.0,85.0,90.0,10.0,70.0,45.0,,4,4.0,3.0,6.0,3.0,5.0,4.0,5.0,4.0,,COMPLETE
28,28,0.8574907494422365,2025-01-05 15:06:04.626627,2025-01-05 15:06:35.159684,0 days 00:00:30.533057,5,45,5.0,30.0,15.0,60.0,,,,,,5,3.0,2.0,3.0,4.0,,,,,,COMPLETE
29,29,0.8577991524292579,2025-01-05 15:06:35.160289,2025-01-05 15:07:32.501505,0 days 00:00:57.341216,7,20,70.0,45.0,30.0,15.0,20.0,90.0,,,,6,5.0,5.0,4.0,6.0,4.0,3.0,,,,COMPLETE
30,30,0.8338553912108597,2025-01-05 15:07:32.502261,2025-01-05 15:07:55.760790,0 days 00:00:23.258529,3,30,30.0,55.0,,,,,,,,6,3.0,3.0,,,,,,,,COMPLETE
31,31,0.8574546571307062,2025-01-05 15:07:55.761321,2025-01-05 15:09:12.237644,0 days 00:01:16.476323,9,60,5.0,65.0,5.0,100.0,40.0,80.0,95.0,100.0,,4,2.0,2.0,3.0,3.0,5.0,3.0,6.0,2.0,,COMPLETE
32,32,0.8603491560319112,2025-01-05 15:09:12.238427,2025-01-05 15:10:15.581533,0 days 00:01:03.343106,8,40,10.0,55.0,10.0,85.0,45.0,100.0,80.0,,,4,2.0,3.0,2.0,3.0,6.0,2.0,5.0,,,COMPLETE
33,33,0.8798271034274063,2025-01-05 15:10:15.582250,2025-01-05 15:11:23.702764,0 days 00:01:08.120514,9,10,10.0,80.0,20.0,60.0,60.0,90.0,85.0,75.0,,4,2.0,4.0,3.0,3.0,5.0,3.0,3.0,2.0,,COMPLETE
34,34,0.8732971965091207,2025-01-05 15:11:23.703530,2025-01-05 15:12:23.753941,0 days 00:01:00.050411,10,10,20.0,85.0,20.0,60.0,60.0,90.0,65.0,70.0,40.0,4,6.0,4.0,3.0,4.0,6.0,2.0,3.0,3.0,6.0,COMPLETE
35,35,0.8731706385902994,2025-01-05 15:12:23.754689,2025-01-05 15:13:04.895829,0 days 00:00:41.141140,6,10,35.0,75.0,25.0,70.0,65.0,,,,,5,4.0,4.0,2.0,4.0,5.0,,,,,COMPLETE
36,36,0.8528900392430224,2025-01-05 15:13:04.896508,2025-01-05 15:14:11.399658,0 days 00:01:06.503150,9,20,20.0,100.0,50.0,50.0,90.0,65.0,30.0,40.0,,5,3.0,5.0,4.0,5.0,2.0,5.0,3.0,5.0,,COMPLETE
37,37,0.8552197956164884,2025-01-05 15:14:11.400523,2025-01-05 15:15:17.521929,0 days 00:01:06.121406,8,75,10.0,70.0,10.0,30.0,30.0,90.0,45.0,,,5,5.0,2.0,6.0,2.0,6.0,3.0,4.0,,,COMPLETE
38,38,0.8617193110327044,2025-01-05 15:15:17.523102,2025-01-05 15:16:06.991175,0 days 00:00:49.468073,7,30,30.0,40.0,35.0,40.0,50.0,35.0,,,,2,2.0,4.0,5.0,6.0,4.0,2.0,,,,COMPLETE
39,39,0.8520573368126307,2025-01-05 15:16:06.991863,2025-01-05 15:17:14.942621,0 days 00:01:07.950758,8,15,10.0,90.0,20.0,10.0,80.0,95.0,90.0,,,4,3.0,6.0,4.0,5.0,5.0,3.0,4.0,,,COMPLETE
40,40,0.847385272145144,2025-01-05 15:17:14.943925,2025-01-05 15:17:25.749074,0 days 00:00:10.805149,1,5,,,,,,,,,,6,,,,,,,,,,COMPLETE
41,41,0.8657388509374977,2025-01-05 15:17:25.749523,2025-01-05 15:18:37.860711,0 days 00:01:12.111188,9,35,5.0,60.0,5.0,95.0,45.0,80.0,85.0,100.0,,4,2.0,3.0,3.0,3.0,5.0,3.0,5.0,2.0,,COMPLETE
42,42,0.8568341419659466,2025-01-05 15:18:37.861477,2025-01-05 15:19:33.041286,0 days 00:00:55.179809,9,10,15.0,80.0,10.0,85.0,10.0,85.0,60.0,75.0,,3,2.0,2.0,3.0,3.0,4.0,4.0,3.0,2.0,,COMPLETE
43,43,0.8516899960754265,2025-01-05 15:19:33.041899,2025-01-05 15:20:36.198100,0 days 00:01:03.156201,10,20,10.0,5.0,5.0,55.0,40.0,70.0,80.0,85.0,100.0,4,2.0,3.0,2.0,2.0,6.0,2.0,4.0,3.0,2.0,COMPLETE
44,44,0.8686513379288943,2025-01-05 15:20:36.198865,2025-01-05 15:21:34.933011,0 days 00:00:58.734146,8,45,40.0,45.0,15.0,20.0,15.0,95.0,100.0,,,4,2.0,2.0,3.0,3.0,3.0,3.0,6.0,,,COMPLETE
45,45,0.862939601681668,2025-01-05 15:21:34.933767,2025-01-05 15:22:29.606114,0 days 00:00:54.672347,7,70,20.0,60.0,10.0,75.0,30.0,100.0,,,,4,3.0,4.0,6.0,2.0,5.0,2.0,,,,COMPLETE
46,46,0.861994660319274,2025-01-05 15:22:29.606727,2025-01-05 15:23:28.727160,0 days 00:00:59.120433,9,25,30.0,70.0,5.0,5.0,95.0,85.0,70.0,65.0,,3,4.0,2.0,3.0,4.0,2.0,5.0,2.0,2.0,,COMPLETE
47,47,0.8701851748585135,2025-01-05 15:23:28.727901,2025-01-05 15:24:29.353058,0 days 00:01:00.625157,10,10,10.0,95.0,30.0,35.0,55.0,95.0,25.0,85.0,55.0,5,6.0,3.0,6.0,3.0,6.0,6.0,4.0,3.0,4.0,COMPLETE
48,48,0.8605929456023761,2025-01-05 15:24:29.353690,2025-01-05 15:25:23.173027,0 days 00:00:53.819337,6,55,95.0,35.0,20.0,65.0,100.0,,,,,3,4.0,3.0,2.0,4.0,4.0,,,,,COMPLETE
49,49,0.8553321564168769,2025-01-05 15:25:23.173682,2025-01-05 15:26:22.632637,0 days 00:00:59.458955,8,35,5.0,50.0,80.0,10.0,40.0,50.0,5.0,,,5,3.0,2.0,4.0,6.0,6.0,4.0,5.0,,,COMPLETE
50,50,0.8611356483527643,2025-01-05 15:26:22.633872,2025-01-05 15:27:20.955873,0 days 00:00:58.322001,5,85,15.0,85.0,100.0,30.0,,,,,,4,2.0,4.0,6.0,5.0,,,,,,COMPLETE
51,51,0.7936351951179693,2025-01-05 15:27:20.956555,2025-01-05 15:28:21.707080,0 days 00:01:00.750525,10,10,20.0,85.0,20.0,55.0,60.0,85.0,65.0,65.0,35.0,4,6.0,4.0,3.0,4.0,6.0,2.0,3.0,3.0,6.0,COMPLETE
52,52,0.8488196408386185,2025-01-05 15:28:21.707809,2025-01-05 15:29:28.416944,0 days 00:01:06.709135,10,15,20.0,90.0,15.0,60.0,65.0,95.0,50.0,70.0,50.0,4,6.0,4.0,3.0,4.0,6.0,2.0,3.0,2.0,6.0,COMPLETE
53,53,0.8657376409033826,2025-01-05 15:29:28.417761,2025-01-05 15:30:21.203144,0 days 00:00:52.785383,9,5,10.0,85.0,25.0,50.0,60.0,90.0,85.0,90.0,,5,5.0,4.0,3.0,3.0,6.0,2.0,3.0,3.0,,COMPLETE
54,54,0.8699473512716297,2025-01-05 15:30:21.203819,2025-01-05 15:31:43.281673,0 days 00:01:22.077854,10,10,60.0,75.0,10.0,75.0,75.0,75.0,65.0,55.0,20.0,3,4.0,5.0,3.0,5.0,6.0,2.0,2.0,2.0,4.0,COMPLETE
55,55,0.8739938574690348,2025-01-05 15:31:43.282506,2025-01-05 15:32:58.014121,0 days 00:01:14.731615,9,20,15.0,80.0,35.0,65.0,95.0,100.0,75.0,75.0,,5,5.0,2.0,4.0,6.0,5.0,3.0,4.0,3.0,,COMPLETE
56,56,0.8361029330870844,2025-01-05 15:32:58.014869,2025-01-05 15:33:39.059356,0 days 00:00:41.044487,7,20,5.0,70.0,40.0,45.0,95.0,100.0,,,,5,5.0,2.0,4.0,6.0,5.0,3.0,,,,COMPLETE
57,57,0.8663006387526109,2025-01-05 15:33:39.060118,2025-01-05 15:34:49.510621,0 days 00:01:10.450503,8,30,15.0,25.0,55.0,20.0,95.0,95.0,90.0,,,5,5.0,2.0,5.0,6.0,5.0,4.0,4.0,,,COMPLETE
58,58,0.8664511278195488,2025-01-05 15:34:49.511804,2025-01-05 15:35:51.075777,0 days 00:01:01.563973,9,15,15.0,40.0,45.0,80.0,100.0,100.0,75.0,35.0,,5,4.0,2.0,5.0,6.0,5.0,3.0,4.0,2.0,,COMPLETE
59,59,0.8519803771960716,2025-01-05 15:35:51.076516,2025-01-05 15:37:07.682633,0 days 00:01:16.606117,8,25,25.0,55.0,35.0,95.0,85.0,100.0,90.0,,,6,4.0,2.0,6.0,6.0,4.0,3.0,5.0,,,COMPLETE
60,60,0.8714605817868801,2025-01-05 15:37:07.683412,2025-01-05 15:37:56.202568,0 days 00:00:48.519156,7,25,5.0,20.0,40.0,10.0,85.0,35.0,,,,5,4.0,2.0,4.0,5.0,4.0,4.0,,,,COMPLETE
61,61,0.8771779344984607,2025-01-05 15:37:56.203214,2025-01-05 15:39:01.282962,0 days 00:01:05.079748,10,15,20.0,80.0,15.0,65.0,50.0,85.0,65.0,75.0,65.0,4,6.0,3.0,3.0,5.0,6.0,2.0,2.0,3.0,4.0,COMPLETE
62,62,0.8667265465501388,2025-01-05 15:39:01.284269,2025-01-05 15:40:16.796367,0 days 00:01:15.512098,9,20,10.0,80.0,50.0,65.0,45.0,85.0,75.0,80.0,,5,5.0,3.0,6.0,5.0,5.0,2.0,2.0,4.0,,COMPLETE
63,63,0.8629405893940605,2025-01-05 15:40:16.797199,2025-01-05 15:41:12.526583,0 days 00:00:55.729384,10,15,25.0,95.0,15.0,65.0,50.0,75.0,60.0,95.0,70.0,4,6.0,3.0,3.0,5.0,6.0,3.0,2.0,3.0,3.0,COMPLETE
64,64,0.8636887642555975,2025-01-05 15:41:12.527293,2025-01-05 15:42:02.388808,0 days 00:00:49.861515,9,5,70.0,75.0,25.0,70.0,95.0,90.0,80.0,60.0,,5,5.0,2.0,6.0,6.0,5.0,2.0,2.0,4.0,,COMPLETE
65,65,0.8520945427666169,2025-01-05 15:42:02.389554,2025-01-05 15:42:48.344316,0 days 00:00:45.954762,8,20,20.0,70.0,10.0,5.0,55.0,95.0,50.0,,,2,6.0,2.0,2.0,5.0,6.0,5.0,6.0,,,COMPLETE
66,66,0.8619910325747958,2025-01-05 15:42:48.345042,2025-01-05 15:43:50.009678,0 days 00:01:01.664636,9,15,30.0,65.0,5.0,45.0,35.0,85.0,60.0,75.0,,4,4.0,3.0,4.0,6.0,5.0,6.0,4.0,2.0,,COMPLETE
67,67,0.8141229327499351,2025-01-05 15:43:50.010437,2025-01-05 15:44:36.253803,0 days 00:00:46.243366,6,5,10.0,50.0,60.0,80.0,90.0,,,,,5,5.0,2.0,5.0,5.0,3.0,,,,,COMPLETE
68,68,0.8470808470808471,2025-01-05 15:44:36.254512,2025-01-05 15:45:39.892990,0 days 00:01:03.638478,8,35,5.0,80.0,15.0,55.0,35.0,95.0,70.0,,,5,3.0,3.0,3.0,6.0,6.0,2.0,5.0,,,COMPLETE
69,69,0.8487062018150492,2025-01-05 15:45:39.893739,2025-01-05 15:46:26.124507,0 days 00:00:46.230768,9,40,15.0,90.0,30.0,60.0,100.0,75.0,85.0,90.0,,6,4.0,2.0,6.0,3.0,2.0,3.0,3.0,3.0,,COMPLETE
70,70,0.8596999117156552,2025-01-05 15:46:26.125748,2025-01-05 15:46:50.613868,0 days 00:00:24.488120,4,25,10.0,30.0,20.0,,,,,,,4,2.0,2.0,4.0,,,,,,,COMPLETE
71,71,0.8545259892227817,2025-01-05 15:46:50.614637,2025-01-05 15:47:55.950633,0 days 00:01:05.335996,10,10,20.0,80.0,35.0,65.0,65.0,90.0,65.0,75.0,75.0,4,6.0,4.0,3.0,4.0,6.0,2.0,2.0,3.0,5.0,COMPLETE
72,72,0.8592299490992747,2025-01-05 15:47:55.951445,2025-01-05 15:49:25.806097,0 days 00:01:29.854652,10,100,25.0,85.0,20.0,60.0,50.0,100.0,75.0,70.0,40.0,4,6.0,5.0,3.0,5.0,6.0,2.0,3.0,3.0,5.0,COMPLETE
73,73,0.8406563029998411,2025-01-05 15:49:25.807417,2025-01-05 15:50:25.194415,0 days 00:00:59.386998,10,10,35.0,95.0,10.0,70.0,55.0,90.0,45.0,65.0,70.0,4,6.0,4.0,3.0,4.0,6.0,2.0,3.0,5.0,3.0,COMPLETE
74,74,0.7960188143988292,2025-01-05 15:50:25.195263,2025-01-05 15:51:02.892474,0 days 00:00:37.697211,7,20,50.0,75.0,25.0,20.0,70.0,5.0,,,,4,6.0,3.0,2.0,3.0,6.0,2.0,,,,COMPLETE
75,75,0.8473503156591908,2025-01-05 15:51:02.893081,2025-01-05 15:51:40.757410,0 days 00:00:37.864329,10,15,15.0,100.0,5.0,55.0,45.0,60.0,55.0,80.0,30.0,4,6.0,4.0,4.0,2.0,5.0,4.0,2.0,2.0,3.0,COMPLETE
76,76,0.7741529258909505,2025-01-05 15:51:40.758169,2025-01-05 15:52:33.908741,0 days 00:00:53.150572,9,5,5.0,45.0,15.0,50.0,60.0,80.0,70.0,80.0,,4,4.0,2.0,3.0,5.0,6.0,3.0,6.0,3.0,,COMPLETE
77,77,0.8681160632806204,2025-01-05 15:52:33.909946,2025-01-05 15:53:40.674103,0 days 00:01:06.764157,9,15,15.0,60.0,10.0,40.0,40.0,95.0,95.0,90.0,,4,3.0,6.0,6.0,4.0,5.0,2.0,3.0,4.0,,COMPLETE
78,78,0.8857781298916697,2025-01-05 15:53:40.674950,2025-01-05 15:54:59.566513,0 days 00:01:18.891563,10,10,10.0,80.0,30.0,95.0,80.0,100.0,80.0,50.0,55.0,5,5.0,5.0,3.0,6.0,6.0,3.0,4.0,3.0,5.0,COMPLETE
79,79,0.8661074498212472,2025-01-05 15:54:59.567702,2025-01-05 15:56:10.666625,0 days 00:01:11.098923,7,50,10.0,10.0,30.0,95.0,80.0,100.0,,,,5,5.0,5.0,3.0,6.0,5.0,3.0,,,,COMPLETE
80,80,0.8555800813573682,2025-01-05 15:56:10.667315,2025-01-05 15:57:54.736053,0 days 00:01:44.068738,9,60,5.0,80.0,40.0,100.0,90.0,95.0,80.0,45.0,,5,2.0,6.0,6.0,6.0,6.0,3.0,4.0,2.0,,COMPLETE
81,81,0.8747669093072565,2025-01-05 15:57:54.736896,2025-01-05 15:59:11.254845,0 days 00:01:16.517949,10,10,20.0,90.0,20.0,90.0,75.0,90.0,65.0,25.0,60.0,5,5.0,5.0,3.0,6.0,6.0,3.0,4.0,3.0,6.0,COMPLETE
82,82,0.8505618495257914,2025-01-05 15:59:11.255787,2025-01-05 16:00:18.782012,0 days 00:01:07.526225,10,10,10.0,75.0,35.0,90.0,75.0,100.0,80.0,25.0,60.0,5,5.0,5.0,3.0,6.0,6.0,3.0,4.0,3.0,5.0,COMPLETE
83,83,0.8682808497341692,2025-01-05 16:00:18.782739,2025-01-05 16:01:37.574097,0 days 00:01:18.791358,10,15,15.0,90.0,20.0,100.0,95.0,90.0,95.0,10.0,85.0,5,5.0,5.0,3.0,6.0,6.0,3.0,4.0,4.0,4.0,COMPLETE
84,84,0.8195200834843915,2025-01-05 16:01:37.574988,2025-01-05 16:03:01.724687,0 days 00:01:24.149699,10,5,20.0,50.0,30.0,90.0,70.0,85.0,75.0,25.0,60.0,5,5.0,5.0,3.0,6.0,6.0,3.0,4.0,3.0,5.0,COMPLETE
85,85,0.8796815609659738,2025-01-05 16:03:01.725579,2025-01-05 16:04:01.061551,0 days 00:00:59.335972,8,20,5.0,55.0,15.0,90.0,100.0,95.0,85.0,,,5,4.0,5.0,2.0,6.0,6.0,3.0,4.0,,,COMPLETE
86,86,0.8506266201157396,2025-01-05 16:04:01.062365,2025-01-05 16:05:21.636008,0 days 00:01:20.573643,8,10,5.0,55.0,5.0,90.0,85.0,80.0,85.0,,,5,4.0,5.0,2.0,6.0,6.0,3.0,5.0,,,COMPLETE
87,87,0.8538014220552518,2025-01-05 16:05:21.636862,2025-01-05 16:06:15.075898,0 days 00:00:53.439036,8,10,10.0,65.0,15.0,95.0,100.0,40.0,90.0,,,6,4.0,5.0,2.0,6.0,6.0,5.0,4.0,,,COMPLETE
88,88,0.8793821269039759,2025-01-05 16:06:15.076570,2025-01-05 16:07:07.430101,0 days 00:00:52.353531,7,20,5.0,55.0,10.0,85.0,50.0,90.0,,,,5,4.0,5.0,2.0,5.0,6.0,4.0,,,,COMPLETE
89,89,0.8526758673430188,2025-01-05 16:07:07.430913,2025-01-05 16:07:56.454113,0 days 00:00:49.023200,6,25,5.0,55.0,10.0,80.0,50.0,,,,,5,4.0,5.0,2.0,5.0,6.0,,,,,COMPLETE
90,90,0.8682613403484052,2025-01-05 16:07:56.454734,2025-01-05 16:08:43.718925,0 days 00:00:47.264191,7,20,5.0,60.0,15.0,85.0,45.0,95.0,,,,5,4.0,5.0,2.0,5.0,6.0,4.0,,,,COMPLETE
91,91,0.868081590020065,2025-01-05 16:08:43.719733,2025-01-05 16:09:36.469059,0 days 00:00:52.749326,7,15,10.0,50.0,5.0,90.0,80.0,90.0,,,,5,4.0,5.0,2.0,5.0,6.0,6.0,,,,COMPLETE
92,92,0.8468305729331169,2025-01-05 16:09:36.469725,2025-01-05 16:10:46.253923,0 days 00:01:09.784198,8,30,10.0,35.0,10.0,95.0,50.0,85.0,100.0,,,5,4.0,5.0,2.0,5.0,6.0,3.0,4.0,,,COMPLETE
93,93,0.7368506792451144,2025-01-05 16:10:46.254836,2025-01-05 16:11:32.351075,0 days 00:00:46.096239,6,5,5.0,55.0,20.0,100.0,55.0,,,,,5,2.0,6.0,2.0,6.0,6.0,,,,,COMPLETE
94,94,0.8574469857756665,2025-01-05 16:11:32.351771,2025-01-05 16:12:23.377980,0 days 00:00:51.026209,8,15,5.0,60.0,5.0,90.0,65.0,95.0,55.0,,,5,3.0,5.0,3.0,3.0,6.0,4.0,5.0,,,COMPLETE
95,95,0.8444495023210519,2025-01-05 16:12:23.379202,2025-01-05 16:13:21.716821,0 days 00:00:58.337619,7,20,40.0,45.0,25.0,85.0,30.0,90.0,,,,5,4.0,5.0,3.0,6.0,2.0,3.0,,,,COMPLETE
96,96,0.8560533579279606,2025-01-05 16:13:21.717593,2025-01-05 16:14:38.882024,0 days 00:01:17.164431,9,10,15.0,40.0,15.0,95.0,40.0,85.0,60.0,30.0,,5,3.0,5.0,2.0,5.0,6.0,3.0,5.0,5.0,,COMPLETE
97,97,0.8470094315193222,2025-01-05 16:14:38.882772,2025-01-05 16:15:26.606377,0 days 00:00:47.723605,9,15,10.0,65.0,10.0,5.0,45.0,95.0,85.0,50.0,,5,4.0,6.0,6.0,6.0,3.0,2.0,4.0,2.0,,COMPLETE
98,98,0.8773321319060692,2025-01-05 16:15:26.607352,2025-01-05 16:16:54.251927,0 days 00:01:27.644575,10,20,25.0,45.0,15.0,100.0,75.0,100.0,95.0,15.0,80.0,5,2.0,5.0,3.0,5.0,6.0,3.0,4.0,2.0,6.0,COMPLETE
99,99,0.8591994002739383,2025-01-05 16:16:54.252858,2025-01-05 16:17:54.399743,0 days 00:01:00.146885,7,25,25.0,45.0,5.0,100.0,90.0,100.0,,,,6,2.0,4.0,6.0,5.0,4.0,5.0,,,,COMPLETE
100,100,0.8604109727044952,2025-01-05 16:17:54.400590,2025-01-05 16:19:02.187238,0 days 00:01:07.786648,8,20,15.0,50.0,15.0,10.0,100.0,100.0,95.0,,,4,2.0,4.0,2.0,5.0,6.0,2.0,4.0,,,COMPLETE
101,101,0.8607728827959953,2025-01-05 16:19:02.187890,2025-01-05 16:20:14.306486,0 days 00:01:12.118596,10,15,20.0,30.0,10.0,95.0,75.0,95.0,90.0,15.0,80.0,5,2.0,5.0,3.0,5.0,6.0,3.0,4.0,2.0,6.0,COMPLETE
102,102,0.8627481069336926,2025-01-05 16:20:14.307264,2025-01-05 16:21:33.382133,0 days 00:01:19.074869,10,30,30.0,40.0,20.0,100.0,75.0,90.0,95.0,5.0,65.0,5,4.0,5.0,3.0,3.0,6.0,3.0,4.0,2.0,6.0,COMPLETE
103,103,0.8488167133022653,2025-01-05 16:21:33.382914,2025-01-05 16:22:33.048175,0 days 00:00:59.665261,10,10,25.0,20.0,20.0,90.0,80.0,100.0,100.0,20.0,50.0,5,2.0,5.0,3.0,5.0,6.0,3.0,4.0,2.0,5.0,COMPLETE
104,104,0.8626586575870665,2025-01-05 16:22:33.048948,2025-01-05 16:24:18.474757,0 days 00:01:45.425809,10,25,65.0,55.0,75.0,95.0,60.0,90.0,40.0,40.0,85.0,5,4.0,5.0,3.0,5.0,6.0,4.0,3.0,2.0,6.0,COMPLETE
105,105,0.8763631040574142,2025-01-05 16:24:18.475534,2025-01-05 16:25:37.675168,0 days 00:01:19.199634,9,20,90.0,70.0,15.0,85.0,85.0,95.0,85.0,15.0,,5,4.0,5.0,3.0,6.0,6.0,3.0,4.0,2.0,,COMPLETE
106,106,0.8650474404320285,2025-01-05 16:25:37.676065,2025-01-05 16:27:11.364882,0 days 00:01:33.688817,9,20,75.0,60.0,95.0,80.0,85.0,95.0,85.0,15.0,,4,4.0,2.0,3.0,5.0,6.0,4.0,4.0,2.0,,COMPLETE
107,107,0.8346381522131675,2025-01-05 16:27:11.365763,2025-01-05 16:27:34.461882,0 days 00:00:23.096119,2,20,100.0,,,,,,,,,5,4.0,,,,,,,,,COMPLETE
108,108,0.8423706093892537,2025-01-05 16:27:34.462376,2025-01-05 16:28:10.878896,0 days 00:00:36.416520,5,25,5.0,70.0,15.0,85.0,,,,,,4,4.0,3.0,3.0,4.0,,,,,,COMPLETE
109,109,0.8680742838942883,2025-01-05 16:28:10.879968,2025-01-05 16:29:31.671376,0 days 00:01:20.791408,9,30,35.0,65.0,25.0,75.0,95.0,100.0,80.0,5.0,,5,2.0,5.0,6.0,6.0,4.0,3.0,3.0,2.0,,COMPLETE
110,110,0.8642094736862309,2025-01-05 16:29:31.672720,2025-01-05 16:30:40.857320,0 days 00:01:09.184600,8,35,95.0,55.0,10.0,25.0,50.0,20.0,90.0,,,5,4.0,3.0,4.0,3.0,6.0,2.0,5.0,,,COMPLETE
111,111,0.8561291860542308,2025-01-05 16:30:40.858032,2025-01-05 16:32:00.961298,0 days 00:01:20.103266,10,15,55.0,85.0,15.0,90.0,70.0,95.0,70.0,15.0,50.0,5,2.0,5.0,3.0,6.0,6.0,3.0,4.0,2.0,4.0,COMPLETE
112,112,0.8586318474758324,2025-01-05 16:32:00.962232,2025-01-05 16:33:14.223909,0 days 00:01:13.261677,9,10,90.0,50.0,5.0,85.0,80.0,80.0,90.0,25.0,,5,4.0,5.0,3.0,6.0,6.0,3.0,4.0,6.0,,COMPLETE
113,113,0.8470621384518806,2025-01-05 16:33:14.224721,2025-01-05 16:34:40.420762,0 days 00:01:26.196041,10,15,80.0,45.0,15.0,100.0,65.0,95.0,85.0,100.0,65.0,5,3.0,5.0,3.0,6.0,6.0,3.0,4.0,3.0,5.0,COMPLETE
