,number,value,datetime_start,datetime_complete,duration,params_depth,params_neurons_layer_0,params_neurons_layer_1,params_neurons_layer_2,params_neurons_layer_3,params_neurons_layer_4,params_neurons_layer_5,params_neurons_layer_6,params_neurons_layer_7,params_neurons_layer_8,params_neurons_layer_9,params_orders_layer_0,params_orders_layer_1,params_orders_layer_2,params_orders_layer_3,params_orders_layer_4,params_orders_layer_5,params_orders_layer_6,params_orders_layer_7,params_orders_layer_8,params_orders_layer_9,state
486,486,0.7886731631405388,2025-01-03 12:35:04.751660,2025-01-03 12:35:28.419400,0 days 00:00:23.667740,5,65,55.0,85.0,30.0,40.0,,,,,,6,5.0,3.0,3.0,2.0,,,,,,COMPLETE
487,487,0.7909369783913024,2025-01-03 12:35:28.420056,2025-01-03 12:35:49.778020,0 days 00:00:21.357964,5,70,55.0,85.0,35.0,20.0,,,,,,6,5.0,3.0,3.0,2.0,,,,,,COMPLETE
488,488,0.8226186514209644,2025-01-03 12:35:49.778666,2025-01-03 12:36:11.024275,0 days 00:00:21.245609,5,70,55.0,80.0,35.0,55.0,,,,,,6,5.0,3.0,3.0,2.0,,,,,,COMPLETE
489,489,0.7951545306450831,2025-01-03 12:36:11.024902,2025-01-03 12:36:34.535241,0 days 00:00:23.510339,5,65,55.0,80.0,30.0,55.0,,,,,,6,5.0,3.0,3.0,2.0,,,,,,COMPLETE
490,490,0.8157358958144365,2025-01-03 12:36:34.536127,2025-01-03 12:36:58.040039,0 days 00:00:23.503912,5,70,55.0,80.0,35.0,55.0,,,,,,6,5.0,3.0,3.0,2.0,,,,,,COMPLETE
491,491,0.7968851542524058,2025-01-03 12:36:58.040695,2025-01-03 12:37:18.615169,0 days 00:00:20.574474,4,65,55.0,85.0,35.0,,,,,,,5,5.0,3.0,3.0,,,,,,,COMPLETE
492,492,0.8022136228588197,2025-01-03 12:37:18.615786,2025-01-03 12:37:37.636031,0 days 00:00:19.020245,5,70,50.0,80.0,80.0,50.0,,,,,,6,5.0,3.0,3.0,2.0,,,,,,COMPLETE
493,493,0.8004514783012442,2025-01-03 12:37:37.636686,2025-01-03 12:37:58.532976,0 days 00:00:20.896290,5,70,50.0,80.0,35.0,55.0,,,,,,6,5.0,3.0,3.0,2.0,,,,,,COMPLETE
494,494,0.7939881984986181,2025-01-03 12:37:58.533820,2025-01-03 12:38:15.945218,0 days 00:00:17.411398,4,70,55.0,75.0,30.0,,,,,,,6,5.0,3.0,3.0,,,,,,,COMPLETE
495,495,0.8082738833746899,2025-01-03 12:38:15.945894,2025-01-03 12:38:35.887429,0 days 00:00:19.941535,5,80,55.0,80.0,35.0,55.0,,,,,,6,5.0,3.0,3.0,2.0,,,,,,COMPLETE
496,496,0.8035573400958016,2025-01-03 12:38:35.888079,2025-01-03 12:39:03.203204,0 days 00:00:27.315125,5,65,60.0,45.0,35.0,50.0,,,,,,5,5.0,3.0,3.0,2.0,,,,,,COMPLETE
497,497,0.8029451068845059,2025-01-03 12:39:03.203851,2025-01-03 12:39:22.848955,0 days 00:00:19.645104,5,60,50.0,85.0,80.0,55.0,,,,,,6,5.0,3.0,3.0,2.0,,,,,,COMPLETE
498,498,0.7858075503831962,2025-01-03 12:39:22.849608,2025-01-03 12:39:48.179323,0 days 00:00:25.329715,5,85,55.0,80.0,40.0,50.0,,,,,,4,5.0,3.0,3.0,2.0,,,,,,COMPLETE
499,499,0.8005362303163295,2025-01-03 12:39:48.180198,2025-01-03 12:40:16.734743,0 days 00:00:28.554545,5,70,10.0,85.0,35.0,45.0,,,,,,2,5.0,3.0,3.0,2.0,,,,,,COMPLETE
500,500,0.7813184253435825,2025-01-03 12:40:16.735383,2025-01-03 12:40:37.833489,0 days 00:00:21.098106,5,80,60.0,80.0,25.0,20.0,,,,,,6,5.0,3.0,3.0,2.0,,,,,,COMPLETE
501,501,0.8043878672647872,2025-01-03 12:40:37.834146,2025-01-03 12:41:01.219484,0 days 00:00:23.385338,5,70,60.0,75.0,40.0,15.0,,,,,,6,5.0,3.0,3.0,2.0,,,,,,COMPLETE
502,502,0.8121235925634983,2025-01-03 12:41:01.220327,2025-01-03 12:41:21.351594,0 days 00:00:20.131267,4,80,60.0,85.0,5.0,,,,,,,6,5.0,3.0,3.0,,,,,,,COMPLETE
503,503,0.8106086116276006,2025-01-03 12:41:21.352282,2025-01-03 12:41:38.977850,0 days 00:00:17.625568,5,85,55.0,75.0,70.0,55.0,,,,,,6,5.0,3.0,3.0,2.0,,,,,,COMPLETE
504,504,0.8117176714219972,2025-01-03 12:41:38.978536,2025-01-03 12:41:55.489539,0 days 00:00:16.511003,5,80,95.0,25.0,30.0,40.0,,,,,,6,5.0,2.0,3.0,2.0,,,,,,COMPLETE
505,505,0.8009977372473386,2025-01-03 12:41:55.490196,2025-01-03 12:42:27.952821,0 days 00:00:32.462625,6,65,50.0,80.0,40.0,55.0,85.0,,,,,6,5.0,3.0,4.0,2.0,5.0,,,,,COMPLETE
506,506,0.8090848796370269,2025-01-03 12:42:27.953705,2025-01-03 12:42:46.771156,0 days 00:00:18.817451,5,85,60.0,85.0,65.0,45.0,,,,,,6,5.0,2.0,3.0,2.0,,,,,,COMPLETE
507,507,0.7943038917694738,2025-01-03 12:42:46.771849,2025-01-03 12:43:15.289340,0 days 00:00:28.517491,6,75,55.0,75.0,35.0,10.0,80.0,,,,,5,5.0,3.0,3.0,2.0,4.0,,,,,COMPLETE
508,508,0.8186002713831181,2025-01-03 12:43:15.290051,2025-01-03 12:43:41.192417,0 days 00:00:25.902366,5,80,60.0,80.0,40.0,50.0,,,,,,6,5.0,6.0,3.0,4.0,,,,,,COMPLETE
509,509,0.7811671565345575,2025-01-03 12:43:41.193112,2025-01-03 12:44:04.028930,0 days 00:00:22.835818,5,60,90.0,80.0,40.0,50.0,,,,,,6,5.0,3.0,3.0,4.0,,,,,,COMPLETE
510,510,0.8029393071433171,2025-01-03 12:44:04.029810,2025-01-03 12:44:24.447634,0 days 00:00:20.417824,5,80,60.0,80.0,40.0,50.0,,,,,,6,5.0,2.0,3.0,2.0,,,,,,COMPLETE
511,511,0.7834286204508827,2025-01-03 12:44:24.448353,2025-01-03 12:44:52.251209,0 days 00:00:27.802856,5,85,55.0,80.0,35.0,50.0,,,,,,6,5.0,6.0,3.0,4.0,,,,,,COMPLETE
512,512,0.7844800912471864,2025-01-03 12:44:52.251908,2025-01-03 12:45:32.467012,0 days 00:00:40.215104,9,50,70.0,85.0,40.0,50.0,85.0,65.0,25.0,100.0,,4,5.0,3.0,3.0,4.0,3.0,6.0,3.0,5.0,,COMPLETE
513,513,0.7867267067605549,2025-01-03 12:45:32.467991,2025-01-03 12:45:51.340472,0 days 00:00:18.872481,5,80,55.0,80.0,40.0,45.0,,,,,,6,5.0,2.0,3.0,2.0,,,,,,COMPLETE
514,514,0.8116864470934366,2025-01-03 12:45:51.341181,2025-01-03 12:46:23.190353,0 days 00:00:31.849172,5,80,50.0,85.0,35.0,55.0,,,,,,6,5.0,6.0,3.0,4.0,,,,,,COMPLETE
515,515,0.7746738714967387,2025-01-03 12:46:23.191049,2025-01-03 12:46:43.194574,0 days 00:00:20.003525,5,35,60.0,20.0,40.0,20.0,,,,,,6,6.0,2.0,4.0,2.0,,,,,,COMPLETE
516,516,0.8078760245345492,2025-01-03 12:46:43.195241,2025-01-03 12:47:05.357253,0 days 00:00:22.162012,5,85,65.0,85.0,30.0,55.0,,,,,,6,5.0,3.0,3.0,4.0,,,,,,COMPLETE
517,517,0.7989874788866858,2025-01-03 12:47:05.358107,2025-01-03 12:47:25.315583,0 days 00:00:19.957476,5,80,65.0,80.0,40.0,50.0,,,,,,6,5.0,2.0,3.0,2.0,,,,,,COMPLETE
518,518,0.8061657925911114,2025-01-03 12:47:25.316279,2025-01-03 12:47:51.352758,0 days 00:00:26.036479,5,80,85.0,80.0,25.0,50.0,,,,,,5,5.0,6.0,3.0,2.0,,,,,,COMPLETE
519,519,0.8046683046683046,2025-01-03 12:47:51.353441,2025-01-03 12:48:14.745011,0 days 00:00:23.391570,4,85,70.0,35.0,50.0,,,,,,,6,5.0,3.0,3.0,,,,,,,COMPLETE
520,520,0.7855391527793294,2025-01-03 12:48:14.745677,2025-01-03 12:48:42.920704,0 days 00:00:28.175027,5,85,55.0,75.0,45.0,55.0,,,,,,4,5.0,2.0,3.0,4.0,,,,,,COMPLETE
521,521,0.8161265368352273,2025-01-03 12:48:42.921582,2025-01-03 12:49:01.425696,0 days 00:00:18.504114,5,80,70.0,80.0,35.0,45.0,,,,,,6,5.0,3.0,3.0,2.0,,,,,,COMPLETE
522,522,0.8081217997603225,2025-01-03 12:49:01.426360,2025-01-03 12:49:21.831005,0 days 00:00:20.404645,4,55,60.0,50.0,45.0,,,,,,,6,5.0,2.0,3.0,,,,,,,COMPLETE
523,523,0.8143694831500496,2025-01-03 12:49:21.831661,2025-01-03 12:49:46.297881,0 days 00:00:24.466220,5,60,70.0,30.0,50.0,5.0,,,,,,6,5.0,3.0,6.0,2.0,,,,,,COMPLETE
524,524,0.7834308269882042,2025-01-03 12:49:46.298780,2025-01-03 12:50:10.763649,0 days 00:00:24.464869,5,65,60.0,85.0,40.0,15.0,,,,,,6,5.0,6.0,3.0,5.0,,,,,,COMPLETE
525,525,0.8077170561687297,2025-01-03 12:50:10.764405,2025-01-03 12:50:30.835415,0 days 00:00:20.071010,5,80,55.0,75.0,55.0,55.0,,,,,,6,5.0,3.0,3.0,2.0,,,,,,COMPLETE
526,526,0.7930753968253967,2025-01-03 12:50:30.836084,2025-01-03 12:50:57.227853,0 days 00:00:26.391769,6,85,85.0,80.0,50.0,50.0,90.0,,,,,6,6.0,2.0,3.0,5.0,3.0,,,,,COMPLETE
527,527,0.7838508330289218,2025-01-03 12:50:57.228571,2025-01-03 12:51:25.179465,0 days 00:00:27.950894,5,75,65.0,15.0,45.0,15.0,,,,,,6,5.0,3.0,3.0,4.0,,,,,,COMPLETE
528,528,0.7873227157380163,2025-01-03 12:51:25.180326,2025-01-03 12:51:47.320684,0 days 00:00:22.140358,5,40,50.0,80.0,45.0,25.0,,,,,,6,5.0,2.0,4.0,2.0,,,,,,COMPLETE
529,529,0.7852955559630784,2025-01-03 12:51:47.321426,2025-01-03 12:52:20.088371,0 days 00:00:32.766945,6,85,75.0,85.0,35.0,55.0,85.0,,,,,4,5.0,6.0,3.0,5.0,3.0,,,,,COMPLETE
530,530,0.7964365987322273,2025-01-03 12:52:20.089109,2025-01-03 12:52:40.955675,0 days 00:00:20.866566,5,80,80.0,80.0,40.0,10.0,,,,,,6,5.0,3.0,3.0,2.0,,,,,,COMPLETE
531,531,0.735349704376253,2025-01-03 12:52:40.956363,2025-01-03 12:53:10.337981,0 days 00:00:29.381618,6,10,90.0,85.0,45.0,45.0,90.0,,,,,5,5.0,3.0,3.0,5.0,3.0,,,,,COMPLETE
532,532,0.7817059174585687,2025-01-03 12:53:10.338953,2025-01-03 12:53:54.627773,0 days 00:00:44.288820,8,55,75.0,75.0,50.0,50.0,10.0,60.0,95.0,,,6,5.0,2.0,3.0,2.0,3.0,6.0,6.0,,,COMPLETE
533,533,0.7955956795573607,2025-01-03 12:53:54.628572,2025-01-03 12:54:17.602758,0 days 00:00:22.974186,4,75,70.0,25.0,30.0,,,,,,,6,4.0,6.0,2.0,,,,,,,COMPLETE
534,534,0.7874468496327793,2025-01-03 12:54:17.603407,2025-01-03 12:54:47.750176,0 days 00:00:30.146769,6,80,55.0,85.0,35.0,35.0,65.0,,,,,6,5.0,3.0,2.0,4.0,4.0,,,,,COMPLETE
535,535,0.7977777165831359,2025-01-03 12:54:47.751165,2025-01-03 12:55:10.618795,0 days 00:00:22.867630,5,95,60.0,40.0,20.0,55.0,,,,,,6,4.0,2.0,2.0,5.0,,,,,,COMPLETE
536,536,0.8053150473340291,2025-01-03 12:55:10.619495,2025-01-03 12:55:44.205221,0 days 00:00:33.585726,6,70,75.0,80.0,40.0,55.0,5.0,,,,,3,4.0,3.0,3.0,2.0,3.0,,,,,COMPLETE
537,537,0.7902815580959294,2025-01-03 12:55:44.205889,2025-01-03 12:56:10.510799,0 days 00:00:26.304910,5,90,70.0,75.0,60.0,20.0,,,,,,6,5.0,2.0,2.0,5.0,,,,,,COMPLETE
538,538,0.7965060070323229,2025-01-03 12:56:10.511751,2025-01-03 12:56:43.700365,0 days 00:00:33.188614,7,65,65.0,55.0,45.0,40.0,15.0,100.0,,,,6,4.0,3.0,3.0,2.0,5.0,5.0,,,,COMPLETE
539,539,0.8024217445180755,2025-01-03 12:56:43.701098,2025-01-03 12:57:19.543072,0 days 00:00:35.841974,8,85,80.0,80.0,30.0,60.0,90.0,65.0,80.0,,,6,4.0,2.0,5.0,5.0,3.0,2.0,4.0,,,COMPLETE
540,540,0.810382449896438,2025-01-03 12:57:19.544020,2025-01-03 12:57:41.868469,0 days 00:00:22.324449,5,80,60.0,85.0,50.0,50.0,,,,,,5,4.0,6.0,2.0,2.0,,,,,,COMPLETE
541,541,0.8046326276463263,2025-01-03 12:57:41.869204,2025-01-03 12:58:19.801969,0 days 00:00:37.932765,7,75,75.0,80.0,40.0,55.0,25.0,100.0,,,,6,2.0,3.0,3.0,5.0,3.0,5.0,,,,COMPLETE
542,542,0.8002433090024331,2025-01-03 12:58:19.802709,2025-01-03 12:58:39.682750,0 days 00:00:19.880041,5,85,80.0,75.0,55.0,60.0,,,,,,6,4.0,2.0,2.0,2.0,,,,,,COMPLETE
543,543,0.7980310827061243,2025-01-03 12:58:39.683403,2025-01-03 12:59:12.432417,0 days 00:00:32.749014,7,70,45.0,55.0,10.0,50.0,85.0,95.0,,,,4,5.0,6.0,2.0,5.0,4.0,2.0,,,,COMPLETE
544,544,0.7947739852398523,2025-01-03 12:59:12.433416,2025-01-03 12:59:39.147126,0 days 00:00:26.713710,6,80,55.0,20.0,50.0,30.0,100.0,,,,,6,4.0,2.0,3.0,2.0,3.0,,,,,COMPLETE
545,545,0.7824105383019184,2025-01-03 12:59:39.147842,2025-01-03 13:00:01.941764,0 days 00:00:22.793922,7,75,75.0,80.0,40.0,15.0,20.0,65.0,,,,6,4.0,3.0,2.0,3.0,3.0,2.0,,,,COMPLETE
546,546,0.8077585997620955,2025-01-03 13:00:01.942505,2025-01-03 13:00:35.990934,0 days 00:00:34.048429,7,90,70.0,85.0,45.0,35.0,100.0,95.0,,,,6,4.0,3.0,3.0,3.0,2.0,6.0,,,,COMPLETE
547,547,0.7763504381235857,2025-01-03 13:00:35.991951,2025-01-03 13:01:07.698827,0 days 00:00:31.706876,6,65,65.0,30.0,40.0,60.0,90.0,,,,,6,6.0,2.0,2.0,5.0,4.0,,,,,COMPLETE
548,548,0.8088926618387122,2025-01-03 13:01:07.699580,2025-01-03 13:01:32.367847,0 days 00:00:24.668267,5,85,80.0,90.0,5.0,50.0,,,,,,6,4.0,6.0,3.0,3.0,,,,,,COMPLETE
549,549,0.7968013253472664,2025-01-03 13:01:32.368546,2025-01-03 13:01:55.002096,0 days 00:00:22.633550,7,80,85.0,85.0,35.0,55.0,95.0,45.0,,,,6,5.0,3.0,2.0,2.0,2.0,2.0,,,,COMPLETE
550,550,0.807046058259421,2025-01-03 13:01:55.002986,2025-01-03 13:02:24.188938,0 days 00:00:29.185952,6,80,50.0,80.0,45.0,25.0,90.0,,,,,5,4.0,2.0,2.0,5.0,5.0,,,,,COMPLETE
551,551,0.7910144954286488,2025-01-03 13:02:24.189709,2025-01-03 13:02:47.824515,0 days 00:00:23.634806,7,75,60.0,75.0,45.0,45.0,10.0,10.0,,,,6,5.0,3.0,2.0,3.0,2.0,2.0,,,,COMPLETE
552,552,0.8126932850670054,2025-01-03 13:02:47.825226,2025-01-03 13:03:07.573754,0 days 00:00:19.748528,5,70,55.0,80.0,15.0,20.0,,,,,,6,4.0,2.0,3.0,2.0,,,,,,COMPLETE
553,553,0.8071482150592163,2025-01-03 13:03:07.574449,2025-01-03 13:03:46.933641,0 days 00:00:39.359192,7,75,75.0,90.0,50.0,55.0,85.0,70.0,,,,4,4.0,6.0,2.0,4.0,2.0,2.0,,,,COMPLETE
554,554,0.7965359685149254,2025-01-03 13:03:46.934629,2025-01-03 13:04:09.943885,0 days 00:00:23.009256,6,80,5.0,60.0,20.0,60.0,75.0,,,,,6,4.0,2.0,3.0,3.0,2.0,,,,,COMPLETE
555,555,0.811284718459927,2025-01-03 13:04:09.944611,2025-01-03 13:04:34.029100,0 days 00:00:24.084489,7,85,80.0,10.0,35.0,10.0,100.0,100.0,,,,6,4.0,3.0,2.0,5.0,2.0,2.0,,,,COMPLETE
556,556,0.7965875014993403,2025-01-03 13:04:34.029838,2025-01-03 13:04:50.769873,0 days 00:00:16.740035,5,60,75.0,75.0,25.0,50.0,,,,,,6,4.0,2.0,2.0,3.0,,,,,,COMPLETE
557,557,0.8012124060983938,2025-01-03 13:04:50.770772,2025-01-03 13:05:18.784291,0 days 00:00:28.013519,6,90,55.0,80.0,55.0,15.0,90.0,,,,,6,5.0,3.0,4.0,2.0,3.0,,,,,COMPLETE
558,558,0.7855672150177947,2025-01-03 13:05:18.785039,2025-01-03 13:05:53.890361,0 days 00:00:35.105322,7,70,70.0,20.0,30.0,55.0,100.0,70.0,,,,6,4.0,3.0,3.0,6.0,2.0,2.0,,,,COMPLETE
559,559,0.8191281727414892,2025-01-03 13:05:53.891118,2025-01-03 13:06:17.472591,0 days 00:00:23.581473,5,80,75.0,15.0,45.0,55.0,,,,,,6,5.0,6.0,2.0,3.0,,,,,,COMPLETE
560,560,0.8095804415097242,2025-01-03 13:06:17.473474,2025-01-03 13:06:42.767842,0 days 00:00:25.294368,7,80,75.0,15.0,50.0,55.0,30.0,100.0,,,,5,4.0,2.0,2.0,3.0,2.0,2.0,,,,COMPLETE
561,561,0.789130840521,2025-01-03 13:06:42.768614,2025-01-03 13:07:20.772226,0 days 00:00:38.003612,7,85,75.0,10.0,45.0,60.0,95.0,95.0,,,,6,4.0,4.0,2.0,3.0,4.0,5.0,,,,COMPLETE
562,562,0.8021382797855181,2025-01-03 13:07:20.772978,2025-01-03 13:07:54.309209,0 days 00:00:33.536231,6,75,75.0,20.0,50.0,55.0,100.0,,,,,3,4.0,3.0,2.0,3.0,2.0,,,,,COMPLETE
563,563,0.7880066758356384,2025-01-03 13:07:54.310105,2025-01-03 13:08:21.034766,0 days 00:00:26.724661,8,85,80.0,15.0,45.0,60.0,95.0,35.0,65.0,,,6,5.0,4.0,2.0,3.0,2.0,6.0,2.0,,,COMPLETE
564,564,0.8056994266470576,2025-01-03 13:08:21.035594,2025-01-03 13:08:39.274772,0 days 00:00:18.239178,5,80,75.0,15.0,45.0,55.0,,,,,,6,4.0,2.0,2.0,3.0,,,,,,COMPLETE
565,565,0.7866778576554878,2025-01-03 13:08:39.275493,2025-01-03 13:09:04.908526,0 days 00:00:25.633033,7,70,70.0,15.0,10.0,60.0,90.0,55.0,,,,6,4.0,3.0,2.0,3.0,2.0,2.0,,,,COMPLETE
566,566,0.7939034837235865,2025-01-03 13:09:04.909238,2025-01-03 13:09:28.737318,0 days 00:00:23.828080,6,85,70.0,5.0,50.0,55.0,95.0,,,,,6,5.0,6.0,2.0,3.0,2.0,,,,,COMPLETE
567,567,0.8163559473464768,2025-01-03 13:09:28.738223,2025-01-03 13:09:56.520498,0 days 00:00:27.782275,7,75,85.0,25.0,45.0,60.0,20.0,95.0,,,,6,4.0,4.0,2.0,3.0,2.0,2.0,,,,COMPLETE
568,568,0.8006466267492863,2025-01-03 13:09:56.521309,2025-01-03 13:10:15.868625,0 days 00:00:19.347316,5,80,80.0,10.0,50.0,25.0,,,,,,5,4.0,2.0,2.0,3.0,,,,,,COMPLETE
569,569,0.7744389075301181,2025-01-03 13:10:15.869315,2025-01-03 13:10:39.203731,0 days 00:00:23.334416,7,65,75.0,55.0,45.0,35.0,80.0,60.0,,,,6,4.0,3.0,2.0,3.0,2.0,2.0,,,,COMPLETE
570,570,0.8104818064144974,2025-01-03 13:10:39.204456,2025-01-03 13:11:19.517518,0 days 00:00:40.313062,7,45,70.0,45.0,45.0,20.0,95.0,90.0,,,,4,4.0,4.0,2.0,2.0,3.0,2.0,,,,COMPLETE
571,571,0.8057203193883529,2025-01-03 13:11:19.518472,2025-01-03 13:11:41.870596,0 days 00:00:22.352124,5,80,90.0,25.0,55.0,55.0,,,,,,6,4.0,2.0,2.0,3.0,,,,,,COMPLETE
572,572,0.8168465621086529,2025-01-03 13:11:41.871311,2025-01-03 13:12:04.869407,0 days 00:00:22.998096,7,75,75.0,60.0,15.0,40.0,60.0,100.0,,,,6,5.0,3.0,2.0,2.0,2.0,2.0,,,,COMPLETE
573,573,0.7844678124528871,2025-01-03 13:12:04.870120,2025-01-03 13:12:34.259062,0 days 00:00:29.388942,5,55,80.0,70.0,50.0,30.0,,,,,,6,5.0,6.0,2.0,3.0,,,,,,COMPLETE
574,574,0.784635933632331,2025-01-03 13:12:34.260031,2025-01-03 13:12:58.867043,0 days 00:00:24.607012,6,70,75.0,20.0,45.0,15.0,15.0,,,,,6,4.0,4.0,2.0,3.0,2.0,,,,,COMPLETE
575,575,0.7718349358974359,2025-01-03 13:12:58.867758,2025-01-03 13:13:38.855257,0 days 00:00:39.987499,10,90,80.0,85.0,50.0,55.0,90.0,90.0,35.0,20.0,5.0,6,4.0,2.0,2.0,3.0,2.0,2.0,4.0,3.0,6.0,COMPLETE
576,576,0.7878901457319182,2025-01-03 13:13:38.856053,2025-01-03 13:14:05.513703,0 days 00:00:26.657650,7,80,70.0,50.0,35.0,60.0,85.0,65.0,,,,6,4.0,4.0,2.0,5.0,2.0,2.0,,,,COMPLETE
577,577,0.8005394229266879,2025-01-03 13:14:05.514766,2025-01-03 13:14:31.519846,0 days 00:00:26.005080,4,75,75.0,15.0,45.0,,,,,,,4,4.0,3.0,2.0,,,,,,,COMPLETE
578,578,0.8019912996952567,2025-01-03 13:14:31.520515,2025-01-03 13:14:59.312813,0 days 00:00:27.792298,8,85,80.0,60.0,45.0,60.0,100.0,25.0,70.0,,,6,4.0,2.0,2.0,2.0,2.0,2.0,3.0,,,COMPLETE
579,579,0.7984845150325839,2025-01-03 13:14:59.313601,2025-01-03 13:15:31.919934,0 days 00:00:32.606333,7,100,70.0,90.0,20.0,55.0,100.0,85.0,,,,6,5.0,4.0,2.0,3.0,2.0,5.0,,,,COMPLETE
580,580,0.8024985182990072,2025-01-03 13:15:31.920970,2025-01-03 13:16:03.183024,0 days 00:00:31.262054,5,65,75.0,85.0,100.0,25.0,,,,,,5,4.0,6.0,2.0,3.0,,,,,,COMPLETE
581,581,0.7974818091025824,2025-01-03 13:16:03.184323,2025-01-03 13:16:43.262827,0 days 00:00:40.078504,6,30,15.0,25.0,40.0,85.0,95.0,,,,,6,5.0,3.0,2.0,5.0,3.0,,,,,COMPLETE
582,582,0.8028950542822678,2025-01-03 13:16:43.264452,2025-01-03 13:17:15.793776,0 days 00:00:32.529324,7,80,85.0,85.0,25.0,55.0,90.0,95.0,,,,6,4.0,4.0,2.0,2.0,4.0,2.0,,,,COMPLETE
583,583,0.7904155874770689,2025-01-03 13:17:15.794613,2025-01-03 13:17:56.719032,0 days 00:00:40.924419,7,85,75.0,20.0,50.0,10.0,95.0,90.0,,,,6,2.0,2.0,2.0,6.0,2.0,4.0,,,,COMPLETE
584,584,0.7952868103763244,2025-01-03 13:17:56.719817,2025-01-03 13:18:13.719310,0 days 00:00:16.999493,3,90,80.0,55.0,,,,,,,,6,4.0,3.0,,,,,,,,COMPLETE
585,585,0.8081282697151715,2025-01-03 13:18:13.720734,2025-01-03 13:18:51.587962,0 days 00:00:37.867228,6,95,50.0,75.0,45.0,50.0,100.0,,,,,6,4.0,5.0,5.0,3.0,2.0,,,,,COMPLETE
586,586,0.7932903728788783,2025-01-03 13:18:51.588804,2025-01-03 13:19:22.227033,0 days 00:00:30.638229,5,70,75.0,10.0,35.0,60.0,,,,,,2,4.0,3.0,2.0,2.0,,,,,,COMPLETE
587,587,0.7871337772397095,2025-01-03 13:19:22.228066,2025-01-03 13:19:57.709205,0 days 00:00:35.481139,7,50,70.0,70.0,30.0,20.0,90.0,85.0,,,,6,5.0,4.0,2.0,5.0,2.0,2.0,,,,COMPLETE
588,588,0.8168193281154041,2025-01-03 13:19:57.710222,2025-01-03 13:20:29.787006,0 days 00:00:32.076784,6,75,70.0,90.0,10.0,55.0,85.0,,,,,5,4.0,6.0,2.0,3.0,3.0,,,,,COMPLETE
589,589,0.8058627289800375,2025-01-03 13:20:29.787842,2025-01-03 13:21:05.035430,0 days 00:00:35.247588,7,60,65.0,30.0,75.0,30.0,100.0,70.0,,,,6,4.0,2.0,2.0,2.0,6.0,2.0,,,,COMPLETE
590,590,0.8062598173597797,2025-01-03 13:21:05.036198,2025-01-03 13:21:28.354893,0 days 00:00:23.318695,5,75,85.0,75.0,55.0,60.0,,,,,,6,4.0,4.0,3.0,3.0,,,,,,COMPLETE
591,591,0.809249902837155,2025-01-03 13:21:28.355850,2025-01-03 13:21:46.785671,0 days 00:00:18.429821,4,80,80.0,60.0,50.0,,,,,,,6,5.0,3.0,2.0,,,,,,,COMPLETE
592,592,0.7933416153674998,2025-01-03 13:21:46.786433,2025-01-03 13:22:30.099392,0 days 00:00:43.312959,7,85,75.0,85.0,40.0,45.0,95.0,75.0,,,,6,4.0,2.0,3.0,5.0,2.0,6.0,,,,COMPLETE
593,593,0.7999571477035335,2025-01-03 13:22:30.100257,2025-01-03 13:22:51.646461,0 days 00:00:21.546204,5,80,55.0,60.0,100.0,35.0,,,,,,6,4.0,4.0,2.0,2.0,,,,,,COMPLETE
594,594,0.8112403760325521,2025-01-03 13:22:51.647400,2025-01-03 13:23:42.553816,0 days 00:00:50.906416,8,75,80.0,85.0,45.0,50.0,100.0,50.0,50.0,,,4,5.0,6.0,2.0,6.0,2.0,2.0,5.0,,,COMPLETE
595,595,0.8019488428745433,2025-01-03 13:23:42.555445,2025-01-03 13:24:11.677581,0 days 00:00:29.122136,7,80,70.0,80.0,50.0,55.0,95.0,95.0,,,,6,4.0,2.0,3.0,3.0,2.0,2.0,,,,COMPLETE
596,596,0.8066999712182887,2025-01-03 13:24:11.678370,2025-01-03 13:24:37.446081,0 days 00:00:25.767711,6,85,75.0,65.0,15.0,15.0,90.0,,,,,6,4.0,4.0,2.0,3.0,2.0,,,,,COMPLETE
597,597,0.7861931202600216,2025-01-03 13:24:37.447115,2025-01-03 13:25:02.307924,0 days 00:00:24.860809,5,75,75.0,15.0,40.0,25.0,,,,,,5,4.0,3.0,2.0,5.0,,,,,,COMPLETE
598,598,0.7904478216451158,2025-01-03 13:25:02.308675,2025-01-03 13:25:45.617993,0 days 00:00:43.309318,7,70,65.0,80.0,45.0,60.0,25.0,65.0,,,,3,4.0,2.0,4.0,3.0,2.0,2.0,,,,COMPLETE
599,599,0.7867490279693967,2025-01-03 13:25:45.618775,2025-01-03 13:26:11.670057,0 days 00:00:26.051282,7,85,55.0,40.0,50.0,40.0,95.0,100.0,,,,6,5.0,3.0,3.0,2.0,2.0,2.0,,,,COMPLETE
600,600,0.807076207620762,2025-01-03 13:26:11.671138,2025-01-03 13:26:46.255067,0 days 00:00:34.583929,6,65,75.0,70.0,85.0,65.0,90.0,,,,,6,4.0,4.0,2.0,5.0,3.0,,,,,COMPLETE
601,601,0.7864264651956372,2025-01-03 13:26:46.255848,2025-01-03 13:27:27.185790,0 days 00:00:40.929942,7,90,80.0,85.0,35.0,55.0,95.0,75.0,,,,6,4.0,5.0,3.0,3.0,2.0,4.0,,,,COMPLETE
602,602,0.8088065056344056,2025-01-03 13:27:27.186823,2025-01-03 13:27:51.865948,0 days 00:00:24.679125,5,80,70.0,35.0,30.0,50.0,,,,,,6,4.0,6.0,2.0,2.0,,,,,,COMPLETE
603,603,0.7977950571313839,2025-01-03 13:27:51.866749,2025-01-03 13:28:32.740130,0 days 00:00:40.873381,7,75,50.0,95.0,45.0,60.0,85.0,70.0,,,,6,5.0,3.0,2.0,6.0,2.0,5.0,,,,COMPLETE
604,604,0.7948655256723717,2025-01-03 13:28:32.741046,2025-01-03 13:29:08.769844,0 days 00:00:36.028798,6,60,55.0,80.0,55.0,30.0,100.0,,,,,4,6.0,3.0,3.0,3.0,4.0,,,,,COMPLETE
605,605,0.7992977046933881,2025-01-03 13:29:08.770878,2025-01-03 13:29:35.491476,0 days 00:00:26.720598,7,70,20.0,75.0,5.0,10.0,55.0,90.0,,,,6,4.0,2.0,2.0,3.0,2.0,2.0,,,,COMPLETE
606,606,0.7881465572810733,2025-01-03 13:29:35.492230,2025-01-03 13:30:06.803347,0 days 00:00:31.311117,5,80,75.0,20.0,40.0,5.0,,,,,,5,5.0,4.0,2.0,2.0,,,,,,COMPLETE
607,607,0.8068820524062673,2025-01-03 13:30:06.804550,2025-01-03 13:30:38.818980,0 days 00:00:32.014430,6,85,80.0,55.0,50.0,55.0,20.0,,,,,6,4.0,4.0,3.0,5.0,2.0,,,,,COMPLETE
608,608,0.8017150936684132,2025-01-03 13:30:38.819979,2025-01-03 13:31:16.938562,0 days 00:00:38.118583,8,80,85.0,65.0,60.0,65.0,95.0,85.0,10.0,,,6,4.0,2.0,2.0,5.0,3.0,3.0,6.0,,,COMPLETE
609,609,0.7990314288337363,2025-01-03 13:31:16.939455,2025-01-03 13:31:48.665141,0 days 00:00:31.725686,7,90,70.0,90.0,40.0,55.0,90.0,90.0,,,,6,4.0,6.0,2.0,3.0,5.0,2.0,,,,COMPLETE
610,610,0.810081722480805,2025-01-03 13:31:48.665941,2025-01-03 13:32:16.309202,0 days 00:00:27.643261,5,75,65.0,80.0,45.0,20.0,,,,,,6,4.0,2.0,3.0,2.0,,,,,,COMPLETE
