,number,value,datetime_start,datetime_complete,duration,params_depth,params_neurons_layer_0,params_neurons_layer_1,params_neurons_layer_2,params_neurons_layer_3,params_neurons_layer_4,params_neurons_layer_5,params_neurons_layer_6,params_neurons_layer_7,params_neurons_layer_8,params_neurons_layer_9,params_orders_layer_0,params_orders_layer_1,params_orders_layer_2,params_orders_layer_3,params_orders_layer_4,params_orders_layer_5,params_orders_layer_6,params_orders_layer_7,params_orders_layer_8,params_orders_layer_9,state
0,0,0.796526867627785,2025-01-04 06:40:21.044799,2025-01-04 06:40:27.072833,0 days 00:00:06.028034,2,25,60.0,,,,,,,,,2,2.0,,,,,,,,,COMPLETE
1,1,0.7759103641456582,2025-01-04 06:40:27.073153,2025-01-04 06:40:38.639918,0 days 00:00:11.566765,4,30,85.0,60.0,50.0,,,,,,,2,4.0,2.0,3.0,,,,,,,COMPLETE
2,2,0.7972558514931396,2025-01-04 06:40:38.640291,2025-01-04 06:40:46.049219,0 days 00:00:07.408928,1,95,,,,,,,,,,5,,,,,,,,,,COMPLETE
3,3,0.7892322549492998,2025-01-04 06:40:46.049499,2025-01-04 06:40:59.395489,0 days 00:00:13.345990,4,40,65.0,25.0,65.0,,,,,,,3,2.0,2.0,4.0,,,,,,,COMPLETE
4,4,0.8392344497607656,2025-01-04 06:40:59.395889,2025-01-04 06:41:25.812001,0 days 00:00:26.416112,7,30,80.0,100.0,55.0,35.0,15.0,55.0,,,,4,2.0,2.0,3.0,4.0,6.0,4.0,,,,COMPLETE
5,5,0.7946264848919716,2025-01-04 06:41:25.812657,2025-01-04 06:41:38.520957,0 days 00:00:12.708300,3,100,5.0,65.0,,,,,,,,5,3.0,2.0,,,,,,,,COMPLETE
6,6,0.7589093518297059,2025-01-04 06:41:38.521405,2025-01-04 06:42:09.743688,0 days 00:00:31.222283,9,100,70.0,50.0,40.0,30.0,5.0,20.0,60.0,15.0,,5,5.0,2.0,4.0,2.0,2.0,3.0,2.0,2.0,,COMPLETE
7,7,0.767188999040614,2025-01-04 06:42:09.744286,2025-01-04 06:42:57.128442,0 days 00:00:47.384156,10,85,25.0,30.0,25.0,35.0,5.0,70.0,70.0,55.0,50.0,6,3.0,3.0,3.0,6.0,2.0,2.0,4.0,6.0,4.0,COMPLETE
8,8,0.7762376237623763,2025-01-04 06:42:57.129275,2025-01-04 06:43:40.011644,0 days 00:00:42.882369,10,45,70.0,95.0,65.0,35.0,70.0,5.0,15.0,45.0,35.0,5,6.0,2.0,2.0,2.0,2.0,4.0,2.0,5.0,6.0,COMPLETE
9,9,0.7720618641965098,2025-01-04 06:43:40.012334,2025-01-04 06:44:09.731717,0 days 00:00:29.719383,7,25,10.0,70.0,50.0,50.0,50.0,20.0,,,,4,4.0,6.0,3.0,6.0,3.0,2.0,,,,COMPLETE
10,10,0.7533783783783784,2025-01-04 06:44:09.732461,2025-01-04 06:44:48.914702,0 days 00:00:39.182241,7,5,100.0,100.0,100.0,100.0,40.0,90.0,,,,3,2.0,5.0,6.0,4.0,6.0,6.0,,,,COMPLETE
11,11,0.8013104152484684,2025-01-04 06:44:48.915312,2025-01-04 06:44:55.107192,0 days 00:00:06.191880,1,60,,,,,,,,,,4,,,,,,,,,,COMPLETE
12,12,0.8341110217216412,2025-01-04 06:44:55.107589,2025-01-04 06:45:27.304932,0 days 00:00:32.197343,6,65,40.0,85.0,5.0,80.0,100.0,,,,,4,3.0,4.0,6.0,4.0,6.0,,,,,COMPLETE
13,13,0.8212005108556832,2025-01-04 06:45:27.305610,2025-01-04 06:45:54.308225,0 days 00:00:27.002615,6,65,35.0,85.0,15.0,85.0,100.0,,,,,3,3.0,4.0,6.0,4.0,6.0,,,,,COMPLETE
14,14,0.8123653769445554,2025-01-04 06:45:54.308868,2025-01-04 06:46:13.070509,0 days 00:00:18.761641,8,70,45.0,80.0,85.0,75.0,100.0,50.0,95.0,,,4,3.0,4.0,5.0,4.0,5.0,6.0,6.0,,,COMPLETE
15,15,0.705145592341444,2025-01-04 06:46:13.071167,2025-01-04 06:46:31.205296,0 days 00:00:18.134129,5,5,45.0,100.0,10.0,10.0,,,,,,6,2.0,5.0,5.0,3.0,,,,,,COMPLETE
16,16,0.8569604086845466,2025-01-04 06:46:31.205824,2025-01-04 06:46:47.888860,0 days 00:00:16.683036,6,80,90.0,45.0,35.0,65.0,30.0,,,,,3,3.0,3.0,2.0,5.0,5.0,,,,,COMPLETE
17,17,0.8124850514231046,2025-01-04 06:46:47.889455,2025-01-04 06:47:05.868634,0 days 00:00:17.979179,8,85,100.0,5.0,35.0,60.0,25.0,50.0,15.0,,,3,5.0,3.0,2.0,5.0,4.0,4.0,6.0,,,COMPLETE
18,18,0.8839193175476361,2025-01-04 06:47:05.869314,2025-01-04 06:47:21.594117,0 days 00:00:15.724803,5,80,85.0,45.0,65.0,55.0,,,,,,2,2.0,3.0,2.0,5.0,,,,,,COMPLETE
19,19,0.8068438003220613,2025-01-04 06:47:21.594551,2025-01-04 06:47:35.094768,0 days 00:00:13.500217,4,80,85.0,45.0,80.0,,,,,,,2,4.0,3.0,2.0,,,,,,,COMPLETE
20,20,0.8519948519948519,2025-01-04 06:47:35.095183,2025-01-04 06:47:53.026459,0 days 00:00:17.931276,5,75,95.0,35.0,35.0,65.0,,,,,,2,3.0,3.0,2.0,5.0,,,,,,COMPLETE
21,21,0.8341110217216412,2025-01-04 06:47:53.026891,2025-01-04 06:48:09.772521,0 days 00:00:16.745630,5,75,90.0,35.0,30.0,60.0,,,,,,2,3.0,3.0,2.0,5.0,,,,,,COMPLETE
22,22,0.7891391794046662,2025-01-04 06:48:09.773046,2025-01-04 06:48:27.769116,0 days 00:00:17.996070,5,55,95.0,15.0,20.0,65.0,,,,,,2,3.0,3.0,2.0,5.0,,,,,,COMPLETE
23,23,0.8123653769445554,2025-01-04 06:48:27.769552,2025-01-04 06:48:39.304469,0 days 00:00:11.534917,3,90,75.0,40.0,,,,,,,,3,4.0,3.0,,,,,,,,COMPLETE
24,24,0.7854406130268199,2025-01-04 06:48:39.304899,2025-01-04 06:49:02.659259,0 days 00:00:23.354360,6,75,90.0,20.0,40.0,50.0,75.0,,,,,2,2.0,4.0,3.0,5.0,4.0,,,,,COMPLETE
25,25,0.8018018018018018,2025-01-04 06:49:02.659772,2025-01-04 06:49:12.192218,0 days 00:00:09.532446,3,80,55.0,55.0,,,,,,,,3,2.0,3.0,,,,,,,,COMPLETE
26,26,0.7801932367149759,2025-01-04 06:49:12.192615,2025-01-04 06:49:32.648313,0 days 00:00:20.455698,5,90,80.0,40.0,65.0,70.0,,,,,,2,3.0,4.0,2.0,6.0,,,,,,COMPLETE
27,27,0.8324868938401049,2025-01-04 06:49:32.648777,2025-01-04 06:49:46.189102,0 days 00:00:13.540325,4,50,100.0,45.0,45.0,,,,,,,3,4.0,3.0,2.0,,,,,,,COMPLETE
28,28,0.7972558514931396,2025-01-04 06:49:46.189536,2025-01-04 06:50:14.534629,0 days 00:00:28.345093,6,70,90.0,30.0,75.0,90.0,35.0,,,,,2,5.0,5.0,3.0,5.0,4.0,,,,,COMPLETE
29,29,0.8325962325962326,2025-01-04 06:50:14.535304,2025-01-04 06:50:21.621266,0 days 00:00:07.085962,2,60,75.0,,,,,,,,,2,3.0,,,,,,,,,COMPLETE
30,30,0.7677830940988836,2025-01-04 06:50:21.621622,2025-01-04 06:50:52.141903,0 days 00:00:30.520281,8,80,95.0,55.0,30.0,50.0,65.0,100.0,35.0,,,3,2.0,4.0,2.0,5.0,5.0,5.0,4.0,,,COMPLETE
31,31,0.7465201465201465,2025-01-04 06:50:52.142545,2025-01-04 06:51:16.392863,0 days 00:00:24.250318,7,15,80.0,50.0,60.0,40.0,20.0,70.0,,,,4,2.0,2.0,3.0,3.0,5.0,3.0,,,,COMPLETE
32,32,0.7982300884955753,2025-01-04 06:51:16.393422,2025-01-04 06:51:42.982131,0 days 00:00:26.588709,7,35,60.0,70.0,55.0,15.0,25.0,35.0,,,,2,2.0,2.0,3.0,5.0,5.0,5.0,,,,COMPLETE
33,33,0.8161705551086083,2025-01-04 06:51:42.982787,2025-01-04 06:52:09.678712,0 days 00:00:26.695925,6,20,80.0,35.0,55.0,20.0,15.0,,,,,3,2.0,3.0,4.0,3.0,6.0,,,,,COMPLETE
34,34,0.7767679183608387,2025-01-04 06:52:09.679277,2025-01-04 06:52:19.294824,0 days 00:00:09.615547,4,90,85.0,60.0,40.0,,,,,,,2,2.0,2.0,2.0,,,,,,,COMPLETE
35,35,0.7980041847738613,2025-01-04 06:52:19.295221,2025-01-04 06:52:35.793203,0 days 00:00:16.497982,5,45,65.0,45.0,75.0,60.0,,,,,,3,3.0,3.0,2.0,4.0,,,,,,COMPLETE
36,36,0.8124850514231046,2025-01-04 06:52:35.793644,2025-01-04 06:53:07.961778,0 days 00:00:32.168134,7,30,95.0,20.0,45.0,45.0,40.0,70.0,,,,4,4.0,2.0,3.0,6.0,5.0,5.0,,,,COMPLETE
37,37,0.8302353410450738,2025-01-04 06:53:07.962512,2025-01-04 06:53:32.102951,0 days 00:00:24.140439,9,95,75.0,65.0,50.0,25.0,55.0,85.0,95.0,95.0,,2,2.0,2.0,3.0,4.0,3.0,3.0,3.0,2.0,,COMPLETE
38,38,0.8052096985583224,2025-01-04 06:53:32.103506,2025-01-04 06:53:46.769844,0 days 00:00:14.666338,4,75,85.0,30.0,30.0,,,,,,,5,3.0,2.0,2.0,,,,,,,COMPLETE
39,39,0.7795733678086619,2025-01-04 06:53:46.770265,2025-01-04 06:54:15.648597,0 days 00:00:28.878332,6,40,65.0,60.0,60.0,70.0,15.0,,,,,5,2.0,3.0,3.0,5.0,6.0,,,,,COMPLETE
40,40,0.8332526230831315,2025-01-04 06:54:15.649228,2025-01-04 06:54:57.722530,0 days 00:00:42.073302,9,55,90.0,40.0,70.0,55.0,30.0,35.0,40.0,100.0,,3,4.0,2.0,4.0,5.0,5.0,4.0,5.0,4.0,,COMPLETE
41,41,0.8108766233766234,2025-01-04 06:54:57.723228,2025-01-04 06:55:26.404578,0 days 00:00:28.681350,6,65,30.0,90.0,5.0,80.0,90.0,,,,,4,3.0,4.0,5.0,4.0,6.0,,,,,COMPLETE
42,42,0.8144870534251065,2025-01-04 06:55:26.405127,2025-01-04 06:55:49.590984,0 days 00:00:23.185857,5,70,50.0,90.0,20.0,75.0,,,,,,4,3.0,4.0,6.0,4.0,,,,,,COMPLETE
43,43,0.8117647058823529,2025-01-04 06:55:49.591579,2025-01-04 06:56:27.517317,0 days 00:00:37.925738,7,65,20.0,80.0,60.0,65.0,85.0,60.0,,,,4,6.0,6.0,5.0,4.0,6.0,3.0,,,,COMPLETE
44,44,0.7385494647025679,2025-01-04 06:56:27.518012,2025-01-04 06:56:55.710552,0 days 00:00:28.192540,8,85,40.0,95.0,5.0,95.0,50.0,35.0,75.0,,,5,3.0,5.0,2.0,3.0,6.0,4.0,5.0,,,COMPLETE
45,45,0.7802445302445302,2025-01-04 06:56:55.711175,2025-01-04 06:57:22.363796,0 days 00:00:26.652621,6,60,20.0,75.0,45.0,80.0,10.0,,,,,4,3.0,3.0,4.0,4.0,5.0,,,,,COMPLETE
46,46,0.7802445302445302,2025-01-04 06:57:22.364409,2025-01-04 06:57:44.201663,0 days 00:00:21.837254,7,100,70.0,100.0,20.0,40.0,35.0,85.0,,,,3,2.0,4.0,4.0,6.0,6.0,5.0,,,,COMPLETE
47,47,0.8392344497607656,2025-01-04 06:57:44.202304,2025-01-04 06:58:06.822799,0 days 00:00:22.620495,5,70,95.0,90.0,35.0,30.0,,,,,,4,3.0,5.0,2.0,5.0,,,,,,COMPLETE
48,48,0.7956486042692938,2025-01-04 06:58:06.823320,2025-01-04 06:58:31.646659,0 days 00:00:24.823339,5,95,95.0,50.0,35.0,30.0,,,,,,5,4.0,5.0,2.0,5.0,,,,,,COMPLETE
49,49,0.7551877079043243,2025-01-04 06:58:31.647154,2025-01-04 06:58:46.926593,0 days 00:00:15.279439,4,80,100.0,25.0,90.0,,,,,,,2,2.0,6.0,2.0,,,,,,,COMPLETE
50,50,0.833896668276195,2025-01-04 06:58:46.927102,2025-01-04 06:59:11.871825,0 days 00:00:24.944723,5,85,80.0,35.0,35.0,30.0,,,,,,4,3.0,5.0,3.0,6.0,,,,,,COMPLETE
51,51,0.8286062576188541,2025-01-04 06:59:11.872399,2025-01-04 06:59:36.173516,0 days 00:00:24.301117,6,70,85.0,90.0,25.0,40.0,45.0,,,,,4,3.0,3.0,2.0,5.0,5.0,,,,,COMPLETE
52,52,0.8035714285714286,2025-01-04 06:59:36.174075,2025-01-04 07:00:08.918302,0 days 00:00:32.744227,6,75,35.0,85.0,50.0,55.0,65.0,,,,,4,3.0,4.0,6.0,5.0,6.0,,,,,COMPLETE
53,53,0.7351756364808251,2025-01-04 07:00:08.918957,2025-01-04 07:00:31.728280,0 days 00:00:22.809323,5,10,95.0,95.0,15.0,45.0,,,,,,4,5.0,4.0,2.0,4.0,,,,,,COMPLETE
54,54,0.8287732402370707,2025-01-04 07:00:31.728824,2025-01-04 07:00:45.541929,0 days 00:00:13.813105,4,65,90.0,85.0,65.0,,,,,,,3,2.0,5.0,2.0,,,,,,,COMPLETE
55,55,0.7594695399917115,2025-01-04 07:00:45.542387,2025-01-04 07:00:58.345423,0 days 00:00:12.803036,3,50,45.0,100.0,,,,,,,,5,3.0,3.0,,,,,,,,COMPLETE
56,56,0.757760347129506,2025-01-04 07:00:58.345852,2025-01-04 07:01:28.317194,0 days 00:00:29.971342,7,75,100.0,45.0,55.0,70.0,20.0,60.0,,,,6,3.0,3.0,3.0,5.0,5.0,2.0,,,,COMPLETE
57,57,0.7856459330143541,2025-01-04 07:01:28.317766,2025-01-04 07:01:47.366017,0 days 00:00:19.048251,5,60,85.0,95.0,25.0,5.0,,,,,,4,4.0,2.0,2.0,4.0,,,,,,COMPLETE
58,58,0.8161196911196911,2025-01-04 07:01:47.366613,2025-01-04 07:02:09.258233,0 days 00:00:21.891620,6,80,90.0,80.0,40.0,35.0,5.0,,,,,2,2.0,4.0,2.0,5.0,4.0,,,,,COMPLETE
59,59,0.7802445302445302,2025-01-04 07:02:09.258787,2025-01-04 07:02:20.810192,0 days 00:00:11.551405,3,70,50.0,40.0,,,,,,,,3,4.0,3.0,,,,,,,,COMPLETE
60,60,0.8567316917173009,2025-01-04 07:02:20.810618,2025-01-04 07:02:56.439927,0 days 00:00:35.629309,8,55,75.0,55.0,70.0,65.0,80.0,20.0,35.0,,,2,3.0,5.0,5.0,2.0,6.0,6.0,3.0,,,COMPLETE
61,61,0.7709339774557167,2025-01-04 07:02:56.440550,2025-01-04 07:03:34.650848,0 days 00:00:38.210298,8,55,75.0,55.0,65.0,65.0,85.0,5.0,35.0,,,2,3.0,5.0,5.0,2.0,6.0,6.0,3.0,,,COMPLETE
62,62,0.8332526230831315,2025-01-04 07:03:34.651624,2025-01-04 07:04:08.272880,0 days 00:00:33.621256,7,65,70.0,45.0,70.0,60.0,90.0,20.0,,,,2,3.0,5.0,5.0,2.0,6.0,5.0,,,,COMPLETE
63,63,0.8479111750139787,2025-01-04 07:04:08.273506,2025-01-04 07:04:36.021981,0 days 00:00:27.748475,8,45,80.0,70.0,70.0,75.0,75.0,40.0,5.0,,,2,3.0,6.0,6.0,3.0,6.0,6.0,3.0,,,COMPLETE
64,64,0.7766254487435182,2025-01-04 07:04:36.022751,2025-01-04 07:05:10.098925,0 days 00:00:34.076174,9,30,80.0,65.0,75.0,75.0,75.0,40.0,5.0,5.0,,2,3.0,6.0,6.0,2.0,3.0,6.0,3.0,3.0,,COMPLETE
65,65,0.7730543379373087,2025-01-04 07:05:10.099671,2025-01-04 07:05:48.348433,0 days 00:00:38.248762,8,40,95.0,50.0,85.0,65.0,60.0,25.0,20.0,,,2,2.0,6.0,6.0,3.0,6.0,6.0,3.0,,,COMPLETE
66,66,0.7944954128440367,2025-01-04 07:05:48.349099,2025-01-04 07:06:20.613075,0 days 00:00:32.263976,8,25,90.0,70.0,70.0,55.0,75.0,45.0,50.0,,,2,3.0,6.0,4.0,2.0,5.0,5.0,2.0,,,COMPLETE
67,67,0.7678571428571429,2025-01-04 07:06:20.613823,2025-01-04 07:07:00.220846,0 days 00:00:39.607023,10,35,80.0,75.0,80.0,70.0,80.0,60.0,5.0,65.0,100.0,2,2.0,6.0,2.0,3.0,2.0,6.0,4.0,6.0,2.0,COMPLETE
68,68,0.7666666666666666,2025-01-04 07:07:00.221538,2025-01-04 07:07:40.389057,0 days 00:00:40.167519,8,45,85.0,55.0,60.0,65.0,5.0,30.0,25.0,,,2,3.0,5.0,5.0,2.0,6.0,4.0,3.0,,,COMPLETE
69,69,0.7856459330143541,2025-01-04 07:07:40.389808,2025-01-04 07:08:21.289418,0 days 00:00:40.899610,9,20,60.0,60.0,45.0,85.0,55.0,10.0,50.0,30.0,,3,4.0,2.0,2.0,6.0,6.0,5.0,4.0,4.0,,COMPLETE
70,70,0.7584471603163192,2025-01-04 07:08:21.290094,2025-01-04 07:08:54.816019,0 days 00:00:33.525925,7,45,70.0,35.0,70.0,25.0,65.0,15.0,,,,2,2.0,6.0,3.0,5.0,4.0,6.0,,,,COMPLETE
71,71,0.7725490196078432,2025-01-04 07:08:54.816728,2025-01-04 07:09:20.863550,0 days 00:00:26.046822,6,75,75.0,85.0,35.0,80.0,95.0,,,,,2,3.0,3.0,6.0,3.0,6.0,,,,,COMPLETE
72,72,0.7511467889908257,2025-01-04 07:09:20.864171,2025-01-04 07:09:48.370121,0 days 00:00:27.505950,5,85,85.0,95.0,10.0,75.0,,,,,,3,5.0,4.0,6.0,5.0,,,,,,COMPLETE
73,73,0.7410507852985729,2025-01-04 07:09:48.370663,2025-01-04 07:10:21.939169,0 days 00:00:33.568506,6,60,95.0,75.0,55.0,60.0,100.0,,,,,4,3.0,5.0,6.0,4.0,6.0,,,,,COMPLETE
74,74,0.8213716108452951,2025-01-04 07:10:21.939849,2025-01-04 07:10:44.233038,0 days 00:00:22.293189,5,55,40.0,40.0,30.0,85.0,,,,,,2,3.0,4.0,6.0,5.0,,,,,,COMPLETE
75,75,0.8251247384516337,2025-01-04 07:10:44.233614,2025-01-04 07:11:15.002015,0 days 00:00:30.768401,7,70,100.0,60.0,75.0,70.0,90.0,45.0,,,,3,3.0,3.0,5.0,5.0,5.0,3.0,,,,COMPLETE
76,76,0.72319221876744,2025-01-04 07:11:15.002594,2025-01-04 07:11:44.030318,0 days 00:00:29.027724,8,50,5.0,90.0,60.0,50.0,80.0,25.0,30.0,,,2,2.0,2.0,2.0,3.0,6.0,5.0,5.0,,,COMPLETE
77,77,0.807041572671608,2025-01-04 07:11:44.030995,2025-01-04 07:12:01.901720,0 days 00:00:17.870725,4,70,90.0,80.0,80.0,,,,,,,4,3.0,4.0,5.0,,,,,,,COMPLETE
78,78,0.8016569200779726,2025-01-04 07:12:01.902273,2025-01-04 07:12:26.390932,0 days 00:00:24.488659,6,80,80.0,5.0,65.0,60.0,45.0,,,,,2,4.0,5.0,2.0,4.0,5.0,,,,,COMPLETE
79,79,0.7944954128440367,2025-01-04 07:12:26.391467,2025-01-04 07:12:46.637699,0 days 00:00:20.246232,5,65,90.0,100.0,45.0,90.0,,,,,,3,2.0,3.0,4.0,5.0,,,,,,COMPLETE
80,80,0.7854406130268199,2025-01-04 07:12:46.638185,2025-01-04 07:13:21.458114,0 days 00:00:34.819929,8,85,65.0,30.0,50.0,45.0,95.0,55.0,45.0,,,2,3.0,2.0,6.0,4.0,6.0,4.0,2.0,,,COMPLETE
81,81,0.8035087719298246,2025-01-04 07:13:21.458799,2025-01-04 07:13:39.526930,0 days 00:00:18.068131,5,75,85.0,35.0,40.0,55.0,,,,,,2,3.0,3.0,2.0,5.0,,,,,,COMPLETE
82,82,0.7981821106821108,2025-01-04 07:13:39.527485,2025-01-04 07:13:57.361437,0 days 00:00:17.833952,5,90,95.0,25.0,15.0,65.0,,,,,,2,3.0,3.0,2.0,5.0,,,,,,COMPLETE
83,83,0.8748403575989783,2025-01-04 07:13:57.361915,2025-01-04 07:14:08.916921,0 days 00:00:11.555006,4,75,75.0,40.0,25.0,,,,,,,2,3.0,3.0,2.0,,,,,,,COMPLETE
84,84,0.8013988288874431,2025-01-04 07:14:08.917344,2025-01-04 07:14:22.483422,0 days 00:00:13.566078,4,80,75.0,45.0,25.0,,,,,,,4,3.0,3.0,2.0,,,,,,,COMPLETE
85,85,0.8687141687141686,2025-01-04 07:14:22.483832,2025-01-04 07:14:29.604079,0 days 00:00:07.120247,2,75,80.0,,,,,,,,,2,3.0,,,,,,,,,COMPLETE
86,86,0.810428849902534,2025-01-04 07:14:29.604450,2025-01-04 07:14:37.330893,0 days 00:00:07.726443,2,35,70.0,,,,,,,,,2,4.0,,,,,,,,,COMPLETE
87,87,0.8442687747035573,2025-01-04 07:14:37.331254,2025-01-04 07:14:41.077848,0 days 00:00:03.746594,1,75,,,,,,,,,,2,,,,,,,,,,COMPLETE
88,88,0.7910052910052909,2025-01-04 07:14:41.078185,2025-01-04 07:14:45.082457,0 days 00:00:04.004272,1,85,,,,,,,,,,2,,,,,,,,,,COMPLETE
89,89,0.8090909090909091,2025-01-04 07:14:45.082775,2025-01-04 07:14:49.105824,0 days 00:00:04.023049,1,75,,,,,,,,,,2,,,,,,,,,,COMPLETE
90,90,0.8303436179542374,2025-01-04 07:14:49.106243,2025-01-04 07:14:53.406738,0 days 00:00:04.300495,1,80,,,,,,,,,,2,,,,,,,,,,COMPLETE
91,91,0.8482021844853703,2025-01-04 07:14:53.407097,2025-01-04 07:15:00.002373,0 days 00:00:06.595276,2,75,80.0,,,,,,,,,2,3.0,,,,,,,,,COMPLETE
92,92,0.7944954128440367,2025-01-04 07:15:00.002721,2025-01-04 07:15:06.106446,0 days 00:00:06.103725,2,80,80.0,,,,,,,,,2,2.0,,,,,,,,,COMPLETE
93,93,0.8379475521636762,2025-01-04 07:15:06.106850,2025-01-04 07:15:12.744954,0 days 00:00:06.638104,2,75,75.0,,,,,,,,,2,3.0,,,,,,,,,COMPLETE
94,94,0.7781782437745741,2025-01-04 07:15:12.745305,2025-01-04 07:15:16.756933,0 days 00:00:04.011628,1,90,,,,,,,,,,2,,,,,,,,,,COMPLETE
95,95,0.8124850514231046,2025-01-04 07:15:16.757260,2025-01-04 07:15:24.442971,0 days 00:00:07.685711,3,95,80.0,50.0,,,,,,,,2,2.0,2.0,,,,,,,,COMPLETE
96,96,0.8505897771952817,2025-01-04 07:15:24.443373,2025-01-04 07:15:31.565297,0 days 00:00:07.121924,2,80,70.0,,,,,,,,,2,3.0,,,,,,,,,COMPLETE
97,97,0.8088653603034135,2025-01-04 07:15:31.565651,2025-01-04 07:15:38.681933,0 days 00:00:07.116282,2,75,65.0,,,,,,,,,2,3.0,,,,,,,,,COMPLETE
98,98,0.8017857142857143,2025-01-04 07:15:38.682284,2025-01-04 07:15:49.537489,0 days 00:00:10.855205,3,85,75.0,15.0,,,,,,,,2,3.0,3.0,,,,,,,,COMPLETE
99,99,0.7612590799031478,2025-01-04 07:15:49.537868,2025-01-04 07:15:56.575782,0 days 00:00:07.037914,2,70,70.0,,,,,,,,,2,3.0,,,,,,,,,COMPLETE
100,100,0.8090751301760477,2025-01-04 07:15:56.576168,2025-01-04 07:16:00.577712,0 days 00:00:04.001544,1,85,,,,,,,,,,2,,,,,,,,,,COMPLETE
101,101,0.8564102564102565,2025-01-04 07:16:00.578038,2025-01-04 07:16:07.675694,0 days 00:00:07.097656,2,80,80.0,,,,,,,,,2,3.0,,,,,,,,,COMPLETE
102,102,0.7922619047619048,2025-01-04 07:16:07.676050,2025-01-04 07:16:17.238099,0 days 00:00:09.562049,3,80,85.0,65.0,,,,,,,,2,3.0,3.0,,,,,,,,COMPLETE
103,103,0.7946264848919716,2025-01-04 07:16:17.238590,2025-01-04 07:16:24.356588,0 days 00:00:07.117998,2,75,80.0,,,,,,,,,2,3.0,,,,,,,,,COMPLETE
104,104,0.8007326007326008,2025-01-04 07:16:24.356934,2025-01-04 07:16:31.458342,0 days 00:00:07.101408,2,80,75.0,,,,,,,,,2,3.0,,,,,,,,,COMPLETE
105,105,0.8177939317319849,2025-01-04 07:16:31.458692,2025-01-04 07:16:35.481205,0 days 00:00:04.022513,1,75,,,,,,,,,,2,,,,,,,,,,COMPLETE
106,106,0.8018018018018018,2025-01-04 07:16:35.481522,2025-01-04 07:16:42.573215,0 days 00:00:07.091693,2,70,85.0,,,,,,,,,2,3.0,,,,,,,,,COMPLETE
107,107,0.7509010484927916,2025-01-04 07:16:42.573613,2025-01-04 07:16:54.000657,0 days 00:00:11.427044,3,40,70.0,30.0,,,,,,,,2,3.0,4.0,,,,,,,,COMPLETE
108,108,0.807041572671608,2025-01-04 07:16:54.001068,2025-01-04 07:17:00.691374,0 days 00:00:06.690306,2,80,85.0,,,,,,,,,2,3.0,,,,,,,,,COMPLETE
109,109,0.7963963963963965,2025-01-04 07:17:00.691745,2025-01-04 07:17:04.708953,0 days 00:00:04.017208,1,90,,,,,,,,,,2,,,,,,,,,,COMPLETE
110,110,0.7733050847457628,2025-01-04 07:17:04.709288,2025-01-04 07:17:12.955535,0 days 00:00:08.246247,2,75,75.0,,,,,,,,,2,4.0,,,,,,,,,COMPLETE
111,111,0.7925233644859813,2025-01-04 07:17:12.955886,2025-01-04 07:17:46.951537,0 days 00:00:33.995651,9,85,80.0,40.0,70.0,50.0,30.0,40.0,60.0,75.0,,2,3.0,2.0,3.0,3.0,5.0,6.0,3.0,3.0,,COMPLETE
112,112,0.745516158360195,2025-01-04 07:17:46.952167,2025-01-04 07:17:54.098830,0 days 00:00:07.146663,2,20,80.0,,,,,,,,,2,3.0,,,,,,,,,COMPLETE
113,113,0.807041572671608,2025-01-04 07:17:54.099240,2025-01-04 07:18:04.652673,0 days 00:00:10.553433,4,30,90.0,55.0,55.0,,,,,,,2,2.0,2.0,3.0,,,,,,,COMPLETE
114,114,0.771286013198133,2025-01-04 07:18:04.653194,2025-01-04 07:18:26.066382,0 days 00:00:21.413188,7,75,80.0,35.0,90.0,70.0,70.0,70.0,,,,3,3.0,3.0,3.0,2.0,2.0,4.0,,,,COMPLETE
115,115,0.7946264848919716,2025-01-04 07:18:26.066942,2025-01-04 07:18:54.696463,0 days 00:00:28.629521,8,80,85.0,45.0,65.0,80.0,15.0,25.0,5.0,,,2,3.0,3.0,3.0,6.0,4.0,2.0,4.0,,,COMPLETE
116,116,0.8377192982456141,2025-01-04 07:18:54.697064,2025-01-04 07:18:58.683974,0 days 00:00:03.986910,1,65,,,,,,,,,,2,,,,,,,,,,COMPLETE
117,117,0.812125569134915,2025-01-04 07:18:58.684320,2025-01-04 07:19:06.282713,0 days 00:00:07.598393,3,70,75.0,50.0,,,,,,,,2,2.0,2.0,,,,,,,,COMPLETE
118,118,0.8090751301760477,2025-01-04 07:19:06.283095,2025-01-04 07:19:23.951436,0 days 00:00:17.668341,3,80,65.0,25.0,,,,,,,,6,3.0,6.0,,,,,,,,COMPLETE
119,119,0.8429605792437651,2025-01-04 07:19:23.951878,2025-01-04 07:19:28.938978,0 days 00:00:04.987100,1,85,,,,,,,,,,3,,,,,,,,,,COMPLETE
120,120,0.8109161793372319,2025-01-04 07:19:28.939475,2025-01-04 07:19:33.897741,0 days 00:00:04.958266,1,85,,,,,,,,,,3,,,,,,,,,,COMPLETE
121,121,0.8354670459933617,2025-01-04 07:19:33.898080,2025-01-04 07:19:37.888922,0 days 00:00:03.990842,1,80,,,,,,,,,,2,,,,,,,,,,COMPLETE
122,122,0.8108766233766234,2025-01-04 07:19:37.889256,2025-01-04 07:19:45.424969,0 days 00:00:07.535713,2,85,90.0,,,,,,,,,3,3.0,,,,,,,,,COMPLETE
123,123,0.7408855205424811,2025-01-04 07:19:45.425332,2025-01-04 07:20:07.666708,0 days 00:00:22.241376,7,10,80.0,40.0,20.0,100.0,25.0,15.0,,,,2,2.0,3.0,2.0,3.0,5.0,3.0,,,,COMPLETE
124,124,0.8,2025-01-04 07:20:07.667304,2025-01-04 07:20:11.646350,0 days 00:00:03.979046,1,90,,,,,,,,,,2,,,,,,,,,,COMPLETE
125,125,0.8012190166598944,2025-01-04 07:20:11.646710,2025-01-04 07:20:22.593977,0 days 00:00:10.947267,2,75,85.0,,,,,,,,,2,6.0,,,,,,,,,COMPLETE
126,126,0.8035087719298246,2025-01-04 07:20:22.594363,2025-01-04 07:20:38.190768,0 days 00:00:15.596405,4,25,70.0,45.0,100.0,,,,,,,2,4.0,4.0,4.0,,,,,,,COMPLETE
127,127,0.7443693693693694,2025-01-04 07:20:38.191232,2025-01-04 07:20:43.138051,0 days 00:00:04.946819,1,70,,,,,,,,,,3,,,,,,,,,,COMPLETE
