,number,value,datetime_start,datetime_complete,duration,params_depth,params_neurons_layer_0,params_neurons_layer_1,params_neurons_layer_2,params_neurons_layer_3,params_neurons_layer_4,params_neurons_layer_5,params_neurons_layer_6,params_neurons_layer_7,params_neurons_layer_8,params_neurons_layer_9,params_orders_layer_0,params_orders_layer_1,params_orders_layer_2,params_orders_layer_3,params_orders_layer_4,params_orders_layer_5,params_orders_layer_6,params_orders_layer_7,params_orders_layer_8,params_orders_layer_9,state
611,611,0.818018237452237,2025-01-03 13:32:16.310233,2025-01-03 13:32:41.799848,0 days 00:00:25.489615,7,85,75.0,100.0,20.0,50.0,100.0,95.0,,,,6,4.0,4.0,2.0,3.0,2.0,2.0,,,,COMPLETE
612,612,0.7992671132522565,2025-01-03 13:32:41.800634,2025-01-03 13:33:13.353535,0 days 00:00:31.552901,6,65,80.0,65.0,35.0,60.0,90.0,,,,,6,5.0,3.0,3.0,5.0,2.0,,,,,COMPLETE
613,613,0.7906566863088602,2025-01-03 13:33:13.354277,2025-01-03 13:33:56.464873,0 days 00:00:43.110596,7,80,65.0,85.0,50.0,15.0,100.0,85.0,,,,5,4.0,5.0,2.0,3.0,2.0,6.0,,,,COMPLETE
614,614,0.8075610100155171,2025-01-03 13:33:56.466525,2025-01-03 13:34:27.790631,0 days 00:00:31.324106,5,80,55.0,70.0,10.0,45.0,,,,,,6,4.0,3.0,3.0,3.0,,,,,,COMPLETE
615,615,0.7885244988519547,2025-01-03 13:34:27.791377,2025-01-03 13:34:49.250468,0 days 00:00:21.459091,2,70,70.0,,,,,,,,,6,4.0,,,,,,,,,COMPLETE
616,616,0.7985272277227723,2025-01-03 13:34:49.251127,2025-01-03 13:35:16.806646,0 days 00:00:27.555519,6,75,75.0,80.0,45.0,60.0,95.0,,,,,6,5.0,4.0,2.0,2.0,3.0,,,,,COMPLETE
617,617,0.797516758638569,2025-01-03 13:35:16.807690,2025-01-03 13:35:41.659535,0 days 00:00:24.851845,7,90,60.0,60.0,100.0,55.0,95.0,70.0,,,,6,3.0,2.0,3.0,3.0,2.0,2.0,,,,COMPLETE
618,618,0.8099273607748184,2025-01-03 13:35:41.660313,2025-01-03 13:36:18.131287,0 days 00:00:36.470974,7,85,90.0,80.0,40.0,50.0,90.0,95.0,,,,6,4.0,3.0,2.0,5.0,2.0,3.0,,,,COMPLETE
619,619,0.7918746388450321,2025-01-03 13:36:18.132963,2025-01-03 13:37:00.190378,0 days 00:00:42.057415,7,80,75.0,85.0,25.0,25.0,95.0,5.0,,,,4,5.0,6.0,2.0,6.0,2.0,2.0,,,,COMPLETE
620,620,0.7952895058158216,2025-01-03 13:37:00.191262,2025-01-03 13:37:26.722076,0 days 00:00:26.530814,5,75,80.0,75.0,45.0,55.0,,,,,,6,2.0,4.0,2.0,2.0,,,,,,COMPLETE
621,621,0.7952706205901581,2025-01-03 13:37:26.722826,2025-01-03 13:38:00.060477,0 days 00:00:33.337651,6,95,50.0,25.0,15.0,60.0,100.0,,,,,6,4.0,2.0,4.0,3.0,2.0,,,,,COMPLETE
622,622,0.8073770137779122,2025-01-03 13:38:00.062135,2025-01-03 13:38:34.301163,0 days 00:00:34.239028,7,70,75.0,70.0,50.0,65.0,85.0,75.0,,,,6,4.0,4.0,2.0,2.0,2.0,5.0,,,,COMPLETE
623,623,0.7787620772946859,2025-01-03 13:38:34.301963,2025-01-03 13:39:00.061931,0 days 00:00:25.759968,5,80,55.0,90.0,45.0,55.0,,,,,,6,4.0,3.0,3.0,3.0,,,,,,COMPLETE
624,624,0.8193204607166309,2025-01-03 13:39:00.062666,2025-01-03 13:39:24.050045,0 days 00:00:23.987379,6,85,60.0,50.0,55.0,50.0,80.0,,,,,6,5.0,2.0,3.0,5.0,3.0,,,,,COMPLETE
625,625,0.7937709486687003,2025-01-03 13:39:24.051070,2025-01-03 13:39:53.541778,0 days 00:00:29.490708,6,85,70.0,55.0,75.0,35.0,80.0,,,,,6,4.0,2.0,2.0,5.0,3.0,,,,,COMPLETE
626,626,0.7957785552455958,2025-01-03 13:39:53.542632,2025-01-03 13:40:22.210432,0 days 00:00:28.667800,6,85,85.0,55.0,55.0,20.0,90.0,,,,,6,4.0,2.0,2.0,5.0,3.0,,,,,COMPLETE
627,627,0.7938278556343972,2025-01-03 13:40:22.211726,2025-01-03 13:40:52.268520,0 days 00:00:30.056794,6,85,45.0,50.0,25.0,15.0,85.0,,,,,5,5.0,2.0,2.0,5.0,3.0,,,,,COMPLETE
628,628,0.8068499085395205,2025-01-03 13:40:52.269509,2025-01-03 13:41:36.798660,0 days 00:00:44.529151,6,90,80.0,60.0,65.0,60.0,95.0,,,,,4,4.0,2.0,3.0,5.0,3.0,,,,,COMPLETE
629,629,0.8219872017431489,2025-01-03 13:41:36.800063,2025-01-03 13:42:08.568426,0 days 00:00:31.768363,6,85,60.0,50.0,15.0,65.0,100.0,,,,,6,4.0,2.0,3.0,5.0,3.0,,,,,COMPLETE
630,630,0.8117795481133295,2025-01-03 13:42:08.569426,2025-01-03 13:42:54.712367,0 days 00:00:46.142941,6,85,60.0,50.0,15.0,65.0,100.0,,,,,4,4.0,2.0,3.0,5.0,3.0,,,,,COMPLETE
631,631,0.7982549536218284,2025-01-03 13:42:54.713240,2025-01-03 13:43:36.753069,0 days 00:00:42.039829,6,85,60.0,50.0,20.0,65.0,70.0,,,,,4,4.0,2.0,2.0,5.0,3.0,,,,,COMPLETE
632,632,0.7982735024739447,2025-01-03 13:43:36.754051,2025-01-03 13:44:18.922030,0 days 00:00:42.167979,6,90,65.0,45.0,15.0,70.0,100.0,,,,,4,4.0,2.0,3.0,5.0,3.0,,,,,COMPLETE
633,633,0.8046519651965196,2025-01-03 13:44:18.922965,2025-01-03 13:45:02.156690,0 days 00:00:43.233725,6,85,60.0,50.0,10.0,65.0,100.0,,,,,4,4.0,2.0,2.0,5.0,3.0,,,,,COMPLETE
634,634,0.773611815559778,2025-01-03 13:45:02.157443,2025-01-03 13:45:43.773124,0 days 00:00:41.615681,6,85,65.0,55.0,10.0,65.0,100.0,,,,,4,4.0,2.0,2.0,5.0,3.0,,,,,COMPLETE
635,635,0.7953116257571704,2025-01-03 13:45:43.774201,2025-01-03 13:46:28.708432,0 days 00:00:44.934231,6,85,55.0,50.0,15.0,65.0,100.0,,,,,4,4.0,2.0,3.0,5.0,3.0,,,,,COMPLETE
636,636,0.7844120439482609,2025-01-03 13:46:28.709202,2025-01-03 13:47:08.612572,0 days 00:00:39.903370,6,90,60.0,50.0,20.0,30.0,35.0,,,,,4,4.0,2.0,2.0,5.0,3.0,,,,,COMPLETE
637,637,0.7851082625539472,2025-01-03 13:47:08.613613,2025-01-03 13:47:33.453889,0 days 00:00:24.840276,6,85,55.0,55.0,5.0,65.0,95.0,,,,,6,4.0,2.0,2.0,5.0,3.0,,,,,COMPLETE
638,638,0.8105417529330573,2025-01-03 13:47:33.454676,2025-01-03 13:48:00.495715,0 days 00:00:27.041039,6,85,60.0,60.0,10.0,70.0,75.0,,,,,6,4.0,2.0,3.0,5.0,3.0,,,,,COMPLETE
639,639,0.7965576281877985,2025-01-03 13:48:00.496496,2025-01-03 13:48:29.535714,0 days 00:00:29.039218,6,95,65.0,50.0,30.0,15.0,95.0,,,,,6,4.0,2.0,6.0,5.0,3.0,,,,,COMPLETE
640,640,0.7786488058062154,2025-01-03 13:48:29.537487,2025-01-03 13:49:16.687039,0 days 00:00:47.149552,9,90,75.0,50.0,15.0,60.0,100.0,15.0,85.0,50.0,,6,4.0,2.0,2.0,5.0,3.0,2.0,2.0,6.0,,COMPLETE
641,641,0.8085817524841916,2025-01-03 13:49:16.687992,2025-01-03 13:49:47.511623,0 days 00:00:30.823631,6,85,60.0,45.0,20.0,45.0,95.0,,,,,4,4.0,2.0,2.0,5.0,3.0,,,,,COMPLETE
642,642,0.7920573711368806,2025-01-03 13:49:47.512386,2025-01-03 13:50:13.129350,0 days 00:00:25.616964,6,85,70.0,45.0,35.0,70.0,100.0,,,,,6,4.0,2.0,3.0,5.0,3.0,,,,,COMPLETE
643,643,0.8131077816802265,2025-01-03 13:50:13.130422,2025-01-03 13:50:45.968380,0 days 00:00:32.837958,7,80,55.0,50.0,15.0,25.0,95.0,90.0,,,,6,4.0,2.0,2.0,5.0,3.0,2.0,,,,COMPLETE
644,644,0.7894439336157127,2025-01-03 13:50:45.969194,2025-01-03 13:51:32.297728,0 days 00:00:46.328534,7,90,75.0,55.0,35.0,40.0,90.0,100.0,,,,4,4.0,2.0,2.0,5.0,3.0,2.0,,,,COMPLETE
645,645,0.8105945349665618,2025-01-03 13:51:32.299434,2025-01-03 13:52:10.750724,0 days 00:00:38.451290,8,80,80.0,50.0,20.0,65.0,90.0,85.0,95.0,,,6,4.0,2.0,3.0,5.0,3.0,4.0,3.0,,,COMPLETE
646,646,0.7871789797378557,2025-01-03 13:52:10.751616,2025-01-03 13:52:39.832697,0 days 00:00:29.081081,6,85,65.0,50.0,25.0,60.0,100.0,,,,,6,4.0,2.0,2.0,5.0,3.0,,,,,COMPLETE
647,647,0.8077067249903964,2025-01-03 13:52:39.833943,2025-01-03 13:53:18.373032,0 days 00:00:38.539089,7,60,60.0,45.0,70.0,20.0,95.0,60.0,,,,6,4.0,2.0,3.0,5.0,2.0,3.0,,,,COMPLETE
648,648,0.794615199542871,2025-01-03 13:53:18.374105,2025-01-03 13:53:54.018544,0 days 00:00:35.644439,6,80,70.0,55.0,100.0,30.0,10.0,,,,,6,4.0,2.0,2.0,5.0,2.0,,,,,COMPLETE
649,649,0.7950887217225071,2025-01-03 13:53:54.019332,2025-01-03 13:54:22.022842,0 days 00:00:28.003510,7,90,95.0,50.0,10.0,90.0,85.0,80.0,,,,6,4.0,2.0,2.0,3.0,2.0,2.0,,,,COMPLETE
650,650,0.8110907130576682,2025-01-03 13:54:22.023863,2025-01-03 13:54:56.742876,0 days 00:00:34.719013,7,80,75.0,55.0,35.0,65.0,90.0,90.0,,,,6,4.0,4.0,3.0,6.0,3.0,6.0,,,,COMPLETE
651,651,0.7989973605321932,2025-01-03 13:54:56.743801,2025-01-03 13:55:19.130731,0 days 00:00:22.386930,6,85,80.0,45.0,55.0,45.0,100.0,,,,,6,4.0,4.0,2.0,3.0,2.0,,,,,COMPLETE
652,652,0.8112189406003065,2025-01-03 13:55:19.131995,2025-01-03 13:55:52.325680,0 days 00:00:33.193685,7,80,80.0,20.0,5.0,60.0,95.0,70.0,,,,6,4.0,2.0,2.0,5.0,4.0,2.0,,,,COMPLETE
653,653,0.7985361112798397,2025-01-03 13:55:52.327034,2025-01-03 13:56:21.648225,0 days 00:00:29.321191,7,80,55.0,60.0,15.0,10.0,95.0,80.0,,,,6,4.0,2.0,3.0,3.0,2.0,3.0,,,,COMPLETE
654,654,0.8076176833248713,2025-01-03 13:56:21.649081,2025-01-03 13:56:51.872487,0 days 00:00:30.223406,6,90,65.0,10.0,75.0,50.0,100.0,,,,,6,4.0,5.0,2.0,5.0,3.0,,,,,COMPLETE
655,655,0.8049212759447038,2025-01-03 13:56:51.873881,2025-01-03 13:57:18.688487,0 days 00:00:26.814606,7,80,60.0,45.0,30.0,25.0,95.0,75.0,,,,6,4.0,4.0,4.0,3.0,2.0,2.0,,,,COMPLETE
656,656,0.800989169850516,2025-01-03 13:57:18.689269,2025-01-03 13:57:41.731962,0 days 00:00:23.042693,6,85,75.0,50.0,80.0,70.0,20.0,,,,,6,4.0,2.0,2.0,3.0,2.0,,,,,COMPLETE
657,657,0.8121930341766507,2025-01-03 13:57:41.733620,2025-01-03 13:58:15.873512,0 days 00:00:34.139892,7,80,85.0,15.0,35.0,60.0,90.0,100.0,,,,6,4.0,4.0,3.0,5.0,2.0,2.0,,,,COMPLETE
658,658,0.8345118554903765,2025-01-03 13:58:15.874350,2025-01-03 13:59:07.828660,0 days 00:00:51.954310,7,55,70.0,85.0,100.0,35.0,100.0,85.0,,,,6,5.0,5.0,2.0,6.0,3.0,5.0,,,,COMPLETE
659,659,0.8071017101710172,2025-01-03 13:59:07.829804,2025-01-03 14:00:08.018670,0 days 00:01:00.188866,7,60,70.0,85.0,100.0,35.0,100.0,85.0,,,,4,4.0,5.0,3.0,6.0,3.0,5.0,,,,COMPLETE
660,660,0.792599728083599,2025-01-03 14:00:08.019502,2025-01-03 14:00:52.910794,0 days 00:00:44.891292,7,55,65.0,85.0,95.0,30.0,100.0,85.0,,,,6,4.0,5.0,2.0,6.0,3.0,5.0,,,,COMPLETE
661,661,0.788184601944663,2025-01-03 14:00:52.911957,2025-01-03 14:01:38.715608,0 days 00:00:45.803651,7,55,70.0,85.0,100.0,30.0,100.0,90.0,,,,6,4.0,5.0,2.0,6.0,3.0,6.0,,,,COMPLETE
662,662,0.7918574830555047,2025-01-03 14:01:38.716716,2025-01-03 14:02:33.381503,0 days 00:00:54.664787,7,55,70.0,85.0,100.0,35.0,100.0,80.0,,,,6,4.0,5.0,3.0,6.0,3.0,5.0,,,,COMPLETE
663,663,0.8034622906735118,2025-01-03 14:02:33.382415,2025-01-03 14:03:19.887478,0 days 00:00:46.505063,7,50,65.0,85.0,100.0,65.0,100.0,90.0,,,,6,5.0,5.0,2.0,6.0,3.0,4.0,,,,COMPLETE
664,664,0.7970942997481645,2025-01-03 14:03:19.888546,2025-01-03 14:04:08.123512,0 days 00:00:48.234966,7,55,70.0,85.0,100.0,35.0,95.0,95.0,,,,6,4.0,5.0,2.0,6.0,3.0,4.0,,,,COMPLETE
665,665,0.8043042533969139,2025-01-03 14:04:08.124443,2025-01-03 14:05:02.305473,0 days 00:00:54.181030,8,60,90.0,40.0,100.0,40.0,15.0,85.0,45.0,,,6,4.0,5.0,3.0,6.0,3.0,5.0,5.0,,,COMPLETE
666,666,0.8017317639542456,2025-01-03 14:05:02.306642,2025-01-03 14:05:47.875983,0 days 00:00:45.569341,7,60,70.0,65.0,60.0,40.0,100.0,85.0,,,,6,5.0,5.0,2.0,6.0,3.0,6.0,,,,COMPLETE
667,667,0.7887991583439529,2025-01-03 14:05:47.876889,2025-01-03 14:06:49.297678,0 days 00:01:01.420789,7,60,55.0,60.0,95.0,35.0,95.0,80.0,,,,4,4.0,5.0,2.0,6.0,3.0,5.0,,,,COMPLETE
668,668,0.794607599885716,2025-01-03 14:06:49.299390,2025-01-03 14:07:35.152354,0 days 00:00:45.852964,7,50,60.0,85.0,100.0,15.0,95.0,95.0,,,,6,4.0,5.0,3.0,6.0,3.0,2.0,,,,COMPLETE
669,669,0.7877179693666829,2025-01-03 14:07:35.153433,2025-01-03 14:08:10.313693,0 days 00:00:35.160260,7,55,65.0,80.0,100.0,30.0,100.0,75.0,,,,6,4.0,5.0,3.0,6.0,3.0,2.0,,,,COMPLETE
670,670,0.7989317399963788,2025-01-03 14:08:10.315263,2025-01-03 14:08:48.061665,0 days 00:00:37.746402,7,55,85.0,80.0,95.0,20.0,95.0,90.0,,,,6,4.0,2.0,2.0,6.0,2.0,5.0,,,,COMPLETE
671,671,0.8149507024802697,2025-01-03 14:08:48.063204,2025-01-03 14:09:30.060680,0 days 00:00:41.997476,7,60,70.0,85.0,100.0,40.0,100.0,80.0,,,,6,5.0,5.0,2.0,5.0,4.0,6.0,,,,COMPLETE
672,672,0.8077010278113663,2025-01-03 14:09:30.061871,2025-01-03 14:10:02.282760,0 days 00:00:32.220889,6,85,50.0,50.0,85.0,35.0,65.0,,,,,6,4.0,4.0,3.0,6.0,2.0,,,,,COMPLETE
673,673,0.7855809670371778,2025-01-03 14:10:02.283566,2025-01-03 14:10:37.022160,0 days 00:00:34.738594,7,90,55.0,65.0,20.0,80.0,90.0,85.0,,,,6,4.0,2.0,2.0,4.0,3.0,4.0,,,,COMPLETE
674,674,0.8116245493976197,2025-01-03 14:10:37.023231,2025-01-03 14:11:21.737722,0 days 00:00:44.714491,8,65,60.0,55.0,10.0,35.0,95.0,90.0,25.0,,,6,4.0,5.0,2.0,5.0,2.0,2.0,4.0,,,COMPLETE
675,675,0.7910872313527181,2025-01-03 14:11:21.738658,2025-01-03 14:11:53.583219,0 days 00:00:31.844561,6,85,70.0,80.0,35.0,25.0,80.0,,,,,5,4.0,2.0,3.0,5.0,2.0,,,,,COMPLETE
676,676,0.8034059025641795,2025-01-03 14:11:53.584019,2025-01-03 14:12:20.956121,0 days 00:00:27.372102,7,90,70.0,60.0,25.0,45.0,25.0,65.0,,,,6,5.0,4.0,2.0,5.0,2.0,2.0,,,,COMPLETE
677,677,0.7781547064305685,2025-01-03 14:12:20.957242,2025-01-03 14:13:04.634353,0 days 00:00:43.677111,6,15,55.0,85.0,30.0,15.0,100.0,,,,,6,4.0,2.0,3.0,5.0,5.0,,,,,COMPLETE
678,678,0.8079563800745589,2025-01-03 14:13:04.635188,2025-01-03 14:13:59.739787,0 days 00:00:55.104599,7,90,80.0,80.0,95.0,65.0,85.0,95.0,,,,4,4.0,5.0,5.0,6.0,2.0,3.0,,,,COMPLETE
679,679,0.8189800672744345,2025-01-03 14:13:59.740933,2025-01-03 14:14:23.534387,0 days 00:00:23.793454,6,60,65.0,45.0,15.0,40.0,95.0,,,,,6,5.0,4.0,3.0,5.0,3.0,,,,,COMPLETE
680,680,0.8137865683369186,2025-01-03 14:14:23.535177,2025-01-03 14:14:48.889955,0 days 00:00:25.354778,7,85,65.0,85.0,30.0,60.0,90.0,75.0,,,,6,4.0,2.0,2.0,5.0,2.0,2.0,,,,COMPLETE
681,681,0.7935853586717706,2025-01-03 14:14:48.890780,2025-01-03 14:15:22.364552,0 days 00:00:33.473772,7,95,60.0,30.0,100.0,10.0,100.0,30.0,,,,5,4.0,4.0,2.0,6.0,2.0,2.0,,,,COMPLETE
682,682,0.7907398496790148,2025-01-03 14:15:22.365669,2025-01-03 14:15:56.033671,0 days 00:00:33.668002,7,85,75.0,80.0,65.0,45.0,95.0,70.0,,,,6,4.0,2.0,2.0,5.0,2.0,4.0,,,,COMPLETE
683,683,0.8014754103314989,2025-01-03 14:15:56.034492,2025-01-03 14:16:25.440953,0 days 00:00:29.406461,6,85,80.0,60.0,55.0,30.0,100.0,,,,,6,6.0,4.0,2.0,3.0,3.0,,,,,COMPLETE
684,684,0.7913208096694335,2025-01-03 14:16:25.442355,2025-01-03 14:16:35.298658,0 days 00:00:09.856303,1,85,,,,,,,,,,6,,,,,,,,,,COMPLETE
685,685,0.8012068772749295,2025-01-03 14:16:35.299606,2025-01-03 14:17:09.684472,0 days 00:00:34.384866,7,60,75.0,85.0,20.0,65.0,90.0,80.0,,,,6,5.0,2.0,3.0,6.0,2.0,2.0,,,,COMPLETE
686,686,0.795697147753703,2025-01-03 14:17:09.685805,2025-01-03 14:17:48.640668,0 days 00:00:38.954863,8,65,85.0,65.0,90.0,20.0,95.0,95.0,55.0,,,6,4.0,2.0,2.0,4.0,2.0,2.0,5.0,,,COMPLETE
687,687,0.8009414101879855,2025-01-03 14:17:48.641533,2025-01-03 14:18:31.734096,0 days 00:00:43.092563,7,55,70.0,55.0,35.0,50.0,50.0,85.0,,,,6,4.0,4.0,3.0,5.0,3.0,6.0,,,,COMPLETE
688,688,0.7870688859306644,2025-01-03 14:18:31.735273,2025-01-03 14:19:02.386394,0 days 00:00:30.651121,6,80,65.0,25.0,15.0,25.0,95.0,,,,,5,4.0,4.0,2.0,3.0,2.0,,,,,COMPLETE
689,689,0.7884619432991395,2025-01-03 14:19:02.387717,2025-01-03 14:19:47.846394,0 days 00:00:45.458677,6,80,75.0,80.0,60.0,65.0,100.0,,,,,4,5.0,4.0,2.0,5.0,3.0,,,,,COMPLETE
690,690,0.7844441595780722,2025-01-03 14:19:47.847431,2025-01-03 14:20:20.205518,0 days 00:00:32.358087,7,85,60.0,35.0,20.0,70.0,90.0,100.0,,,,6,4.0,2.0,3.0,3.0,2.0,4.0,,,,COMPLETE
691,691,0.8110416440798429,2025-01-03 14:20:20.206415,2025-01-03 14:20:47.083814,0 days 00:00:26.877399,7,80,55.0,90.0,10.0,30.0,30.0,90.0,,,,6,4.0,5.0,2.0,3.0,2.0,2.0,,,,COMPLETE
692,692,0.7965846495114289,2025-01-03 14:20:47.084633,2025-01-03 14:21:28.404737,0 days 00:00:41.320104,6,85,80.0,85.0,50.0,85.0,100.0,,,,,4,4.0,2.0,3.0,5.0,2.0,,,,,COMPLETE
693,693,0.7970392619609525,2025-01-03 14:21:28.405774,2025-01-03 14:22:03.841660,0 days 00:00:35.435886,7,100,60.0,50.0,70.0,15.0,95.0,65.0,,,,6,5.0,2.0,2.0,4.0,3.0,2.0,,,,COMPLETE
694,694,0.7995121973090149,2025-01-03 14:22:03.842544,2025-01-03 14:22:37.307372,0 days 00:00:33.464828,6,90,70.0,65.0,100.0,50.0,90.0,,,,,6,4.0,4.0,3.0,6.0,2.0,,,,,COMPLETE
695,695,0.8154079782614869,2025-01-03 14:22:37.308810,2025-01-03 14:23:15.264385,0 days 00:00:37.955575,7,95,75.0,80.0,35.0,60.0,20.0,85.0,,,,6,4.0,4.0,2.0,3.0,2.0,5.0,,,,COMPLETE
696,696,0.8022326940237388,2025-01-03 14:23:15.265286,2025-01-03 14:23:48.765565,0 days 00:00:33.500279,8,80,50.0,60.0,95.0,35.0,100.0,70.0,35.0,,,6,4.0,5.0,2.0,5.0,2.0,2.0,2.0,,,COMPLETE
697,697,0.7903666265250764,2025-01-03 14:23:48.766434,2025-01-03 14:24:21.283615,0 days 00:00:32.517181,7,50,70.0,55.0,55.0,60.0,15.0,80.0,,,,6,4.0,2.0,4.0,3.0,3.0,3.0,,,,COMPLETE
698,698,0.8061481206490825,2025-01-03 14:24:21.284683,2025-01-03 14:24:54.453477,0 days 00:00:33.168794,7,65,80.0,85.0,40.0,65.0,85.0,75.0,,,,6,5.0,4.0,3.0,4.0,2.0,2.0,,,,COMPLETE
699,699,0.7935404486224158,2025-01-03 14:24:54.454395,2025-01-03 14:25:30.652871,0 days 00:00:36.198476,6,55,85.0,80.0,50.0,50.0,45.0,,,,,5,4.0,2.0,2.0,5.0,6.0,,,,,COMPLETE
700,700,0.7936105476673427,2025-01-03 14:25:30.653703,2025-01-03 14:25:58.597359,0 days 00:00:27.943656,7,85,75.0,80.0,100.0,65.0,100.0,90.0,,,,6,4.0,2.0,2.0,3.0,2.0,2.0,,,,COMPLETE
701,701,0.8017000167706743,2025-01-03 14:25:58.598448,2025-01-03 14:26:34.838140,0 days 00:00:36.239692,6,90,55.0,30.0,40.0,45.0,95.0,,,,,6,4.0,5.0,3.0,5.0,3.0,,,,,COMPLETE
702,702,0.8102046168024035,2025-01-03 14:26:34.838980,2025-01-03 14:27:06.953229,0 days 00:00:32.114249,7,80,60.0,90.0,50.0,10.0,90.0,80.0,,,,6,4.0,3.0,2.0,3.0,2.0,2.0,,,,COMPLETE
703,703,0.7909767696257919,2025-01-03 14:27:06.954266,2025-01-03 14:27:46.209313,0 days 00:00:39.255047,7,80,65.0,85.0,15.0,60.0,90.0,100.0,,,,6,5.0,3.0,2.0,5.0,2.0,5.0,,,,COMPLETE
704,704,0.7959899749373434,2025-01-03 14:27:46.210234,2025-01-03 14:28:34.912534,0 days 00:00:48.702300,6,85,80.0,55.0,80.0,60.0,95.0,,,,,4,4.0,4.0,3.0,6.0,4.0,,,,,COMPLETE
705,705,0.8144422662853104,2025-01-03 14:28:34.913598,2025-01-03 14:29:16.230151,0 days 00:00:41.316553,7,75,70.0,75.0,5.0,55.0,100.0,90.0,,,,6,4.0,2.0,3.0,3.0,2.0,6.0,,,,COMPLETE
706,706,0.8008865563660084,2025-01-03 14:29:16.231067,2025-01-03 14:29:54.851174,0 days 00:00:38.620107,7,75,75.0,60.0,85.0,25.0,75.0,85.0,,,,6,5.0,4.0,2.0,5.0,5.0,2.0,,,,COMPLETE
707,707,0.7922924555436617,2025-01-03 14:29:54.852033,2025-01-03 14:30:19.507556,0 days 00:00:24.655523,6,65,55.0,65.0,30.0,20.0,95.0,,,,,6,4.0,2.0,2.0,3.0,2.0,,,,,COMPLETE
708,708,0.8042043737695912,2025-01-03 14:30:19.508693,2025-01-03 14:30:47.299756,0 days 00:00:27.791063,7,60,75.0,85.0,35.0,40.0,100.0,95.0,,,,6,4.0,3.0,3.0,3.0,3.0,2.0,,,,COMPLETE
709,709,0.8041808284913923,2025-01-03 14:30:47.300583,2025-01-03 14:31:31.368015,0 days 00:00:44.067432,8,35,80.0,25.0,55.0,55.0,95.0,75.0,20.0,,,6,5.0,5.0,2.0,6.0,4.0,4.0,3.0,,,COMPLETE
710,710,0.81421748636838,2025-01-03 14:31:31.368949,2025-01-03 14:32:00.981355,0 days 00:00:29.612406,7,90,70.0,50.0,50.0,50.0,90.0,70.0,,,,6,4.0,4.0,2.0,5.0,2.0,2.0,,,,COMPLETE
711,711,0.7992395448870002,2025-01-03 14:32:00.982485,2025-01-03 14:32:32.209444,0 days 00:00:31.226959,6,85,60.0,80.0,95.0,75.0,85.0,,,,,5,4.0,3.0,3.0,3.0,3.0,,,,,COMPLETE
712,712,0.7990094221330563,2025-01-03 14:32:32.210260,2025-01-03 14:33:19.363560,0 days 00:00:47.153300,7,80,50.0,60.0,35.0,15.0,95.0,90.0,,,,4,4.0,2.0,2.0,5.0,2.0,3.0,,,,COMPLETE
713,713,0.7967808062045335,2025-01-03 14:33:19.364679,2025-01-03 14:33:47.675684,0 days 00:00:28.311005,6,65,65.0,75.0,10.0,30.0,100.0,,,,,6,4.0,4.0,2.0,3.0,2.0,,,,,COMPLETE
714,714,0.8145061728395062,2025-01-03 14:33:47.676508,2025-01-03 14:34:20.862138,0 days 00:00:33.185630,7,80,55.0,90.0,20.0,80.0,95.0,85.0,,,,6,4.0,3.0,3.0,3.0,2.0,2.0,,,,COMPLETE
715,715,0.7977823288739686,2025-01-03 14:34:20.862965,2025-01-03 14:34:52.376371,0 days 00:00:31.513406,6,80,85.0,80.0,25.0,5.0,100.0,,,,,6,5.0,2.0,2.0,5.0,3.0,,,,,COMPLETE
716,716,0.8200755078803859,2025-01-03 14:34:52.377487,2025-01-03 14:35:15.678533,0 days 00:00:23.301046,7,85,75.0,85.0,90.0,35.0,90.0,95.0,,,,6,4.0,3.0,2.0,5.0,2.0,2.0,,,,COMPLETE
717,717,0.7952774814465888,2025-01-03 14:35:15.679359,2025-01-03 14:35:52.159355,0 days 00:00:36.479996,7,25,75.0,85.0,90.0,35.0,85.0,95.0,,,,6,4.0,3.0,3.0,6.0,2.0,2.0,,,,COMPLETE
718,718,0.8141645294929967,2025-01-03 14:35:52.160682,2025-01-03 14:36:16.175344,0 days 00:00:24.014662,7,75,75.0,85.0,90.0,30.0,85.0,95.0,,,,6,4.0,3.0,2.0,3.0,2.0,2.0,,,,COMPLETE
719,719,0.7915942477470643,2025-01-03 14:36:16.176394,2025-01-03 14:36:45.102628,0 days 00:00:28.926234,7,90,80.0,85.0,95.0,35.0,90.0,100.0,,,,6,4.0,3.0,2.0,3.0,3.0,2.0,,,,COMPLETE
720,720,0.7927931276970783,2025-01-03 14:36:45.103530,2025-01-03 14:37:30.029712,0 days 00:00:44.926182,7,85,75.0,90.0,95.0,35.0,90.0,40.0,,,,4,5.0,3.0,3.0,5.0,2.0,2.0,,,,COMPLETE
721,721,0.8197661936311049,2025-01-03 14:37:30.030525,2025-01-03 14:38:05.568301,0 days 00:00:35.537776,7,80,75.0,85.0,90.0,40.0,85.0,95.0,,,,6,4.0,3.0,2.0,5.0,2.0,2.0,,,,COMPLETE
722,722,0.8228716665121597,2025-01-03 14:38:05.569436,2025-01-03 14:38:34.685447,0 days 00:00:29.116011,7,85,75.0,90.0,85.0,35.0,85.0,100.0,,,,6,4.0,3.0,4.0,6.0,2.0,2.0,,,,COMPLETE
723,723,0.7974314139647924,2025-01-03 14:38:34.686325,2025-01-03 14:39:13.454913,0 days 00:00:38.768588,7,80,75.0,90.0,90.0,40.0,85.0,100.0,,,,5,4.0,3.0,4.0,6.0,2.0,2.0,,,,COMPLETE
724,724,0.7960310293562646,2025-01-03 14:39:13.456014,2025-01-03 14:39:50.254706,0 days 00:00:36.798692,7,75,75.0,85.0,90.0,35.0,85.0,100.0,,,,6,4.0,3.0,4.0,6.0,2.0,2.0,,,,COMPLETE
725,725,0.7894060154041143,2025-01-03 14:39:50.255633,2025-01-03 14:40:30.196946,0 days 00:00:39.941313,7,85,75.0,90.0,90.0,40.0,85.0,100.0,,,,6,4.0,3.0,5.0,6.0,2.0,2.0,,,,COMPLETE
726,726,0.8115908174856179,2025-01-03 14:40:30.197810,2025-01-03 14:40:58.901313,0 days 00:00:28.703503,7,80,80.0,90.0,85.0,35.0,80.0,95.0,,,,6,4.0,3.0,2.0,6.0,2.0,2.0,,,,COMPLETE
727,727,0.8044943820224719,2025-01-03 14:40:58.902470,2025-01-03 14:41:45.201409,0 days 00:00:46.298939,8,85,75.0,95.0,95.0,40.0,85.0,95.0,70.0,,,6,4.0,3.0,5.0,6.0,2.0,2.0,4.0,,,COMPLETE
728,728,0.7927826481257557,2025-01-03 14:41:45.202304,2025-01-03 14:42:20.803453,0 days 00:00:35.601149,7,80,80.0,95.0,90.0,35.0,90.0,100.0,,,,6,4.0,3.0,5.0,6.0,2.0,2.0,,,,COMPLETE
729,729,0.8012592765332858,2025-01-03 14:42:20.804636,2025-01-03 14:43:00.396260,0 days 00:00:39.591624,7,55,75.0,85.0,85.0,35.0,90.0,95.0,,,,6,4.0,3.0,5.0,6.0,2.0,2.0,,,,COMPLETE
730,730,0.8180431622498043,2025-01-03 14:43:00.397136,2025-01-03 14:43:28.860521,0 days 00:00:28.463385,7,90,80.0,90.0,90.0,40.0,85.0,100.0,,,,6,4.0,3.0,4.0,6.0,2.0,2.0,,,,COMPLETE
