,number,value,datetime_start,datetime_complete,duration,params_depth,params_neurons_layer_0,params_neurons_layer_1,params_neurons_layer_2,params_neurons_layer_3,params_neurons_layer_4,params_neurons_layer_5,params_neurons_layer_6,params_neurons_layer_7,params_neurons_layer_8,params_neurons_layer_9,params_orders_layer_0,params_orders_layer_1,params_orders_layer_2,params_orders_layer_3,params_orders_layer_4,params_orders_layer_5,params_orders_layer_6,params_orders_layer_7,params_orders_layer_8,params_orders_layer_9,state
750,750,0.8777066173428834,2025-01-03 06:16:50.167533,2025-01-03 06:17:18.717988,0 days 00:00:28.550455,5,25,5.0,45.0,55.0,15.0,,,,,,4,3.0,2.0,2.0,2.0,,,,,,COMPLETE
751,751,0.8154518418056563,2025-01-03 06:17:18.718708,2025-01-03 06:17:47.704148,0 days 00:00:28.985440,5,20,5.0,45.0,60.0,25.0,,,,,,4,3.0,2.0,2.0,2.0,,,,,,COMPLETE
752,752,0.8763356929217858,2025-01-03 06:17:47.704895,2025-01-03 06:18:15.431157,0 days 00:00:27.726262,5,20,5.0,45.0,55.0,20.0,,,,,,4,3.0,2.0,2.0,2.0,,,,,,COMPLETE
753,753,0.8411922069900737,2025-01-03 06:18:15.431782,2025-01-03 06:18:43.600884,0 days 00:00:28.169102,5,20,5.0,45.0,55.0,25.0,,,,,,4,3.0,2.0,2.0,2.0,,,,,,COMPLETE
754,754,0.8127750238496836,2025-01-03 06:18:43.601595,2025-01-03 06:19:11.932956,0 days 00:00:28.331361,5,20,5.0,45.0,55.0,20.0,,,,,,4,3.0,2.0,2.0,2.0,,,,,,COMPLETE
755,755,0.858176733112695,2025-01-03 06:19:11.933691,2025-01-03 06:19:39.751774,0 days 00:00:27.818083,5,25,5.0,50.0,50.0,15.0,,,,,,4,3.0,2.0,2.0,2.0,,,,,,COMPLETE
756,756,0.8882913192609723,2025-01-03 06:19:39.752389,2025-01-03 06:20:07.980231,0 days 00:00:28.227842,5,20,5.0,50.0,55.0,20.0,,,,,,4,3.0,2.0,2.0,2.0,,,,,,COMPLETE
757,757,0.8346820032025817,2025-01-03 06:20:07.981046,2025-01-03 06:20:40.762267,0 days 00:00:32.781221,6,25,5.0,45.0,60.0,15.0,5.0,,,,,4,3.0,2.0,2.0,2.0,3.0,,,,,COMPLETE
758,758,0.8605437558888733,2025-01-03 06:20:40.762952,2025-01-03 06:21:14.059275,0 days 00:00:33.296323,6,20,5.0,50.0,50.0,10.0,5.0,,,,,4,3.0,2.0,2.0,2.0,4.0,,,,,COMPLETE
759,759,0.8874006936992482,2025-01-03 06:21:14.060051,2025-01-03 06:21:51.470396,0 days 00:00:37.410345,5,20,5.0,45.0,60.0,25.0,,,,,,4,3.0,2.0,5.0,2.0,,,,,,COMPLETE
760,760,0.819638001006078,2025-01-03 06:21:51.471188,2025-01-03 06:22:19.646252,0 days 00:00:28.175064,5,20,10.0,50.0,55.0,15.0,,,,,,4,3.0,2.0,2.0,2.0,,,,,,COMPLETE
761,761,0.8508340540171797,2025-01-03 06:22:19.646988,2025-01-03 06:22:51.416033,0 days 00:00:31.769045,6,25,5.0,45.0,50.0,10.0,10.0,,,,,4,3.0,2.0,2.0,2.0,3.0,,,,,COMPLETE
762,762,0.8839260075004836,2025-01-03 06:22:51.416858,2025-01-03 06:23:19.536621,0 days 00:00:28.119763,5,20,10.0,50.0,50.0,20.0,,,,,,4,3.0,2.0,2.0,2.0,,,,,,COMPLETE
763,763,0.8578201640351938,2025-01-03 06:23:19.537280,2025-01-03 06:23:50.365935,0 days 00:00:30.828655,5,20,5.0,45.0,60.0,15.0,,,,,,4,3.0,2.0,3.0,2.0,,,,,,COMPLETE
764,764,0.8756607843763854,2025-01-03 06:23:50.366695,2025-01-03 06:24:22.136677,0 days 00:00:31.769982,6,20,5.0,55.0,55.0,20.0,5.0,,,,,4,3.0,2.0,2.0,2.0,3.0,,,,,COMPLETE
765,765,0.8674152691462218,2025-01-03 06:24:22.137473,2025-01-03 06:24:52.305221,0 days 00:00:30.167748,5,25,10.0,50.0,55.0,25.0,,,,,,4,3.0,2.0,2.0,2.0,,,,,,COMPLETE
766,766,0.8590458903804252,2025-01-03 06:24:52.305939,2025-01-03 06:25:25.948925,0 days 00:00:33.642986,6,20,10.0,45.0,50.0,10.0,5.0,,,,,4,3.0,2.0,2.0,2.0,4.0,,,,,COMPLETE
767,767,0.8248088463156324,2025-01-03 06:25:25.949755,2025-01-03 06:25:54.289123,0 days 00:00:28.339368,5,20,5.0,55.0,55.0,15.0,,,,,,4,3.0,2.0,2.0,2.0,,,,,,COMPLETE
768,768,0.8701734694117594,2025-01-03 06:25:54.289787,2025-01-03 06:26:23.129325,0 days 00:00:28.839538,5,15,5.0,50.0,60.0,15.0,,,,,,4,3.0,2.0,2.0,2.0,,,,,,COMPLETE
769,769,0.8641828377211123,2025-01-03 06:26:23.130103,2025-01-03 06:26:52.535562,0 days 00:00:29.405459,5,20,10.0,50.0,50.0,25.0,,,,,,4,3.0,2.0,2.0,2.0,,,,,,COMPLETE
770,770,0.8715532049019745,2025-01-03 06:26:52.536360,2025-01-03 06:27:18.392356,0 days 00:00:25.855996,4,25,5.0,45.0,55.0,,,,,,,4,3.0,2.0,2.0,,,,,,,COMPLETE
771,771,0.8723082810725397,2025-01-03 06:27:18.393061,2025-01-03 06:28:41.751100,0 days 00:01:23.358039,9,15,10.0,45.0,60.0,20.0,5.0,100.0,95.0,10.0,,4,3.0,2.0,2.0,2.0,4.0,4.0,6.0,4.0,,COMPLETE
772,772,0.8915520362840647,2025-01-03 06:28:41.752058,2025-01-03 06:29:10.292707,0 days 00:00:28.540649,5,20,5.0,50.0,50.0,10.0,,,,,,4,3.0,2.0,2.0,2.0,,,,,,COMPLETE
773,773,0.8726091070264478,2025-01-03 06:29:10.293491,2025-01-03 06:29:43.604910,0 days 00:00:33.311419,6,15,10.0,55.0,50.0,10.0,10.0,,,,,4,3.0,2.0,2.0,2.0,3.0,,,,,COMPLETE
774,774,0.8787540463340902,2025-01-03 06:29:43.605620,2025-01-03 06:30:15.928070,0 days 00:00:32.322450,6,20,5.0,45.0,55.0,15.0,5.0,,,,,4,3.0,2.0,2.0,2.0,3.0,,,,,COMPLETE
775,775,0.8380726585417381,2025-01-03 06:30:15.928971,2025-01-03 06:30:41.465593,0 days 00:00:25.536622,4,15,5.0,50.0,55.0,,,,,,,4,3.0,2.0,2.0,,,,,,,COMPLETE
776,776,0.8786004160455196,2025-01-03 06:30:41.466260,2025-01-03 06:31:12.294305,0 days 00:00:30.828045,5,25,10.0,55.0,60.0,20.0,,,,,,4,3.0,2.0,2.0,2.0,,,,,,COMPLETE
777,777,0.8401654130717808,2025-01-03 06:31:12.295086,2025-01-03 06:31:23.976442,0 days 00:00:11.681356,1,15,,,,,,,,,,4,,,,,,,,,,COMPLETE
778,778,0.8466081925181034,2025-01-03 06:31:23.977123,2025-01-03 06:31:53.512033,0 days 00:00:29.534910,4,20,10.0,45.0,50.0,,,,,,,4,3.0,2.0,4.0,,,,,,,COMPLETE
779,779,0.8650578452039106,2025-01-03 06:31:53.512683,2025-01-03 06:32:26.814873,0 days 00:00:33.302190,4,15,5.0,65.0,55.0,,,,,,,4,3.0,2.0,5.0,,,,,,,COMPLETE
780,780,0.8895010999260273,2025-01-03 06:32:26.815612,2025-01-03 06:32:56.222294,0 days 00:00:29.406682,5,25,10.0,50.0,50.0,25.0,,,,,,4,3.0,2.0,2.0,2.0,,,,,,COMPLETE
781,781,0.8424168146291869,2025-01-03 06:32:56.223025,2025-01-03 06:33:21.395116,0 days 00:00:25.172091,4,15,5.0,45.0,55.0,,,,,,,4,3.0,2.0,2.0,,,,,,,COMPLETE
782,782,0.8979405707561048,2025-01-03 06:33:21.395711,2025-01-03 06:33:50.111142,0 days 00:00:28.715431,5,20,5.0,55.0,55.0,20.0,,,,,,4,3.0,2.0,2.0,2.0,,,,,,COMPLETE
783,783,0.8799133812786908,2025-01-03 06:33:50.111981,2025-01-03 06:34:19.431564,0 days 00:00:29.319583,5,20,5.0,55.0,55.0,20.0,,,,,,4,3.0,2.0,2.0,2.0,,,,,,COMPLETE
784,784,0.8604853197735975,2025-01-03 06:34:19.432212,2025-01-03 06:34:48.383169,0 days 00:00:28.950957,5,15,5.0,60.0,60.0,20.0,,,,,,4,3.0,2.0,2.0,2.0,,,,,,COMPLETE
785,785,0.8959576474893052,2025-01-03 06:34:48.383897,2025-01-03 06:35:18.105502,0 days 00:00:29.721605,5,20,5.0,55.0,55.0,25.0,,,,,,4,3.0,2.0,3.0,2.0,,,,,,COMPLETE
786,786,0.7900331125827814,2025-01-03 06:35:18.106251,2025-01-03 06:35:49.953661,0 days 00:00:31.847410,5,25,5.0,55.0,55.0,15.0,,,,,,4,3.0,2.0,3.0,2.0,,,,,,COMPLETE
787,787,0.8771615886604041,2025-01-03 06:35:49.954286,2025-01-03 06:36:21.719022,0 days 00:00:31.764736,5,25,5.0,55.0,55.0,15.0,,,,,,4,3.0,2.0,3.0,2.0,,,,,,COMPLETE
788,788,0.8934304661133929,2025-01-03 06:36:21.719864,2025-01-03 06:36:53.641592,0 days 00:00:31.921728,5,20,5.0,60.0,55.0,25.0,,,,,,4,3.0,2.0,3.0,2.0,,,,,,COMPLETE
789,789,0.8256139923754366,2025-01-03 06:36:53.642244,2025-01-03 06:37:28.879952,0 days 00:00:35.237708,5,20,5.0,65.0,55.0,25.0,,,,,,4,3.0,2.0,4.0,2.0,,,,,,COMPLETE
790,790,0.8812679568493522,2025-01-03 06:37:28.880822,2025-01-03 06:38:01.233316,0 days 00:00:32.352494,5,20,5.0,60.0,55.0,20.0,,,,,,4,3.0,2.0,3.0,2.0,,,,,,COMPLETE
791,791,0.8885742233941039,2025-01-03 06:38:01.233940,2025-01-03 06:38:34.571993,0 days 00:00:33.338053,5,20,5.0,60.0,60.0,25.0,,,,,,4,3.0,2.0,3.0,2.0,,,,,,COMPLETE
792,792,0.8640695230760872,2025-01-03 06:38:34.572856,2025-01-03 06:39:06.942406,0 days 00:00:32.369550,5,20,10.0,60.0,55.0,20.0,,,,,,4,3.0,2.0,3.0,2.0,,,,,,COMPLETE
793,793,0.8715065602277143,2025-01-03 06:39:06.943042,2025-01-03 06:39:39.743553,0 days 00:00:32.800511,5,20,10.0,60.0,55.0,25.0,,,,,,4,3.0,2.0,3.0,2.0,,,,,,COMPLETE
794,794,0.8556983221232732,2025-01-03 06:39:39.744315,2025-01-03 06:40:13.474813,0 days 00:00:33.730498,5,20,5.0,60.0,50.0,20.0,,,,,,4,3.0,2.0,4.0,2.0,,,,,,COMPLETE
795,795,0.7639419872289392,2025-01-03 06:40:13.475595,2025-01-03 06:40:45.239740,0 days 00:00:31.764145,5,20,5.0,50.0,55.0,25.0,,,,,,4,3.0,2.0,3.0,2.0,,,,,,COMPLETE
796,796,0.892662029346891,2025-01-03 06:40:45.240506,2025-01-03 06:41:21.229259,0 days 00:00:35.988753,5,20,10.0,65.0,55.0,15.0,,,,,,4,3.0,2.0,4.0,2.0,,,,,,COMPLETE
797,797,0.8304894479817349,2025-01-03 06:41:21.230022,2025-01-03 06:41:56.909735,0 days 00:00:35.679713,5,20,10.0,65.0,55.0,25.0,,,,,,4,3.0,2.0,4.0,2.0,,,,,,COMPLETE
798,798,0.8798110461036706,2025-01-03 06:41:56.910470,2025-01-03 06:42:43.445660,0 days 00:00:46.535190,5,80,10.0,70.0,55.0,20.0,,,,,,4,3.0,2.0,4.0,2.0,,,,,,COMPLETE
799,799,0.8671442272012209,2025-01-03 06:42:43.446477,2025-01-03 06:43:17.242439,0 days 00:00:33.795962,5,20,10.0,65.0,60.0,20.0,,,,,,4,3.0,2.0,3.0,2.0,,,,,,COMPLETE
800,800,0.8381043623969494,2025-01-03 06:43:17.243297,2025-01-03 06:43:51.603782,0 days 00:00:34.360485,5,20,5.0,65.0,50.0,15.0,,,,,,4,3.0,2.0,4.0,2.0,,,,,,COMPLETE
801,801,0.8929699228985339,2025-01-03 06:43:51.604442,2025-01-03 06:44:25.742687,0 days 00:00:34.138245,5,20,10.0,65.0,60.0,25.0,,,,,,4,3.0,2.0,3.0,2.0,,,,,,COMPLETE
802,802,0.7975847634325668,2025-01-03 06:44:25.743449,2025-01-03 06:44:59.470620,0 days 00:00:33.727171,5,20,10.0,70.0,60.0,25.0,,,,,,4,3.0,2.0,3.0,2.0,,,,,,COMPLETE
803,803,0.8126168821222797,2025-01-03 06:44:59.471389,2025-01-03 06:45:34.155233,0 days 00:00:34.683844,5,25,10.0,65.0,60.0,25.0,,,,,,4,3.0,2.0,3.0,2.0,,,,,,COMPLETE
804,804,0.8945619664947014,2025-01-03 06:45:34.156002,2025-01-03 06:46:07.617110,0 days 00:00:33.461108,5,15,10.0,70.0,60.0,25.0,,,,,,4,3.0,2.0,3.0,2.0,,,,,,COMPLETE
805,805,0.8909423042871136,2025-01-03 06:46:07.617857,2025-01-03 06:46:40.553913,0 days 00:00:32.936056,5,15,10.0,70.0,60.0,25.0,,,,,,4,3.0,2.0,3.0,2.0,,,,,,COMPLETE
806,806,0.871805520522784,2025-01-03 06:46:40.554653,2025-01-03 06:47:13.983331,0 days 00:00:33.428678,5,15,10.0,70.0,60.0,25.0,,,,,,4,3.0,2.0,3.0,2.0,,,,,,COMPLETE
807,807,0.843410747990258,2025-01-03 06:47:13.984074,2025-01-03 06:47:48.376158,0 days 00:00:34.392084,5,15,10.0,75.0,65.0,30.0,,,,,,4,3.0,2.0,3.0,2.0,,,,,,COMPLETE
808,808,0.8895314227959426,2025-01-03 06:47:48.376904,2025-01-03 06:48:21.944034,0 days 00:00:33.567130,5,15,10.0,70.0,60.0,25.0,,,,,,4,3.0,2.0,3.0,2.0,,,,,,COMPLETE
809,809,0.8484831943483782,2025-01-03 06:48:21.944779,2025-01-03 06:48:53.414833,0 days 00:00:31.470054,5,15,10.0,70.0,60.0,25.0,,,,,,4,3.0,2.0,3.0,2.0,,,,,,COMPLETE
810,810,0.8706780212766683,2025-01-03 06:48:53.415578,2025-01-03 06:49:26.081427,0 days 00:00:32.665849,5,15,10.0,65.0,60.0,30.0,,,,,,4,3.0,2.0,3.0,2.0,,,,,,COMPLETE
811,811,0.8369569235813216,2025-01-03 06:49:26.082187,2025-01-03 06:49:58.432540,0 days 00:00:32.350353,5,15,10.0,65.0,55.0,25.0,,,,,,4,3.0,2.0,3.0,2.0,,,,,,COMPLETE
812,812,0.8672771411670375,2025-01-03 06:49:58.433185,2025-01-03 06:50:32.972104,0 days 00:00:34.538919,5,15,5.0,75.0,60.0,20.0,,,,,,4,4.0,2.0,3.0,2.0,,,,,,COMPLETE
813,813,0.8806681618004881,2025-01-03 06:50:32.972969,2025-01-03 06:51:06.529863,0 days 00:00:33.556894,5,20,10.0,70.0,55.0,30.0,,,,,,4,3.0,2.0,3.0,2.0,,,,,,COMPLETE
814,814,0.8418823833595486,2025-01-03 06:51:06.530504,2025-01-03 06:51:37.505057,0 days 00:00:30.974553,5,15,5.0,65.0,50.0,25.0,,,,,,4,3.0,2.0,3.0,2.0,,,,,,COMPLETE
815,815,0.870910476749468,2025-01-03 06:51:37.505916,2025-01-03 06:52:13.026348,0 days 00:00:35.520432,5,20,10.0,75.0,65.0,20.0,,,,,,4,3.0,2.0,3.0,2.0,,,,,,COMPLETE
816,816,0.875229830010505,2025-01-03 06:52:13.027011,2025-01-03 06:52:41.447643,0 days 00:00:28.420632,5,15,5.0,65.0,60.0,30.0,,,,,,4,3.0,2.0,3.0,2.0,,,,,,COMPLETE
817,817,0.7044384640671424,2025-01-03 06:52:41.448517,2025-01-03 06:53:14.522801,0 days 00:00:33.074284,5,15,10.0,70.0,55.0,20.0,,,,,,4,3.0,2.0,3.0,2.0,,,,,,COMPLETE
818,818,0.8796379570310311,2025-01-03 06:53:14.523495,2025-01-03 06:53:52.718933,0 days 00:00:38.195438,5,20,55.0,70.0,50.0,25.0,,,,,,4,3.0,2.0,3.0,2.0,,,,,,COMPLETE
819,819,0.8895623342175066,2025-01-03 06:53:52.719771,2025-01-03 06:54:24.265418,0 days 00:00:31.545647,5,20,5.0,60.0,55.0,20.0,,,,,,4,3.0,2.0,3.0,2.0,,,,,,COMPLETE
820,820,0.879938166453823,2025-01-03 06:54:24.266094,2025-01-03 06:54:57.896339,0 days 00:00:33.630245,5,20,10.0,65.0,55.0,25.0,,,,,,4,3.0,2.0,3.0,2.0,,,,,,COMPLETE
821,821,0.8601616814245929,2025-01-03 06:54:57.897192,2025-01-03 06:55:33.106985,0 days 00:00:35.209793,5,15,5.0,80.0,65.0,30.0,,,,,,4,3.0,2.0,3.0,2.0,,,,,,COMPLETE
822,822,0.8681921422830428,2025-01-03 06:55:33.107662,2025-01-03 06:56:05.226900,0 days 00:00:32.119238,5,20,5.0,65.0,50.0,20.0,,,,,,4,3.0,2.0,3.0,2.0,,,,,,COMPLETE
823,823,0.8967065673664973,2025-01-03 06:56:05.227781,2025-01-03 06:56:38.320940,0 days 00:00:33.093159,5,15,10.0,65.0,60.0,25.0,,,,,,4,3.0,2.0,3.0,2.0,,,,,,COMPLETE
824,824,0.7583321220712924,2025-01-03 06:56:38.321599,2025-01-03 06:57:11.704926,0 days 00:00:33.383327,5,15,10.0,65.0,60.0,25.0,,,,,,4,3.0,2.0,3.0,2.0,,,,,,COMPLETE
825,825,0.8882732382904726,2025-01-03 06:57:11.705681,2025-01-03 06:57:45.719040,0 days 00:00:34.013359,5,20,5.0,65.0,65.0,25.0,,,,,,4,3.0,2.0,3.0,2.0,,,,,,COMPLETE
826,826,0.8099532650643524,2025-01-03 06:57:45.719838,2025-01-03 06:58:19.632619,0 days 00:00:33.912781,5,20,10.0,70.0,60.0,20.0,,,,,,4,3.0,2.0,3.0,2.0,,,,,,COMPLETE
827,827,0.8701827162232735,2025-01-03 06:58:19.633388,2025-01-03 06:58:51.588615,0 days 00:00:31.955227,5,15,5.0,60.0,60.0,25.0,,,,,,4,3.0,2.0,3.0,2.0,,,,,,COMPLETE
828,828,0.8615619458792692,2025-01-03 06:58:51.589418,2025-01-03 06:59:24.029735,0 days 00:00:32.440317,5,15,10.0,65.0,60.0,20.0,,,,,,4,3.0,2.0,3.0,2.0,,,,,,COMPLETE
829,829,0.8650484930273923,2025-01-03 06:59:24.030484,2025-01-03 06:59:55.443448,0 days 00:00:31.412964,5,15,5.0,65.0,55.0,25.0,,,,,,4,3.0,2.0,3.0,2.0,,,,,,COMPLETE
830,830,0.8913422918183804,2025-01-03 06:59:55.444242,2025-01-03 07:00:28.218049,0 days 00:00:32.773807,5,20,10.0,60.0,60.0,25.0,,,,,,4,3.0,2.0,3.0,2.0,,,,,,COMPLETE
831,831,0.8909605428843682,2025-01-03 07:00:28.218713,2025-01-03 07:01:08.197575,0 days 00:00:39.978862,5,20,65.0,70.0,55.0,20.0,,,,,,4,3.0,2.0,3.0,2.0,,,,,,COMPLETE
832,832,0.8944910761054259,2025-01-03 07:01:08.198481,2025-01-03 07:01:41.800794,0 days 00:00:33.602313,5,25,5.0,60.0,65.0,20.0,,,,,,4,3.0,2.0,3.0,2.0,,,,,,COMPLETE
833,833,0.8906800679145864,2025-01-03 07:01:41.801571,2025-01-03 07:02:16.039251,0 days 00:00:34.237680,5,25,5.0,60.0,65.0,25.0,,,,,,4,3.0,2.0,3.0,2.0,,,,,,COMPLETE
834,834,0.8883304497322632,2025-01-03 07:02:16.040018,2025-01-03 07:02:49.096904,0 days 00:00:33.056886,5,15,5.0,60.0,65.0,30.0,,,,,,4,3.0,2.0,3.0,2.0,,,,,,COMPLETE
835,835,0.8573377444730501,2025-01-03 07:02:49.097679,2025-01-03 07:03:21.579981,0 days 00:00:32.482302,5,15,5.0,60.0,65.0,20.0,,,,,,4,3.0,2.0,3.0,2.0,,,,,,COMPLETE
836,836,0.8799549836598437,2025-01-03 07:03:21.580765,2025-01-03 07:03:54.931025,0 days 00:00:33.350260,5,25,5.0,55.0,60.0,25.0,,,,,,4,3.0,2.0,3.0,2.0,,,,,,COMPLETE
837,837,0.8914442697341893,2025-01-03 07:03:54.931683,2025-01-03 07:04:29.123400,0 days 00:00:34.191717,5,15,5.0,75.0,65.0,20.0,,,,,,4,3.0,2.0,3.0,2.0,,,,,,COMPLETE
838,838,0.8755159762602109,2025-01-03 07:04:29.124271,2025-01-03 07:05:01.396179,0 days 00:00:32.271908,5,15,5.0,60.0,60.0,25.0,,,,,,4,3.0,2.0,3.0,2.0,,,,,,COMPLETE
839,839,0.8773855975044278,2025-01-03 07:05:01.396849,2025-01-03 07:05:34.665226,0 days 00:00:33.268377,5,20,5.0,60.0,60.0,30.0,,,,,,4,3.0,2.0,3.0,2.0,,,,,,COMPLETE
840,840,0.8869591853554344,2025-01-03 07:05:34.666103,2025-01-03 07:06:08.190782,0 days 00:00:33.524679,5,25,5.0,60.0,60.0,20.0,,,,,,4,3.0,2.0,3.0,2.0,,,,,,COMPLETE
841,841,0.8709526776282998,2025-01-03 07:06:08.191439,2025-01-03 07:06:41.899970,0 days 00:00:33.708531,5,20,5.0,60.0,65.0,25.0,,,,,,4,3.0,2.0,3.0,2.0,,,,,,COMPLETE
842,842,0.8920482715429501,2025-01-03 07:06:41.900622,2025-01-03 07:07:17.091799,0 days 00:00:35.191177,5,15,5.0,55.0,60.0,60.0,,,,,,4,3.0,2.0,3.0,2.0,,,,,,COMPLETE
843,843,0.8881494389610785,2025-01-03 07:07:17.092676,2025-01-03 07:07:47.827557,0 days 00:00:30.734881,5,20,5.0,55.0,50.0,20.0,,,,,,4,3.0,2.0,3.0,2.0,,,,,,COMPLETE
844,844,0.8182495745339633,2025-01-03 07:07:47.828214,2025-01-03 07:08:29.927238,0 days 00:00:42.099024,5,55,5.0,60.0,55.0,75.0,,,,,,4,3.0,2.0,3.0,2.0,,,,,,COMPLETE
845,845,0.7715234101187889,2025-01-03 07:08:29.928056,2025-01-03 07:09:02.288384,0 days 00:00:32.360328,5,15,10.0,65.0,55.0,30.0,,,,,,4,3.0,2.0,3.0,2.0,,,,,,COMPLETE
846,846,0.865413305424255,2025-01-03 07:09:02.289121,2025-01-03 07:09:34.087931,0 days 00:00:31.798810,5,15,5.0,55.0,60.0,25.0,,,,,,4,3.0,2.0,3.0,2.0,,,,,,COMPLETE
847,847,0.7568881796420837,2025-01-03 07:09:34.088606,2025-01-03 07:10:06.976313,0 days 00:00:32.887707,5,25,10.0,60.0,50.0,20.0,,,,,,4,3.0,2.0,3.0,2.0,,,,,,COMPLETE
848,848,0.8230446355884502,2025-01-03 07:10:06.977201,2025-01-03 07:10:47.763842,0 days 00:00:40.786641,5,20,70.0,70.0,55.0,25.0,,,,,,4,3.0,2.0,3.0,2.0,,,,,,COMPLETE
849,849,0.879873849957971,2025-01-03 07:10:47.764527,2025-01-03 07:11:28.866263,0 days 00:00:41.101736,5,70,5.0,55.0,60.0,20.0,,,,,,4,3.0,2.0,3.0,2.0,,,,,,COMPLETE
850,850,0.8846373167768617,2025-01-03 07:11:28.867134,2025-01-03 07:12:01.031450,0 days 00:00:32.164316,5,15,10.0,65.0,50.0,30.0,,,,,,4,3.0,2.0,3.0,2.0,,,,,,COMPLETE
851,851,0.8478718348398022,2025-01-03 07:12:01.032111,2025-01-03 07:12:33.768111,0 days 00:00:32.736000,5,20,5.0,55.0,65.0,25.0,,,,,,4,3.0,2.0,3.0,2.0,,,,,,COMPLETE
852,852,0.8323959751977619,2025-01-03 07:12:33.768911,2025-01-03 07:13:09.074448,0 days 00:00:35.305537,5,45,5.0,60.0,55.0,20.0,,,,,,4,3.0,2.0,3.0,2.0,,,,,,COMPLETE
853,853,0.8862479173984047,2025-01-03 07:13:09.075192,2025-01-03 07:13:40.108572,0 days 00:00:31.033380,5,15,5.0,55.0,55.0,30.0,,,,,,4,3.0,2.0,3.0,2.0,,,,,,COMPLETE
854,854,0.8443536665416354,2025-01-03 07:13:40.109216,2025-01-03 07:14:16.542352,0 days 00:00:36.433136,5,20,10.0,65.0,50.0,70.0,,,,,,4,3.0,2.0,3.0,2.0,,,,,,COMPLETE
855,855,0.8066500832995049,2025-01-03 07:14:16.543254,2025-01-03 07:14:51.790859,0 days 00:00:35.247605,5,15,10.0,75.0,65.0,20.0,,,,,,4,4.0,2.0,3.0,2.0,,,,,,COMPLETE
856,856,0.8662124013954458,2025-01-03 07:14:51.791528,2025-01-03 07:15:24.944859,0 days 00:00:33.153331,5,25,5.0,55.0,60.0,25.0,,,,,,4,3.0,2.0,3.0,2.0,,,,,,COMPLETE
857,857,0.881540179326679,2025-01-03 07:15:24.945523,2025-01-03 07:16:03.278429,0 days 00:00:38.332906,5,20,55.0,60.0,55.0,25.0,,,,,,4,3.0,2.0,3.0,2.0,,,,,,COMPLETE
858,858,0.8648555916737353,2025-01-03 07:16:03.279326,2025-01-03 07:17:15.774815,0 days 00:01:12.495489,9,20,10.0,60.0,50.0,20.0,90.0,20.0,30.0,20.0,,4,3.0,2.0,3.0,2.0,5.0,2.0,5.0,5.0,,COMPLETE
859,859,0.8940333914021326,2025-01-03 07:17:15.775796,2025-01-03 07:17:46.648701,0 days 00:00:30.872905,5,20,5.0,50.0,55.0,20.0,,,,,,4,3.0,2.0,3.0,2.0,,,,,,COMPLETE
860,860,0.8325512717651908,2025-01-03 07:17:46.649399,2025-01-03 07:18:18.228293,0 days 00:00:31.578894,5,25,5.0,50.0,55.0,20.0,,,,,,4,3.0,2.0,3.0,2.0,,,,,,COMPLETE
861,861,0.8845481793027639,2025-01-03 07:18:18.228985,2025-01-03 07:18:50.286102,0 days 00:00:32.057117,5,25,5.0,50.0,55.0,20.0,,,,,,4,3.0,2.0,3.0,2.0,,,,,,COMPLETE
862,862,0.8747587039773517,2025-01-03 07:18:50.287009,2025-01-03 07:19:21.273563,0 days 00:00:30.986554,5,20,5.0,50.0,55.0,25.0,,,,,,4,3.0,2.0,3.0,2.0,,,,,,COMPLETE
863,863,0.8814968297389372,2025-01-03 07:19:21.274251,2025-01-03 07:19:52.538501,0 days 00:00:31.264250,5,20,5.0,55.0,55.0,20.0,,,,,,4,3.0,2.0,3.0,2.0,,,,,,COMPLETE
864,864,0.8686114511242378,2025-01-03 07:19:52.539209,2025-01-03 07:20:25.526351,0 days 00:00:32.987142,5,25,5.0,50.0,60.0,25.0,,,,,,4,3.0,2.0,3.0,2.0,,,,,,COMPLETE
865,865,0.8177214642023144,2025-01-03 07:20:25.527235,2025-01-03 07:20:55.782930,0 days 00:00:30.255695,5,20,5.0,50.0,50.0,15.0,,,,,,4,3.0,2.0,3.0,2.0,,,,,,COMPLETE
866,866,0.891990520361639,2025-01-03 07:20:55.783601,2025-01-03 07:21:26.795945,0 days 00:00:31.012344,5,20,5.0,50.0,55.0,20.0,,,,,,4,3.0,2.0,3.0,2.0,,,,,,COMPLETE
867,867,0.894350721030398,2025-01-03 07:21:26.796630,2025-01-03 07:21:58.301057,0 days 00:00:31.504427,5,20,5.0,55.0,55.0,25.0,,,,,,4,3.0,2.0,3.0,2.0,,,,,,COMPLETE
868,868,0.7873665436722586,2025-01-03 07:21:58.301970,2025-01-03 07:22:29.318294,0 days 00:00:31.016324,5,25,5.0,55.0,50.0,15.0,,,,,,4,3.0,2.0,3.0,2.0,,,,,,COMPLETE
869,869,0.8882439452096909,2025-01-03 07:22:29.318954,2025-01-03 07:23:00.619649,0 days 00:00:31.300695,5,20,5.0,55.0,55.0,20.0,,,,,,4,3.0,2.0,3.0,2.0,,,,,,COMPLETE
870,870,0.861587316432141,2025-01-03 07:23:00.620445,2025-01-03 07:23:32.265442,0 days 00:00:31.644997,5,25,5.0,55.0,50.0,20.0,,,,,,4,3.0,2.0,3.0,2.0,,,,,,COMPLETE
871,871,0.8291054186620779,2025-01-03 07:23:32.266197,2025-01-03 07:24:04.043789,0 days 00:00:31.777592,5,20,5.0,55.0,55.0,25.0,,,,,,4,3.0,2.0,3.0,2.0,,,,,,COMPLETE
872,872,0.8879210649110418,2025-01-03 07:24:04.044468,2025-01-03 07:24:35.216605,0 days 00:00:31.172137,5,20,5.0,55.0,55.0,20.0,,,,,,4,3.0,2.0,3.0,2.0,,,,,,COMPLETE
873,873,0.897447743533866,2025-01-03 07:24:35.217405,2025-01-03 07:25:05.549687,0 days 00:00:30.332282,5,20,5.0,50.0,50.0,15.0,,,,,,4,3.0,2.0,3.0,2.0,,,,,,COMPLETE
874,874,0.8345881319516812,2025-01-03 07:25:05.550431,2025-01-03 07:25:35.217305,0 days 00:00:29.666874,5,20,5.0,50.0,50.0,15.0,,,,,,4,3.0,2.0,3.0,2.0,,,,,,COMPLETE
875,875,0.8704373649004611,2025-01-03 07:25:35.217965,2025-01-03 07:26:05.728625,0 days 00:00:30.510660,5,20,5.0,55.0,50.0,15.0,,,,,,4,3.0,2.0,3.0,2.0,,,,,,COMPLETE
876,876,0.8865367474152388,2025-01-03 07:26:05.729430,2025-01-03 07:26:37.755551,0 days 00:00:32.026121,5,25,5.0,50.0,50.0,15.0,,,,,,4,4.0,2.0,3.0,2.0,,,,,,COMPLETE
877,877,0.8356160564862947,2025-01-03 07:26:37.756322,2025-01-03 07:27:08.352051,0 days 00:00:30.595729,5,15,5.0,50.0,50.0,20.0,,,,,,4,3.0,2.0,3.0,2.0,,,,,,COMPLETE
878,878,0.8605528114945737,2025-01-03 07:27:08.352727,2025-01-03 07:27:38.330163,0 days 00:00:29.977436,5,20,5.0,55.0,50.0,15.0,,,,,,4,3.0,2.0,3.0,2.0,,,,,,COMPLETE
