,number,value,datetime_start,datetime_complete,duration,params_depth,params_neurons_layer_0,params_neurons_layer_1,params_neurons_layer_2,params_neurons_layer_3,params_neurons_layer_4,params_neurons_layer_5,params_neurons_layer_6,params_neurons_layer_7,params_neurons_layer_8,params_neurons_layer_9,params_orders_layer_0,params_orders_layer_1,params_orders_layer_2,params_orders_layer_3,params_orders_layer_4,params_orders_layer_5,params_orders_layer_6,params_orders_layer_7,params_orders_layer_8,params_orders_layer_9,state
731,731,0.8189277018956345,2025-01-03 14:43:28.861568,2025-01-03 14:44:07.021037,0 days 00:00:38.159469,7,65,75.0,80.0,85.0,35.0,25.0,95.0,,,,6,4.0,3.0,6.0,6.0,2.0,2.0,,,,COMPLETE
732,732,0.8066567766739615,2025-01-03 14:44:07.021997,2025-01-03 14:44:57.886621,0 days 00:00:50.864624,7,75,80.0,90.0,90.0,40.0,90.0,100.0,,,,4,4.0,3.0,4.0,6.0,2.0,2.0,,,,COMPLETE
733,733,0.7955885509574177,2025-01-03 14:44:57.887491,2025-01-03 14:45:33.181094,0 days 00:00:35.293603,7,80,75.0,85.0,90.0,35.0,55.0,90.0,,,,6,4.0,3.0,2.0,6.0,2.0,2.0,,,,COMPLETE
734,734,0.8145908788528347,2025-01-03 14:45:33.182233,2025-01-03 14:46:10.877490,0 days 00:00:37.695257,7,75,80.0,90.0,85.0,35.0,5.0,95.0,,,,5,4.0,3.0,4.0,6.0,2.0,2.0,,,,COMPLETE
735,735,0.7994595664352697,2025-01-03 14:46:10.878346,2025-01-03 14:46:46.468749,0 days 00:00:35.590403,8,60,75.0,85.0,90.0,40.0,90.0,90.0,90.0,,,6,4.0,3.0,2.0,6.0,2.0,2.0,6.0,,,COMPLETE
736,736,0.8002761180517834,2025-01-03 14:46:46.469909,2025-01-03 14:47:15.354829,0 days 00:00:28.884920,7,85,75.0,80.0,90.0,35.0,90.0,95.0,,,,6,4.0,3.0,2.0,3.0,2.0,2.0,,,,COMPLETE
737,737,0.8075966477426332,2025-01-03 14:47:15.355737,2025-01-03 14:47:44.658976,0 days 00:00:29.303239,7,90,80.0,80.0,85.0,35.0,90.0,100.0,,,,6,4.0,3.0,2.0,3.0,2.0,2.0,,,,COMPLETE
738,738,0.7895797167656464,2025-01-03 14:47:44.659799,2025-01-03 14:48:20.458084,0 days 00:00:35.798285,7,85,85.0,80.0,85.0,40.0,80.0,95.0,,,,6,4.0,3.0,4.0,4.0,2.0,2.0,,,,COMPLETE
739,739,0.8093757135680687,2025-01-03 14:48:20.459233,2025-01-03 14:48:48.117581,0 days 00:00:27.658348,7,80,75.0,85.0,90.0,30.0,60.0,90.0,,,,6,4.0,3.0,2.0,6.0,4.0,2.0,,,,COMPLETE
740,740,0.8193103592233155,2025-01-03 14:48:48.118444,2025-01-03 14:49:12.456530,0 days 00:00:24.338086,7,80,70.0,90.0,90.0,35.0,85.0,90.0,,,,6,4.0,3.0,2.0,3.0,2.0,2.0,,,,COMPLETE
741,741,0.8009516809275554,2025-01-03 14:49:12.457362,2025-01-03 14:49:42.578865,0 days 00:00:30.121503,7,75,75.0,75.0,90.0,40.0,90.0,100.0,,,,6,4.0,3.0,2.0,3.0,2.0,2.0,,,,COMPLETE
742,742,0.8000041389871899,2025-01-03 14:49:42.579903,2025-01-03 14:50:18.476141,0 days 00:00:35.896238,8,70,80.0,80.0,95.0,30.0,85.0,95.0,30.0,,,6,4.0,3.0,2.0,6.0,2.0,2.0,3.0,,,COMPLETE
743,743,0.7966850406926143,2025-01-03 14:50:18.477058,2025-01-03 14:50:51.951986,0 days 00:00:33.474928,7,45,75.0,100.0,85.0,30.0,90.0,90.0,,,,5,4.0,3.0,2.0,3.0,2.0,2.0,,,,COMPLETE
744,744,0.7899314695639854,2025-01-03 14:50:51.952804,2025-01-03 14:51:40.434855,0 days 00:00:48.482051,7,80,80.0,85.0,90.0,35.0,90.0,90.0,,,,4,4.0,3.0,2.0,3.0,2.0,5.0,,,,COMPLETE
745,745,0.8076211909251263,2025-01-03 14:51:40.435960,2025-01-03 14:52:15.163845,0 days 00:00:34.727885,7,85,70.0,85.0,95.0,40.0,85.0,95.0,,,,6,4.0,3.0,6.0,3.0,2.0,2.0,,,,COMPLETE
746,746,0.7937035448827902,2025-01-03 14:52:15.164722,2025-01-03 14:52:57.776298,0 days 00:00:42.611576,7,95,80.0,95.0,95.0,35.0,35.0,95.0,,,,6,4.0,3.0,2.0,6.0,2.0,6.0,,,,COMPLETE
747,747,0.7933750195498129,2025-01-03 14:52:57.777478,2025-01-03 14:53:34.391338,0 days 00:00:36.613860,7,75,75.0,85.0,85.0,40.0,90.0,100.0,,,,6,4.0,3.0,2.0,3.0,2.0,4.0,,,,COMPLETE
748,748,0.8004967991214627,2025-01-03 14:53:34.392204,2025-01-03 14:54:07.849561,0 days 00:00:33.457357,7,85,75.0,80.0,95.0,30.0,95.0,85.0,,,,4,6.0,3.0,2.0,3.0,2.0,2.0,,,,COMPLETE
749,749,0.7943527964691411,2025-01-03 14:54:07.850649,2025-01-03 14:54:36.607037,0 days 00:00:28.756388,7,90,70.0,80.0,90.0,35.0,95.0,90.0,,,,6,4.0,3.0,2.0,4.0,2.0,2.0,,,,COMPLETE
750,750,0.7880540528506867,2025-01-03 14:54:36.607955,2025-01-03 14:55:14.465865,0 days 00:00:37.857910,7,65,50.0,90.0,100.0,40.0,90.0,100.0,,,,6,4.0,3.0,4.0,6.0,2.0,2.0,,,,COMPLETE
751,751,0.7792658625162912,2025-01-03 14:55:14.466757,2025-01-03 14:55:43.935001,0 days 00:00:29.468244,7,80,80.0,85.0,95.0,30.0,20.0,85.0,,,,6,4.0,3.0,2.0,3.0,2.0,2.0,,,,COMPLETE
752,752,0.805365666848598,2025-01-03 14:55:43.936085,2025-01-03 14:56:11.508190,0 days 00:00:27.572105,7,75,75.0,75.0,40.0,35.0,85.0,95.0,,,,6,4.0,3.0,2.0,3.0,2.0,2.0,,,,COMPLETE
753,753,0.7785149443774293,2025-01-03 14:56:11.509104,2025-01-03 14:56:48.012968,0 days 00:00:36.503864,7,60,85.0,80.0,90.0,30.0,95.0,90.0,,,,6,4.0,3.0,2.0,6.0,2.0,5.0,,,,COMPLETE
754,754,0.8021716965137854,2025-01-03 14:56:48.013854,2025-01-03 14:57:20.140335,0 days 00:00:32.126481,7,85,75.0,70.0,85.0,35.0,95.0,85.0,,,,5,4.0,3.0,2.0,3.0,2.0,2.0,,,,COMPLETE
755,755,0.7995859890777974,2025-01-03 14:57:20.141395,2025-01-03 14:57:50.209791,0 days 00:00:30.068396,7,85,70.0,85.0,90.0,40.0,90.0,95.0,,,,6,4.0,3.0,2.0,3.0,2.0,4.0,,,,COMPLETE
756,756,0.7953283709741275,2025-01-03 14:57:50.211288,2025-01-03 14:58:23.742559,0 days 00:00:33.531271,8,80,55.0,80.0,100.0,70.0,95.0,85.0,60.0,,,6,4.0,3.0,2.0,6.0,2.0,2.0,5.0,,,COMPLETE
757,757,0.8065346977261928,2025-01-03 14:58:23.743500,2025-01-03 14:59:05.921479,0 days 00:00:42.177979,7,80,70.0,75.0,95.0,35.0,80.0,90.0,,,,2,4.0,3.0,3.0,3.0,2.0,2.0,,,,COMPLETE
758,758,0.8119298817532525,2025-01-03 14:59:05.922566,2025-01-03 14:59:49.561153,0 days 00:00:43.638587,7,55,90.0,85.0,40.0,40.0,90.0,100.0,,,,4,4.0,5.0,2.0,3.0,2.0,3.0,,,,COMPLETE
759,759,0.8074870569494226,2025-01-03 14:59:49.561989,2025-01-03 15:00:06.423895,0 days 00:00:16.861906,3,70,80.0,90.0,,,,,,,,6,4.0,3.0,,,,,,,,COMPLETE
760,760,0.7932935991875485,2025-01-03 15:00:06.424631,2025-01-03 15:00:36.901418,0 days 00:00:30.476787,7,70,75.0,80.0,80.0,90.0,70.0,80.0,,,,6,4.0,3.0,4.0,2.0,2.0,2.0,,,,COMPLETE
761,761,0.8017092305732021,2025-01-03 15:00:36.902579,2025-01-03 15:01:12.918327,0 days 00:00:36.015748,7,75,80.0,70.0,90.0,15.0,85.0,95.0,,,,6,4.0,3.0,2.0,3.0,2.0,6.0,,,,COMPLETE
762,762,0.8072987315865876,2025-01-03 15:01:12.919198,2025-01-03 15:01:54.953847,0 days 00:00:42.034649,7,90,75.0,30.0,100.0,30.0,95.0,90.0,,,,5,4.0,5.0,3.0,4.0,4.0,2.0,,,,COMPLETE
763,763,0.7938160357515196,2025-01-03 15:01:54.954979,2025-01-03 15:02:35.828297,0 days 00:00:40.873318,10,80,85.0,25.0,40.0,10.0,15.0,95.0,80.0,55.0,65.0,6,4.0,3.0,2.0,6.0,2.0,5.0,2.0,2.0,5.0,COMPLETE
764,764,0.793357510975377,2025-01-03 15:02:35.829239,2025-01-03 15:03:03.531379,0 days 00:00:27.702140,7,60,70.0,95.0,30.0,20.0,50.0,85.0,,,,6,4.0,5.0,2.0,3.0,2.0,2.0,,,,COMPLETE
765,765,0.7989029119972573,2025-01-03 15:03:03.532843,2025-01-03 15:03:39.562412,0 days 00:00:36.029569,8,50,55.0,85.0,90.0,45.0,20.0,100.0,15.0,,,6,4.0,3.0,3.0,2.0,2.0,2.0,4.0,,,COMPLETE
766,766,0.7982381200196131,2025-01-03 15:03:39.563587,2025-01-03 15:04:10.604061,0 days 00:00:31.040474,7,80,50.0,75.0,35.0,25.0,30.0,80.0,,,,6,4.0,3.0,2.0,2.0,4.0,2.0,,,,COMPLETE
767,767,0.8127860718427504,2025-01-03 15:04:10.605171,2025-01-03 15:04:45.504970,0 days 00:00:34.899799,7,85,75.0,20.0,95.0,35.0,95.0,90.0,,,,6,4.0,3.0,2.0,6.0,2.0,2.0,,,,COMPLETE
768,768,0.7937710797079793,2025-01-03 15:04:45.506904,2025-01-03 15:05:22.889630,0 days 00:00:37.382726,7,75,75.0,80.0,100.0,100.0,90.0,85.0,,,,6,4.0,5.0,3.0,3.0,2.0,4.0,,,,COMPLETE
769,769,0.7992838064730426,2025-01-03 15:05:22.890569,2025-01-03 15:06:02.986831,0 days 00:00:40.096262,7,75,80.0,85.0,35.0,30.0,80.0,95.0,,,,4,4.0,3.0,2.0,3.0,2.0,2.0,,,,COMPLETE
770,770,0.7960233861615771,2025-01-03 15:06:02.987662,2025-01-03 15:06:49.091541,0 days 00:00:46.103879,8,80,75.0,75.0,40.0,45.0,90.0,90.0,10.0,,,6,4.0,3.0,2.0,3.0,6.0,3.0,5.0,,,COMPLETE
771,771,0.7943122752866631,2025-01-03 15:06:49.092745,2025-01-03 15:07:10.390978,0 days 00:00:21.298233,4,65,70.0,90.0,40.0,,,,,,,6,4.0,3.0,5.0,,,,,,,COMPLETE
772,772,0.8073285801292637,2025-01-03 15:07:10.391777,2025-01-03 15:07:48.368031,0 days 00:00:37.976254,7,85,80.0,65.0,15.0,40.0,100.0,100.0,,,,6,4.0,3.0,3.0,5.0,5.0,2.0,,,,COMPLETE
773,773,0.7884196745269376,2025-01-03 15:07:48.369136,2025-01-03 15:08:27.638939,0 days 00:00:39.269803,7,95,55.0,25.0,85.0,70.0,95.0,80.0,,,,6,4.0,5.0,2.0,6.0,2.0,2.0,,,,COMPLETE
774,774,0.7840062897628687,2025-01-03 15:08:27.639875,2025-01-03 15:09:09.426844,0 days 00:00:41.786969,7,55,75.0,40.0,35.0,35.0,85.0,90.0,,,,6,4.0,3.0,3.0,3.0,2.0,5.0,,,,COMPLETE
775,775,0.8187899745998715,2025-01-03 15:09:09.428368,2025-01-03 15:09:46.246975,0 days 00:00:36.818607,7,90,85.0,35.0,95.0,15.0,90.0,80.0,,,,6,4.0,3.0,2.0,5.0,2.0,6.0,,,,COMPLETE
776,776,0.7853135453275183,2025-01-03 15:09:46.248982,2025-01-03 15:10:25.116046,0 days 00:00:38.867064,7,65,70.0,80.0,100.0,30.0,95.0,95.0,,,,4,4.0,3.0,3.0,2.0,2.0,2.0,,,,COMPLETE
777,777,0.8063533858154885,2025-01-03 15:10:25.116880,2025-01-03 15:10:57.290047,0 days 00:00:32.173167,7,60,80.0,85.0,95.0,35.0,25.0,85.0,,,,6,4.0,5.0,2.0,3.0,2.0,2.0,,,,COMPLETE
778,778,0.7881475729097781,2025-01-03 15:10:57.291148,2025-01-03 15:11:25.030322,0 days 00:00:27.739174,7,70,70.0,80.0,90.0,25.0,10.0,100.0,,,,6,4.0,3.0,3.0,2.0,2.0,3.0,,,,COMPLETE
779,779,0.8053311225923077,2025-01-03 15:11:25.031228,2025-01-03 15:11:55.079868,0 days 00:00:30.048640,7,85,75.0,75.0,35.0,40.0,100.0,45.0,,,,5,4.0,3.0,2.0,5.0,2.0,2.0,,,,COMPLETE
780,780,0.7915322339726355,2025-01-03 15:11:55.080717,2025-01-03 15:12:29.730967,0 days 00:00:34.650250,7,80,55.0,80.0,40.0,65.0,90.0,95.0,,,,6,4.0,4.0,2.0,3.0,2.0,4.0,,,,COMPLETE
781,781,0.8119204198908783,2025-01-03 15:12:29.732075,2025-01-03 15:13:01.958040,0 days 00:00:32.225965,7,75,80.0,70.0,40.0,65.0,100.0,85.0,,,,6,6.0,3.0,2.0,6.0,3.0,2.0,,,,COMPLETE
782,782,0.8020259328900462,2025-01-03 15:13:01.958997,2025-01-03 15:13:35.408234,0 days 00:00:33.449237,7,85,50.0,85.0,100.0,5.0,95.0,90.0,,,,6,4.0,5.0,2.0,5.0,2.0,2.0,,,,COMPLETE
783,783,0.7903996518196353,2025-01-03 15:13:35.409099,2025-01-03 15:14:10.015056,0 days 00:00:34.605957,7,90,70.0,85.0,20.0,15.0,90.0,90.0,,,,6,4.0,4.0,3.0,3.0,2.0,5.0,,,,COMPLETE
784,784,0.8077230892356944,2025-01-03 15:14:10.016222,2025-01-03 15:14:43.462397,0 days 00:00:33.446175,7,70,75.0,90.0,85.0,35.0,65.0,95.0,,,,6,4.0,3.0,2.0,4.0,5.0,2.0,,,,COMPLETE
785,785,0.800980874484964,2025-01-03 15:14:43.463265,2025-01-03 15:15:15.879357,0 days 00:00:32.416092,8,80,85.0,65.0,90.0,95.0,95.0,50.0,40.0,,,6,4.0,4.0,3.0,3.0,3.0,2.0,2.0,,,COMPLETE
786,786,0.8192632915986209,2025-01-03 15:15:15.880480,2025-01-03 15:15:48.413564,0 days 00:00:32.533084,7,75,90.0,80.0,30.0,20.0,85.0,75.0,,,,5,4.0,3.0,2.0,5.0,2.0,2.0,,,,COMPLETE
787,787,0.7997053349875931,2025-01-03 15:15:48.414473,2025-01-03 15:16:21.658368,0 days 00:00:33.243895,7,85,65.0,70.0,25.0,70.0,100.0,100.0,,,,6,4.0,4.0,2.0,6.0,2.0,2.0,,,,COMPLETE
788,788,0.8171232077284276,2025-01-03 15:16:21.659237,2025-01-03 15:17:08.937917,0 days 00:00:47.278680,7,80,55.0,80.0,35.0,40.0,90.0,80.0,,,,4,4.0,5.0,3.0,2.0,4.0,3.0,,,,COMPLETE
789,789,0.8087198138168432,2025-01-03 15:17:08.939129,2025-01-03 15:17:36.942993,0 days 00:00:28.003864,7,80,65.0,95.0,15.0,45.0,100.0,85.0,,,,6,4.0,3.0,2.0,3.0,2.0,4.0,,,,COMPLETE
790,790,0.7869006973265129,2025-01-03 15:17:36.943849,2025-01-03 15:18:37.686679,0 days 00:01:00.742830,9,90,80.0,85.0,95.0,35.0,85.0,95.0,85.0,20.0,,6,4.0,3.0,3.0,5.0,2.0,6.0,6.0,4.0,,COMPLETE
791,791,0.7965568722026286,2025-01-03 15:18:37.687956,2025-01-03 15:19:02.451005,0 days 00:00:24.763049,7,75,75.0,85.0,30.0,15.0,95.0,100.0,,,,6,4.0,4.0,2.0,4.0,2.0,2.0,,,,COMPLETE
792,792,0.8169167321403015,2025-01-03 15:19:02.452497,2025-01-03 15:19:33.914775,0 days 00:00:31.462278,7,85,80.0,90.0,40.0,10.0,95.0,85.0,,,,6,4.0,3.0,2.0,3.0,3.0,2.0,,,,COMPLETE
793,793,0.7884354389930598,2025-01-03 15:19:33.915626,2025-01-03 15:20:19.943306,0 days 00:00:46.027680,8,85,75.0,80.0,45.0,30.0,90.0,75.0,100.0,,,6,5.0,5.0,3.0,6.0,2.0,2.0,4.0,,,COMPLETE
794,794,0.7995240679040303,2025-01-03 15:20:19.944529,2025-01-03 15:21:03.755769,0 days 00:00:43.811240,7,80,70.0,70.0,100.0,65.0,45.0,95.0,,,,4,4.0,3.0,2.0,3.0,3.0,2.0,,,,COMPLETE
795,795,0.789888971490393,2025-01-03 15:21:03.756618,2025-01-03 15:21:34.827181,0 days 00:00:31.070563,7,95,75.0,20.0,45.0,60.0,95.0,35.0,,,,5,4.0,4.0,4.0,2.0,2.0,2.0,,,,COMPLETE
796,796,0.7207491347549402,2025-01-03 15:21:34.828334,2025-01-03 15:21:54.721490,0 days 00:00:19.893156,6,5,60.0,80.0,90.0,70.0,75.0,,,,,6,4.0,3.0,2.0,3.0,2.0,,,,,COMPLETE
797,797,0.8078820722594071,2025-01-03 15:21:54.722917,2025-01-03 15:22:18.952735,0 days 00:00:24.229818,4,65,60.0,85.0,20.0,,,,,,,6,4.0,4.0,3.0,,,,,,,COMPLETE
798,798,0.8146169583996363,2025-01-03 15:22:18.953964,2025-01-03 15:22:56.790067,0 days 00:00:37.836103,7,85,55.0,75.0,35.0,85.0,55.0,90.0,,,,6,5.0,4.0,2.0,5.0,2.0,4.0,,,,COMPLETE
799,799,0.7960554546954943,2025-01-03 15:22:56.791207,2025-01-03 15:23:44.205720,0 days 00:00:47.414513,7,70,85.0,5.0,80.0,60.0,40.0,80.0,,,,6,4.0,5.0,4.0,6.0,2.0,5.0,,,,COMPLETE
800,800,0.7911517865365483,2025-01-03 15:23:44.206721,2025-01-03 15:24:30.130580,0 days 00:00:45.923859,7,80,75.0,65.0,95.0,35.0,100.0,85.0,,,,6,4.0,3.0,5.0,3.0,3.0,6.0,,,,COMPLETE
801,801,0.7997177251971772,2025-01-03 15:24:30.132624,2025-01-03 15:24:53.571189,0 days 00:00:23.438565,6,75,80.0,75.0,50.0,25.0,90.0,,,,,6,4.0,3.0,2.0,2.0,2.0,,,,,COMPLETE
802,802,0.7932168202768342,2025-01-03 15:24:53.572057,2025-01-03 15:25:24.731490,0 days 00:00:31.159433,7,90,70.0,75.0,40.0,65.0,95.0,95.0,,,,6,4.0,4.0,3.0,6.0,2.0,2.0,,,,COMPLETE
803,803,0.7925991237478867,2025-01-03 15:25:24.732372,2025-01-03 15:25:52.812377,0 days 00:00:28.080005,7,55,70.0,30.0,45.0,25.0,100.0,90.0,,,,6,5.0,3.0,2.0,5.0,2.0,2.0,,,,COMPLETE
804,804,0.7962941771663976,2025-01-03 15:25:52.813467,2025-01-03 15:26:30.487595,0 days 00:00:37.674128,8,85,80.0,90.0,85.0,30.0,85.0,55.0,60.0,,,6,4.0,5.0,2.0,4.0,3.0,2.0,3.0,,,COMPLETE
805,805,0.8009573414517845,2025-01-03 15:26:30.488556,2025-01-03 15:26:59.647503,0 days 00:00:29.158947,6,80,75.0,85.0,40.0,45.0,20.0,,,,,6,4.0,3.0,3.0,2.0,2.0,,,,,COMPLETE
806,806,0.8224979024331776,2025-01-03 15:26:59.648335,2025-01-03 15:27:30.971124,0 days 00:00:31.322789,7,40,55.0,80.0,15.0,55.0,95.0,100.0,,,,5,4.0,3.0,2.0,3.0,2.0,2.0,,,,COMPLETE
807,807,0.8022038392866576,2025-01-03 15:27:30.972180,2025-01-03 15:28:05.722128,0 days 00:00:34.749948,7,40,50.0,80.0,15.0,55.0,100.0,100.0,,,,5,4.0,4.0,3.0,3.0,2.0,2.0,,,,COMPLETE
808,808,0.7801904813030389,2025-01-03 15:28:05.723053,2025-01-03 15:28:39.932166,0 days 00:00:34.209113,7,50,55.0,80.0,100.0,55.0,100.0,100.0,,,,5,5.0,4.0,2.0,3.0,2.0,2.0,,,,COMPLETE
809,809,0.8053948884800282,2025-01-03 15:28:39.933007,2025-01-03 15:29:18.114310,0 days 00:00:38.181303,7,25,55.0,80.0,50.0,55.0,95.0,100.0,,,,5,4.0,4.0,2.0,3.0,3.0,2.0,,,,COMPLETE
810,810,0.7917689442510838,2025-01-03 15:29:18.115497,2025-01-03 15:29:45.841786,0 days 00:00:27.726289,7,60,50.0,80.0,90.0,55.0,95.0,100.0,,,,5,4.0,3.0,2.0,3.0,2.0,2.0,,,,COMPLETE
811,811,0.7771129441624365,2025-01-03 15:29:45.842638,2025-01-03 15:30:39.556359,0 days 00:00:53.713721,7,15,55.0,80.0,45.0,55.0,95.0,95.0,,,,5,4.0,4.0,3.0,3.0,4.0,2.0,,,,COMPLETE
812,812,0.8047021779706098,2025-01-03 15:30:39.557527,2025-01-03 15:31:11.241165,0 days 00:00:31.683638,7,50,55.0,75.0,35.0,60.0,100.0,100.0,,,,5,4.0,3.0,2.0,3.0,2.0,2.0,,,,COMPLETE
813,813,0.8007380073800738,2025-01-03 15:31:11.241991,2025-01-03 15:31:46.721489,0 days 00:00:35.479498,7,35,60.0,85.0,25.0,55.0,95.0,95.0,,,,5,5.0,3.0,3.0,3.0,2.0,2.0,,,,COMPLETE
814,814,0.7979510358718589,2025-01-03 15:31:46.722881,2025-01-03 15:32:17.000689,0 days 00:00:30.277808,7,60,55.0,80.0,30.0,55.0,100.0,95.0,,,,5,4.0,3.0,2.0,3.0,2.0,2.0,,,,COMPLETE
815,815,0.8083654995014119,2025-01-03 15:32:17.002541,2025-01-03 15:32:50.740540,0 days 00:00:33.737999,7,65,55.0,85.0,40.0,60.0,95.0,100.0,,,,5,4.0,4.0,3.0,3.0,2.0,2.0,,,,COMPLETE
816,816,0.7818359351235598,2025-01-03 15:32:50.741397,2025-01-03 15:33:31.481624,0 days 00:00:40.740227,7,35,50.0,80.0,95.0,55.0,25.0,95.0,,,,5,4.0,3.0,2.0,3.0,3.0,2.0,,,,COMPLETE
817,817,0.805130891927958,2025-01-03 15:33:31.483286,2025-01-03 15:34:07.247739,0 days 00:00:35.764453,8,45,60.0,35.0,50.0,60.0,100.0,100.0,75.0,,,5,4.0,4.0,2.0,3.0,2.0,2.0,6.0,,,COMPLETE
818,818,0.7832949454630964,2025-01-03 15:34:07.248684,2025-01-03 15:34:35.907314,0 days 00:00:28.658630,7,70,50.0,75.0,90.0,20.0,100.0,90.0,,,,5,4.0,3.0,2.0,3.0,2.0,2.0,,,,COMPLETE
819,819,0.799740796439619,2025-01-03 15:34:35.908153,2025-01-03 15:35:12.836953,0 days 00:00:36.928800,7,25,55.0,85.0,20.0,60.0,95.0,95.0,,,,5,4.0,4.0,3.0,3.0,2.0,2.0,,,,COMPLETE
820,820,0.7960758270949047,2025-01-03 15:35:12.838130,2025-01-03 15:35:47.511928,0 days 00:00:34.673798,7,55,60.0,80.0,100.0,55.0,45.0,100.0,,,,5,5.0,3.0,2.0,3.0,3.0,2.0,,,,COMPLETE
821,821,0.7893518658957575,2025-01-03 15:35:47.512804,2025-01-03 15:36:20.234374,0 days 00:00:32.721570,7,80,60.0,85.0,35.0,65.0,95.0,85.0,,,,5,4.0,3.0,2.0,3.0,2.0,3.0,,,,COMPLETE
822,822,0.7982760733690102,2025-01-03 15:36:20.235218,2025-01-03 15:37:13.588166,0 days 00:00:53.352948,8,40,55.0,90.0,45.0,60.0,30.0,90.0,20.0,,,5,4.0,4.0,3.0,3.0,3.0,2.0,4.0,,,COMPLETE
823,823,0.7987718167144496,2025-01-03 15:37:13.589401,2025-01-03 15:37:42.189294,0 days 00:00:28.599893,5,80,55.0,80.0,85.0,65.0,,,,,,4,5.0,3.0,2.0,3.0,,,,,,COMPLETE
824,824,0.7967997436132221,2025-01-03 15:37:42.190102,2025-01-03 15:38:14.330471,0 days 00:00:32.140369,7,30,65.0,80.0,15.0,55.0,90.0,75.0,,,,5,4.0,4.0,2.0,2.0,2.0,2.0,,,,COMPLETE
825,825,0.7736926435811194,2025-01-03 15:38:14.331563,2025-01-03 15:39:07.932447,0 days 00:00:53.600884,7,30,60.0,85.0,45.0,15.0,15.0,80.0,,,,5,4.0,3.0,3.0,6.0,2.0,5.0,,,,COMPLETE
826,826,0.8076516227578676,2025-01-03 15:39:07.933435,2025-01-03 15:39:44.748410,0 days 00:00:36.814975,7,45,65.0,75.0,40.0,55.0,95.0,95.0,,,,4,5.0,3.0,2.0,3.0,5.0,2.0,,,,COMPLETE
827,827,0.7877008592175053,2025-01-03 15:39:44.750390,2025-01-03 15:40:27.489624,0 days 00:00:42.739234,7,75,55.0,90.0,30.0,75.0,100.0,90.0,,,,4,4.0,4.0,3.0,3.0,2.0,2.0,,,,COMPLETE
828,828,0.7903564260081504,2025-01-03 15:40:27.490530,2025-01-03 15:41:04.847044,0 days 00:00:37.356514,7,75,60.0,85.0,95.0,70.0,100.0,80.0,,,,6,4.0,3.0,2.0,6.0,3.0,3.0,,,,COMPLETE
829,829,0.7785426512986244,2025-01-03 15:41:04.848232,2025-01-03 15:41:30.235650,0 days 00:00:25.387418,5,80,50.0,80.0,50.0,45.0,,,,,,6,4.0,4.0,2.0,3.0,,,,,,COMPLETE
830,830,0.7925454344004815,2025-01-03 15:41:30.236536,2025-01-03 15:42:10.024014,0 days 00:00:39.787478,7,40,95.0,75.0,45.0,60.0,90.0,100.0,,,,5,6.0,3.0,3.0,3.0,2.0,2.0,,,,COMPLETE
831,831,0.7925,2025-01-03 15:42:10.025475,2025-01-03 15:42:43.395496,0 days 00:00:33.370021,7,70,85.0,85.0,100.0,20.0,35.0,90.0,,,,6,4.0,3.0,2.0,2.0,2.0,6.0,,,,COMPLETE
832,832,0.8152168680147579,2025-01-03 15:42:43.396620,2025-01-03 15:43:34.953015,0 days 00:00:51.556395,7,60,90.0,20.0,80.0,10.0,100.0,95.0,,,,4,4.0,4.0,5.0,3.0,2.0,2.0,,,,COMPLETE
833,833,0.7738742321799461,2025-01-03 15:43:34.953931,2025-01-03 15:44:02.726419,0 days 00:00:27.772488,5,80,65.0,80.0,35.0,15.0,,,,,,6,5.0,3.0,4.0,6.0,,,,,,COMPLETE
834,834,0.7960331958870505,2025-01-03 15:44:02.727523,2025-01-03 15:44:35.521067,0 days 00:00:32.793544,7,45,65.0,25.0,90.0,60.0,95.0,75.0,,,,6,4.0,4.0,2.0,2.0,2.0,4.0,,,,COMPLETE
835,835,0.8028028532587943,2025-01-03 15:44:35.522011,2025-01-03 15:45:03.046364,0 days 00:00:27.524353,8,50,55.0,75.0,50.0,65.0,90.0,90.0,5.0,,,6,4.0,3.0,3.0,3.0,3.0,2.0,2.0,,,COMPLETE
836,836,0.8443344678816579,2025-01-03 15:45:03.047247,2025-01-03 15:45:41.066354,0 days 00:00:38.019107,7,20,85.0,70.0,40.0,55.0,95.0,100.0,,,,5,4.0,2.0,2.0,3.0,2.0,2.0,,,,COMPLETE
837,837,0.7597676833871778,2025-01-03 15:45:41.067425,2025-01-03 15:46:24.358181,0 days 00:00:43.290756,7,10,85.0,70.0,35.0,55.0,95.0,100.0,,,,4,4.0,2.0,3.0,3.0,2.0,2.0,,,,COMPLETE
838,838,0.7913071675561334,2025-01-03 15:46:24.359097,2025-01-03 15:46:51.541166,0 days 00:00:27.182069,5,55,85.0,75.0,40.0,55.0,,,,,,5,4.0,2.0,2.0,3.0,,,,,,COMPLETE
839,839,0.729789051528182,2025-01-03 15:46:51.542431,2025-01-03 15:47:42.548689,0 days 00:00:51.006258,7,5,85.0,70.0,40.0,55.0,95.0,25.0,,,,5,5.0,2.0,2.0,3.0,4.0,2.0,,,,COMPLETE
840,840,0.8090140208050656,2025-01-03 15:47:42.549854,2025-01-03 15:48:22.868465,0 days 00:00:40.318611,7,30,85.0,70.0,40.0,55.0,60.0,100.0,,,,5,4.0,2.0,3.0,3.0,2.0,5.0,,,,COMPLETE
841,841,0.7885744400527009,2025-01-03 15:48:22.869340,2025-01-03 15:48:56.841758,0 days 00:00:33.972418,5,15,85.0,70.0,40.0,55.0,,,,,,5,4.0,2.0,2.0,3.0,,,,,,COMPLETE
842,842,0.7833060333060333,2025-01-03 15:48:56.842850,2025-01-03 15:49:27.862691,0 days 00:00:31.019841,7,35,85.0,70.0,35.0,60.0,95.0,100.0,,,,5,4.0,2.0,2.0,3.0,4.0,2.0,,,,COMPLETE
843,843,0.8075653669343505,2025-01-03 15:49:27.864015,2025-01-03 15:50:00.247709,0 days 00:00:32.383694,7,65,90.0,70.0,40.0,55.0,100.0,100.0,,,,5,5.0,2.0,3.0,3.0,2.0,2.0,,,,COMPLETE
844,844,0.810227117828068,2025-01-03 15:50:00.248583,2025-01-03 15:50:43.069146,0 days 00:00:42.820563,7,15,85.0,70.0,45.0,60.0,95.0,80.0,,,,5,4.0,2.0,2.0,3.0,2.0,2.0,,,,COMPLETE
845,845,0.8137615787962584,2025-01-03 15:50:43.070303,2025-01-03 15:51:15.791030,0 days 00:00:32.720727,8,60,80.0,75.0,45.0,20.0,100.0,70.0,90.0,,,5,4.0,2.0,2.0,3.0,2.0,2.0,6.0,,,COMPLETE
846,846,0.7983744396281891,2025-01-03 15:51:15.791897,2025-01-03 15:52:06.683859,0 days 00:00:50.891962,7,20,90.0,70.0,40.0,60.0,95.0,15.0,,,,5,4.0,2.0,3.0,3.0,3.0,4.0,,,,COMPLETE
847,847,0.8099600359823628,2025-01-03 15:52:06.685031,2025-01-03 15:52:45.407694,0 days 00:00:38.722663,7,65,55.0,75.0,40.0,55.0,20.0,100.0,,,,5,4.0,2.0,2.0,3.0,2.0,6.0,,,,COMPLETE
848,848,0.806341011090093,2025-01-03 15:52:45.408569,2025-01-03 15:53:19.819218,0 days 00:00:34.410649,7,70,60.0,65.0,35.0,55.0,100.0,85.0,,,,5,5.0,2.0,4.0,3.0,2.0,2.0,,,,COMPLETE
849,849,0.7856889441795103,2025-01-03 15:53:19.820329,2025-01-03 15:53:41.888204,0 days 00:00:22.067875,5,60,85.0,75.0,15.0,50.0,,,,,,5,4.0,2.0,2.0,3.0,,,,,,COMPLETE
