,number,value,datetime_start,datetime_complete,duration,params_depth,params_neurons_layer_0,params_neurons_layer_1,params_neurons_layer_2,params_neurons_layer_3,params_neurons_layer_4,params_neurons_layer_5,params_neurons_layer_6,params_neurons_layer_7,params_neurons_layer_8,params_neurons_layer_9,params_orders_layer_0,params_orders_layer_1,params_orders_layer_2,params_orders_layer_3,params_orders_layer_4,params_orders_layer_5,params_orders_layer_6,params_orders_layer_7,params_orders_layer_8,params_orders_layer_9,state
935,935,0.7375661375661375,2025-01-04 01:59:30.940270,2025-01-04 02:00:27.702920,0 days 00:00:56.762650,10,80,25.0,50.0,40.0,65.0,40.0,95.0,80.0,55.0,70.0,6,3.0,5.0,4.0,3.0,3.0,5.0,6.0,2.0,4.0,COMPLETE
936,936,0.6424242424242423,2025-01-04 02:00:27.704251,2025-01-04 02:00:56.523472,0 days 00:00:28.819221,10,80,15.0,55.0,40.0,60.0,45.0,100.0,50.0,80.0,20.0,6,4.0,6.0,4.0,4.0,3.0,5.0,6.0,3.0,3.0,COMPLETE
937,937,0.7417582417582418,2025-01-04 02:00:56.524463,2025-01-04 02:01:54.703133,0 days 00:00:58.178670,10,75,20.0,55.0,45.0,70.0,40.0,95.0,5.0,60.0,30.0,6,6.0,6.0,6.0,3.0,3.0,5.0,5.0,3.0,5.0,COMPLETE
938,938,0.7739583333333333,2025-01-04 02:01:54.704498,2025-01-04 02:02:39.621935,0 days 00:00:44.917437,10,80,30.0,45.0,40.0,60.0,35.0,95.0,25.0,65.0,80.0,6,3.0,6.0,4.0,3.0,3.0,5.0,5.0,4.0,2.0,COMPLETE
939,939,0.0,2025-01-04 02:02:39.622906,2025-01-04 02:03:03.493492,0 days 00:00:23.870586,10,80,25.0,55.0,75.0,65.0,40.0,100.0,20.0,50.0,10.0,6,4.0,5.0,4.0,2.0,3.0,5.0,6.0,2.0,3.0,COMPLETE
940,940,0.8064516129032258,2025-01-04 02:03:03.494788,2025-01-04 02:03:31.743701,0 days 00:00:28.248913,10,15,15.0,50.0,40.0,95.0,45.0,95.0,10.0,45.0,75.0,6,4.0,6.0,6.0,3.0,3.0,5.0,5.0,4.0,5.0,COMPLETE
941,941,0.746684350132626,2025-01-04 02:03:31.744716,2025-01-04 02:03:40.263557,0 days 00:00:08.518841,1,85,,,,,,,,,,6,,,,,,,,,,COMPLETE
942,942,0.7889499869075673,2025-01-04 02:03:40.264119,2025-01-04 02:04:00.223613,0 days 00:00:19.959494,9,85,20.0,50.0,50.0,65.0,35.0,55.0,25.0,90.0,,6,3.0,5.0,4.0,4.0,3.0,5.0,4.0,6.0,,COMPLETE
943,943,0.7965517241379311,2025-01-04 02:04:00.224548,2025-01-04 02:04:21.299891,0 days 00:00:21.075343,4,60,25.0,55.0,45.0,,,,,,,6,2.0,6.0,4.0,,,,,,,COMPLETE
944,944,0.8225344782721832,2025-01-04 02:04:21.300888,2025-01-04 02:04:58.708903,0 days 00:00:37.408015,10,80,15.0,50.0,55.0,30.0,45.0,100.0,20.0,85.0,65.0,6,2.0,2.0,4.0,3.0,3.0,5.0,4.0,3.0,2.0,COMPLETE
945,945,0.8411764705882353,2025-01-04 02:04:58.709907,2025-01-04 02:05:11.182099,0 days 00:00:12.472192,2,75,30.0,,,,,,,,,6,4.0,,,,,,,,,COMPLETE
946,946,0.8126984126984127,2025-01-04 02:05:11.182753,2025-01-04 02:06:08.765053,0 days 00:00:57.582300,10,85,35.0,80.0,40.0,70.0,55.0,95.0,30.0,75.0,40.0,6,2.0,6.0,6.0,2.0,3.0,5.0,6.0,6.0,4.0,COMPLETE
947,947,0.7960805084745763,2025-01-04 02:06:08.766372,2025-01-04 02:06:29.549463,0 days 00:00:20.783091,9,85,20.0,45.0,45.0,25.0,35.0,100.0,80.0,55.0,,6,3.0,6.0,4.0,6.0,3.0,5.0,5.0,3.0,,COMPLETE
948,948,0.7394957983193278,2025-01-04 02:06:29.550441,2025-01-04 02:07:13.110743,0 days 00:00:43.560302,10,80,20.0,75.0,45.0,60.0,20.0,95.0,55.0,70.0,95.0,6,2.0,5.0,4.0,2.0,3.0,2.0,4.0,6.0,3.0,COMPLETE
949,949,0.8385416666666667,2025-01-04 02:07:13.111942,2025-01-04 02:08:03.157396,0 days 00:00:50.045454,10,85,25.0,55.0,40.0,30.0,45.0,100.0,60.0,65.0,60.0,6,4.0,6.0,6.0,4.0,6.0,5.0,3.0,4.0,4.0,COMPLETE
950,950,0.7580015612802498,2025-01-04 02:08:03.158425,2025-01-04 02:08:58.311936,0 days 00:00:55.153511,10,75,15.0,50.0,40.0,90.0,35.0,90.0,15.0,30.0,50.0,6,6.0,6.0,4.0,6.0,6.0,5.0,4.0,6.0,2.0,COMPLETE
951,951,0.7833333333333334,2025-01-04 02:08:58.313098,2025-01-04 02:09:43.989879,0 days 00:00:45.676781,10,85,40.0,80.0,60.0,65.0,40.0,95.0,90.0,35.0,35.0,6,2.0,6.0,4.0,6.0,2.0,5.0,3.0,6.0,3.0,COMPLETE
952,952,0.8870673952641166,2025-01-04 02:09:43.990908,2025-01-04 02:10:25.591979,0 days 00:00:41.601071,9,80,25.0,85.0,50.0,60.0,40.0,100.0,85.0,55.0,,6,3.0,6.0,4.0,6.0,3.0,2.0,3.0,2.0,,COMPLETE
953,953,0.8225344782721832,2025-01-04 02:10:25.593237,2025-01-04 02:10:50.859454,0 days 00:00:25.266217,9,50,25.0,85.0,50.0,60.0,40.0,100.0,85.0,55.0,,6,3.0,6.0,4.0,6.0,3.0,2.0,3.0,2.0,,COMPLETE
954,954,0.8387096774193549,2025-01-04 02:10:50.860388,2025-01-04 02:11:29.649350,0 days 00:00:38.788962,9,50,25.0,85.0,50.0,60.0,40.0,100.0,85.0,60.0,,6,3.0,6.0,4.0,6.0,3.0,2.0,3.0,2.0,,COMPLETE
955,955,0.8056426332288402,2025-01-04 02:11:29.650539,2025-01-04 02:11:49.444740,0 days 00:00:19.794201,9,50,25.0,85.0,55.0,55.0,40.0,100.0,85.0,55.0,,6,3.0,6.0,4.0,6.0,3.0,2.0,3.0,2.0,,COMPLETE
956,956,0.8046218487394958,2025-01-04 02:11:49.445674,2025-01-04 02:12:31.264281,0 days 00:00:41.818607,9,80,25.0,85.0,55.0,55.0,40.0,100.0,80.0,45.0,,6,3.0,6.0,4.0,6.0,3.0,2.0,3.0,2.0,,COMPLETE
957,957,0.8387096774193549,2025-01-04 02:12:31.265233,2025-01-04 02:12:54.975598,0 days 00:00:23.710365,9,75,30.0,85.0,50.0,60.0,25.0,100.0,85.0,50.0,,6,3.0,6.0,4.0,6.0,3.0,2.0,3.0,2.0,,COMPLETE
958,958,0.7574967405475881,2025-01-04 02:12:54.976799,2025-01-04 02:13:12.643081,0 days 00:00:17.666282,9,80,30.0,80.0,50.0,60.0,45.0,100.0,80.0,55.0,,6,3.0,6.0,4.0,6.0,3.0,2.0,3.0,2.0,,COMPLETE
959,959,0.8119363395225465,2025-01-04 02:13:12.644027,2025-01-04 02:13:48.820295,0 days 00:00:36.176268,9,80,25.0,80.0,50.0,60.0,40.0,100.0,90.0,60.0,,6,3.0,6.0,4.0,6.0,3.0,2.0,3.0,2.0,,COMPLETE
960,960,0.7840909090909092,2025-01-04 02:13:48.821241,2025-01-04 02:14:16.332837,0 days 00:00:27.511596,9,55,20.0,85.0,55.0,55.0,40.0,50.0,85.0,70.0,,6,3.0,6.0,4.0,6.0,3.0,2.0,3.0,2.0,,COMPLETE
961,961,0.8064516129032258,2025-01-04 02:14:16.333783,2025-01-04 02:14:54.440883,0 days 00:00:38.107100,9,80,25.0,85.0,50.0,95.0,45.0,100.0,90.0,50.0,,6,3.0,6.0,4.0,3.0,3.0,3.0,3.0,3.0,,COMPLETE
962,962,0.8098360655737705,2025-01-04 02:14:54.442218,2025-01-04 02:15:34.391470,0 days 00:00:39.949252,9,80,20.0,80.0,50.0,20.0,35.0,95.0,80.0,45.0,,6,3.0,5.0,4.0,6.0,3.0,2.0,3.0,4.0,,COMPLETE
963,963,0.8214192196910186,2025-01-04 02:15:34.392417,2025-01-04 02:15:53.145168,0 days 00:00:18.752751,9,50,25.0,90.0,55.0,60.0,30.0,100.0,85.0,65.0,,6,3.0,6.0,4.0,4.0,3.0,2.0,3.0,2.0,,COMPLETE
964,964,0.6934686442883164,2025-01-04 02:15:53.146279,2025-01-04 02:16:33.041833,0 days 00:00:39.895554,9,80,30.0,85.0,50.0,100.0,35.0,95.0,95.0,60.0,,6,3.0,5.0,4.0,6.0,3.0,2.0,3.0,4.0,,COMPLETE
965,965,0.6810119979134064,2025-01-04 02:16:33.042835,2025-01-04 02:17:15.637839,0 days 00:00:42.595004,10,85,20.0,80.0,60.0,95.0,40.0,100.0,80.0,75.0,20.0,6,3.0,6.0,4.0,6.0,3.0,2.0,3.0,3.0,4.0,COMPLETE
966,966,0.8221642764015646,2025-01-04 02:17:15.639077,2025-01-04 02:18:02.705189,0 days 00:00:47.066112,9,75,25.0,75.0,45.0,55.0,40.0,95.0,25.0,55.0,,6,3.0,6.0,4.0,6.0,3.0,2.0,3.0,6.0,,COMPLETE
967,967,0.80625,2025-01-04 02:18:02.706214,2025-01-04 02:18:54.902051,0 days 00:00:52.195837,9,75,30.0,90.0,50.0,25.0,15.0,100.0,90.0,60.0,,6,3.0,6.0,4.0,6.0,3.0,2.0,5.0,6.0,,COMPLETE
968,968,0.7574967405475881,2025-01-04 02:18:54.903353,2025-01-04 02:19:29.426685,0 days 00:00:34.523332,9,85,10.0,75.0,45.0,30.0,35.0,55.0,75.0,40.0,,6,4.0,2.0,4.0,2.0,3.0,2.0,3.0,4.0,,COMPLETE
969,969,0.8544980443285528,2025-01-04 02:19:29.427593,2025-01-04 02:20:22.940690,0 days 00:00:53.513097,10,80,25.0,55.0,45.0,55.0,30.0,100.0,90.0,50.0,25.0,6,3.0,6.0,4.0,6.0,3.0,2.0,3.0,3.0,5.0,COMPLETE
970,970,0.7889499869075673,2025-01-04 02:20:22.941978,2025-01-04 02:21:09.991433,0 days 00:00:47.049455,9,85,20.0,90.0,80.0,35.0,45.0,95.0,85.0,80.0,,6,3.0,6.0,6.0,6.0,6.0,3.0,6.0,2.0,,COMPLETE
971,971,0.80625,2025-01-04 02:21:09.992455,2025-01-04 02:21:32.739101,0 days 00:00:22.746646,9,85,20.0,75.0,55.0,95.0,40.0,95.0,75.0,60.0,,6,3.0,5.0,4.0,6.0,3.0,6.0,3.0,6.0,,COMPLETE
972,972,0.7317460317460317,2025-01-04 02:21:32.740340,2025-01-04 02:21:57.037009,0 days 00:00:24.296669,10,50,15.0,80.0,90.0,55.0,35.0,95.0,80.0,70.0,45.0,6,3.0,6.0,5.0,6.0,6.0,2.0,3.0,6.0,3.0,COMPLETE
973,973,0.8214192196910186,2025-01-04 02:21:57.038058,2025-01-04 02:22:42.161855,0 days 00:00:45.123797,9,80,30.0,55.0,50.0,90.0,45.0,100.0,5.0,65.0,,6,4.0,5.0,6.0,6.0,3.0,3.0,3.0,3.0,,COMPLETE
974,974,0.8387096774193549,2025-01-04 02:22:42.162834,2025-01-04 02:23:16.619585,0 days 00:00:34.456751,8,85,20.0,80.0,50.0,60.0,40.0,100.0,40.0,,,6,3.0,3.0,4.0,6.0,6.0,2.0,3.0,,,COMPLETE
975,975,0.8708333333333333,2025-01-04 02:23:16.620811,2025-01-04 02:24:06.955759,0 days 00:00:50.334948,9,80,25.0,85.0,45.0,100.0,40.0,25.0,10.0,90.0,,6,4.0,6.0,4.0,6.0,3.0,6.0,3.0,4.0,,COMPLETE
976,976,0.7902680197762164,2025-01-04 02:24:06.956761,2025-01-04 02:24:51.116398,0 days 00:00:44.159637,8,85,15.0,55.0,30.0,30.0,35.0,55.0,55.0,,,6,3.0,6.0,4.0,6.0,6.0,3.0,3.0,,,COMPLETE
977,977,0.80625,2025-01-04 02:24:51.117501,2025-01-04 02:25:19.222283,0 days 00:00:28.104782,10,90,25.0,55.0,45.0,55.0,45.0,95.0,95.0,35.0,30.0,6,4.0,5.0,4.0,6.0,6.0,2.0,5.0,2.0,2.0,COMPLETE
978,978,0.8291777188328913,2025-01-04 02:25:19.223269,2025-01-04 02:26:16.038679,0 days 00:00:56.815410,9,85,20.0,60.0,30.0,25.0,35.0,50.0,85.0,95.0,,6,6.0,3.0,6.0,6.0,5.0,5.0,6.0,6.0,,COMPLETE
979,979,0.7309322033898304,2025-01-04 02:26:16.039783,2025-01-04 02:27:03.578853,0 days 00:00:47.539070,8,75,25.0,75.0,35.0,60.0,40.0,95.0,60.0,,,6,3.0,6.0,4.0,6.0,3.0,3.0,4.0,,,COMPLETE
980,980,0.7419354838709677,2025-01-04 02:27:03.579814,2025-01-04 02:27:45.804984,0 days 00:00:42.225170,8,85,30.0,90.0,95.0,85.0,40.0,100.0,50.0,,,6,4.0,6.0,4.0,6.0,5.0,5.0,2.0,,,COMPLETE
981,981,0.8870673952641166,2025-01-04 02:27:45.806258,2025-01-04 02:28:32.640111,0 days 00:00:46.833853,9,80,25.0,80.0,35.0,95.0,30.0,95.0,85.0,85.0,,6,4.0,3.0,3.0,6.0,6.0,5.0,3.0,3.0,,COMPLETE
982,982,0.791644204851752,2025-01-04 02:28:32.641086,2025-01-04 02:28:54.026843,0 days 00:00:21.385757,9,80,20.0,85.0,35.0,95.0,30.0,95.0,85.0,100.0,,6,3.0,3.0,3.0,4.0,6.0,5.0,3.0,3.0,,COMPLETE
983,983,0.7898305084745763,2025-01-04 02:28:54.028102,2025-01-04 02:29:27.506356,0 days 00:00:33.478254,8,80,30.0,80.0,35.0,95.0,30.0,95.0,85.0,,,6,4.0,3.0,3.0,6.0,6.0,5.0,2.0,,,COMPLETE
984,984,0.8385416666666667,2025-01-04 02:29:27.507300,2025-01-04 02:30:10.321466,0 days 00:00:42.814166,8,75,25.0,80.0,35.0,95.0,25.0,95.0,80.0,,,6,4.0,3.0,3.0,6.0,6.0,5.0,3.0,,,COMPLETE
985,985,0.7564807541241163,2025-01-04 02:30:10.322732,2025-01-04 02:30:47.180482,0 days 00:00:36.857750,9,80,25.0,80.0,30.0,100.0,25.0,100.0,90.0,85.0,,6,4.0,3.0,3.0,6.0,6.0,5.0,2.0,3.0,,COMPLETE
986,986,0.8225344782721832,2025-01-04 02:30:47.181494,2025-01-04 02:31:27.195220,0 days 00:00:40.013726,9,80,25.0,80.0,30.0,95.0,30.0,100.0,85.0,85.0,,6,3.0,3.0,3.0,5.0,6.0,5.0,2.0,3.0,,COMPLETE
987,987,0.8214192196910186,2025-01-04 02:31:27.196432,2025-01-04 02:31:56.732412,0 days 00:00:29.535980,5,80,25.0,80.0,35.0,95.0,,,,,,6,6.0,3.0,3.0,6.0,,,,,,COMPLETE
988,988,0.7741935483870968,2025-01-04 02:31:56.733301,2025-01-04 02:32:37.675945,0 days 00:00:40.942644,10,80,25.0,80.0,75.0,90.0,45.0,95.0,90.0,90.0,10.0,6,4.0,3.0,3.0,5.0,6.0,5.0,3.0,3.0,3.0,COMPLETE
989,989,0.8385416666666667,2025-01-04 02:32:37.676940,2025-01-04 02:33:16.146661,0 days 00:00:38.469721,8,75,25.0,85.0,35.0,100.0,25.0,60.0,80.0,,,6,3.0,3.0,3.0,6.0,6.0,5.0,2.0,,,COMPLETE
990,990,0.8064516129032258,2025-01-04 02:33:16.147902,2025-01-04 02:33:56.918381,0 days 00:00:40.770479,8,75,20.0,75.0,30.0,95.0,30.0,95.0,95.0,,,6,3.0,3.0,3.0,6.0,6.0,5.0,4.0,,,COMPLETE
991,991,0.8031746031746032,2025-01-04 02:33:56.919338,2025-01-04 02:34:36.232399,0 days 00:00:39.313061,8,80,30.0,75.0,30.0,100.0,40.0,100.0,85.0,,,6,4.0,3.0,3.0,6.0,6.0,5.0,2.0,,,COMPLETE
992,992,0.7431561996779388,2025-01-04 02:34:36.233687,2025-01-04 02:35:19.919278,0 days 00:00:43.685591,9,80,25.0,80.0,35.0,90.0,30.0,95.0,80.0,90.0,,6,3.0,3.0,3.0,6.0,6.0,5.0,3.0,3.0,,COMPLETE
993,993,0.7739583333333333,2025-01-04 02:35:19.920247,2025-01-04 02:36:03.851329,0 days 00:00:43.931082,10,45,20.0,85.0,55.0,95.0,95.0,95.0,90.0,95.0,15.0,6,2.0,3.0,3.0,6.0,6.0,5.0,3.0,3.0,4.0,COMPLETE
994,994,0.8225344782721832,2025-01-04 02:36:03.852651,2025-01-04 02:36:40.098298,0 days 00:00:36.245647,8,75,30.0,75.0,30.0,100.0,35.0,100.0,85.0,,,6,4.0,3.0,3.0,6.0,6.0,5.0,2.0,,,COMPLETE
995,995,0.722266139657444,2025-01-04 02:36:40.099243,2025-01-04 02:37:21.534987,0 days 00:00:41.435744,8,80,25.0,75.0,50.0,35.0,45.0,95.0,75.0,,,6,2.0,3.0,3.0,6.0,6.0,5.0,5.0,,,COMPLETE
996,996,0.8056426332288402,2025-01-04 02:37:21.536218,2025-01-04 02:38:01.064707,0 days 00:00:39.528489,9,80,20.0,85.0,35.0,15.0,15.0,95.0,85.0,85.0,,6,4.0,3.0,3.0,6.0,6.0,5.0,2.0,3.0,,COMPLETE
997,997,0.8214192196910186,2025-01-04 02:38:01.065732,2025-01-04 02:38:57.595728,0 days 00:00:56.529996,10,80,15.0,80.0,30.0,95.0,40.0,100.0,90.0,80.0,60.0,6,6.0,3.0,3.0,6.0,6.0,5.0,3.0,4.0,6.0,COMPLETE
998,998,0.7966684294024325,2025-01-04 02:38:57.596862,2025-01-04 02:39:33.657437,0 days 00:00:36.060575,8,85,20.0,85.0,30.0,55.0,25.0,90.0,80.0,,,6,2.0,3.0,3.0,5.0,6.0,5.0,2.0,,,COMPLETE
999,999,0.7739583333333333,2025-01-04 02:39:33.658350,2025-01-04 02:40:17.276935,0 days 00:00:43.618585,8,85,10.0,80.0,30.0,60.0,35.0,95.0,30.0,,,6,4.0,3.0,3.0,6.0,6.0,6.0,2.0,,,COMPLETE
