,number,value,datetime_start,datetime_complete,duration,params_depth,params_neurons_layer_0,params_neurons_layer_1,params_neurons_layer_2,params_neurons_layer_3,params_neurons_layer_4,params_neurons_layer_5,params_neurons_layer_6,params_neurons_layer_7,params_neurons_layer_8,params_neurons_layer_9,params_orders_layer_0,params_orders_layer_1,params_orders_layer_2,params_orders_layer_3,params_orders_layer_4,params_orders_layer_5,params_orders_layer_6,params_orders_layer_7,params_orders_layer_8,params_orders_layer_9,state
850,850,0.7820698889492312,2025-01-03 15:53:41.889045,2025-01-03 15:54:39.563235,0 days 00:00:57.674190,7,10,80.0,70.0,40.0,25.0,95.0,85.0,,,,5,4.0,2.0,3.0,3.0,6.0,2.0,,,,COMPLETE
851,851,0.7742028762000231,2025-01-03 15:54:39.564115,2025-01-03 15:55:11.980421,0 days 00:00:32.416306,7,10,90.0,65.0,45.0,55.0,95.0,100.0,,,,5,4.0,2.0,2.0,3.0,3.0,2.0,,,,COMPLETE
852,852,0.7915743066843999,2025-01-03 15:55:11.981594,2025-01-03 15:55:33.877098,0 days 00:00:21.895504,5,75,60.0,75.0,35.0,60.0,,,,,,5,4.0,2.0,3.0,3.0,,,,,,COMPLETE
853,853,0.8219512195121951,2025-01-03 15:55:33.877907,2025-01-03 15:56:04.399702,0 days 00:00:30.521795,7,85,45.0,80.0,45.0,60.0,100.0,95.0,,,,5,4.0,2.0,2.0,3.0,2.0,5.0,,,,COMPLETE
854,854,0.8224954155004343,2025-01-03 15:56:04.401143,2025-01-03 15:56:36.145164,0 days 00:00:31.744021,7,55,55.0,80.0,45.0,60.0,100.0,95.0,,,,5,5.0,2.0,2.0,3.0,2.0,5.0,,,,COMPLETE
855,855,0.8030173101167748,2025-01-03 15:56:36.146355,2025-01-03 15:57:14.505423,0 days 00:00:38.359068,7,55,40.0,75.0,40.0,60.0,100.0,100.0,,,,5,5.0,2.0,2.0,3.0,2.0,5.0,,,,COMPLETE
856,856,0.7975447930733897,2025-01-03 15:57:14.506293,2025-01-03 15:57:58.635536,0 days 00:00:44.129243,7,20,50.0,80.0,45.0,60.0,100.0,95.0,,,,5,5.0,2.0,3.0,3.0,2.0,5.0,,,,COMPLETE
857,857,0.8126662324268576,2025-01-03 15:57:58.636651,2025-01-03 15:58:30.271184,0 days 00:00:31.634533,7,55,45.0,80.0,45.0,60.0,100.0,100.0,,,,5,5.0,2.0,2.0,3.0,3.0,5.0,,,,COMPLETE
858,858,0.7832699619771863,2025-01-03 15:58:30.272138,2025-01-03 15:58:53.156282,0 days 00:00:22.884144,4,60,45.0,80.0,45.0,,,,,,,5,5.0,2.0,2.0,,,,,,,COMPLETE
859,859,0.7832189904747163,2025-01-03 15:58:53.157111,2025-01-03 15:59:24.455381,0 days 00:00:31.298270,5,55,45.0,80.0,45.0,60.0,,,,,,5,5.0,2.0,3.0,3.0,,,,,,COMPLETE
860,860,0.8074580271255303,2025-01-03 15:59:24.456440,2025-01-03 16:00:03.831919,0 days 00:00:39.375479,8,55,40.0,75.0,45.0,60.0,100.0,95.0,45.0,,,5,5.0,2.0,2.0,3.0,2.0,4.0,4.0,,,COMPLETE
861,861,0.7867267495980368,2025-01-03 16:00:03.832883,2025-01-03 16:00:46.448015,0 days 00:00:42.615132,7,50,50.0,30.0,45.0,55.0,100.0,75.0,,,,5,5.0,2.0,2.0,3.0,2.0,5.0,,,,COMPLETE
862,862,0.7875726047994955,2025-01-03 16:00:46.449919,2025-01-03 16:01:21.899124,0 days 00:00:35.449205,7,50,50.0,80.0,45.0,60.0,100.0,95.0,,,,5,5.0,2.0,3.0,3.0,2.0,5.0,,,,COMPLETE
863,863,0.8132529677680179,2025-01-03 16:01:21.900070,2025-01-03 16:01:51.433002,0 days 00:00:29.532932,7,55,40.0,65.0,40.0,60.0,100.0,100.0,,,,5,5.0,2.0,2.0,3.0,3.0,5.0,,,,COMPLETE
864,864,0.7876016903715524,2025-01-03 16:01:51.433882,2025-01-03 16:02:18.664295,0 days 00:00:27.230413,5,55,55.0,75.0,40.0,55.0,,,,,,5,5.0,2.0,2.0,3.0,,,,,,COMPLETE
865,865,0.7789227107129102,2025-01-03 16:02:18.665118,2025-01-03 16:02:33.207463,0 days 00:00:14.542345,1,50,,,,,,,,,,5,,,,,,,,,,COMPLETE
866,866,0.7924350197089594,2025-01-03 16:02:33.208469,2025-01-03 16:02:56.336204,0 days 00:00:23.127735,3,25,50.0,80.0,,,,,,,,5,5.0,2.0,,,,,,,,COMPLETE
867,867,0.8086883729385566,2025-01-03 16:02:56.337431,2025-01-03 16:03:33.761924,0 days 00:00:37.424493,7,55,40.0,70.0,45.0,60.0,100.0,100.0,,,,5,5.0,2.0,3.0,3.0,2.0,5.0,,,,COMPLETE
868,868,0.8040271899448506,2025-01-03 16:03:33.762819,2025-01-03 16:04:27.246542,0 days 00:00:53.483723,7,20,45.0,45.0,40.0,55.0,100.0,95.0,,,,5,5.0,2.0,2.0,3.0,2.0,5.0,,,,COMPLETE
869,869,0.7901882497470732,2025-01-03 16:04:27.247722,2025-01-03 16:05:06.533667,0 days 00:00:39.285945,7,60,55.0,25.0,45.0,60.0,100.0,95.0,,,,5,5.0,2.0,3.0,3.0,3.0,5.0,,,,COMPLETE
870,870,0.8084131532747354,2025-01-03 16:05:06.534817,2025-01-03 16:05:41.669815,0 days 00:00:35.134998,5,20,55.0,65.0,45.0,55.0,,,,,,5,5.0,2.0,2.0,3.0,,,,,,COMPLETE
871,871,0.8066695337418915,2025-01-03 16:05:41.670911,2025-01-03 16:06:19.697269,0 days 00:00:38.026358,8,60,55.0,80.0,40.0,60.0,100.0,70.0,50.0,,,5,5.0,2.0,2.0,2.0,2.0,5.0,5.0,,,COMPLETE
872,872,0.7965572114943232,2025-01-03 16:06:19.698125,2025-01-03 16:06:49.221432,0 days 00:00:29.523307,7,55,55.0,75.0,45.0,55.0,100.0,90.0,,,,5,5.0,2.0,3.0,3.0,2.0,5.0,,,,COMPLETE
873,873,0.7882924171100347,2025-01-03 16:06:49.222482,2025-01-03 16:07:20.582202,0 days 00:00:31.359720,6,70,45.0,20.0,40.0,50.0,100.0,,,,,5,5.0,2.0,3.0,6.0,2.0,,,,,COMPLETE
874,874,0.8048709315375981,2025-01-03 16:07:20.583079,2025-01-03 16:07:52.176369,0 days 00:00:31.593290,7,65,50.0,80.0,45.0,55.0,100.0,100.0,,,,5,5.0,2.0,4.0,4.0,3.0,5.0,,,,COMPLETE
875,875,0.7933589831652175,2025-01-03 16:07:52.177189,2025-01-03 16:08:25.208893,0 days 00:00:33.031704,7,50,60.0,70.0,40.0,60.0,100.0,80.0,,,,5,5.0,2.0,2.0,3.0,2.0,5.0,,,,COMPLETE
876,876,0.8199967240455059,2025-01-03 16:08:25.209992,2025-01-03 16:08:46.952517,0 days 00:00:21.742525,6,40,50.0,80.0,30.0,50.0,95.0,,,,,5,5.0,2.0,2.0,3.0,2.0,,,,,COMPLETE
877,877,0.7830239151724722,2025-01-03 16:08:46.953340,2025-01-03 16:09:18.223708,0 days 00:00:31.270368,7,60,55.0,40.0,20.0,20.0,100.0,95.0,,,,5,4.0,2.0,2.0,2.0,2.0,5.0,,,,COMPLETE
878,878,0.7928180158247109,2025-01-03 16:09:18.224756,2025-01-03 16:09:54.915844,0 days 00:00:36.691088,7,55,55.0,75.0,35.0,55.0,95.0,90.0,,,,5,5.0,2.0,3.0,6.0,2.0,5.0,,,,COMPLETE
879,879,0.8009786475525509,2025-01-03 16:09:54.916978,2025-01-03 16:10:16.860554,0 days 00:00:21.943576,6,70,60.0,100.0,45.0,60.0,100.0,,,,,5,4.0,2.0,2.0,3.0,2.0,,,,,COMPLETE
880,880,0.7952844892450645,2025-01-03 16:10:16.861330,2025-01-03 16:10:45.277725,0 days 00:00:28.416395,5,25,55.0,70.0,40.0,55.0,,,,,,3,4.0,2.0,2.0,3.0,,,,,,COMPLETE
881,881,0.7989389310469432,2025-01-03 16:10:45.278446,2025-01-03 16:11:25.762928,0 days 00:00:40.484482,7,55,55.0,80.0,100.0,10.0,95.0,75.0,,,,5,5.0,2.0,3.0,3.0,4.0,5.0,,,,COMPLETE
882,882,0.7960249467195547,2025-01-03 16:11:25.764055,2025-01-03 16:12:00.474579,0 days 00:00:34.710524,7,60,60.0,80.0,45.0,65.0,100.0,65.0,,,,5,4.0,2.0,2.0,4.0,2.0,5.0,,,,COMPLETE
883,883,0.8106055500070463,2025-01-03 16:12:00.475400,2025-01-03 16:12:24.431805,0 days 00:00:23.956405,6,65,50.0,65.0,35.0,25.0,95.0,,,,,5,6.0,2.0,6.0,2.0,2.0,,,,,COMPLETE
884,884,0.7992205445399909,2025-01-03 16:12:24.432595,2025-01-03 16:12:45.332607,0 days 00:00:20.900012,5,50,55.0,80.0,50.0,95.0,,,,,,5,4.0,2.0,2.0,3.0,,,,,,COMPLETE
885,885,0.7906647144526349,2025-01-03 16:12:45.333602,2025-01-03 16:13:22.373494,0 days 00:00:37.039892,7,10,60.0,75.0,40.0,15.0,95.0,85.0,,,,5,4.0,2.0,3.0,6.0,3.0,5.0,,,,COMPLETE
886,886,0.7815685051141664,2025-01-03 16:13:22.374379,2025-01-03 16:13:55.662079,0 days 00:00:33.287700,7,85,55.0,75.0,45.0,60.0,100.0,100.0,,,,5,4.0,2.0,2.0,3.0,3.0,5.0,,,,COMPLETE
887,887,0.7942428035043805,2025-01-03 16:13:55.662896,2025-01-03 16:14:19.101920,0 days 00:00:23.439024,6,75,65.0,25.0,25.0,60.0,100.0,,,,,5,4.0,2.0,2.0,3.0,2.0,,,,,COMPLETE
888,888,0.8156749216253918,2025-01-03 16:14:19.102925,2025-01-03 16:14:48.335827,0 days 00:00:29.232902,7,70,100.0,80.0,40.0,50.0,95.0,95.0,,,,5,4.0,2.0,3.0,2.0,3.0,5.0,,,,COMPLETE
889,889,0.8084271925859646,2025-01-03 16:14:48.336695,2025-01-03 16:15:13.927267,0 days 00:00:25.590572,4,30,60.0,95.0,45.0,,,,,,,5,5.0,2.0,2.0,,,,,,,COMPLETE
890,890,0.8124405548853684,2025-01-03 16:15:13.928247,2025-01-03 16:15:52.176887,0 days 00:00:38.248640,7,85,50.0,70.0,15.0,65.0,100.0,75.0,,,,5,4.0,2.0,2.0,6.0,2.0,5.0,,,,COMPLETE
891,891,0.7760394302889666,2025-01-03 16:15:52.177968,2025-01-03 16:16:38.005128,0 days 00:00:45.827160,7,85,55.0,65.0,20.0,55.0,5.0,80.0,,,,5,4.0,2.0,3.0,3.0,5.0,5.0,,,,COMPLETE
892,892,0.7899984372558212,2025-01-03 16:16:38.006009,2025-01-03 16:17:21.896623,0 days 00:00:43.890614,8,45,60.0,80.0,35.0,55.0,95.0,60.0,95.0,,,2,5.0,2.0,2.0,3.0,2.0,5.0,3.0,,,COMPLETE
893,893,0.812832589691215,2025-01-03 16:17:21.897732,2025-01-03 16:18:06.067022,0 days 00:00:44.169290,7,65,50.0,20.0,75.0,50.0,70.0,95.0,,,,4,4.0,2.0,3.0,3.0,2.0,5.0,,,,COMPLETE
894,894,0.7971999751660769,2025-01-03 16:18:06.067915,2025-01-03 16:18:52.661668,0 days 00:00:46.593753,7,15,45.0,75.0,50.0,60.0,25.0,90.0,,,,5,4.0,2.0,4.0,2.0,2.0,5.0,,,,COMPLETE
895,895,0.789248920055766,2025-01-03 16:18:52.662749,2025-01-03 16:19:32.904456,0 days 00:00:40.241707,6,55,65.0,80.0,100.0,65.0,10.0,,,,,4,4.0,2.0,2.0,6.0,2.0,,,,,COMPLETE
896,896,0.7821511454240482,2025-01-03 16:19:32.905336,2025-01-03 16:20:00.630845,0 days 00:00:27.725509,5,60,60.0,80.0,35.0,55.0,,,,,,5,5.0,2.0,5.0,3.0,,,,,,COMPLETE
897,897,0.7961620202525316,2025-01-03 16:20:00.631623,2025-01-03 16:20:39.104225,0 days 00:00:38.472602,7,70,35.0,45.0,45.0,15.0,100.0,100.0,,,,5,4.0,2.0,2.0,3.0,3.0,6.0,,,,COMPLETE
898,898,0.8016786570743406,2025-01-03 16:20:39.116593,2025-01-03 16:21:17.642928,0 days 00:00:38.526335,7,75,55.0,80.0,40.0,20.0,95.0,90.0,,,,5,4.0,2.0,3.0,3.0,2.0,5.0,,,,COMPLETE
899,899,0.7902589575952372,2025-01-03 16:21:17.643767,2025-01-03 16:22:04.252674,0 days 00:00:46.608907,8,85,90.0,75.0,50.0,60.0,95.0,85.0,70.0,,,4,4.0,2.0,2.0,3.0,2.0,3.0,5.0,,,COMPLETE
900,900,0.7966059010388347,2025-01-03 16:22:04.253795,2025-01-03 16:22:30.750736,0 days 00:00:26.496941,5,65,55.0,25.0,30.0,25.0,,,,,,4,5.0,2.0,2.0,2.0,,,,,,COMPLETE
901,901,0.7835408550403585,2025-01-03 16:22:30.751533,2025-01-03 16:23:02.480624,0 days 00:00:31.729091,7,5,60.0,65.0,15.0,55.0,95.0,80.0,,,,5,4.0,2.0,3.0,6.0,2.0,5.0,,,,COMPLETE
902,902,0.8090286365802603,2025-01-03 16:23:02.481443,2025-01-03 16:23:33.964455,0 days 00:00:31.483012,7,75,65.0,70.0,40.0,60.0,100.0,100.0,,,,5,4.0,2.0,2.0,3.0,3.0,5.0,,,,COMPLETE
903,903,0.8043946396092383,2025-01-03 16:23:33.965809,2025-01-03 16:24:05.085220,0 days 00:00:31.119411,6,75,55.0,80.0,100.0,100.0,95.0,,,,,4,4.0,2.0,3.0,3.0,2.0,,,,,COMPLETE
904,904,0.7953403709861274,2025-01-03 16:24:05.085997,2025-01-03 16:24:35.826461,0 days 00:00:30.740464,7,85,50.0,75.0,50.0,55.0,100.0,95.0,,,,5,5.0,2.0,2.0,2.0,4.0,4.0,,,,COMPLETE
905,905,0.8095307673039993,2025-01-03 16:24:35.827312,2025-01-03 16:25:15.465827,0 days 00:00:39.638515,7,85,60.0,85.0,45.0,15.0,95.0,70.0,,,,5,4.0,2.0,2.0,6.0,2.0,4.0,,,,COMPLETE
906,906,0.7821815939686663,2025-01-03 16:25:15.466959,2025-01-03 16:25:46.559227,0 days 00:00:31.092268,5,55,55.0,80.0,30.0,50.0,,,,,,4,4.0,4.0,3.0,4.0,,,,,,COMPLETE
907,907,0.7863354037267081,2025-01-03 16:25:46.560256,2025-01-03 16:26:10.704478,0 days 00:00:24.144222,6,75,70.0,70.0,70.0,60.0,100.0,,,,,5,4.0,2.0,2.0,3.0,2.0,,,,,COMPLETE
908,908,0.7928918458222887,2025-01-03 16:26:10.705479,2025-01-03 16:26:51.803476,0 days 00:00:41.097997,7,60,65.0,30.0,45.0,55.0,95.0,100.0,,,,5,4.0,2.0,3.0,2.0,2.0,6.0,,,,COMPLETE
909,909,0.7965564888219678,2025-01-03 16:26:51.804392,2025-01-03 16:27:27.462032,0 days 00:00:35.657640,7,70,55.0,95.0,45.0,10.0,100.0,85.0,,,,5,5.0,4.0,2.0,3.0,2.0,3.0,,,,COMPLETE
910,910,0.7876045137918846,2025-01-03 16:27:27.463098,2025-01-03 16:27:57.357630,0 days 00:00:29.894532,5,90,60.0,75.0,20.0,65.0,,,,,,4,4.0,2.0,2.0,3.0,,,,,,COMPLETE
911,911,0.8119219747297122,2025-01-03 16:27:57.358713,2025-01-03 16:28:22.289062,0 days 00:00:24.930349,6,85,65.0,85.0,35.0,50.0,50.0,,,,,5,4.0,4.0,3.0,3.0,3.0,,,,,COMPLETE
912,912,0.7887585790669251,2025-01-03 16:28:22.289868,2025-01-03 16:28:39.341094,0 days 00:00:17.051226,2,70,85.0,,,,,,,,,6,4.0,,,,,,,,,COMPLETE
913,913,0.7943117776000292,2025-01-03 16:28:39.341778,2025-01-03 16:29:19.786999,0 days 00:00:40.445221,7,50,70.0,85.0,25.0,60.0,40.0,95.0,,,,5,5.0,2.0,4.0,6.0,2.0,5.0,,,,COMPLETE
914,914,0.7963265000748168,2025-01-03 16:29:19.788116,2025-01-03 16:29:53.415067,0 days 00:00:33.626951,7,80,55.0,20.0,40.0,90.0,100.0,90.0,,,,6,4.0,2.0,2.0,3.0,3.0,5.0,,,,COMPLETE
915,915,0.8032244969861293,2025-01-03 16:29:53.415970,2025-01-03 16:30:17.114265,0 days 00:00:23.698295,7,65,50.0,65.0,45.0,25.0,95.0,85.0,,,,6,5.0,4.0,2.0,2.0,2.0,5.0,,,,COMPLETE
916,916,0.7951038672783858,2025-01-03 16:30:17.115103,2025-01-03 16:31:01.128288,0 days 00:00:44.013185,7,80,70.0,80.0,100.0,55.0,100.0,45.0,,,,4,4.0,2.0,3.0,3.0,2.0,6.0,,,,COMPLETE
917,917,0.7953741617708148,2025-01-03 16:31:01.129435,2025-01-03 16:31:34.078321,0 days 00:00:32.948886,9,85,60.0,75.0,50.0,20.0,20.0,75.0,65.0,80.0,,6,4.0,4.0,2.0,4.0,2.0,3.0,2.0,3.0,,COMPLETE
918,918,0.7970163220991137,2025-01-03 16:31:34.079195,2025-01-03 16:32:04.078522,0 days 00:00:29.999327,8,75,55.0,35.0,40.0,55.0,100.0,80.0,35.0,,,5,4.0,2.0,2.0,3.0,2.0,4.0,3.0,,,COMPLETE
919,919,0.8120500921045565,2025-01-03 16:32:04.079330,2025-01-03 16:32:33.759315,0 days 00:00:29.679985,7,80,60.0,90.0,35.0,65.0,95.0,100.0,,,,6,4.0,4.0,2.0,6.0,2.0,3.0,,,,COMPLETE
920,920,0.8126774944956763,2025-01-03 16:32:33.760717,2025-01-03 16:32:51.443221,0 days 00:00:17.682504,6,60,50.0,50.0,15.0,60.0,100.0,,,,,6,4.0,2.0,3.0,3.0,3.0,,,,,COMPLETE
921,921,0.8138391403451645,2025-01-03 16:32:51.444000,2025-01-03 16:33:21.420828,0 days 00:00:29.976828,7,85,45.0,80.0,45.0,60.0,95.0,65.0,,,,6,4.0,2.0,3.0,2.0,3.0,6.0,,,,COMPLETE
922,922,0.7913327114504192,2025-01-03 16:33:21.421677,2025-01-03 16:33:49.205628,0 days 00:00:27.783951,7,80,10.0,80.0,30.0,55.0,95.0,95.0,,,,6,4.0,4.0,2.0,3.0,2.0,5.0,,,,COMPLETE
923,923,0.8132226593564225,2025-01-03 16:33:49.206764,2025-01-03 16:34:11.015846,0 days 00:00:21.809082,5,55,70.0,70.0,65.0,65.0,,,,,,5,5.0,2.0,2.0,3.0,,,,,,COMPLETE
924,924,0.7772811048877399,2025-01-03 16:34:11.016631,2025-01-03 16:34:44.724195,0 days 00:00:33.707564,6,85,65.0,85.0,40.0,50.0,15.0,,,,,6,4.0,2.0,2.0,6.0,5.0,,,,,COMPLETE
925,925,0.8066262135922331,2025-01-03 16:34:44.725282,2025-01-03 16:35:13.954443,0 days 00:00:29.229161,7,70,90.0,85.0,50.0,20.0,100.0,90.0,,,,6,4.0,2.0,3.0,3.0,2.0,5.0,,,,COMPLETE
926,926,0.8190785344070015,2025-01-03 16:35:13.955518,2025-01-03 16:35:52.343697,0 days 00:00:38.388179,7,75,85.0,80.0,40.0,15.0,65.0,80.0,,,,4,4.0,4.0,2.0,3.0,2.0,2.0,,,,COMPLETE
927,927,0.8102144840365386,2025-01-03 16:35:52.344582,2025-01-03 16:36:14.082586,0 days 00:00:21.738004,5,80,55.0,80.0,35.0,5.0,,,,,,6,5.0,4.0,2.0,2.0,,,,,,COMPLETE
928,928,0.7953033654906074,2025-01-03 16:36:14.083365,2025-01-03 16:36:51.506303,0 days 00:00:37.422938,7,85,65.0,75.0,100.0,60.0,95.0,95.0,,,,5,4.0,2.0,2.0,6.0,2.0,4.0,,,,COMPLETE
929,929,0.8196963716589984,2025-01-03 16:36:51.507440,2025-01-03 16:37:16.873436,0 days 00:00:25.365996,6,65,55.0,55.0,45.0,50.0,95.0,,,,,6,5.0,3.0,3.0,3.0,2.0,,,,,COMPLETE
930,930,0.8144193958740864,2025-01-03 16:37:16.874245,2025-01-03 16:37:41.876005,0 days 00:00:25.001760,7,90,85.0,65.0,45.0,85.0,55.0,70.0,,,,6,4.0,2.0,4.0,3.0,3.0,5.0,,,,COMPLETE
931,931,0.793603648200651,2025-01-03 16:37:41.876849,2025-01-03 16:38:14.031806,0 days 00:00:32.154957,7,40,60.0,85.0,35.0,55.0,100.0,75.0,,,,5,4.0,4.0,3.0,2.0,2.0,2.0,,,,COMPLETE
932,932,0.7925342652002106,2025-01-03 16:38:14.032872,2025-01-03 16:38:46.799901,0 days 00:00:32.767029,8,75,50.0,25.0,15.0,60.0,20.0,100.0,25.0,,,6,3.0,3.0,2.0,3.0,4.0,2.0,6.0,,,COMPLETE
933,933,0.7933663710016913,2025-01-03 16:38:46.800814,2025-01-03 16:39:24.298774,0 days 00:00:37.497960,5,80,70.0,75.0,20.0,10.0,,,,,,4,4.0,3.0,2.0,6.0,,,,,,COMPLETE
934,934,0.7997500907533579,2025-01-03 16:39:24.299573,2025-01-03 16:39:52.604063,0 days 00:00:28.304490,7,65,55.0,80.0,40.0,80.0,100.0,90.0,,,,6,4.0,2.0,3.0,3.0,2.0,5.0,,,,COMPLETE
935,935,0.7862027793137392,2025-01-03 16:39:52.605196,2025-01-03 16:40:13.863489,0 days 00:00:21.258293,6,60,65.0,55.0,45.0,25.0,95.0,,,,,6,5.0,3.0,2.0,3.0,2.0,,,,,COMPLETE
936,936,0.7786975225315257,2025-01-03 16:40:13.864303,2025-01-03 16:40:46.953143,0 days 00:00:33.088840,7,50,80.0,90.0,50.0,55.0,95.0,100.0,,,,5,4.0,4.0,2.0,4.0,2.0,3.0,,,,COMPLETE
937,937,0.8095259525952596,2025-01-03 16:40:46.953999,2025-01-03 16:41:11.282306,0 days 00:00:24.328307,7,85,60.0,20.0,40.0,60.0,100.0,85.0,,,,6,6.0,2.0,2.0,2.0,3.0,2.0,,,,COMPLETE
938,938,0.8170459616242749,2025-01-03 16:41:11.283385,2025-01-03 16:41:46.726129,0 days 00:00:35.442744,7,75,70.0,75.0,100.0,55.0,95.0,95.0,,,,6,4.0,4.0,3.0,6.0,2.0,5.0,,,,COMPLETE
939,939,0.7866525307044115,2025-01-03 16:41:46.727056,2025-01-03 16:42:16.566348,0 days 00:00:29.839292,8,35,55.0,15.0,50.0,65.0,100.0,90.0,75.0,,,6,5.0,3.0,3.0,3.0,2.0,2.0,2.0,,,COMPLETE
940,940,0.7891669708892766,2025-01-03 16:42:16.567197,2025-01-03 16:42:55.175702,0 days 00:00:38.608505,6,80,80.0,80.0,40.0,55.0,100.0,,,,,4,4.0,2.0,5.0,3.0,2.0,,,,,COMPLETE
941,941,0.8127799246050035,2025-01-03 16:42:55.186250,2025-01-03 16:43:09.332937,0 days 00:00:14.146687,4,90,70.0,85.0,45.0,,,,,,,5,4.0,2.0,2.0,,,,,,,COMPLETE
942,942,0.7898777623433443,2025-01-03 16:43:09.333649,2025-01-03 16:43:31.047789,0 days 00:00:21.714140,5,85,55.0,50.0,35.0,50.0,,,,,,6,4.0,3.0,3.0,2.0,,,,,,COMPLETE
943,943,0.8010025062656642,2025-01-03 16:43:31.048571,2025-01-03 16:43:57.322326,0 days 00:00:26.273755,7,55,65.0,70.0,45.0,60.0,30.0,100.0,,,,5,4.0,2.0,2.0,3.0,2.0,3.0,,,,COMPLETE
944,944,0.8031588831408121,2025-01-03 16:43:57.323136,2025-01-03 16:44:37.437708,0 days 00:00:40.114572,7,70,60.0,85.0,60.0,65.0,95.0,80.0,,,,3,5.0,3.0,2.0,3.0,2.0,4.0,,,,COMPLETE
945,945,0.7848066375774337,2025-01-03 16:44:37.438828,2025-01-03 16:45:07.242647,0 days 00:00:29.803819,7,75,50.0,90.0,100.0,15.0,100.0,95.0,,,,6,4.0,4.0,2.0,6.0,3.0,2.0,,,,COMPLETE
946,946,0.7958230935784174,2025-01-03 16:45:07.243504,2025-01-03 16:45:27.915193,0 days 00:00:20.671689,6,85,60.0,80.0,30.0,60.0,90.0,,,,,6,4.0,2.0,2.0,3.0,2.0,,,,,COMPLETE
947,947,0.7903666265250764,2025-01-03 16:45:27.915960,2025-01-03 16:46:11.009647,0 days 00:00:43.093687,7,80,80.0,65.0,40.0,75.0,35.0,85.0,,,,6,4.0,3.0,3.0,3.0,4.0,6.0,,,,COMPLETE
948,948,0.7950202994928138,2025-01-03 16:46:11.010869,2025-01-03 16:46:28.803951,0 days 00:00:17.793082,7,75,40.0,70.0,50.0,55.0,15.0,95.0,,,,6,4.0,2.0,2.0,2.0,2.0,2.0,,,,COMPLETE
949,949,0.7819162910111354,2025-01-03 16:46:28.804799,2025-01-03 16:47:04.842386,0 days 00:00:36.037587,5,20,85.0,45.0,25.0,25.0,,,,,,6,4.0,4.0,6.0,6.0,,,,,,COMPLETE
950,950,0.7777193283806416,2025-01-03 16:47:04.843477,2025-01-03 16:47:35.623578,0 days 00:00:30.780101,7,80,90.0,40.0,15.0,20.0,95.0,90.0,,,,5,5.0,2.0,3.0,3.0,3.0,2.0,,,,COMPLETE
951,951,0.7881022623086267,2025-01-03 16:47:35.624446,2025-01-03 16:47:55.989039,0 days 00:00:20.364593,6,90,70.0,85.0,45.0,65.0,100.0,,,,,6,4.0,3.0,2.0,3.0,2.0,,,,,COMPLETE
952,952,0.8026995007193027,2025-01-03 16:47:55.989847,2025-01-03 16:48:26.487562,0 days 00:00:30.497715,7,55,55.0,80.0,35.0,50.0,25.0,100.0,,,,6,4.0,4.0,2.0,3.0,2.0,5.0,,,,COMPLETE
953,953,0.8079894871283766,2025-01-03 16:48:26.488426,2025-01-03 16:48:50.924169,0 days 00:00:24.435743,5,70,70.0,70.0,55.0,60.0,,,,,,5,5.0,3.0,3.0,3.0,,,,,,COMPLETE
954,954,0.8052503052503053,2025-01-03 16:48:50.925274,2025-01-03 16:49:13.100466,0 days 00:00:22.175192,7,85,50.0,80.0,50.0,55.0,90.0,85.0,,,,5,4.0,2.0,2.0,2.0,2.0,2.0,,,,COMPLETE
955,955,0.8046108787634212,2025-01-03 16:49:13.101268,2025-01-03 16:49:41.140316,0 days 00:00:28.039048,7,65,85.0,30.0,10.0,55.0,95.0,95.0,,,,6,4.0,3.0,2.0,6.0,3.0,2.0,,,,COMPLETE
956,956,0.8038739618516892,2025-01-03 16:49:41.141190,2025-01-03 16:50:20.806386,0 days 00:00:39.665196,7,80,55.0,65.0,45.0,65.0,95.0,80.0,,,,4,4.0,2.0,3.0,4.0,2.0,2.0,,,,COMPLETE
957,957,0.7881415334389553,2025-01-03 16:50:20.807483,2025-01-03 16:50:40.692406,0 days 00:00:19.884923,5,60,65.0,75.0,20.0,60.0,,,,,,6,3.0,2.0,2.0,3.0,,,,,,COMPLETE
958,958,0.8100717897285465,2025-01-03 16:50:40.693249,2025-01-03 16:51:27.116598,0 days 00:00:46.423349,8,85,80.0,80.0,40.0,25.0,100.0,75.0,85.0,,,5,4.0,4.0,2.0,3.0,2.0,5.0,5.0,,,COMPLETE
959,959,0.8095540235678115,2025-01-03 16:51:27.117473,2025-01-03 16:51:57.257465,0 days 00:00:30.139992,6,75,70.0,95.0,80.0,15.0,60.0,,,,,6,5.0,3.0,4.0,2.0,5.0,,,,,COMPLETE
960,960,0.812066043409327,2025-01-03 16:51:57.258602,2025-01-03 16:52:39.140054,0 days 00:00:41.881452,7,90,60.0,85.0,35.0,60.0,90.0,90.0,,,,3,4.0,3.0,3.0,3.0,2.0,4.0,,,,COMPLETE
961,961,0.8153176097146865,2025-01-03 16:52:39.140919,2025-01-03 16:53:11.722795,0 days 00:00:32.581876,7,100,75.0,60.0,100.0,55.0,100.0,85.0,,,,6,4.0,4.0,2.0,6.0,3.0,6.0,,,,COMPLETE
962,962,0.8108776266996292,2025-01-03 16:53:11.723940,2025-01-03 16:53:39.920659,0 days 00:00:28.196719,6,80,55.0,25.0,35.0,50.0,95.0,,,,,6,5.0,2.0,3.0,3.0,2.0,,,,,COMPLETE
963,963,0.7848671303727484,2025-01-03 16:53:39.921522,2025-01-03 16:54:02.896354,0 days 00:00:22.974832,7,60,45.0,50.0,45.0,10.0,100.0,100.0,,,,6,4.0,2.0,2.0,3.0,2.0,2.0,,,,COMPLETE
964,964,0.8149058124608173,2025-01-03 16:54:02.897159,2025-01-03 16:54:36.245538,0 days 00:00:33.348379,7,85,80.0,75.0,40.0,70.0,95.0,90.0,,,,4,4.0,3.0,2.0,2.0,2.0,2.0,,,,COMPLETE
965,965,0.802975498231123,2025-01-03 16:54:36.246598,2025-01-03 16:55:11.706948,0 days 00:00:35.460350,7,70,60.0,55.0,30.0,30.0,100.0,30.0,,,,6,4.0,4.0,3.0,6.0,2.0,2.0,,,,COMPLETE
966,966,0.7983033589377762,2025-01-03 16:55:11.707869,2025-01-03 16:55:38.838233,0 days 00:00:27.130364,6,80,75.0,85.0,50.0,55.0,90.0,,,,,5,5.0,3.0,2.0,3.0,2.0,,,,,COMPLETE
967,967,0.7856926944371617,2025-01-03 16:55:38.839028,2025-01-03 16:55:56.416135,0 days 00:00:17.577107,5,80,70.0,80.0,15.0,20.0,,,,,,6,4.0,2.0,2.0,2.0,,,,,,COMPLETE
968,968,0.7834424760460468,2025-01-03 16:55:56.416895,2025-01-03 16:56:31.673266,0 days 00:00:35.256371,7,85,60.0,90.0,95.0,50.0,20.0,70.0,,,,6,4.0,2.0,3.0,3.0,3.0,5.0,,,,COMPLETE
969,969,0.7962886281726862,2025-01-03 16:56:31.674423,2025-01-03 16:57:07.707672,0 days 00:00:36.033249,7,50,65.0,80.0,45.0,60.0,95.0,95.0,,,,5,4.0,4.0,2.0,3.0,4.0,2.0,,,,COMPLETE
970,970,0.8038864020395459,2025-01-03 16:57:07.708556,2025-01-03 16:57:38.834097,0 days 00:00:31.125541,7,45,75.0,80.0,40.0,60.0,100.0,85.0,,,,6,4.0,4.0,3.0,4.0,2.0,3.0,,,,COMPLETE
