,number,value,datetime_start,datetime_complete,duration,params_depth,params_neurons_layer_0,params_neurons_layer_1,params_neurons_layer_2,params_neurons_layer_3,params_neurons_layer_4,params_neurons_layer_5,params_neurons_layer_6,params_neurons_layer_7,params_neurons_layer_8,params_neurons_layer_9,params_orders_layer_0,params_orders_layer_1,params_orders_layer_2,params_orders_layer_3,params_orders_layer_4,params_orders_layer_5,params_orders_layer_6,params_orders_layer_7,params_orders_layer_8,params_orders_layer_9,state
879,879,0.8865245265073727,2025-01-03 07:27:38.330828,2025-01-03 07:28:08.861954,0 days 00:00:30.531126,5,15,5.0,50.0,50.0,15.0,,,,,,4,3.0,2.0,3.0,2.0,,,,,,COMPLETE
880,880,0.8903604755723291,2025-01-03 07:28:08.862844,2025-01-03 07:28:39.363474,0 days 00:00:30.500630,5,25,5.0,50.0,50.0,20.0,,,,,,4,3.0,2.0,3.0,2.0,,,,,,COMPLETE
881,881,0.8511765795700305,2025-01-03 07:28:39.364148,2025-01-03 07:29:15.731972,0 days 00:00:36.367824,5,50,5.0,55.0,55.0,25.0,,,,,,4,3.0,2.0,3.0,2.0,,,,,,COMPLETE
882,882,0.8481633809761098,2025-01-03 07:29:15.732778,2025-01-03 07:29:46.776495,0 days 00:00:31.043717,5,15,10.0,55.0,55.0,25.0,,,,,,4,3.0,2.0,3.0,2.0,,,,,,COMPLETE
883,883,0.7972719734738416,2025-01-03 07:29:46.777243,2025-01-03 07:30:17.656116,0 days 00:00:30.878873,5,20,5.0,50.0,50.0,20.0,,,,,,4,3.0,2.0,3.0,2.0,,,,,,COMPLETE
884,884,0.8728499328891239,2025-01-03 07:30:17.656789,2025-01-03 07:31:01.019986,0 days 00:00:43.363197,5,100,5.0,50.0,45.0,15.0,,,,,,4,3.0,2.0,3.0,2.0,,,,,,COMPLETE
885,885,0.8682042289404218,2025-01-03 07:31:01.020881,2025-01-03 07:31:32.048666,0 days 00:00:31.027785,5,15,10.0,55.0,55.0,20.0,,,,,,4,3.0,2.0,3.0,2.0,,,,,,COMPLETE
886,886,0.8265540825616771,2025-01-03 07:31:32.049346,2025-01-03 07:32:03.266253,0 days 00:00:31.216907,5,20,10.0,55.0,55.0,15.0,,,,,,4,3.0,2.0,3.0,2.0,,,,,,COMPLETE
887,887,0.8414272988926453,2025-01-03 07:32:03.267056,2025-01-03 07:34:04.357852,0 days 00:02:01.090796,10,25,5.0,60.0,50.0,25.0,90.0,95.0,100.0,95.0,45.0,4,3.0,2.0,3.0,2.0,5.0,2.0,6.0,4.0,5.0,COMPLETE
888,888,0.8522103947367055,2025-01-03 07:34:04.358954,2025-01-03 07:34:35.819268,0 days 00:00:31.460314,5,20,5.0,50.0,55.0,30.0,,,,,,4,3.0,2.0,3.0,2.0,,,,,,COMPLETE
889,889,0.8371220884903122,2025-01-03 07:34:35.819975,2025-01-03 07:35:07.116909,0 days 00:00:31.296934,5,15,10.0,60.0,50.0,25.0,,,,,,4,3.0,2.0,3.0,2.0,,,,,,COMPLETE
890,890,0.8734570582047347,2025-01-03 07:35:07.117825,2025-01-03 07:35:42.973161,0 days 00:00:35.855336,5,15,50.0,55.0,55.0,20.0,,,,,,4,3.0,2.0,3.0,2.0,,,,,,COMPLETE
891,891,0.8749762900068572,2025-01-03 07:35:42.973870,2025-01-03 07:36:14.566921,0 days 00:00:31.593051,5,20,5.0,50.0,45.0,20.0,,,,,,4,3.0,2.0,4.0,2.0,,,,,,COMPLETE
892,892,0.8954627031974591,2025-01-03 07:36:14.567800,2025-01-03 07:36:44.783004,0 days 00:00:30.215204,5,15,10.0,50.0,50.0,15.0,,,,,,4,3.0,2.0,3.0,2.0,,,,,,COMPLETE
893,893,0.8519408696104662,2025-01-03 07:36:44.783814,2025-01-03 07:37:14.364453,0 days 00:00:29.580639,5,15,10.0,50.0,50.0,10.0,,,,,,4,3.0,2.0,3.0,2.0,,,,,,COMPLETE
894,894,0.889522419840898,2025-01-03 07:37:14.365136,2025-01-03 07:37:44.201536,0 days 00:00:29.836400,5,20,10.0,50.0,45.0,15.0,,,,,,4,3.0,2.0,3.0,2.0,,,,,,COMPLETE
895,895,0.8518641281459576,2025-01-03 07:37:44.202396,2025-01-03 07:38:14.313289,0 days 00:00:30.110893,5,20,10.0,50.0,50.0,15.0,,,,,,4,3.0,2.0,3.0,2.0,,,,,,COMPLETE
896,896,0.8919037481730536,2025-01-03 07:38:14.314033,2025-01-03 07:38:44.496341,0 days 00:00:30.182308,5,15,10.0,55.0,50.0,15.0,,,,,,4,3.0,2.0,3.0,2.0,,,,,,COMPLETE
897,897,0.8675410848139165,2025-01-03 07:38:44.497018,2025-01-03 07:39:17.883354,0 days 00:00:33.386336,5,25,10.0,80.0,50.0,10.0,,,,,,4,3.0,2.0,3.0,2.0,,,,,,COMPLETE
898,898,0.8530215944901968,2025-01-03 07:39:17.884186,2025-01-03 07:39:48.298117,0 days 00:00:30.413931,5,15,10.0,50.0,55.0,15.0,,,,,,4,3.0,2.0,3.0,2.0,,,,,,COMPLETE
899,899,0.8186196135453317,2025-01-03 07:39:48.298874,2025-01-03 07:40:22.923071,0 days 00:00:34.624197,5,20,10.0,50.0,50.0,65.0,,,,,,4,3.0,2.0,3.0,2.0,,,,,,COMPLETE
900,900,0.8415702019457063,2025-01-03 07:40:22.923743,2025-01-03 07:40:52.896557,0 days 00:00:29.972814,5,20,10.0,55.0,45.0,15.0,,,,,,4,3.0,2.0,3.0,2.0,,,,,,COMPLETE
901,901,0.8742739630909222,2025-01-03 07:40:52.897383,2025-01-03 07:41:35.877050,0 days 00:00:42.979667,5,90,10.0,50.0,55.0,20.0,,,,,,4,3.0,2.0,3.0,2.0,,,,,,COMPLETE
902,902,0.8237903996940141,2025-01-03 07:41:35.877816,2025-01-03 07:42:05.174553,0 days 00:00:29.296737,5,15,5.0,55.0,60.0,10.0,,,,,,4,3.0,2.0,3.0,2.0,,,,,,COMPLETE
903,903,0.8681095538365632,2025-01-03 07:42:05.175237,2025-01-03 07:42:36.156407,0 days 00:00:30.981170,5,25,5.0,50.0,50.0,20.0,,,,,,4,3.0,2.0,3.0,2.0,,,,,,COMPLETE
904,904,0.8807169519429369,2025-01-03 07:42:36.157323,2025-01-03 07:43:07.258355,0 days 00:00:31.101032,5,20,10.0,50.0,55.0,15.0,,,,,,4,3.0,2.0,3.0,2.0,,,,,,COMPLETE
905,905,0.8466132806818532,2025-01-03 07:43:07.259043,2025-01-03 07:43:40.671255,0 days 00:00:33.412212,5,40,5.0,55.0,45.0,15.0,,,,,,4,4.0,2.0,3.0,2.0,,,,,,COMPLETE
906,906,0.8369597459092155,2025-01-03 07:43:40.671920,2025-01-03 07:44:46.050694,0 days 00:01:05.378774,9,10,10.0,60.0,50.0,20.0,95.0,25.0,40.0,10.0,,4,3.0,2.0,3.0,2.0,5.0,2.0,5.0,4.0,,COMPLETE
907,907,0.8696662543022585,2025-01-03 07:44:46.051595,2025-01-03 07:45:18.197134,0 days 00:00:32.145539,5,20,5.0,55.0,60.0,15.0,,,,,,4,3.0,2.0,3.0,2.0,,,,,,COMPLETE
908,908,0.886748916223884,2025-01-03 07:45:18.197985,2025-01-03 07:45:55.116792,0 days 00:00:36.918807,5,15,65.0,50.0,55.0,10.0,,,,,,4,3.0,2.0,3.0,2.0,,,,,,COMPLETE
909,909,0.8898660988741827,2025-01-03 07:45:55.117593,2025-01-03 07:46:26.693916,0 days 00:00:31.576323,5,25,10.0,50.0,55.0,20.0,,,,,,4,3.0,2.0,3.0,2.0,,,,,,COMPLETE
910,910,0.8906542078893529,2025-01-03 07:46:26.694625,2025-01-03 07:46:58.166273,0 days 00:00:31.471648,5,15,5.0,55.0,60.0,25.0,,,,,,4,3.0,2.0,3.0,2.0,,,,,,COMPLETE
911,911,0.8730592800599757,2025-01-03 07:46:58.167220,2025-01-03 07:47:29.710768,0 days 00:00:31.543548,5,20,10.0,60.0,50.0,20.0,,,,,,4,3.0,2.0,3.0,2.0,,,,,,COMPLETE
912,912,0.873641801034338,2025-01-03 07:47:29.711475,2025-01-03 07:49:11.067976,0 days 00:01:41.356501,10,15,5.0,55.0,45.0,10.0,100.0,35.0,35.0,85.0,100.0,4,3.0,2.0,3.0,2.0,5.0,4.0,5.0,5.0,2.0,COMPLETE
913,913,0.8658728272480222,2025-01-03 07:49:11.069113,2025-01-03 07:49:41.956747,0 days 00:00:30.887634,5,20,5.0,50.0,55.0,15.0,,,,,,4,3.0,2.0,3.0,2.0,,,,,,COMPLETE
914,914,0.8797081171108079,2025-01-03 07:49:41.957612,2025-01-03 07:50:13.477288,0 days 00:00:31.519676,5,15,10.0,50.0,60.0,25.0,,,,,,4,3.0,2.0,3.0,2.0,,,,,,COMPLETE
915,915,0.8273675443665764,2025-01-03 07:50:13.478114,2025-01-03 07:50:43.651481,0 days 00:00:30.173367,5,10,5.0,55.0,50.0,20.0,,,,,,4,3.0,2.0,3.0,2.0,,,,,,COMPLETE
916,916,0.8502075178080009,2025-01-03 07:50:43.652175,2025-01-03 07:52:07.187710,0 days 00:01:23.535535,9,85,5.0,60.0,55.0,15.0,80.0,15.0,30.0,20.0,,4,3.0,2.0,3.0,2.0,5.0,2.0,6.0,4.0,,COMPLETE
917,917,0.8661542187592997,2025-01-03 07:52:07.188845,2025-01-03 07:52:38.024343,0 days 00:00:30.835498,5,20,10.0,50.0,45.0,25.0,,,,,,4,3.0,2.0,3.0,2.0,,,,,,COMPLETE
918,918,0.8584532699731335,2025-01-03 07:52:38.025221,2025-01-03 07:53:10.636830,0 days 00:00:32.611609,5,20,10.0,50.0,50.0,15.0,,,,,,4,3.0,2.0,4.0,2.0,,,,,,COMPLETE
919,919,0.88459773912571,2025-01-03 07:53:10.637637,2025-01-03 07:53:41.835505,0 days 00:00:31.197868,5,15,5.0,75.0,55.0,20.0,,,,,,4,3.0,2.0,3.0,2.0,,,,,,COMPLETE
920,920,0.8328612187179096,2025-01-03 07:53:41.836232,2025-01-03 07:54:12.960004,0 days 00:00:31.123772,5,25,5.0,60.0,65.0,20.0,,,,,,4,3.0,2.0,2.0,2.0,,,,,,COMPLETE
921,921,0.8727480048855352,2025-01-03 07:54:12.960945,2025-01-03 07:54:41.599582,0 days 00:00:28.638637,5,20,10.0,55.0,55.0,10.0,,,,,,4,3.0,2.0,2.0,2.0,,,,,,COMPLETE
922,922,0.8497880362036361,2025-01-03 07:54:41.600291,2025-01-03 07:55:12.156150,0 days 00:00:30.555859,5,15,5.0,50.0,60.0,20.0,,,,,,4,3.0,2.0,3.0,2.0,,,,,,COMPLETE
923,923,0.8785004663611714,2025-01-03 07:55:12.156846,2025-01-03 07:56:42.880131,0 days 00:01:30.723285,10,15,5.0,45.0,50.0,25.0,85.0,25.0,85.0,15.0,55.0,4,3.0,2.0,2.0,2.0,5.0,2.0,5.0,5.0,5.0,COMPLETE
924,924,0.8583845186803334,2025-01-03 07:56:42.881163,2025-01-03 07:57:13.378233,0 days 00:00:30.497070,4,20,10.0,55.0,60.0,,,,,,,4,4.0,2.0,3.0,,,,,,,COMPLETE
925,925,0.86215737759062,2025-01-03 07:57:13.379012,2025-01-03 07:57:41.844392,0 days 00:00:28.465380,5,25,5.0,50.0,50.0,15.0,,,,,,4,3.0,2.0,2.0,2.0,,,,,,COMPLETE
926,926,0.8693878729512514,2025-01-03 07:57:41.845125,2025-01-03 07:58:10.073315,0 days 00:00:28.228190,5,15,10.0,45.0,55.0,10.0,,,,,,4,3.0,2.0,2.0,2.0,,,,,,COMPLETE
927,927,0.8806266921067701,2025-01-03 07:58:10.074002,2025-01-03 07:58:37.267119,0 days 00:00:27.193117,4,20,5.0,55.0,45.0,,,,,,,4,3.0,2.0,3.0,,,,,,,COMPLETE
928,928,0.8792985060264927,2025-01-03 07:58:37.268064,2025-01-03 07:59:06.839747,0 days 00:00:29.571683,5,10,10.0,60.0,55.0,25.0,,,,,,4,3.0,2.0,2.0,2.0,,,,,,COMPLETE
929,929,0.8832866048159431,2025-01-03 07:59:06.840472,2025-01-03 07:59:38.703844,0 days 00:00:31.863372,5,45,5.0,45.0,50.0,30.0,,,,,,4,3.0,2.0,2.0,2.0,,,,,,COMPLETE
930,930,0.8588280551603434,2025-01-03 07:59:38.704522,2025-01-03 08:00:07.265153,0 days 00:00:28.560631,5,20,5.0,50.0,55.0,20.0,,,,,,4,3.0,2.0,2.0,2.0,,,,,,COMPLETE
931,931,0.8815811334444128,2025-01-03 08:00:07.266071,2025-01-03 08:00:35.775437,0 days 00:00:28.509366,4,20,10.0,50.0,60.0,,,,,,,4,3.0,2.0,3.0,,,,,,,COMPLETE
932,932,0.847321128377029,2025-01-03 08:00:35.776100,2025-01-03 08:01:06.005517,0 days 00:00:30.229417,5,15,10.0,45.0,45.0,25.0,,,,,,4,3.0,2.0,3.0,2.0,,,,,,COMPLETE
933,933,0.8793228975118608,2025-01-03 08:01:06.006186,2025-01-03 08:01:35.939858,0 days 00:00:29.933672,4,15,50.0,55.0,50.0,,,,,,,4,3.0,2.0,2.0,,,,,,,COMPLETE
934,934,0.8756750442965906,2025-01-03 08:01:35.940763,2025-01-03 08:03:05.000664,0 days 00:01:29.059901,10,25,5.0,60.0,55.0,10.0,95.0,30.0,40.0,25.0,95.0,4,3.0,2.0,4.0,2.0,5.0,4.0,6.0,4.0,2.0,COMPLETE
935,935,0.8729874063446517,2025-01-03 08:03:05.001801,2025-01-03 08:03:34.323969,0 days 00:00:29.322168,5,10,5.0,50.0,65.0,20.0,,,,,,4,3.0,2.0,2.0,2.0,,,,,,COMPLETE
936,936,0.8286427717637356,2025-01-03 08:03:34.324694,2025-01-03 08:04:08.098176,0 days 00:00:33.773482,5,20,10.0,70.0,60.0,15.0,,,,,,4,3.0,2.0,3.0,2.0,,,,,,COMPLETE
937,937,0.8941535245948578,2025-01-03 08:04:08.098893,2025-01-03 08:04:34.232146,0 days 00:00:26.133253,4,20,5.0,55.0,55.0,,,,,,,4,3.0,2.0,2.0,,,,,,,COMPLETE
938,938,0.8775086600272584,2025-01-03 08:04:34.233064,2025-01-03 08:05:06.040388,0 days 00:00:31.807324,4,60,5.0,55.0,55.0,,,,,,,4,3.0,2.0,2.0,,,,,,,COMPLETE
939,939,0.8687683259168955,2025-01-03 08:05:06.041068,2025-01-03 08:05:32.539869,0 days 00:00:26.498801,4,25,5.0,55.0,55.0,,,,,,,4,3.0,2.0,2.0,,,,,,,COMPLETE
940,940,0.874385285755596,2025-01-03 08:05:32.540573,2025-01-03 08:05:58.572081,0 days 00:00:26.031508,4,25,5.0,55.0,55.0,,,,,,,4,3.0,2.0,2.0,,,,,,,COMPLETE
941,941,0.8614932968437015,2025-01-03 08:05:58.573021,2025-01-03 08:06:24.962249,0 days 00:00:26.389228,4,25,5.0,50.0,55.0,,,,,,,4,3.0,2.0,2.0,,,,,,,COMPLETE
942,942,0.879512435947094,2025-01-03 08:06:24.962904,2025-01-03 08:06:50.922589,0 days 00:00:25.959685,4,20,5.0,50.0,60.0,,,,,,,4,3.0,2.0,2.0,,,,,,,COMPLETE
943,943,0.8459604711777196,2025-01-03 08:06:50.923242,2025-01-03 08:07:16.547073,0 days 00:00:25.623831,4,20,5.0,55.0,50.0,,,,,,,4,3.0,2.0,2.0,,,,,,,COMPLETE
944,944,0.8931126275946513,2025-01-03 08:07:16.547891,2025-01-03 08:07:42.289148,0 days 00:00:25.741257,4,20,5.0,50.0,60.0,,,,,,,4,3.0,2.0,2.0,,,,,,,COMPLETE
945,945,0.879134611167375,2025-01-03 08:07:42.289894,2025-01-03 08:08:07.615749,0 days 00:00:25.325855,4,25,5.0,45.0,50.0,,,,,,,4,3.0,2.0,2.0,,,,,,,COMPLETE
946,946,0.8845758711229414,2025-01-03 08:08:07.616406,2025-01-03 08:08:32.900957,0 days 00:00:25.284551,4,20,5.0,55.0,55.0,,,,,,,4,3.0,2.0,2.0,,,,,,,COMPLETE
947,947,0.8865446398593648,2025-01-03 08:08:32.901630,2025-01-03 08:09:02.397207,0 days 00:00:29.495577,4,20,5.0,85.0,55.0,,,,,,,4,4.0,2.0,2.0,,,,,,,COMPLETE
948,948,0.8590605194212226,2025-01-03 08:09:02.398128,2025-01-03 08:09:27.890891,0 days 00:00:25.492763,4,20,5.0,50.0,50.0,,,,,,,4,3.0,2.0,2.0,,,,,,,COMPLETE
949,949,0.8619672293397564,2025-01-03 08:09:27.891565,2025-01-03 08:09:53.531816,0 days 00:00:25.640251,4,20,5.0,45.0,60.0,,,,,,,4,3.0,2.0,2.0,,,,,,,COMPLETE
950,950,0.8918885339013134,2025-01-03 08:09:53.532466,2025-01-03 08:10:19.991878,0 days 00:00:26.459412,4,25,5.0,55.0,55.0,,,,,,,4,3.0,2.0,2.0,,,,,,,COMPLETE
951,951,0.8916507154162833,2025-01-03 08:10:19.992722,2025-01-03 08:10:49.432240,0 days 00:00:29.439518,5,20,5.0,50.0,50.0,30.0,,,,,,4,3.0,2.0,2.0,2.0,,,,,,COMPLETE
952,952,0.8445206056790432,2025-01-03 08:10:49.433030,2025-01-03 08:11:27.061808,0 days 00:00:37.628778,5,25,70.0,50.0,55.0,30.0,,,,,,4,3.0,2.0,2.0,2.0,,,,,,COMPLETE
953,953,0.8432370845693758,2025-01-03 08:11:27.062491,2025-01-03 08:12:02.205974,0 days 00:00:35.143483,5,20,55.0,55.0,60.0,20.0,,,,,,4,3.0,2.0,2.0,2.0,,,,,,COMPLETE
954,954,0.8196320989832904,2025-01-03 08:12:02.206915,2025-01-03 08:12:29.626242,0 days 00:00:27.419327,4,20,10.0,50.0,50.0,,,,,,,4,3.0,2.0,3.0,,,,,,,COMPLETE
955,955,0.8895735945515346,2025-01-03 08:12:29.626904,2025-01-03 08:12:58.739427,0 days 00:00:29.112523,5,20,5.0,45.0,65.0,25.0,,,,,,4,3.0,2.0,2.0,2.0,,,,,,COMPLETE
956,956,0.8862431284585852,2025-01-03 08:12:58.740299,2025-01-03 08:13:28.911435,0 days 00:00:30.171136,5,20,10.0,45.0,55.0,15.0,,,,,,4,3.0,2.0,3.0,2.0,,,,,,COMPLETE
957,957,0.7897981250863182,2025-01-03 08:13:28.912234,2025-01-03 08:14:06.065513,0 days 00:00:37.153279,4,25,100.0,50.0,55.0,,,,,,,4,3.0,2.0,2.0,,,,,,,COMPLETE
958,958,0.850278412098119,2025-01-03 08:14:06.066173,2025-01-03 08:14:33.439580,0 days 00:00:27.373407,5,15,5.0,55.0,60.0,25.0,,,,,,4,3.0,2.0,2.0,2.0,,,,,,COMPLETE
959,959,0.8902459393736126,2025-01-03 08:14:33.440423,2025-01-03 08:15:12.793107,0 days 00:00:39.352684,5,20,65.0,55.0,55.0,30.0,,,,,,4,3.0,2.0,3.0,2.0,,,,,,COMPLETE
960,960,0.8954889384624278,2025-01-03 08:15:12.793891,2025-01-03 08:15:38.124999,0 days 00:00:25.331108,4,15,5.0,50.0,50.0,,,,,,,4,3.0,2.0,2.0,,,,,,,COMPLETE
961,961,0.8540555669480301,2025-01-03 08:15:38.125826,2025-01-03 08:16:04.173975,0 days 00:00:26.048149,4,15,10.0,50.0,50.0,,,,,,,4,3.0,2.0,2.0,,,,,,,COMPLETE
962,962,0.8161223372771211,2025-01-03 08:16:04.174743,2025-01-03 08:16:30.014311,0 days 00:00:25.839568,4,10,5.0,50.0,50.0,,,,,,,4,3.0,2.0,2.0,,,,,,,COMPLETE
963,963,0.8908422613177336,2025-01-03 08:16:30.014979,2025-01-03 08:16:54.048906,0 days 00:00:24.033927,4,15,10.0,50.0,45.0,,,,,,,4,6.0,2.0,2.0,,,,,,,COMPLETE
964,964,0.8379529625000913,2025-01-03 08:16:54.049624,2025-01-03 08:17:18.964325,0 days 00:00:24.914701,4,15,5.0,45.0,50.0,,,,,,,4,3.0,2.0,2.0,,,,,,,COMPLETE
965,965,0.7850411616607652,2025-01-03 08:17:18.965200,2025-01-03 08:17:44.380058,0 days 00:00:25.414858,4,15,5.0,50.0,50.0,,,,,,,4,3.0,2.0,2.0,,,,,,,COMPLETE
966,966,0.8867056909363874,2025-01-03 08:17:44.380841,2025-01-03 08:18:09.185907,0 days 00:00:24.805066,4,10,5.0,45.0,45.0,,,,,,,4,3.0,2.0,2.0,,,,,,,COMPLETE
967,967,0.891629009786157,2025-01-03 08:18:09.186617,2025-01-03 08:18:35.093510,0 days 00:00:25.906893,4,15,10.0,50.0,50.0,,,,,,,4,3.0,2.0,2.0,,,,,,,COMPLETE
968,968,0.8342907547587851,2025-01-03 08:18:35.094192,2025-01-03 08:19:02.189486,0 days 00:00:27.095294,4,10,10.0,50.0,50.0,,,,,,,4,4.0,2.0,2.0,,,,,,,COMPLETE
969,969,0.8741101481162337,2025-01-03 08:19:02.190444,2025-01-03 08:19:27.734056,0 days 00:00:25.543612,4,15,5.0,45.0,50.0,,,,,,,4,3.0,2.0,2.0,,,,,,,COMPLETE
970,970,0.8877062329049041,2025-01-03 08:19:27.734741,2025-01-03 08:19:52.616328,0 days 00:00:24.881587,4,15,5.0,50.0,45.0,,,,,,,4,3.0,2.0,2.0,,,,,,,COMPLETE
971,971,0.8966746989452186,2025-01-03 08:19:52.616978,2025-01-03 08:20:18.183438,0 days 00:00:25.566460,4,15,10.0,50.0,50.0,,,,,,,4,3.0,2.0,2.0,,,,,,,COMPLETE
972,972,0.854455834367344,2025-01-03 08:20:18.184291,2025-01-03 08:20:43.114734,0 days 00:00:24.930443,4,10,10.0,50.0,45.0,,,,,,,4,3.0,2.0,2.0,,,,,,,COMPLETE
973,973,0.8802668254631181,2025-01-03 08:20:43.115482,2025-01-03 08:21:08.420497,0 days 00:00:25.305015,4,10,10.0,55.0,50.0,,,,,,,4,3.0,2.0,2.0,,,,,,,COMPLETE
974,974,0.83479290889842,2025-01-03 08:21:08.421168,2025-01-03 08:21:33.809072,0 days 00:00:25.387904,4,15,10.0,50.0,50.0,,,,,,,4,3.0,2.0,2.0,,,,,,,COMPLETE
975,975,0.8662381388426943,2025-01-03 08:21:33.809736,2025-01-03 08:21:59.149680,0 days 00:00:25.339944,4,10,10.0,50.0,45.0,,,,,,,4,3.0,2.0,2.0,,,,,,,COMPLETE
976,976,0.8516305287289287,2025-01-03 08:21:59.150513,2025-01-03 08:22:23.550369,0 days 00:00:24.399856,4,15,10.0,55.0,50.0,,,,,,,4,3.0,2.0,2.0,,,,,,,COMPLETE
977,977,0.8930260337842939,2025-01-03 08:22:23.551132,2025-01-03 08:22:48.811821,0 days 00:00:25.260689,4,15,10.0,50.0,50.0,,,,,,,4,3.0,2.0,2.0,,,,,,,COMPLETE
978,978,0.8673369871211267,2025-01-03 08:22:48.812480,2025-01-03 08:23:14.756247,0 days 00:00:25.943767,4,15,10.0,55.0,50.0,,,,,,,4,3.0,2.0,2.0,,,,,,,COMPLETE
979,979,0.8445263012223237,2025-01-03 08:23:14.756914,2025-01-03 08:23:51.901779,0 days 00:00:37.144865,4,65,10.0,50.0,45.0,,,,,,,4,3.0,2.0,4.0,,,,,,,COMPLETE
980,980,0.777049380473283,2025-01-03 08:23:51.902720,2025-01-03 08:24:17.933532,0 days 00:00:26.030812,4,15,10.0,50.0,65.0,,,,,,,4,3.0,2.0,2.0,,,,,,,COMPLETE
981,981,0.8843640887081925,2025-01-03 08:24:17.934194,2025-01-03 08:24:44.008722,0 days 00:00:26.074528,4,10,10.0,80.0,50.0,,,,,,,4,3.0,2.0,2.0,,,,,,,COMPLETE
982,982,0.7769881242402754,2025-01-03 08:24:44.009550,2025-01-03 08:25:09.194039,0 days 00:00:25.184489,4,15,10.0,55.0,50.0,,,,,,,4,3.0,2.0,2.0,,,,,,,COMPLETE
983,983,0.8779170673191967,2025-01-03 08:25:09.194794,2025-01-03 08:25:39.372725,0 days 00:00:30.177931,4,15,60.0,50.0,45.0,,,,,,,4,3.0,2.0,2.0,,,,,,,COMPLETE
984,984,0.831461925860693,2025-01-03 08:25:39.373418,2025-01-03 08:26:04.766452,0 days 00:00:25.393034,4,10,5.0,55.0,50.0,,,,,,,4,3.0,2.0,2.0,,,,,,,COMPLETE
985,985,0.883835743144328,2025-01-03 08:26:04.767108,2025-01-03 08:26:38.965588,0 days 00:00:34.198480,4,15,95.0,50.0,50.0,,,,,,,4,3.0,2.0,2.0,,,,,,,COMPLETE
986,986,0.8741225558053334,2025-01-03 08:26:38.966524,2025-01-03 08:27:04.406249,0 days 00:00:25.439725,4,15,5.0,55.0,55.0,,,,,,,4,3.0,2.0,2.0,,,,,,,COMPLETE
987,987,0.80690000954648,2025-01-03 08:27:04.406918,2025-01-03 08:27:29.262672,0 days 00:00:24.855754,4,15,10.0,50.0,45.0,,,,,,,4,3.0,2.0,2.0,,,,,,,COMPLETE
988,988,0.8170943810846032,2025-01-03 08:27:29.263522,2025-01-03 08:28:02.738420,0 days 00:00:33.474898,4,10,85.0,55.0,50.0,,,,,,,4,3.0,2.0,2.0,,,,,,,COMPLETE
989,989,0.8409469700656054,2025-01-03 08:28:02.739185,2025-01-03 08:28:28.218387,0 days 00:00:25.479202,4,15,10.0,50.0,55.0,,,,,,,4,3.0,2.0,2.0,,,,,,,COMPLETE
990,990,0.8774594161303622,2025-01-03 08:28:28.219048,2025-01-03 08:28:53.558179,0 days 00:00:25.339131,4,15,5.0,50.0,55.0,,,,,,,4,3.0,2.0,2.0,,,,,,,COMPLETE
991,991,0.8688687933514452,2025-01-03 08:28:53.559018,2025-01-03 08:29:18.647357,0 days 00:00:25.088339,4,15,10.0,50.0,50.0,,,,,,,4,3.0,2.0,2.0,,,,,,,COMPLETE
992,992,0.8777097611662072,2025-01-03 08:29:18.648105,2025-01-03 08:29:42.107285,0 days 00:00:23.459180,4,15,5.0,45.0,60.0,,,,,,,4,3.0,2.0,2.0,,,,,,,COMPLETE
993,993,0.8787987697910098,2025-01-03 08:29:42.107952,2025-01-03 08:30:06.096549,0 days 00:00:23.988597,4,10,5.0,55.0,65.0,,,,,,,4,3.0,2.0,2.0,,,,,,,COMPLETE
994,994,0.8909857054111332,2025-01-03 08:30:06.097236,2025-01-03 08:30:31.250593,0 days 00:00:25.153357,4,15,10.0,50.0,45.0,,,,,,,4,3.0,2.0,2.0,,,,,,,COMPLETE
995,995,0.8703265864777687,2025-01-03 08:30:31.251460,2025-01-03 08:31:16.897282,0 days 00:00:45.645822,6,20,5.0,70.0,50.0,15.0,85.0,,,,,4,3.0,2.0,2.0,2.0,4.0,,,,,COMPLETE
996,996,0.84219628927261,2025-01-03 08:31:16.898095,2025-01-03 08:31:42.640966,0 days 00:00:25.742871,4,15,10.0,55.0,55.0,,,,,,,4,3.0,2.0,2.0,,,,,,,COMPLETE
997,997,0.8609795913100147,2025-01-03 08:31:42.641639,2025-01-03 08:32:06.296654,0 days 00:00:23.655015,4,10,5.0,45.0,60.0,,,,,,,4,3.0,2.0,2.0,,,,,,,COMPLETE
998,998,0.7572043597814024,2025-01-03 08:32:06.297565,2025-01-03 08:32:33.661932,0 days 00:00:27.364367,4,15,5.0,55.0,50.0,,,,,,,4,4.0,2.0,2.0,,,,,,,COMPLETE
999,999,0.860536170793718,2025-01-03 08:32:33.662610,2025-01-03 08:33:08.912917,0 days 00:00:35.250307,4,75,10.0,50.0,60.0,,,,,,,4,3.0,2.0,2.0,,,,,,,COMPLETE
