,number,value,datetime_start,datetime_complete,duration,params_depth,params_neurons_layer_0,params_neurons_layer_1,params_neurons_layer_2,params_neurons_layer_3,params_neurons_layer_4,params_neurons_layer_5,params_neurons_layer_6,params_neurons_layer_7,params_neurons_layer_8,params_neurons_layer_9,params_orders_layer_0,params_orders_layer_1,params_orders_layer_2,params_orders_layer_3,params_orders_layer_4,params_orders_layer_5,params_orders_layer_6,params_orders_layer_7,params_orders_layer_8,params_orders_layer_9,state
716,716,0.864966976182288,2025-01-06 00:15:52.133515,2025-01-06 00:16:58.839701,0 days 00:01:06.706186,8,10,20.0,5.0,5.0,100.0,30.0,70.0,85.0,,,3,4.0,3.0,2.0,3.0,6.0,6.0,6.0,,,COMPLETE
717,717,0.8530418297405391,2025-01-06 00:16:58.840518,2025-01-06 00:17:55.078602,0 days 00:00:56.238084,8,10,20.0,10.0,5.0,100.0,25.0,75.0,80.0,,,3,4.0,3.0,2.0,3.0,6.0,2.0,6.0,,,COMPLETE
718,718,0.8612612480658501,2025-01-06 00:17:55.079377,2025-01-06 00:18:52.398181,0 days 00:00:57.318804,8,5,20.0,5.0,5.0,100.0,30.0,75.0,95.0,,,3,4.0,3.0,2.0,3.0,6.0,2.0,6.0,,,COMPLETE
719,719,0.8829956456715411,2025-01-06 00:18:52.399057,2025-01-06 00:19:48.877232,0 days 00:00:56.478175,8,10,15.0,10.0,5.0,95.0,30.0,70.0,90.0,,,3,4.0,3.0,2.0,3.0,6.0,2.0,6.0,,,COMPLETE
720,720,0.8777830815915988,2025-01-06 00:19:48.877938,2025-01-06 00:20:43.558074,0 days 00:00:54.680136,8,10,20.0,5.0,5.0,100.0,35.0,75.0,85.0,,,3,4.0,3.0,2.0,3.0,6.0,2.0,5.0,,,COMPLETE
721,721,0.8740573476315019,2025-01-06 00:20:43.558956,2025-01-06 00:21:38.147220,0 days 00:00:54.588264,8,5,20.0,10.0,5.0,95.0,20.0,75.0,95.0,,,3,4.0,3.0,2.0,3.0,6.0,2.0,6.0,,,COMPLETE
722,722,0.890650082511315,2025-01-06 00:21:38.148020,2025-01-06 00:22:37.068313,0 days 00:00:58.920293,9,10,10.0,5.0,5.0,20.0,25.0,65.0,80.0,5.0,,3,4.0,3.0,2.0,3.0,6.0,2.0,5.0,5.0,,COMPLETE
723,723,0.8416197492913666,2025-01-06 00:22:37.069125,2025-01-06 00:23:35.322022,0 days 00:00:58.252897,9,5,10.0,5.0,5.0,25.0,25.0,65.0,80.0,10.0,,3,4.0,3.0,2.0,3.0,6.0,2.0,5.0,5.0,,COMPLETE
724,724,0.8844768986479201,2025-01-06 00:23:35.322884,2025-01-06 00:24:20.644570,0 days 00:00:45.321686,10,10,10.0,5.0,5.0,100.0,20.0,60.0,75.0,5.0,40.0,3,4.0,3.0,2.0,3.0,6.0,2.0,5.0,5.0,3.0,COMPLETE
725,725,0.8538463433865563,2025-01-06 00:24:20.645314,2025-01-06 00:25:11.330801,0 days 00:00:50.685487,9,10,10.0,5.0,5.0,100.0,15.0,60.0,75.0,5.0,,3,4.0,3.0,2.0,3.0,6.0,2.0,5.0,5.0,,COMPLETE
726,726,0.8898286003844869,2025-01-06 00:25:11.331739,2025-01-06 00:26:12.266041,0 days 00:01:00.934302,10,10,10.0,5.0,35.0,100.0,20.0,65.0,80.0,20.0,40.0,3,4.0,3.0,2.0,3.0,6.0,2.0,5.0,5.0,3.0,COMPLETE
727,727,0.8337950961744947,2025-01-06 00:26:12.266998,2025-01-06 00:27:16.994112,0 days 00:01:04.727114,10,5,10.0,5.0,35.0,100.0,20.0,65.0,80.0,5.0,40.0,3,4.0,3.0,2.0,3.0,5.0,2.0,5.0,5.0,3.0,COMPLETE
728,728,0.8857458475256815,2025-01-06 00:27:16.994869,2025-01-06 00:28:09.531949,0 days 00:00:52.537080,10,10,10.0,5.0,35.0,100.0,20.0,65.0,70.0,20.0,45.0,3,4.0,3.0,2.0,3.0,6.0,2.0,5.0,6.0,3.0,COMPLETE
729,729,0.8393341584467864,2025-01-06 00:28:09.532913,2025-01-06 00:28:41.209903,0 days 00:00:31.676990,10,5,5.0,5.0,35.0,100.0,20.0,65.0,70.0,20.0,45.0,3,4.0,3.0,2.0,3.0,6.0,2.0,5.0,6.0,2.0,COMPLETE
730,730,0.8600584684836974,2025-01-06 00:28:41.210634,2025-01-06 00:29:50.653514,0 days 00:01:09.442880,10,80,10.0,5.0,35.0,100.0,15.0,65.0,70.0,10.0,30.0,3,4.0,3.0,2.0,3.0,6.0,2.0,5.0,6.0,3.0,COMPLETE
731,731,0.7981714474943906,2025-01-06 00:29:50.654528,2025-01-06 00:30:39.730587,0 days 00:00:49.076059,10,10,10.0,5.0,35.0,100.0,20.0,65.0,65.0,25.0,35.0,3,4.0,3.0,2.0,3.0,6.0,2.0,5.0,6.0,3.0,COMPLETE
732,732,0.8346402458236293,2025-01-06 00:30:39.731590,2025-01-06 00:31:44.663194,0 days 00:01:04.931604,10,10,10.0,5.0,30.0,100.0,20.0,60.0,80.0,20.0,15.0,3,4.0,3.0,2.0,3.0,6.0,2.0,5.0,6.0,2.0,COMPLETE
733,733,0.8080706042484674,2025-01-06 00:31:44.664043,2025-01-06 00:32:55.093491,0 days 00:01:10.429448,10,10,10.0,5.0,35.0,95.0,20.0,65.0,75.0,15.0,45.0,3,4.0,3.0,2.0,3.0,6.0,4.0,5.0,5.0,3.0,COMPLETE
734,734,0.8339102905402008,2025-01-06 00:32:55.094282,2025-01-06 00:33:52.053003,0 days 00:00:56.958721,10,5,5.0,5.0,35.0,95.0,15.0,65.0,85.0,25.0,35.0,3,4.0,3.0,2.0,3.0,6.0,2.0,5.0,6.0,2.0,COMPLETE
735,735,0.8503483447440704,2025-01-06 00:33:52.053910,2025-01-06 00:34:59.728950,0 days 00:01:07.675040,10,10,10.0,5.0,35.0,100.0,25.0,65.0,85.0,10.0,55.0,3,4.0,3.0,2.0,3.0,6.0,2.0,5.0,5.0,3.0,COMPLETE
736,736,0.8640501687671499,2025-01-06 00:34:59.729950,2025-01-06 00:35:29.562487,0 days 00:00:29.832537,10,10,5.0,5.0,35.0,100.0,15.0,60.0,75.0,35.0,25.0,3,4.0,3.0,2.0,3.0,6.0,2.0,5.0,5.0,3.0,COMPLETE
737,737,0.8274488142386545,2025-01-06 00:35:29.563272,2025-01-06 00:36:33.982345,0 days 00:01:04.419073,10,5,15.0,5.0,30.0,95.0,25.0,70.0,90.0,20.0,45.0,3,4.0,3.0,2.0,3.0,6.0,3.0,5.0,6.0,5.0,COMPLETE
738,738,0.8463732514510793,2025-01-06 00:36:33.983329,2025-01-06 00:37:28.570398,0 days 00:00:54.587069,10,10,10.0,5.0,35.0,100.0,20.0,70.0,80.0,40.0,60.0,3,4.0,3.0,2.0,3.0,6.0,2.0,5.0,6.0,2.0,COMPLETE
739,739,0.8855977173148699,2025-01-06 00:37:28.571267,2025-01-06 00:38:11.315178,0 days 00:00:42.743911,10,10,15.0,5.0,40.0,100.0,10.0,65.0,70.0,15.0,30.0,3,4.0,3.0,2.0,3.0,6.0,2.0,5.0,5.0,4.0,COMPLETE
740,740,0.8409470761355271,2025-01-06 00:38:11.316009,2025-01-06 00:39:04.554102,0 days 00:00:53.238093,10,10,15.0,5.0,35.0,95.0,10.0,70.0,65.0,15.0,30.0,3,4.0,3.0,2.0,3.0,6.0,2.0,5.0,5.0,4.0,COMPLETE
741,741,0.8570361332111657,2025-01-06 00:39:04.554991,2025-01-06 00:40:07.347649,0 days 00:01:02.792658,10,5,10.0,5.0,40.0,100.0,15.0,65.0,70.0,30.0,35.0,3,5.0,3.0,2.0,3.0,6.0,2.0,5.0,5.0,5.0,COMPLETE
742,742,0.8597937629862176,2025-01-06 00:40:07.348544,2025-01-06 00:41:12.650778,0 days 00:01:05.302234,10,10,5.0,5.0,40.0,100.0,15.0,60.0,60.0,5.0,50.0,3,4.0,3.0,2.0,3.0,6.0,2.0,5.0,5.0,3.0,COMPLETE
743,743,0.8598079498011906,2025-01-06 00:41:12.651739,2025-01-06 00:42:13.646128,0 days 00:01:00.994389,10,10,15.0,5.0,40.0,95.0,15.0,70.0,70.0,25.0,25.0,3,4.0,3.0,2.0,3.0,6.0,2.0,5.0,4.0,4.0,COMPLETE
744,744,0.7894018948434223,2025-01-06 00:42:13.647092,2025-01-06 00:43:07.613748,0 days 00:00:53.966656,10,5,10.0,5.0,35.0,95.0,10.0,60.0,65.0,20.0,45.0,3,4.0,3.0,2.0,3.0,6.0,2.0,5.0,6.0,3.0,COMPLETE
745,745,0.8717626284448909,2025-01-06 00:43:07.614522,2025-01-06 00:44:06.336837,0 days 00:00:58.722315,10,100,5.0,5.0,40.0,100.0,10.0,70.0,75.0,15.0,20.0,3,6.0,3.0,2.0,3.0,6.0,5.0,5.0,5.0,5.0,COMPLETE
746,746,0.8834996245491259,2025-01-06 00:44:06.337870,2025-01-06 00:45:11.871703,0 days 00:01:05.533833,10,10,15.0,5.0,35.0,95.0,5.0,65.0,70.0,10.0,5.0,3,4.0,3.0,2.0,3.0,6.0,3.0,5.0,4.0,4.0,COMPLETE
747,747,0.8363227264258655,2025-01-06 00:45:11.872672,2025-01-06 00:46:17.272170,0 days 00:01:05.399498,10,5,10.0,95.0,30.0,100.0,5.0,75.0,60.0,15.0,55.0,3,4.0,3.0,2.0,3.0,6.0,2.0,5.0,4.0,5.0,COMPLETE
748,748,0.8606676812389662,2025-01-06 00:46:17.273040,2025-01-06 00:47:06.231317,0 days 00:00:48.958277,10,10,15.0,5.0,40.0,95.0,20.0,65.0,65.0,5.0,35.0,3,4.0,3.0,2.0,3.0,6.0,2.0,5.0,5.0,6.0,COMPLETE
749,749,0.8743185132277195,2025-01-06 00:47:06.232209,2025-01-06 00:48:10.717613,0 days 00:01:04.485404,10,10,10.0,95.0,30.0,100.0,10.0,60.0,80.0,20.0,40.0,3,4.0,3.0,2.0,3.0,6.0,2.0,5.0,6.0,4.0,COMPLETE
750,750,0.8675034860287595,2025-01-06 00:48:10.718561,2025-01-06 00:49:21.731909,0 days 00:01:11.013348,10,10,15.0,55.0,35.0,15.0,15.0,70.0,75.0,10.0,50.0,3,4.0,3.0,2.0,3.0,6.0,4.0,5.0,6.0,3.0,COMPLETE
751,751,0.8608054193384609,2025-01-06 00:49:21.732845,2025-01-06 00:50:13.314904,0 days 00:00:51.582059,9,5,10.0,5.0,40.0,95.0,20.0,65.0,70.0,25.0,,3,4.0,3.0,2.0,3.0,6.0,2.0,5.0,4.0,,COMPLETE
752,752,0.8754509774228239,2025-01-06 00:50:13.315664,2025-01-06 00:51:06.279784,0 days 00:00:52.964120,10,10,15.0,5.0,35.0,100.0,5.0,80.0,80.0,30.0,15.0,3,4.0,3.0,2.0,3.0,6.0,3.0,5.0,5.0,4.0,COMPLETE
753,753,0.8580329250451706,2025-01-06 00:51:06.280752,2025-01-06 00:51:47.980711,0 days 00:00:41.699959,10,10,5.0,10.0,30.0,100.0,10.0,70.0,75.0,35.0,60.0,3,4.0,3.0,2.0,3.0,6.0,2.0,5.0,5.0,3.0,COMPLETE
754,754,0.8752491851415585,2025-01-06 00:51:47.981472,2025-01-06 00:52:58.052318,0 days 00:01:10.070846,10,5,10.0,70.0,35.0,100.0,10.0,80.0,80.0,10.0,10.0,3,4.0,3.0,2.0,3.0,6.0,2.0,5.0,4.0,5.0,COMPLETE
755,755,0.8882818851658494,2025-01-06 00:52:58.053290,2025-01-06 00:53:51.483419,0 days 00:00:53.430129,9,10,10.0,10.0,35.0,100.0,15.0,60.0,65.0,15.0,,3,4.0,3.0,2.0,3.0,6.0,2.0,5.0,6.0,,COMPLETE
756,756,0.8692780353375149,2025-01-06 00:53:51.484353,2025-01-06 00:54:57.755240,0 days 00:01:06.270887,10,10,10.0,10.0,35.0,100.0,15.0,60.0,60.0,15.0,65.0,3,4.0,3.0,2.0,3.0,6.0,2.0,5.0,6.0,5.0,COMPLETE
757,757,0.7982642552652682,2025-01-06 00:54:57.756145,2025-01-06 00:55:50.854467,0 days 00:00:53.098322,9,5,15.0,10.0,35.0,100.0,10.0,60.0,65.0,5.0,,3,4.0,3.0,2.0,3.0,6.0,2.0,5.0,6.0,,COMPLETE
758,758,0.8350262605343266,2025-01-06 00:55:50.855329,2025-01-06 00:56:28.636311,0 days 00:00:37.780982,9,10,10.0,10.0,40.0,95.0,15.0,65.0,55.0,15.0,,3,5.0,3.0,2.0,3.0,6.0,2.0,5.0,6.0,,COMPLETE
759,759,0.858091800486966,2025-01-06 00:56:28.637155,2025-01-06 00:57:22.322285,0 days 00:00:53.685130,9,10,15.0,10.0,35.0,100.0,20.0,60.0,50.0,25.0,,3,4.0,3.0,2.0,3.0,6.0,3.0,5.0,6.0,,COMPLETE
760,760,0.8448628255942396,2025-01-06 00:57:22.323109,2025-01-06 00:58:10.349036,0 days 00:00:48.025927,9,5,10.0,10.0,30.0,95.0,15.0,60.0,70.0,20.0,,3,6.0,3.0,4.0,3.0,6.0,2.0,5.0,6.0,,COMPLETE
761,761,0.8575403814152442,2025-01-06 00:58:10.349975,2025-01-06 00:59:09.682626,0 days 00:00:59.332651,10,10,15.0,5.0,40.0,100.0,10.0,65.0,60.0,10.0,20.0,3,4.0,3.0,2.0,3.0,6.0,2.0,5.0,5.0,4.0,COMPLETE
762,762,0.853503517264797,2025-01-06 00:59:09.683487,2025-01-06 01:00:12.788416,0 days 00:01:03.104929,10,5,10.0,5.0,35.0,100.0,15.0,65.0,65.0,30.0,30.0,3,4.0,3.0,2.0,3.0,5.0,2.0,5.0,6.0,6.0,COMPLETE
763,763,0.8361689083403815,2025-01-06 01:00:12.789328,2025-01-06 01:01:13.247887,0 days 00:01:00.458559,9,10,10.0,10.0,30.0,95.0,20.0,60.0,70.0,5.0,,3,4.0,3.0,2.0,3.0,6.0,2.0,5.0,5.0,,COMPLETE
764,764,0.8828717817859493,2025-01-06 01:01:13.248843,2025-01-06 01:02:19.770857,0 days 00:01:06.522014,9,10,15.0,5.0,35.0,100.0,10.0,65.0,60.0,15.0,,3,4.0,3.0,4.0,3.0,6.0,2.0,5.0,6.0,,COMPLETE
765,765,0.8650446437050685,2025-01-06 01:02:19.771805,2025-01-06 01:03:12.452304,0 days 00:00:52.680499,10,10,10.0,10.0,30.0,95.0,5.0,60.0,55.0,25.0,45.0,3,4.0,6.0,2.0,3.0,6.0,2.0,5.0,5.0,2.0,COMPLETE
766,766,0.8686778916401383,2025-01-06 01:03:12.453177,2025-01-06 01:04:23.660131,0 days 00:01:11.206954,10,30,10.0,60.0,40.0,100.0,15.0,65.0,70.0,20.0,70.0,3,4.0,3.0,2.0,3.0,6.0,3.0,5.0,5.0,4.0,COMPLETE
767,767,0.8633534162225637,2025-01-06 01:04:23.660991,2025-01-06 01:05:17.491161,0 days 00:00:53.830170,9,5,10.0,5.0,35.0,95.0,20.0,65.0,45.0,10.0,,3,4.0,3.0,2.0,3.0,6.0,5.0,3.0,6.0,,COMPLETE
768,768,0.8815471186873263,2025-01-06 01:05:17.492136,2025-01-06 01:06:18.853884,0 days 00:01:01.361748,10,10,15.0,10.0,40.0,100.0,20.0,55.0,65.0,20.0,55.0,3,4.0,3.0,2.0,3.0,6.0,2.0,5.0,6.0,3.0,COMPLETE
769,769,0.8535816260449782,2025-01-06 01:06:18.854759,2025-01-06 01:07:24.595209,0 days 00:01:05.740450,10,10,15.0,5.0,35.0,100.0,20.0,55.0,75.0,5.0,40.0,3,4.0,3.0,2.0,3.0,6.0,2.0,3.0,5.0,6.0,COMPLETE
770,770,0.8468786082407163,2025-01-06 01:07:24.596088,2025-01-06 01:08:23.822510,0 days 00:00:59.226422,9,10,10.0,10.0,45.0,95.0,15.0,70.0,60.0,15.0,,3,5.0,3.0,2.0,6.0,6.0,2.0,5.0,5.0,,COMPLETE
771,771,0.8333930411241377,2025-01-06 01:08:23.823491,2025-01-06 01:09:24.026312,0 days 00:01:00.202821,10,5,15.0,5.0,40.0,100.0,25.0,65.0,85.0,40.0,50.0,3,4.0,3.0,2.0,3.0,6.0,3.0,5.0,3.0,2.0,COMPLETE
772,772,0.8690959918700008,2025-01-06 01:09:24.027231,2025-01-06 01:10:41.354467,0 days 00:01:17.327236,9,15,10.0,70.0,30.0,100.0,15.0,60.0,100.0,35.0,,3,4.0,3.0,2.0,6.0,6.0,2.0,5.0,6.0,,COMPLETE
773,773,0.8719218408910799,2025-01-06 01:10:41.355373,2025-01-06 01:11:46.059659,0 days 00:01:04.704286,10,10,10.0,5.0,35.0,95.0,20.0,100.0,75.0,10.0,30.0,3,4.0,3.0,4.0,3.0,6.0,2.0,4.0,4.0,3.0,COMPLETE
774,774,0.8663721993795485,2025-01-06 01:11:46.060531,2025-01-06 01:12:57.567628,0 days 00:01:11.507097,9,15,70.0,10.0,35.0,95.0,60.0,65.0,65.0,50.0,,3,4.0,3.0,2.0,4.0,6.0,2.0,3.0,5.0,,COMPLETE
775,775,0.8698710741509368,2025-01-06 01:12:57.568557,2025-01-06 01:14:20.269700,0 days 00:01:22.701143,10,85,15.0,65.0,30.0,100.0,25.0,90.0,95.0,30.0,25.0,3,4.0,3.0,2.0,3.0,6.0,2.0,5.0,6.0,4.0,COMPLETE
776,776,0.8831922040007745,2025-01-06 01:14:20.270685,2025-01-06 01:15:20.365282,0 days 00:01:00.094597,10,75,15.0,5.0,40.0,100.0,5.0,65.0,85.0,15.0,65.0,3,4.0,3.0,2.0,6.0,6.0,2.0,5.0,3.0,5.0,COMPLETE
777,777,0.8440251677092971,2025-01-06 01:15:20.366184,2025-01-06 01:16:25.947844,0 days 00:01:05.581660,10,10,10.0,75.0,30.0,95.0,10.0,70.0,70.0,25.0,40.0,3,4.0,3.0,2.0,6.0,6.0,4.0,3.0,4.0,3.0,COMPLETE
778,778,0.8302953696657869,2025-01-06 01:16:25.948712,2025-01-06 01:17:10.228614,0 days 00:00:44.279902,9,5,10.0,5.0,35.0,100.0,15.0,55.0,90.0,60.0,,3,6.0,3.0,2.0,3.0,6.0,2.0,5.0,5.0,,COMPLETE
779,779,0.859080699702224,2025-01-06 01:17:10.229577,2025-01-06 01:18:29.358951,0 days 00:01:19.129374,10,65,10.0,10.0,35.0,100.0,20.0,95.0,100.0,45.0,75.0,3,4.0,3.0,2.0,4.0,6.0,2.0,3.0,6.0,4.0,COMPLETE
780,780,0.8738996844202025,2025-01-06 01:18:29.359841,2025-01-06 01:19:38.028234,0 days 00:01:08.668393,10,15,5.0,5.0,40.0,95.0,20.0,60.0,95.0,20.0,60.0,3,4.0,3.0,2.0,3.0,6.0,2.0,4.0,4.0,5.0,COMPLETE
781,781,0.7396353235823286,2025-01-06 01:19:38.029095,2025-01-06 01:20:44.545778,0 days 00:01:06.516683,9,10,15.0,10.0,30.0,100.0,25.0,100.0,85.0,5.0,,3,4.0,3.0,4.0,3.0,6.0,3.0,5.0,5.0,,COMPLETE
782,782,0.8583069864736099,2025-01-06 01:20:44.546765,2025-01-06 01:21:56.629295,0 days 00:01:12.082530,9,5,10.0,75.0,35.0,95.0,60.0,95.0,65.0,10.0,,3,4.0,3.0,2.0,6.0,6.0,4.0,5.0,6.0,,COMPLETE
783,783,0.8757016332128025,2025-01-06 01:21:56.630269,2025-01-06 01:23:01.191000,0 days 00:01:04.560731,10,15,80.0,5.0,30.0,100.0,10.0,25.0,55.0,55.0,10.0,3,4.0,3.0,2.0,3.0,6.0,2.0,4.0,5.0,2.0,COMPLETE
784,784,0.8359869367063928,2025-01-06 01:23:01.191904,2025-01-06 01:23:57.073579,0 days 00:00:55.881675,10,10,15.0,10.0,40.0,100.0,15.0,90.0,75.0,65.0,35.0,3,4.0,3.0,2.0,6.0,6.0,2.0,5.0,3.0,4.0,COMPLETE
785,785,0.8757650541520403,2025-01-06 01:23:57.074442,2025-01-06 01:24:51.643735,0 days 00:00:54.569293,9,10,10.0,5.0,35.0,5.0,25.0,60.0,90.0,20.0,,3,5.0,3.0,3.0,3.0,6.0,2.0,3.0,5.0,,COMPLETE
786,786,0.8749136039132734,2025-01-06 01:24:51.644664,2025-01-06 01:25:50.089372,0 days 00:00:58.444708,10,5,15.0,5.0,35.0,95.0,20.0,65.0,75.0,30.0,45.0,3,4.0,6.0,2.0,3.0,6.0,2.0,5.0,6.0,3.0,COMPLETE
787,787,0.8617563820252239,2025-01-06 01:25:50.090173,2025-01-06 01:26:52.216814,0 days 00:01:02.126641,10,10,5.0,75.0,30.0,80.0,20.0,20.0,70.0,25.0,40.0,3,4.0,3.0,2.0,4.0,6.0,2.0,3.0,4.0,4.0,COMPLETE
788,788,0.8737507763652547,2025-01-06 01:26:52.217773,2025-01-06 01:27:13.617998,0 days 00:00:21.400225,3,15,10.0,70.0,,,,,,,,3,4.0,3.0,,,,,,,,COMPLETE
789,789,0.87604208695285,2025-01-06 01:27:13.618546,2025-01-06 01:28:25.500297,0 days 00:01:11.881751,10,10,10.0,10.0,45.0,100.0,25.0,70.0,95.0,5.0,50.0,3,4.0,3.0,3.0,6.0,6.0,2.0,5.0,5.0,5.0,COMPLETE
790,790,0.8658976360392506,2025-01-06 01:28:25.501304,2025-01-06 01:29:45.359428,0 days 00:01:19.858124,9,15,20.0,100.0,40.0,95.0,65.0,95.0,70.0,40.0,,3,4.0,3.0,2.0,3.0,6.0,2.0,5.0,6.0,,COMPLETE
791,791,0.8741895217829039,2025-01-06 01:29:45.360384,2025-01-06 01:30:35.167679,0 days 00:00:49.807295,9,5,15.0,90.0,35.0,75.0,10.0,100.0,80.0,15.0,,3,4.0,3.0,2.0,6.0,6.0,3.0,4.0,5.0,,COMPLETE
792,792,0.8637302633503536,2025-01-06 01:30:35.168551,2025-01-06 01:31:47.045139,0 days 00:01:11.876588,10,10,25.0,5.0,10.0,70.0,15.0,25.0,85.0,80.0,70.0,3,4.0,3.0,4.0,3.0,6.0,2.0,5.0,6.0,2.0,COMPLETE
793,793,0.8642533274828141,2025-01-06 01:31:47.046127,2025-01-06 01:32:41.962499,0 days 00:00:54.916372,10,10,5.0,10.0,95.0,15.0,15.0,70.0,100.0,10.0,20.0,4,4.0,2.0,2.0,6.0,5.0,2.0,3.0,3.0,3.0,COMPLETE
794,794,0.8514156562247801,2025-01-06 01:32:41.963348,2025-01-06 01:33:27.888070,0 days 00:00:45.924722,9,15,10.0,5.0,5.0,100.0,20.0,65.0,60.0,30.0,,4,6.0,3.0,3.0,3.0,6.0,2.0,5.0,4.0,,COMPLETE
795,795,0.8624041450913456,2025-01-06 01:33:27.888943,2025-01-06 01:34:28.804262,0 days 00:01:00.915319,8,15,15.0,80.0,30.0,80.0,25.0,100.0,90.0,,,3,4.0,3.0,2.0,3.0,6.0,3.0,4.0,,,COMPLETE
796,796,0.8569770212920629,2025-01-06 01:34:28.805056,2025-01-06 01:34:45.210361,0 days 00:00:16.405305,2,10,60.0,,,,,,,,,3,4.0,,,,,,,,,COMPLETE
797,797,0.8336223396707059,2025-01-06 01:34:45.210983,2025-01-06 01:35:45.020177,0 days 00:00:59.809194,10,5,10.0,5.0,5.0,95.0,15.0,90.0,50.0,20.0,65.0,3,5.0,3.0,2.0,6.0,6.0,2.0,4.0,6.0,6.0,COMPLETE
798,798,0.816781427499732,2025-01-06 01:35:45.021101,2025-01-06 01:36:41.759353,0 days 00:00:56.738252,8,10,35.0,100.0,10.0,100.0,20.0,95.0,80.0,,,3,4.0,3.0,3.0,3.0,6.0,2.0,3.0,,,COMPLETE
799,799,0.8638701904667951,2025-01-06 01:36:41.760263,2025-01-06 01:37:46.597912,0 days 00:01:04.837649,9,10,20.0,75.0,35.0,10.0,20.0,70.0,90.0,35.0,,2,4.0,3.0,3.0,4.0,6.0,2.0,5.0,5.0,,COMPLETE
800,800,0.8341507756922413,2025-01-06 01:37:46.598780,2025-01-06 01:39:02.362520,0 days 00:01:15.763740,10,5,10.0,15.0,40.0,90.0,55.0,65.0,95.0,15.0,55.0,3,4.0,3.0,3.0,6.0,6.0,2.0,5.0,6.0,3.0,COMPLETE
801,801,0.8658217351263796,2025-01-06 01:39:02.363415,2025-01-06 01:39:51.323772,0 days 00:00:48.960357,8,15,5.0,10.0,10.0,70.0,60.0,60.0,75.0,,,3,4.0,2.0,2.0,3.0,6.0,2.0,3.0,,,COMPLETE
802,802,0.8711531704893571,2025-01-06 01:39:51.324643,2025-01-06 01:40:46.397348,0 days 00:00:55.072705,8,10,25.0,85.0,5.0,65.0,25.0,25.0,100.0,,,3,4.0,3.0,2.0,3.0,6.0,2.0,5.0,,,COMPLETE
803,803,0.7883385139536125,2025-01-06 01:40:46.398088,2025-01-06 01:40:55.456017,0 days 00:00:09.057929,1,15,,,,,,,,,,3,,,,,,,,,,COMPLETE
804,804,0.8420593993616289,2025-01-06 01:40:55.456603,2025-01-06 01:41:13.762217,0 days 00:00:18.305614,3,10,15.0,5.0,,,,,,,,6,4.0,3.0,,,,,,,,COMPLETE
805,805,0.8774400307164919,2025-01-06 01:41:13.762852,2025-01-06 01:42:02.127101,0 days 00:00:48.364249,10,5,10.0,10.0,40.0,100.0,25.0,85.0,65.0,25.0,25.0,3,4.0,3.0,2.0,6.0,6.0,2.0,5.0,5.0,4.0,COMPLETE
806,806,0.872137457390473,2025-01-06 01:42:02.127902,2025-01-06 01:42:59.645143,0 days 00:00:57.517241,8,10,15.0,90.0,5.0,95.0,10.0,95.0,85.0,,,3,4.0,3.0,2.0,3.0,6.0,3.0,5.0,,,COMPLETE
807,807,0.8611048594391524,2025-01-06 01:42:59.646051,2025-01-06 01:44:11.815386,0 days 00:01:12.169335,10,15,25.0,75.0,10.0,100.0,20.0,100.0,70.0,5.0,30.0,3,3.0,3.0,3.0,3.0,6.0,4.0,4.0,4.0,5.0,COMPLETE
808,808,0.8560956887572715,2025-01-06 01:44:11.816283,2025-01-06 01:45:05.517406,0 days 00:00:53.701123,8,10,85.0,45.0,45.0,80.0,55.0,30.0,65.0,,,3,5.0,3.0,2.0,4.0,6.0,2.0,5.0,,,COMPLETE
809,809,0.8615631794841867,2025-01-06 01:45:05.518178,2025-01-06 01:45:55.523459,0 days 00:00:50.005281,8,5,20.0,40.0,85.0,75.0,15.0,60.0,85.0,,,3,4.0,3.0,4.0,6.0,6.0,2.0,3.0,,,COMPLETE
810,810,0.8516094869879094,2025-01-06 01:45:55.524302,2025-01-06 01:47:01.993256,0 days 00:01:06.468954,9,10,5.0,70.0,35.0,70.0,65.0,90.0,80.0,10.0,,3,4.0,3.0,2.0,3.0,6.0,2.0,5.0,3.0,,COMPLETE
811,811,0.8807997097262491,2025-01-06 01:47:01.994193,2025-01-06 01:47:37.340437,0 days 00:00:35.346244,5,15,10.0,55.0,35.0,75.0,,,,,,3,4.0,2.0,2.0,6.0,,,,,,COMPLETE
812,812,0.8674701429639171,2025-01-06 01:47:37.341142,2025-01-06 01:48:39.997857,0 days 00:01:02.656715,10,10,15.0,5.0,10.0,100.0,5.0,55.0,90.0,15.0,35.0,3,4.0,3.0,3.0,3.0,6.0,5.0,6.0,4.0,3.0,COMPLETE
813,813,0.8545971321385033,2025-01-06 01:48:39.998771,2025-01-06 01:49:44.573323,0 days 00:01:04.574552,8,5,10.0,80.0,60.0,95.0,40.0,20.0,100.0,,,3,4.0,3.0,3.0,3.0,6.0,2.0,5.0,,,COMPLETE
814,814,0.8631036644783949,2025-01-06 01:49:44.574133,2025-01-06 01:50:46.748962,0 days 00:01:02.174829,9,15,40.0,5.0,5.0,90.0,20.0,100.0,60.0,20.0,,3,4.0,3.0,2.0,6.0,6.0,2.0,3.0,5.0,,COMPLETE
815,815,0.8559648943334782,2025-01-06 01:50:46.750018,2025-01-06 01:51:02.160920,0 days 00:00:15.410902,2,10,35.0,,,,,,,,,3,4.0,,,,,,,,,COMPLETE
816,816,0.8440441954894091,2025-01-06 01:51:02.161431,2025-01-06 01:52:05.510549,0 days 00:01:03.349118,10,15,15.0,10.0,30.0,100.0,15.0,25.0,70.0,55.0,45.0,3,4.0,3.0,2.0,3.0,6.0,2.0,5.0,6.0,2.0,COMPLETE
817,817,0.8122492780024598,2025-01-06 01:52:05.511529,2025-01-06 01:52:48.763575,0 days 00:00:43.252046,8,10,10.0,90.0,10.0,80.0,25.0,65.0,45.0,,,3,6.0,3.0,2.0,4.0,6.0,3.0,4.0,,,COMPLETE
818,818,0.851427528884934,2025-01-06 01:52:48.764410,2025-01-06 01:53:58.069349,0 days 00:01:09.304939,10,5,5.0,85.0,5.0,100.0,20.0,95.0,75.0,25.0,60.0,4,4.0,2.0,3.0,6.0,6.0,2.0,5.0,6.0,4.0,COMPLETE
819,819,0.886040259336905,2025-01-06 01:53:58.070249,2025-01-06 01:54:56.051581,0 days 00:00:57.981332,8,10,20.0,80.0,25.0,90.0,40.0,90.0,95.0,,,2,4.0,3.0,2.0,3.0,6.0,2.0,3.0,,,COMPLETE
820,820,0.8672077040223352,2025-01-06 01:54:56.052500,2025-01-06 01:55:53.390760,0 days 00:00:57.338260,8,15,20.0,85.0,25.0,90.0,40.0,90.0,95.0,,,2,3.0,3.0,2.0,3.0,6.0,2.0,3.0,,,COMPLETE
821,821,0.8601378406446633,2025-01-06 01:55:53.391537,2025-01-06 01:56:41.294715,0 days 00:00:47.903178,8,10,40.0,80.0,25.0,90.0,40.0,90.0,95.0,,,4,4.0,3.0,3.0,3.0,6.0,3.0,3.0,,,COMPLETE
822,822,0.8622379321422013,2025-01-06 01:56:41.295448,2025-01-06 01:57:25.838503,0 days 00:00:44.543055,8,5,10.0,80.0,30.0,90.0,40.0,70.0,100.0,,,2,4.0,3.0,6.0,3.0,6.0,2.0,3.0,,,COMPLETE
823,823,0.865359823204745,2025-01-06 01:57:25.839330,2025-01-06 01:58:18.628043,0 days 00:00:52.788713,8,10,15.0,80.0,25.0,85.0,35.0,85.0,90.0,,,2,5.0,3.0,2.0,3.0,6.0,2.0,3.0,,,COMPLETE
824,824,0.8508357964415474,2025-01-06 01:58:18.628843,2025-01-06 01:59:18.065021,0 days 00:00:59.436178,8,15,20.0,85.0,25.0,90.0,40.0,85.0,95.0,,,4,4.0,3.0,2.0,3.0,6.0,2.0,3.0,,,COMPLETE
825,825,0.8692872066469073,2025-01-06 01:59:18.065967,2025-01-06 02:00:26.161091,0 days 00:01:08.095124,8,10,5.0,80.0,30.0,90.0,35.0,85.0,90.0,,,3,4.0,3.0,3.0,3.0,6.0,6.0,3.0,,,COMPLETE
