,number,value,datetime_start,datetime_complete,duration,params_depth,params_neurons_layer_0,params_neurons_layer_1,params_neurons_layer_2,params_neurons_layer_3,params_neurons_layer_4,params_neurons_layer_5,params_neurons_layer_6,params_neurons_layer_7,params_neurons_layer_8,params_neurons_layer_9,params_orders_layer_0,params_orders_layer_1,params_orders_layer_2,params_orders_layer_3,params_orders_layer_4,params_orders_layer_5,params_orders_layer_6,params_orders_layer_7,params_orders_layer_8,params_orders_layer_9,state
821,821,0.8165137614678899,2025-01-04 09:44:35.407619,2025-01-04 09:44:42.443215,0 days 00:00:07.035596,2,75,25.0,,,,,,,,,2,3.0,,,,,,,,,COMPLETE
822,822,0.7801724137931034,2025-01-04 09:44:42.443652,2025-01-04 09:44:50.736849,0 days 00:00:08.293197,2,95,10.0,,,,,,,,,2,4.0,,,,,,,,,COMPLETE
823,823,0.8225563909774436,2025-01-04 09:44:50.737294,2025-01-04 09:44:57.886058,0 days 00:00:07.148764,2,90,5.0,,,,,,,,,3,2.0,,,,,,,,,COMPLETE
824,824,0.8123653769445554,2025-01-04 09:44:57.886597,2025-01-04 09:45:02.914218,0 days 00:00:05.027621,1,60,,,,,,,,,,3,,,,,,,,,,COMPLETE
825,825,0.8392344497607656,2025-01-04 09:45:02.914855,2025-01-04 09:45:12.120769,0 days 00:00:09.205914,2,75,20.0,,,,,,,,,4,3.0,,,,,,,,,COMPLETE
826,826,0.8017857142857143,2025-01-04 09:45:12.121227,2025-01-04 09:45:19.208779,0 days 00:00:07.087552,2,65,20.0,,,,,,,,,2,3.0,,,,,,,,,COMPLETE
827,827,0.756043956043956,2025-01-04 09:45:19.209228,2025-01-04 09:45:26.293889,0 days 00:00:07.084661,2,75,30.0,,,,,,,,,2,3.0,,,,,,,,,COMPLETE
828,828,0.8302353410450738,2025-01-04 09:45:26.294387,2025-01-04 09:45:32.355435,0 days 00:00:06.061048,2,95,10.0,,,,,,,,,2,2.0,,,,,,,,,COMPLETE
829,829,0.8325962325962326,2025-01-04 09:45:32.355929,2025-01-04 09:45:40.428562,0 days 00:00:08.072633,2,95,25.0,,,,,,,,,3,3.0,,,,,,,,,COMPLETE
830,830,0.8213716108452951,2025-01-04 09:45:40.429014,2025-01-04 09:45:47.494462,0 days 00:00:07.065448,2,75,30.0,,,,,,,,,2,3.0,,,,,,,,,COMPLETE
831,831,0.8391931754763613,2025-01-04 09:45:47.494887,2025-01-04 09:45:54.051457,0 days 00:00:06.556570,2,70,85.0,,,,,,,,,3,2.0,,,,,,,,,COMPLETE
832,832,0.8042692939244663,2025-01-04 09:45:54.051958,2025-01-04 09:46:10.823018,0 days 00:00:16.771060,5,55,35.0,40.0,60.0,25.0,,,,,,2,3.0,2.0,3.0,5.0,,,,,,COMPLETE
833,833,0.7944954128440367,2025-01-04 09:46:10.823557,2025-01-04 09:46:15.820087,0 days 00:00:04.996530,1,70,,,,,,,,,,3,,,,,,,,,,COMPLETE
834,834,0.8018164881229624,2025-01-04 09:46:15.820503,2025-01-04 09:46:22.919243,0 days 00:00:07.098740,2,75,5.0,,,,,,,,,2,3.0,,,,,,,,,COMPLETE
835,835,0.860901045856798,2025-01-04 09:46:22.919698,2025-01-04 09:46:46.747878,0 days 00:00:23.828180,10,80,80.0,40.0,65.0,15.0,55.0,15.0,75.0,30.0,35.0,3,3.0,5.0,4.0,4.0,3.0,5.0,5.0,3.0,5.0,COMPLETE
836,836,0.7767679183608387,2025-01-04 09:46:46.748924,2025-01-04 09:47:06.722880,0 days 00:00:19.973956,5,80,75.0,40.0,65.0,15.0,,,,,,3,2.0,4.0,4.0,4.0,,,,,,COMPLETE
837,837,0.7408855205424811,2025-01-04 09:47:06.723620,2025-01-04 09:47:56.378273,0 days 00:00:49.654653,10,80,75.0,35.0,65.0,15.0,55.0,10.0,75.0,30.0,30.0,3,3.0,6.0,4.0,4.0,3.0,5.0,5.0,3.0,5.0,COMPLETE
838,838,0.8030060761112888,2025-01-04 09:47:56.379151,2025-01-04 09:48:34.925702,0 days 00:00:38.546551,9,80,80.0,30.0,60.0,15.0,65.0,15.0,65.0,15.0,,3,3.0,5.0,4.0,4.0,3.0,5.0,5.0,3.0,,COMPLETE
839,839,0.857097288676236,2025-01-04 09:48:34.926791,2025-01-04 09:49:15.732806,0 days 00:00:40.806015,9,50,45.0,40.0,70.0,10.0,60.0,25.0,90.0,25.0,,3,3.0,5.0,4.0,4.0,3.0,5.0,6.0,4.0,,COMPLETE
840,840,0.7766254487435182,2025-01-04 09:49:15.733657,2025-01-04 09:49:58.109336,0 days 00:00:42.375679,10,80,75.0,45.0,75.0,20.0,55.0,5.0,70.0,40.0,65.0,3,2.0,6.0,4.0,4.0,2.0,5.0,5.0,2.0,5.0,COMPLETE
841,841,0.7592288761279737,2025-01-04 09:49:58.110457,2025-01-04 09:50:33.293460,0 days 00:00:35.183003,9,100,15.0,40.0,55.0,5.0,65.0,20.0,80.0,60.0,,3,3.0,4.0,4.0,4.0,3.0,5.0,4.0,3.0,,COMPLETE
842,842,0.7589093518297059,2025-01-04 09:50:33.294276,2025-01-04 09:51:07.615612,0 days 00:00:34.321336,10,80,40.0,40.0,60.0,15.0,45.0,15.0,80.0,10.0,30.0,3,3.0,5.0,4.0,4.0,2.0,4.0,6.0,2.0,5.0,COMPLETE
843,843,0.8571428571428571,2025-01-04 09:51:07.616692,2025-01-04 09:51:39.063709,0 days 00:00:31.447017,8,80,80.0,35.0,70.0,25.0,40.0,30.0,50.0,,,3,2.0,5.0,4.0,4.0,4.0,4.0,5.0,,,COMPLETE
844,844,0.8569604086845466,2025-01-04 09:51:39.064537,2025-01-04 09:52:16.108260,0 days 00:00:37.043723,8,90,80.0,30.0,50.0,10.0,70.0,35.0,65.0,,,3,3.0,6.0,4.0,4.0,3.0,5.0,4.0,,,COMPLETE
845,845,0.8302353410450738,2025-01-04 09:52:16.109032,2025-01-04 09:52:54.259160,0 days 00:00:38.150128,8,80,75.0,45.0,55.0,30.0,80.0,10.0,95.0,,,3,3.0,5.0,4.0,3.0,4.0,6.0,5.0,,,COMPLETE
846,846,0.8063915857605177,2025-01-04 09:52:54.260258,2025-01-04 09:53:16.929249,0 days 00:00:22.668991,6,65,95.0,75.0,65.0,35.0,60.0,,,,,3,3.0,5.0,4.0,4.0,2.0,,,,,COMPLETE
847,847,0.7891391794046662,2025-01-04 09:53:16.929923,2025-01-04 09:53:39.329114,0 days 00:00:22.399191,5,60,95.0,35.0,60.0,20.0,,,,,,3,2.0,5.0,5.0,4.0,,,,,,COMPLETE
848,848,0.8035714285714286,2025-01-04 09:53:39.329744,2025-01-04 09:54:16.985439,0 days 00:00:37.655695,10,95,30.0,40.0,65.0,5.0,75.0,25.0,55.0,45.0,50.0,3,3.0,6.0,4.0,3.0,3.0,4.0,4.0,4.0,3.0,COMPLETE
849,849,0.8482021844853703,2025-01-04 09:54:16.986531,2025-01-04 09:54:41.972912,0 days 00:00:24.986381,6,55,95.0,70.0,75.0,20.0,50.0,,,,,3,3.0,5.0,5.0,4.0,3.0,,,,,COMPLETE
850,850,0.8392344497607656,2025-01-04 09:54:41.973603,2025-01-04 09:55:18.481960,0 days 00:00:36.508357,9,80,80.0,45.0,70.0,50.0,90.0,20.0,40.0,15.0,,3,2.0,4.0,4.0,4.0,2.0,4.0,6.0,2.0,,COMPLETE
851,851,0.8244336569579288,2025-01-04 09:55:18.482759,2025-01-04 09:56:07.461146,0 days 00:00:48.978387,10,80,75.0,40.0,55.0,30.0,50.0,45.0,90.0,50.0,20.0,3,3.0,2.0,2.0,6.0,3.0,5.0,5.0,5.0,6.0,COMPLETE
852,852,0.8123653769445554,2025-01-04 09:56:07.462309,2025-01-04 09:56:29.750298,0 days 00:00:22.287989,5,70,90.0,35.0,50.0,15.0,,,,,,3,3.0,4.0,4.0,5.0,,,,,,COMPLETE
853,853,0.8519948519948519,2025-01-04 09:56:29.750929,2025-01-04 09:56:41.224378,0 days 00:00:11.473449,4,65,60.0,45.0,55.0,,,,,,,4,2.0,2.0,2.0,,,,,,,COMPLETE
854,854,0.8392344497607656,2025-01-04 09:56:41.224910,2025-01-04 09:57:01.171307,0 days 00:00:19.946397,5,75,15.0,75.0,45.0,40.0,,,,,,3,3.0,4.0,2.0,6.0,,,,,,COMPLETE
855,855,0.7345589421061118,2025-01-04 09:57:01.172195,2025-01-04 09:57:34.863513,0 days 00:00:33.691318,9,90,10.0,40.0,65.0,25.0,75.0,15.0,30.0,30.0,,3,3.0,3.0,4.0,4.0,4.0,6.0,4.0,4.0,,COMPLETE
856,856,0.735024154589372,2025-01-04 09:57:34.864365,2025-01-04 09:58:11.979249,0 days 00:00:37.114884,8,80,25.0,45.0,70.0,55.0,100.0,5.0,20.0,,,6,5.0,3.0,5.0,5.0,2.0,5.0,5.0,,,COMPLETE
857,857,0.7563352826510721,2025-01-04 09:58:11.980302,2025-01-04 09:58:38.721144,0 days 00:00:26.740842,6,60,20.0,80.0,80.0,45.0,80.0,,,,,5,3.0,5.0,3.0,4.0,3.0,,,,,COMPLETE
858,858,0.8212005108556832,2025-01-04 09:58:38.721887,2025-01-04 09:58:49.201546,0 days 00:00:10.479659,4,85,95.0,35.0,60.0,,,,,,,3,2.0,2.0,2.0,,,,,,,COMPLETE
859,859,0.8033205619412516,2025-01-04 09:58:49.202061,2025-01-04 09:59:14.339387,0 days 00:00:25.137326,5,75,90.0,70.0,55.0,10.0,,,,,,3,3.0,6.0,4.0,6.0,,,,,,COMPLETE
860,860,0.7703074433656958,2025-01-04 09:59:14.340107,2025-01-04 09:59:32.928497,0 days 00:00:18.588390,5,75,95.0,30.0,65.0,25.0,,,,,,3,3.0,4.0,2.0,4.0,,,,,,COMPLETE
861,861,0.7856459330143541,2025-01-04 09:59:32.929112,2025-01-04 10:00:19.322408,0 days 00:00:46.393296,9,80,35.0,45.0,45.0,60.0,35.0,55.0,60.0,40.0,,3,6.0,3.0,4.0,6.0,4.0,5.0,6.0,2.0,,COMPLETE
862,862,0.7351756364808251,2025-01-04 10:00:19.323535,2025-01-04 10:00:38.925485,0 days 00:00:19.601950,6,80,90.0,40.0,75.0,30.0,45.0,,,,,3,2.0,3.0,3.0,5.0,2.0,,,,,COMPLETE
863,863,0.7980041847738613,2025-01-04 10:00:38.926170,2025-01-04 10:00:50.418354,0 days 00:00:11.492184,4,70,90.0,50.0,60.0,,,,,,,3,3.0,2.0,2.0,,,,,,,COMPLETE
864,864,0.8161705551086083,2025-01-04 10:00:50.418863,2025-01-04 10:01:29.091106,0 days 00:00:38.672243,10,60,75.0,35.0,50.0,35.0,65.0,10.0,50.0,60.0,75.0,4,4.0,3.0,4.0,3.0,3.0,6.0,2.0,3.0,3.0,COMPLETE
865,865,0.7677830940988836,2025-01-04 10:01:29.092177,2025-01-04 10:01:42.568160,0 days 00:00:13.475983,4,85,80.0,50.0,60.0,,,,,,,3,3.0,4.0,2.0,,,,,,,COMPLETE
866,866,0.8030060761112888,2025-01-04 10:01:42.568766,2025-01-04 10:02:04.032582,0 days 00:00:21.463816,5,65,95.0,45.0,55.0,40.0,,,,,,3,2.0,3.0,5.0,4.0,,,,,,COMPLETE
867,867,0.812125569134915,2025-01-04 10:02:04.033293,2025-01-04 10:02:12.091217,0 days 00:00:08.057924,2,70,85.0,,,,,,,,,3,3.0,,,,,,,,,COMPLETE
868,868,0.8284600389863548,2025-01-04 10:02:12.091697,2025-01-04 10:02:33.762904,0 days 00:00:21.671207,5,75,90.0,85.0,65.0,15.0,,,,,,2,3.0,3.0,4.0,6.0,,,,,,COMPLETE
869,869,0.7946264848919716,2025-01-04 10:02:33.763545,2025-01-04 10:02:41.279343,0 days 00:00:07.515798,2,55,90.0,,,,,,,,,3,3.0,,,,,,,,,COMPLETE
870,870,0.7873054873054873,2025-01-04 10:02:41.279808,2025-01-04 10:02:45.316274,0 days 00:00:04.036466,1,90,,,,,,,,,,2,,,,,,,,,,COMPLETE
871,871,0.7981481481481482,2025-01-04 10:02:45.316898,2025-01-04 10:02:52.366769,0 days 00:00:07.049871,2,75,85.0,,,,,,,,,3,2.0,,,,,,,,,COMPLETE
872,872,0.8479111750139787,2025-01-04 10:02:52.367220,2025-01-04 10:03:17.218895,0 days 00:00:24.851675,8,80,95.0,40.0,70.0,45.0,55.0,40.0,75.0,,,2,3.0,2.0,2.0,5.0,2.0,4.0,3.0,,,COMPLETE
873,873,0.8341110217216412,2025-01-04 10:03:17.219687,2025-01-04 10:03:29.681605,0 days 00:00:12.461918,4,70,85.0,65.0,60.0,,,,,,,3,3.0,3.0,3.0,,,,,,,COMPLETE
874,874,0.7856459330143541,2025-01-04 10:03:29.682176,2025-01-04 10:03:35.336338,0 days 00:00:05.654162,2,85,80.0,,,,,,,,,2,2.0,,,,,,,,,COMPLETE
875,875,0.8108108108108109,2025-01-04 10:03:35.336785,2025-01-04 10:03:56.397921,0 days 00:00:21.061136,5,80,100.0,70.0,70.0,60.0,,,,,,2,3.0,4.0,4.0,5.0,,,,,,COMPLETE
876,876,0.8303436179542374,2025-01-04 10:03:56.398605,2025-01-04 10:04:03.917808,0 days 00:00:07.519203,2,75,90.0,,,,,,,,,3,3.0,,,,,,,,,COMPLETE
877,877,0.8025641025641026,2025-01-04 10:04:03.918298,2025-01-04 10:04:23.785233,0 days 00:00:19.866935,6,80,95.0,75.0,55.0,20.0,10.0,,,,,2,4.0,3.0,2.0,4.0,3.0,,,,,COMPLETE
878,878,0.823495655025414,2025-01-04 10:04:23.786086,2025-01-04 10:04:33.328172,0 days 00:00:09.542086,2,75,50.0,,,,,,,,,5,2.0,,,,,,,,,COMPLETE
879,879,0.8392857142857143,2025-01-04 10:04:33.328647,2025-01-04 10:04:40.841878,0 days 00:00:07.513231,2,75,95.0,,,,,,,,,3,3.0,,,,,,,,,COMPLETE
880,880,0.8100195185426156,2025-01-04 10:04:40.842354,2025-01-04 10:04:49.950806,0 days 00:00:09.108452,3,70,20.0,25.0,,,,,,,,2,3.0,2.0,,,,,,,,COMPLETE
881,881,0.8558558558558559,2025-01-04 10:04:49.951357,2025-01-04 10:04:54.943562,0 days 00:00:04.992205,1,65,,,,,,,,,,3,,,,,,,,,,COMPLETE
882,882,0.8033205619412516,2025-01-04 10:04:54.944073,2025-01-04 10:05:18.373788,0 days 00:00:23.429715,5,85,90.0,40.0,50.0,10.0,,,,,,2,2.0,3.0,6.0,6.0,,,,,,COMPLETE
883,883,0.8214940604321135,2025-01-04 10:05:18.374478,2025-01-04 10:05:25.005243,0 days 00:00:06.630765,2,80,75.0,,,,,,,,,2,3.0,,,,,,,,,COMPLETE
884,884,0.7584471603163192,2025-01-04 10:05:25.005702,2025-01-04 10:05:37.843034,0 days 00:00:12.837332,3,70,80.0,45.0,,,,,,,,3,3.0,5.0,,,,,,,,COMPLETE
885,885,0.7356711603672152,2025-01-04 10:05:37.843609,2025-01-04 10:05:52.142390,0 days 00:00:14.298781,5,50,85.0,50.0,40.0,35.0,,,,,,2,3.0,3.0,2.0,3.0,,,,,,COMPLETE
886,886,0.7927927927927928,2025-01-04 10:05:52.142935,2025-01-04 10:06:03.436936,0 days 00:00:11.294001,3,75,90.0,65.0,,,,,,,,3,2.0,4.0,,,,,,,,COMPLETE
887,887,0.7839285714285715,2025-01-04 10:06:03.437749,2025-01-04 10:06:12.670522,0 days 00:00:09.232773,2,10,100.0,,,,,,,,,4,3.0,,,,,,,,,COMPLETE
888,888,0.8123653769445554,2025-01-04 10:06:12.670990,2025-01-04 10:07:06.407202,0 days 00:00:53.736212,10,80,90.0,80.0,65.0,55.0,30.0,30.0,10.0,100.0,40.0,2,3.0,6.0,5.0,6.0,2.0,3.0,6.0,6.0,5.0,COMPLETE
889,889,0.8124850514231046,2025-01-04 10:07:06.408162,2025-01-04 10:07:13.909403,0 days 00:00:07.501241,2,55,95.0,,,,,,,,,3,3.0,,,,,,,,,COMPLETE
890,890,0.8156622623267805,2025-01-04 10:07:13.909890,2025-01-04 10:07:19.974971,0 days 00:00:06.065081,2,85,85.0,,,,,,,,,2,2.0,,,,,,,,,COMPLETE
891,891,0.8035714285714286,2025-01-04 10:07:19.975432,2025-01-04 10:07:51.451854,0 days 00:00:31.476422,8,65,90.0,35.0,45.0,5.0,70.0,85.0,100.0,,,2,3.0,3.0,3.0,4.0,4.0,5.0,5.0,,,COMPLETE
892,892,0.8018691588785047,2025-01-04 10:07:51.452881,2025-01-04 10:07:59.551762,0 days 00:00:08.098881,2,45,90.0,,,,,,,,,3,3.0,,,,,,,,,COMPLETE
893,893,0.7678571428571429,2025-01-04 10:07:59.552332,2025-01-04 10:08:07.143172,0 days 00:00:07.590840,3,60,95.0,75.0,,,,,,,,2,2.0,2.0,,,,,,,,COMPLETE
894,894,0.8107493707883413,2025-01-04 10:08:07.143669,2025-01-04 10:08:23.701098,0 days 00:00:16.557429,4,75,5.0,30.0,80.0,,,,,,,3,3.0,4.0,4.0,,,,,,,COMPLETE
895,895,0.7981821106821108,2025-01-04 10:08:23.701682,2025-01-04 10:08:33.874735,0 days 00:00:10.173053,3,75,90.0,15.0,,,,,,,,2,3.0,3.0,,,,,,,,COMPLETE
896,896,0.8392344497607656,2025-01-04 10:08:33.875325,2025-01-04 10:08:52.852024,0 days 00:00:18.976699,5,95,90.0,50.0,60.0,50.0,,,,,,3,2.0,4.0,2.0,5.0,,,,,,COMPLETE
897,897,0.7297077922077921,2025-01-04 10:08:52.852633,2025-01-04 10:09:21.704640,0 days 00:00:28.852007,9,80,85.0,45.0,75.0,25.0,15.0,60.0,45.0,25.0,,2,3.0,3.0,2.0,6.0,3.0,6.0,4.0,4.0,,COMPLETE
898,898,0.8161705551086083,2025-01-04 10:09:21.705726,2025-01-04 10:09:28.286871,0 days 00:00:06.581145,2,70,95.0,,,,,,,,,2,3.0,,,,,,,,,COMPLETE
899,899,0.8086488198954538,2025-01-04 10:09:28.287359,2025-01-04 10:09:34.888416,0 days 00:00:06.601057,2,90,80.0,,,,,,,,,3,2.0,,,,,,,,,COMPLETE
900,900,0.8430662805662805,2025-01-04 10:09:34.888901,2025-01-04 10:09:38.876635,0 days 00:00:03.987734,1,80,,,,,,,,,,2,,,,,,,,,,COMPLETE
901,901,0.788888888888889,2025-01-04 10:09:38.877038,2025-01-04 10:09:50.054973,0 days 00:00:11.177935,3,35,95.0,10.0,,,,,,,,3,3.0,3.0,,,,,,,,COMPLETE
902,902,0.8156108597285068,2025-01-04 10:09:50.055459,2025-01-04 10:10:11.010716,0 days 00:00:20.955257,5,70,85.0,70.0,50.0,50.0,,,,,,4,3.0,3.0,4.0,4.0,,,,,,COMPLETE
903,903,0.8213716108452951,2025-01-04 10:10:11.011457,2025-01-04 10:10:32.228533,0 days 00:00:21.217076,6,85,100.0,40.0,65.0,45.0,35.0,,,,,2,2.0,3.0,4.0,6.0,2.0,,,,,COMPLETE
904,904,0.794232766195383,2025-01-04 10:10:32.229228,2025-01-04 10:10:39.840510,0 days 00:00:07.611282,2,75,90.0,,,,,,,,,3,3.0,,,,,,,,,COMPLETE
905,905,0.773995915588836,2025-01-04 10:10:39.841259,2025-01-04 10:10:46.958654,0 days 00:00:07.117395,2,75,30.0,,,,,,,,,2,3.0,,,,,,,,,COMPLETE
906,906,0.8302353410450738,2025-01-04 10:10:46.959120,2025-01-04 10:11:00.465956,0 days 00:00:13.506836,4,80,85.0,60.0,70.0,,,,,,,3,3.0,3.0,3.0,,,,,,,COMPLETE
907,907,0.8121556186341626,2025-01-04 10:11:00.466628,2025-01-04 10:11:08.591837,0 days 00:00:08.125209,3,70,15.0,45.0,,,,,,,,2,2.0,2.0,,,,,,,,COMPLETE
908,908,0.7907824933687002,2025-01-04 10:11:08.592327,2025-01-04 10:11:20.906803,0 days 00:00:12.314476,3,70,95.0,35.0,,,,,,,,3,3.0,4.0,,,,,,,,COMPLETE
909,909,0.7997351870241642,2025-01-04 10:11:20.907341,2025-01-04 10:11:27.568913,0 days 00:00:06.661572,2,75,10.0,,,,,,,,,2,3.0,,,,,,,,,COMPLETE
910,910,0.8520514883346741,2025-01-04 10:11:27.569381,2025-01-04 10:11:44.390911,0 days 00:00:16.821530,5,80,90.0,40.0,50.0,20.0,,,,,,2,3.0,2.0,2.0,5.0,,,,,,COMPLETE
911,911,0.845568783068783,2025-01-04 10:11:44.391504,2025-01-04 10:11:51.497181,0 days 00:00:07.105677,2,55,65.0,,,,,,,,,3,2.0,,,,,,,,,COMPLETE
912,912,0.8416052416052415,2025-01-04 10:11:51.497636,2025-01-04 10:11:59.643014,0 days 00:00:08.145378,2,80,70.0,,,,,,,,,3,3.0,,,,,,,,,COMPLETE
913,913,0.8416052416052415,2025-01-04 10:11:59.643585,2025-01-04 10:12:07.330983,0 days 00:00:07.687398,2,85,95.0,,,,,,,,,2,4.0,,,,,,,,,COMPLETE
914,914,0.7921855921855923,2025-01-04 10:12:07.331462,2025-01-04 10:12:19.340595,0 days 00:00:12.009133,3,75,75.0,50.0,,,,,,,,2,3.0,5.0,,,,,,,,COMPLETE
915,915,0.7925586136595311,2025-01-04 10:12:19.341370,2025-01-04 10:12:24.363868,0 days 00:00:05.022498,1,75,,,,,,,,,,3,,,,,,,,,,COMPLETE
916,916,0.7839922854387656,2025-01-04 10:12:24.364311,2025-01-04 10:12:43.398459,0 days 00:00:19.034148,5,60,85.0,70.0,10.0,40.0,,,,,,2,2.0,3.0,5.0,4.0,,,,,,COMPLETE
917,917,0.8430662805662805,2025-01-04 10:12:43.399132,2025-01-04 10:12:50.962341,0 days 00:00:07.563209,2,90,90.0,,,,,,,,,3,3.0,,,,,,,,,COMPLETE
918,918,0.7942942942942943,2025-01-04 10:12:50.962808,2025-01-04 10:13:01.256235,0 days 00:00:10.293427,3,65,80.0,40.0,,,,,,,,2,3.0,3.0,,,,,,,,COMPLETE
919,919,0.8035087719298246,2025-01-04 10:13:01.256832,2025-01-04 10:13:13.632383,0 days 00:00:12.375551,4,50,95.0,35.0,85.0,,,,,,,3,2.0,3.0,3.0,,,,,,,COMPLETE
920,920,0.8571428571428571,2025-01-04 10:13:13.632909,2025-01-04 10:13:20.714661,0 days 00:00:07.081752,2,80,90.0,,,,,,,,,2,3.0,,,,,,,,,COMPLETE
921,921,0.8597640891218873,2025-01-04 10:13:20.715149,2025-01-04 10:13:30.261644,0 days 00:00:09.546495,3,65,85.0,75.0,,,,,,,,2,3.0,3.0,,,,,,,,COMPLETE
922,922,0.857097288676236,2025-01-04 10:13:30.262170,2025-01-04 10:13:35.990351,0 days 00:00:05.728181,2,70,95.0,,,,,,,,,2,2.0,,,,,,,,,COMPLETE
923,923,0.8033205619412516,2025-01-04 10:13:35.990818,2025-01-04 10:14:01.160390,0 days 00:00:25.169572,6,75,80.0,60.0,55.0,30.0,25.0,,,,,3,3.0,3.0,2.0,6.0,3.0,,,,,COMPLETE
924,924,0.8482021844853703,2025-01-04 10:14:01.161345,2025-01-04 10:14:14.599060,0 days 00:00:13.437715,4,75,85.0,45.0,60.0,,,,,,,2,3.0,2.0,4.0,,,,,,,COMPLETE
925,925,0.8161030595813205,2025-01-04 10:14:14.599682,2025-01-04 10:14:33.367957,0 days 00:00:18.768275,5,85,100.0,50.0,75.0,15.0,,,,,,3,3.0,3.0,4.0,3.0,,,,,,COMPLETE
926,926,0.7946264848919716,2025-01-04 10:14:33.368586,2025-01-04 10:14:47.186291,0 days 00:00:13.817705,3,80,95.0,30.0,,,,,,,,5,2.0,4.0,,,,,,,,COMPLETE
927,927,0.8235583224115335,2025-01-04 10:14:47.186816,2025-01-04 10:14:53.822243,0 days 00:00:06.635427,2,70,90.0,,,,,,,,,2,3.0,,,,,,,,,COMPLETE
928,928,0.8016569200779726,2025-01-04 10:14:53.822785,2025-01-04 10:15:01.909764,0 days 00:00:08.086979,2,80,90.0,,,,,,,,,3,3.0,,,,,,,,,COMPLETE
929,929,0.8196881091617934,2025-01-04 10:15:01.910304,2025-01-04 10:15:10.516237,0 days 00:00:08.605933,2,75,90.0,,,,,,,,,3,4.0,,,,,,,,,COMPLETE
930,930,0.8071784967004667,2025-01-04 10:15:10.516713,2025-01-04 10:15:21.064145,0 days 00:00:10.547432,4,70,85.0,45.0,40.0,,,,,,,2,2.0,3.0,2.0,,,,,,,COMPLETE
931,931,0.8303436179542374,2025-01-04 10:15:21.064668,2025-01-04 10:15:27.652433,0 days 00:00:06.587765,2,85,80.0,,,,,,,,,2,3.0,,,,,,,,,COMPLETE
932,932,0.8107493707883413,2025-01-04 10:15:27.653145,2025-01-04 10:15:38.222540,0 days 00:00:10.569395,3,80,85.0,40.0,,,,,,,,4,3.0,2.0,,,,,,,,COMPLETE
933,933,0.8000661211670386,2025-01-04 10:15:38.223047,2025-01-04 10:15:56.659971,0 days 00:00:18.436924,6,70,90.0,35.0,45.0,30.0,40.0,,,,,2,2.0,4.0,3.0,4.0,2.0,,,,,COMPLETE
934,934,0.8469155844155845,2025-01-04 10:15:56.660762,2025-01-04 10:16:04.701810,0 days 00:00:08.041048,2,75,90.0,,,,,,,,,3,3.0,,,,,,,,,COMPLETE
935,935,0.8035714285714286,2025-01-04 10:16:04.702338,2025-01-04 10:16:28.606856,0 days 00:00:23.904518,5,55,100.0,55.0,5.0,35.0,,,,,,3,5.0,5.0,2.0,5.0,,,,,,COMPLETE
936,936,0.8610172219539676,2025-01-04 10:16:28.607579,2025-01-04 10:16:38.845685,0 days 00:00:10.238106,3,75,95.0,70.0,,,,,,,,2,3.0,3.0,,,,,,,,COMPLETE
937,937,0.8467971096858001,2025-01-04 10:16:38.846205,2025-01-04 10:16:48.376560,0 days 00:00:09.530355,3,75,100.0,70.0,,,,,,,,2,3.0,3.0,,,,,,,,COMPLETE
938,938,0.8284600389863548,2025-01-04 10:16:48.377051,2025-01-04 10:16:57.070211,0 days 00:00:08.693160,3,75,95.0,70.0,,,,,,,,2,2.0,3.0,,,,,,,,COMPLETE
939,939,0.7993030255029305,2025-01-04 10:16:57.070796,2025-01-04 10:17:06.581042,0 days 00:00:09.510246,3,70,95.0,75.0,,,,,,,,2,3.0,3.0,,,,,,,,COMPLETE
940,940,0.7728174603174603,2025-01-04 10:17:06.581811,2025-01-04 10:17:16.807708,0 days 00:00:10.225897,3,75,95.0,65.0,,,,,,,,2,3.0,3.0,,,,,,,,COMPLETE
941,941,0.7802896218825423,2025-01-04 10:17:16.808211,2025-01-04 10:17:27.029118,0 days 00:00:10.220907,3,70,100.0,70.0,,,,,,,,2,3.0,3.0,,,,,,,,COMPLETE
942,942,0.788888888888889,2025-01-04 10:17:27.029671,2025-01-04 10:17:36.254129,0 days 00:00:09.224458,3,75,95.0,75.0,,,,,,,,2,2.0,3.0,,,,,,,,COMPLETE
943,943,0.8390804597701149,2025-01-04 10:17:36.254685,2025-01-04 10:17:45.804577,0 days 00:00:09.549892,3,70,95.0,65.0,,,,,,,,2,3.0,3.0,,,,,,,,COMPLETE
944,944,0.7873054873054873,2025-01-04 10:17:45.805104,2025-01-04 10:17:55.449582,0 days 00:00:09.644478,3,60,95.0,70.0,,,,,,,,2,3.0,3.0,,,,,,,,COMPLETE
945,945,0.807041572671608,2025-01-04 10:17:55.450157,2025-01-04 10:18:04.641876,0 days 00:00:09.191719,3,65,100.0,70.0,,,,,,,,2,2.0,3.0,,,,,,,,COMPLETE
946,946,0.7972558514931396,2025-01-04 10:18:04.642418,2025-01-04 10:18:14.219282,0 days 00:00:09.576864,3,75,95.0,65.0,,,,,,,,2,3.0,3.0,,,,,,,,COMPLETE
947,947,0.788888888888889,2025-01-04 10:18:14.219787,2025-01-04 10:18:23.844100,0 days 00:00:09.624313,3,75,95.0,80.0,,,,,,,,2,3.0,3.0,,,,,,,,COMPLETE
948,948,0.8073209975864843,2025-01-04 10:18:23.844616,2025-01-04 10:18:33.153377,0 days 00:00:09.308761,3,70,25.0,75.0,,,,,,,,2,2.0,3.0,,,,,,,,COMPLETE
949,949,0.8071911196911197,2025-01-04 10:18:33.153892,2025-01-04 10:18:46.762569,0 days 00:00:13.608677,4,75,20.0,65.0,65.0,,,,,,,2,3.0,3.0,4.0,,,,,,,COMPLETE
950,950,0.8302353410450738,2025-01-04 10:18:46.763354,2025-01-04 10:18:56.289988,0 days 00:00:09.526634,3,75,75.0,70.0,,,,,,,,2,3.0,3.0,,,,,,,,COMPLETE
951,951,0.8251247384516337,2025-01-04 10:18:56.290592,2025-01-04 10:19:06.509536,0 days 00:00:10.218944,3,70,100.0,75.0,,,,,,,,2,3.0,3.0,,,,,,,,COMPLETE
952,952,0.857097288676236,2025-01-04 10:19:06.510105,2025-01-04 10:19:21.967271,0 days 00:00:15.457166,5,65,80.0,65.0,60.0,25.0,,,,,,2,2.0,3.0,3.0,4.0,,,,,,COMPLETE
953,953,0.7979358168037414,2025-01-04 10:19:21.967854,2025-01-04 10:19:32.248921,0 days 00:00:10.281067,3,75,95.0,40.0,,,,,,,,2,3.0,3.0,,,,,,,,COMPLETE
954,954,0.7469696969696971,2025-01-04 10:19:32.249537,2025-01-04 10:19:48.293542,0 days 00:00:16.044005,4,90,50.0,75.0,55.0,,,,,,,2,3.0,3.0,6.0,,,,,,,COMPLETE
