,number,value,datetime_start,datetime_complete,duration,params_depth,params_neurons_layer_0,params_neurons_layer_1,params_neurons_layer_2,params_neurons_layer_3,params_neurons_layer_4,params_neurons_layer_5,params_neurons_layer_6,params_neurons_layer_7,params_neurons_layer_8,params_neurons_layer_9,params_orders_layer_0,params_orders_layer_1,params_orders_layer_2,params_orders_layer_3,params_orders_layer_4,params_orders_layer_5,params_orders_layer_6,params_orders_layer_7,params_orders_layer_8,params_orders_layer_9,state
955,955,0.8117647058823529,2025-01-04 10:19:48.294122,2025-01-04 10:19:56.898250,0 days 00:00:08.604128,3,70,95.0,80.0,,,,,,,,2,2.0,3.0,,,,,,,,COMPLETE
956,956,0.8197802197802198,2025-01-04 10:19:56.898833,2025-01-04 10:20:07.114993,0 days 00:00:10.216160,3,75,70.0,70.0,,,,,,,,2,3.0,3.0,,,,,,,,COMPLETE
957,957,0.8128128128128128,2025-01-04 10:20:07.115568,2025-01-04 10:20:16.704849,0 days 00:00:09.589281,3,65,75.0,60.0,,,,,,,,2,3.0,3.0,,,,,,,,COMPLETE
958,958,0.8198051948051948,2025-01-04 10:20:16.705588,2025-01-04 10:20:34.935751,0 days 00:00:18.230163,5,75,95.0,40.0,90.0,55.0,,,,,,2,2.0,3.0,2.0,6.0,,,,,,COMPLETE
959,959,0.7753349915750622,2025-01-04 10:20:34.936479,2025-01-04 10:21:02.978647,0 days 00:00:28.042168,9,70,55.0,45.0,70.0,10.0,60.0,70.0,35.0,75.0,,2,3.0,3.0,4.0,5.0,4.0,4.0,2.0,3.0,,COMPLETE
960,960,0.8392344497607656,2025-01-04 10:21:02.979519,2025-01-04 10:21:16.668477,0 days 00:00:13.688958,4,75,10.0,45.0,65.0,,,,,,,2,3.0,2.0,5.0,,,,,,,COMPLETE
961,961,0.7892535392535392,2025-01-04 10:21:16.669034,2025-01-04 10:21:47.313424,0 days 00:00:30.644390,8,60,45.0,50.0,65.0,40.0,95.0,15.0,25.0,,,2,3.0,3.0,2.0,6.0,3.0,4.0,3.0,,,COMPLETE
962,962,0.8519948519948519,2025-01-04 10:21:47.314407,2025-01-04 10:21:56.644398,0 days 00:00:09.329991,3,40,80.0,60.0,,,,,,,,2,2.0,3.0,,,,,,,,COMPLETE
963,963,0.7982300884955753,2025-01-04 10:21:56.644995,2025-01-04 10:22:13.109185,0 days 00:00:16.464190,5,95,90.0,85.0,50.0,95.0,,,,,,2,3.0,4.0,3.0,3.0,,,,,,COMPLETE
964,964,0.7779144121987212,2025-01-04 10:22:13.109842,2025-01-04 10:22:24.407979,0 days 00:00:11.298137,3,90,100.0,75.0,,,,,,,,2,4.0,3.0,,,,,,,,COMPLETE
965,965,0.8582060321190756,2025-01-04 10:22:24.408516,2025-01-04 10:22:50.848671,0 days 00:00:26.440155,6,65,90.0,65.0,70.0,50.0,5.0,,,,,2,3.0,6.0,4.0,6.0,2.0,,,,,COMPLETE
966,966,0.705145592341444,2025-01-04 10:22:50.849413,2025-01-04 10:23:23.433643,0 days 00:00:32.584230,10,55,90.0,40.0,95.0,15.0,50.0,20.0,85.0,5.0,20.0,2,2.0,2.0,2.0,4.0,3.0,5.0,4.0,2.0,4.0,COMPLETE
967,967,0.788888888888889,2025-01-04 10:23:23.434705,2025-01-04 10:23:44.661913,0 days 00:00:21.227208,5,75,60.0,70.0,60.0,45.0,,,,,,2,3.0,4.0,4.0,5.0,,,,,,COMPLETE
968,968,0.766551724137931,2025-01-04 10:23:44.662624,2025-01-04 10:23:59.889811,0 days 00:00:15.227187,3,70,95.0,45.0,,,,,,,,5,3.0,5.0,,,,,,,,COMPLETE
969,969,0.8123653769445554,2025-01-04 10:23:59.890456,2025-01-04 10:24:17.909130,0 days 00:00:18.018674,4,100,85.0,35.0,80.0,,,,,,,4,3.0,3.0,5.0,,,,,,,COMPLETE
970,970,0.8109161793372319,2025-01-04 10:24:17.909714,2025-01-04 10:24:27.632790,0 days 00:00:09.723076,3,80,5.0,55.0,,,,,,,,2,2.0,4.0,,,,,,,,COMPLETE
971,971,0.8297619047619047,2025-01-04 10:24:27.633320,2025-01-04 10:24:31.360910,0 days 00:00:03.727590,1,75,,,,,,,,,,2,,,,,,,,,,COMPLETE
972,972,0.7766254487435182,2025-01-04 10:24:31.361339,2025-01-04 10:24:48.954577,0 days 00:00:17.593238,5,50,15.0,45.0,55.0,5.0,,,,,,2,3.0,3.0,3.0,4.0,,,,,,COMPLETE
973,973,0.8156622623267805,2025-01-04 10:24:48.955176,2025-01-04 10:24:57.524095,0 days 00:00:08.568919,3,60,95.0,40.0,,,,,,,,2,3.0,2.0,,,,,,,,COMPLETE
974,974,0.8159167876149008,2025-01-04 10:24:57.524936,2025-01-04 10:25:06.093919,0 days 00:00:08.568983,3,80,90.0,50.0,,,,,,,,2,2.0,3.0,,,,,,,,COMPLETE
975,975,0.8161705551086083,2025-01-04 10:25:06.094468,2025-01-04 10:25:13.170725,0 days 00:00:07.076257,2,70,95.0,,,,,,,,,2,3.0,,,,,,,,,COMPLETE
976,976,0.8159504265250281,2025-01-04 10:25:13.171205,2025-01-04 10:25:33.394381,0 days 00:00:20.223176,5,75,85.0,35.0,45.0,20.0,,,,,,2,3.0,3.0,4.0,5.0,,,,,,COMPLETE
977,977,0.8270189431704885,2025-01-04 10:25:33.395140,2025-01-04 10:25:44.679683,0 days 00:00:11.284543,4,55,90.0,65.0,35.0,,,,,,,2,2.0,3.0,2.0,,,,,,,COMPLETE
978,978,0.7802445302445302,2025-01-04 10:25:44.680228,2025-01-04 10:25:53.351118,0 days 00:00:08.670890,2,70,75.0,,,,,,,,,4,3.0,,,,,,,,,COMPLETE
979,979,0.8161705551086083,2025-01-04 10:25:53.351689,2025-01-04 10:26:24.480694,0 days 00:00:31.129005,8,80,40.0,70.0,75.0,65.0,20.0,35.0,65.0,,,2,3.0,3.0,2.0,6.0,4.0,3.0,5.0,,,COMPLETE
980,980,0.8341110217216412,2025-01-04 10:26:24.481470,2025-01-04 10:26:38.941288,0 days 00:00:14.459818,4,75,85.0,40.0,85.0,,,,,,,2,3.0,3.0,4.0,,,,,,,COMPLETE
981,981,0.8070796460176992,2025-01-04 10:26:38.942148,2025-01-04 10:26:44.653601,0 days 00:00:05.711453,2,80,100.0,,,,,,,,,2,2.0,,,,,,,,,COMPLETE
982,982,0.7623491552695092,2025-01-04 10:26:44.654063,2025-01-04 10:27:02.363649,0 days 00:00:17.709586,5,85,80.0,75.0,60.0,30.0,,,,,,2,3.0,4.0,2.0,4.0,,,,,,COMPLETE
983,983,0.8055555555555556,2025-01-04 10:27:02.364372,2025-01-04 10:27:10.935761,0 days 00:00:08.571389,3,80,90.0,55.0,,,,,,,,2,3.0,2.0,,,,,,,,COMPLETE
984,984,0.8108108108108109,2025-01-04 10:27:10.936306,2025-01-04 10:27:17.529446,0 days 00:00:06.593140,2,75,85.0,,,,,,,,,2,3.0,,,,,,,,,COMPLETE
985,985,0.8333333333333333,2025-01-04 10:27:17.529909,2025-01-04 10:27:24.586693,0 days 00:00:07.056784,2,20,95.0,,,,,,,,,3,2.0,,,,,,,,,COMPLETE
986,986,0.8056603773584906,2025-01-04 10:27:24.587168,2025-01-04 10:27:28.575188,0 days 00:00:03.988020,1,65,,,,,,,,,,2,,,,,,,,,,COMPLETE
987,987,0.833896668276195,2025-01-04 10:27:28.575694,2025-01-04 10:27:40.930451,0 days 00:00:12.354757,3,70,90.0,45.0,,,,,,,,3,3.0,4.0,,,,,,,,COMPLETE
988,988,0.7980041847738613,2025-01-04 10:27:40.930968,2025-01-04 10:27:51.210913,0 days 00:00:10.279945,3,75,25.0,40.0,,,,,,,,2,3.0,3.0,,,,,,,,COMPLETE
989,989,0.8390804597701149,2025-01-04 10:27:51.211421,2025-01-04 10:28:14.479725,0 days 00:00:23.268304,6,70,20.0,50.0,50.0,35.0,45.0,,,,,2,2.0,3.0,4.0,6.0,4.0,,,,,COMPLETE
990,990,0.8378246753246753,2025-01-04 10:28:14.480718,2025-01-04 10:28:27.645867,0 days 00:00:13.165149,2,75,95.0,,,,,,,,,6,4.0,,,,,,,,,COMPLETE
991,991,0.8141498606328906,2025-01-04 10:28:27.646531,2025-01-04 10:28:35.734245,0 days 00:00:08.087714,2,85,90.0,,,,,,,,,3,3.0,,,,,,,,,COMPLETE
992,992,0.7966828478964401,2025-01-04 10:28:35.734754,2025-01-04 10:28:53.344587,0 days 00:00:17.609833,5,70,90.0,80.0,70.0,40.0,,,,,,2,3.0,5.0,3.0,3.0,,,,,,COMPLETE
993,993,0.8392344497607656,2025-01-04 10:28:53.345306,2025-01-04 10:28:59.911099,0 days 00:00:06.565793,2,80,80.0,,,,,,,,,3,2.0,,,,,,,,,COMPLETE
994,994,0.8336287463744763,2025-01-04 10:28:59.911593,2025-01-04 10:29:10.084571,0 days 00:00:10.172978,3,75,85.0,20.0,,,,,,,,2,3.0,3.0,,,,,,,,COMPLETE
995,995,0.7981821106821108,2025-01-04 10:29:10.085080,2025-01-04 10:29:22.624349,0 days 00:00:12.539269,4,90,100.0,60.0,55.0,,,,,,,4,3.0,2.0,2.0,,,,,,,COMPLETE
996,996,0.7994031830238726,2025-01-04 10:29:22.624926,2025-01-04 10:29:29.261450,0 days 00:00:06.636524,2,75,95.0,,,,,,,,,2,3.0,,,,,,,,,COMPLETE
997,997,0.8429745407669997,2025-01-04 10:29:29.262009,2025-01-04 10:29:52.717663,0 days 00:00:23.455654,5,55,85.0,35.0,15.0,60.0,,,,,,3,6.0,3.0,5.0,4.0,,,,,,COMPLETE
998,998,0.7892535392535392,2025-01-04 10:29:52.718584,2025-01-04 10:30:26.679718,0 days 00:00:33.961134,9,45,95.0,70.0,100.0,55.0,85.0,25.0,80.0,45.0,,2,2.0,3.0,3.0,5.0,2.0,2.0,6.0,5.0,,COMPLETE
999,999,0.8416052416052415,2025-01-04 10:30:26.680603,2025-01-04 10:30:38.207777,0 days 00:00:11.527174,3,60,90.0,50.0,,,,,,,,3,3.0,4.0,,,,,,,,COMPLETE
