,number,value,datetime_start,datetime_complete,duration,params_depth,params_neurons_layer_0,params_neurons_layer_1,params_neurons_layer_2,params_neurons_layer_3,params_neurons_layer_4,params_neurons_layer_5,params_neurons_layer_6,params_neurons_layer_7,params_neurons_layer_8,params_neurons_layer_9,params_orders_layer_0,params_orders_layer_1,params_orders_layer_2,params_orders_layer_3,params_orders_layer_4,params_orders_layer_5,params_orders_layer_6,params_orders_layer_7,params_orders_layer_8,params_orders_layer_9,state
963,963,0.7106918238993711,2025-01-04 06:28:59.780899,2025-01-04 06:29:19.906982,0 days 00:00:20.126083,4,20,65.0,80.0,25.0,,,,,,,2,2.0,6.0,6.0,,,,,,,COMPLETE
964,964,0.825925925925926,2025-01-04 06:29:19.907711,2025-01-04 06:29:38.897689,0 days 00:00:18.989978,4,20,80.0,80.0,30.0,,,,,,,2,2.0,6.0,6.0,,,,,,,COMPLETE
965,965,0.677938808373591,2025-01-04 06:29:38.898420,2025-01-04 06:29:57.648482,0 days 00:00:18.750062,4,20,15.0,85.0,30.0,,,,,,,2,2.0,6.0,6.0,,,,,,,COMPLETE
966,966,0.5952380952380952,2025-01-04 06:29:57.649198,2025-01-04 06:30:17.918173,0 days 00:00:20.268975,4,20,80.0,80.0,35.0,,,,,,,2,2.0,6.0,6.0,,,,,,,COMPLETE
967,967,0.7083333333333333,2025-01-04 06:30:17.918835,2025-01-04 06:30:35.466927,0 days 00:00:17.548092,4,25,65.0,80.0,30.0,,,,,,,2,2.0,5.0,6.0,,,,,,,COMPLETE
968,968,0.618073316283035,2025-01-04 06:30:35.467846,2025-01-04 06:31:00.723243,0 days 00:00:25.255397,4,20,70.0,80.0,20.0,,,,,,,6,2.0,6.0,6.0,,,,,,,COMPLETE
969,969,0.677938808373591,2025-01-04 06:31:00.724001,2025-01-04 06:31:24.547250,0 days 00:00:23.823249,4,25,75.0,80.0,25.0,,,,,,,2,6.0,6.0,6.0,,,,,,,COMPLETE
970,970,0.7606516290726817,2025-01-04 06:31:24.547921,2025-01-04 06:31:44.702759,0 days 00:00:20.154838,4,20,80.0,80.0,25.0,,,,,,,2,2.0,6.0,6.0,,,,,,,COMPLETE
971,971,0.7348021215830274,2025-01-04 06:31:44.703452,2025-01-04 06:32:04.853216,0 days 00:00:20.149764,4,25,65.0,85.0,30.0,,,,,,,2,2.0,6.0,6.0,,,,,,,COMPLETE
972,972,0.7525252525252526,2025-01-04 06:32:04.854137,2025-01-04 06:32:24.995491,0 days 00:00:20.141354,4,20,85.0,80.0,15.0,,,,,,,2,2.0,6.0,6.0,,,,,,,COMPLETE
973,973,0.7564935064935066,2025-01-04 06:32:24.996215,2025-01-04 06:32:45.266823,0 days 00:00:20.270608,4,25,80.0,90.0,20.0,,,,,,,2,2.0,6.0,6.0,,,,,,,COMPLETE
974,974,0.7273469387755103,2025-01-04 06:32:45.267482,2025-01-04 06:33:05.320388,0 days 00:00:20.052906,4,20,85.0,80.0,25.0,,,,,,,2,2.0,6.0,6.0,,,,,,,COMPLETE
975,975,0.7463175122749591,2025-01-04 06:33:05.321097,2025-01-04 06:33:25.381827,0 days 00:00:20.060730,4,30,75.0,85.0,35.0,,,,,,,2,2.0,6.0,6.0,,,,,,,COMPLETE
976,976,0.7937710437710437,2025-01-04 06:33:25.382674,2025-01-04 06:33:44.167942,0 days 00:00:18.785268,4,25,75.0,90.0,15.0,,,,,,,2,2.0,6.0,6.0,,,,,,,COMPLETE
977,977,0.7373737373737375,2025-01-04 06:33:44.168709,2025-01-04 06:34:06.655233,0 days 00:00:22.486524,4,20,70.0,55.0,10.0,,,,,,,4,2.0,6.0,6.0,,,,,,,COMPLETE
978,978,0.7636363636363637,2025-01-04 06:34:06.655938,2025-01-04 06:34:26.774713,0 days 00:00:20.118775,4,25,20.0,80.0,20.0,,,,,,,2,2.0,6.0,6.0,,,,,,,COMPLETE
979,979,0.771043771043771,2025-01-04 06:34:26.775370,2025-01-04 06:34:47.071440,0 days 00:00:20.296070,4,20,70.0,85.0,10.0,,,,,,,2,2.0,6.0,6.0,,,,,,,COMPLETE
980,980,0.6604010025062657,2025-01-04 06:34:47.072340,2025-01-04 06:35:07.274857,0 days 00:00:20.202517,4,25,80.0,85.0,30.0,,,,,,,2,2.0,6.0,6.0,,,,,,,COMPLETE
981,981,0.7584541062801933,2025-01-04 06:35:07.275654,2025-01-04 06:35:28.468295,0 days 00:00:21.192641,4,20,75.0,90.0,15.0,,,,,,,2,3.0,6.0,6.0,,,,,,,COMPLETE
982,982,0.7390606182256123,2025-01-04 06:35:28.468953,2025-01-04 06:35:48.599973,0 days 00:00:20.131020,4,30,65.0,80.0,5.0,,,,,,,2,2.0,6.0,6.0,,,,,,,COMPLETE
983,983,0.6684210526315789,2025-01-04 06:35:48.600639,2025-01-04 06:35:52.354740,0 days 00:00:03.754101,1,25,,,,,,,,,,2,,,,,,,,,,COMPLETE
984,984,0.7112794612794613,2025-01-04 06:35:52.355181,2025-01-04 06:36:12.578022,0 days 00:00:20.222841,4,25,65.0,100.0,10.0,,,,,,,2,2.0,6.0,6.0,,,,,,,COMPLETE
985,985,0.719551282051282,2025-01-04 06:36:12.578726,2025-01-04 06:36:32.722924,0 days 00:00:20.144198,4,20,70.0,55.0,25.0,,,,,,,2,2.0,6.0,6.0,,,,,,,COMPLETE
986,986,0.7106918238993711,2025-01-04 06:36:32.723811,2025-01-04 06:36:52.818803,0 days 00:00:20.094992,4,65,85.0,90.0,15.0,,,,,,,2,2.0,6.0,6.0,,,,,,,COMPLETE
987,987,0.7227272727272727,2025-01-04 06:36:52.819518,2025-01-04 06:37:10.247511,0 days 00:00:17.427993,4,25,80.0,80.0,20.0,,,,,,,2,2.0,6.0,5.0,,,,,,,COMPLETE
988,988,0.741921768707483,2025-01-04 06:37:10.248175,2025-01-04 06:37:30.374309,0 days 00:00:20.126134,4,20,75.0,85.0,30.0,,,,,,,2,2.0,6.0,6.0,,,,,,,COMPLETE
989,989,0.7842553191489361,2025-01-04 06:37:30.374949,2025-01-04 06:37:49.206217,0 days 00:00:18.831268,4,70,75.0,60.0,20.0,,,,,,,2,2.0,6.0,5.0,,,,,,,COMPLETE
990,990,0.6940024479804161,2025-01-04 06:37:49.207069,2025-01-04 06:37:54.896531,0 days 00:00:05.689462,2,30,65.0,,,,,,,,,2,2.0,,,,,,,,,COMPLETE
991,991,0.7227272727272727,2025-01-04 06:37:54.897105,2025-01-04 06:38:14.844967,0 days 00:00:19.947862,4,20,90.0,90.0,35.0,,,,,,,2,2.0,6.0,6.0,,,,,,,COMPLETE
992,992,0.7390606182256123,2025-01-04 06:38:14.845661,2025-01-04 06:38:35.337428,0 days 00:00:20.491767,4,25,80.0,100.0,5.0,,,,,,,2,5.0,5.0,6.0,,,,,,,COMPLETE
993,993,0.7564935064935066,2025-01-04 06:38:35.338084,2025-01-04 06:38:41.021249,0 days 00:00:05.683165,2,30,70.0,,,,,,,,,2,2.0,,,,,,,,,COMPLETE
994,994,0.7159090909090908,2025-01-04 06:38:41.021748,2025-01-04 06:39:01.023613,0 days 00:00:20.001865,4,25,75.0,85.0,25.0,,,,,,,2,2.0,6.0,6.0,,,,,,,COMPLETE
995,995,0.6715927750410509,2025-01-04 06:39:01.024326,2025-01-04 06:39:04.981874,0 days 00:00:03.957548,1,20,,,,,,,,,,2,,,,,,,,,,COMPLETE
996,996,0.7373737373737375,2025-01-04 06:39:04.982324,2025-01-04 06:39:24.921162,0 days 00:00:19.938838,4,35,15.0,90.0,10.0,,,,,,,2,2.0,6.0,6.0,,,,,,,COMPLETE
997,997,0.696969696969697,2025-01-04 06:39:24.922027,2025-01-04 06:39:30.179069,0 days 00:00:05.257042,2,60,80.0,,,,,,,,,2,2.0,,,,,,,,,COMPLETE
998,998,0.7181964573268921,2025-01-04 06:39:30.179555,2025-01-04 06:39:48.789270,0 days 00:00:18.609715,4,15,70.0,80.0,15.0,,,,,,,2,2.0,6.0,6.0,,,,,,,COMPLETE
999,999,0.7756017951856384,2025-01-04 06:39:48.789972,2025-01-04 06:40:08.909681,0 days 00:00:20.119709,4,50,20.0,60.0,25.0,,,,,,,2,2.0,6.0,6.0,,,,,,,COMPLETE
