,number,value,datetime_start,datetime_complete,duration,params_depth,params_neurons_layer_0,params_neurons_layer_1,params_neurons_layer_2,params_neurons_layer_3,params_neurons_layer_4,params_neurons_layer_5,params_neurons_layer_6,params_neurons_layer_7,params_neurons_layer_8,params_neurons_layer_9,params_orders_layer_0,params_orders_layer_1,params_orders_layer_2,params_orders_layer_3,params_orders_layer_4,params_orders_layer_5,params_orders_layer_6,params_orders_layer_7,params_orders_layer_8,params_orders_layer_9,state
0,0,0.861904761904762,2025-01-03 17:11:48.488429,2025-01-03 17:12:11.879456,0 days 00:00:23.391027,8,15,50.0,30.0,70.0,40.0,30.0,30.0,45.0,,,6,5.0,3.0,2.0,2.0,5.0,6.0,3.0,,,COMPLETE
1,1,0.8544980443285528,2025-01-03 17:12:11.880117,2025-01-03 17:12:45.107590,0 days 00:00:33.227473,7,60,35.0,10.0,75.0,100.0,45.0,50.0,,,,6,4.0,3.0,5.0,4.0,5.0,6.0,,,,COMPLETE
2,2,0.780539397144368,2025-01-03 17:12:45.108301,2025-01-03 17:13:19.297830,0 days 00:00:34.189529,8,60,80.0,5.0,90.0,20.0,100.0,85.0,30.0,,,3,5.0,5.0,5.0,2.0,4.0,3.0,2.0,,,COMPLETE
3,3,0.8548009367681498,2025-01-03 17:13:19.298525,2025-01-03 17:13:30.228992,0 days 00:00:10.930467,3,10,45.0,75.0,,,,,,,,4,4.0,2.0,,,,,,,,COMPLETE
4,4,0.8158705701078584,2025-01-03 17:13:30.229464,2025-01-03 17:13:40.803910,0 days 00:00:10.574446,2,60,50.0,,,,,,,,,3,5.0,,,,,,,,,COMPLETE
5,5,0.6935483870967742,2025-01-03 17:13:40.804350,2025-01-03 17:13:45.727423,0 days 00:00:04.923073,1,85,,,,,,,,,,5,,,,,,,,,,COMPLETE
6,6,0.7801587301587302,2025-01-03 17:13:45.727825,2025-01-03 17:14:05.649746,0 days 00:00:19.921921,4,100,95.0,25.0,90.0,,,,,,,6,6.0,3.0,2.0,,,,,,,COMPLETE
7,7,0.8214192196910186,2025-01-03 17:14:05.650352,2025-01-03 17:14:21.550241,0 days 00:00:15.899889,4,35,30.0,55.0,75.0,,,,,,,3,4.0,5.0,2.0,,,,,,,COMPLETE
8,8,0.7865591397849463,2025-01-03 17:14:21.550775,2025-01-03 17:14:36.192251,0 days 00:00:14.641476,2,30,45.0,,,,,,,,,6,5.0,,,,,,,,,COMPLETE
9,9,0.8931419457735247,2025-01-03 17:14:36.192733,2025-01-03 17:15:14.855163,0 days 00:00:38.662430,8,100,65.0,55.0,15.0,90.0,45.0,100.0,80.0,,,6,2.0,5.0,4.0,5.0,6.0,5.0,2.0,,,COMPLETE
10,10,0.87042842215256,2025-01-03 17:15:14.855812,2025-01-03 17:16:07.331685,0 days 00:00:52.475873,10,85,10.0,100.0,5.0,95.0,5.0,100.0,100.0,75.0,100.0,2,2.0,6.0,4.0,6.0,2.0,4.0,6.0,5.0,5.0,COMPLETE
11,11,0.8221642764015646,2025-01-03 17:16:07.332527,2025-01-03 17:16:52.158066,0 days 00:00:44.825539,10,90,5.0,100.0,5.0,95.0,5.0,100.0,90.0,80.0,100.0,2,2.0,6.0,4.0,6.0,2.0,4.0,6.0,5.0,5.0,COMPLETE
12,12,0.8221642764015646,2025-01-03 17:16:52.158869,2025-01-03 17:17:18.418035,0 days 00:00:26.259166,10,75,70.0,100.0,5.0,75.0,80.0,80.0,90.0,30.0,60.0,2,2.0,6.0,4.0,6.0,2.0,4.0,6.0,2.0,4.0,COMPLETE
13,13,0.8264705882352941,2025-01-03 17:17:18.418813,2025-01-03 17:17:49.781498,0 days 00:00:31.362685,6,100,5.0,70.0,30.0,70.0,5.0,,,,,4,3.0,5.0,4.0,5.0,6.0,,,,,COMPLETE
14,14,0.8452380952380952,2025-01-03 17:17:49.782120,2025-01-03 17:18:42.606346,0 days 00:00:52.824226,9,75,70.0,75.0,25.0,75.0,60.0,100.0,100.0,100.0,,5,2.0,6.0,6.0,4.0,3.0,5.0,4.0,6.0,,COMPLETE
15,15,0.87042842215256,2025-01-03 17:18:42.607210,2025-01-03 17:19:19.126282,0 days 00:00:36.519072,8,80,20.0,50.0,30.0,100.0,35.0,65.0,65.0,,,5,3.0,4.0,3.0,5.0,6.0,2.0,4.0,,,COMPLETE
16,16,0.87042842215256,2025-01-03 17:19:19.126982,2025-01-03 17:19:46.421809,0 days 00:00:27.294827,6,100,65.0,85.0,50.0,55.0,20.0,,,,,4,3.0,5.0,3.0,5.0,4.0,,,,,COMPLETE
17,17,0.8214192196910186,2025-01-03 17:19:46.422487,2025-01-03 17:20:20.962661,0 days 00:00:34.540174,9,45,90.0,45.0,15.0,85.0,60.0,10.0,70.0,60.0,,2,2.0,4.0,5.0,6.0,3.0,5.0,2.0,3.0,,COMPLETE
18,18,0.7876152832674572,2025-01-03 17:20:20.963418,2025-01-03 17:21:07.532994,0 days 00:00:46.569576,10,90,20.0,90.0,45.0,60.0,80.0,75.0,5.0,5.0,10.0,3,3.0,6.0,3.0,5.0,5.0,5.0,5.0,4.0,2.0,COMPLETE
19,19,0.8371848739495797,2025-01-03 17:21:07.533730,2025-01-03 17:21:37.009692,0 days 00:00:29.475962,7,65,60.0,60.0,20.0,35.0,25.0,100.0,,,,5,2.0,4.0,6.0,3.0,3.0,3.0,,,,COMPLETE
20,20,0.8221642764015646,2025-01-03 17:21:37.010460,2025-01-03 17:22:21.534832,0 days 00:00:44.524372,9,70,85.0,35.0,40.0,85.0,45.0,50.0,75.0,60.0,,2,3.0,5.0,5.0,4.0,4.0,4.0,3.0,6.0,,COMPLETE
21,21,0.8356681034482758,2025-01-03 17:22:21.535517,2025-01-03 17:22:56.520642,0 days 00:00:34.985125,8,85,20.0,40.0,35.0,100.0,35.0,65.0,70.0,,,5,3.0,4.0,3.0,5.0,6.0,2.0,4.0,,,COMPLETE
22,22,0.8544980443285528,2025-01-03 17:22:56.521425,2025-01-03 17:23:31.041659,0 days 00:00:34.520234,7,90,15.0,60.0,15.0,90.0,15.0,85.0,,,,5,2.0,5.0,3.0,6.0,6.0,2.0,,,,COMPLETE
23,23,0.7889499869075673,2025-01-03 17:23:31.042298,2025-01-03 17:24:14.124010,0 days 00:00:43.081712,9,80,30.0,20.0,5.0,5.0,40.0,65.0,80.0,95.0,,6,3.0,4.0,4.0,5.0,6.0,3.0,5.0,4.0,,COMPLETE
24,24,0.8387096774193549,2025-01-03 17:24:14.124809,2025-01-03 17:24:40.878523,0 days 00:00:26.753714,5,50,15.0,50.0,20.0,85.0,,,,,,4,2.0,6.0,4.0,6.0,,,,,,COMPLETE
25,25,0.8709677419354839,2025-01-03 17:24:40.879156,2025-01-03 17:25:15.648839,0 days 00:00:34.769683,8,95,35.0,65.0,30.0,100.0,55.0,35.0,55.0,,,5,3.0,5.0,3.0,5.0,5.0,5.0,3.0,,,COMPLETE
26,26,0.8202898550724638,2025-01-03 17:25:15.649529,2025-01-03 17:25:44.143591,0 days 00:00:28.494062,10,95,35.0,65.0,60.0,65.0,70.0,30.0,45.0,40.0,100.0,6,2.0,5.0,4.0,5.0,5.0,5.0,3.0,5.0,6.0,COMPLETE
27,27,0.7732497387669801,2025-01-03 17:25:44.144437,2025-01-03 17:26:19.896499,0 days 00:00:35.752062,7,100,60.0,90.0,15.0,80.0,55.0,40.0,,,,5,3.0,6.0,3.0,3.0,5.0,4.0,,,,COMPLETE
28,28,0.8225344782721832,2025-01-03 17:26:19.897209,2025-01-03 17:27:02.110278,0 days 00:00:42.213069,9,90,40.0,80.0,10.0,90.0,75.0,5.0,95.0,75.0,,6,2.0,5.0,4.0,4.0,2.0,5.0,2.0,5.0,,COMPLETE
29,29,0.8221642764015646,2025-01-03 17:27:02.111030,2025-01-03 17:27:45.752429,0 days 00:00:43.641399,8,75,80.0,70.0,25.0,95.0,95.0,20.0,55.0,,,6,3.0,6.0,5.0,6.0,4.0,6.0,3.0,,,COMPLETE
30,30,0.8708333333333333,2025-01-03 17:27:45.753192,2025-01-03 17:28:16.024126,0 days 00:00:30.270934,6,95,55.0,90.0,40.0,40.0,50.0,,,,,5,6.0,5.0,3.0,5.0,5.0,,,,,COMPLETE
31,31,0.8604465709728868,2025-01-03 17:28:16.024735,2025-01-03 17:28:42.123381,0 days 00:00:26.098646,5,95,55.0,95.0,40.0,45.0,,,,,,5,4.0,5.0,3.0,5.0,,,,,,COMPLETE
32,32,0.7898305084745763,2025-01-03 17:28:42.124077,2025-01-03 17:29:12.301926,0 days 00:00:30.177849,6,85,70.0,85.0,60.0,25.0,50.0,,,,,4,6.0,5.0,2.0,5.0,5.0,,,,,COMPLETE
33,33,0.9028213166144201,2025-01-03 17:29:12.302555,2025-01-03 17:29:53.845622,0 days 00:00:41.543067,8,95,55.0,95.0,30.0,50.0,65.0,90.0,85.0,,,4,6.0,6.0,3.0,6.0,5.0,5.0,2.0,,,COMPLETE
34,34,0.7394957983193278,2025-01-03 17:29:53.846424,2025-01-03 17:30:28.744312,0 days 00:00:34.897888,8,95,55.0,80.0,35.0,50.0,60.0,90.0,55.0,,,4,6.0,4.0,2.0,4.0,5.0,5.0,2.0,,,COMPLETE
35,35,0.7126373626373627,2025-01-03 17:30:28.745013,2025-01-03 17:30:56.776186,0 days 00:00:28.031173,7,25,45.0,90.0,55.0,35.0,70.0,35.0,,,,4,6.0,5.0,3.0,3.0,6.0,6.0,,,,COMPLETE
36,36,0.7958422174840085,2025-01-03 17:30:56.776836,2025-01-03 17:31:30.547634,0 days 00:00:33.770798,7,95,50.0,60.0,45.0,40.0,50.0,90.0,,,,5,5.0,3.0,2.0,5.0,5.0,5.0,,,,COMPLETE
37,37,0.7960805084745763,2025-01-03 17:31:30.548441,2025-01-03 17:32:07.445802,0 days 00:00:36.897361,8,65,60.0,70.0,30.0,50.0,60.0,20.0,85.0,,,6,6.0,6.0,3.0,6.0,4.0,6.0,2.0,,,COMPLETE
38,38,0.8221642764015646,2025-01-03 17:32:07.446521,2025-01-03 17:32:36.743501,0 days 00:00:29.296980,6,100,75.0,80.0,25.0,25.0,70.0,,,,,3,5.0,5.0,3.0,4.0,5.0,,,,,COMPLETE
39,39,0.8056426332288402,2025-01-03 17:32:36.744177,2025-01-03 17:32:50.345768,0 days 00:00:13.601591,4,5,40.0,30.0,40.0,,,,,,,5,4.0,3.0,2.0,,,,,,,COMPLETE
40,40,0.8604465709728868,2025-01-03 17:32:50.346315,2025-01-03 17:33:10.215930,0 days 00:00:19.869615,8,80,50.0,55.0,100.0,55.0,45.0,70.0,30.0,,,4,4.0,2.0,3.0,4.0,6.0,5.0,3.0,,,COMPLETE
41,41,0.8548009367681498,2025-01-03 17:33:10.216575,2025-01-03 17:33:50.721900,0 days 00:00:40.505325,9,85,60.0,100.0,10.0,95.0,30.0,95.0,100.0,80.0,,3,6.0,6.0,4.0,6.0,5.0,4.0,2.0,3.0,,COMPLETE
42,42,0.7732497387669801,2025-01-03 17:33:50.722611,2025-01-03 17:34:21.911664,0 days 00:00:31.189053,5,95,30.0,95.0,20.0,40.0,,,,,,6,5.0,6.0,4.0,6.0,,,,,,COMPLETE
43,43,0.8221642764015646,2025-01-03 17:34:21.912417,2025-01-03 17:35:09.865574,0 days 00:00:47.953157,10,90,100.0,95.0,10.0,100.0,55.0,90.0,80.0,20.0,55.0,3,6.0,6.0,5.0,6.0,4.0,4.0,5.0,4.0,4.0,COMPLETE
44,44,0.8385416666666667,2025-01-03 17:35:09.866342,2025-01-03 17:35:59.490245,0 days 00:00:49.623903,9,100,65.0,85.0,35.0,60.0,65.0,55.0,90.0,45.0,,5,2.0,6.0,4.0,5.0,5.0,5.0,3.0,6.0,,COMPLETE
45,45,0.8056426332288402,2025-01-03 17:35:59.491125,2025-01-03 17:36:03.636310,0 days 00:00:04.145185,1,80,,,,,,,,,,2,,,,,,,,,,COMPLETE
46,46,0.7739583333333333,2025-01-03 17:36:03.636743,2025-01-03 17:36:22.887353,0 days 00:00:19.250610,3,85,40.0,100.0,,,,,,,,6,5.0,5.0,,,,,,,,COMPLETE
47,47,0.87042842215256,2025-01-03 17:36:22.887890,2025-01-03 17:36:55.792843,0 days 00:00:32.904953,7,95,45.0,75.0,25.0,75.0,90.0,95.0,,,,4,4.0,6.0,3.0,6.0,3.0,5.0,,,,COMPLETE
48,48,0.8056426332288402,2025-01-03 17:36:55.793598,2025-01-03 17:37:30.283533,0 days 00:00:34.489935,8,55,65.0,10.0,5.0,90.0,10.0,40.0,65.0,,,5,2.0,4.0,4.0,2.0,5.0,6.0,2.0,,,COMPLETE
49,49,0.87042842215256,2025-01-03 17:37:30.284262,2025-01-03 17:38:11.404576,0 days 00:00:41.120314,10,90,55.0,95.0,30.0,70.0,40.0,80.0,100.0,70.0,75.0,2,5.0,5.0,2.0,5.0,6.0,3.0,3.0,2.0,6.0,COMPLETE
50,50,0.80625,2025-01-03 17:38:11.405293,2025-01-03 17:38:45.001483,0 days 00:00:33.596190,6,70,5.0,40.0,15.0,45.0,85.0,,,,,6,2.0,6.0,5.0,6.0,4.0,,,,,COMPLETE
51,51,0.7876152832674572,2025-01-03 17:38:45.002254,2025-01-03 17:39:25.746106,0 days 00:00:40.743852,8,80,10.0,50.0,30.0,95.0,35.0,55.0,60.0,,,5,3.0,4.0,3.0,5.0,6.0,2.0,4.0,,,COMPLETE
52,52,0.8056426332288402,2025-01-03 17:39:25.746768,2025-01-03 17:40:01.983240,0 days 00:00:36.236472,7,85,25.0,45.0,50.0,100.0,45.0,95.0,,,,5,3.0,4.0,3.0,5.0,6.0,4.0,,,,COMPLETE
53,53,0.8064516129032258,2025-01-03 17:40:01.983980,2025-01-03 17:40:38.511461,0 days 00:00:36.527481,9,100,20.0,65.0,45.0,90.0,50.0,100.0,80.0,85.0,,5,3.0,4.0,3.0,5.0,2.0,6.0,4.0,3.0,,COMPLETE
54,54,0.8385416666666667,2025-01-03 17:40:38.512221,2025-01-03 17:41:22.339497,0 days 00:00:43.827276,8,40,10.0,45.0,35.0,100.0,25.0,85.0,65.0,,,5,4.0,5.0,4.0,6.0,6.0,3.0,5.0,,,COMPLETE
55,55,0.8435501066098081,2025-01-03 17:41:22.340301,2025-01-03 17:42:08.422974,0 days 00:00:46.082673,10,90,25.0,50.0,20.0,80.0,55.0,75.0,75.0,55.0,15.0,4,2.0,5.0,3.0,5.0,6.0,2.0,6.0,5.0,2.0,COMPLETE
56,56,0.7732497387669801,2025-01-03 17:42:08.423788,2025-01-03 17:42:40.145169,0 days 00:00:31.721381,8,75,15.0,55.0,25.0,100.0,65.0,50.0,45.0,,,6,6.0,2.0,3.0,5.0,4.0,5.0,2.0,,,COMPLETE
57,57,0.7902680197762164,2025-01-03 17:42:40.145943,2025-01-03 17:43:24.844502,0 days 00:00:44.698559,9,95,75.0,90.0,30.0,85.0,40.0,60.0,85.0,90.0,,5,2.0,4.0,4.0,6.0,5.0,4.0,4.0,5.0,,COMPLETE
58,58,0.8225344782721832,2025-01-03 17:43:24.845302,2025-01-03 17:44:00.253453,0 days 00:00:35.408151,7,100,35.0,65.0,10.0,95.0,5.0,100.0,,,,3,3.0,5.0,4.0,5.0,6.0,5.0,,,,COMPLETE
59,59,0.8119363395225465,2025-01-03 17:44:00.254139,2025-01-03 17:44:20.630687,0 days 00:00:20.376548,6,70,25.0,100.0,80.0,30.0,20.0,,,,,2,2.0,4.0,3.0,4.0,3.0,,,,,COMPLETE
60,60,0.8781779661016949,2025-01-03 17:44:20.631397,2025-01-03 17:45:05.227685,0 days 00:00:44.596288,9,90,45.0,40.0,40.0,80.0,35.0,85.0,60.0,65.0,,4,4.0,6.0,2.0,6.0,5.0,3.0,3.0,6.0,,COMPLETE
61,61,0.8286546610169492,2025-01-03 17:45:05.228440,2025-01-03 17:45:59.724611,0 days 00:00:54.496171,9,90,45.0,40.0,40.0,80.0,35.0,80.0,50.0,65.0,,4,4.0,6.0,2.0,6.0,5.0,3.0,3.0,6.0,,COMPLETE
62,62,0.7898305084745763,2025-01-03 17:45:59.725450,2025-01-03 17:46:44.609607,0 days 00:00:44.884157,9,95,50.0,30.0,45.0,90.0,30.0,90.0,60.0,45.0,,4,5.0,6.0,2.0,6.0,5.0,3.0,2.0,6.0,,COMPLETE
63,63,0.80625,2025-01-03 17:46:44.610362,2025-01-03 17:47:33.039796,0 days 00:00:48.429434,10,85,10.0,35.0,35.0,95.0,40.0,95.0,35.0,70.0,30.0,4,4.0,6.0,2.0,6.0,5.0,2.0,3.0,5.0,5.0,COMPLETE
64,64,0.8445623342175066,2025-01-03 17:47:33.040688,2025-01-03 17:48:24.305351,0 days 00:00:51.264663,9,80,40.0,50.0,50.0,85.0,45.0,75.0,65.0,30.0,,5,3.0,5.0,3.0,6.0,5.0,4.0,6.0,6.0,,COMPLETE
65,65,0.8225344782721832,2025-01-03 17:48:24.306171,2025-01-03 17:48:56.886829,0 days 00:00:32.580658,8,95,55.0,60.0,20.0,10.0,25.0,85.0,50.0,,,4,2.0,6.0,4.0,5.0,6.0,2.0,2.0,,,COMPLETE
66,66,0.80625,2025-01-03 17:48:56.887597,2025-01-03 17:49:43.893858,0 days 00:00:47.006261,10,100,65.0,25.0,5.0,60.0,65.0,45.0,90.0,55.0,80.0,4,6.0,5.0,6.0,5.0,2.0,3.0,3.0,4.0,3.0,COMPLETE
67,67,0.8538884524744697,2025-01-03 17:49:43.894713,2025-01-03 17:50:20.513995,0 days 00:00:36.619282,8,20,35.0,45.0,55.0,95.0,50.0,100.0,70.0,,,3,3.0,6.0,2.0,6.0,5.0,5.0,2.0,,,COMPLETE
68,68,0.8380355276907001,2025-01-03 17:50:20.514749,2025-01-03 17:51:03.319444,0 days 00:00:42.804695,9,90,60.0,85.0,40.0,45.0,35.0,25.0,95.0,90.0,,5,2.0,5.0,3.0,5.0,4.0,4.0,4.0,5.0,,COMPLETE
69,69,0.7898305084745763,2025-01-03 17:51:03.320159,2025-01-03 17:51:50.328375,0 days 00:00:47.008216,7,90,15.0,35.0,30.0,90.0,55.0,65.0,,,,6,6.0,6.0,5.0,6.0,6.0,5.0,,,,COMPLETE
70,70,0.8221642764015646,2025-01-03 17:51:50.329272,2025-01-03 17:52:28.880293,0 days 00:00:38.551021,8,75,45.0,95.0,15.0,55.0,75.0,70.0,60.0,,,4,3.0,4.0,4.0,4.0,5.0,2.0,6.0,,,COMPLETE
71,71,0.8595628415300547,2025-01-03 17:52:28.880966,2025-01-03 17:52:53.618644,0 days 00:00:24.737678,6,100,65.0,90.0,65.0,70.0,20.0,,,,,4,3.0,5.0,3.0,5.0,3.0,,,,,COMPLETE
72,72,0.7965517241379311,2025-01-03 17:52:53.619373,2025-01-03 17:53:16.372167,0 days 00:00:22.752794,5,100,75.0,80.0,45.0,40.0,,,,,,4,3.0,5.0,3.0,5.0,,,,,,COMPLETE
73,73,0.8126984126984127,2025-01-03 17:53:16.372750,2025-01-03 17:53:33.830360,0 days 00:00:17.457610,4,95,70.0,85.0,35.0,,,,,,,4,3.0,5.0,3.0,,,,,,,COMPLETE
74,74,0.7408568443051202,2025-01-03 17:53:33.830886,2025-01-03 17:54:04.009329,0 days 00:00:30.178443,7,90,55.0,60.0,50.0,50.0,15.0,80.0,,,,4,4.0,5.0,3.0,5.0,4.0,4.0,,,,COMPLETE
75,75,0.903125,2025-01-03 17:54:04.010097,2025-01-03 17:54:36.919759,0 days 00:00:32.909662,6,85,60.0,70.0,25.0,65.0,5.0,,,,,5,4.0,6.0,2.0,5.0,6.0,,,,,COMPLETE
76,76,0.7898305084745763,2025-01-03 17:54:36.920449,2025-01-03 17:55:22.833298,0 days 00:00:45.912849,8,85,50.0,55.0,25.0,65.0,5.0,90.0,15.0,,,5,4.0,6.0,2.0,5.0,6.0,5.0,4.0,,,COMPLETE
77,77,0.8264705882352941,2025-01-03 17:55:22.834077,2025-01-03 17:55:54.570728,0 days 00:00:31.736651,7,80,60.0,55.0,20.0,75.0,10.0,95.0,,,,5,4.0,6.0,2.0,6.0,6.0,3.0,,,,COMPLETE
78,78,0.80625,2025-01-03 17:55:54.571394,2025-01-03 17:56:19.739350,0 days 00:00:25.167956,5,95,5.0,75.0,25.0,80.0,,,,,,5,5.0,6.0,2.0,4.0,,,,,,COMPLETE
79,79,0.8225344782721832,2025-01-03 17:56:19.739914,2025-01-03 17:56:50.086538,0 days 00:00:30.346624,6,65,20.0,65.0,10.0,35.0,10.0,,,,,6,4.0,3.0,2.0,5.0,6.0,,,,,COMPLETE
80,80,0.7968253968253969,2025-01-03 17:56:50.087135,2025-01-03 17:57:08.072781,0 days 00:00:17.985646,3,85,55.0,70.0,,,,,,,,5,4.0,6.0,,,,,,,,COMPLETE
81,81,0.8159242191500256,2025-01-03 17:57:08.073386,2025-01-03 17:57:34.573257,0 days 00:00:26.499871,6,95,70.0,100.0,40.0,60.0,15.0,,,,,5,3.0,6.0,3.0,5.0,5.0,,,,,COMPLETE
82,82,0.7416666666666667,2025-01-03 17:57:34.573907,2025-01-03 17:58:00.532398,0 days 00:00:25.958491,6,100,65.0,90.0,15.0,65.0,20.0,,,,,4,2.0,6.0,3.0,5.0,6.0,,,,,COMPLETE
83,83,0.7889499869075673,2025-01-03 17:58:00.532966,2025-01-03 17:58:36.867327,0 days 00:00:36.334361,7,85,60.0,95.0,30.0,55.0,30.0,100.0,,,,3,6.0,5.0,2.0,5.0,5.0,4.0,,,,COMPLETE
84,84,0.7580015612802498,2025-01-03 17:58:36.868067,2025-01-03 17:58:57.164988,0 days 00:00:20.296921,5,90,50.0,75.0,35.0,100.0,,,,,,6,2.0,5.0,3.0,3.0,,,,,,COMPLETE
85,85,0.8387096774193549,2025-01-03 17:58:57.165599,2025-01-03 17:59:56.535086,0 days 00:00:59.369487,10,100,60.0,85.0,25.0,85.0,5.0,85.0,75.0,70.0,35.0,5,3.0,4.0,5.0,6.0,2.0,6.0,3.0,6.0,5.0,COMPLETE
86,86,0.80625,2025-01-03 17:59:56.535948,2025-01-03 18:00:43.417825,0 days 00:00:46.881877,9,95,70.0,95.0,55.0,45.0,45.0,15.0,40.0,45.0,,4,5.0,6.0,3.0,5.0,3.0,5.0,5.0,5.0,,COMPLETE
87,87,0.8221642764015646,2025-01-03 18:00:43.418609,2025-01-03 18:01:22.843804,0 days 00:00:39.425195,8,85,40.0,80.0,30.0,90.0,60.0,70.0,85.0,,,3,6.0,6.0,4.0,5.0,4.0,2.0,5.0,,,COMPLETE
88,88,0.8064516129032258,2025-01-03 18:01:22.844601,2025-01-03 18:01:56.738180,0 days 00:00:33.893579,7,90,55.0,90.0,45.0,50.0,10.0,30.0,,,,6,3.0,3.0,4.0,6.0,5.0,3.0,,,,COMPLETE
89,89,0.7793103448275862,2025-01-03 18:01:56.738850,2025-01-03 18:02:27.091893,0 days 00:00:30.353043,6,80,65.0,70.0,35.0,95.0,50.0,,,,,5,2.0,5.0,3.0,4.0,6.0,,,,,COMPLETE
90,90,0.8221642764015646,2025-01-03 18:02:27.092486,2025-01-03 18:03:01.001369,0 days 00:00:33.908883,8,60,30.0,100.0,60.0,70.0,35.0,85.0,95.0,,,2,2.0,5.0,2.0,6.0,6.0,5.0,2.0,,,COMPLETE
91,91,0.8291777188328913,2025-01-03 18:03:01.002130,2025-01-03 18:03:35.720675,0 days 00:00:34.718545,7,95,45.0,75.0,25.0,75.0,100.0,95.0,,,,4,4.0,6.0,3.0,6.0,3.0,5.0,,,,COMPLETE
92,92,0.829190904283448,2025-01-03 18:03:35.721320,2025-01-03 18:04:04.222774,0 days 00:00:28.501454,6,90,45.0,80.0,15.0,65.0,90.0,,,,,4,4.0,6.0,3.0,6.0,2.0,,,,,COMPLETE
93,93,0.8548009367681498,2025-01-03 18:04:04.223481,2025-01-03 18:04:26.020914,0 days 00:00:21.797433,7,95,45.0,65.0,40.0,75.0,55.0,95.0,,,,5,4.0,6.0,4.0,6.0,3.0,5.0,,,,COMPLETE
94,94,0.7732497387669801,2025-01-03 18:04:26.021602,2025-01-03 18:05:06.014970,0 days 00:00:39.993368,7,100,35.0,70.0,25.0,55.0,85.0,90.0,,,,4,4.0,6.0,3.0,6.0,4.0,6.0,,,,COMPLETE
95,95,0.7564807541241163,2025-01-03 18:05:06.015624,2025-01-03 18:05:24.510494,0 days 00:00:18.494870,8,95,50.0,75.0,5.0,100.0,95.0,100.0,70.0,,,5,4.0,6.0,3.0,5.0,2.0,5.0,4.0,,,COMPLETE
96,96,0.8529644268774703,2025-01-03 18:05:24.511235,2025-01-03 18:05:59.703681,0 days 00:00:35.192446,9,90,60.0,60.0,20.0,85.0,25.0,95.0,55.0,100.0,,3,3.0,4.0,4.0,5.0,4.0,5.0,2.0,4.0,,COMPLETE
97,97,0.7902680197762164,2025-01-03 18:05:59.704391,2025-01-03 18:06:39.076383,0 days 00:00:39.371992,8,100,10.0,90.0,20.0,80.0,40.0,80.0,75.0,,,4,4.0,6.0,3.0,6.0,5.0,4.0,3.0,,,COMPLETE
98,98,0.7549407114624507,2025-01-03 18:06:39.077064,2025-01-03 18:07:08.345565,0 days 00:00:29.268501,7,95,25.0,85.0,30.0,95.0,30.0,40.0,,,,5,4.0,5.0,2.0,2.0,3.0,5.0,,,,COMPLETE
99,99,0.8697478991596639,2025-01-03 18:07:08.346278,2025-01-03 18:07:32.096801,0 days 00:00:23.750523,5,45,55.0,40.0,35.0,40.0,,,,,,2,3.0,6.0,3.0,5.0,,,,,,COMPLETE
100,100,0.7739583333333333,2025-01-03 18:07:32.097418,2025-01-03 18:08:05.573805,0 days 00:00:33.476387,6,90,40.0,65.0,15.0,60.0,45.0,,,,,4,5.0,5.0,4.0,6.0,5.0,,,,,COMPLETE
101,101,0.8221642764015646,2025-01-03 18:08:05.574439,2025-01-03 18:08:35.271257,0 days 00:00:29.696818,10,85,55.0,100.0,30.0,70.0,40.0,75.0,100.0,70.0,80.0,2,5.0,5.0,2.0,5.0,6.0,3.0,3.0,2.0,6.0,COMPLETE
102,102,0.8056426332288402,2025-01-03 18:08:35.272145,2025-01-03 18:09:21.202222,0 days 00:00:45.930077,10,90,50.0,95.0,40.0,70.0,40.0,60.0,100.0,80.0,80.0,2,6.0,5.0,2.0,5.0,6.0,3.0,3.0,2.0,6.0,COMPLETE
103,103,0.7902680197762164,2025-01-03 18:09:21.202933,2025-01-03 18:09:47.443530,0 days 00:00:26.240597,10,100,55.0,95.0,30.0,75.0,50.0,90.0,90.0,80.0,70.0,2,6.0,5.0,2.0,5.0,6.0,4.0,3.0,3.0,5.0,COMPLETE
104,104,0.8385416666666667,2025-01-03 18:09:47.444333,2025-01-03 18:10:23.083326,0 days 00:00:35.638993,9,95,65.0,70.0,35.0,100.0,35.0,85.0,95.0,65.0,,2,5.0,4.0,2.0,5.0,6.0,2.0,4.0,2.0,,COMPLETE
105,105,0.87042842215256,2025-01-03 18:10:23.084053,2025-01-03 18:11:09.444084,0 days 00:00:46.360031,10,80,60.0,50.0,25.0,90.0,45.0,95.0,85.0,75.0,90.0,3,5.0,5.0,2.0,5.0,5.0,3.0,3.0,4.0,6.0,COMPLETE
106,106,0.8221642764015646,2025-01-03 18:11:09.444806,2025-01-03 18:11:49.951939,0 days 00:00:40.507133,9,90,80.0,95.0,50.0,80.0,5.0,100.0,95.0,60.0,,2,6.0,4.0,3.0,6.0,6.0,5.0,2.0,5.0,,COMPLETE
107,107,0.8046218487394958,2025-01-03 18:11:49.952779,2025-01-03 18:12:30.029439,0 days 00:00:40.076660,8,75,30.0,90.0,20.0,70.0,60.0,80.0,80.0,,,6,4.0,6.0,3.0,5.0,5.0,4.0,3.0,,,COMPLETE
108,108,0.8385416666666667,2025-01-03 18:12:30.030136,2025-01-03 18:13:16.954111,0 days 00:00:46.923975,9,85,55.0,80.0,30.0,95.0,75.0,60.0,65.0,50.0,,5,2.0,6.0,6.0,6.0,6.0,5.0,2.0,3.0,,COMPLETE
109,109,0.8214192196910186,2025-01-03 18:13:16.954958,2025-01-03 18:13:49.720206,0 days 00:00:32.765248,8,100,60.0,55.0,35.0,65.0,15.0,90.0,90.0,,,4,4.0,5.0,2.0,4.0,3.0,3.0,5.0,,,COMPLETE
110,110,0.7965517241379311,2025-01-03 18:13:49.720824,2025-01-03 18:14:29.115352,0 days 00:00:39.394528,7,30,45.0,100.0,45.0,30.0,25.0,45.0,,,,5,6.0,4.0,3.0,5.0,6.0,6.0,,,,COMPLETE
111,111,0.7902680197762164,2025-01-03 18:14:29.116164,2025-01-03 18:14:54.648827,0 days 00:00:25.532663,10,80,60.0,50.0,25.0,90.0,45.0,95.0,85.0,75.0,90.0,3,5.0,5.0,2.0,5.0,5.0,3.0,3.0,4.0,6.0,COMPLETE
112,112,0.8607085346215781,2025-01-03 18:14:54.649584,2025-01-03 18:15:34.192525,0 days 00:00:39.542941,10,55,65.0,45.0,25.0,85.0,40.0,95.0,80.0,85.0,90.0,2,5.0,5.0,2.0,5.0,5.0,3.0,3.0,2.0,6.0,COMPLETE
113,113,0.8214192196910186,2025-01-03 18:15:34.193346,2025-01-03 18:16:21.026598,0 days 00:00:46.833252,10,85,65.0,50.0,20.0,100.0,50.0,100.0,100.0,65.0,70.0,3,4.0,5.0,2.0,5.0,5.0,3.0,3.0,6.0,5.0,COMPLETE
114,114,0.8286247334754797,2025-01-03 18:16:21.027370,2025-01-03 18:17:07.382369,0 days 00:00:46.354999,10,80,50.0,45.0,25.0,90.0,45.0,90.0,60.0,75.0,90.0,3,6.0,5.0,2.0,5.0,5.0,2.0,4.0,3.0,6.0,COMPLETE
