,number,value,datetime_start,datetime_complete,duration,params_depth,params_neurons_layer_0,params_neurons_layer_1,params_neurons_layer_2,params_neurons_layer_3,params_neurons_layer_4,params_neurons_layer_5,params_neurons_layer_6,params_neurons_layer_7,params_neurons_layer_8,params_neurons_layer_9,params_orders_layer_0,params_orders_layer_1,params_orders_layer_2,params_orders_layer_3,params_orders_layer_4,params_orders_layer_5,params_orders_layer_6,params_orders_layer_7,params_orders_layer_8,params_orders_layer_9,state
122,122,0.8007380073800738,2025-01-03 09:34:24.822860,2025-01-03 09:34:50.365988,0 days 00:00:25.543128,6,75,60.0,70.0,95.0,70.0,65.0,,,,,6,4.0,6.0,3.0,3.0,2.0,,,,,COMPLETE
123,123,0.8105617697571568,2025-01-03 09:34:50.366725,2025-01-03 09:35:13.500688,0 days 00:00:23.133963,5,70,55.0,65.0,90.0,75.0,,,,,,6,4.0,6.0,3.0,3.0,,,,,,COMPLETE
124,124,0.7874468496327793,2025-01-03 09:35:13.501283,2025-01-03 09:35:40.639117,0 days 00:00:27.137834,6,80,60.0,70.0,90.0,65.0,80.0,,,,,6,4.0,6.0,3.0,3.0,2.0,,,,,COMPLETE
125,125,0.788627935723115,2025-01-03 09:35:40.639699,2025-01-03 09:36:10.602322,0 days 00:00:29.962623,7,70,55.0,75.0,85.0,70.0,70.0,70.0,,,,6,4.0,6.0,3.0,3.0,2.0,5.0,,,,COMPLETE
126,126,0.8076784784387632,2025-01-03 09:36:10.603151,2025-01-03 09:36:38.272614,0 days 00:00:27.669463,6,75,50.0,60.0,95.0,65.0,95.0,,,,,6,4.0,6.0,6.0,2.0,2.0,,,,,COMPLETE
127,127,0.8116561355557432,2025-01-03 09:36:38.273253,2025-01-03 09:37:05.512548,0 days 00:00:27.239295,5,65,65.0,65.0,75.0,70.0,,,,,,6,4.0,6.0,3.0,3.0,,,,,,COMPLETE
128,128,0.8259574062780319,2025-01-03 09:37:05.513132,2025-01-03 09:37:37.618327,0 days 00:00:32.105195,7,80,60.0,70.0,100.0,15.0,20.0,100.0,,,,6,4.0,6.0,2.0,3.0,4.0,3.0,,,,COMPLETE
129,129,0.8038385433817765,2025-01-03 09:37:37.619040,2025-01-03 09:38:12.757020,0 days 00:00:35.137980,7,80,60.0,80.0,100.0,75.0,20.0,100.0,,,,6,4.0,6.0,2.0,3.0,4.0,4.0,,,,COMPLETE
130,130,0.7827514781757241,2025-01-03 09:38:12.757711,2025-01-03 09:38:40.285892,0 days 00:00:27.528181,6,80,55.0,70.0,95.0,60.0,5.0,,,,,6,4.0,6.0,2.0,5.0,4.0,,,,,COMPLETE
131,131,0.810229116772337,2025-01-03 09:38:40.286509,2025-01-03 09:39:08.261985,0 days 00:00:27.975476,7,75,60.0,65.0,100.0,5.0,90.0,90.0,,,,6,4.0,6.0,2.0,3.0,3.0,3.0,,,,COMPLETE
132,132,0.7846718885139662,2025-01-03 09:39:08.262702,2025-01-03 09:39:38.380409,0 days 00:00:30.117707,8,70,75.0,70.0,80.0,10.0,15.0,80.0,15.0,,,6,4.0,6.0,2.0,3.0,3.0,2.0,5.0,,,COMPLETE
133,133,0.799434187016081,2025-01-03 09:39:38.381108,2025-01-03 09:40:13.676456,0 days 00:00:35.295348,7,75,50.0,75.0,90.0,15.0,35.0,95.0,,,,6,4.0,6.0,3.0,3.0,4.0,3.0,,,,COMPLETE
134,134,0.7892152813551787,2025-01-03 09:40:13.677084,2025-01-03 09:40:48.046668,0 days 00:00:34.369584,6,80,55.0,70.0,95.0,25.0,95.0,,,,,6,4.0,5.0,5.0,3.0,5.0,,,,,COMPLETE
135,135,0.7996412263535551,2025-01-03 09:40:48.047447,2025-01-03 09:41:13.931528,0 days 00:00:25.884081,7,70,80.0,65.0,55.0,15.0,25.0,85.0,,,,6,4.0,6.0,2.0,3.0,2.0,2.0,,,,COMPLETE
136,136,0.7840253373248297,2025-01-03 09:41:13.932155,2025-01-03 09:41:38.860571,0 days 00:00:24.928416,5,65,70.0,75.0,100.0,70.0,,,,,,6,3.0,6.0,3.0,2.0,,,,,,COMPLETE
137,137,0.7889047410008779,2025-01-03 09:41:38.861142,2025-01-03 09:42:14.089115,0 days 00:00:35.227973,6,75,55.0,60.0,85.0,80.0,50.0,,,,,6,4.0,6.0,3.0,3.0,6.0,,,,,COMPLETE
138,138,0.7955374917053749,2025-01-03 09:42:14.089880,2025-01-03 09:42:32.811349,0 days 00:00:18.721469,6,80,75.0,55.0,50.0,65.0,100.0,,,,,6,2.0,5.0,2.0,4.0,3.0,,,,,COMPLETE
139,139,0.7965141717337452,2025-01-03 09:42:32.811940,2025-01-03 09:42:55.235152,0 days 00:00:22.423212,5,85,60.0,65.0,65.0,15.0,,,,,,6,3.0,6.0,3.0,3.0,,,,,,COMPLETE
140,140,0.7910950165402275,2025-01-03 09:42:55.235717,2025-01-03 09:43:10.528489,0 days 00:00:15.292772,2,70,65.0,,,,,,,,,6,6.0,,,,,,,,,COMPLETE
141,141,0.8112061668681984,2025-01-03 09:43:10.529063,2025-01-03 09:43:32.847346,0 days 00:00:22.318283,6,85,45.0,25.0,45.0,50.0,85.0,,,,,5,4.0,3.0,3.0,3.0,2.0,,,,,COMPLETE
142,142,0.791573583866328,2025-01-03 09:43:32.847969,2025-01-03 09:43:57.981579,0 days 00:00:25.133610,6,90,50.0,25.0,40.0,100.0,80.0,,,,,5,4.0,3.0,3.0,3.0,2.0,,,,,COMPLETE
143,143,0.7967957764502,2025-01-03 09:43:57.982174,2025-01-03 09:44:28.360390,0 days 00:00:30.378216,7,85,80.0,70.0,25.0,75.0,85.0,100.0,,,,5,4.0,3.0,3.0,3.0,2.0,3.0,,,,COMPLETE
144,144,0.7861109402865752,2025-01-03 09:44:28.361005,2025-01-03 09:44:53.490070,0 days 00:00:25.129065,5,55,50.0,20.0,35.0,90.0,,,,,,6,4.0,6.0,3.0,3.0,,,,,,COMPLETE
145,145,0.8083914053426249,2025-01-03 09:44:53.490753,2025-01-03 09:45:17.274362,0 days 00:00:23.783609,6,75,45.0,65.0,90.0,95.0,90.0,,,,,6,4.0,3.0,3.0,3.0,2.0,,,,,COMPLETE
146,146,0.78916589347832,2025-01-03 09:45:17.275015,2025-01-03 09:45:56.669904,0 days 00:00:39.394889,8,80,55.0,60.0,40.0,10.0,90.0,10.0,75.0,,,5,4.0,5.0,3.0,3.0,2.0,4.0,2.0,,,COMPLETE
147,147,0.8002138806113621,2025-01-03 09:45:56.670582,2025-01-03 09:46:29.407427,0 days 00:00:32.736845,6,70,80.0,75.0,85.0,70.0,85.0,,,,,2,4.0,3.0,3.0,2.0,2.0,,,,,COMPLETE
148,148,0.8220089377916531,2025-01-03 09:46:29.408136,2025-01-03 09:46:58.481203,0 days 00:00:29.073067,7,75,70.0,70.0,35.0,65.0,45.0,90.0,,,,5,4.0,4.0,2.0,3.0,3.0,2.0,,,,COMPLETE
149,149,0.8078264517288908,2025-01-03 09:46:58.481918,2025-01-03 09:47:20.138772,0 days 00:00:21.656854,7,75,70.0,70.0,45.0,65.0,40.0,90.0,,,,6,4.0,4.0,2.0,3.0,3.0,2.0,,,,COMPLETE
150,150,0.7903249602640445,2025-01-03 09:47:20.139454,2025-01-03 09:47:45.911320,0 days 00:00:25.771866,7,70,75.0,80.0,50.0,55.0,45.0,95.0,,,,6,4.0,5.0,2.0,3.0,3.0,2.0,,,,COMPLETE
151,151,0.7891083291767521,2025-01-03 09:47:45.912034,2025-01-03 09:48:11.307341,0 days 00:00:25.395307,7,80,75.0,70.0,70.0,70.0,50.0,80.0,,,,5,4.0,4.0,2.0,3.0,3.0,2.0,,,,COMPLETE
152,152,0.8122493272621953,2025-01-03 09:48:11.308300,2025-01-03 09:48:40.719637,0 days 00:00:29.411337,6,75,70.0,65.0,35.0,75.0,30.0,,,,,5,4.0,4.0,2.0,3.0,3.0,,,,,COMPLETE
153,153,0.8029466207620093,2025-01-03 09:48:40.720284,2025-01-03 09:49:19.983450,0 days 00:00:39.263166,7,80,80.0,25.0,30.0,65.0,40.0,75.0,,,,5,4.0,4.0,2.0,3.0,3.0,3.0,,,,COMPLETE
154,154,0.7948754238790436,2025-01-03 09:49:19.984253,2025-01-03 09:49:44.888046,0 days 00:00:24.903793,5,90,55.0,70.0,40.0,70.0,,,,,,5,4.0,4.0,3.0,3.0,,,,,,COMPLETE
155,155,0.7990212180937781,2025-01-03 09:49:44.888714,2025-01-03 09:50:16.753967,0 days 00:00:31.865253,6,65,65.0,75.0,35.0,35.0,75.0,,,,,5,4.0,3.0,3.0,3.0,2.0,,,,,COMPLETE
156,156,0.7917266489119221,2025-01-03 09:50:16.754597,2025-01-03 09:51:05.576969,0 days 00:00:48.822372,8,75,75.0,50.0,100.0,60.0,55.0,100.0,45.0,,,5,4.0,4.0,2.0,6.0,3.0,2.0,4.0,,,COMPLETE
157,157,0.7910694902693943,2025-01-03 09:51:05.577887,2025-01-03 09:51:37.268733,0 days 00:00:31.690846,6,85,25.0,65.0,25.0,25.0,95.0,,,,,4,4.0,6.0,3.0,3.0,2.0,,,,,COMPLETE
158,158,0.795489851232267,2025-01-03 09:51:37.269396,2025-01-03 09:51:56.947737,0 days 00:00:19.678341,5,65,85.0,25.0,30.0,90.0,,,,,,6,4.0,3.0,3.0,2.0,,,,,,COMPLETE
159,159,0.7958104863276351,2025-01-03 09:51:56.948369,2025-01-03 09:52:27.370531,0 days 00:00:30.422162,7,85,60.0,55.0,55.0,60.0,60.0,85.0,,,,6,4.0,6.0,4.0,3.0,3.0,3.0,,,,COMPLETE
160,160,0.8088931053176285,2025-01-03 09:52:27.371676,2025-01-03 09:52:54.595101,0 days 00:00:27.223425,5,70,80.0,20.0,35.0,100.0,,,,,,5,4.0,3.0,3.0,3.0,,,,,,COMPLETE
161,161,0.8049534270625853,2025-01-03 09:52:54.595781,2025-01-03 09:53:25.743959,0 days 00:00:31.148178,6,75,70.0,65.0,35.0,75.0,30.0,,,,,5,4.0,4.0,2.0,3.0,3.0,,,,,COMPLETE
162,162,0.7917164423442795,2025-01-03 09:53:25.744570,2025-01-03 09:54:03.140359,0 days 00:00:37.395789,6,75,75.0,70.0,35.0,75.0,30.0,,,,,5,4.0,4.0,2.0,3.0,3.0,,,,,COMPLETE
163,163,0.804123271550456,2025-01-03 09:54:03.141136,2025-01-03 09:54:31.328378,0 days 00:00:28.187242,6,80,65.0,60.0,40.0,80.0,45.0,,,,,5,4.0,4.0,2.0,3.0,3.0,,,,,COMPLETE
164,164,0.7901989718202589,2025-01-03 09:54:31.329085,2025-01-03 09:55:01.692901,0 days 00:00:30.363816,7,75,70.0,5.0,45.0,75.0,25.0,90.0,,,,5,4.0,4.0,2.0,3.0,3.0,2.0,,,,COMPLETE
165,165,0.7890802049463002,2025-01-03 09:55:01.693540,2025-01-03 09:55:30.983943,0 days 00:00:29.290403,7,75,50.0,60.0,30.0,70.0,15.0,95.0,,,,5,4.0,4.0,2.0,3.0,2.0,3.0,,,,COMPLETE
166,166,0.801997689008833,2025-01-03 09:55:30.984700,2025-01-03 09:55:57.412984,0 days 00:00:26.428284,6,80,45.0,30.0,80.0,45.0,20.0,,,,,6,4.0,4.0,2.0,3.0,4.0,,,,,COMPLETE
167,167,0.8042839796388346,2025-01-03 09:55:57.413708,2025-01-03 09:56:25.350653,0 days 00:00:27.936945,6,70,60.0,15.0,45.0,85.0,30.0,,,,,5,4.0,6.0,3.0,3.0,3.0,,,,,COMPLETE
168,168,0.7851513240857503,2025-01-03 09:56:25.351307,2025-01-03 09:56:48.927131,0 days 00:00:23.575824,5,60,40.0,65.0,60.0,95.0,,,,,,6,4.0,3.0,4.0,3.0,,,,,,COMPLETE
169,169,0.7792768959435625,2025-01-03 09:56:48.927891,2025-01-03 09:57:26.460926,0 days 00:00:37.533035,6,20,75.0,65.0,20.0,80.0,90.0,,,,,3,4.0,3.0,3.0,3.0,2.0,,,,,COMPLETE
170,170,0.8078409018937234,2025-01-03 09:57:26.461945,2025-01-03 09:58:01.430669,0 days 00:00:34.968724,7,80,70.0,70.0,25.0,15.0,20.0,65.0,,,,4,4.0,6.0,3.0,4.0,2.0,2.0,,,,COMPLETE
171,171,0.7849989976855649,2025-01-03 09:58:01.431344,2025-01-03 09:58:31.376311,0 days 00:00:29.944967,6,75,90.0,35.0,40.0,20.0,85.0,,,,,5,5.0,3.0,3.0,3.0,3.0,,,,,COMPLETE
172,172,0.7923420119789757,2025-01-03 09:58:31.377052,2025-01-03 09:59:02.907883,0 days 00:00:31.530831,6,70,85.0,30.0,35.0,15.0,35.0,,,,,5,5.0,3.0,3.0,3.0,5.0,,,,,COMPLETE
173,173,0.8009704461926312,2025-01-03 09:59:02.908622,2025-01-03 09:59:38.698431,0 days 00:00:35.789809,6,75,80.0,25.0,40.0,20.0,95.0,,,,,5,5.0,3.0,3.0,6.0,3.0,,,,,COMPLETE
174,174,0.8127594860845788,2025-01-03 09:59:38.699097,2025-01-03 10:00:03.235036,0 days 00:00:24.535939,5,80,85.0,30.0,30.0,20.0,,,,,,5,5.0,3.0,3.0,3.0,,,,,,COMPLETE
175,175,0.8057037376001489,2025-01-03 10:00:03.235772,2025-01-03 10:00:25.790100,0 days 00:00:22.554328,5,85,85.0,35.0,35.0,25.0,,,,,,5,5.0,3.0,3.0,3.0,,,,,,COMPLETE
176,176,0.8072876537633837,2025-01-03 10:00:25.790792,2025-01-03 10:00:53.494207,0 days 00:00:27.703415,5,80,80.0,70.0,30.0,20.0,,,,,,6,4.0,2.0,2.0,3.0,,,,,,COMPLETE
177,177,0.8053370092270031,2025-01-03 10:00:53.495106,2025-01-03 10:01:24.119432,0 days 00:00:30.624326,5,80,55.0,30.0,30.0,70.0,,,,,,5,4.0,3.0,3.0,3.0,,,,,,COMPLETE
178,178,0.8120393120393121,2025-01-03 10:01:24.120177,2025-01-03 10:01:49.272826,0 days 00:00:25.152649,4,90,70.0,40.0,100.0,,,,,,,6,4.0,6.0,3.0,,,,,,,COMPLETE
179,179,0.7891475485119849,2025-01-03 10:01:49.273517,2025-01-03 10:02:18.975643,0 days 00:00:29.702126,5,65,50.0,75.0,30.0,25.0,,,,,,6,5.0,3.0,5.0,5.0,,,,,,COMPLETE
180,180,0.7957663500182681,2025-01-03 10:02:18.976320,2025-01-03 10:02:57.087185,0 days 00:00:38.110865,7,85,55.0,60.0,95.0,40.0,100.0,85.0,,,,5,2.0,5.0,3.0,2.0,2.0,4.0,,,,COMPLETE
181,181,0.8008721529803471,2025-01-03 10:02:57.087957,2025-01-03 10:03:28.279354,0 days 00:00:31.191397,6,75,85.0,30.0,35.0,20.0,80.0,,,,,5,5.0,3.0,3.0,3.0,3.0,,,,,COMPLETE
182,182,0.8112742096853673,2025-01-03 10:03:28.280032,2025-01-03 10:04:01.421585,0 days 00:00:33.141553,6,75,85.0,25.0,40.0,15.0,90.0,,,,,5,5.0,3.0,3.0,3.0,3.0,,,,,COMPLETE
183,183,0.7950875967117266,2025-01-03 10:04:01.422248,2025-01-03 10:04:30.926203,0 days 00:00:29.503955,5,80,90.0,30.0,45.0,10.0,,,,,,5,5.0,3.0,3.0,3.0,,,,,,COMPLETE
184,184,0.7950633666906015,2025-01-03 10:04:30.926959,2025-01-03 10:04:59.698371,0 days 00:00:28.771412,6,70,15.0,70.0,40.0,30.0,85.0,,,,,5,5.0,4.0,3.0,3.0,3.0,,,,,COMPLETE
185,185,0.8076264015231648,2025-01-03 10:04:59.699121,2025-01-03 10:05:33.532424,0 days 00:00:33.833303,7,75,90.0,35.0,35.0,20.0,95.0,70.0,,,,5,5.0,3.0,3.0,3.0,3.0,3.0,,,,COMPLETE
186,186,0.8128310062590275,2025-01-03 10:05:33.533103,2025-01-03 10:05:58.888272,0 days 00:00:25.355169,6,80,80.0,75.0,50.0,75.0,90.0,,,,,6,4.0,4.0,2.0,3.0,2.0,,,,,COMPLETE
187,187,0.7955295360130885,2025-01-03 10:05:58.889008,2025-01-03 10:06:24.145352,0 days 00:00:25.256344,6,85,80.0,75.0,50.0,75.0,45.0,,,,,6,4.0,4.0,2.0,3.0,2.0,,,,,COMPLETE
188,188,0.7990024937655861,2025-01-03 10:06:24.146057,2025-01-03 10:06:47.508135,0 days 00:00:23.362078,5,80,75.0,75.0,55.0,80.0,,,,,,6,4.0,4.0,2.0,3.0,,,,,,COMPLETE
189,189,0.8212818167076152,2025-01-03 10:06:47.508765,2025-01-03 10:07:13.176366,0 days 00:00:25.667601,7,80,80.0,80.0,50.0,65.0,90.0,90.0,,,,6,4.0,4.0,2.0,3.0,2.0,2.0,,,,COMPLETE
190,190,0.7979638930365143,2025-01-03 10:07:13.177031,2025-01-03 10:07:35.048785,0 days 00:00:21.871754,7,80,80.0,80.0,55.0,65.0,90.0,90.0,,,,6,4.0,4.0,2.0,2.0,2.0,2.0,,,,COMPLETE
191,191,0.7977656282111728,2025-01-03 10:07:35.049589,2025-01-03 10:08:01.873183,0 days 00:00:26.823594,7,85,80.0,80.0,50.0,70.0,90.0,100.0,,,,6,4.0,4.0,2.0,3.0,2.0,2.0,,,,COMPLETE
192,192,0.8176732870269878,2025-01-03 10:08:01.873923,2025-01-03 10:08:28.617431,0 days 00:00:26.743508,7,80,75.0,85.0,45.0,65.0,95.0,80.0,,,,6,4.0,4.0,2.0,3.0,2.0,2.0,,,,COMPLETE
193,193,0.8144725436249199,2025-01-03 10:08:28.618121,2025-01-03 10:08:50.443737,0 days 00:00:21.825616,7,80,75.0,85.0,45.0,65.0,100.0,80.0,,,,6,4.0,4.0,2.0,3.0,2.0,2.0,,,,COMPLETE
194,194,0.7970089300076753,2025-01-03 10:08:50.444560,2025-01-03 10:09:13.802332,0 days 00:00:23.357772,7,80,75.0,90.0,45.0,65.0,100.0,80.0,,,,6,4.0,4.0,2.0,3.0,2.0,2.0,,,,COMPLETE
195,195,0.8134561516914458,2025-01-03 10:09:13.803061,2025-01-03 10:09:37.400565,0 days 00:00:23.597504,7,80,75.0,85.0,45.0,60.0,100.0,75.0,,,,6,4.0,4.0,2.0,3.0,2.0,2.0,,,,COMPLETE
196,196,0.8218159990326648,2025-01-03 10:09:37.401260,2025-01-03 10:10:02.728666,0 days 00:00:25.327406,7,80,75.0,85.0,50.0,60.0,100.0,75.0,,,,6,4.0,4.0,2.0,3.0,2.0,2.0,,,,COMPLETE
197,197,0.7929102496016993,2025-01-03 10:10:02.729336,2025-01-03 10:10:30.392303,0 days 00:00:27.662967,7,80,75.0,85.0,50.0,55.0,100.0,75.0,,,,6,4.0,4.0,2.0,3.0,2.0,2.0,,,,COMPLETE
198,198,0.8095590288521769,2025-01-03 10:10:30.393116,2025-01-03 10:10:54.389994,0 days 00:00:23.996878,7,80,75.0,85.0,45.0,60.0,100.0,85.0,,,,6,4.0,4.0,2.0,3.0,2.0,2.0,,,,COMPLETE
199,199,0.7878298081955605,2025-01-03 10:10:54.390984,2025-01-03 10:11:17.400948,0 days 00:00:23.009964,7,85,75.0,90.0,45.0,55.0,95.0,75.0,,,,6,4.0,4.0,2.0,3.0,2.0,2.0,,,,COMPLETE
200,200,0.8193139228155863,2025-01-03 10:11:17.401677,2025-01-03 10:11:48.464167,0 days 00:00:31.062490,7,80,75.0,85.0,50.0,60.0,100.0,70.0,,,,6,4.0,4.0,2.0,5.0,2.0,2.0,,,,COMPLETE
201,201,0.8033783236239544,2025-01-03 10:11:48.464943,2025-01-03 10:12:16.097034,0 days 00:00:27.632091,7,80,75.0,85.0,50.0,60.0,100.0,70.0,,,,6,4.0,4.0,2.0,5.0,2.0,2.0,,,,COMPLETE
202,202,0.7863888863327536,2025-01-03 10:12:16.097764,2025-01-03 10:12:40.228304,0 days 00:00:24.130540,7,80,75.0,90.0,45.0,65.0,95.0,80.0,,,,6,4.0,4.0,2.0,4.0,2.0,2.0,,,,COMPLETE
203,203,0.8017241379310345,2025-01-03 10:12:40.228986,2025-01-03 10:13:06.654751,0 days 00:00:26.425765,7,85,75.0,85.0,50.0,60.0,100.0,75.0,,,,6,4.0,4.0,2.0,6.0,2.0,2.0,,,,COMPLETE
204,204,0.8014706434515665,2025-01-03 10:13:06.655447,2025-01-03 10:13:40.352720,0 days 00:00:33.697273,8,80,75.0,85.0,50.0,65.0,95.0,85.0,65.0,,,6,4.0,4.0,2.0,5.0,2.0,2.0,5.0,,,COMPLETE
205,205,0.8009172753524716,2025-01-03 10:13:40.353663,2025-01-03 10:14:05.599432,0 days 00:00:25.245769,7,80,70.0,95.0,45.0,65.0,100.0,60.0,,,,6,4.0,4.0,2.0,3.0,2.0,2.0,,,,COMPLETE
206,206,0.8046172539489672,2025-01-03 10:14:05.600132,2025-01-03 10:14:33.666243,0 days 00:00:28.066111,7,60,80.0,85.0,50.0,55.0,95.0,80.0,,,,6,4.0,4.0,2.0,5.0,2.0,2.0,,,,COMPLETE
207,207,0.7905130672532038,2025-01-03 10:14:33.667271,2025-01-03 10:14:58.072236,0 days 00:00:24.404965,7,75,75.0,80.0,45.0,60.0,100.0,65.0,,,,6,4.0,4.0,2.0,3.0,2.0,2.0,,,,COMPLETE
208,208,0.8253691933825591,2025-01-03 10:14:58.073114,2025-01-03 10:15:28.676998,0 days 00:00:30.603884,7,85,80.0,80.0,45.0,65.0,95.0,70.0,,,,6,4.0,4.0,2.0,3.0,2.0,2.0,,,,COMPLETE
209,209,0.8061250465947214,2025-01-03 10:15:28.677657,2025-01-03 10:15:54.517272,0 days 00:00:25.839615,7,85,70.0,85.0,45.0,65.0,95.0,70.0,,,,6,4.0,4.0,2.0,3.0,2.0,2.0,,,,COMPLETE
210,210,0.7888767209011264,2025-01-03 10:15:54.517943,2025-01-03 10:16:25.278818,0 days 00:00:30.760875,8,85,65.0,80.0,45.0,60.0,95.0,75.0,85.0,,,6,4.0,4.0,2.0,2.0,2.0,2.0,3.0,,,COMPLETE
211,211,0.7938780825116296,2025-01-03 10:16:25.279631,2025-01-03 10:16:50.011664,0 days 00:00:24.732033,7,80,80.0,80.0,50.0,70.0,100.0,70.0,,,,6,4.0,4.0,2.0,3.0,2.0,2.0,,,,COMPLETE
212,212,0.8064428778616144,2025-01-03 10:16:50.012373,2025-01-03 10:17:20.007129,0 days 00:00:29.994756,7,90,80.0,90.0,45.0,65.0,95.0,90.0,,,,6,4.0,4.0,2.0,3.0,2.0,2.0,,,,COMPLETE
213,213,0.809168238504221,2025-01-03 10:17:20.007803,2025-01-03 10:17:49.384633,0 days 00:00:29.376830,7,80,75.0,85.0,50.0,65.0,100.0,75.0,,,,6,4.0,4.0,2.0,3.0,2.0,2.0,,,,COMPLETE
214,214,0.7994970403457167,2025-01-03 10:17:49.385453,2025-01-03 10:18:20.895571,0 days 00:00:31.510118,7,75,80.0,80.0,45.0,70.0,90.0,85.0,,,,6,4.0,4.0,2.0,3.0,2.0,2.0,,,,COMPLETE
215,215,0.7896155148350883,2025-01-03 10:18:20.896611,2025-01-03 10:18:52.315612,0 days 00:00:31.419001,8,85,75.0,85.0,50.0,60.0,95.0,80.0,15.0,,,6,4.0,4.0,2.0,3.0,2.0,2.0,4.0,,,COMPLETE
216,216,0.7833139083139082,2025-01-03 10:18:52.316337,2025-01-03 10:19:21.407747,0 days 00:00:29.091410,7,65,5.0,80.0,40.0,55.0,65.0,95.0,,,,6,4.0,4.0,2.0,6.0,2.0,2.0,,,,COMPLETE
217,217,0.8033238022364517,2025-01-03 10:19:21.408548,2025-01-03 10:19:46.355797,0 days 00:00:24.947249,7,80,60.0,90.0,20.0,70.0,100.0,90.0,,,,6,4.0,4.0,2.0,3.0,2.0,2.0,,,,COMPLETE
218,218,0.8068355731981443,2025-01-03 10:19:46.356546,2025-01-03 10:20:15.733771,0 days 00:00:29.377225,7,75,55.0,75.0,55.0,50.0,90.0,85.0,,,,6,2.0,4.0,2.0,3.0,2.0,2.0,,,,COMPLETE
219,219,0.8056119609524239,2025-01-03 10:20:15.734446,2025-01-03 10:20:48.380183,0 days 00:00:32.645737,7,85,80.0,80.0,75.0,60.0,95.0,60.0,,,,6,4.0,6.0,2.0,3.0,2.0,2.0,,,,COMPLETE
220,220,0.8032555506440531,2025-01-03 10:20:48.381018,2025-01-03 10:21:16.777431,0 days 00:00:28.396413,7,80,75.0,85.0,50.0,65.0,100.0,65.0,,,,6,3.0,4.0,2.0,3.0,2.0,2.0,,,,COMPLETE
221,221,0.805984387525402,2025-01-03 10:21:16.778583,2025-01-03 10:21:41.787100,0 days 00:00:25.008517,7,75,80.0,70.0,55.0,65.0,90.0,80.0,,,,6,4.0,4.0,2.0,3.0,2.0,2.0,,,,COMPLETE
222,222,0.7994573508856875,2025-01-03 10:21:41.787760,2025-01-03 10:22:11.969969,0 days 00:00:30.182209,7,75,80.0,75.0,55.0,60.0,95.0,80.0,,,,6,4.0,4.0,2.0,3.0,2.0,2.0,,,,COMPLETE
223,223,0.8029447941538239,2025-01-03 10:22:11.970802,2025-01-03 10:22:34.737029,0 days 00:00:22.766227,7,80,75.0,85.0,45.0,70.0,90.0,75.0,,,,6,4.0,6.0,2.0,3.0,2.0,2.0,,,,COMPLETE
224,224,0.7911700112450284,2025-01-03 10:22:34.737793,2025-01-03 10:23:00.135025,0 days 00:00:25.397232,7,75,70.0,15.0,45.0,65.0,95.0,85.0,,,,6,4.0,4.0,2.0,3.0,2.0,2.0,,,,COMPLETE
225,225,0.807021747529779,2025-01-03 10:23:00.135718,2025-01-03 10:23:29.245551,0 days 00:00:29.109833,7,70,80.0,70.0,50.0,70.0,90.0,70.0,,,,6,4.0,4.0,2.0,3.0,2.0,5.0,,,,COMPLETE
226,226,0.8214635954841178,2025-01-03 10:23:29.246245,2025-01-03 10:23:59.868819,0 days 00:00:30.622574,7,85,55.0,80.0,90.0,55.0,100.0,95.0,,,,6,4.0,4.0,2.0,3.0,2.0,2.0,,,,COMPLETE
227,227,0.7936686634514263,2025-01-03 10:23:59.869633,2025-01-03 10:24:48.904822,0 days 00:00:49.035189,9,85,55.0,80.0,90.0,55.0,100.0,100.0,90.0,60.0,,6,4.0,4.0,2.0,3.0,2.0,2.0,6.0,4.0,,COMPLETE
228,228,0.7921077915888062,2025-01-03 10:24:48.905660,2025-01-03 10:25:20.464274,0 days 00:00:31.558614,7,90,55.0,80.0,85.0,55.0,100.0,95.0,,,,6,4.0,4.0,2.0,4.0,2.0,3.0,,,,COMPLETE
229,229,0.7977862399323028,2025-01-03 10:25:20.465339,2025-01-03 10:25:44.612838,0 days 00:00:24.147499,6,85,50.0,75.0,95.0,60.0,5.0,,,,,6,4.0,4.0,2.0,3.0,2.0,,,,,COMPLETE
230,230,0.7861453654615282,2025-01-03 10:25:44.613560,2025-01-03 10:26:07.955764,0 days 00:00:23.342204,7,80,55.0,85.0,100.0,65.0,100.0,95.0,,,,6,4.0,4.0,2.0,3.0,2.0,2.0,,,,COMPLETE
231,231,0.8092838354854137,2025-01-03 10:26:07.956446,2025-01-03 10:26:42.351776,0 days 00:00:34.395330,7,40,60.0,80.0,60.0,50.0,95.0,90.0,,,,6,4.0,5.0,6.0,3.0,2.0,2.0,,,,COMPLETE
232,232,0.7994471432961583,2025-01-03 10:26:42.352657,2025-01-03 10:27:11.002198,0 days 00:00:28.649541,7,80,80.0,65.0,45.0,100.0,95.0,80.0,,,,6,4.0,6.0,2.0,3.0,2.0,2.0,,,,COMPLETE
233,233,0.8101181135885365,2025-01-03 10:27:11.002938,2025-01-03 10:27:45.537339,0 days 00:00:34.534401,7,85,70.0,90.0,80.0,60.0,90.0,100.0,,,,6,4.0,6.0,2.0,3.0,4.0,2.0,,,,COMPLETE
234,234,0.8060624047744633,2025-01-03 10:27:45.538026,2025-01-03 10:28:26.406545,0 days 00:00:40.868519,7,75,75.0,75.0,100.0,65.0,100.0,90.0,,,,3,4.0,4.0,2.0,3.0,2.0,2.0,,,,COMPLETE
235,235,0.8036880255683353,2025-01-03 10:28:26.407347,2025-01-03 10:28:51.780695,0 days 00:00:25.373348,6,70,55.0,85.0,15.0,70.0,95.0,,,,,6,4.0,4.0,2.0,3.0,2.0,,,,,COMPLETE
236,236,0.813681294240225,2025-01-03 10:28:51.781854,2025-01-03 10:29:23.891452,0 days 00:00:32.109598,7,80,30.0,70.0,85.0,95.0,100.0,95.0,,,,6,4.0,6.0,2.0,3.0,2.0,2.0,,,,COMPLETE
237,237,0.7975286024749897,2025-01-03 10:29:23.892164,2025-01-03 10:29:50.619026,0 days 00:00:26.726862,7,80,30.0,70.0,90.0,100.0,100.0,95.0,,,,6,4.0,6.0,2.0,3.0,2.0,2.0,,,,COMPLETE
238,238,0.8025887938370583,2025-01-03 10:29:50.619886,2025-01-03 10:30:22.872827,0 days 00:00:32.252941,6,85,30.0,65.0,90.0,55.0,100.0,,,,,6,6.0,6.0,2.0,5.0,2.0,,,,,COMPLETE
239,239,0.7914087706962928,2025-01-03 10:30:22.873578,2025-01-03 10:30:53.930418,0 days 00:00:31.056840,7,80,60.0,70.0,85.0,95.0,70.0,95.0,,,,6,4.0,6.0,2.0,2.0,2.0,5.0,,,,COMPLETE
240,240,0.7982134363852557,2025-01-03 10:30:53.931146,2025-01-03 10:31:22.432982,0 days 00:00:28.501836,7,80,25.0,75.0,85.0,95.0,100.0,100.0,,,,6,4.0,6.0,2.0,3.0,2.0,2.0,,,,COMPLETE
241,241,0.7913529854608761,2025-01-03 10:31:22.433851,2025-01-03 10:31:54.731035,0 days 00:00:32.297184,7,50,75.0,70.0,40.0,15.0,55.0,85.0,,,,6,4.0,6.0,2.0,3.0,2.0,2.0,,,,COMPLETE
242,242,0.8183945113661513,2025-01-03 10:31:54.731754,2025-01-03 10:32:20.534251,0 days 00:00:25.802497,7,75,35.0,65.0,95.0,75.0,95.0,90.0,,,,6,4.0,4.0,2.0,3.0,2.0,2.0,,,,COMPLETE
