,number,value,datetime_start,datetime_complete,duration,params_depth,params_neurons_layer_0,params_neurons_layer_1,params_neurons_layer_2,params_neurons_layer_3,params_neurons_layer_4,params_neurons_layer_5,params_neurons_layer_6,params_neurons_layer_7,params_neurons_layer_8,params_neurons_layer_9,params_orders_layer_0,params_orders_layer_1,params_orders_layer_2,params_orders_layer_3,params_orders_layer_4,params_orders_layer_5,params_orders_layer_6,params_orders_layer_7,params_orders_layer_8,params_orders_layer_9,state
469,469,0.8385416666666667,2025-01-03 21:35:26.237374,2025-01-03 21:35:50.748064,0 days 00:00:24.510690,8,95,25.0,65.0,45.0,50.0,55.0,90.0,80.0,,,5,4.0,6.0,3.0,5.0,6.0,5.0,2.0,,,COMPLETE
470,470,0.8544980443285528,2025-01-03 21:35:50.748905,2025-01-03 21:36:23.161490,0 days 00:00:32.412585,6,20,15.0,55.0,40.0,55.0,30.0,,,,,2,2.0,6.0,3.0,6.0,5.0,,,,,COMPLETE
471,471,0.8225344782721832,2025-01-03 21:36:23.162506,2025-01-03 21:36:59.532660,0 days 00:00:36.370154,9,90,45.0,50.0,25.0,100.0,5.0,50.0,35.0,15.0,,2,2.0,2.0,2.0,4.0,2.0,6.0,3.0,6.0,,COMPLETE
472,472,0.7739583333333333,2025-01-03 21:36:59.533487,2025-01-03 21:37:46.551313,0 days 00:00:47.017826,7,35,55.0,60.0,30.0,40.0,45.0,75.0,,,,6,4.0,6.0,3.0,6.0,5.0,5.0,,,,COMPLETE
473,473,0.8286546610169492,2025-01-03 21:37:46.552403,2025-01-03 21:38:20.895398,0 days 00:00:34.342995,8,85,10.0,40.0,35.0,70.0,50.0,35.0,85.0,,,4,3.0,4.0,4.0,5.0,6.0,5.0,2.0,,,COMPLETE
474,474,0.8064516129032258,2025-01-03 21:38:20.896223,2025-01-03 21:38:59.091875,0 days 00:00:38.195652,8,75,50.0,45.0,100.0,50.0,40.0,100.0,50.0,,,2,2.0,5.0,3.0,6.0,5.0,5.0,3.0,,,COMPLETE
475,475,0.8371848739495797,2025-01-03 21:38:59.092926,2025-01-03 21:39:41.756022,0 days 00:00:42.663096,6,50,45.0,75.0,40.0,95.0,10.0,,,,,2,6.0,6.0,3.0,5.0,6.0,,,,,COMPLETE
476,476,0.8708333333333333,2025-01-03 21:39:41.756917,2025-01-03 21:40:19.955347,0 days 00:00:38.198430,7,80,55.0,20.0,30.0,75.0,35.0,80.0,,,,2,5.0,5.0,3.0,6.0,5.0,5.0,,,,COMPLETE
477,477,0.8225344782721832,2025-01-03 21:40:19.956387,2025-01-03 21:40:45.986923,0 days 00:00:26.030536,5,85,40.0,50.0,30.0,45.0,,,,,,4,3.0,5.0,3.0,5.0,,,,,,COMPLETE
478,478,0.8221642764015646,2025-01-03 21:40:45.987767,2025-01-03 21:41:21.406725,0 days 00:00:35.418958,8,95,60.0,70.0,35.0,35.0,30.0,95.0,90.0,,,5,2.0,6.0,3.0,6.0,2.0,5.0,2.0,,,COMPLETE
479,479,0.8046218487394958,2025-01-03 21:41:21.408322,2025-01-03 21:41:59.688110,0 days 00:00:38.279788,8,45,65.0,60.0,20.0,50.0,20.0,90.0,75.0,,,2,4.0,4.0,3.0,6.0,5.0,4.0,4.0,,,COMPLETE
480,480,0.8523002421307506,2025-01-03 21:41:59.689455,2025-01-03 21:42:31.927401,0 days 00:00:32.237946,7,90,50.0,55.0,25.0,60.0,65.0,95.0,,,,3,2.0,6.0,3.0,5.0,6.0,5.0,,,,COMPLETE
481,481,0.8056426332288402,2025-01-03 21:42:31.928241,2025-01-03 21:43:02.134110,0 days 00:00:30.205869,6,85,70.0,80.0,40.0,55.0,40.0,,,,,2,2.0,6.0,5.0,6.0,3.0,,,,,COMPLETE
482,482,0.8380355276907001,2025-01-03 21:43:02.135496,2025-01-03 21:43:43.869689,0 days 00:00:41.734193,8,95,75.0,45.0,30.0,65.0,15.0,90.0,10.0,,,5,4.0,6.0,3.0,6.0,5.0,5.0,3.0,,,COMPLETE
483,483,0.87042842215256,2025-01-03 21:43:43.870778,2025-01-03 21:44:02.508857,0 days 00:00:18.638079,9,90,55.0,65.0,45.0,30.0,40.0,100.0,70.0,65.0,,2,2.0,4.0,3.0,6.0,6.0,5.0,2.0,3.0,,COMPLETE
484,484,0.8225344782721832,2025-01-03 21:44:02.509693,2025-01-03 21:44:35.004684,0 days 00:00:32.494991,7,95,20.0,50.0,15.0,40.0,50.0,95.0,,,,2,3.0,5.0,2.0,5.0,5.0,5.0,,,,COMPLETE
485,485,0.7574967405475881,2025-01-03 21:44:35.005462,2025-01-03 21:44:59.369467,0 days 00:00:24.364005,8,100,40.0,40.0,35.0,100.0,60.0,90.0,95.0,,,5,6.0,6.0,3.0,6.0,6.0,6.0,3.0,,,COMPLETE
486,486,0.8538884524744697,2025-01-03 21:44:59.370583,2025-01-03 21:45:25.005082,0 days 00:00:25.634499,6,30,15.0,55.0,30.0,95.0,35.0,,,,,4,2.0,5.0,3.0,5.0,2.0,,,,,COMPLETE
487,487,0.8291777188328913,2025-01-03 21:45:25.005873,2025-01-03 21:45:49.005607,0 days 00:00:23.999734,5,55,45.0,65.0,25.0,35.0,,,,,,2,3.0,4.0,3.0,6.0,,,,,,COMPLETE
488,488,0.8291777188328913,2025-01-03 21:45:49.006337,2025-01-03 21:46:25.872704,0 days 00:00:36.866367,7,90,55.0,45.0,95.0,45.0,25.0,85.0,,,,2,4.0,6.0,3.0,6.0,4.0,5.0,,,,COMPLETE
489,489,0.8847503373819163,2025-01-03 21:46:25.873789,2025-01-03 21:46:34.223908,0 days 00:00:08.350119,2,85,25.0,,,,,,,,,6,2.0,,,,,,,,,COMPLETE
490,490,0.80625,2025-01-03 21:46:34.224521,2025-01-03 21:47:06.474122,0 days 00:00:32.249601,6,85,25.0,25.0,45.0,40.0,45.0,,,,,6,2.0,5.0,2.0,5.0,3.0,,,,,COMPLETE
491,491,0.7898305084745763,2025-01-03 21:47:06.474882,2025-01-03 21:47:14.972354,0 days 00:00:08.497472,2,85,30.0,,,,,,,,,4,2.0,,,,,,,,,COMPLETE
492,492,0.7950558213716108,2025-01-03 21:47:14.973316,2025-01-03 21:47:27.325803,0 days 00:00:12.352487,2,90,25.0,,,,,,,,,6,3.0,,,,,,,,,COMPLETE
493,493,0.7084639498432602,2025-01-03 21:47:27.326506,2025-01-03 21:48:10.839571,0 days 00:00:43.513065,7,85,25.0,75.0,20.0,90.0,55.0,80.0,,,,5,5.0,6.0,2.0,5.0,6.0,4.0,,,,COMPLETE
494,494,0.7950558213716108,2025-01-03 21:48:10.840652,2025-01-03 21:48:34.912373,0 days 00:00:24.071721,4,60,20.0,60.0,40.0,,,,,,,6,3.0,5.0,4.0,,,,,,,COMPLETE
495,495,0.8198924731182795,2025-01-03 21:48:34.913076,2025-01-03 21:48:55.779066,0 days 00:00:20.865990,3,95,30.0,80.0,,,,,,,,6,4.0,6.0,,,,,,,,COMPLETE
496,496,0.8455843469063987,2025-01-03 21:48:55.779737,2025-01-03 21:49:49.447052,0 days 00:00:53.667315,9,90,20.0,75.0,85.0,95.0,5.0,30.0,65.0,45.0,,6,2.0,6.0,3.0,5.0,6.0,6.0,2.0,4.0,,COMPLETE
497,497,0.790491118077325,2025-01-03 21:49:49.448208,2025-01-03 21:49:59.341753,0 days 00:00:09.893545,1,85,,,,,,,,,,6,,,,,,,,,,COMPLETE
498,498,0.845603813559322,2025-01-03 21:49:59.342358,2025-01-03 21:50:32.838689,0 days 00:00:33.496331,7,100,25.0,70.0,35.0,60.0,70.0,85.0,,,,6,2.0,5.0,3.0,5.0,2.0,4.0,,,,COMPLETE
499,499,0.7732497387669801,2025-01-03 21:50:32.839469,2025-01-03 21:51:19.590388,0 days 00:00:46.750919,7,95,15.0,60.0,35.0,30.0,40.0,35.0,,,,6,4.0,6.0,6.0,5.0,6.0,4.0,,,,COMPLETE
500,500,0.8225344782721832,2025-01-03 21:51:19.591348,2025-01-03 21:51:30.179448,0 days 00:00:10.588100,1,90,,,,,,,,,,6,,,,,,,,,,COMPLETE
501,501,0.7848032564450476,2025-01-03 21:51:30.180072,2025-01-03 21:51:59.623658,0 days 00:00:29.443586,6,85,25.0,55.0,50.0,35.0,50.0,,,,,6,2.0,5.0,3.0,5.0,3.0,,,,,COMPLETE
502,502,0.8264705882352941,2025-01-03 21:51:59.624956,2025-01-03 21:52:18.881817,0 days 00:00:19.256861,3,95,60.0,35.0,,,,,,,,4,4.0,6.0,,,,,,,,COMPLETE
503,503,0.8544980443285528,2025-01-03 21:52:18.882735,2025-01-03 21:52:35.967670,0 days 00:00:17.084935,3,90,20.0,65.0,,,,,,,,6,2.0,5.0,,,,,,,,COMPLETE
504,504,0.7580015612802498,2025-01-03 21:52:35.968449,2025-01-03 21:52:51.275477,0 days 00:00:15.307028,6,100,40.0,70.0,45.0,100.0,65.0,,,,,5,3.0,6.0,3.0,5.0,6.0,,,,,COMPLETE
505,505,0.7732497387669801,2025-01-03 21:52:51.276327,2025-01-03 21:53:37.730116,0 days 00:00:46.453789,7,70,65.0,55.0,40.0,55.0,35.0,45.0,,,,3,6.0,6.0,3.0,6.0,6.0,5.0,,,,COMPLETE
506,506,0.8225344782721832,2025-01-03 21:53:37.731183,2025-01-03 21:54:04.861867,0 days 00:00:27.130684,9,50,60.0,70.0,25.0,65.0,45.0,40.0,20.0,55.0,,4,3.0,5.0,3.0,5.0,3.0,3.0,2.0,5.0,,COMPLETE
507,507,0.8708333333333333,2025-01-03 21:54:04.862808,2025-01-03 21:54:39.702913,0 days 00:00:34.840105,7,90,15.0,60.0,40.0,90.0,60.0,75.0,,,,5,2.0,6.0,2.0,6.0,2.0,5.0,,,,COMPLETE
508,508,0.8225344782721832,2025-01-03 21:54:39.703709,2025-01-03 21:55:08.340834,0 days 00:00:28.637125,6,35,45.0,80.0,20.0,70.0,40.0,,,,,4,2.0,2.0,3.0,6.0,6.0,,,,,COMPLETE
509,509,0.80625,2025-01-03 21:55:08.341788,2025-01-03 21:55:55.929863,0 days 00:00:47.588075,9,90,20.0,50.0,35.0,40.0,55.0,55.0,25.0,60.0,,5,4.0,6.0,3.0,5.0,5.0,5.0,2.0,6.0,,COMPLETE
510,510,0.8317110655737705,2025-01-03 21:55:55.930808,2025-01-03 21:56:05.209728,0 days 00:00:09.278920,1,95,,,,,,,,,,6,,,,,,,,,,COMPLETE
511,511,0.7623604465709728,2025-01-03 21:56:05.210331,2025-01-03 21:56:35.232830,0 days 00:00:30.022499,6,15,40.0,95.0,25.0,65.0,45.0,,,,,2,3.0,6.0,4.0,4.0,4.0,,,,,COMPLETE
512,512,0.8064516129032258,2025-01-03 21:56:35.233798,2025-01-03 21:57:12.919317,0 days 00:00:37.685519,7,85,10.0,65.0,35.0,85.0,40.0,80.0,,,,2,2.0,5.0,3.0,6.0,6.0,6.0,,,,COMPLETE
513,513,0.8198924731182795,2025-01-03 21:57:12.920214,2025-01-03 21:57:56.731404,0 days 00:00:43.811190,8,45,30.0,55.0,40.0,75.0,35.0,40.0,45.0,,,4,4.0,6.0,5.0,5.0,2.0,5.0,4.0,,,COMPLETE
514,514,0.7889499869075673,2025-01-03 21:57:56.732472,2025-01-03 21:58:03.412680,0 days 00:00:06.680208,2,95,55.0,,,,,,,,,2,2.0,,,,,,,,,COMPLETE
515,515,0.8617133791644632,2025-01-03 21:58:03.413310,2025-01-03 21:58:44.581858,0 days 00:00:41.168548,7,90,65.0,70.0,30.0,95.0,5.0,85.0,,,,5,2.0,6.0,3.0,6.0,6.0,5.0,,,,COMPLETE
516,516,0.8056426332288402,2025-01-03 21:58:44.582793,2025-01-03 21:59:16.076029,0 days 00:00:31.493236,6,95,15.0,75.0,25.0,60.0,10.0,,,,,2,6.0,5.0,3.0,6.0,5.0,,,,,COMPLETE
517,517,0.8708333333333333,2025-01-03 21:59:16.076795,2025-01-03 21:59:56.474986,0 days 00:00:40.398191,9,85,60.0,50.0,15.0,45.0,40.0,100.0,70.0,75.0,,2,2.0,6.0,3.0,5.0,3.0,5.0,2.0,5.0,,COMPLETE
518,518,0.8697478991596639,2025-01-03 21:59:56.476082,2025-01-03 22:00:13.268358,0 days 00:00:16.792276,3,100,45.0,60.0,,,,,,,,3,4.0,6.0,,,,,,,,COMPLETE
519,519,0.8225344782721832,2025-01-03 22:00:13.269411,2025-01-03 22:00:45.222277,0 days 00:00:31.952866,7,55,55.0,55.0,30.0,25.0,35.0,90.0,,,,5,3.0,5.0,3.0,6.0,2.0,4.0,,,,COMPLETE
520,520,0.8064516129032258,2025-01-03 22:00:45.223301,2025-01-03 22:01:15.562857,0 days 00:00:30.339556,8,95,20.0,75.0,35.0,55.0,50.0,60.0,55.0,,,2,2.0,5.0,3.0,5.0,5.0,3.0,2.0,,,COMPLETE
521,521,0.8452950558213717,2025-01-03 22:01:15.563712,2025-01-03 22:01:48.928221,0 days 00:00:33.364509,6,90,25.0,50.0,40.0,80.0,45.0,,,,,4,4.0,6.0,3.0,6.0,6.0,,,,,COMPLETE
522,522,0.8548009367681498,2025-01-03 22:01:48.929036,2025-01-03 22:02:11.579313,0 days 00:00:22.650277,7,90,70.0,65.0,30.0,100.0,60.0,95.0,,,,2,5.0,5.0,2.0,4.0,5.0,5.0,,,,COMPLETE
523,523,0.8202898550724638,2025-01-03 22:02:11.580126,2025-01-03 22:02:57.308282,0 days 00:00:45.728156,8,85,60.0,55.0,45.0,35.0,40.0,85.0,65.0,,,5,3.0,6.0,3.0,5.0,6.0,5.0,2.0,,,COMPLETE
524,524,0.7898305084745763,2025-01-03 22:02:57.309390,2025-01-03 22:03:49.089288,0 days 00:00:51.779898,9,100,45.0,100.0,25.0,95.0,30.0,100.0,80.0,85.0,,6,2.0,6.0,3.0,6.0,5.0,5.0,2.0,6.0,,COMPLETE
525,525,0.7739583333333333,2025-01-03 22:03:49.090409,2025-01-03 22:04:22.722862,0 days 00:00:33.632453,6,95,55.0,60.0,35.0,60.0,5.0,,,,,2,3.0,5.0,3.0,6.0,6.0,,,,,COMPLETE
526,526,0.845603813559322,2025-01-03 22:04:22.723698,2025-01-03 22:05:12.203809,0 days 00:00:49.480111,8,90,50.0,70.0,10.0,40.0,35.0,90.0,60.0,,,5,2.0,6.0,3.0,5.0,4.0,6.0,4.0,,,COMPLETE
527,527,0.8221642764015646,2025-01-03 22:05:12.204915,2025-01-03 22:05:33.323546,0 days 00:00:21.118631,7,50,40.0,75.0,30.0,30.0,65.0,95.0,,,,2,2.0,6.0,3.0,6.0,5.0,5.0,,,,COMPLETE
528,528,0.8126984126984127,2025-01-03 22:05:33.324442,2025-01-03 22:06:19.021577,0 days 00:00:45.697135,9,85,50.0,95.0,40.0,35.0,45.0,15.0,65.0,40.0,,4,6.0,4.0,3.0,6.0,2.0,5.0,2.0,4.0,,COMPLETE
529,529,0.8518218623481781,2025-01-03 22:06:19.022462,2025-01-03 22:06:56.611582,0 days 00:00:37.589120,8,85,10.0,90.0,45.0,95.0,70.0,90.0,5.0,,,2,2.0,6.0,3.0,5.0,5.0,5.0,2.0,,,COMPLETE
530,530,0.80625,2025-01-03 22:06:56.613059,2025-01-03 22:07:34.873231,0 days 00:00:38.260172,7,95,25.0,80.0,35.0,45.0,55.0,95.0,,,,2,3.0,4.0,3.0,6.0,6.0,5.0,,,,COMPLETE
531,531,0.87042842215256,2025-01-03 22:07:34.874068,2025-01-03 22:07:54.792718,0 days 00:00:19.918650,4,90,35.0,50.0,30.0,,,,,,,4,4.0,6.0,2.0,,,,,,,COMPLETE
532,532,0.8544980443285528,2025-01-03 22:07:54.793411,2025-01-03 22:08:19.953252,0 days 00:00:25.159841,6,95,55.0,60.0,25.0,55.0,50.0,,,,,6,2.0,5.0,3.0,5.0,3.0,,,,,COMPLETE
533,533,0.7968253968253969,2025-01-03 22:08:19.954280,2025-01-03 22:08:58.794375,0 days 00:00:38.840095,8,45,40.0,65.0,60.0,90.0,35.0,35.0,15.0,,,2,3.0,6.0,3.0,6.0,5.0,3.0,3.0,,,COMPLETE
534,534,0.8544980443285528,2025-01-03 22:08:58.795205,2025-01-03 22:09:40.029780,0 days 00:00:41.234575,7,65,15.0,55.0,35.0,65.0,40.0,65.0,,,,2,5.0,6.0,3.0,6.0,5.0,4.0,,,,COMPLETE
535,535,0.81889338731444,2025-01-03 22:09:40.030807,2025-01-03 22:10:18.771061,0 days 00:00:38.740254,8,85,60.0,70.0,30.0,85.0,45.0,100.0,75.0,,,4,2.0,5.0,3.0,5.0,6.0,5.0,2.0,,,COMPLETE
536,536,0.8130618720253834,2025-01-03 22:10:18.771953,2025-01-03 22:10:48.138019,0 days 00:00:29.366066,6,30,45.0,50.0,40.0,50.0,40.0,,,,,2,4.0,4.0,3.0,6.0,5.0,,,,,COMPLETE
537,537,0.7431561996779388,2025-01-03 22:10:48.138769,2025-01-03 22:11:27.659541,0 days 00:00:39.520772,9,40,20.0,45.0,20.0,40.0,40.0,75.0,10.0,55.0,,5,4.0,2.0,3.0,6.0,3.0,5.0,3.0,2.0,,COMPLETE
538,538,0.8544980443285528,2025-01-03 22:11:27.660714,2025-01-03 22:12:01.588493,0 days 00:00:33.927779,7,90,45.0,30.0,25.0,100.0,60.0,90.0,,,,5,2.0,5.0,4.0,5.0,2.0,5.0,,,,COMPLETE
539,539,0.7898305084745763,2025-01-03 22:12:01.589287,2025-01-03 22:12:46.355945,0 days 00:00:44.766658,8,80,50.0,55.0,30.0,70.0,10.0,60.0,50.0,,,2,6.0,6.0,3.0,6.0,6.0,5.0,2.0,,,COMPLETE
540,540,0.7732497387669801,2025-01-03 22:12:46.357095,2025-01-03 22:13:18.696583,0 days 00:00:32.339488,6,25,65.0,75.0,40.0,60.0,35.0,,,,,4,2.0,6.0,3.0,5.0,6.0,,,,,COMPLETE
541,541,0.7968253968253969,2025-01-03 22:13:18.697376,2025-01-03 22:13:54.894516,0 days 00:00:36.197140,7,100,20.0,45.0,35.0,50.0,5.0,85.0,,,,2,3.0,5.0,3.0,6.0,5.0,5.0,,,,COMPLETE
542,542,0.7960805084745763,2025-01-03 22:13:54.895561,2025-01-03 22:14:24.814280,0 days 00:00:29.918719,7,90,15.0,10.0,30.0,35.0,65.0,95.0,,,,2,2.0,6.0,2.0,5.0,5.0,4.0,,,,COMPLETE
543,543,0.8225344782721832,2025-01-03 22:14:24.815115,2025-01-03 22:15:13.034316,0 days 00:00:48.219201,8,55,55.0,65.0,35.0,95.0,45.0,100.0,55.0,,,5,4.0,6.0,3.0,6.0,6.0,5.0,3.0,,,COMPLETE
544,544,0.80625,2025-01-03 22:15:13.035418,2025-01-03 22:15:43.678946,0 days 00:00:30.643528,6,60,30.0,50.0,40.0,45.0,35.0,,,,,2,2.0,6.0,3.0,6.0,4.0,,,,,COMPLETE
545,545,0.7801587301587302,2025-01-03 22:15:43.680703,2025-01-03 22:16:33.598227,0 days 00:00:49.917524,9,20,45.0,70.0,25.0,90.0,45.0,40.0,80.0,70.0,,6,4.0,6.0,3.0,5.0,2.0,6.0,4.0,6.0,,COMPLETE
546,546,0.7739583333333333,2025-01-03 22:16:33.599970,2025-01-03 22:17:11.498467,0 days 00:00:37.898497,8,95,50.0,85.0,20.0,40.0,30.0,50.0,70.0,,,4,2.0,5.0,4.0,6.0,5.0,5.0,2.0,,,COMPLETE
547,547,0.7394957983193278,2025-01-03 22:17:11.499595,2025-01-03 22:17:42.736267,0 days 00:00:31.236672,8,85,40.0,40.0,45.0,55.0,55.0,90.0,60.0,,,2,3.0,4.0,3.0,5.0,5.0,2.0,3.0,,,COMPLETE
548,548,0.8293650793650793,2025-01-03 22:17:42.737106,2025-01-03 22:18:14.797640,0 days 00:00:32.060534,7,90,55.0,60.0,30.0,55.0,50.0,10.0,,,,2,2.0,4.0,3.0,6.0,6.0,3.0,,,,COMPLETE
549,549,0.8708333333333333,2025-01-03 22:18:14.798649,2025-01-03 22:18:48.360980,0 days 00:00:33.562331,7,50,35.0,65.0,35.0,85.0,35.0,95.0,,,,2,2.0,6.0,3.0,6.0,3.0,5.0,,,,COMPLETE
550,550,0.8130618720253834,2025-01-03 22:18:48.361867,2025-01-03 22:19:05.796405,0 days 00:00:17.434538,6,80,60.0,95.0,30.0,30.0,40.0,,,,,5,6.0,3.0,5.0,5.0,2.0,,,,,COMPLETE
551,551,0.8221642764015646,2025-01-03 22:19:05.797198,2025-01-03 22:19:43.733027,0 days 00:00:37.935829,8,95,50.0,55.0,45.0,50.0,5.0,65.0,45.0,,,4,3.0,5.0,3.0,2.0,6.0,5.0,5.0,,,COMPLETE
552,552,0.8056426332288402,2025-01-03 22:19:43.734066,2025-01-03 22:20:26.488993,0 days 00:00:42.754927,9,90,25.0,50.0,15.0,35.0,40.0,90.0,85.0,80.0,,2,5.0,6.0,3.0,6.0,5.0,5.0,2.0,3.0,,COMPLETE
553,553,0.8064516129032258,2025-01-03 22:20:26.489989,2025-01-03 22:21:11.684646,0 days 00:00:45.194657,7,95,20.0,80.0,25.0,100.0,40.0,70.0,,,,5,3.0,6.0,2.0,6.0,5.0,5.0,,,,COMPLETE
554,554,0.8119363395225465,2025-01-03 22:21:11.685693,2025-01-03 22:21:26.188598,0 days 00:00:14.502905,2,85,70.0,,,,,,,,,6,4.0,,,,,,,,,COMPLETE
555,555,0.8125996810207337,2025-01-03 22:21:26.189321,2025-01-03 22:21:36.856253,0 days 00:00:10.666932,3,100,45.0,75.0,,,,,,,,2,2.0,4.0,,,,,,,,COMPLETE
556,556,0.80625,2025-01-03 22:21:36.856889,2025-01-03 22:22:08.028232,0 days 00:00:31.171343,6,70,95.0,35.0,35.0,70.0,10.0,,,,,4,2.0,5.0,3.0,5.0,6.0,,,,,COMPLETE
557,557,0.7898305084745763,2025-01-03 22:22:08.029016,2025-01-03 22:22:40.711759,0 days 00:00:32.682743,8,95,60.0,40.0,40.0,45.0,30.0,85.0,40.0,,,2,4.0,3.0,3.0,6.0,5.0,5.0,3.0,,,COMPLETE
558,558,0.0,2025-01-03 22:22:40.712796,2025-01-03 22:23:56.022027,0 days 00:01:15.309231,9,90,65.0,55.0,30.0,60.0,45.0,95.0,50.0,35.0,,2,2.0,6.0,3.0,5.0,4.0,4.0,2.0,5.0,,COMPLETE
559,559,0.8221642764015646,2025-01-03 22:23:56.022946,2025-01-03 22:24:35.331523,0 days 00:00:39.308577,7,35,15.0,70.0,50.0,95.0,50.0,45.0,,,,3,3.0,6.0,3.0,6.0,5.0,5.0,,,,COMPLETE
560,560,0.8387096774193549,2025-01-03 22:24:35.332844,2025-01-03 22:25:17.091790,0 days 00:00:41.758946,8,90,40.0,45.0,25.0,65.0,35.0,30.0,75.0,,,5,4.0,5.0,3.0,5.0,2.0,5.0,3.0,,,COMPLETE
561,561,0.8126984126984127,2025-01-03 22:25:17.092639,2025-01-03 22:25:44.560331,0 days 00:00:27.467692,6,80,55.0,90.0,30.0,50.0,40.0,,,,,2,2.0,6.0,3.0,6.0,3.0,,,,,COMPLETE
562,562,0.8544980443285528,2025-01-03 22:25:44.561398,2025-01-03 22:26:20.798849,0 days 00:00:36.237451,7,50,10.0,55.0,40.0,40.0,45.0,100.0,,,,2,2.0,5.0,3.0,6.0,6.0,5.0,,,,COMPLETE
563,563,0.8126984126984127,2025-01-03 22:26:20.799680,2025-01-03 22:27:03.826539,0 days 00:00:43.026859,8,100,25.0,60.0,35.0,90.0,65.0,90.0,60.0,,,6,3.0,4.0,3.0,5.0,6.0,3.0,3.0,,,COMPLETE
564,564,0.8548009367681498,2025-01-03 22:27:03.827603,2025-01-03 22:27:38.556939,0 days 00:00:34.729336,7,95,45.0,50.0,30.0,95.0,15.0,95.0,,,,5,2.0,6.0,2.0,6.0,5.0,2.0,,,,COMPLETE
565,565,0.7574967405475881,2025-01-03 22:27:38.557827,2025-01-03 22:28:11.642313,0 days 00:00:33.084486,6,90,50.0,75.0,40.0,75.0,30.0,,,,,2,4.0,6.0,3.0,5.0,5.0,,,,,COMPLETE
566,566,0.7574967405475881,2025-01-03 22:28:11.643100,2025-01-03 22:29:08.602340,0 days 00:00:56.959240,9,85,55.0,15.0,20.0,55.0,35.0,85.0,70.0,5.0,,4,6.0,5.0,3.0,6.0,5.0,5.0,2.0,6.0,,COMPLETE
567,567,0.8371848739495797,2025-01-03 22:29:08.603565,2025-01-03 22:29:21.321158,0 days 00:00:12.717593,4,95,30.0,60.0,25.0,,,,,,,2,2.0,3.0,3.0,,,,,,,COMPLETE
568,568,0.7564807541241163,2025-01-03 22:29:21.321831,2025-01-03 22:30:00.664517,0 days 00:00:39.342686,7,90,45.0,95.0,10.0,30.0,55.0,100.0,,,,2,2.0,6.0,3.0,6.0,6.0,6.0,,,,COMPLETE
569,569,0.8544980443285528,2025-01-03 22:30:00.665599,2025-01-03 22:30:43.631306,0 days 00:00:42.965707,8,45,20.0,70.0,35.0,45.0,70.0,80.0,20.0,,,5,3.0,6.0,3.0,5.0,3.0,5.0,3.0,,,COMPLETE
570,570,0.8380355276907001,2025-01-03 22:30:43.632271,2025-01-03 22:31:19.343878,0 days 00:00:35.711607,8,100,50.0,65.0,30.0,80.0,40.0,35.0,55.0,,,2,3.0,6.0,3.0,6.0,2.0,5.0,2.0,,,COMPLETE
571,571,0.7898305084745763,2025-01-03 22:31:19.344952,2025-01-03 22:31:59.429628,0 days 00:00:40.084676,8,85,60.0,45.0,45.0,35.0,50.0,90.0,80.0,,,4,4.0,3.0,3.0,5.0,5.0,5.0,4.0,,,COMPLETE
572,572,0.7564807541241163,2025-01-03 22:31:59.430596,2025-01-03 22:32:33.578635,0 days 00:00:34.148039,6,80,40.0,100.0,30.0,100.0,5.0,,,,,6,2.0,4.0,3.0,6.0,6.0,,,,,COMPLETE
573,573,0.8870673952641166,2025-01-03 22:32:33.580137,2025-01-03 22:33:10.180934,0 days 00:00:36.600797,8,85,50.0,85.0,35.0,50.0,60.0,95.0,40.0,,,2,2.0,5.0,3.0,6.0,5.0,4.0,3.0,,,COMPLETE
574,574,0.8293650793650793,2025-01-03 22:33:10.182010,2025-01-03 22:33:40.108779,0 days 00:00:29.926769,8,85,50.0,90.0,35.0,50.0,60.0,95.0,35.0,,,2,2.0,4.0,3.0,6.0,5.0,4.0,3.0,,,COMPLETE
575,575,0.7739583333333333,2025-01-03 22:33:40.109621,2025-01-03 22:34:19.921938,0 days 00:00:39.812317,8,85,45.0,85.0,25.0,50.0,60.0,100.0,40.0,,,3,2.0,5.0,3.0,6.0,5.0,4.0,3.0,,,COMPLETE
576,576,0.8360215053763441,2025-01-03 22:34:19.922982,2025-01-03 22:34:50.094071,0 days 00:00:30.171089,8,80,50.0,85.0,30.0,50.0,60.0,95.0,40.0,,,2,2.0,4.0,2.0,6.0,5.0,4.0,3.0,,,COMPLETE
577,577,0.8056426332288402,2025-01-03 22:34:50.094986,2025-01-03 22:35:26.733940,0 days 00:00:36.638954,8,85,50.0,85.0,35.0,55.0,65.0,95.0,50.0,,,4,2.0,5.0,4.0,6.0,5.0,4.0,3.0,,,COMPLETE
578,578,0.7574967405475881,2025-01-03 22:35:26.734791,2025-01-03 22:36:08.646947,0 days 00:00:41.912156,8,85,15.0,80.0,30.0,50.0,55.0,90.0,45.0,,,5,2.0,4.0,3.0,6.0,5.0,4.0,3.0,,,COMPLETE
579,579,0.8452950558213717,2025-01-03 22:36:08.648273,2025-01-03 22:36:45.196716,0 days 00:00:36.548443,8,85,45.0,80.0,55.0,55.0,55.0,90.0,45.0,,,2,2.0,5.0,3.0,6.0,5.0,4.0,3.0,,,COMPLETE
580,580,0.87042842215256,2025-01-03 22:36:45.197547,2025-01-03 22:37:24.946222,0 days 00:00:39.748675,8,90,20.0,85.0,35.0,25.0,60.0,100.0,50.0,,,2,2.0,4.0,3.0,6.0,5.0,4.0,3.0,,,COMPLETE
581,581,0.8221642764015646,2025-01-03 22:37:24.947306,2025-01-03 22:38:07.054486,0 days 00:00:42.107180,8,80,65.0,90.0,25.0,50.0,10.0,95.0,35.0,,,4,5.0,5.0,3.0,6.0,5.0,4.0,3.0,,,COMPLETE
582,582,0.8056426332288402,2025-01-03 22:38:07.055367,2025-01-03 22:38:37.432174,0 days 00:00:30.376807,7,90,35.0,80.0,30.0,50.0,65.0,95.0,,,,2,2.0,5.0,3.0,4.0,5.0,4.0,,,,COMPLETE
583,583,0.8455843469063987,2025-01-03 22:38:37.433203,2025-01-03 22:39:20.588833,0 days 00:00:43.155630,9,90,45.0,85.0,20.0,65.0,60.0,90.0,55.0,65.0,,4,2.0,5.0,3.0,6.0,5.0,4.0,3.0,5.0,,COMPLETE
584,584,0.8538884524744697,2025-01-03 22:39:20.589746,2025-01-03 22:39:54.721068,0 days 00:00:34.131322,7,90,50.0,55.0,35.0,55.0,40.0,100.0,,,,5,2.0,5.0,3.0,3.0,5.0,5.0,,,,COMPLETE
585,585,0.861228813559322,2025-01-03 22:39:54.721866,2025-01-03 22:40:28.910554,0 days 00:00:34.188688,8,75,50.0,90.0,25.0,85.0,65.0,40.0,30.0,,,2,2.0,5.0,2.0,6.0,5.0,5.0,2.0,,,COMPLETE
586,586,0.7635063559322034,2025-01-03 22:40:28.911641,2025-01-03 22:40:56.523237,0 days 00:00:27.611596,9,85,45.0,75.0,30.0,60.0,45.0,25.0,25.0,15.0,,6,2.0,4.0,3.0,6.0,6.0,5.0,3.0,4.0,,COMPLETE
587,587,0.8225344782721832,2025-01-03 22:40:56.524148,2025-01-03 22:41:29.229212,0 days 00:00:32.705064,8,95,25.0,85.0,35.0,95.0,40.0,95.0,85.0,,,2,2.0,4.0,3.0,6.0,5.0,5.0,2.0,,,COMPLETE
588,588,0.780539397144368,2025-01-03 22:41:29.230249,2025-01-03 22:42:04.928659,0 days 00:00:35.698410,7,15,40.0,60.0,30.0,55.0,35.0,85.0,,,,4,4.0,5.0,3.0,6.0,5.0,2.0,,,,COMPLETE
