,number,value,datetime_start,datetime_complete,duration,params_depth,params_neurons_layer_0,params_neurons_layer_1,params_neurons_layer_2,params_neurons_layer_3,params_neurons_layer_4,params_neurons_layer_5,params_neurons_layer_6,params_neurons_layer_7,params_neurons_layer_8,params_neurons_layer_9,params_orders_layer_0,params_orders_layer_1,params_orders_layer_2,params_orders_layer_3,params_orders_layer_4,params_orders_layer_5,params_orders_layer_6,params_orders_layer_7,params_orders_layer_8,params_orders_layer_9,state
971,971,0.8073434281377616,2025-01-03 16:57:38.835230,2025-01-03 16:58:09.090949,0 days 00:00:30.255719,8,65,85.0,70.0,55.0,30.0,95.0,100.0,10.0,,,6,5.0,2.0,2.0,6.0,2.0,2.0,4.0,,,COMPLETE
972,972,0.8018450583427629,2025-01-03 16:58:09.091872,2025-01-03 16:58:40.018750,0 days 00:00:30.926878,6,55,50.0,75.0,100.0,15.0,90.0,,,,,4,4.0,3.0,2.0,3.0,3.0,,,,,COMPLETE
973,973,0.8011976047904192,2025-01-03 16:58:40.019590,2025-01-03 16:58:58.865132,0 days 00:00:18.845542,5,75,5.0,85.0,40.0,65.0,,,,,,6,4.0,2.0,5.0,3.0,,,,,,COMPLETE
974,974,0.7972977961534202,2025-01-03 16:58:58.865931,2025-01-03 16:59:36.200856,0 days 00:00:37.334925,7,25,55.0,85.0,25.0,55.0,95.0,80.0,,,,5,4.0,3.0,2.0,2.0,6.0,2.0,,,,COMPLETE
975,975,0.8110323708350835,2025-01-03 16:59:36.202020,2025-01-03 17:00:13.608845,0 days 00:00:37.406825,7,80,80.0,20.0,20.0,50.0,100.0,95.0,,,,6,5.0,2.0,3.0,3.0,2.0,5.0,,,,COMPLETE
976,976,0.8128060812050784,2025-01-03 17:00:13.609707,2025-01-03 17:00:29.791823,0 days 00:00:16.182116,4,75,75.0,65.0,35.0,,,,,,,6,4.0,3.0,2.0,,,,,,,COMPLETE
977,977,0.7991201559398415,2025-01-03 17:00:29.792616,2025-01-03 17:01:06.941763,0 days 00:00:37.149147,7,90,55.0,85.0,50.0,60.0,100.0,20.0,,,,5,4.0,4.0,4.0,6.0,2.0,2.0,,,,COMPLETE
978,978,0.7976767429432954,2025-01-03 17:01:06.942949,2025-01-03 17:01:32.493796,0 days 00:00:25.550847,6,70,75.0,90.0,45.0,55.0,40.0,,,,,6,4.0,4.0,3.0,3.0,2.0,,,,,COMPLETE
979,979,0.8102045558484383,2025-01-03 17:01:32.494649,2025-01-03 17:01:54.373858,0 days 00:00:21.879209,7,85,85.0,60.0,50.0,60.0,95.0,75.0,,,,6,5.0,3.0,2.0,2.0,2.0,2.0,,,,COMPLETE
980,980,0.7982332312995928,2025-01-03 17:01:54.374715,2025-01-03 17:02:11.099828,0 days 00:00:16.725113,5,80,60.0,80.0,45.0,20.0,,,,,,6,4.0,2.0,2.0,3.0,,,,,,COMPLETE
981,981,0.787947750819038,2025-01-03 17:02:11.100849,2025-01-03 17:02:47.853129,0 days 00:00:36.752280,7,75,50.0,75.0,75.0,70.0,90.0,90.0,,,,5,4.0,2.0,3.0,3.0,3.0,5.0,,,,COMPLETE
982,982,0.7955782866652196,2025-01-03 17:02:47.854034,2025-01-03 17:03:33.299511,0 days 00:00:45.445477,7,55,70.0,25.0,40.0,65.0,100.0,95.0,,,,4,4.0,3.0,2.0,4.0,2.0,6.0,,,,COMPLETE
983,983,0.8038872115192024,2025-01-03 17:03:33.300637,2025-01-03 17:03:58.651970,0 days 00:00:25.351333,6,85,65.0,70.0,100.0,55.0,95.0,,,,,6,4.0,2.0,2.0,6.0,2.0,,,,,COMPLETE
984,984,0.810563015742517,2025-01-03 17:03:58.652833,2025-01-03 17:04:37.802936,0 days 00:00:39.150103,7,80,80.0,80.0,95.0,25.0,100.0,65.0,,,,6,5.0,4.0,3.0,3.0,3.0,4.0,,,,COMPLETE
985,985,0.7780288340217549,2025-01-03 17:04:37.803837,2025-01-03 17:05:04.049444,0 days 00:00:26.245607,8,60,55.0,85.0,15.0,30.0,95.0,100.0,15.0,,,6,4.0,2.0,2.0,2.0,2.0,2.0,3.0,,,COMPLETE
986,986,0.7878893817921838,2025-01-03 17:05:04.050549,2025-01-03 17:05:21.462585,0 days 00:00:17.412036,4,35,75.0,75.0,35.0,,,,,,,6,4.0,4.0,2.0,,,,,,,COMPLETE
987,987,0.8100178821450215,2025-01-03 17:05:21.463427,2025-01-03 17:05:44.206118,0 days 00:00:22.742691,6,70,75.0,80.0,40.0,55.0,100.0,,,,,6,5.0,3.0,3.0,3.0,2.0,,,,,COMPLETE
988,988,0.8121296149342851,2025-01-03 17:05:44.206937,2025-01-03 17:06:10.135136,0 days 00:00:25.928199,7,85,65.0,15.0,30.0,60.0,90.0,85.0,,,,5,6.0,3.0,2.0,3.0,2.0,2.0,,,,COMPLETE
989,989,0.789381067961165,2025-01-03 17:06:10.135971,2025-01-03 17:06:47.767866,0 days 00:00:37.631895,5,65,70.0,65.0,45.0,65.0,,,,,,4,4.0,2.0,3.0,6.0,,,,,,COMPLETE
990,990,0.786941486941487,2025-01-03 17:06:47.769007,2025-01-03 17:07:12.509521,0 days 00:00:24.740514,7,85,60.0,80.0,10.0,90.0,90.0,80.0,,,,6,4.0,4.0,2.0,3.0,4.0,2.0,,,,COMPLETE
991,991,0.7883683680025824,2025-01-03 17:07:12.510389,2025-01-03 17:07:28.140869,0 days 00:00:15.630480,7,80,80.0,55.0,45.0,50.0,95.0,60.0,,,,5,4.0,2.0,2.0,2.0,2.0,2.0,,,,COMPLETE
992,992,0.8075383949816137,2025-01-03 17:07:28.141655,2025-01-03 17:07:58.793999,0 days 00:00:30.652344,7,90,70.0,85.0,95.0,15.0,75.0,95.0,,,,6,4.0,3.0,3.0,3.0,2.0,5.0,,,,COMPLETE
993,993,0.7992334434848838,2025-01-03 17:07:58.795123,2025-01-03 17:08:27.730073,0 days 00:00:28.934950,5,30,90.0,35.0,35.0,75.0,,,,,,6,5.0,2.0,2.0,6.0,,,,,,COMPLETE
994,994,0.7901067728307584,2025-01-03 17:08:27.730963,2025-01-03 17:08:52.144200,0 days 00:00:24.413237,7,75,50.0,80.0,50.0,55.0,50.0,100.0,,,,6,4.0,3.0,2.0,3.0,3.0,2.0,,,,COMPLETE
995,995,0.8095861980483461,2025-01-03 17:08:52.145054,2025-01-03 17:09:13.696233,0 days 00:00:21.551179,6,70,55.0,90.0,20.0,60.0,100.0,,,,,5,4.0,2.0,2.0,3.0,2.0,,,,,COMPLETE
996,996,0.796008539868189,2025-01-03 17:09:13.697009,2025-01-03 17:09:37.046196,0 days 00:00:23.349187,7,60,55.0,50.0,100.0,10.0,45.0,90.0,,,,6,4.0,4.0,3.0,2.0,2.0,3.0,,,,COMPLETE
997,997,0.8108312503227022,2025-01-03 17:09:37.047292,2025-01-03 17:10:13.539191,0 days 00:00:36.491899,7,80,60.0,60.0,45.0,45.0,95.0,75.0,,,,4,4.0,3.0,3.0,3.0,3.0,2.0,,,,COMPLETE
998,998,0.7901889654523647,2025-01-03 17:10:13.540081,2025-01-03 17:10:30.847721,0 days 00:00:17.307640,6,80,85.0,75.0,40.0,50.0,95.0,,,,,6,5.0,2.0,2.0,3.0,2.0,,,,,COMPLETE
999,999,0.826345516992999,2025-01-03 17:10:30.848538,2025-01-03 17:11:14.374265,0 days 00:00:43.525727,7,85,80.0,90.0,15.0,55.0,100.0,70.0,,,,5,5.0,4.0,2.0,6.0,3.0,6.0,,,,COMPLETE
