,number,value,datetime_start,datetime_complete,duration,params_depth,params_grids_0,params_grids_1,params_grids_10,params_grids_11,params_grids_12,params_grids_13,params_grids_14,params_grids_15,params_grids_16,params_grids_17,params_grids_18,params_grids_19,params_grids_2,params_grids_3,params_grids_4,params_grids_5,params_grids_6,params_grids_7,params_grids_8,params_grids_9,params_neurons_layer_0,params_neurons_layer_1,params_neurons_layer_10,params_neurons_layer_11,params_neurons_layer_12,params_neurons_layer_13,params_neurons_layer_14,params_neurons_layer_15,params_neurons_layer_16,params_neurons_layer_17,params_neurons_layer_18,params_neurons_layer_19,params_neurons_layer_2,params_neurons_layer_3,params_neurons_layer_4,params_neurons_layer_5,params_neurons_layer_6,params_neurons_layer_7,params_neurons_layer_8,params_neurons_layer_9,state
0,0,0.33246753246753247,2024-12-29 13:53:28.804010,2024-12-29 13:54:02.607448,0 days 00:00:33.803438,5,14,5.0,,,,,,,,,,,2.0,13.0,6.0,,,,,,125,200.0,,,,,,,,,,,150.0,75.0,115.0,,,,,,COMPLETE
1,1,0.7889499869075673,2024-12-29 13:54:02.608118,2024-12-29 13:54:06.319429,0 days 00:00:03.711311,2,4,1.0,,,,,,,,,,,,,,,,,,,195,45.0,,,,,,,,,,,,,,,,,,,COMPLETE
2,2,0.5688373476063039,2024-12-29 13:54:06.319926,2024-12-29 13:54:22.569712,0 days 00:00:16.249786,4,10,13.0,,,,,,,,,,,1.0,7.0,,,,,,,75,125.0,,,,,,,,,,,170.0,110.0,,,,,,,COMPLETE
3,3,0.23138297872340424,2024-12-29 13:54:22.570288,2024-12-29 13:54:41.823206,0 days 00:00:19.252918,18,9,2.0,7.0,3.0,7.0,5.0,4.0,4.0,4.0,14.0,,,11.0,3.0,9.0,9.0,3.0,11.0,12.0,3.0,90,15.0,75.0,165.0,65.0,65.0,30.0,130.0,65.0,145.0,,,175.0,25.0,20.0,15.0,140.0,45.0,135.0,115.0,COMPLETE
4,4,0.34318181818181814,2024-12-29 13:54:41.824087,2024-12-29 13:55:04.086298,0 days 00:00:22.262211,15,3,2.0,11.0,11.0,6.0,13.0,2.0,,,,,,15.0,1.0,4.0,15.0,5.0,7.0,7.0,2.0,75,95.0,115.0,75.0,175.0,125.0,160.0,,,,,,55.0,70.0,200.0,100.0,95.0,70.0,40.0,50.0,COMPLETE
5,5,0.8708333333333333,2024-12-29 13:55:04.086961,2024-12-29 13:55:08.501655,0 days 00:00:04.414694,2,8,3.0,,,,,,,,,,,,,,,,,,,95,65.0,,,,,,,,,,,,,,,,,,,COMPLETE
6,6,0.2643540669856459,2024-12-29 13:55:08.502032,2024-12-29 13:55:33.309867,0 days 00:00:24.807835,12,7,11.0,10.0,11.0,,,,,,,,,9.0,13.0,9.0,13.0,4.0,6.0,2.0,9.0,130,55.0,55.0,25.0,,,,,,,,,125.0,190.0,100.0,150.0,175.0,115.0,125.0,115.0,COMPLETE
7,7,0.3068181818181818,2024-12-29 13:55:33.310546,2024-12-29 13:56:12.495245,0 days 00:00:39.184699,13,7,5.0,1.0,15.0,4.0,,,,,,,,1.0,6.0,15.0,9.0,11.0,5.0,4.0,2.0,25,170.0,75.0,155.0,155.0,,,,,,,,105.0,165.0,60.0,10.0,180.0,165.0,30.0,120.0,COMPLETE
8,8,0.37777777777777777,2024-12-29 13:56:12.496015,2024-12-29 13:57:06.795448,0 days 00:00:54.299433,9,14,15.0,,,,,,,,,,,3.0,5.0,15.0,8.0,3.0,7.0,3.0,,135,95.0,,,,,,,,,,,165.0,190.0,115.0,200.0,55.0,5.0,190.0,,COMPLETE
9,9,0.8618037135278515,2024-12-29 13:57:06.796141,2024-12-29 13:57:15.884137,0 days 00:00:09.087996,4,14,1.0,,,,,,,,,,,1.0,2.0,,,,,,,185,35.0,,,,,,,,,,,100.0,170.0,,,,,,,COMPLETE
10,10,0.4747126436781609,2024-12-29 13:57:15.884504,2024-12-29 13:57:29.650336,0 days 00:00:13.765832,8,1,8.0,,,,,,,,,,,6.0,10.0,1.0,2.0,15.0,1.0,,,10,135.0,,,,,,,,,,,5.0,10.0,195.0,80.0,5.0,195.0,,,COMPLETE
11,11,0.7827329902801601,2024-12-29 13:57:29.650803,2024-12-29 13:57:40.390283,0 days 00:00:10.739480,1,11,,,,,,,,,,,,,,,,,,,,195,,,,,,,,,,,,,,,,,,,,COMPLETE
12,12,0.4397306397306397,2024-12-29 13:57:40.390674,2024-12-29 13:57:52.085399,0 days 00:00:11.694725,6,15,5.0,,,,,,,,,,,6.0,1.0,12.0,1.0,,,,,165,55.0,,,,,,,,,,,65.0,135.0,10.0,200.0,,,,,COMPLETE
13,13,0.7876152832674572,2024-12-29 13:57:52.085849,2024-12-29 13:57:58.304681,0 days 00:00:06.218832,1,11,,,,,,,,,,,,,,,,,,,,45,,,,,,,,,,,,,,,,,,,,COMPLETE
14,14,0.29432624113475175,2024-12-29 13:57:58.305153,2024-12-29 13:58:18.311660,0 days 00:00:20.006507,7,5,4.0,,,,,,,,,,,5.0,10.0,1.0,4.0,9.0,,,,160,15.0,,,,,,,,,,,65.0,145.0,165.0,70.0,20.0,,,,COMPLETE
15,15,0.3935926773455377,2024-12-29 13:58:18.312127,2024-12-29 13:58:30.799862,0 days 00:00:12.487735,4,12,9.0,,,,,,,,,,,11.0,4.0,,,,,,,105,70.0,,,,,,,,,,,100.0,100.0,,,,,,,COMPLETE
16,16,0.1856330014224751,2024-12-29 13:58:30.800301,2024-12-29 13:58:56.748931,0 days 00:00:25.948630,10,8,3.0,,,,,,,,,,,4.0,9.0,11.0,6.0,14.0,15.0,15.0,15.0,160,30.0,,,,,,,,,,,200.0,200.0,55.0,145.0,100.0,130.0,75.0,195.0,COMPLETE
17,17,0.4542349726775956,2024-12-29 13:58:56.749607,2024-12-29 13:59:02.542975,0 days 00:00:05.793368,3,6,7.0,,,,,,,,,,,15.0,,,,,,,,55,70.0,,,,,,,,,,,30.0,,,,,,,,COMPLETE
18,18,0.26600284495021337,2024-12-29 13:59:02.543319,2024-12-29 13:59:48.563654,0 days 00:00:46.020335,6,13,7.0,,,,,,,,,,,8.0,15.0,5.0,12.0,,,,,110,5.0,,,,,,,,,,,100.0,160.0,150.0,50.0,,,,,COMPLETE
19,19,0.0,2024-12-29 13:59:48.564324,2024-12-29 14:01:56.691880,0 days 00:02:08.127556,19,9,1.0,15.0,1.0,15.0,1.0,15.0,15.0,15.0,1.0,3.0,,12.0,3.0,12.0,4.0,7.0,15.0,10.0,15.0,175,80.0,195.0,200.0,5.0,200.0,200.0,5.0,180.0,10.0,75.0,,130.0,45.0,65.0,140.0,60.0,10.0,200.0,10.0,COMPLETE
20,20,0.8214285714285714,2024-12-29 14:01:56.692819,2024-12-29 14:02:03.852119,0 days 00:00:07.159300,3,2,3.0,,,,,,,,,,,7.0,,,,,,,,85,125.0,,,,,,,,,,,80.0,,,,,,,,COMPLETE
21,21,0.7635063559322034,2024-12-29 14:02:03.852474,2024-12-29 14:02:07.891059,0 days 00:00:04.038585,2,1,3.0,,,,,,,,,,,,,,,,,,,85,120.0,,,,,,,,,,,,,,,,,,,COMPLETE
22,22,0.5425995024875622,2024-12-29 14:02:07.891400,2024-12-29 14:02:15.316717,0 days 00:00:07.425317,4,2,1.0,,,,,,,,,,,7.0,8.0,,,,,,,50,35.0,,,,,,,,,,,85.0,110.0,,,,,,,COMPLETE
23,23,0.8176043557168784,2024-12-29 14:02:15.317259,2024-12-29 14:02:21.230565,0 days 00:00:05.913306,1,4,,,,,,,,,,,,,,,,,,,,115,,,,,,,,,,,,,,,,,,,,COMPLETE
24,24,0.4986559139784946,2024-12-29 14:02:21.230897,2024-12-29 14:02:38.592274,0 days 00:00:17.361377,7,6,3.0,,,,,,,,,,,4.0,2.0,3.0,11.0,1.0,,,,145,145.0,,,,,,,,,,,40.0,170.0,150.0,45.0,140.0,,,,COMPLETE
25,25,0.7395964691046658,2024-12-29 14:02:38.592731,2024-12-29 14:02:51.592002,0 days 00:00:12.999271,3,12,6.0,,,,,,,,,,,9.0,,,,,,,,95,155.0,,,,,,,,,,,80.0,,,,,,,,COMPLETE
26,26,0.35964912280701755,2024-12-29 14:02:51.592438,2024-12-29 14:03:11.858901,0 days 00:00:20.266463,5,3,3.0,,,,,,,,,,,13.0,5.0,6.0,,,,,,75,100.0,,,,,,,,,,,130.0,135.0,90.0,,,,,,COMPLETE
27,27,0.8659430122116689,2024-12-29 14:03:11.859501,2024-12-29 14:03:16.140522,0 days 00:00:04.281021,3,15,4.0,,,,,,,,,,,2.0,,,,,,,,35,115.0,,,,,,,,,,,20.0,,,,,,,,COMPLETE
28,28,0.22580645161290322,2024-12-29 14:03:16.140871,2024-12-29 14:03:53.597993,0 days 00:00:37.457122,11,15,4.0,1.0,,,,,,,,,,3.0,12.0,7.0,15.0,12.0,1.0,7.0,8.0,35,80.0,5.0,,,,,,,,,,5.0,80.0,35.0,170.0,195.0,75.0,80.0,195.0,COMPLETE
29,29,0.348421926910299,2024-12-29 14:03:53.598773,2024-12-29 14:04:21.075105,0 days 00:00:27.476332,6,13,10.0,,,,,,,,,,,1.0,7.0,13.0,6.0,,,,,10,60.0,,,,,,,,,,,30.0,50.0,170.0,115.0,,,,,COMPLETE
30,30,0.4517304189435337,2024-12-29 14:04:21.075574,2024-12-29 14:04:33.427300,0 days 00:00:12.351726,5,14,2.0,,,,,,,,,,,3.0,3.0,10.0,,,,,,65,35.0,,,,,,,,,,,25.0,125.0,130.0,,,,,,COMPLETE
31,31,0.7906602254428341,2024-12-29 14:04:33.427789,2024-12-29 14:04:38.047605,0 days 00:00:04.619816,3,15,4.0,,,,,,,,,,,2.0,,,,,,,,25,110.0,,,,,,,,,,,115.0,,,,,,,,COMPLETE
32,32,0.903125,2024-12-29 14:04:38.047956,2024-12-29 14:04:44.040734,0 days 00:00:05.992778,2,13,2.0,,,,,,,,,,,,,,,,,,,120,115.0,,,,,,,,,,,,,,,,,,,COMPLETE
33,33,0.87042842215256,2024-12-29 14:04:44.041101,2024-12-29 14:04:51.374109,0 days 00:00:07.333008,2,13,1.0,,,,,,,,,,,,,,,,,,,200,165.0,,,,,,,,,,,,,,,,,,,COMPLETE
34,34,0.8692493946731235,2024-12-29 14:04:51.374617,2024-12-29 14:05:01.401937,0 days 00:00:10.027320,2,10,5.0,,,,,,,,,,,,,,,,,,,145,185.0,,,,,,,,,,,,,,,,,,,COMPLETE
35,35,0.8604465709728868,2024-12-29 14:05:01.402283,2024-12-29 14:05:11.881139,0 days 00:00:10.478856,2,10,6.0,,,,,,,,,,,,,,,,,,,120,190.0,,,,,,,,,,,,,,,,,,,COMPLETE
36,36,0.7647405660377358,2024-12-29 14:05:11.881518,2024-12-29 14:05:20.291761,0 days 00:00:08.410243,1,9,,,,,,,,,,,,,,,,,,,,145,,,,,,,,,,,,,,,,,,,,COMPLETE
37,37,0.0,2024-12-29 14:05:20.292172,2024-12-29 14:08:10.211572,0 days 00:02:49.919400,16,10,2.0,5.0,6.0,14.0,15.0,12.0,1.0,,,,,14.0,15.0,3.0,3.0,9.0,11.0,15.0,11.0,200,200.0,180.0,5.0,95.0,5.0,15.0,180.0,,,,,190.0,5.0,80.0,115.0,140.0,145.0,155.0,60.0,COMPLETE
38,38,0.8548009367681498,2024-12-29 14:08:10.212391,2024-12-29 14:08:20.110041,0 days 00:00:09.897650,2,8,5.0,,,,,,,,,,,,,,,,,,,140,180.0,,,,,,,,,,,,,,,,,,,COMPLETE
39,39,0.17197062423500611,2024-12-29 14:08:20.110397,2024-12-29 14:08:30.996317,0 days 00:00:10.885920,14,11,1.0,15.0,6.0,1.0,9.0,,,,,,,11.0,11.0,8.0,7.0,7.0,11.0,11.0,5.0,100,165.0,145.0,95.0,10.0,200.0,,,,,,,140.0,40.0,30.0,40.0,60.0,195.0,5.0,160.0,COMPLETE
40,40,0.37755102040816324,2024-12-29 14:08:30.997037,2024-12-29 14:08:58.214983,0 days 00:00:27.217946,4,12,2.0,,,,,,,,,,,10.0,14.0,,,,,,,130,180.0,,,,,,,,,,,155.0,90.0,,,,,,,COMPLETE
41,41,0.8709677419354839,2024-12-29 14:08:58.215405,2024-12-29 14:09:10.436778,0 days 00:00:12.221373,2,13,6.0,,,,,,,,,,,,,,,,,,,180,145.0,,,,,,,,,,,,,,,,,,,COMPLETE
42,42,0.8688172043010753,2024-12-29 14:09:10.437291,2024-12-29 14:09:24.164871,0 days 00:00:13.727580,2,13,6.0,,,,,,,,,,,,,,,,,,,185,150.0,,,,,,,,,,,,,,,,,,,COMPLETE
43,43,0.841639261320516,2024-12-29 14:09:24.165222,2024-12-29 14:09:33.000427,0 days 00:00:08.835205,1,8,,,,,,,,,,,,,,,,,,,,185,,,,,,,,,,,,,,,,,,,,COMPLETE
44,44,0.8385416666666667,2024-12-29 14:09:33.000792,2024-12-29 14:09:40.268768,0 days 00:00:07.267976,2,10,2.0,,,,,,,,,,,,,,,,,,,175,140.0,,,,,,,,,,,,,,,,,,,COMPLETE
45,45,0.4256410256410257,2024-12-29 14:09:40.269090,2024-12-29 14:10:34.128745,0 days 00:00:53.859655,5,13,5.0,,,,,,,,,,,13.0,9.0,13.0,,,,,,150,160.0,,,,,,,,,,,180.0,65.0,5.0,,,,,,COMPLETE
46,46,0.4771241830065359,2024-12-29 14:10:34.129394,2024-12-29 14:11:14.338808,0 days 00:00:40.209414,5,12,7.0,,,,,,,,,,,9.0,11.0,14.0,,,,,,170,175.0,,,,,,,,,,,150.0,25.0,180.0,,,,,,COMPLETE
47,47,0.24561403508771928,2024-12-29 14:11:14.339461,2024-12-29 14:12:12.377144,0 days 00:00:58.037683,8,14,4.0,,,,,,,,,,,14.0,13.0,2.0,10.0,12.0,3.0,,,125,135.0,,,,,,,,,,,50.0,60.0,140.0,175.0,35.0,90.0,,,COMPLETE
48,48,0.7769230769230769,2024-12-29 14:12:12.377863,2024-12-29 14:12:23.077962,0 days 00:00:10.700099,1,11,,,,,,,,,,,,,,,,,,,,195,,,,,,,,,,,,,,,,,,,,COMPLETE
49,49,0.24099883855981416,2024-12-29 14:12:23.078478,2024-12-29 14:13:04.978701,0 days 00:00:41.900223,4,7,13.0,,,,,,,,,,,12.0,6.0,,,,,,,155,190.0,,,,,,,,,,,200.0,85.0,,,,,,,COMPLETE
50,50,0.4375,2024-12-29 14:13:04.979399,2024-12-29 14:13:28.947119,0 days 00:00:23.967720,3,11,8.0,,,,,,,,,,,10.0,,,,,,,,135,165.0,,,,,,,,,,,160.0,,,,,,,,COMPLETE
51,51,0.9103174603174603,2024-12-29 14:13:28.947553,2024-12-29 14:13:42.669354,0 days 00:00:13.721801,2,13,6.0,,,,,,,,,,,,,,,,,,,185,150.0,,,,,,,,,,,,,,,,,,,COMPLETE
52,52,0.8430836522689995,2024-12-29 14:13:42.669896,2024-12-29 14:13:57.610184,0 days 00:00:14.940288,2,14,6.0,,,,,,,,,,,,,,,,,,,185,190.0,,,,,,,,,,,,,,,,,,,COMPLETE
53,53,0.6983516483516483,2024-12-29 14:13:57.610530,2024-12-29 14:14:08.872211,0 days 00:00:11.261681,1,13,,,,,,,,,,,,,,,,,,,,180,,,,,,,,,,,,,,,,,,,,COMPLETE
54,54,0.6808266360505166,2024-12-29 14:14:08.872554,2024-12-29 14:14:31.906167,0 days 00:00:23.033613,3,12,5.0,,,,,,,,,,,8.0,,,,,,,,200,145.0,,,,,,,,,,,185.0,,,,,,,,COMPLETE
55,55,0.5555555555555556,2024-12-29 14:14:31.906729,2024-12-29 14:14:47.622316,0 days 00:00:15.715587,4,13,2.0,,,,,,,,,,,5.0,8.0,,,,,,,165,135.0,,,,,,,,,,,115.0,110.0,,,,,,,COMPLETE
56,56,0.8617133791644632,2024-12-29 14:14:47.622740,2024-12-29 14:15:01.738166,0 days 00:00:14.115426,2,14,8.0,,,,,,,,,,,,,,,,,,,190,125.0,,,,,,,,,,,,,,,,,,,COMPLETE
57,57,0.779020979020979,2024-12-29 14:15:01.738708,2024-12-29 14:15:09.815410,0 days 00:00:08.076702,1,11,,,,,,,,,,,,,,,,,,,,110,,,,,,,,,,,,,,,,,,,,COMPLETE
58,58,0.0,2024-12-29 14:15:09.815751,2024-12-29 14:16:58.398791,0 days 00:01:48.583040,16,8,1.0,4.0,15.0,11.0,8.0,8.0,12.0,,,,,15.0,14.0,8.0,13.0,6.0,9.0,5.0,12.0,170,90.0,35.0,55.0,200.0,120.0,95.0,5.0,,,,,170.0,25.0,50.0,95.0,120.0,45.0,95.0,5.0,COMPLETE
59,59,0.3112050739957717,2024-12-29 14:16:58.399646,2024-12-29 14:18:04.673603,0 days 00:01:06.273957,6,9,7.0,,,,,,,,,,,6.0,12.0,10.0,5.0,,,,,160,155.0,,,,,,,,,,,140.0,150.0,75.0,75.0,,,,,COMPLETE
60,60,0.0,2024-12-29 14:18:04.674308,2024-12-29 14:21:39.543925,0 days 00:03:34.869617,20,12,3.0,12.0,10.0,11.0,2.0,8.0,7.0,1.0,6.0,15.0,14.0,10.0,7.0,5.0,1.0,1.0,13.0,9.0,5.0,95,180.0,145.0,115.0,130.0,10.0,90.0,80.0,10.0,195.0,200.0,30.0,55.0,180.0,115.0,25.0,85.0,165.0,160.0,75.0,COMPLETE
61,61,0.8445623342175066,2024-12-29 14:21:39.544847,2024-12-29 14:21:52.750137,0 days 00:00:13.205290,2,13,6.0,,,,,,,,,,,,,,,,,,,190,155.0,,,,,,,,,,,,,,,,,,,COMPLETE
62,62,0.8538884524744697,2024-12-29 14:21:52.750548,2024-12-29 14:22:06.083311,0 days 00:00:13.332763,2,13,6.0,,,,,,,,,,,,,,,,,,,180,170.0,,,,,,,,,,,,,,,,,,,COMPLETE
63,63,0.5014367816091954,2024-12-29 14:22:06.083864,2024-12-29 14:22:23.513411,0 days 00:00:17.429547,4,7,5.0,,,,,,,,,,,7.0,5.0,,,,,,,190,150.0,,,,,,,,,,,90.0,120.0,,,,,,,COMPLETE
64,64,0.5187290969899666,2024-12-29 14:22:23.513824,2024-12-29 14:22:42.334169,0 days 00:00:18.820345,3,15,9.0,,,,,,,,,,,5.0,,,,,,,,200,130.0,,,,,,,,,,,70.0,,,,,,,,COMPLETE
65,65,0.7019230769230769,2024-12-29 14:22:42.334581,2024-12-29 14:22:53.769953,0 days 00:00:11.435372,1,14,,,,,,,,,,,,,,,,,,,,175,,,,,,,,,,,,,,,,,,,,COMPLETE
66,66,0.8380355276907001,2024-12-29 14:22:53.770455,2024-12-29 14:22:59.791323,0 days 00:00:06.020868,3,6,5.0,,,,,,,,,,,4.0,,,,,,,,75,110.0,,,,,,,,,,,15.0,,,,,,,,COMPLETE
67,67,0.849624060150376,2024-12-29 14:22:59.791687,2024-12-29 14:23:09.380891,0 days 00:00:09.589204,2,10,7.0,,,,,,,,,,,,,,,,,,,115,145.0,,,,,,,,,,,,,,,,,,,COMPLETE
68,68,0.8777777777777778,2024-12-29 14:23:09.381221,2024-12-29 14:23:21.825859,0 days 00:00:12.444638,3,12,1.0,,,,,,,,,,,14.0,,,,,,,,180,165.0,,,,,,,,,,,45.0,,,,,,,,COMPLETE
69,69,0.87042842215256,2024-12-29 14:23:21.826228,2024-12-29 14:23:37.226897,0 days 00:00:15.400669,4,12,1.0,,,,,,,,,,,14.0,1.0,,,,,,,165,200.0,,,,,,,,,,,55.0,95.0,,,,,,,COMPLETE
70,70,0.39893617021276595,2024-12-29 14:23:37.227475,2024-12-29 14:23:58.272986,0 days 00:00:21.045511,6,12,1.0,,,,,,,,,,,14.0,1.0,7.0,14.0,,,,,165,170.0,,,,,,,,,,,45.0,95.0,35.0,170.0,,,,,COMPLETE
71,71,0.8452380952380952,2024-12-29 14:23:58.273421,2024-12-29 14:24:10.842992,0 days 00:00:12.569571,3,12,1.0,,,,,,,,,,,12.0,,,,,,,,155,190.0,,,,,,,,,,,60.0,,,,,,,,COMPLETE
72,72,0.44093567251461985,2024-12-29 14:24:10.843563,2024-12-29 14:24:25.661349,0 days 00:00:14.817786,4,10,2.0,,,,,,,,,,,13.0,4.0,,,,,,,180,200.0,,,,,,,,,,,40.0,55.0,,,,,,,COMPLETE
73,73,0.7072697003329633,2024-12-29 14:24:25.661752,2024-12-29 14:24:36.421369,0 days 00:00:10.759617,1,13,,,,,,,,,,,,,,,,,,,,170,,,,,,,,,,,,,,,,,,,,COMPLETE
74,74,0.4224935257121717,2024-12-29 14:24:36.421715,2024-12-29 14:24:58.768951,0 days 00:00:22.347236,5,11,3.0,,,,,,,,,,,15.0,6.0,5.0,,,,,,150,185.0,,,,,,,,,,,70.0,70.0,100.0,,,,,,COMPLETE
75,75,0.3023255813953488,2024-12-29 14:24:58.769574,2024-12-29 14:25:33.513019,0 days 00:00:34.743445,12,14,1.0,8.0,7.0,,,,,,,,,11.0,2.0,3.0,11.0,10.0,4.0,1.0,6.0,195,165.0,5.0,130.0,,,,,,,,,90.0,35.0,115.0,125.0,155.0,35.0,60.0,150.0,COMPLETE
76,76,0.7643097643097643,2024-12-29 14:25:33.513585,2024-12-29 14:25:55.995808,0 days 00:00:22.482223,3,12,2.0,,,,,,,,,,,14.0,,,,,,,,140,200.0,,,,,,,,,,,110.0,,,,,,,,COMPLETE
77,77,0.4137587238285145,2024-12-29 14:25:55.996410,2024-12-29 14:26:07.222004,0 days 00:00:11.225594,4,11,4.0,,,,,,,,,,,12.0,4.0,,,,,,,165,175.0,,,,,,,,,,,10.0,125.0,,,,,,,COMPLETE
78,78,0.87042842215256,2024-12-29 14:26:07.222395,2024-12-29 14:26:11.208170,0 days 00:00:03.985775,2,9,1.0,,,,,,,,,,,,,,,,,,,90,160.0,,,,,,,,,,,,,,,,,,,COMPLETE
79,79,0.7607142857142857,2024-12-29 14:26:11.208498,2024-12-29 14:26:17.560126,0 days 00:00:06.351628,1,9,,,,,,,,,,,,,,,,,,,,80,,,,,,,,,,,,,,,,,,,,COMPLETE
80,80,0.5307017543859649,2024-12-29 14:26:17.560474,2024-12-29 14:26:30.830472,0 days 00:00:13.269998,5,5,1.0,,,,,,,,,,,13.0,1.0,10.0,,,,,,65,160.0,,,,,,,,,,,30.0,75.0,180.0,,,,,,COMPLETE
81,81,0.8618037135278515,2024-12-29 14:26:30.830995,2024-12-29 14:26:34.883156,0 days 00:00:04.052161,2,8,2.0,,,,,,,,,,,,,,,,,,,105,45.0,,,,,,,,,,,,,,,,,,,COMPLETE
82,82,0.883856626840789,2024-12-29 14:26:34.883473,2024-12-29 14:26:48.129720,0 days 00:00:13.246247,3,9,1.0,,,,,,,,,,,15.0,,,,,,,,90,160.0,,,,,,,,,,,75.0,,,,,,,,COMPLETE
83,83,0.8130296610169492,2024-12-29 14:26:48.130195,2024-12-29 14:27:00.303308,0 days 00:00:12.173113,3,9,1.0,,,,,,,,,,,15.0,,,,,,,,90,140.0,,,,,,,,,,,75.0,,,,,,,,COMPLETE
84,84,0.14707730986800754,2024-12-29 14:27:00.303697,2024-12-29 14:27:38.671406,0 days 00:00:38.367709,7,13,2.0,,,,,,,,,,,14.0,9.0,7.0,7.0,13.0,,,,85,160.0,,,,,,,,,,,60.0,150.0,20.0,55.0,115.0,,,,COMPLETE
85,85,0.6711853720050441,2024-12-29 14:27:38.672097,2024-12-29 14:27:52.862046,0 days 00:00:14.189949,4,8,3.0,,,,,,,,,,,13.0,2.0,,,,,,,65,150.0,,,,,,,,,,,95.0,105.0,,,,,,,COMPLETE
86,86,0.8604465709728868,2024-12-29 14:27:52.862465,2024-12-29 14:27:57.441219,0 days 00:00:04.578754,2,12,1.0,,,,,,,,,,,,,,,,,,,100,90.0,,,,,,,,,,,,,,,,,,,COMPLETE
87,87,0.8429276315789473,2024-12-29 14:27:57.441545,2024-12-29 14:28:05.832463,0 days 00:00:08.390918,3,14,1.0,,,,,,,,,,,15.0,,,,,,,,95,120.0,,,,,,,,,,,35.0,,,,,,,,COMPLETE
88,88,0.8037037037037037,2024-12-29 14:28:05.832850,2024-12-29 14:28:12.021465,0 days 00:00:06.188615,1,6,,,,,,,,,,,,,,,,,,,,85,,,,,,,,,,,,,,,,,,,,COMPLETE
89,89,0.8708333333333333,2024-12-29 14:28:12.021797,2024-12-29 14:28:16.039971,0 days 00:00:04.018174,2,13,1.0,,,,,,,,,,,,,,,,,,,70,175.0,,,,,,,,,,,,,,,,,,,COMPLETE
90,90,0.4241379310344828,2024-12-29 14:28:16.040293,2024-12-29 14:28:26.356345,0 days 00:00:10.316052,4,13,2.0,,,,,,,,,,,11.0,3.0,,,,,,,70,170.0,,,,,,,,,,,45.0,200.0,,,,,,,COMPLETE
91,91,0.8618037135278515,2024-12-29 14:28:26.356803,2024-12-29 14:28:34.342503,0 days 00:00:07.985700,2,14,1.0,,,,,,,,,,,,,,,,,,,195,160.0,,,,,,,,,,,,,,,,,,,COMPLETE
92,92,0.6881720430107527,2024-12-29 14:28:34.342986,2024-12-29 14:28:41.094325,0 days 00:00:06.751339,1,13,,,,,,,,,,,,,,,,,,,,55,,,,,,,,,,,,,,,,,,,,COMPLETE
93,93,0.8868318122555411,2024-12-29 14:28:41.094692,2024-12-29 14:28:47.086850,0 days 00:00:05.992158,2,12,2.0,,,,,,,,,,,,,,,,,,,105,175.0,,,,,,,,,,,,,,,,,,,COMPLETE
94,94,0.801948051948052,2024-12-29 14:28:47.087219,2024-12-29 14:29:01.669150,0 days 00:00:14.581931,3,12,2.0,,,,,,,,,,,12.0,,,,,,,,110,175.0,,,,,,,,,,,80.0,,,,,,,,COMPLETE
95,95,0.22326454033771106,2024-12-29 14:29:01.669548,2024-12-29 14:29:49.299976,0 days 00:00:47.630428,9,13,2.0,,,,,,,,,,,14.0,10.0,9.0,3.0,15.0,9.0,13.0,,105,70.0,,,,,,,,,,,20.0,135.0,130.0,185.0,40.0,105.0,115.0,,COMPLETE
96,96,0.7454022988505747,2024-12-29 14:29:49.300725,2024-12-29 14:30:06.183363,0 days 00:00:16.882638,3,15,3.0,,,,,,,,,,,10.0,,,,,,,,180,180.0,,,,,,,,,,,65.0,,,,,,,,COMPLETE
97,97,0.7185888738127544,2024-12-29 14:30:06.183754,2024-12-29 14:30:15.133227,0 days 00:00:08.949473,1,12,,,,,,,,,,,,,,,,,,,,125,,,,,,,,,,,,,,,,,,,,COMPLETE
98,98,0.8741776315789473,2024-12-29 14:30:15.133634,2024-12-29 14:30:20.958500,0 days 00:00:05.824866,2,11,3.0,,,,,,,,,,,,,,,,,,,80,195.0,,,,,,,,,,,,,,,,,,,COMPLETE
99,99,0.8544980443285528,2024-12-29 14:30:20.958993,2024-12-29 14:30:26.495000,0 days 00:00:05.536007,2,11,3.0,,,,,,,,,,,,,,,,,,,75,185.0,,,,,,,,,,,,,,,,,,,COMPLETE
100,100,0.6869519000797236,2024-12-29 14:30:26.495322,2024-12-29 14:30:34.311092,0 days 00:00:07.815770,1,14,,,,,,,,,,,,,,,,,,,,80,,,,,,,,,,,,,,,,,,,,COMPLETE
101,101,0.903125,2024-12-29 14:30:34.311407,2024-12-29 14:30:52.265718,0 days 00:00:17.954311,3,12,1.0,,,,,,,,,,,13.0,,,,,,,,95,195.0,,,,,,,,,,,105.0,,,,,,,,COMPLETE
102,102,0.671934445419959,2024-12-29 14:30:52.266139,2024-12-29 14:31:10.446582,0 days 00:00:18.180443,3,13,3.0,,,,,,,,,,,13.0,,,,,,,,95,170.0,,,,,,,,,,,120.0,,,,,,,,COMPLETE
103,103,0.818426724137931,2024-12-29 14:31:10.447058,2024-12-29 14:31:27.032137,0 days 00:00:16.585079,2,12,15.0,,,,,,,,,,,,,,,,,,,100,195.0,,,,,,,,,,,,,,,,,,,COMPLETE
104,104,0.8787956767884715,2024-12-29 14:31:27.032666,2024-12-29 14:31:31.349646,0 days 00:00:04.316980,2,11,2.0,,,,,,,,,,,,,,,,,,,55,195.0,,,,,,,,,,,,,,,,,,,COMPLETE
105,105,0.6269230769230769,2024-12-29 14:31:31.349989,2024-12-29 14:31:50.416505,0 days 00:00:19.066516,3,11,4.0,,,,,,,,,,,15.0,,,,,,,,50,195.0,,,,,,,,,,,105.0,,,,,,,,COMPLETE
106,106,0.8679653679653679,2024-12-29 14:31:50.416911,2024-12-29 14:31:55.186455,0 days 00:00:04.769544,2,11,2.0,,,,,,,,,,,,,,,,,,,70,185.0,,,,,,,,,,,,,,,,,,,COMPLETE
107,107,0.7489106753812635,2024-12-29 14:31:55.186882,2024-12-29 14:32:01.456525,0 days 00:00:06.269643,1,10,,,,,,,,,,,,,,,,,,,,55,,,,,,,,,,,,,,,,,,,,COMPLETE
108,108,0.6946608946608946,2024-12-29 14:32:01.456853,2024-12-29 14:32:20.767211,0 days 00:00:19.310358,3,12,4.0,,,,,,,,,,,12.0,,,,,,,,60,195.0,,,,,,,,,,,130.0,,,,,,,,COMPLETE
109,109,0.8797729618163055,2024-12-29 14:32:20.767762,2024-12-29 14:32:24.044936,0 days 00:00:03.277174,2,11,2.0,,,,,,,,,,,,,,,,,,,40,15.0,,,,,,,,,,,,,,,,,,,COMPLETE
