,number,value,datetime_start,datetime_complete,duration,params_depth,params_grids_0,params_grids_1,params_grids_10,params_grids_11,params_grids_12,params_grids_13,params_grids_14,params_grids_15,params_grids_16,params_grids_17,params_grids_18,params_grids_19,params_grids_2,params_grids_3,params_grids_4,params_grids_5,params_grids_6,params_grids_7,params_grids_8,params_grids_9,params_neurons_layer_0,params_neurons_layer_1,params_neurons_layer_10,params_neurons_layer_11,params_neurons_layer_12,params_neurons_layer_13,params_neurons_layer_14,params_neurons_layer_15,params_neurons_layer_16,params_neurons_layer_17,params_neurons_layer_18,params_neurons_layer_19,params_neurons_layer_2,params_neurons_layer_3,params_neurons_layer_4,params_neurons_layer_5,params_neurons_layer_6,params_neurons_layer_7,params_neurons_layer_8,params_neurons_layer_9,state
713,713,0.7922149122807017,2024-12-29 16:22:30.349392,2024-12-29 16:22:39.640317,0 days 00:00:09.290925,3,14,4.0,,,,,,,,,,,5.0,,,,,,,,70,110.0,,,,,,,,,,,170.0,,,,,,,,COMPLETE
714,714,0.565084745762712,2024-12-29 16:22:39.640801,2024-12-29 16:22:48.772805,0 days 00:00:09.132004,4,10,2.0,,,,,,,,,,,4.0,6.0,,,,,,,55,100.0,,,,,,,,,,,175.0,40.0,,,,,,,COMPLETE
715,715,0.38799313893653514,2024-12-29 16:22:48.773382,2024-12-29 16:23:06.234318,0 days 00:00:17.460936,4,10,3.0,,,,,,,,,,,13.0,10.0,,,,,,,60,90.0,,,,,,,,,,,160.0,50.0,,,,,,,COMPLETE
716,716,0.8198924731182795,2024-12-29 16:23:06.235272,2024-12-29 16:23:15.667241,0 days 00:00:09.431969,3,13,3.0,,,,,,,,,,,4.0,,,,,,,,60,150.0,,,,,,,,,,,155.0,,,,,,,,COMPLETE
717,717,0.8868318122555411,2024-12-29 16:23:15.667748,2024-12-29 16:23:23.533226,0 days 00:00:07.865478,3,12,3.0,,,,,,,,,,,5.0,,,,,,,,55,105.0,,,,,,,,,,,135.0,,,,,,,,COMPLETE
718,718,0.7439890710382514,2024-12-29 16:23:23.533707,2024-12-29 16:23:39.146216,0 days 00:00:15.612509,3,10,4.0,,,,,,,,,,,7.0,,,,,,,,80,155.0,,,,,,,,,,,185.0,,,,,,,,COMPLETE
719,719,0.8760964912280702,2024-12-29 16:23:39.146759,2024-12-29 16:23:46.177139,0 days 00:00:07.030380,3,12,4.0,,,,,,,,,,,4.0,,,,,,,,40,100.0,,,,,,,,,,,150.0,,,,,,,,COMPLETE
720,720,0.8617133791644632,2024-12-29 16:23:46.177722,2024-12-29 16:23:51.840689,0 days 00:00:05.662967,2,13,3.0,,,,,,,,,,,,,,,,,,,105,110.0,,,,,,,,,,,,,,,,,,,COMPLETE
721,721,0.7840909090909092,2024-12-29 16:23:51.841293,2024-12-29 16:24:00.710518,0 days 00:00:08.869225,3,11,2.0,,,,,,,,,,,6.0,,,,,,,,70,90.0,,,,,,,,,,,200.0,,,,,,,,COMPLETE
722,722,0.8575757575757575,2024-12-29 16:24:00.711303,2024-12-29 16:24:04.101578,0 days 00:00:03.390275,2,10,1.0,,,,,,,,,,,,,,,,,,,55,145.0,,,,,,,,,,,,,,,,,,,COMPLETE
723,723,0.4749019607843137,2024-12-29 16:24:04.102009,2024-12-29 16:24:20.977330,0 days 00:00:16.875321,4,11,4.0,,,,,,,,,,,3.0,15.0,,,,,,,190,125.0,,,,,,,,,,,165.0,35.0,,,,,,,COMPLETE
724,724,0.850389321468298,2024-12-29 16:24:20.978036,2024-12-29 16:24:28.108069,0 days 00:00:07.130033,3,10,3.0,,,,,,,,,,,3.0,,,,,,,,45,140.0,,,,,,,,,,,175.0,,,,,,,,COMPLETE
725,725,0.8538884524744697,2024-12-29 16:24:28.108538,2024-12-29 16:24:33.243263,0 days 00:00:05.134725,2,13,3.0,,,,,,,,,,,,,,,,,,,65,160.0,,,,,,,,,,,,,,,,,,,COMPLETE
726,726,0.8944444444444444,2024-12-29 16:24:33.243719,2024-12-29 16:24:38.372505,0 days 00:00:05.128786,3,11,1.0,,,,,,,,,,,1.0,,,,,,,,90,105.0,,,,,,,,,,,160.0,,,,,,,,COMPLETE
727,727,0.7276887871853547,2024-12-29 16:24:38.372964,2024-12-29 16:24:44.377514,0 days 00:00:06.004550,1,12,,,,,,,,,,,,,,,,,,,,35,,,,,,,,,,,,,,,,,,,,COMPLETE
728,728,0.861228813559322,2024-12-29 16:24:44.378085,2024-12-29 16:24:48.415806,0 days 00:00:04.037721,2,11,2.0,,,,,,,,,,,,,,,,,,,60,110.0,,,,,,,,,,,,,,,,,,,COMPLETE
729,729,0.5881355932203389,2024-12-29 16:24:48.416219,2024-12-29 16:24:58.422526,0 days 00:00:10.006307,4,10,3.0,,,,,,,,,,,3.0,4.0,,,,,,,100,5.0,,,,,,,,,,,180.0,170.0,,,,,,,COMPLETE
730,730,0.8777777777777778,2024-12-29 16:24:58.423097,2024-12-29 16:25:02.852257,0 days 00:00:04.429160,2,14,4.0,,,,,,,,,,,,,,,,,,,40,150.0,,,,,,,,,,,,,,,,,,,COMPLETE
731,731,0.32666666666666666,2024-12-29 16:25:02.853075,2024-12-29 16:25:21.120729,0 days 00:00:18.267654,5,12,3.0,,,,,,,,,,,11.0,6.0,8.0,,,,,,45,95.0,,,,,,,,,,,145.0,75.0,15.0,,,,,,COMPLETE
732,732,0.8870673952641166,2024-12-29 16:25:21.121448,2024-12-29 16:25:37.565540,0 days 00:00:16.444092,2,10,13.0,,,,,,,,,,,,,,,,,,,105,195.0,,,,,,,,,,,,,,,,,,,COMPLETE
733,733,0.11134676564156945,2024-12-29 16:25:37.566073,2024-12-29 16:25:53.122018,0 days 00:00:15.555945,18,11,2.0,5.0,14.0,2.0,12.0,3.0,8.0,1.0,11.0,,,1.0,1.0,3.0,9.0,6.0,2.0,4.0,5.0,55,125.0,190.0,145.0,50.0,180.0,35.0,50.0,40.0,50.0,,,170.0,65.0,105.0,120.0,40.0,35.0,15.0,10.0,COMPLETE
734,734,0.8604465709728868,2024-12-29 16:25:53.122880,2024-12-29 16:26:00.113764,0 days 00:00:06.990884,3,10,3.0,,,,,,,,,,,2.0,,,,,,,,85,135.0,,,,,,,,,,,150.0,,,,,,,,COMPLETE
735,735,0.0,2024-12-29 16:26:00.114226,2024-12-29 16:28:34.060510,0 days 00:02:33.946284,16,11,1.0,15.0,12.0,7.0,3.0,14.0,10.0,,,,,5.0,12.0,13.0,11.0,15.0,5.0,7.0,11.0,185,80.0,60.0,20.0,80.0,140.0,170.0,85.0,,,,,170.0,45.0,190.0,55.0,190.0,105.0,50.0,115.0,COMPLETE
736,736,0.8868318122555411,2024-12-29 16:28:34.061904,2024-12-29 16:28:37.210461,0 days 00:00:03.148557,2,2,4.0,,,,,,,,,,,,,,,,,,,35,85.0,,,,,,,,,,,,,,,,,,,COMPLETE
737,737,0.3478682170542636,2024-12-29 16:28:37.210896,2024-12-29 16:29:20.592102,0 days 00:00:43.381206,11,12,3.0,12.0,,,,,,,,,,2.0,2.0,6.0,2.0,4.0,9.0,2.0,2.0,95,110.0,20.0,,,,,,,,,,185.0,130.0,5.0,75.0,175.0,50.0,190.0,190.0,COMPLETE
738,738,0.8526881720430108,2024-12-29 16:29:20.593323,2024-12-29 16:29:25.237830,0 days 00:00:04.644507,1,4,,,,,,,,,,,,,,,,,,,,45,,,,,,,,,,,,,,,,,,,,COMPLETE
739,739,0.9182795698924731,2024-12-29 16:29:25.238271,2024-12-29 16:29:34.352172,0 days 00:00:09.113901,3,10,3.0,,,,,,,,,,,3.0,,,,,,,,135,100.0,,,,,,,,,,,175.0,,,,,,,,COMPLETE
740,740,0.8617133791644632,2024-12-29 16:29:34.352680,2024-12-29 16:29:44.241555,0 days 00:00:09.888875,3,10,2.0,,,,,,,,,,,4.0,,,,,,,,140,105.0,,,,,,,,,,,190.0,,,,,,,,COMPLETE
741,741,0.861228813559322,2024-12-29 16:29:44.242163,2024-12-29 16:29:50.492910,0 days 00:00:06.250747,2,9,3.0,,,,,,,,,,,,,,,,,,,135,105.0,,,,,,,,,,,,,,,,,,,COMPLETE
742,742,0.861228813559322,2024-12-29 16:29:50.493343,2024-12-29 16:29:56.304746,0 days 00:00:05.811403,2,10,2.0,,,,,,,,,,,,,,,,,,,140,100.0,,,,,,,,,,,,,,,,,,,COMPLETE
743,743,0.7426077161362996,2024-12-29 16:29:56.305210,2024-12-29 16:30:05.185164,0 days 00:00:08.879954,1,10,,,,,,,,,,,,,,,,,,,,145,,,,,,,,,,,,,,,,,,,,COMPLETE
744,744,0.8617133791644632,2024-12-29 16:30:05.185992,2024-12-29 16:30:13.755496,0 days 00:00:08.569504,3,10,1.0,,,,,,,,,,,4.0,,,,,,,,135,95.0,,,,,,,,,,,180.0,,,,,,,,COMPLETE
745,745,0.5661027568922306,2024-12-29 16:30:13.756134,2024-12-29 16:30:25.262749,0 days 00:00:11.506615,4,9,4.0,,,,,,,,,,,5.0,3.0,,,,,,,130,90.0,,,,,,,,,,,175.0,30.0,,,,,,,COMPLETE
746,746,0.9020715630885122,2024-12-29 16:30:25.263274,2024-12-29 16:30:37.953449,0 days 00:00:12.690175,3,10,3.0,,,,,,,,,,,6.0,,,,,,,,155,100.0,,,,,,,,,,,195.0,,,,,,,,COMPLETE
747,747,0.8708333333333333,2024-12-29 16:30:37.953968,2024-12-29 16:30:44.677025,0 days 00:00:06.723057,2,13,3.0,,,,,,,,,,,,,,,,,,,130,100.0,,,,,,,,,,,,,,,,,,,COMPLETE
748,748,0.8380355276907001,2024-12-29 16:30:44.677589,2024-12-29 16:30:50.178373,0 days 00:00:05.500784,2,10,3.0,,,,,,,,,,,,,,,,,,,125,95.0,,,,,,,,,,,,,,,,,,,COMPLETE
749,749,0.7253369272237197,2024-12-29 16:30:50.178821,2024-12-29 16:30:59.614891,0 days 00:00:09.436070,1,13,,,,,,,,,,,,,,,,,,,,130,,,,,,,,,,,,,,,,,,,,COMPLETE
750,750,0.8868318122555411,2024-12-29 16:30:59.615347,2024-12-29 16:31:09.334055,0 days 00:00:09.718708,3,10,1.0,,,,,,,,,,,5.0,,,,,,,,135,100.0,,,,,,,,,,,185.0,,,,,,,,COMPLETE
751,751,0.8708333333333333,2024-12-29 16:31:09.335000,2024-12-29 16:31:19.480011,0 days 00:00:10.145011,3,9,2.0,,,,,,,,,,,4.0,,,,,,,,155,115.0,,,,,,,,,,,170.0,,,,,,,,COMPLETE
752,752,0.8777777777777778,2024-12-29 16:31:19.480516,2024-12-29 16:31:30.566823,0 days 00:00:11.086307,2,13,4.0,,,,,,,,,,,,,,,,,,,160,190.0,,,,,,,,,,,,,,,,,,,COMPLETE
753,753,0.6478337236533958,2024-12-29 16:31:30.567347,2024-12-29 16:31:44.012797,0 days 00:00:13.445450,4,14,3.0,,,,,,,,,,,3.0,9.0,,,,,,,150,75.0,,,,,,,,,,,175.0,60.0,,,,,,,COMPLETE
754,754,0.8760964912280702,2024-12-29 16:31:44.013421,2024-12-29 16:31:47.896771,0 days 00:00:03.883350,2,10,3.0,,,,,,,,,,,,,,,,,,,50,105.0,,,,,,,,,,,,,,,,,,,COMPLETE
755,755,0.40288568257491675,2024-12-29 16:31:47.897219,2024-12-29 16:32:12.087591,0 days 00:00:24.190372,7,10,4.0,,,,,,,,,,,4.0,5.0,15.0,6.0,10.0,,,,180,90.0,,,,,,,,,,,180.0,5.0,155.0,5.0,80.0,,,,COMPLETE
756,756,0.7392290249433107,2024-12-29 16:32:12.088736,2024-12-29 16:32:17.877395,0 days 00:00:05.788659,1,9,,,,,,,,,,,,,,,,,,,,40,,,,,,,,,,,,,,,,,,,,COMPLETE
757,757,0.903125,2024-12-29 16:32:17.877912,2024-12-29 16:32:23.970331,0 days 00:00:06.092419,3,10,1.0,,,,,,,,,,,7.0,,,,,,,,125,95.0,,,,,,,,,,,30.0,,,,,,,,COMPLETE
758,758,0.8618037135278515,2024-12-29 16:32:23.970914,2024-12-29 16:32:29.407688,0 days 00:00:05.436774,2,10,2.0,,,,,,,,,,,,,,,,,,,130,90.0,,,,,,,,,,,,,,,,,,,COMPLETE
759,759,0.3619047619047619,2024-12-29 16:32:29.408138,2024-12-29 16:33:05.216572,0 days 00:00:35.808434,10,10,3.0,,,,,,,,,,,7.0,7.0,14.0,10.0,2.0,13.0,1.0,4.0,125,95.0,,,,,,,,,,,10.0,10.0,40.0,155.0,115.0,65.0,80.0,50.0,COMPLETE
760,760,0.5595533498759305,2024-12-29 16:33:05.217371,2024-12-29 16:33:12.052292,0 days 00:00:06.834921,3,10,8.0,,,,,,,,,,,8.0,,,,,,,,50,95.0,,,,,,,,,,,40.0,,,,,,,,COMPLETE
761,761,0.8868318122555411,2024-12-29 16:33:12.053098,2024-12-29 16:33:16.508429,0 days 00:00:04.455331,2,9,3.0,,,,,,,,,,,,,,,,,,,75,100.0,,,,,,,,,,,,,,,,,,,COMPLETE
762,762,0.6009615384615384,2024-12-29 16:33:16.508957,2024-12-29 16:33:28.791061,0 days 00:00:12.282104,4,10,1.0,,,,,,,,,,,9.0,8.0,,,,,,,125,100.0,,,,,,,,,,,65.0,195.0,,,,,,,COMPLETE
763,763,0.8538884524744697,2024-12-29 16:33:28.791825,2024-12-29 16:33:32.498482,0 days 00:00:03.706657,2,10,4.0,,,,,,,,,,,,,,,,,,,40,95.0,,,,,,,,,,,,,,,,,,,COMPLETE
764,764,0.5264550264550264,2024-12-29 16:33:32.498934,2024-12-29 16:33:43.975156,0 days 00:00:11.476222,3,10,6.0,,,,,,,,,,,7.0,,,,,,,,190,90.0,,,,,,,,,,,35.0,,,,,,,,COMPLETE
765,765,0.7486772486772486,2024-12-29 16:33:43.975762,2024-12-29 16:33:51.878177,0 days 00:00:07.902415,1,9,,,,,,,,,,,,,,,,,,,,140,,,,,,,,,,,,,,,,,,,,COMPLETE
766,766,0.7765899122807017,2024-12-29 16:33:51.878641,2024-12-29 16:33:58.086224,0 days 00:00:06.207583,3,10,3.0,,,,,,,,,,,8.0,,,,,,,,35,85.0,,,,,,,,,,,90.0,,,,,,,,COMPLETE
767,767,0.8857758620689655,2024-12-29 16:33:58.086782,2024-12-29 16:34:05.910839,0 days 00:00:07.824057,2,10,4.0,,,,,,,,,,,,,,,,,,,180,100.0,,,,,,,,,,,,,,,,,,,COMPLETE
768,768,0.8741776315789473,2024-12-29 16:34:05.911401,2024-12-29 16:34:09.578465,0 days 00:00:03.667064,2,10,3.0,,,,,,,,,,,,,,,,,,,45,95.0,,,,,,,,,,,,,,,,,,,COMPLETE
769,769,0.842896174863388,2024-12-29 16:34:09.578901,2024-12-29 16:34:15.366289,0 days 00:00:05.787388,3,10,2.0,,,,,,,,,,,7.0,,,,,,,,125,70.0,,,,,,,,,,,15.0,,,,,,,,COMPLETE
770,770,0.44416873449131516,2024-12-29 16:34:15.367158,2024-12-29 16:34:29.330421,0 days 00:00:13.963263,5,9,3.0,,,,,,,,,,,10.0,14.0,3.0,,,,,,150,75.0,,,,,,,,,,,25.0,135.0,185.0,,,,,,COMPLETE
771,771,0.8538884524744697,2024-12-29 16:34:29.331229,2024-12-29 16:34:34.873603,0 days 00:00:05.542374,2,10,1.0,,,,,,,,,,,,,,,,,,,165,80.0,,,,,,,,,,,,,,,,,,,COMPLETE
772,772,0.8548009367681498,2024-12-29 16:34:34.874138,2024-12-29 16:34:38.625148,0 days 00:00:03.751010,2,9,2.0,,,,,,,,,,,,,,,,,,,60,95.0,,,,,,,,,,,,,,,,,,,COMPLETE
773,773,0.7549407114624507,2024-12-29 16:34:38.625568,2024-12-29 16:34:44.443240,0 days 00:00:05.817672,1,10,,,,,,,,,,,,,,,,,,,,35,,,,,,,,,,,,,,,,,,,,COMPLETE
774,774,0.5923076923076923,2024-12-29 16:34:44.443805,2024-12-29 16:34:52.443605,0 days 00:00:07.999800,3,11,11.0,,,,,,,,,,,14.0,,,,,,,,5,85.0,,,,,,,,,,,55.0,,,,,,,,COMPLETE
775,775,0.3191919191919192,2024-12-29 16:34:52.444101,2024-12-29 16:35:13.529457,0 days 00:00:21.085356,5,11,5.0,,,,,,,,,,,6.0,11.0,9.0,,,,,,40,105.0,,,,,,,,,,,20.0,155.0,85.0,,,,,,COMPLETE
776,776,0.8063877897117016,2024-12-29 16:35:13.530130,2024-12-29 16:35:26.012406,0 days 00:00:12.482276,3,10,3.0,,,,,,,,,,,8.0,,,,,,,,185,185.0,,,,,,,,,,,30.0,,,,,,,,COMPLETE
777,777,0.5782019704433498,2024-12-29 16:35:26.013473,2024-12-29 16:35:36.992396,0 days 00:00:10.978923,4,11,7.0,,,,,,,,,,,9.0,6.0,,,,,,,50,170.0,,,,,,,,,,,50.0,25.0,,,,,,,COMPLETE
778,778,0.760942760942761,2024-12-29 16:35:36.993043,2024-12-29 16:35:43.200090,0 days 00:00:06.207047,1,11,,,,,,,,,,,,,,,,,,,,45,,,,,,,,,,,,,,,,,,,,COMPLETE
779,779,0.8708333333333333,2024-12-29 16:35:43.200652,2024-12-29 16:35:51.493225,0 days 00:00:08.292573,2,10,4.0,,,,,,,,,,,,,,,,,,,175,100.0,,,,,,,,,,,,,,,,,,,COMPLETE
780,780,0.9028213166144201,2024-12-29 16:35:51.493748,2024-12-29 16:35:56.286990,0 days 00:00:04.793242,2,9,2.0,,,,,,,,,,,,,,,,,,,120,70.0,,,,,,,,,,,,,,,,,,,COMPLETE
781,781,0.7559899117276166,2024-12-29 16:35:56.287503,2024-12-29 16:36:09.908311,0 days 00:00:13.620808,3,10,3.0,,,,,,,,,,,12.0,,,,,,,,135,130.0,,,,,,,,,,,85.0,,,,,,,,COMPLETE
782,782,0.38888888888888884,2024-12-29 16:36:09.908920,2024-12-29 16:36:31.649156,0 days 00:00:21.740236,4,10,3.0,,,,,,,,,,,13.0,9.0,,,,,,,45,80.0,,,,,,,,,,,200.0,85.0,,,,,,,COMPLETE
783,783,0.8771883289124669,2024-12-29 16:36:31.650257,2024-12-29 16:36:35.553558,0 days 00:00:03.903301,2,11,5.0,,,,,,,,,,,,,,,,,,,40,90.0,,,,,,,,,,,,,,,,,,,COMPLETE
784,784,0.8452950558213717,2024-12-29 16:36:35.554090,2024-12-29 16:36:39.116269,0 days 00:00:03.562179,2,11,3.0,,,,,,,,,,,,,,,,,,,55,10.0,,,,,,,,,,,,,,,,,,,COMPLETE
785,785,0.8424242424242424,2024-12-29 16:36:39.116699,2024-12-29 16:36:55.486017,0 days 00:00:16.369318,3,15,4.0,,,,,,,,,,,6.0,,,,,,,,180,195.0,,,,,,,,,,,80.0,,,,,,,,COMPLETE
786,786,0.7549407114624507,2024-12-29 16:36:55.486609,2024-12-29 16:37:04.272434,0 days 00:00:08.785825,1,10,,,,,,,,,,,,,,,,,,,,145,,,,,,,,,,,,,,,,,,,,COMPLETE
787,787,0.8708333333333333,2024-12-29 16:37:04.272967,2024-12-29 16:37:09.100570,0 days 00:00:04.827603,3,10,1.0,,,,,,,,,,,3.0,,,,,,,,95,95.0,,,,,,,,,,,10.0,,,,,,,,COMPLETE
788,788,0.8618037135278515,2024-12-29 16:37:09.101075,2024-12-29 16:37:16.545206,0 days 00:00:07.444131,2,11,2.0,,,,,,,,,,,,,,,,,,,195,100.0,,,,,,,,,,,,,,,,,,,COMPLETE
789,789,0.5998677248677249,2024-12-29 16:37:16.546043,2024-12-29 16:37:33.349841,0 days 00:00:16.803798,4,9,3.0,,,,,,,,,,,3.0,13.0,,,,,,,160,85.0,,,,,,,,,,,190.0,70.0,,,,,,,COMPLETE
790,790,0.8685344827586207,2024-12-29 16:37:33.350642,2024-12-29 16:37:42.382602,0 days 00:00:09.031960,2,12,4.0,,,,,,,,,,,,,,,,,,,175,105.0,,,,,,,,,,,,,,,,,,,COMPLETE
791,791,0.8847503373819163,2024-12-29 16:37:42.383201,2024-12-29 16:37:48.173843,0 days 00:00:05.790642,3,10,2.0,,,,,,,,,,,1.0,,,,,,,,125,75.0,,,,,,,,,,,70.0,,,,,,,,COMPLETE
792,792,0.7738751814223512,2024-12-29 16:37:48.174369,2024-12-29 16:37:58.118211,0 days 00:00:09.943842,1,11,,,,,,,,,,,,,,,,,,,,170,,,,,,,,,,,,,,,,,,,,COMPLETE
793,793,0.8414835164835165,2024-12-29 16:37:58.118741,2024-12-29 16:38:05.349483,0 days 00:00:07.230742,3,10,1.0,,,,,,,,,,,10.0,,,,,,,,120,80.0,,,,,,,,,,,75.0,,,,,,,,COMPLETE
794,794,0.87042842215256,2024-12-29 16:38:05.350041,2024-12-29 16:38:09.051553,0 days 00:00:03.701512,2,9,4.0,,,,,,,,,,,,,,,,,,,35,125.0,,,,,,,,,,,,,,,,,,,COMPLETE
795,795,0.46695402298850575,2024-12-29 16:38:09.052000,2024-12-29 16:38:26.741215,0 days 00:00:17.689215,6,11,3.0,,,,,,,,,,,2.0,4.0,7.0,14.0,,,,,65,130.0,,,,,,,,,,,180.0,90.0,75.0,25.0,,,,,COMPLETE
796,796,0.9016393442622951,2024-12-29 16:38:26.742352,2024-12-29 16:38:30.472558,0 days 00:00:03.730206,2,11,3.0,,,,,,,,,,,,,,,,,,,50,70.0,,,,,,,,,,,,,,,,,,,COMPLETE
797,797,0.8548009367681498,2024-12-29 16:38:30.473027,2024-12-29 16:38:39.908101,0 days 00:00:09.435074,2,10,6.0,,,,,,,,,,,,,,,,,,,160,105.0,,,,,,,,,,,,,,,,,,,COMPLETE
798,798,0.7127569698676429,2024-12-29 16:38:39.908652,2024-12-29 16:38:50.088892,0 days 00:00:10.180240,1,12,,,,,,,,,,,,,,,,,,,,165,,,,,,,,,,,,,,,,,,,,COMPLETE
799,799,0.7351851851851852,2024-12-29 16:38:50.089440,2024-12-29 16:39:05.780022,0 days 00:00:15.690582,3,10,3.0,,,,,,,,,,,11.0,,,,,,,,130,110.0,,,,,,,,,,,160.0,,,,,,,,COMPLETE
800,800,0.8781779661016949,2024-12-29 16:39:05.780618,2024-12-29 16:39:13.639792,0 days 00:00:07.859174,2,14,2.0,,,,,,,,,,,,,,,,,,,185,90.0,,,,,,,,,,,,,,,,,,,COMPLETE
801,801,0.8242424242424242,2024-12-29 16:39:13.640269,2024-12-29 16:39:17.476642,0 days 00:00:03.836373,3,11,4.0,,,,,,,,,,,3.0,,,,,,,,30,75.0,,,,,,,,,,,45.0,,,,,,,,COMPLETE
802,802,0.6951394880644233,2024-12-29 16:39:17.477149,2024-12-29 16:39:38.866612,0 days 00:00:21.389463,4,9,3.0,,,,,,,,,,,1.0,10.0,,,,,,,105,120.0,,,,,,,,,,,185.0,180.0,,,,,,,COMPLETE
803,803,0.8371848739495797,2024-12-29 16:39:38.867746,2024-12-29 16:39:42.357305,0 days 00:00:03.489559,2,10,1.0,,,,,,,,,,,,,,,,,,,45,175.0,,,,,,,,,,,,,,,,,,,COMPLETE
804,804,0.8544980443285528,2024-12-29 16:39:42.357891,2024-12-29 16:39:46.489224,0 days 00:00:04.131333,2,11,3.0,,,,,,,,,,,,,,,,,,,40,185.0,,,,,,,,,,,,,,,,,,,COMPLETE
805,805,0.8214192196910186,2024-12-29 16:39:46.489737,2024-12-29 16:39:50.367132,0 days 00:00:03.877395,3,6,1.0,,,,,,,,,,,1.0,,,,,,,,35,100.0,,,,,,,,,,,130.0,,,,,,,,COMPLETE
806,806,0.0,2024-12-29 16:39:50.367584,2024-12-29 16:40:40.238014,0 days 00:00:49.870430,15,10,3.0,5.0,2.0,10.0,9.0,1.0,,,,,,5.0,8.0,10.0,12.0,13.0,3.0,3.0,6.0,100,85.0,115.0,185.0,20.0,50.0,130.0,,,,,,55.0,50.0,55.0,40.0,5.0,140.0,125.0,70.0,COMPLETE
807,807,0.6636245110821382,2024-12-29 16:40:40.239318,2024-12-29 16:40:53.640359,0 days 00:00:13.401041,3,12,5.0,,,,,,,,,,,8.0,,,,,,,,55,165.0,,,,,,,,,,,135.0,,,,,,,,COMPLETE
808,808,0.8538884524744697,2024-12-29 16:40:53.640983,2024-12-29 16:40:57.708336,0 days 00:00:04.067353,2,10,2.0,,,,,,,,,,,,,,,,,,,60,135.0,,,,,,,,,,,,,,,,,,,COMPLETE
809,809,0.7524038461538461,2024-12-29 16:40:57.708866,2024-12-29 16:41:06.755154,0 days 00:00:09.046288,1,9,,,,,,,,,,,,,,,,,,,,180,,,,,,,,,,,,,,,,,,,,COMPLETE
810,810,0.7652752571082879,2024-12-29 16:41:06.755688,2024-12-29 16:41:19.534224,0 days 00:00:12.778536,3,11,4.0,,,,,,,,,,,6.0,,,,,,,,170,110.0,,,,,,,,,,,155.0,,,,,,,,COMPLETE
811,811,0.7548369264787176,2024-12-29 16:41:19.534793,2024-12-29 16:41:27.675769,0 days 00:00:08.140976,1,10,,,,,,,,,,,,,,,,,,,,120,,,,,,,,,,,,,,,,,,,,COMPLETE
812,812,0.8688172043010753,2024-12-29 16:41:27.676605,2024-12-29 16:41:34.381145,0 days 00:00:06.704540,2,11,6.0,,,,,,,,,,,,,,,,,,,100,95.0,,,,,,,,,,,,,,,,,,,COMPLETE
813,813,0.7626436781609196,2024-12-29 16:41:34.381887,2024-12-29 16:41:48.957326,0 days 00:00:14.575439,4,12,2.0,,,,,,,,,,,2.0,7.0,,,,,,,90,70.0,,,,,,,,,,,170.0,145.0,,,,,,,COMPLETE
814,814,0.8544980443285528,2024-12-29 16:41:48.957966,2024-12-29 16:41:55.087759,0 days 00:00:06.129793,3,10,3.0,,,,,,,,,,,3.0,,,,,,,,110,75.0,,,,,,,,,,,60.0,,,,,,,,COMPLETE
815,815,0.8385416666666667,2024-12-29 16:41:55.088298,2024-12-29 16:42:02.321728,0 days 00:00:07.233430,2,9,4.0,,,,,,,,,,,,,,,,,,,170,80.0,,,,,,,,,,,,,,,,,,,COMPLETE
816,816,0.8781779661016949,2024-12-29 16:42:02.322169,2024-12-29 16:42:10.099877,0 days 00:00:07.777708,2,11,3.0,,,,,,,,,,,,,,,,,,,135,200.0,,,,,,,,,,,,,,,,,,,COMPLETE
817,817,0.8660714285714286,2024-12-29 16:42:10.100393,2024-12-29 16:42:20.148711,0 days 00:00:10.048318,3,11,3.0,,,,,,,,,,,1.0,,,,,,,,175,130.0,,,,,,,,,,,195.0,,,,,,,,COMPLETE
818,818,0.8781779661016949,2024-12-29 16:42:20.149266,2024-12-29 16:42:26.674879,0 days 00:00:06.525613,2,10,2.0,,,,,,,,,,,,,,,,,,,165,105.0,,,,,,,,,,,,,,,,,,,COMPLETE
819,819,0.7019230769230769,2024-12-29 16:42:26.675400,2024-12-29 16:42:37.441455,0 days 00:00:10.766055,1,14,,,,,,,,,,,,,,,,,,,,155,,,,,,,,,,,,,,,,,,,,COMPLETE
820,820,0.7825361512791991,2024-12-29 16:42:37.442504,2024-12-29 16:42:52.647513,0 days 00:00:15.205009,3,10,3.0,,,,,,,,,,,7.0,,,,,,,,190,120.0,,,,,,,,,,,165.0,,,,,,,,COMPLETE
821,821,0.8526881720430108,2024-12-29 16:42:52.648108,2024-12-29 16:42:57.018719,0 days 00:00:04.370611,3,11,1.0,,,,,,,,,,,2.0,,,,,,,,40,100.0,,,,,,,,,,,85.0,,,,,,,,COMPLETE
822,822,0.801948051948052,2024-12-29 16:42:57.019266,2024-12-29 16:43:02.773795,0 days 00:00:05.754529,4,12,3.0,,,,,,,,,,,1.0,6.0,,,,,,,50,80.0,,,,,,,,,,,125.0,20.0,,,,,,,COMPLETE
823,823,0.9120227038183695,2024-12-29 16:43:02.774290,2024-12-29 16:43:09.424154,0 days 00:00:06.649864,2,10,4.0,,,,,,,,,,,,,,,,,,,130,95.0,,,,,,,,,,,,,,,,,,,COMPLETE
824,824,0.8868318122555411,2024-12-29 16:43:09.424697,2024-12-29 16:43:16.135336,0 days 00:00:06.710639,2,10,5.0,,,,,,,,,,,,,,,,,,,130,95.0,,,,,,,,,,,,,,,,,,,COMPLETE
825,825,0.9106292966684294,2024-12-29 16:43:16.135877,2024-12-29 16:43:22.842983,0 days 00:00:06.707106,2,10,4.0,,,,,,,,,,,,,,,,,,,135,90.0,,,,,,,,,,,,,,,,,,,COMPLETE
826,826,0.7606951871657754,2024-12-29 16:43:22.843443,2024-12-29 16:43:31.859747,0 days 00:00:09.016304,1,11,,,,,,,,,,,,,,,,,,,,140,,,,,,,,,,,,,,,,,,,,COMPLETE
827,827,0.8868318122555411,2024-12-29 16:43:31.860585,2024-12-29 16:43:38.205503,0 days 00:00:06.344918,2,9,4.0,,,,,,,,,,,,,,,,,,,130,90.0,,,,,,,,,,,,,,,,,,,COMPLETE
828,828,0.7064676616915423,2024-12-29 16:43:38.206223,2024-12-29 16:43:47.442727,0 days 00:00:09.236504,1,12,,,,,,,,,,,,,,,,,,,,135,,,,,,,,,,,,,,,,,,,,COMPLETE
829,829,0.8870673952641166,2024-12-29 16:43:47.443311,2024-12-29 16:43:53.645740,0 days 00:00:06.202429,2,10,4.0,,,,,,,,,,,,,,,,,,,140,85.0,,,,,,,,,,,,,,,,,,,COMPLETE
830,830,0.7761674718196457,2024-12-29 16:43:53.646189,2024-12-29 16:44:02.863439,0 days 00:00:09.217250,1,11,,,,,,,,,,,,,,,,,,,,145,,,,,,,,,,,,,,,,,,,,COMPLETE
831,831,0.861904761904762,2024-12-29 16:44:02.863926,2024-12-29 16:44:10.801241,0 days 00:00:07.937315,2,15,4.0,,,,,,,,,,,,,,,,,,,140,90.0,,,,,,,,,,,,,,,,,,,COMPLETE
832,832,0.7615384615384615,2024-12-29 16:44:10.801713,2024-12-29 16:44:19.206354,0 days 00:00:08.404641,1,9,,,,,,,,,,,,,,,,,,,,150,,,,,,,,,,,,,,,,,,,,COMPLETE
833,833,0.861228813559322,2024-12-29 16:44:19.206819,2024-12-29 16:44:26.265748,0 days 00:00:07.058929,2,11,4.0,,,,,,,,,,,,,,,,,,,135,95.0,,,,,,,,,,,,,,,,,,,COMPLETE
