,number,value,datetime_start,datetime_complete,duration,params_depth,params_grids_0,params_grids_1,params_grids_10,params_grids_11,params_grids_12,params_grids_13,params_grids_14,params_grids_15,params_grids_16,params_grids_17,params_grids_18,params_grids_19,params_grids_2,params_grids_3,params_grids_4,params_grids_5,params_grids_6,params_grids_7,params_grids_8,params_grids_9,params_neurons_layer_0,params_neurons_layer_1,params_neurons_layer_10,params_neurons_layer_11,params_neurons_layer_12,params_neurons_layer_13,params_neurons_layer_14,params_neurons_layer_15,params_neurons_layer_16,params_neurons_layer_17,params_neurons_layer_18,params_neurons_layer_19,params_neurons_layer_2,params_neurons_layer_3,params_neurons_layer_4,params_neurons_layer_5,params_neurons_layer_6,params_neurons_layer_7,params_neurons_layer_8,params_neurons_layer_9,state
834,834,0.8544980443285528,2024-12-29 16:44:26.266202,2024-12-29 16:44:33.219583,0 days 00:00:06.953381,2,10,4.0,,,,,,,,,,,,,,,,,,,140,95.0,,,,,,,,,,,,,,,,,,,COMPLETE
835,835,0.9191655801825294,2024-12-29 16:44:33.220357,2024-12-29 16:44:40.897644,0 days 00:00:07.677287,2,14,5.0,,,,,,,,,,,,,,,,,,,140,90.0,,,,,,,,,,,,,,,,,,,COMPLETE
836,836,0.3931334622823984,2024-12-29 16:44:40.898297,2024-12-29 16:45:57.857311,0 days 00:01:16.959014,9,10,5.0,,,,,,,,,,,2.0,3.0,11.0,8.0,3.0,11.0,12.0,,135,95.0,,,,,,,,,,,140.0,105.0,130.0,105.0,155.0,120.0,100.0,,COMPLETE
837,837,0.8870673952641166,2024-12-29 16:45:57.858570,2024-12-29 16:46:05.501176,0 days 00:00:07.642606,2,11,5.0,,,,,,,,,,,,,,,,,,,140,90.0,,,,,,,,,,,,,,,,,,,COMPLETE
838,838,0.8529644268774703,2024-12-29 16:46:05.501651,2024-12-29 16:46:12.797414,0 days 00:00:07.295763,2,10,5.0,,,,,,,,,,,,,,,,,,,135,90.0,,,,,,,,,,,,,,,,,,,COMPLETE
839,839,0.7037346711259755,2024-12-29 16:46:12.797883,2024-12-29 16:46:22.391278,0 days 00:00:09.593395,1,13,,,,,,,,,,,,,,,,,,,,135,,,,,,,,,,,,,,,,,,,,COMPLETE
840,840,0.8119363395225465,2024-12-29 16:46:22.391752,2024-12-29 16:46:29.156723,0 days 00:00:06.764971,2,11,5.0,,,,,,,,,,,,,,,,,,,130,90.0,,,,,,,,,,,,,,,,,,,COMPLETE
841,841,0.8548009367681498,2024-12-29 16:46:29.157175,2024-12-29 16:46:36.173952,0 days 00:00:07.016777,2,10,4.0,,,,,,,,,,,,,,,,,,,145,90.0,,,,,,,,,,,,,,,,,,,COMPLETE
842,842,0.7185888738127544,2024-12-29 16:46:36.174661,2024-12-29 16:46:45.212341,0 days 00:00:09.037680,1,12,,,,,,,,,,,,,,,,,,,,130,,,,,,,,,,,,,,,,,,,,COMPLETE
843,843,0.87042842215256,2024-12-29 16:46:45.213195,2024-12-29 16:46:51.608438,0 days 00:00:06.395243,2,9,4.0,,,,,,,,,,,,,,,,,,,135,85.0,,,,,,,,,,,,,,,,,,,COMPLETE
844,844,0.9103174603174603,2024-12-29 16:46:51.608897,2024-12-29 16:46:58.239208,0 days 00:00:06.630311,2,10,5.0,,,,,,,,,,,,,,,,,,,135,85.0,,,,,,,,,,,,,,,,,,,COMPLETE
845,845,0.8618037135278515,2024-12-29 16:46:58.239688,2024-12-29 16:47:05.933684,0 days 00:00:07.693996,2,12,5.0,,,,,,,,,,,,,,,,,,,140,85.0,,,,,,,,,,,,,,,,,,,COMPLETE
846,846,0.7489106753812635,2024-12-29 16:47:05.934152,2024-12-29 16:47:14.625503,0 days 00:00:08.691351,1,10,,,,,,,,,,,,,,,,,,,,140,,,,,,,,,,,,,,,,,,,,COMPLETE
847,847,0.903125,2024-12-29 16:47:14.625979,2024-12-29 16:47:22.005722,0 days 00:00:07.379743,2,11,5.0,,,,,,,,,,,,,,,,,,,135,85.0,,,,,,,,,,,,,,,,,,,COMPLETE
848,848,0.8261344997266267,2024-12-29 16:47:22.006174,2024-12-29 16:47:34.057197,0 days 00:00:12.051023,5,11,5.0,,,,,,,,,,,3.0,1.0,1.0,,,,,,135,90.0,,,,,,,,,,,195.0,115.0,175.0,,,,,,COMPLETE
849,849,0.2714453584018801,2024-12-29 16:47:34.057754,2024-12-29 16:48:49.891623,0 days 00:01:15.833869,12,13,5.0,7.0,15.0,,,,,,,,,1.0,5.0,2.0,1.0,9.0,14.0,6.0,12.0,130,85.0,140.0,85.0,,,,,,,,,155.0,55.0,145.0,170.0,130.0,95.0,150.0,145.0,COMPLETE
850,850,0.861904761904762,2024-12-29 16:48:49.892962,2024-12-29 16:48:59.895452,0 days 00:00:10.002490,3,9,5.0,,,,,,,,,,,3.0,,,,,,,,145,85.0,,,,,,,,,,,200.0,,,,,,,,COMPLETE
851,851,0.903125,2024-12-29 16:48:59.896148,2024-12-29 16:49:07.328946,0 days 00:00:07.432798,2,10,5.0,,,,,,,,,,,,,,,,,,,140,90.0,,,,,,,,,,,,,,,,,,,COMPLETE
852,852,0.8831168831168831,2024-12-29 16:49:07.329511,2024-12-29 16:49:16.767142,0 days 00:00:09.437631,3,13,5.0,,,,,,,,,,,2.0,,,,,,,,135,90.0,,,,,,,,,,,145.0,,,,,,,,COMPLETE
853,853,0.7737268518518519,2024-12-29 16:49:16.767618,2024-12-29 16:49:25.546361,0 days 00:00:08.778743,1,11,,,,,,,,,,,,,,,,,,,,130,,,,,,,,,,,,,,,,,,,,COMPLETE
854,854,0.3874551971326165,2024-12-29 16:49:25.546834,2024-12-29 16:49:43.212343,0 days 00:00:17.665509,3,10,5.0,,,,,,,,,,,15.0,,,,,,,,145,85.0,,,,,,,,,,,185.0,,,,,,,,COMPLETE
855,855,0.8544980443285528,2024-12-29 16:49:43.212961,2024-12-29 16:49:51.553528,0 days 00:00:08.340567,2,11,6.0,,,,,,,,,,,,,,,,,,,145,85.0,,,,,,,,,,,,,,,,,,,COMPLETE
856,856,0.8708333333333333,2024-12-29 16:49:51.554236,2024-12-29 16:49:59.010938,0 days 00:00:07.456702,2,12,6.0,,,,,,,,,,,,,,,,,,,140,80.0,,,,,,,,,,,,,,,,,,,COMPLETE
857,857,0.7528567632208344,2024-12-29 16:49:59.011591,2024-12-29 16:50:05.752202,0 days 00:00:06.740611,1,15,,,,,,,,,,,,,,,,,,,,135,,,,,,,,,,,,,,,,,,,,COMPLETE
858,858,0.8708333333333333,2024-12-29 16:50:05.752803,2024-12-29 16:50:12.100239,0 days 00:00:06.347436,2,7,4.0,,,,,,,,,,,,,,,,,,,140,95.0,,,,,,,,,,,,,,,,,,,COMPLETE
859,859,0.861904761904762,2024-12-29 16:50:12.100728,2024-12-29 16:50:20.035279,0 days 00:00:07.934551,3,9,5.0,,,,,,,,,,,1.0,,,,,,,,130,90.0,,,,,,,,,,,175.0,,,,,,,,COMPLETE
860,860,0.8521505376344086,2024-12-29 16:50:20.035766,2024-12-29 16:50:26.584226,0 days 00:00:06.548460,2,14,4.0,,,,,,,,,,,,,,,,,,,130,80.0,,,,,,,,,,,,,,,,,,,COMPLETE
861,861,0.8708333333333333,2024-12-29 16:50:26.584683,2024-12-29 16:50:34.535116,0 days 00:00:07.950433,3,10,4.0,,,,,,,,,,,2.0,,,,,,,,125,90.0,,,,,,,,,,,150.0,,,,,,,,COMPLETE
862,862,0.8926229508196721,2024-12-29 16:50:34.535618,2024-12-29 16:50:42.450677,0 days 00:00:07.915059,2,11,6.0,,,,,,,,,,,,,,,,,,,135,85.0,,,,,,,,,,,,,,,,,,,COMPLETE
863,863,0.5464516129032257,2024-12-29 16:50:42.451263,2024-12-29 16:51:00.694116,0 days 00:00:18.242853,3,10,4.0,,,,,,,,,,,14.0,,,,,,,,150,95.0,,,,,,,,,,,190.0,,,,,,,,COMPLETE
864,864,0.727807486631016,2024-12-29 16:51:00.695220,2024-12-29 16:51:09.762755,0 days 00:00:09.067535,1,12,,,,,,,,,,,,,,,,,,,,130,,,,,,,,,,,,,,,,,,,,COMPLETE
865,865,0.5060088551549653,2024-12-29 16:51:09.763246,2024-12-29 16:51:23.772917,0 days 00:00:14.009671,3,10,12.0,,,,,,,,,,,4.0,,,,,,,,145,90.0,,,,,,,,,,,160.0,,,,,,,,COMPLETE
866,866,0.37051671732522795,2024-12-29 16:51:23.773437,2024-12-29 16:51:39.493408,0 days 00:00:15.719971,6,11,7.0,,,,,,,,,,,1.0,9.0,12.0,5.0,,,,,125,80.0,,,,,,,,,,,180.0,10.0,110.0,85.0,,,,,COMPLETE
867,867,0.4241486068111455,2024-12-29 16:51:39.494007,2024-12-29 16:51:53.566097,0 days 00:00:14.072090,4,13,5.0,,,,,,,,,,,2.0,11.0,,,,,,,140,85.0,,,,,,,,,,,175.0,40.0,,,,,,,COMPLETE
868,868,0.8618037135278515,2024-12-29 16:51:53.566837,2024-12-29 16:52:00.622099,0 days 00:00:07.055262,2,11,4.0,,,,,,,,,,,,,,,,,,,135,95.0,,,,,,,,,,,,,,,,,,,COMPLETE
869,869,0.8679653679653679,2024-12-29 16:52:00.622834,2024-12-29 16:52:05.273946,0 days 00:00:04.651112,2,10,4.0,,,,,,,,,,,,,,,,,,,125,15.0,,,,,,,,,,,,,,,,,,,COMPLETE
870,870,0.6798941798941799,2024-12-29 16:52:05.274553,2024-12-29 16:52:15.840789,0 days 00:00:10.566236,3,13,5.0,,,,,,,,,,,4.0,,,,,,,,130,85.0,,,,,,,,,,,170.0,,,,,,,,COMPLETE
871,871,0.7309322033898304,2024-12-29 16:52:15.841306,2024-12-29 16:52:24.835044,0 days 00:00:08.993738,4,10,4.0,,,,,,,,,,,3.0,2.0,,,,,,,140,80.0,,,,,,,,,,,130.0,15.0,,,,,,,COMPLETE
872,872,0.8754789272030651,2024-12-29 16:52:24.835545,2024-12-29 16:52:32.075635,0 days 00:00:07.240090,2,9,4.0,,,,,,,,,,,,,,,,,,,150,100.0,,,,,,,,,,,,,,,,,,,COMPLETE
873,873,0.7703703703703704,2024-12-29 16:52:32.076114,2024-12-29 16:52:41.034508,0 days 00:00:08.958394,1,11,,,,,,,,,,,,,,,,,,,,135,,,,,,,,,,,,,,,,,,,,COMPLETE
874,874,0.8385416666666667,2024-12-29 16:52:41.035067,2024-12-29 16:52:54.357413,0 days 00:00:13.322346,3,10,7.0,,,,,,,,,,,1.0,,,,,,,,135,190.0,,,,,,,,,,,145.0,,,,,,,,COMPLETE
875,875,0.9103174603174603,2024-12-29 16:52:54.358144,2024-12-29 16:53:02.194649,0 days 00:00:07.836505,2,12,5.0,,,,,,,,,,,,,,,,,,,155,90.0,,,,,,,,,,,,,,,,,,,COMPLETE
876,876,0.4355188884064264,2024-12-29 16:53:02.195395,2024-12-29 16:53:27.911666,0 days 00:00:25.716271,13,12,5.0,4.0,6.0,13.0,,,,,,,,3.0,8.0,4.0,7.0,5.0,4.0,9.0,1.0,155,95.0,5.0,65.0,165.0,,,,,,,,135.0,75.0,195.0,140.0,200.0,40.0,40.0,85.0,COMPLETE
877,877,0.7185888738127544,2024-12-29 16:53:27.912566,2024-12-29 16:53:37.483328,0 days 00:00:09.570762,1,12,,,,,,,,,,,,,,,,,,,,145,,,,,,,,,,,,,,,,,,,,COMPLETE
878,878,0.8851224105461393,2024-12-29 16:53:37.483835,2024-12-29 16:53:46.924122,0 days 00:00:09.440287,3,12,5.0,,,,,,,,,,,2.0,,,,,,,,160,90.0,,,,,,,,,,,150.0,,,,,,,,COMPLETE
879,879,0.859212684527064,2024-12-29 16:53:46.924736,2024-12-29 16:53:57.239477,0 days 00:00:10.314741,2,13,5.0,,,,,,,,,,,,,,,,,,,150,140.0,,,,,,,,,,,,,,,,,,,COMPLETE
880,880,0.5379477838494231,2024-12-29 16:53:57.240365,2024-12-29 16:54:14.944947,0 days 00:00:17.704582,3,12,5.0,,,,,,,,,,,12.0,,,,,,,,155,95.0,,,,,,,,,,,185.0,,,,,,,,COMPLETE
881,881,0.8708333333333333,2024-12-29 16:54:14.945665,2024-12-29 16:54:22.644228,0 days 00:00:07.698563,2,12,4.0,,,,,,,,,,,,,,,,,,,145,100.0,,,,,,,,,,,,,,,,,,,COMPLETE
882,882,0.9032258064516129,2024-12-29 16:54:22.644714,2024-12-29 16:54:31.276482,0 days 00:00:08.631768,2,12,5.0,,,,,,,,,,,,,,,,,,,160,90.0,,,,,,,,,,,,,,,,,,,COMPLETE
883,883,0.7064676616915423,2024-12-29 16:54:31.276961,2024-12-29 16:54:41.299637,0 days 00:00:10.022676,1,12,,,,,,,,,,,,,,,,,,,,160,,,,,,,,,,,,,,,,,,,,COMPLETE
884,884,0.7064676616915423,2024-12-29 16:54:41.300194,2024-12-29 16:54:51.240744,0 days 00:00:09.940550,1,12,,,,,,,,,,,,,,,,,,,,155,,,,,,,,,,,,,,,,,,,,COMPLETE
885,885,0.847926267281106,2024-12-29 16:54:51.241428,2024-12-29 16:54:59.083532,0 days 00:00:07.842104,2,12,5.0,,,,,,,,,,,,,,,,,,,155,90.0,,,,,,,,,,,,,,,,,,,COMPLETE
886,886,0.8868318122555411,2024-12-29 16:54:59.084286,2024-12-29 16:55:07.954997,0 days 00:00:08.870711,2,12,5.0,,,,,,,,,,,,,,,,,,,165,90.0,,,,,,,,,,,,,,,,,,,COMPLETE
887,887,0.7064676616915423,2024-12-29 16:55:07.955692,2024-12-29 16:55:17.985271,0 days 00:00:10.029579,1,12,,,,,,,,,,,,,,,,,,,,160,,,,,,,,,,,,,,,,,,,,COMPLETE
888,888,0.861904761904762,2024-12-29 16:55:17.985806,2024-12-29 16:55:26.418726,0 days 00:00:08.432920,2,12,5.0,,,,,,,,,,,,,,,,,,,150,95.0,,,,,,,,,,,,,,,,,,,COMPLETE
889,889,0.8708333333333333,2024-12-29 16:55:26.419207,2024-12-29 16:55:35.058755,0 days 00:00:08.639548,2,12,5.0,,,,,,,,,,,,,,,,,,,155,95.0,,,,,,,,,,,,,,,,,,,COMPLETE
890,890,0.7019414820891441,2024-12-29 16:55:35.059242,2024-12-29 16:55:45.465569,0 days 00:00:10.406327,1,13,,,,,,,,,,,,,,,,,,,,160,,,,,,,,,,,,,,,,,,,,COMPLETE
891,891,0.8548009367681498,2024-12-29 16:55:45.466145,2024-12-29 16:55:53.714014,0 days 00:00:08.247869,2,12,5.0,,,,,,,,,,,,,,,,,,,150,90.0,,,,,,,,,,,,,,,,,,,COMPLETE
892,892,0.8938029661016949,2024-12-29 16:55:53.714499,2024-12-29 16:56:01.798571,0 days 00:00:08.084072,2,13,5.0,,,,,,,,,,,,,,,,,,,155,90.0,,,,,,,,,,,,,,,,,,,COMPLETE
893,893,0.8989139515455304,2024-12-29 16:56:01.799417,2024-12-29 16:56:10.490045,0 days 00:00:08.690628,2,13,5.0,,,,,,,,,,,,,,,,,,,160,85.0,,,,,,,,,,,,,,,,,,,COMPLETE
894,894,0.8529094827586207,2024-12-29 16:56:10.490698,2024-12-29 16:56:19.460557,0 days 00:00:08.969859,2,12,5.0,,,,,,,,,,,,,,,,,,,160,100.0,,,,,,,,,,,,,,,,,,,COMPLETE
895,895,0.8868318122555411,2024-12-29 16:56:19.461032,2024-12-29 16:56:27.458491,0 days 00:00:07.997459,2,13,4.0,,,,,,,,,,,,,,,,,,,160,85.0,,,,,,,,,,,,,,,,,,,COMPLETE
896,896,0.7064676616915423,2024-12-29 16:56:27.459063,2024-12-29 16:56:37.410770,0 days 00:00:09.951707,1,12,,,,,,,,,,,,,,,,,,,,155,,,,,,,,,,,,,,,,,,,,COMPLETE
897,897,0.9028213166144201,2024-12-29 16:56:37.411259,2024-12-29 16:56:46.760991,0 days 00:00:09.349732,2,14,5.0,,,,,,,,,,,,,,,,,,,165,90.0,,,,,,,,,,,,,,,,,,,COMPLETE
898,898,0.0,2024-12-29 16:56:46.761591,2024-12-29 16:59:14.505327,0 days 00:02:27.743736,17,13,4.0,9.0,10.0,7.0,14.0,9.0,13.0,6.0,,,,4.0,4.0,5.0,15.0,7.0,8.0,15.0,13.0,150,85.0,50.0,40.0,125.0,105.0,110.0,30.0,95.0,,,,190.0,125.0,160.0,115.0,30.0,110.0,135.0,35.0,COMPLETE
899,899,0.6869519000797236,2024-12-29 16:59:14.506761,2024-12-29 16:59:25.502175,0 days 00:00:10.995414,1,14,,,,,,,,,,,,,,,,,,,,160,,,,,,,,,,,,,,,,,,,,COMPLETE
900,900,0.8938029661016949,2024-12-29 16:59:25.502673,2024-12-29 16:59:32.942175,0 days 00:00:07.439502,2,12,5.0,,,,,,,,,,,,,,,,,,,140,95.0,,,,,,,,,,,,,,,,,,,COMPLETE
901,901,0.8781779661016949,2024-12-29 16:59:32.942676,2024-12-29 16:59:42.023549,0 days 00:00:09.080873,2,12,6.0,,,,,,,,,,,,,,,,,,,165,95.0,,,,,,,,,,,,,,,,,,,COMPLETE
902,902,0.37777777777777777,2024-12-29 16:59:42.024128,2024-12-29 17:00:56.020690,0 days 00:01:13.996562,8,11,5.0,,,,,,,,,,,5.0,7.0,14.0,3.0,11.0,7.0,,,150,160.0,,,,,,,,,,,195.0,85.0,95.0,190.0,50.0,200.0,,,COMPLETE
903,903,0.7211538461538461,2024-12-29 17:00:56.021985,2024-12-29 17:01:04.761557,0 days 00:00:08.739572,1,11,,,,,,,,,,,,,,,,,,,,130,,,,,,,,,,,,,,,,,,,,COMPLETE
904,904,0.8631227529532615,2024-12-29 17:01:04.762220,2024-12-29 17:01:09.932144,0 days 00:00:05.169924,2,13,4.0,,,,,,,,,,,,,,,,,,,60,180.0,,,,,,,,,,,,,,,,,,,COMPLETE
905,905,0.8387096774193549,2024-12-29 17:01:09.932620,2024-12-29 17:01:16.201278,0 days 00:00:06.268658,2,3,4.0,,,,,,,,,,,,,,,,,,,165,100.0,,,,,,,,,,,,,,,,,,,COMPLETE
906,906,0.7356004901960784,2024-12-29 17:01:16.201749,2024-12-29 17:01:31.161644,0 days 00:00:14.959895,3,12,5.0,,,,,,,,,,,5.0,,,,,,,,130,130.0,,,,,,,,,,,200.0,,,,,,,,COMPLETE
907,907,0.9193338537600833,2024-12-29 17:01:31.162238,2024-12-29 17:01:38.731853,0 days 00:00:07.569615,2,11,4.0,,,,,,,,,,,,,,,,,,,155,90.0,,,,,,,,,,,,,,,,,,,COMPLETE
908,908,0.7764010137989299,2024-12-29 17:01:38.732338,2024-12-29 17:01:48.288564,0 days 00:00:09.556226,1,11,,,,,,,,,,,,,,,,,,,,155,,,,,,,,,,,,,,,,,,,,COMPLETE
909,909,0.861228813559322,2024-12-29 17:01:48.289170,2024-12-29 17:01:58.195842,0 days 00:00:09.906672,3,11,4.0,,,,,,,,,,,4.0,,,,,,,,155,90.0,,,,,,,,,,,120.0,,,,,,,,COMPLETE
910,910,0.8455843469063987,2024-12-29 17:01:58.196720,2024-12-29 17:02:05.588568,0 days 00:00:07.391848,2,11,4.0,,,,,,,,,,,,,,,,,,,150,90.0,,,,,,,,,,,,,,,,,,,COMPLETE
911,911,0.4503157195081422,2024-12-29 17:02:05.589217,2024-12-29 17:02:26.800029,0 days 00:00:21.210812,3,11,6.0,,,,,,,,,,,15.0,,,,,,,,150,95.0,,,,,,,,,,,200.0,,,,,,,,COMPLETE
912,912,0.8851224105461393,2024-12-29 17:02:26.800641,2024-12-29 17:02:34.513105,0 days 00:00:07.712464,2,11,4.0,,,,,,,,,,,,,,,,,,,155,95.0,,,,,,,,,,,,,,,,,,,COMPLETE
913,913,0.8455843469063987,2024-12-29 17:02:34.513594,2024-12-29 17:02:42.766689,0 days 00:00:08.253095,2,11,5.0,,,,,,,,,,,,,,,,,,,155,90.0,,,,,,,,,,,,,,,,,,,COMPLETE
914,914,0.3187474909674829,2024-12-29 17:02:42.767294,2024-12-29 17:03:10.660966,0 days 00:00:27.893672,5,8,4.0,,,,,,,,,,,3.0,12.0,13.0,,,,,,160,90.0,,,,,,,,,,,190.0,95.0,120.0,,,,,,COMPLETE
915,915,0.8011396011396011,2024-12-29 17:03:10.662128,2024-12-29 17:03:20.254283,0 days 00:00:09.592155,1,11,,,,,,,,,,,,,,,,,,,,160,,,,,,,,,,,,,,,,,,,,COMPLETE
916,916,0.5119271814187069,2024-12-29 17:03:20.254791,2024-12-29 17:03:37.161329,0 days 00:00:16.906538,3,11,6.0,,,,,,,,,,,13.0,,,,,,,,150,85.0,,,,,,,,,,,180.0,,,,,,,,COMPLETE
917,917,0.8423645320197044,2024-12-29 17:03:37.161905,2024-12-29 17:03:45.266997,0 days 00:00:08.105092,2,11,5.0,,,,,,,,,,,,,,,,,,,145,95.0,,,,,,,,,,,,,,,,,,,COMPLETE
918,918,0.8781779661016949,2024-12-29 17:03:45.267605,2024-12-29 17:03:54.678009,0 days 00:00:09.410404,3,8,4.0,,,,,,,,,,,4.0,,,,,,,,160,100.0,,,,,,,,,,,140.0,,,,,,,,COMPLETE
919,919,0.6312709030100334,2024-12-29 17:03:54.678907,2024-12-29 17:03:59.989977,0 days 00:00:05.311070,1,11,,,,,,,,,,,,,,,,,,,,5,,,,,,,,,,,,,,,,,,,,COMPLETE
920,920,0.8604465709728868,2024-12-29 17:03:59.990605,2024-12-29 17:04:07.914827,0 days 00:00:07.924222,2,12,10.0,,,,,,,,,,,,,,,,,,,85,100.0,,,,,,,,,,,,,,,,,,,COMPLETE
921,921,0.3799171842650103,2024-12-29 17:04:07.915336,2024-12-29 17:04:21.466785,0 days 00:00:13.551449,4,11,4.0,,,,,,,,,,,5.0,5.0,,,,,,,145,85.0,,,,,,,,,,,195.0,35.0,,,,,,,COMPLETE
922,922,0.849624060150376,2024-12-29 17:04:21.467315,2024-12-29 17:04:30.108666,0 days 00:00:08.641351,2,11,5.0,,,,,,,,,,,,,,,,,,,165,90.0,,,,,,,,,,,,,,,,,,,COMPLETE
923,923,0.9106292966684294,2024-12-29 17:04:30.109142,2024-12-29 17:04:39.995650,0 days 00:00:09.886508,2,11,5.0,,,,,,,,,,,,,,,,,,,155,135.0,,,,,,,,,,,,,,,,,,,COMPLETE
924,924,0.8922908693275013,2024-12-29 17:04:39.996236,2024-12-29 17:04:53.042313,0 days 00:00:13.046077,3,11,5.0,,,,,,,,,,,3.0,,,,,,,,155,130.0,,,,,,,,,,,165.0,,,,,,,,COMPLETE
925,925,0.8385416666666667,2024-12-29 17:04:53.043315,2024-12-29 17:05:01.632243,0 days 00:00:08.588928,2,11,5.0,,,,,,,,,,,,,,,,,,,150,125.0,,,,,,,,,,,,,,,,,,,COMPLETE
926,926,0.8011396011396011,2024-12-29 17:05:01.632909,2024-12-29 17:05:11.188844,0 days 00:00:09.555935,1,11,,,,,,,,,,,,,,,,,,,,155,,,,,,,,,,,,,,,,,,,,COMPLETE
927,927,0.47628524046434495,2024-12-29 17:05:11.189403,2024-12-29 17:05:34.972328,0 days 00:00:23.782925,3,12,5.0,,,,,,,,,,,14.0,,,,,,,,155,125.0,,,,,,,,,,,185.0,,,,,,,,COMPLETE
928,928,0.873015873015873,2024-12-29 17:05:34.972922,2024-12-29 17:05:44.319646,0 days 00:00:09.346724,2,11,5.0,,,,,,,,,,,,,,,,,,,145,130.0,,,,,,,,,,,,,,,,,,,COMPLETE
929,929,0.5139826422372227,2024-12-29 17:05:44.320283,2024-12-29 17:05:57.252422,0 days 00:00:12.932139,3,11,6.0,,,,,,,,,,,6.0,,,,,,,,150,95.0,,,,,,,,,,,140.0,,,,,,,,COMPLETE
930,930,0.8692493946731235,2024-12-29 17:05:57.253537,2024-12-29 17:06:17.810959,0 days 00:00:20.557422,2,12,15.0,,,,,,,,,,,,,,,,,,,160,135.0,,,,,,,,,,,,,,,,,,,COMPLETE
931,931,0.3516295025728988,2024-12-29 17:06:17.811552,2024-12-29 17:06:43.497523,0 days 00:00:25.685971,4,11,5.0,,,,,,,,,,,12.0,10.0,,,,,,,155,135.0,,,,,,,,,,,175.0,25.0,,,,,,,COMPLETE
932,932,0.8708333333333333,2024-12-29 17:06:43.498201,2024-12-29 17:06:53.176789,0 days 00:00:09.678588,2,11,5.0,,,,,,,,,,,,,,,,,,,160,125.0,,,,,,,,,,,,,,,,,,,COMPLETE
933,933,0.7064676616915423,2024-12-29 17:06:53.177693,2024-12-29 17:07:03.412372,0 days 00:00:10.234679,1,12,,,,,,,,,,,,,,,,,,,,165,,,,,,,,,,,,,,,,,,,,COMPLETE
934,934,0.845603813559322,2024-12-29 17:07:03.413060,2024-12-29 17:07:12.805449,0 days 00:00:09.392389,2,11,5.0,,,,,,,,,,,,,,,,,,,160,135.0,,,,,,,,,,,,,,,,,,,COMPLETE
935,935,0.7235616438356165,2024-12-29 17:07:12.805956,2024-12-29 17:07:17.099570,0 days 00:00:04.293614,3,11,5.0,,,,,,,,,,,3.0,,,,,,,,80,5.0,,,,,,,,,,,155.0,,,,,,,,COMPLETE
936,936,0.6572473404255319,2024-12-29 17:07:17.100048,2024-12-29 17:07:26.965190,0 days 00:00:09.865142,3,12,6.0,,,,,,,,,,,4.0,,,,,,,,135,85.0,,,,,,,,,,,95.0,,,,,,,,COMPLETE
937,937,0.8708333333333333,2024-12-29 17:07:26.965700,2024-12-29 17:07:32.204532,0 days 00:00:05.238832,2,11,5.0,,,,,,,,,,,,,,,,,,,145,10.0,,,,,,,,,,,,,,,,,,,COMPLETE
938,938,0.7617163724893488,2024-12-29 17:07:32.205013,2024-12-29 17:07:41.205290,0 days 00:00:09.000277,1,11,,,,,,,,,,,,,,,,,,,,140,,,,,,,,,,,,,,,,,,,,COMPLETE
939,939,0.6632996632996633,2024-12-29 17:07:41.205881,2024-12-29 17:08:04.595658,0 days 00:00:23.389777,3,12,4.0,,,,,,,,,,,9.0,,,,,,,,165,200.0,,,,,,,,,,,160.0,,,,,,,,COMPLETE
940,940,0.8754789272030651,2024-12-29 17:08:04.596825,2024-12-29 17:08:16.013991,0 days 00:00:11.417166,2,11,6.0,,,,,,,,,,,,,,,,,,,155,170.0,,,,,,,,,,,,,,,,,,,COMPLETE
941,941,0.8685344827586207,2024-12-29 17:08:16.014495,2024-12-29 17:08:22.236181,0 days 00:00:06.221686,2,8,4.0,,,,,,,,,,,,,,,,,,,150,90.0,,,,,,,,,,,,,,,,,,,COMPLETE
942,942,0.8595628415300547,2024-12-29 17:08:22.236653,2024-12-29 17:08:30.332225,0 days 00:00:08.095572,2,11,4.0,,,,,,,,,,,,,,,,,,,140,130.0,,,,,,,,,,,,,,,,,,,COMPLETE
943,943,0.6791208791208792,2024-12-29 17:08:30.332706,2024-12-29 17:08:41.179879,0 days 00:00:10.847173,3,12,5.0,,,,,,,,,,,5.0,,,,,,,,125,95.0,,,,,,,,,,,180.0,,,,,,,,COMPLETE
944,944,0.861228813559322,2024-12-29 17:08:41.180514,2024-12-29 17:08:51.492240,0 days 00:00:10.311726,2,11,5.0,,,,,,,,,,,,,,,,,,,160,140.0,,,,,,,,,,,,,,,,,,,COMPLETE
945,945,0.8011396011396011,2024-12-29 17:08:51.493232,2024-12-29 17:09:00.485145,0 days 00:00:08.991913,1,11,,,,,,,,,,,,,,,,,,,,135,,,,,,,,,,,,,,,,,,,,COMPLETE
946,946,0.6511350059737157,2024-12-29 17:09:00.485794,2024-12-29 17:09:11.923693,0 days 00:00:11.437899,4,12,4.0,,,,,,,,,,,2.0,4.0,,,,,,,150,100.0,,,,,,,,,,,165.0,45.0,,,,,,,COMPLETE
947,947,0.7922077922077921,2024-12-29 17:09:11.924254,2024-12-29 17:09:23.806755,0 days 00:00:11.882501,3,11,5.0,,,,,,,,,,,4.0,,,,,,,,165,85.0,,,,,,,,,,,195.0,,,,,,,,COMPLETE
948,948,0.861228813559322,2024-12-29 17:09:23.807308,2024-12-29 17:09:30.057740,0 days 00:00:06.250432,2,11,4.0,,,,,,,,,,,,,,,,,,,75,190.0,,,,,,,,,,,,,,,,,,,COMPLETE
949,949,0.49307666328942923,2024-12-29 17:09:30.058205,2024-12-29 17:09:44.391599,0 days 00:00:14.333394,3,12,6.0,,,,,,,,,,,11.0,,,,,,,,155,90.0,,,,,,,,,,,125.0,,,,,,,,COMPLETE
950,950,0.0,2024-12-29 17:09:44.392263,2024-12-29 17:12:24.630532,0 days 00:02:40.238269,19,11,5.0,14.0,2.0,5.0,11.0,6.0,1.0,10.0,4.0,12.0,,3.0,11.0,7.0,13.0,14.0,10.0,5.0,3.0,125,95.0,150.0,10.0,65.0,180.0,35.0,165.0,165.0,135.0,130.0,,170.0,60.0,45.0,125.0,65.0,80.0,15.0,110.0,COMPLETE
951,951,0.7064676616915423,2024-12-29 17:12:24.632029,2024-12-29 17:12:34.170462,0 days 00:00:09.538433,1,12,,,,,,,,,,,,,,,,,,,,145,,,,,,,,,,,,,,,,,,,,COMPLETE
952,952,0.1111111111111111,2024-12-29 17:12:34.170982,2024-12-29 17:13:05.987849,0 days 00:00:31.816867,10,11,4.0,,,,,,,,,,,10.0,3.0,15.0,4.0,6.0,6.0,11.0,9.0,160,175.0,,,,,,,,,,,90.0,165.0,65.0,95.0,85.0,20.0,160.0,5.0,COMPLETE
953,953,0.3782051282051282,2024-12-29 17:13:05.989096,2024-12-29 17:13:53.259444,0 days 00:00:47.270348,7,15,4.0,,,,,,,,,,,2.0,6.0,9.0,11.0,10.0,,,,130,165.0,,,,,,,,,,,150.0,65.0,140.0,55.0,145.0,,,,COMPLETE
954,954,0.8781068217874141,2024-12-29 17:13:53.260578,2024-12-29 17:14:02.238257,0 days 00:00:08.977679,2,12,5.0,,,,,,,,,,,,,,,,,,,140,125.0,,,,,,,,,,,,,,,,,,,COMPLETE
