,number,value,datetime_start,datetime_complete,duration,params_depth,params_grids_0,params_grids_1,params_grids_10,params_grids_11,params_grids_12,params_grids_13,params_grids_14,params_grids_15,params_grids_16,params_grids_17,params_grids_18,params_grids_19,params_grids_2,params_grids_3,params_grids_4,params_grids_5,params_grids_6,params_grids_7,params_grids_8,params_grids_9,params_neurons_layer_0,params_neurons_layer_1,params_neurons_layer_10,params_neurons_layer_11,params_neurons_layer_12,params_neurons_layer_13,params_neurons_layer_14,params_neurons_layer_15,params_neurons_layer_16,params_neurons_layer_17,params_neurons_layer_18,params_neurons_layer_19,params_neurons_layer_2,params_neurons_layer_3,params_neurons_layer_4,params_neurons_layer_5,params_neurons_layer_6,params_neurons_layer_7,params_neurons_layer_8,params_neurons_layer_9,state
955,955,0.8529094827586207,2024-12-29 17:14:02.238967,2024-12-29 17:14:09.102385,0 days 00:00:06.863418,2,11,4.0,,,,,,,,,,,,,,,,,,,150,90.0,,,,,,,,,,,,,,,,,,,COMPLETE
956,956,0.4380952380952381,2024-12-29 17:14:09.102871,2024-12-29 17:14:22.008812,0 days 00:00:12.905941,4,8,5.0,,,,,,,,,,,6.0,9.0,,,,,,,70,100.0,,,,,,,,,,,185.0,30.0,,,,,,,COMPLETE
957,957,0.7946127946127945,2024-12-29 17:14:22.009376,2024-12-29 17:14:31.547655,0 days 00:00:09.538279,1,11,,,,,,,,,,,,,,,,,,,,155,,,,,,,,,,,,,,,,,,,,COMPLETE
958,958,0.8942358540454786,2024-12-29 17:14:31.548140,2024-12-29 17:14:42.140821,0 days 00:00:10.592681,3,12,4.0,,,,,,,,,,,3.0,,,,,,,,165,85.0,,,,,,,,,,,190.0,,,,,,,,COMPLETE
959,959,0.8455843469063987,2024-12-29 17:14:42.141504,2024-12-29 17:14:50.797153,0 days 00:00:08.655649,2,11,5.0,,,,,,,,,,,,,,,,,,,135,125.0,,,,,,,,,,,,,,,,,,,COMPLETE
960,960,0.5674019607843137,2024-12-29 17:14:50.798045,2024-12-29 17:15:02.981134,0 days 00:00:12.183089,3,11,9.0,,,,,,,,,,,4.0,,,,,,,,125,85.0,,,,,,,,,,,175.0,,,,,,,,COMPLETE
961,961,0.8851224105461393,2024-12-29 17:15:02.981919,2024-12-29 17:15:08.661419,0 days 00:00:05.679500,2,11,4.0,,,,,,,,,,,,,,,,,,,85,120.0,,,,,,,,,,,,,,,,,,,COMPLETE
962,962,0.0,2024-12-29 17:15:08.661907,2024-12-29 17:18:09.271523,0 days 00:03:00.609616,18,14,4.0,7.0,7.0,14.0,5.0,13.0,5.0,2.0,12.0,,,2.0,14.0,6.0,6.0,4.0,12.0,10.0,5.0,130,100.0,30.0,185.0,145.0,20.0,75.0,200.0,200.0,55.0,,,180.0,80.0,30.0,150.0,170.0,150.0,110.0,45.0,COMPLETE
963,963,0.38286924939467315,2024-12-29 17:18:09.273002,2024-12-29 17:18:46.792238,0 days 00:00:37.519236,5,11,5.0,,,,,,,,,,,11.0,15.0,5.0,,,,,,160,135.0,,,,,,,,,,,200.0,5.0,10.0,,,,,,COMPLETE
964,964,0.460596546310832,2024-12-29 17:18:46.793322,2024-12-29 17:19:04.972335,0 days 00:00:18.179013,3,12,4.0,,,,,,,,,,,15.0,,,,,,,,170,90.0,,,,,,,,,,,170.0,,,,,,,,COMPLETE
965,965,0.8353510895883778,2024-12-29 17:19:04.973116,2024-12-29 17:19:13.658474,0 days 00:00:08.685358,2,12,5.0,,,,,,,,,,,,,,,,,,,155,95.0,,,,,,,,,,,,,,,,,,,COMPLETE
966,966,0.7803655660377358,2024-12-29 17:19:13.658992,2024-12-29 17:19:22.663914,0 days 00:00:09.004922,1,11,,,,,,,,,,,,,,,,,,,,140,,,,,,,,,,,,,,,,,,,,COMPLETE
967,967,0.6775956284153005,2024-12-29 17:19:22.664402,2024-12-29 17:19:35.175583,0 days 00:00:12.511181,3,8,6.0,,,,,,,,,,,5.0,,,,,,,,135,130.0,,,,,,,,,,,135.0,,,,,,,,COMPLETE
968,968,0.8692493946731235,2024-12-29 17:19:35.176140,2024-12-29 17:19:41.297642,0 days 00:00:06.121502,2,11,6.0,,,,,,,,,,,,,,,,,,,165,20.0,,,,,,,,,,,,,,,,,,,COMPLETE
969,969,0.359748427672956,2024-12-29 17:19:41.298224,2024-12-29 17:21:28.556154,0 days 00:01:47.257930,14,12,4.0,1.0,1.0,3.0,6.0,,,,,,,3.0,2.0,8.0,9.0,1.0,13.0,1.0,7.0,130,85.0,165.0,200.0,170.0,65.0,,,,,,,165.0,185.0,165.0,135.0,100.0,165.0,200.0,20.0,COMPLETE
970,970,0.7827329902801601,2024-12-29 17:21:28.557567,2024-12-29 17:21:38.188863,0 days 00:00:09.631296,1,11,,,,,,,,,,,,,,,,,,,,160,,,,,,,,,,,,,,,,,,,,COMPLETE
971,971,0.845603813559322,2024-12-29 17:21:38.189404,2024-12-29 17:21:50.840511,0 days 00:00:12.651107,4,8,4.0,,,,,,,,,,,1.0,5.0,,,,,,,145,195.0,,,,,,,,,,,155.0,30.0,,,,,,,COMPLETE
972,972,0.8512931034482758,2024-12-29 17:21:50.841729,2024-12-29 17:21:56.875265,0 days 00:00:06.033536,2,11,4.0,,,,,,,,,,,,,,,,,,,120,95.0,,,,,,,,,,,,,,,,,,,COMPLETE
973,973,0.8225344782721832,2024-12-29 17:21:56.875798,2024-12-29 17:22:04.625692,0 days 00:00:07.749894,2,12,5.0,,,,,,,,,,,,,,,,,,,125,105.0,,,,,,,,,,,,,,,,,,,COMPLETE
974,974,0.8808080808080807,2024-12-29 17:22:04.626202,2024-12-29 17:22:12.604301,0 days 00:00:07.978099,3,12,5.0,,,,,,,,,,,4.0,,,,,,,,65,90.0,,,,,,,,,,,160.0,,,,,,,,COMPLETE
975,975,0.87042842215256,2024-12-29 17:22:12.604831,2024-12-29 17:22:20.692804,0 days 00:00:08.087973,2,11,3.0,,,,,,,,,,,,,,,,,,,170,120.0,,,,,,,,,,,,,,,,,,,COMPLETE
976,976,0.7882808181315644,2024-12-29 17:22:20.693294,2024-12-29 17:22:28.210510,0 days 00:00:07.517216,1,11,,,,,,,,,,,,,,,,,,,,90,,,,,,,,,,,,,,,,,,,,COMPLETE
977,977,0.7968253968253969,2024-12-29 17:22:28.211002,2024-12-29 17:22:33.363431,0 days 00:00:05.152429,3,14,3.0,,,,,,,,,,,2.0,,,,,,,,10,135.0,,,,,,,,,,,145.0,,,,,,,,COMPLETE
978,978,0.8681732580037664,2024-12-29 17:22:33.363943,2024-12-29 17:22:44.681573,0 days 00:00:11.317630,3,15,4.0,,,,,,,,,,,3.0,,,,,,,,150,95.0,,,,,,,,,,,185.0,,,,,,,,COMPLETE
979,979,0.8349567099567099,2024-12-29 17:22:44.682607,2024-12-29 17:22:51.812832,0 days 00:00:07.130225,3,11,3.0,,,,,,,,,,,1.0,,,,,,,,160,85.0,,,,,,,,,,,110.0,,,,,,,,COMPLETE
980,980,0.8708333333333333,2024-12-29 17:22:51.813525,2024-12-29 17:22:57.254893,0 days 00:00:05.441368,2,11,5.0,,,,,,,,,,,,,,,,,,,150,15.0,,,,,,,,,,,,,,,,,,,COMPLETE
981,981,0.38801054018445325,2024-12-29 17:22:57.255372,2024-12-29 17:23:18.443667,0 days 00:00:21.188295,4,12,6.0,,,,,,,,,,,2.0,6.0,,,,,,,165,185.0,,,,,,,,,,,175.0,105.0,,,,,,,COMPLETE
982,982,0.8618037135278515,2024-12-29 17:23:18.444278,2024-12-29 17:23:25.849350,0 days 00:00:07.405072,2,11,3.0,,,,,,,,,,,,,,,,,,,140,140.0,,,,,,,,,,,,,,,,,,,COMPLETE
983,983,0.7431561996779388,2024-12-29 17:23:25.849842,2024-12-29 17:23:34.437273,0 days 00:00:08.587431,1,10,,,,,,,,,,,,,,,,,,,,135,,,,,,,,,,,,,,,,,,,,COMPLETE
984,984,0.8214192196910186,2024-12-29 17:23:34.437771,2024-12-29 17:23:39.689828,0 days 00:00:05.252057,2,1,4.0,,,,,,,,,,,,,,,,,,,155,90.0,,,,,,,,,,,,,,,,,,,COMPLETE
985,985,0.8771883289124669,2024-12-29 17:23:39.690311,2024-12-29 17:23:44.985175,0 days 00:00:05.294864,3,11,5.0,,,,,,,,,,,1.0,,,,,,,,60,100.0,,,,,,,,,,,130.0,,,,,,,,COMPLETE
986,986,0.8385416666666667,2024-12-29 17:23:44.985815,2024-12-29 17:23:51.377579,0 days 00:00:06.391764,2,11,4.0,,,,,,,,,,,,,,,,,,,125,80.0,,,,,,,,,,,,,,,,,,,COMPLETE
987,987,0.5541735765616362,2024-12-29 17:23:51.378456,2024-12-29 17:24:07.110354,0 days 00:00:15.731898,3,12,3.0,,,,,,,,,,,13.0,,,,,,,,170,80.0,,,,,,,,,,,190.0,,,,,,,,COMPLETE
988,988,0.8868318122555411,2024-12-29 17:24:07.111168,2024-12-29 17:24:13.857507,0 days 00:00:06.746339,2,13,3.0,,,,,,,,,,,,,,,,,,,135,90.0,,,,,,,,,,,,,,,,,,,COMPLETE
989,989,0.7489106753812635,2024-12-29 17:24:13.858000,2024-12-29 17:24:22.666501,0 days 00:00:08.808501,1,10,,,,,,,,,,,,,,,,,,,,145,,,,,,,,,,,,,,,,,,,,COMPLETE
990,990,0.8781068217874141,2024-12-29 17:24:22.667012,2024-12-29 17:24:30.429517,0 days 00:00:07.762505,2,11,5.0,,,,,,,,,,,,,,,,,,,130,105.0,,,,,,,,,,,,,,,,,,,COMPLETE
991,991,0.3501611170784103,2024-12-29 17:24:30.430009,2024-12-29 17:25:24.524379,0 days 00:00:54.094370,9,9,4.0,,,,,,,,,,,4.0,8.0,10.0,10.0,3.0,2.0,13.0,,140,125.0,,,,,,,,,,,170.0,110.0,15.0,200.0,115.0,180.0,55.0,,COMPLETE
992,992,0.9191655801825294,2024-12-29 17:25:24.525714,2024-12-29 17:25:32.724936,0 days 00:00:08.199222,2,12,3.0,,,,,,,,,,,,,,,,,,,155,170.0,,,,,,,,,,,,,,,,,,,COMPLETE
993,993,0.696969696969697,2024-12-29 17:25:32.725456,2024-12-29 17:25:42.930951,0 days 00:00:10.205495,1,12,,,,,,,,,,,,,,,,,,,,165,,,,,,,,,,,,,,,,,,,,COMPLETE
994,994,0.7185888738127544,2024-12-29 17:25:42.931559,2024-12-29 17:25:52.884682,0 days 00:00:09.953123,1,12,,,,,,,,,,,,,,,,,,,,155,,,,,,,,,,,,,,,,,,,,COMPLETE
995,995,0.861904761904762,2024-12-29 17:25:52.885758,2024-12-29 17:26:00.388018,0 days 00:00:07.502260,2,12,3.0,,,,,,,,,,,,,,,,,,,120,180.0,,,,,,,,,,,,,,,,,,,COMPLETE
996,996,0.8708333333333333,2024-12-29 17:26:00.388534,2024-12-29 17:26:08.187239,0 days 00:00:07.798705,2,12,3.0,,,,,,,,,,,,,,,,,,,145,170.0,,,,,,,,,,,,,,,,,,,COMPLETE
997,997,0.8618037135278515,2024-12-29 17:26:08.187749,2024-12-29 17:26:16.908294,0 days 00:00:08.720545,2,12,3.0,,,,,,,,,,,,,,,,,,,160,160.0,,,,,,,,,,,,,,,,,,,COMPLETE
998,998,0.7146226415094339,2024-12-29 17:26:16.908804,2024-12-29 17:26:25.957075,0 days 00:00:09.048271,1,12,,,,,,,,,,,,,,,,,,,,130,,,,,,,,,,,,,,,,,,,,COMPLETE
999,999,0.8870673952641166,2024-12-29 17:26:25.957565,2024-12-29 17:26:34.674519,0 days 00:00:08.716954,2,12,3.0,,,,,,,,,,,,,,,,,,,150,175.0,,,,,,,,,,,,,,,,,,,COMPLETE
