,number,value,datetime_start,datetime_complete,duration,params_depth,params_grids_0,params_grids_1,params_grids_10,params_grids_11,params_grids_12,params_grids_13,params_grids_14,params_grids_15,params_grids_16,params_grids_17,params_grids_18,params_grids_19,params_grids_2,params_grids_3,params_grids_4,params_grids_5,params_grids_6,params_grids_7,params_grids_8,params_grids_9,params_neurons_layer_0,params_neurons_layer_1,params_neurons_layer_10,params_neurons_layer_11,params_neurons_layer_12,params_neurons_layer_13,params_neurons_layer_14,params_neurons_layer_15,params_neurons_layer_16,params_neurons_layer_17,params_neurons_layer_18,params_neurons_layer_19,params_neurons_layer_2,params_neurons_layer_3,params_neurons_layer_4,params_neurons_layer_5,params_neurons_layer_6,params_neurons_layer_7,params_neurons_layer_8,params_neurons_layer_9,state
472,472,0.8342780026990553,2024-12-29 15:32:21.553258,2024-12-29 15:32:25.686416,0 days 00:00:04.133158,3,11,4.0,,,,,,,,,,,3.0,,,,,,,,15,70.0,,,,,,,,,,,115.0,,,,,,,,COMPLETE
473,473,0.5166666666666666,2024-12-29 15:32:25.686846,2024-12-29 15:32:35.692905,0 days 00:00:10.006059,4,10,5.0,,,,,,,,,,,2.0,10.0,,,,,,,5,90.0,,,,,,,,,,,100.0,145.0,,,,,,,COMPLETE
474,474,0.7669172932330827,2024-12-29 15:32:35.693352,2024-12-29 15:32:39.536736,0 days 00:00:03.843384,3,11,4.0,,,,,,,,,,,1.0,,,,,,,,10,155.0,,,,,,,,,,,110.0,,,,,,,,COMPLETE
475,475,0.8868318122555411,2024-12-29 15:32:39.537136,2024-12-29 15:32:48.403552,0 days 00:00:08.866416,3,13,1.0,,,,,,,,,,,3.0,,,,,,,,125,165.0,,,,,,,,,,,120.0,,,,,,,,COMPLETE
476,476,0.8582375478927202,2024-12-29 15:32:48.404273,2024-12-29 15:32:54.772965,0 days 00:00:06.368692,3,10,2.0,,,,,,,,,,,2.0,,,,,,,,130,85.0,,,,,,,,,,,85.0,,,,,,,,COMPLETE
477,477,0.776775956284153,2024-12-29 15:32:54.773368,2024-12-29 15:32:58.172830,0 days 00:00:03.399462,2,12,11.0,,,,,,,,,,,,,,,,,,,15,105.0,,,,,,,,,,,,,,,,,,,COMPLETE
478,478,0.8452950558213717,2024-12-29 15:32:58.173204,2024-12-29 15:33:01.258776,0 days 00:00:03.085572,2,9,4.0,,,,,,,,,,,,,,,,,,,10,95.0,,,,,,,,,,,,,,,,,,,COMPLETE
479,479,0.8771883289124669,2024-12-29 15:33:01.259338,2024-12-29 15:33:06.898135,0 days 00:00:05.638797,4,12,1.0,,,,,,,,,,,1.0,3.0,,,,,,,50,65.0,,,,,,,,,,,130.0,65.0,,,,,,,COMPLETE
480,480,0.43167701863354035,2024-12-29 15:33:06.898555,2024-12-29 15:33:21.249573,0 days 00:00:14.351018,5,11,5.0,,,,,,,,,,,3.0,5.0,6.0,,,,,,15,75.0,,,,,,,,,,,175.0,100.0,160.0,,,,,,COMPLETE
481,481,0.8385416666666667,2024-12-29 15:33:21.250096,2024-12-29 15:33:25.096079,0 days 00:00:03.845983,2,11,2.0,,,,,,,,,,,,,,,,,,,60,80.0,,,,,,,,,,,,,,,,,,,COMPLETE
482,482,0.8544980443285528,2024-12-29 15:33:25.096477,2024-12-29 15:33:32.145670,0 days 00:00:07.049193,3,13,3.0,,,,,,,,,,,2.0,,,,,,,,55,190.0,,,,,,,,,,,100.0,,,,,,,,COMPLETE
483,483,0.8618037135278515,2024-12-29 15:33:32.146100,2024-12-29 15:33:35.135387,0 days 00:00:02.989287,2,11,4.0,,,,,,,,,,,,,,,,,,,20,125.0,,,,,,,,,,,,,,,,,,,COMPLETE
484,484,0.7870619946091644,2024-12-29 15:33:35.135763,2024-12-29 15:33:42.359170,0 days 00:00:07.223407,1,11,,,,,,,,,,,,,,,,,,,,80,,,,,,,,,,,,,,,,,,,,COMPLETE
485,485,0.8771883289124669,2024-12-29 15:33:42.359681,2024-12-29 15:33:58.966992,0 days 00:00:16.607311,3,12,2.0,,,,,,,,,,,8.0,,,,,,,,200,145.0,,,,,,,,,,,140.0,,,,,,,,COMPLETE
486,486,0.8013495276653171,2024-12-29 15:33:58.967649,2024-12-29 15:34:02.761332,0 days 00:00:03.793683,2,13,3.0,,,,,,,,,,,,,,,,,,,45,85.0,,,,,,,,,,,,,,,,,,,COMPLETE
487,487,0.8544980443285528,2024-12-29 15:34:02.761922,2024-12-29 15:34:09.438110,0 days 00:00:06.676188,3,10,1.0,,,,,,,,,,,1.0,,,,,,,,180,100.0,,,,,,,,,,,90.0,,,,,,,,COMPLETE
488,488,0.2980769230769231,2024-12-29 15:34:09.438518,2024-12-29 15:34:18.675836,0 days 00:00:09.237318,12,11,3.0,7.0,9.0,,,,,,,,,2.0,8.0,3.0,6.0,15.0,7.0,4.0,3.0,120,80.0,100.0,50.0,,,,,,,,,165.0,40.0,30.0,100.0,10.0,5.0,15.0,125.0,COMPLETE
489,489,0.2857142857142857,2024-12-29 15:34:18.676442,2024-12-29 15:34:49.095022,0 days 00:00:30.418580,6,12,4.0,,,,,,,,,,,3.0,10.0,9.0,13.0,,,,,110,90.0,,,,,,,,,,,115.0,80.0,55.0,70.0,,,,,COMPLETE
490,490,0.8781068217874141,2024-12-29 15:34:49.095621,2024-12-29 15:34:54.253254,0 days 00:00:05.157633,2,14,3.0,,,,,,,,,,,,,,,,,,,100,20.0,,,,,,,,,,,,,,,,,,,COMPLETE
491,491,0.7738751814223512,2024-12-29 15:34:54.253851,2024-12-29 15:35:00.591120,0 days 00:00:06.337269,1,11,,,,,,,,,,,,,,,,,,,,50,,,,,,,,,,,,,,,,,,,,COMPLETE
492,492,0.27879677182685253,2024-12-29 15:35:00.591510,2024-12-29 15:35:14.535990,0 days 00:00:13.944480,4,15,8.0,,,,,,,,,,,13.0,4.0,,,,,,,40,75.0,,,,,,,,,,,150.0,30.0,,,,,,,COMPLETE
493,493,0.3226544622425629,2024-12-29 15:35:14.536695,2024-12-29 15:35:56.124106,0 days 00:00:41.587411,8,13,2.0,,,,,,,,,,,2.0,7.0,7.0,3.0,8.0,15.0,,,115,75.0,,,,,,,,,,,95.0,10.0,80.0,150.0,135.0,70.0,,,COMPLETE
494,494,0.8544980443285528,2024-12-29 15:35:56.124935,2024-12-29 15:36:01.383929,0 days 00:00:05.258994,3,10,1.0,,,,,,,,,,,1.0,,,,,,,,125,30.0,,,,,,,,,,,160.0,,,,,,,,COMPLETE
495,495,0.8126984126984127,2024-12-29 15:36:01.384545,2024-12-29 15:36:06.825950,0 days 00:00:05.441405,3,11,3.0,,,,,,,,,,,3.0,,,,,,,,25,145.0,,,,,,,,,,,105.0,,,,,,,,COMPLETE
496,496,0.8385416666666667,2024-12-29 15:36:06.826356,2024-12-29 15:36:14.082651,0 days 00:00:07.256295,2,14,5.0,,,,,,,,,,,,,,,,,,,145,70.0,,,,,,,,,,,,,,,,,,,COMPLETE
497,497,0.8708333333333333,2024-12-29 15:36:14.083093,2024-12-29 15:36:19.517406,0 days 00:00:05.434313,2,12,1.0,,,,,,,,,,,,,,,,,,,135,95.0,,,,,,,,,,,,,,,,,,,COMPLETE
498,498,0.7818181818181819,2024-12-29 15:36:19.517796,2024-12-29 15:36:27.919188,0 days 00:00:08.401392,1,11,,,,,,,,,,,,,,,,,,,,120,,,,,,,,,,,,,,,,,,,,COMPLETE
499,499,0.80625,2024-12-29 15:36:27.919597,2024-12-29 15:36:33.999834,0 days 00:00:06.080237,3,2,4.0,,,,,,,,,,,3.0,,,,,,,,45,115.0,,,,,,,,,,,135.0,,,,,,,,COMPLETE
500,500,0.5992063492063493,2024-12-29 15:36:34.000256,2024-12-29 15:36:47.726427,0 days 00:00:13.726171,4,13,2.0,,,,,,,,,,,2.0,11.0,,,,,,,20,80.0,,,,,,,,,,,155.0,115.0,,,,,,,COMPLETE
501,501,0.87042842215256,2024-12-29 15:36:47.726979,2024-12-29 15:36:52.666083,0 days 00:00:04.939104,2,10,3.0,,,,,,,,,,,,,,,,,,,95,85.0,,,,,,,,,,,,,,,,,,,COMPLETE
502,502,0.8214192196910186,2024-12-29 15:36:52.666682,2024-12-29 15:36:56.809771,0 days 00:00:04.143089,2,12,3.0,,,,,,,,,,,,,,,,,,,45,150.0,,,,,,,,,,,,,,,,,,,COMPLETE
503,503,0.8356681034482758,2024-12-29 15:36:56.810183,2024-12-29 15:37:00.443650,0 days 00:00:03.633467,3,13,6.0,,,,,,,,,,,1.0,,,,,,,,15,65.0,,,,,,,,,,,175.0,,,,,,,,COMPLETE
504,504,0.7170491803278689,2024-12-29 15:37:00.444057,2024-12-29 15:37:07.791399,0 days 00:00:07.347342,1,9,,,,,,,,,,,,,,,,,,,,105,,,,,,,,,,,,,,,,,,,,COMPLETE
505,505,0.8688172043010753,2024-12-29 15:37:07.792003,2024-12-29 15:37:11.300145,0 days 00:00:03.508142,2,11,3.0,,,,,,,,,,,,,,,,,,,40,80.0,,,,,,,,,,,,,,,,,,,COMPLETE
506,506,0.8637295081967213,2024-12-29 15:37:11.300548,2024-12-29 15:37:27.259552,0 days 00:00:15.959004,4,12,1.0,,,,,,,,,,,12.0,1.0,,,,,,,60,155.0,,,,,,,,,,,125.0,25.0,,,,,,,COMPLETE
507,507,0.638095238095238,2024-12-29 15:37:27.260070,2024-12-29 15:37:40.869847,0 days 00:00:13.609777,3,11,7.0,,,,,,,,,,,4.0,,,,,,,,115,130.0,,,,,,,,,,,170.0,,,,,,,,COMPLETE
508,508,0.8618037135278515,2024-12-29 15:37:40.870314,2024-12-29 15:37:44.781182,0 days 00:00:03.910868,2,13,2.0,,,,,,,,,,,,,,,,,,,65,5.0,,,,,,,,,,,,,,,,,,,COMPLETE
509,509,0.8759562841530055,2024-12-29 15:37:44.781674,2024-12-29 15:37:54.273326,0 days 00:00:09.491652,3,12,3.0,,,,,,,,,,,3.0,,,,,,,,155,85.0,,,,,,,,,,,180.0,,,,,,,,COMPLETE
510,510,0.6871794871794872,2024-12-29 15:37:54.273990,2024-12-29 15:38:02.357716,0 days 00:00:08.083726,5,11,4.0,,,,,,,,,,,2.0,8.0,1.0,,,,,,140,50.0,,,,,,,,,,,185.0,5.0,120.0,,,,,,COMPLETE
511,511,0.903125,2024-12-29 15:38:02.358378,2024-12-29 15:38:08.430591,0 days 00:00:06.072213,3,10,3.0,,,,,,,,,,,1.0,,,,,,,,110,75.0,,,,,,,,,,,160.0,,,,,,,,COMPLETE
512,512,0.8430836522689995,2024-12-29 15:38:08.431016,2024-12-29 15:38:17.138880,0 days 00:00:08.707864,4,10,3.0,,,,,,,,,,,1.0,6.0,,,,,,,110,35.0,,,,,,,,,,,160.0,70.0,,,,,,,COMPLETE
513,513,0.845603813559322,2024-12-29 15:38:17.139351,2024-12-29 15:38:24.137748,0 days 00:00:06.998397,3,10,3.0,,,,,,,,,,,1.0,,,,,,,,105,140.0,,,,,,,,,,,170.0,,,,,,,,COMPLETE
514,514,0.8685344827586207,2024-12-29 15:38:24.138175,2024-12-29 15:38:31.822909,0 days 00:00:07.684734,3,10,3.0,,,,,,,,,,,1.0,,,,,,,,110,175.0,,,,,,,,,,,155.0,,,,,,,,COMPLETE
515,515,0.8548009367681498,2024-12-29 15:38:31.823352,2024-12-29 15:38:41.092416,0 days 00:00:09.269064,3,10,4.0,,,,,,,,,,,2.0,,,,,,,,110,160.0,,,,,,,,,,,165.0,,,,,,,,COMPLETE
516,516,0.7889499869075673,2024-12-29 15:38:41.092933,2024-12-29 15:38:44.501597,0 days 00:00:03.408664,3,10,3.0,,,,,,,,,,,1.0,,,,,,,,5,10.0,,,,,,,,,,,150.0,,,,,,,,COMPLETE
517,517,0.75,2024-12-29 15:38:44.502095,2024-12-29 15:38:56.204676,0 days 00:00:11.702581,4,10,3.0,,,,,,,,,,,2.0,5.0,,,,,,,185,110.0,,,,,,,,,,,160.0,35.0,,,,,,,COMPLETE
518,518,0.8944444444444444,2024-12-29 15:38:56.205525,2024-12-29 15:39:02.276042,0 days 00:00:06.070517,3,9,4.0,,,,,,,,,,,1.0,,,,,,,,115,60.0,,,,,,,,,,,175.0,,,,,,,,COMPLETE
519,519,0.6496201052016364,2024-12-29 15:39:02.276468,2024-12-29 15:39:09.028213,0 days 00:00:06.751745,4,9,4.0,,,,,,,,,,,1.0,9.0,,,,,,,115,40.0,,,,,,,,,,,175.0,10.0,,,,,,,COMPLETE
520,520,0.861228813559322,2024-12-29 15:39:09.028681,2024-12-29 15:39:14.266336,0 days 00:00:05.237655,3,9,4.0,,,,,,,,,,,1.0,,,,,,,,120,25.0,,,,,,,,,,,170.0,,,,,,,,COMPLETE
521,521,0.6830357142857143,2024-12-29 15:39:14.266766,2024-12-29 15:39:25.535227,0 days 00:00:11.268461,4,9,4.0,,,,,,,,,,,1.0,7.0,,,,,,,115,60.0,,,,,,,,,,,180.0,95.0,,,,,,,COMPLETE
522,522,0.8672064777327935,2024-12-29 15:39:25.535720,2024-12-29 15:39:35.146817,0 days 00:00:09.611097,3,10,4.0,,,,,,,,,,,1.0,,,,,,,,105,195.0,,,,,,,,,,,165.0,,,,,,,,COMPLETE
523,523,0.861904761904762,2024-12-29 15:39:35.147265,2024-12-29 15:39:44.574186,0 days 00:00:09.426921,3,8,5.0,,,,,,,,,,,2.0,,,,,,,,120,120.0,,,,,,,,,,,175.0,,,,,,,,COMPLETE
524,524,0.8262295081967213,2024-12-29 15:39:44.574941,2024-12-29 15:39:52.200249,0 days 00:00:07.625308,4,9,4.0,,,,,,,,,,,1.0,4.0,,,,,,,110,45.0,,,,,,,,,,,180.0,50.0,,,,,,,COMPLETE
525,525,0.9020715630885122,2024-12-29 15:39:52.200888,2024-12-29 15:39:58.561247,0 days 00:00:06.360359,3,8,5.0,,,,,,,,,,,2.0,,,,,,,,115,65.0,,,,,,,,,,,165.0,,,,,,,,COMPLETE
526,526,0.461703431372549,2024-12-29 15:39:58.561672,2024-12-29 15:40:17.797938,0 days 00:00:19.236266,4,8,5.0,,,,,,,,,,,2.0,12.0,,,,,,,115,65.0,,,,,,,,,,,165.0,140.0,,,,,,,COMPLETE
527,527,0.8356681034482758,2024-12-29 15:40:17.798477,2024-12-29 15:40:23.548073,0 days 00:00:05.749596,3,7,5.0,,,,,,,,,,,2.0,,,,,,,,110,55.0,,,,,,,,,,,170.0,,,,,,,,COMPLETE
528,528,0.8544980443285528,2024-12-29 15:40:23.548486,2024-12-29 15:40:31.880483,0 days 00:00:08.331997,4,8,5.0,,,,,,,,,,,1.0,2.0,,,,,,,115,60.0,,,,,,,,,,,165.0,120.0,,,,,,,COMPLETE
529,529,0.8754789272030651,2024-12-29 15:40:31.880954,2024-12-29 15:40:38.436362,0 days 00:00:06.555408,3,8,4.0,,,,,,,,,,,2.0,,,,,,,,120,65.0,,,,,,,,,,,160.0,,,,,,,,COMPLETE
530,530,0.8412698412698412,2024-12-29 15:40:38.437012,2024-12-29 15:40:46.267319,0 days 00:00:07.830307,3,8,6.0,,,,,,,,,,,3.0,,,,,,,,125,60.0,,,,,,,,,,,175.0,,,,,,,,COMPLETE
531,531,0.8944444444444444,2024-12-29 15:40:46.268031,2024-12-29 15:40:53.026967,0 days 00:00:06.758936,3,9,6.0,,,,,,,,,,,1.0,,,,,,,,115,60.0,,,,,,,,,,,185.0,,,,,,,,COMPLETE
532,532,0.8708333333333333,2024-12-29 15:40:53.027425,2024-12-29 15:40:58.770983,0 days 00:00:05.743558,3,9,4.0,,,,,,,,,,,1.0,,,,,,,,105,55.0,,,,,,,,,,,190.0,,,,,,,,COMPLETE
533,533,0.3728590250329381,2024-12-29 15:40:58.771400,2024-12-29 15:41:14.125993,0 days 00:00:15.354593,5,9,6.0,,,,,,,,,,,1.0,15.0,2.0,,,,,,115,65.0,,,,,,,,,,,190.0,55.0,145.0,,,,,,COMPLETE
534,534,0.8387096774193549,2024-12-29 15:41:14.126510,2024-12-29 15:41:20.694981,0 days 00:00:06.568471,3,8,6.0,,,,,,,,,,,1.0,,,,,,,,115,60.0,,,,,,,,,,,185.0,,,,,,,,COMPLETE
535,535,0.8868318122555411,2024-12-29 15:41:20.695422,2024-12-29 15:41:26.792062,0 days 00:00:06.096640,3,7,6.0,,,,,,,,,,,1.0,,,,,,,,110,55.0,,,,,,,,,,,180.0,,,,,,,,COMPLETE
536,536,0.3375494071146245,2024-12-29 15:41:26.792495,2024-12-29 15:41:36.235803,0 days 00:00:09.443308,4,9,7.0,,,,,,,,,,,2.0,13.0,,,,,,,90,65.0,,,,,,,,,,,185.0,20.0,,,,,,,COMPLETE
537,537,0.8170995670995671,2024-12-29 15:41:36.236447,2024-12-29 15:41:46.135769,0 days 00:00:09.899322,4,7,7.0,,,,,,,,,,,1.0,3.0,,,,,,,120,70.0,,,,,,,,,,,175.0,90.0,,,,,,,COMPLETE
538,538,0.8688524590163934,2024-12-29 15:41:46.136535,2024-12-29 15:41:55.019318,0 days 00:00:08.882783,3,10,5.0,,,,,,,,,,,2.0,,,,,,,,195,50.0,,,,,,,,,,,195.0,,,,,,,,COMPLETE
539,539,0.8685344827586207,2024-12-29 15:41:55.019769,2024-12-29 15:42:01.280370,0 days 00:00:06.260601,3,9,5.0,,,,,,,,,,,1.0,,,,,,,,100,70.0,,,,,,,,,,,170.0,,,,,,,,COMPLETE
540,540,0.8092501368363437,2024-12-29 15:42:01.280796,2024-12-29 15:42:08.406457,0 days 00:00:07.125661,3,9,7.0,,,,,,,,,,,2.0,,,,,,,,110,65.0,,,,,,,,,,,185.0,,,,,,,,COMPLETE
541,541,0.8548009367681498,2024-12-29 15:42:08.406900,2024-12-29 15:42:14.637967,0 days 00:00:06.231067,2,9,6.0,,,,,,,,,,,,,,,,,,,115,70.0,,,,,,,,,,,,,,,,,,,COMPLETE
542,542,0.8261344997266267,2024-12-29 15:42:14.638378,2024-12-29 15:42:19.024636,0 days 00:00:04.386258,3,10,5.0,,,,,,,,,,,1.0,,,,,,,,85,20.0,,,,,,,,,,,180.0,,,,,,,,COMPLETE
543,543,0.903125,2024-12-29 15:42:19.025042,2024-12-29 15:42:24.760390,0 days 00:00:05.735348,2,10,6.0,,,,,,,,,,,,,,,,,,,105,60.0,,,,,,,,,,,,,,,,,,,COMPLETE
544,544,0.8708333333333333,2024-12-29 15:42:24.760933,2024-12-29 15:42:29.721759,0 days 00:00:04.960826,2,10,4.0,,,,,,,,,,,,,,,,,,,100,60.0,,,,,,,,,,,,,,,,,,,COMPLETE
545,545,0.8538884524744697,2024-12-29 15:42:29.722156,2024-12-29 15:42:34.294359,0 days 00:00:04.572203,2,10,4.0,,,,,,,,,,,,,,,,,,,95,65.0,,,,,,,,,,,,,,,,,,,COMPLETE
546,546,0.8754789272030651,2024-12-29 15:42:34.295039,2024-12-29 15:42:39.953621,0 days 00:00:05.658582,2,10,5.0,,,,,,,,,,,,,,,,,,,105,70.0,,,,,,,,,,,,,,,,,,,COMPLETE
547,547,0.8685344827586207,2024-12-29 15:42:39.954018,2024-12-29 15:42:47.500754,0 days 00:00:07.546736,2,10,5.0,,,,,,,,,,,,,,,,,,,105,145.0,,,,,,,,,,,,,,,,,,,COMPLETE
548,548,0.8781068217874141,2024-12-29 15:42:47.501259,2024-12-29 15:42:54.872582,0 days 00:00:07.371323,2,10,4.0,,,,,,,,,,,,,,,,,,,110,165.0,,,,,,,,,,,,,,,,,,,COMPLETE
549,549,0.7857142857142858,2024-12-29 15:42:54.873046,2024-12-29 15:43:02.460663,0 days 00:00:07.587617,1,10,,,,,,,,,,,,,,,,,,,,100,,,,,,,,,,,,,,,,,,,,COMPLETE
550,550,0.8548009367681498,2024-12-29 15:43:02.461078,2024-12-29 15:43:13.338541,0 days 00:00:10.877463,2,10,8.0,,,,,,,,,,,,,,,,,,,105,200.0,,,,,,,,,,,,,,,,,,,COMPLETE
551,551,0.3042328042328042,2024-12-29 15:43:13.338987,2024-12-29 15:44:03.145770,0 days 00:00:49.806783,10,10,3.0,,,,,,,,,,,2.0,10.0,15.0,1.0,12.0,2.0,14.0,11.0,120,185.0,,,,,,,,,,,160.0,40.0,20.0,85.0,185.0,155.0,120.0,45.0,COMPLETE
552,552,0.8410087719298245,2024-12-29 15:44:03.146821,2024-12-29 15:44:05.875762,0 days 00:00:02.728941,2,10,6.0,,,,,,,,,,,,,,,,,,,10,55.0,,,,,,,,,,,,,,,,,,,COMPLETE
553,553,0.7892597968069666,2024-12-29 15:44:05.876150,2024-12-29 15:44:13.588293,0 days 00:00:07.712143,1,11,,,,,,,,,,,,,,,,,,,,95,,,,,,,,,,,,,,,,,,,,COMPLETE
554,554,0.8638392857142857,2024-12-29 15:44:13.588727,2024-12-29 15:44:19.863277,0 days 00:00:06.274550,2,10,4.0,,,,,,,,,,,,,,,,,,,110,135.0,,,,,,,,,,,,,,,,,,,COMPLETE
555,555,0.8277511961722488,2024-12-29 15:44:19.863697,2024-12-29 15:44:24.032159,0 days 00:00:04.168462,3,6,3.0,,,,,,,,,,,3.0,,,,,,,,20,70.0,,,,,,,,,,,95.0,,,,,,,,COMPLETE
556,556,0.861228813559322,2024-12-29 15:44:24.032583,2024-12-29 15:44:27.155611,0 days 00:00:03.123028,2,11,5.0,,,,,,,,,,,,,,,,,,,25,15.0,,,,,,,,,,,,,,,,,,,COMPLETE
557,557,0.3919732441471572,2024-12-29 15:44:27.156037,2024-12-29 15:44:40.593416,0 days 00:00:13.437379,4,11,12.0,,,,,,,,,,,2.0,6.0,,,,,,,105,75.0,,,,,,,,,,,110.0,130.0,,,,,,,COMPLETE
558,558,0.5871533672891907,2024-12-29 15:44:40.594309,2024-12-29 15:44:48.701577,0 days 00:00:08.107268,3,10,15.0,,,,,,,,,,,3.0,,,,,,,,15,160.0,,,,,,,,,,,155.0,,,,,,,,COMPLETE
559,559,0.7827329902801601,2024-12-29 15:44:48.702129,2024-12-29 15:44:57.116726,0 days 00:00:08.414597,1,11,,,,,,,,,,,,,,,,,,,,120,,,,,,,,,,,,,,,,,,,,COMPLETE
560,560,0.8021080368906456,2024-12-29 15:44:57.117132,2024-12-29 15:45:00.378814,0 days 00:00:03.261682,2,10,4.0,,,,,,,,,,,,,,,,,,,25,105.0,,,,,,,,,,,,,,,,,,,COMPLETE
561,561,0.9028213166144201,2024-12-29 15:45:00.379194,2024-12-29 15:45:08.882782,0 days 00:00:08.503588,3,11,3.0,,,,,,,,,,,2.0,,,,,,,,110,150.0,,,,,,,,,,,165.0,,,,,,,,COMPLETE
562,562,0.45165945165945165,2024-12-29 15:45:08.883269,2024-12-29 15:45:25.205852,0 days 00:00:16.322583,5,11,3.0,,,,,,,,,,,3.0,9.0,4.0,,,,,,105,145.0,,,,,,,,,,,165.0,60.0,175.0,,,,,,COMPLETE
563,563,0.1873873873873874,2024-12-29 15:45:25.206391,2024-12-29 15:46:07.734161,0 days 00:00:42.527770,11,4,3.0,6.0,,,,,,,,,,3.0,6.0,11.0,12.0,3.0,9.0,10.0,2.0,100,150.0,85.0,,,,,,,,,,155.0,75.0,95.0,180.0,50.0,85.0,140.0,75.0,COMPLETE
564,564,0.8870673952641166,2024-12-29 15:46:07.735265,2024-12-29 15:46:16.375283,0 days 00:00:08.640018,3,11,3.0,,,,,,,,,,,2.0,,,,,,,,100,170.0,,,,,,,,,,,120.0,,,,,,,,COMPLETE
565,565,0.8544980443285528,2024-12-29 15:46:16.375753,2024-12-29 15:46:22.486266,0 days 00:00:06.110513,2,11,3.0,,,,,,,,,,,,,,,,,,,110,155.0,,,,,,,,,,,,,,,,,,,COMPLETE
566,566,0.8685344827586207,2024-12-29 15:46:22.486714,2024-12-29 15:46:31.798993,0 days 00:00:09.312279,3,11,3.0,,,,,,,,,,,2.0,,,,,,,,110,155.0,,,,,,,,,,,165.0,,,,,,,,COMPLETE
567,567,0.80625,2024-12-29 15:46:31.799704,2024-12-29 15:46:36.490476,0 days 00:00:04.690772,2,5,2.0,,,,,,,,,,,,,,,,,,,105,150.0,,,,,,,,,,,,,,,,,,,COMPLETE
568,568,0.8692493946731235,2024-12-29 15:46:36.490873,2024-12-29 15:46:42.160768,0 days 00:00:05.669895,2,11,3.0,,,,,,,,,,,,,,,,,,,90,140.0,,,,,,,,,,,,,,,,,,,COMPLETE
569,569,0.779020979020979,2024-12-29 15:46:42.161452,2024-12-29 15:46:49.338420,0 days 00:00:07.176968,1,11,,,,,,,,,,,,,,,,,,,,80,,,,,,,,,,,,,,,,,,,,COMPLETE
570,570,0.7536945812807883,2024-12-29 15:46:49.338856,2024-12-29 15:47:04.317473,0 days 00:00:14.978617,3,11,3.0,,,,,,,,,,,11.0,,,,,,,,10,150.0,,,,,,,,,,,170.0,,,,,,,,COMPLETE
571,571,0.4537037037037037,2024-12-29 15:47:04.317959,2024-12-29 15:47:10.667312,0 days 00:00:06.349353,4,11,2.0,,,,,,,,,,,14.0,8.0,,,,,,,30,145.0,,,,,,,,,,,15.0,105.0,,,,,,,COMPLETE
572,572,0.7150000000000001,2024-12-29 15:47:10.667771,2024-12-29 15:47:16.117760,0 days 00:00:05.449989,1,11,,,,,,,,,,,,,,,,,,,,20,,,,,,,,,,,,,,,,,,,,COMPLETE
573,573,0.8852459016393442,2024-12-29 15:47:16.118191,2024-12-29 15:47:21.678808,0 days 00:00:05.560617,3,11,3.0,,,,,,,,,,,4.0,,,,,,,,95,30.0,,,,,,,,,,,150.0,,,,,,,,COMPLETE
574,574,0.3979020979020979,2024-12-29 15:47:21.679227,2024-12-29 15:47:37.793495,0 days 00:00:16.114268,4,11,3.0,,,,,,,,,,,7.0,11.0,,,,,,,175,100.0,,,,,,,,,,,170.0,30.0,,,,,,,COMPLETE
575,575,0.8761618370694368,2024-12-29 15:47:37.794253,2024-12-29 15:47:44.138868,0 days 00:00:06.344615,2,10,3.0,,,,,,,,,,,,,,,,,,,110,150.0,,,,,,,,,,,,,,,,,,,COMPLETE
576,576,0.1808367071524966,2024-12-29 15:47:44.139537,2024-12-29 15:48:45.460316,0 days 00:01:01.320779,9,6,3.0,,,,,,,,,,,2.0,5.0,14.0,10.0,13.0,11.0,2.0,,120,175.0,,,,,,,,,,,160.0,15.0,200.0,50.0,155.0,115.0,80.0,,COMPLETE
577,577,0.87042842215256,2024-12-29 15:48:45.461431,2024-12-29 15:48:50.309043,0 days 00:00:04.847612,2,11,2.0,,,,,,,,,,,,,,,,,,,125,20.0,,,,,,,,,,,,,,,,,,,COMPLETE
578,578,0.8944444444444444,2024-12-29 15:48:50.309462,2024-12-29 15:48:57.361220,0 days 00:00:07.051758,3,11,3.0,,,,,,,,,,,3.0,,,,,,,,30,140.0,,,,,,,,,,,165.0,,,,,,,,COMPLETE
579,579,0.8455843469063987,2024-12-29 15:48:57.361665,2024-12-29 15:49:12.553232,0 days 00:00:15.191567,2,10,7.0,,,,,,,,,,,,,,,,,,,185,165.0,,,,,,,,,,,,,,,,,,,COMPLETE
580,580,0.8777777777777778,2024-12-29 15:49:12.553703,2024-12-29 15:49:16.315087,0 days 00:00:03.761384,3,11,2.0,,,,,,,,,,,3.0,,,,,,,,15,15.0,,,,,,,,,,,105.0,,,,,,,,COMPLETE
581,581,0.8777777777777778,2024-12-29 15:49:16.315509,2024-12-29 15:49:22.835860,0 days 00:00:06.520351,2,10,3.0,,,,,,,,,,,,,,,,,,,100,190.0,,,,,,,,,,,,,,,,,,,COMPLETE
582,582,0.25270935960591134,2024-12-29 15:49:22.836305,2024-12-29 15:49:53.536917,0 days 00:00:30.700612,15,11,2.0,8.0,12.0,15.0,3.0,10.0,,,,,,2.0,4.0,10.0,7.0,1.0,14.0,9.0,9.0,115,135.0,110.0,115.0,85.0,30.0,5.0,,,,,,155.0,160.0,190.0,140.0,125.0,100.0,105.0,110.0,COMPLETE
583,583,0.32519422863485015,2024-12-29 15:49:53.538077,2024-12-29 15:50:09.864682,0 days 00:00:16.326605,4,11,6.0,,,,,,,,,,,4.0,7.0,,,,,,,25,155.0,,,,,,,,,,,160.0,185.0,,,,,,,COMPLETE
584,584,0.8779904306220095,2024-12-29 15:50:09.865225,2024-12-29 15:50:15.929860,0 days 00:00:06.064635,3,14,3.0,,,,,,,,,,,2.0,,,,,,,,110,35.0,,,,,,,,,,,145.0,,,,,,,,COMPLETE
585,585,0.7727272727272727,2024-12-29 15:50:15.930304,2024-12-29 15:50:24.007963,0 days 00:00:08.077659,1,11,,,,,,,,,,,,,,,,,,,,105,,,,,,,,,,,,,,,,,,,,COMPLETE
586,586,0.8389279208951339,2024-12-29 15:50:24.008400,2024-12-29 15:50:32.446057,0 days 00:00:08.437657,3,10,3.0,,,,,,,,,,,3.0,,,,,,,,35,180.0,,,,,,,,,,,170.0,,,,,,,,COMPLETE
587,587,0.8952234206471494,2024-12-29 15:50:32.446778,2024-12-29 15:50:37.554601,0 days 00:00:05.107823,2,11,3.0,,,,,,,,,,,,,,,,,,,115,75.0,,,,,,,,,,,,,,,,,,,COMPLETE
588,588,0.8852459016393442,2024-12-29 15:50:37.555006,2024-12-29 15:50:43.490126,0 days 00:00:05.935120,2,11,4.0,,,,,,,,,,,,,,,,,,,115,75.0,,,,,,,,,,,,,,,,,,,COMPLETE
589,589,0.3497536945812808,2024-12-29 15:50:43.490808,2024-12-29 15:50:58.830267,0 days 00:00:15.339459,4,11,3.0,,,,,,,,,,,2.0,14.0,,,,,,,125,75.0,,,,,,,,,,,150.0,85.0,,,,,,,COMPLETE
590,590,0.7950558213716108,2024-12-29 15:50:58.830807,2024-12-29 15:51:07.809878,0 days 00:00:08.979071,3,11,5.0,,,,,,,,,,,4.0,,,,,,,,110,75.0,,,,,,,,,,,175.0,,,,,,,,COMPLETE
591,591,0.8604465709728868,2024-12-29 15:51:07.810405,2024-12-29 15:51:12.782338,0 days 00:00:04.971933,2,10,2.0,,,,,,,,,,,,,,,,,,,120,70.0,,,,,,,,,,,,,,,,,,,COMPLETE
