,number,value,datetime_start,datetime_complete,duration,params_depth,params_grids_0,params_grids_1,params_grids_10,params_grids_11,params_grids_12,params_grids_13,params_grids_14,params_grids_15,params_grids_16,params_grids_17,params_grids_18,params_grids_19,params_grids_2,params_grids_3,params_grids_4,params_grids_5,params_grids_6,params_grids_7,params_grids_8,params_grids_9,params_neurons_layer_0,params_neurons_layer_1,params_neurons_layer_10,params_neurons_layer_11,params_neurons_layer_12,params_neurons_layer_13,params_neurons_layer_14,params_neurons_layer_15,params_neurons_layer_16,params_neurons_layer_17,params_neurons_layer_18,params_neurons_layer_19,params_neurons_layer_2,params_neurons_layer_3,params_neurons_layer_4,params_neurons_layer_5,params_neurons_layer_6,params_neurons_layer_7,params_neurons_layer_8,params_neurons_layer_9,state
352,352,0.8868318122555411,2024-12-29 15:12:27.890601,2024-12-29 15:12:33.278014,0 days 00:00:05.387413,3,10,4.0,,,,,,,,,,,1.0,,,,,,,,30,155.0,,,,,,,,,,,180.0,,,,,,,,COMPLETE
353,353,0.7185888738127544,2024-12-29 15:12:33.278392,2024-12-29 15:12:39.459089,0 days 00:00:06.180697,1,12,,,,,,,,,,,,,,,,,,,,40,,,,,,,,,,,,,,,,,,,,COMPLETE
354,354,0.8544980443285528,2024-12-29 15:12:39.459518,2024-12-29 15:12:43.534156,0 days 00:00:04.074638,2,8,3.0,,,,,,,,,,,,,,,,,,,50,150.0,,,,,,,,,,,,,,,,,,,COMPLETE
355,355,0.8781068217874141,2024-12-29 15:12:43.534600,2024-12-29 15:12:53.223606,0 days 00:00:09.689006,3,9,3.0,,,,,,,,,,,1.0,,,,,,,,200,145.0,,,,,,,,,,,150.0,,,,,,,,COMPLETE
356,356,0.845603813559322,2024-12-29 15:12:53.224067,2024-12-29 15:12:57.281377,0 days 00:00:04.057310,2,11,8.0,,,,,,,,,,,,,,,,,,,25,160.0,,,,,,,,,,,,,,,,,,,COMPLETE
357,357,0.5197928227894932,2024-12-29 15:12:57.282025,2024-12-29 15:13:08.651749,0 days 00:00:11.369724,5,10,5.0,,,,,,,,,,,2.0,6.0,12.0,,,,,,45,70.0,,,,,,,,,,,185.0,40.0,125.0,,,,,,COMPLETE
358,358,0.8708333333333333,2024-12-29 15:13:08.652209,2024-12-29 15:13:12.740525,0 days 00:00:04.088316,3,12,3.0,,,,,,,,,,,1.0,,,,,,,,35,75.0,,,,,,,,,,,90.0,,,,,,,,COMPLETE
359,359,0.6869519000797236,2024-12-29 15:13:12.740916,2024-12-29 15:13:22.148369,0 days 00:00:09.407453,1,14,,,,,,,,,,,,,,,,,,,,120,,,,,,,,,,,,,,,,,,,,COMPLETE
360,360,0.8851224105461393,2024-12-29 15:13:22.148772,2024-12-29 15:13:26.618345,0 days 00:00:04.469573,2,10,4.0,,,,,,,,,,,,,,,,,,,55,160.0,,,,,,,,,,,,,,,,,,,COMPLETE
361,361,0.6384615384615384,2024-12-29 15:13:26.618731,2024-12-29 15:13:33.917893,0 days 00:00:07.299162,4,11,3.0,,,,,,,,,,,2.0,9.0,,,,,,,40,100.0,,,,,,,,,,,155.0,20.0,,,,,,,COMPLETE
362,362,0.8286546610169492,2024-12-29 15:13:33.918301,2024-12-29 15:13:39.487818,0 days 00:00:05.569517,3,11,3.0,,,,,,,,,,,5.0,,,,,,,,30,80.0,,,,,,,,,,,130.0,,,,,,,,COMPLETE
363,363,0.7185888738127544,2024-12-29 15:13:39.488229,2024-12-29 15:13:44.849864,0 days 00:00:05.361635,1,12,,,,,,,,,,,,,,,,,,,,15,,,,,,,,,,,,,,,,,,,,COMPLETE
364,364,0.8523002421307506,2024-12-29 15:13:44.850293,2024-12-29 15:13:50.965710,0 days 00:00:06.115417,3,13,4.0,,,,,,,,,,,1.0,,,,,,,,50,150.0,,,,,,,,,,,140.0,,,,,,,,COMPLETE
365,365,0.8847503373819163,2024-12-29 15:13:50.966176,2024-12-29 15:13:54.366522,0 days 00:00:03.400346,2,11,3.0,,,,,,,,,,,,,,,,,,,35,80.0,,,,,,,,,,,,,,,,,,,COMPLETE
366,366,0.8708333333333333,2024-12-29 15:13:54.366893,2024-12-29 15:14:01.505294,0 days 00:00:07.138401,2,12,3.0,,,,,,,,,,,,,,,,,,,130,135.0,,,,,,,,,,,,,,,,,,,COMPLETE
367,367,0.8342780026990553,2024-12-29 15:14:01.505952,2024-12-29 15:14:05.379393,0 days 00:00:03.873441,3,13,3.0,,,,,,,,,,,2.0,,,,,,,,25,15.0,,,,,,,,,,,195.0,,,,,,,,COMPLETE
368,368,0.8868318122555411,2024-12-29 15:14:05.379770,2024-12-29 15:14:11.428412,0 days 00:00:06.048642,4,11,2.0,,,,,,,,,,,1.0,3.0,,,,,,,45,85.0,,,,,,,,,,,175.0,50.0,,,,,,,COMPLETE
369,369,0.8849462365591398,2024-12-29 15:14:11.428830,2024-12-29 15:14:14.640190,0 days 00:00:03.211360,2,10,3.0,,,,,,,,,,,,,,,,,,,30,75.0,,,,,,,,,,,,,,,,,,,COMPLETE
370,370,0.8708333333333333,2024-12-29 15:14:14.640546,2024-12-29 15:14:18.730453,0 days 00:00:04.089907,2,11,4.0,,,,,,,,,,,,,,,,,,,40,140.0,,,,,,,,,,,,,,,,,,,COMPLETE
371,371,0.7461538461538462,2024-12-29 15:14:18.730823,2024-12-29 15:14:27.089158,0 days 00:00:08.358335,1,11,,,,,,,,,,,,,,,,,,,,115,,,,,,,,,,,,,,,,,,,,COMPLETE
372,372,0.6059027777777778,2024-12-29 15:14:27.089564,2024-12-29 15:14:39.065135,0 days 00:00:11.975571,6,12,3.0,,,,,,,,,,,3.0,1.0,3.0,1.0,,,,,120,105.0,,,,,,,,,,,190.0,115.0,10.0,105.0,,,,,COMPLETE
373,373,0.8870673952641166,2024-12-29 15:14:39.065610,2024-12-29 15:14:50.962266,0 days 00:00:11.896656,4,10,2.0,,,,,,,,,,,2.0,4.0,,,,,,,125,150.0,,,,,,,,,,,165.0,95.0,,,,,,,COMPLETE
374,374,0.8221642764015646,2024-12-29 15:14:50.962869,2024-12-29 15:14:56.263700,0 days 00:00:05.300831,3,11,3.0,,,,,,,,,,,1.0,,,,,,,,35,155.0,,,,,,,,,,,160.0,,,,,,,,COMPLETE
375,375,0.8518218623481781,2024-12-29 15:14:56.264086,2024-12-29 15:15:07.686161,0 days 00:00:11.422075,3,12,5.0,,,,,,,,,,,3.0,,,,,,,,165,90.0,,,,,,,,,,,175.0,,,,,,,,COMPLETE
376,376,0.8385416666666667,2024-12-29 15:15:07.686816,2024-12-29 15:15:10.970765,0 days 00:00:03.283949,2,11,4.0,,,,,,,,,,,,,,,,,,,20,200.0,,,,,,,,,,,,,,,,,,,COMPLETE
377,377,0.8604465709728868,2024-12-29 15:15:10.971131,2024-12-29 15:15:14.381013,0 days 00:00:03.409882,2,10,2.0,,,,,,,,,,,,,,,,,,,45,60.0,,,,,,,,,,,,,,,,,,,COMPLETE
378,378,0.8781068217874141,2024-12-29 15:15:14.381460,2024-12-29 15:15:21.102623,0 days 00:00:06.721163,3,13,3.0,,,,,,,,,,,4.0,,,,,,,,40,95.0,,,,,,,,,,,150.0,,,,,,,,COMPLETE
379,379,0.7128813559322034,2024-12-29 15:15:21.103017,2024-12-29 15:15:26.929930,0 days 00:00:05.826913,1,9,,,,,,,,,,,,,,,,,,,,50,,,,,,,,,,,,,,,,,,,,COMPLETE
380,380,0.861228813559322,2024-12-29 15:15:26.930330,2024-12-29 15:15:33.465852,0 days 00:00:06.535522,2,11,3.0,,,,,,,,,,,,,,,,,,,160,70.0,,,,,,,,,,,,,,,,,,,COMPLETE
381,381,0.24725274725274723,2024-12-29 15:15:33.466236,2024-12-29 15:15:55.859739,0 days 00:00:22.393503,15,7,2.0,6.0,3.0,13.0,4.0,11.0,,,,,,2.0,8.0,4.0,5.0,4.0,8.0,11.0,6.0,30,80.0,90.0,130.0,35.0,90.0,60.0,,,,,,165.0,155.0,140.0,190.0,110.0,180.0,65.0,60.0,COMPLETE
382,382,0.87042842215256,2024-12-29 15:15:55.860477,2024-12-29 15:16:00.300992,0 days 00:00:04.440515,3,14,3.0,,,,,,,,,,,1.0,,,,,,,,40,85.0,,,,,,,,,,,100.0,,,,,,,,COMPLETE
383,383,0.861228813559322,2024-12-29 15:16:00.301388,2024-12-29 15:16:04.913011,0 days 00:00:04.611623,2,12,2.0,,,,,,,,,,,,,,,,,,,110,5.0,,,,,,,,,,,,,,,,,,,COMPLETE
384,384,0.8297382801265458,2024-12-29 15:16:04.913584,2024-12-29 15:16:18.649363,0 days 00:00:13.735779,3,11,4.0,,,,,,,,,,,6.0,,,,,,,,175,110.0,,,,,,,,,,,180.0,,,,,,,,COMPLETE
385,385,0.861904761904762,2024-12-29 15:16:18.649895,2024-12-29 15:16:22.632901,0 days 00:00:03.983006,2,13,3.0,,,,,,,,,,,,,,,,,,,55,15.0,,,,,,,,,,,,,,,,,,,COMPLETE
386,386,0.8092501368363437,2024-12-29 15:16:22.633290,2024-12-29 15:16:31.853117,0 days 00:00:09.219827,4,10,3.0,,,,,,,,,,,2.0,5.0,,,,,,,35,165.0,,,,,,,,,,,185.0,60.0,,,,,,,COMPLETE
387,387,0.7922453703703703,2024-12-29 15:16:31.853552,2024-12-29 15:16:40.182878,0 days 00:00:08.329326,1,11,,,,,,,,,,,,,,,,,,,,115,,,,,,,,,,,,,,,,,,,,COMPLETE
388,388,0.8380355276907001,2024-12-29 15:16:40.183247,2024-12-29 15:16:43.330553,0 days 00:00:03.147306,2,12,2.0,,,,,,,,,,,,,,,,,,,25,40.0,,,,,,,,,,,,,,,,,,,COMPLETE
389,389,0.7017543859649122,2024-12-29 15:16:43.331030,2024-12-29 15:16:56.506190,0 days 00:00:13.175160,3,11,3.0,,,,,,,,,,,9.0,,,,,,,,190,75.0,,,,,,,,,,,170.0,,,,,,,,COMPLETE
390,390,0.8708333333333333,2024-12-29 15:16:56.506651,2024-12-29 15:17:01.748874,0 days 00:00:05.242223,2,12,4.0,,,,,,,,,,,,,,,,,,,125,25.0,,,,,,,,,,,,,,,,,,,COMPLETE
391,391,0.8870673952641166,2024-12-29 15:17:01.749448,2024-12-29 15:17:10.969436,0 days 00:00:09.219988,3,11,6.0,,,,,,,,,,,3.0,,,,,,,,120,85.0,,,,,,,,,,,140.0,,,,,,,,COMPLETE
392,392,0.7424242424242424,2024-12-29 15:17:10.969855,2024-12-29 15:17:21.704573,0 days 00:00:10.734718,4,10,3.0,,,,,,,,,,,1.0,12.0,,,,,,,45,90.0,,,,,,,,,,,160.0,70.0,,,,,,,COMPLETE
393,393,0.8264915161466886,2024-12-29 15:17:21.705179,2024-12-29 15:17:25.268046,0 days 00:00:03.562867,2,14,4.0,,,,,,,,,,,,,,,,,,,35,65.0,,,,,,,,,,,,,,,,,,,COMPLETE
394,394,0.34782608695652173,2024-12-29 15:17:25.268432,2024-12-29 15:17:50.469051,0 days 00:00:25.200619,11,13,2.0,13.0,,,,,,,,,,5.0,7.0,9.0,4.0,2.0,7.0,13.0,10.0,130,80.0,70.0,,,,,,,,,,155.0,5.0,60.0,80.0,200.0,60.0,130.0,145.0,COMPLETE
395,395,0.687186349949816,2024-12-29 15:17:50.469669,2024-12-29 15:17:55.755105,0 days 00:00:05.285436,1,13,,,,,,,,,,,,,,,,,,,,10,,,,,,,,,,,,,,,,,,,,COMPLETE
396,396,0.8353510895883778,2024-12-29 15:17:55.755484,2024-12-29 15:18:00.449844,0 days 00:00:04.694360,3,12,3.0,,,,,,,,,,,2.0,,,,,,,,45,70.0,,,,,,,,,,,170.0,,,,,,,,COMPLETE
397,397,0.8308802308802308,2024-12-29 15:18:00.450231,2024-12-29 15:18:03.869510,0 days 00:00:03.419279,2,11,2.0,,,,,,,,,,,,,,,,,,,40,80.0,,,,,,,,,,,,,,,,,,,COMPLETE
398,398,0.7965517241379311,2024-12-29 15:18:03.870083,2024-12-29 15:18:06.806915,0 days 00:00:02.936832,2,11,3.0,,,,,,,,,,,,,,,,,,,20,95.0,,,,,,,,,,,,,,,,,,,COMPLETE
399,399,0.8125996810207337,2024-12-29 15:18:06.807362,2024-12-29 15:18:11.612839,0 days 00:00:04.805477,3,10,3.0,,,,,,,,,,,4.0,,,,,,,,30,55.0,,,,,,,,,,,135.0,,,,,,,,COMPLETE
400,400,0.3819706498951782,2024-12-29 15:18:11.613229,2024-12-29 15:19:08.886224,0 days 00:00:57.272995,8,11,2.0,,,,,,,,,,,3.0,1.0,5.0,10.0,9.0,5.0,,,105,140.0,,,,,,,,,,,145.0,195.0,170.0,145.0,50.0,115.0,,,COMPLETE
401,401,0.7959905660377358,2024-12-29 15:19:08.887187,2024-12-29 15:19:14.508990,0 days 00:00:05.621803,1,11,,,,,,,,,,,,,,,,,,,,25,,,,,,,,,,,,,,,,,,,,COMPLETE
402,402,0.8781779661016949,2024-12-29 15:19:14.509508,2024-12-29 15:19:21.663470,0 days 00:00:07.153962,3,12,1.0,,,,,,,,,,,1.0,,,,,,,,195,75.0,,,,,,,,,,,190.0,,,,,,,,COMPLETE
403,403,0.81889338731444,2024-12-29 15:19:21.663904,2024-12-29 15:19:27.318543,0 days 00:00:05.654639,3,12,5.0,,,,,,,,,,,2.0,,,,,,,,35,115.0,,,,,,,,,,,125.0,,,,,,,,COMPLETE
404,404,0.49056603773584906,2024-12-29 15:19:27.318954,2024-12-29 15:19:46.378052,0 days 00:00:19.059098,5,10,3.0,,,,,,,,,,,4.0,15.0,7.0,,,,,,115,30.0,,,,,,,,,,,160.0,75.0,105.0,,,,,,COMPLETE
405,405,0.8380355276907001,2024-12-29 15:19:46.378576,2024-12-29 15:19:49.474561,0 days 00:00:03.095985,2,6,3.0,,,,,,,,,,,,,,,,,,,40,15.0,,,,,,,,,,,,,,,,,,,COMPLETE
406,406,0.5034153005464481,2024-12-29 15:19:49.474939,2024-12-29 15:20:05.300452,0 days 00:00:15.825513,4,13,14.0,,,,,,,,,,,2.0,8.0,,,,,,,50,125.0,,,,,,,,,,,175.0,85.0,,,,,,,COMPLETE
407,407,0.7928571428571429,2024-12-29 15:20:05.301156,2024-12-29 15:20:11.871958,0 days 00:00:06.570802,1,11,,,,,,,,,,,,,,,,,,,,60,,,,,,,,,,,,,,,,,,,,COMPLETE
408,408,0.8688172043010753,2024-12-29 15:20:11.872476,2024-12-29 15:20:16.329877,0 days 00:00:04.457401,2,11,4.0,,,,,,,,,,,,,,,,,,,45,195.0,,,,,,,,,,,,,,,,,,,COMPLETE
409,409,0.8596059113300492,2024-12-29 15:20:16.330245,2024-12-29 15:20:26.415412,0 days 00:00:10.085167,3,11,2.0,,,,,,,,,,,8.0,,,,,,,,35,145.0,,,,,,,,,,,115.0,,,,,,,,COMPLETE
410,410,0.8663517643789942,2024-12-29 15:20:26.415864,2024-12-29 15:20:31.463325,0 days 00:00:05.047461,2,14,3.0,,,,,,,,,,,,,,,,,,,110,20.0,,,,,,,,,,,,,,,,,,,COMPLETE
411,411,0.8852459016393442,2024-12-29 15:20:31.463710,2024-12-29 15:20:38.216644,0 days 00:00:06.752934,2,9,5.0,,,,,,,,,,,,,,,,,,,125,90.0,,,,,,,,,,,,,,,,,,,COMPLETE
412,412,0.617376775271512,2024-12-29 15:20:38.217017,2024-12-29 15:20:42.838590,0 days 00:00:04.621573,3,10,7.0,,,,,,,,,,,3.0,,,,,,,,100,10.0,,,,,,,,,,,180.0,,,,,,,,COMPLETE
413,413,0.6284174046977281,2024-12-29 15:20:42.839087,2024-12-29 15:20:48.192382,0 days 00:00:05.353295,1,13,,,,,,,,,,,,,,,,,,,,15,,,,,,,,,,,,,,,,,,,,COMPLETE
414,414,0.6076923076923078,2024-12-29 15:20:48.192759,2024-12-29 15:20:53.508315,0 days 00:00:05.315556,5,11,1.0,,,,,,,,,,,1.0,2.0,11.0,,,,,,30,100.0,,,,,,,,,,,165.0,35.0,40.0,,,,,,COMPLETE
415,415,0.8253837719298245,2024-12-29 15:20:53.508771,2024-12-29 15:21:04.624710,0 days 00:00:11.115939,3,12,2.0,,,,,,,,,,,5.0,,,,,,,,120,155.0,,,,,,,,,,,150.0,,,,,,,,COMPLETE
416,416,0.4528301886792453,2024-12-29 15:21:04.625340,2024-12-29 15:21:24.322475,0 days 00:00:19.697135,4,11,3.0,,,,,,,,,,,3.0,13.0,,,,,,,50,85.0,,,,,,,,,,,170.0,130.0,,,,,,,COMPLETE
417,417,0.8931419457735247,2024-12-29 15:21:24.323132,2024-12-29 15:21:27.858034,0 days 00:00:03.534902,2,12,3.0,,,,,,,,,,,,,,,,,,,40,75.0,,,,,,,,,,,,,,,,,,,COMPLETE
418,418,0.861904761904762,2024-12-29 15:21:27.858425,2024-12-29 15:21:31.626172,0 days 00:00:03.767747,2,12,4.0,,,,,,,,,,,,,,,,,,,45,70.0,,,,,,,,,,,,,,,,,,,COMPLETE
419,419,0.8529094827586207,2024-12-29 15:21:31.626545,2024-12-29 15:21:35.043371,0 days 00:00:03.416826,2,12,1.0,,,,,,,,,,,,,,,,,,,40,75.0,,,,,,,,,,,,,,,,,,,COMPLETE
420,420,0.8392857142857142,2024-12-29 15:21:35.043740,2024-12-29 15:21:38.648835,0 days 00:00:03.605095,2,12,3.0,,,,,,,,,,,,,,,,,,,45,65.0,,,,,,,,,,,,,,,,,,,COMPLETE
421,421,0.23015873015873015,2024-12-29 15:21:38.649190,2024-12-29 15:22:03.113128,0 days 00:00:24.463938,7,12,3.0,,,,,,,,,,,4.0,5.0,14.0,6.0,7.0,,,,50,80.0,,,,,,,,,,,105.0,60.0,70.0,35.0,165.0,,,,COMPLETE
422,422,0.7164342357123326,2024-12-29 15:22:03.113916,2024-12-29 15:22:09.365231,0 days 00:00:06.251315,1,13,,,,,,,,,,,,,,,,,,,,40,,,,,,,,,,,,,,,,,,,,COMPLETE
423,423,0.903125,2024-12-29 15:22:09.365617,2024-12-29 15:22:13.270473,0 days 00:00:03.904856,2,13,4.0,,,,,,,,,,,,,,,,,,,45,75.0,,,,,,,,,,,,,,,,,,,COMPLETE
424,424,0.7009803921568627,2024-12-29 15:22:13.271014,2024-12-29 15:22:19.532172,0 days 00:00:06.261158,1,13,,,,,,,,,,,,,,,,,,,,40,,,,,,,,,,,,,,,,,,,,COMPLETE
425,425,0.7574967405475881,2024-12-29 15:22:19.532540,2024-12-29 15:22:22.505596,0 days 00:00:02.973056,2,13,5.0,,,,,,,,,,,,,,,,,,,5,75.0,,,,,,,,,,,,,,,,,,,COMPLETE
426,426,0.861228813559322,2024-12-29 15:22:22.505969,2024-12-29 15:22:30.226087,0 days 00:00:07.720118,2,13,4.0,,,,,,,,,,,,,,,,,,,150,85.0,,,,,,,,,,,,,,,,,,,COMPLETE
427,427,0.7138009049773756,2024-12-29 15:22:30.226512,2024-12-29 15:22:39.269896,0 days 00:00:09.043384,1,13,,,,,,,,,,,,,,,,,,,,120,,,,,,,,,,,,,,,,,,,,COMPLETE
428,428,0.83205325140809,2024-12-29 15:22:39.270283,2024-12-29 15:22:44.299854,0 days 00:00:05.029571,2,14,9.0,,,,,,,,,,,,,,,,,,,55,80.0,,,,,,,,,,,,,,,,,,,COMPLETE
429,429,0.7935828877005348,2024-12-29 15:22:44.300328,2024-12-29 15:22:48.106478,0 days 00:00:03.806150,2,13,6.0,,,,,,,,,,,,,,,,,,,35,75.0,,,,,,,,,,,,,,,,,,,COMPLETE
430,430,0.78125,2024-12-29 15:22:48.106862,2024-12-29 15:22:58.274109,0 days 00:00:10.167247,3,13,4.0,,,,,,,,,,,6.0,,,,,,,,130,85.0,,,,,,,,,,,120.0,,,,,,,,COMPLETE
431,431,0.8868318122555411,2024-12-29 15:22:58.274551,2024-12-29 15:23:04.964254,0 days 00:00:06.689703,2,12,2.0,,,,,,,,,,,,,,,,,,,135,145.0,,,,,,,,,,,,,,,,,,,COMPLETE
432,432,0.8708333333333333,2024-12-29 15:23:04.964853,2024-12-29 15:23:10.015671,0 days 00:00:05.050818,2,13,1.0,,,,,,,,,,,,,,,,,,,105,110.0,,,,,,,,,,,,,,,,,,,COMPLETE
433,433,0.845603813559322,2024-12-29 15:23:10.016057,2024-12-29 15:23:19.194030,0 days 00:00:09.177973,3,12,4.0,,,,,,,,,,,4.0,,,,,,,,40,170.0,,,,,,,,,,,140.0,,,,,,,,COMPLETE
434,434,0.861228813559322,2024-12-29 15:23:19.194599,2024-12-29 15:23:22.788332,0 days 00:00:03.593733,2,13,1.0,,,,,,,,,,,,,,,,,,,45,75.0,,,,,,,,,,,,,,,,,,,COMPLETE
435,435,0.42074074074074075,2024-12-29 15:23:22.788733,2024-12-29 15:23:37.864444,0 days 00:00:15.075711,4,12,2.0,,,,,,,,,,,10.0,9.0,,,,,,,115,80.0,,,,,,,,,,,200.0,25.0,,,,,,,COMPLETE
436,436,0.7019230769230769,2024-12-29 15:23:37.864901,2024-12-29 15:23:49.632377,0 days 00:00:11.767476,1,14,,,,,,,,,,,,,,,,,,,,180,,,,,,,,,,,,,,,,,,,,COMPLETE
437,437,0.6537978656622725,2024-12-29 15:23:49.632846,2024-12-29 15:23:55.730474,0 days 00:00:06.097628,3,12,5.0,,,,,,,,,,,5.0,,,,,,,,35,70.0,,,,,,,,,,,155.0,,,,,,,,COMPLETE
438,438,0.8371848739495797,2024-12-29 15:23:55.730888,2024-12-29 15:23:59.674109,0 days 00:00:03.943221,2,13,3.0,,,,,,,,,,,,,,,,,,,50,120.0,,,,,,,,,,,,,,,,,,,COMPLETE
439,439,0.8455843469063987,2024-12-29 15:23:59.674471,2024-12-29 15:24:03.354032,0 days 00:00:03.679561,2,10,3.0,,,,,,,,,,,,,,,,,,,45,100.0,,,,,,,,,,,,,,,,,,,COMPLETE
440,440,0.8452380952380952,2024-12-29 15:24:03.354610,2024-12-29 15:24:08.312050,0 days 00:00:04.957440,3,12,4.0,,,,,,,,,,,4.0,,,,,,,,20,90.0,,,,,,,,,,,110.0,,,,,,,,COMPLETE
441,441,0.8709677419354839,2024-12-29 15:24:08.312435,2024-12-29 15:24:22.436369,0 days 00:00:14.123934,3,13,2.0,,,,,,,,,,,7.0,,,,,,,,115,190.0,,,,,,,,,,,130.0,,,,,,,,COMPLETE
442,442,0.7607142857142857,2024-12-29 15:24:22.436983,2024-12-29 15:24:27.448582,0 days 00:00:05.011599,1,9,,,,,,,,,,,,,,,,,,,,40,,,,,,,,,,,,,,,,,,,,COMPLETE
443,443,0.3188405797101449,2024-12-29 15:24:27.448965,2024-12-29 15:24:51.084195,0 days 00:00:23.635230,13,14,3.0,10.0,13.0,6.0,,,,,,,,2.0,6.0,10.0,12.0,14.0,6.0,12.0,13.0,55,75.0,125.0,185.0,75.0,,,,,,,,155.0,90.0,5.0,120.0,20.0,15.0,145.0,135.0,COMPLETE
444,444,0.2746031746031746,2024-12-29 15:24:51.084906,2024-12-29 15:25:29.900136,0 days 00:00:38.815230,9,12,1.0,,,,,,,,,,,9.0,11.0,13.0,8.0,11.0,12.0,7.0,,110,105.0,,,,,,,,,,,190.0,110.0,90.0,20.0,90.0,175.0,50.0,,COMPLETE
445,445,0.861904761904762,2024-12-29 15:25:29.901060,2024-12-29 15:25:33.458175,0 days 00:00:03.557115,2,8,3.0,,,,,,,,,,,,,,,,,,,35,195.0,,,,,,,,,,,,,,,,,,,COMPLETE
446,446,0.33035714285714285,2024-12-29 15:25:33.458547,2024-12-29 15:26:05.190675,0 days 00:00:31.732128,14,10,2.0,14.0,8.0,2.0,10.0,,,,,,,3.0,3.0,8.0,4.0,4.0,4.0,2.0,4.0,25,85.0,165.0,5.0,35.0,160.0,,,,,,,135.0,15.0,195.0,200.0,185.0,200.0,25.0,100.0,COMPLETE
447,447,0.8777777777777778,2024-12-29 15:26:05.191550,2024-12-29 15:26:15.566505,0 days 00:00:10.374955,3,13,4.0,,,,,,,,,,,2.0,,,,,,,,120,150.0,,,,,,,,,,,145.0,,,,,,,,COMPLETE
448,448,0.861904761904762,2024-12-29 15:26:15.567105,2024-12-29 15:26:19.163458,0 days 00:00:03.596353,2,11,3.0,,,,,,,,,,,,,,,,,,,40,95.0,,,,,,,,,,,,,,,,,,,COMPLETE
449,449,0.7160973084886129,2024-12-29 15:26:19.163875,2024-12-29 15:26:25.475557,0 days 00:00:06.311682,1,12,,,,,,,,,,,,,,,,,,,,45,,,,,,,,,,,,,,,,,,,,COMPLETE
450,450,0.8479712378017463,2024-12-29 15:26:25.476012,2024-12-29 15:26:30.159404,0 days 00:00:04.683392,2,11,2.0,,,,,,,,,,,,,,,,,,,95,80.0,,,,,,,,,,,,,,,,,,,COMPLETE
451,451,0.0,2024-12-29 15:26:30.159802,2024-12-29 15:28:48.195536,0 days 00:02:18.035734,19,11,3.0,11.0,5.0,8.0,7.0,4.0,12.0,4.0,1.0,2.0,,3.0,4.0,12.0,3.0,10.0,14.0,6.0,3.0,30,130.0,55.0,80.0,120.0,95.0,110.0,150.0,140.0,90.0,195.0,,185.0,55.0,135.0,45.0,70.0,130.0,200.0,170.0,COMPLETE
452,452,0.39607843137254906,2024-12-29 15:28:48.196751,2024-12-29 15:29:17.665130,0 days 00:00:29.468379,4,13,4.0,,,,,,,,,,,4.0,14.0,,,,,,,105,70.0,,,,,,,,,,,195.0,165.0,,,,,,,COMPLETE
453,453,0.8544980443285528,2024-12-29 15:29:17.666012,2024-12-29 15:29:26.547778,0 days 00:00:08.881766,2,12,5.0,,,,,,,,,,,,,,,,,,,125,170.0,,,,,,,,,,,,,,,,,,,COMPLETE
454,454,0.8708333333333333,2024-12-29 15:29:26.548193,2024-12-29 15:29:34.568095,0 days 00:00:08.019902,3,11,1.0,,,,,,,,,,,3.0,,,,,,,,160,160.0,,,,,,,,,,,95.0,,,,,,,,COMPLETE
455,455,0.8604465709728868,2024-12-29 15:29:34.568517,2024-12-29 15:29:41.676809,0 days 00:00:07.108292,3,10,3.0,,,,,,,,,,,2.0,,,,,,,,50,200.0,,,,,,,,,,,150.0,,,,,,,,COMPLETE
456,456,0.8617133791644632,2024-12-29 15:29:41.677328,2024-12-29 15:29:45.073890,0 days 00:00:03.396562,2,12,2.0,,,,,,,,,,,,,,,,,,,35,85.0,,,,,,,,,,,,,,,,,,,COMPLETE
457,457,0.7882808181315644,2024-12-29 15:29:45.074263,2024-12-29 15:29:53.170220,0 days 00:00:08.095957,1,11,,,,,,,,,,,,,,,,,,,,110,,,,,,,,,,,,,,,,,,,,COMPLETE
458,458,0.7922453703703703,2024-12-29 15:29:53.170823,2024-12-29 15:30:00.234099,0 days 00:00:07.063276,3,13,3.0,,,,,,,,,,,5.0,,,,,,,,40,80.0,,,,,,,,,,,165.0,,,,,,,,COMPLETE
459,459,0.3590909090909091,2024-12-29 15:30:00.234687,2024-12-29 15:30:56.963971,0 days 00:00:56.729284,17,11,6.0,3.0,2.0,12.0,13.0,7.0,9.0,12.0,,,,10.0,7.0,5.0,15.0,6.0,1.0,3.0,7.0,25,70.0,20.0,135.0,180.0,135.0,125.0,105.0,70.0,,,,170.0,175.0,180.0,165.0,105.0,45.0,35.0,20.0,COMPLETE
460,460,0.861904761904762,2024-12-29 15:30:56.965137,2024-12-29 15:31:02.299871,0 days 00:00:05.334734,3,12,1.0,,,,,,,,,,,3.0,,,,,,,,45,90.0,,,,,,,,,,,160.0,,,,,,,,COMPLETE
461,461,0.8617133791644632,2024-12-29 15:31:02.300306,2024-12-29 15:31:09.278961,0 days 00:00:06.978655,2,11,4.0,,,,,,,,,,,,,,,,,,,150,75.0,,,,,,,,,,,,,,,,,,,COMPLETE
462,462,0.8291777188328913,2024-12-29 15:31:09.279376,2024-12-29 15:31:11.975607,0 days 00:00:02.696231,2,10,3.0,,,,,,,,,,,,,,,,,,,10,175.0,,,,,,,,,,,,,,,,,,,COMPLETE
463,463,0.448951048951049,2024-12-29 15:31:11.975994,2024-12-29 15:31:31.313374,0 days 00:00:19.337380,4,13,10.0,,,,,,,,,,,4.0,9.0,,,,,,,100,140.0,,,,,,,,,,,180.0,45.0,,,,,,,COMPLETE
464,464,0.8868318122555411,2024-12-29 15:31:31.313863,2024-12-29 15:31:36.857152,0 days 00:00:05.543289,2,11,2.0,,,,,,,,,,,,,,,,,,,115,115.0,,,,,,,,,,,,,,,,,,,COMPLETE
465,465,0.6776315789473684,2024-12-29 15:31:36.857552,2024-12-29 15:31:42.646944,0 days 00:00:05.789392,1,12,,,,,,,,,,,,,,,,,,,,30,,,,,,,,,,,,,,,,,,,,COMPLETE
466,466,0.5774603174603175,2024-12-29 15:31:42.647412,2024-12-29 15:31:50.516423,0 days 00:00:07.869011,3,10,3.0,,,,,,,,,,,11.0,,,,,,,,170,25.0,,,,,,,,,,,145.0,,,,,,,,COMPLETE
467,467,0.5426356589147286,2024-12-29 15:31:50.517078,2024-12-29 15:32:03.118681,0 days 00:00:12.601603,4,13,3.0,,,,,,,,,,,1.0,12.0,,,,,,,165,150.0,,,,,,,,,,,80.0,50.0,,,,,,,COMPLETE
468,468,0.9001349527665317,2024-12-29 15:32:03.119303,2024-12-29 15:32:07.008636,0 days 00:00:03.889333,3,11,4.0,,,,,,,,,,,2.0,,,,,,,,15,80.0,,,,,,,,,,,115.0,,,,,,,,COMPLETE
469,469,0.8445623342175066,2024-12-29 15:32:07.009055,2024-12-29 15:32:11.680311,0 days 00:00:04.671256,3,14,4.0,,,,,,,,,,,2.0,,,,,,,,20,135.0,,,,,,,,,,,105.0,,,,,,,,COMPLETE
470,470,0.7043010752688172,2024-12-29 15:32:11.680727,2024-12-29 15:32:17.711565,0 days 00:00:06.030838,4,5,4.0,,,,,,,,,,,2.0,6.0,,,,,,,15,185.0,,,,,,,,,,,110.0,20.0,,,,,,,COMPLETE
471,471,0.8771883289124669,2024-12-29 15:32:17.712000,2024-12-29 15:32:21.552866,0 days 00:00:03.840866,3,12,4.0,,,,,,,,,,,1.0,,,,,,,,20,80.0,,,,,,,,,,,125.0,,,,,,,,COMPLETE
