,number,value,datetime_start,datetime_complete,duration,params_depth,params_grids_0,params_grids_1,params_grids_10,params_grids_11,params_grids_12,params_grids_13,params_grids_14,params_grids_15,params_grids_16,params_grids_17,params_grids_18,params_grids_19,params_grids_2,params_grids_3,params_grids_4,params_grids_5,params_grids_6,params_grids_7,params_grids_8,params_grids_9,params_neurons_layer_0,params_neurons_layer_1,params_neurons_layer_10,params_neurons_layer_11,params_neurons_layer_12,params_neurons_layer_13,params_neurons_layer_14,params_neurons_layer_15,params_neurons_layer_16,params_neurons_layer_17,params_neurons_layer_18,params_neurons_layer_19,params_neurons_layer_2,params_neurons_layer_3,params_neurons_layer_4,params_neurons_layer_5,params_neurons_layer_6,params_neurons_layer_7,params_neurons_layer_8,params_neurons_layer_9,state
592,592,0.779020979020979,2024-12-29 15:51:12.782816,2024-12-29 15:51:21.113934,0 days 00:00:08.331118,1,11,,,,,,,,,,,,,,,,,,,,115,,,,,,,,,,,,,,,,,,,,COMPLETE
593,593,0.8841594827586207,2024-12-29 15:51:21.114345,2024-12-29 15:51:26.979905,0 days 00:00:05.865560,3,11,4.0,,,,,,,,,,,3.0,,,,,,,,115,25.0,,,,,,,,,,,180.0,,,,,,,,COMPLETE
594,594,0.8754789272030651,2024-12-29 15:51:26.980356,2024-12-29 15:51:31.702489,0 days 00:00:04.722133,2,10,3.0,,,,,,,,,,,,,,,,,,,110,45.0,,,,,,,,,,,,,,,,,,,COMPLETE
595,595,0.6545052515201768,2024-12-29 15:51:31.703169,2024-12-29 15:51:42.853784,0 days 00:00:11.150615,3,11,2.0,,,,,,,,,,,15.0,,,,,,,,120,70.0,,,,,,,,,,,130.0,,,,,,,,COMPLETE
596,596,0.8445623342175066,2024-12-29 15:51:42.854482,2024-12-29 15:51:47.283250,0 days 00:00:04.428768,2,10,1.0,,,,,,,,,,,,,,,,,,,125,80.0,,,,,,,,,,,,,,,,,,,COMPLETE
597,597,0.8777777777777778,2024-12-29 15:51:47.283653,2024-12-29 15:51:56.279073,0 days 00:00:08.995420,3,11,3.0,,,,,,,,,,,2.0,,,,,,,,190,75.0,,,,,,,,,,,160.0,,,,,,,,COMPLETE
598,598,0.3102665910380034,2024-12-29 15:51:56.279531,2024-12-29 15:52:28.427261,0 days 00:00:32.147730,14,11,4.0,10.0,14.0,3.0,7.0,,,,,,,12.0,3.0,13.0,9.0,5.0,12.0,12.0,14.0,105,10.0,65.0,30.0,140.0,180.0,,,,,,,100.0,45.0,80.0,10.0,30.0,30.0,180.0,60.0,COMPLETE
599,599,0.8170995670995671,2024-12-29 15:52:28.428018,2024-12-29 15:52:48.045947,0 days 00:00:19.617929,4,10,14.0,,,,,,,,,,,2.0,1.0,,,,,,,115,160.0,,,,,,,,,,,165.0,25.0,,,,,,,COMPLETE
600,600,0.7655086848635235,2024-12-29 15:52:48.046949,2024-12-29 15:52:56.780688,0 days 00:00:08.733739,1,11,,,,,,,,,,,,,,,,,,,,130,,,,,,,,,,,,,,,,,,,,COMPLETE
601,601,0.926984126984127,2024-12-29 15:52:56.781143,2024-12-29 15:53:04.001972,0 days 00:00:07.220829,2,10,3.0,,,,,,,,,,,,,,,,,,,165,125.0,,,,,,,,,,,,,,,,,,,COMPLETE
602,602,0.37898936170212766,2024-12-29 15:53:04.002398,2024-12-29 15:53:26.496399,0 days 00:00:22.494001,6,10,3.0,,,,,,,,,,,1.0,8.0,6.0,8.0,,,,,180,80.0,,,,,,,,,,,115.0,80.0,110.0,195.0,,,,,COMPLETE
603,603,0.856416054267948,2024-12-29 15:53:26.497006,2024-12-29 15:53:28.982514,0 days 00:00:02.485508,1,1,,,,,,,,,,,,,,,,,,,,105,,,,,,,,,,,,,,,,,,,,COMPLETE
604,604,0.8942358540454786,2024-12-29 15:53:28.982911,2024-12-29 15:53:37.713612,0 days 00:00:08.730701,2,10,3.0,,,,,,,,,,,,,,,,,,,200,120.0,,,,,,,,,,,,,,,,,,,COMPLETE
605,605,0.903125,2024-12-29 15:53:37.714312,2024-12-29 15:53:45.419390,0 days 00:00:07.705078,2,10,3.0,,,,,,,,,,,,,,,,,,,170,115.0,,,,,,,,,,,,,,,,,,,COMPLETE
606,606,0.7461538461538462,2024-12-29 15:53:45.420058,2024-12-29 15:53:54.485609,0 days 00:00:09.065551,1,10,,,,,,,,,,,,,,,,,,,,155,,,,,,,,,,,,,,,,,,,,COMPLETE
607,607,0.7662466024215469,2024-12-29 15:53:54.486061,2024-12-29 15:54:03.823565,0 days 00:00:09.337504,1,10,,,,,,,,,,,,,,,,,,,,165,,,,,,,,,,,,,,,,,,,,COMPLETE
608,608,0.8600328048113723,2024-12-29 15:54:03.824028,2024-12-29 15:54:11.422677,0 days 00:00:07.598649,2,10,3.0,,,,,,,,,,,,,,,,,,,165,115.0,,,,,,,,,,,,,,,,,,,COMPLETE
609,609,0.8692493946731235,2024-12-29 15:54:11.423095,2024-12-29 15:54:23.628036,0 days 00:00:12.204941,2,10,9.0,,,,,,,,,,,,,,,,,,,160,110.0,,,,,,,,,,,,,,,,,,,COMPLETE
610,610,0.8779904306220095,2024-12-29 15:54:23.628526,2024-12-29 15:54:31.148145,0 days 00:00:07.519619,2,10,3.0,,,,,,,,,,,,,,,,,,,175,125.0,,,,,,,,,,,,,,,,,,,COMPLETE
611,611,0.8777777777777778,2024-12-29 15:54:31.148856,2024-12-29 15:54:40.456725,0 days 00:00:09.307869,2,10,4.0,,,,,,,,,,,,,,,,,,,185,120.0,,,,,,,,,,,,,,,,,,,COMPLETE
612,612,0.9028213166144201,2024-12-29 15:54:40.457294,2024-12-29 15:54:47.321026,0 days 00:00:06.863732,2,9,3.0,,,,,,,,,,,,,,,,,,,170,115.0,,,,,,,,,,,,,,,,,,,COMPLETE
613,613,0.7840909090909092,2024-12-29 15:54:47.321568,2024-12-29 15:54:56.368480,0 days 00:00:09.046912,1,9,,,,,,,,,,,,,,,,,,,,175,,,,,,,,,,,,,,,,,,,,COMPLETE
614,614,0.8518218623481781,2024-12-29 15:54:56.368908,2024-12-29 15:55:05.485240,0 days 00:00:09.116332,2,9,6.0,,,,,,,,,,,,,,,,,,,165,110.0,,,,,,,,,,,,,,,,,,,COMPLETE
615,615,0.8799283154121864,2024-12-29 15:55:05.485742,2024-12-29 15:55:13.617516,0 days 00:00:08.131774,2,10,4.0,,,,,,,,,,,,,,,,,,,175,115.0,,,,,,,,,,,,,,,,,,,COMPLETE
616,616,0.861228813559322,2024-12-29 15:55:13.617979,2024-12-29 15:55:21.081159,0 days 00:00:07.463180,2,9,3.0,,,,,,,,,,,,,,,,,,,170,115.0,,,,,,,,,,,,,,,,,,,COMPLETE
617,617,0.21825396825396826,2024-12-29 15:55:21.081600,2024-12-29 15:56:55.340803,0 days 00:01:34.259203,7,8,8.0,,,,,,,,,,,9.0,10.0,7.0,11.0,11.0,,,,170,120.0,,,,,,,,,,,200.0,65.0,150.0,130.0,145.0,,,,COMPLETE
618,618,0.8095238095238095,2024-12-29 15:56:55.341921,2024-12-29 15:57:03.445018,0 days 00:00:08.103097,1,7,,,,,,,,,,,,,,,,,,,,170,,,,,,,,,,,,,,,,,,,,COMPLETE
619,619,0.8771883289124669,2024-12-29 15:57:03.445446,2024-12-29 15:57:10.812981,0 days 00:00:07.367535,2,10,3.0,,,,,,,,,,,,,,,,,,,165,110.0,,,,,,,,,,,,,,,,,,,COMPLETE
620,620,0.9106292966684294,2024-12-29 15:57:10.813412,2024-12-29 15:57:19.688529,0 days 00:00:08.875117,2,9,4.0,,,,,,,,,,,,,,,,,,,175,125.0,,,,,,,,,,,,,,,,,,,COMPLETE
621,621,0.7738751814223512,2024-12-29 15:57:19.689217,2024-12-29 15:57:28.767720,0 days 00:00:09.078503,1,9,,,,,,,,,,,,,,,,,,,,180,,,,,,,,,,,,,,,,,,,,COMPLETE
622,622,0.7602008788449466,2024-12-29 15:57:28.768327,2024-12-29 15:57:37.323912,0 days 00:00:08.555585,1,8,,,,,,,,,,,,,,,,,,,,170,,,,,,,,,,,,,,,,,,,,COMPLETE
623,623,0.8384074941451991,2024-12-29 15:57:37.324377,2024-12-29 15:57:47.049736,0 days 00:00:09.725359,2,9,5.0,,,,,,,,,,,,,,,,,,,180,115.0,,,,,,,,,,,,,,,,,,,COMPLETE
624,624,0.861904761904762,2024-12-29 15:57:47.050264,2024-12-29 15:57:54.845674,0 days 00:00:07.795410,2,9,3.0,,,,,,,,,,,,,,,,,,,170,130.0,,,,,,,,,,,,,,,,,,,COMPLETE
625,625,0.8617133791644632,2024-12-29 15:57:54.846095,2024-12-29 15:58:03.245186,0 days 00:00:08.399091,2,9,4.0,,,,,,,,,,,,,,,,,,,175,110.0,,,,,,,,,,,,,,,,,,,COMPLETE
626,626,0.8055555555555556,2024-12-29 15:58:03.245620,2024-12-29 15:58:11.657512,0 days 00:00:08.411892,1,8,,,,,,,,,,,,,,,,,,,,165,,,,,,,,,,,,,,,,,,,,COMPLETE
627,627,0.9098143236074271,2024-12-29 15:58:11.657952,2024-12-29 15:58:19.093727,0 days 00:00:07.435775,2,8,3.0,,,,,,,,,,,,,,,,,,,170,125.0,,,,,,,,,,,,,,,,,,,COMPLETE
628,628,0.8688172043010753,2024-12-29 15:58:19.094418,2024-12-29 15:58:33.676814,0 days 00:00:14.582396,2,8,10.0,,,,,,,,,,,,,,,,,,,170,125.0,,,,,,,,,,,,,,,,,,,COMPLETE
629,629,0.8868318122555411,2024-12-29 15:58:33.677490,2024-12-29 15:58:39.810049,0 days 00:00:06.132559,2,8,3.0,,,,,,,,,,,,,,,,,,,160,105.0,,,,,,,,,,,,,,,,,,,COMPLETE
630,630,0.22393822393822393,2024-12-29 15:58:39.810463,2024-12-29 15:58:59.343652,0 days 00:00:19.533189,13,8,3.0,11.0,7.0,9.0,,,,,,,,8.0,2.0,4.0,13.0,8.0,10.0,6.0,7.0,170,125.0,130.0,65.0,25.0,,,,,,,,35.0,200.0,35.0,110.0,165.0,135.0,90.0,200.0,COMPLETE
631,631,0.8291777188328913,2024-12-29 15:58:59.344392,2024-12-29 15:59:08.067448,0 days 00:00:08.723056,1,8,,,,,,,,,,,,,,,,,,,,175,,,,,,,,,,,,,,,,,,,,COMPLETE
632,632,0.8505140316754654,2024-12-29 15:59:08.067903,2024-12-29 15:59:16.187254,0 days 00:00:08.119351,2,7,4.0,,,,,,,,,,,,,,,,,,,180,115.0,,,,,,,,,,,,,,,,,,,COMPLETE
633,633,0.87042842215256,2024-12-29 15:59:16.188034,2024-12-29 15:59:23.758902,0 days 00:00:07.570868,2,9,3.0,,,,,,,,,,,,,,,,,,,190,120.0,,,,,,,,,,,,,,,,,,,COMPLETE
634,634,0.7461538461538462,2024-12-29 15:59:23.759509,2024-12-29 15:59:32.082871,0 days 00:00:08.323362,1,8,,,,,,,,,,,,,,,,,,,,160,,,,,,,,,,,,,,,,,,,,COMPLETE
635,635,0.8944444444444444,2024-12-29 15:59:32.083328,2024-12-29 15:59:42.500102,0 days 00:00:10.416774,2,8,6.0,,,,,,,,,,,,,,,,,,,165,130.0,,,,,,,,,,,,,,,,,,,COMPLETE
636,636,0.8385416666666667,2024-12-29 15:59:42.500653,2024-12-29 15:59:49.045170,0 days 00:00:06.544517,2,8,2.0,,,,,,,,,,,,,,,,,,,175,125.0,,,,,,,,,,,,,,,,,,,COMPLETE
637,637,0.0,2024-12-29 15:59:49.045598,2024-12-29 16:04:12.338892,0 days 00:04:23.293294,17,9,3.0,9.0,3.0,6.0,13.0,6.0,5.0,15.0,,,,13.0,5.0,8.0,5.0,9.0,4.0,15.0,15.0,175,120.0,180.0,160.0,180.0,110.0,65.0,35.0,150.0,,,,195.0,70.0,70.0,175.0,70.0,170.0,170.0,185.0,COMPLETE
638,638,0.8868318122555411,2024-12-29 16:04:12.340217,2024-12-29 16:04:20.840420,0 days 00:00:08.500203,2,9,4.0,,,,,,,,,,,,,,,,,,,170,120.0,,,,,,,,,,,,,,,,,,,COMPLETE
639,639,0.885483870967742,2024-12-29 16:04:20.840880,2024-12-29 16:04:28.066924,0 days 00:00:07.226044,2,8,3.0,,,,,,,,,,,,,,,,,,,160,130.0,,,,,,,,,,,,,,,,,,,COMPLETE
640,640,0.861228813559322,2024-12-29 16:04:28.067362,2024-12-29 16:04:36.538472,0 days 00:00:08.471110,1,7,,,,,,,,,,,,,,,,,,,,185,,,,,,,,,,,,,,,,,,,,COMPLETE
641,641,0.8960573476702509,2024-12-29 16:04:36.538937,2024-12-29 16:04:46.082713,0 days 00:00:09.543776,2,9,5.0,,,,,,,,,,,,,,,,,,,175,115.0,,,,,,,,,,,,,,,,,,,COMPLETE
642,642,0.861228813559322,2024-12-29 16:04:46.083252,2024-12-29 16:04:52.716142,0 days 00:00:06.632890,2,9,2.0,,,,,,,,,,,,,,,,,,,165,125.0,,,,,,,,,,,,,,,,,,,COMPLETE
643,643,0.7663043478260869,2024-12-29 16:04:52.716551,2024-12-29 16:05:02.178881,0 days 00:00:09.462330,1,10,,,,,,,,,,,,,,,,,,,,170,,,,,,,,,,,,,,,,,,,,COMPLETE
644,644,0.8360215053763441,2024-12-29 16:05:02.179806,2024-12-29 16:05:16.767214,0 days 00:00:14.587408,3,9,3.0,,,,,,,,,,,6.0,,,,,,,,180,125.0,,,,,,,,,,,180.0,,,,,,,,COMPLETE
645,645,0.8593582887700535,2024-12-29 16:05:16.767729,2024-12-29 16:05:22.519508,0 days 00:00:05.751779,2,10,1.0,,,,,,,,,,,,,,,,,,,165,110.0,,,,,,,,,,,,,,,,,,,COMPLETE
646,646,0.6770491803278689,2024-12-29 16:05:22.519967,2024-12-29 16:05:40.065666,0 days 00:00:17.545699,3,7,4.0,,,,,,,,,,,10.0,,,,,,,,170,120.0,,,,,,,,,,,190.0,,,,,,,,COMPLETE
647,647,0.8538884524744697,2024-12-29 16:05:40.066191,2024-12-29 16:05:47.692551,0 days 00:00:07.626360,2,10,3.0,,,,,,,,,,,,,,,,,,,160,130.0,,,,,,,,,,,,,,,,,,,COMPLETE
648,648,0.8548009367681498,2024-12-29 16:05:47.693103,2024-12-29 16:05:57.591165,0 days 00:00:09.898062,3,8,5.0,,,,,,,,,,,1.0,,,,,,,,175,115.0,,,,,,,,,,,50.0,,,,,,,,COMPLETE
649,649,0.8356681034482758,2024-12-29 16:05:57.591893,2024-12-29 16:06:05.447399,0 days 00:00:07.855506,2,10,3.0,,,,,,,,,,,,,,,,,,,185,105.0,,,,,,,,,,,,,,,,,,,COMPLETE
650,650,0.6945701357466063,2024-12-29 16:06:05.448028,2024-12-29 16:06:16.203729,0 days 00:00:10.755701,1,13,,,,,,,,,,,,,,,,,,,,165,,,,,,,,,,,,,,,,,,,,COMPLETE
651,651,0.8777777777777778,2024-12-29 16:06:16.204198,2024-12-29 16:06:24.316117,0 days 00:00:08.111919,2,10,4.0,,,,,,,,,,,,,,,,,,,165,105.0,,,,,,,,,,,,,,,,,,,COMPLETE
652,652,0.8852459016393442,2024-12-29 16:06:24.316552,2024-12-29 16:06:32.702257,0 days 00:00:08.385705,3,9,1.0,,,,,,,,,,,7.0,,,,,,,,175,125.0,,,,,,,,,,,70.0,,,,,,,,COMPLETE
653,653,0.0,2024-12-29 16:06:32.702729,2024-12-29 16:09:48.132555,0 days 00:03:15.429826,19,13,2.0,2.0,5.0,8.0,1.0,13.0,3.0,5.0,9.0,8.0,,5.0,13.0,2.0,14.0,7.0,8.0,8.0,10.0,160,120.0,155.0,170.0,160.0,80.0,180.0,110.0,60.0,195.0,115.0,,65.0,150.0,165.0,35.0,15.0,190.0,155.0,165.0,COMPLETE
654,654,0.8847503373819163,2024-12-29 16:09:48.133931,2024-12-29 16:09:59.281302,0 days 00:00:11.147371,2,14,5.0,,,,,,,,,,,,,,,,,,,185,110.0,,,,,,,,,,,,,,,,,,,COMPLETE
655,655,0.7431561996779388,2024-12-29 16:09:59.281991,2024-12-29 16:10:09.042993,0 days 00:00:09.761002,1,10,,,,,,,,,,,,,,,,,,,,180,,,,,,,,,,,,,,,,,,,,COMPLETE
656,656,0.859212684527064,2024-12-29 16:10:09.043509,2024-12-29 16:10:17.470386,0 days 00:00:08.426877,3,8,3.0,,,,,,,,,,,1.0,,,,,,,,170,130.0,,,,,,,,,,,200.0,,,,,,,,COMPLETE
657,657,0.4847198641765704,2024-12-29 16:10:17.470864,2024-12-29 16:10:32.270037,0 days 00:00:14.799173,5,10,3.0,,,,,,,,,,,5.0,7.0,12.0,,,,,,155,115.0,,,,,,,,,,,190.0,5.0,50.0,,,,,,COMPLETE
658,658,0.8526881720430108,2024-12-29 16:10:32.270593,2024-12-29 16:10:41.758463,0 days 00:00:09.487870,2,13,4.0,,,,,,,,,,,,,,,,,,,175,135.0,,,,,,,,,,,,,,,,,,,COMPLETE
659,659,0.8688524590163934,2024-12-29 16:10:41.759329,2024-12-29 16:10:53.788821,0 days 00:00:12.029492,3,10,7.0,,,,,,,,,,,1.0,,,,,,,,170,115.0,,,,,,,,,,,55.0,,,,,,,,COMPLETE
660,660,0.861228813559322,2024-12-29 16:10:53.789470,2024-12-29 16:10:59.181559,0 days 00:00:05.392089,2,9,7.0,,,,,,,,,,,,,,,,,,,65,120.0,,,,,,,,,,,,,,,,,,,COMPLETE
661,661,0.8618037135278515,2024-12-29 16:10:59.182011,2024-12-29 16:11:07.040921,0 days 00:00:07.858910,3,10,2.0,,,,,,,,,,,1.0,,,,,,,,180,120.0,,,,,,,,,,,80.0,,,,,,,,COMPLETE
662,662,0.8544980443285528,2024-12-29 16:11:07.041383,2024-12-29 16:11:14.644339,0 days 00:00:07.602956,2,9,3.0,,,,,,,,,,,,,,,,,,,190,100.0,,,,,,,,,,,,,,,,,,,COMPLETE
663,663,0.7969483568075117,2024-12-29 16:11:14.644793,2024-12-29 16:11:21.904493,0 days 00:00:07.259700,1,10,,,,,,,,,,,,,,,,,,,,90,,,,,,,,,,,,,,,,,,,,COMPLETE
664,664,0.8544980443285528,2024-12-29 16:11:21.904934,2024-12-29 16:11:27.244121,0 days 00:00:05.339187,3,13,4.0,,,,,,,,,,,1.0,,,,,,,,55,125.0,,,,,,,,,,,25.0,,,,,,,,COMPLETE
665,665,0.382051282051282,2024-12-29 16:11:27.244573,2024-12-29 16:11:41.548715,0 days 00:00:14.304142,5,14,6.0,,,,,,,,,,,1.0,11.0,1.0,,,,,,165,110.0,,,,,,,,,,,75.0,35.0,95.0,,,,,,COMPLETE
666,666,0.8277511961722488,2024-12-29 16:11:41.549660,2024-12-29 16:11:47.110202,0 days 00:00:05.560542,2,8,1.0,,,,,,,,,,,,,,,,,,,170,135.0,,,,,,,,,,,,,,,,,,,COMPLETE
667,667,0.8863576852579209,2024-12-29 16:11:47.110634,2024-12-29 16:11:51.839325,0 days 00:00:04.728691,2,10,2.0,,,,,,,,,,,,,,,,,,,95,100.0,,,,,,,,,,,,,,,,,,,COMPLETE
668,668,0.861228813559322,2024-12-29 16:11:51.839945,2024-12-29 16:11:59.792450,0 days 00:00:07.952505,3,7,3.0,,,,,,,,,,,2.0,,,,,,,,175,105.0,,,,,,,,,,,140.0,,,,,,,,COMPLETE
669,669,0.861904761904762,2024-12-29 16:11:59.792960,2024-12-29 16:12:04.572742,0 days 00:00:04.779782,2,9,3.0,,,,,,,,,,,,,,,,,,,75,130.0,,,,,,,,,,,,,,,,,,,COMPLETE
670,670,0.696969696969697,2024-12-29 16:12:04.573154,2024-12-29 16:12:12.987202,0 days 00:00:08.414048,1,13,,,,,,,,,,,,,,,,,,,,100,,,,,,,,,,,,,,,,,,,,COMPLETE
671,671,0.6567255021302496,2024-12-29 16:12:12.987664,2024-12-29 16:12:31.890040,0 days 00:00:18.902376,3,10,4.0,,,,,,,,,,,14.0,,,,,,,,85,115.0,,,,,,,,,,,190.0,,,,,,,,COMPLETE
672,672,0.7622100122100122,2024-12-29 16:12:31.890581,2024-12-29 16:12:47.767355,0 days 00:00:15.876774,3,10,3.0,,,,,,,,,,,8.0,,,,,,,,170,110.0,,,,,,,,,,,195.0,,,,,,,,COMPLETE
673,673,0.4447225698790155,2024-12-29 16:12:47.768380,2024-12-29 16:13:06.847244,0 days 00:00:19.078864,12,13,2.0,14.0,9.0,,,,,,,,,1.0,3.0,10.0,7.0,12.0,1.0,14.0,8.0,95,120.0,40.0,90.0,,,,,,,,,145.0,15.0,120.0,65.0,60.0,75.0,70.0,90.0,COMPLETE
674,674,0.8938029661016949,2024-12-29 16:13:06.847974,2024-12-29 16:13:14.790706,0 days 00:00:07.942732,2,9,3.0,,,,,,,,,,,,,,,,,,,180,125.0,,,,,,,,,,,,,,,,,,,COMPLETE
675,675,0.8777777777777778,2024-12-29 16:13:14.791153,2024-12-29 16:13:23.210712,0 days 00:00:08.419559,2,10,4.0,,,,,,,,,,,,,,,,,,,165,115.0,,,,,,,,,,,,,,,,,,,COMPLETE
676,676,0.8109161793372319,2024-12-29 16:13:23.211162,2024-12-29 16:13:26.116966,0 days 00:00:02.905804,1,3,,,,,,,,,,,,,,,,,,,,160,,,,,,,,,,,,,,,,,,,,COMPLETE
677,677,0.7698778833107192,2024-12-29 16:13:26.117355,2024-12-29 16:13:33.129413,0 days 00:00:07.012058,3,9,5.0,,,,,,,,,,,4.0,,,,,,,,100,95.0,,,,,,,,,,,40.0,,,,,,,,COMPLETE
678,678,0.5107682417229187,2024-12-29 16:13:33.130157,2024-12-29 16:13:50.844517,0 days 00:00:17.714360,4,8,3.0,,,,,,,,,,,6.0,4.0,,,,,,,150,130.0,,,,,,,,,,,185.0,95.0,,,,,,,COMPLETE
679,679,0.8781779661016949,2024-12-29 16:13:50.845308,2024-12-29 16:13:59.241022,0 days 00:00:08.395714,2,13,2.0,,,,,,,,,,,,,,,,,,,195,120.0,,,,,,,,,,,,,,,,,,,COMPLETE
680,680,0.8548009367681498,2024-12-29 16:13:59.241464,2024-12-29 16:14:09.682553,0 days 00:00:10.441089,3,10,3.0,,,,,,,,,,,2.0,,,,,,,,170,135.0,,,,,,,,,,,155.0,,,,,,,,COMPLETE
681,681,0.903125,2024-12-29 16:14:09.683059,2024-12-29 16:14:17.005835,0 days 00:00:07.322776,2,14,1.0,,,,,,,,,,,,,,,,,,,185,110.0,,,,,,,,,,,,,,,,,,,COMPLETE
682,682,0.7528567632208344,2024-12-29 16:14:17.006283,2024-12-29 16:14:25.466555,0 days 00:00:08.460272,1,15,,,,,,,,,,,,,,,,,,,,185,,,,,,,,,,,,,,,,,,,,COMPLETE
683,683,0.8544980443285528,2024-12-29 16:14:25.467248,2024-12-29 16:14:33.055429,0 days 00:00:07.588181,2,15,1.0,,,,,,,,,,,,,,,,,,,185,110.0,,,,,,,,,,,,,,,,,,,COMPLETE
684,684,0.6921832884097034,2024-12-29 16:14:33.056085,2024-12-29 16:14:45.281880,0 days 00:00:12.225795,1,14,,,,,,,,,,,,,,,,,,,,195,,,,,,,,,,,,,,,,,,,,COMPLETE
685,685,0.8868318122555411,2024-12-29 16:14:45.282430,2024-12-29 16:14:52.646660,0 days 00:00:07.364230,2,15,1.0,,,,,,,,,,,,,,,,,,,180,105.0,,,,,,,,,,,,,,,,,,,COMPLETE
686,686,0.8618037135278515,2024-12-29 16:14:52.647125,2024-12-29 16:14:59.991231,0 days 00:00:07.344106,2,14,1.0,,,,,,,,,,,,,,,,,,,185,115.0,,,,,,,,,,,,,,,,,,,COMPLETE
687,687,0.6869519000797236,2024-12-29 16:14:59.991689,2024-12-29 16:15:11.702771,0 days 00:00:11.711082,1,14,,,,,,,,,,,,,,,,,,,,180,,,,,,,,,,,,,,,,,,,,COMPLETE
688,688,0.8618037135278515,2024-12-29 16:15:11.703255,2024-12-29 16:15:18.269744,0 days 00:00:06.566489,2,14,1.0,,,,,,,,,,,,,,,,,,,175,120.0,,,,,,,,,,,,,,,,,,,COMPLETE
689,689,0.87042842215256,2024-12-29 16:15:18.270432,2024-12-29 16:15:25.037160,0 days 00:00:06.766728,2,14,1.0,,,,,,,,,,,,,,,,,,,185,110.0,,,,,,,,,,,,,,,,,,,COMPLETE
690,690,0.8435501066098081,2024-12-29 16:15:25.037808,2024-12-29 16:15:31.994088,0 days 00:00:06.956280,2,14,1.0,,,,,,,,,,,,,,,,,,,175,105.0,,,,,,,,,,,,,,,,,,,COMPLETE
691,691,0.5258620689655172,2024-12-29 16:15:31.994559,2024-12-29 16:16:06.541677,0 days 00:00:34.547118,6,15,1.0,,,,,,,,,,,15.0,8.0,5.0,2.0,,,,,190,115.0,,,,,,,,,,,195.0,55.0,65.0,160.0,,,,,COMPLETE
692,692,0.6869519000797236,2024-12-29 16:16:06.542501,2024-12-29 16:16:16.964890,0 days 00:00:10.422389,1,14,,,,,,,,,,,,,,,,,,,,145,,,,,,,,,,,,,,,,,,,,COMPLETE
693,693,0.8618037135278515,2024-12-29 16:16:16.965613,2024-12-29 16:16:23.276161,0 days 00:00:06.310548,2,10,1.0,,,,,,,,,,,,,,,,,,,195,100.0,,,,,,,,,,,,,,,,,,,COMPLETE
694,694,0.7009803921568627,2024-12-29 16:16:23.276594,2024-12-29 16:16:29.923296,0 days 00:00:06.646702,1,13,,,,,,,,,,,,,,,,,,,,50,,,,,,,,,,,,,,,,,,,,COMPLETE
695,695,0.8831168831168831,2024-12-29 16:16:29.923768,2024-12-29 16:16:36.881023,0 days 00:00:06.957255,2,10,2.0,,,,,,,,,,,,,,,,,,,180,110.0,,,,,,,,,,,,,,,,,,,COMPLETE
696,696,0.8604465709728868,2024-12-29 16:16:36.881451,2024-12-29 16:16:41.100296,0 days 00:00:04.218845,2,10,1.0,,,,,,,,,,,,,,,,,,,90,110.0,,,,,,,,,,,,,,,,,,,COMPLETE
697,697,0.7528567632208344,2024-12-29 16:16:41.100812,2024-12-29 16:16:48.736375,0 days 00:00:07.635563,1,15,,,,,,,,,,,,,,,,,,,,190,,,,,,,,,,,,,,,,,,,,COMPLETE
698,698,0.8708333333333333,2024-12-29 16:16:48.736913,2024-12-29 16:16:55.150056,0 days 00:00:06.413143,2,10,2.0,,,,,,,,,,,,,,,,,,,155,115.0,,,,,,,,,,,,,,,,,,,COMPLETE
699,699,0.873015873015873,2024-12-29 16:16:55.150503,2024-12-29 16:17:02.402039,0 days 00:00:07.251536,3,13,1.0,,,,,,,,,,,9.0,,,,,,,,165,125.0,,,,,,,,,,,5.0,,,,,,,,COMPLETE
700,700,0.21589688506981738,2024-12-29 16:17:02.402546,2024-12-29 16:18:02.494670,0 days 00:01:00.092124,8,10,3.0,,,,,,,,,,,11.0,9.0,11.0,4.0,1.0,6.0,,,95,105.0,,,,,,,,,,,175.0,100.0,135.0,15.0,95.0,155.0,,,COMPLETE
701,701,0.8771883289124669,2024-12-29 16:18:02.495842,2024-12-29 16:18:09.414741,0 days 00:00:06.918899,2,10,2.0,,,,,,,,,,,,,,,,,,,175,115.0,,,,,,,,,,,,,,,,,,,COMPLETE
702,702,0.0,2024-12-29 16:18:09.415358,2024-12-29 16:20:53.793163,0 days 00:02:44.377805,20,13,3.0,1.0,11.0,5.0,7.0,10.0,12.0,11.0,5.0,7.0,6.0,12.0,12.0,9.0,15.0,14.0,15.0,10.0,14.0,130,95.0,80.0,115.0,110.0,35.0,80.0,170.0,120.0,150.0,5.0,145.0,60.0,110.0,25.0,95.0,105.0,15.0,190.0,130.0,COMPLETE
703,703,0.8544980443285528,2024-12-29 16:20:53.794823,2024-12-29 16:20:58.827798,0 days 00:00:05.032975,2,10,2.0,,,,,,,,,,,,,,,,,,,100,120.0,,,,,,,,,,,,,,,,,,,COMPLETE
704,704,0.8380355276907001,2024-12-29 16:20:58.828426,2024-12-29 16:21:08.900367,0 days 00:00:10.071941,2,14,3.0,,,,,,,,,,,,,,,,,,,190,140.0,,,,,,,,,,,,,,,,,,,COMPLETE
705,705,0.7110512129380053,2024-12-29 16:21:08.900911,2024-12-29 16:21:15.711785,0 days 00:00:06.810874,1,13,,,,,,,,,,,,,,,,,,,,55,,,,,,,,,,,,,,,,,,,,COMPLETE
706,706,0.8938029661016949,2024-12-29 16:21:15.712236,2024-12-29 16:21:30.102602,0 days 00:00:14.390366,3,12,1.0,,,,,,,,,,,4.0,,,,,,,,170,200.0,,,,,,,,,,,190.0,,,,,,,,COMPLETE
707,707,0.9091151385927505,2024-12-29 16:21:30.103129,2024-12-29 16:21:37.498143,0 days 00:00:07.395014,3,10,3.0,,,,,,,,,,,4.0,,,,,,,,60,105.0,,,,,,,,,,,150.0,,,,,,,,COMPLETE
708,708,0.45883940620782726,2024-12-29 16:21:37.498608,2024-12-29 16:21:51.095739,0 days 00:00:13.597131,4,10,3.0,,,,,,,,,,,5.0,7.0,,,,,,,50,105.0,,,,,,,,,,,150.0,120.0,,,,,,,COMPLETE
709,709,0.48379705400982,2024-12-29 16:21:51.096381,2024-12-29 16:21:59.875862,0 days 00:00:08.779481,3,10,9.0,,,,,,,,,,,5.0,,,,,,,,50,105.0,,,,,,,,,,,145.0,,,,,,,,COMPLETE
710,710,0.7950558213716108,2024-12-29 16:21:59.876603,2024-12-29 16:22:09.533404,0 days 00:00:09.656801,3,10,2.0,,,,,,,,,,,10.0,,,,,,,,45,100.0,,,,,,,,,,,140.0,,,,,,,,COMPLETE
711,711,0.5692307692307692,2024-12-29 16:22:09.534021,2024-12-29 16:22:23.921498,0 days 00:00:14.387477,4,10,3.0,,,,,,,,,,,6.0,5.0,,,,,,,65,155.0,,,,,,,,,,,180.0,20.0,,,,,,,COMPLETE
712,712,0.8938029661016949,2024-12-29 16:22:23.922051,2024-12-29 16:22:30.348927,0 days 00:00:06.426876,3,10,1.0,,,,,,,,,,,4.0,,,,,,,,50,95.0,,,,,,,,,,,155.0,,,,,,,,COMPLETE
