,number,value,datetime_start,datetime_complete,duration,params_depth,params_neurons_layer_0,params_neurons_layer_1,params_neurons_layer_2,params_neurons_layer_3,params_neurons_layer_4,params_neurons_layer_5,params_neurons_layer_6,params_neurons_layer_7,params_neurons_layer_8,params_neurons_layer_9,params_orders_layer_0,params_orders_layer_1,params_orders_layer_2,params_orders_layer_3,params_orders_layer_4,params_orders_layer_5,params_orders_layer_6,params_orders_layer_7,params_orders_layer_8,params_orders_layer_9,state
0,0,0.9273330318106437,2025-01-02 04:04:22.644244,2025-01-02 04:04:41.359988,0 days 00:00:18.715744,7,65,5.0,100.0,20.0,95.0,55.0,60.0,,,,3,2.0,6.0,6.0,3.0,2.0,4.0,,,,COMPLETE
1,1,0.7601895653366242,2025-01-02 04:04:41.360574,2025-01-02 04:05:09.750450,0 days 00:00:28.389876,9,85,25.0,45.0,35.0,60.0,85.0,60.0,85.0,65.0,,6,5.0,3.0,5.0,4.0,6.0,6.0,2.0,6.0,,COMPLETE
2,2,0.8821266968325792,2025-01-02 04:05:09.751192,2025-01-02 04:05:40.285247,0 days 00:00:30.534055,9,10,35.0,80.0,20.0,70.0,95.0,95.0,70.0,100.0,,4,6.0,4.0,5.0,2.0,2.0,2.0,4.0,4.0,,COMPLETE
3,3,0.9281947510424331,2025-01-02 04:05:40.286039,2025-01-02 04:06:00.351518,0 days 00:00:20.065479,7,35,95.0,80.0,75.0,15.0,75.0,20.0,,,,3,5.0,6.0,2.0,3.0,4.0,2.0,,,,COMPLETE
4,4,0.9441176634260625,2025-01-02 04:06:00.352119,2025-01-02 04:06:20.312451,0 days 00:00:19.960332,7,25,40.0,35.0,100.0,60.0,40.0,65.0,,,,5,3.0,3.0,3.0,3.0,3.0,4.0,,,,COMPLETE
5,5,0.939001373641714,2025-01-02 04:06:20.313050,2025-01-02 04:06:29.569483,0 days 00:00:09.256433,3,40,5.0,30.0,,,,,,,,5,2.0,5.0,,,,,,,,COMPLETE
6,6,0.9492891021459606,2025-01-02 04:06:29.569973,2025-01-02 04:06:35.321332,0 days 00:00:05.751359,2,70,70.0,,,,,,,,,2,3.0,,,,,,,,,COMPLETE
7,7,0.9458532310576437,2025-01-02 04:06:35.321714,2025-01-02 04:06:38.932667,0 days 00:00:03.610953,1,100,,,,,,,,,,3,,,,,,,,,,COMPLETE
8,8,0.9269823288262774,2025-01-02 04:06:38.933029,2025-01-02 04:07:06.564500,0 days 00:00:27.631471,8,20,20.0,35.0,40.0,80.0,5.0,100.0,30.0,,,4,2.0,2.0,3.0,4.0,6.0,3.0,4.0,,,COMPLETE
9,9,0.9344853914562403,2025-01-02 04:07:06.565281,2025-01-02 04:07:11.564795,0 days 00:00:04.999514,1,45,,,,,,,,,,5,,,,,,,,,,COMPLETE
10,10,0.937545080284519,2025-01-02 04:07:11.565366,2025-01-02 04:07:18.685031,0 days 00:00:07.119665,4,65,75.0,5.0,70.0,,,,,,,2,4.0,2.0,2.0,,,,,,,COMPLETE
11,11,0.9642566928872698,2025-01-02 04:07:18.685443,2025-01-02 04:07:21.370361,0 days 00:00:02.684918,1,100,,,,,,,,,,2,,,,,,,,,,COMPLETE
12,12,0.9371306807000972,2025-01-02 04:07:21.370775,2025-01-02 04:07:30.000715,0 days 00:00:08.629940,3,100,60.0,5.0,,,,,,,,2,4.0,4.0,,,,,,,,COMPLETE
13,13,0.9524560788438317,2025-01-02 04:07:30.001117,2025-01-02 04:07:33.803300,0 days 00:00:03.802183,2,80,100.0,,,,,,,,,2,3.0,,,,,,,,,COMPLETE
14,14,0.9490452261306532,2025-01-02 04:07:33.803650,2025-01-02 04:07:48.638267,0 days 00:00:14.834617,5,85,100.0,70.0,100.0,15.0,,,,,,2,3.0,5.0,6.0,6.0,,,,,,COMPLETE
15,15,0.9513581771242563,2025-01-02 04:07:48.638744,2025-01-02 04:07:55.511547,0 days 00:00:06.872803,2,85,85.0,,,,,,,,,3,6.0,,,,,,,,,COMPLETE
16,16,0.9456982373074411,2025-01-02 04:07:55.511921,2025-01-02 04:08:10.159261,0 days 00:00:14.647340,5,75,55.0,100.0,5.0,35.0,,,,,,2,5.0,5.0,4.0,6.0,,,,,,COMPLETE
17,17,0.94578775987309,2025-01-02 04:08:10.159741,2025-01-02 04:08:14.457217,0 days 00:00:04.297476,1,100,,,,,,,,,,4,,,,,,,,,,COMPLETE
18,18,0.9415594550603135,2025-01-02 04:08:14.457564,2025-01-02 04:08:20.112979,0 days 00:00:05.655415,3,55,85.0,60.0,,,,,,,,3,3.0,3.0,,,,,,,,COMPLETE
19,19,0.9391062385218989,2025-01-02 04:08:20.113462,2025-01-02 04:08:25.989865,0 days 00:00:05.876403,2,90,70.0,,,,,,,,,2,4.0,,,,,,,,,COMPLETE
20,20,0.9414653243847875,2025-01-02 04:08:25.990339,2025-01-02 04:08:39.071813,0 days 00:00:13.081474,4,55,45.0,20.0,65.0,,,,,,,4,4.0,6.0,4.0,,,,,,,COMPLETE
21,21,0.9547621385783027,2025-01-02 04:08:39.072264,2025-01-02 04:08:45.537149,0 days 00:00:06.464885,2,90,85.0,,,,,,,,,3,6.0,,,,,,,,,COMPLETE
22,22,0.9463427364025894,2025-01-02 04:08:45.537626,2025-01-02 04:08:51.994710,0 days 00:00:06.457084,2,75,85.0,,,,,,,,,3,6.0,,,,,,,,,COMPLETE
23,23,0.9408843088425338,2025-01-02 04:08:51.995180,2025-01-02 04:08:54.757330,0 days 00:00:02.762150,1,95,,,,,,,,,,2,,,,,,,,,,COMPLETE
24,24,0.9525330848503001,2025-01-02 04:08:54.757655,2025-01-02 04:09:06.507362,0 days 00:00:11.749707,4,80,100.0,55.0,85.0,,,,,,,3,5.0,2.0,5.0,,,,,,,COMPLETE
25,25,0.9573114026733593,2025-01-02 04:09:06.507799,2025-01-02 04:09:19.496678,0 days 00:00:12.988879,4,90,90.0,55.0,80.0,,,,,,,3,5.0,2.0,5.0,,,,,,,COMPLETE
26,26,0.9313769372796956,2025-01-02 04:09:19.497238,2025-01-02 04:09:42.356643,0 days 00:00:22.859405,6,90,65.0,70.0,55.0,40.0,5.0,,,,,3,6.0,4.0,4.0,5.0,5.0,,,,,COMPLETE
27,27,0.9446687900770321,2025-01-02 04:09:42.357156,2025-01-02 04:09:52.006026,0 days 00:00:09.648870,3,95,80.0,45.0,,,,,,,,3,5.0,3.0,,,,,,,,COMPLETE
28,28,0.9389797855706947,2025-01-02 04:09:52.006410,2025-01-02 04:10:02.235739,0 days 00:00:10.229329,4,90,90.0,20.0,85.0,,,,,,,4,6.0,2.0,6.0,,,,,,,COMPLETE
29,29,0.9366828741220962,2025-01-02 04:10:02.236183,2025-01-02 04:10:36.921281,0 days 00:00:34.685098,10,65,50.0,85.0,50.0,100.0,35.0,5.0,5.0,15.0,45.0,3,5.0,4.0,3.0,2.0,4.0,6.0,6.0,2.0,6.0,COMPLETE
30,30,0.9051841631471791,2025-01-02 04:10:36.922277,2025-01-02 04:10:55.733536,0 days 00:00:18.811259,6,65,60.0,65.0,85.0,5.0,65.0,,,,,3,6.0,3.0,5.0,5.0,5.0,,,,,COMPLETE
31,31,0.9490175385697774,2025-01-02 04:10:55.734078,2025-01-02 04:11:07.367631,0 days 00:00:11.633553,4,80,95.0,55.0,85.0,,,,,,,3,5.0,2.0,5.0,,,,,,,COMPLETE
32,32,0.9307684174207264,2025-01-02 04:11:07.368078,2025-01-02 04:11:22.995877,0 days 00:00:15.627799,5,95,90.0,50.0,90.0,40.0,,,,,,6,5.0,2.0,5.0,5.0,,,,,,COMPLETE
33,33,0.9507955854607383,2025-01-02 04:11:22.996372,2025-01-02 04:11:31.584514,0 days 00:00:08.588142,3,80,75.0,55.0,,,,,,,,4,5.0,2.0,,,,,,,,COMPLETE
34,34,0.9507899320530443,2025-01-02 04:11:31.584909,2025-01-02 04:11:42.302577,0 days 00:00:10.717668,4,90,100.0,40.0,60.0,,,,,,,3,6.0,3.0,6.0,,,,,,,COMPLETE
35,35,0.9436091362880048,2025-01-02 04:11:42.303095,2025-01-02 04:11:45.218008,0 days 00:00:02.914913,1,75,,,,,,,,,,2,,,,,,,,,,COMPLETE
36,36,0.9464988814317674,2025-01-02 04:11:45.218347,2025-01-02 04:11:53.133440,0 days 00:00:07.915093,2,100,80.0,,,,,,,,,4,5.0,,,,,,,,,COMPLETE
37,37,0.9322660098522167,2025-01-02 04:11:53.133932,2025-01-02 04:12:14.275283,0 days 00:00:21.141351,6,5,90.0,90.0,75.0,25.0,20.0,,,,,3,6.0,2.0,5.0,4.0,3.0,,,,,COMPLETE
38,38,0.9491092448199289,2025-01-02 04:12:14.275810,2025-01-02 04:12:24.798226,0 days 00:00:10.522416,3,85,95.0,25.0,,,,,,,,5,5.0,3.0,,,,,,,,COMPLETE
39,39,0.9432163115131075,2025-01-02 04:12:24.798766,2025-01-02 04:12:30.324018,0 days 00:00:05.525252,2,70,80.0,,,,,,,,,2,4.0,,,,,,,,,COMPLETE
40,40,0.937450609382826,2025-01-02 04:12:30.324379,2025-01-02 04:12:49.256545,0 days 00:00:18.932166,7,30,35.0,70.0,95.0,85.0,100.0,35.0,,,,3,6.0,2.0,4.0,2.0,3.0,5.0,,,,COMPLETE
41,41,0.9475285529651263,2025-01-02 04:12:49.257248,2025-01-02 04:12:52.643589,0 days 00:00:03.386341,2,80,100.0,,,,,,,,,2,3.0,,,,,,,,,COMPLETE
42,42,0.9416248041916491,2025-01-02 04:12:52.643978,2025-01-02 04:12:55.563620,0 days 00:00:02.919642,1,95,,,,,,,,,,2,,,,,,,,,,COMPLETE
43,43,0.9643250688705234,2025-01-02 04:12:55.563997,2025-01-02 04:13:01.221182,0 days 00:00:05.657185,3,80,100.0,60.0,,,,,,,,2,2.0,4.0,,,,,,,,COMPLETE
44,44,0.9524621728557199,2025-01-02 04:13:01.221593,2025-01-02 04:13:10.587215,0 days 00:00:09.365622,3,60,90.0,60.0,,,,,,,,2,2.0,5.0,,,,,,,,COMPLETE
45,45,0.9294916243932703,2025-01-02 04:13:10.587755,2025-01-02 04:13:23.265533,0 days 00:00:12.677778,4,45,95.0,50.0,75.0,,,,,,,5,4.0,4.0,6.0,,,,,,,COMPLETE
46,46,0.9271117013526993,2025-01-02 04:13:23.266021,2025-01-02 04:13:40.975951,0 days 00:00:17.709930,5,85,10.0,65.0,50.0,75.0,,,,,,2,5.0,6.0,4.0,6.0,,,,,,COMPLETE
47,47,0.9433061722289979,2025-01-02 04:13:40.976469,2025-01-02 04:13:50.532877,0 days 00:00:09.556408,4,95,75.0,45.0,80.0,,,,,,,3,2.0,3.0,5.0,,,,,,,COMPLETE
48,48,0.9449376109624665,2025-01-02 04:13:50.533434,2025-01-02 04:14:01.623440,0 days 00:00:11.090006,3,70,25.0,75.0,,,,,,,,4,5.0,4.0,,,,,,,,COMPLETE
49,49,0.9308747065906808,2025-01-02 04:14:01.623881,2025-01-02 04:14:05.360663,0 days 00:00:03.736782,1,100,,,,,,,,,,3,,,,,,,,,,COMPLETE
50,50,0.9271326516318812,2025-01-02 04:14:05.361069,2025-01-02 04:14:18.734417,0 days 00:00:13.373348,5,75,100.0,90.0,60.0,50.0,,,,,,6,4.0,3.0,4.0,3.0,,,,,,COMPLETE
51,51,0.9509232640424591,2025-01-02 04:14:18.734952,2025-01-02 04:14:26.953999,0 days 00:00:08.219047,3,60,90.0,60.0,,,,,,,,2,2.0,5.0,,,,,,,,COMPLETE
52,52,0.9549998749996528,2025-01-02 04:14:26.954417,2025-01-02 04:14:35.965353,0 days 00:00:09.010936,3,45,95.0,60.0,,,,,,,,2,2.0,5.0,,,,,,,,COMPLETE
53,53,0.9399893314366998,2025-01-02 04:14:35.965897,2025-01-02 04:14:43.497490,0 days 00:00:07.531593,3,45,95.0,50.0,,,,,,,,2,2.0,6.0,,,,,,,,COMPLETE
54,54,0.9608066822853772,2025-01-02 04:14:43.497905,2025-01-02 04:14:46.884748,0 days 00:00:03.386843,2,40,85.0,,,,,,,,,2,2.0,,,,,,,,,COMPLETE
55,55,0.9624705757961926,2025-01-02 04:14:46.885161,2025-01-02 04:14:50.777461,0 days 00:00:03.892300,2,20,85.0,,,,,,,,,2,2.0,,,,,,,,,COMPLETE
56,56,0.9517449506485596,2025-01-02 04:14:50.777862,2025-01-02 04:14:53.618535,0 days 00:00:02.840673,1,20,,,,,,,,,,2,,,,,,,,,,COMPLETE
57,57,0.9387895074151946,2025-01-02 04:14:53.618923,2025-01-02 04:14:57.469285,0 days 00:00:03.850362,2,35,70.0,,,,,,,,,2,2.0,,,,,,,,,COMPLETE
58,58,0.9461323008485047,2025-01-02 04:14:57.469684,2025-01-02 04:15:01.920022,0 days 00:00:04.450338,2,15,80.0,,,,,,,,,2,2.0,,,,,,,,,COMPLETE
59,59,0.9540229885057472,2025-01-02 04:15:01.920425,2025-01-02 04:15:04.023229,0 days 00:00:02.102804,1,40,,,,,,,,,,2,,,,,,,,,,COMPLETE
60,60,0.95229465216076,2025-01-02 04:15:04.023572,2025-01-02 04:15:07.607468,0 days 00:00:03.583896,2,50,85.0,,,,,,,,,2,3.0,,,,,,,,,COMPLETE
61,61,0.950586297612088,2025-01-02 04:15:07.607870,2025-01-02 04:15:11.239858,0 days 00:00:03.631988,2,25,85.0,,,,,,,,,2,2.0,,,,,,,,,COMPLETE
62,62,0.9441176634260625,2025-01-02 04:15:11.240251,2025-01-02 04:15:19.445013,0 days 00:00:08.204762,3,35,95.0,80.0,,,,,,,,2,2.0,5.0,,,,,,,,COMPLETE
63,63,0.93938024094207,2025-01-02 04:15:19.445446,2025-01-02 04:15:23.279582,0 days 00:00:03.834136,2,30,75.0,,,,,,,,,2,2.0,,,,,,,,,COMPLETE
64,64,0.9453640886476707,2025-01-02 04:15:23.279997,2025-01-02 04:15:25.504650,0 days 00:00:02.224653,1,50,,,,,,,,,,2,,,,,,,,,,COMPLETE
65,65,0.946478558145388,2025-01-02 04:15:25.505034,2025-01-02 04:15:35.478790,0 days 00:00:09.973756,3,90,85.0,40.0,,,,,,,,2,3.0,5.0,,,,,,,,COMPLETE
66,66,0.9510468319559229,2025-01-02 04:15:35.479246,2025-01-02 04:15:38.456709,0 days 00:00:02.977463,2,40,70.0,,,,,,,,,2,2.0,,,,,,,,,COMPLETE
67,67,0.9426269382791121,2025-01-02 04:15:38.457109,2025-01-02 04:15:42.102408,0 days 00:00:03.645299,1,10,,,,,,,,,,2,,,,,,,,,,COMPLETE
68,68,0.9431258547062328,2025-01-02 04:15:42.102822,2025-01-02 04:15:49.869510,0 days 00:00:07.766688,3,45,90.0,35.0,,,,,,,,3,2.0,6.0,,,,,,,,COMPLETE
69,69,0.9447602528954289,2025-01-02 04:15:49.869946,2025-01-02 04:15:54.280205,0 days 00:00:04.410259,2,95,80.0,,,,,,,,,3,3.0,,,,,,,,,COMPLETE
70,70,0.9515037961940184,2025-01-02 04:15:54.280603,2025-01-02 04:16:21.118776,0 days 00:00:26.838173,9,85,95.0,65.0,40.0,90.0,35.0,80.0,45.0,10.0,,2,2.0,5.0,3.0,5.0,5.0,5.0,2.0,6.0,,COMPLETE
71,71,0.9460194229976254,2025-01-02 04:16:21.119550,2025-01-02 04:16:23.695229,0 days 00:00:02.575679,1,40,,,,,,,,,,2,,,,,,,,,,COMPLETE
72,72,0.9432676589520779,2025-01-02 04:16:23.695606,2025-01-02 04:16:26.139526,0 days 00:00:02.443920,1,50,,,,,,,,,,2,,,,,,,,,,COMPLETE
73,73,0.9579746005920502,2025-01-02 04:16:26.139914,2025-01-02 04:16:28.904444,0 days 00:00:02.764530,1,35,,,,,,,,,,2,,,,,,,,,,COMPLETE
74,74,0.9454816313910672,2025-01-02 04:16:28.904837,2025-01-02 04:16:32.555973,0 days 00:00:03.651136,2,35,65.0,,,,,,,,,2,2.0,,,,,,,,,COMPLETE
75,75,0.9443037904710312,2025-01-02 04:16:32.556372,2025-01-02 04:16:36.698883,0 days 00:00:04.142511,2,25,85.0,,,,,,,,,2,3.0,,,,,,,,,COMPLETE
76,76,0.9524839034597128,2025-01-02 04:16:36.699365,2025-01-02 04:16:39.539629,0 days 00:00:02.840264,1,30,,,,,,,,,,2,,,,,,,,,,COMPLETE
77,77,0.9433276660999433,2025-01-02 04:16:39.539999,2025-01-02 04:16:46.251088,0 days 00:00:06.711089,3,100,90.0,45.0,,,,,,,,3,3.0,4.0,,,,,,,,COMPLETE
78,78,0.9405017538337006,2025-01-02 04:16:46.251524,2025-01-02 04:16:49.369180,0 days 00:00:03.117656,1,90,,,,,,,,,,2,,,,,,,,,,COMPLETE
79,79,0.9170850892136645,2025-01-02 04:16:49.369588,2025-01-02 04:17:10.160179,0 days 00:00:20.790591,8,20,100.0,75.0,20.0,5.0,55.0,5.0,100.0,,,4,2.0,4.0,2.0,2.0,2.0,3.0,6.0,,,COMPLETE
80,80,0.95229465216076,2025-01-02 04:17:10.160740,2025-01-02 04:17:20.949590,0 days 00:00:10.788850,4,55,75.0,30.0,5.0,,,,,,,3,3.0,6.0,6.0,,,,,,,COMPLETE
81,81,0.958688524590164,2025-01-02 04:17:20.950118,2025-01-02 04:17:23.510922,0 days 00:00:02.560804,1,40,,,,,,,,,,2,,,,,,,,,,COMPLETE
82,82,0.9611930444840926,2025-01-02 04:17:23.511391,2025-01-02 04:17:26.070362,0 days 00:00:02.558971,1,45,,,,,,,,,,2,,,,,,,,,,COMPLETE
83,83,0.9409530233998319,2025-01-02 04:17:26.070763,2025-01-02 04:17:28.749287,0 days 00:00:02.678524,1,45,,,,,,,,,,2,,,,,,,,,,COMPLETE
84,84,0.9444982753701386,2025-01-02 04:17:28.749663,2025-01-02 04:17:31.749117,0 days 00:00:02.999454,1,35,,,,,,,,,,2,,,,,,,,,,COMPLETE
85,85,0.9549998749996528,2025-01-02 04:17:31.749484,2025-01-02 04:17:36.086574,0 days 00:00:04.337090,2,50,65.0,,,,,,,,,2,3.0,,,,,,,,,COMPLETE
86,86,0.9538230301116144,2025-01-02 04:17:36.087093,2025-01-02 04:17:39.001070,0 days 00:00:02.913977,1,40,,,,,,,,,,2,,,,,,,,,,COMPLETE
87,87,0.9448834260072188,2025-01-02 04:17:39.001450,2025-01-02 04:17:41.391027,0 days 00:00:02.389577,1,40,,,,,,,,,,2,,,,,,,,,,COMPLETE
88,88,0.9473676863892441,2025-01-02 04:17:41.391400,2025-01-02 04:17:44.822801,0 days 00:00:03.431401,2,45,50.0,,,,,,,,,2,2.0,,,,,,,,,COMPLETE
89,89,0.9467709479219768,2025-01-02 04:17:44.823198,2025-01-02 04:17:47.435473,0 days 00:00:02.612275,1,30,,,,,,,,,,2,,,,,,,,,,COMPLETE
90,90,0.9593337814459345,2025-01-02 04:17:47.435858,2025-01-02 04:17:51.389438,0 days 00:00:03.953580,2,60,40.0,,,,,,,,,2,2.0,,,,,,,,,COMPLETE
91,91,0.9402568849803286,2025-01-02 04:17:51.389844,2025-01-02 04:17:55.237131,0 days 00:00:03.847287,2,60,35.0,,,,,,,,,2,2.0,,,,,,,,,COMPLETE
92,92,0.9488662552134273,2025-01-02 04:17:55.237530,2025-01-02 04:17:59.312938,0 days 00:00:04.075408,2,55,30.0,,,,,,,,,2,2.0,,,,,,,,,COMPLETE
93,93,0.9500771047378578,2025-01-02 04:17:59.313349,2025-01-02 04:18:07.259541,0 days 00:00:07.946192,3,35,20.0,75.0,,,,,,,,2,2.0,5.0,,,,,,,,COMPLETE
94,94,0.9376616915422885,2025-01-02 04:18:07.259991,2025-01-02 04:18:09.764386,0 days 00:00:02.504395,1,45,,,,,,,,,,2,,,,,,,,,,COMPLETE
95,95,0.9452857522820004,2025-01-02 04:18:09.764781,2025-01-02 04:18:13.656485,0 days 00:00:03.891704,2,40,40.0,,,,,,,,,2,2.0,,,,,,,,,COMPLETE
96,96,0.9466637407326132,2025-01-02 04:18:13.656891,2025-01-02 04:18:22.406797,0 days 00:00:08.749906,4,50,40.0,10.0,25.0,,,,,,,2,2.0,4.0,3.0,,,,,,,COMPLETE
97,97,0.949997777679008,2025-01-02 04:18:22.407919,2025-01-02 04:18:25.024288,0 days 00:00:02.616369,1,65,,,,,,,,,,2,,,,,,,,,,COMPLETE
98,98,0.9431431767337808,2025-01-02 04:18:25.024680,2025-01-02 04:18:38.729725,0 days 00:00:13.705045,3,5,60.0,95.0,,,,,,,,2,2.0,5.0,,,,,,,,COMPLETE
99,99,0.9474495531292085,2025-01-02 04:18:38.730186,2025-01-02 04:18:42.872690,0 days 00:00:04.142504,2,70,45.0,,,,,,,,,2,3.0,,,,,,,,,COMPLETE
100,100,0.9541291040623261,2025-01-02 04:18:42.873181,2025-01-02 04:19:15.445849,0 days 00:00:32.572668,10,45,55.0,40.0,30.0,65.0,20.0,40.0,10.0,50.0,100.0,2,4.0,3.0,6.0,4.0,6.0,5.0,3.0,2.0,2.0,COMPLETE
101,101,0.9439906195036154,2025-01-02 04:19:15.446656,2025-01-02 04:19:19.884112,0 days 00:00:04.437456,2,50,95.0,,,,,,,,,2,3.0,,,,,,,,,COMPLETE
102,102,0.9450885935769657,2025-01-02 04:19:19.884527,2025-01-02 04:19:23.809923,0 days 00:00:03.925396,2,55,100.0,,,,,,,,,2,3.0,,,,,,,,,COMPLETE
103,103,0.9450492357555494,2025-01-02 04:19:23.810330,2025-01-02 04:19:26.233819,0 days 00:00:02.423489,1,15,,,,,,,,,,2,,,,,,,,,,COMPLETE
104,104,0.9591422960859146,2025-01-02 04:19:26.234208,2025-01-02 04:19:34.643073,0 days 00:00:08.408865,3,60,65.0,60.0,,,,,,,,2,2.0,6.0,,,,,,,,COMPLETE
105,105,0.9416652082968742,2025-01-02 04:19:34.643506,2025-01-02 04:19:42.650564,0 days 00:00:08.007058,3,25,45.0,60.0,,,,,,,,2,2.0,6.0,,,,,,,,COMPLETE
106,106,0.9441232121987868,2025-01-02 04:19:42.651001,2025-01-02 04:19:52.710155,0 days 00:00:10.059154,4,85,80.0,65.0,45.0,,,,,,,2,2.0,6.0,4.0,,,,,,,COMPLETE
107,107,0.9524621728557199,2025-01-02 04:19:52.710634,2025-01-02 04:20:00.727313,0 days 00:00:08.016679,3,60,90.0,55.0,,,,,,,,2,2.0,6.0,,,,,,,,COMPLETE
108,108,0.9474537977395534,2025-01-02 04:20:00.727755,2025-01-02 04:20:08.743813,0 days 00:00:08.016058,3,40,95.0,70.0,,,,,,,,2,2.0,5.0,,,,,,,,COMPLETE
109,109,0.9566623328999566,2025-01-02 04:20:08.744239,2025-01-02 04:20:22.941345,0 days 00:00:14.197106,5,35,50.0,50.0,15.0,50.0,,,,,,2,2.0,6.0,2.0,6.0,,,,,,COMPLETE
110,110,0.9406862005997554,2025-01-02 04:20:22.941913,2025-01-02 04:20:33.542758,0 days 00:00:10.600845,5,35,50.0,50.0,15.0,50.0,,,,,,2,2.0,6.0,2.0,6.0,,,,,,COMPLETE
111,111,0.9466613327999467,2025-01-02 04:20:33.543255,2025-01-02 04:20:46.756348,0 days 00:00:13.213093,5,30,55.0,60.0,30.0,30.0,,,,,,2,2.0,6.0,2.0,5.0,,,,,,COMPLETE
112,112,0.9600716506504761,2025-01-02 04:20:46.757001,2025-01-02 04:20:55.887127,0 days 00:00:09.130126,4,65,45.0,55.0,15.0,,,,,,,2,2.0,6.0,3.0,,,,,,,COMPLETE
113,113,0.9446963744528005,2025-01-02 04:20:55.887575,2025-01-02 04:21:11.619579,0 days 00:00:15.732004,6,65,40.0,55.0,15.0,50.0,75.0,,,,,2,2.0,6.0,3.0,6.0,4.0,,,,,COMPLETE
114,114,0.9427356598033596,2025-01-02 04:21:11.620200,2025-01-02 04:21:20.881507,0 days 00:00:09.261307,4,65,30.0,40.0,10.0,,,,,,,2,2.0,6.0,2.0,,,,,,,COMPLETE
115,115,0.9473640129984702,2025-01-02 04:21:20.882086,2025-01-02 04:21:33.088765,0 days 00:00:12.206679,5,75,45.0,50.0,35.0,20.0,,,,,,2,2.0,6.0,2.0,5.0,,,,,,COMPLETE
116,116,0.9423534338358459,2025-01-02 04:21:33.089252,2025-01-02 04:21:46.584473,0 days 00:00:13.495221,6,60,50.0,45.0,25.0,40.0,25.0,,,,,2,2.0,6.0,3.0,6.0,3.0,,,,,COMPLETE
117,117,0.9430537682537906,2025-01-02 04:21:46.585019,2025-01-02 04:21:57.416618,0 days 00:00:10.831599,4,75,55.0,55.0,15.0,,,,,,,2,2.0,5.0,3.0,,,,,,,COMPLETE
118,118,0.9425448694832035,2025-01-02 04:21:57.417083,2025-01-02 04:22:10.163641,0 days 00:00:12.746558,5,80,60.0,65.0,40.0,60.0,,,,,,3,2.0,6.0,2.0,5.0,,,,,,COMPLETE
119,119,0.9504185517889537,2025-01-02 04:22:10.164229,2025-01-02 04:22:12.291002,0 days 00:00:02.126773,1,60,,,,,,,,,,2,,,,,,,,,,COMPLETE
120,120,0.9526141803668365,2025-01-02 04:22:12.291470,2025-01-02 04:22:22.534947,0 days 00:00:10.243477,4,95,35.0,30.0,5.0,,,,,,,2,2.0,3.0,3.0,,,,,,,COMPLETE
121,121,0.9499970833252315,2025-01-02 04:22:22.535624,2025-01-02 04:22:31.613951,0 days 00:00:09.078327,3,40,40.0,70.0,,,,,,,,2,2.0,5.0,,,,,,,,COMPLETE
122,122,0.9533359814888375,2025-01-02 04:22:31.614387,2025-01-02 04:22:39.303627,0 days 00:00:07.689240,3,55,45.0,60.0,,,,,,,,2,2.0,6.0,,,,,,,,COMPLETE
123,123,0.9425537579243368,2025-01-02 04:22:39.304076,2025-01-02 04:22:41.425635,0 days 00:00:02.121559,1,45,,,,,,,,,,2,,,,,,,,,,COMPLETE
124,124,0.9388411596249657,2025-01-02 04:22:41.426049,2025-01-02 04:22:52.076588,0 days 00:00:10.650539,4,35,95.0,45.0,70.0,,,,,,,6,2.0,5.0,2.0,,,,,,,COMPLETE
125,125,0.9535643564356435,2025-01-02 04:22:52.077078,2025-01-02 04:22:55.771729,0 days 00:00:03.694651,2,70,100.0,,,,,,,,,2,2.0,,,,,,,,,COMPLETE
126,126,0.9374614835387092,2025-01-02 04:22:55.772148,2025-01-02 04:22:58.349145,0 days 00:00:02.576997,1,40,,,,,,,,,,2,,,,,,,,,,COMPLETE
127,127,0.9439989725606692,2025-01-02 04:22:58.349533,2025-01-02 04:23:09.182514,0 days 00:00:10.832981,4,100,85.0,60.0,10.0,,,,,,,2,4.0,6.0,3.0,,,,,,,COMPLETE
128,128,0.9497790457011803,2025-01-02 04:23:09.182997,2025-01-02 04:23:15.298302,0 days 00:00:06.115305,3,65,65.0,55.0,,,,,,,,2,2.0,4.0,,,,,,,,COMPLETE
129,129,0.9602644649847044,2025-01-02 04:23:15.298758,2025-01-02 04:23:19.148578,0 days 00:00:03.849820,2,55,90.0,,,,,,,,,2,2.0,,,,,,,,,COMPLETE
130,130,0.949126038542229,2025-01-02 04:23:19.149019,2025-01-02 04:23:22.551281,0 days 00:00:03.402262,2,90,90.0,,,,,,,,,2,2.0,,,,,,,,,COMPLETE
131,131,0.9444911205561597,2025-01-02 04:23:22.551705,2025-01-02 04:23:26.122484,0 days 00:00:03.570779,2,55,85.0,,,,,,,,,2,2.0,,,,,,,,,COMPLETE
132,132,0.9461383006765662,2025-01-02 04:23:26.122899,2025-01-02 04:23:28.760602,0 days 00:00:02.637703,1,50,,,,,,,,,,2,,,,,,,,,,COMPLETE
133,133,0.9567438267759698,2025-01-02 04:23:28.761078,2025-01-02 04:23:36.820957,0 days 00:00:08.059879,3,60,90.0,65.0,,,,,,,,2,2.0,5.0,,,,,,,,COMPLETE
134,134,0.9504785485062632,2025-01-02 04:23:36.821442,2025-01-02 04:23:40.348342,0 days 00:00:03.526900,2,60,90.0,,,,,,,,,2,2.0,,,,,,,,,COMPLETE
135,135,0.951898748102352,2025-01-02 04:23:40.348764,2025-01-02 04:23:43.119419,0 days 00:00:02.770655,1,55,,,,,,,,,,2,,,,,,,,,,COMPLETE
136,136,0.9482295359778803,2025-01-02 04:23:43.119822,2025-01-02 04:23:52.456009,0 days 00:00:09.336187,3,60,80.0,75.0,,,,,,,,5,2.0,6.0,,,,,,,,COMPLETE
137,137,0.9565122554845567,2025-01-02 04:23:52.456587,2025-01-02 04:23:55.581449,0 days 00:00:03.124862,2,65,75.0,,,,,,,,,2,2.0,,,,,,,,,COMPLETE
