,number,value,datetime_start,datetime_complete,duration,params_depth,params_neurons_layer_0,params_neurons_layer_1,params_neurons_layer_2,params_neurons_layer_3,params_neurons_layer_4,params_neurons_layer_5,params_neurons_layer_6,params_neurons_layer_7,params_neurons_layer_8,params_neurons_layer_9,params_orders_layer_0,params_orders_layer_1,params_orders_layer_2,params_orders_layer_3,params_orders_layer_4,params_orders_layer_5,params_orders_layer_6,params_orders_layer_7,params_orders_layer_8,params_orders_layer_9,state
520,520,0.5212962962962963,2025-01-01 21:59:28.426918,2025-01-01 21:59:37.119986,0 days 00:00:08.693068,3,65,20.0,90.0,,,,,,,,5,2.0,4.0,,,,,,,,COMPLETE
521,521,0.5204981837052414,2025-01-01 21:59:37.120729,2025-01-01 21:59:46.526810,0 days 00:00:09.406081,3,60,25.0,90.0,,,,,,,,5,3.0,4.0,,,,,,,,COMPLETE
522,522,0.6651205936920223,2025-01-01 21:59:46.527533,2025-01-01 21:59:54.569709,0 days 00:00:08.042176,3,65,25.0,95.0,,,,,,,,5,2.0,4.0,,,,,,,,COMPLETE
523,523,0.5560224089635855,2025-01-01 21:59:54.570286,2025-01-01 22:00:06.727702,0 days 00:00:12.157416,3,60,30.0,75.0,,,,,,,,5,5.0,4.0,,,,,,,,COMPLETE
524,524,0.4874348032242769,2025-01-01 22:00:06.728350,2025-01-01 22:00:13.318413,0 days 00:00:06.590063,2,70,15.0,,,,,,,,,5,2.0,,,,,,,,,COMPLETE
525,525,0.7095282146160962,2025-01-01 22:00:13.319102,2025-01-01 22:00:25.755594,0 days 00:00:12.436492,5,65,90.0,85.0,100.0,95.0,,,,,,5,5.0,5.0,3.0,3.0,,,,,,COMPLETE
526,526,0.5304304799604156,2025-01-01 22:00:25.756310,2025-01-01 22:00:40.449923,0 days 00:00:14.693613,5,65,10.0,90.0,100.0,100.0,,,,,,5,5.0,5.0,5.0,3.0,,,,,,COMPLETE
527,527,0.5161887141535615,2025-01-01 22:00:40.450618,2025-01-01 22:00:55.925601,0 days 00:00:15.474983,5,65,20.0,95.0,100.0,95.0,,,,,,5,5.0,5.0,3.0,3.0,,,,,,COMPLETE
528,528,0.5393939393939393,2025-01-01 22:00:55.926316,2025-01-01 22:01:10.185072,0 days 00:00:14.258756,5,65,90.0,90.0,100.0,100.0,,,,,,5,5.0,5.0,3.0,3.0,,,,,,COMPLETE
529,529,0.6288561936402468,2025-01-01 22:01:10.185936,2025-01-01 22:01:23.787380,0 days 00:00:13.601444,5,65,30.0,85.0,95.0,95.0,,,,,,5,5.0,5.0,3.0,3.0,,,,,,COMPLETE
530,530,0.6236111111111111,2025-01-01 22:01:23.788198,2025-01-01 22:01:42.243597,0 days 00:00:18.455399,5,60,25.0,85.0,100.0,90.0,,,,,,5,5.0,5.0,4.0,5.0,,,,,,COMPLETE
531,531,0.637641723356009,2025-01-01 22:01:42.244491,2025-01-01 22:01:58.441485,0 days 00:00:16.196994,5,70,80.0,90.0,45.0,40.0,,,,,,5,5.0,3.0,3.0,5.0,,,,,,COMPLETE
532,532,0.4880952380952381,2025-01-01 22:01:58.442351,2025-01-01 22:02:16.091490,0 days 00:00:17.649139,5,65,100.0,90.0,95.0,85.0,,,,,,5,5.0,4.0,5.0,4.0,,,,,,COMPLETE
533,533,0.5804810360777057,2025-01-01 22:02:16.092227,2025-01-01 22:02:27.632533,0 days 00:00:11.540306,5,70,35.0,85.0,95.0,20.0,,,,,,5,5.0,3.0,3.0,3.0,,,,,,COMPLETE
534,534,0.5647840531561461,2025-01-01 22:02:27.633199,2025-01-01 22:02:36.344451,0 days 00:00:08.711252,3,65,95.0,65.0,,,,,,,,5,5.0,3.0,,,,,,,,COMPLETE
535,535,0.5871212121212122,2025-01-01 22:02:36.345235,2025-01-01 22:02:46.203524,0 days 00:00:09.858289,3,60,30.0,65.0,,,,,,,,5,6.0,3.0,,,,,,,,COMPLETE
536,536,0.5357142857142857,2025-01-01 22:02:46.204211,2025-01-01 22:02:55.971698,0 days 00:00:09.767487,3,95,25.0,70.0,,,,,,,,5,5.0,3.0,,,,,,,,COMPLETE
537,537,0.6064084170253468,2025-01-01 22:02:55.972434,2025-01-01 22:03:12.174305,0 days 00:00:16.201871,5,65,25.0,85.0,100.0,35.0,,,,,,5,5.0,3.0,4.0,4.0,,,,,,COMPLETE
538,538,0.5523809523809524,2025-01-01 22:03:12.175003,2025-01-01 22:03:23.067780,0 days 00:00:10.892777,3,100,20.0,60.0,,,,,,,,5,5.0,5.0,,,,,,,,COMPLETE
539,539,0.6589147286821706,2025-01-01 22:03:23.068441,2025-01-01 22:03:32.789667,0 days 00:00:09.721226,3,60,20.0,90.0,,,,,,,,5,5.0,3.0,,,,,,,,COMPLETE
540,540,0.5208333333333333,2025-01-01 22:03:32.790425,2025-01-01 22:03:48.915290,0 days 00:00:16.124865,6,70,25.0,5.0,50.0,75.0,50.0,,,,,2,5.0,3.0,4.0,5.0,2.0,,,,,COMPLETE
541,541,0.4997635933806146,2025-01-01 22:03:48.916149,2025-01-01 22:03:56.623575,0 days 00:00:07.707426,3,65,35.0,80.0,,,,,,,,3,2.0,3.0,,,,,,,,COMPLETE
542,542,0.5476190476190477,2025-01-01 22:03:56.624279,2025-01-01 22:04:03.515818,0 days 00:00:06.891539,3,95,15.0,65.0,,,,,,,,5,2.0,3.0,,,,,,,,COMPLETE
543,543,0.7417582417582418,2025-01-01 22:04:03.516531,2025-01-01 22:04:08.570595,0 days 00:00:05.054064,3,100,30.0,70.0,,,,,,,,2,2.0,3.0,,,,,,,,COMPLETE
544,544,0.637641723356009,2025-01-01 22:04:08.571208,2025-01-01 22:04:15.005711,0 days 00:00:06.434503,3,100,30.0,70.0,,,,,,,,2,2.0,3.0,,,,,,,,COMPLETE
545,545,0.47317298797409807,2025-01-01 22:04:15.006459,2025-01-01 22:04:20.248401,0 days 00:00:05.241942,3,100,30.0,75.0,,,,,,,,2,2.0,3.0,,,,,,,,COMPLETE
546,546,0.5788497217068646,2025-01-01 22:04:20.249133,2025-01-01 22:04:28.117247,0 days 00:00:07.868114,3,100,30.0,70.0,,,,,,,,5,4.0,3.0,,,,,,,,COMPLETE
547,547,0.6713286713286714,2025-01-01 22:04:28.117896,2025-01-01 22:04:34.120696,0 days 00:00:06.002800,3,100,25.0,70.0,,,,,,,,2,2.0,3.0,,,,,,,,COMPLETE
548,548,0.5034013605442177,2025-01-01 22:04:34.121293,2025-01-01 22:04:41.937995,0 days 00:00:07.816702,3,95,35.0,65.0,,,,,,,,5,2.0,3.0,,,,,,,,COMPLETE
549,549,0.5990697674418605,2025-01-01 22:04:41.938725,2025-01-01 22:04:47.690666,0 days 00:00:05.751941,3,100,30.0,75.0,,,,,,,,2,2.0,3.0,,,,,,,,COMPLETE
550,550,0.6594202898550725,2025-01-01 22:04:47.691377,2025-01-01 22:04:52.737158,0 days 00:00:05.045781,3,95,25.0,70.0,,,,,,,,2,2.0,3.0,,,,,,,,COMPLETE
551,551,0.49786426198386335,2025-01-01 22:04:52.737782,2025-01-01 22:05:01.028643,0 days 00:00:08.290861,3,100,25.0,20.0,,,,,,,,5,2.0,3.0,,,,,,,,COMPLETE
552,552,0.7019927536231885,2025-01-01 22:05:01.029314,2025-01-01 22:05:06.636341,0 days 00:00:05.607027,3,100,30.0,65.0,,,,,,,,2,2.0,4.0,,,,,,,,COMPLETE
553,553,0.5957446808510638,2025-01-01 22:05:06.636928,2025-01-01 22:05:20.467595,0 days 00:00:13.830667,6,95,30.0,65.0,95.0,65.0,60.0,,,,,2,2.0,4.0,5.0,4.0,6.0,,,,,COMPLETE
554,554,0.6452358926919519,2025-01-01 22:05:20.468507,2025-01-01 22:05:29.930600,0 days 00:00:09.462093,3,100,30.0,65.0,,,,,,,,2,2.0,4.0,,,,,,,,COMPLETE
555,555,0.6236111111111111,2025-01-01 22:05:29.931223,2025-01-01 22:05:44.157458,0 days 00:00:14.226235,5,100,35.0,65.0,95.0,95.0,,,,,,2,5.0,4.0,4.0,4.0,,,,,,COMPLETE
556,556,0.5927952576379389,2025-01-01 22:05:44.158174,2025-01-01 22:05:51.466800,0 days 00:00:07.308626,3,60,30.0,65.0,,,,,,,,2,2.0,4.0,,,,,,,,COMPLETE
557,557,0.6168478260869565,2025-01-01 22:05:51.467403,2025-01-01 22:05:57.985549,0 days 00:00:06.518146,3,65,30.0,60.0,,,,,,,,2,2.0,4.0,,,,,,,,COMPLETE
558,558,0.6163967611336032,2025-01-01 22:05:57.986332,2025-01-01 22:06:06.066068,0 days 00:00:08.079736,3,95,25.0,70.0,,,,,,,,2,5.0,4.0,,,,,,,,COMPLETE
559,559,0.6382978723404256,2025-01-01 22:06:06.066868,2025-01-01 22:06:17.949643,0 days 00:00:11.882775,5,100,30.0,60.0,90.0,90.0,,,,,,2,2.0,3.0,3.0,4.0,,,,,,COMPLETE
560,560,0.5474806201550388,2025-01-01 22:06:17.950417,2025-01-01 22:06:24.217622,0 days 00:00:06.267205,3,60,35.0,70.0,,,,,,,,2,4.0,4.0,,,,,,,,COMPLETE
561,561,0.7421052631578948,2025-01-01 22:06:24.218243,2025-01-01 22:06:33.079813,0 days 00:00:08.861570,4,65,25.0,65.0,100.0,,,,,,,2,2.0,4.0,4.0,,,,,,,COMPLETE
562,562,0.5887254901960784,2025-01-01 22:06:33.080442,2025-01-01 22:06:44.020263,0 days 00:00:10.939821,4,65,25.0,60.0,100.0,,,,,,,5,2.0,4.0,4.0,,,,,,,COMPLETE
563,563,0.6206349206349207,2025-01-01 22:06:44.020945,2025-01-01 22:06:53.973019,0 days 00:00:09.952074,4,65,25.0,70.0,100.0,,,,,,,2,5.0,3.0,4.0,,,,,,,COMPLETE
564,564,0.5905552672548002,2025-01-01 22:06:53.973798,2025-01-01 22:07:07.430854,0 days 00:00:13.457056,5,65,25.0,15.0,95.0,95.0,,,,,,5,2.0,3.0,4.0,5.0,,,,,,COMPLETE
565,565,0.53,2025-01-01 22:07:07.431530,2025-01-01 22:07:16.199862,0 days 00:00:08.768332,4,60,20.0,65.0,95.0,,,,,,,2,2.0,5.0,4.0,,,,,,,COMPLETE
566,566,0.5136298421807748,2025-01-01 22:07:16.200518,2025-01-01 22:07:28.703932,0 days 00:00:12.503414,5,65,25.0,65.0,100.0,100.0,,,,,,5,2.0,3.0,4.0,4.0,,,,,,COMPLETE
567,567,0.6581818181818182,2025-01-01 22:07:28.704607,2025-01-01 22:07:39.961412,0 days 00:00:11.256805,4,65,20.0,95.0,100.0,,,,,,,2,3.0,4.0,4.0,,,,,,,COMPLETE
568,568,0.5182724252491694,2025-01-01 22:07:39.962194,2025-01-01 22:07:56.444976,0 days 00:00:16.482782,7,60,25.0,70.0,90.0,80.0,50.0,45.0,,,,5,5.0,3.0,4.0,3.0,2.0,3.0,,,,COMPLETE
569,569,0.7058823529411764,2025-01-01 22:07:56.445893,2025-01-01 22:08:11.823504,0 days 00:00:15.377611,5,60,25.0,40.0,95.0,40.0,,,,,,2,2.0,3.0,4.0,4.0,,,,,,COMPLETE
570,570,0.5804810360777057,2025-01-01 22:08:11.824322,2025-01-01 22:08:22.677449,0 days 00:00:10.853127,5,55,25.0,40.0,95.0,30.0,,,,,,2,2.0,3.0,4.0,4.0,,,,,,COMPLETE
571,571,0.5652173913043478,2025-01-01 22:08:22.678269,2025-01-01 22:08:32.525176,0 days 00:00:09.846907,5,55,25.0,40.0,95.0,40.0,,,,,,2,2.0,3.0,4.0,4.0,,,,,,COMPLETE
572,572,0.5742753623188406,2025-01-01 22:08:32.525909,2025-01-01 22:08:42.229455,0 days 00:00:09.703546,5,90,20.0,35.0,100.0,45.0,,,,,,2,2.0,3.0,4.0,4.0,,,,,,COMPLETE
573,573,0.5583333333333333,2025-01-01 22:08:42.230175,2025-01-01 22:08:53.462045,0 days 00:00:11.231870,5,55,30.0,40.0,90.0,35.0,,,,,,2,2.0,2.0,4.0,4.0,,,,,,COMPLETE
574,574,0.5482926829268293,2025-01-01 22:08:53.462833,2025-01-01 22:09:03.303576,0 days 00:00:09.840743,5,60,25.0,45.0,95.0,40.0,,,,,,2,2.0,3.0,4.0,4.0,,,,,,COMPLETE
575,575,0.5140977443609023,2025-01-01 22:09:03.304298,2025-01-01 22:09:18.463206,0 days 00:00:15.158908,6,55,90.0,40.0,100.0,30.0,40.0,,,,,2,2.0,3.0,4.0,4.0,6.0,,,,,COMPLETE
576,576,0.6651205936920223,2025-01-01 22:09:18.464086,2025-01-01 22:09:27.436582,0 days 00:00:08.972496,5,60,20.0,45.0,95.0,40.0,,,,,,2,2.0,3.0,4.0,4.0,,,,,,COMPLETE
577,577,0.5125581395348837,2025-01-01 22:09:27.437256,2025-01-01 22:09:39.644296,0 days 00:00:12.207040,5,60,30.0,10.0,25.0,45.0,,,,,,2,2.0,3.0,6.0,4.0,,,,,,COMPLETE
578,578,0.723404255319149,2025-01-01 22:09:39.645114,2025-01-01 22:09:50.561441,0 days 00:00:10.916327,5,65,25.0,75.0,90.0,45.0,,,,,,2,2.0,4.0,4.0,4.0,,,,,,COMPLETE
579,579,0.5890473999079613,2025-01-01 22:09:50.562140,2025-01-01 22:10:02.790255,0 days 00:00:12.228115,5,70,25.0,75.0,90.0,45.0,,,,,,2,2.0,4.0,4.0,4.0,,,,,,COMPLETE
580,580,0.5238095238095237,2025-01-01 22:10:02.791079,2025-01-01 22:10:14.621075,0 days 00:00:11.829996,5,65,30.0,75.0,95.0,45.0,,,,,,2,2.0,5.0,4.0,4.0,,,,,,COMPLETE
581,581,0.6083333333333334,2025-01-01 22:10:14.621783,2025-01-01 22:10:26.219917,0 days 00:00:11.598134,5,60,25.0,100.0,90.0,40.0,,,,,,2,2.0,4.0,4.0,4.0,,,,,,COMPLETE
582,582,0.6655813953488372,2025-01-01 22:10:26.220746,2025-01-01 22:10:37.888831,0 days 00:00:11.668085,5,90,25.0,80.0,90.0,35.0,,,,,,2,2.0,5.0,4.0,4.0,,,,,,COMPLETE
583,583,0.6190476190476191,2025-01-01 22:10:37.889648,2025-01-01 22:10:48.648000,0 days 00:00:10.758352,5,60,35.0,75.0,95.0,45.0,,,,,,2,2.0,4.0,4.0,4.0,,,,,,COMPLETE
584,584,0.6755637367694431,2025-01-01 22:10:48.648806,2025-01-01 22:10:59.889423,0 days 00:00:11.240617,5,55,25.0,75.0,90.0,55.0,,,,,,2,2.0,5.0,4.0,5.0,,,,,,COMPLETE
585,585,0.5957446808510638,2025-01-01 22:10:59.890459,2025-01-01 22:11:11.958861,0 days 00:00:12.068402,5,65,30.0,35.0,100.0,50.0,,,,,,2,2.0,4.0,4.0,4.0,,,,,,COMPLETE
586,586,0.6875,2025-01-01 22:11:11.959559,2025-01-01 22:11:25.046687,0 days 00:00:13.087128,6,70,35.0,75.0,90.0,45.0,85.0,,,,,2,2.0,4.0,4.0,4.0,2.0,,,,,COMPLETE
587,587,0.687847866419295,2025-01-01 22:11:25.047497,2025-01-01 22:11:37.105678,0 days 00:00:12.058181,5,60,25.0,75.0,95.0,35.0,,,,,,2,2.0,2.0,4.0,4.0,,,,,,COMPLETE
588,588,0.5,2025-01-01 22:11:37.106498,2025-01-01 22:11:50.334056,0 days 00:00:13.227558,5,65,30.0,90.0,95.0,40.0,,,,,,2,2.0,6.0,4.0,6.0,,,,,,COMPLETE
589,589,0.6755637367694431,2025-01-01 22:11:50.334776,2025-01-01 22:12:03.750280,0 days 00:00:13.415504,5,65,25.0,85.0,100.0,100.0,,,,,,2,2.0,6.0,4.0,4.0,,,,,,COMPLETE
590,590,0.6214745175655616,2025-01-01 22:12:03.751033,2025-01-01 22:12:13.614479,0 days 00:00:09.863446,4,70,30.0,40.0,90.0,,,,,,,2,2.0,4.0,4.0,,,,,,,COMPLETE
591,591,0.6929283341243475,2025-01-01 22:12:13.615126,2025-01-01 22:12:22.833363,0 days 00:00:09.218237,4,60,40.0,70.0,85.0,,,,,,,2,2.0,6.0,4.0,,,,,,,COMPLETE
592,592,0.6808510638297872,2025-01-01 22:12:22.834024,2025-01-01 22:12:33.353457,0 days 00:00:10.519433,5,65,25.0,80.0,95.0,90.0,,,,,,2,2.0,3.0,4.0,3.0,,,,,,COMPLETE
593,593,0.7095282146160962,2025-01-01 22:12:33.354336,2025-01-01 22:12:45.513126,0 days 00:00:12.158790,6,95,40.0,5.0,90.0,50.0,65.0,,,,,2,2.0,6.0,4.0,4.0,2.0,,,,,COMPLETE
594,594,0.5219858156028369,2025-01-01 22:12:45.513843,2025-01-01 22:13:01.176273,0 days 00:00:15.662430,7,95,40.0,10.0,85.0,55.0,65.0,30.0,,,,2,2.0,4.0,4.0,5.0,2.0,4.0,,,,COMPLETE
595,595,0.5499316005471957,2025-01-01 22:13:01.177124,2025-01-01 22:13:14.719166,0 days 00:00:13.542042,6,95,40.0,10.0,55.0,50.0,75.0,,,,,2,2.0,4.0,4.0,4.0,2.0,,,,,COMPLETE
596,596,0.5950113378684807,2025-01-01 22:13:14.720050,2025-01-01 22:13:29.305914,0 days 00:00:14.585864,6,95,40.0,5.0,90.0,60.0,65.0,,,,,2,2.0,4.0,5.0,5.0,2.0,,,,,COMPLETE
597,597,0.49786426198386335,2025-01-01 22:13:29.306612,2025-01-01 22:13:43.191586,0 days 00:00:13.884974,6,90,40.0,5.0,85.0,50.0,60.0,,,,,2,2.0,6.0,4.0,4.0,2.0,,,,,COMPLETE
598,598,0.5807926829268293,2025-01-01 22:13:43.192317,2025-01-01 22:13:58.741520,0 days 00:00:15.549203,7,95,35.0,5.0,90.0,50.0,70.0,5.0,,,,2,2.0,6.0,4.0,4.0,2.0,3.0,,,,COMPLETE
599,599,0.4721706864564007,2025-01-01 22:13:58.742231,2025-01-01 22:14:12.968026,0 days 00:00:14.225795,6,100,40.0,5.0,90.0,55.0,65.0,,,,,2,6.0,6.0,4.0,4.0,2.0,,,,,COMPLETE
600,600,0.509750566893424,2025-01-01 22:14:12.969128,2025-01-01 22:14:26.905125,0 days 00:00:13.935997,6,95,85.0,25.0,85.0,60.0,70.0,,,,,2,2.0,6.0,4.0,5.0,2.0,,,,,COMPLETE
601,601,0.5950113378684807,2025-01-01 22:14:26.905949,2025-01-01 22:14:39.407530,0 days 00:00:12.501581,6,95,35.0,5.0,100.0,50.0,55.0,,,,,2,2.0,6.0,3.0,3.0,3.0,,,,,COMPLETE
602,602,0.6581818181818182,2025-01-01 22:14:39.408409,2025-01-01 22:14:52.476422,0 days 00:00:13.068013,6,100,35.0,10.0,90.0,95.0,75.0,,,,,2,2.0,6.0,5.0,4.0,2.0,,,,,COMPLETE
603,603,0.5927952576379389,2025-01-01 22:14:52.477132,2025-01-01 22:15:08.233996,0 days 00:00:15.756864,6,95,40.0,20.0,95.0,45.0,60.0,,,,,2,2.0,6.0,4.0,4.0,3.0,,,,,COMPLETE
604,604,0.6581818181818182,2025-01-01 22:15:08.234895,2025-01-01 22:15:18.442057,0 days 00:00:10.207162,4,100,40.0,10.0,85.0,,,,,,,2,2.0,4.0,4.0,,,,,,,COMPLETE
605,605,0.5191176470588236,2025-01-01 22:15:18.442698,2025-01-01 22:15:22.482081,0 days 00:00:04.039383,2,70,30.0,,,,,,,,,2,2.0,,,,,,,,,COMPLETE
606,606,0.6396226415094339,2025-01-01 22:15:22.482693,2025-01-01 22:15:26.755712,0 days 00:00:04.273019,2,90,30.0,,,,,,,,,2,2.0,,,,,,,,,COMPLETE
607,607,0.6515151515151515,2025-01-01 22:15:26.756366,2025-01-01 22:15:44.659344,0 days 00:00:17.902978,7,100,25.0,15.0,100.0,10.0,90.0,90.0,,,,2,2.0,4.0,3.0,5.0,2.0,5.0,,,,COMPLETE
608,608,0.7731092436974789,2025-01-01 22:15:44.660078,2025-01-01 22:16:05.093592,0 days 00:00:20.433514,9,95,35.0,85.0,95.0,95.0,80.0,35.0,70.0,70.0,,2,2.0,6.0,4.0,4.0,3.0,3.0,5.0,5.0,,COMPLETE
609,609,0.6056003796867584,2025-01-01 22:16:05.094646,2025-01-01 22:16:19.473598,0 days 00:00:14.378952,7,90,35.0,85.0,95.0,95.0,80.0,40.0,,,,6,2.0,6.0,4.0,4.0,3.0,3.0,,,,COMPLETE
610,610,0.7019927536231885,2025-01-01 22:16:19.474483,2025-01-01 22:16:41.193801,0 days 00:00:21.719318,9,90,35.0,85.0,95.0,100.0,85.0,35.0,75.0,70.0,,2,2.0,6.0,4.0,4.0,3.0,4.0,5.0,5.0,,COMPLETE
611,611,0.6356589147286822,2025-01-01 22:16:41.194881,2025-01-01 22:17:06.207640,0 days 00:00:25.012759,10,95,30.0,90.0,90.0,95.0,75.0,25.0,70.0,85.0,75.0,2,2.0,6.0,4.0,4.0,3.0,3.0,4.0,5.0,4.0,COMPLETE
612,612,0.5727272727272728,2025-01-01 22:17:06.208710,2025-01-01 22:17:27.277091,0 days 00:00:21.068381,9,95,35.0,85.0,100.0,90.0,70.0,35.0,80.0,95.0,,2,2.0,6.0,4.0,4.0,3.0,3.0,5.0,4.0,,COMPLETE
613,613,0.5208333333333333,2025-01-01 22:17:27.278283,2025-01-01 22:17:48.556411,0 days 00:00:21.278128,9,65,30.0,80.0,90.0,100.0,80.0,30.0,70.0,65.0,,2,2.0,6.0,4.0,4.0,3.0,3.0,5.0,5.0,,COMPLETE
614,614,0.6518518518518519,2025-01-01 22:17:48.557371,2025-01-01 22:18:16.776302,0 days 00:00:28.218931,9,95,20.0,85.0,95.0,95.0,80.0,45.0,75.0,60.0,,2,2.0,6.0,4.0,4.0,3.0,4.0,5.0,6.0,,COMPLETE
615,615,0.637641723356009,2025-01-01 22:18:16.777358,2025-01-01 22:18:37.507027,0 days 00:00:20.729669,10,90,30.0,80.0,90.0,90.0,65.0,50.0,60.0,100.0,35.0,2,2.0,5.0,4.0,4.0,3.0,3.0,4.0,4.0,5.0,COMPLETE
616,616,0.49786426198386335,2025-01-01 22:18:37.507907,2025-01-01 22:19:01.541358,0 days 00:00:24.033451,10,65,30.0,90.0,95.0,90.0,75.0,20.0,55.0,80.0,40.0,6,2.0,6.0,4.0,4.0,2.0,4.0,5.0,6.0,3.0,COMPLETE
617,617,0.5415282392026578,2025-01-01 22:19:01.542416,2025-01-01 22:19:23.965989,0 days 00:00:22.423573,9,95,35.0,80.0,100.0,100.0,90.0,30.0,70.0,70.0,,2,2.0,6.0,4.0,4.0,3.0,3.0,5.0,5.0,,COMPLETE
618,618,0.5560224089635855,2025-01-01 22:19:23.966961,2025-01-01 22:19:40.736353,0 days 00:00:16.769392,7,85,25.0,85.0,90.0,50.0,70.0,40.0,,,,2,2.0,6.0,4.0,4.0,2.0,4.0,,,,COMPLETE
619,619,0.4891304347826087,2025-01-01 22:19:40.737114,2025-01-01 22:19:59.357595,0 days 00:00:18.620481,9,70,25.0,75.0,95.0,95.0,80.0,60.0,65.0,55.0,,2,2.0,2.0,4.0,4.0,3.0,3.0,3.0,4.0,,COMPLETE
620,620,0.5695970695970696,2025-01-01 22:19:59.358379,2025-01-01 22:20:13.697398,0 days 00:00:14.339019,7,65,20.0,90.0,85.0,85.0,75.0,35.0,,,,2,2.0,6.0,4.0,4.0,2.0,3.0,,,,COMPLETE
621,621,0.6168478260869565,2025-01-01 22:20:13.698145,2025-01-01 22:20:26.923324,0 days 00:00:13.225179,6,70,5.0,5.0,100.0,45.0,85.0,,,,,2,2.0,6.0,4.0,4.0,3.0,,,,,COMPLETE
622,622,0.5654846335697399,2025-01-01 22:20:26.924223,2025-01-01 22:20:48.834810,0 days 00:00:21.910587,10,65,35.0,85.0,95.0,55.0,70.0,25.0,80.0,95.0,80.0,2,2.0,6.0,4.0,4.0,3.0,3.0,5.0,5.0,3.0,COMPLETE
623,623,0.5927952576379389,2025-01-01 22:20:48.835783,2025-01-01 22:21:06.505982,0 days 00:00:17.670199,6,90,25.0,75.0,90.0,50.0,65.0,,,,,5,2.0,6.0,4.0,4.0,4.0,,,,,COMPLETE
624,624,0.5499316005471957,2025-01-01 22:21:06.506741,2025-01-01 22:21:19.273380,0 days 00:00:12.766639,4,65,30.0,30.0,100.0,,,,,,,2,2.0,5.0,4.0,,,,,,,COMPLETE
625,625,0.5742753623188406,2025-01-01 22:21:19.274067,2025-01-01 22:21:34.281951,0 days 00:00:15.007884,7,55,25.0,80.0,60.0,100.0,85.0,55.0,,,,2,2.0,3.0,3.0,3.0,2.0,5.0,,,,COMPLETE
626,626,0.5317028985507246,2025-01-01 22:21:34.282704,2025-01-01 22:21:59.090172,0 days 00:00:24.807468,9,95,20.0,95.0,90.0,95.0,75.0,15.0,75.0,30.0,,5,2.0,3.0,4.0,5.0,3.0,4.0,4.0,5.0,,COMPLETE
627,627,0.5643939393939394,2025-01-01 22:21:59.091210,2025-01-01 22:22:18.064434,0 days 00:00:18.973224,7,65,30.0,25.0,85.0,45.0,95.0,45.0,,,,2,2.0,6.0,5.0,4.0,2.0,3.0,,,,COMPLETE
628,628,0.5742753623188406,2025-01-01 22:22:18.065368,2025-01-01 22:22:25.995788,0 days 00:00:07.930420,4,95,25.0,15.0,95.0,,,,,,,5,2.0,3.0,2.0,,,,,,,COMPLETE
629,629,0.5217391304347826,2025-01-01 22:22:25.996520,2025-01-01 22:22:40.156184,0 days 00:00:14.159664,6,65,35.0,70.0,95.0,55.0,60.0,,,,,2,2.0,6.0,4.0,4.0,4.0,,,,,COMPLETE
630,630,0.6190476190476191,2025-01-01 22:22:40.156913,2025-01-01 22:23:03.934946,0 days 00:00:23.778033,9,70,30.0,75.0,85.0,90.0,70.0,85.0,80.0,80.0,,5,2.0,3.0,3.0,4.0,2.0,5.0,5.0,6.0,,COMPLETE
631,631,0.5432624113475177,2025-01-01 22:23:03.935800,2025-01-01 22:23:16.981519,0 days 00:00:13.045719,6,60,25.0,80.0,90.0,85.0,80.0,,,,,2,2.0,6.0,2.0,6.0,6.0,,,,,COMPLETE
632,632,0.729559748427673,2025-01-01 22:23:16.982423,2025-01-01 22:23:28.104604,0 days 00:00:11.122181,5,55,20.0,85.0,45.0,100.0,,,,,,2,2.0,3.0,4.0,3.0,,,,,,COMPLETE
633,633,0.6022201665124884,2025-01-01 22:23:28.105270,2025-01-01 22:23:38.914861,0 days 00:00:10.809591,5,55,20.0,85.0,40.0,100.0,,,,,,5,2.0,3.0,4.0,3.0,,,,,,COMPLETE
634,634,0.6785225718194254,2025-01-01 22:23:38.915708,2025-01-01 22:23:48.309767,0 days 00:00:09.394059,5,55,20.0,90.0,50.0,100.0,,,,,,2,2.0,4.0,4.0,3.0,,,,,,COMPLETE
635,635,0.6154545454545455,2025-01-01 22:23:48.310437,2025-01-01 22:24:01.127586,0 days 00:00:12.817149,5,55,20.0,85.0,85.0,100.0,,,,,,5,2.0,4.0,4.0,3.0,,,,,,COMPLETE
636,636,0.5957446808510638,2025-01-01 22:24:01.128434,2025-01-01 22:24:10.076211,0 days 00:00:08.947777,5,50,20.0,85.0,45.0,95.0,,,,,,2,2.0,3.0,4.0,3.0,,,,,,COMPLETE
637,637,0.6356589147286822,2025-01-01 22:24:10.076892,2025-01-01 22:24:21.942810,0 days 00:00:11.865918,5,55,20.0,90.0,100.0,100.0,,,,,,6,2.0,4.0,4.0,3.0,,,,,,COMPLETE
638,638,0.6288561936402468,2025-01-01 22:24:21.943508,2025-01-01 22:24:30.368639,0 days 00:00:08.425131,5,50,95.0,80.0,35.0,50.0,,,,,,2,2.0,3.0,4.0,3.0,,,,,,COMPLETE
639,639,0.6015769944341374,2025-01-01 22:24:30.369338,2025-01-01 22:24:38.792556,0 days 00:00:08.423218,5,55,15.0,85.0,35.0,95.0,,,,,,3,2.0,3.0,4.0,3.0,,,,,,COMPLETE
640,640,0.5357142857142857,2025-01-01 22:24:38.793242,2025-01-01 22:24:48.676315,0 days 00:00:09.883073,4,60,35.0,85.0,45.0,,,,,,,5,2.0,4.0,4.0,,,,,,,COMPLETE
641,641,0.49444444444444446,2025-01-01 22:24:48.677004,2025-01-01 22:25:00.912209,0 days 00:00:12.235205,5,50,100.0,90.0,55.0,100.0,,,,,,2,2.0,3.0,4.0,3.0,,,,,,COMPLETE
642,642,0.5742753623188406,2025-01-01 22:25:00.912894,2025-01-01 22:25:25.699419,0 days 00:00:24.786525,10,55,20.0,80.0,45.0,45.0,35.0,90.0,60.0,65.0,20.0,5,2.0,4.0,4.0,3.0,6.0,5.0,4.0,2.0,5.0,COMPLETE
643,643,0.5558139534883721,2025-01-01 22:25:25.700492,2025-01-01 22:25:32.712008,0 days 00:00:07.011516,4,100,35.0,85.0,50.0,,,,,,,2,2.0,3.0,4.0,,,,,,,COMPLETE
644,644,0.6196060037523452,2025-01-01 22:25:32.712680,2025-01-01 22:25:43.408586,0 days 00:00:10.695906,5,100,25.0,75.0,90.0,50.0,,,,,,5,2.0,3.0,6.0,3.0,,,,,,COMPLETE
645,645,0.6808510638297872,2025-01-01 22:25:43.409434,2025-01-01 22:25:55.802866,0 days 00:00:12.393432,6,95,40.0,70.0,85.0,45.0,30.0,,,,,2,2.0,3.0,4.0,3.0,4.0,,,,,COMPLETE
646,646,0.5950113378684807,2025-01-01 22:25:55.803746,2025-01-01 22:26:05.121427,0 days 00:00:09.317681,5,55,50.0,80.0,40.0,95.0,,,,,,2,2.0,3.0,4.0,5.0,,,,,,COMPLETE
647,647,0.5136298421807748,2025-01-01 22:26:05.122268,2025-01-01 22:26:15.519924,0 days 00:00:10.397656,4,95,30.0,30.0,40.0,,,,,,,5,2.0,3.0,4.0,,,,,,,COMPLETE
