,number,value,datetime_start,datetime_complete,duration,params_depth,params_neurons_layer_0,params_neurons_layer_1,params_neurons_layer_2,params_neurons_layer_3,params_neurons_layer_4,params_neurons_layer_5,params_neurons_layer_6,params_neurons_layer_7,params_neurons_layer_8,params_neurons_layer_9,params_orders_layer_0,params_orders_layer_1,params_orders_layer_2,params_orders_layer_3,params_orders_layer_4,params_orders_layer_5,params_orders_layer_6,params_orders_layer_7,params_orders_layer_8,params_orders_layer_9,state
394,394,0.8423897551400736,2024-12-31 22:43:57.143394,2024-12-31 22:44:24.337024,0 days 00:00:27.193630,4,5,30.0,55.0,15.0,,,,,,,2,4.0,3.0,2.0,,,,,,,COMPLETE
395,395,0.8539354042360977,2024-12-31 22:44:24.337696,2024-12-31 22:44:52.858201,0 days 00:00:28.520505,4,10,35.0,55.0,20.0,,,,,,,2,4.0,3.0,2.0,,,,,,,COMPLETE
396,396,0.872354266403298,2024-12-31 22:44:52.858768,2024-12-31 22:45:19.032332,0 days 00:00:26.173564,4,5,30.0,50.0,15.0,,,,,,,2,4.0,3.0,2.0,,,,,,,COMPLETE
397,397,0.8258847170323873,2024-12-31 22:45:19.033008,2024-12-31 22:45:49.019383,0 days 00:00:29.986375,4,10,45.0,50.0,20.0,,,,,,,2,4.0,3.0,2.0,,,,,,,COMPLETE
398,398,0.8757371581556939,2024-12-31 22:45:49.020045,2024-12-31 22:46:20.415306,0 days 00:00:31.395261,4,10,50.0,55.0,10.0,,,,,,,2,4.0,3.0,2.0,,,,,,,COMPLETE
399,399,0.829302290226738,2024-12-31 22:46:20.415855,2024-12-31 22:46:48.998646,0 days 00:00:28.582791,4,10,40.0,50.0,15.0,,,,,,,2,4.0,3.0,2.0,,,,,,,COMPLETE
400,400,0.8170513873176526,2024-12-31 22:46:48.999415,2024-12-31 22:47:15.752395,0 days 00:00:26.752980,4,5,25.0,60.0,15.0,,,,,,,2,4.0,3.0,2.0,,,,,,,COMPLETE
401,401,0.8040289140899474,2024-12-31 22:47:15.752953,2024-12-31 22:47:43.883136,0 days 00:00:28.130183,4,15,30.0,55.0,10.0,,,,,,,2,4.0,3.0,2.0,,,,,,,COMPLETE
402,402,0.8331580258952272,2024-12-31 22:47:43.883830,2024-12-31 22:48:06.804767,0 days 00:00:22.920937,3,10,10.0,50.0,,,,,,,,3,4.0,3.0,,,,,,,,COMPLETE
403,403,0.8601166387957806,2024-12-31 22:48:06.805288,2024-12-31 22:48:37.564355,0 days 00:00:30.759067,4,10,45.0,55.0,20.0,,,,,,,2,4.0,3.0,2.0,,,,,,,COMPLETE
404,404,0.8175392199005392,2024-12-31 22:48:37.565007,2024-12-31 22:49:05.369985,0 days 00:00:27.804978,4,15,25.0,45.0,10.0,,,,,,,4,4.0,3.0,2.0,,,,,,,COMPLETE
405,405,0.7818960387623257,2024-12-31 22:49:05.370557,2024-12-31 22:49:28.153371,0 days 00:00:22.782814,3,5,35.0,80.0,,,,,,,,2,3.0,2.0,,,,,,,,COMPLETE
406,406,0.8446460217950387,2024-12-31 22:49:28.154111,2024-12-31 22:49:58.607247,0 days 00:00:30.453136,4,10,25.0,60.0,15.0,,,,,,,2,4.0,4.0,2.0,,,,,,,COMPLETE
407,407,0.8632689339772013,2024-12-31 22:49:58.607818,2024-12-31 22:50:18.542372,0 days 00:00:19.934554,3,15,10.0,55.0,,,,,,,,2,4.0,2.0,,,,,,,,COMPLETE
408,408,0.874689491220066,2024-12-31 22:50:18.542893,2024-12-31 22:50:34.058793,0 days 00:00:15.515900,2,10,5.0,,,,,,,,,2,4.0,,,,,,,,,COMPLETE
409,409,0.8774773747219822,2024-12-31 22:50:34.059418,2024-12-31 22:51:06.494752,0 days 00:00:32.435334,4,15,50.0,40.0,45.0,,,,,,,2,4.0,3.0,2.0,,,,,,,COMPLETE
410,410,0.8445250410346947,2024-12-31 22:51:06.495413,2024-12-31 22:51:28.237172,0 days 00:00:21.741759,3,10,10.0,50.0,,,,,,,,2,4.0,3.0,,,,,,,,COMPLETE
411,411,0.8407725285095253,2024-12-31 22:51:28.237698,2024-12-31 22:51:55.432839,0 days 00:00:27.195141,4,5,5.0,85.0,70.0,,,,,,,3,4.0,2.0,2.0,,,,,,,COMPLETE
412,412,0.8573346588897233,2024-12-31 22:51:55.433503,2024-12-31 22:52:15.062010,0 days 00:00:19.628507,3,15,40.0,55.0,,,,,,,,2,4.0,6.0,,,,,,,,COMPLETE
413,413,0.8777988691861074,2024-12-31 22:52:15.062631,2024-12-31 22:52:38.341355,0 days 00:00:23.278724,4,10,10.0,60.0,5.0,,,,,,,4,4.0,2.0,2.0,,,,,,,COMPLETE
414,414,0.8819046134814379,2024-12-31 22:52:38.341939,2024-12-31 22:52:58.405165,0 days 00:00:20.063226,4,15,5.0,55.0,10.0,,,,,,,2,5.0,3.0,2.0,,,,,,,COMPLETE
415,415,0.8513869204496489,2024-12-31 22:52:58.405708,2024-12-31 22:53:25.547844,0 days 00:00:27.142136,4,15,20.0,55.0,10.0,,,,,,,2,5.0,3.0,2.0,,,,,,,COMPLETE
416,416,0.8360605504769786,2024-12-31 22:53:25.548521,2024-12-31 22:53:49.076780,0 days 00:00:23.528259,4,10,5.0,55.0,15.0,,,,,,,2,4.0,3.0,2.0,,,,,,,COMPLETE
417,417,0.8085084909992071,2024-12-31 22:53:49.077433,2024-12-31 22:54:16.864939,0 days 00:00:27.787506,4,5,40.0,60.0,20.0,,,,,,,2,5.0,3.0,2.0,,,,,,,COMPLETE
418,418,0.8686855483547002,2024-12-31 22:54:16.865536,2024-12-31 22:54:38.182121,0 days 00:00:21.316585,4,10,20.0,55.0,5.0,,,,,,,2,5.0,3.0,2.0,,,,,,,COMPLETE
419,419,0.8077987936904152,2024-12-31 22:54:38.182681,2024-12-31 22:55:02.727280,0 days 00:00:24.544599,4,15,10.0,50.0,10.0,,,,,,,2,4.0,3.0,2.0,,,,,,,COMPLETE
420,420,0.8644046825269092,2024-12-31 22:55:02.728049,2024-12-31 22:55:26.867818,0 days 00:00:24.139769,4,20,5.0,50.0,10.0,,,,,,,2,5.0,3.0,2.0,,,,,,,COMPLETE
421,421,0.8871243351271412,2024-12-31 22:55:26.868382,2024-12-31 22:55:47.482104,0 days 00:00:20.613722,4,10,10.0,80.0,15.0,,,,,,,4,3.0,3.0,2.0,,,,,,,COMPLETE
422,422,0.788025890484592,2024-12-31 22:55:47.482644,2024-12-31 22:56:13.114920,0 days 00:00:25.632276,4,5,5.0,55.0,5.0,,,,,,,4,3.0,3.0,2.0,,,,,,,COMPLETE
423,423,0.8791485951130265,2024-12-31 22:56:13.115594,2024-12-31 22:56:36.710619,0 days 00:00:23.595025,4,10,5.0,45.0,10.0,,,,,,,4,3.0,2.0,2.0,,,,,,,COMPLETE
424,424,0.8698160936010273,2024-12-31 22:56:36.711295,2024-12-31 22:57:01.221676,0 days 00:00:24.510381,4,10,10.0,60.0,80.0,,,,,,,4,2.0,3.0,2.0,,,,,,,COMPLETE
425,425,0.8563728364555713,2024-12-31 22:57:01.222230,2024-12-31 22:57:22.811570,0 days 00:00:21.589340,4,10,5.0,55.0,15.0,,,,,,,4,3.0,2.0,2.0,,,,,,,COMPLETE
426,426,0.7413432064936689,2024-12-31 22:57:22.812114,2024-12-31 22:57:45.289255,0 days 00:00:22.477141,4,5,10.0,50.0,5.0,,,,,,,4,5.0,2.0,2.0,,,,,,,COMPLETE
427,427,0.856412969591958,2024-12-31 22:57:45.289993,2024-12-31 22:58:19.766649,0 days 00:00:34.476656,4,10,25.0,75.0,55.0,,,,,,,4,4.0,3.0,2.0,,,,,,,COMPLETE
428,428,0.8243493147934084,2024-12-31 22:58:19.767374,2024-12-31 22:58:48.126304,0 days 00:00:28.358930,4,10,35.0,60.0,75.0,,,,,,,4,4.0,2.0,2.0,,,,,,,COMPLETE
429,429,0.8645572146537438,2024-12-31 22:58:48.126891,2024-12-31 22:59:20.587659,0 days 00:00:32.460768,4,15,5.0,80.0,65.0,,,,,,,4,4.0,3.0,2.0,,,,,,,COMPLETE
430,430,0.7113171169573889,2024-12-31 22:59:20.588493,2024-12-31 22:59:41.509714,0 days 00:00:20.921221,3,5,10.0,55.0,,,,,,,,4,3.0,2.0,,,,,,,,COMPLETE
431,431,0.8321973805329014,2024-12-31 22:59:41.510279,2024-12-31 23:00:06.823341,0 days 00:00:25.313062,4,10,15.0,85.0,10.0,,,,,,,4,4.0,3.0,2.0,,,,,,,COMPLETE
432,432,0.8544317875939957,2024-12-31 23:00:06.824078,2024-12-31 23:00:31.088275,0 days 00:00:24.264197,3,15,10.0,55.0,,,,,,,,5,4.0,2.0,,,,,,,,COMPLETE
433,433,0.8161379078623716,2024-12-31 23:00:31.088851,2024-12-31 23:01:00.527663,0 days 00:00:29.438812,4,15,5.0,60.0,15.0,,,,,,,2,4.0,5.0,2.0,,,,,,,COMPLETE
434,434,0.8773184933936363,2024-12-31 23:01:00.528403,2024-12-31 23:01:33.088788,0 days 00:00:32.560385,4,10,55.0,55.0,15.0,,,,,,,2,4.0,3.0,2.0,,,,,,,COMPLETE
435,435,0.8809016512962105,2024-12-31 23:01:33.089447,2024-12-31 23:01:52.189271,0 days 00:00:19.099824,3,10,5.0,35.0,,,,,,,,2,4.0,2.0,,,,,,,,COMPLETE
436,436,0.8082389109566808,2024-12-31 23:01:52.189802,2024-12-31 23:02:14.490257,0 days 00:00:22.300455,4,5,5.0,25.0,10.0,,,,,,,2,4.0,2.0,2.0,,,,,,,COMPLETE
437,437,0.871227563014686,2024-12-31 23:02:14.490926,2024-12-31 23:02:47.936832,0 days 00:00:33.445906,3,10,90.0,35.0,,,,,,,,4,4.0,3.0,,,,,,,,COMPLETE
438,438,0.8593315486476081,2024-12-31 23:02:47.937452,2024-12-31 23:03:10.343309,0 days 00:00:22.405857,4,10,30.0,30.0,5.0,,,,,,,2,2.0,2.0,4.0,,,,,,,COMPLETE
439,439,0.8101187461955102,2024-12-31 23:03:10.344008,2024-12-31 23:03:32.202654,0 days 00:00:21.858646,4,10,10.0,50.0,15.0,,,,,,,2,4.0,2.0,2.0,,,,,,,COMPLETE
440,440,0.8319020153443742,2024-12-31 23:03:32.203317,2024-12-31 23:04:05.823271,0 days 00:00:33.619954,5,5,15.0,75.0,10.0,65.0,,,,,,2,4.0,2.0,2.0,6.0,,,,,,COMPLETE
441,441,0.8528983011653938,2024-12-31 23:04:05.823870,2024-12-31 23:04:27.558711,0 days 00:00:21.734841,3,10,10.0,55.0,,,,,,,,2,4.0,3.0,,,,,,,,COMPLETE
442,442,0.8816443320324846,2024-12-31 23:04:27.559371,2024-12-31 23:04:48.266208,0 days 00:00:20.706837,3,15,5.0,25.0,,,,,,,,2,4.0,3.0,,,,,,,,COMPLETE
443,443,0.8310385283690311,2024-12-31 23:04:48.266912,2024-12-31 23:05:07.345843,0 days 00:00:19.078931,3,10,5.0,20.0,,,,,,,,2,3.0,3.0,,,,,,,,COMPLETE
444,444,0.8431473656704072,2024-12-31 23:05:07.346376,2024-12-31 23:05:21.157231,0 days 00:00:13.810855,3,15,5.0,55.0,,,,,,,,6,5.0,3.0,,,,,,,,COMPLETE
445,445,0.8608659557136655,2024-12-31 23:05:21.157807,2024-12-31 23:05:36.038737,0 days 00:00:14.880930,3,5,5.0,60.0,,,,,,,,2,5.0,3.0,,,,,,,,COMPLETE
446,446,0.8313538503158662,2024-12-31 23:05:36.039262,2024-12-31 23:05:56.693525,0 days 00:00:20.654263,3,10,5.0,15.0,,,,,,,,2,4.0,3.0,,,,,,,,COMPLETE
447,447,0.8863781221942423,2024-12-31 23:05:56.694184,2024-12-31 23:06:16.566687,0 days 00:00:19.872503,3,15,5.0,50.0,,,,,,,,2,3.0,3.0,,,,,,,,COMPLETE
448,448,0.8429792847079212,2024-12-31 23:06:16.567351,2024-12-31 23:06:35.339412,0 days 00:00:18.772061,3,15,5.0,25.0,,,,,,,,2,3.0,3.0,,,,,,,,COMPLETE
449,449,0.8440373783278111,2024-12-31 23:06:35.339964,2024-12-31 23:06:54.606567,0 days 00:00:19.266603,3,15,5.0,35.0,,,,,,,,2,3.0,3.0,,,,,,,,COMPLETE
450,450,0.8887144786039987,2024-12-31 23:06:54.607106,2024-12-31 23:07:13.577796,0 days 00:00:18.970690,3,15,5.0,30.0,,,,,,,,2,3.0,3.0,,,,,,,,COMPLETE
451,451,0.8771368985323825,2024-12-31 23:07:13.578454,2024-12-31 23:07:32.162380,0 days 00:00:18.583926,3,15,5.0,25.0,,,,,,,,2,3.0,3.0,,,,,,,,COMPLETE
452,452,0.8012556756058835,2024-12-31 23:07:32.162952,2024-12-31 23:07:51.229667,0 days 00:00:19.066715,3,15,5.0,20.0,,,,,,,,2,3.0,3.0,,,,,,,,COMPLETE
453,453,0.8880071451413687,2024-12-31 23:07:51.230347,2024-12-31 23:08:10.125875,0 days 00:00:18.895528,3,15,5.0,30.0,,,,,,,,2,3.0,3.0,,,,,,,,COMPLETE
454,454,0.7712285161202261,2024-12-31 23:08:10.126427,2024-12-31 23:08:34.745108,0 days 00:00:24.618681,3,15,5.0,85.0,,,,,,,,2,3.0,3.0,,,,,,,,COMPLETE
455,455,0.8455877492030149,2024-12-31 23:08:34.745775,2024-12-31 23:08:53.732982,0 days 00:00:18.987207,3,15,5.0,30.0,,,,,,,,2,3.0,3.0,,,,,,,,COMPLETE
456,456,0.8754405357256889,2024-12-31 23:08:53.733504,2024-12-31 23:09:18.753047,0 days 00:00:25.019543,3,15,65.0,30.0,,,,,,,,2,3.0,3.0,,,,,,,,COMPLETE
457,457,0.8393918828081849,2024-12-31 23:09:18.753712,2024-12-31 23:09:38.934075,0 days 00:00:20.180363,3,15,10.0,50.0,,,,,,,,2,3.0,3.0,,,,,,,,COMPLETE
458,458,0.8509369093792525,2024-12-31 23:09:38.934610,2024-12-31 23:09:59.588408,0 days 00:00:20.653798,3,45,5.0,30.0,,,,,,,,2,3.0,3.0,,,,,,,,COMPLETE
459,459,0.8221795847670121,2024-12-31 23:09:59.589138,2024-12-31 23:10:15.154412,0 days 00:00:15.565274,3,15,10.0,50.0,,,,,,,,6,3.0,3.0,,,,,,,,COMPLETE
460,460,0.8773985984991464,2024-12-31 23:10:15.154976,2024-12-31 23:10:34.163263,0 days 00:00:19.008287,3,15,5.0,30.0,,,,,,,,2,3.0,3.0,,,,,,,,COMPLETE
461,461,0.7874917960927557,2024-12-31 23:10:34.163932,2024-12-31 23:10:54.469187,0 days 00:00:20.305255,3,10,10.0,50.0,,,,,,,,2,3.0,3.0,,,,,,,,COMPLETE
462,462,0.883492656474755,2024-12-31 23:10:54.469730,2024-12-31 23:11:13.739020,0 days 00:00:19.269290,3,15,5.0,30.0,,,,,,,,2,3.0,3.0,,,,,,,,COMPLETE
463,463,0.8751987630961391,2024-12-31 23:11:13.739547,2024-12-31 23:11:32.597046,0 days 00:00:18.857499,3,10,5.0,30.0,,,,,,,,2,3.0,3.0,,,,,,,,COMPLETE
464,464,0.8548957915919307,2024-12-31 23:11:32.597705,2024-12-31 23:11:51.558973,0 days 00:00:18.961268,3,15,10.0,30.0,,,,,,,,2,3.0,3.0,,,,,,,,COMPLETE
465,465,0.887267313532331,2024-12-31 23:11:51.559610,2024-12-31 23:12:10.424229,0 days 00:00:18.864619,3,20,5.0,30.0,,,,,,,,2,3.0,3.0,,,,,,,,COMPLETE
466,466,0.8852499301635194,2024-12-31 23:12:10.424762,2024-12-31 23:12:29.408753,0 days 00:00:18.983991,3,20,5.0,25.0,,,,,,,,2,3.0,3.0,,,,,,,,COMPLETE
467,467,0.8347870845149922,2024-12-31 23:12:29.409285,2024-12-31 23:12:48.464723,0 days 00:00:19.055438,3,20,5.0,30.0,,,,,,,,2,3.0,3.0,,,,,,,,COMPLETE
468,468,0.8640061846594616,2024-12-31 23:12:48.465375,2024-12-31 23:13:10.125557,0 days 00:00:21.660182,3,20,5.0,25.0,,,,,,,,4,3.0,3.0,,,,,,,,COMPLETE
469,469,0.8760947548162327,2024-12-31 23:13:10.126225,2024-12-31 23:13:29.063870,0 days 00:00:18.937645,3,25,5.0,25.0,,,,,,,,2,3.0,3.0,,,,,,,,COMPLETE
470,470,0.8573071243538066,2024-12-31 23:13:29.064401,2024-12-31 23:13:48.112704,0 days 00:00:19.048303,3,20,5.0,30.0,,,,,,,,2,3.0,3.0,,,,,,,,COMPLETE
471,471,0.8518215196202233,2024-12-31 23:13:48.113257,2024-12-31 23:14:06.939065,0 days 00:00:18.825808,3,20,5.0,30.0,,,,,,,,2,3.0,3.0,,,,,,,,COMPLETE
472,472,0.8184595891581,2024-12-31 23:14:06.939599,2024-12-31 23:14:25.915332,0 days 00:00:18.975733,3,20,5.0,20.0,,,,,,,,2,3.0,3.0,,,,,,,,COMPLETE
473,473,0.8700736175047443,2024-12-31 23:14:25.916021,2024-12-31 23:14:47.987723,0 days 00:00:22.071702,3,25,5.0,30.0,,,,,,,,4,3.0,3.0,,,,,,,,COMPLETE
474,474,0.8525508436704046,2024-12-31 23:14:47.988373,2024-12-31 23:15:06.921068,0 days 00:00:18.932695,3,20,10.0,25.0,,,,,,,,2,3.0,3.0,,,,,,,,COMPLETE
475,475,0.858407514275483,2024-12-31 23:15:06.921619,2024-12-31 23:15:26.189782,0 days 00:00:19.268163,3,20,5.0,30.0,,,,,,,,2,3.0,3.0,,,,,,,,COMPLETE
476,476,0.8410240190150358,2024-12-31 23:15:26.190309,2024-12-31 23:15:56.239939,0 days 00:00:30.049630,3,20,100.0,30.0,,,,,,,,2,3.0,3.0,,,,,,,,COMPLETE
477,477,0.8621487953826563,2024-12-31 23:15:56.240719,2024-12-31 23:16:15.704253,0 days 00:00:19.463534,3,20,5.0,35.0,,,,,,,,2,3.0,3.0,,,,,,,,COMPLETE
478,478,0.8522228867623605,2024-12-31 23:16:15.704805,2024-12-31 23:16:37.470890,0 days 00:00:21.766085,3,25,10.0,25.0,,,,,,,,4,3.0,3.0,,,,,,,,COMPLETE
479,479,0.8818601104530235,2024-12-31 23:16:37.471482,2024-12-31 23:16:57.095867,0 days 00:00:19.624385,3,20,5.0,35.0,,,,,,,,2,3.0,3.0,,,,,,,,COMPLETE
480,480,0.824764231452809,2024-12-31 23:16:57.096413,2024-12-31 23:17:16.552159,0 days 00:00:19.455746,3,15,10.0,35.0,,,,,,,,2,3.0,3.0,,,,,,,,COMPLETE
481,481,0.8911097133839947,2024-12-31 23:17:16.552828,2024-12-31 23:17:35.537872,0 days 00:00:18.985044,3,15,5.0,25.0,,,,,,,,2,3.0,3.0,,,,,,,,COMPLETE
482,482,0.8672905879962209,2024-12-31 23:17:35.538499,2024-12-31 23:17:54.282827,0 days 00:00:18.744328,3,15,5.0,25.0,,,,,,,,2,3.0,3.0,,,,,,,,COMPLETE
483,483,0.8523733082811633,2024-12-31 23:17:54.283390,2024-12-31 23:18:13.202769,0 days 00:00:18.919379,3,15,5.0,20.0,,,,,,,,2,3.0,3.0,,,,,,,,COMPLETE
484,484,0.87890978628997,2024-12-31 23:18:13.203347,2024-12-31 23:18:32.196000,0 days 00:00:18.992653,3,20,5.0,25.0,,,,,,,,2,3.0,3.0,,,,,,,,COMPLETE
485,485,0.8720341349626708,2024-12-31 23:18:32.196663,2024-12-31 23:18:48.114734,0 days 00:00:15.918071,3,20,10.0,20.0,,,,,,,,5,3.0,3.0,,,,,,,,COMPLETE
486,486,0.8888065126654516,2024-12-31 23:18:48.115389,2024-12-31 23:19:06.805968,0 days 00:00:18.690579,3,15,5.0,25.0,,,,,,,,2,3.0,3.0,,,,,,,,COMPLETE
487,487,0.8695892193378171,2024-12-31 23:19:06.806651,2024-12-31 23:19:26.082512,0 days 00:00:19.275861,3,30,5.0,20.0,,,,,,,,2,3.0,3.0,,,,,,,,COMPLETE
488,488,0.8529957987013795,2024-12-31 23:19:26.083058,2024-12-31 23:19:44.861997,0 days 00:00:18.778939,3,15,10.0,25.0,,,,,,,,2,3.0,3.0,,,,,,,,COMPLETE
489,489,0.8543441223641122,2024-12-31 23:19:44.862539,2024-12-31 23:20:05.235986,0 days 00:00:20.373447,3,15,5.0,25.0,,,,,,,,4,3.0,3.0,,,,,,,,COMPLETE
490,490,0.89079878492003,2024-12-31 23:20:05.236679,2024-12-31 23:20:24.169147,0 days 00:00:18.932468,3,20,5.0,30.0,,,,,,,,2,3.0,3.0,,,,,,,,COMPLETE
491,491,0.8867318346091245,2024-12-31 23:20:24.169802,2024-12-31 23:20:43.265360,0 days 00:00:19.095558,3,20,5.0,30.0,,,,,,,,2,3.0,3.0,,,,,,,,COMPLETE
492,492,0.8525565658653712,2024-12-31 23:20:43.265953,2024-12-31 23:21:02.473214,0 days 00:00:19.207261,3,20,5.0,30.0,,,,,,,,2,3.0,3.0,,,,,,,,COMPLETE
493,493,0.8750462922154375,2024-12-31 23:21:02.473773,2024-12-31 23:21:21.475188,0 days 00:00:19.001415,3,25,5.0,25.0,,,,,,,,2,3.0,3.0,,,,,,,,COMPLETE
494,494,0.8906481196665401,2024-12-31 23:21:21.475871,2024-12-31 23:21:40.590417,0 days 00:00:19.114546,3,20,5.0,30.0,,,,,,,,2,3.0,3.0,,,,,,,,COMPLETE
495,495,0.8630313119483188,2024-12-31 23:21:40.591088,2024-12-31 23:21:59.610825,0 days 00:00:19.019737,3,25,5.0,30.0,,,,,,,,2,3.0,3.0,,,,,,,,COMPLETE
496,496,0.8826228616689851,2024-12-31 23:21:59.611355,2024-12-31 23:22:18.494469,0 days 00:00:18.883114,3,20,5.0,30.0,,,,,,,,2,3.0,3.0,,,,,,,,COMPLETE
497,497,0.8399299675110623,2024-12-31 23:22:18.495033,2024-12-31 23:22:40.188181,0 days 00:00:21.693148,3,20,5.0,25.0,,,,,,,,4,3.0,3.0,,,,,,,,COMPLETE
498,498,0.8899052460195076,2024-12-31 23:22:40.188736,2024-12-31 23:22:59.412176,0 days 00:00:19.223440,3,25,5.0,25.0,,,,,,,,2,3.0,3.0,,,,,,,,COMPLETE
499,499,0.8742937442062627,2024-12-31 23:22:59.412859,2024-12-31 23:23:18.516890,0 days 00:00:19.104031,3,25,5.0,25.0,,,,,,,,2,3.0,3.0,,,,,,,,COMPLETE
500,500,0.8498915229215795,2024-12-31 23:23:18.517527,2024-12-31 23:23:37.762292,0 days 00:00:19.244765,3,25,10.0,25.0,,,,,,,,2,3.0,3.0,,,,,,,,COMPLETE
501,501,0.8824804445019352,2024-12-31 23:23:37.762857,2024-12-31 23:23:56.923911,0 days 00:00:19.161054,3,20,5.0,30.0,,,,,,,,2,3.0,3.0,,,,,,,,COMPLETE
502,502,0.8704116753444108,2024-12-31 23:23:56.924441,2024-12-31 23:24:15.758506,0 days 00:00:18.834065,3,20,5.0,25.0,,,,,,,,2,3.0,3.0,,,,,,,,COMPLETE
503,503,0.8681363656165519,2024-12-31 23:24:15.759245,2024-12-31 23:24:37.825921,0 days 00:00:22.066676,3,20,10.0,30.0,,,,,,,,4,3.0,3.0,,,,,,,,COMPLETE
504,504,0.866943598146394,2024-12-31 23:24:37.826574,2024-12-31 23:24:51.493604,0 days 00:00:13.667030,2,20,5.0,,,,,,,,,2,3.0,,,,,,,,,COMPLETE
505,505,0.8758045226306257,2024-12-31 23:24:51.494158,2024-12-31 23:25:10.550739,0 days 00:00:19.056581,3,25,10.0,25.0,,,,,,,,2,3.0,3.0,,,,,,,,COMPLETE
506,506,0.875804412317978,2024-12-31 23:25:10.551311,2024-12-31 23:25:29.539506,0 days 00:00:18.988195,3,20,5.0,20.0,,,,,,,,2,3.0,3.0,,,,,,,,COMPLETE
507,507,0.8565884948823645,2024-12-31 23:25:29.540046,2024-12-31 23:25:48.914471,0 days 00:00:19.374425,3,25,10.0,35.0,,,,,,,,2,3.0,3.0,,,,,,,,COMPLETE
508,508,0.863565453304029,2024-12-31 23:25:48.915155,2024-12-31 23:26:09.189456,0 days 00:00:20.274301,3,20,5.0,30.0,,,,,,,,4,3.0,3.0,,,,,,,,COMPLETE
509,509,0.8797678706282881,2024-12-31 23:26:09.190160,2024-12-31 23:26:28.217571,0 days 00:00:19.027411,3,25,5.0,20.0,,,,,,,,2,3.0,3.0,,,,,,,,COMPLETE
510,510,0.8647891303248151,2024-12-31 23:26:28.218228,2024-12-31 23:26:47.468619,0 days 00:00:19.250391,3,30,5.0,25.0,,,,,,,,2,3.0,3.0,,,,,,,,COMPLETE
511,511,0.8830719403881669,2024-12-31 23:26:47.469175,2024-12-31 23:27:06.726774,0 days 00:00:19.257599,3,20,10.0,30.0,,,,,,,,2,3.0,3.0,,,,,,,,COMPLETE
512,512,0.8323651916487153,2024-12-31 23:27:06.727454,2024-12-31 23:27:25.747010,0 days 00:00:19.019556,3,20,5.0,30.0,,,,,,,,2,3.0,3.0,,,,,,,,COMPLETE
513,513,0.8687602260646249,2024-12-31 23:27:25.747557,2024-12-31 23:27:45.131357,0 days 00:00:19.383800,3,15,10.0,35.0,,,,,,,,2,3.0,3.0,,,,,,,,COMPLETE
514,514,0.884843091622586,2024-12-31 23:27:45.132037,2024-12-31 23:28:04.074307,0 days 00:00:18.942270,3,20,5.0,25.0,,,,,,,,2,3.0,3.0,,,,,,,,COMPLETE
515,515,0.8509930792994832,2024-12-31 23:28:04.074866,2024-12-31 23:28:18.054900,0 days 00:00:13.980034,2,25,5.0,,,,,,,,,2,3.0,,,,,,,,,COMPLETE
516,516,0.8586658827573969,2024-12-31 23:28:18.055424,2024-12-31 23:28:36.877782,0 days 00:00:18.822358,3,20,5.0,25.0,,,,,,,,2,3.0,3.0,,,,,,,,COMPLETE
517,517,0.8841251696057074,2024-12-31 23:28:36.878469,2024-12-31 23:28:55.763622,0 days 00:00:18.885153,3,20,5.0,25.0,,,,,,,,2,3.0,3.0,,,,,,,,COMPLETE
518,518,0.8701296618128591,2024-12-31 23:28:55.764300,2024-12-31 23:29:14.536942,0 days 00:00:18.772642,3,25,10.0,20.0,,,,,,,,2,3.0,3.0,,,,,,,,COMPLETE
519,519,0.8802141677058108,2024-12-31 23:29:14.537498,2024-12-31 23:29:33.398119,0 days 00:00:18.860621,3,20,5.0,25.0,,,,,,,,2,3.0,3.0,,,,,,,,COMPLETE
520,520,0.8734979335130278,2024-12-31 23:29:33.398677,2024-12-31 23:29:52.573522,0 days 00:00:19.174845,3,20,10.0,30.0,,,,,,,,2,3.0,3.0,,,,,,,,COMPLETE
521,521,0.855015414608379,2024-12-31 23:29:52.574079,2024-12-31 23:30:11.466277,0 days 00:00:18.892198,3,20,5.0,25.0,,,,,,,,2,3.0,3.0,,,,,,,,COMPLETE
522,522,0.8441350343818647,2024-12-31 23:30:11.467008,2024-12-31 23:30:25.171232,0 days 00:00:13.704224,2,20,5.0,,,,,,,,,2,3.0,,,,,,,,,COMPLETE
523,523,0.853628309732898,2024-12-31 23:30:25.171907,2024-12-31 23:31:01.649030,0 days 00:00:36.477123,5,25,5.0,30.0,60.0,55.0,,,,,,2,3.0,3.0,3.0,6.0,,,,,,COMPLETE
524,524,0.8756206696986721,2024-12-31 23:31:01.649647,2024-12-31 23:31:20.643250,0 days 00:00:18.993603,3,15,10.0,20.0,,,,,,,,2,3.0,3.0,,,,,,,,COMPLETE
525,525,0.8476546209795262,2024-12-31 23:31:20.643797,2024-12-31 23:31:39.438637,0 days 00:00:18.794840,3,20,5.0,25.0,,,,,,,,2,3.0,3.0,,,,,,,,COMPLETE
526,526,0.8583504335441029,2024-12-31 23:31:39.439439,2024-12-31 23:31:58.502412,0 days 00:00:19.062973,3,15,5.0,30.0,,,,,,,,2,3.0,3.0,,,,,,,,COMPLETE
527,527,0.8809846560359953,2024-12-31 23:31:58.502974,2024-12-31 23:32:17.926611,0 days 00:00:19.423637,3,20,10.0,35.0,,,,,,,,2,3.0,3.0,,,,,,,,COMPLETE
528,528,0.8556715555012853,2024-12-31 23:32:17.927214,2024-12-31 23:32:38.770769,0 days 00:00:20.843555,3,15,5.0,25.0,,,,,,,,5,3.0,3.0,,,,,,,,COMPLETE
529,529,0.881598752988948,2024-12-31 23:32:38.771312,2024-12-31 23:33:06.011382,0 days 00:00:27.240070,4,25,10.0,25.0,55.0,,,,,,,2,3.0,3.0,3.0,,,,,,,COMPLETE
530,530,0.8843529797199345,2024-12-31 23:33:06.012100,2024-12-31 23:33:25.083590,0 days 00:00:19.071490,3,15,10.0,30.0,,,,,,,,2,3.0,3.0,,,,,,,,COMPLETE
531,531,0.8382913702477041,2024-12-31 23:33:25.084274,2024-12-31 23:33:44.031746,0 days 00:00:18.947472,3,20,5.0,20.0,,,,,,,,2,3.0,3.0,,,,,,,,COMPLETE
532,532,0.8470663533057177,2024-12-31 23:33:44.032322,2024-12-31 23:34:12.094015,0 days 00:00:28.061693,4,15,5.0,35.0,25.0,,,,,,,2,3.0,3.0,5.0,,,,,,,COMPLETE
533,533,0.8645595991014343,2024-12-31 23:34:12.094602,2024-12-31 23:34:47.294741,0 days 00:00:35.200139,5,35,5.0,30.0,40.0,50.0,,,,,,2,3.0,3.0,3.0,6.0,,,,,,COMPLETE
