,number,value,datetime_start,datetime_complete,duration,params_depth,params_neurons_layer_0,params_neurons_layer_1,params_neurons_layer_2,params_neurons_layer_3,params_neurons_layer_4,params_neurons_layer_5,params_neurons_layer_6,params_neurons_layer_7,params_neurons_layer_8,params_neurons_layer_9,params_orders_layer_0,params_orders_layer_1,params_orders_layer_2,params_orders_layer_3,params_orders_layer_4,params_orders_layer_5,params_orders_layer_6,params_orders_layer_7,params_orders_layer_8,params_orders_layer_9,state
0,0,0.7956058378727708,2025-01-01 23:27:05.512121,2025-01-01 23:27:52.488697,0 days 00:00:46.976576,5,70,50.0,85.0,95.0,15.0,,,,,,5,6.0,5.0,4.0,6.0,,,,,,COMPLETE
1,1,0.8135244567801388,2025-01-01 23:27:52.489325,2025-01-01 23:28:20.065283,0 days 00:00:27.575958,6,80,15.0,5.0,10.0,40.0,85.0,,,,,6,6.0,3.0,3.0,5.0,4.0,,,,,COMPLETE
2,2,0.864093836862315,2025-01-01 23:28:20.065844,2025-01-01 23:28:29.983452,0 days 00:00:09.917608,1,20,,,,,,,,,,4,,,,,,,,,,COMPLETE
3,3,0.8369068120221416,2025-01-01 23:28:29.983822,2025-01-01 23:29:21.481924,0 days 00:00:51.498102,6,85,25.0,20.0,90.0,100.0,85.0,,,,,5,5.0,4.0,3.0,4.0,3.0,,,,,COMPLETE
4,4,0.8559305526610084,2025-01-01 23:29:21.482512,2025-01-01 23:30:29.793161,0 days 00:01:08.310649,9,95,40.0,5.0,20.0,45.0,95.0,70.0,30.0,100.0,,2,4.0,3.0,5.0,5.0,6.0,6.0,3.0,3.0,,COMPLETE
5,5,0.8230007355447228,2025-01-01 23:30:29.793817,2025-01-01 23:30:58.165089,0 days 00:00:28.371272,5,85,90.0,45.0,25.0,90.0,,,,,,6,6.0,3.0,5.0,6.0,,,,,,COMPLETE
6,6,0.8563511846505178,2025-01-01 23:30:58.165678,2025-01-01 23:31:39.256915,0 days 00:00:41.091237,6,35,20.0,30.0,15.0,15.0,65.0,,,,,5,2.0,2.0,5.0,6.0,3.0,,,,,COMPLETE
7,7,0.842902625996252,2025-01-01 23:31:39.257416,2025-01-01 23:32:59.503987,0 days 00:01:20.246571,8,10,65.0,85.0,80.0,60.0,55.0,55.0,10.0,,,4,2.0,5.0,5.0,5.0,4.0,4.0,5.0,,,COMPLETE
8,8,0.8495571412414984,2025-01-01 23:32:59.504645,2025-01-01 23:33:45.138535,0 days 00:00:45.633890,5,75,20.0,45.0,90.0,75.0,,,,,,3,2.0,6.0,4.0,5.0,,,,,,COMPLETE
9,9,0.790893494690963,2025-01-01 23:33:45.139148,2025-01-01 23:34:18.789710,0 days 00:00:33.650562,8,90,65.0,70.0,25.0,45.0,30.0,70.0,10.0,,,6,3.0,5.0,6.0,5.0,2.0,6.0,3.0,,,COMPLETE
10,10,0.8216500702479108,2025-01-01 23:34:18.790487,2025-01-01 23:34:28.704866,0 days 00:00:09.914379,1,5,,,,,,,,,,3,,,,,,,,,,COMPLETE
11,11,0.8435371703828043,2025-01-01 23:34:28.705238,2025-01-01 23:34:38.269015,0 days 00:00:09.563777,1,30,,,,,,,,,,4,,,,,,,,,,COMPLETE
12,12,0.8616803604333187,2025-01-01 23:34:38.269345,2025-01-01 23:34:59.682412,0 days 00:00:21.413067,3,40,5.0,30.0,,,,,,,,5,3.0,2.0,,,,,,,,COMPLETE
13,13,0.8366340666579584,2025-01-01 23:34:59.683009,2025-01-01 23:35:20.876077,0 days 00:00:21.193068,3,50,5.0,60.0,,,,,,,,3,4.0,2.0,,,,,,,,COMPLETE
14,14,0.8485882077003573,2025-01-01 23:35:20.876435,2025-01-01 23:35:44.117994,0 days 00:00:23.241559,3,25,95.0,30.0,,,,,,,,4,3.0,2.0,,,,,,,,COMPLETE
15,15,0.8366753299431378,2025-01-01 23:35:44.118332,2025-01-01 23:36:15.888572,0 days 00:00:31.770240,3,50,40.0,60.0,,,,,,,,5,4.0,4.0,,,,,,,,COMPLETE
16,16,0.850382039151629,2025-01-01 23:36:15.889053,2025-01-01 23:36:31.710947,0 days 00:00:15.821894,2,20,70.0,,,,,,,,,2,3.0,,,,,,,,,COMPLETE
17,17,0.8427732966960328,2025-01-01 23:36:31.711285,2025-01-01 23:36:48.755518,0 days 00:00:17.044233,2,60,5.0,,,,,,,,,4,5.0,,,,,,,,,COMPLETE
18,18,0.8356265373968403,2025-01-01 23:36:48.755944,2025-01-01 23:37:25.045144,0 days 00:00:36.289200,4,40,35.0,95.0,55.0,,,,,,,5,5.0,3.0,2.0,,,,,,,COMPLETE
19,19,0.8597556355773487,2025-01-01 23:37:25.045629,2025-01-01 23:37:34.530612,0 days 00:00:09.484983,1,20,,,,,,,,,,3,,,,,,,,,,COMPLETE
20,20,0.8368395224291858,2025-01-01 23:37:34.531055,2025-01-01 23:37:57.872150,0 days 00:00:23.341095,2,45,80.0,,,,,,,,,5,3.0,,,,,,,,,COMPLETE
21,21,0.7969412253112156,2025-01-01 23:37:57.872498,2025-01-01 23:38:07.365401,0 days 00:00:09.492903,1,15,,,,,,,,,,3,,,,,,,,,,COMPLETE
22,22,0.8353845218972751,2025-01-01 23:38:07.365720,2025-01-01 23:38:16.871097,0 days 00:00:09.505377,1,30,,,,,,,,,,3,,,,,,,,,,COMPLETE
23,23,0.8517513572486465,2025-01-01 23:38:16.871391,2025-01-01 23:38:33.623920,0 days 00:00:16.752529,2,20,55.0,,,,,,,,,4,3.0,,,,,,,,,COMPLETE
24,24,0.7688959129462034,2025-01-01 23:38:33.624255,2025-01-01 23:38:55.534106,0 days 00:00:21.909851,4,5,30.0,25.0,50.0,,,,,,,2,2.0,4.0,2.0,,,,,,,COMPLETE
25,25,0.8462852027447115,2025-01-01 23:38:55.534601,2025-01-01 23:39:21.443052,0 days 00:00:25.908451,3,40,50.0,40.0,,,,,,,,4,5.0,2.0,,,,,,,,COMPLETE
26,26,0.8503855551473056,2025-01-01 23:39:21.443418,2025-01-01 23:39:33.470736,0 days 00:00:12.027318,1,60,,,,,,,,,,3,,,,,,,,,,COMPLETE
27,27,0.8462081547586955,2025-01-01 23:39:33.471135,2025-01-01 23:40:02.566470,0 days 00:00:29.095335,4,25,10.0,20.0,65.0,,,,,,,4,4.0,6.0,6.0,,,,,,,COMPLETE
28,28,0.8174401678595009,2025-01-01 23:40:02.566941,2025-01-01 23:40:21.116016,0 days 00:00:18.549075,2,15,80.0,,,,,,,,,5,4.0,,,,,,,,,COMPLETE
29,29,0.8318633322862093,2025-01-01 23:40:21.116601,2025-01-01 23:40:38.831820,0 days 00:00:17.715219,2,65,55.0,,,,,,,,,3,2.0,,,,,,,,,COMPLETE
30,30,0.836357019824161,2025-01-01 23:40:38.832296,2025-01-01 23:41:14.981236,0 days 00:00:36.148940,4,35,100.0,70.0,40.0,,,,,,,4,3.0,3.0,3.0,,,,,,,COMPLETE
31,31,0.8624795258096427,2025-01-01 23:41:14.981748,2025-01-01 23:41:39.391723,0 days 00:00:24.409975,6,35,20.0,35.0,5.0,5.0,50.0,,,,,5,2.0,2.0,6.0,2.0,6.0,,,,,COMPLETE
32,32,0.8544075658900114,2025-01-01 23:41:39.392232,2025-01-01 23:42:02.157473,0 days 00:00:22.765241,8,30,15.0,35.0,5.0,5.0,5.0,10.0,90.0,,,6,2.0,2.0,6.0,2.0,6.0,2.0,6.0,,,COMPLETE
33,33,0.8575814783866693,2025-01-01 23:42:02.158330,2025-01-01 23:42:39.213019,0 days 00:00:37.054689,7,40,30.0,15.0,35.0,30.0,30.0,10.0,,,,5,3.0,2.0,6.0,2.0,5.0,2.0,,,,COMPLETE
34,34,0.8499936253231812,2025-01-01 23:42:39.213499,2025-01-01 23:43:27.048185,0 days 00:00:47.834686,7,15,5.0,55.0,70.0,65.0,35.0,100.0,,,,5,2.0,4.0,4.0,3.0,5.0,4.0,,,,COMPLETE
35,35,0.8461654886200873,2025-01-01 23:43:27.048827,2025-01-01 23:44:07.519067,0 days 00:00:40.470240,7,25,45.0,45.0,40.0,25.0,65.0,35.0,,,,6,3.0,3.0,5.0,3.0,5.0,5.0,,,,COMPLETE
36,36,0.8402754934589861,2025-01-01 23:44:07.519570,2025-01-01 23:44:56.482762,0 days 00:00:48.963192,10,35,15.0,15.0,55.0,80.0,5.0,100.0,100.0,5.0,10.0,5,2.0,2.0,6.0,3.0,6.0,3.0,2.0,6.0,5.0,COMPLETE
37,37,0.8380202195820856,2025-01-01 23:44:56.483494,2025-01-01 23:45:25.426407,0 days 00:00:28.942913,5,45,25.0,35.0,30.0,5.0,,,,,,2,4.0,3.0,3.0,2.0,,,,,,COMPLETE
38,38,0.8198236867383464,2025-01-01 23:45:25.426865,2025-01-01 23:45:44.556929,0 days 00:00:19.130064,6,10,10.0,50.0,5.0,30.0,40.0,,,,,6,6.0,2.0,4.0,4.0,2.0,,,,,COMPLETE
39,39,0.8445835079123942,2025-01-01 23:45:44.557416,2025-01-01 23:46:09.137654,0 days 00:00:24.580238,3,20,25.0,70.0,,,,,,,,4,3.0,4.0,,,,,,,,COMPLETE
40,40,0.8524659297140411,2025-01-01 23:46:09.138095,2025-01-01 23:46:49.714852,0 days 00:00:40.576757,6,100,35.0,10.0,70.0,55.0,20.0,,,,,5,2.0,3.0,5.0,3.0,5.0,,,,,COMPLETE
41,41,0.8567145215035346,2025-01-01 23:46:49.715449,2025-01-01 23:47:27.092572,0 days 00:00:37.377123,7,45,30.0,15.0,40.0,30.0,50.0,5.0,,,,5,3.0,2.0,6.0,2.0,5.0,2.0,,,,COMPLETE
42,42,0.8387165364485455,2025-01-01 23:47:27.093077,2025-01-01 23:47:58.076478,0 days 00:00:30.983401,5,35,20.0,25.0,35.0,15.0,,,,,,5,3.0,2.0,6.0,2.0,,,,,,COMPLETE
43,43,0.8372234561135308,2025-01-01 23:47:58.076985,2025-01-01 23:48:30.155303,0 days 00:00:32.078318,9,55,10.0,35.0,15.0,25.0,20.0,30.0,65.0,55.0,,6,4.0,2.0,6.0,4.0,6.0,3.0,6.0,2.0,,COMPLETE
44,44,0.8531986906077235,2025-01-01 23:48:30.156012,2025-01-01 23:49:16.049146,0 days 00:00:45.893134,7,40,30.0,10.0,50.0,35.0,45.0,25.0,,,,5,2.0,3.0,5.0,2.0,5.0,3.0,,,,COMPLETE
45,45,0.849812673425539,2025-01-01 23:49:16.049652,2025-01-01 23:49:39.018604,0 days 00:00:22.968952,6,30,40.0,25.0,15.0,20.0,65.0,,,,,6,3.0,2.0,6.0,3.0,6.0,,,,,COMPLETE
46,46,0.8293128350561041,2025-01-01 23:49:39.019262,2025-01-01 23:49:49.179094,0 days 00:00:10.159832,1,25,,,,,,,,,,4,,,,,,,,,,COMPLETE
47,47,0.8582597794691051,2025-01-01 23:49:49.179475,2025-01-01 23:50:26.607034,0 days 00:00:37.427559,8,55,20.0,5.0,30.0,5.0,25.0,50.0,55.0,,,5,2.0,3.0,4.0,2.0,4.0,2.0,4.0,,,COMPLETE
48,48,0.8479775096213562,2025-01-01 23:50:26.607563,2025-01-01 23:51:31.299724,0 days 00:01:04.692161,9,55,20.0,5.0,100.0,5.0,20.0,55.0,55.0,5.0,,4,2.0,3.0,4.0,4.0,3.0,5.0,4.0,6.0,,COMPLETE
49,49,0.8422838334667823,2025-01-01 23:51:31.300455,2025-01-01 23:52:34.792439,0 days 00:01:03.491984,10,50,15.0,5.0,25.0,10.0,55.0,80.0,75.0,100.0,95.0,5,2.0,3.0,4.0,3.0,4.0,3.0,4.0,4.0,3.0,COMPLETE
50,50,0.8493290896089511,2025-01-01 23:52:34.793031,2025-01-01 23:53:22.125337,0 days 00:00:47.332306,8,75,45.0,20.0,5.0,45.0,25.0,45.0,35.0,,,5,2.0,3.0,3.0,2.0,3.0,4.0,5.0,,,COMPLETE
51,51,0.8548667547619279,2025-01-01 23:53:22.126023,2025-01-01 23:53:54.920047,0 days 00:00:32.794024,7,40,25.0,15.0,35.0,20.0,35.0,15.0,,,,5,3.0,2.0,2.0,2.0,4.0,2.0,,,,COMPLETE
52,52,0.8450868537659226,2025-01-01 23:53:54.920538,2025-01-01 23:54:31.673627,0 days 00:00:36.753089,8,60,10.0,10.0,45.0,10.0,15.0,40.0,40.0,,,5,2.0,2.0,5.0,2.0,5.0,2.0,2.0,,,COMPLETE
53,53,0.8483358739837399,2025-01-01 23:54:31.674347,2025-01-01 23:55:06.134579,0 days 00:00:34.460232,6,45,15.0,30.0,20.0,15.0,45.0,,,,,5,3.0,2.0,4.0,3.0,5.0,,,,,COMPLETE
54,54,0.8587828203157704,2025-01-01 23:55:06.135137,2025-01-01 23:55:48.326844,0 days 00:00:42.191707,9,10,35.0,40.0,30.0,35.0,30.0,20.0,75.0,50.0,,4,2.0,4.0,5.0,2.0,6.0,2.0,5.0,4.0,,COMPLETE
55,55,0.8714868519635254,2025-01-01 23:55:48.327425,2025-01-01 23:56:35.653966,0 days 00:00:47.326541,9,10,5.0,40.0,10.0,40.0,10.0,20.0,75.0,50.0,,3,2.0,5.0,5.0,3.0,6.0,3.0,5.0,4.0,,COMPLETE
56,56,0.8458067754456786,2025-01-01 23:56:35.654769,2025-01-01 23:57:18.193841,0 days 00:00:42.539072,9,10,5.0,40.0,10.0,40.0,10.0,25.0,80.0,50.0,,3,2.0,5.0,5.0,3.0,6.0,3.0,5.0,4.0,,COMPLETE
57,57,0.8541050091705988,2025-01-01 23:57:18.194570,2025-01-01 23:58:19.108471,0 days 00:01:00.913901,10,5,5.0,50.0,10.0,50.0,10.0,20.0,75.0,50.0,50.0,2,2.0,5.0,5.0,3.0,6.0,4.0,5.0,5.0,2.0,COMPLETE
58,58,0.8432780837609872,2025-01-01 23:58:19.109580,2025-01-01 23:58:28.734115,0 days 00:00:09.624535,1,15,,,,,,,,,,3,,,,,,,,,,COMPLETE
59,59,0.8611107252700014,2025-01-01 23:58:28.734606,2025-01-01 23:58:47.479875,0 days 00:00:18.745269,3,10,35.0,40.0,,,,,,,,3,2.0,6.0,,,,,,,,COMPLETE
60,60,0.8613561924703,2025-01-01 23:58:47.480503,2025-01-01 23:59:05.593622,0 days 00:00:18.113119,3,20,10.0,60.0,,,,,,,,3,3.0,6.0,,,,,,,,COMPLETE
61,61,0.8435718933508038,2025-01-01 23:59:05.594157,2025-01-01 23:59:26.202881,0 days 00:00:20.608724,3,20,10.0,60.0,,,,,,,,3,3.0,6.0,,,,,,,,COMPLETE
62,62,0.830332773619932,2025-01-01 23:59:26.203617,2025-01-01 23:59:51.132630,0 days 00:00:24.929013,4,5,15.0,55.0,80.0,,,,,,,3,5.0,6.0,5.0,,,,,,,COMPLETE
63,63,0.804916968857058,2025-01-01 23:59:51.133187,2025-01-02 00:00:04.373520,0 days 00:00:13.240333,2,20,5.0,,,,,,,,,3,2.0,,,,,,,,,COMPLETE
64,64,0.8506962198137793,2025-01-02 00:00:04.373997,2025-01-02 00:00:29.740953,0 days 00:00:25.366956,3,10,10.0,65.0,,,,,,,,3,4.0,5.0,,,,,,,,COMPLETE
65,65,0.8376106955549825,2025-01-02 00:00:29.741510,2025-01-02 00:01:11.572575,0 days 00:00:41.831065,5,15,25.0,80.0,60.0,100.0,,,,,,2,3.0,6.0,6.0,4.0,,,,,,COMPLETE
66,66,0.7755017600539554,2025-01-02 00:01:11.573258,2025-01-02 00:01:24.755468,0 days 00:00:13.182210,2,25,20.0,,,,,,,,,3,2.0,,,,,,,,,COMPLETE
67,67,0.8496971665236587,2025-01-02 00:01:24.755946,2025-01-02 00:01:34.283461,0 days 00:00:09.527515,1,15,,,,,,,,,,3,,,,,,,,,,COMPLETE
68,68,0.8392798036268307,2025-01-02 00:01:34.283933,2025-01-02 00:02:07.707852,0 days 00:00:33.423919,4,30,60.0,45.0,20.0,,,,,,,2,3.0,5.0,5.0,,,,,,,COMPLETE
69,69,0.879971765512582,2025-01-02 00:02:07.708497,2025-01-02 00:02:23.362520,0 days 00:00:15.654023,3,5,15.0,30.0,,,,,,,,3,2.0,6.0,,,,,,,,COMPLETE
70,70,0.8258681135899362,2025-01-02 00:02:23.363023,2025-01-02 00:02:43.256648,0 days 00:00:19.893625,3,5,15.0,30.0,,,,,,,,4,2.0,6.0,,,,,,,,COMPLETE
71,71,0.8720300999392261,2025-01-02 00:02:43.257067,2025-01-02 00:02:59.076857,0 days 00:00:15.819790,3,10,5.0,40.0,,,,,,,,3,2.0,6.0,,,,,,,,COMPLETE
72,72,0.8626040768137628,2025-01-02 00:02:59.077326,2025-01-02 00:03:17.628195,0 days 00:00:18.550869,3,10,5.0,40.0,,,,,,,,3,2.0,6.0,,,,,,,,COMPLETE
73,73,0.8622200751476115,2025-01-02 00:03:17.628590,2025-01-02 00:03:32.093922,0 days 00:00:14.465332,3,5,5.0,35.0,,,,,,,,3,2.0,6.0,,,,,,,,COMPLETE
74,74,0.8567355620455912,2025-01-02 00:03:32.094345,2025-01-02 00:03:56.262082,0 days 00:00:24.167737,4,5,5.0,35.0,80.0,,,,,,,3,2.0,6.0,6.0,,,,,,,COMPLETE
75,75,0.8533709632432607,2025-01-02 00:03:56.262604,2025-01-02 00:04:09.313722,0 days 00:00:13.051118,2,10,5.0,,,,,,,,,3,2.0,,,,,,,,,COMPLETE
76,76,0.8437282594872793,2025-01-02 00:04:09.314112,2025-01-02 00:04:29.390873,0 days 00:00:20.076761,3,10,10.0,30.0,,,,,,,,2,2.0,5.0,,,,,,,,COMPLETE
77,77,0.838916018091798,2025-01-02 00:04:29.391346,2025-01-02 00:04:43.766582,0 days 00:00:14.375236,4,5,5.0,25.0,15.0,,,,,,,4,2.0,6.0,2.0,,,,,,,COMPLETE
78,78,0.829976282909981,2025-01-02 00:04:43.767040,2025-01-02 00:04:56.719626,0 days 00:00:12.952586,2,15,15.0,,,,,,,,,3,2.0,,,,,,,,,COMPLETE
79,79,0.8685706632128933,2025-01-02 00:04:56.720100,2025-01-02 00:05:20.799492,0 days 00:00:24.079392,5,5,5.0,40.0,90.0,70.0,,,,,,3,2.0,6.0,3.0,4.0,,,,,,COMPLETE
80,80,0.8215047128646544,2025-01-02 00:05:20.800251,2025-01-02 00:05:44.238141,0 days 00:00:23.437890,5,5,10.0,45.0,85.0,70.0,,,,,,3,2.0,6.0,2.0,4.0,,,,,,COMPLETE
81,81,0.8337460744628014,2025-01-02 00:05:44.238619,2025-01-02 00:05:59.786794,0 days 00:00:15.548175,3,10,5.0,40.0,,,,,,,,3,2.0,6.0,,,,,,,,COMPLETE
82,82,0.8576212546869659,2025-01-02 00:05:59.787187,2025-01-02 00:06:20.680354,0 days 00:00:20.893167,4,15,5.0,35.0,100.0,,,,,,,3,2.0,6.0,3.0,,,,,,,COMPLETE
83,83,0.841618802265498,2025-01-02 00:06:20.680827,2025-01-02 00:06:47.804070,0 days 00:00:27.123243,5,5,10.0,50.0,70.0,85.0,,,,,,3,2.0,5.0,3.0,4.0,,,,,,COMPLETE
84,84,0.8474651740094477,2025-01-02 00:06:47.804649,2025-01-02 00:07:04.923290,0 days 00:00:17.118641,3,10,20.0,30.0,,,,,,,,3,2.0,6.0,,,,,,,,COMPLETE
85,85,0.8327176867878479,2025-01-02 00:07:04.923715,2025-01-02 00:07:17.759082,0 days 00:00:12.835367,2,15,10.0,,,,,,,,,3,2.0,,,,,,,,,COMPLETE
86,86,0.8508673431046241,2025-01-02 00:07:17.759458,2025-01-02 00:07:46.963741,0 days 00:00:29.204283,4,25,15.0,35.0,90.0,,,,,,,4,2.0,6.0,3.0,,,,,,,COMPLETE
87,87,0.8108990919865479,2025-01-02 00:07:46.964156,2025-01-02 00:08:10.252298,0 days 00:00:23.288142,3,5,5.0,40.0,,,,,,,,4,2.0,5.0,,,,,,,,COMPLETE
88,88,0.8701668299167975,2025-01-02 00:08:10.252862,2025-01-02 00:08:19.815833,0 days 00:00:09.562971,2,10,80.0,,,,,,,,,2,6.0,,,,,,,,,COMPLETE
89,89,0.8711586120819547,2025-01-02 00:08:19.816349,2025-01-02 00:08:27.714579,0 days 00:00:07.898230,1,10,,,,,,,,,,2,,,,,,,,,,COMPLETE
90,90,0.8814559259785234,2025-01-02 00:08:27.714972,2025-01-02 00:08:35.708501,0 days 00:00:07.993529,1,10,,,,,,,,,,2,,,,,,,,,,COMPLETE
91,91,0.8401476925378424,2025-01-02 00:08:35.708887,2025-01-02 00:08:43.768796,0 days 00:00:08.059909,1,10,,,,,,,,,,2,,,,,,,,,,COMPLETE
92,92,0.6215015371443009,2025-01-02 00:08:43.769109,2025-01-02 00:08:51.785714,0 days 00:00:08.016605,1,15,,,,,,,,,,2,,,,,,,,,,COMPLETE
93,93,0.7988659484362448,2025-01-02 00:08:51.786075,2025-01-02 00:08:59.902120,0 days 00:00:08.116045,1,10,,,,,,,,,,2,,,,,,,,,,COMPLETE
94,94,0.8294152545720814,2025-01-02 00:08:59.902456,2025-01-02 00:09:07.899131,0 days 00:00:07.996675,1,15,,,,,,,,,,2,,,,,,,,,,COMPLETE
95,95,0.8497164895336213,2025-01-02 00:09:07.899464,2025-01-02 00:09:18.436777,0 days 00:00:10.537313,2,20,85.0,,,,,,,,,2,6.0,,,,,,,,,COMPLETE
96,96,0.7389443346374607,2025-01-02 00:09:18.437147,2025-01-02 00:09:26.340381,0 days 00:00:07.903234,1,10,,,,,,,,,,2,,,,,,,,,,COMPLETE
97,97,0.859883219910516,2025-01-02 00:09:26.340823,2025-01-02 00:09:45.102065,0 days 00:00:18.761242,2,5,70.0,,,,,,,,,2,5.0,,,,,,,,,COMPLETE
98,98,0.8446388572961108,2025-01-02 00:09:45.102522,2025-01-02 00:09:53.080097,0 days 00:00:07.977575,1,20,,,,,,,,,,2,,,,,,,,,,COMPLETE
99,99,0.855386859317669,2025-01-02 00:09:53.080445,2025-01-02 00:10:06.661155,0 days 00:00:13.580710,2,85,95.0,,,,,,,,,2,6.0,,,,,,,,,COMPLETE
100,100,0.720026298487837,2025-01-02 00:10:06.661521,2025-01-02 00:10:14.772897,0 days 00:00:08.111376,1,15,,,,,,,,,,2,,,,,,,,,,COMPLETE
101,101,0.8394385661542525,2025-01-02 00:10:14.773232,2025-01-02 00:10:32.803546,0 days 00:00:18.030314,2,5,60.0,,,,,,,,,3,5.0,,,,,,,,,COMPLETE
102,102,0.8123950176945702,2025-01-02 00:10:32.803949,2025-01-02 00:10:42.808625,0 days 00:00:10.004676,1,5,,,,,,,,,,3,,,,,,,,,,COMPLETE
103,103,0.8450129789232224,2025-01-02 00:10:42.809047,2025-01-02 00:10:56.592996,0 days 00:00:13.783949,2,10,75.0,,,,,,,,,3,2.0,,,,,,,,,COMPLETE
104,104,0.8216172364952923,2025-01-02 00:10:56.593460,2025-01-02 00:11:10.248214,0 days 00:00:13.654754,3,10,15.0,45.0,,,,,,,,2,2.0,6.0,,,,,,,,COMPLETE
105,105,0.8160566907015758,2025-01-02 00:11:10.248599,2025-01-02 00:11:20.715494,0 days 00:00:10.466895,2,5,20.0,,,,,,,,,3,6.0,,,,,,,,,COMPLETE
106,106,0.8603810386436852,2025-01-02 00:11:20.715856,2025-01-02 00:12:02.722266,0 days 00:00:42.006410,6,10,100.0,20.0,95.0,60.0,80.0,,,,,3,2.0,6.0,4.0,5.0,4.0,,,,,COMPLETE
107,107,0.8703585255752713,2025-01-02 00:12:02.722779,2025-01-02 00:12:17.579701,0 days 00:00:14.856922,2,5,45.0,,,,,,,,,4,2.0,,,,,,,,,COMPLETE
108,108,0.8334823019617513,2025-01-02 00:12:17.580298,2025-01-02 00:12:27.411323,0 days 00:00:09.831025,1,20,,,,,,,,,,4,,,,,,,,,,COMPLETE
109,109,0.8024403403727692,2025-01-02 00:12:27.411684,2025-01-02 00:12:42.460723,0 days 00:00:15.049039,2,15,50.0,,,,,,,,,4,2.0,,,,,,,,,COMPLETE
110,110,0.8773381299937368,2025-01-02 00:12:42.461125,2025-01-02 00:12:50.928826,0 days 00:00:08.467701,1,10,,,,,,,,,,4,,,,,,,,,,COMPLETE
111,111,0.8494773835516853,2025-01-02 00:12:50.929165,2025-01-02 00:13:02.246511,0 days 00:00:11.317346,1,10,,,,,,,,,,4,,,,,,,,,,COMPLETE
112,112,0.8286854219532825,2025-01-02 00:13:02.246870,2025-01-02 00:13:11.572303,0 days 00:00:09.325433,1,5,,,,,,,,,,4,,,,,,,,,,COMPLETE
113,113,0.8466591900254601,2025-01-02 00:13:11.572650,2025-01-02 00:13:26.627498,0 days 00:00:15.054848,1,90,,,,,,,,,,4,,,,,,,,,,COMPLETE
114,114,0.8509588500378277,2025-01-02 00:13:26.627896,2025-01-02 00:13:45.481298,0 days 00:00:18.853402,2,10,65.0,,,,,,,,,4,4.0,,,,,,,,,COMPLETE
115,115,0.8416580467629142,2025-01-02 00:13:45.481786,2025-01-02 00:13:54.058745,0 days 00:00:08.576959,1,15,,,,,,,,,,4,,,,,,,,,,COMPLETE
116,116,0.8385166482017203,2025-01-02 00:13:54.059171,2025-01-02 00:14:09.842861,0 days 00:00:15.783690,2,5,90.0,,,,,,,,,4,2.0,,,,,,,,,COMPLETE
117,117,0.785293997030913,2025-01-02 00:14:09.843215,2025-01-02 00:14:17.910135,0 days 00:00:08.066920,1,10,,,,,,,,,,2,,,,,,,,,,COMPLETE
118,118,0.836103550941929,2025-01-02 00:14:17.910545,2025-01-02 00:15:17.114174,0 days 00:00:59.203629,6,15,75.0,55.0,60.0,90.0,75.0,,,,,4,5.0,4.0,3.0,6.0,6.0,,,,,COMPLETE
119,119,0.8598477271911333,2025-01-02 00:15:17.114872,2025-01-02 00:15:47.328072,0 days 00:00:30.213200,3,5,45.0,100.0,,,,,,,,2,3.0,5.0,,,,,,,,COMPLETE
120,120,0.8546101089098774,2025-01-02 00:15:47.328487,2025-01-02 00:16:46.261088,0 days 00:00:58.932601,7,10,40.0,50.0,75.0,70.0,100.0,90.0,,,,4,2.0,5.0,2.0,4.0,6.0,5.0,,,,COMPLETE
121,121,0.8755976681746294,2025-01-02 00:16:46.261810,2025-01-02 00:17:05.231433,0 days 00:00:18.969623,3,5,5.0,45.0,,,,,,,,3,2.0,6.0,,,,,,,,COMPLETE
122,122,0.8464451797034377,2025-01-02 00:17:05.231857,2025-01-02 00:17:18.201039,0 days 00:00:12.969182,3,5,10.0,45.0,,,,,,,,3,2.0,6.0,,,,,,,,COMPLETE
123,123,0.8681420912439879,2025-01-02 00:17:18.201453,2025-01-02 00:17:38.325497,0 days 00:00:20.124044,4,10,25.0,25.0,45.0,,,,,,,3,2.0,6.0,4.0,,,,,,,COMPLETE
124,124,0.8699344653882569,2025-01-02 00:17:38.326101,2025-01-02 00:17:59.700675,0 days 00:00:21.374574,4,10,25.0,25.0,65.0,,,,,,,3,2.0,6.0,4.0,,,,,,,COMPLETE
125,125,0.8528166366714817,2025-01-02 00:17:59.701255,2025-01-02 00:18:16.162432,0 days 00:00:16.461177,4,5,30.0,25.0,65.0,,,,,,,3,2.0,6.0,4.0,,,,,,,COMPLETE
126,126,0.8526790479259978,2025-01-02 00:18:16.162923,2025-01-02 00:18:47.017427,0 days 00:00:30.854504,5,15,25.0,20.0,45.0,55.0,,,,,,3,2.0,6.0,4.0,5.0,,,,,,COMPLETE
127,127,0.8399548478589852,2025-01-02 00:18:47.017941,2025-01-02 00:19:16.405570,0 days 00:00:29.387629,4,10,55.0,30.0,85.0,,,,,,,3,2.0,6.0,4.0,,,,,,,COMPLETE
128,128,0.8423727834575174,2025-01-02 00:19:16.406101,2025-01-02 00:19:32.079650,0 days 00:00:15.673549,4,5,30.0,25.0,60.0,,,,,,,3,2.0,6.0,4.0,,,,,,,COMPLETE
129,129,0.8499421193961303,2025-01-02 00:19:32.080211,2025-01-02 00:20:14.811887,0 days 00:00:42.731676,5,10,15.0,20.0,75.0,90.0,,,,,,3,3.0,5.0,3.0,5.0,,,,,,COMPLETE
130,130,0.8658505338615268,2025-01-02 00:20:14.812390,2025-01-02 00:20:31.288078,0 days 00:00:16.475688,4,5,45.0,45.0,45.0,,,,,,,3,2.0,6.0,3.0,,,,,,,COMPLETE
131,131,0.837959136343186,2025-01-02 00:20:31.288472,2025-01-02 00:20:51.553574,0 days 00:00:20.265102,4,5,45.0,45.0,45.0,,,,,,,3,2.0,6.0,3.0,,,,,,,COMPLETE
132,132,0.8485131980469942,2025-01-02 00:20:51.554045,2025-01-02 00:21:14.815773,0 days 00:00:23.261728,4,10,50.0,50.0,55.0,,,,,,,3,2.0,6.0,3.0,,,,,,,COMPLETE
133,133,0.8305982930114341,2025-01-02 00:21:14.816322,2025-01-02 00:21:28.840520,0 days 00:00:14.024198,4,5,35.0,35.0,50.0,,,,,,,3,2.0,6.0,3.0,,,,,,,COMPLETE
