,number,value,datetime_start,datetime_complete,duration,params_depth,params_neurons_layer_0,params_neurons_layer_1,params_neurons_layer_2,params_neurons_layer_3,params_neurons_layer_4,params_neurons_layer_5,params_neurons_layer_6,params_neurons_layer_7,params_neurons_layer_8,params_neurons_layer_9,params_orders_layer_0,params_orders_layer_1,params_orders_layer_2,params_orders_layer_3,params_orders_layer_4,params_orders_layer_5,params_orders_layer_6,params_orders_layer_7,params_orders_layer_8,params_orders_layer_9,state
781,781,0.5265567765567765,2025-01-01 22:47:42.741432,2025-01-01 22:47:58.313207,0 days 00:00:15.571775,8,100,30.0,80.0,50.0,65.0,15.0,65.0,75.0,,,2,2.0,6.0,2.0,2.0,5.0,6.0,6.0,,,COMPLETE
782,782,0.5439024390243903,2025-01-01 22:47:58.314166,2025-01-01 22:48:17.199067,0 days 00:00:18.884901,8,55,25.0,70.0,45.0,70.0,20.0,65.0,80.0,,,2,2.0,3.0,2.0,2.0,5.0,2.0,6.0,,,COMPLETE
783,783,0.6013888888888889,2025-01-01 22:48:17.199880,2025-01-01 22:48:33.282721,0 days 00:00:16.082841,8,50,25.0,75.0,40.0,35.0,10.0,70.0,45.0,,,2,2.0,4.0,2.0,2.0,5.0,5.0,5.0,,,COMPLETE
784,784,0.5499316005471957,2025-01-01 22:48:33.283490,2025-01-01 22:48:47.816406,0 days 00:00:14.532916,7,65,40.0,80.0,50.0,65.0,10.0,65.0,,,,2,2.0,6.0,2.0,2.0,5.0,2.0,,,,COMPLETE
785,785,0.6168478260869565,2025-01-01 22:48:47.817200,2025-01-01 22:49:03.945423,0 days 00:00:16.128223,9,70,20.0,75.0,45.0,25.0,5.0,60.0,60.0,85.0,,2,2.0,3.0,2.0,4.0,5.0,3.0,6.0,4.0,,COMPLETE
786,786,0.5957446808510638,2025-01-01 22:49:03.946712,2025-01-01 22:49:26.984903,0 days 00:00:23.038191,8,65,35.0,60.0,45.0,75.0,20.0,50.0,90.0,,,2,2.0,3.0,2.0,4.0,5.0,4.0,6.0,,,COMPLETE
787,787,0.5804810360777057,2025-01-01 22:49:26.985835,2025-01-01 22:49:47.459693,0 days 00:00:20.473858,8,60,30.0,65.0,50.0,40.0,5.0,80.0,60.0,,,2,2.0,6.0,2.0,4.0,6.0,6.0,5.0,,,COMPLETE
788,788,0.6396226415094339,2025-01-01 22:49:47.460610,2025-01-01 22:50:01.452045,0 days 00:00:13.991435,8,100,50.0,70.0,55.0,75.0,25.0,75.0,80.0,,,2,2.0,6.0,2.0,2.0,4.0,2.0,6.0,,,COMPLETE
789,789,0.6356589147286822,2025-01-01 22:50:01.452852,2025-01-01 22:50:13.053922,0 days 00:00:11.601070,7,60,25.0,80.0,50.0,80.0,15.0,55.0,,,,2,2.0,3.0,2.0,4.0,5.0,2.0,,,,COMPLETE
790,790,0.5950113378684807,2025-01-01 22:50:13.054659,2025-01-01 22:50:28.127199,0 days 00:00:15.072540,8,55,45.0,75.0,40.0,55.0,10.0,70.0,90.0,,,2,2.0,4.0,2.0,4.0,5.0,3.0,4.0,,,COMPLETE
791,791,0.5851922164214522,2025-01-01 22:50:28.127997,2025-01-01 22:50:46.536979,0 days 00:00:18.408982,8,65,30.0,70.0,55.0,50.0,30.0,80.0,85.0,,,2,2.0,3.0,2.0,5.0,6.0,6.0,6.0,,,COMPLETE
792,792,0.4642042863657091,2025-01-01 22:50:46.538075,2025-01-01 22:51:10.179791,0 days 00:00:23.641716,9,70,20.0,45.0,60.0,30.0,20.0,65.0,70.0,20.0,,2,5.0,6.0,2.0,6.0,4.0,2.0,5.0,3.0,,COMPLETE
793,793,0.6154545454545455,2025-01-01 22:51:10.180788,2025-01-01 22:51:29.200406,0 days 00:00:19.019618,8,65,25.0,80.0,75.0,45.0,15.0,70.0,75.0,,,2,2.0,3.0,2.0,4.0,4.0,4.0,6.0,,,COMPLETE
794,794,0.6521739130434783,2025-01-01 22:51:29.201220,2025-01-01 22:51:37.067931,0 days 00:00:07.866711,4,50,35.0,75.0,45.0,,,,,,,2,5.0,3.0,2.0,,,,,,,COMPLETE
795,795,0.6356589147286822,2025-01-01 22:51:37.068612,2025-01-01 22:51:46.705136,0 days 00:00:09.636524,4,100,25.0,65.0,80.0,,,,,,,2,6.0,6.0,2.0,,,,,,,COMPLETE
796,796,0.6651205936920223,2025-01-01 22:51:46.705870,2025-01-01 22:52:05.723765,0 days 00:00:19.017895,8,10,10.0,85.0,85.0,50.0,10.0,55.0,50.0,,,2,2.0,4.0,2.0,4.0,5.0,2.0,6.0,,,COMPLETE
797,797,0.5727272727272728,2025-01-01 22:52:05.724576,2025-01-01 22:52:26.532725,0 days 00:00:20.808149,7,60,40.0,80.0,90.0,60.0,5.0,75.0,,,,2,4.0,3.0,3.0,5.0,5.0,5.0,,,,COMPLETE
798,798,0.5727272727272728,2025-01-01 22:52:26.533735,2025-01-01 22:52:36.731665,0 days 00:00:10.197930,4,65,40.0,20.0,85.0,,,,,,,3,2.0,3.0,2.0,,,,,,,COMPLETE
799,799,0.6323055683387022,2025-01-01 22:52:36.732473,2025-01-01 22:52:59.147584,0 days 00:00:22.415111,8,60,20.0,60.0,55.0,45.0,45.0,90.0,40.0,,,2,2.0,6.0,2.0,4.0,6.0,3.0,5.0,,,COMPLETE
800,800,0.6302600472813239,2025-01-01 22:52:59.148442,2025-01-01 22:53:05.583571,0 days 00:00:06.435129,4,100,30.0,80.0,80.0,,,,,,,2,2.0,3.0,2.0,,,,,,,COMPLETE
801,801,0.5374653098982424,2025-01-01 22:53:05.584265,2025-01-01 22:53:23.040657,0 days 00:00:17.456392,8,55,25.0,75.0,90.0,55.0,10.0,65.0,95.0,,,2,5.0,3.0,2.0,4.0,4.0,2.0,6.0,,,COMPLETE
802,802,0.6918238993710691,2025-01-01 22:53:23.041485,2025-01-01 22:53:31.670182,0 days 00:00:08.628697,4,65,30.0,70.0,95.0,,,,,,,2,2.0,6.0,2.0,,,,,,,COMPLETE
803,803,0.4765133171912833,2025-01-01 22:53:31.670888,2025-01-01 22:53:35.057784,0 days 00:00:03.386896,2,70,15.0,,,,,,,,,2,2.0,,,,,,,,,COMPLETE
804,804,0.6236111111111111,2025-01-01 22:53:35.058438,2025-01-01 22:54:02.131972,0 days 00:00:27.073534,10,60,25.0,65.0,15.0,85.0,25.0,60.0,100.0,60.0,100.0,2,2.0,3.0,2.0,4.0,5.0,6.0,3.0,5.0,4.0,COMPLETE
805,805,0.655266757865937,2025-01-01 22:54:02.133082,2025-01-01 22:54:22.935656,0 days 00:00:20.802574,8,55,20.0,85.0,60.0,35.0,5.0,85.0,75.0,,,2,2.0,4.0,3.0,2.0,3.0,3.0,4.0,,,COMPLETE
806,806,0.5523809523809524,2025-01-01 22:54:22.936524,2025-01-01 22:54:41.758153,0 days 00:00:18.821629,7,85,30.0,50.0,75.0,40.0,15.0,75.0,,,,2,2.0,3.0,5.0,3.0,4.0,4.0,,,,COMPLETE
807,807,0.6854942233632862,2025-01-01 22:54:41.759221,2025-01-01 22:54:44.775370,0 days 00:00:03.016149,1,100,,,,,,,,,,2,,,,,,,,,,COMPLETE
808,808,0.6083333333333334,2025-01-01 22:54:44.776101,2025-01-01 22:55:05.911977,0 days 00:00:21.135876,9,65,25.0,70.0,85.0,55.0,15.0,50.0,65.0,30.0,,2,2.0,6.0,2.0,5.0,5.0,2.0,6.0,3.0,,COMPLETE
809,809,0.5668449197860963,2025-01-01 22:55:05.912828,2025-01-01 22:55:12.206769,0 days 00:00:06.293941,2,60,35.0,,,,,,,,,2,5.0,,,,,,,,,COMPLETE
810,810,0.5890473999079613,2025-01-01 22:55:12.207444,2025-01-01 22:55:20.656947,0 days 00:00:08.449503,4,70,25.0,80.0,90.0,,,,,,,2,2.0,6.0,2.0,,,,,,,COMPLETE
811,811,0.5705996131528046,2025-01-01 22:55:20.657628,2025-01-01 22:55:38.228466,0 days 00:00:17.570838,8,100,50.0,25.0,90.0,40.0,30.0,70.0,85.0,,,2,2.0,3.0,3.0,4.0,6.0,6.0,5.0,,,COMPLETE
812,812,0.7262596899224807,2025-01-01 22:55:38.229490,2025-01-01 22:55:45.427686,0 days 00:00:07.198196,3,55,30.0,35.0,,,,,,,,2,3.0,4.0,,,,,,,,COMPLETE
813,813,0.6515151515151515,2025-01-01 22:55:45.428369,2025-01-01 22:55:50.727926,0 days 00:00:05.299557,2,50,20.0,,,,,,,,,2,3.0,,,,,,,,,COMPLETE
814,814,0.5358139534883721,2025-01-01 22:55:50.728678,2025-01-01 22:55:59.697548,0 days 00:00:08.968870,4,55,45.0,35.0,85.0,,,,,,,2,3.0,4.0,2.0,,,,,,,COMPLETE
815,815,0.5387288977159881,2025-01-01 22:55:59.698398,2025-01-01 22:56:13.462796,0 days 00:00:13.764398,7,55,30.0,40.0,95.0,50.0,20.0,80.0,,,,2,4.0,4.0,2.0,6.0,3.0,2.0,,,,COMPLETE
816,816,0.4591836734693877,2025-01-01 22:56:13.463767,2025-01-01 22:56:22.016905,0 days 00:00:08.553138,3,55,35.0,35.0,,,,,,,,2,3.0,4.0,,,,,,,,COMPLETE
817,817,0.5788497217068646,2025-01-01 22:56:22.017606,2025-01-01 22:56:29.158208,0 days 00:00:07.140602,3,55,25.0,35.0,,,,,,,,2,3.0,4.0,,,,,,,,COMPLETE
818,818,0.6275058275058275,2025-01-01 22:56:29.158883,2025-01-01 22:56:50.975904,0 days 00:00:21.817021,8,55,15.0,40.0,80.0,45.0,10.0,60.0,55.0,,,2,3.0,4.0,2.0,4.0,4.0,5.0,6.0,,,COMPLETE
819,819,0.6168478260869565,2025-01-01 22:56:50.976730,2025-01-01 22:56:57.035134,0 days 00:00:06.058404,3,55,35.0,40.0,,,,,,,,2,2.0,4.0,,,,,,,,COMPLETE
820,820,0.5322128851540616,2025-01-01 22:56:57.035948,2025-01-01 22:57:04.912491,0 days 00:00:07.876543,4,50,25.0,35.0,40.0,,,,,,,2,3.0,4.0,2.0,,,,,,,COMPLETE
821,821,0.5523809523809524,2025-01-01 22:57:04.913154,2025-01-01 22:57:12.915711,0 days 00:00:08.002557,3,50,20.0,40.0,,,,,,,,2,3.0,4.0,,,,,,,,COMPLETE
822,822,0.53,2025-01-01 22:57:12.916387,2025-01-01 22:57:37.944900,0 days 00:00:25.028513,9,55,40.0,35.0,90.0,100.0,20.0,55.0,60.0,55.0,,2,4.0,4.0,4.0,5.0,5.0,3.0,2.0,6.0,,COMPLETE
823,823,0.6148255813953488,2025-01-01 22:57:37.946114,2025-01-01 22:57:56.802422,0 days 00:00:18.856308,8,55,20.0,30.0,75.0,50.0,5.0,75.0,90.0,,,2,2.0,4.0,5.0,3.0,5.0,2.0,5.0,,,COMPLETE
824,824,0.5867612293144208,2025-01-01 22:57:56.803243,2025-01-01 22:58:03.471495,0 days 00:00:06.668252,3,50,30.0,45.0,,,,,,,,2,2.0,4.0,,,,,,,,COMPLETE
825,825,0.5990697674418605,2025-01-01 22:58:03.472194,2025-01-01 22:58:21.470870,0 days 00:00:17.998676,7,50,25.0,35.0,50.0,45.0,25.0,70.0,,,,6,2.0,4.0,6.0,4.0,3.0,6.0,,,,COMPLETE
826,826,0.637641723356009,2025-01-01 22:58:21.471701,2025-01-01 22:58:28.968721,0 days 00:00:07.497020,4,60,45.0,35.0,85.0,,,,,,,2,2.0,4.0,2.0,,,,,,,COMPLETE
827,827,0.6481481481481481,2025-01-01 22:58:28.969530,2025-01-01 22:58:32.957175,0 days 00:00:03.987645,2,55,25.0,,,,,,,,,2,2.0,,,,,,,,,COMPLETE
828,828,0.53,2025-01-01 22:58:32.957939,2025-01-01 22:58:38.313298,0 days 00:00:05.355359,3,60,35.0,40.0,,,,,,,,2,2.0,4.0,,,,,,,,COMPLETE
829,829,0.5358139534883721,2025-01-01 22:58:38.313960,2025-01-01 22:58:53.660110,0 days 00:00:15.346150,8,100,55.0,30.0,95.0,65.0,15.0,10.0,100.0,,,2,2.0,4.0,4.0,4.0,3.0,3.0,3.0,,,COMPLETE
830,830,0.5890473999079613,2025-01-01 22:58:53.661136,2025-01-01 22:59:00.848766,0 days 00:00:07.187630,3,45,30.0,40.0,,,,,,,,2,2.0,6.0,,,,,,,,COMPLETE
831,831,0.6084480303749407,2025-01-01 22:59:00.849448,2025-01-01 22:59:09.521023,0 days 00:00:08.671575,4,60,40.0,85.0,75.0,,,,,,,2,2.0,6.0,3.0,,,,,,,COMPLETE
832,832,0.6518518518518519,2025-01-01 22:59:09.521699,2025-01-01 22:59:17.175186,0 days 00:00:07.653487,3,100,30.0,30.0,,,,,,,,2,2.0,6.0,,,,,,,,COMPLETE
833,833,0.5455840455840456,2025-01-01 22:59:17.175975,2025-01-01 22:59:24.245332,0 days 00:00:07.069357,4,50,25.0,65.0,90.0,,,,,,,2,2.0,4.0,2.0,,,,,,,COMPLETE
834,834,0.614622641509434,2025-01-01 22:59:24.246030,2025-01-01 22:59:47.475551,0 days 00:00:23.229521,8,55,20.0,30.0,80.0,75.0,90.0,20.0,35.0,,,2,3.0,6.0,4.0,4.0,5.0,2.0,6.0,,,COMPLETE
835,835,0.5952157598499062,2025-01-01 22:59:47.476425,2025-01-01 23:00:16.803303,0 days 00:00:29.326878,10,60,15.0,35.0,55.0,10.0,10.0,75.0,45.0,15.0,5.0,2,2.0,6.0,4.0,5.0,5.0,4.0,6.0,4.0,3.0,COMPLETE
836,836,0.5804810360777057,2025-01-01 23:00:16.804464,2025-01-01 23:00:23.141596,0 days 00:00:06.337132,3,75,25.0,85.0,,,,,,,,2,2.0,4.0,,,,,,,,COMPLETE
837,837,0.7213862289101687,2025-01-01 23:00:23.142514,2025-01-01 23:00:29.635532,0 days 00:00:06.493018,3,100,30.0,65.0,,,,,,,,2,2.0,6.0,,,,,,,,COMPLETE
838,838,0.5263157894736842,2025-01-01 23:00:29.636193,2025-01-01 23:00:34.243149,0 days 00:00:04.606956,2,45,30.0,,,,,,,,,2,2.0,,,,,,,,,COMPLETE
839,839,0.5357142857142857,2025-01-01 23:00:34.244018,2025-01-01 23:00:50.916488,0 days 00:00:16.672470,8,55,30.0,65.0,65.0,35.0,95.0,65.0,70.0,,,2,2.0,2.0,2.0,4.0,4.0,2.0,5.0,,,COMPLETE
840,840,0.6594202898550725,2025-01-01 23:00:50.917277,2025-01-01 23:00:57.311540,0 days 00:00:06.394263,3,100,35.0,60.0,,,,,,,,2,2.0,4.0,,,,,,,,COMPLETE
841,841,0.4290352504638219,2025-01-01 23:00:57.312210,2025-01-01 23:01:19.316095,0 days 00:00:22.003885,9,60,30.0,65.0,95.0,60.0,5.0,90.0,95.0,90.0,,2,2.0,6.0,2.0,2.0,6.0,5.0,6.0,5.0,,COMPLETE
842,842,0.6154545454545455,2025-01-01 23:01:19.317202,2025-01-01 23:01:26.439296,0 days 00:00:07.122094,3,60,30.0,65.0,,,,,,,,2,2.0,6.0,,,,,,,,COMPLETE
843,843,0.554006968641115,2025-01-01 23:01:26.439961,2025-01-01 23:01:32.937891,0 days 00:00:06.497930,4,55,30.0,65.0,85.0,,,,,,,2,2.0,6.0,3.0,,,,,,,COMPLETE
844,844,0.5695970695970696,2025-01-01 23:01:32.938574,2025-01-01 23:01:48.069164,0 days 00:00:15.130590,7,100,35.0,65.0,45.0,90.0,25.0,65.0,,,,2,2.0,4.0,4.0,4.0,5.0,3.0,,,,COMPLETE
845,845,0.6755637367694431,2025-01-01 23:01:48.069984,2025-01-01 23:01:56.475381,0 days 00:00:08.405397,4,50,30.0,65.0,70.0,,,,,,,2,2.0,6.0,2.0,,,,,,,COMPLETE
846,846,0.6168478260869565,2025-01-01 23:01:56.476326,2025-01-01 23:02:16.929014,0 days 00:00:20.452688,8,95,30.0,60.0,90.0,55.0,85.0,50.0,80.0,,,2,2.0,3.0,2.0,4.0,4.0,6.0,4.0,,,COMPLETE
847,847,0.6190476190476191,2025-01-01 23:02:16.929964,2025-01-01 23:02:23.892632,0 days 00:00:06.962668,3,60,35.0,60.0,,,,,,,,2,2.0,4.0,,,,,,,,COMPLETE
848,848,0.5912144702842377,2025-01-01 23:02:23.893352,2025-01-01 23:02:32.555412,0 days 00:00:08.662060,3,65,30.0,70.0,,,,,,,,6,2.0,6.0,,,,,,,,COMPLETE
849,849,0.6665124884366327,2025-01-01 23:02:32.556144,2025-01-01 23:02:53.828449,0 days 00:00:21.272305,8,55,35.0,65.0,80.0,40.0,20.0,60.0,90.0,,,2,2.0,3.0,4.0,3.0,5.0,2.0,6.0,,,COMPLETE
850,850,0.6083333333333334,2025-01-01 23:02:53.829294,2025-01-01 23:03:04.019222,0 days 00:00:10.189928,5,100,40.0,60.0,100.0,100.0,,,,,,2,2.0,4.0,2.0,5.0,,,,,,COMPLETE
851,851,0.5785714285714285,2025-01-01 23:03:04.019934,2025-01-01 23:03:26.041038,0 days 00:00:22.021104,9,65,25.0,70.0,95.0,50.0,35.0,25.0,85.0,5.0,,2,3.0,3.0,4.0,4.0,3.0,3.0,5.0,2.0,,COMPLETE
852,852,0.5398601398601399,2025-01-01 23:03:26.042134,2025-01-01 23:03:33.030599,0 days 00:00:06.988465,3,60,25.0,65.0,,,,,,,,3,2.0,6.0,,,,,,,,COMPLETE
853,853,0.6785225718194254,2025-01-01 23:03:33.031298,2025-01-01 23:03:40.267571,0 days 00:00:07.236273,4,100,35.0,25.0,10.0,,,,,,,2,2.0,3.0,3.0,,,,,,,COMPLETE
854,854,0.637641723356009,2025-01-01 23:03:40.268280,2025-01-01 23:03:48.008918,0 days 00:00:07.740638,3,95,30.0,70.0,,,,,,,,2,2.0,6.0,,,,,,,,COMPLETE
855,855,0.6223255813953488,2025-01-01 23:03:48.009717,2025-01-01 23:04:03.340186,0 days 00:00:15.330469,7,55,40.0,40.0,90.0,45.0,15.0,80.0,,,,2,2.0,3.0,2.0,4.0,4.0,6.0,,,,COMPLETE
856,856,0.5772357723577235,2025-01-01 23:04:03.340959,2025-01-01 23:04:08.793323,0 days 00:00:05.452364,2,70,25.0,,,,,,,,,2,2.0,,,,,,,,,COMPLETE
857,857,0.6382978723404256,2025-01-01 23:04:08.793981,2025-01-01 23:04:19.883105,0 days 00:00:11.089124,5,65,45.0,65.0,50.0,45.0,,,,,,2,2.0,4.0,4.0,3.0,,,,,,COMPLETE
858,858,0.5619047619047619,2025-01-01 23:04:19.883899,2025-01-01 23:04:39.338054,0 days 00:00:19.454155,8,60,30.0,35.0,100.0,40.0,10.0,5.0,65.0,,,2,4.0,6.0,2.0,4.0,5.0,2.0,6.0,,,COMPLETE
859,859,0.7312673450508789,2025-01-01 23:04:39.338916,2025-01-01 23:04:47.872130,0 days 00:00:08.533214,3,5,5.0,70.0,,,,,,,,2,2.0,3.0,,,,,,,,COMPLETE
860,860,0.5907756813417191,2025-01-01 23:04:47.872779,2025-01-01 23:04:51.080991,0 days 00:00:03.208212,1,80,,,,,,,,,,2,,,,,,,,,,COMPLETE
861,861,0.6260162601626016,2025-01-01 23:04:51.081636,2025-01-01 23:04:59.032685,0 days 00:00:07.951049,4,40,10.0,70.0,80.0,,,,,,,2,2.0,3.0,4.0,,,,,,,COMPLETE
862,862,0.5070679434564523,2025-01-01 23:04:59.033397,2025-01-01 23:05:06.340361,0 days 00:00:07.306964,3,25,40.0,70.0,,,,,,,,2,2.0,6.0,,,,,,,,COMPLETE
863,863,0.5457892314772204,2025-01-01 23:05:06.341297,2025-01-01 23:05:13.465271,0 days 00:00:07.123974,3,10,50.0,70.0,,,,,,,,2,2.0,3.0,,,,,,,,COMPLETE
864,864,0.7097222222222223,2025-01-01 23:05:13.466065,2025-01-01 23:05:28.404492,0 days 00:00:14.938427,8,40,5.0,70.0,85.0,55.0,40.0,75.0,95.0,,,2,2.0,3.0,2.0,3.0,5.0,5.0,6.0,,,COMPLETE
865,865,0.6154545454545455,2025-01-01 23:05:28.405320,2025-01-01 23:05:38.158805,0 days 00:00:09.753485,4,20,35.0,70.0,95.0,,,,,,,2,2.0,4.0,4.0,,,,,,,COMPLETE
866,866,0.5765765765765766,2025-01-01 23:05:38.159534,2025-01-01 23:05:46.986144,0 days 00:00:08.826610,4,10,5.0,70.0,20.0,,,,,,,2,2.0,6.0,2.0,,,,,,,COMPLETE
867,867,0.6594202898550725,2025-01-01 23:05:46.986871,2025-01-01 23:05:54.625516,0 days 00:00:07.638645,3,20,35.0,60.0,,,,,,,,2,2.0,4.0,,,,,,,,COMPLETE
868,868,0.6808510638297872,2025-01-01 23:05:54.626173,2025-01-01 23:06:05.655736,0 days 00:00:11.029563,6,100,40.0,65.0,40.0,90.0,10.0,,,,,2,2.0,2.0,2.0,5.0,3.0,,,,,COMPLETE
869,869,0.6862745098039216,2025-01-01 23:06:05.656632,2025-01-01 23:06:18.744301,0 days 00:00:13.087669,5,100,5.0,65.0,90.0,100.0,,,,,,2,2.0,3.0,4.0,4.0,,,,,,COMPLETE
870,870,0.48874296435272047,2025-01-01 23:06:18.745054,2025-01-01 23:06:38.884092,0 days 00:00:20.139038,9,5,30.0,70.0,75.0,50.0,15.0,85.0,80.0,65.0,,2,2.0,6.0,2.0,4.0,4.0,4.0,5.0,3.0,,COMPLETE
871,871,0.4997635933806146,2025-01-01 23:06:38.885200,2025-01-01 23:06:47.125812,0 days 00:00:08.240612,3,5,5.0,65.0,,,,,,,,2,2.0,3.0,,,,,,,,COMPLETE
872,872,0.4445454545454546,2025-01-01 23:06:47.126470,2025-01-01 23:07:03.766972,0 days 00:00:16.640502,8,30,5.0,75.0,95.0,95.0,5.0,45.0,55.0,,,2,2.0,4.0,3.0,5.0,6.0,2.0,6.0,,,COMPLETE
873,873,0.6104702750665484,2025-01-01 23:07:03.767929,2025-01-01 23:07:09.160738,0 days 00:00:05.392809,2,95,5.0,,,,,,,,,2,2.0,,,,,,,,,COMPLETE
874,874,0.5904306220095694,2025-01-01 23:07:09.161429,2025-01-01 23:07:19.366666,0 days 00:00:10.205237,5,25,35.0,70.0,90.0,60.0,,,,,,2,2.0,3.0,2.0,3.0,,,,,,COMPLETE
875,875,0.53,2025-01-01 23:07:19.367533,2025-01-01 23:07:28.987109,0 days 00:00:09.619576,3,75,10.0,30.0,,,,,,,,3,2.0,6.0,,,,,,,,COMPLETE
876,876,0.5727272727272728,2025-01-01 23:07:28.987819,2025-01-01 23:07:47.662245,0 days 00:00:18.674426,7,95,10.0,70.0,85.0,85.0,15.0,70.0,,,,2,2.0,4.0,4.0,4.0,5.0,3.0,,,,COMPLETE
877,877,0.44655797101449274,2025-01-01 23:07:47.663080,2025-01-01 23:07:59.203455,0 days 00:00:11.540375,4,100,5.0,25.0,85.0,,,,,,,2,2.0,3.0,5.0,,,,,,,COMPLETE
878,878,0.6594202898550725,2025-01-01 23:07:59.204192,2025-01-01 23:08:07.443575,0 days 00:00:08.239383,5,75,10.0,65.0,45.0,55.0,,,,,,2,2.0,3.0,2.0,2.0,,,,,,COMPLETE
879,879,0.6084480303749407,2025-01-01 23:08:07.444301,2025-01-01 23:08:28.463194,0 days 00:00:21.018893,8,60,45.0,55.0,100.0,100.0,20.0,30.0,70.0,,,2,2.0,6.0,4.0,4.0,4.0,6.0,5.0,,,COMPLETE
880,880,0.6862745098039216,2025-01-01 23:08:28.464303,2025-01-01 23:08:35.280374,0 days 00:00:06.816071,3,35,30.0,65.0,,,,,,,,2,2.0,3.0,,,,,,,,COMPLETE
881,881,0.5584415584415584,2025-01-01 23:08:35.281180,2025-01-01 23:08:42.561097,0 days 00:00:07.279917,3,85,30.0,75.0,,,,,,,,2,2.0,6.0,,,,,,,,COMPLETE
882,882,0.5805555555555555,2025-01-01 23:08:42.561801,2025-01-01 23:08:48.145979,0 days 00:00:05.584178,4,100,45.0,85.0,80.0,,,,,,,2,2.0,3.0,2.0,,,,,,,COMPLETE
883,883,0.5265567765567765,2025-01-01 23:08:48.146679,2025-01-01 23:08:54.990420,0 days 00:00:06.843741,3,55,25.0,75.0,,,,,,,,4,2.0,4.0,,,,,,,,COMPLETE
884,884,0.5648148148148149,2025-01-01 23:08:54.991147,2025-01-01 23:09:11.450429,0 days 00:00:16.459282,8,95,35.0,85.0,95.0,70.0,50.0,65.0,90.0,,,2,2.0,6.0,4.0,4.0,3.0,4.0,6.0,,,COMPLETE
885,885,0.5303237574099408,2025-01-01 23:09:11.451316,2025-01-01 23:09:15.471830,0 days 00:00:04.020514,2,25,40.0,,,,,,,,,2,2.0,,,,,,,,,COMPLETE
886,886,0.637641723356009,2025-01-01 23:09:15.472593,2025-01-01 23:09:20.524294,0 days 00:00:05.051701,3,5,30.0,70.0,,,,,,,,2,2.0,3.0,,,,,,,,COMPLETE
887,887,0.4881470730527334,2025-01-01 23:09:20.524987,2025-01-01 23:09:48.684695,0 days 00:00:28.159708,10,60,25.0,60.0,90.0,65.0,30.0,15.0,50.0,45.0,45.0,2,2.0,6.0,2.0,6.0,5.0,2.0,6.0,5.0,5.0,COMPLETE
888,888,0.6584905660377358,2025-01-01 23:09:48.685651,2025-01-01 23:10:02.423638,0 days 00:00:13.737987,7,60,30.0,30.0,75.0,45.0,5.0,60.0,,,,2,2.0,3.0,4.0,4.0,4.0,3.0,,,,COMPLETE
889,889,0.5523809523809524,2025-01-01 23:10:02.424697,2025-01-01 23:10:17.389883,0 days 00:00:14.965186,6,55,25.0,75.0,70.0,5.0,10.0,,,,,4,2.0,3.0,2.0,5.0,5.0,,,,,COMPLETE
890,890,0.7445652173913043,2025-01-01 23:10:17.390797,2025-01-01 23:10:23.694776,0 days 00:00:06.303979,3,100,40.0,80.0,,,,,,,,2,2.0,3.0,,,,,,,,COMPLETE
891,891,0.5270655270655271,2025-01-01 23:10:23.695491,2025-01-01 23:10:31.452998,0 days 00:00:07.757507,4,80,40.0,80.0,90.0,,,,,,,2,4.0,2.0,3.0,,,,,,,COMPLETE
892,892,0.44655797101449274,2025-01-01 23:10:31.453733,2025-01-01 23:10:49.760924,0 days 00:00:18.307191,9,35,40.0,80.0,85.0,40.0,20.0,80.0,75.0,75.0,,2,3.0,3.0,2.0,3.0,3.0,2.0,5.0,6.0,,COMPLETE
893,893,0.6236111111111111,2025-01-01 23:10:49.761797,2025-01-01 23:11:02.366724,0 days 00:00:12.604927,5,60,40.0,80.0,95.0,50.0,,,,,,2,2.0,5.0,4.0,4.0,,,,,,COMPLETE
894,894,0.5416666666666667,2025-01-01 23:11:02.367501,2025-01-01 23:11:10.723734,0 days 00:00:08.356233,4,100,40.0,85.0,100.0,,,,,,,2,2.0,3.0,2.0,,,,,,,COMPLETE
895,895,0.6855813953488372,2025-01-01 23:11:10.724677,2025-01-01 23:11:27.378465,0 days 00:00:16.653788,8,85,45.0,80.0,50.0,35.0,25.0,85.0,100.0,,,2,2.0,3.0,4.0,2.0,6.0,6.0,4.0,,,COMPLETE
896,896,0.6088888888888888,2025-01-01 23:11:27.379488,2025-01-01 23:11:32.328828,0 days 00:00:04.949340,3,90,45.0,75.0,,,,,,,,2,2.0,2.0,,,,,,,,COMPLETE
897,897,0.637641723356009,2025-01-01 23:11:32.329528,2025-01-01 23:11:49.982468,0 days 00:00:17.652940,7,65,40.0,80.0,60.0,30.0,5.0,70.0,,,,2,2.0,3.0,2.0,4.0,5.0,5.0,,,,COMPLETE
898,898,0.5583333333333333,2025-01-01 23:11:49.983467,2025-01-01 23:12:05.005245,0 days 00:00:15.021778,5,20,40.0,85.0,45.0,90.0,,,,,,2,2.0,5.0,2.0,5.0,,,,,,COMPLETE
899,899,0.7009090909090909,2025-01-01 23:12:05.006038,2025-01-01 23:12:12.054195,0 days 00:00:07.048157,3,60,45.0,75.0,,,,,,,,2,2.0,3.0,,,,,,,,COMPLETE
900,900,0.6190476190476191,2025-01-01 23:12:12.054900,2025-01-01 23:12:19.741284,0 days 00:00:07.686384,4,55,40.0,80.0,95.0,,,,,,,3,2.0,3.0,4.0,,,,,,,COMPLETE
901,901,0.5531914893617021,2025-01-01 23:12:19.741972,2025-01-01 23:12:34.948667,0 days 00:00:15.206695,8,95,45.0,80.0,85.0,95.0,100.0,55.0,95.0,,,2,2.0,3.0,2.0,4.0,3.0,2.0,6.0,,,COMPLETE
902,902,0.5957446808510638,2025-01-01 23:12:34.949514,2025-01-01 23:12:47.792553,0 days 00:00:12.843039,6,70,40.0,85.0,80.0,80.0,55.0,,,,,2,2.0,3.0,5.0,4.0,4.0,,,,,COMPLETE
903,903,0.6356589147286822,2025-01-01 23:12:47.793592,2025-01-01 23:12:55.144219,0 days 00:00:07.350627,3,100,10.0,80.0,,,,,,,,2,2.0,5.0,,,,,,,,COMPLETE
904,904,0.5890473999079613,2025-01-01 23:12:55.144932,2025-01-01 23:13:09.967111,0 days 00:00:14.822179,8,55,40.0,75.0,90.0,55.0,80.0,65.0,85.0,,,2,2.0,3.0,3.0,4.0,5.0,3.0,4.0,,,COMPLETE
905,905,0.6594202898550725,2025-01-01 23:13:09.968087,2025-01-01 23:13:17.064016,0 days 00:00:07.095929,3,65,50.0,85.0,,,,,,,,2,3.0,3.0,,,,,,,,COMPLETE
906,906,0.6223255813953488,2025-01-01 23:13:17.064711,2025-01-01 23:13:22.572323,0 days 00:00:05.507612,2,60,35.0,,,,,,,,,2,2.0,,,,,,,,,COMPLETE
907,907,0.5927952576379389,2025-01-01 23:13:22.573096,2025-01-01 23:13:30.597798,0 days 00:00:08.024702,4,40,35.0,80.0,100.0,,,,,,,2,2.0,3.0,2.0,,,,,,,COMPLETE
908,908,0.5825289575289576,2025-01-01 23:13:30.598630,2025-01-01 23:13:38.383947,0 days 00:00:07.785317,3,65,40.0,85.0,,,,,,,,2,4.0,3.0,,,,,,,,COMPLETE
