,number,value,datetime_start,datetime_complete,duration,params_depth,params_neurons_layer_0,params_neurons_layer_1,params_neurons_layer_2,params_neurons_layer_3,params_neurons_layer_4,params_neurons_layer_5,params_neurons_layer_6,params_neurons_layer_7,params_neurons_layer_8,params_neurons_layer_9,params_orders_layer_0,params_orders_layer_1,params_orders_layer_2,params_orders_layer_3,params_orders_layer_4,params_orders_layer_5,params_orders_layer_6,params_orders_layer_7,params_orders_layer_8,params_orders_layer_9,state
0,0,0.6083333333333334,2025-01-01 20:15:52.640620,2025-01-01 20:15:56.771447,0 days 00:00:04.130827,2,100,85.0,,,,,,,,,3,2.0,,,,,,,,,COMPLETE
1,1,0.5180952380952382,2025-01-01 20:15:56.771812,2025-01-01 20:16:09.551201,0 days 00:00:12.779389,5,100,95.0,80.0,75.0,80.0,,,,,,3,4.0,5.0,5.0,5.0,,,,,,COMPLETE
2,2,0.5094043887147335,2025-01-01 20:16:09.551697,2025-01-01 20:16:16.802379,0 days 00:00:07.250682,4,10,45.0,25.0,95.0,,,,,,,4,2.0,2.0,2.0,,,,,,,COMPLETE
3,3,0.527536231884058,2025-01-01 20:16:16.802797,2025-01-01 20:16:33.898594,0 days 00:00:17.095797,6,10,95.0,20.0,25.0,90.0,85.0,,,,,3,6.0,6.0,2.0,6.0,4.0,,,,,COMPLETE
4,4,0.5357142857142857,2025-01-01 20:16:33.899164,2025-01-01 20:16:54.089991,0 days 00:00:20.190827,7,35,50.0,85.0,30.0,80.0,65.0,55.0,,,,3,6.0,6.0,4.0,6.0,2.0,3.0,,,,COMPLETE
5,5,0.44655797101449274,2025-01-01 20:16:54.090663,2025-01-01 20:17:18.617812,0 days 00:00:24.527149,10,10,40.0,40.0,10.0,50.0,65.0,80.0,80.0,40.0,65.0,2,3.0,5.0,6.0,2.0,3.0,2.0,4.0,4.0,6.0,COMPLETE
6,6,0.41276595744680855,2025-01-01 20:17:18.618431,2025-01-01 20:17:28.236049,0 days 00:00:09.617618,4,30,55.0,90.0,40.0,,,,,,,5,2.0,3.0,3.0,,,,,,,COMPLETE
7,7,0.6190476190476191,2025-01-01 20:17:28.236473,2025-01-01 20:17:56.264741,0 days 00:00:28.028268,10,50,5.0,60.0,45.0,15.0,40.0,40.0,10.0,60.0,55.0,3,3.0,6.0,5.0,2.0,6.0,6.0,5.0,3.0,5.0,COMPLETE
8,8,0.5568421052631579,2025-01-01 20:17:56.265491,2025-01-01 20:18:07.233320,0 days 00:00:10.967829,4,55,40.0,20.0,80.0,,,,,,,5,6.0,2.0,3.0,,,,,,,COMPLETE
9,9,0.44655797101449274,2025-01-01 20:18:07.234068,2025-01-01 20:18:32.615921,0 days 00:00:25.381853,9,30,60.0,85.0,20.0,90.0,45.0,35.0,100.0,10.0,,5,2.0,5.0,3.0,3.0,4.0,4.0,5.0,5.0,,COMPLETE
10,10,0.5070679434564523,2025-01-01 20:18:32.617018,2025-01-01 20:18:57.451366,0 days 00:00:24.834348,8,75,5.0,60.0,55.0,10.0,25.0,5.0,10.0,,,6,4.0,4.0,6.0,2.0,6.0,6.0,2.0,,,COMPLETE
11,11,0.6529411764705882,2025-01-01 20:18:57.452080,2025-01-01 20:19:00.162081,0 days 00:00:02.710001,1,70,,,,,,,,,,2,,,,,,,,,,COMPLETE
12,12,0.6452358926919519,2025-01-01 20:19:00.162419,2025-01-01 20:19:02.711447,0 days 00:00:02.549028,1,70,,,,,,,,,,2,,,,,,,,,,COMPLETE
13,13,0.615,2025-01-01 20:19:02.711784,2025-01-01 20:19:05.941278,0 days 00:00:03.229494,1,70,,,,,,,,,,2,,,,,,,,,,COMPLETE
14,14,0.5957547169811321,2025-01-01 20:19:05.941710,2025-01-01 20:19:09.343665,0 days 00:00:03.401955,1,80,,,,,,,,,,2,,,,,,,,,,COMPLETE
15,15,0.5108695652173914,2025-01-01 20:19:09.344106,2025-01-01 20:19:14.292490,0 days 00:00:04.948384,2,60,25.0,,,,,,,,,2,5.0,,,,,,,,,COMPLETE
16,16,0.6083333333333334,2025-01-01 20:19:14.292939,2025-01-01 20:19:22.695116,0 days 00:00:08.402177,3,85,75.0,40.0,,,,,,,,4,5.0,3.0,,,,,,,,COMPLETE
17,17,0.6875,2025-01-01 20:19:22.695532,2025-01-01 20:19:30.796417,0 days 00:00:08.100885,2,65,25.0,,,,,,,,,4,5.0,,,,,,,,,COMPLETE
18,18,0.5208333333333333,2025-01-01 20:19:30.796817,2025-01-01 20:19:40.358913,0 days 00:00:09.562096,3,45,25.0,5.0,,,,,,,,6,5.0,3.0,,,,,,,,COMPLETE
19,19,0.5535714285714286,2025-01-01 20:19:40.359340,2025-01-01 20:19:47.214631,0 days 00:00:06.855291,2,90,30.0,,,,,,,,,4,5.0,,,,,,,,,COMPLETE
20,20,0.5819047619047619,2025-01-01 20:19:47.215126,2025-01-01 20:19:55.987901,0 days 00:00:08.772775,3,65,70.0,100.0,,,,,,,,4,3.0,4.0,,,,,,,,COMPLETE
21,21,0.5043478260869565,2025-01-01 20:19:55.988315,2025-01-01 20:19:59.438663,0 days 00:00:03.450348,1,70,,,,,,,,,,2,,,,,,,,,,COMPLETE
22,22,0.5915697674418605,2025-01-01 20:19:59.439054,2025-01-01 20:20:02.323823,0 days 00:00:02.884769,1,60,,,,,,,,,,2,,,,,,,,,,COMPLETE
23,23,0.4643527204502814,2025-01-01 20:20:02.324263,2025-01-01 20:20:09.234471,0 days 00:00:06.910208,2,90,20.0,,,,,,,,,3,4.0,,,,,,,,,COMPLETE
24,24,0.6524822695035462,2025-01-01 20:20:09.234874,2025-01-01 20:20:14.445665,0 days 00:00:05.210791,1,45,,,,,,,,,,5,,,,,,,,,,COMPLETE
25,25,0.49428571428571433,2025-01-01 20:20:14.446196,2025-01-01 20:20:22.904992,0 days 00:00:08.458796,3,40,70.0,70.0,,,,,,,,5,5.0,2.0,,,,,,,,COMPLETE
26,26,0.4919110212335692,2025-01-01 20:20:22.905418,2025-01-01 20:20:37.814093,0 days 00:00:14.908675,5,50,10.0,45.0,65.0,45.0,,,,,,6,6.0,4.0,4.0,4.0,,,,,,COMPLETE
27,27,0.4775413711583924,2025-01-01 20:20:37.814581,2025-01-01 20:20:44.369232,0 days 00:00:06.554651,2,25,15.0,,,,,,,,,5,3.0,,,,,,,,,COMPLETE
28,28,0.5990697674418605,2025-01-01 20:20:44.369619,2025-01-01 20:20:49.551716,0 days 00:00:05.182097,1,20,,,,,,,,,,5,,,,,,,,,,COMPLETE
29,29,0.5835866261398176,2025-01-01 20:20:49.552188,2025-01-01 20:20:56.033564,0 days 00:00:06.481376,2,60,35.0,,,,,,,,,4,4.0,,,,,,,,,COMPLETE
30,30,0.4313186813186813,2025-01-01 20:20:56.034001,2025-01-01 20:21:02.861936,0 days 00:00:06.827935,2,45,60.0,,,,,,,,,6,4.0,,,,,,,,,COMPLETE
31,31,0.6382978723404256,2025-01-01 20:21:02.862350,2025-01-01 20:21:06.532582,0 days 00:00:03.670232,1,75,,,,,,,,,,3,,,,,,,,,,COMPLETE
32,32,0.575984990619137,2025-01-01 20:21:06.532945,2025-01-01 20:21:08.854306,0 days 00:00:02.321361,1,65,,,,,,,,,,2,,,,,,,,,,COMPLETE
33,33,0.5108695652173914,2025-01-01 20:21:08.854685,2025-01-01 20:21:18.703870,0 days 00:00:09.849185,3,80,15.0,10.0,,,,,,,,4,6.0,5.0,,,,,,,,COMPLETE
34,34,0.5742753623188406,2025-01-01 20:21:18.704307,2025-01-01 20:21:27.614612,0 days 00:00:08.910305,4,100,85.0,100.0,100.0,,,,,,,3,5.0,3.0,5.0,,,,,,,COMPLETE
35,35,0.4547511312217195,2025-01-01 20:21:27.615224,2025-01-01 20:21:43.235866,0 days 00:00:15.620642,6,55,30.0,70.0,80.0,30.0,5.0,,,,,3,4.0,6.0,6.0,4.0,2.0,,,,,COMPLETE
36,36,0.5611210494931425,2025-01-01 20:21:43.236388,2025-01-01 20:21:45.457914,0 days 00:00:02.221526,1,70,,,,,,,,,,2,,,,,,,,,,COMPLETE
37,37,0.5317028985507246,2025-01-01 20:21:45.458278,2025-01-01 20:21:55.754137,0 days 00:00:10.295859,5,40,45.0,30.0,10.0,65.0,,,,,,4,3.0,2.0,2.0,5.0,,,,,,COMPLETE
38,38,0.5375,2025-01-01 20:21:55.754613,2025-01-01 20:22:03.198650,0 days 00:00:07.444037,2,65,85.0,,,,,,,,,5,5.0,,,,,,,,,COMPLETE
39,39,0.5434782608695652,2025-01-01 20:22:03.199046,2025-01-01 20:22:16.159563,0 days 00:00:12.960517,4,75,75.0,50.0,60.0,,,,,,,3,6.0,4.0,4.0,,,,,,,COMPLETE
40,40,0.6382978723404256,2025-01-01 20:22:16.160159,2025-01-01 20:22:31.116933,0 days 00:00:14.956774,7,55,60.0,35.0,40.0,35.0,100.0,95.0,,,,2,4.0,3.0,3.0,3.0,5.0,5.0,,,,COMPLETE
41,41,0.6524822695035462,2025-01-01 20:22:31.117483,2025-01-01 20:22:34.347194,0 days 00:00:03.229711,1,80,,,,,,,,,,3,,,,,,,,,,COMPLETE
42,42,0.5319727891156463,2025-01-01 20:22:34.347565,2025-01-01 20:22:37.124003,0 days 00:00:02.776438,1,90,,,,,,,,,,3,,,,,,,,,,COMPLETE
43,43,0.4721706864564007,2025-01-01 20:22:37.124432,2025-01-01 20:22:41.625132,0 days 00:00:04.500700,2,80,15.0,,,,,,,,,2,2.0,,,,,,,,,COMPLETE
44,44,0.5683229813664596,2025-01-01 20:22:41.625605,2025-01-01 20:22:45.468729,0 days 00:00:03.843124,1,85,,,,,,,,,,4,,,,,,,,,,COMPLETE
45,45,0.5419047619047619,2025-01-01 20:22:45.469230,2025-01-01 20:22:50.927643,0 days 00:00:05.458413,2,95,50.0,,,,,,,,,2,6.0,,,,,,,,,COMPLETE
46,46,0.6104702750665484,2025-01-01 20:22:50.928178,2025-01-01 20:22:54.788986,0 days 00:00:03.860808,1,75,,,,,,,,,,3,,,,,,,,,,COMPLETE
47,47,0.5211200759373518,2025-01-01 20:22:54.789439,2025-01-01 20:23:04.956373,0 days 00:00:10.166934,3,70,100.0,60.0,,,,,,,,3,5.0,5.0,,,,,,,,COMPLETE
48,48,0.6350771869639794,2025-01-01 20:23:04.956906,2025-01-01 20:23:09.288111,0 days 00:00:04.331205,2,5,40.0,,,,,,,,,2,3.0,,,,,,,,,COMPLETE
49,49,0.5827181936604429,2025-01-01 20:23:09.288490,2025-01-01 20:23:13.681473,0 days 00:00:04.392983,1,50,,,,,,,,,,4,,,,,,,,,,COMPLETE
50,50,0.43961352657004826,2025-01-01 20:23:13.681851,2025-01-01 20:23:19.598728,0 days 00:00:05.916877,2,65,90.0,,,,,,,,,5,2.0,,,,,,,,,COMPLETE
51,51,0.6785225718194254,2025-01-01 20:23:19.599112,2025-01-01 20:23:22.367177,0 days 00:00:02.768065,1,75,,,,,,,,,,3,,,,,,,,,,COMPLETE
52,52,0.5957446808510638,2025-01-01 20:23:22.367557,2025-01-01 20:23:26.354391,0 days 00:00:03.986834,1,80,,,,,,,,,,4,,,,,,,,,,COMPLETE
53,53,0.6083333333333334,2025-01-01 20:23:26.354768,2025-01-01 20:23:29.410335,0 days 00:00:03.055567,1,70,,,,,,,,,,2,,,,,,,,,,COMPLETE
54,54,0.5398601398601399,2025-01-01 20:23:29.410690,2025-01-01 20:23:52.187019,0 days 00:00:22.776329,9,85,30.0,70.0,90.0,65.0,15.0,15.0,50.0,100.0,,3,6.0,4.0,5.0,5.0,5.0,2.0,2.0,6.0,,COMPLETE
55,55,0.639766081871345,2025-01-01 20:23:52.187645,2025-01-01 20:23:55.461874,0 days 00:00:03.274229,1,60,,,,,,,,,,2,,,,,,,,,,COMPLETE
56,56,0.390999415546464,2025-01-01 20:23:55.462317,2025-01-01 20:24:02.372463,0 days 00:00:06.910146,3,75,45.0,5.0,,,,,,,,4,4.0,2.0,,,,,,,,COMPLETE
57,57,0.6556776556776557,2025-01-01 20:24:02.372933,2025-01-01 20:24:05.325862,0 days 00:00:02.952929,1,65,,,,,,,,,,2,,,,,,,,,,COMPLETE
58,58,0.4337121212121212,2025-01-01 20:24:05.326240,2025-01-01 20:24:10.324208,0 days 00:00:04.997968,2,65,55.0,,,,,,,,,3,3.0,,,,,,,,,COMPLETE
59,59,0.5932367149758454,2025-01-01 20:24:10.324588,2025-01-01 20:24:15.265284,0 days 00:00:04.940696,1,45,,,,,,,,,,5,,,,,,,,,,COMPLETE
60,60,0.6356589147286822,2025-01-01 20:24:15.265656,2025-01-01 20:24:21.154646,0 days 00:00:05.888990,2,60,10.0,,,,,,,,,2,5.0,,,,,,,,,COMPLETE
61,61,0.5952380952380952,2025-01-01 20:24:21.155072,2025-01-01 20:24:23.893252,0 days 00:00:02.738180,1,55,,,,,,,,,,2,,,,,,,,,,COMPLETE
62,62,0.6882516188714154,2025-01-01 20:24:23.893616,2025-01-01 20:24:26.417090,0 days 00:00:02.523474,1,70,,,,,,,,,,2,,,,,,,,,,COMPLETE
63,63,0.5680272108843538,2025-01-01 20:24:26.417444,2025-01-01 20:24:30.410793,0 days 00:00:03.993349,2,75,35.0,,,,,,,,,2,2.0,,,,,,,,,COMPLETE
64,64,0.6236111111111111,2025-01-01 20:24:30.411156,2025-01-01 20:24:34.222485,0 days 00:00:03.811329,1,85,,,,,,,,,,3,,,,,,,,,,COMPLETE
65,65,0.5641148325358851,2025-01-01 20:24:34.222855,2025-01-01 20:24:37.038051,0 days 00:00:02.815196,1,80,,,,,,,,,,2,,,,,,,,,,COMPLETE
66,66,0.5111331024245422,2025-01-01 20:24:37.038482,2025-01-01 20:24:41.886925,0 days 00:00:04.848443,2,65,65.0,,,,,,,,,3,6.0,,,,,,,,,COMPLETE
67,67,0.5783972125435539,2025-01-01 20:24:41.887284,2025-01-01 20:24:45.589884,0 days 00:00:03.702600,1,70,,,,,,,,,,6,,,,,,,,,,COMPLETE
68,68,0.5727272727272728,2025-01-01 20:24:45.590245,2025-01-01 20:24:51.084717,0 days 00:00:05.494472,2,35,5.0,,,,,,,,,2,4.0,,,,,,,,,COMPLETE
69,69,0.574468085106383,2025-01-01 20:24:51.085087,2025-01-01 20:24:55.084743,0 days 00:00:03.999656,1,60,,,,,,,,,,4,,,,,,,,,,COMPLETE
70,70,0.5982142857142857,2025-01-01 20:24:55.085135,2025-01-01 20:25:02.596385,0 days 00:00:07.511250,2,50,20.0,,,,,,,,,3,5.0,,,,,,,,,COMPLETE
71,71,0.648479427549195,2025-01-01 20:25:02.596770,2025-01-01 20:25:05.762879,0 days 00:00:03.166109,1,70,,,,,,,,,,2,,,,,,,,,,COMPLETE
72,72,0.5887311446317658,2025-01-01 20:25:05.763216,2025-01-01 20:25:09.006064,0 days 00:00:03.242848,1,70,,,,,,,,,,2,,,,,,,,,,COMPLETE
73,73,0.6333333333333333,2025-01-01 20:25:09.006415,2025-01-01 20:25:12.146754,0 days 00:00:03.140339,1,80,,,,,,,,,,2,,,,,,,,,,COMPLETE
74,74,0.6268518518518519,2025-01-01 20:25:12.147084,2025-01-01 20:25:14.768915,0 days 00:00:02.621831,1,75,,,,,,,,,,2,,,,,,,,,,COMPLETE
75,75,0.5758928571428572,2025-01-01 20:25:14.769297,2025-01-01 20:25:17.983133,0 days 00:00:03.213836,1,70,,,,,,,,,,2,,,,,,,,,,COMPLETE
76,76,0.5523809523809524,2025-01-01 20:25:17.983470,2025-01-01 20:25:37.603057,0 days 00:00:19.619587,7,65,50.0,15.0,5.0,5.0,80.0,70.0,,,,2,3.0,6.0,6.0,3.0,3.0,4.0,,,,COMPLETE
77,77,0.7386363636363636,2025-01-01 20:25:37.603762,2025-01-01 20:25:42.806908,0 days 00:00:05.203146,2,55,25.0,,,,,,,,,5,2.0,,,,,,,,,COMPLETE
78,78,0.5111111111111111,2025-01-01 20:25:42.807296,2025-01-01 20:25:48.148600,0 days 00:00:05.341304,2,55,25.0,,,,,,,,,5,2.0,,,,,,,,,COMPLETE
79,79,0.6148255813953488,2025-01-01 20:25:48.149029,2025-01-01 20:25:55.960851,0 days 00:00:07.811822,3,45,20.0,50.0,,,,,,,,5,2.0,3.0,,,,,,,,COMPLETE
80,80,0.4699248120300752,2025-01-01 20:25:55.961269,2025-01-01 20:26:03.655608,0 days 00:00:07.694339,2,60,40.0,,,,,,,,,5,3.0,,,,,,,,,COMPLETE
81,81,0.5927952576379389,2025-01-01 20:26:03.656101,2025-01-01 20:26:07.836806,0 days 00:00:04.180705,1,65,,,,,,,,,,5,,,,,,,,,,COMPLETE
82,82,0.5852272727272727,2025-01-01 20:26:07.837295,2025-01-01 20:26:11.732113,0 days 00:00:03.894818,1,75,,,,,,,,,,5,,,,,,,,,,COMPLETE
83,83,0.5624103299856529,2025-01-01 20:26:11.732470,2025-01-01 20:26:19.354229,0 days 00:00:07.621759,3,55,10.0,80.0,,,,,,,,2,2.0,5.0,,,,,,,,COMPLETE
84,84,0.6103723404255319,2025-01-01 20:26:19.354640,2025-01-01 20:26:26.805524,0 days 00:00:07.450884,2,40,35.0,,,,,,,,,6,3.0,,,,,,,,,COMPLETE
85,85,0.6737588652482269,2025-01-01 20:26:26.805945,2025-01-01 20:26:39.898280,0 days 00:00:13.092335,5,70,25.0,30.0,65.0,100.0,,,,,,4,4.0,5.0,2.0,4.0,,,,,,COMPLETE
86,86,0.49402199904351984,2025-01-01 20:26:39.898805,2025-01-01 20:26:55.637380,0 days 00:00:15.738575,6,50,25.0,30.0,70.0,100.0,35.0,,,,,4,5.0,5.0,2.0,4.0,3.0,,,,,COMPLETE
87,87,0.3823845327604726,2025-01-01 20:26:55.637922,2025-01-01 20:27:24.895101,0 days 00:00:29.257179,10,75,30.0,25.0,85.0,65.0,60.0,100.0,45.0,100.0,5.0,4,4.0,4.0,4.0,4.0,5.0,5.0,6.0,2.0,2.0,COMPLETE
88,88,0.5890473999079613,2025-01-01 20:27:24.895765,2025-01-01 20:27:36.077934,0 days 00:00:11.182169,4,65,5.0,15.0,50.0,,,,,,,4,4.0,6.0,3.0,,,,,,,COMPLETE
89,89,0.5153061224489797,2025-01-01 20:27:36.078433,2025-01-01 20:27:55.472804,0 days 00:00:19.394371,8,80,20.0,35.0,65.0,100.0,100.0,25.0,75.0,,,5,5.0,5.0,2.0,5.0,6.0,3.0,3.0,,,COMPLETE
90,90,0.6079545454545454,2025-01-01 20:27:55.473626,2025-01-01 20:28:06.466519,0 days 00:00:10.992893,4,60,35.0,55.0,35.0,,,,,,,3,5.0,6.0,3.0,,,,,,,COMPLETE
91,91,0.5558139534883721,2025-01-01 20:28:06.467027,2025-01-01 20:28:10.995281,0 days 00:00:04.528254,1,70,,,,,,,,,,4,,,,,,,,,,COMPLETE
92,92,0.6154545454545455,2025-01-01 20:28:10.995637,2025-01-01 20:28:15.793911,0 days 00:00:04.798274,1,70,,,,,,,,,,4,,,,,,,,,,COMPLETE
93,93,0.6154545454545455,2025-01-01 20:28:15.794288,2025-01-01 20:28:20.337256,0 days 00:00:04.542968,2,75,45.0,,,,,,,,,2,3.0,,,,,,,,,COMPLETE
94,94,0.4944495837187789,2025-01-01 20:28:20.337625,2025-01-01 20:28:32.380481,0 days 00:00:12.042856,5,65,15.0,75.0,55.0,25.0,,,,,,2,4.0,5.0,4.0,3.0,,,,,,COMPLETE
95,95,0.6524822695035462,2025-01-01 20:28:32.381013,2025-01-01 20:28:37.388336,0 days 00:00:05.007323,1,85,,,,,,,,,,4,,,,,,,,,,COMPLETE
96,96,0.5790697674418605,2025-01-01 20:28:37.388823,2025-01-01 20:28:41.303867,0 days 00:00:03.915044,1,90,,,,,,,,,,4,,,,,,,,,,COMPLETE
97,97,0.6326530612244898,2025-01-01 20:28:41.304339,2025-01-01 20:28:47.037076,0 days 00:00:05.732737,2,85,40.0,,,,,,,,,4,4.0,,,,,,,,,COMPLETE
98,98,0.6079545454545454,2025-01-01 20:28:47.037481,2025-01-01 20:28:56.199125,0 days 00:00:09.161644,3,95,25.0,25.0,,,,,,,,4,6.0,6.0,,,,,,,,COMPLETE
99,99,0.5927952576379389,2025-01-01 20:28:56.199589,2025-01-01 20:29:09.008003,0 days 00:00:12.808414,5,85,30.0,45.0,20.0,75.0,,,,,,4,2.0,5.0,2.0,6.0,,,,,,COMPLETE
100,100,0.4944495837187789,2025-01-01 20:29:09.008530,2025-01-01 20:29:14.062352,0 days 00:00:05.053822,1,80,,,,,,,,,,5,,,,,,,,,,COMPLETE
101,101,0.6292486583184258,2025-01-01 20:29:14.062851,2025-01-01 20:29:17.810602,0 days 00:00:03.747751,1,75,,,,,,,,,,3,,,,,,,,,,COMPLETE
102,102,0.5452991452991452,2025-01-01 20:29:17.810980,2025-01-01 20:29:21.402073,0 days 00:00:03.591093,1,70,,,,,,,,,,2,,,,,,,,,,COMPLETE
103,103,0.5265567765567765,2025-01-01 20:29:21.402533,2025-01-01 20:29:24.970295,0 days 00:00:03.567762,1,80,,,,,,,,,,3,,,,,,,,,,COMPLETE
104,104,0.559204440333025,2025-01-01 20:29:24.970677,2025-01-01 20:29:31.185922,0 days 00:00:06.215245,2,70,10.0,,,,,,,,,2,5.0,,,,,,,,,COMPLETE
105,105,0.637641723356009,2025-01-01 20:29:31.186537,2025-01-01 20:29:34.566991,0 days 00:00:03.380454,1,60,,,,,,,,,,6,,,,,,,,,,COMPLETE
106,106,0.6292486583184258,2025-01-01 20:29:34.567457,2025-01-01 20:29:38.415334,0 days 00:00:03.847877,1,45,,,,,,,,,,3,,,,,,,,,,COMPLETE
107,107,0.6168478260869565,2025-01-01 20:29:38.415701,2025-01-01 20:29:45.041241,0 days 00:00:06.625540,2,65,50.0,,,,,,,,,5,3.0,,,,,,,,,COMPLETE
108,108,0.6557878633350331,2025-01-01 20:29:45.041655,2025-01-01 20:29:48.081683,0 days 00:00:03.040028,1,70,,,,,,,,,,2,,,,,,,,,,COMPLETE
109,109,0.6316489361702128,2025-01-01 20:29:48.082056,2025-01-01 20:29:52.155039,0 days 00:00:04.072983,1,85,,,,,,,,,,4,,,,,,,,,,COMPLETE
110,110,0.5680272108843538,2025-01-01 20:29:52.155569,2025-01-01 20:30:05.796466,0 days 00:00:13.640897,6,75,20.0,90.0,100.0,40.0,80.0,,,,,4,4.0,4.0,3.0,4.0,2.0,,,,,COMPLETE
111,111,0.6381818181818182,2025-01-01 20:30:05.797015,2025-01-01 20:30:08.742342,0 days 00:00:02.945327,1,70,,,,,,,,,,2,,,,,,,,,,COMPLETE
112,112,0.5967514124293786,2025-01-01 20:30:08.742819,2025-01-01 20:30:11.713407,0 days 00:00:02.970588,1,65,,,,,,,,,,2,,,,,,,,,,COMPLETE
113,113,0.599759132878362,2025-01-01 20:30:11.713875,2025-01-01 20:30:14.724681,0 days 00:00:03.010806,1,75,,,,,,,,,,2,,,,,,,,,,COMPLETE
114,114,0.5153061224489797,2025-01-01 20:30:14.725067,2025-01-01 20:30:34.889000,0 days 00:00:20.163933,7,15,15.0,15.0,75.0,55.0,20.0,60.0,,,,2,5.0,3.0,5.0,5.0,4.0,3.0,,,,COMPLETE
115,115,0.5384226491405459,2025-01-01 20:30:34.889561,2025-01-01 20:30:40.117429,0 days 00:00:05.227868,2,70,55.0,,,,,,,,,2,6.0,,,,,,,,,COMPLETE
116,116,0.6362683438155137,2025-01-01 20:30:40.117890,2025-01-01 20:30:42.443701,0 days 00:00:02.325811,1,60,,,,,,,,,,2,,,,,,,,,,COMPLETE
117,117,0.6581818181818182,2025-01-01 20:30:42.444150,2025-01-01 20:31:04.413014,0 days 00:00:21.968864,9,80,45.0,65.0,70.0,90.0,5.0,80.0,35.0,10.0,,2,2.0,6.0,2.0,3.0,3.0,5.0,6.0,6.0,,COMPLETE
118,118,0.6802721088435374,2025-01-01 20:31:04.413956,2025-01-01 20:31:25.100957,0 days 00:00:20.687001,8,35,45.0,65.0,70.0,90.0,5.0,80.0,30.0,,,5,2.0,6.0,2.0,3.0,3.0,5.0,6.0,,,COMPLETE
119,119,0.5531914893617021,2025-01-01 20:31:25.101577,2025-01-01 20:31:48.436359,0 days 00:00:23.334782,9,35,45.0,65.0,70.0,90.0,5.0,80.0,30.0,5.0,,5,2.0,6.0,2.0,3.0,3.0,5.0,6.0,6.0,,COMPLETE
120,120,0.47317298797409807,2025-01-01 20:31:48.437115,2025-01-01 20:32:08.385285,0 days 00:00:19.948170,8,55,40.0,55.0,60.0,100.0,30.0,85.0,35.0,,,5,2.0,6.0,2.0,3.0,3.0,5.0,6.0,,,COMPLETE
121,121,0.6882516188714154,2025-01-01 20:32:08.385920,2025-01-01 20:32:24.685089,0 days 00:00:16.299169,8,30,65.0,80.0,90.0,85.0,15.0,65.0,25.0,,,5,2.0,6.0,2.0,2.0,4.0,6.0,5.0,,,COMPLETE
122,122,0.5358139534883721,2025-01-01 20:32:24.685730,2025-01-01 20:32:47.688799,0 days 00:00:23.003069,9,30,75.0,85.0,90.0,85.0,15.0,65.0,25.0,35.0,,5,2.0,6.0,2.0,2.0,4.0,6.0,5.0,5.0,,COMPLETE
123,123,0.6834905660377358,2025-01-01 20:32:47.689537,2025-01-01 20:33:08.906493,0 days 00:00:21.216956,8,35,70.0,75.0,75.0,95.0,5.0,75.0,25.0,,,5,2.0,6.0,2.0,2.0,3.0,6.0,6.0,,,COMPLETE
124,124,0.53,2025-01-01 20:33:08.907279,2025-01-01 20:33:29.240027,0 days 00:00:20.332748,8,25,65.0,75.0,75.0,95.0,5.0,75.0,25.0,,,5,2.0,6.0,2.0,2.0,3.0,6.0,6.0,,,COMPLETE
125,125,0.6168478260869565,2025-01-01 20:33:29.240614,2025-01-01 20:33:48.891037,0 days 00:00:19.650423,9,25,80.0,65.0,85.0,85.0,15.0,90.0,20.0,65.0,,5,2.0,6.0,2.0,2.0,4.0,5.0,5.0,4.0,,COMPLETE
126,126,0.5380200860832138,2025-01-01 20:33:48.891725,2025-01-01 20:34:06.835932,0 days 00:00:17.944207,7,35,70.0,90.0,70.0,75.0,5.0,65.0,,,,5,2.0,6.0,2.0,3.0,3.0,6.0,,,,COMPLETE
127,127,0.6356589147286822,2025-01-01 20:34:06.836605,2025-01-01 20:34:25.753960,0 days 00:00:18.917355,8,30,65.0,80.0,80.0,95.0,15.0,50.0,40.0,,,5,2.0,6.0,2.0,2.0,2.0,5.0,6.0,,,COMPLETE
128,128,0.649264356905553,2025-01-01 20:34:25.754777,2025-01-01 20:34:45.383409,0 days 00:00:19.628632,9,40,80.0,75.0,65.0,80.0,25.0,75.0,20.0,25.0,,5,2.0,5.0,2.0,3.0,3.0,6.0,5.0,6.0,,COMPLETE
129,129,0.6079545454545454,2025-01-01 20:34:45.384077,2025-01-01 20:35:04.285194,0 days 00:00:18.901117,8,40,60.0,65.0,90.0,90.0,10.0,85.0,60.0,,,5,2.0,6.0,3.0,2.0,4.0,4.0,6.0,,,COMPLETE
130,130,0.6356589147286822,2025-01-01 20:35:04.285766,2025-01-01 20:35:30.568044,0 days 00:00:26.282278,10,30,55.0,95.0,75.0,95.0,25.0,70.0,35.0,75.0,95.0,5,2.0,6.0,2.0,3.0,2.0,6.0,4.0,5.0,2.0,COMPLETE
131,131,0.5890473999079613,2025-01-01 20:35:30.568736,2025-01-01 20:35:51.495073,0 days 00:00:20.926337,7,35,70.0,60.0,60.0,75.0,10.0,50.0,,,,5,2.0,5.0,3.0,4.0,3.0,5.0,,,,COMPLETE
132,132,0.5932367149758454,2025-01-01 20:35:51.495792,2025-01-01 20:36:11.510406,0 days 00:00:20.014614,9,25,60.0,70.0,85.0,85.0,20.0,90.0,20.0,25.0,,5,3.0,6.0,2.0,2.0,4.0,6.0,6.0,2.0,,COMPLETE
133,133,0.5523809523809524,2025-01-01 20:36:11.511078,2025-01-01 20:36:27.763937,0 days 00:00:16.252859,8,35,50.0,80.0,95.0,95.0,5.0,75.0,5.0,,,2,2.0,6.0,3.0,2.0,4.0,5.0,5.0,,,COMPLETE
134,134,0.6015769944341374,2025-01-01 20:36:27.764521,2025-01-01 20:36:48.432788,0 days 00:00:20.668267,7,20,30.0,85.0,50.0,85.0,50.0,60.0,,,,5,2.0,5.0,2.0,3.0,2.0,6.0,,,,COMPLETE
135,135,0.5727272727272728,2025-01-01 20:36:48.433321,2025-01-01 20:37:06.633877,0 days 00:00:18.200556,8,75,80.0,75.0,80.0,100.0,10.0,100.0,60.0,,,2,2.0,6.0,3.0,2.0,3.0,4.0,6.0,,,COMPLETE
