,number,value,datetime_start,datetime_complete,duration,params_depth,params_neurons_layer_0,params_neurons_layer_1,params_neurons_layer_2,params_neurons_layer_3,params_neurons_layer_4,params_neurons_layer_5,params_neurons_layer_6,params_neurons_layer_7,params_neurons_layer_8,params_neurons_layer_9,params_orders_layer_0,params_orders_layer_1,params_orders_layer_2,params_orders_layer_3,params_orders_layer_4,params_orders_layer_5,params_orders_layer_6,params_orders_layer_7,params_orders_layer_8,params_orders_layer_9,state
812,812,0.8819436870673061,2025-01-01 01:28:49.141044,2025-01-01 01:29:10.900911,0 days 00:00:21.759867,3,15,5.0,30.0,,,,,,,,2,5.0,3.0,,,,,,,,COMPLETE
813,813,0.8492540612298436,2025-01-01 01:29:10.901869,2025-01-01 01:29:26.827332,0 days 00:00:15.925463,3,10,5.0,35.0,,,,,,,,2,2.0,2.0,,,,,,,,COMPLETE
814,814,0.8768710662812391,2025-01-01 01:29:26.827976,2025-01-01 01:29:47.921154,0 days 00:00:21.093178,3,15,5.0,25.0,,,,,,,,2,4.0,3.0,,,,,,,,COMPLETE
815,815,0.8630273130961231,2025-01-01 01:29:47.921783,2025-01-01 01:30:14.833516,0 days 00:00:26.911733,3,15,5.0,95.0,,,,,,,,2,4.0,3.0,,,,,,,,COMPLETE
816,816,0.8739132287759972,2025-01-01 01:30:14.834161,2025-01-01 01:30:29.055465,0 days 00:00:14.221304,2,10,5.0,,,,,,,,,2,3.0,,,,,,,,,COMPLETE
817,817,0.883141199912062,2025-01-01 01:30:29.056304,2025-01-01 01:30:48.538133,0 days 00:00:19.481829,3,15,10.0,40.0,,,,,,,,2,3.0,3.0,,,,,,,,COMPLETE
818,818,0.844270017132104,2025-01-01 01:30:48.538875,2025-01-01 01:31:07.414551,0 days 00:00:18.875676,3,10,5.0,10.0,,,,,,,,2,3.0,3.0,,,,,,,,COMPLETE
819,819,0.8591165043506392,2025-01-01 01:31:07.415215,2025-01-01 01:31:26.213045,0 days 00:00:18.797830,3,15,10.0,20.0,,,,,,,,2,5.0,3.0,,,,,,,,COMPLETE
820,820,0.8862942610171838,2025-01-01 01:31:26.213682,2025-01-01 01:31:45.198824,0 days 00:00:18.985142,3,20,5.0,25.0,,,,,,,,2,3.0,3.0,,,,,,,,COMPLETE
821,821,0.8686886468634443,2025-01-01 01:31:45.199666,2025-01-01 01:32:08.157697,0 days 00:00:22.958031,3,20,10.0,90.0,,,,,,,,2,4.0,2.0,,,,,,,,COMPLETE
822,822,0.8572139070341251,2025-01-01 01:32:08.158427,2025-01-01 01:32:27.539540,0 days 00:00:19.381113,3,5,5.0,45.0,,,,,,,,2,3.0,3.0,,,,,,,,COMPLETE
823,823,0.8498196480853151,2025-01-01 01:32:27.540195,2025-01-01 01:32:48.304255,0 days 00:00:20.764060,3,10,15.0,30.0,,,,,,,,2,4.0,3.0,,,,,,,,COMPLETE
824,824,0.8731257624889981,2025-01-01 01:32:48.304890,2025-01-01 01:33:44.062420,0 days 00:00:55.757530,6,15,5.0,15.0,45.0,55.0,75.0,,,,,2,3.0,3.0,3.0,5.0,4.0,,,,,COMPLETE
825,825,0.8634100858339024,2025-01-01 01:33:44.063503,2025-01-01 01:33:57.989369,0 days 00:00:13.925866,2,15,10.0,,,,,,,,,2,3.0,,,,,,,,,COMPLETE
826,826,0.8787928526213421,2025-01-01 01:33:57.989993,2025-01-01 01:34:15.203805,0 days 00:00:17.213812,3,15,5.0,20.0,,,,,,,,2,3.0,2.0,,,,,,,,COMPLETE
827,827,0.8487117691417043,2025-01-01 01:34:15.204437,2025-01-01 01:34:36.083739,0 days 00:00:20.879302,3,20,10.0,15.0,,,,,,,,2,4.0,3.0,,,,,,,,COMPLETE
828,828,0.8438026430736452,2025-01-01 01:34:36.084587,2025-01-01 01:34:54.913171,0 days 00:00:18.828584,3,10,5.0,30.0,,,,,,,,2,3.0,3.0,,,,,,,,COMPLETE
829,829,0.8432885705862506,2025-01-01 01:34:54.913916,2025-01-01 01:35:44.940482,0 days 00:00:50.026566,5,15,60.0,25.0,80.0,60.0,,,,,,2,4.0,3.0,3.0,6.0,,,,,,COMPLETE
830,830,0.8760872348526512,2025-01-01 01:35:44.941193,2025-01-01 01:36:12.309335,0 days 00:00:27.368142,3,10,15.0,90.0,,,,,,,,2,5.0,3.0,,,,,,,,COMPLETE
831,831,0.840262704790592,2025-01-01 01:36:12.310284,2025-01-01 01:36:36.331810,0 days 00:00:24.021526,3,15,80.0,35.0,,,,,,,,2,2.0,3.0,,,,,,,,COMPLETE
832,832,0.8638485231889987,2025-01-01 01:36:36.332453,2025-01-01 01:37:04.401947,0 days 00:00:28.069494,4,20,5.0,15.0,65.0,,,,,,,2,3.0,4.0,3.0,,,,,,,COMPLETE
833,833,0.865203953039859,2025-01-01 01:37:04.402628,2025-01-01 01:37:21.796154,0 days 00:00:17.393526,3,10,10.0,10.0,,,,,,,,2,3.0,2.0,,,,,,,,COMPLETE
834,834,0.853793323329403,2025-01-01 01:37:21.797006,2025-01-01 01:37:53.536345,0 days 00:00:31.739339,4,15,5.0,25.0,65.0,,,,,,,3,3.0,5.0,6.0,,,,,,,COMPLETE
835,835,0.8719134705468351,2025-01-01 01:37:53.537141,2025-01-01 01:38:19.294915,0 days 00:00:25.757774,4,5,10.0,20.0,40.0,,,,,,,2,4.0,3.0,3.0,,,,,,,COMPLETE
836,836,0.8271585607799503,2025-01-01 01:38:19.295569,2025-01-01 01:38:38.328808,0 days 00:00:19.033239,3,20,5.0,30.0,,,,,,,,2,3.0,3.0,,,,,,,,COMPLETE
837,837,0.8477378079257407,2025-01-01 01:38:38.329451,2025-01-01 01:38:55.433935,0 days 00:00:17.104484,2,10,55.0,,,,,,,,,2,3.0,,,,,,,,,COMPLETE
838,838,0.8584347583368708,2025-01-01 01:38:55.434792,2025-01-01 01:39:16.322942,0 days 00:00:20.888150,3,25,5.0,25.0,,,,,,,,2,4.0,3.0,,,,,,,,COMPLETE
839,839,0.8769293531792695,2025-01-01 01:39:16.323696,2025-01-01 01:39:44.508130,0 days 00:00:28.184434,4,15,10.0,20.0,75.0,,,,,,,2,3.0,3.0,3.0,,,,,,,COMPLETE
840,840,0.8705865665443142,2025-01-01 01:39:44.508819,2025-01-01 01:40:05.301464,0 days 00:00:20.792645,3,20,5.0,85.0,,,,,,,,2,3.0,2.0,,,,,,,,COMPLETE
841,841,0.8798747691865966,2025-01-01 01:40:05.302105,2025-01-01 01:40:34.204599,0 days 00:00:28.902494,4,10,5.0,30.0,75.0,,,,,,,2,3.0,3.0,3.0,,,,,,,COMPLETE
842,842,0.861564401457008,2025-01-01 01:40:34.205632,2025-01-01 01:40:53.688467,0 days 00:00:19.482835,3,15,10.0,35.0,,,,,,,,2,3.0,3.0,,,,,,,,COMPLETE
843,843,0.862859560519365,2025-01-01 01:40:53.689160,2025-01-01 01:41:12.490855,0 days 00:00:18.801695,3,20,5.0,25.0,,,,,,,,2,3.0,3.0,,,,,,,,COMPLETE
844,844,0.8357299639003508,2025-01-01 01:41:12.491498,2025-01-01 01:41:38.577644,0 days 00:00:26.086146,5,15,10.0,15.0,55.0,45.0,,,,,,2,5.0,6.0,3.0,5.0,,,,,,COMPLETE
845,845,0.8704561358404344,2025-01-01 01:41:38.578381,2025-01-01 01:42:04.356035,0 days 00:00:25.777654,3,10,5.0,90.0,,,,,,,,2,4.0,3.0,,,,,,,,COMPLETE
846,846,0.8661499429446484,2025-01-01 01:42:04.357165,2025-01-01 01:42:41.516321,0 days 00:00:37.159156,4,20,10.0,85.0,70.0,,,,,,,2,3.0,3.0,3.0,,,,,,,COMPLETE
847,847,0.8295177301658088,2025-01-01 01:42:41.517016,2025-01-01 01:42:58.701281,0 days 00:00:17.184265,3,15,5.0,10.0,,,,,,,,2,3.0,2.0,,,,,,,,COMPLETE
848,848,0.8301409105640649,2025-01-01 01:42:58.702128,2025-01-01 01:43:20.567216,0 days 00:00:21.865088,3,5,5.0,45.0,,,,,,,,2,4.0,3.0,,,,,,,,COMPLETE
849,849,0.8572661540101675,2025-01-01 01:43:20.567970,2025-01-01 01:43:45.721657,0 days 00:00:25.153687,4,15,5.0,20.0,45.0,,,,,,,2,3.0,3.0,3.0,,,,,,,COMPLETE
850,850,0.8466105795351698,2025-01-01 01:43:45.722331,2025-01-01 01:44:05.022287,0 days 00:00:19.299956,3,10,10.0,30.0,,,,,,,,2,3.0,3.0,,,,,,,,COMPLETE
851,851,0.8661992505861283,2025-01-01 01:44:05.022944,2025-01-01 01:44:35.700514,0 days 00:00:30.677570,4,30,10.0,25.0,30.0,,,,,,,2,4.0,3.0,5.0,,,,,,,COMPLETE
852,852,0.8402796102315996,2025-01-01 01:44:35.701407,2025-01-01 01:44:52.938099,0 days 00:00:17.236692,3,20,5.0,20.0,,,,,,,,2,3.0,2.0,,,,,,,,COMPLETE
853,853,0.8500476650543483,2025-01-01 01:44:52.938861,2025-01-01 01:45:17.525826,0 days 00:00:24.586965,4,15,15.0,15.0,35.0,,,,,,,2,3.0,3.0,3.0,,,,,,,COMPLETE
854,854,0.8763022194620305,2025-01-01 01:45:17.526501,2025-01-01 01:45:36.942051,0 days 00:00:19.415550,3,10,5.0,40.0,,,,,,,,2,3.0,3.0,,,,,,,,COMPLETE
855,855,0.8357060758325706,2025-01-01 01:45:36.942702,2025-01-01 01:45:56.230238,0 days 00:00:19.287536,3,25,5.0,30.0,,,,,,,,2,3.0,3.0,,,,,,,,COMPLETE
856,856,0.8382898660227515,2025-01-01 01:45:56.231106,2025-01-01 01:46:30.208773,0 days 00:00:33.977667,4,15,5.0,85.0,55.0,,,,,,,2,3.0,3.0,3.0,,,,,,,COMPLETE
857,857,0.860534576213767,2025-01-01 01:46:30.209560,2025-01-01 01:47:23.530096,0 days 00:00:53.320536,6,20,10.0,25.0,50.0,25.0,90.0,,,,,2,2.0,3.0,3.0,6.0,5.0,,,,,COMPLETE
858,858,0.8587140243430356,2025-01-01 01:47:23.531053,2025-01-01 01:48:18.674774,0 days 00:00:55.143721,5,10,15.0,45.0,65.0,75.0,,,,,,2,4.0,2.0,5.0,5.0,,,,,,COMPLETE
859,859,0.8155123345655628,2025-01-01 01:48:18.675602,2025-01-01 01:48:32.994933,0 days 00:00:14.319331,2,15,5.0,,,,,,,,,2,5.0,,,,,,,,,COMPLETE
860,860,0.848279690730791,2025-01-01 01:48:32.995543,2025-01-01 01:49:04.883135,0 days 00:00:31.887592,4,5,10.0,35.0,75.0,,,,,,,2,3.0,4.0,3.0,,,,,,,COMPLETE
861,861,0.8840574973833404,2025-01-01 01:49:04.884143,2025-01-01 01:50:09.959889,0 days 00:01:05.075746,9,15,5.0,20.0,80.0,90.0,55.0,100.0,5.0,90.0,,2,3.0,3.0,3.0,6.0,3.0,2.0,6.0,2.0,,COMPLETE
862,862,0.8747487946066819,2025-01-01 01:50:09.960912,2025-01-01 01:50:30.086161,0 days 00:00:20.125249,3,10,5.0,25.0,,,,,,,,2,4.0,3.0,,,,,,,,COMPLETE
863,863,0.8523324940896843,2025-01-01 01:50:30.086968,2025-01-01 01:50:50.550904,0 days 00:00:20.463936,3,20,10.0,5.0,,,,,,,,2,4.0,3.0,,,,,,,,COMPLETE
864,864,0.8836287842861109,2025-01-01 01:50:50.551579,2025-01-01 01:51:09.466453,0 days 00:00:18.914874,3,15,5.0,15.0,,,,,,,,2,3.0,3.0,,,,,,,,COMPLETE
865,865,0.8715002284141068,2025-01-01 01:51:09.467141,2025-01-01 01:51:43.645765,0 days 00:00:34.178624,4,20,10.0,70.0,60.0,,,,,,,2,3.0,3.0,3.0,,,,,,,COMPLETE
866,866,0.7332560734421478,2025-01-01 01:51:43.646800,2025-01-01 01:52:00.927047,0 days 00:00:17.280247,3,10,5.0,30.0,,,,,,,,2,3.0,2.0,,,,,,,,COMPLETE
867,867,0.8419248108121498,2025-01-01 01:52:00.927735,2025-01-01 01:52:32.295005,0 days 00:00:31.367270,4,15,95.0,25.0,35.0,,,,,,,5,4.0,3.0,4.0,,,,,,,COMPLETE
868,868,0.8363717340926862,2025-01-01 01:52:32.295756,2025-01-01 01:52:51.224650,0 days 00:00:18.928894,3,20,5.0,10.0,,,,,,,,2,3.0,3.0,,,,,,,,COMPLETE
869,869,0.8725080385811865,2025-01-01 01:52:51.225559,2025-01-01 01:53:10.011300,0 days 00:00:18.785741,3,15,10.0,20.0,,,,,,,,2,3.0,3.0,,,,,,,,COMPLETE
870,870,0.8726388152895436,2025-01-01 01:53:10.012100,2025-01-01 01:53:46.940853,0 days 00:00:36.928753,4,10,5.0,100.0,65.0,,,,,,,2,2.0,3.0,3.0,,,,,,,COMPLETE
871,871,0.8649859807987271,2025-01-01 01:53:46.941571,2025-01-01 01:54:13.002753,0 days 00:00:26.061182,3,25,10.0,85.0,,,,,,,,2,3.0,3.0,,,,,,,,COMPLETE
872,872,0.8373184255016239,2025-01-01 01:54:13.003666,2025-01-01 01:54:28.468728,0 days 00:00:15.465062,2,20,5.0,,,,,,,,,2,4.0,,,,,,,,,COMPLETE
873,873,0.7030154302513678,2025-01-01 01:54:28.469536,2025-01-01 01:54:54.443549,0 days 00:00:25.974013,3,5,70.0,30.0,,,,,,,,2,4.0,2.0,,,,,,,,COMPLETE
874,874,0.8350659354940824,2025-01-01 01:54:54.444217,2025-01-01 01:55:24.140014,0 days 00:00:29.695797,4,10,5.0,25.0,50.0,,,,,,,2,3.0,3.0,5.0,,,,,,,COMPLETE
875,875,0.8633974940356537,2025-01-01 01:55:24.140909,2025-01-01 01:55:44.835478,0 days 00:00:20.694569,3,15,45.0,15.0,,,,,,,,2,3.0,3.0,,,,,,,,COMPLETE
876,876,0.8737333291017488,2025-01-01 01:55:44.836238,2025-01-01 01:56:17.614710,0 days 00:00:32.778472,4,20,5.0,35.0,100.0,,,,,,,2,5.0,3.0,3.0,,,,,,,COMPLETE
877,877,0.8751304994934522,2025-01-01 01:56:17.615412,2025-01-01 01:56:36.406397,0 days 00:00:18.790985,3,15,10.0,20.0,,,,,,,,2,3.0,3.0,,,,,,,,COMPLETE
878,878,0.8535409552576185,2025-01-01 01:56:36.407057,2025-01-01 01:57:10.475190,0 days 00:00:34.068133,5,10,10.0,85.0,60.0,35.0,,,,,,3,3.0,2.0,6.0,3.0,,,,,,COMPLETE
879,879,0.8473104574810708,2025-01-01 01:57:10.476223,2025-01-01 01:57:51.057702,0 days 00:00:40.581479,4,15,5.0,90.0,70.0,,,,,,,2,3.0,3.0,4.0,,,,,,,COMPLETE
880,880,0.8655286918433771,2025-01-01 01:57:51.058427,2025-01-01 01:58:10.402136,0 days 00:00:19.343709,3,25,10.0,30.0,,,,,,,,2,3.0,3.0,,,,,,,,COMPLETE
881,881,0.8652494236645628,2025-01-01 01:58:10.403012,2025-01-01 01:58:39.768287,0 days 00:00:29.365275,4,70,5.0,25.0,5.0,,,,,,,2,4.0,3.0,3.0,,,,,,,COMPLETE
882,882,0.8564705056183107,2025-01-01 01:58:39.769090,2025-01-01 01:58:58.665954,0 days 00:00:18.896864,3,20,5.0,20.0,,,,,,,,2,3.0,3.0,,,,,,,,COMPLETE
883,883,0.8411556575449879,2025-01-01 01:58:58.666603,2025-01-01 01:59:12.528146,0 days 00:00:13.861543,2,15,15.0,,,,,,,,,2,3.0,,,,,,,,,COMPLETE
884,884,0.8648353278298451,2025-01-01 01:59:12.528778,2025-01-01 01:59:31.364904,0 days 00:00:18.836126,3,15,10.0,25.0,,,,,,,,2,3.0,3.0,,,,,,,,COMPLETE
885,885,0.839467923573463,2025-01-01 01:59:31.365885,2025-01-01 01:59:59.116898,0 days 00:00:27.751013,4,10,5.0,15.0,55.0,,,,,,,2,4.0,2.0,4.0,,,,,,,COMPLETE
886,886,0.866135597567153,2025-01-01 01:59:59.117688,2025-01-01 02:00:18.020544,0 days 00:00:18.902856,3,15,5.0,10.0,,,,,,,,2,3.0,3.0,,,,,,,,COMPLETE
887,887,0.859647367007895,2025-01-01 02:00:18.021229,2025-01-01 02:00:28.997119,0 days 00:00:10.975890,3,10,10.0,30.0,,,,,,,,6,2.0,3.0,,,,,,,,COMPLETE
888,888,0.8857572632733814,2025-01-01 02:00:28.997774,2025-01-01 02:00:57.451963,0 days 00:00:28.454189,4,20,5.0,20.0,70.0,,,,,,,2,4.0,3.0,3.0,,,,,,,COMPLETE
889,889,0.8606177455742738,2025-01-01 02:00:57.452678,2025-01-01 02:01:17.652139,0 days 00:00:20.199461,3,40,15.0,25.0,,,,,,,,2,3.0,3.0,,,,,,,,COMPLETE
890,890,0.8498606779786557,2025-01-01 02:01:17.653125,2025-01-01 02:01:55.762364,0 days 00:00:38.109239,5,5,5.0,15.0,30.0,55.0,,,,,,2,3.0,3.0,4.0,5.0,,,,,,COMPLETE
891,891,0.8552872093197728,2025-01-01 02:01:55.763086,2025-01-01 02:02:17.962327,0 days 00:00:22.199241,4,20,5.0,30.0,5.0,,,,,,,2,3.0,2.0,3.0,,,,,,,COMPLETE
892,892,0.8841942796730977,2025-01-01 02:02:17.963012,2025-01-01 02:02:40.487594,0 days 00:00:22.524582,3,10,10.0,70.0,,,,,,,,2,3.0,3.0,,,,,,,,COMPLETE
893,893,0.8211343699506293,2025-01-01 02:02:40.488471,2025-01-01 02:04:14.253149,0 days 00:01:33.764678,10,15,5.0,90.0,45.0,65.0,75.0,95.0,20.0,60.0,70.0,2,5.0,4.0,3.0,4.0,5.0,2.0,5.0,4.0,3.0,COMPLETE
894,894,0.8698792797367587,2025-01-01 02:04:14.254328,2025-01-01 02:04:33.258963,0 days 00:00:19.004635,3,15,10.0,35.0,,,,,,,,2,3.0,3.0,,,,,,,,COMPLETE
895,895,0.8268259914329062,2025-01-01 02:04:33.259666,2025-01-01 02:05:10.744596,0 days 00:00:37.484930,4,25,5.0,40.0,85.0,,,,,,,2,3.0,3.0,4.0,,,,,,,COMPLETE
896,896,0.868333799221336,2025-01-01 02:05:10.745563,2025-01-01 02:05:29.579368,0 days 00:00:18.833805,3,15,10.0,10.0,,,,,,,,2,3.0,3.0,,,,,,,,COMPLETE
897,897,0.856224215915304,2025-01-01 02:05:29.580169,2025-01-01 02:05:57.287759,0 days 00:00:27.707590,4,20,5.0,25.0,60.0,,,,,,,2,4.0,3.0,3.0,,,,,,,COMPLETE
898,898,0.8872176961618157,2025-01-01 02:05:57.288488,2025-01-01 02:06:17.195794,0 days 00:00:19.907306,3,10,5.0,85.0,,,,,,,,2,3.0,2.0,,,,,,,,COMPLETE
899,899,0.857675427261913,2025-01-01 02:06:17.196512,2025-01-01 02:06:39.375843,0 days 00:00:22.179331,3,10,10.0,15.0,,,,,,,,3,4.0,3.0,,,,,,,,COMPLETE
900,900,0.8599544867458023,2025-01-01 02:06:39.376767,2025-01-01 02:07:06.453581,0 days 00:00:27.076814,4,15,5.0,25.0,65.0,,,,,,,2,3.0,3.0,3.0,,,,,,,COMPLETE
901,901,0.874478830844836,2025-01-01 02:07:06.454420,2025-01-01 02:07:25.400143,0 days 00:00:18.945723,3,5,40.0,20.0,,,,,,,,2,3.0,3.0,,,,,,,,COMPLETE
902,902,0.8672452749854045,2025-01-01 02:07:25.400845,2025-01-01 02:07:36.853680,0 days 00:00:11.452835,2,20,15.0,,,,,,,,,2,5.0,,,,,,,,,COMPLETE
903,903,0.8761844308211333,2025-01-01 02:07:36.854354,2025-01-01 02:07:57.824112,0 days 00:00:20.969758,3,15,10.0,30.0,,,,,,,,2,4.0,3.0,,,,,,,,COMPLETE
904,904,0.8582979098513193,2025-01-01 02:07:57.825072,2025-01-01 02:08:36.477307,0 days 00:00:38.652235,4,15,20.0,80.0,5.0,,,,,,,2,3.0,5.0,4.0,,,,,,,COMPLETE
905,905,0.8461455412293566,2025-01-01 02:08:36.478151,2025-01-01 02:09:15.493692,0 days 00:00:39.015541,4,10,5.0,75.0,80.0,,,,,,,2,2.0,2.0,5.0,,,,,,,COMPLETE
906,906,0.8676937427891107,2025-01-01 02:09:15.494377,2025-01-01 02:09:40.579258,0 days 00:00:25.084881,3,20,5.0,85.0,,,,,,,,2,3.0,3.0,,,,,,,,COMPLETE
907,907,0.86131109578883,2025-01-01 02:09:40.580250,2025-01-01 02:10:14.849663,0 days 00:00:34.269413,5,20,5.0,20.0,40.0,40.0,,,,,,2,3.0,3.0,4.0,6.0,,,,,,COMPLETE
908,908,0.8643891085508165,2025-01-01 02:10:14.850468,2025-01-01 02:10:35.387493,0 days 00:00:20.537025,3,15,10.0,30.0,,,,,,,,2,4.0,3.0,,,,,,,,COMPLETE
909,909,0.8418263571188669,2025-01-01 02:10:35.388218,2025-01-01 02:10:54.314861,0 days 00:00:18.926643,3,25,5.0,25.0,,,,,,,,2,3.0,3.0,,,,,,,,COMPLETE
910,910,0.8461821821265239,2025-01-01 02:10:54.315783,2025-01-01 02:11:19.760861,0 days 00:00:25.445078,4,10,10.0,45.0,10.0,,,,,,,2,4.0,3.0,3.0,,,,,,,COMPLETE
911,911,0.8223851870999552,2025-01-01 02:11:19.761709,2025-01-01 02:11:36.742498,0 days 00:00:16.980789,3,15,5.0,20.0,,,,,,,,2,3.0,2.0,,,,,,,,COMPLETE
912,912,0.8722151106478172,2025-01-01 02:11:36.743202,2025-01-01 02:12:10.031943,0 days 00:00:33.288741,4,5,5.0,65.0,75.0,,,,,,,2,3.0,3.0,3.0,,,,,,,COMPLETE
913,913,0.8638644880510218,2025-01-01 02:12:10.032657,2025-01-01 02:12:32.572285,0 days 00:00:22.539628,2,20,90.0,,,,,,,,,2,3.0,,,,,,,,,COMPLETE
914,914,0.8414009961235078,2025-01-01 02:12:32.573283,2025-01-01 02:12:56.675430,0 days 00:00:24.102147,3,15,15.0,75.0,,,,,,,,2,3.0,3.0,,,,,,,,COMPLETE
915,915,0.8192426053629739,2025-01-01 02:12:56.676137,2025-01-01 02:13:15.846203,0 days 00:00:19.170066,3,10,5.0,25.0,,,,,,,,2,3.0,3.0,,,,,,,,COMPLETE
916,916,0.8703868607510086,2025-01-01 02:13:15.846913,2025-01-01 02:13:47.156209,0 days 00:00:31.309296,4,20,10.0,15.0,55.0,,,,,,,5,5.0,3.0,4.0,,,,,,,COMPLETE
917,917,0.878594867202664,2025-01-01 02:13:47.157206,2025-01-01 02:14:08.889185,0 days 00:00:21.731979,3,15,10.0,85.0,,,,,,,,2,4.0,2.0,,,,,,,,COMPLETE
918,918,0.8848429608184825,2025-01-01 02:14:08.890003,2025-01-01 02:14:27.704199,0 days 00:00:18.814196,3,15,5.0,10.0,,,,,,,,2,3.0,3.0,,,,,,,,COMPLETE
919,919,0.8336205631967946,2025-01-01 02:14:27.704897,2025-01-01 02:14:58.447403,0 days 00:00:30.742506,4,10,5.0,95.0,5.0,,,,,,,2,4.0,3.0,3.0,,,,,,,COMPLETE
920,920,0.8460095430511971,2025-01-01 02:14:58.448401,2025-01-01 02:15:18.613797,0 days 00:00:20.165396,3,5,35.0,35.0,,,,,,,,2,3.0,3.0,,,,,,,,COMPLETE
921,921,0.8539354774516608,2025-01-01 02:15:18.614612,2025-01-01 02:16:39.416090,0 days 00:01:20.801478,8,20,10.0,5.0,10.0,85.0,80.0,90.0,95.0,,,2,3.0,3.0,4.0,4.0,4.0,2.0,6.0,,,COMPLETE
922,922,0.8587661019837178,2025-01-01 02:16:39.417333,2025-01-01 02:17:04.609365,0 days 00:00:25.192032,4,10,5.0,30.0,50.0,,,,,,,2,3.0,3.0,3.0,,,,,,,COMPLETE
923,923,0.859920701839956,2025-01-01 02:17:04.610106,2025-01-01 02:17:46.883517,0 days 00:00:42.273411,4,15,65.0,15.0,65.0,,,,,,,2,4.0,2.0,5.0,,,,,,,COMPLETE
924,924,0.855906746517765,2025-01-01 02:17:46.884514,2025-01-01 02:18:05.690280,0 days 00:00:18.805766,3,15,10.0,25.0,,,,,,,,2,3.0,3.0,,,,,,,,COMPLETE
925,925,0.8646122977386307,2025-01-01 02:18:05.691083,2025-01-01 02:18:32.027992,0 days 00:00:26.336909,3,25,5.0,90.0,,,,,,,,2,3.0,3.0,,,,,,,,COMPLETE
926,926,0.8667538019665004,2025-01-01 02:18:32.028703,2025-01-01 02:19:39.656398,0 days 00:01:07.627695,6,35,5.0,80.0,70.0,50.0,85.0,,,,,3,4.0,3.0,3.0,5.0,6.0,,,,,COMPLETE
927,927,0.8681295980120438,2025-01-01 02:19:39.657573,2025-01-01 02:20:03.656914,0 days 00:00:23.999341,4,20,10.0,30.0,25.0,,,,,,,2,2.0,3.0,4.0,,,,,,,COMPLETE
928,928,0.8777953425020555,2025-01-01 02:20:03.657776,2025-01-01 02:20:22.446900,0 days 00:00:18.789124,3,10,5.0,20.0,,,,,,,,2,3.0,3.0,,,,,,,,COMPLETE
929,929,0.8753876783657676,2025-01-01 02:20:22.447850,2025-01-01 02:21:04.066940,0 days 00:00:41.619090,5,15,5.0,25.0,60.0,80.0,,,,,,2,3.0,2.0,4.0,3.0,,,,,,COMPLETE
930,930,0.8353568957900375,2025-01-01 02:21:04.067833,2025-01-01 02:21:27.033676,0 days 00:00:22.965843,3,15,10.0,70.0,,,,,,,,2,3.0,3.0,,,,,,,,COMPLETE
931,931,0.8545886936442982,2025-01-01 02:21:27.034429,2025-01-01 02:21:42.487877,0 days 00:00:15.453448,2,20,5.0,,,,,,,,,2,4.0,,,,,,,,,COMPLETE
932,932,0.866717398915164,2025-01-01 02:21:42.488765,2025-01-01 02:22:01.226988,0 days 00:00:18.738223,3,10,10.0,20.0,,,,,,,,2,3.0,3.0,,,,,,,,COMPLETE
933,933,0.8446307550004837,2025-01-01 02:22:01.227760,2025-01-01 02:22:36.701723,0 days 00:00:35.473963,4,15,15.0,85.0,10.0,,,,,,,2,5.0,4.0,3.0,,,,,,,COMPLETE
934,934,0.877648086858509,2025-01-01 02:22:36.702428,2025-01-01 02:22:55.566345,0 days 00:00:18.863917,3,10,5.0,30.0,,,,,,,,2,3.0,3.0,,,,,,,,COMPLETE
935,935,0.8736509338267526,2025-01-01 02:22:55.567019,2025-01-01 02:23:20.605356,0 days 00:00:25.038337,4,20,10.0,10.0,45.0,,,,,,,2,3.0,3.0,3.0,,,,,,,COMPLETE
936,936,0.8862559166796777,2025-01-01 02:23:20.606388,2025-01-01 02:23:37.991057,0 days 00:00:17.384669,3,25,5.0,15.0,,,,,,,,2,2.0,3.0,,,,,,,,COMPLETE
937,937,0.8842277291898982,2025-01-01 02:23:37.991745,2025-01-01 02:24:15.081525,0 days 00:00:37.089780,5,15,5.0,80.0,40.0,30.0,,,,,,2,3.0,2.0,4.0,6.0,,,,,,COMPLETE
938,938,0.8099495404509183,2025-01-01 02:24:15.082240,2025-01-01 02:24:38.718612,0 days 00:00:23.636372,3,20,5.0,75.0,,,,,,,,2,3.0,3.0,,,,,,,,COMPLETE
939,939,0.8718264826471993,2025-01-01 02:24:38.719510,2025-01-01 02:25:04.292304,0 days 00:00:25.572794,4,10,10.0,25.0,55.0,,,,,,,2,3.0,3.0,3.0,,,,,,,COMPLETE
940,940,0.8720019579565892,2025-01-01 02:25:04.293127,2025-01-01 02:25:19.594397,0 days 00:00:15.301270,3,15,5.0,20.0,,,,,,,,6,4.0,3.0,,,,,,,,COMPLETE
941,941,0.827399382335263,2025-01-01 02:25:19.595224,2025-01-01 02:25:48.254413,0 days 00:00:28.659189,4,5,10.0,85.0,5.0,,,,,,,2,4.0,3.0,5.0,,,,,,,COMPLETE
942,942,0.7838051845024085,2025-01-01 02:25:48.255183,2025-01-01 02:26:08.070536,0 days 00:00:19.815353,3,50,5.0,35.0,,,,,,,,2,3.0,2.0,,,,,,,,COMPLETE
943,943,0.8243900651174558,2025-01-01 02:26:08.071478,2025-01-01 02:26:28.433011,0 days 00:00:20.361533,4,20,5.0,25.0,90.0,,,,,,,5,3.0,3.0,2.0,,,,,,,COMPLETE
944,944,0.8007232370529678,2025-01-01 02:26:28.433871,2025-01-01 02:26:47.314839,0 days 00:00:18.880968,3,10,10.0,30.0,,,,,,,,2,3.0,3.0,,,,,,,,COMPLETE
945,945,0.8599511805291169,2025-01-01 02:26:47.315568,2025-01-01 02:27:07.870246,0 days 00:00:20.554678,3,15,5.0,25.0,,,,,,,,2,4.0,3.0,,,,,,,,COMPLETE
946,946,0.8383458646616542,2025-01-01 02:27:07.870941,2025-01-01 02:27:18.751516,0 days 00:00:10.880575,2,25,10.0,,,,,,,,,2,5.0,,,,,,,,,COMPLETE
947,947,0.8781327777801495,2025-01-01 02:27:18.752208,2025-01-01 02:27:38.138548,0 days 00:00:19.386340,3,30,15.0,20.0,,,,,,,,2,3.0,3.0,,,,,,,,COMPLETE
948,948,0.890521739615929,2025-01-01 02:27:38.139497,2025-01-01 02:27:55.811011,0 days 00:00:17.671514,3,15,5.0,40.0,,,,,,,,2,3.0,2.0,,,,,,,,COMPLETE
949,949,0.8141311319478032,2025-01-01 02:27:55.811825,2025-01-01 02:28:13.640612,0 days 00:00:17.828787,3,20,5.0,40.0,,,,,,,,2,3.0,2.0,,,,,,,,COMPLETE
