,number,value,datetime_start,datetime_complete,duration,params_depth,params_neurons_layer_0,params_neurons_layer_1,params_neurons_layer_2,params_neurons_layer_3,params_neurons_layer_4,params_neurons_layer_5,params_neurons_layer_6,params_neurons_layer_7,params_neurons_layer_8,params_neurons_layer_9,params_orders_layer_0,params_orders_layer_1,params_orders_layer_2,params_orders_layer_3,params_orders_layer_4,params_orders_layer_5,params_orders_layer_6,params_orders_layer_7,params_orders_layer_8,params_orders_layer_9,state
909,909,0.5892857142857143,2025-01-01 23:13:38.384785,2025-01-01 23:13:41.662651,0 days 00:00:03.277866,1,95,,,,,,,,,,2,,,,,,,,,,COMPLETE
910,910,0.5727272727272728,2025-01-01 23:13:41.663327,2025-01-01 23:13:51.922046,0 days 00:00:10.258719,5,100,25.0,75.0,30.0,50.0,,,,,,2,2.0,3.0,4.0,5.0,,,,,,COMPLETE
911,911,0.6428571428571428,2025-01-01 23:13:51.922854,2025-01-01 23:14:11.197430,0 days 00:00:19.274576,9,60,35.0,75.0,95.0,100.0,15.0,50.0,90.0,80.0,,2,2.0,3.0,2.0,3.0,5.0,2.0,5.0,3.0,,COMPLETE
912,912,0.5560224089635855,2025-01-01 23:14:11.198328,2025-01-01 23:14:16.731410,0 days 00:00:05.533082,3,65,25.0,25.0,,,,,,,,2,2.0,3.0,,,,,,,,COMPLETE
913,913,0.6802721088435374,2025-01-01 23:14:16.732354,2025-01-01 23:14:25.109602,0 days 00:00:08.377248,4,15,45.0,80.0,35.0,,,,,,,2,2.0,3.0,4.0,,,,,,,COMPLETE
914,914,0.559204440333025,2025-01-01 23:14:25.110342,2025-01-01 23:14:42.925640,0 days 00:00:17.815298,8,70,25.0,30.0,70.0,60.0,40.0,40.0,45.0,,,2,2.0,3.0,2.0,4.0,3.0,5.0,6.0,,,COMPLETE
915,915,0.6079545454545454,2025-01-01 23:14:42.926619,2025-01-01 23:15:00.666517,0 days 00:00:17.739898,8,55,20.0,85.0,90.0,45.0,90.0,60.0,60.0,,,2,2.0,3.0,3.0,5.0,6.0,6.0,3.0,,,COMPLETE
916,916,0.559204440333025,2025-01-01 23:15:00.667449,2025-01-01 23:15:07.084785,0 days 00:00:06.417336,3,100,40.0,80.0,,,,,,,,2,2.0,3.0,,,,,,,,COMPLETE
917,917,0.6083333333333334,2025-01-01 23:15:07.085484,2025-01-01 23:15:16.853905,0 days 00:00:09.768421,5,30,45.0,80.0,80.0,40.0,,,,,,2,2.0,3.0,4.0,3.0,,,,,,COMPLETE
918,918,0.5932367149758454,2025-01-01 23:15:16.854634,2025-01-01 23:15:27.212734,0 days 00:00:10.358100,4,60,50.0,75.0,90.0,,,,,,,2,6.0,3.0,5.0,,,,,,,COMPLETE
919,919,0.5375,2025-01-01 23:15:27.213626,2025-01-01 23:15:30.391752,0 days 00:00:03.178126,2,55,25.0,,,,,,,,,2,2.0,,,,,,,,,COMPLETE
920,920,0.6211474632527264,2025-01-01 23:15:30.392447,2025-01-01 23:15:35.057987,0 days 00:00:04.665540,3,70,10.0,70.0,,,,,,,,2,2.0,2.0,,,,,,,,COMPLETE
921,921,0.7009090909090909,2025-01-01 23:15:35.058678,2025-01-01 23:15:47.962297,0 days 00:00:12.903619,7,65,35.0,75.0,85.0,55.0,45.0,70.0,,,,3,2.0,3.0,2.0,4.0,2.0,4.0,,,,COMPLETE
922,922,0.5531914893617021,2025-01-01 23:15:47.963121,2025-01-01 23:15:55.006056,0 days 00:00:07.042935,3,95,55.0,30.0,,,,,,,,2,2.0,3.0,,,,,,,,COMPLETE
923,923,0.6126373626373627,2025-01-01 23:15:55.006850,2025-01-01 23:16:16.206660,0 days 00:00:21.199810,8,60,40.0,85.0,100.0,85.0,20.0,80.0,75.0,,,2,2.0,5.0,4.0,4.0,4.0,2.0,6.0,,,COMPLETE
924,924,0.6785225718194254,2025-01-01 23:16:16.207829,2025-01-01 23:16:26.554288,0 days 00:00:10.346459,6,100,20.0,70.0,95.0,45.0,25.0,,,,,2,2.0,3.0,2.0,2.0,5.0,,,,,COMPLETE
925,925,0.7095282146160962,2025-01-01 23:16:26.555111,2025-01-01 23:16:32.621399,0 days 00:00:06.066288,3,95,35.0,75.0,,,,,,,,2,2.0,3.0,,,,,,,,COMPLETE
926,926,0.5317028985507246,2025-01-01 23:16:32.622218,2025-01-01 23:16:43.899659,0 days 00:00:11.277441,5,60,25.0,80.0,90.0,95.0,,,,,,2,2.0,3.0,4.0,6.0,,,,,,COMPLETE
927,927,0.6452358926919519,2025-01-01 23:16:43.900422,2025-01-01 23:16:50.433899,0 days 00:00:06.533477,4,65,20.0,70.0,75.0,,,,,,,2,2.0,3.0,2.0,,,,,,,COMPLETE
928,928,0.6689250225835592,2025-01-01 23:16:50.434733,2025-01-01 23:16:54.287981,0 days 00:00:03.853248,2,15,25.0,,,,,,,,,4,2.0,,,,,,,,,COMPLETE
929,929,0.7009090909090909,2025-01-01 23:16:54.288624,2025-01-01 23:17:00.259988,0 days 00:00:05.971364,3,100,15.0,85.0,,,,,,,,2,2.0,3.0,,,,,,,,COMPLETE
930,930,0.6515151515151515,2025-01-01 23:17:00.260648,2025-01-01 23:17:25.908244,0 days 00:00:25.647596,9,65,25.0,80.0,85.0,50.0,10.0,55.0,65.0,100.0,,2,2.0,3.0,3.0,5.0,5.0,3.0,5.0,4.0,,COMPLETE
931,931,0.575984990619137,2025-01-01 23:17:25.909124,2025-01-01 23:17:46.199142,0 days 00:00:20.290018,10,60,35.0,90.0,55.0,80.0,10.0,75.0,40.0,15.0,65.0,2,2.0,3.0,2.0,3.0,4.0,2.0,6.0,2.0,6.0,COMPLETE
932,932,0.5619047619047619,2025-01-01 23:17:46.200290,2025-01-01 23:18:13.745621,0 days 00:00:27.545331,8,90,5.0,30.0,75.0,100.0,5.0,65.0,80.0,,,2,2.0,3.0,4.0,4.0,3.0,6.0,6.0,,,COMPLETE
933,933,0.6190476190476191,2025-01-01 23:18:13.746619,2025-01-01 23:18:20.144164,0 days 00:00:06.397545,3,55,40.0,75.0,,,,,,,,4,2.0,3.0,,,,,,,,COMPLETE
934,934,0.5933268858800773,2025-01-01 23:18:20.144880,2025-01-01 23:18:27.802576,0 days 00:00:07.657696,5,100,20.0,25.0,95.0,40.0,,,,,,2,2.0,2.0,2.0,4.0,,,,,,COMPLETE
935,935,0.637641723356009,2025-01-01 23:18:27.803279,2025-01-01 23:18:33.670605,0 days 00:00:05.867326,3,60,25.0,80.0,,,,,,,,2,2.0,3.0,,,,,,,,COMPLETE
936,936,0.6057142857142856,2025-01-01 23:18:33.671315,2025-01-01 23:18:44.881757,0 days 00:00:11.210442,4,70,30.0,70.0,50.0,,,,,,,2,2.0,5.0,4.0,,,,,,,COMPLETE
937,937,0.6581818181818182,2025-01-01 23:18:44.882508,2025-01-01 23:18:57.693265,0 days 00:00:12.810757,6,65,35.0,20.0,40.0,50.0,35.0,,,,,2,2.0,3.0,2.0,4.0,2.0,,,,,COMPLETE
938,938,0.559204440333025,2025-01-01 23:18:57.694463,2025-01-01 23:19:11.228872,0 days 00:00:13.534409,7,15,20.0,55.0,80.0,90.0,15.0,70.0,,,,2,2.0,3.0,2.0,4.0,5.0,3.0,,,,COMPLETE
939,939,0.6356589147286822,2025-01-01 23:19:11.229696,2025-01-01 23:19:17.640839,0 days 00:00:06.411143,3,55,40.0,85.0,,,,,,,,2,2.0,3.0,,,,,,,,COMPLETE
940,940,0.5950113378684807,2025-01-01 23:19:17.641652,2025-01-01 23:19:29.661087,0 days 00:00:12.019435,4,95,45.0,35.0,85.0,,,,,,,2,3.0,3.0,4.0,,,,,,,COMPLETE
941,941,0.5322128851540616,2025-01-01 23:19:29.661834,2025-01-01 23:19:38.671388,0 days 00:00:09.009554,5,65,30.0,80.0,100.0,50.0,,,,,,2,2.0,3.0,2.0,5.0,,,,,,COMPLETE
942,942,0.6154545454545455,2025-01-01 23:19:38.672132,2025-01-01 23:19:48.752094,0 days 00:00:10.079962,4,60,15.0,75.0,95.0,,,,,,,2,2.0,3.0,4.0,,,,,,,COMPLETE
943,943,0.6808510638297872,2025-01-01 23:19:48.752825,2025-01-01 23:19:58.319800,0 days 00:00:09.566975,7,80,25.0,75.0,80.0,45.0,85.0,35.0,,,,2,2.0,3.0,2.0,2.0,6.0,2.0,,,,COMPLETE
944,944,0.5927952576379389,2025-01-01 23:19:58.320606,2025-01-01 23:20:14.652820,0 days 00:00:16.332214,8,75,30.0,70.0,65.0,55.0,20.0,75.0,100.0,,,2,2.0,3.0,2.0,4.0,5.0,4.0,5.0,,,COMPLETE
945,945,0.6511111111111112,2025-01-01 23:20:14.653688,2025-01-01 23:20:21.154353,0 days 00:00:06.500665,3,100,25.0,85.0,,,,,,,,2,2.0,6.0,,,,,,,,COMPLETE
946,946,0.7659574468085106,2025-01-01 23:20:21.155053,2025-01-01 23:20:26.837756,0 days 00:00:05.682703,3,65,35.0,70.0,,,,,,,,2,2.0,3.0,,,,,,,,COMPLETE
947,947,0.5833333333333333,2025-01-01 23:20:26.838453,2025-01-01 23:20:35.354881,0 days 00:00:08.516428,3,70,35.0,70.0,,,,,,,,3,4.0,6.0,,,,,,,,COMPLETE
948,948,0.5918762088974855,2025-01-01 23:20:35.355857,2025-01-01 23:20:42.020241,0 days 00:00:06.664384,3,65,35.0,70.0,,,,,,,,2,2.0,3.0,,,,,,,,COMPLETE
949,949,0.5957446808510638,2025-01-01 23:20:42.020949,2025-01-01 23:20:47.811234,0 days 00:00:05.790285,3,70,35.0,70.0,,,,,,,,2,2.0,3.0,,,,,,,,COMPLETE
950,950,0.5932367149758454,2025-01-01 23:20:47.811957,2025-01-01 23:20:52.627326,0 days 00:00:04.815369,2,65,60.0,,,,,,,,,2,2.0,,,,,,,,,COMPLETE
951,951,0.6655813953488372,2025-01-01 23:20:52.628046,2025-01-01 23:21:00.117849,0 days 00:00:07.489803,3,65,35.0,70.0,,,,,,,,2,2.0,6.0,,,,,,,,COMPLETE
952,952,0.6269230769230769,2025-01-01 23:21:00.118665,2025-01-01 23:21:05.395827,0 days 00:00:05.277162,3,70,35.0,65.0,,,,,,,,2,2.0,3.0,,,,,,,,COMPLETE
953,953,0.5927952576379389,2025-01-01 23:21:05.396553,2025-01-01 23:21:13.373938,0 days 00:00:07.977385,3,65,40.0,70.0,,,,,,,,2,3.0,4.0,,,,,,,,COMPLETE
954,954,0.5053191489361701,2025-01-01 23:21:13.374680,2025-01-01 23:21:20.506597,0 days 00:00:07.131917,3,65,35.0,70.0,,,,,,,,6,2.0,6.0,,,,,,,,COMPLETE
955,955,0.6452358926919519,2025-01-01 23:21:20.507334,2025-01-01 23:21:27.993936,0 days 00:00:07.486602,3,70,40.0,65.0,,,,,,,,2,2.0,3.0,,,,,,,,COMPLETE
956,956,0.5498084291187739,2025-01-01 23:21:27.994648,2025-01-01 23:21:33.292252,0 days 00:00:05.297604,3,65,40.0,65.0,,,,,,,,2,2.0,3.0,,,,,,,,COMPLETE
957,957,0.6515366430260048,2025-01-01 23:21:33.292975,2025-01-01 23:21:38.646948,0 days 00:00:05.353973,3,65,45.0,70.0,,,,,,,,2,2.0,2.0,,,,,,,,COMPLETE
958,958,0.7346153846153847,2025-01-01 23:21:38.647659,2025-01-01 23:21:44.733274,0 days 00:00:06.085615,3,100,35.0,70.0,,,,,,,,2,2.0,6.0,,,,,,,,COMPLETE
959,959,0.687847866419295,2025-01-01 23:21:44.733995,2025-01-01 23:21:52.166718,0 days 00:00:07.432723,3,100,35.0,65.0,,,,,,,,2,2.0,6.0,,,,,,,,COMPLETE
960,960,0.5952157598499062,2025-01-01 23:21:52.167433,2025-01-01 23:21:58.665686,0 days 00:00:06.498253,3,100,35.0,70.0,,,,,,,,2,2.0,6.0,,,,,,,,COMPLETE
961,961,0.6524822695035462,2025-01-01 23:21:58.666397,2025-01-01 23:22:09.107306,0 days 00:00:10.440909,3,100,35.0,70.0,,,,,,,,2,6.0,6.0,,,,,,,,COMPLETE
962,962,0.6953703703703704,2025-01-01 23:22:09.108107,2025-01-01 23:22:16.515001,0 days 00:00:07.406894,3,100,35.0,65.0,,,,,,,,2,2.0,6.0,,,,,,,,COMPLETE
963,963,0.6739130434782609,2025-01-01 23:22:16.515931,2025-01-01 23:22:23.966341,0 days 00:00:07.450410,3,95,35.0,65.0,,,,,,,,2,2.0,6.0,,,,,,,,COMPLETE
964,964,0.5493230174081238,2025-01-01 23:22:23.967032,2025-01-01 23:22:29.846509,0 days 00:00:05.879477,3,100,35.0,70.0,,,,,,,,2,2.0,6.0,,,,,,,,COMPLETE
965,965,0.5265567765567765,2025-01-01 23:22:29.847349,2025-01-01 23:22:37.578946,0 days 00:00:07.731597,3,95,40.0,25.0,,,,,,,,4,2.0,6.0,,,,,,,,COMPLETE
966,966,0.6957759848125297,2025-01-01 23:22:37.579682,2025-01-01 23:22:45.140350,0 days 00:00:07.560668,3,100,40.0,70.0,,,,,,,,2,2.0,6.0,,,,,,,,COMPLETE
967,967,0.6154545454545455,2025-01-01 23:22:45.141081,2025-01-01 23:22:53.699988,0 days 00:00:08.558907,3,100,35.0,65.0,,,,,,,,2,2.0,6.0,,,,,,,,COMPLETE
968,968,0.6785225718194254,2025-01-01 23:22:53.700834,2025-01-01 23:22:57.621374,0 days 00:00:03.920540,2,95,40.0,,,,,,,,,2,2.0,,,,,,,,,COMPLETE
969,969,0.6016260162601625,2025-01-01 23:22:57.622023,2025-01-01 23:23:04.218505,0 days 00:00:06.596482,3,100,35.0,60.0,,,,,,,,2,2.0,6.0,,,,,,,,COMPLETE
970,970,0.5152777777777777,2025-01-01 23:23:04.219240,2025-01-01 23:23:11.539276,0 days 00:00:07.320036,3,95,35.0,70.0,,,,,,,,2,2.0,6.0,,,,,,,,COMPLETE
971,971,0.44655797101449274,2025-01-01 23:23:11.539966,2025-01-01 23:23:17.974547,0 days 00:00:06.434581,3,100,40.0,70.0,,,,,,,,2,2.0,6.0,,,,,,,,COMPLETE
972,972,0.6570731707317073,2025-01-01 23:23:17.975231,2025-01-01 23:23:25.195198,0 days 00:00:07.219967,3,100,40.0,35.0,,,,,,,,2,2.0,6.0,,,,,,,,COMPLETE
973,973,0.6154545454545455,2025-01-01 23:23:25.195934,2025-01-01 23:23:33.201662,0 days 00:00:08.005728,3,100,35.0,65.0,,,,,,,,2,3.0,6.0,,,,,,,,COMPLETE
974,974,0.6447124304267161,2025-01-01 23:23:33.202386,2025-01-01 23:23:40.637063,0 days 00:00:07.434677,3,90,35.0,60.0,,,,,,,,3,2.0,6.0,,,,,,,,COMPLETE
975,975,0.6015769944341374,2025-01-01 23:23:40.637793,2025-01-01 23:23:48.720516,0 days 00:00:08.082723,3,95,45.0,30.0,,,,,,,,2,2.0,6.0,,,,,,,,COMPLETE
976,976,0.6022201665124884,2025-01-01 23:23:48.721609,2025-01-01 23:23:55.567292,0 days 00:00:06.845683,3,100,30.0,90.0,,,,,,,,2,4.0,3.0,,,,,,,,COMPLETE
977,977,0.42213570634037817,2025-01-01 23:23:55.567972,2025-01-01 23:24:00.815194,0 days 00:00:05.247222,2,95,40.0,,,,,,,,,4,2.0,,,,,,,,,COMPLETE
978,978,0.6987179487179487,2025-01-01 23:24:00.815916,2025-01-01 23:24:07.821526,0 days 00:00:07.005610,3,100,30.0,65.0,,,,,,,,2,2.0,6.0,,,,,,,,COMPLETE
979,979,0.6655813953488372,2025-01-01 23:24:07.822400,2025-01-01 23:24:22.445000,0 days 00:00:14.622600,8,100,35.0,30.0,55.0,85.0,5.0,60.0,95.0,,,2,2.0,3.0,3.0,6.0,2.0,3.0,6.0,,,COMPLETE
980,980,0.4721706864564007,2025-01-01 23:24:22.445816,2025-01-01 23:24:29.167918,0 days 00:00:06.722102,3,10,5.0,70.0,,,,,,,,2,2.0,3.0,,,,,,,,COMPLETE
981,981,0.7229024943310658,2025-01-01 23:24:29.168634,2025-01-01 23:24:36.909739,0 days 00:00:07.741105,3,95,40.0,35.0,,,,,,,,2,2.0,6.0,,,,,,,,COMPLETE
982,982,0.6323055683387022,2025-01-01 23:24:36.910466,2025-01-01 23:24:41.697660,0 days 00:00:04.787194,2,100,30.0,,,,,,,,,2,2.0,,,,,,,,,COMPLETE
983,983,0.6556776556776557,2025-01-01 23:24:41.698358,2025-01-01 23:25:00.165721,0 days 00:00:18.467363,8,50,35.0,70.0,60.0,65.0,15.0,85.0,50.0,,,2,2.0,3.0,3.0,3.0,4.0,6.0,4.0,,,COMPLETE
984,984,0.7312673450508789,2025-01-01 23:25:00.166567,2025-01-01 23:25:06.693069,0 days 00:00:06.526502,3,100,50.0,65.0,,,,,,,,2,2.0,6.0,,,,,,,,COMPLETE
985,985,0.4891304347826087,2025-01-01 23:25:06.693798,2025-01-01 23:25:13.214895,0 days 00:00:06.521097,3,100,50.0,65.0,,,,,,,,2,2.0,6.0,,,,,,,,COMPLETE
986,986,0.7384026781444285,2025-01-01 23:25:13.215568,2025-01-01 23:25:19.036327,0 days 00:00:05.820759,3,100,50.0,15.0,,,,,,,,2,2.0,6.0,,,,,,,,COMPLETE
987,987,0.4693023255813954,2025-01-01 23:25:19.037322,2025-01-01 23:25:26.660123,0 days 00:00:07.622801,3,100,50.0,10.0,,,,,,,,6,2.0,6.0,,,,,,,,COMPLETE
988,988,0.6600580270793037,2025-01-01 23:25:26.660826,2025-01-01 23:25:33.241964,0 days 00:00:06.581138,3,100,55.0,15.0,,,,,,,,2,2.0,6.0,,,,,,,,COMPLETE
989,989,0.5820181731229077,2025-01-01 23:25:33.242704,2025-01-01 23:25:42.028453,0 days 00:00:08.785749,3,100,45.0,70.0,,,,,,,,6,2.0,6.0,,,,,,,,COMPLETE
990,990,0.6022201665124884,2025-01-01 23:25:42.029317,2025-01-01 23:25:49.363834,0 days 00:00:07.334517,3,100,50.0,15.0,,,,,,,,2,2.0,6.0,,,,,,,,COMPLETE
991,991,0.6234967622571693,2025-01-01 23:25:49.364511,2025-01-01 23:25:56.615556,0 days 00:00:07.251045,3,100,55.0,15.0,,,,,,,,2,2.0,6.0,,,,,,,,COMPLETE
992,992,0.6302600472813239,2025-01-01 23:25:56.616281,2025-01-01 23:26:04.931463,0 days 00:00:08.315182,3,100,50.0,10.0,,,,,,,,2,3.0,6.0,,,,,,,,COMPLETE
993,993,0.6984126984126984,2025-01-01 23:26:04.932235,2025-01-01 23:26:11.135647,0 days 00:00:06.203412,3,100,55.0,20.0,,,,,,,,2,2.0,6.0,,,,,,,,COMPLETE
994,994,0.6834905660377358,2025-01-01 23:26:11.136378,2025-01-01 23:26:17.832930,0 days 00:00:06.696552,3,100,45.0,75.0,,,,,,,,2,2.0,6.0,,,,,,,,COMPLETE
995,995,0.6148255813953488,2025-01-01 23:26:17.833659,2025-01-01 23:26:24.926455,0 days 00:00:07.092796,3,100,50.0,70.0,,,,,,,,2,2.0,6.0,,,,,,,,COMPLETE
996,996,0.6594202898550725,2025-01-01 23:26:24.927190,2025-01-01 23:26:32.038956,0 days 00:00:07.111766,3,100,55.0,10.0,,,,,,,,2,2.0,6.0,,,,,,,,COMPLETE
997,997,0.5804810360777057,2025-01-01 23:26:32.039785,2025-01-01 23:26:38.300237,0 days 00:00:06.260452,3,100,50.0,10.0,,,,,,,,2,2.0,5.0,,,,,,,,COMPLETE
998,998,0.6581818181818182,2025-01-01 23:26:38.300954,2025-01-01 23:26:45.133544,0 days 00:00:06.832590,3,100,55.0,5.0,,,,,,,,2,2.0,6.0,,,,,,,,COMPLETE
999,999,0.637641723356009,2025-01-01 23:26:45.134268,2025-01-01 23:26:52.206635,0 days 00:00:07.072367,3,100,50.0,15.0,,,,,,,,2,2.0,6.0,,,,,,,,COMPLETE
