,number,value,datetime_start,datetime_complete,duration,params_depth,params_neurons_layer_0,params_neurons_layer_1,params_neurons_layer_2,params_neurons_layer_3,params_neurons_layer_4,params_neurons_layer_5,params_neurons_layer_6,params_neurons_layer_7,params_neurons_layer_8,params_neurons_layer_9,params_orders_layer_0,params_orders_layer_1,params_orders_layer_2,params_orders_layer_3,params_orders_layer_4,params_orders_layer_5,params_orders_layer_6,params_orders_layer_7,params_orders_layer_8,params_orders_layer_9,state
919,919,0.5571658615136876,2025-01-01 17:40:59.902227,2025-01-01 17:41:10.860918,0 days 00:00:10.958691,2,90,35.0,,,,,,,,,5,3.0,,,,,,,,,COMPLETE
920,920,0.5757575757575757,2025-01-01 17:41:10.861768,2025-01-01 17:41:34.021351,0 days 00:00:23.159583,6,95,70.0,10.0,100.0,60.0,45.0,,,,,3,3.0,2.0,6.0,5.0,3.0,,,,,COMPLETE
921,921,0.7417021276595746,2025-01-01 17:41:34.022247,2025-01-01 17:41:41.352660,0 days 00:00:07.330413,2,95,85.0,,,,,,,,,3,2.0,,,,,,,,,COMPLETE
922,922,0.5941558441558441,2025-01-01 17:41:41.353354,2025-01-01 17:41:59.709667,0 days 00:00:18.356313,6,10,90.0,5.0,65.0,60.0,80.0,,,,,2,3.0,2.0,6.0,4.0,2.0,,,,,COMPLETE
923,923,0.662962962962963,2025-01-01 17:41:59.710506,2025-01-01 17:42:08.033419,0 days 00:00:08.322913,2,100,30.0,,,,,,,,,3,3.0,,,,,,,,,COMPLETE
924,924,0.6753246753246753,2025-01-01 17:42:08.034159,2025-01-01 17:42:15.811093,0 days 00:00:07.776934,2,85,85.0,,,,,,,,,3,3.0,,,,,,,,,COMPLETE
925,925,0.6587715776796468,2025-01-01 17:42:15.812516,2025-01-01 17:42:23.599336,0 days 00:00:07.786820,2,90,90.0,,,,,,,,,3,3.0,,,,,,,,,COMPLETE
926,926,0.719551282051282,2025-01-01 17:42:23.600047,2025-01-01 17:42:48.600975,0 days 00:00:25.000928,7,95,80.0,10.0,45.0,45.0,40.0,85.0,,,,3,2.0,2.0,6.0,4.0,3.0,4.0,,,,COMPLETE
927,927,0.6666666666666666,2025-01-01 17:42:48.601937,2025-01-01 17:42:56.935324,0 days 00:00:08.333387,2,80,95.0,,,,,,,,,3,3.0,,,,,,,,,COMPLETE
928,928,0.6004983388704319,2025-01-01 17:42:56.936071,2025-01-01 17:43:16.737300,0 days 00:00:19.801229,6,90,75.0,10.0,60.0,55.0,35.0,,,,,3,2.0,2.0,6.0,4.0,2.0,,,,,COMPLETE
929,929,0.4293523969722456,2025-01-01 17:43:16.738171,2025-01-01 17:43:48.125634,0 days 00:00:31.387463,8,95,85.0,15.0,55.0,75.0,35.0,60.0,70.0,,,3,3.0,4.0,6.0,5.0,3.0,5.0,3.0,,,COMPLETE
930,930,0.5830866807610994,2025-01-01 17:43:48.127252,2025-01-01 17:43:55.892438,0 days 00:00:07.765186,2,90,85.0,,,,,,,,,3,3.0,,,,,,,,,COMPLETE
931,931,0.581646423751687,2025-01-01 17:43:55.893189,2025-01-01 17:44:02.663114,0 days 00:00:06.769925,2,95,90.0,,,,,,,,,3,2.0,,,,,,,,,COMPLETE
932,932,0.5327144120247569,2025-01-01 17:44:02.663954,2025-01-01 17:44:16.965843,0 days 00:00:14.301889,5,90,80.0,5.0,70.0,50.0,,,,,,3,3.0,6.0,6.0,4.0,,,,,,COMPLETE
933,933,0.565936337329475,2025-01-01 17:44:16.966658,2025-01-01 17:44:25.860234,0 days 00:00:08.893576,2,85,70.0,,,,,,,,,4,3.0,,,,,,,,,COMPLETE
934,934,0.6565656565656566,2025-01-01 17:44:25.860960,2025-01-01 17:44:45.284125,0 days 00:00:19.423165,6,95,80.0,20.0,75.0,65.0,30.0,,,,,3,2.0,2.0,6.0,5.0,2.0,,,,,COMPLETE
935,935,0.6347402597402598,2025-01-01 17:44:45.284942,2025-01-01 17:44:53.559349,0 days 00:00:08.274407,2,100,85.0,,,,,,,,,3,3.0,,,,,,,,,COMPLETE
936,936,0.5952380952380952,2025-01-01 17:44:53.560053,2025-01-01 17:44:58.388743,0 days 00:00:04.828690,1,85,,,,,,,,,,3,,,,,,,,,,COMPLETE
937,937,0.6594202898550725,2025-01-01 17:44:58.389637,2025-01-01 17:45:06.204129,0 days 00:00:07.814492,2,80,90.0,,,,,,,,,3,3.0,,,,,,,,,COMPLETE
938,938,0.6565656565656566,2025-01-01 17:45:06.204878,2025-01-01 17:45:26.985402,0 days 00:00:20.780524,6,90,95.0,35.0,5.0,40.0,75.0,,,,,3,2.0,2.0,6.0,5.0,3.0,,,,,COMPLETE
939,939,0.6728813559322033,2025-01-01 17:45:26.986464,2025-01-01 17:45:35.334145,0 days 00:00:08.347681,2,90,40.0,,,,,,,,,3,3.0,,,,,,,,,COMPLETE
940,940,0.45307125307125307,2025-01-01 17:45:35.334879,2025-01-01 17:45:42.957835,0 days 00:00:07.622956,1,95,,,,,,,,,,5,,,,,,,,,,COMPLETE
941,941,0.5245969408846631,2025-01-01 17:45:42.958662,2025-01-01 17:46:14.005591,0 days 00:00:31.046929,9,85,75.0,25.0,50.0,80.0,5.0,80.0,60.0,50.0,,2,3.0,2.0,6.0,4.0,2.0,4.0,3.0,4.0,,COMPLETE
942,942,0.6190900981266726,2025-01-01 17:46:14.006521,2025-01-01 17:46:20.761288,0 days 00:00:06.754767,2,90,80.0,,,,,,,,,3,2.0,,,,,,,,,COMPLETE
943,943,0.5166036149642708,2025-01-01 17:46:20.762020,2025-01-01 17:46:52.068519,0 days 00:00:31.306499,7,95,85.0,5.0,65.0,70.0,90.0,30.0,,,,3,3.0,4.0,6.0,4.0,3.0,5.0,,,,COMPLETE
944,944,0.6963835155592935,2025-01-01 17:46:52.069428,2025-01-01 17:46:59.791997,0 days 00:00:07.722569,2,95,25.0,,,,,,,,,3,3.0,,,,,,,,,COMPLETE
945,945,0.6918238993710691,2025-01-01 17:46:59.793373,2025-01-01 17:47:06.605169,0 days 00:00:06.811796,2,100,55.0,,,,,,,,,3,2.0,,,,,,,,,COMPLETE
946,946,0.684577522559475,2025-01-01 17:47:06.605868,2025-01-01 17:47:14.436086,0 days 00:00:07.830218,2,60,90.0,,,,,,,,,3,3.0,,,,,,,,,COMPLETE
947,947,0.603363412633306,2025-01-01 17:47:14.436832,2025-01-01 17:47:34.469012,0 days 00:00:20.032180,5,80,70.0,15.0,10.0,55.0,,,,,,3,3.0,2.0,6.0,4.0,,,,,,COMPLETE
948,948,0.47456914670029426,2025-01-01 17:47:34.469964,2025-01-01 17:47:59.793893,0 days 00:00:25.323929,6,15,40.0,10.0,70.0,65.0,30.0,,,,,3,2.0,5.0,5.0,4.0,3.0,,,,,COMPLETE
949,949,0.7273469387755103,2025-01-01 17:47:59.794919,2025-01-01 17:48:07.559259,0 days 00:00:07.764340,2,90,55.0,,,,,,,,,3,3.0,,,,,,,,,COMPLETE
950,950,0.4664750957854406,2025-01-01 17:48:07.559994,2025-01-01 17:48:13.977257,0 days 00:00:06.417263,1,90,,,,,,,,,,4,,,,,,,,,,COMPLETE
951,951,0.603363412633306,2025-01-01 17:48:13.977982,2025-01-01 17:48:36.706456,0 days 00:00:22.728474,6,95,35.0,5.0,100.0,50.0,10.0,,,,,3,3.0,2.0,6.0,5.0,2.0,,,,,COMPLETE
952,952,0.6598639455782312,2025-01-01 17:48:36.707538,2025-01-01 17:48:41.478753,0 days 00:00:04.771215,1,85,,,,,,,,,,3,,,,,,,,,,COMPLETE
953,953,0.6247954173486088,2025-01-01 17:48:41.479437,2025-01-01 17:48:48.734452,0 days 00:00:07.255015,2,90,85.0,,,,,,,,,3,2.0,,,,,,,,,COMPLETE
954,954,0.6753246753246753,2025-01-01 17:48:48.735331,2025-01-01 17:48:56.497474,0 days 00:00:07.762143,2,100,80.0,,,,,,,,,3,3.0,,,,,,,,,COMPLETE
955,955,0.6666666666666667,2025-01-01 17:48:56.498231,2025-01-01 17:49:04.418477,0 days 00:00:07.920246,2,95,80.0,,,,,,,,,3,3.0,,,,,,,,,COMPLETE
956,956,0.5571658615136876,2025-01-01 17:49:04.419238,2025-01-01 17:49:23.561194,0 days 00:00:19.141956,8,90,100.0,15.0,5.0,60.0,85.0,65.0,50.0,,,3,3.0,2.0,6.0,4.0,3.0,5.0,3.0,,,COMPLETE
957,957,0.5494367959949937,2025-01-01 17:49:23.562120,2025-01-01 17:49:30.821053,0 days 00:00:07.258933,2,85,65.0,,,,,,,,,3,2.0,,,,,,,,,COMPLETE
958,958,0.5308037535699714,2025-01-01 17:49:30.821802,2025-01-01 17:50:06.963126,0 days 00:00:36.141324,9,95,90.0,10.0,35.0,40.0,45.0,25.0,80.0,15.0,,3,3.0,2.0,6.0,5.0,6.0,4.0,4.0,5.0,,COMPLETE
959,959,0.468613775065388,2025-01-01 17:50:06.964115,2025-01-01 17:50:34.327845,0 days 00:00:27.363730,6,90,85.0,20.0,75.0,45.0,70.0,,,,,3,3.0,4.0,5.0,6.0,2.0,,,,,COMPLETE
960,960,0.7004255319148935,2025-01-01 17:50:34.329838,2025-01-01 17:50:38.201948,0 days 00:00:03.872110,1,85,,,,,,,,,,2,,,,,,,,,,COMPLETE
961,961,0.6753246753246753,2025-01-01 17:50:38.202998,2025-01-01 17:50:45.863765,0 days 00:00:07.660767,2,80,70.0,,,,,,,,,3,3.0,,,,,,,,,COMPLETE
962,962,0.533427495291902,2025-01-01 17:50:45.864479,2025-01-01 17:50:52.652420,0 days 00:00:06.787941,2,60,55.0,,,,,,,,,3,2.0,,,,,,,,,COMPLETE
963,963,0.6643356643356644,2025-01-01 17:50:52.653191,2025-01-01 17:51:00.348138,0 days 00:00:07.694947,2,95,45.0,,,,,,,,,3,3.0,,,,,,,,,COMPLETE
964,964,0.67003367003367,2025-01-01 17:51:00.348905,2025-01-01 17:51:05.141379,0 days 00:00:04.792474,1,100,,,,,,,,,,3,,,,,,,,,,COMPLETE
965,965,0.5551992670636738,2025-01-01 17:51:05.142085,2025-01-01 17:51:14.871572,0 days 00:00:09.729487,3,90,50.0,40.0,,,,,,,,3,3.0,2.0,,,,,,,,COMPLETE
966,966,0.6989160979526294,2025-01-01 17:51:14.872769,2025-01-01 17:51:37.080752,0 days 00:00:22.207983,6,85,75.0,70.0,50.0,75.0,40.0,,,,,3,2.0,2.0,6.0,4.0,3.0,,,,,COMPLETE
967,967,0.5169082125603865,2025-01-01 17:51:37.081646,2025-01-01 17:52:06.316445,0 days 00:00:29.234799,7,95,95.0,10.0,45.0,70.0,50.0,40.0,,,,6,2.0,2.0,5.0,5.0,2.0,5.0,,,,COMPLETE
968,968,0.5126156433978133,2025-01-01 17:52:06.317645,2025-01-01 17:52:15.165302,0 days 00:00:08.847657,2,85,85.0,,,,,,,,,4,3.0,,,,,,,,,COMPLETE
969,969,0.6131202691337259,2025-01-01 17:52:15.166180,2025-01-01 17:52:35.980767,0 days 00:00:20.814587,5,90,45.0,5.0,40.0,35.0,,,,,,3,3.0,4.0,6.0,4.0,,,,,,COMPLETE
970,970,0.684577522559475,2025-01-01 17:52:35.981643,2025-01-01 17:52:43.705741,0 days 00:00:07.724098,2,90,55.0,,,,,,,,,3,3.0,,,,,,,,,COMPLETE
971,971,0.586048454469507,2025-01-01 17:52:43.706480,2025-01-01 17:52:50.425165,0 days 00:00:06.718685,2,95,65.0,,,,,,,,,3,2.0,,,,,,,,,COMPLETE
972,972,0.4888888888888889,2025-01-01 17:52:50.425913,2025-01-01 17:53:00.205036,0 days 00:00:09.779123,3,60,55.0,5.0,,,,,,,,3,3.0,2.0,,,,,,,,COMPLETE
973,973,0.717948717948718,2025-01-01 17:53:00.205821,2025-01-01 17:53:05.023129,0 days 00:00:04.817308,1,100,,,,,,,,,,3,,,,,,,,,,COMPLETE
974,974,0.6439704675963904,2025-01-01 17:53:05.023827,2025-01-01 17:53:14.738852,0 days 00:00:09.715025,3,95,75.0,70.0,,,,,,,,3,3.0,2.0,,,,,,,,COMPLETE
975,975,0.5755517826825127,2025-01-01 17:53:14.740040,2025-01-01 17:53:35.613435,0 days 00:00:20.873395,6,90,80.0,65.0,10.0,60.0,35.0,,,,,3,2.0,2.0,6.0,4.0,3.0,,,,,COMPLETE
976,976,0.6696016771488469,2025-01-01 17:53:35.614500,2025-01-01 17:53:43.361868,0 days 00:00:07.747368,2,85,70.0,,,,,,,,,3,3.0,,,,,,,,,COMPLETE
977,977,0.47117794486215536,2025-01-01 17:53:43.362608,2025-01-01 17:54:05.115767,0 days 00:00:21.753159,10,95,85.0,5.0,90.0,80.0,10.0,35.0,25.0,35.0,30.0,3,3.0,5.0,5.0,5.0,5.0,5.0,3.0,3.0,6.0,COMPLETE
978,978,0.43464495703301675,2025-01-01 17:54:05.117015,2025-01-01 17:54:10.944779,0 days 00:00:05.827764,2,90,60.0,,,,,,,,,2,2.0,,,,,,,,,COMPLETE
979,979,0.6477801268498943,2025-01-01 17:54:10.945549,2025-01-01 17:54:18.702656,0 days 00:00:07.757107,2,55,95.0,,,,,,,,,3,3.0,,,,,,,,,COMPLETE
980,980,0.6124031007751938,2025-01-01 17:54:18.703359,2025-01-01 17:54:31.305975,0 days 00:00:12.602616,3,20,90.0,10.0,,,,,,,,3,3.0,4.0,,,,,,,,COMPLETE
981,981,0.6790281329923273,2025-01-01 17:54:31.306733,2025-01-01 17:54:36.439968,0 days 00:00:05.133235,1,80,,,,,,,,,,3,,,,,,,,,,COMPLETE
982,982,0.6989160979526294,2025-01-01 17:54:36.440663,2025-01-01 17:54:44.198654,0 days 00:00:07.757991,2,90,50.0,,,,,,,,,3,3.0,,,,,,,,,COMPLETE
983,983,0.6124031007751938,2025-01-01 17:54:44.199398,2025-01-01 17:55:05.250456,0 days 00:00:21.051058,6,95,100.0,70.0,65.0,55.0,50.0,,,,,3,2.0,2.0,6.0,5.0,2.0,,,,,COMPLETE
984,984,0.3545548654244306,2025-01-01 17:55:05.251317,2025-01-01 17:55:15.015083,0 days 00:00:09.763766,3,85,55.0,15.0,,,,,,,,3,3.0,2.0,,,,,,,,COMPLETE
985,985,0.7017543859649122,2025-01-01 17:55:15.016646,2025-01-01 17:55:23.343096,0 days 00:00:08.326450,2,90,90.0,,,,,,,,,3,3.0,,,,,,,,,COMPLETE
986,986,0.488135593220339,2025-01-01 17:55:23.343831,2025-01-01 17:55:55.511177,0 days 00:00:32.167346,7,100,60.0,70.0,60.0,45.0,30.0,70.0,,,,3,2.0,6.0,6.0,4.0,6.0,4.0,,,,COMPLETE
987,987,0.7063166529942575,2025-01-01 17:55:55.512258,2025-01-01 17:56:03.237771,0 days 00:00:07.725513,2,60,75.0,,,,,,,,,3,3.0,,,,,,,,,COMPLETE
988,988,0.6998799519807923,2025-01-01 17:56:03.238487,2025-01-01 17:56:14.889777,0 days 00:00:11.651290,3,90,85.0,65.0,,,,,,,,3,2.0,4.0,,,,,,,,COMPLETE
989,989,0.46374946374946374,2025-01-01 17:56:14.890542,2025-01-01 17:56:46.281112,0 days 00:00:31.390570,8,95,80.0,45.0,95.0,50.0,75.0,25.0,55.0,,,4,3.0,2.0,5.0,6.0,3.0,5.0,4.0,,,COMPLETE
990,990,0.7159090909090908,2025-01-01 17:56:46.282267,2025-01-01 17:56:54.087368,0 days 00:00:07.805101,2,95,50.0,,,,,,,,,3,3.0,,,,,,,,,COMPLETE
991,991,0.6959517657192076,2025-01-01 17:56:54.088125,2025-01-01 17:56:59.206254,0 days 00:00:05.118129,1,85,,,,,,,,,,3,,,,,,,,,,COMPLETE
992,992,0.6594684385382059,2025-01-01 17:56:59.206957,2025-01-01 17:57:06.001334,0 days 00:00:06.794377,2,90,65.0,,,,,,,,,3,2.0,,,,,,,,,COMPLETE
993,993,0.548440065681445,2025-01-01 17:57:06.002172,2025-01-01 17:57:38.731824,0 days 00:00:32.729652,9,100,55.0,5.0,70.0,30.0,65.0,75.0,75.0,40.0,,3,3.0,2.0,6.0,5.0,2.0,5.0,3.0,4.0,,COMPLETE
994,994,0.7083333333333333,2025-01-01 17:57:38.732771,2025-01-01 17:57:58.798595,0 days 00:00:20.065824,10,85,60.0,70.0,55.0,55.0,40.0,60.0,55.0,50.0,50.0,3,3.0,2.0,6.0,4.0,3.0,4.0,4.0,6.0,6.0,COMPLETE
995,995,0.6458333333333333,2025-01-01 17:57:58.799593,2025-01-01 17:58:09.953222,0 days 00:00:11.153629,3,95,80.0,25.0,,,,,,,,5,2.0,2.0,,,,,,,,COMPLETE
996,996,0.6063424947145877,2025-01-01 17:58:09.954012,2025-01-01 17:58:28.704617,0 days 00:00:18.750605,5,90,30.0,65.0,5.0,35.0,,,,,,3,3.0,2.0,6.0,4.0,,,,,,COMPLETE
997,997,0.7069387755102041,2025-01-01 17:58:28.705762,2025-01-01 17:58:36.537613,0 days 00:00:07.831851,2,95,90.0,,,,,,,,,3,3.0,,,,,,,,,COMPLETE
998,998,0.46374946374946374,2025-01-01 17:58:36.538389,2025-01-01 17:59:03.828208,0 days 00:00:27.289819,6,85,85.0,10.0,15.0,65.0,80.0,,,,,2,3.0,4.0,5.0,4.0,5.0,,,,,COMPLETE
999,999,0.5892271662763466,2025-01-01 17:59:03.829200,2025-01-01 17:59:08.903772,0 days 00:00:05.074572,1,5,,,,,,,,,,3,,,,,,,,,,COMPLETE
