,number,value,datetime_start,datetime_complete,duration,params_depth,params_neurons_layer_0,params_neurons_layer_1,params_neurons_layer_2,params_neurons_layer_3,params_neurons_layer_4,params_neurons_layer_5,params_neurons_layer_6,params_neurons_layer_7,params_neurons_layer_8,params_neurons_layer_9,params_orders_layer_0,params_orders_layer_1,params_orders_layer_2,params_orders_layer_3,params_orders_layer_4,params_orders_layer_5,params_orders_layer_6,params_orders_layer_7,params_orders_layer_8,params_orders_layer_9,state
950,950,0.8179135902029622,2025-01-01 02:28:13.641307,2025-01-01 02:28:31.461185,0 days 00:00:17.819878,3,15,5.0,40.0,,,,,,,,2,3.0,2.0,,,,,,,,COMPLETE
951,951,0.8788783706899951,2025-01-01 02:28:31.461885,2025-01-01 02:28:48.967841,0 days 00:00:17.505956,3,15,5.0,35.0,,,,,,,,2,3.0,2.0,,,,,,,,COMPLETE
952,952,0.8111683676584607,2025-01-01 02:28:48.968506,2025-01-01 02:29:06.673752,0 days 00:00:17.705246,3,20,5.0,35.0,,,,,,,,2,3.0,2.0,,,,,,,,COMPLETE
953,953,0.8522879783691351,2025-01-01 02:29:06.674650,2025-01-01 02:29:24.416155,0 days 00:00:17.741505,3,15,5.0,40.0,,,,,,,,2,3.0,2.0,,,,,,,,COMPLETE
954,954,0.8433206507450904,2025-01-01 02:29:24.416943,2025-01-01 02:29:41.887576,0 days 00:00:17.470633,3,20,5.0,30.0,,,,,,,,2,3.0,2.0,,,,,,,,COMPLETE
955,955,0.8395028978351798,2025-01-01 02:29:41.888250,2025-01-01 02:30:00.556616,0 days 00:00:18.668366,3,15,5.0,65.0,,,,,,,,2,3.0,2.0,,,,,,,,COMPLETE
956,956,0.8767026001107638,2025-01-01 02:30:00.557308,2025-01-01 02:30:17.864789,0 days 00:00:17.307481,3,20,5.0,30.0,,,,,,,,2,3.0,2.0,,,,,,,,COMPLETE
957,957,0.6977850039940685,2025-01-01 02:30:17.865705,2025-01-01 02:30:35.419138,0 days 00:00:17.553433,3,15,5.0,35.0,,,,,,,,2,3.0,2.0,,,,,,,,COMPLETE
958,958,0.86417334852046,2025-01-01 02:30:35.419913,2025-01-01 02:30:56.558457,0 days 00:00:21.138544,3,75,5.0,15.0,,,,,,,,2,3.0,2.0,,,,,,,,COMPLETE
959,959,0.8789680082559339,2025-01-01 02:30:56.559140,2025-01-01 02:31:10.270732,0 days 00:00:13.711592,2,15,5.0,,,,,,,,,2,3.0,,,,,,,,,COMPLETE
960,960,0.8344710795061286,2025-01-01 02:31:10.271382,2025-01-01 02:31:27.576350,0 days 00:00:17.304968,3,20,5.0,25.0,,,,,,,,2,3.0,2.0,,,,,,,,COMPLETE
961,961,0.8687698476354362,2025-01-01 02:31:27.577016,2025-01-01 02:31:45.162035,0 days 00:00:17.585019,3,15,5.0,35.0,,,,,,,,2,3.0,2.0,,,,,,,,COMPLETE
962,962,0.8241084978946533,2025-01-01 02:31:45.162955,2025-01-01 02:32:02.548138,0 days 00:00:17.385183,3,15,5.0,30.0,,,,,,,,2,3.0,2.0,,,,,,,,COMPLETE
963,963,0.8457287618832685,2025-01-01 02:32:02.548912,2025-01-01 02:32:22.186859,0 days 00:00:19.637947,3,15,5.0,80.0,,,,,,,,2,3.0,2.0,,,,,,,,COMPLETE
964,964,0.8649692587308944,2025-01-01 02:32:22.187536,2025-01-01 02:32:40.647708,0 days 00:00:18.460172,3,20,5.0,15.0,,,,,,,,3,3.0,2.0,,,,,,,,COMPLETE
965,965,0.7952135053345878,2025-01-01 02:32:40.648387,2025-01-01 02:33:01.515482,0 days 00:00:20.867095,3,20,5.0,85.0,,,,,,,,2,3.0,2.0,,,,,,,,COMPLETE
966,966,0.8706798153644868,2025-01-01 02:33:01.516149,2025-01-01 02:33:18.666761,0 days 00:00:17.150612,3,15,10.0,20.0,,,,,,,,2,3.0,2.0,,,,,,,,COMPLETE
967,967,0.8625842696629213,2025-01-01 02:33:18.667687,2025-01-01 02:33:32.470114,0 days 00:00:13.802427,2,20,10.0,,,,,,,,,2,3.0,,,,,,,,,COMPLETE
968,968,0.8863113828824236,2025-01-01 02:33:32.470895,2025-01-01 02:33:49.830397,0 days 00:00:17.359502,3,25,5.0,30.0,,,,,,,,2,3.0,2.0,,,,,,,,COMPLETE
969,969,0.8411803044774826,2025-01-01 02:33:49.831079,2025-01-01 02:34:06.890943,0 days 00:00:17.059864,3,15,5.0,25.0,,,,,,,,2,3.0,2.0,,,,,,,,COMPLETE
970,970,0.854761095874246,2025-01-01 02:34:06.891602,2025-01-01 02:35:13.413810,0 days 00:01:06.522208,6,15,100.0,20.0,35.0,45.0,65.0,,,,,2,3.0,2.0,5.0,4.0,5.0,,,,,COMPLETE
971,971,0.8179595713871315,2025-01-01 02:35:13.415007,2025-01-01 02:35:34.640847,0 days 00:00:21.225840,3,20,5.0,90.0,,,,,,,,2,3.0,2.0,,,,,,,,COMPLETE
972,972,0.8431931801786587,2025-01-01 02:35:34.641524,2025-01-01 02:35:48.285708,0 days 00:00:13.644184,2,15,5.0,,,,,,,,,2,3.0,,,,,,,,,COMPLETE
973,973,0.8413002791566511,2025-01-01 02:35:48.286603,2025-01-01 02:36:09.138684,0 days 00:00:20.852081,3,25,10.0,10.0,,,,,,,,2,3.0,4.0,,,,,,,,COMPLETE
974,974,0.8517437832880286,2025-01-01 02:36:09.139481,2025-01-01 02:36:31.720563,0 days 00:00:22.581082,3,10,5.0,25.0,,,,,,,,2,3.0,5.0,,,,,,,,COMPLETE
975,975,0.8691186354151539,2025-01-01 02:36:31.721263,2025-01-01 02:36:50.488079,0 days 00:00:18.766816,3,20,10.0,30.0,,,,,,,,2,3.0,3.0,,,,,,,,COMPLETE
976,976,0.8775486027313754,2025-01-01 02:36:50.488748,2025-01-01 02:37:15.091842,0 days 00:00:24.603094,3,15,5.0,85.0,,,,,,,,2,3.0,3.0,,,,,,,,COMPLETE
977,977,0.8839258932542515,2025-01-01 02:37:15.092761,2025-01-01 02:37:36.105507,0 days 00:00:21.012746,3,20,5.0,90.0,,,,,,,,2,3.0,2.0,,,,,,,,COMPLETE
978,978,0.8559110017493514,2025-01-01 02:37:36.106320,2025-01-01 02:37:56.108089,0 days 00:00:20.001769,3,15,5.0,70.0,,,,,,,,2,5.0,3.0,,,,,,,,COMPLETE
979,979,0.8604851622155744,2025-01-01 02:37:56.108783,2025-01-01 02:38:14.835942,0 days 00:00:18.727159,3,10,10.0,25.0,,,,,,,,2,3.0,3.0,,,,,,,,COMPLETE
980,980,0.8669961616756552,2025-01-01 02:38:14.836621,2025-01-01 02:38:32.102236,0 days 00:00:17.265615,3,15,5.0,20.0,,,,,,,,2,2.0,3.0,,,,,,,,COMPLETE
981,981,0.850564236977313,2025-01-01 02:38:32.102912,2025-01-01 02:39:05.662507,0 days 00:00:33.559595,5,20,10.0,65.0,30.0,15.0,,,,,,2,3.0,3.0,4.0,2.0,,,,,,COMPLETE
982,982,0.84984666097856,2025-01-01 02:39:05.663621,2025-01-01 02:39:32.654871,0 days 00:00:26.991250,3,10,60.0,80.0,,,,,,,,2,3.0,2.0,,,,,,,,COMPLETE
983,983,0.8875201871813896,2025-01-01 02:39:32.655558,2025-01-01 02:39:52.322204,0 days 00:00:19.666646,3,15,5.0,35.0,,,,,,,,2,3.0,3.0,,,,,,,,COMPLETE
984,984,0.8732797140303843,2025-01-01 02:39:52.322881,2025-01-01 02:40:16.197453,0 days 00:00:23.874572,3,15,10.0,75.0,,,,,,,,2,3.0,3.0,,,,,,,,COMPLETE
985,985,0.8472496295090675,2025-01-01 02:40:16.198483,2025-01-01 02:40:29.332059,0 days 00:00:13.133576,2,10,5.0,,,,,,,,,3,2.0,,,,,,,,,COMPLETE
986,986,0.8793796193078008,2025-01-01 02:40:29.332727,2025-01-01 02:40:48.148907,0 days 00:00:18.816180,3,15,5.0,15.0,,,,,,,,2,3.0,3.0,,,,,,,,COMPLETE
987,987,0.8627949183303085,2025-01-01 02:40:48.149581,2025-01-01 02:41:10.569350,0 days 00:00:22.419769,3,20,10.0,25.0,,,,,,,,2,5.0,3.0,,,,,,,,COMPLETE
988,988,0.8773473304345742,2025-01-01 02:41:10.570041,2025-01-01 02:41:33.112003,0 days 00:00:22.541962,3,25,10.0,95.0,,,,,,,,2,3.0,2.0,,,,,,,,COMPLETE
989,989,0.836001758007234,2025-01-01 02:41:33.113053,2025-01-01 02:41:52.793695,0 days 00:00:19.680642,3,15,5.0,40.0,,,,,,,,2,3.0,3.0,,,,,,,,COMPLETE
990,990,0.8312491654645708,2025-01-01 02:41:52.794394,2025-01-01 02:42:13.410655,0 days 00:00:20.616261,3,10,5.0,30.0,,,,,,,,5,3.0,3.0,,,,,,,,COMPLETE
991,991,0.8607299808067962,2025-01-01 02:42:13.411379,2025-01-01 02:42:42.495466,0 days 00:00:29.084087,4,20,10.0,25.0,50.0,,,,,,,2,3.0,3.0,4.0,,,,,,,COMPLETE
992,992,0.8476107236539867,2025-01-01 02:42:42.496179,2025-01-01 02:43:06.944387,0 days 00:00:24.448208,3,15,5.0,85.0,,,,,,,,2,3.0,3.0,,,,,,,,COMPLETE
993,993,0.8512866456039216,2025-01-01 02:43:06.945431,2025-01-01 02:43:20.582876,0 days 00:00:13.637445,2,15,5.0,,,,,,,,,2,3.0,,,,,,,,,COMPLETE
994,994,0.8888306838158844,2025-01-01 02:43:20.583547,2025-01-01 02:43:37.642901,0 days 00:00:17.059354,3,10,5.0,20.0,,,,,,,,2,3.0,2.0,,,,,,,,COMPLETE
995,995,0.8472450052853316,2025-01-01 02:43:37.643576,2025-01-01 02:43:57.998351,0 days 00:00:20.354775,3,20,5.0,20.0,,,,,,,,2,5.0,3.0,,,,,,,,COMPLETE
996,996,0.8732792449217096,2025-01-01 02:43:57.999047,2025-01-01 02:44:11.582349,0 days 00:00:13.583302,3,10,5.0,20.0,,,,,,,,2,5.0,2.0,,,,,,,,COMPLETE
997,997,0.8433003242633702,2025-01-01 02:44:11.583280,2025-01-01 02:44:30.908367,0 days 00:00:19.325087,3,15,5.0,20.0,,,,,,,,2,5.0,3.0,,,,,,,,COMPLETE
998,998,0.878768709041485,2025-01-01 02:44:30.909160,2025-01-01 02:44:47.751229,0 days 00:00:16.842069,3,20,5.0,20.0,,,,,,,,2,3.0,6.0,,,,,,,,COMPLETE
999,999,0.8778737139834654,2025-01-01 02:44:47.751975,2025-01-01 02:45:06.810276,0 days 00:00:19.058301,3,25,5.0,15.0,,,,,,,,2,3.0,3.0,,,,,,,,COMPLETE
