,number,value,datetime_start,datetime_complete,duration,params_depth,params_neurons_layer_0,params_neurons_layer_1,params_neurons_layer_2,params_neurons_layer_3,params_neurons_layer_4,params_neurons_layer_5,params_neurons_layer_6,params_neurons_layer_7,params_neurons_layer_8,params_neurons_layer_9,params_orders_layer_0,params_orders_layer_1,params_orders_layer_2,params_orders_layer_3,params_orders_layer_4,params_orders_layer_5,params_orders_layer_6,params_orders_layer_7,params_orders_layer_8,params_orders_layer_9,state
232,232,0.6,2025-01-01 15:10:45.878601,2025-01-01 15:11:20.143791,0 days 00:00:34.265190,10,55,100.0,85.0,100.0,85.0,70.0,40.0,95.0,65.0,10.0,3,2.0,2.0,6.0,5.0,6.0,6.0,2.0,2.0,2.0,COMPLETE
233,233,0.6347402597402598,2025-01-01 15:11:20.144607,2025-01-01 15:11:42.984856,0 days 00:00:22.840249,6,55,75.0,100.0,90.0,50.0,25.0,,,,,3,2.0,2.0,6.0,5.0,3.0,,,,,COMPLETE
234,234,0.5222222222222223,2025-01-01 15:11:42.985518,2025-01-01 15:11:53.185543,0 days 00:00:10.200025,3,60,95.0,90.0,,,,,,,,2,2.0,4.0,,,,,,,,COMPLETE
235,235,0.5993589743589745,2025-01-01 15:11:53.186069,2025-01-01 15:12:20.137117,0 days 00:00:26.951048,7,95,90.0,95.0,80.0,100.0,15.0,20.0,,,,3,2.0,2.0,6.0,4.0,3.0,6.0,,,,COMPLETE
236,236,0.789872408293461,2025-01-01 15:12:20.137858,2025-01-01 15:13:00.921279,0 days 00:00:40.783421,10,60,80.0,50.0,50.0,90.0,75.0,45.0,5.0,60.0,5.0,3,2.0,3.0,6.0,4.0,3.0,6.0,2.0,2.0,5.0,COMPLETE
237,237,0.6,2025-01-01 15:13:00.922191,2025-01-01 15:13:38.864732,0 days 00:00:37.942541,10,60,80.0,50.0,50.0,90.0,30.0,45.0,5.0,60.0,5.0,3,2.0,3.0,6.0,4.0,3.0,6.0,2.0,2.0,5.0,COMPLETE
238,238,0.5629629629629629,2025-01-01 15:13:38.865618,2025-01-01 15:14:00.503356,0 days 00:00:21.637738,10,85,75.0,60.0,45.0,60.0,75.0,50.0,5.0,55.0,10.0,3,3.0,3.0,6.0,4.0,3.0,6.0,2.0,2.0,5.0,COMPLETE
239,239,0.6565656565656566,2025-01-01 15:14:00.504359,2025-01-01 15:14:37.746223,0 days 00:00:37.241864,10,55,85.0,65.0,50.0,90.0,10.0,55.0,5.0,70.0,5.0,3,2.0,3.0,6.0,4.0,3.0,6.0,2.0,2.0,5.0,COMPLETE
240,240,0.512987012987013,2025-01-01 15:14:37.747026,2025-01-01 15:14:59.106640,0 days 00:00:21.359614,10,60,80.0,50.0,85.0,85.0,15.0,45.0,10.0,75.0,5.0,3,2.0,3.0,6.0,4.0,2.0,6.0,2.0,2.0,2.0,COMPLETE
241,241,0.49007936507936506,2025-01-01 15:14:59.107423,2025-01-01 15:15:26.757508,0 days 00:00:27.650085,10,60,85.0,45.0,55.0,95.0,75.0,40.0,100.0,60.0,15.0,4,2.0,5.0,6.0,4.0,4.0,6.0,2.0,2.0,2.0,COMPLETE
242,242,0.5495495495495495,2025-01-01 15:15:26.759338,2025-01-01 15:15:43.540645,0 days 00:00:16.781307,10,55,100.0,70.0,50.0,90.0,80.0,50.0,40.0,95.0,20.0,3,2.0,3.0,6.0,4.0,4.0,4.0,3.0,2.0,4.0,COMPLETE
243,243,0.5416666666666666,2025-01-01 15:15:43.541431,2025-01-01 15:16:19.941384,0 days 00:00:36.399953,10,60,40.0,20.0,75.0,85.0,75.0,40.0,95.0,75.0,80.0,3,2.0,2.0,6.0,4.0,3.0,6.0,2.0,2.0,3.0,COMPLETE
244,244,0.5535714285714286,2025-01-01 15:16:19.942238,2025-01-01 15:16:47.727982,0 days 00:00:27.785744,8,65,65.0,55.0,45.0,45.0,20.0,45.0,90.0,,,3,2.0,2.0,6.0,4.0,2.0,6.0,2.0,,,COMPLETE
245,245,0.5941558441558441,2025-01-01 15:16:47.728813,2025-01-01 15:17:15.346005,0 days 00:00:27.617192,10,55,80.0,100.0,80.0,95.0,70.0,55.0,100.0,65.0,5.0,3,2.0,2.0,4.0,5.0,3.0,6.0,2.0,6.0,2.0,COMPLETE
246,246,0.7596153846153846,2025-01-01 15:17:15.347028,2025-01-01 15:17:35.828510,0 days 00:00:20.481482,6,60,35.0,5.0,25.0,55.0,25.0,,,,,3,2.0,2.0,6.0,4.0,2.0,,,,,COMPLETE
247,247,0.5629629629629629,2025-01-01 15:17:35.829237,2025-01-01 15:17:55.954787,0 days 00:00:20.125550,6,60,35.0,80.0,20.0,55.0,25.0,,,,,3,2.0,2.0,6.0,4.0,2.0,,,,,COMPLETE
248,248,0.6477801268498943,2025-01-01 15:17:55.955540,2025-01-01 15:18:16.354773,0 days 00:00:20.399233,6,85,40.0,5.0,30.0,40.0,25.0,,,,,3,2.0,2.0,6.0,4.0,2.0,,,,,COMPLETE
249,249,0.6521226415094339,2025-01-01 15:18:16.355630,2025-01-01 15:18:37.006421,0 days 00:00:20.650791,6,55,40.0,5.0,15.0,75.0,20.0,,,,,3,2.0,2.0,6.0,4.0,2.0,,,,,COMPLETE
250,250,0.6186270574066639,2025-01-01 15:18:37.007223,2025-01-01 15:19:12.223501,0 days 00:00:35.216278,10,60,35.0,85.0,95.0,35.0,25.0,5.0,95.0,90.0,10.0,3,3.0,2.0,6.0,4.0,2.0,6.0,5.0,2.0,4.0,COMPLETE
251,251,0.6565656565656566,2025-01-01 15:19:12.224367,2025-01-01 15:19:25.690243,0 days 00:00:13.465876,6,50,35.0,35.0,100.0,90.0,30.0,,,,,3,2.0,2.0,6.0,4.0,2.0,,,,,COMPLETE
252,252,0.570628768303187,2025-01-01 15:19:25.690968,2025-01-01 15:19:43.978400,0 days 00:00:18.287432,10,65,100.0,5.0,85.0,90.0,20.0,50.0,100.0,70.0,10.0,3,2.0,2.0,6.0,4.0,3.0,6.0,2.0,2.0,2.0,COMPLETE
253,253,0.6565656565656566,2025-01-01 15:19:43.979291,2025-01-01 15:20:02.456732,0 days 00:00:18.477441,5,55,70.0,10.0,80.0,100.0,,,,,,3,2.0,2.0,6.0,4.0,,,,,,COMPLETE
254,254,0.5894909688013137,2025-01-01 15:20:02.457376,2025-01-01 15:20:42.872041,0 days 00:00:40.414665,10,90,95.0,75.0,85.0,95.0,15.0,55.0,20.0,85.0,75.0,3,2.0,3.0,6.0,4.0,2.0,3.0,5.0,2.0,6.0,COMPLETE
255,255,0.7596153846153846,2025-01-01 15:20:42.873023,2025-01-01 15:21:00.549107,0 days 00:00:17.676084,10,35,90.0,5.0,10.0,40.0,25.0,50.0,95.0,65.0,25.0,3,2.0,2.0,6.0,4.0,2.0,6.0,2.0,2.0,2.0,COMPLETE
256,256,0.47916666666666663,2025-01-01 15:21:00.550052,2025-01-01 15:21:18.202612,0 days 00:00:17.652560,10,25,90.0,30.0,5.0,85.0,25.0,55.0,95.0,65.0,25.0,3,2.0,2.0,6.0,4.0,3.0,6.0,2.0,2.0,2.0,COMPLETE
257,257,0.6486151302190988,2025-01-01 15:21:18.203369,2025-01-01 15:21:47.998253,0 days 00:00:29.794884,10,40,90.0,5.0,90.0,40.0,25.0,85.0,90.0,60.0,30.0,3,2.0,2.0,6.0,2.0,2.0,6.0,3.0,2.0,2.0,COMPLETE
258,258,0.4663382594417077,2025-01-01 15:21:47.999192,2025-01-01 15:22:09.353625,0 days 00:00:21.354433,10,20,85.0,5.0,30.0,40.0,30.0,100.0,95.0,65.0,90.0,4,2.0,2.0,6.0,4.0,2.0,6.0,5.0,2.0,5.0,COMPLETE
259,259,0.6753246753246753,2025-01-01 15:22:09.355146,2025-01-01 15:22:40.140657,0 days 00:00:30.785511,10,35,95.0,5.0,25.0,80.0,20.0,50.0,100.0,70.0,100.0,3,2.0,3.0,6.0,4.0,3.0,6.0,2.0,2.0,2.0,COMPLETE
260,260,0.6729559748427673,2025-01-01 15:22:40.141440,2025-01-01 15:22:56.967908,0 days 00:00:16.826468,10,35,90.0,5.0,10.0,90.0,20.0,50.0,100.0,70.0,90.0,3,2.0,3.0,6.0,4.0,2.0,2.0,5.0,2.0,2.0,COMPLETE
261,261,0.5361295681063123,2025-01-01 15:22:56.968767,2025-01-01 15:23:12.573797,0 days 00:00:15.605030,10,35,90.0,5.0,5.0,80.0,20.0,50.0,100.0,70.0,100.0,3,2.0,3.0,6.0,4.0,3.0,2.0,5.0,2.0,2.0,COMPLETE
262,262,0.6305418719211823,2025-01-01 15:23:12.574647,2025-01-01 15:23:30.232086,0 days 00:00:17.657439,10,35,90.0,5.0,10.0,80.0,20.0,50.0,100.0,70.0,90.0,3,2.0,3.0,6.0,4.0,2.0,2.0,5.0,2.0,2.0,COMPLETE
263,263,0.6198479391756703,2025-01-01 15:23:30.232984,2025-01-01 15:24:06.275877,0 days 00:00:36.042893,10,35,85.0,5.0,10.0,90.0,20.0,50.0,100.0,65.0,100.0,3,2.0,3.0,6.0,4.0,3.0,2.0,5.0,2.0,2.0,COMPLETE
264,264,0.6072757337742869,2025-01-01 15:24:06.276707,2025-01-01 15:24:33.102881,0 days 00:00:26.826174,9,30,85.0,10.0,20.0,85.0,25.0,55.0,100.0,70.0,,3,2.0,3.0,6.0,4.0,2.0,2.0,5.0,2.0,,COMPLETE
265,265,0.6376811594202898,2025-01-01 15:24:33.103837,2025-01-01 15:24:59.767183,0 days 00:00:26.663346,10,35,90.0,5.0,10.0,90.0,20.0,45.0,100.0,60.0,95.0,3,2.0,3.0,6.0,4.0,2.0,2.0,5.0,2.0,2.0,COMPLETE
266,266,0.666530612244898,2025-01-01 15:24:59.768072,2025-01-01 15:25:15.434971,0 days 00:00:15.666899,10,30,95.0,5.0,15.0,80.0,25.0,50.0,95.0,80.0,90.0,3,2.0,3.0,6.0,4.0,3.0,6.0,2.0,2.0,2.0,COMPLETE
267,267,0.5416666666666666,2025-01-01 15:25:15.435780,2025-01-01 15:25:47.817119,0 days 00:00:32.381339,10,40,90.0,40.0,25.0,65.0,20.0,50.0,100.0,35.0,95.0,2,2.0,3.0,6.0,4.0,2.0,6.0,2.0,2.0,2.0,COMPLETE
268,268,0.6376811594202898,2025-01-01 15:25:47.818094,2025-01-01 15:26:10.483328,0 days 00:00:22.665234,10,35,95.0,10.0,35.0,75.0,15.0,45.0,95.0,65.0,5.0,3,2.0,3.0,6.0,4.0,3.0,2.0,5.0,2.0,3.0,COMPLETE
269,269,0.4065934065934066,2025-01-01 15:26:10.484267,2025-01-01 15:26:37.929005,0 days 00:00:27.444738,10,25,90.0,5.0,20.0,90.0,20.0,50.0,90.0,70.0,10.0,3,2.0,3.0,6.0,4.0,2.0,6.0,2.0,2.0,2.0,COMPLETE
270,270,0.6747474747474748,2025-01-01 15:26:37.930019,2025-01-01 15:26:43.259116,0 days 00:00:05.329097,1,30,,,,,,,,,,3,,,,,,,,,,COMPLETE
271,271,0.6309216192937124,2025-01-01 15:26:43.259666,2025-01-01 15:26:50.236109,0 days 00:00:06.976443,2,30,30.0,,,,,,,,,3,2.0,,,,,,,,,COMPLETE
272,272,0.6613616268788682,2025-01-01 15:26:50.237018,2025-01-01 15:26:55.594741,0 days 00:00:05.357723,1,70,,,,,,,,,,3,,,,,,,,,,COMPLETE
273,273,0.5833333333333333,2025-01-01 15:26:55.595290,2025-01-01 15:27:01.761751,0 days 00:00:06.166461,1,25,,,,,,,,,,4,,,,,,,,,,COMPLETE
274,274,0.7073995771670191,2025-01-01 15:27:01.762325,2025-01-01 15:27:07.048829,0 days 00:00:05.286504,1,30,,,,,,,,,,3,,,,,,,,,,COMPLETE
275,275,0.6532027743778049,2025-01-01 15:27:07.049386,2025-01-01 15:27:12.180878,0 days 00:00:05.131492,1,30,,,,,,,,,,3,,,,,,,,,,COMPLETE
276,276,0.5903010033444815,2025-01-01 15:27:12.181431,2025-01-01 15:27:16.939420,0 days 00:00:04.757989,1,30,,,,,,,,,,3,,,,,,,,,,COMPLETE
277,277,0.6183554817275747,2025-01-01 15:27:16.939963,2025-01-01 15:27:21.680105,0 days 00:00:04.740142,1,30,,,,,,,,,,3,,,,,,,,,,COMPLETE
278,278,0.4583333333333333,2025-01-01 15:27:21.680625,2025-01-01 15:27:54.226565,0 days 00:00:32.545940,9,15,95.0,70.0,40.0,45.0,70.0,95.0,60.0,90.0,,3,2.0,4.0,2.0,4.0,3.0,6.0,2.0,5.0,,COMPLETE
279,279,0.7414634146341463,2025-01-01 15:27:54.227441,2025-01-01 15:27:59.142811,0 days 00:00:04.915370,1,40,,,,,,,,,,3,,,,,,,,,,COMPLETE
280,280,0.6222222222222222,2025-01-01 15:27:59.143440,2025-01-01 15:28:08.156497,0 days 00:00:09.013057,3,40,100.0,100.0,,,,,,,,3,2.0,2.0,,,,,,,,COMPLETE
281,281,0.6794871794871795,2025-01-01 15:28:08.157475,2025-01-01 15:28:30.572676,0 days 00:00:22.415201,10,40,75.0,35.0,95.0,85.0,25.0,60.0,85.0,50.0,5.0,3,2.0,4.0,4.0,5.0,3.0,5.0,2.0,2.0,4.0,COMPLETE
282,282,0.5941558441558441,2025-01-01 15:28:30.573527,2025-01-01 15:28:49.747085,0 days 00:00:19.173558,10,45,75.0,45.0,95.0,85.0,25.0,60.0,85.0,55.0,5.0,3,2.0,4.0,3.0,5.0,3.0,5.0,2.0,3.0,4.0,COMPLETE
283,283,0.5755517826825127,2025-01-01 15:28:49.748050,2025-01-01 15:29:08.266351,0 days 00:00:18.518301,10,40,80.0,30.0,95.0,95.0,10.0,90.0,90.0,50.0,10.0,3,2.0,4.0,4.0,5.0,3.0,5.0,2.0,2.0,4.0,COMPLETE
284,284,0.5993589743589745,2025-01-01 15:29:08.267306,2025-01-01 15:29:50.943049,0 days 00:00:42.675743,10,45,75.0,35.0,90.0,85.0,25.0,55.0,45.0,45.0,5.0,3,2.0,4.0,4.0,5.0,3.0,4.0,6.0,2.0,4.0,COMPLETE
285,285,0.5470338983050848,2025-01-01 15:29:50.944647,2025-01-01 15:30:08.086879,0 days 00:00:17.142232,10,65,70.0,35.0,100.0,45.0,75.0,60.0,85.0,85.0,10.0,3,2.0,4.0,3.0,5.0,2.0,3.0,4.0,2.0,4.0,COMPLETE
286,286,0.6439704675963904,2025-01-01 15:30:08.087714,2025-01-01 15:30:23.667973,0 days 00:00:15.580259,9,40,80.0,95.0,90.0,85.0,10.0,60.0,75.0,55.0,,3,2.0,4.0,4.0,5.0,5.0,5.0,2.0,2.0,,COMPLETE
287,287,0.5189542483660131,2025-01-01 15:30:23.668790,2025-01-01 15:30:39.853801,0 days 00:00:16.185011,4,60,75.0,95.0,95.0,,,,,,,3,2.0,4.0,6.0,,,,,,,COMPLETE
288,288,0.5416666666666666,2025-01-01 15:30:39.854614,2025-01-01 15:31:11.588793,0 days 00:00:31.734179,10,45,80.0,40.0,95.0,55.0,30.0,55.0,35.0,80.0,65.0,3,2.0,2.0,6.0,5.0,6.0,6.0,3.0,4.0,4.0,COMPLETE
289,289,0.6565656565656566,2025-01-01 15:31:11.589786,2025-01-01 15:31:31.184972,0 days 00:00:19.595186,5,65,85.0,100.0,100.0,95.0,,,,,,3,2.0,2.0,6.0,5.0,,,,,,COMPLETE
290,290,0.7181964573268921,2025-01-01 15:31:31.185645,2025-01-01 15:32:09.301839,0 days 00:00:38.116194,10,95,100.0,50.0,90.0,95.0,25.0,55.0,90.0,5.0,5.0,3,2.0,2.0,6.0,5.0,3.0,5.0,2.0,2.0,4.0,COMPLETE
291,291,0.522149302707137,2025-01-01 15:32:09.302747,2025-01-01 15:32:25.994800,0 days 00:00:16.692053,10,95,85.0,45.0,90.0,90.0,25.0,55.0,55.0,25.0,5.0,3,2.0,2.0,6.0,4.0,2.0,5.0,2.0,2.0,4.0,COMPLETE
292,292,0.5635162601626016,2025-01-01 15:32:25.995896,2025-01-01 15:33:04.641104,0 days 00:00:38.645208,10,95,75.0,50.0,90.0,95.0,30.0,60.0,95.0,5.0,5.0,2,2.0,4.0,6.0,6.0,3.0,5.0,3.0,2.0,3.0,COMPLETE
293,293,0.542148053059478,2025-01-01 15:33:04.641999,2025-01-01 15:33:39.667683,0 days 00:00:35.025684,10,95,100.0,50.0,85.0,85.0,25.0,55.0,90.0,40.0,10.0,3,2.0,2.0,6.0,4.0,2.0,5.0,2.0,2.0,4.0,COMPLETE
294,294,0.5438024231127679,2025-01-01 15:33:39.668644,2025-01-01 15:34:08.085759,0 days 00:00:28.417115,10,75,35.0,65.0,90.0,90.0,25.0,65.0,95.0,5.0,5.0,3,3.0,2.0,6.0,3.0,3.0,5.0,5.0,2.0,4.0,COMPLETE
295,295,0.6753246753246753,2025-01-01 15:34:08.086684,2025-01-01 15:34:20.369785,0 days 00:00:12.283101,9,100,85.0,50.0,85.0,100.0,30.0,55.0,90.0,95.0,,3,2.0,2.0,6.0,2.0,2.0,5.0,2.0,3.0,,COMPLETE
296,296,0.6460720130932898,2025-01-01 15:34:20.370526,2025-01-01 15:34:46.831532,0 days 00:00:26.461006,10,95,80.0,55.0,85.0,50.0,25.0,60.0,5.0,10.0,15.0,3,2.0,2.0,4.0,4.0,3.0,4.0,2.0,2.0,2.0,COMPLETE
297,297,0.52,2025-01-01 15:34:46.832319,2025-01-01 15:35:08.556183,0 days 00:00:21.723864,6,100,100.0,30.0,90.0,85.0,75.0,,,,,3,2.0,2.0,6.0,5.0,3.0,,,,,COMPLETE
298,298,0.6666666666666666,2025-01-01 15:35:08.557002,2025-01-01 15:35:46.394596,0 days 00:00:37.837594,10,90,70.0,100.0,85.0,95.0,25.0,80.0,95.0,20.0,20.0,3,2.0,4.0,6.0,4.0,2.0,3.0,2.0,6.0,3.0,COMPLETE
299,299,0.44821731748726656,2025-01-01 15:35:46.395571,2025-01-01 15:36:06.812238,0 days 00:00:20.416667,6,60,95.0,60.0,95.0,40.0,30.0,,,,,3,2.0,2.0,2.0,4.0,3.0,,,,,COMPLETE
300,300,0.512987012987013,2025-01-01 15:36:06.813001,2025-01-01 15:36:26.231105,0 days 00:00:19.418104,10,40,45.0,75.0,80.0,90.0,20.0,45.0,95.0,100.0,10.0,3,2.0,2.0,6.0,4.0,2.0,5.0,5.0,2.0,4.0,COMPLETE
301,301,0.5308037535699714,2025-01-01 15:36:26.231919,2025-01-01 15:36:59.948187,0 days 00:00:33.716268,10,60,100.0,25.0,95.0,90.0,65.0,35.0,85.0,60.0,15.0,3,2.0,2.0,6.0,5.0,2.0,6.0,2.0,2.0,2.0,COMPLETE
302,302,0.4896103896103896,2025-01-01 15:36:59.949104,2025-01-01 15:37:23.834759,0 days 00:00:23.885655,10,65,100.0,95.0,90.0,40.0,25.0,55.0,10.0,65.0,5.0,3,2.0,2.0,6.0,4.0,3.0,6.0,4.0,2.0,2.0,COMPLETE
303,303,0.4900040799673603,2025-01-01 15:37:23.835714,2025-01-01 15:38:04.421437,0 days 00:00:40.585723,10,90,35.0,100.0,85.0,85.0,100.0,30.0,30.0,75.0,10.0,3,6.0,2.0,6.0,4.0,2.0,6.0,5.0,4.0,4.0,COMPLETE
304,304,0.5941558441558441,2025-01-01 15:38:04.422368,2025-01-01 15:38:34.110283,0 days 00:00:29.687915,7,60,90.0,70.0,80.0,100.0,20.0,45.0,,,,3,3.0,4.0,6.0,4.0,3.0,6.0,,,,COMPLETE
305,305,0.5894909688013137,2025-01-01 15:38:34.111193,2025-01-01 15:39:07.499476,0 days 00:00:33.388283,10,60,85.0,55.0,85.0,95.0,25.0,25.0,90.0,75.0,40.0,3,2.0,2.0,6.0,5.0,2.0,6.0,2.0,2.0,3.0,COMPLETE
306,306,0.5032813781788351,2025-01-01 15:39:07.500384,2025-01-01 15:39:36.012660,0 days 00:00:28.512276,9,60,80.0,40.0,75.0,70.0,35.0,55.0,100.0,15.0,,3,2.0,2.0,6.0,4.0,3.0,5.0,2.0,2.0,,COMPLETE
307,307,0.5453061224489797,2025-01-01 15:39:36.013433,2025-01-01 15:40:08.423335,0 days 00:00:32.409902,10,95,95.0,45.0,35.0,100.0,15.0,75.0,80.0,90.0,5.0,3,2.0,2.0,6.0,4.0,2.0,3.0,2.0,5.0,2.0,COMPLETE
308,308,0.4773139745916515,2025-01-01 15:40:08.424347,2025-01-01 15:40:23.071717,0 days 00:00:14.647370,5,55,40.0,75.0,90.0,90.0,,,,,,2,2.0,2.0,3.0,4.0,,,,,,COMPLETE
309,309,0.512987012987013,2025-01-01 15:40:23.072337,2025-01-01 15:40:45.318771,0 days 00:00:22.246434,6,35,75.0,100.0,95.0,85.0,25.0,,,,,3,2.0,2.0,6.0,5.0,3.0,,,,,COMPLETE
310,310,0.7083333333333333,2025-01-01 15:40:45.319516,2025-01-01 15:40:50.237444,0 days 00:00:04.917928,1,90,,,,,,,,,,3,,,,,,,,,,COMPLETE
311,311,0.6726959517657192,2025-01-01 15:40:50.238046,2025-01-01 15:40:55.453785,0 days 00:00:05.215739,1,90,,,,,,,,,,3,,,,,,,,,,COMPLETE
312,312,0.6729559748427673,2025-01-01 15:40:55.454360,2025-01-01 15:41:00.345953,0 days 00:00:04.891593,1,70,,,,,,,,,,3,,,,,,,,,,COMPLETE
313,313,0.6473063973063973,2025-01-01 15:41:00.346809,2025-01-01 15:41:05.162500,0 days 00:00:04.815691,1,95,,,,,,,,,,3,,,,,,,,,,COMPLETE
314,314,0.6309216192937124,2025-01-01 15:41:05.163088,2025-01-01 15:41:10.447687,0 days 00:00:05.284599,1,90,,,,,,,,,,3,,,,,,,,,,COMPLETE
315,315,0.6419482229047828,2025-01-01 15:41:10.448229,2025-01-01 15:41:15.304547,0 days 00:00:04.856318,1,90,,,,,,,,,,3,,,,,,,,,,COMPLETE
316,316,0.6473063973063973,2025-01-01 15:41:15.305111,2025-01-01 15:41:20.285416,0 days 00:00:04.980305,1,40,,,,,,,,,,3,,,,,,,,,,COMPLETE
317,317,0.696969696969697,2025-01-01 15:41:20.286010,2025-01-01 15:41:25.472503,0 days 00:00:05.186493,1,100,,,,,,,,,,3,,,,,,,,,,COMPLETE
318,318,0.6643356643356644,2025-01-01 15:41:25.473096,2025-01-01 15:41:30.025947,0 days 00:00:04.552851,1,100,,,,,,,,,,3,,,,,,,,,,COMPLETE
319,319,0.6311688311688312,2025-01-01 15:41:30.026649,2025-01-01 15:41:34.840739,0 days 00:00:04.814090,1,80,,,,,,,,,,3,,,,,,,,,,COMPLETE
320,320,0.6604010025062657,2025-01-01 15:41:34.841316,2025-01-01 15:41:39.653500,0 days 00:00:04.812184,1,100,,,,,,,,,,3,,,,,,,,,,COMPLETE
321,321,0.7751355861493534,2025-01-01 15:41:39.654088,2025-01-01 15:41:44.423608,0 days 00:00:04.769520,1,95,,,,,,,,,,3,,,,,,,,,,COMPLETE
322,322,0.624524312896406,2025-01-01 15:41:44.424275,2025-01-01 15:41:49.213234,0 days 00:00:04.788959,1,100,,,,,,,,,,3,,,,,,,,,,COMPLETE
323,323,0.609643605870021,2025-01-01 15:41:49.213787,2025-01-01 15:41:54.066043,0 days 00:00:04.852256,1,95,,,,,,,,,,3,,,,,,,,,,COMPLETE
324,324,0.7027972027972028,2025-01-01 15:41:54.066609,2025-01-01 15:41:59.127206,0 days 00:00:05.060597,1,95,,,,,,,,,,3,,,,,,,,,,COMPLETE
325,325,0.6309216192937124,2025-01-01 15:41:59.127802,2025-01-01 15:42:03.910215,0 days 00:00:04.782413,1,95,,,,,,,,,,3,,,,,,,,,,COMPLETE
326,326,0.684577522559475,2025-01-01 15:42:03.910764,2025-01-01 15:42:08.698184,0 days 00:00:04.787420,1,95,,,,,,,,,,3,,,,,,,,,,COMPLETE
327,327,0.6993996569468267,2025-01-01 15:42:08.698767,2025-01-01 15:42:13.455167,0 days 00:00:04.756400,1,100,,,,,,,,,,3,,,,,,,,,,COMPLETE
328,328,0.6608161474330847,2025-01-01 15:42:13.455715,2025-01-01 15:42:18.300283,0 days 00:00:04.844568,1,100,,,,,,,,,,3,,,,,,,,,,COMPLETE
329,329,0.7004255319148935,2025-01-01 15:42:18.301149,2025-01-01 15:42:23.931170,0 days 00:00:05.630021,1,100,,,,,,,,,,3,,,,,,,,,,COMPLETE
330,330,0.6321428571428571,2025-01-01 15:42:23.931839,2025-01-01 15:42:28.932431,0 days 00:00:05.000592,1,100,,,,,,,,,,3,,,,,,,,,,COMPLETE
331,331,0.7227272727272727,2025-01-01 15:42:28.933019,2025-01-01 15:42:34.217059,0 days 00:00:05.284040,1,100,,,,,,,,,,3,,,,,,,,,,COMPLETE
332,332,0.6498257839721254,2025-01-01 15:42:34.217626,2025-01-01 15:42:39.183803,0 days 00:00:04.966177,1,100,,,,,,,,,,3,,,,,,,,,,COMPLETE
333,333,0.6731601731601732,2025-01-01 15:42:39.184360,2025-01-01 15:42:44.139599,0 days 00:00:04.955239,1,95,,,,,,,,,,3,,,,,,,,,,COMPLETE
334,334,0.684577522559475,2025-01-01 15:42:44.140193,2025-01-01 15:42:49.073455,0 days 00:00:04.933262,1,100,,,,,,,,,,3,,,,,,,,,,COMPLETE
335,335,0.6488095238095238,2025-01-01 15:42:49.074118,2025-01-01 15:42:53.963406,0 days 00:00:04.889288,1,100,,,,,,,,,,3,,,,,,,,,,COMPLETE
336,336,0.6318681318681318,2025-01-01 15:42:53.964337,2025-01-01 15:42:58.926067,0 days 00:00:04.961730,1,100,,,,,,,,,,3,,,,,,,,,,COMPLETE
337,337,0.684577522559475,2025-01-01 15:42:58.926657,2025-01-01 15:43:03.892463,0 days 00:00:04.965806,1,100,,,,,,,,,,3,,,,,,,,,,COMPLETE
338,338,0.4652406417112299,2025-01-01 15:43:03.893041,2025-01-01 15:43:11.409651,0 days 00:00:07.516610,2,95,30.0,,,,,,,,,2,3.0,,,,,,,,,COMPLETE
339,339,0.6428571428571428,2025-01-01 15:43:11.410340,2025-01-01 15:43:16.335327,0 days 00:00:04.924987,1,100,,,,,,,,,,3,,,,,,,,,,COMPLETE
340,340,0.6161616161616161,2025-01-01 15:43:16.335917,2025-01-01 15:43:21.331894,0 days 00:00:04.995977,1,95,,,,,,,,,,3,,,,,,,,,,COMPLETE
341,341,0.6311688311688312,2025-01-01 15:43:21.332467,2025-01-01 15:43:26.224509,0 days 00:00:04.892042,1,100,,,,,,,,,,3,,,,,,,,,,COMPLETE
342,342,0.6547518923465097,2025-01-01 15:43:26.225123,2025-01-01 15:43:31.499534,0 days 00:00:05.274411,1,95,,,,,,,,,,3,,,,,,,,,,COMPLETE
343,343,0.6587715776796468,2025-01-01 15:43:31.500137,2025-01-01 15:43:36.345484,0 days 00:00:04.845347,1,100,,,,,,,,,,3,,,,,,,,,,COMPLETE
344,344,0.625,2025-01-01 15:43:36.346079,2025-01-01 15:43:44.838024,0 days 00:00:08.491945,2,95,25.0,,,,,,,,,3,3.0,,,,,,,,,COMPLETE
345,345,0.6124031007751938,2025-01-01 15:43:44.838634,2025-01-01 15:43:49.815343,0 days 00:00:04.976709,1,100,,,,,,,,,,3,,,,,,,,,,COMPLETE
346,346,0.6657095980311731,2025-01-01 15:43:49.815902,2025-01-01 15:43:54.738512,0 days 00:00:04.922610,1,95,,,,,,,,,,3,,,,,,,,,,COMPLETE
347,347,0.7444444444444445,2025-01-01 15:43:54.739117,2025-01-01 15:43:59.600567,0 days 00:00:04.861450,1,95,,,,,,,,,,3,,,,,,,,,,COMPLETE
348,348,0.7132107023411371,2025-01-01 15:43:59.601145,2025-01-01 15:44:04.544449,0 days 00:00:04.943304,1,95,,,,,,,,,,3,,,,,,,,,,COMPLETE
349,349,0.6539451114922813,2025-01-01 15:44:04.545110,2025-01-01 15:44:09.565513,0 days 00:00:05.020403,1,95,,,,,,,,,,3,,,,,,,,,,COMPLETE
350,350,0.734006734006734,2025-01-01 15:44:09.566116,2025-01-01 15:44:17.652438,0 days 00:00:08.086322,2,95,45.0,,,,,,,,,3,3.0,,,,,,,,,COMPLETE
351,351,0.7083333333333333,2025-01-01 15:44:17.653223,2025-01-01 15:44:22.603374,0 days 00:00:04.950151,1,90,,,,,,,,,,3,,,,,,,,,,COMPLETE
352,352,0.7416943521594684,2025-01-01 15:44:22.604041,2025-01-01 15:44:30.741818,0 days 00:00:08.137777,2,90,50.0,,,,,,,,,3,3.0,,,,,,,,,COMPLETE
353,353,0.6451048951048951,2025-01-01 15:44:30.742419,2025-01-01 15:44:38.777096,0 days 00:00:08.034677,2,90,50.0,,,,,,,,,3,3.0,,,,,,,,,COMPLETE
354,354,0.6365914786967418,2025-01-01 15:44:38.777832,2025-01-01 15:44:46.835122,0 days 00:00:08.057290,2,90,50.0,,,,,,,,,3,3.0,,,,,,,,,COMPLETE
355,355,0.6933667083854819,2025-01-01 15:44:46.835749,2025-01-01 15:44:50.768655,0 days 00:00:03.932906,1,90,,,,,,,,,,2,,,,,,,,,,COMPLETE
356,356,0.7071078431372549,2025-01-01 15:44:50.769320,2025-01-01 15:44:58.848160,0 days 00:00:08.078840,2,90,55.0,,,,,,,,,3,3.0,,,,,,,,,COMPLETE
357,357,0.76,2025-01-01 15:44:58.848766,2025-01-01 15:45:06.668320,0 days 00:00:07.819554,2,90,55.0,,,,,,,,,3,3.0,,,,,,,,,COMPLETE
358,358,0.6072757337742869,2025-01-01 15:45:06.668898,2025-01-01 15:45:15.100339,0 days 00:00:08.431441,2,90,55.0,,,,,,,,,3,3.0,,,,,,,,,COMPLETE
