,number,value,datetime_start,datetime_complete,duration,params_depth,params_neurons_layer_0,params_neurons_layer_1,params_neurons_layer_2,params_neurons_layer_3,params_neurons_layer_4,params_neurons_layer_5,params_neurons_layer_6,params_neurons_layer_7,params_neurons_layer_8,params_neurons_layer_9,params_orders_layer_0,params_orders_layer_1,params_orders_layer_2,params_orders_layer_3,params_orders_layer_4,params_orders_layer_5,params_orders_layer_6,params_orders_layer_7,params_orders_layer_8,params_orders_layer_9,state
0,0,0.8538267401273014,2024-12-31 19:20:05.816863,2024-12-31 19:20:57.157889,0 days 00:00:51.341026,4,70,100.0,20.0,20.0,,,,,,,3,5.0,3.0,2.0,,,,,,,COMPLETE
1,1,0.8490163401024673,2024-12-31 19:20:57.158468,2024-12-31 19:21:21.602105,0 days 00:00:24.443637,5,70,70.0,85.0,30.0,65.0,,,,,,6,4.0,2.0,2.0,2.0,,,,,,COMPLETE
2,2,0.8449353060833976,2024-12-31 19:21:21.602587,2024-12-31 19:21:53.574052,0 days 00:00:31.971465,2,70,70.0,,,,,,,,,4,3.0,,,,,,,,,COMPLETE
3,3,0.8434739796093438,2024-12-31 19:21:53.574576,2024-12-31 19:23:59.042235,0 days 00:02:05.467659,10,45,95.0,65.0,10.0,100.0,70.0,75.0,45.0,30.0,5.0,4,5.0,5.0,2.0,5.0,6.0,3.0,4.0,6.0,3.0,COMPLETE
4,4,0.8355000308641001,2024-12-31 19:23:59.043038,2024-12-31 19:25:10.665738,0 days 00:01:11.622700,10,65,15.0,45.0,50.0,15.0,50.0,75.0,55.0,85.0,85.0,6,5.0,5.0,5.0,6.0,6.0,3.0,5.0,5.0,6.0,COMPLETE
5,5,0.850244892114791,2024-12-31 19:25:10.666378,2024-12-31 19:25:46.883121,0 days 00:00:36.216743,3,35,45.0,20.0,,,,,,,,5,5.0,5.0,,,,,,,,COMPLETE
6,6,0.8643569387785707,2024-12-31 19:25:46.883734,2024-12-31 19:27:34.952692,0 days 00:01:48.068958,10,20,80.0,60.0,45.0,50.0,65.0,85.0,40.0,20.0,55.0,4,4.0,4.0,4.0,2.0,5.0,3.0,3.0,2.0,3.0,COMPLETE
7,7,0.8551225799261066,2024-12-31 19:27:34.953453,2024-12-31 19:28:40.913098,0 days 00:01:05.959645,6,45,90.0,30.0,60.0,75.0,35.0,,,,,4,2.0,5.0,3.0,3.0,6.0,,,,,COMPLETE
8,8,0.8650076744044587,2024-12-31 19:28:40.913819,2024-12-31 19:29:39.234193,0 days 00:00:58.320374,10,100,5.0,55.0,100.0,5.0,55.0,80.0,5.0,40.0,65.0,2,6.0,4.0,5.0,3.0,2.0,3.0,5.0,5.0,3.0,COMPLETE
9,9,0.8419437340153453,2024-12-31 19:29:39.235013,2024-12-31 19:31:29.227260,0 days 00:01:49.992247,9,95,95.0,90.0,15.0,35.0,90.0,20.0,70.0,60.0,,5,4.0,5.0,2.0,3.0,5.0,4.0,4.0,2.0,,COMPLETE
10,10,0.8696903082045708,2024-12-31 19:31:29.228029,2024-12-31 19:32:02.990866,0 days 00:00:33.762837,7,100,10.0,5.0,100.0,5.0,5.0,35.0,,,,2,6.0,3.0,6.0,4.0,2.0,6.0,,,,COMPLETE
11,11,0.8782206274785047,2024-12-31 19:32:02.991444,2024-12-31 19:32:44.161913,0 days 00:00:41.170469,7,100,5.0,45.0,100.0,5.0,5.0,35.0,,,,2,6.0,3.0,6.0,4.0,2.0,6.0,,,,COMPLETE
12,12,0.8712816399679342,2024-12-31 19:32:44.162675,2024-12-31 19:33:24.528367,0 days 00:00:40.365692,7,90,25.0,5.0,100.0,25.0,5.0,30.0,,,,2,6.0,2.0,6.0,4.0,2.0,6.0,,,,COMPLETE
13,13,0.8611002197720208,2024-12-31 19:33:24.528942,2024-12-31 19:33:55.764385,0 days 00:00:31.235443,7,85,30.0,5.0,80.0,30.0,5.0,5.0,,,,2,6.0,2.0,6.0,5.0,3.0,6.0,,,,COMPLETE
14,14,0.8510940181369075,2024-12-31 19:33:55.765075,2024-12-31 19:34:59.900725,0 days 00:01:04.135650,8,85,30.0,35.0,80.0,25.0,25.0,45.0,100.0,,,3,6.0,3.0,5.0,4.0,3.0,5.0,2.0,,,COMPLETE
15,15,0.8517006660417751,2024-12-31 19:34:59.901327,2024-12-31 19:35:47.212489,0 days 00:00:47.311162,6,85,30.0,75.0,80.0,45.0,20.0,,,,,3,6.0,2.0,6.0,4.0,3.0,,,,,COMPLETE
16,16,0.8598821809870938,2024-12-31 19:35:47.213183,2024-12-31 19:36:59.109769,0 days 00:01:11.896586,8,10,20.0,100.0,90.0,20.0,20.0,35.0,5.0,,,2,2.0,3.0,4.0,5.0,2.0,5.0,6.0,,,COMPLETE
17,17,0.8376240694789082,2024-12-31 19:36:59.110492,2024-12-31 19:37:50.142452,0 days 00:00:51.031960,4,85,45.0,45.0,65.0,,,,,,,3,5.0,6.0,6.0,,,,,,,COMPLETE
18,18,0.8597930611934351,2024-12-31 19:37:50.143179,2024-12-31 19:39:00.587143,0 days 00:01:10.443964,8,60,20.0,20.0,90.0,5.0,5.0,55.0,100.0,,,2,3.0,2.0,5.0,6.0,4.0,5.0,2.0,,,COMPLETE
19,19,0.8480235725468894,2024-12-31 19:39:00.587891,2024-12-31 19:39:30.591964,0 days 00:00:30.004073,5,90,5.0,35.0,70.0,35.0,,,,,,3,6.0,3.0,6.0,3.0,,,,,,COMPLETE
20,20,0.8624865700337399,2024-12-31 19:39:30.592501,2024-12-31 19:39:44.566730,0 days 00:00:13.974229,1,80,,,,,,,,,,2,,,,,,,,,,COMPLETE
21,21,0.8668207498715974,2024-12-31 19:39:44.567176,2024-12-31 19:40:19.645255,0 days 00:00:35.078079,7,100,10.0,5.0,100.0,5.0,5.0,30.0,,,,2,6.0,3.0,6.0,4.0,2.0,6.0,,,,COMPLETE
22,22,0.8681074178734683,2024-12-31 19:40:19.645958,2024-12-31 19:41:02.831598,0 days 00:00:43.185640,7,100,20.0,10.0,100.0,15.0,15.0,20.0,,,,2,6.0,4.0,5.0,4.0,2.0,6.0,,,,COMPLETE
23,23,0.8527528792614626,2024-12-31 19:41:02.832176,2024-12-31 19:41:55.373902,0 days 00:00:52.541726,6,75,40.0,15.0,90.0,15.0,35.0,,,,,3,5.0,2.0,6.0,4.0,3.0,,,,,COMPLETE
24,24,0.8587065833612686,2024-12-31 19:41:55.374587,2024-12-31 19:42:28.808616,0 days 00:00:33.434029,7,95,5.0,30.0,90.0,5.0,5.0,55.0,,,,2,6.0,3.0,6.0,5.0,2.0,6.0,,,,COMPLETE
25,25,0.8526869785766784,2024-12-31 19:42:28.809332,2024-12-31 19:43:56.964793,0 days 00:01:28.155461,9,90,60.0,5.0,75.0,20.0,35.0,40.0,25.0,95.0,,3,5.0,3.0,5.0,3.0,3.0,5.0,6.0,3.0,,COMPLETE
26,26,0.8608827462024099,2024-12-31 19:43:56.965572,2024-12-31 19:44:58.900128,0 days 00:01:01.934556,8,100,15.0,70.0,100.0,40.0,15.0,25.0,75.0,,,2,6.0,4.0,3.0,5.0,2.0,6.0,3.0,,,COMPLETE
27,27,0.8458607964093052,2024-12-31 19:44:58.900883,2024-12-31 19:45:51.036274,0 days 00:00:52.135391,5,55,35.0,45.0,35.0,60.0,,,,,,5,3.0,2.0,6.0,4.0,,,,,,COMPLETE
28,28,0.8385025705762821,2024-12-31 19:45:51.036815,2024-12-31 19:47:13.378229,0 days 00:01:22.341414,9,90,25.0,15.0,90.0,25.0,30.0,5.0,80.0,5.0,,3,5.0,3.0,4.0,4.0,4.0,2.0,3.0,4.0,,COMPLETE
29,29,0.8452442166113374,2024-12-31 19:47:13.378987,2024-12-31 19:47:46.689306,0 days 00:00:33.310319,4,75,10.0,25.0,85.0,,,,,,,3,6.0,2.0,5.0,,,,,,,COMPLETE
30,30,0.857060345438063,2024-12-31 19:47:46.689851,2024-12-31 19:48:34.272519,0 days 00:00:47.582668,6,30,55.0,40.0,70.0,10.0,15.0,,,,,2,5.0,4.0,6.0,4.0,2.0,,,,,COMPLETE
31,31,0.8495082748006834,2024-12-31 19:48:34.273230,2024-12-31 19:49:14.852840,0 days 00:00:40.579610,7,100,20.0,10.0,100.0,15.0,15.0,20.0,,,,2,6.0,4.0,5.0,4.0,2.0,6.0,,,,COMPLETE
32,32,0.8552417660524314,2024-12-31 19:49:14.853512,2024-12-31 19:49:55.633391,0 days 00:00:40.779879,7,95,15.0,15.0,95.0,15.0,10.0,15.0,,,,2,6.0,4.0,6.0,4.0,2.0,6.0,,,,COMPLETE
33,33,0.8609428441249187,2024-12-31 19:49:55.634221,2024-12-31 19:50:44.520766,0 days 00:00:48.886545,8,75,25.0,10.0,95.0,25.0,15.0,45.0,30.0,,,2,6.0,3.0,5.0,3.0,3.0,5.0,5.0,,,COMPLETE
34,34,0.8648889321690958,2024-12-31 19:50:44.521455,2024-12-31 19:51:22.047833,0 days 00:00:37.526378,7,95,10.0,25.0,100.0,10.0,25.0,30.0,,,,2,6.0,3.0,6.0,5.0,2.0,6.0,,,,COMPLETE
35,35,0.8505296842694001,2024-12-31 19:51:22.048631,2024-12-31 19:52:12.319876,0 days 00:00:50.271245,6,80,25.0,10.0,85.0,20.0,5.0,,,,,2,5.0,6.0,5.0,4.0,2.0,,,,,COMPLETE
36,36,0.839448208783095,2024-12-31 19:52:12.320525,2024-12-31 19:52:45.569554,0 days 00:00:33.249029,5,65,15.0,5.0,25.0,10.0,,,,,,3,4.0,4.0,6.0,2.0,,,,,,COMPLETE
37,37,0.836164671738495,2024-12-31 19:52:45.570547,2024-12-31 19:53:35.493931,0 days 00:00:49.923384,9,100,40.0,20.0,5.0,75.0,45.0,15.0,60.0,65.0,,6,6.0,2.0,5.0,4.0,3.0,6.0,6.0,6.0,,COMPLETE
38,38,0.8461576464775975,2024-12-31 19:53:35.494687,2024-12-31 19:54:45.292739,0 days 00:01:09.798052,6,90,5.0,80.0,95.0,30.0,10.0,,,,,4,5.0,3.0,6.0,5.0,4.0,,,,,COMPLETE
39,39,0.8417996240380662,2024-12-31 19:54:45.293570,2024-12-31 19:56:24.679350,0 days 00:01:39.385780,8,80,70.0,60.0,55.0,85.0,95.0,35.0,20.0,,,2,5.0,5.0,4.0,3.0,2.0,5.0,2.0,,,COMPLETE
40,40,0.8656793804734126,2024-12-31 19:56:24.680218,2024-12-31 19:56:41.371622,0 days 00:00:16.691404,3,70,10.0,25.0,,,,,,,,3,6.0,2.0,,,,,,,,COMPLETE
41,41,0.8772275456354447,2024-12-31 19:56:41.372177,2024-12-31 19:57:18.107965,0 days 00:00:36.735788,7,100,10.0,5.0,100.0,5.0,5.0,30.0,,,,2,6.0,3.0,6.0,4.0,2.0,6.0,,,,COMPLETE
42,42,0.8601177385931575,2024-12-31 19:57:18.108773,2024-12-31 19:57:49.775541,0 days 00:00:31.666768,7,95,20.0,10.0,95.0,10.0,10.0,25.0,,,,2,6.0,3.0,6.0,4.0,2.0,6.0,,,,COMPLETE
43,43,0.8657601670305844,2024-12-31 19:57:49.776189,2024-12-31 19:58:28.635414,0 days 00:00:38.859225,7,100,10.0,15.0,85.0,5.0,20.0,45.0,,,,2,6.0,4.0,6.0,4.0,2.0,6.0,,,,COMPLETE
44,44,0.8525273997049985,2024-12-31 19:58:28.636194,2024-12-31 19:59:21.283144,0 days 00:00:52.646950,8,45,15.0,5.0,40.0,100.0,10.0,35.0,65.0,,,2,6.0,3.0,5.0,3.0,3.0,6.0,4.0,,,COMPLETE
45,45,0.8526928382994492,2024-12-31 19:59:21.283804,2024-12-31 19:59:56.826570,0 days 00:00:35.542766,6,90,5.0,50.0,100.0,15.0,5.0,,,,,2,6.0,5.0,6.0,4.0,2.0,,,,,COMPLETE
46,46,0.8477473586430667,2024-12-31 19:59:56.827571,2024-12-31 20:01:06.443897,0 days 00:01:09.616326,7,95,25.0,20.0,95.0,5.0,25.0,65.0,,,,3,5.0,4.0,3.0,5.0,2.0,5.0,,,,COMPLETE
47,47,0.8381554769874598,2024-12-31 20:01:06.444679,2024-12-31 20:02:20.516287,0 days 00:01:14.071608,6,100,30.0,10.0,85.0,55.0,75.0,,,,,4,6.0,2.0,5.0,5.0,5.0,,,,,COMPLETE
48,48,0.8541277557996505,2024-12-31 20:02:20.517054,2024-12-31 20:03:45.803284,0 days 00:01:25.286230,9,85,35.0,30.0,80.0,20.0,15.0,100.0,80.0,75.0,,2,3.0,3.0,6.0,3.0,3.0,6.0,5.0,4.0,,COMPLETE
49,49,0.8686457903313084,2024-12-31 20:03:45.804092,2024-12-31 20:04:26.710751,0 days 00:00:40.906659,8,95,20.0,5.0,100.0,10.0,45.0,25.0,90.0,,,2,6.0,4.0,6.0,4.0,2.0,4.0,3.0,,,COMPLETE
50,50,0.8406755004457411,2024-12-31 20:04:26.711551,2024-12-31 20:05:05.955994,0 days 00:00:39.244443,8,5,15.0,5.0,75.0,10.0,65.0,30.0,85.0,,,5,4.0,2.0,6.0,4.0,2.0,4.0,3.0,,,COMPLETE
51,51,0.8555613173216885,2024-12-31 20:05:05.956785,2024-12-31 20:05:49.596191,0 days 00:00:43.639406,8,90,20.0,15.0,95.0,15.0,45.0,20.0,95.0,,,2,6.0,4.0,6.0,4.0,2.0,6.0,3.0,,,COMPLETE
52,52,0.8655541973674825,2024-12-31 20:05:49.596886,2024-12-31 20:06:23.972197,0 days 00:00:34.375311,7,95,10.0,10.0,100.0,10.0,80.0,25.0,,,,2,6.0,4.0,6.0,4.0,2.0,2.0,,,,COMPLETE
53,53,0.8587694613523447,2024-12-31 20:06:23.972963,2024-12-31 20:07:10.091872,0 days 00:00:46.118909,8,100,80.0,5.0,90.0,5.0,55.0,15.0,90.0,,,2,6.0,4.0,6.0,4.0,2.0,6.0,4.0,,,COMPLETE
54,54,0.8593945005011527,2024-12-31 20:07:10.092797,2024-12-31 20:08:28.395394,0 days 00:01:18.302597,9,85,5.0,20.0,95.0,30.0,10.0,40.0,45.0,45.0,,2,5.0,5.0,6.0,4.0,3.0,4.0,3.0,3.0,,COMPLETE
55,55,0.8455805261814845,2024-12-31 20:08:28.396248,2024-12-31 20:09:36.224123,0 days 00:01:07.827875,7,95,20.0,100.0,100.0,20.0,20.0,10.0,,,,3,6.0,3.0,5.0,4.0,2.0,5.0,,,,COMPLETE
56,56,0.8791104414610391,2024-12-31 20:09:36.224923,2024-12-31 20:10:30.825488,0 days 00:00:54.600565,10,90,15.0,90.0,90.0,5.0,5.0,30.0,65.0,5.0,10.0,2,6.0,3.0,2.0,3.0,5.0,4.0,2.0,5.0,6.0,COMPLETE
57,57,0.8484588474616304,2024-12-31 20:10:30.826369,2024-12-31 20:11:21.073616,0 days 00:00:50.247247,10,35,15.0,95.0,90.0,5.0,5.0,40.0,65.0,5.0,5.0,2,6.0,3.0,3.0,6.0,5.0,3.0,2.0,5.0,6.0,COMPLETE
58,58,0.852585756018361,2024-12-31 20:11:21.074403,2024-12-31 20:12:47.158844,0 days 00:01:26.084441,10,80,5.0,85.0,50.0,10.0,85.0,30.0,90.0,20.0,30.0,3,2.0,3.0,2.0,2.0,6.0,4.0,2.0,4.0,5.0,COMPLETE
59,59,0.8703327951452208,2024-12-31 20:12:47.159728,2024-12-31 20:13:32.190851,0 days 00:00:45.031123,9,90,30.0,65.0,85.0,5.0,30.0,50.0,75.0,25.0,,2,6.0,2.0,2.0,3.0,5.0,3.0,2.0,6.0,,COMPLETE
60,60,0.8606447607740149,2024-12-31 20:13:32.191700,2024-12-31 20:14:55.868597,0 days 00:01:23.676897,10,90,30.0,70.0,80.0,35.0,5.0,50.0,55.0,25.0,30.0,2,5.0,2.0,2.0,3.0,5.0,3.0,2.0,6.0,5.0,COMPLETE
61,61,0.8408177386917544,2024-12-31 20:14:55.869401,2024-12-31 20:15:53.349344,0 days 00:00:57.479943,9,85,35.0,55.0,95.0,5.0,50.0,65.0,75.0,5.0,,2,6.0,2.0,2.0,3.0,5.0,4.0,2.0,5.0,,COMPLETE
62,62,0.8689571034495458,2024-12-31 20:15:53.350215,2024-12-31 20:16:41.585661,0 days 00:00:48.235446,9,95,25.0,65.0,90.0,5.0,40.0,35.0,70.0,40.0,,2,6.0,2.0,2.0,2.0,5.0,3.0,3.0,6.0,,COMPLETE
63,63,0.8600034825004353,2024-12-31 20:16:41.587072,2024-12-31 20:17:36.979265,0 days 00:00:55.392193,10,90,45.0,65.0,85.0,5.0,10.0,35.0,65.0,35.0,25.0,2,6.0,2.0,2.0,2.0,6.0,3.0,2.0,6.0,5.0,COMPLETE
64,64,0.8640528982774952,2024-12-31 20:17:36.997336,2024-12-31 20:18:33.332907,0 days 00:00:56.335571,9,100,25.0,75.0,90.0,15.0,30.0,50.0,45.0,15.0,,2,6.0,2.0,2.0,2.0,5.0,3.0,4.0,6.0,,COMPLETE
65,65,0.8635778974685611,2024-12-31 20:18:33.333783,2024-12-31 20:19:32.602426,0 days 00:00:59.268643,9,90,50.0,60.0,90.0,45.0,40.0,40.0,50.0,50.0,,2,6.0,2.0,2.0,2.0,4.0,2.0,3.0,5.0,,COMPLETE
66,66,0.8753956185848505,2024-12-31 20:19:32.603206,2024-12-31 20:20:31.801274,0 days 00:00:59.198068,10,20,10.0,90.0,75.0,20.0,60.0,35.0,75.0,15.0,100.0,2,6.0,2.0,3.0,3.0,5.0,3.0,2.0,6.0,2.0,COMPLETE
67,67,0.850004289967623,2024-12-31 20:20:31.802150,2024-12-31 20:21:49.531127,0 days 00:01:17.728977,10,15,10.0,90.0,75.0,25.0,70.0,60.0,60.0,15.0,100.0,2,6.0,3.0,3.0,3.0,5.0,3.0,2.0,5.0,2.0,COMPLETE
68,68,0.8209018868989382,2024-12-31 20:21:49.531963,2024-12-31 20:22:42.414679,0 days 00:00:52.882716,10,50,15.0,95.0,65.0,20.0,55.0,45.0,35.0,15.0,75.0,3,6.0,2.0,3.0,3.0,6.0,2.0,2.0,6.0,2.0,COMPLETE
69,69,0.8609945797281733,2024-12-31 20:22:42.415517,2024-12-31 20:24:26.608790,0 days 00:01:44.193273,10,25,5.0,85.0,85.0,10.0,60.0,30.0,80.0,30.0,100.0,3,5.0,3.0,3.0,3.0,4.0,5.0,2.0,5.0,4.0,COMPLETE
70,70,0.8510152508721461,2024-12-31 20:24:26.609610,2024-12-31 20:24:53.378596,0 days 00:00:26.768986,5,60,10.0,80.0,70.0,25.0,,,,,,2,6.0,2.0,4.0,3.0,,,,,,COMPLETE
71,71,0.8536902610074164,2024-12-31 20:24:53.379306,2024-12-31 20:25:44.711762,0 days 00:00:51.332456,9,85,25.0,40.0,95.0,5.0,5.0,35.0,70.0,35.0,,2,6.0,2.0,2.0,2.0,5.0,3.0,3.0,6.0,,COMPLETE
72,72,0.8656320429551461,2024-12-31 20:25:44.712678,2024-12-31 20:26:32.473974,0 days 00:00:47.761296,9,95,10.0,50.0,80.0,10.0,60.0,40.0,70.0,10.0,,2,6.0,2.0,2.0,3.0,5.0,3.0,2.0,6.0,,COMPLETE
73,73,0.8716325702511263,2024-12-31 20:26:32.475031,2024-12-31 20:27:33.509680,0 days 00:01:01.034649,10,75,15.0,65.0,90.0,15.0,40.0,25.0,75.0,25.0,50.0,2,6.0,2.0,2.0,2.0,5.0,3.0,3.0,6.0,4.0,COMPLETE
74,74,0.8549780218388183,2024-12-31 20:27:33.510507,2024-12-31 20:28:33.299620,0 days 00:00:59.789113,10,75,20.0,90.0,100.0,15.0,10.0,25.0,55.0,25.0,55.0,2,6.0,3.0,2.0,3.0,4.0,3.0,2.0,6.0,4.0,COMPLETE
75,75,0.8574741140368163,2024-12-31 20:28:33.300447,2024-12-31 20:29:19.239342,0 days 00:00:45.938895,10,40,10.0,70.0,95.0,15.0,30.0,30.0,75.0,20.0,40.0,2,6.0,2.0,2.0,3.0,5.0,6.0,3.0,5.0,6.0,COMPLETE
76,76,0.8513746822507853,2024-12-31 20:29:19.240166,2024-12-31 20:30:28.270431,0 days 00:01:09.030265,10,80,15.0,80.0,90.0,20.0,15.0,25.0,85.0,10.0,80.0,5,6.0,3.0,3.0,2.0,5.0,4.0,4.0,6.0,2.0,COMPLETE
77,77,0.8857573626051668,2024-12-31 20:30:28.271321,2024-12-31 20:30:45.178369,0 days 00:00:16.907048,4,20,5.0,55.0,85.0,,,,,,,2,6.0,2.0,2.0,,,,,,,COMPLETE
78,78,0.8746124921439047,2024-12-31 20:30:45.178857,2024-12-31 20:31:14.237106,0 days 00:00:29.058249,3,15,65.0,60.0,,,,,,,,2,5.0,2.0,,,,,,,,COMPLETE
79,79,0.8335797052011609,2024-12-31 20:31:14.237692,2024-12-31 20:31:46.629696,0 days 00:00:32.392004,3,20,65.0,55.0,,,,,,,,2,5.0,2.0,,,,,,,,COMPLETE
80,80,0.8418089435938159,2024-12-31 20:31:46.630548,2024-12-31 20:32:07.387838,0 days 00:00:20.757290,2,15,65.0,,,,,,,,,2,5.0,,,,,,,,,COMPLETE
81,81,0.8375818572195384,2024-12-31 20:32:07.388267,2024-12-31 20:32:36.349601,0 days 00:00:28.961334,4,25,85.0,60.0,75.0,,,,,,,2,6.0,2.0,2.0,,,,,,,COMPLETE
82,82,0.8085841464621748,2024-12-31 20:32:36.350184,2024-12-31 20:32:46.156796,0 days 00:00:09.806612,2,10,5.0,,,,,,,,,2,6.0,,,,,,,,,COMPLETE
83,83,0.8571670565870579,2024-12-31 20:32:46.157238,2024-12-31 20:33:03.228200,0 days 00:00:17.070962,3,20,55.0,65.0,,,,,,,,2,6.0,2.0,,,,,,,,COMPLETE
84,84,0.8312436418932421,2024-12-31 20:33:03.228646,2024-12-31 20:33:26.121040,0 days 00:00:22.892394,4,15,100.0,45.0,80.0,,,,,,,2,6.0,2.0,2.0,,,,,,,COMPLETE
85,85,0.8784105692335035,2024-12-31 20:33:26.121474,2024-12-31 20:33:36.868685,0 days 00:00:10.747211,3,10,15.0,60.0,,,,,,,,2,6.0,2.0,,,,,,,,COMPLETE
86,86,0.8499358167775324,2024-12-31 20:33:36.869266,2024-12-31 20:34:06.221589,0 days 00:00:29.352323,3,5,75.0,55.0,,,,,,,,4,4.0,2.0,,,,,,,,COMPLETE
87,87,0.694315704657523,2024-12-31 20:34:06.222077,2024-12-31 20:34:14.516990,0 days 00:00:08.294913,1,15,,,,,,,,,,2,,,,,,,,,,COMPLETE
88,88,0.796282320133388,2024-12-31 20:34:14.517368,2024-12-31 20:34:26.503705,0 days 00:00:11.986337,2,10,5.0,,,,,,,,,6,6.0,,,,,,,,,COMPLETE
89,89,0.8944469092256777,2024-12-31 20:34:26.504124,2024-12-31 20:34:50.506812,0 days 00:00:24.002688,4,10,10.0,50.0,15.0,,,,,,,2,5.0,2.0,3.0,,,,,,,COMPLETE
90,90,0.8250583604541124,2024-12-31 20:34:50.507423,2024-12-31 20:35:15.748270,0 days 00:00:25.240847,4,10,15.0,50.0,20.0,,,,,,,3,4.0,2.0,3.0,,,,,,,COMPLETE
91,91,0.8513113869400971,2024-12-31 20:35:15.748740,2024-12-31 20:35:54.811725,0 days 00:00:39.062985,5,20,10.0,55.0,5.0,85.0,,,,,,2,5.0,2.0,4.0,5.0,,,,,,COMPLETE
92,92,0.8342427576021965,2024-12-31 20:35:54.812355,2024-12-31 20:36:07.529494,0 days 00:00:12.717139,4,5,5.0,60.0,30.0,,,,,,,2,6.0,2.0,4.0,,,,,,,COMPLETE
93,93,0.8718432922601578,2024-12-31 20:36:07.529977,2024-12-31 20:36:28.177224,0 days 00:00:20.647247,3,30,15.0,40.0,,,,,,,,2,5.0,2.0,,,,,,,,COMPLETE
94,94,0.8446520826550951,2024-12-31 20:36:28.177648,2024-12-31 20:36:49.446637,0 days 00:00:21.268989,3,25,15.0,40.0,,,,,,,,2,5.0,2.0,,,,,,,,COMPLETE
95,95,0.8485780533209228,2024-12-31 20:36:49.447219,2024-12-31 20:37:03.925506,0 days 00:00:14.478287,2,15,10.0,,,,,,,,,2,5.0,,,,,,,,,COMPLETE
96,96,0.8630955967005443,2024-12-31 20:37:03.925937,2024-12-31 20:37:22.826291,0 days 00:00:18.900354,3,10,15.0,35.0,,,,,,,,2,4.0,2.0,,,,,,,,COMPLETE
97,97,0.8220739878177865,2024-12-31 20:37:22.826719,2024-12-31 20:37:43.550244,0 days 00:00:20.723525,5,20,5.0,45.0,45.0,35.0,,,,,,2,5.0,2.0,3.0,2.0,,,,,,COMPLETE
98,98,0.8547270487589254,2024-12-31 20:37:43.550970,2024-12-31 20:38:06.002571,0 days 00:00:22.451601,3,30,20.0,50.0,,,,,,,,2,5.0,2.0,,,,,,,,COMPLETE
99,99,0.7827401022672962,2024-12-31 20:38:06.003250,2024-12-31 20:38:25.610300,0 days 00:00:19.607050,4,5,10.0,45.0,60.0,,,,,,,2,5.0,2.0,3.0,,,,,,,COMPLETE
100,100,0.8704693107991459,2024-12-31 20:38:25.610763,2024-12-31 20:38:41.057560,0 days 00:00:15.446797,2,30,20.0,,,,,,,,,2,5.0,,,,,,,,,COMPLETE
101,101,0.8498643804650255,2024-12-31 20:38:41.058138,2024-12-31 20:38:54.356233,0 days 00:00:13.298095,3,25,10.0,50.0,,,,,,,,2,6.0,2.0,,,,,,,,COMPLETE
102,102,0.8768697167633135,2024-12-31 20:38:54.356688,2024-12-31 20:39:11.928142,0 days 00:00:17.571454,4,10,5.0,55.0,10.0,,,,,,,2,6.0,2.0,3.0,,,,,,,COMPLETE
103,103,0.8444961676092975,2024-12-31 20:39:11.928602,2024-12-31 20:39:26.907976,0 days 00:00:14.979374,4,10,5.0,60.0,20.0,,,,,,,2,6.0,2.0,3.0,,,,,,,COMPLETE
104,104,0.8647688952259113,2024-12-31 20:39:26.908420,2024-12-31 20:39:45.614287,0 days 00:00:18.705867,4,15,15.0,55.0,10.0,,,,,,,2,6.0,2.0,3.0,,,,,,,COMPLETE
105,105,0.8832601919912506,2024-12-31 20:39:45.614739,2024-12-31 20:40:00.823103,0 days 00:00:15.208364,3,20,5.0,60.0,,,,,,,,2,6.0,2.0,,,,,,,,COMPLETE
106,106,0.8765469513517663,2024-12-31 20:40:00.823645,2024-12-31 20:40:13.479925,0 days 00:00:12.656280,3,20,5.0,60.0,,,,,,,,2,6.0,2.0,,,,,,,,COMPLETE
107,107,0.8875640690144548,2024-12-31 20:40:13.480370,2024-12-31 20:40:28.805331,0 days 00:00:15.324961,4,20,5.0,60.0,10.0,,,,,,,2,6.0,3.0,4.0,,,,,,,COMPLETE
108,108,0.8727732692638988,2024-12-31 20:40:28.805842,2024-12-31 20:40:53.064926,0 days 00:00:24.259084,4,35,5.0,70.0,15.0,,,,,,,2,6.0,3.0,4.0,,,,,,,COMPLETE
109,109,0.8641101822666495,2024-12-31 20:40:53.065454,2024-12-31 20:41:17.563653,0 days 00:00:24.498199,5,20,5.0,95.0,10.0,70.0,,,,,,2,6.0,3.0,4.0,6.0,,,,,,COMPLETE
110,110,0.8543498471325446,2024-12-31 20:41:17.564142,2024-12-31 20:41:40.368211,0 days 00:00:22.804069,4,20,5.0,60.0,15.0,,,,,,,2,6.0,3.0,4.0,,,,,,,COMPLETE
111,111,0.8674898490221028,2024-12-31 20:41:40.368860,2024-12-31 20:41:52.891578,0 days 00:00:12.522718,3,10,10.0,60.0,,,,,,,,2,6.0,3.0,,,,,,,,COMPLETE
112,112,0.8569068353219125,2024-12-31 20:41:52.892098,2024-12-31 20:42:07.155650,0 days 00:00:14.263552,3,15,10.0,55.0,,,,,,,,2,6.0,3.0,,,,,,,,COMPLETE
113,113,0.8786111629437638,2024-12-31 20:42:07.156148,2024-12-31 20:42:19.788193,0 days 00:00:12.632045,4,25,5.0,55.0,10.0,,,,,,,2,6.0,2.0,3.0,,,,,,,COMPLETE
114,114,0.8691235504014273,2024-12-31 20:42:19.788700,2024-12-31 20:42:35.403750,0 days 00:00:15.615050,4,25,5.0,55.0,10.0,,,,,,,2,6.0,3.0,3.0,,,,,,,COMPLETE
115,115,0.8614657627633882,2024-12-31 20:42:35.404200,2024-12-31 20:42:55.833478,0 days 00:00:20.429278,5,25,10.0,50.0,5.0,40.0,,,,,,2,6.0,2.0,3.0,5.0,,,,,,COMPLETE
116,116,0.8636486107986304,2024-12-31 20:42:55.834117,2024-12-31 20:43:17.389932,0 days 00:00:21.555815,4,20,5.0,75.0,20.0,,,,,,,2,6.0,6.0,3.0,,,,,,,COMPLETE
117,117,0.8498975557080733,2024-12-31 20:43:17.390677,2024-12-31 20:43:40.155557,0 days 00:00:22.764880,5,5,10.0,65.0,15.0,50.0,,,,,,2,6.0,2.0,3.0,5.0,,,,,,COMPLETE
118,118,0.8658983905014256,2024-12-31 20:43:40.156152,2024-12-31 20:43:59.226579,0 days 00:00:19.070427,4,20,5.0,55.0,5.0,,,,,,,2,6.0,2.0,3.0,,,,,,,COMPLETE
119,119,0.8470483191224956,2024-12-31 20:43:59.227051,2024-12-31 20:44:24.793287,0 days 00:00:25.566236,5,15,10.0,60.0,25.0,30.0,,,,,,2,6.0,3.0,3.0,6.0,,,,,,COMPLETE
120,120,0.8036344425438569,2024-12-31 20:44:24.793921,2024-12-31 20:44:40.257810,0 days 00:00:15.463889,4,10,5.0,50.0,10.0,,,,,,,2,6.0,2.0,3.0,,,,,,,COMPLETE
121,121,0.8455988619609822,2024-12-31 20:44:40.258308,2024-12-31 20:44:53.093032,0 days 00:00:12.834724,3,15,5.0,90.0,,,,,,,,2,6.0,2.0,,,,,,,,COMPLETE
