,number,value,datetime_start,datetime_complete,duration,params_depth,params_neurons_layer_0,params_neurons_layer_1,params_neurons_layer_2,params_neurons_layer_3,params_neurons_layer_4,params_neurons_layer_5,params_neurons_layer_6,params_neurons_layer_7,params_neurons_layer_8,params_neurons_layer_9,params_orders_layer_0,params_orders_layer_1,params_orders_layer_2,params_orders_layer_3,params_orders_layer_4,params_orders_layer_5,params_orders_layer_6,params_orders_layer_7,params_orders_layer_8,params_orders_layer_9,state
534,534,0.8299309906518257,2024-12-31 23:34:47.295600,2024-12-31 23:35:06.629769,0 days 00:00:19.334169,3,25,10.0,30.0,,,,,,,,2,3.0,3.0,,,,,,,,COMPLETE
535,535,0.8692887164703841,2024-12-31 23:35:06.630356,2024-12-31 23:35:22.671537,0 days 00:00:16.041181,2,50,5.0,,,,,,,,,6,3.0,,,,,,,,,COMPLETE
536,536,0.8749603826582685,2024-12-31 23:35:22.672104,2024-12-31 23:35:47.114295,0 days 00:00:24.442191,4,15,10.0,25.0,30.0,,,,,,,2,3.0,3.0,3.0,,,,,,,COMPLETE
537,537,0.850759428393115,2024-12-31 23:35:47.115025,2024-12-31 23:36:23.345597,0 days 00:00:36.230572,4,20,5.0,85.0,65.0,,,,,,,2,3.0,3.0,3.0,,,,,,,COMPLETE
538,538,0.8357932749250225,2024-12-31 23:36:23.346354,2024-12-31 23:36:40.742969,0 days 00:00:17.396615,3,20,10.0,25.0,,,,,,,,2,2.0,3.0,,,,,,,,COMPLETE
539,539,0.8394600511664135,2024-12-31 23:36:40.743527,2024-12-31 23:37:09.500062,0 days 00:00:28.756535,4,15,5.0,30.0,35.0,,,,,,,2,3.0,3.0,5.0,,,,,,,COMPLETE
540,540,0.8878945525712194,2024-12-31 23:37:09.500788,2024-12-31 23:37:28.015679,0 days 00:00:18.514891,3,20,5.0,15.0,,,,,,,,2,3.0,3.0,,,,,,,,COMPLETE
541,541,0.8818014593694329,2024-12-31 23:37:28.016354,2024-12-31 23:37:47.436475,0 days 00:00:19.420121,3,20,5.0,15.0,,,,,,,,2,3.0,3.0,,,,,,,,COMPLETE
542,542,0.8563047182762422,2024-12-31 23:37:47.437064,2024-12-31 23:38:06.430820,0 days 00:00:18.993756,3,25,5.0,5.0,,,,,,,,2,3.0,3.0,,,,,,,,COMPLETE
543,543,0.8694195874200359,2024-12-31 23:38:06.431358,2024-12-31 23:38:24.892707,0 days 00:00:18.461349,3,20,5.0,15.0,,,,,,,,2,3.0,3.0,,,,,,,,COMPLETE
544,544,0.8838204109837444,2024-12-31 23:38:24.893261,2024-12-31 23:38:44.351389,0 days 00:00:19.458128,3,25,5.0,20.0,,,,,,,,2,3.0,3.0,,,,,,,,COMPLETE
545,545,0.8544603998092051,2024-12-31 23:38:44.352097,2024-12-31 23:39:03.738042,0 days 00:00:19.385945,3,20,5.0,35.0,,,,,,,,2,3.0,3.0,,,,,,,,COMPLETE
546,546,0.8874159713488633,2024-12-31 23:39:03.738722,2024-12-31 23:39:22.645083,0 days 00:00:18.906361,3,20,5.0,10.0,,,,,,,,2,3.0,3.0,,,,,,,,COMPLETE
547,547,0.8666083613594886,2024-12-31 23:39:22.645659,2024-12-31 23:39:42.237281,0 days 00:00:19.591622,3,25,5.0,35.0,,,,,,,,2,3.0,3.0,,,,,,,,COMPLETE
548,548,0.8247727256725231,2024-12-31 23:39:42.237970,2024-12-31 23:40:00.764749,0 days 00:00:18.526779,3,5,5.0,10.0,,,,,,,,2,3.0,3.0,,,,,,,,COMPLETE
549,549,0.8830358590652478,2024-12-31 23:40:00.765450,2024-12-31 23:40:14.432635,0 days 00:00:13.667185,2,20,10.0,,,,,,,,,2,3.0,,,,,,,,,COMPLETE
550,550,0.8864711342594005,2024-12-31 23:40:14.433245,2024-12-31 23:40:33.623486,0 days 00:00:19.190241,3,15,5.0,30.0,,,,,,,,2,3.0,3.0,,,,,,,,COMPLETE
551,551,0.8818026626623696,2024-12-31 23:40:33.624069,2024-12-31 23:40:52.579176,0 days 00:00:18.955107,3,15,10.0,10.0,,,,,,,,2,3.0,3.0,,,,,,,,COMPLETE
552,552,0.7989994394031528,2024-12-31 23:40:52.579875,2024-12-31 23:41:11.889610,0 days 00:00:19.309735,3,30,5.0,10.0,,,,,,,,2,3.0,3.0,,,,,,,,COMPLETE
553,553,0.8928904831472795,2024-12-31 23:41:11.890305,2024-12-31 23:41:30.674347,0 days 00:00:18.784042,3,15,5.0,15.0,,,,,,,,2,3.0,3.0,,,,,,,,COMPLETE
554,554,0.8555757719109914,2024-12-31 23:41:30.674988,2024-12-31 23:41:44.488837,0 days 00:00:13.813849,2,15,10.0,,,,,,,,,2,3.0,,,,,,,,,COMPLETE
555,555,0.7543853616227845,2024-12-31 23:41:44.489370,2024-12-31 23:42:03.371029,0 days 00:00:18.881659,3,15,5.0,15.0,,,,,,,,2,3.0,3.0,,,,,,,,COMPLETE
556,556,0.8734028726277121,2024-12-31 23:42:03.371776,2024-12-31 23:42:23.427976,0 days 00:00:20.056200,3,15,5.0,5.0,,,,,,,,5,3.0,3.0,,,,,,,,COMPLETE
557,557,0.869391868326576,2024-12-31 23:42:23.428677,2024-12-31 23:42:42.340785,0 days 00:00:18.912108,3,15,10.0,15.0,,,,,,,,2,3.0,3.0,,,,,,,,COMPLETE
558,558,0.8686502827313348,2024-12-31 23:42:42.341367,2024-12-31 23:43:01.102909,0 days 00:00:18.761542,3,15,5.0,15.0,,,,,,,,2,3.0,3.0,,,,,,,,COMPLETE
559,559,0.855335990344539,2024-12-31 23:43:01.103469,2024-12-31 23:43:20.078486,0 days 00:00:18.975017,3,15,10.0,10.0,,,,,,,,2,3.0,3.0,,,,,,,,COMPLETE
560,560,0.835360130988773,2024-12-31 23:43:20.079211,2024-12-31 23:43:40.756106,0 days 00:00:20.676895,3,15,5.0,15.0,,,,,,,,2,3.0,4.0,,,,,,,,COMPLETE
561,561,0.8459030689679726,2024-12-31 23:43:40.756805,2024-12-31 23:43:59.483414,0 days 00:00:18.726609,3,15,5.0,10.0,,,,,,,,2,3.0,3.0,,,,,,,,COMPLETE
562,562,0.8806653761461953,2024-12-31 23:43:59.483990,2024-12-31 23:44:13.100577,0 days 00:00:13.616587,2,10,10.0,,,,,,,,,2,3.0,,,,,,,,,COMPLETE
563,563,0.8335786871944939,2024-12-31 23:44:13.101144,2024-12-31 23:44:31.878058,0 days 00:00:18.776914,3,15,5.0,5.0,,,,,,,,2,3.0,3.0,,,,,,,,COMPLETE
564,564,0.8628409307390963,2024-12-31 23:44:31.878757,2024-12-31 23:44:50.611910,0 days 00:00:18.733153,3,20,5.0,10.0,,,,,,,,2,3.0,3.0,,,,,,,,COMPLETE
565,565,0.8545700872360196,2024-12-31 23:44:50.612603,2024-12-31 23:45:09.441899,0 days 00:00:18.829296,3,15,10.0,10.0,,,,,,,,2,3.0,3.0,,,,,,,,COMPLETE
566,566,0.8674042758803024,2024-12-31 23:45:09.442487,2024-12-31 23:45:28.424769,0 days 00:00:18.982282,3,10,5.0,30.0,,,,,,,,2,3.0,3.0,,,,,,,,COMPLETE
567,567,0.8689651509806953,2024-12-31 23:45:28.425327,2024-12-31 23:45:48.514577,0 days 00:00:20.089250,3,20,5.0,15.0,,,,,,,,3,3.0,3.0,,,,,,,,COMPLETE
568,568,0.8044568077468884,2024-12-31 23:45:48.515267,2024-12-31 23:46:07.817094,0 days 00:00:19.301827,3,10,10.0,35.0,,,,,,,,2,3.0,3.0,,,,,,,,COMPLETE
569,569,0.8553942068089877,2024-12-31 23:46:07.817826,2024-12-31 23:46:26.548366,0 days 00:00:18.730540,3,15,5.0,10.0,,,,,,,,2,3.0,3.0,,,,,,,,COMPLETE
570,570,0.8505865529639214,2024-12-31 23:46:26.548944,2024-12-31 23:46:40.213530,0 days 00:00:13.664586,2,20,5.0,,,,,,,,,2,3.0,,,,,,,,,COMPLETE
571,571,0.8675502903874315,2024-12-31 23:46:40.214083,2024-12-31 23:46:59.346058,0 days 00:00:19.131975,3,15,10.0,30.0,,,,,,,,2,3.0,3.0,,,,,,,,COMPLETE
572,572,0.8618260525967516,2024-12-31 23:46:59.346624,2024-12-31 23:47:18.215145,0 days 00:00:18.868521,3,10,5.0,15.0,,,,,,,,2,3.0,3.0,,,,,,,,COMPLETE
573,573,0.8377637175012687,2024-12-31 23:47:18.215980,2024-12-31 23:47:40.958750,0 days 00:00:22.742770,3,65,5.0,35.0,,,,,,,,2,3.0,3.0,,,,,,,,COMPLETE
574,574,0.8606558256090966,2024-12-31 23:47:40.959337,2024-12-31 23:48:33.494528,0 days 00:00:52.535191,6,20,10.0,30.0,80.0,45.0,95.0,,,,,2,2.0,3.0,3.0,6.0,6.0,,,,,COMPLETE
575,575,0.8810182662538979,2024-12-31 23:48:33.495510,2024-12-31 23:48:52.235051,0 days 00:00:18.739541,3,15,10.0,5.0,,,,,,,,2,3.0,3.0,,,,,,,,COMPLETE
576,576,0.8846856767489037,2024-12-31 23:48:52.235610,2024-12-31 23:49:16.772082,0 days 00:00:24.536472,3,15,5.0,85.0,,,,,,,,2,3.0,3.0,,,,,,,,COMPLETE
577,577,0.8662443252701674,2024-12-31 23:49:16.772650,2024-12-31 23:49:35.714485,0 days 00:00:18.941835,3,10,5.0,30.0,,,,,,,,2,3.0,3.0,,,,,,,,COMPLETE
578,578,0.8775745383104907,2024-12-31 23:49:35.715306,2024-12-31 23:49:54.443798,0 days 00:00:18.728492,3,20,10.0,5.0,,,,,,,,2,3.0,3.0,,,,,,,,COMPLETE
579,579,0.8606075549529009,2024-12-31 23:49:54.444427,2024-12-31 23:50:15.035337,0 days 00:00:20.590910,3,40,5.0,35.0,,,,,,,,2,3.0,3.0,,,,,,,,COMPLETE
580,580,0.8564043462365536,2024-12-31 23:50:15.035949,2024-12-31 23:50:34.127085,0 days 00:00:19.091136,3,10,10.0,20.0,,,,,,,,2,3.0,3.0,,,,,,,,COMPLETE
581,581,0.863838401645715,2024-12-31 23:50:34.127922,2024-12-31 23:50:58.777177,0 days 00:00:24.649255,3,15,5.0,85.0,,,,,,,,2,3.0,3.0,,,,,,,,COMPLETE
582,582,0.859440813362382,2024-12-31 23:50:58.777760,2024-12-31 23:51:32.319455,0 days 00:00:33.541695,5,25,5.0,15.0,30.0,65.0,,,,,,2,3.0,3.0,3.0,6.0,,,,,,COMPLETE
583,583,0.8305418043475619,2024-12-31 23:51:32.320094,2024-12-31 23:51:46.134318,0 days 00:00:13.814224,2,20,5.0,,,,,,,,,2,3.0,,,,,,,,,COMPLETE
584,584,0.8712060114914805,2024-12-31 23:51:46.135172,2024-12-31 23:52:04.896734,0 days 00:00:18.761562,3,10,10.0,30.0,,,,,,,,2,3.0,3.0,,,,,,,,COMPLETE
585,585,0.887345951030114,2024-12-31 23:52:04.897319,2024-12-31 23:52:28.670065,0 days 00:00:23.772746,3,15,5.0,80.0,,,,,,,,2,3.0,3.0,,,,,,,,COMPLETE
586,586,0.8702496679347455,2024-12-31 23:52:28.670642,2024-12-31 23:52:52.903001,0 days 00:00:24.232359,3,15,5.0,80.0,,,,,,,,2,3.0,3.0,,,,,,,,COMPLETE
587,587,0.8808626712194356,2024-12-31 23:52:52.903817,2024-12-31 23:53:17.057882,0 days 00:00:24.154065,3,15,5.0,80.0,,,,,,,,2,3.0,3.0,,,,,,,,COMPLETE
588,588,0.8445326834697544,2024-12-31 23:53:17.058524,2024-12-31 23:53:41.068219,0 days 00:00:24.009695,3,15,10.0,80.0,,,,,,,,2,3.0,3.0,,,,,,,,COMPLETE
589,589,0.8479656758057394,2024-12-31 23:53:41.068796,2024-12-31 23:53:54.701046,0 days 00:00:13.632250,2,10,5.0,,,,,,,,,2,3.0,,,,,,,,,COMPLETE
590,590,0.8261544470304698,2024-12-31 23:53:54.701600,2024-12-31 23:54:18.318805,0 days 00:00:23.617205,3,10,10.0,80.0,,,,,,,,2,3.0,3.0,,,,,,,,COMPLETE
591,591,0.8732162243967865,2024-12-31 23:54:18.319642,2024-12-31 23:54:42.470399,0 days 00:00:24.150757,3,15,5.0,80.0,,,,,,,,2,3.0,3.0,,,,,,,,COMPLETE
592,592,0.8532670226882604,2024-12-31 23:54:42.470990,2024-12-31 23:55:07.481792,0 days 00:00:25.010802,3,15,10.0,85.0,,,,,,,,2,3.0,3.0,,,,,,,,COMPLETE
593,593,0.8617763143257171,2024-12-31 23:55:07.482381,2024-12-31 23:55:54.077744,0 days 00:00:46.595363,6,10,5.0,30.0,25.0,60.0,100.0,,,,,2,3.0,3.0,3.0,6.0,6.0,,,,,COMPLETE
594,594,0.8458835310897339,2024-12-31 23:55:54.078688,2024-12-31 23:56:13.106841,0 days 00:00:19.028153,3,15,5.0,20.0,,,,,,,,2,3.0,3.0,,,,,,,,COMPLETE
595,595,0.860858881354192,2024-12-31 23:56:13.107411,2024-12-31 23:56:42.595891,0 days 00:00:29.488480,3,15,10.0,85.0,,,,,,,,2,3.0,4.0,,,,,,,,COMPLETE
596,596,0.8789057631908834,2024-12-31 23:56:42.596626,2024-12-31 23:57:06.067422,0 days 00:00:23.470796,3,10,5.0,80.0,,,,,,,,2,3.0,3.0,,,,,,,,COMPLETE
597,597,0.836344236651626,2024-12-31 23:57:06.068095,2024-12-31 23:57:25.719418,0 days 00:00:19.651323,3,15,15.0,35.0,,,,,,,,2,3.0,3.0,,,,,,,,COMPLETE
598,598,0.8605446593688051,2024-12-31 23:57:25.720113,2024-12-31 23:57:50.342448,0 days 00:00:24.622335,3,10,5.0,90.0,,,,,,,,2,3.0,3.0,,,,,,,,COMPLETE
599,599,0.8518064558653362,2024-12-31 23:57:50.343038,2024-12-31 23:58:09.357967,0 days 00:00:19.014929,3,20,10.0,20.0,,,,,,,,2,3.0,3.0,,,,,,,,COMPLETE
600,600,0.8595344687012454,2024-12-31 23:58:09.358710,2024-12-31 23:58:26.050974,0 days 00:00:16.692264,2,60,5.0,,,,,,,,,2,3.0,,,,,,,,,COMPLETE
601,601,0.8318331217826976,2024-12-31 23:58:26.051624,2024-12-31 23:58:47.203595,0 days 00:00:21.151971,3,10,5.0,10.0,,,,,,,,2,5.0,3.0,,,,,,,,COMPLETE
602,602,0.8802076305777613,2024-12-31 23:58:47.204219,2024-12-31 23:59:06.080387,0 days 00:00:18.876168,3,15,10.0,30.0,,,,,,,,2,3.0,3.0,,,,,,,,COMPLETE
603,603,0.8594687714474467,2024-12-31 23:59:06.080990,2024-12-31 23:59:24.934424,0 days 00:00:18.853434,3,20,5.0,30.0,,,,,,,,2,3.0,3.0,,,,,,,,COMPLETE
604,604,0.8674806849201754,2024-12-31 23:59:24.935005,2024-12-31 23:59:49.519396,0 days 00:00:24.584391,3,15,5.0,85.0,,,,,,,,2,3.0,3.0,,,,,,,,COMPLETE
605,605,0.8434931031611668,2024-12-31 23:59:49.520240,2025-01-01 00:00:08.388697,0 days 00:00:18.868457,3,10,10.0,30.0,,,,,,,,2,3.0,3.0,,,,,,,,COMPLETE
606,606,0.866060219503539,2025-01-01 00:00:08.389288,2025-01-01 00:00:32.065398,0 days 00:00:23.676110,3,15,5.0,80.0,,,,,,,,2,3.0,3.0,,,,,,,,COMPLETE
607,607,0.8260384646482231,2025-01-01 00:00:32.066006,2025-01-01 00:00:53.983633,0 days 00:00:21.917627,3,20,15.0,35.0,,,,,,,,2,5.0,3.0,,,,,,,,COMPLETE
608,608,0.8397284353999126,2025-01-01 00:00:53.984380,2025-01-01 00:01:25.276150,0 days 00:00:31.291770,5,10,10.0,15.0,35.0,75.0,,,,,,6,3.0,3.0,5.0,5.0,,,,,,COMPLETE
609,609,0.8492368129510741,2025-01-01 00:01:25.276929,2025-01-01 00:01:49.073608,0 days 00:00:23.796679,3,20,5.0,75.0,,,,,,,,2,3.0,3.0,,,,,,,,COMPLETE
610,610,0.7946900340351919,2025-01-01 00:01:49.074198,2025-01-01 00:02:02.681051,0 days 00:00:13.606853,2,15,5.0,,,,,,,,,2,3.0,,,,,,,,,COMPLETE
611,611,0.8722056221974481,2025-01-01 00:02:02.681601,2025-01-01 00:02:23.041223,0 days 00:00:20.359622,3,15,10.0,30.0,,,,,,,,3,3.0,3.0,,,,,,,,COMPLETE
612,612,0.8821644206325104,2025-01-01 00:02:23.042003,2025-01-01 00:02:48.115983,0 days 00:00:25.073980,3,10,5.0,90.0,,,,,,,,2,3.0,3.0,,,,,,,,COMPLETE
613,613,0.8404917506736556,2025-01-01 00:02:48.116686,2025-01-01 00:03:07.235657,0 days 00:00:19.118971,3,15,10.0,10.0,,,,,,,,2,2.0,4.0,,,,,,,,COMPLETE
614,614,0.8635621334048527,2025-01-01 00:03:07.236243,2025-01-01 00:03:26.571093,0 days 00:00:19.334850,3,20,5.0,35.0,,,,,,,,2,3.0,3.0,,,,,,,,COMPLETE
615,615,0.841894886222178,2025-01-01 00:03:26.571682,2025-01-01 00:03:45.618246,0 days 00:00:19.046564,3,10,5.0,30.0,,,,,,,,2,3.0,3.0,,,,,,,,COMPLETE
616,616,0.8389162561576354,2025-01-01 00:03:45.618998,2025-01-01 00:04:04.223401,0 days 00:00:18.604403,3,15,10.0,20.0,,,,,,,,2,3.0,3.0,,,,,,,,COMPLETE
617,617,0.8491189335386844,2025-01-01 00:04:04.224091,2025-01-01 00:04:22.815055,0 days 00:00:18.590964,3,10,5.0,15.0,,,,,,,,2,3.0,3.0,,,,,,,,COMPLETE
618,618,0.8605525365035543,2025-01-01 00:04:22.815644,2025-01-01 00:04:36.471764,0 days 00:00:13.656120,2,20,5.0,,,,,,,,,2,3.0,,,,,,,,,COMPLETE
619,619,0.8636895854817437,2025-01-01 00:04:36.472325,2025-01-01 00:04:55.583101,0 days 00:00:19.110776,3,15,5.0,30.0,,,,,,,,2,3.0,3.0,,,,,,,,COMPLETE
620,620,0.870203076398788,2025-01-01 00:04:55.583708,2025-01-01 00:05:14.375597,0 days 00:00:18.791889,3,20,10.0,25.0,,,,,,,,2,3.0,3.0,,,,,,,,COMPLETE
621,621,0.8488369625066019,2025-01-01 00:05:14.376381,2025-01-01 00:05:38.623651,0 days 00:00:24.247270,3,10,5.0,85.0,,,,,,,,2,3.0,3.0,,,,,,,,COMPLETE
622,622,0.8294373811246646,2025-01-01 00:05:38.624364,2025-01-01 00:06:09.241121,0 days 00:00:30.616757,4,15,15.0,80.0,25.0,,,,,,,2,3.0,3.0,3.0,,,,,,,COMPLETE
623,623,0.8686221147883302,2025-01-01 00:06:09.241750,2025-01-01 00:06:28.878462,0 days 00:00:19.636712,3,25,10.0,40.0,,,,,,,,2,3.0,3.0,,,,,,,,COMPLETE
624,624,0.8606085810019175,2025-01-01 00:06:28.879072,2025-01-01 00:06:45.080184,0 days 00:00:16.201112,4,5,5.0,10.0,30.0,,,,,,,2,5.0,3.0,5.0,,,,,,,COMPLETE
625,625,0.893034043314574,2025-01-01 00:06:45.081145,2025-01-01 00:07:09.572355,0 days 00:00:24.491210,3,15,5.0,85.0,,,,,,,,2,3.0,3.0,,,,,,,,COMPLETE
626,626,0.8802706773470914,2025-01-01 00:07:09.573000,2025-01-01 00:07:34.812126,0 days 00:00:25.239126,3,20,10.0,85.0,,,,,,,,2,3.0,3.0,,,,,,,,COMPLETE
627,627,0.8820421116624386,2025-01-01 00:07:34.812738,2025-01-01 00:08:07.541276,0 days 00:00:32.728538,4,10,5.0,85.0,45.0,,,,,,,2,3.0,3.0,3.0,,,,,,,COMPLETE
628,628,0.8787636931919778,2025-01-01 00:08:07.542214,2025-01-01 00:08:33.182243,0 days 00:00:25.640029,3,15,15.0,85.0,,,,,,,,2,3.0,3.0,,,,,,,,COMPLETE
629,629,0.8369146161851777,2025-01-01 00:08:33.182877,2025-01-01 00:09:12.244054,0 days 00:00:39.061177,5,20,5.0,90.0,20.0,50.0,,,,,,2,3.0,3.0,3.0,6.0,,,,,,COMPLETE
630,630,0.8583894395492142,2025-01-01 00:09:12.244936,2025-01-01 00:09:38.824971,0 days 00:00:26.580035,3,10,10.0,80.0,,,,,,,,5,3.0,3.0,,,,,,,,COMPLETE
631,631,0.8129568426678306,2025-01-01 00:09:38.825722,2025-01-01 00:10:10.675952,0 days 00:00:31.850230,4,15,5.0,80.0,40.0,,,,,,,2,3.0,3.0,3.0,,,,,,,COMPLETE
632,632,0.8549554507185728,2025-01-01 00:10:10.676622,2025-01-01 00:10:24.279087,0 days 00:00:13.602465,2,25,5.0,,,,,,,,,2,3.0,,,,,,,,,COMPLETE
633,633,0.8507420334064209,2025-01-01 00:10:24.279695,2025-01-01 00:10:53.919906,0 days 00:00:29.640211,4,15,5.0,85.0,25.0,,,,,,,2,3.0,3.0,3.0,,,,,,,COMPLETE
634,634,0.8174821097149807,2025-01-01 00:10:53.920813,2025-01-01 00:11:12.780968,0 days 00:00:18.860155,3,5,10.0,25.0,,,,,,,,2,3.0,3.0,,,,,,,,COMPLETE
635,635,0.8635259055479139,2025-01-01 00:11:12.781602,2025-01-01 00:11:43.472812,0 days 00:00:30.691210,3,80,5.0,85.0,,,,,,,,2,5.0,3.0,,,,,,,,COMPLETE
636,636,0.8456476033733504,2025-01-01 00:11:43.473423,2025-01-01 00:12:02.519500,0 days 00:00:19.046077,3,10,10.0,35.0,,,,,,,,2,3.0,3.0,,,,,,,,COMPLETE
637,637,0.8450759775624286,2025-01-01 00:12:02.520277,2025-01-01 00:12:35.198859,0 days 00:00:32.678582,4,20,5.0,90.0,5.0,,,,,,,2,3.0,3.0,5.0,,,,,,,COMPLETE
638,638,0.8612427576282446,2025-01-01 00:12:35.199585,2025-01-01 00:13:00.849822,0 days 00:00:25.650237,3,25,10.0,85.0,,,,,,,,2,3.0,3.0,,,,,,,,COMPLETE
639,639,0.8607536901193409,2025-01-01 00:13:00.850408,2025-01-01 00:13:24.306515,0 days 00:00:23.456107,3,10,5.0,75.0,,,,,,,,3,3.0,3.0,,,,,,,,COMPLETE
640,640,0.8671547030041133,2025-01-01 00:13:24.307274,2025-01-01 00:13:41.614601,0 days 00:00:17.307327,3,15,5.0,30.0,,,,,,,,2,2.0,3.0,,,,,,,,COMPLETE
641,641,0.8584999568372902,2025-01-01 00:13:41.615353,2025-01-01 00:14:06.223432,0 days 00:00:24.608079,4,30,10.0,25.0,20.0,,,,,,,2,3.0,3.0,3.0,,,,,,,COMPLETE
642,642,0.805363383673765,2025-01-01 00:14:06.224042,2025-01-01 00:14:26.288938,0 days 00:00:20.064896,3,35,5.0,30.0,,,,,,,,2,3.0,3.0,,,,,,,,COMPLETE
643,643,0.8753642495822591,2025-01-01 00:14:26.289528,2025-01-01 00:14:58.176779,0 days 00:00:31.887251,4,20,10.0,80.0,35.0,,,,,,,2,3.0,3.0,3.0,,,,,,,COMPLETE
644,644,0.8489540541929053,2025-01-01 00:14:58.177655,2025-01-01 00:15:17.190039,0 days 00:00:19.012384,3,15,15.0,20.0,,,,,,,,2,3.0,3.0,,,,,,,,COMPLETE
645,645,0.8337234506903849,2025-01-01 00:15:17.190648,2025-01-01 00:15:47.505711,0 days 00:00:30.315063,5,10,5.0,10.0,5.0,90.0,,,,,,2,5.0,3.0,3.0,5.0,,,,,,COMPLETE
646,646,0.8377179146543208,2025-01-01 00:15:47.506335,2025-01-01 00:16:06.413407,0 days 00:00:18.907072,3,20,10.0,15.0,,,,,,,,2,3.0,3.0,,,,,,,,COMPLETE
647,647,0.8431445615963695,2025-01-01 00:16:06.414040,2025-01-01 00:16:42.235063,0 days 00:00:35.821023,4,15,5.0,30.0,70.0,,,,,,,2,3.0,3.0,5.0,,,,,,,COMPLETE
648,648,0.8778954604475901,2025-01-01 00:16:42.235983,2025-01-01 00:17:03.184289,0 days 00:00:20.948306,3,10,10.0,35.0,,,,,,,,2,3.0,4.0,,,,,,,,COMPLETE
649,649,0.839399292259218,2025-01-01 00:17:03.184884,2025-01-01 00:17:16.797834,0 days 00:00:13.612950,2,20,5.0,,,,,,,,,2,3.0,,,,,,,,,COMPLETE
650,650,0.8566783106772295,2025-01-01 00:17:16.798395,2025-01-01 00:17:58.982184,0 days 00:00:42.183789,6,15,5.0,5.0,25.0,40.0,85.0,,,,,2,3.0,3.0,3.0,6.0,6.0,,,,,COMPLETE
651,651,0.8568591742086495,2025-01-01 00:17:58.983146,2025-01-01 00:18:27.746090,0 days 00:00:28.762944,3,55,5.0,90.0,,,,,,,,2,3.0,3.0,,,,,,,,COMPLETE
652,652,0.8474489228373318,2025-01-01 00:18:27.746704,2025-01-01 00:18:46.404467,0 days 00:00:18.657763,3,5,5.0,25.0,,,,,,,,2,3.0,3.0,,,,,,,,COMPLETE
653,653,0.8572273364453373,2025-01-01 00:18:46.405054,2025-01-01 00:19:17.173324,0 days 00:00:30.768270,4,10,10.0,85.0,30.0,,,,,,,2,3.0,3.0,3.0,,,,,,,COMPLETE
654,654,0.8387093444752467,2025-01-01 00:19:17.174257,2025-01-01 00:19:41.732287,0 days 00:00:24.558030,3,20,5.0,80.0,,,,,,,,2,3.0,3.0,,,,,,,,COMPLETE
655,655,0.8410604805302402,2025-01-01 00:19:41.732896,2025-01-01 00:20:00.850612,0 days 00:00:19.117716,3,15,10.0,30.0,,,,,,,,2,3.0,3.0,,,,,,,,COMPLETE
656,656,0.8946731092016748,2025-01-01 00:20:00.851200,2025-01-01 00:20:24.741499,0 days 00:00:23.890299,4,15,5.0,20.0,5.0,,,,,,,2,3.0,3.0,3.0,,,,,,,COMPLETE
657,657,0.8523287288147974,2025-01-01 00:20:24.742308,2025-01-01 00:20:48.616523,0 days 00:00:23.874215,4,10,5.0,20.0,5.0,,,,,,,2,3.0,3.0,3.0,,,,,,,COMPLETE
658,658,0.8788191557220695,2025-01-01 00:20:48.617261,2025-01-01 00:21:15.885918,0 days 00:00:27.268657,4,15,10.0,15.0,5.0,,,,,,,5,5.0,3.0,4.0,,,,,,,COMPLETE
659,659,0.8784481335100828,2025-01-01 00:21:15.886576,2025-01-01 00:21:41.456642,0 days 00:00:25.570066,4,20,5.0,20.0,5.0,,,,,,,2,3.0,3.0,4.0,,,,,,,COMPLETE
660,660,0.8618715491257256,2025-01-01 00:21:41.457300,2025-01-01 00:22:05.037707,0 days 00:00:23.580407,4,10,10.0,20.0,5.0,,,,,,,2,3.0,3.0,3.0,,,,,,,COMPLETE
661,661,0.8492900069671042,2025-01-01 00:22:05.038541,2025-01-01 00:22:30.803100,0 days 00:00:25.764559,4,25,15.0,20.0,20.0,,,,,,,2,3.0,3.0,4.0,,,,,,,COMPLETE
662,662,0.8786667917408422,2025-01-01 00:22:30.803858,2025-01-01 00:22:58.156863,0 days 00:00:27.353005,4,15,5.0,25.0,5.0,,,,,,,2,3.0,3.0,5.0,,,,,,,COMPLETE
663,663,0.8483481184005239,2025-01-01 00:22:58.157553,2025-01-01 00:23:22.190116,0 days 00:00:24.032563,4,20,15.0,15.0,10.0,,,,,,,2,3.0,3.0,3.0,,,,,,,COMPLETE
664,664,0.8660715018130078,2025-01-01 00:23:22.190776,2025-01-01 00:23:48.193840,0 days 00:00:26.003064,4,15,5.0,20.0,20.0,,,,,,,2,3.0,3.0,4.0,,,,,,,COMPLETE
665,665,0.8288458283012887,2025-01-01 00:23:48.194667,2025-01-01 00:24:21.088372,0 days 00:00:32.893705,5,5,5.0,25.0,5.0,40.0,,,,,,2,3.0,3.0,3.0,5.0,,,,,,COMPLETE
666,666,0.8413468671251132,2025-01-01 00:24:21.089219,2025-01-01 00:24:46.694680,0 days 00:00:25.605461,4,10,10.0,15.0,10.0,,,,,,,2,3.0,3.0,4.0,,,,,,,COMPLETE
667,667,0.8430078547027546,2025-01-01 00:24:46.695331,2025-01-01 00:25:14.889175,0 days 00:00:28.193844,4,25,5.0,75.0,5.0,,,,,,,2,3.0,3.0,3.0,,,,,,,COMPLETE
668,668,0.8578659393338293,2025-01-01 00:25:14.890006,2025-01-01 00:25:58.203884,0 days 00:00:43.313878,5,15,10.0,15.0,50.0,55.0,,,,,,2,3.0,3.0,4.0,5.0,,,,,,COMPLETE
669,669,0.8610620293974353,2025-01-01 00:25:58.204698,2025-01-01 00:26:30.855815,0 days 00:00:32.651117,4,20,5.0,25.0,65.0,,,,,,,2,3.0,4.0,4.0,,,,,,,COMPLETE
670,670,0.8433608960587439,2025-01-01 00:26:30.856467,2025-01-01 00:26:54.866384,0 days 00:00:24.009917,4,10,10.0,20.0,20.0,,,,,,,3,2.0,3.0,3.0,,,,,,,COMPLETE
671,671,0.8615613272718994,2025-01-01 00:26:54.867209,2025-01-01 00:27:38.194232,0 days 00:00:43.327023,4,15,5.0,75.0,75.0,,,,,,,2,3.0,3.0,5.0,,,,,,,COMPLETE
672,672,0.8530800289994511,2025-01-01 00:27:38.195025,2025-01-01 00:28:07.582722,0 days 00:00:29.387697,4,20,5.0,85.0,10.0,,,,,,,2,3.0,3.0,3.0,,,,,,,COMPLETE
673,673,0.8264106335407535,2025-01-01 00:28:07.583540,2025-01-01 00:28:38.469516,0 days 00:00:30.885976,5,5,5.0,95.0,25.0,30.0,,,,,,2,5.0,3.0,4.0,6.0,,,,,,COMPLETE
