,number,value,datetime_start,datetime_complete,duration,params_depth,params_neurons_layer_0,params_neurons_layer_1,params_neurons_layer_2,params_neurons_layer_3,params_neurons_layer_4,params_neurons_layer_5,params_neurons_layer_6,params_neurons_layer_7,params_neurons_layer_8,params_neurons_layer_9,params_orders_layer_0,params_orders_layer_1,params_orders_layer_2,params_orders_layer_3,params_orders_layer_4,params_orders_layer_5,params_orders_layer_6,params_orders_layer_7,params_orders_layer_8,params_orders_layer_9,state
0,0,0.6115978306216103,2025-01-01 13:29:56.274810,2025-01-01 13:30:03.843445,0 days 00:00:07.568635,4,10,90.0,10.0,40.0,,,,,,,5,3.0,3.0,4.0,,,,,,,COMPLETE
1,1,0.603363412633306,2025-01-01 13:30:03.843971,2025-01-01 13:30:11.106694,0 days 00:00:07.262723,1,30,,,,,,,,,,5,,,,,,,,,,COMPLETE
2,2,0.5363408521303258,2025-01-01 13:30:11.107106,2025-01-01 13:30:39.775248,0 days 00:00:28.668142,6,70,100.0,30.0,35.0,100.0,5.0,,,,,2,2.0,6.0,5.0,5.0,4.0,,,,,COMPLETE
3,3,0.5440850686752325,2025-01-01 13:30:39.775937,2025-01-01 13:30:48.692473,0 days 00:00:08.916536,2,25,70.0,,,,,,,,,2,4.0,,,,,,,,,COMPLETE
4,4,0.6524822695035462,2025-01-01 13:30:48.693090,2025-01-01 13:31:00.171957,0 days 00:00:11.478867,2,65,35.0,,,,,,,,,3,5.0,,,,,,,,,COMPLETE
5,5,0.47916666666666663,2025-01-01 13:31:00.172391,2025-01-01 13:31:06.671757,0 days 00:00:06.499366,2,75,15.0,,,,,,,,,2,2.0,,,,,,,,,COMPLETE
6,6,0.47665056360708535,2025-01-01 13:31:06.672143,2025-01-01 13:31:49.258361,0 days 00:00:42.586218,9,20,50.0,40.0,50.0,60.0,10.0,50.0,60.0,85.0,,5,2.0,3.0,3.0,4.0,2.0,3.0,5.0,5.0,,COMPLETE
7,7,0.5232456140350877,2025-01-01 13:31:49.259137,2025-01-01 13:31:57.506245,0 days 00:00:08.247108,2,40,55.0,,,,,,,,,4,2.0,,,,,,,,,COMPLETE
8,8,0.4473443223443223,2025-01-01 13:31:57.506846,2025-01-01 13:32:10.986604,0 days 00:00:13.479758,3,35,40.0,50.0,,,,,,,,6,4.0,2.0,,,,,,,,COMPLETE
9,9,0.5607843137254902,2025-01-01 13:32:10.987063,2025-01-01 13:32:30.963194,0 days 00:00:19.976131,4,45,95.0,10.0,80.0,,,,,,,6,4.0,4.0,4.0,,,,,,,COMPLETE
10,10,0.5974235104669887,2025-01-01 13:32:30.963811,2025-01-01 13:33:04.256927,0 days 00:00:33.293116,7,100,15.0,95.0,100.0,10.0,100.0,100.0,,,,3,6.0,6.0,6.0,2.0,6.0,6.0,,,,COMPLETE
11,11,0.5588499550763701,2025-01-01 13:33:04.258038,2025-01-01 13:33:13.682077,0 days 00:00:09.424039,5,5,75.0,5.0,5.0,5.0,,,,,,4,6.0,2.0,2.0,6.0,,,,,,COMPLETE
12,12,0.548440065681445,2025-01-01 13:33:13.682566,2025-01-01 13:33:33.881359,0 days 00:00:20.198793,4,65,30.0,80.0,20.0,,,,,,,4,5.0,4.0,4.0,,,,,,,COMPLETE
13,13,0.725837504813246,2025-01-01 13:33:33.881880,2025-01-01 13:34:03.511857,0 days 00:00:29.629977,8,90,75.0,70.0,60.0,100.0,75.0,10.0,5.0,,,3,3.0,4.0,6.0,2.0,6.0,2.0,2.0,,,COMPLETE
14,14,0.39487179487179486,2025-01-01 13:34:03.512640,2025-01-01 13:34:47.647430,0 days 00:00:44.134790,10,95,70.0,70.0,70.0,100.0,75.0,10.0,15.0,5.0,30.0,3,5.0,5.0,6.0,2.0,6.0,2.0,2.0,2.0,6.0,COMPLETE
15,15,0.4652406417112299,2025-01-01 13:34:47.648218,2025-01-01 13:35:20.621693,0 days 00:00:32.973475,8,85,30.0,70.0,70.0,65.0,50.0,5.0,10.0,,,3,3.0,5.0,5.0,3.0,4.0,5.0,2.0,,,COMPLETE
16,16,0.569023569023569,2025-01-01 13:35:20.623067,2025-01-01 13:35:51.170904,0 days 00:00:30.547837,7,85,5.0,100.0,95.0,80.0,55.0,45.0,,,,3,5.0,5.0,6.0,3.0,5.0,2.0,,,,COMPLETE
17,17,0.5857843137254902,2025-01-01 13:35:51.171603,2025-01-01 13:36:29.331449,0 days 00:00:38.159846,10,55,60.0,60.0,60.0,35.0,100.0,30.0,100.0,25.0,100.0,3,3.0,3.0,5.0,4.0,2.0,4.0,3.0,6.0,2.0,COMPLETE
18,18,0.5720338983050848,2025-01-01 13:36:29.332233,2025-01-01 13:37:01.855578,0 days 00:00:32.523345,8,55,85.0,85.0,30.0,40.0,70.0,80.0,35.0,,,2,5.0,4.0,2.0,2.0,5.0,3.0,6.0,,,COMPLETE
19,19,0.6124031007751938,2025-01-01 13:37:01.856402,2025-01-01 13:37:22.840543,0 days 00:00:20.984141,6,85,40.0,30.0,85.0,80.0,25.0,,,,,3,3.0,3.0,3.0,3.0,3.0,,,,,COMPLETE
20,20,0.50591985428051,2025-01-01 13:37:22.841175,2025-01-01 13:37:29.556517,0 days 00:00:06.715342,1,65,,,,,,,,,,4,,,,,,,,,,COMPLETE
21,21,0.7132107023411371,2025-01-01 13:37:29.557027,2025-01-01 13:37:42.896655,0 days 00:00:13.339628,6,85,40.0,25.0,85.0,80.0,25.0,,,,,3,3.0,3.0,3.0,3.0,3.0,,,,,COMPLETE
22,22,0.5245969408846631,2025-01-01 13:37:42.897374,2025-01-01 13:38:08.262989,0 days 00:00:25.365615,7,75,40.0,25.0,55.0,85.0,35.0,30.0,,,,3,4.0,2.0,3.0,3.0,3.0,4.0,,,,COMPLETE
23,23,0.4246031746031746,2025-01-01 13:38:08.263637,2025-01-01 13:38:24.873390,0 days 00:00:16.609753,5,90,30.0,50.0,85.0,90.0,,,,,,2,3.0,4.0,3.0,2.0,,,,,,COMPLETE
24,24,0.5384615384615385,2025-01-01 13:38:24.874255,2025-01-01 13:38:54.187554,0 days 00:00:29.313299,8,100,50.0,60.0,70.0,70.0,75.0,75.0,65.0,,,3,4.0,3.0,4.0,3.0,3.0,2.0,4.0,,,COMPLETE
25,25,0.4005787515502274,2025-01-01 13:38:54.188520,2025-01-01 13:39:35.537574,0 days 00:00:41.349054,9,80,60.0,20.0,45.0,100.0,25.0,20.0,35.0,100.0,,4,3.0,5.0,5.0,5.0,5.0,3.0,3.0,2.0,,COMPLETE
26,26,0.6053921568627452,2025-01-01 13:39:35.538777,2025-01-01 13:39:56.046332,0 days 00:00:20.507555,6,65,80.0,40.0,60.0,90.0,55.0,,,,,3,6.0,3.0,2.0,2.0,3.0,,,,,COMPLETE
27,27,0.5217948717948717,2025-01-01 13:39:56.046957,2025-01-01 13:40:19.781583,0 days 00:00:23.734626,5,90,20.0,40.0,90.0,50.0,,,,,,4,4.0,4.0,3.0,4.0,,,,,,COMPLETE
28,28,0.495640802092415,2025-01-01 13:40:19.782317,2025-01-01 13:40:31.378939,0 days 00:00:11.596622,3,50,45.0,80.0,,,,,,,,2,5.0,2.0,,,,,,,,COMPLETE
29,29,0.4205128205128205,2025-01-01 13:40:31.379502,2025-01-01 13:41:13.674764,0 days 00:00:42.295262,9,75,65.0,65.0,75.0,75.0,40.0,60.0,90.0,60.0,,4,3.0,4.0,6.0,3.0,6.0,6.0,4.0,4.0,,COMPLETE
30,30,0.6325000000000001,2025-01-01 13:41:13.675526,2025-01-01 13:41:48.414435,0 days 00:00:34.738909,7,60,35.0,20.0,60.0,55.0,90.0,35.0,,,,3,2.0,5.0,5.0,5.0,4.0,5.0,,,,COMPLETE
31,31,0.6598639455782312,2025-01-01 13:41:48.415310,2025-01-01 13:42:22.962765,0 days 00:00:34.547455,7,60,25.0,20.0,60.0,25.0,80.0,35.0,,,,3,2.0,5.0,5.0,5.0,4.0,5.0,,,,COMPLETE
32,32,0.6305418719211823,2025-01-01 13:42:22.963456,2025-01-01 13:42:59.078183,0 days 00:00:36.114727,8,80,25.0,15.0,25.0,20.0,85.0,15.0,5.0,,,3,2.0,6.0,6.0,6.0,4.0,5.0,2.0,,,COMPLETE
33,33,0.5907894736842105,2025-01-01 13:42:59.079110,2025-01-01 13:43:28.979911,0 days 00:00:29.900801,6,70,20.0,35.0,65.0,20.0,70.0,,,,,2,3.0,5.0,5.0,5.0,5.0,,,,,COMPLETE
34,34,0.43397085610200364,2025-01-01 13:43:28.980550,2025-01-01 13:44:01.610855,0 days 00:00:32.630305,7,50,5.0,55.0,50.0,35.0,85.0,25.0,,,,3,2.0,4.0,6.0,4.0,3.0,5.0,,,,COMPLETE
35,35,0.755,2025-01-01 13:44:01.611535,2025-01-01 13:44:16.279503,0 days 00:00:14.667968,6,95,45.0,5.0,80.0,45.0,65.0,,,,,2,2.0,3.0,5.0,4.0,4.0,,,,,COMPLETE
36,36,0.5535714285714286,2025-01-01 13:44:16.280095,2025-01-01 13:44:43.118086,0 days 00:00:26.837991,6,95,45.0,5.0,85.0,45.0,65.0,,,,,2,2.0,3.0,5.0,4.0,4.0,,,,,COMPLETE
37,37,0.5977891156462585,2025-01-01 13:44:43.118959,2025-01-01 13:45:05.222600,0 days 00:00:22.103641,5,95,55.0,15.0,75.0,30.0,,,,,,5,2.0,3.0,4.0,5.0,,,,,,COMPLETE
38,38,0.473015873015873,2025-01-01 13:45:05.223190,2025-01-01 13:45:19.140835,0 days 00:00:13.917645,4,15,90.0,10.0,40.0,,,,,,,2,3.0,3.0,4.0,,,,,,,COMPLETE
39,39,0.3923611111111111,2025-01-01 13:45:19.141341,2025-01-01 13:45:54.979580,0 days 00:00:35.838239,8,90,35.0,25.0,95.0,20.0,60.0,40.0,30.0,,,2,2.0,4.0,5.0,4.0,5.0,4.0,3.0,,,COMPLETE
40,40,0.4371794871794872,2025-01-01 13:45:54.980239,2025-01-01 13:46:18.967836,0 days 00:00:23.987597,6,30,45.0,15.0,80.0,50.0,85.0,,,,,2,2.0,3.0,6.0,6.0,4.0,,,,,COMPLETE
41,41,0.5842880523731588,2025-01-01 13:46:18.968751,2025-01-01 13:46:46.158486,0 days 00:00:27.189735,7,80,35.0,45.0,65.0,90.0,75.0,60.0,,,,3,3.0,6.0,4.0,3.0,3.0,3.0,,,,COMPLETE
42,42,0.5331541218637993,2025-01-01 13:46:46.159135,2025-01-01 13:46:56.223863,0 days 00:00:10.064728,3,100,20.0,30.0,,,,,,,,4,2.0,2.0,,,,,,,,COMPLETE
43,43,0.6381374722838138,2025-01-01 13:46:56.224395,2025-01-01 13:47:01.263698,0 days 00:00:05.039303,1,70,,,,,,,,,,3,,,,,,,,,,COMPLETE
44,44,0.6458333333333333,2025-01-01 13:47:01.264230,2025-01-01 13:47:29.490891,0 days 00:00:28.226661,5,60,50.0,10.0,55.0,25.0,,,,,,5,4.0,4.0,5.0,5.0,,,,,,COMPLETE
45,45,0.5166036149642708,2025-01-01 13:47:29.491949,2025-01-01 13:47:57.857081,0 days 00:00:28.365132,7,45,25.0,5.0,100.0,65.0,45.0,20.0,,,,2,2.0,2.0,5.0,4.0,2.0,6.0,,,,COMPLETE
46,46,0.36755823986194996,2025-01-01 13:47:57.857816,2025-01-01 13:48:18.394959,0 days 00:00:20.537143,4,90,10.0,20.0,45.0,,,,,,,4,3.0,6.0,6.0,,,,,,,COMPLETE
47,47,0.5844954881050041,2025-01-01 13:48:18.396011,2025-01-01 13:48:54.295494,0 days 00:00:35.899483,9,80,40.0,90.0,80.0,95.0,65.0,5.0,50.0,50.0,,3,2.0,4.0,4.0,2.0,4.0,5.0,6.0,3.0,,COMPLETE
48,48,0.5647109577221743,2025-01-01 13:48:54.296398,2025-01-01 13:49:27.410179,0 days 00:00:33.113781,6,40,55.0,75.0,75.0,10.0,25.0,,,,,3,4.0,5.0,3.0,5.0,5.0,,,,,COMPLETE
49,49,0.3626373626373627,2025-01-01 13:49:27.410932,2025-01-01 13:49:38.108511,0 days 00:00:10.697579,2,70,25.0,,,,,,,,,6,3.0,,,,,,,,,COMPLETE
50,50,0.6006725514922235,2025-01-01 13:49:38.109014,2025-01-01 13:50:15.437405,0 days 00:00:37.328391,8,60,100.0,35.0,65.0,60.0,80.0,60.0,85.0,,,4,5.0,3.0,6.0,4.0,3.0,4.0,5.0,,,COMPLETE
51,51,0.5974235104669887,2025-01-01 13:50:15.438104,2025-01-01 13:50:44.121753,0 days 00:00:28.683649,5,60,50.0,10.0,55.0,25.0,,,,,,5,4.0,4.0,5.0,5.0,,,,,,COMPLETE
52,52,0.5462962962962963,2025-01-01 13:50:44.122766,2025-01-01 13:50:58.002051,0 days 00:00:13.879285,2,55,60.0,,,,,,,,,5,6.0,,,,,,,,,COMPLETE
53,53,0.3458333333333333,2025-01-01 13:50:58.002731,2025-01-01 13:51:18.509451,0 days 00:00:20.506720,3,95,45.0,5.0,,,,,,,,6,5.0,5.0,,,,,,,,COMPLETE
54,54,0.6251025430680885,2025-01-01 13:51:18.510003,2025-01-01 13:51:59.025720,0 days 00:00:40.515717,7,85,70.0,15.0,45.0,30.0,5.0,15.0,,,,5,4.0,4.0,5.0,6.0,4.0,2.0,,,,COMPLETE
55,55,0.46374946374946374,2025-01-01 13:51:59.026417,2025-01-01 13:52:23.931343,0 days 00:00:24.904926,5,75,35.0,25.0,50.0,15.0,,,,,,3,4.0,3.0,4.0,5.0,,,,,,COMPLETE
56,56,0.5595238095238095,2025-01-01 13:52:23.932050,2025-01-01 13:52:50.725018,0 days 00:00:26.792968,6,65,50.0,10.0,40.0,5.0,95.0,,,,,5,3.0,4.0,4.0,2.0,4.0,,,,,COMPLETE
57,57,0.5140977443609023,2025-01-01 13:52:50.726067,2025-01-01 13:52:57.451369,0 days 00:00:06.725302,1,60,,,,,,,,,,4,,,,,,,,,,COMPLETE
58,58,0.495640802092415,2025-01-01 13:52:57.452007,2025-01-01 13:53:18.822180,0 days 00:00:21.370173,4,100,30.0,10.0,55.0,,,,,,,2,5.0,5.0,5.0,,,,,,,COMPLETE
59,59,0.719551282051282,2025-01-01 13:53:18.822765,2025-01-01 13:54:00.527795,0 days 00:00:41.705030,10,85,40.0,20.0,95.0,40.0,15.0,40.0,20.0,60.0,80.0,3,2.0,3.0,6.0,5.0,2.0,3.0,3.0,6.0,4.0,COMPLETE
60,60,0.595878889823381,2025-01-01 13:54:00.528925,2025-01-01 13:54:32.709246,0 days 00:00:32.180321,10,85,40.0,25.0,90.0,40.0,15.0,40.0,20.0,55.0,85.0,3,2.0,2.0,6.0,3.0,2.0,3.0,3.0,6.0,4.0,COMPLETE
61,61,0.6198479391756703,2025-01-01 13:54:32.710295,2025-01-01 13:55:15.496642,0 days 00:00:42.786347,10,90,40.0,20.0,100.0,45.0,15.0,55.0,20.0,70.0,60.0,3,2.0,3.0,6.0,5.0,2.0,2.0,2.0,5.0,4.0,COMPLETE
62,62,0.6124031007751938,2025-01-01 13:55:15.497416,2025-01-01 13:55:43.166528,0 days 00:00:27.669112,9,95,45.0,35.0,90.0,30.0,15.0,30.0,45.0,35.0,,3,2.0,3.0,6.0,5.0,2.0,3.0,3.0,4.0,,COMPLETE
63,63,0.5657142857142857,2025-01-01 13:55:43.167509,2025-01-01 13:56:12.544766,0 days 00:00:29.377257,6,85,65.0,5.0,5.0,40.0,5.0,,,,,3,3.0,3.0,5.0,6.0,6.0,,,,,COMPLETE
64,64,0.5245969408846631,2025-01-01 13:56:12.545362,2025-01-01 13:56:28.413284,0 days 00:00:15.867922,8,45,30.0,30.0,95.0,55.0,35.0,70.0,5.0,,,4,2.0,4.0,2.0,5.0,3.0,4.0,2.0,,,COMPLETE
65,65,0.6394230769230769,2025-01-01 13:56:28.413955,2025-01-01 13:57:03.498079,0 days 00:00:35.084124,9,70,55.0,15.0,70.0,35.0,60.0,45.0,20.0,75.0,,3,4.0,2.0,5.0,4.0,2.0,2.0,4.0,5.0,,COMPLETE
66,66,0.5066495066495067,2025-01-01 13:57:03.498931,2025-01-01 13:57:32.509278,0 days 00:00:29.010347,7,80,35.0,20.0,80.0,25.0,20.0,90.0,,,,2,3.0,3.0,6.0,5.0,6.0,3.0,,,,COMPLETE
67,67,0.5708333333333333,2025-01-01 13:57:32.509942,2025-01-01 13:57:52.743197,0 days 00:00:20.233255,6,65,50.0,70.0,60.0,100.0,80.0,,,,,3,2.0,3.0,5.0,2.0,3.0,,,,,COMPLETE
68,68,0.5833333333333333,2025-01-01 13:57:52.743796,2025-01-01 13:58:20.746617,0 days 00:00:28.002821,7,75,80.0,45.0,85.0,80.0,50.0,50.0,,,,4,5.0,4.0,6.0,3.0,4.0,2.0,,,,COMPLETE
69,69,0.5649048625792812,2025-01-01 13:58:20.747346,2025-01-01 13:58:58.163123,0 days 00:00:37.415777,10,55,15.0,10.0,95.0,45.0,70.0,35.0,30.0,30.0,65.0,3,3.0,4.0,5.0,5.0,5.0,3.0,4.0,6.0,6.0,COMPLETE
70,70,0.5222222222222223,2025-01-01 13:58:58.164015,2025-01-01 13:59:19.985455,0 days 00:00:21.821440,5,90,95.0,100.0,75.0,70.0,,,,,,2,6.0,5.0,2.0,6.0,,,,,,COMPLETE
71,71,0.5050847457627119,2025-01-01 13:59:19.986031,2025-01-01 13:59:56.334354,0 days 00:00:36.348323,9,70,65.0,15.0,70.0,35.0,65.0,50.0,20.0,75.0,,3,4.0,2.0,5.0,4.0,2.0,2.0,4.0,5.0,,COMPLETE
72,72,0.47456914670029426,2025-01-01 13:59:56.335080,2025-01-01 14:00:29.037363,0 days 00:00:32.702283,9,65,75.0,15.0,65.0,25.0,55.0,45.0,5.0,90.0,,3,4.0,2.0,5.0,3.0,2.0,2.0,5.0,5.0,,COMPLETE
73,73,0.6587715776796468,2025-01-01 14:00:29.038194,2025-01-01 14:00:50.194332,0 days 00:00:21.156138,10,50,55.0,20.0,70.0,35.0,60.0,40.0,25.0,70.0,5.0,3,4.0,2.0,5.0,4.0,2.0,2.0,3.0,4.0,2.0,COMPLETE
74,74,0.44821731748726656,2025-01-01 14:00:50.195044,2025-01-01 14:01:22.536072,0 days 00:00:32.341028,10,50,45.0,60.0,60.0,40.0,60.0,25.0,30.0,45.0,10.0,3,4.0,3.0,6.0,4.0,2.0,3.0,3.0,4.0,2.0,COMPLETE
75,75,0.5889830508474576,2025-01-01 14:01:22.537402,2025-01-01 14:01:40.808492,0 days 00:00:18.271090,10,40,40.0,25.0,70.0,30.0,75.0,10.0,40.0,65.0,35.0,3,4.0,4.0,4.0,3.0,3.0,2.0,3.0,3.0,3.0,COMPLETE
76,76,0.4945054945054945,2025-01-01 14:01:40.809368,2025-01-01 14:01:59.730000,0 days 00:00:18.920632,8,45,25.0,30.0,85.0,50.0,70.0,40.0,15.0,,,3,2.0,2.0,3.0,2.0,2.0,3.0,2.0,,,COMPLETE
77,77,0.4206773618538324,2025-01-01 14:01:59.730627,2025-01-01 14:02:31.159948,0 days 00:00:31.429321,7,50,60.0,20.0,60.0,85.0,45.0,35.0,,,,2,4.0,4.0,5.0,5.0,6.0,4.0,,,,COMPLETE
78,78,0.565936337329475,2025-01-01 14:02:31.160576,2025-01-01 14:02:52.127469,0 days 00:00:20.966893,6,95,35.0,5.0,80.0,95.0,30.0,,,,,3,3.0,3.0,6.0,4.0,3.0,,,,,COMPLETE
79,79,0.4663382594417077,2025-01-01 14:02:52.128078,2025-01-01 14:03:16.765226,0 days 00:00:24.637148,8,55,50.0,55.0,65.0,45.0,80.0,25.0,65.0,,,4,2.0,2.0,5.0,5.0,2.0,6.0,3.0,,,COMPLETE
80,80,0.5438884331419196,2025-01-01 14:03:16.766003,2025-01-01 14:03:59.974168,0 days 00:00:43.208165,10,60,40.0,85.0,55.0,15.0,90.0,55.0,25.0,85.0,10.0,6,2.0,5.0,5.0,4.0,5.0,2.0,2.0,3.0,4.0,COMPLETE
81,81,0.5308037535699714,2025-01-01 14:03:59.974934,2025-01-01 14:04:30.948007,0 days 00:00:30.973073,9,75,55.0,15.0,70.0,35.0,60.0,45.0,15.0,75.0,,3,4.0,2.0,5.0,4.0,2.0,2.0,4.0,5.0,,COMPLETE
82,82,0.6186270574066639,2025-01-01 14:04:30.948767,2025-01-01 14:04:49.993390,0 days 00:00:19.044623,9,70,55.0,20.0,75.0,35.0,60.0,45.0,10.0,65.0,,3,4.0,2.0,5.0,4.0,2.0,2.0,4.0,6.0,,COMPLETE
83,83,0.6053921568627452,2025-01-01 14:04:49.994175,2025-01-01 14:05:32.830107,0 days 00:00:42.835932,10,60,30.0,10.0,90.0,25.0,65.0,65.0,55.0,80.0,80.0,3,5.0,2.0,5.0,4.0,4.0,2.0,5.0,5.0,5.0,COMPLETE
84,84,0.5657142857142857,2025-01-01 14:05:32.831142,2025-01-01 14:06:09.960023,0 days 00:00:37.128881,9,100,45.0,25.0,50.0,30.0,50.0,30.0,20.0,95.0,,3,4.0,6.0,4.0,4.0,2.0,2.0,3.0,4.0,,COMPLETE
85,85,0.6198479391756703,2025-01-01 14:06:09.961642,2025-01-01 14:06:28.040972,0 days 00:00:18.079330,8,65,55.0,5.0,70.0,40.0,75.0,50.0,10.0,,,3,4.0,2.0,6.0,4.0,4.0,3.0,4.0,,,COMPLETE
86,86,0.4393939393939394,2025-01-01 14:06:28.041600,2025-01-01 14:07:03.330464,0 days 00:00:35.288864,9,80,60.0,15.0,65.0,55.0,10.0,35.0,25.0,45.0,,2,5.0,3.0,5.0,3.0,3.0,2.0,5.0,6.0,,COMPLETE
87,87,0.6753246753246753,2025-01-01 14:07:03.331164,2025-01-01 14:07:32.454559,0 days 00:00:29.123395,7,55,40.0,10.0,80.0,35.0,70.0,40.0,,,,4,3.0,2.0,5.0,5.0,2.0,5.0,,,,COMPLETE
88,88,0.5571658615136876,2025-01-01 14:07:32.455266,2025-01-01 14:08:04.165390,0 days 00:00:31.710124,7,55,35.0,10.0,80.0,20.0,80.0,20.0,,,,5,3.0,3.0,6.0,5.0,4.0,5.0,,,,COMPLETE
89,89,0.3294010889292196,2025-01-01 14:08:04.166231,2025-01-01 14:08:31.852257,0 days 00:00:27.686026,6,30,40.0,5.0,85.0,40.0,70.0,,,,,4,3.0,4.0,4.0,5.0,3.0,,,,,COMPLETE
90,90,0.5245969408846631,2025-01-01 14:08:31.852882,2025-01-01 14:09:04.532846,0 days 00:00:32.679964,7,50,45.0,10.0,90.0,60.0,75.0,40.0,,,,4,3.0,3.0,4.0,5.0,5.0,5.0,,,,COMPLETE
91,91,0.662962962962963,2025-01-01 14:09:04.533697,2025-01-01 14:09:16.925237,0 days 00:00:12.391540,8,60,40.0,15.0,75.0,35.0,55.0,45.0,15.0,,,3,3.0,2.0,5.0,4.0,2.0,6.0,2.0,,,COMPLETE
92,92,0.5358974358974359,2025-01-01 14:09:16.925880,2025-01-01 14:09:32.692750,0 days 00:00:15.766870,8,60,50.0,20.0,75.0,45.0,55.0,35.0,10.0,,,3,3.0,2.0,5.0,5.0,2.0,6.0,2.0,,,COMPLETE
93,93,0.6532027743778049,2025-01-01 14:09:32.693582,2025-01-01 14:09:59.614329,0 days 00:00:26.920747,7,55,40.0,15.0,85.0,30.0,45.0,40.0,,,,5,3.0,2.0,5.0,2.0,2.0,6.0,,,,COMPLETE
94,94,0.5245098039215687,2025-01-01 14:09:59.614956,2025-01-01 14:10:24.264458,0 days 00:00:24.649502,7,50,40.0,25.0,80.0,35.0,45.0,40.0,,,,3,3.0,2.0,5.0,2.0,2.0,6.0,,,,COMPLETE
95,95,0.6186270574066639,2025-01-01 14:10:24.265139,2025-01-01 14:10:48.221133,0 days 00:00:23.955994,8,55,35.0,65.0,95.0,30.0,65.0,50.0,40.0,,,3,3.0,2.0,6.0,2.0,2.0,6.0,2.0,,,COMPLETE
96,96,0.5245969408846631,2025-01-01 14:10:48.221874,2025-01-01 14:10:59.636605,0 days 00:00:11.414731,7,45,30.0,20.0,85.0,40.0,20.0,40.0,,,,4,3.0,2.0,5.0,2.0,2.0,5.0,,,,COMPLETE
97,97,0.4821428571428571,2025-01-01 14:10:59.637358,2025-01-01 14:11:13.649631,0 days 00:00:14.012273,6,35,25.0,30.0,75.0,85.0,40.0,,,,,2,2.0,2.0,3.0,2.0,2.0,,,,,COMPLETE
98,98,0.5126156433978133,2025-01-01 14:11:13.650358,2025-01-01 14:11:34.266470,0 days 00:00:20.616112,6,85,45.0,15.0,80.0,95.0,30.0,,,,,3,3.0,2.0,5.0,3.0,2.0,,,,,COMPLETE
99,99,0.5470338983050848,2025-01-01 14:11:34.267069,2025-01-01 14:11:59.204539,0 days 00:00:24.937470,8,50,20.0,20.0,90.0,50.0,65.0,55.0,15.0,,,3,2.0,2.0,6.0,2.0,3.0,5.0,2.0,,,COMPLETE
100,100,0.5245969408846631,2025-01-01 14:11:59.205363,2025-01-01 14:12:27.884185,0 days 00:00:28.678822,7,90,40.0,35.0,95.0,35.0,70.0,30.0,,,,5,3.0,2.0,5.0,3.0,2.0,6.0,,,,COMPLETE
101,101,0.5889830508474576,2025-01-01 14:12:27.884916,2025-01-01 14:12:52.516352,0 days 00:00:24.631436,5,55,45.0,10.0,85.0,25.0,,,,,,5,3.0,3.0,5.0,5.0,,,,,,COMPLETE
102,102,0.6244029526704298,2025-01-01 14:12:52.516970,2025-01-01 14:13:19.171160,0 days 00:00:26.654190,6,60,35.0,10.0,100.0,15.0,55.0,,,,,5,3.0,3.0,5.0,5.0,2.0,,,,,COMPLETE
103,103,0.46374946374946374,2025-01-01 14:13:19.171822,2025-01-01 14:13:40.826953,0 days 00:00:21.655131,4,60,50.0,15.0,50.0,,,,,,,5,2.0,5.0,5.0,,,,,,,COMPLETE
104,104,0.6729559748427673,2025-01-01 14:13:40.827554,2025-01-01 14:13:50.365238,0 days 00:00:09.537684,2,55,40.0,,,,,,,,,6,2.0,,,,,,,,,COMPLETE
105,105,0.5857142857142856,2025-01-01 14:13:50.365869,2025-01-01 14:13:57.253626,0 days 00:00:06.887757,2,55,35.0,,,,,,,,,3,2.0,,,,,,,,,COMPLETE
106,106,0.6181972789115646,2025-01-01 14:13:57.254144,2025-01-01 14:14:08.274133,0 days 00:00:11.019989,3,95,40.0,25.0,,,,,,,,6,2.0,2.0,,,,,,,,COMPLETE
107,107,0.5773809523809523,2025-01-01 14:14:08.274691,2025-01-01 14:14:17.412111,0 days 00:00:09.137420,2,65,45.0,,,,,,,,,6,2.0,,,,,,,,,COMPLETE
108,108,0.4217032967032967,2025-01-01 14:14:17.412605,2025-01-01 14:14:24.510064,0 days 00:00:07.097459,1,90,,,,,,,,,,6,,,,,,,,,,COMPLETE
109,109,0.5149321266968326,2025-01-01 14:14:24.510539,2025-01-01 14:14:33.488554,0 days 00:00:08.978015,3,55,30.0,80.0,,,,,,,,3,2.0,2.0,,,,,,,,COMPLETE
110,110,0.5707133917396746,2025-01-01 14:14:33.489070,2025-01-01 14:14:59.014317,0 days 00:00:25.525247,7,65,40.0,45.0,80.0,75.0,85.0,45.0,,,,4,2.0,3.0,3.0,4.0,2.0,6.0,,,,COMPLETE
111,111,0.4246031746031746,2025-01-01 14:14:59.014945,2025-01-01 14:15:06.514183,0 days 00:00:07.499238,1,50,,,,,,,,,,6,,,,,,,,,,COMPLETE
112,112,0.5441176470588236,2025-01-01 14:15:06.514711,2025-01-01 14:15:17.718565,0 days 00:00:11.203854,2,60,40.0,,,,,,,,,5,3.0,,,,,,,,,COMPLETE
113,113,0.545343137254902,2025-01-01 14:15:17.719056,2025-01-01 14:15:49.162805,0 days 00:00:31.443749,6,55,85.0,5.0,60.0,30.0,50.0,,,,,3,6.0,5.0,5.0,5.0,4.0,,,,,COMPLETE
114,114,0.545343137254902,2025-01-01 14:15:49.163574,2025-01-01 14:16:19.411950,0 days 00:00:30.248376,7,45,45.0,15.0,75.0,20.0,20.0,35.0,,,,5,3.0,3.0,6.0,6.0,3.0,5.0,,,,COMPLETE
115,115,0.495640802092415,2025-01-01 14:16:19.413137,2025-01-01 14:16:40.347770,0 days 00:00:20.934633,5,85,50.0,20.0,55.0,25.0,,,,,,4,2.0,2.0,5.0,5.0,,,,,,COMPLETE
116,116,0.5772425249169435,2025-01-01 14:16:40.348371,2025-01-01 14:17:16.536805,0 days 00:00:36.188434,10,5,35.0,10.0,65.0,30.0,10.0,25.0,25.0,20.0,35.0,3,2.0,4.0,4.0,2.0,2.0,6.0,2.0,3.0,3.0,COMPLETE
117,117,0.40577249575551777,2025-01-01 14:17:16.538185,2025-01-01 14:17:48.155032,0 days 00:00:31.616847,7,60,40.0,5.0,85.0,40.0,55.0,5.0,,,,2,3.0,6.0,5.0,5.0,4.0,5.0,,,,COMPLETE
118,118,0.5798319327731092,2025-01-01 14:17:48.155866,2025-01-01 14:18:21.605184,0 days 00:00:33.449318,8,90,35.0,15.0,90.0,45.0,75.0,30.0,5.0,,,4,4.0,3.0,5.0,4.0,2.0,4.0,3.0,,,COMPLETE
119,119,0.5894909688013137,2025-01-01 14:18:21.605988,2025-01-01 14:18:41.747322,0 days 00:00:20.141334,6,50,50.0,75.0,15.0,35.0,60.0,,,,,3,2.0,2.0,6.0,3.0,3.0,,,,,COMPLETE
120,120,0.4461864406779661,2025-01-01 14:18:41.748075,2025-01-01 14:19:13.731210,0 days 00:00:31.983135,8,65,10.0,95.0,75.0,30.0,70.0,15.0,35.0,,,6,3.0,4.0,2.0,6.0,4.0,6.0,2.0,,,COMPLETE
