,number,value,datetime_start,datetime_complete,duration,params_depth,params_neurons_layer_0,params_neurons_layer_1,params_neurons_layer_2,params_neurons_layer_3,params_neurons_layer_4,params_neurons_layer_5,params_neurons_layer_6,params_neurons_layer_7,params_neurons_layer_8,params_neurons_layer_9,params_orders_layer_0,params_orders_layer_1,params_orders_layer_2,params_orders_layer_3,params_orders_layer_4,params_orders_layer_5,params_orders_layer_6,params_orders_layer_7,params_orders_layer_8,params_orders_layer_9,state
674,674,0.8507660020801503,2025-01-01 00:28:38.470366,2025-01-01 00:29:04.156238,0 days 00:00:25.685872,4,45,10.0,20.0,5.0,,,,,,,2,3.0,3.0,3.0,,,,,,,COMPLETE
675,675,0.8665243813278832,2025-01-01 00:29:04.156898,2025-01-01 00:29:22.970346,0 days 00:00:18.813448,3,10,10.0,10.0,,,,,,,,2,3.0,3.0,,,,,,,,COMPLETE
676,676,0.8716572230013129,2025-01-01 00:29:22.970978,2025-01-01 00:29:46.957158,0 days 00:00:23.986180,3,15,5.0,80.0,,,,,,,,2,3.0,3.0,,,,,,,,COMPLETE
677,677,0.8774000284907613,2025-01-01 00:29:46.958064,2025-01-01 00:30:00.661294,0 days 00:00:13.703230,2,20,5.0,,,,,,,,,2,3.0,,,,,,,,,COMPLETE
678,678,0.8707584385697883,2025-01-01 00:30:00.661886,2025-01-01 00:30:32.965808,0 days 00:00:32.303922,4,15,10.0,90.0,20.0,,,,,,,2,3.0,3.0,4.0,,,,,,,COMPLETE
679,679,0.822492453339281,2025-01-01 00:30:32.966433,2025-01-01 00:30:58.936394,0 days 00:00:25.969961,4,10,5.0,15.0,15.0,,,,,,,2,3.0,3.0,4.0,,,,,,,COMPLETE
680,680,0.8254460956779176,2025-01-01 00:30:58.937205,2025-01-01 00:31:17.969369,0 days 00:00:19.032164,3,25,15.0,25.0,,,,,,,,2,3.0,3.0,,,,,,,,COMPLETE
681,681,0.7987108113138501,2025-01-01 00:31:17.970077,2025-01-01 00:31:36.821470,0 days 00:00:18.851393,3,15,5.0,25.0,,,,,,,,2,3.0,3.0,,,,,,,,COMPLETE
682,682,0.85864157969626,2025-01-01 00:31:36.822095,2025-01-01 00:32:01.702130,0 days 00:00:24.880035,3,20,5.0,85.0,,,,,,,,2,3.0,3.0,,,,,,,,COMPLETE
683,683,0.8882255956954599,2025-01-01 00:32:01.702734,2025-01-01 00:32:31.357111,0 days 00:00:29.654377,4,10,10.0,80.0,10.0,,,,,,,2,3.0,3.0,4.0,,,,,,,COMPLETE
684,684,0.7862480646072895,2025-01-01 00:32:31.358030,2025-01-01 00:33:01.237232,0 days 00:00:29.879202,4,5,15.0,80.0,10.0,,,,,,,2,3.0,3.0,4.0,,,,,,,COMPLETE
685,685,0.8801129711576505,2025-01-01 00:33:01.237872,2025-01-01 00:33:30.927879,0 days 00:00:29.690007,4,10,10.0,80.0,10.0,,,,,,,2,3.0,3.0,4.0,,,,,,,COMPLETE
686,686,0.8458747520200965,2025-01-01 00:33:30.928499,2025-01-01 00:33:58.846185,0 days 00:00:27.917686,4,10,10.0,80.0,5.0,,,,,,,2,5.0,3.0,4.0,,,,,,,COMPLETE
687,687,0.8682459931035503,2025-01-01 00:33:58.846981,2025-01-01 00:34:27.604275,0 days 00:00:28.757294,4,10,10.0,75.0,15.0,,,,,,,2,3.0,3.0,4.0,,,,,,,COMPLETE
688,688,0.8647811329215874,2025-01-01 00:34:27.604992,2025-01-01 00:34:59.292924,0 days 00:00:31.687932,4,5,15.0,100.0,5.0,,,,,,,2,3.0,3.0,4.0,,,,,,,COMPLETE
689,689,0.8732631960739452,2025-01-01 00:34:59.293537,2025-01-01 00:35:33.770684,0 days 00:00:34.477147,4,10,10.0,85.0,10.0,,,,,,,2,3.0,4.0,4.0,,,,,,,COMPLETE
690,690,0.8601369075573323,2025-01-01 00:35:33.771582,2025-01-01 00:35:52.544655,0 days 00:00:18.773073,4,10,10.0,80.0,15.0,,,,,,,6,3.0,3.0,4.0,,,,,,,COMPLETE
691,691,0.8595647012862123,2025-01-01 00:35:52.545300,2025-01-01 00:36:22.819846,0 days 00:00:30.274546,4,10,20.0,80.0,5.0,,,,,,,2,3.0,3.0,4.0,,,,,,,COMPLETE
692,692,0.8354793487244656,2025-01-01 00:36:22.820478,2025-01-01 00:36:51.881866,0 days 00:00:29.061388,4,10,10.0,75.0,15.0,,,,,,,2,3.0,3.0,4.0,,,,,,,COMPLETE
693,693,0.8724982341523216,2025-01-01 00:36:51.882775,2025-01-01 00:37:24.650691,0 days 00:00:32.767916,4,15,15.0,85.0,10.0,,,,,,,2,3.0,3.0,5.0,,,,,,,COMPLETE
694,694,0.8720002346668889,2025-01-01 00:37:24.651323,2025-01-01 00:38:16.481543,0 days 00:00:51.830220,5,5,10.0,80.0,20.0,85.0,,,,,,2,3.0,3.0,4.0,5.0,,,,,,COMPLETE
695,695,0.84226631157083,2025-01-01 00:38:16.482502,2025-01-01 00:38:55.869920,0 days 00:00:39.387418,4,10,5.0,85.0,70.0,,,,,,,2,3.0,3.0,4.0,,,,,,,COMPLETE
696,696,0.868343361226001,2025-01-01 00:38:55.870573,2025-01-01 00:39:25.048866,0 days 00:00:29.178293,4,15,10.0,70.0,15.0,,,,,,,2,3.0,3.0,4.0,,,,,,,COMPLETE
697,697,0.875032780044319,2025-01-01 00:39:25.049676,2025-01-01 00:40:02.223752,0 days 00:00:37.174076,5,10,5.0,80.0,10.0,45.0,,,,,,3,2.0,3.0,4.0,6.0,,,,,,COMPLETE
698,698,0.8462025903345596,2025-01-01 00:40:02.224543,2025-01-01 00:40:30.391803,0 days 00:00:28.167260,4,15,10.0,20.0,5.0,,,,,,,2,5.0,3.0,5.0,,,,,,,COMPLETE
699,699,0.8289562978120901,2025-01-01 00:40:30.392471,2025-01-01 00:40:54.047074,0 days 00:00:23.654603,4,5,5.0,10.0,10.0,,,,,,,2,3.0,3.0,3.0,,,,,,,COMPLETE
700,700,0.8594649203549183,2025-01-01 00:40:54.047912,2025-01-01 00:41:24.844968,0 days 00:00:30.797056,4,15,15.0,75.0,20.0,,,,,,,2,3.0,3.0,4.0,,,,,,,COMPLETE
701,701,0.8430619895575362,2025-01-01 00:41:24.845765,2025-01-01 00:42:01.178251,0 days 00:00:36.332486,4,70,10.0,85.0,15.0,,,,,,,2,3.0,3.0,4.0,,,,,,,COMPLETE
702,702,0.8777645471866395,2025-01-01 00:42:01.178913,2025-01-01 00:42:29.114245,0 days 00:00:27.935332,4,10,5.0,85.0,5.0,,,,,,,2,3.0,3.0,3.0,,,,,,,COMPLETE
703,703,0.8632442535873648,2025-01-01 00:42:29.115186,2025-01-01 00:42:47.927838,0 days 00:00:18.812652,3,10,5.0,15.0,,,,,,,,2,3.0,3.0,,,,,,,,COMPLETE
704,704,0.855911677238905,2025-01-01 00:42:47.928475,2025-01-01 00:43:13.476790,0 days 00:00:25.548315,3,15,10.0,80.0,,,,,,,,2,5.0,3.0,,,,,,,,COMPLETE
705,705,0.8283469836424112,2025-01-01 00:43:13.477437,2025-01-01 00:43:27.278195,0 days 00:00:13.800758,2,15,5.0,,,,,,,,,2,3.0,,,,,,,,,COMPLETE
706,706,0.8258233709287301,2025-01-01 00:43:27.278802,2025-01-01 00:44:17.021324,0 days 00:00:49.742522,6,5,5.0,20.0,25.0,75.0,70.0,,,,,2,3.0,3.0,5.0,6.0,5.0,,,,,COMPLETE
707,707,0.8636142793523784,2025-01-01 00:44:17.022435,2025-01-01 00:45:01.468888,0 days 00:00:44.446453,5,10,10.0,90.0,10.0,60.0,,,,,,2,3.0,3.0,3.0,5.0,,,,,,COMPLETE
708,708,0.8320562540211114,2025-01-01 00:45:01.469778,2025-01-01 00:45:23.053912,0 days 00:00:21.584134,3,15,5.0,80.0,,,,,,,,5,3.0,3.0,,,,,,,,COMPLETE
709,709,0.8569760280103036,2025-01-01 00:45:23.054692,2025-01-01 00:45:50.311486,0 days 00:00:27.256794,4,10,10.0,25.0,45.0,,,,,,,2,3.0,3.0,4.0,,,,,,,COMPLETE
710,710,0.7943740103365561,2025-01-01 00:45:50.312196,2025-01-01 00:46:09.374855,0 days 00:00:19.062659,3,15,5.0,25.0,,,,,,,,2,3.0,3.0,,,,,,,,COMPLETE
711,711,0.8633786447222889,2025-01-01 00:46:09.375491,2025-01-01 00:46:34.868907,0 days 00:00:25.493416,3,30,15.0,75.0,,,,,,,,2,3.0,3.0,,,,,,,,COMPLETE
712,712,0.865694268482593,2025-01-01 00:46:34.869710,2025-01-01 00:47:02.103573,0 days 00:00:27.233863,4,10,5.0,15.0,15.0,,,,,,,2,3.0,4.0,4.0,,,,,,,COMPLETE
713,713,0.8608752592309282,2025-01-01 00:47:02.104332,2025-01-01 00:47:27.287619,0 days 00:00:25.183287,3,15,10.0,85.0,,,,,,,,2,3.0,3.0,,,,,,,,COMPLETE
714,714,0.8421133491996847,2025-01-01 00:47:27.288221,2025-01-01 00:47:51.007965,0 days 00:00:23.719744,4,5,5.0,20.0,5.0,,,,,,,2,3.0,3.0,3.0,,,,,,,COMPLETE
715,715,0.8524784536211215,2025-01-01 00:47:51.008787,2025-01-01 00:48:12.004180,0 days 00:00:20.995393,3,50,10.0,10.0,,,,,,,,2,3.0,3.0,,,,,,,,COMPLETE
716,716,0.8541018005834157,2025-01-01 00:48:12.004885,2025-01-01 00:48:31.323994,0 days 00:00:19.319109,3,15,5.0,15.0,,,,,,,,2,3.0,3.0,,,,,,,,COMPLETE
717,717,0.8490092510282008,2025-01-01 00:48:31.324601,2025-01-01 00:49:20.404676,0 days 00:00:49.080075,5,10,5.0,90.0,50.0,80.0,,,,,,2,3.0,3.0,4.0,6.0,,,,,,COMPLETE
718,718,0.8850932510690536,2025-01-01 00:49:20.405552,2025-01-01 00:49:44.727448,0 days 00:00:24.321896,3,15,10.0,80.0,,,,,,,,2,3.0,3.0,,,,,,,,COMPLETE
719,719,0.8927757676559098,2025-01-01 00:49:44.728184,2025-01-01 00:50:13.685365,0 days 00:00:28.957181,4,20,5.0,70.0,60.0,,,,,,,2,5.0,3.0,3.0,,,,,,,COMPLETE
720,720,0.8478779189463284,2025-01-01 00:50:13.686009,2025-01-01 00:50:35.064071,0 days 00:00:21.378062,3,20,5.0,70.0,,,,,,,,2,5.0,3.0,,,,,,,,COMPLETE
721,721,0.8532699816896117,2025-01-01 00:50:35.064911,2025-01-01 00:51:06.511551,0 days 00:00:31.446640,4,25,5.0,70.0,55.0,,,,,,,2,5.0,5.0,3.0,,,,,,,COMPLETE
722,722,0.8225817182083437,2025-01-01 00:51:06.512323,2025-01-01 00:51:28.567203,0 days 00:00:22.054880,3,20,5.0,65.0,,,,,,,,2,5.0,3.0,,,,,,,,COMPLETE
723,723,0.8413413258638004,2025-01-01 00:51:28.567820,2025-01-01 00:51:50.505932,0 days 00:00:21.938112,3,20,5.0,65.0,,,,,,,,2,5.0,3.0,,,,,,,,COMPLETE
724,724,0.8650379340290227,2025-01-01 00:51:50.506540,2025-01-01 00:52:23.882300,0 days 00:00:33.375760,4,20,5.0,70.0,60.0,,,,,,,2,5.0,3.0,3.0,,,,,,,COMPLETE
725,725,0.8671796951096397,2025-01-01 00:52:23.883199,2025-01-01 00:52:44.791662,0 days 00:00:20.908463,3,20,5.0,40.0,,,,,,,,2,5.0,3.0,,,,,,,,COMPLETE
726,726,0.849217008585976,2025-01-01 00:52:44.792351,2025-01-01 00:53:12.601266,0 days 00:00:27.808915,4,25,5.0,15.0,50.0,,,,,,,2,4.0,3.0,3.0,,,,,,,COMPLETE
727,727,0.8730771379847526,2025-01-01 00:53:12.601882,2025-01-01 00:53:32.798929,0 days 00:00:20.197047,3,20,5.0,25.0,,,,,,,,2,4.0,3.0,,,,,,,,COMPLETE
728,728,0.8791745987813158,2025-01-01 00:53:32.799709,2025-01-01 00:53:45.786501,0 days 00:00:12.986792,2,25,5.0,,,,,,,,,2,5.0,,,,,,,,,COMPLETE
729,729,0.8390838173303736,2025-01-01 00:53:45.787212,2025-01-01 00:54:06.642009,0 days 00:00:20.854797,3,20,5.0,20.0,,,,,,,,2,4.0,3.0,,,,,,,,COMPLETE
730,730,0.8762027830637976,2025-01-01 00:54:06.642624,2025-01-01 00:54:37.875415,0 days 00:00:31.232791,4,40,5.0,25.0,60.0,,,,,,,2,5.0,3.0,3.0,,,,,,,COMPLETE
731,731,0.8563681434757955,2025-01-01 00:54:37.876061,2025-01-01 00:54:58.316262,0 days 00:00:20.440201,3,15,5.0,25.0,,,,,,,,2,4.0,3.0,,,,,,,,COMPLETE
732,732,0.8698650475652814,2025-01-01 00:54:58.317054,2025-01-01 00:55:17.118270,0 days 00:00:18.801216,3,20,5.0,10.0,,,,,,,,2,3.0,3.0,,,,,,,,COMPLETE
733,733,0.8912562168358386,2025-01-01 00:55:17.118985,2025-01-01 00:55:43.173538,0 days 00:00:26.054553,4,15,5.0,20.0,60.0,,,,,,,2,3.0,3.0,3.0,,,,,,,COMPLETE
734,734,0.8825604517372759,2025-01-01 00:55:43.174185,2025-01-01 00:56:09.605780,0 days 00:00:26.431595,4,15,5.0,20.0,65.0,,,,,,,2,3.0,3.0,3.0,,,,,,,COMPLETE
735,735,0.8404282822668896,2025-01-01 00:56:09.606404,2025-01-01 00:56:24.658010,0 days 00:00:15.051606,2,15,5.0,,,,,,,,,3,3.0,,,,,,,,,COMPLETE
736,736,0.8540002563829816,2025-01-01 00:56:24.658605,2025-01-01 00:56:43.557473,0 days 00:00:18.898868,3,20,5.0,20.0,,,,,,,,2,3.0,3.0,,,,,,,,COMPLETE
737,737,0.8853223934962267,2025-01-01 00:56:43.558269,2025-01-01 00:57:09.469955,0 days 00:00:25.911686,4,20,5.0,15.0,60.0,,,,,,,2,3.0,3.0,3.0,,,,,,,COMPLETE
738,738,0.8681062401902337,2025-01-01 00:57:09.470743,2025-01-01 00:57:28.534286,0 days 00:00:19.063543,3,15,5.0,20.0,,,,,,,,2,3.0,3.0,,,,,,,,COMPLETE
739,739,0.8709314538219888,2025-01-01 00:57:28.534911,2025-01-01 00:58:20.944175,0 days 00:00:52.409264,6,15,10.0,20.0,65.0,35.0,95.0,,,,,2,3.0,3.0,3.0,5.0,6.0,,,,,COMPLETE
740,740,0.8605400184798819,2025-01-01 00:58:20.945164,2025-01-01 00:58:40.062717,0 days 00:00:19.117553,3,20,5.0,25.0,,,,,,,,2,3.0,3.0,,,,,,,,COMPLETE
741,741,0.889724093732567,2025-01-01 00:58:40.063336,2025-01-01 00:59:05.412424,0 days 00:00:25.349088,4,15,5.0,25.0,50.0,,,,,,,2,3.0,3.0,3.0,,,,,,,COMPLETE
742,742,0.8707994371534775,2025-01-01 00:59:05.413089,2025-01-01 00:59:31.502603,0 days 00:00:26.089514,4,15,5.0,25.0,55.0,,,,,,,2,3.0,3.0,3.0,,,,,,,COMPLETE
743,743,0.8620105309292951,2025-01-01 00:59:31.503426,2025-01-01 00:59:57.990559,0 days 00:00:26.487133,4,15,10.0,20.0,60.0,,,,,,,2,3.0,3.0,3.0,,,,,,,COMPLETE
744,744,0.8663084156041903,2025-01-01 00:59:57.991325,2025-01-01 01:00:26.375109,0 days 00:00:28.383784,4,15,5.0,25.0,70.0,,,,,,,2,3.0,3.0,3.0,,,,,,,COMPLETE
745,745,0.8665181646617734,2025-01-01 01:00:26.375754,2025-01-01 01:01:00.571142,0 days 00:00:34.195388,4,15,10.0,90.0,55.0,,,,,,,2,3.0,6.0,3.0,,,,,,,COMPLETE
746,746,0.8728767885826935,2025-01-01 01:01:00.571976,2025-01-01 01:01:43.236116,0 days 00:00:42.664140,5,15,5.0,20.0,60.0,100.0,,,,,,2,3.0,4.0,3.0,6.0,,,,,,COMPLETE
747,747,0.8667950969905944,2025-01-01 01:01:43.236911,2025-01-01 01:02:10.677891,0 days 00:00:27.440980,4,15,10.0,15.0,70.0,,,,,,,2,3.0,3.0,3.0,,,,,,,COMPLETE
748,748,0.8562695202185959,2025-01-01 01:02:10.678519,2025-01-01 01:02:31.814388,0 days 00:00:21.135869,4,15,5.0,65.0,65.0,,,,,,,6,3.0,3.0,3.0,,,,,,,COMPLETE
749,749,0.8481564286986591,2025-01-01 01:02:31.815332,2025-01-01 01:02:56.786970,0 days 00:00:24.971638,4,15,5.0,25.0,45.0,,,,,,,2,3.0,3.0,3.0,,,,,,,COMPLETE
750,750,0.8703391957373694,2025-01-01 01:02:56.787605,2025-01-01 01:03:22.138634,0 days 00:00:25.351029,4,15,10.0,20.0,50.0,,,,,,,2,3.0,3.0,3.0,,,,,,,COMPLETE
751,751,0.8671485134638581,2025-01-01 01:03:22.139304,2025-01-01 01:03:58.814311,0 days 00:00:36.675007,4,15,5.0,95.0,60.0,,,,,,,2,3.0,3.0,3.0,,,,,,,COMPLETE
752,752,0.8619861910709583,2025-01-01 01:03:58.815235,2025-01-01 01:04:46.767137,0 days 00:00:47.951902,5,55,5.0,25.0,55.0,65.0,,,,,,2,3.0,3.0,3.0,5.0,,,,,,COMPLETE
753,753,0.8487547006772114,2025-01-01 01:04:46.767822,2025-01-01 01:05:15.096224,0 days 00:00:28.328402,4,15,10.0,20.0,75.0,,,,,,,2,3.0,3.0,3.0,,,,,,,COMPLETE
754,754,0.8718652151102725,2025-01-01 01:05:15.097165,2025-01-01 01:05:38.366625,0 days 00:00:23.269460,4,15,5.0,10.0,65.0,,,,,,,5,3.0,3.0,3.0,,,,,,,COMPLETE
755,755,0.8769055858162116,2025-01-01 01:05:38.367288,2025-01-01 01:06:04.521908,0 days 00:00:26.154620,4,20,5.0,25.0,55.0,,,,,,,2,3.0,3.0,3.0,,,,,,,COMPLETE
756,756,0.8671334181638557,2025-01-01 01:06:04.522539,2025-01-01 01:06:50.447870,0 days 00:00:45.925331,5,75,10.0,85.0,40.0,30.0,,,,,,2,3.0,3.0,3.0,6.0,,,,,,COMPLETE
757,757,0.8518074153008668,2025-01-01 01:06:50.448861,2025-01-01 01:07:16.075602,0 days 00:00:25.626741,4,15,5.0,15.0,65.0,,,,,,,2,3.0,3.0,3.0,,,,,,,COMPLETE
758,758,0.8746838039926071,2025-01-01 01:07:16.076261,2025-01-01 01:07:41.361449,0 days 00:00:25.285188,4,20,10.0,25.0,45.0,,,,,,,2,3.0,3.0,3.0,,,,,,,COMPLETE
759,759,0.8700026311785733,2025-01-01 01:07:41.362101,2025-01-01 01:08:16.208382,0 days 00:00:34.846281,4,15,5.0,75.0,65.0,,,,,,,2,3.0,3.0,3.0,,,,,,,COMPLETE
760,760,0.865693011582188,2025-01-01 01:08:16.209323,2025-01-01 01:08:43.945317,0 days 00:00:27.735994,4,20,10.0,15.0,50.0,,,,,,,2,3.0,3.0,4.0,,,,,,,COMPLETE
761,761,0.8718022871396026,2025-01-01 01:08:43.945962,2025-01-01 01:09:18.624128,0 days 00:00:34.678166,4,15,5.0,70.0,70.0,,,,,,,2,4.0,3.0,3.0,,,,,,,COMPLETE
762,762,0.8709375584804442,2025-01-01 01:09:18.624958,2025-01-01 01:10:11.141868,0 days 00:00:52.516910,5,10,5.0,85.0,60.0,50.0,,,,,,2,3.0,3.0,4.0,5.0,,,,,,COMPLETE
763,763,0.8492579271654614,2025-01-01 01:10:11.142652,2025-01-01 01:10:35.874434,0 days 00:00:24.731782,4,15,10.0,25.0,35.0,,,,,,,2,3.0,3.0,3.0,,,,,,,COMPLETE
764,764,0.8419183285849953,2025-01-01 01:10:35.875267,2025-01-01 01:11:03.209153,0 days 00:00:27.333886,4,20,5.0,20.0,75.0,,,,,,,2,2.0,3.0,3.0,,,,,,,COMPLETE
765,765,0.8602445082857183,2025-01-01 01:11:03.209914,2025-01-01 01:11:41.807929,0 days 00:00:38.598015,4,45,10.0,45.0,55.0,,,,,,,2,4.0,4.0,4.0,,,,,,,COMPLETE
766,766,0.859547961931918,2025-01-01 01:11:41.808576,2025-01-01 01:12:05.138328,0 days 00:00:23.329752,3,85,5.0,5.0,,,,,,,,2,3.0,3.0,,,,,,,,COMPLETE
767,767,0.8834930246637314,2025-01-01 01:12:05.139269,2025-01-01 01:12:29.466634,0 days 00:00:24.327365,3,15,5.0,75.0,,,,,,,,2,4.0,3.0,,,,,,,,COMPLETE
768,768,0.8707941304598925,2025-01-01 01:12:29.467276,2025-01-01 01:12:49.304460,0 days 00:00:19.837184,3,35,10.0,25.0,,,,,,,,2,3.0,3.0,,,,,,,,COMPLETE
769,769,0.8833929014796036,2025-01-01 01:12:49.305084,2025-01-01 01:13:08.286518,0 days 00:00:18.981434,3,10,5.0,20.0,,,,,,,,2,3.0,3.0,,,,,,,,COMPLETE
770,770,0.8795563729978348,2025-01-01 01:13:08.287336,2025-01-01 01:13:45.297948,0 days 00:00:37.010612,4,15,5.0,85.0,70.0,,,,,,,2,3.0,3.0,3.0,,,,,,,COMPLETE
771,771,0.8889163598336909,2025-01-01 01:13:45.298710,2025-01-01 01:14:04.009847,0 days 00:00:18.711137,3,20,10.0,15.0,,,,,,,,2,3.0,3.0,,,,,,,,COMPLETE
772,772,0.859895840773845,2025-01-01 01:14:04.010472,2025-01-01 01:14:33.133792,0 days 00:00:29.123320,4,20,15.0,15.0,50.0,,,,,,,2,4.0,3.0,4.0,,,,,,,COMPLETE
773,773,0.8645558563618938,2025-01-01 01:14:33.134633,2025-01-01 01:14:52.094831,0 days 00:00:18.960198,3,25,10.0,15.0,,,,,,,,2,3.0,3.0,,,,,,,,COMPLETE
774,774,0.8394106390558802,2025-01-01 01:14:52.095545,2025-01-01 01:15:12.691441,0 days 00:00:20.595896,3,25,10.0,15.0,,,,,,,,2,4.0,3.0,,,,,,,,COMPLETE
775,775,0.8683529575418476,2025-01-01 01:15:12.692081,2025-01-01 01:15:26.389825,0 days 00:00:13.697744,2,20,15.0,,,,,,,,,2,3.0,,,,,,,,,COMPLETE
776,776,0.854996915416065,2025-01-01 01:15:26.390420,2025-01-01 01:15:56.003365,0 days 00:00:29.612945,4,25,10.0,15.0,80.0,,,,,,,2,3.0,3.0,3.0,,,,,,,COMPLETE
777,777,0.8568613138686132,2025-01-01 01:15:56.004006,2025-01-01 01:16:14.749568,0 days 00:00:18.745562,3,20,10.0,10.0,,,,,,,,2,3.0,3.0,,,,,,,,COMPLETE
778,778,0.8601953548534675,2025-01-01 01:16:14.750434,2025-01-01 01:16:44.053279,0 days 00:00:29.302845,4,20,10.0,15.0,60.0,,,,,,,2,3.0,3.0,4.0,,,,,,,COMPLETE
779,779,0.8722486556184434,2025-01-01 01:16:44.054052,2025-01-01 01:17:04.289471,0 days 00:00:20.235419,3,20,10.0,20.0,,,,,,,,3,3.0,3.0,,,,,,,,COMPLETE
780,780,0.8713154726930779,2025-01-01 01:17:04.290113,2025-01-01 01:17:36.869607,0 days 00:00:32.579494,4,25,10.0,10.0,100.0,,,,,,,2,4.0,3.0,3.0,,,,,,,COMPLETE
781,781,0.8891077394524858,2025-01-01 01:17:36.870477,2025-01-01 01:17:55.629239,0 days 00:00:18.758762,3,20,5.0,10.0,,,,,,,,2,3.0,3.0,,,,,,,,COMPLETE
782,782,0.8648075042812817,2025-01-01 01:17:55.629992,2025-01-01 01:18:32.844292,0 days 00:00:37.214300,5,20,10.0,20.0,40.0,35.0,,,,,,2,3.0,3.0,4.0,5.0,,,,,,COMPLETE
783,783,0.857528155963808,2025-01-01 01:18:32.844988,2025-01-01 01:18:48.475602,0 days 00:00:15.630614,2,20,15.0,,,,,,,,,2,4.0,,,,,,,,,COMPLETE
784,784,0.8610150595495938,2025-01-01 01:18:48.476210,2025-01-01 01:19:18.577874,0 days 00:00:30.101664,4,60,5.0,15.0,70.0,,,,,,,2,3.0,3.0,3.0,,,,,,,COMPLETE
785,785,0.8763649039340142,2025-01-01 01:19:18.578809,2025-01-01 01:19:37.489295,0 days 00:00:18.910486,3,20,5.0,10.0,,,,,,,,2,3.0,3.0,,,,,,,,COMPLETE
786,786,0.8796181673224663,2025-01-01 01:19:37.489921,2025-01-01 01:19:56.211967,0 days 00:00:18.722046,3,10,10.0,15.0,,,,,,,,2,3.0,3.0,,,,,,,,COMPLETE
787,787,0.86103379317061,2025-01-01 01:19:56.212574,2025-01-01 01:20:32.203320,0 days 00:00:35.990746,4,15,85.0,20.0,55.0,,,,,,,2,3.0,3.0,3.0,,,,,,,COMPLETE
788,788,0.8379430721726087,2025-01-01 01:20:32.204171,2025-01-01 01:20:51.424011,0 days 00:00:19.219840,3,25,5.0,25.0,,,,,,,,2,4.0,2.0,,,,,,,,COMPLETE
789,789,0.8411784154681908,2025-01-01 01:20:51.424759,2025-01-01 01:21:29.196506,0 days 00:00:37.771747,5,10,5.0,15.0,50.0,70.0,,,,,,2,3.0,3.0,4.0,6.0,,,,,,COMPLETE
790,790,0.8381221348964769,2025-01-01 01:21:29.197203,2025-01-01 01:21:48.013111,0 days 00:00:18.815908,3,15,10.0,20.0,,,,,,,,2,3.0,3.0,,,,,,,,COMPLETE
791,791,0.8569000611207356,2025-01-01 01:21:48.013936,2025-01-01 01:22:24.440963,0 days 00:00:36.427027,4,20,5.0,65.0,60.0,,,,,,,2,3.0,3.0,4.0,,,,,,,COMPLETE
792,792,0.8496080376168671,2025-01-01 01:22:24.441744,2025-01-01 01:22:45.271876,0 days 00:00:20.830132,3,10,10.0,30.0,,,,,,,,2,4.0,3.0,,,,,,,,COMPLETE
793,793,0.8763391899127824,2025-01-01 01:22:45.272494,2025-01-01 01:23:17.306111,0 days 00:00:32.033617,4,20,5.0,90.0,60.0,,,,,,,2,3.0,2.0,3.0,,,,,,,COMPLETE
794,794,0.8893465479475731,2025-01-01 01:23:17.306965,2025-01-01 01:23:34.435923,0 days 00:00:17.128958,3,15,5.0,25.0,,,,,,,,2,2.0,3.0,,,,,,,,COMPLETE
795,795,0.8484385481677765,2025-01-01 01:23:34.436649,2025-01-01 01:23:51.582534,0 days 00:00:17.145885,3,10,5.0,25.0,,,,,,,,2,2.0,3.0,,,,,,,,COMPLETE
796,796,0.881325589185119,2025-01-01 01:23:51.583170,2025-01-01 01:24:08.847700,0 days 00:00:17.264530,3,15,15.0,25.0,,,,,,,,2,2.0,3.0,,,,,,,,COMPLETE
797,797,0.8498387163432004,2025-01-01 01:24:08.848315,2025-01-01 01:24:26.766099,0 days 00:00:17.917784,3,10,10.0,40.0,,,,,,,,2,2.0,3.0,,,,,,,,COMPLETE
798,798,0.8522623835918728,2025-01-01 01:24:26.766729,2025-01-01 01:24:51.426940,0 days 00:00:24.660211,3,15,50.0,25.0,,,,,,,,2,4.0,3.0,,,,,,,,COMPLETE
799,799,0.8424799332549381,2025-01-01 01:24:51.427871,2025-01-01 01:25:06.920586,0 days 00:00:15.492715,3,15,5.0,25.0,,,,,,,,2,2.0,2.0,,,,,,,,COMPLETE
800,800,0.8634945899245058,2025-01-01 01:25:06.921263,2025-01-01 01:25:24.147822,0 days 00:00:17.226559,3,10,5.0,30.0,,,,,,,,2,2.0,3.0,,,,,,,,COMPLETE
801,801,0.873331540587321,2025-01-01 01:25:24.148436,2025-01-01 01:25:42.935709,0 days 00:00:18.787273,3,15,5.0,25.0,,,,,,,,3,2.0,3.0,,,,,,,,COMPLETE
802,802,0.8603126433130308,2025-01-01 01:25:42.936332,2025-01-01 01:25:54.905876,0 days 00:00:11.969544,2,15,10.0,,,,,,,,,2,2.0,,,,,,,,,COMPLETE
803,803,0.8827705489908018,2025-01-01 01:25:54.906470,2025-01-01 01:26:15.617381,0 days 00:00:20.710911,3,10,10.0,20.0,,,,,,,,2,4.0,3.0,,,,,,,,COMPLETE
804,804,0.8621416715445711,2025-01-01 01:26:15.618328,2025-01-01 01:26:32.995712,0 days 00:00:17.377384,3,15,5.0,30.0,,,,,,,,2,2.0,3.0,,,,,,,,COMPLETE
805,805,0.8205677158297093,2025-01-01 01:26:32.996345,2025-01-01 01:26:52.333681,0 days 00:00:19.337336,3,10,5.0,20.0,,,,,,,,2,2.0,4.0,,,,,,,,COMPLETE
806,806,0.8473698403257773,2025-01-01 01:26:52.334313,2025-01-01 01:27:17.041847,0 days 00:00:24.707534,3,15,95.0,30.0,,,,,,,,5,2.0,2.0,,,,,,,,COMPLETE
807,807,0.8633760190281242,2025-01-01 01:27:17.042472,2025-01-01 01:27:25.049490,0 days 00:00:08.007018,2,15,10.0,,,,,,,,,6,2.0,,,,,,,,,COMPLETE
808,808,0.8450680375090915,2025-01-01 01:27:25.050309,2025-01-01 01:27:42.894836,0 days 00:00:17.844527,3,30,5.0,25.0,,,,,,,,2,2.0,3.0,,,,,,,,COMPLETE
809,809,0.8630870414414156,2025-01-01 01:27:42.895565,2025-01-01 01:28:04.934592,0 days 00:00:22.039027,3,10,10.0,20.0,,,,,,,,2,5.0,3.0,,,,,,,,COMPLETE
810,810,0.8583396802721681,2025-01-01 01:28:04.935236,2025-01-01 01:28:25.327858,0 days 00:00:20.392622,3,5,10.0,25.0,,,,,,,,2,4.0,3.0,,,,,,,,COMPLETE
811,811,0.8638027733955336,2025-01-01 01:28:25.328483,2025-01-01 01:28:49.140408,0 days 00:00:23.811925,3,65,15.0,5.0,,,,,,,,2,4.0,3.0,,,,,,,,COMPLETE
