,number,value,datetime_start,datetime_complete,duration,params_depth,params_neurons_layer_0,params_neurons_layer_1,params_neurons_layer_2,params_neurons_layer_3,params_neurons_layer_4,params_neurons_layer_5,params_neurons_layer_6,params_neurons_layer_7,params_neurons_layer_8,params_neurons_layer_9,params_orders_layer_0,params_orders_layer_1,params_orders_layer_2,params_orders_layer_3,params_orders_layer_4,params_orders_layer_5,params_orders_layer_6,params_orders_layer_7,params_orders_layer_8,params_orders_layer_9,state
779,779,0.6729559748427673,2025-01-01 17:13:31.598818,2025-01-01 17:13:36.384555,0 days 00:00:04.785737,1,85,,,,,,,,,,3,,,,,,,,,,COMPLETE
780,780,0.595393307257714,2025-01-01 17:13:36.385280,2025-01-01 17:13:47.176579,0 days 00:00:10.791299,3,95,55.0,5.0,,,,,,,,4,3.0,2.0,,,,,,,,COMPLETE
781,781,0.512531328320802,2025-01-01 17:13:47.177320,2025-01-01 17:14:12.310976,0 days 00:00:25.133656,6,40,85.0,65.0,15.0,65.0,70.0,,,,,3,3.0,3.0,6.0,5.0,4.0,,,,,COMPLETE
782,782,0.6899545266639107,2025-01-01 17:14:12.312003,2025-01-01 17:14:22.008049,0 days 00:00:09.696046,3,90,45.0,55.0,,,,,,,,3,2.0,3.0,,,,,,,,COMPLETE
783,783,0.6885521885521886,2025-01-01 17:14:22.008895,2025-01-01 17:14:26.818536,0 days 00:00:04.809641,1,30,,,,,,,,,,3,,,,,,,,,,COMPLETE
784,784,0.625,2025-01-01 17:14:26.819212,2025-01-01 17:14:41.671822,0 days 00:00:14.852610,4,95,40.0,10.0,10.0,,,,,,,3,2.0,4.0,3.0,,,,,,,COMPLETE
785,785,0.609643605870021,2025-01-01 17:14:41.672606,2025-01-01 17:15:02.018529,0 days 00:00:20.345923,5,90,60.0,70.0,20.0,80.0,,,,,,3,3.0,3.0,5.0,3.0,,,,,,COMPLETE
786,786,0.5811044003451251,2025-01-01 17:15:02.019347,2025-01-01 17:15:16.587472,0 days 00:00:14.568125,6,85,75.0,85.0,30.0,35.0,50.0,,,,,3,3.0,2.0,6.0,5.0,4.0,,,,,COMPLETE
787,787,0.6184792219274977,2025-01-01 17:15:16.588299,2025-01-01 17:15:26.329735,0 days 00:00:09.741436,3,95,55.0,75.0,,,,,,,,2,3.0,3.0,,,,,,,,COMPLETE
788,788,0.6611039794608472,2025-01-01 17:15:26.330494,2025-01-01 17:15:31.518793,0 days 00:00:05.188299,1,50,,,,,,,,,,3,,,,,,,,,,COMPLETE
789,789,0.6061224489795918,2025-01-01 17:15:31.519507,2025-01-01 17:15:48.890579,0 days 00:00:17.371072,9,90,65.0,80.0,65.0,45.0,5.0,65.0,65.0,40.0,,3,4.0,3.0,6.0,3.0,5.0,4.0,4.0,3.0,,COMPLETE
790,790,0.6347402597402598,2025-01-01 17:15:48.891744,2025-01-01 17:16:08.787261,0 days 00:00:19.895517,5,90,50.0,65.0,30.0,30.0,,,,,,3,3.0,2.0,5.0,6.0,,,,,,COMPLETE
791,791,0.5353016688061617,2025-01-01 17:16:08.788241,2025-01-01 17:16:19.222748,0 days 00:00:10.434507,3,95,60.0,60.0,,,,,,,,3,2.0,3.0,,,,,,,,COMPLETE
792,792,0.5525862068965517,2025-01-01 17:16:19.223512,2025-01-01 17:16:46.141909,0 days 00:00:26.918397,6,100,95.0,70.0,55.0,20.0,55.0,,,,,3,3.0,3.0,6.0,5.0,4.0,,,,,COMPLETE
793,793,0.6053921568627452,2025-01-01 17:16:46.142715,2025-01-01 17:16:57.561472,0 days 00:00:11.418757,3,90,55.0,55.0,,,,,,,,3,3.0,3.0,,,,,,,,COMPLETE
794,794,0.7305555555555556,2025-01-01 17:16:57.562190,2025-01-01 17:17:02.323574,0 days 00:00:04.761384,1,35,,,,,,,,,,3,,,,,,,,,,COMPLETE
795,795,0.696969696969697,2025-01-01 17:17:02.324244,2025-01-01 17:17:24.909993,0 days 00:00:22.585749,6,85,20.0,45.0,20.0,35.0,80.0,,,,,3,2.0,2.0,5.0,3.0,5.0,,,,,COMPLETE
796,796,0.705810147299509,2025-01-01 17:17:24.911905,2025-01-01 17:17:35.658337,0 days 00:00:10.746432,3,95,65.0,75.0,,,,,,,,3,3.0,3.0,,,,,,,,COMPLETE
797,797,0.6660869565217391,2025-01-01 17:17:35.659077,2025-01-01 17:17:46.400286,0 days 00:00:10.741209,2,80,80.0,,,,,,,,,3,5.0,,,,,,,,,COMPLETE
798,798,0.677938808373591,2025-01-01 17:17:46.400995,2025-01-01 17:17:57.836146,0 days 00:00:11.435151,3,35,50.0,5.0,,,,,,,,3,3.0,3.0,,,,,,,,COMPLETE
799,799,0.7181964573268921,2025-01-01 17:17:57.836916,2025-01-01 17:18:04.603795,0 days 00:00:06.766879,2,85,45.0,,,,,,,,,3,2.0,,,,,,,,,COMPLETE
800,800,0.6594202898550725,2025-01-01 17:18:04.604489,2025-01-01 17:18:19.337851,0 days 00:00:14.733362,4,90,60.0,60.0,50.0,,,,,,,3,3.0,3.0,4.0,,,,,,,COMPLETE
801,801,0.6865793780687397,2025-01-01 17:18:19.338614,2025-01-01 17:18:24.526154,0 days 00:00:05.187540,1,50,,,,,,,,,,3,,,,,,,,,,COMPLETE
802,802,0.7799119647859143,2025-01-01 17:18:24.526878,2025-01-01 17:18:32.273658,0 days 00:00:07.746780,2,95,70.0,,,,,,,,,3,3.0,,,,,,,,,COMPLETE
803,803,0.7005813953488372,2025-01-01 17:18:32.274397,2025-01-01 17:18:39.954050,0 days 00:00:07.679653,2,100,75.0,,,,,,,,,3,3.0,,,,,,,,,COMPLETE
804,804,0.4485294117647059,2025-01-01 17:18:39.954770,2025-01-01 17:18:45.737782,0 days 00:00:05.783012,2,100,70.0,,,,,,,,,2,2.0,,,,,,,,,COMPLETE
805,805,0.6869387755102041,2025-01-01 17:18:45.738745,2025-01-01 17:18:53.504598,0 days 00:00:07.765853,2,95,70.0,,,,,,,,,3,3.0,,,,,,,,,COMPLETE
806,806,0.7390606182256123,2025-01-01 17:18:53.505305,2025-01-01 17:19:01.847725,0 days 00:00:08.342420,2,95,70.0,,,,,,,,,3,3.0,,,,,,,,,COMPLETE
807,807,0.7071078431372549,2025-01-01 17:19:01.848579,2025-01-01 17:19:08.542295,0 days 00:00:06.693716,2,95,65.0,,,,,,,,,3,2.0,,,,,,,,,COMPLETE
808,808,0.6594684385382059,2025-01-01 17:19:08.542988,2025-01-01 17:19:16.353189,0 days 00:00:07.810201,2,100,65.0,,,,,,,,,3,3.0,,,,,,,,,COMPLETE
809,809,0.6715927750410509,2025-01-01 17:19:16.353928,2025-01-01 17:19:24.155992,0 days 00:00:07.802064,2,95,70.0,,,,,,,,,3,3.0,,,,,,,,,COMPLETE
810,810,0.656235182550972,2025-01-01 17:19:24.156737,2025-01-01 17:19:31.038993,0 days 00:00:06.882256,2,95,65.0,,,,,,,,,3,2.0,,,,,,,,,COMPLETE
811,811,0.6190697674418605,2025-01-01 17:19:31.039732,2025-01-01 17:19:41.560406,0 days 00:00:10.520674,2,95,70.0,,,,,,,,,3,6.0,,,,,,,,,COMPLETE
812,812,0.7132107023411371,2025-01-01 17:19:41.561090,2025-01-01 17:19:49.315109,0 days 00:00:07.754019,2,95,65.0,,,,,,,,,3,3.0,,,,,,,,,COMPLETE
813,813,0.6137472283813747,2025-01-01 17:19:49.315795,2025-01-01 17:19:58.864792,0 days 00:00:09.548997,2,95,75.0,,,,,,,,,3,4.0,,,,,,,,,COMPLETE
814,814,0.6565656565656566,2025-01-01 17:19:58.865524,2025-01-01 17:20:03.673230,0 days 00:00:04.807706,1,100,,,,,,,,,,3,,,,,,,,,,COMPLETE
815,815,0.44459644322845415,2025-01-01 17:20:03.673952,2025-01-01 17:20:16.455146,0 days 00:00:12.781194,3,60,85.0,10.0,,,,,,,,3,3.0,4.0,,,,,,,,COMPLETE
816,816,0.6565656565656566,2025-01-01 17:20:16.456078,2025-01-01 17:20:24.769715,0 days 00:00:08.313637,2,90,60.0,,,,,,,,,3,3.0,,,,,,,,,COMPLETE
817,817,0.5915880503144654,2025-01-01 17:20:24.770459,2025-01-01 17:20:31.561312,0 days 00:00:06.790853,2,90,65.0,,,,,,,,,3,2.0,,,,,,,,,COMPLETE
818,818,0.6594684385382059,2025-01-01 17:20:31.562033,2025-01-01 17:20:39.343735,0 days 00:00:07.781702,2,55,60.0,,,,,,,,,3,3.0,,,,,,,,,COMPLETE
819,819,0.5474738675958188,2025-01-01 17:20:39.344559,2025-01-01 17:20:49.130220,0 days 00:00:09.785661,3,100,75.0,20.0,,,,,,,,3,3.0,2.0,,,,,,,,COMPLETE
820,820,0.6115978306216103,2025-01-01 17:20:49.130964,2025-01-01 17:20:56.290971,0 days 00:00:07.160007,1,95,,,,,,,,,,5,,,,,,,,,,COMPLETE
821,821,0.6938775510204082,2025-01-01 17:20:56.291726,2025-01-01 17:21:03.033531,0 days 00:00:06.741805,2,90,80.0,,,,,,,,,3,2.0,,,,,,,,,COMPLETE
822,822,0.6191626409017714,2025-01-01 17:21:03.034231,2025-01-01 17:21:12.759112,0 days 00:00:09.724881,3,95,60.0,65.0,,,,,,,,3,3.0,2.0,,,,,,,,COMPLETE
823,823,0.46825396825396826,2025-01-01 17:21:12.759849,2025-01-01 17:21:21.560634,0 days 00:00:08.800785,2,40,60.0,,,,,,,,,4,3.0,,,,,,,,,COMPLETE
824,824,0.7406832298136645,2025-01-01 17:21:21.561341,2025-01-01 17:21:25.446791,0 days 00:00:03.885450,1,45,,,,,,,,,,2,,,,,,,,,,COMPLETE
825,825,0.7181964573268921,2025-01-01 17:21:25.447491,2025-01-01 17:21:34.749265,0 days 00:00:09.301774,3,30,70.0,15.0,,,,,,,,3,2.0,2.0,,,,,,,,COMPLETE
826,826,0.702939885914875,2025-01-01 17:21:34.750025,2025-01-01 17:21:47.488775,0 days 00:00:12.738750,3,95,65.0,50.0,,,,,,,,3,3.0,4.0,,,,,,,,COMPLETE
827,827,0.6666666666666667,2025-01-01 17:21:47.490216,2025-01-01 17:21:55.297633,0 days 00:00:07.807417,2,90,55.0,,,,,,,,,3,3.0,,,,,,,,,COMPLETE
828,828,0.719551282051282,2025-01-01 17:21:55.298389,2025-01-01 17:22:03.086471,0 days 00:00:07.788082,2,55,60.0,,,,,,,,,3,3.0,,,,,,,,,COMPLETE
829,829,0.5627563576702215,2025-01-01 17:22:03.087206,2025-01-01 17:22:15.699139,0 days 00:00:12.611933,4,95,55.0,65.0,5.0,,,,,,,3,2.0,2.0,3.0,,,,,,,COMPLETE
830,830,0.6602564102564102,2025-01-01 17:22:15.700021,2025-01-01 17:22:20.585399,0 days 00:00:04.885378,1,50,,,,,,,,,,3,,,,,,,,,,COMPLETE
831,831,0.7,2025-01-01 17:22:20.586111,2025-01-01 17:22:30.440382,0 days 00:00:09.854271,3,60,65.0,60.0,,,,,,,,3,3.0,2.0,,,,,,,,COMPLETE
832,832,0.7416943521594684,2025-01-01 17:22:30.441178,2025-01-01 17:22:38.117328,0 days 00:00:07.676150,2,90,85.0,,,,,,,,,3,3.0,,,,,,,,,COMPLETE
833,833,0.5700000000000001,2025-01-01 17:22:38.118028,2025-01-01 17:22:47.704534,0 days 00:00:09.586506,2,90,85.0,,,,,,,,,3,4.0,,,,,,,,,COMPLETE
834,834,0.5440850686752325,2025-01-01 17:22:47.705305,2025-01-01 17:22:54.580811,0 days 00:00:06.875506,2,90,85.0,,,,,,,,,3,2.0,,,,,,,,,COMPLETE
835,835,0.7069387755102041,2025-01-01 17:22:54.581557,2025-01-01 17:23:02.384863,0 days 00:00:07.803306,2,90,90.0,,,,,,,,,3,3.0,,,,,,,,,COMPLETE
836,836,0.6989160979526294,2025-01-01 17:23:02.385598,2025-01-01 17:23:10.205308,0 days 00:00:07.819710,2,90,80.0,,,,,,,,,3,3.0,,,,,,,,,COMPLETE
837,837,0.5340167753960858,2025-01-01 17:23:10.206063,2025-01-01 17:23:16.999234,0 days 00:00:06.793171,2,90,90.0,,,,,,,,,3,2.0,,,,,,,,,COMPLETE
838,838,0.7251845775225595,2025-01-01 17:23:16.999962,2025-01-01 17:23:24.777477,0 days 00:00:07.777515,2,90,90.0,,,,,,,,,3,3.0,,,,,,,,,COMPLETE
839,839,0.7259259259259259,2025-01-01 17:23:24.778384,2025-01-01 17:23:32.529233,0 days 00:00:07.750849,2,95,85.0,,,,,,,,,3,3.0,,,,,,,,,COMPLETE
840,840,0.6285115303983229,2025-01-01 17:23:32.529964,2025-01-01 17:23:37.283493,0 days 00:00:04.753529,1,90,,,,,,,,,,3,,,,,,,,,,COMPLETE
841,841,0.567032967032967,2025-01-01 17:23:37.284175,2025-01-01 17:23:44.078931,0 days 00:00:06.794756,2,95,90.0,,,,,,,,,3,2.0,,,,,,,,,COMPLETE
842,842,0.6608161474330847,2025-01-01 17:23:44.079782,2025-01-01 17:23:51.758061,0 days 00:00:07.678279,2,95,90.0,,,,,,,,,3,3.0,,,,,,,,,COMPLETE
843,843,0.5110887096774194,2025-01-01 17:23:51.758758,2025-01-01 17:23:55.658327,0 days 00:00:03.899569,1,90,,,,,,,,,,2,,,,,,,,,,COMPLETE
844,844,0.662962962962963,2025-01-01 17:23:55.659050,2025-01-01 17:24:03.418864,0 days 00:00:07.759814,2,100,85.0,,,,,,,,,3,3.0,,,,,,,,,COMPLETE
845,845,0.7045454545454546,2025-01-01 17:24:03.419555,2025-01-01 17:24:14.272165,0 days 00:00:10.852610,2,90,85.0,,,,,,,,,3,5.0,,,,,,,,,COMPLETE
846,846,0.6161616161616161,2025-01-01 17:24:14.272874,2025-01-01 17:24:33.192881,0 days 00:00:18.920007,9,95,80.0,15.0,70.0,15.0,85.0,30.0,55.0,40.0,,3,3.0,4.0,6.0,4.0,6.0,5.0,6.0,3.0,,COMPLETE
847,847,0.6659619450317125,2025-01-01 17:24:33.193829,2025-01-01 17:24:38.033869,0 days 00:00:04.840040,1,90,,,,,,,,,,3,,,,,,,,,,COMPLETE
848,848,0.5327144120247569,2025-01-01 17:24:38.034573,2025-01-01 17:24:45.304410,0 days 00:00:07.269837,2,95,25.0,,,,,,,,,3,2.0,,,,,,,,,COMPLETE
849,849,0.7444444444444445,2025-01-01 17:24:45.305489,2025-01-01 17:24:53.050198,0 days 00:00:07.744709,2,90,85.0,,,,,,,,,3,3.0,,,,,,,,,COMPLETE
850,850,0.7431077694235588,2025-01-01 17:24:53.050962,2025-01-01 17:25:00.731159,0 days 00:00:07.680197,2,85,85.0,,,,,,,,,3,3.0,,,,,,,,,COMPLETE
851,851,0.6298245614035087,2025-01-01 17:25:00.732559,2025-01-01 17:25:10.261055,0 days 00:00:09.528496,2,20,85.0,,,,,,,,,4,3.0,,,,,,,,,COMPLETE
852,852,0.6532027743778049,2025-01-01 17:25:10.261789,2025-01-01 17:25:18.045901,0 days 00:00:07.784112,2,85,90.0,,,,,,,,,3,3.0,,,,,,,,,COMPLETE
853,853,0.7777777777777778,2025-01-01 17:25:18.046710,2025-01-01 17:25:25.779454,0 days 00:00:07.732744,2,85,80.0,,,,,,,,,3,3.0,,,,,,,,,COMPLETE
854,854,0.6247954173486088,2025-01-01 17:25:25.780166,2025-01-01 17:25:32.986800,0 days 00:00:07.206634,2,85,80.0,,,,,,,,,3,3.0,,,,,,,,,COMPLETE
855,855,0.6636363636363636,2025-01-01 17:25:32.987550,2025-01-01 17:25:41.282121,0 days 00:00:08.294571,2,85,80.0,,,,,,,,,3,3.0,,,,,,,,,COMPLETE
856,856,0.6869387755102041,2025-01-01 17:25:41.282877,2025-01-01 17:25:49.037822,0 days 00:00:07.754945,2,85,80.0,,,,,,,,,3,3.0,,,,,,,,,COMPLETE
857,857,0.696969696969697,2025-01-01 17:25:49.038540,2025-01-01 17:25:57.377396,0 days 00:00:08.338856,2,85,85.0,,,,,,,,,3,3.0,,,,,,,,,COMPLETE
858,858,0.5941558441558441,2025-01-01 17:25:57.378129,2025-01-01 17:26:05.125538,0 days 00:00:07.747409,2,15,75.0,,,,,,,,,3,3.0,,,,,,,,,COMPLETE
859,859,0.7306553911205074,2025-01-01 17:26:05.126391,2025-01-01 17:26:12.885725,0 days 00:00:07.759334,2,85,80.0,,,,,,,,,3,3.0,,,,,,,,,COMPLETE
860,860,0.7517819706498952,2025-01-01 17:26:12.886435,2025-01-01 17:26:20.649683,0 days 00:00:07.763248,2,85,85.0,,,,,,,,,3,3.0,,,,,,,,,COMPLETE
861,861,0.6940024479804161,2025-01-01 17:26:20.650382,2025-01-01 17:26:28.417012,0 days 00:00:07.766630,2,85,85.0,,,,,,,,,3,3.0,,,,,,,,,COMPLETE
862,862,0.6190476190476191,2025-01-01 17:26:28.417743,2025-01-01 17:26:36.798589,0 days 00:00:08.380846,2,85,85.0,,,,,,,,,3,3.0,,,,,,,,,COMPLETE
863,863,0.47948717948717945,2025-01-01 17:26:36.799530,2025-01-01 17:26:45.752592,0 days 00:00:08.953062,2,85,85.0,,,,,,,,,4,3.0,,,,,,,,,COMPLETE
864,864,0.5149321266968326,2025-01-01 17:26:45.753435,2025-01-01 17:26:52.519477,0 days 00:00:06.766042,2,85,80.0,,,,,,,,,2,3.0,,,,,,,,,COMPLETE
865,865,0.6963835155592935,2025-01-01 17:26:52.520294,2025-01-01 17:27:00.324703,0 days 00:00:07.804409,2,85,85.0,,,,,,,,,3,3.0,,,,,,,,,COMPLETE
866,866,0.696969696969697,2025-01-01 17:27:00.325404,2025-01-01 17:27:08.148623,0 days 00:00:07.823219,2,80,85.0,,,,,,,,,3,3.0,,,,,,,,,COMPLETE
867,867,0.7273469387755103,2025-01-01 17:27:08.149353,2025-01-01 17:27:15.895005,0 days 00:00:07.745652,2,85,90.0,,,,,,,,,3,3.0,,,,,,,,,COMPLETE
868,868,0.6918238993710691,2025-01-01 17:27:15.895728,2025-01-01 17:27:23.733492,0 days 00:00:07.837764,2,85,80.0,,,,,,,,,3,3.0,,,,,,,,,COMPLETE
869,869,0.6862745098039216,2025-01-01 17:27:23.734198,2025-01-01 17:27:31.537575,0 days 00:00:07.803377,2,85,90.0,,,,,,,,,3,3.0,,,,,,,,,COMPLETE
870,870,0.6227272727272728,2025-01-01 17:27:31.538304,2025-01-01 17:27:39.348681,0 days 00:00:07.810377,2,80,80.0,,,,,,,,,3,3.0,,,,,,,,,COMPLETE
871,871,0.6892177589852009,2025-01-01 17:27:39.349420,2025-01-01 17:27:47.160438,0 days 00:00:07.811018,2,85,80.0,,,,,,,,,3,3.0,,,,,,,,,COMPLETE
872,872,0.7380151387720775,2025-01-01 17:27:47.161217,2025-01-01 17:27:54.897159,0 days 00:00:07.735942,2,85,85.0,,,,,,,,,3,3.0,,,,,,,,,COMPLETE
873,873,0.7227272727272727,2025-01-01 17:27:54.897900,2025-01-01 17:28:02.672359,0 days 00:00:07.774459,2,85,85.0,,,,,,,,,3,3.0,,,,,,,,,COMPLETE
874,874,0.6444444444444444,2025-01-01 17:28:02.673086,2025-01-01 17:28:10.442630,0 days 00:00:07.769544,2,90,90.0,,,,,,,,,3,3.0,,,,,,,,,COMPLETE
875,875,0.6186270574066639,2025-01-01 17:28:10.443597,2025-01-01 17:28:18.179075,0 days 00:00:07.735478,2,80,80.0,,,,,,,,,3,3.0,,,,,,,,,COMPLETE
876,876,0.5051282051282051,2025-01-01 17:28:18.180205,2025-01-01 17:28:45.034573,0 days 00:00:26.854368,7,85,85.0,20.0,65.0,80.0,10.0,40.0,,,,3,3.0,4.0,6.0,4.0,2.0,4.0,,,,COMPLETE
877,877,0.4065934065934066,2025-01-01 17:28:45.035507,2025-01-01 17:29:15.382088,0 days 00:00:30.346581,8,90,75.0,30.0,60.0,75.0,10.0,80.0,60.0,,,3,3.0,2.0,6.0,4.0,2.0,5.0,4.0,,,COMPLETE
878,878,0.6102693602693603,2025-01-01 17:29:15.383054,2025-01-01 17:29:23.134714,0 days 00:00:07.751660,2,100,90.0,,,,,,,,,3,3.0,,,,,,,,,COMPLETE
879,879,0.6365914786967418,2025-01-01 17:29:23.135468,2025-01-01 17:29:30.861433,0 days 00:00:07.725965,2,90,95.0,,,,,,,,,3,3.0,,,,,,,,,COMPLETE
880,880,0.76759410801964,2025-01-01 17:29:30.862157,2025-01-01 17:29:38.533357,0 days 00:00:07.671200,2,85,85.0,,,,,,,,,3,3.0,,,,,,,,,COMPLETE
881,881,0.67003367003367,2025-01-01 17:29:38.534129,2025-01-01 17:29:46.224129,0 days 00:00:07.690000,2,80,90.0,,,,,,,,,3,3.0,,,,,,,,,COMPLETE
882,882,0.6158119658119658,2025-01-01 17:29:46.225254,2025-01-01 17:29:54.000444,0 days 00:00:07.775190,2,70,85.0,,,,,,,,,3,3.0,,,,,,,,,COMPLETE
883,883,0.47916666666666663,2025-01-01 17:29:54.001388,2025-01-01 17:30:00.830909,0 days 00:00:06.829521,2,60,75.0,,,,,,,,,2,3.0,,,,,,,,,COMPLETE
884,884,0.7414634146341463,2025-01-01 17:30:00.831632,2025-01-01 17:30:08.642159,0 days 00:00:07.810527,2,90,80.0,,,,,,,,,3,3.0,,,,,,,,,COMPLETE
885,885,0.49066213921901525,2025-01-01 17:30:08.642986,2025-01-01 17:30:43.937039,0 days 00:00:35.294053,9,95,80.0,25.0,70.0,20.0,100.0,85.0,70.0,45.0,,3,2.0,2.0,6.0,4.0,2.0,4.0,4.0,4.0,,COMPLETE
886,886,0.6347402597402598,2025-01-01 17:30:43.937978,2025-01-01 17:30:51.673391,0 days 00:00:07.735413,2,90,95.0,,,,,,,,,3,3.0,,,,,,,,,COMPLETE
887,887,0.6059322033898304,2025-01-01 17:30:51.674105,2025-01-01 17:30:58.919200,0 days 00:00:07.245095,2,70,90.0,,,,,,,,,3,2.0,,,,,,,,,COMPLETE
888,888,0.5755517826825127,2025-01-01 17:30:58.920378,2025-01-01 17:31:08.994300,0 days 00:00:10.073922,2,90,85.0,,,,,,,,,5,3.0,,,,,,,,,COMPLETE
889,889,0.6530612244897959,2025-01-01 17:31:08.995041,2025-01-01 17:31:17.289033,0 days 00:00:08.293992,2,85,85.0,,,,,,,,,3,3.0,,,,,,,,,COMPLETE
890,890,0.5881606765327696,2025-01-01 17:31:17.289779,2025-01-01 17:31:24.994137,0 days 00:00:07.704358,2,65,90.0,,,,,,,,,3,3.0,,,,,,,,,COMPLETE
891,891,0.7159090909090908,2025-01-01 17:31:24.994860,2025-01-01 17:31:31.833605,0 days 00:00:06.838745,2,100,75.0,,,,,,,,,3,2.0,,,,,,,,,COMPLETE
892,892,0.7182675814751287,2025-01-01 17:31:31.834562,2025-01-01 17:31:39.595920,0 days 00:00:07.761358,2,95,95.0,,,,,,,,,3,3.0,,,,,,,,,COMPLETE
893,893,0.515473032714412,2025-01-01 17:31:39.596632,2025-01-01 17:31:49.278612,0 days 00:00:09.681980,2,85,85.0,,,,,,,,,6,3.0,,,,,,,,,COMPLETE
894,894,0.8193496587715776,2025-01-01 17:31:49.279493,2025-01-01 17:32:23.802541,0 days 00:00:34.523048,8,95,80.0,15.0,75.0,75.0,35.0,70.0,75.0,,,4,2.0,2.0,6.0,4.0,3.0,5.0,3.0,,,COMPLETE
895,895,0.6376811594202898,2025-01-01 17:32:23.803485,2025-01-01 17:32:56.495473,0 days 00:00:32.691988,9,95,80.0,10.0,65.0,75.0,35.0,65.0,80.0,30.0,,4,2.0,2.0,6.0,4.0,3.0,5.0,3.0,3.0,,COMPLETE
896,896,0.4949874686716792,2025-01-01 17:32:56.496574,2025-01-01 17:33:23.893746,0 days 00:00:27.397172,7,100,75.0,5.0,100.0,75.0,35.0,70.0,,,,4,2.0,2.0,6.0,4.0,3.0,5.0,,,,COMPLETE
897,897,0.4945054945054945,2025-01-01 17:33:23.894748,2025-01-01 17:34:00.000170,0 days 00:00:36.105422,9,95,80.0,15.0,75.0,70.0,30.0,75.0,75.0,25.0,,4,2.0,2.0,6.0,4.0,3.0,5.0,3.0,5.0,,COMPLETE
898,898,0.5325602140945584,2025-01-01 17:34:00.001109,2025-01-01 17:34:39.611485,0 days 00:00:39.610376,9,95,80.0,30.0,75.0,80.0,40.0,70.0,75.0,45.0,,5,2.0,2.0,6.0,4.0,3.0,5.0,3.0,3.0,,COMPLETE
899,899,0.5941558441558441,2025-01-01 17:34:39.612641,2025-01-01 17:35:01.398360,0 days 00:00:21.785719,7,95,80.0,15.0,55.0,70.0,40.0,80.0,,,,3,2.0,2.0,6.0,4.0,3.0,5.0,,,,COMPLETE
900,900,0.56,2025-01-01 17:35:01.399358,2025-01-01 17:35:09.289095,0 days 00:00:07.889737,2,100,75.0,,,,,,,,,4,2.0,,,,,,,,,COMPLETE
901,901,0.5592948717948718,2025-01-01 17:35:09.290190,2025-01-01 17:35:37.596056,0 days 00:00:28.305866,8,95,80.0,10.0,70.0,65.0,35.0,85.0,75.0,,,4,2.0,2.0,6.0,4.0,3.0,5.0,3.0,,,COMPLETE
902,902,0.463135593220339,2025-01-01 17:35:37.596996,2025-01-01 17:35:52.536701,0 days 00:00:14.939705,8,95,85.0,20.0,70.0,70.0,45.0,65.0,70.0,,,2,2.0,2.0,6.0,4.0,3.0,5.0,3.0,,,COMPLETE
903,903,0.5720338983050848,2025-01-01 17:35:52.537573,2025-01-01 17:36:21.585613,0 days 00:00:29.048040,7,90,80.0,20.0,65.0,75.0,30.0,40.0,,,,4,2.0,2.0,6.0,4.0,3.0,5.0,,,,COMPLETE
904,904,0.4065934065934066,2025-01-01 17:36:21.586764,2025-01-01 17:36:53.333219,0 days 00:00:31.746455,8,90,75.0,5.0,75.0,80.0,35.0,75.0,40.0,,,2,2.0,2.0,6.0,4.0,3.0,5.0,4.0,,,COMPLETE
905,905,0.5571658615136876,2025-01-01 17:36:53.334136,2025-01-01 17:37:11.750828,0 days 00:00:18.416692,9,20,85.0,10.0,45.0,65.0,40.0,90.0,65.0,45.0,,4,2.0,2.0,6.0,5.0,2.0,5.0,3.0,4.0,,COMPLETE
906,906,0.6227272727272728,2025-01-01 17:37:11.751792,2025-01-01 17:37:41.232834,0 days 00:00:29.481042,8,95,80.0,35.0,60.0,60.0,30.0,35.0,65.0,,,5,2.0,2.0,6.0,4.0,3.0,5.0,3.0,,,COMPLETE
907,907,0.6347402597402598,2025-01-01 17:37:41.233944,2025-01-01 17:38:12.838721,0 days 00:00:31.604777,8,100,85.0,15.0,50.0,80.0,45.0,75.0,30.0,,,6,2.0,2.0,6.0,4.0,2.0,5.0,4.0,,,COMPLETE
908,908,0.6131202691337259,2025-01-01 17:38:12.839758,2025-01-01 17:38:39.665353,0 days 00:00:26.825595,7,90,75.0,5.0,100.0,65.0,35.0,65.0,,,,3,2.0,2.0,6.0,4.0,3.0,4.0,,,,COMPLETE
909,909,0.6648745519713262,2025-01-01 17:38:39.666195,2025-01-01 17:38:46.446628,0 days 00:00:06.780433,2,90,85.0,,,,,,,,,3,2.0,,,,,,,,,COMPLETE
910,910,0.5245969408846631,2025-01-01 17:38:46.447366,2025-01-01 17:39:18.124022,0 days 00:00:31.676656,9,95,90.0,10.0,55.0,55.0,40.0,35.0,45.0,20.0,,4,2.0,2.0,6.0,5.0,2.0,5.0,3.0,3.0,,COMPLETE
911,911,0.6356589147286822,2025-01-01 17:39:18.125133,2025-01-01 17:39:24.958963,0 days 00:00:06.833830,2,100,95.0,,,,,,,,,3,2.0,,,,,,,,,COMPLETE
912,912,0.6125,2025-01-01 17:39:24.959686,2025-01-01 17:39:34.816127,0 days 00:00:09.856441,2,85,80.0,,,,,,,,,5,2.0,,,,,,,,,COMPLETE
913,913,0.5974235104669887,2025-01-01 17:39:34.816986,2025-01-01 17:39:52.613375,0 days 00:00:17.796389,5,95,40.0,5.0,75.0,70.0,,,,,,3,2.0,2.0,6.0,4.0,,,,,,COMPLETE
914,914,0.6737588652482269,2025-01-01 17:39:52.614709,2025-01-01 17:40:13.539605,0 days 00:00:20.924896,6,25,90.0,15.0,40.0,75.0,30.0,,,,,3,2.0,2.0,6.0,4.0,3.0,,,,,COMPLETE
915,915,0.6598639455782312,2025-01-01 17:40:13.540451,2025-01-01 17:40:19.876628,0 days 00:00:06.336177,2,90,80.0,,,,,,,,,3,2.0,,,,,,,,,COMPLETE
916,916,0.5625,2025-01-01 17:40:19.877364,2025-01-01 17:40:26.643735,0 days 00:00:06.766371,2,80,85.0,,,,,,,,,3,2.0,,,,,,,,,COMPLETE
917,917,0.3894165535956581,2025-01-01 17:40:26.644447,2025-01-01 17:40:53.173479,0 days 00:00:26.529032,7,90,75.0,5.0,60.0,80.0,50.0,70.0,,,,3,2.0,2.0,6.0,5.0,2.0,5.0,,,,COMPLETE
918,918,0.6312056737588652,2025-01-01 17:40:53.174594,2025-01-01 17:40:59.901521,0 days 00:00:06.726927,2,85,80.0,,,,,,,,,3,2.0,,,,,,,,,COMPLETE
