,number,value,datetime_start,datetime_complete,duration,params_depth,params_neurons_layer_0,params_neurons_layer_1,params_neurons_layer_2,params_neurons_layer_3,params_neurons_layer_4,params_neurons_layer_5,params_neurons_layer_6,params_neurons_layer_7,params_neurons_layer_8,params_neurons_layer_9,params_orders_layer_0,params_orders_layer_1,params_orders_layer_2,params_orders_layer_3,params_orders_layer_4,params_orders_layer_5,params_orders_layer_6,params_orders_layer_7,params_orders_layer_8,params_orders_layer_9,state
648,648,0.4387464387464387,2025-01-01 22:26:15.520607,2025-01-01 22:26:33.120648,0 days 00:00:17.600041,6,60,30.0,95.0,95.0,55.0,55.0,,,,,5,2.0,4.0,3.0,3.0,4.0,,,,,COMPLETE
649,649,0.601923076923077,2025-01-01 22:26:33.121387,2025-01-01 22:26:36.969642,0 days 00:00:03.848255,2,60,15.0,,,,,,,,,2,2.0,,,,,,,,,COMPLETE
650,650,0.6875,2025-01-01 22:26:36.970273,2025-01-01 22:26:49.238440,0 days 00:00:12.268167,5,100,20.0,75.0,50.0,100.0,,,,,,2,2.0,3.0,4.0,5.0,,,,,,COMPLETE
651,651,0.6785225718194254,2025-01-01 22:26:49.239169,2025-01-01 22:27:02.313446,0 days 00:00:13.074277,5,90,95.0,85.0,90.0,45.0,,,,,,5,2.0,3.0,4.0,6.0,,,,,,COMPLETE
652,652,0.6581818181818182,2025-01-01 22:27:02.314526,2025-01-01 22:27:06.754883,0 days 00:00:04.440357,2,95,55.0,,,,,,,,,2,2.0,,,,,,,,,COMPLETE
653,653,0.5654846335697399,2025-01-01 22:27:06.755504,2025-01-01 22:27:17.901529,0 days 00:00:11.146025,5,65,40.0,90.0,100.0,60.0,,,,,,2,2.0,4.0,4.0,5.0,,,,,,COMPLETE
654,654,0.614622641509434,2025-01-01 22:27:17.902322,2025-01-01 22:27:26.865790,0 days 00:00:08.963468,4,60,25.0,35.0,90.0,,,,,,,5,2.0,3.0,5.0,,,,,,,COMPLETE
655,655,0.6356589147286822,2025-01-01 22:27:26.866459,2025-01-01 22:27:35.160883,0 days 00:00:08.294424,5,100,35.0,70.0,100.0,40.0,,,,,,2,2.0,3.0,3.0,3.0,,,,,,COMPLETE
656,656,0.6323055683387022,2025-01-01 22:27:35.161563,2025-01-01 22:27:47.986985,0 days 00:00:12.825422,6,65,30.0,85.0,85.0,50.0,50.0,,,,,5,2.0,4.0,4.0,4.0,2.0,,,,,COMPLETE
657,657,0.5457892314772204,2025-01-01 22:27:47.987743,2025-01-01 22:28:00.263692,0 days 00:00:12.275949,5,50,25.0,80.0,95.0,95.0,,,,,,2,2.0,3.0,4.0,4.0,,,,,,COMPLETE
658,658,0.5375,2025-01-01 22:28:00.264367,2025-01-01 22:28:08.865099,0 days 00:00:08.600732,4,55,20.0,30.0,90.0,,,,,,,5,2.0,3.0,4.0,,,,,,,COMPLETE
659,659,0.53,2025-01-01 22:28:08.865771,2025-01-01 22:28:28.880561,0 days 00:00:20.014790,9,95,25.0,25.0,95.0,55.0,35.0,60.0,75.0,70.0,,2,2.0,3.0,3.0,4.0,6.0,4.0,5.0,5.0,,COMPLETE
660,660,0.5266472868217054,2025-01-01 22:28:28.881465,2025-01-01 22:28:40.112953,0 days 00:00:11.231488,5,100,30.0,75.0,30.0,45.0,,,,,,5,2.0,3.0,4.0,5.0,,,,,,COMPLETE
661,661,0.5180952380952382,2025-01-01 22:28:40.113858,2025-01-01 22:28:46.552497,0 days 00:00:06.438639,3,60,40.0,80.0,,,,,,,,3,2.0,3.0,,,,,,,,COMPLETE
662,662,0.5106382978723404,2025-01-01 22:28:46.553133,2025-01-01 22:29:03.368712,0 days 00:00:16.815579,7,65,20.0,70.0,80.0,100.0,20.0,85.0,,,,2,2.0,3.0,4.0,3.0,4.0,4.0,,,,COMPLETE
663,663,0.6234967622571693,2025-01-01 22:29:03.369575,2025-01-01 22:29:14.217875,0 days 00:00:10.848300,6,65,25.0,85.0,95.0,50.0,25.0,,,,,2,2.0,3.0,5.0,4.0,2.0,,,,,COMPLETE
664,664,0.5272727272727273,2025-01-01 22:29:14.218763,2025-01-01 22:29:20.264502,0 days 00:00:06.045739,2,100,15.0,,,,,,,,,5,2.0,,,,,,,,,COMPLETE
665,665,0.7095282146160962,2025-01-01 22:29:20.265130,2025-01-01 22:29:29.396626,0 days 00:00:09.131496,4,70,30.0,50.0,55.0,,,,,,,2,2.0,4.0,3.0,,,,,,,COMPLETE
666,666,0.5742753623188406,2025-01-01 22:29:29.397283,2025-01-01 22:29:37.937863,0 days 00:00:08.540580,3,95,45.0,70.0,,,,,,,,5,2.0,6.0,,,,,,,,COMPLETE
667,667,0.551594746716698,2025-01-01 22:29:37.938525,2025-01-01 22:29:50.203374,0 days 00:00:12.264849,5,60,35.0,35.0,40.0,95.0,,,,,,2,2.0,3.0,4.0,4.0,,,,,,COMPLETE
668,668,0.6260162601626016,2025-01-01 22:29:50.204089,2025-01-01 22:29:59.773307,0 days 00:00:09.569218,4,55,25.0,75.0,85.0,,,,,,,2,2.0,6.0,4.0,,,,,,,COMPLETE
669,669,0.5950113378684807,2025-01-01 22:29:59.774183,2025-01-01 22:30:07.684725,0 days 00:00:07.910542,3,65,40.0,25.0,,,,,,,,5,2.0,3.0,,,,,,,,COMPLETE
670,670,0.6959810874704492,2025-01-01 22:30:07.685363,2025-01-01 22:30:22.477595,0 days 00:00:14.792232,7,45,25.0,90.0,100.0,40.0,45.0,95.0,,,,2,2.0,6.0,4.0,4.0,2.0,3.0,,,,COMPLETE
671,671,0.5083986562150056,2025-01-01 22:30:22.478483,2025-01-01 22:30:28.112400,0 days 00:00:05.633917,2,100,30.0,,,,,,,,,5,2.0,,,,,,,,,COMPLETE
672,672,0.4643527204502814,2025-01-01 22:30:28.113030,2025-01-01 22:30:39.957396,0 days 00:00:11.844366,5,65,20.0,70.0,90.0,90.0,,,,,,2,2.0,3.0,4.0,4.0,,,,,,COMPLETE
673,673,0.6452358926919519,2025-01-01 22:30:39.958119,2025-01-01 22:30:46.602427,0 days 00:00:06.644308,3,90,30.0,80.0,,,,,,,,2,2.0,3.0,,,,,,,,COMPLETE
674,674,0.5266472868217054,2025-01-01 22:30:46.603087,2025-01-01 22:30:55.150304,0 days 00:00:08.547217,3,50,25.0,75.0,,,,,,,,5,2.0,6.0,,,,,,,,COMPLETE
675,675,0.5374653098982424,2025-01-01 22:30:55.150974,2025-01-01 22:31:06.586835,0 days 00:00:11.435861,5,60,35.0,85.0,65.0,100.0,,,,,,5,2.0,4.0,2.0,5.0,,,,,,COMPLETE
676,676,0.5432624113475177,2025-01-01 22:31:06.587729,2025-01-01 22:31:19.131191,0 days 00:00:12.543462,6,70,40.0,30.0,15.0,50.0,20.0,,,,,2,2.0,3.0,4.0,4.0,4.0,,,,,COMPLETE
677,677,0.5790697674418605,2025-01-01 22:31:19.131950,2025-01-01 22:31:33.021347,0 days 00:00:13.889397,6,100,20.0,80.0,45.0,45.0,100.0,,,,,2,2.0,6.0,3.0,4.0,2.0,,,,,COMPLETE
678,678,0.5432624113475177,2025-01-01 22:31:33.022112,2025-01-01 22:31:59.965228,0 days 00:00:26.943116,10,65,25.0,20.0,90.0,55.0,60.0,15.0,85.0,85.0,55.0,2,2.0,3.0,2.0,6.0,4.0,3.0,5.0,6.0,6.0,COMPLETE
679,679,0.4572649572649573,2025-01-01 22:31:59.966396,2025-01-01 22:32:24.741641,0 days 00:00:24.775245,9,55,45.0,70.0,95.0,95.0,10.0,60.0,55.0,75.0,,5,2.0,6.0,4.0,4.0,6.0,5.0,5.0,4.0,,COMPLETE
680,680,0.6154545454545455,2025-01-01 22:32:24.742573,2025-01-01 22:32:30.215290,0 days 00:00:05.472717,3,95,35.0,90.0,,,,,,,,2,3.0,3.0,,,,,,,,COMPLETE
681,681,0.6581818181818182,2025-01-01 22:32:30.215939,2025-01-01 22:32:36.996353,0 days 00:00:06.780414,3,65,30.0,45.0,,,,,,,,2,2.0,4.0,,,,,,,,COMPLETE
682,682,0.561936402467964,2025-01-01 22:32:36.996999,2025-01-01 22:32:44.900751,0 days 00:00:07.903752,3,75,15.0,65.0,,,,,,,,5,2.0,6.0,,,,,,,,COMPLETE
683,683,0.5932367149758454,2025-01-01 22:32:44.901405,2025-01-01 22:33:00.290578,0 days 00:00:15.389173,5,70,25.0,85.0,85.0,40.0,,,,,,5,5.0,3.0,4.0,5.0,,,,,,COMPLETE
684,684,0.5499316005471957,2025-01-01 22:33:00.291374,2025-01-01 22:33:08.113660,0 days 00:00:07.822286,3,100,20.0,35.0,,,,,,,,2,2.0,6.0,,,,,,,,COMPLETE
685,685,0.6556776556776557,2025-01-01 22:33:08.114282,2025-01-01 22:33:18.670411,0 days 00:00:10.556129,4,95,50.0,30.0,100.0,,,,,,,5,2.0,3.0,2.0,,,,,,,COMPLETE
686,686,0.5474806201550388,2025-01-01 22:33:18.671319,2025-01-01 22:33:34.570143,0 days 00:00:15.898824,7,50,25.0,75.0,95.0,25.0,15.0,100.0,,,,2,2.0,6.0,4.0,3.0,5.0,3.0,,,,COMPLETE
687,687,0.6407407407407407,2025-01-01 22:33:34.570990,2025-01-01 22:33:39.678750,0 days 00:00:05.107760,2,60,35.0,,,,,,,,,5,2.0,,,,,,,,,COMPLETE
688,688,0.5210401891252955,2025-01-01 22:33:39.679385,2025-01-01 22:33:52.963545,0 days 00:00:13.284160,5,90,30.0,80.0,35.0,70.0,,,,,,6,2.0,4.0,4.0,4.0,,,,,,COMPLETE
689,689,0.759469696969697,2025-01-01 22:33:52.964301,2025-01-01 22:34:01.626906,0 days 00:00:08.662605,3,65,40.0,75.0,,,,,,,,2,5.0,3.0,,,,,,,,COMPLETE
690,690,0.5210401891252955,2025-01-01 22:34:01.627574,2025-01-01 22:34:09.516720,0 days 00:00:07.889146,3,65,20.0,75.0,,,,,,,,3,5.0,3.0,,,,,,,,COMPLETE
691,691,0.6875,2025-01-01 22:34:09.517473,2025-01-01 22:34:20.230189,0 days 00:00:10.712716,3,65,30.0,70.0,,,,,,,,2,5.0,5.0,,,,,,,,COMPLETE
692,692,0.49444444444444446,2025-01-01 22:34:20.230860,2025-01-01 22:34:30.369091,0 days 00:00:10.138231,3,70,10.0,75.0,,,,,,,,5,5.0,3.0,,,,,,,,COMPLETE
693,693,0.5851922164214522,2025-01-01 22:34:30.369764,2025-01-01 22:34:37.607383,0 days 00:00:07.237619,3,65,25.0,75.0,,,,,,,,2,5.0,3.0,,,,,,,,COMPLETE
694,694,0.637641723356009,2025-01-01 22:34:37.608056,2025-01-01 22:34:46.702855,0 days 00:00:09.094799,3,60,20.0,75.0,,,,,,,,2,5.0,5.0,,,,,,,,COMPLETE
695,695,0.6665124884366327,2025-01-01 22:34:46.703480,2025-01-01 22:34:55.328883,0 days 00:00:08.625403,3,65,25.0,80.0,,,,,,,,5,5.0,3.0,,,,,,,,COMPLETE
696,696,0.6742424242424242,2025-01-01 22:34:55.329746,2025-01-01 22:35:03.541455,0 days 00:00:08.211709,3,70,40.0,80.0,,,,,,,,5,5.0,3.0,,,,,,,,COMPLETE
697,697,0.5576279292204687,2025-01-01 22:35:03.542248,2025-01-01 22:35:10.130592,0 days 00:00:06.588344,3,60,45.0,70.0,,,,,,,,2,5.0,3.0,,,,,,,,COMPLETE
698,698,0.5070149975810353,2025-01-01 22:35:10.131240,2025-01-01 22:35:17.918062,0 days 00:00:07.786822,4,65,25.0,85.0,80.0,,,,,,,2,5.0,2.0,3.0,,,,,,,COMPLETE
699,699,0.6154545454545455,2025-01-01 22:35:17.918818,2025-01-01 22:35:25.256398,0 days 00:00:07.337580,2,65,30.0,,,,,,,,,5,5.0,,,,,,,,,COMPLETE
700,700,0.4980952380952381,2025-01-01 22:35:25.257070,2025-01-01 22:35:36.949335,0 days 00:00:11.692265,3,55,30.0,70.0,,,,,,,,2,5.0,5.0,,,,,,,,COMPLETE
701,701,0.5474806201550388,2025-01-01 22:35:36.950018,2025-01-01 22:35:46.490941,0 days 00:00:09.540923,3,70,35.0,75.0,,,,,,,,5,5.0,3.0,,,,,,,,COMPLETE
702,702,0.7687074829931972,2025-01-01 22:35:46.491599,2025-01-01 22:35:55.004325,0 days 00:00:08.512726,3,60,25.0,80.0,,,,,,,,2,5.0,3.0,,,,,,,,COMPLETE
703,703,0.5184122429459589,2025-01-01 22:35:55.004996,2025-01-01 22:36:02.067842,0 days 00:00:07.062846,3,55,25.0,75.0,,,,,,,,2,5.0,3.0,,,,,,,,COMPLETE
704,704,0.48351648351648346,2025-01-01 22:36:02.068492,2025-01-01 22:36:10.498003,0 days 00:00:08.429511,3,60,25.0,80.0,,,,,,,,2,5.0,3.0,,,,,,,,COMPLETE
705,705,0.6126373626373627,2025-01-01 22:36:10.498628,2025-01-01 22:36:17.607288,0 days 00:00:07.108660,3,55,20.0,80.0,,,,,,,,2,5.0,3.0,,,,,,,,COMPLETE
706,706,0.6695238095238095,2025-01-01 22:36:17.607956,2025-01-01 22:36:25.842018,0 days 00:00:08.234062,3,60,25.0,75.0,,,,,,,,2,5.0,3.0,,,,,,,,COMPLETE
707,707,0.6456241032998565,2025-01-01 22:36:25.842796,2025-01-01 22:36:32.758570,0 days 00:00:06.915774,3,60,25.0,80.0,,,,,,,,2,2.0,3.0,,,,,,,,COMPLETE
708,708,0.5990697674418605,2025-01-01 22:36:32.759425,2025-01-01 22:36:40.563544,0 days 00:00:07.804119,3,55,15.0,75.0,,,,,,,,2,6.0,3.0,,,,,,,,COMPLETE
709,709,0.6083333333333334,2025-01-01 22:36:40.564216,2025-01-01 22:36:46.118498,0 days 00:00:05.554282,3,50,20.0,65.0,,,,,,,,2,2.0,3.0,,,,,,,,COMPLETE
710,710,0.6655813953488372,2025-01-01 22:36:46.119147,2025-01-01 22:36:51.401876,0 days 00:00:05.282729,3,60,25.0,80.0,,,,,,,,2,2.0,3.0,,,,,,,,COMPLETE
711,711,0.6802721088435374,2025-01-01 22:36:51.402647,2025-01-01 22:36:57.163546,0 days 00:00:05.760899,3,80,30.0,70.0,,,,,,,,2,2.0,3.0,,,,,,,,COMPLETE
712,712,0.5584415584415584,2025-01-01 22:36:57.164294,2025-01-01 22:37:05.613180,0 days 00:00:08.448886,3,60,20.0,75.0,,,,,,,,2,5.0,3.0,,,,,,,,COMPLETE
713,713,0.5539452495974235,2025-01-01 22:37:05.613844,2025-01-01 22:37:10.214249,0 days 00:00:04.600405,2,60,25.0,,,,,,,,,2,2.0,,,,,,,,,COMPLETE
714,714,0.6219851576994434,2025-01-01 22:37:10.214886,2025-01-01 22:37:16.202910,0 days 00:00:05.988024,3,55,20.0,60.0,,,,,,,,2,2.0,3.0,,,,,,,,COMPLETE
715,715,0.5493230174081238,2025-01-01 22:37:16.203650,2025-01-01 22:37:40.386249,0 days 00:00:24.182599,9,65,30.0,55.0,60.0,35.0,30.0,65.0,65.0,10.0,,2,2.0,3.0,5.0,5.0,4.0,5.0,4.0,6.0,,COMPLETE
716,716,0.6234967622571693,2025-01-01 22:37:40.387133,2025-01-01 22:37:48.313653,0 days 00:00:07.926520,3,45,25.0,30.0,,,,,,,,2,5.0,3.0,,,,,,,,COMPLETE
717,717,0.5432624113475177,2025-01-01 22:37:48.314520,2025-01-01 22:37:54.651311,0 days 00:00:06.336791,3,100,35.0,65.0,,,,,,,,2,2.0,3.0,,,,,,,,COMPLETE
718,718,0.7229024943310658,2025-01-01 22:37:54.651969,2025-01-01 22:38:00.662353,0 days 00:00:06.010384,4,60,25.0,80.0,80.0,,,,,,,2,2.0,3.0,2.0,,,,,,,COMPLETE
719,719,0.5957446808510638,2025-01-01 22:38:00.662992,2025-01-01 22:38:07.188382,0 days 00:00:06.525390,4,55,30.0,80.0,75.0,,,,,,,2,2.0,3.0,2.0,,,,,,,COMPLETE
720,720,0.6594202898550725,2025-01-01 22:38:07.189246,2025-01-01 22:38:15.277298,0 days 00:00:08.088052,4,60,25.0,80.0,80.0,,,,,,,2,2.0,3.0,2.0,,,,,,,COMPLETE
721,721,0.5106382978723404,2025-01-01 22:38:15.277973,2025-01-01 22:38:21.789524,0 days 00:00:06.511551,4,60,20.0,80.0,70.0,,,,,,,2,2.0,3.0,2.0,,,,,,,COMPLETE
722,722,0.5523809523809524,2025-01-01 22:38:21.790240,2025-01-01 22:38:28.502308,0 days 00:00:06.712068,4,60,30.0,80.0,80.0,,,,,,,2,2.0,3.0,2.0,,,,,,,COMPLETE
723,723,0.6515151515151515,2025-01-01 22:38:28.502940,2025-01-01 22:38:35.012700,0 days 00:00:06.509760,4,55,30.0,80.0,75.0,,,,,,,2,2.0,3.0,2.0,,,,,,,COMPLETE
724,724,0.637641723356009,2025-01-01 22:38:35.013489,2025-01-01 22:38:42.130582,0 days 00:00:07.117093,4,50,40.0,65.0,80.0,,,,,,,2,2.0,3.0,2.0,,,,,,,COMPLETE
725,725,0.6581818181818182,2025-01-01 22:38:42.131256,2025-01-01 22:38:48.459490,0 days 00:00:06.328234,4,55,35.0,30.0,85.0,,,,,,,2,2.0,3.0,2.0,,,,,,,COMPLETE
726,726,0.5398601398601399,2025-01-01 22:38:48.460160,2025-01-01 22:38:54.672691,0 days 00:00:06.212531,4,60,25.0,50.0,80.0,,,,,,,2,2.0,3.0,2.0,,,,,,,COMPLETE
727,727,0.6518518518518519,2025-01-01 22:38:54.673349,2025-01-01 22:39:01.932734,0 days 00:00:07.259385,4,60,20.0,20.0,70.0,,,,,,,2,2.0,3.0,2.0,,,,,,,COMPLETE
728,728,0.6802721088435374,2025-01-01 22:39:01.933397,2025-01-01 22:39:06.435377,0 days 00:00:04.501980,2,50,45.0,,,,,,,,,2,4.0,,,,,,,,,COMPLETE
729,729,0.6015769944341374,2025-01-01 22:39:06.436028,2025-01-01 22:39:12.325494,0 days 00:00:05.889466,4,100,15.0,35.0,85.0,,,,,,,2,2.0,3.0,2.0,,,,,,,COMPLETE
730,730,0.6581818181818182,2025-01-01 22:39:12.326183,2025-01-01 22:39:17.746107,0 days 00:00:05.419924,4,55,25.0,25.0,85.0,,,,,,,2,2.0,2.0,2.0,,,,,,,COMPLETE
731,731,0.5357142857142857,2025-01-01 22:39:17.746774,2025-01-01 22:39:25.033980,0 days 00:00:07.287206,4,60,35.0,85.0,25.0,,,,,,,2,2.0,3.0,2.0,,,,,,,COMPLETE
732,732,0.5957446808510638,2025-01-01 22:39:25.034850,2025-01-01 22:39:31.232594,0 days 00:00:06.197744,4,100,25.0,60.0,80.0,,,,,,,2,2.0,3.0,2.0,,,,,,,COMPLETE
733,733,0.7573203194321206,2025-01-01 22:39:31.233277,2025-01-01 22:39:39.905241,0 days 00:00:08.671964,4,60,30.0,80.0,75.0,,,,,,,2,2.0,4.0,2.0,,,,,,,COMPLETE
734,734,0.6304347826086957,2025-01-01 22:39:39.906131,2025-01-01 22:39:49.103892,0 days 00:00:09.197761,4,60,40.0,80.0,70.0,,,,,,,2,2.0,4.0,2.0,,,,,,,COMPLETE
735,735,0.5957446808510638,2025-01-01 22:39:49.104562,2025-01-01 22:39:55.775563,0 days 00:00:06.671001,4,60,25.0,80.0,75.0,,,,,,,2,2.0,3.0,2.0,,,,,,,COMPLETE
736,736,0.6382978723404256,2025-01-01 22:39:55.776241,2025-01-01 22:40:03.001271,0 days 00:00:07.225030,4,55,30.0,85.0,75.0,,,,,,,2,3.0,4.0,2.0,,,,,,,COMPLETE
737,737,0.6126373626373627,2025-01-01 22:40:03.002085,2025-01-01 22:40:11.098650,0 days 00:00:08.096565,4,60,20.0,80.0,65.0,,,,,,,2,2.0,4.0,2.0,,,,,,,COMPLETE
738,738,0.6356589147286822,2025-01-01 22:40:11.099291,2025-01-01 22:40:19.645479,0 days 00:00:08.546188,4,60,40.0,80.0,70.0,,,,,,,2,2.0,4.0,2.0,,,,,,,COMPLETE
739,739,0.5619047619047619,2025-01-01 22:40:19.646159,2025-01-01 22:40:28.370147,0 days 00:00:08.723988,4,55,20.0,85.0,75.0,,,,,,,2,2.0,4.0,2.0,,,,,,,COMPLETE
740,740,0.7058823529411764,2025-01-01 22:40:28.370945,2025-01-01 22:40:36.737475,0 days 00:00:08.366530,4,60,30.0,80.0,75.0,,,,,,,2,2.0,4.0,2.0,,,,,,,COMPLETE
741,741,0.5317028985507246,2025-01-01 22:40:36.738276,2025-01-01 22:40:45.765406,0 days 00:00:09.027130,4,55,25.0,85.0,80.0,,,,,,,2,2.0,4.0,2.0,,,,,,,COMPLETE
742,742,0.44655797101449274,2025-01-01 22:40:45.766089,2025-01-01 22:40:52.933094,0 days 00:00:07.167005,4,60,25.0,75.0,70.0,,,,,,,3,2.0,4.0,2.0,,,,,,,COMPLETE
743,743,0.6168478260869565,2025-01-01 22:40:52.933974,2025-01-01 22:40:59.872319,0 days 00:00:06.938345,4,65,30.0,80.0,75.0,,,,,,,2,2.0,4.0,2.0,,,,,,,COMPLETE
744,744,0.6295731707317074,2025-01-01 22:40:59.872999,2025-01-01 22:41:09.217267,0 days 00:00:09.344268,4,65,15.0,80.0,5.0,,,,,,,2,2.0,4.0,2.0,,,,,,,COMPLETE
745,745,0.5952157598499062,2025-01-01 22:41:09.217944,2025-01-01 22:41:16.814361,0 days 00:00:07.596417,3,60,35.0,75.0,,,,,,,,6,2.0,4.0,,,,,,,,COMPLETE
746,746,0.5261756876663709,2025-01-01 22:41:16.815286,2025-01-01 22:41:20.419006,0 days 00:00:03.603720,2,65,40.0,,,,,,,,,2,2.0,,,,,,,,,COMPLETE
747,747,0.6595441595441596,2025-01-01 22:41:20.419643,2025-01-01 22:41:38.029449,0 days 00:00:17.609806,7,55,20.0,85.0,80.0,35.0,40.0,85.0,,,,2,2.0,4.0,2.0,5.0,6.0,4.0,,,,COMPLETE
748,748,0.5950113378684807,2025-01-01 22:41:38.030188,2025-01-01 22:41:57.882382,0 days 00:00:19.852194,9,65,25.0,90.0,80.0,60.0,90.0,55.0,40.0,30.0,,2,2.0,4.0,2.0,6.0,4.0,3.0,3.0,4.0,,COMPLETE
749,749,0.509750566893424,2025-01-01 22:41:57.883223,2025-01-01 22:42:21.042242,0 days 00:00:23.159019,10,60,30.0,75.0,85.0,60.0,25.0,10.0,45.0,45.0,80.0,2,2.0,4.0,2.0,5.0,5.0,3.0,5.0,5.0,2.0,COMPLETE
750,750,0.5756302521008403,2025-01-01 22:42:21.043129,2025-01-01 22:42:28.612220,0 days 00:00:07.569091,3,75,45.0,65.0,,,,,,,,2,2.0,4.0,,,,,,,,COMPLETE
751,751,0.5950113378684807,2025-01-01 22:42:28.613225,2025-01-01 22:42:34.727692,0 days 00:00:06.114467,4,65,25.0,95.0,75.0,,,,,,,2,2.0,4.0,2.0,,,,,,,COMPLETE
752,752,0.6219851576994434,2025-01-01 22:42:34.728349,2025-01-01 22:42:40.160511,0 days 00:00:05.432162,3,60,20.0,70.0,,,,,,,,2,2.0,3.0,,,,,,,,COMPLETE
753,753,0.559204440333025,2025-01-01 22:42:40.161136,2025-01-01 22:42:45.910685,0 days 00:00:05.749549,3,55,30.0,80.0,,,,,,,,2,2.0,3.0,,,,,,,,COMPLETE
754,754,0.6354545454545455,2025-01-01 22:42:45.911337,2025-01-01 22:42:51.615900,0 days 00:00:05.704563,3,50,35.0,80.0,,,,,,,,2,2.0,3.0,,,,,,,,COMPLETE
755,755,0.5927952576379389,2025-01-01 22:42:51.616677,2025-01-01 22:43:01.313086,0 days 00:00:09.696409,4,65,50.0,85.0,80.0,,,,,,,2,2.0,4.0,2.0,,,,,,,COMPLETE
756,756,0.6234967622571693,2025-01-01 22:43:01.313875,2025-01-01 22:43:08.304209,0 days 00:00:06.990334,3,65,25.0,60.0,,,,,,,,2,2.0,6.0,,,,,,,,COMPLETE
757,757,0.6556776556776557,2025-01-01 22:43:08.304887,2025-01-01 22:43:14.498035,0 days 00:00:06.193148,3,60,45.0,70.0,,,,,,,,2,2.0,3.0,,,,,,,,COMPLETE
758,758,0.5805555555555555,2025-01-01 22:43:14.498736,2025-01-01 22:43:33.547101,0 days 00:00:19.048365,9,55,25.0,75.0,85.0,65.0,95.0,80.0,85.0,95.0,,2,2.0,6.0,2.0,5.0,4.0,5.0,2.0,2.0,,COMPLETE
759,759,0.5253411306042886,2025-01-01 22:43:33.548155,2025-01-01 22:43:37.360185,0 days 00:00:03.812030,2,70,35.0,,,,,,,,,2,2.0,,,,,,,,,COMPLETE
760,760,0.5852272727272727,2025-01-01 22:43:37.360825,2025-01-01 22:43:43.232476,0 days 00:00:05.871651,4,65,20.0,55.0,70.0,,,,,,,2,2.0,3.0,2.0,,,,,,,COMPLETE
761,761,0.5707364341085271,2025-01-01 22:43:43.233287,2025-01-01 22:43:50.470144,0 days 00:00:07.236857,4,70,30.0,45.0,45.0,,,,,,,2,2.0,6.0,2.0,,,,,,,COMPLETE
762,762,0.5180952380952382,2025-01-01 22:43:50.470840,2025-01-01 22:43:57.068888,0 days 00:00:06.598048,3,60,10.0,85.0,,,,,,,,2,2.0,4.0,,,,,,,,COMPLETE
763,763,0.6598639455782312,2025-01-01 22:43:57.069550,2025-01-01 22:44:04.045464,0 days 00:00:06.975914,3,100,25.0,65.0,,,,,,,,2,4.0,3.0,,,,,,,,COMPLETE
764,764,0.6013888888888889,2025-01-01 22:44:04.046138,2025-01-01 22:44:11.420037,0 days 00:00:07.373899,3,55,40.0,75.0,,,,,,,,3,2.0,6.0,,,,,,,,COMPLETE
765,765,0.5950113378684807,2025-01-01 22:44:11.420926,2025-01-01 22:44:28.522255,0 days 00:00:17.101329,7,60,15.0,70.0,65.0,40.0,20.0,95.0,,,,2,6.0,2.0,2.0,5.0,6.0,3.0,,,,COMPLETE
766,766,0.5950113378684807,2025-01-01 22:44:28.523072,2025-01-01 22:44:33.544550,0 days 00:00:05.021478,3,45,30.0,80.0,,,,,,,,2,2.0,3.0,,,,,,,,COMPLETE
767,767,0.5374653098982424,2025-01-01 22:44:33.545302,2025-01-01 22:44:54.324279,0 days 00:00:20.778977,9,50,25.0,80.0,85.0,20.0,35.0,50.0,80.0,50.0,,2,2.0,4.0,6.0,5.0,5.0,2.0,5.0,6.0,,COMPLETE
768,768,0.7151515151515151,2025-01-01 22:44:54.325192,2025-01-01 22:45:01.788140,0 days 00:00:07.462948,4,65,20.0,90.0,80.0,,,,,,,2,2.0,3.0,2.0,,,,,,,COMPLETE
769,769,0.5182186234817814,2025-01-01 22:45:01.788816,2025-01-01 22:45:09.134583,0 days 00:00:07.345767,3,85,30.0,100.0,,,,,,,,6,2.0,3.0,,,,,,,,COMPLETE
770,770,0.6084480303749407,2025-01-01 22:45:09.135271,2025-01-01 22:45:29.273683,0 days 00:00:20.138412,8,100,25.0,85.0,85.0,55.0,15.0,70.0,70.0,,,2,2.0,6.0,2.0,5.0,4.0,6.0,5.0,,,COMPLETE
771,771,0.6168478260869565,2025-01-01 22:45:29.274530,2025-01-01 22:45:35.216273,0 days 00:00:05.941743,3,65,35.0,75.0,,,,,,,,2,2.0,3.0,,,,,,,,COMPLETE
772,772,0.5583333333333333,2025-01-01 22:45:35.216948,2025-01-01 22:45:43.758989,0 days 00:00:08.542041,4,60,40.0,70.0,90.0,,,,,,,2,3.0,6.0,2.0,,,,,,,COMPLETE
773,773,0.6511627906976745,2025-01-01 22:45:43.759667,2025-01-01 22:45:49.014706,0 days 00:00:05.255039,2,60,20.0,,,,,,,,,2,2.0,,,,,,,,,COMPLETE
774,774,0.5851922164214522,2025-01-01 22:45:49.015348,2025-01-01 22:45:55.355797,0 days 00:00:06.340449,3,55,15.0,65.0,,,,,,,,3,2.0,3.0,,,,,,,,COMPLETE
775,775,0.7305555555555556,2025-01-01 22:45:55.356737,2025-01-01 22:46:14.755240,0 days 00:00:19.398503,8,65,25.0,75.0,50.0,65.0,10.0,60.0,70.0,,,2,2.0,4.0,2.0,2.0,5.0,4.0,5.0,,,COMPLETE
776,776,0.6518518518518519,2025-01-01 22:46:14.756169,2025-01-01 22:46:36.930756,0 days 00:00:22.174587,8,100,30.0,75.0,45.0,15.0,10.0,60.0,70.0,,,2,2.0,3.0,2.0,2.0,5.0,4.0,4.0,,,COMPLETE
777,777,0.5727272727272728,2025-01-01 22:46:36.931730,2025-01-01 22:46:53.380646,0 days 00:00:16.448916,8,65,25.0,75.0,50.0,60.0,5.0,65.0,55.0,,,2,2.0,6.0,2.0,2.0,5.0,5.0,4.0,,,COMPLETE
778,778,0.6168478260869565,2025-01-01 22:46:53.381513,2025-01-01 22:47:09.402340,0 days 00:00:16.020827,8,70,20.0,75.0,50.0,70.0,10.0,70.0,65.0,,,2,2.0,4.0,2.0,2.0,5.0,4.0,5.0,,,COMPLETE
779,779,0.5805555555555555,2025-01-01 22:47:09.403214,2025-01-01 22:47:26.286369,0 days 00:00:16.883155,8,80,35.0,75.0,55.0,80.0,15.0,55.0,50.0,,,2,2.0,3.0,2.0,2.0,5.0,5.0,4.0,,,COMPLETE
780,780,0.5531914893617021,2025-01-01 22:47:26.287248,2025-01-01 22:47:42.740218,0 days 00:00:16.452970,8,60,45.0,70.0,90.0,45.0,5.0,60.0,85.0,,,2,2.0,3.0,2.0,2.0,5.0,4.0,5.0,,,COMPLETE
