,number,value,datetime_start,datetime_complete,duration,params_depth,params_neurons_layer_0,params_neurons_layer_1,params_neurons_layer_2,params_neurons_layer_3,params_neurons_layer_4,params_neurons_layer_5,params_neurons_layer_6,params_neurons_layer_7,params_neurons_layer_8,params_neurons_layer_9,params_orders_layer_0,params_orders_layer_1,params_orders_layer_2,params_orders_layer_3,params_orders_layer_4,params_orders_layer_5,params_orders_layer_6,params_orders_layer_7,params_orders_layer_8,params_orders_layer_9,state
359,359,0.5941558441558441,2025-01-01 15:45:15.100975,2025-01-01 15:45:23.137261,0 days 00:00:08.036286,2,90,60.0,,,,,,,,,3,3.0,,,,,,,,,COMPLETE
360,360,0.6989160979526294,2025-01-01 15:45:23.137944,2025-01-01 15:45:31.113445,0 days 00:00:07.975501,2,85,65.0,,,,,,,,,3,3.0,,,,,,,,,COMPLETE
361,361,0.7444444444444445,2025-01-01 15:45:31.114038,2025-01-01 15:45:39.182333,0 days 00:00:08.068295,2,90,60.0,,,,,,,,,3,3.0,,,,,,,,,COMPLETE
362,362,0.6862745098039216,2025-01-01 15:45:39.182943,2025-01-01 15:45:47.803321,0 days 00:00:08.620378,2,90,55.0,,,,,,,,,3,3.0,,,,,,,,,COMPLETE
363,363,0.7037037037037037,2025-01-01 15:45:47.804095,2025-01-01 15:45:55.746956,0 days 00:00:07.942861,2,90,60.0,,,,,,,,,3,3.0,,,,,,,,,COMPLETE
364,364,0.7181964573268921,2025-01-01 15:45:55.747563,2025-01-01 15:46:03.590659,0 days 00:00:07.843096,2,90,55.0,,,,,,,,,3,3.0,,,,,,,,,COMPLETE
365,365,0.6753246753246753,2025-01-01 15:46:03.591276,2025-01-01 15:46:11.398857,0 days 00:00:07.807581,2,90,60.0,,,,,,,,,3,3.0,,,,,,,,,COMPLETE
366,366,0.6063424947145877,2025-01-01 15:46:11.399558,2025-01-01 15:46:19.092430,0 days 00:00:07.692872,2,85,55.0,,,,,,,,,3,3.0,,,,,,,,,COMPLETE
367,367,0.7564935064935066,2025-01-01 15:46:19.093018,2025-01-01 15:46:26.810924,0 days 00:00:07.717906,2,90,60.0,,,,,,,,,3,3.0,,,,,,,,,COMPLETE
368,368,0.7181964573268921,2025-01-01 15:46:26.811534,2025-01-01 15:46:34.546592,0 days 00:00:07.735058,2,90,60.0,,,,,,,,,3,3.0,,,,,,,,,COMPLETE
369,369,0.7251845775225595,2025-01-01 15:46:34.547526,2025-01-01 15:46:42.764445,0 days 00:00:08.216919,2,90,55.0,,,,,,,,,3,3.0,,,,,,,,,COMPLETE
370,370,0.6379834854411126,2025-01-01 15:46:42.765027,2025-01-01 15:46:50.020822,0 days 00:00:07.255795,2,85,60.0,,,,,,,,,3,3.0,,,,,,,,,COMPLETE
371,371,0.7488372093023257,2025-01-01 15:46:50.021413,2025-01-01 15:46:57.963113,0 days 00:00:07.941700,2,85,65.0,,,,,,,,,3,3.0,,,,,,,,,COMPLETE
372,372,0.7251845775225595,2025-01-01 15:46:57.964014,2025-01-01 15:47:05.732299,0 days 00:00:07.768285,2,90,65.0,,,,,,,,,3,3.0,,,,,,,,,COMPLETE
373,373,0.6409090909090909,2025-01-01 15:47:05.732912,2025-01-01 15:47:14.203657,0 days 00:00:08.470745,2,85,60.0,,,,,,,,,3,3.0,,,,,,,,,COMPLETE
374,374,0.6319686411149825,2025-01-01 15:47:14.204291,2025-01-01 15:47:28.012139,0 days 00:00:13.807848,3,90,65.0,15.0,,,,,,,,3,3.0,6.0,,,,,,,,COMPLETE
375,375,0.4945054945054945,2025-01-01 15:47:28.012875,2025-01-01 15:47:35.038025,0 days 00:00:07.025150,2,85,65.0,,,,,,,,,2,3.0,,,,,,,,,COMPLETE
376,376,0.696969696969697,2025-01-01 15:47:35.038623,2025-01-01 15:47:43.055942,0 days 00:00:08.017319,2,90,55.0,,,,,,,,,3,3.0,,,,,,,,,COMPLETE
377,377,0.696969696969697,2025-01-01 15:47:43.056747,2025-01-01 15:47:51.081987,0 days 00:00:08.025240,2,85,65.0,,,,,,,,,3,3.0,,,,,,,,,COMPLETE
378,378,0.6659619450317125,2025-01-01 15:47:51.082597,2025-01-01 15:47:59.166679,0 days 00:00:08.084082,2,90,60.0,,,,,,,,,3,3.0,,,,,,,,,COMPLETE
379,379,0.7017094017094017,2025-01-01 15:47:59.167240,2025-01-01 15:48:07.094459,0 days 00:00:07.927219,2,85,50.0,,,,,,,,,3,3.0,,,,,,,,,COMPLETE
380,380,0.684577522559475,2025-01-01 15:48:07.095090,2025-01-01 15:48:18.008946,0 days 00:00:10.913856,3,90,55.0,20.0,,,,,,,,3,3.0,3.0,,,,,,,,COMPLETE
381,381,0.5170580416482056,2025-01-01 15:48:18.009579,2025-01-01 15:48:27.167852,0 days 00:00:09.158273,2,95,60.0,,,,,,,,,4,3.0,,,,,,,,,COMPLETE
382,382,0.6587715776796468,2025-01-01 15:48:27.168480,2025-01-01 15:48:35.143740,0 days 00:00:07.975260,2,90,65.0,,,,,,,,,3,3.0,,,,,,,,,COMPLETE
383,383,0.7071078431372549,2025-01-01 15:48:35.144372,2025-01-01 15:48:43.149683,0 days 00:00:08.005311,2,95,50.0,,,,,,,,,3,3.0,,,,,,,,,COMPLETE
384,384,0.7181964573268921,2025-01-01 15:48:43.150287,2025-01-01 15:48:51.773031,0 days 00:00:08.622744,2,85,55.0,,,,,,,,,3,3.0,,,,,,,,,COMPLETE
385,385,0.7126436781609196,2025-01-01 15:48:51.773621,2025-01-01 15:48:59.818694,0 days 00:00:08.045073,2,85,55.0,,,,,,,,,3,3.0,,,,,,,,,COMPLETE
386,386,0.6287878787878788,2025-01-01 15:48:59.819485,2025-01-01 15:49:07.853989,0 days 00:00:08.034504,2,85,60.0,,,,,,,,,3,3.0,,,,,,,,,COMPLETE
387,387,0.6131202691337259,2025-01-01 15:49:07.854593,2025-01-01 15:49:22.209474,0 days 00:00:14.354881,3,80,55.0,10.0,,,,,,,,3,3.0,5.0,,,,,,,,COMPLETE
388,388,0.7063166529942575,2025-01-01 15:49:22.210635,2025-01-01 15:49:30.255708,0 days 00:00:08.045073,2,90,50.0,,,,,,,,,3,3.0,,,,,,,,,COMPLETE
389,389,0.7132107023411371,2025-01-01 15:49:30.256357,2025-01-01 15:49:38.337522,0 days 00:00:08.081165,2,95,55.0,,,,,,,,,3,3.0,,,,,,,,,COMPLETE
390,390,0.6779448621553885,2025-01-01 15:49:38.338113,2025-01-01 15:49:46.400794,0 days 00:00:08.062681,2,90,60.0,,,,,,,,,3,3.0,,,,,,,,,COMPLETE
391,391,0.719551282051282,2025-01-01 15:49:46.401494,2025-01-01 15:49:54.506493,0 days 00:00:08.104999,2,85,65.0,,,,,,,,,3,3.0,,,,,,,,,COMPLETE
392,392,0.7348021215830274,2025-01-01 15:49:54.507137,2025-01-01 15:50:02.967911,0 days 00:00:08.460774,2,80,65.0,,,,,,,,,3,3.0,,,,,,,,,COMPLETE
393,393,0.662962962962963,2025-01-01 15:50:02.968599,2025-01-01 15:50:11.068821,0 days 00:00:08.100222,2,85,65.0,,,,,,,,,3,3.0,,,,,,,,,COMPLETE
394,394,0.624524312896406,2025-01-01 15:50:11.069435,2025-01-01 15:50:19.020283,0 days 00:00:07.950848,2,80,65.0,,,,,,,,,3,3.0,,,,,,,,,COMPLETE
395,395,0.7126436781609196,2025-01-01 15:50:19.020920,2025-01-01 15:50:26.923632,0 days 00:00:07.902712,2,85,70.0,,,,,,,,,3,3.0,,,,,,,,,COMPLETE
396,396,0.7227272727272727,2025-01-01 15:50:26.924251,2025-01-01 15:50:33.941620,0 days 00:00:07.017369,2,90,60.0,,,,,,,,,2,3.0,,,,,,,,,COMPLETE
397,397,0.7799119647859143,2025-01-01 15:50:33.942451,2025-01-01 15:50:44.719603,0 days 00:00:10.777152,3,90,60.0,65.0,,,,,,,,3,3.0,3.0,,,,,,,,COMPLETE
398,398,0.47929249352890424,2025-01-01 15:50:44.720206,2025-01-01 15:50:54.422320,0 days 00:00:09.702114,3,90,70.0,65.0,,,,,,,,2,3.0,3.0,,,,,,,,COMPLETE
399,399,0.6347402597402598,2025-01-01 15:50:54.423055,2025-01-01 15:51:03.362824,0 days 00:00:08.939769,3,95,65.0,60.0,,,,,,,,2,3.0,3.0,,,,,,,,COMPLETE
400,400,0.4897435897435898,2025-01-01 15:51:03.363434,2025-01-01 15:51:10.129096,0 days 00:00:06.765662,2,90,60.0,,,,,,,,,2,3.0,,,,,,,,,COMPLETE
401,401,0.5384615384615385,2025-01-01 15:51:10.129715,2025-01-01 15:51:16.911188,0 days 00:00:06.781473,2,90,65.0,,,,,,,,,2,3.0,,,,,,,,,COMPLETE
402,402,0.5277777777777778,2025-01-01 15:51:16.911825,2025-01-01 15:51:23.717987,0 days 00:00:06.806162,2,90,70.0,,,,,,,,,2,3.0,,,,,,,,,COMPLETE
403,403,0.46374946374946374,2025-01-01 15:51:23.718588,2025-01-01 15:51:36.034150,0 days 00:00:12.315562,3,95,65.0,60.0,,,,,,,,2,3.0,5.0,,,,,,,,COMPLETE
404,404,0.4945054945054945,2025-01-01 15:51:36.034819,2025-01-01 15:51:42.978543,0 days 00:00:06.943724,2,85,60.0,,,,,,,,,2,3.0,,,,,,,,,COMPLETE
405,405,0.5438596491228069,2025-01-01 15:51:42.979164,2025-01-01 15:51:49.866761,0 days 00:00:06.887597,2,90,50.0,,,,,,,,,2,3.0,,,,,,,,,COMPLETE
406,406,0.528125,2025-01-01 15:51:49.867367,2025-01-01 15:51:56.579343,0 days 00:00:06.711976,2,95,60.0,,,,,,,,,2,3.0,,,,,,,,,COMPLETE
407,407,0.6375105130361649,2025-01-01 15:51:56.579954,2025-01-01 15:52:04.883343,0 days 00:00:08.303389,2,90,65.0,,,,,,,,,3,3.0,,,,,,,,,COMPLETE
408,408,0.72,2025-01-01 15:52:04.883961,2025-01-01 15:52:12.724273,0 days 00:00:07.840312,2,85,60.0,,,,,,,,,3,3.0,,,,,,,,,COMPLETE
409,409,0.6409090909090909,2025-01-01 15:52:12.725426,2025-01-01 15:52:20.665892,0 days 00:00:07.940466,2,85,60.0,,,,,,,,,3,3.0,,,,,,,,,COMPLETE
410,410,0.7037037037037037,2025-01-01 15:52:20.666621,2025-01-01 15:52:28.640602,0 days 00:00:07.973981,2,80,65.0,,,,,,,,,3,3.0,,,,,,,,,COMPLETE
411,411,0.7005813953488372,2025-01-01 15:52:28.641330,2025-01-01 15:52:37.306916,0 days 00:00:08.665586,2,80,60.0,,,,,,,,,3,3.0,,,,,,,,,COMPLETE
412,412,0.6037037037037036,2025-01-01 15:52:37.307535,2025-01-01 15:52:45.931475,0 days 00:00:08.623940,2,85,60.0,,,,,,,,,3,3.0,,,,,,,,,COMPLETE
413,413,0.6131202691337259,2025-01-01 15:52:45.932156,2025-01-01 15:52:58.869645,0 days 00:00:12.937489,3,85,70.0,65.0,,,,,,,,4,3.0,3.0,,,,,,,,COMPLETE
414,414,0.6199556541019955,2025-01-01 15:52:58.870397,2025-01-01 15:53:06.938533,0 days 00:00:08.068136,2,95,65.0,,,,,,,,,3,3.0,,,,,,,,,COMPLETE
415,415,0.705810147299509,2025-01-01 15:53:06.939184,2025-01-01 15:53:15.020186,0 days 00:00:08.081002,2,85,60.0,,,,,,,,,3,3.0,,,,,,,,,COMPLETE
416,416,0.47466216216216217,2025-01-01 15:53:15.020832,2025-01-01 15:53:21.969452,0 days 00:00:06.948620,2,90,70.0,,,,,,,,,2,3.0,,,,,,,,,COMPLETE
417,417,0.6347402597402598,2025-01-01 15:53:21.970091,2025-01-01 15:53:29.793641,0 days 00:00:07.823550,2,95,45.0,,,,,,,,,3,3.0,,,,,,,,,COMPLETE
418,418,0.702939885914875,2025-01-01 15:53:29.794262,2025-01-01 15:53:37.604284,0 days 00:00:07.810022,2,90,55.0,,,,,,,,,3,3.0,,,,,,,,,COMPLETE
419,419,0.7221269296740995,2025-01-01 15:53:37.604900,2025-01-01 15:53:48.425084,0 days 00:00:10.820184,3,80,65.0,55.0,,,,,,,,3,3.0,3.0,,,,,,,,COMPLETE
420,420,0.5716034271725826,2025-01-01 15:53:48.425881,2025-01-01 15:54:00.096533,0 days 00:00:11.670652,3,80,65.0,65.0,,,,,,,,3,3.0,3.0,,,,,,,,COMPLETE
421,421,0.7227272727272727,2025-01-01 15:54:00.097345,2025-01-01 15:54:17.556084,0 days 00:00:17.458739,4,75,65.0,65.0,5.0,,,,,,,3,3.0,3.0,5.0,,,,,,,COMPLETE
422,422,0.7342511472674176,2025-01-01 15:54:17.556827,2025-01-01 15:54:29.136426,0 days 00:00:11.579599,3,75,60.0,65.0,,,,,,,,3,3.0,3.0,,,,,,,,COMPLETE
423,423,0.5809565598946906,2025-01-01 15:54:29.137086,2025-01-01 15:54:46.720484,0 days 00:00:17.583398,4,75,60.0,65.0,5.0,,,,,,,3,3.0,3.0,5.0,,,,,,,COMPLETE
424,424,0.5329059829059829,2025-01-01 15:54:46.721320,2025-01-01 15:55:04.377662,0 days 00:00:17.656342,4,80,60.0,70.0,15.0,,,,,,,3,3.0,3.0,5.0,,,,,,,COMPLETE
425,425,0.6227272727272728,2025-01-01 15:55:04.378515,2025-01-01 15:55:15.319718,0 days 00:00:10.941203,3,75,60.0,65.0,,,,,,,,3,3.0,3.0,,,,,,,,COMPLETE
426,426,0.7475490196078431,2025-01-01 15:55:15.320356,2025-01-01 15:55:26.324213,0 days 00:00:11.003857,3,75,55.0,60.0,,,,,,,,3,3.0,3.0,,,,,,,,COMPLETE
427,427,0.6666666666666667,2025-01-01 15:55:26.325018,2025-01-01 15:55:37.381129,0 days 00:00:11.056111,3,70,55.0,60.0,,,,,,,,3,3.0,3.0,,,,,,,,COMPLETE
428,428,0.6794871794871795,2025-01-01 15:55:37.381897,2025-01-01 15:55:48.205956,0 days 00:00:10.824059,3,80,70.0,55.0,,,,,,,,3,3.0,3.0,,,,,,,,COMPLETE
429,429,0.6006725514922235,2025-01-01 15:55:48.206709,2025-01-01 15:55:58.148119,0 days 00:00:09.941410,3,75,50.0,70.0,,,,,,,,2,3.0,3.0,,,,,,,,COMPLETE
430,430,0.7132107023411371,2025-01-01 15:55:58.148785,2025-01-01 15:56:08.959461,0 days 00:00:10.810676,3,75,55.0,60.0,,,,,,,,3,3.0,3.0,,,,,,,,COMPLETE
431,431,0.5649509803921569,2025-01-01 15:56:08.960136,2025-01-01 15:56:25.105800,0 days 00:00:16.145664,4,75,65.0,65.0,40.0,,,,,,,3,3.0,3.0,5.0,,,,,,,COMPLETE
432,432,0.5590909090909091,2025-01-01 15:56:25.106598,2025-01-01 15:56:36.040287,0 days 00:00:10.933689,3,75,65.0,55.0,,,,,,,,3,3.0,3.0,,,,,,,,COMPLETE
433,433,0.6365914786967418,2025-01-01 15:56:36.040964,2025-01-01 15:56:46.923610,0 days 00:00:10.882646,3,75,55.0,65.0,,,,,,,,3,3.0,3.0,,,,,,,,COMPLETE
434,434,0.6183554817275747,2025-01-01 15:56:46.924264,2025-01-01 15:56:57.720238,0 days 00:00:10.795974,3,80,50.0,60.0,,,,,,,,3,3.0,3.0,,,,,,,,COMPLETE
435,435,0.6222222222222222,2025-01-01 15:56:57.720934,2025-01-01 15:57:13.956891,0 days 00:00:16.235957,4,75,55.0,70.0,30.0,,,,,,,3,3.0,3.0,5.0,,,,,,,COMPLETE
436,436,0.5409090909090909,2025-01-01 15:57:13.957835,2025-01-01 15:57:32.912134,0 days 00:00:18.954299,4,70,65.0,65.0,5.0,,,,,,,3,3.0,3.0,5.0,,,,,,,COMPLETE
437,437,0.7045454545454546,2025-01-01 15:57:32.912996,2025-01-01 15:57:44.004713,0 days 00:00:11.091717,3,80,60.0,55.0,,,,,,,,3,3.0,3.0,,,,,,,,COMPLETE
438,438,0.6892177589852009,2025-01-01 15:57:44.005368,2025-01-01 15:57:55.058854,0 days 00:00:11.053486,3,70,70.0,60.0,,,,,,,,3,3.0,3.0,,,,,,,,COMPLETE
439,439,0.772093023255814,2025-01-01 15:57:55.059495,2025-01-01 15:58:06.148739,0 days 00:00:11.089244,3,90,55.0,70.0,,,,,,,,3,3.0,3.0,,,,,,,,COMPLETE
440,440,0.7251845775225595,2025-01-01 15:58:06.149399,2025-01-01 15:58:16.939725,0 days 00:00:10.790326,3,90,50.0,70.0,,,,,,,,3,3.0,3.0,,,,,,,,COMPLETE
441,441,0.488135593220339,2025-01-01 15:58:16.940392,2025-01-01 15:58:26.853905,0 days 00:00:09.913513,3,90,50.0,70.0,,,,,,,,2,3.0,3.0,,,,,,,,COMPLETE
442,442,0.662962962962963,2025-01-01 15:58:26.854565,2025-01-01 15:58:37.774965,0 days 00:00:10.920400,3,90,50.0,70.0,,,,,,,,3,3.0,3.0,,,,,,,,COMPLETE
443,443,0.6572890025575449,2025-01-01 15:58:37.775587,2025-01-01 15:58:48.787187,0 days 00:00:11.011600,3,90,55.0,75.0,,,,,,,,3,3.0,3.0,,,,,,,,COMPLETE
444,444,0.6587715776796468,2025-01-01 15:58:48.787979,2025-01-01 15:58:59.670081,0 days 00:00:10.882102,3,95,50.0,70.0,,,,,,,,3,3.0,3.0,,,,,,,,COMPLETE
445,445,0.6488095238095238,2025-01-01 15:58:59.670765,2025-01-01 15:59:10.834512,0 days 00:00:11.163747,3,90,55.0,80.0,,,,,,,,3,3.0,3.0,,,,,,,,COMPLETE
446,446,0.7045454545454546,2025-01-01 15:59:10.835294,2025-01-01 15:59:18.832423,0 days 00:00:07.997129,2,95,55.0,,,,,,,,,3,3.0,,,,,,,,,COMPLETE
447,447,0.6794871794871795,2025-01-01 15:59:18.833042,2025-01-01 15:59:26.852951,0 days 00:00:08.019909,2,90,50.0,,,,,,,,,3,3.0,,,,,,,,,COMPLETE
448,448,0.68,2025-01-01 15:59:26.853603,2025-01-01 15:59:36.635156,0 days 00:00:09.781553,3,90,55.0,70.0,,,,,,,,3,3.0,3.0,,,,,,,,COMPLETE
449,449,0.5051282051282051,2025-01-01 15:59:36.635786,2025-01-01 15:59:46.045945,0 days 00:00:09.410159,2,95,45.0,,,,,,,,,4,3.0,,,,,,,,,COMPLETE
450,450,0.719551282051282,2025-01-01 15:59:46.046567,2025-01-01 15:59:56.563273,0 days 00:00:10.516706,3,90,55.0,65.0,,,,,,,,3,3.0,3.0,,,,,,,,COMPLETE
451,451,0.6899545266639107,2025-01-01 15:59:56.563930,2025-01-01 16:00:04.276834,0 days 00:00:07.712904,2,95,50.0,,,,,,,,,3,3.0,,,,,,,,,COMPLETE
452,452,0.4751838235294118,2025-01-01 16:00:04.277425,2025-01-01 16:00:11.722556,0 days 00:00:07.445131,2,90,60.0,,,,,,,,,2,3.0,,,,,,,,,COMPLETE
453,453,0.6862745098039216,2025-01-01 16:00:11.723206,2025-01-01 16:00:23.376924,0 days 00:00:11.653718,3,95,55.0,75.0,,,,,,,,3,3.0,3.0,,,,,,,,COMPLETE
454,454,0.7159090909090908,2025-01-01 16:00:23.377759,2025-01-01 16:00:31.335769,0 days 00:00:07.958010,2,90,55.0,,,,,,,,,3,3.0,,,,,,,,,COMPLETE
455,455,0.6532027743778049,2025-01-01 16:00:31.336376,2025-01-01 16:00:42.327194,0 days 00:00:10.990818,3,90,60.0,65.0,,,,,,,,3,3.0,3.0,,,,,,,,COMPLETE
456,456,0.6851851851851851,2025-01-01 16:00:42.327985,2025-01-01 16:00:50.195316,0 days 00:00:07.867331,2,95,45.0,,,,,,,,,3,3.0,,,,,,,,,COMPLETE
457,457,0.6416112956810631,2025-01-01 16:00:50.196278,2025-01-01 16:00:58.597450,0 days 00:00:08.401172,2,90,50.0,,,,,,,,,3,3.0,,,,,,,,,COMPLETE
458,458,0.6223776223776224,2025-01-01 16:00:58.598067,2025-01-01 16:01:07.132461,0 days 00:00:08.534394,2,95,5.0,,,,,,,,,3,3.0,,,,,,,,,COMPLETE
459,459,0.624524312896406,2025-01-01 16:01:07.133130,2025-01-01 16:01:17.375282,0 days 00:00:10.242152,3,90,45.0,70.0,,,,,,,,3,3.0,3.0,,,,,,,,COMPLETE
460,460,0.5842880523731588,2025-01-01 16:01:17.375941,2025-01-01 16:01:54.325521,0 days 00:00:36.949580,8,85,60.0,60.0,40.0,5.0,90.0,15.0,25.0,,,3,4.0,3.0,5.0,6.0,5.0,4.0,3.0,,,COMPLETE
461,461,0.6350771869639794,2025-01-01 16:01:54.326355,2025-01-01 16:02:02.245457,0 days 00:00:07.919102,2,90,20.0,,,,,,,,,3,3.0,,,,,,,,,COMPLETE
462,462,0.5857843137254902,2025-01-01 16:02:02.246070,2025-01-01 16:02:21.547653,0 days 00:00:19.301583,5,10,55.0,75.0,65.0,65.0,,,,,,3,3.0,3.0,5.0,3.0,,,,,,COMPLETE
463,463,0.5641025641025641,2025-01-01 16:02:21.548527,2025-01-01 16:02:28.546790,0 days 00:00:06.998263,2,85,50.0,,,,,,,,,2,3.0,,,,,,,,,COMPLETE
464,464,0.6488095238095238,2025-01-01 16:02:28.547493,2025-01-01 16:02:39.497642,0 days 00:00:10.950149,3,95,60.0,80.0,,,,,,,,3,3.0,3.0,,,,,,,,COMPLETE
465,465,0.6419482229047828,2025-01-01 16:02:39.498277,2025-01-01 16:02:47.565923,0 days 00:00:08.067646,2,95,60.0,,,,,,,,,3,3.0,,,,,,,,,COMPLETE
466,466,0.6190476190476191,2025-01-01 16:02:47.566561,2025-01-01 16:02:56.308198,0 days 00:00:08.741637,2,90,55.0,,,,,,,,,3,3.0,,,,,,,,,COMPLETE
467,467,0.6515151515151515,2025-01-01 16:02:56.308817,2025-01-01 16:03:27.347220,0 days 00:00:31.038403,6,85,55.0,70.0,25.0,60.0,85.0,,,,,3,3.0,5.0,5.0,6.0,6.0,,,,,COMPLETE
468,468,0.6865793780687397,2025-01-01 16:03:27.348095,2025-01-01 16:03:38.321279,0 days 00:00:10.973184,3,90,60.0,60.0,,,,,,,,3,3.0,3.0,,,,,,,,COMPLETE
469,469,0.6416112956810631,2025-01-01 16:03:38.321967,2025-01-01 16:03:46.837511,0 days 00:00:08.515544,2,95,50.0,,,,,,,,,3,3.0,,,,,,,,,COMPLETE
470,470,0.5542472666105971,2025-01-01 16:03:46.838577,2025-01-01 16:03:55.785961,0 days 00:00:08.947384,2,85,60.0,,,,,,,,,4,3.0,,,,,,,,,COMPLETE
471,471,0.6598639455782312,2025-01-01 16:03:55.786596,2025-01-01 16:04:25.080973,0 days 00:00:29.294377,6,90,45.0,65.0,25.0,70.0,5.0,,,,,3,3.0,6.0,5.0,3.0,5.0,,,,,COMPLETE
472,472,0.6918238993710691,2025-01-01 16:04:25.081885,2025-01-01 16:04:33.688123,0 days 00:00:08.606238,2,95,55.0,,,,,,,,,3,3.0,,,,,,,,,COMPLETE
473,473,0.44821731748726656,2025-01-01 16:04:33.688796,2025-01-01 16:04:45.889216,0 days 00:00:12.200420,3,95,50.0,70.0,,,,,,,,3,4.0,3.0,,,,,,,,COMPLETE
474,474,0.527898866608544,2025-01-01 16:04:45.889863,2025-01-01 16:04:52.897992,0 days 00:00:07.008129,2,90,55.0,,,,,,,,,2,3.0,,,,,,,,,COMPLETE
475,475,0.7058823529411764,2025-01-01 16:04:52.898626,2025-01-01 16:04:57.828022,0 days 00:00:04.929396,1,90,,,,,,,,,,3,,,,,,,,,,COMPLETE
476,476,0.6737588652482269,2025-01-01 16:04:57.828624,2025-01-01 16:05:06.414852,0 days 00:00:08.586228,2,85,70.0,,,,,,,,,3,3.0,,,,,,,,,COMPLETE
477,477,0.7584541062801933,2025-01-01 16:05:06.415582,2025-01-01 16:05:17.394858,0 days 00:00:10.979276,3,90,60.0,75.0,,,,,,,,3,3.0,3.0,,,,,,,,COMPLETE
478,478,0.6347402597402598,2025-01-01 16:05:17.395538,2025-01-01 16:05:28.320678,0 days 00:00:10.925140,3,35,65.0,75.0,,,,,,,,3,3.0,3.0,,,,,,,,COMPLETE
479,479,0.6392857142857142,2025-01-01 16:05:28.321493,2025-01-01 16:05:39.246692,0 days 00:00:10.925199,3,45,50.0,80.0,,,,,,,,3,3.0,3.0,,,,,,,,COMPLETE
480,480,0.6083333333333334,2025-01-01 16:05:39.247306,2025-01-01 16:05:50.874881,0 days 00:00:11.627575,3,85,55.0,75.0,,,,,,,,3,3.0,3.0,,,,,,,,COMPLETE
481,481,0.7596153846153846,2025-01-01 16:05:50.875621,2025-01-01 16:06:02.419819,0 days 00:00:11.544198,3,95,45.0,65.0,,,,,,,,3,3.0,3.0,,,,,,,,COMPLETE
482,482,0.6818181818181819,2025-01-01 16:06:02.420478,2025-01-01 16:06:13.428983,0 days 00:00:11.008505,3,95,45.0,65.0,,,,,,,,3,3.0,3.0,,,,,,,,COMPLETE
483,483,0.6223776223776224,2025-01-01 16:06:13.429651,2025-01-01 16:06:24.422976,0 days 00:00:10.993325,3,90,45.0,70.0,,,,,,,,3,3.0,3.0,,,,,,,,COMPLETE
484,484,0.7217021276595745,2025-01-01 16:06:24.423624,2025-01-01 16:06:35.414174,0 days 00:00:10.990550,3,95,60.0,70.0,,,,,,,,3,3.0,3.0,,,,,,,,COMPLETE
485,485,0.677938808373591,2025-01-01 16:06:35.414843,2025-01-01 16:06:51.766380,0 days 00:00:16.351537,4,90,45.0,65.0,35.0,,,,,,,3,3.0,3.0,5.0,,,,,,,COMPLETE
486,486,0.6328744263662912,2025-01-01 16:06:51.767081,2025-01-01 16:07:02.675899,0 days 00:00:10.908818,3,95,50.0,75.0,,,,,,,,3,3.0,3.0,,,,,,,,COMPLETE
487,487,0.6139830508474576,2025-01-01 16:07:02.676526,2025-01-01 16:07:16.174099,0 days 00:00:13.497573,3,90,50.0,70.0,,,,,,,,5,3.0,3.0,,,,,,,,COMPLETE
488,488,0.6933667083854819,2025-01-01 16:07:16.175013,2025-01-01 16:07:28.071896,0 days 00:00:11.896883,3,95,60.0,65.0,,,,,,,,3,3.0,3.0,,,,,,,,COMPLETE
489,489,0.6851851851851851,2025-01-01 16:07:28.073017,2025-01-01 16:07:38.950358,0 days 00:00:10.877341,3,90,55.0,60.0,,,,,,,,3,3.0,3.0,,,,,,,,COMPLETE
490,490,0.6779448621553885,2025-01-01 16:07:38.951024,2025-01-01 16:07:49.808259,0 days 00:00:10.857235,3,85,45.0,70.0,,,,,,,,3,3.0,3.0,,,,,,,,COMPLETE
491,491,0.677938808373591,2025-01-01 16:07:49.809030,2025-01-01 16:08:07.174626,0 days 00:00:17.365596,4,95,60.0,75.0,60.0,,,,,,,3,3.0,3.0,5.0,,,,,,,COMPLETE
492,492,0.4252873563218391,2025-01-01 16:08:07.175435,2025-01-01 16:08:33.413079,0 days 00:00:26.237644,7,95,65.0,65.0,20.0,50.0,95.0,30.0,,,,3,3.0,3.0,4.0,3.0,4.0,4.0,,,,COMPLETE
493,493,0.6636363636363636,2025-01-01 16:08:33.413914,2025-01-01 16:08:45.102500,0 days 00:00:11.688586,3,90,45.0,60.0,,,,,,,,3,3.0,3.0,,,,,,,,COMPLETE
494,494,0.6004983388704319,2025-01-01 16:08:45.103303,2025-01-01 16:08:56.929930,0 days 00:00:11.826627,3,90,50.0,10.0,,,,,,,,3,3.0,3.0,,,,,,,,COMPLETE
495,495,0.6016260162601625,2025-01-01 16:08:56.930600,2025-01-01 16:09:23.642582,0 days 00:00:26.711982,6,85,55.0,80.0,15.0,55.0,40.0,,,,,3,3.0,3.0,5.0,3.0,5.0,,,,,COMPLETE
496,496,0.6918238993710691,2025-01-01 16:09:23.643461,2025-01-01 16:09:34.635712,0 days 00:00:10.992251,3,90,60.0,65.0,,,,,,,,3,3.0,3.0,,,,,,,,COMPLETE
497,497,0.7431077694235588,2025-01-01 16:09:34.636450,2025-01-01 16:09:46.455036,0 days 00:00:11.818586,3,70,10.0,75.0,,,,,,,,3,3.0,3.0,,,,,,,,COMPLETE
498,498,0.6565656565656566,2025-01-01 16:09:46.455746,2025-01-01 16:10:04.126497,0 days 00:00:17.670751,4,75,25.0,80.0,65.0,,,,,,,3,3.0,3.0,5.0,,,,,,,COMPLETE
499,499,0.6989160979526294,2025-01-01 16:10:04.127188,2025-01-01 16:10:15.016361,0 days 00:00:10.889173,3,70,65.0,75.0,,,,,,,,3,3.0,3.0,,,,,,,,COMPLETE
500,500,0.5716034271725826,2025-01-01 16:10:15.017152,2025-01-01 16:10:57.499592,0 days 00:00:42.482440,8,70,5.0,75.0,55.0,60.0,95.0,30.0,65.0,,,3,6.0,4.0,5.0,6.0,6.0,3.0,3.0,,,COMPLETE
501,501,0.6124031007751938,2025-01-01 16:10:57.500639,2025-01-01 16:11:17.854438,0 days 00:00:20.353799,5,75,20.0,70.0,60.0,15.0,,,,,,3,3.0,3.0,5.0,3.0,,,,,,COMPLETE
