,number,value,datetime_start,datetime_complete,duration,params_depth,params_neurons_layer_0,params_neurons_layer_1,params_neurons_layer_2,params_neurons_layer_3,params_neurons_layer_4,params_neurons_layer_5,params_neurons_layer_6,params_neurons_layer_7,params_neurons_layer_8,params_neurons_layer_9,params_orders_layer_0,params_orders_layer_1,params_orders_layer_2,params_orders_layer_3,params_orders_layer_4,params_orders_layer_5,params_orders_layer_6,params_orders_layer_7,params_orders_layer_8,params_orders_layer_9,state
640,640,0.7037037037037037,2025-01-01 16:42:11.204218,2025-01-01 16:42:19.464004,0 days 00:00:08.259786,2,65,5.0,,,,,,,,,3,3.0,,,,,,,,,COMPLETE
641,641,0.6753246753246753,2025-01-01 16:42:19.465073,2025-01-01 16:42:30.156634,0 days 00:00:10.691561,3,65,10.0,85.0,,,,,,,,3,3.0,3.0,,,,,,,,COMPLETE
642,642,0.48997668997668997,2025-01-01 16:42:30.157612,2025-01-01 16:42:37.515393,0 days 00:00:07.357781,2,70,5.0,,,,,,,,,3,2.0,,,,,,,,,COMPLETE
643,643,0.5935897435897436,2025-01-01 16:42:37.516098,2025-01-01 16:42:48.921512,0 days 00:00:11.405414,3,70,15.0,10.0,,,,,,,,3,3.0,3.0,,,,,,,,COMPLETE
644,644,0.7084967320261438,2025-01-01 16:42:48.922340,2025-01-01 16:42:53.744151,0 days 00:00:04.821811,1,65,,,,,,,,,,3,,,,,,,,,,COMPLETE
645,645,0.662962962962963,2025-01-01 16:42:53.744808,2025-01-01 16:43:02.079607,0 days 00:00:08.334799,2,70,10.0,,,,,,,,,3,3.0,,,,,,,,,COMPLETE
646,646,0.6611039794608472,2025-01-01 16:43:02.080291,2025-01-01 16:43:13.436634,0 days 00:00:11.356343,3,60,10.0,5.0,,,,,,,,3,3.0,3.0,,,,,,,,COMPLETE
647,647,0.5948232951717272,2025-01-01 16:43:13.437333,2025-01-01 16:43:22.448156,0 days 00:00:09.010823,2,65,5.0,,,,,,,,,4,2.0,,,,,,,,,COMPLETE
648,648,0.719551282051282,2025-01-01 16:43:22.448831,2025-01-01 16:43:33.951882,0 days 00:00:11.503051,3,60,10.0,55.0,,,,,,,,3,3.0,3.0,,,,,,,,COMPLETE
649,649,0.719551282051282,2025-01-01 16:43:33.952595,2025-01-01 16:43:42.207724,0 days 00:00:08.255129,2,70,15.0,,,,,,,,,3,3.0,,,,,,,,,COMPLETE
650,650,0.6909660107334525,2025-01-01 16:43:42.208384,2025-01-01 16:43:47.027281,0 days 00:00:04.818897,1,65,,,,,,,,,,3,,,,,,,,,,COMPLETE
651,651,0.6312709030100334,2025-01-01 16:43:47.027969,2025-01-01 16:43:57.771774,0 days 00:00:10.743805,3,70,15.0,60.0,,,,,,,,3,3.0,3.0,,,,,,,,COMPLETE
652,652,0.582659478885894,2025-01-01 16:43:57.772478,2025-01-01 16:44:04.482576,0 days 00:00:06.710098,2,75,10.0,,,,,,,,,3,2.0,,,,,,,,,COMPLETE
653,653,0.695540308747856,2025-01-01 16:44:04.483416,2025-01-01 16:44:09.705133,0 days 00:00:05.221717,1,65,,,,,,,,,,3,,,,,,,,,,COMPLETE
654,654,0.3939393939393939,2025-01-01 16:44:09.705788,2025-01-01 16:44:23.650839,0 days 00:00:13.945051,3,70,5.0,5.0,,,,,,,,5,3.0,3.0,,,,,,,,COMPLETE
655,655,0.64,2025-01-01 16:44:23.651632,2025-01-01 16:44:31.355116,0 days 00:00:07.703484,2,60,15.0,,,,,,,,,3,3.0,,,,,,,,,COMPLETE
656,656,0.6139830508474576,2025-01-01 16:44:31.356198,2025-01-01 16:44:55.630965,0 days 00:00:24.274767,6,75,10.0,15.0,5.0,35.0,5.0,,,,,3,3.0,3.0,4.0,6.0,4.0,,,,,COMPLETE
657,657,0.5492063492063493,2025-01-01 16:44:55.632219,2025-01-01 16:45:02.922544,0 days 00:00:07.290325,2,65,5.0,,,,,,,,,3,2.0,,,,,,,,,COMPLETE
658,658,0.6376811594202898,2025-01-01 16:45:02.923297,2025-01-01 16:45:13.517725,0 days 00:00:10.594428,3,60,35.0,80.0,,,,,,,,3,3.0,3.0,,,,,,,,COMPLETE
659,659,0.7083333333333333,2025-01-01 16:45:13.518412,2025-01-01 16:45:17.389845,0 days 00:00:03.871433,1,70,,,,,,,,,,2,,,,,,,,,,COMPLETE
660,660,0.5587172538392051,2025-01-01 16:45:17.390530,2025-01-01 16:45:26.363661,0 days 00:00:08.973131,2,75,50.0,,,,,,,,,3,4.0,,,,,,,,,COMPLETE
661,661,0.6743566992014196,2025-01-01 16:45:26.364372,2025-01-01 16:45:33.171295,0 days 00:00:06.806923,2,65,15.0,,,,,,,,,3,2.0,,,,,,,,,COMPLETE
662,662,0.7408536585365854,2025-01-01 16:45:33.172379,2025-01-01 16:45:47.604352,0 days 00:00:14.431973,4,35,60.0,60.0,15.0,,,,,,,3,3.0,3.0,3.0,,,,,,,COMPLETE
663,663,0.6594202898550725,2025-01-01 16:45:47.605296,2025-01-01 16:46:06.463964,0 days 00:00:18.858668,5,35,10.0,50.0,15.0,60.0,,,,,,3,3.0,3.0,3.0,5.0,,,,,,COMPLETE
664,664,0.6037037037037036,2025-01-01 16:46:06.464833,2025-01-01 16:46:20.954984,0 days 00:00:14.490151,4,35,60.0,55.0,10.0,,,,,,,3,3.0,3.0,3.0,,,,,,,COMPLETE
665,665,0.4956859361518551,2025-01-01 16:46:20.955728,2025-01-01 16:46:34.412080,0 days 00:00:13.456352,4,35,20.0,60.0,20.0,,,,,,,3,2.0,3.0,3.0,,,,,,,COMPLETE
666,666,0.6486151302190988,2025-01-01 16:46:34.412828,2025-01-01 16:46:49.007395,0 days 00:00:14.594567,4,40,55.0,10.0,15.0,,,,,,,3,3.0,3.0,3.0,,,,,,,COMPLETE
667,667,0.696969696969697,2025-01-01 16:46:49.008096,2025-01-01 16:46:57.284485,0 days 00:00:08.276389,2,30,65.0,,,,,,,,,3,3.0,,,,,,,,,COMPLETE
668,668,0.6083333333333334,2025-01-01 16:46:57.285223,2025-01-01 16:47:19.366206,0 days 00:00:22.080983,6,35,30.0,50.0,10.0,50.0,40.0,,,,,3,3.0,3.0,2.0,5.0,4.0,,,,,COMPLETE
669,669,0.54317998385795,2025-01-01 16:47:19.367177,2025-01-01 16:47:31.899224,0 days 00:00:12.532047,4,35,50.0,60.0,20.0,,,,,,,3,2.0,3.0,2.0,,,,,,,COMPLETE
670,670,0.4945054945054945,2025-01-01 16:47:31.899922,2025-01-01 16:47:41.213947,0 days 00:00:09.314025,2,30,10.0,,,,,,,,,2,6.0,,,,,,,,,COMPLETE
671,671,0.6862745098039216,2025-01-01 16:47:41.214741,2025-01-01 16:47:48.918381,0 days 00:00:07.703640,2,35,55.0,,,,,,,,,3,3.0,,,,,,,,,COMPLETE
672,672,0.6,2025-01-01 16:47:48.919040,2025-01-01 16:48:12.388488,0 days 00:00:23.469448,6,65,20.0,10.0,5.0,65.0,45.0,,,,,3,5.0,3.0,3.0,5.0,4.0,,,,,COMPLETE
673,673,0.6862745098039216,2025-01-01 16:48:12.389301,2025-01-01 16:48:17.568321,0 days 00:00:05.179020,1,35,,,,,,,,,,3,,,,,,,,,,COMPLETE
674,674,0.6486151302190988,2025-01-01 16:48:17.568977,2025-01-01 16:48:25.229368,0 days 00:00:07.660391,2,65,60.0,,,,,,,,,3,3.0,,,,,,,,,COMPLETE
675,675,0.696969696969697,2025-01-01 16:48:25.230036,2025-01-01 16:48:38.760607,0 days 00:00:13.530571,4,40,5.0,60.0,30.0,,,,,,,3,3.0,3.0,2.0,,,,,,,COMPLETE
676,676,0.6636363636363636,2025-01-01 16:48:38.761325,2025-01-01 16:48:57.819392,0 days 00:00:19.058067,5,60,50.0,85.0,25.0,70.0,,,,,,3,2.0,3.0,3.0,6.0,,,,,,COMPLETE
677,677,0.6579530350022154,2025-01-01 16:48:57.820383,2025-01-01 16:49:05.471946,0 days 00:00:07.651563,2,40,55.0,,,,,,,,,3,3.0,,,,,,,,,COMPLETE
678,678,0.7037037037037037,2025-01-01 16:49:05.472600,2025-01-01 16:49:10.254736,0 days 00:00:04.782136,1,15,,,,,,,,,,3,,,,,,,,,,COMPLETE
679,679,0.6435601198117245,2025-01-01 16:49:10.255403,2025-01-01 16:49:18.576529,0 days 00:00:08.321126,2,30,60.0,,,,,,,,,3,3.0,,,,,,,,,COMPLETE
680,680,0.488135593220339,2025-01-01 16:49:18.577187,2025-01-01 16:49:42.667198,0 days 00:00:24.090011,6,60,65.0,45.0,10.0,30.0,50.0,,,,,4,3.0,3.0,3.0,5.0,4.0,,,,,COMPLETE
681,681,0.5861224489795919,2025-01-01 16:49:42.668147,2025-01-01 16:49:49.449405,0 days 00:00:06.781258,2,40,10.0,,,,,,,,,3,2.0,,,,,,,,,COMPLETE
682,682,0.6666666666666667,2025-01-01 16:49:49.450126,2025-01-01 16:49:54.636799,0 days 00:00:05.186673,1,45,,,,,,,,,,3,,,,,,,,,,COMPLETE
683,683,0.7417021276595746,2025-01-01 16:49:54.637457,2025-01-01 16:50:07.184124,0 days 00:00:12.546667,3,50,60.0,55.0,,,,,,,,3,4.0,3.0,,,,,,,,COMPLETE
684,684,0.6729559748427673,2025-01-01 16:50:07.184885,2025-01-01 16:50:21.147572,0 days 00:00:13.962687,3,45,55.0,55.0,,,,,,,,3,5.0,3.0,,,,,,,,COMPLETE
685,685,0.5361295681063123,2025-01-01 16:50:21.148283,2025-01-01 16:50:32.939610,0 days 00:00:11.791327,3,50,60.0,55.0,,,,,,,,3,4.0,3.0,,,,,,,,COMPLETE
686,686,0.47665056360708535,2025-01-01 16:50:32.940304,2025-01-01 16:50:44.715070,0 days 00:00:11.774766,3,50,60.0,50.0,,,,,,,,3,4.0,3.0,,,,,,,,COMPLETE
687,687,0.5775862068965517,2025-01-01 16:50:44.715965,2025-01-01 16:50:56.487262,0 days 00:00:11.771297,3,50,55.0,55.0,,,,,,,,3,4.0,3.0,,,,,,,,COMPLETE
688,688,0.5471861471861472,2025-01-01 16:50:56.487979,2025-01-01 16:51:09.119193,0 days 00:00:12.631214,3,45,50.0,55.0,,,,,,,,3,4.0,3.0,,,,,,,,COMPLETE
689,689,0.6460720130932898,2025-01-01 16:51:09.119994,2025-01-01 16:51:22.135985,0 days 00:00:13.015991,3,50,60.0,60.0,,,,,,,,3,5.0,3.0,,,,,,,,COMPLETE
690,690,0.47459207459207464,2025-01-01 16:51:22.136682,2025-01-01 16:51:33.683089,0 days 00:00:11.546407,3,50,55.0,50.0,,,,,,,,2,4.0,3.0,,,,,,,,COMPLETE
691,691,0.5811044003451251,2025-01-01 16:51:33.683765,2025-01-01 16:51:57.233917,0 days 00:00:23.550152,5,60,55.0,60.0,15.0,45.0,,,,,,4,5.0,3.0,4.0,5.0,,,,,,COMPLETE
692,692,0.47117794486215536,2025-01-01 16:51:57.234686,2025-01-01 16:52:07.601634,0 days 00:00:10.366948,3,50,35.0,55.0,,,,,,,,3,2.0,3.0,,,,,,,,COMPLETE
693,693,0.5331069609507639,2025-01-01 16:52:07.602389,2025-01-01 16:52:21.322441,0 days 00:00:13.720052,4,50,60.0,60.0,20.0,,,,,,,3,2.0,3.0,4.0,,,,,,,COMPLETE
694,694,0.6120401337792643,2025-01-01 16:52:21.323380,2025-01-01 16:52:31.635249,0 days 00:00:10.311869,3,35,50.0,45.0,,,,,,,,3,2.0,3.0,,,,,,,,COMPLETE
695,695,0.6072757337742869,2025-01-01 16:52:31.636069,2025-01-01 16:52:42.001000,0 days 00:00:10.364931,3,60,60.0,5.0,,,,,,,,3,2.0,3.0,,,,,,,,COMPLETE
696,696,0.7148305084745763,2025-01-01 16:52:42.001723,2025-01-01 16:52:52.598950,0 days 00:00:10.597227,3,55,55.0,60.0,,,,,,,,3,3.0,3.0,,,,,,,,COMPLETE
697,697,0.6,2025-01-01 16:52:52.599738,2025-01-01 16:53:15.846208,0 days 00:00:23.246470,6,50,10.0,30.0,25.0,5.0,60.0,,,,,3,3.0,3.0,2.0,6.0,4.0,,,,,COMPLETE
698,698,0.6186270574066639,2025-01-01 16:53:15.847048,2025-01-01 16:53:28.321955,0 days 00:00:12.474907,4,30,15.0,80.0,15.0,,,,,,,3,2.0,3.0,2.0,,,,,,,COMPLETE
699,699,0.571488645920942,2025-01-01 16:53:28.323109,2025-01-01 16:53:41.350154,0 days 00:00:13.027045,3,65,50.0,55.0,,,,,,,,3,5.0,3.0,,,,,,,,COMPLETE
700,700,0.6026086956521739,2025-01-01 16:53:41.350852,2025-01-01 16:53:46.163086,0 days 00:00:04.812234,1,100,,,,,,,,,,3,,,,,,,,,,COMPLETE
701,701,0.6063424947145877,2025-01-01 16:53:46.163758,2025-01-01 16:53:57.946913,0 days 00:00:11.783155,3,45,60.0,75.0,,,,,,,,3,4.0,3.0,,,,,,,,COMPLETE
702,702,0.5993589743589745,2025-01-01 16:53:57.947884,2025-01-01 16:54:19.973170,0 days 00:00:22.025286,6,95,55.0,65.0,10.0,40.0,55.0,,,,,3,3.0,2.0,3.0,5.0,4.0,,,,,COMPLETE
703,703,0.6254355400696865,2025-01-01 16:54:19.974061,2025-01-01 16:54:25.171238,0 days 00:00:05.197177,1,70,,,,,,,,,,3,,,,,,,,,,COMPLETE
704,704,0.6287878787878788,2025-01-01 16:54:25.172277,2025-01-01 16:54:36.544298,0 days 00:00:11.372021,3,95,5.0,60.0,,,,,,,,3,3.0,3.0,,,,,,,,COMPLETE
705,705,0.6876503608660787,2025-01-01 16:54:36.545009,2025-01-01 16:54:52.364966,0 days 00:00:15.819957,4,35,60.0,65.0,5.0,,,,,,,3,3.0,3.0,4.0,,,,,,,COMPLETE
706,706,0.6037037037037036,2025-01-01 16:54:52.365696,2025-01-01 16:55:17.903464,0 days 00:00:25.537768,6,40,40.0,75.0,20.0,10.0,35.0,,,,,3,4.0,3.0,4.0,5.0,4.0,,,,,COMPLETE
707,707,0.4025735294117647,2025-01-01 16:55:17.904318,2025-01-01 16:55:26.672150,0 days 00:00:08.767832,3,90,55.0,5.0,,,,,,,,3,2.0,2.0,,,,,,,,COMPLETE
708,708,0.6818181818181819,2025-01-01 16:55:26.672883,2025-01-01 16:55:36.404188,0 days 00:00:09.731305,3,65,45.0,50.0,,,,,,,,2,3.0,3.0,,,,,,,,COMPLETE
709,709,0.6183554817275747,2025-01-01 16:55:36.405116,2025-01-01 16:55:40.877794,0 days 00:00:04.472678,1,60,,,,,,,,,,3,,,,,,,,,,COMPLETE
710,710,0.6183554817275747,2025-01-01 16:55:40.878480,2025-01-01 16:55:49.105235,0 days 00:00:08.226755,2,90,50.0,,,,,,,,,3,3.0,,,,,,,,,COMPLETE
711,711,0.6486151302190988,2025-01-01 16:55:49.105929,2025-01-01 16:55:59.053300,0 days 00:00:09.947371,3,85,65.0,70.0,,,,,,,,3,3.0,3.0,,,,,,,,COMPLETE
712,712,0.5119047619047619,2025-01-01 16:55:59.054150,2025-01-01 16:56:18.980050,0 days 00:00:19.925900,6,100,15.0,75.0,30.0,65.0,5.0,,,,,3,2.0,2.0,3.0,3.0,4.0,,,,,COMPLETE
713,713,0.625,2025-01-01 16:56:18.980883,2025-01-01 16:56:24.180994,0 days 00:00:05.200111,1,55,,,,,,,,,,3,,,,,,,,,,COMPLETE
714,714,0.7390606182256123,2025-01-01 16:56:24.181660,2025-01-01 16:56:31.928667,0 days 00:00:07.747007,2,90,60.0,,,,,,,,,3,3.0,,,,,,,,,COMPLETE
715,715,0.6984126984126984,2025-01-01 16:56:31.929340,2025-01-01 16:56:45.491713,0 days 00:00:13.562373,3,95,25.0,80.0,,,,,,,,3,3.0,6.0,,,,,,,,COMPLETE
716,716,0.6247954173486088,2025-01-01 16:56:45.492435,2025-01-01 16:56:53.228929,0 days 00:00:07.736494,2,65,55.0,,,,,,,,,3,3.0,,,,,,,,,COMPLETE
717,717,0.6729559748427673,2025-01-01 16:56:53.229620,2025-01-01 16:57:00.063857,0 days 00:00:06.834237,2,95,10.0,,,,,,,,,3,2.0,,,,,,,,,COMPLETE
718,718,0.5653679653679653,2025-01-01 16:57:00.064551,2025-01-01 16:57:23.538534,0 days 00:00:23.473983,5,90,60.0,10.0,30.0,40.0,,,,,,3,6.0,3.0,4.0,6.0,,,,,,COMPLETE
719,719,0.6636363636363636,2025-01-01 16:57:23.539540,2025-01-01 16:57:34.208907,0 days 00:00:10.669367,3,35,50.0,35.0,,,,,,,,3,3.0,3.0,,,,,,,,COMPLETE
720,720,0.582659478885894,2025-01-01 16:57:34.209733,2025-01-01 16:57:39.310746,0 days 00:00:05.101013,1,10,,,,,,,,,,3,,,,,,,,,,COMPLETE
721,721,0.603363412633306,2025-01-01 16:57:39.311407,2025-01-01 16:57:46.996062,0 days 00:00:07.684655,2,95,55.0,,,,,,,,,3,3.0,,,,,,,,,COMPLETE
722,722,0.6598639455782312,2025-01-01 16:57:46.996756,2025-01-01 16:58:00.575789,0 days 00:00:13.579033,4,25,55.0,65.0,15.0,,,,,,,3,3.0,3.0,3.0,,,,,,,COMPLETE
723,723,0.45029775538250116,2025-01-01 16:58:00.576517,2025-01-01 16:58:10.559689,0 days 00:00:09.983172,3,70,65.0,60.0,,,,,,,,4,2.0,2.0,,,,,,,,COMPLETE
724,724,0.5383380168606985,2025-01-01 16:58:10.560411,2025-01-01 16:58:35.970726,0 days 00:00:25.410315,6,30,5.0,65.0,5.0,25.0,65.0,,,,,3,3.0,3.0,2.0,5.0,5.0,,,,,COMPLETE
725,725,0.6375105130361649,2025-01-01 16:58:35.971544,2025-01-01 16:58:40.784408,0 days 00:00:04.812864,1,45,,,,,,,,,,3,,,,,,,,,,COMPLETE
726,726,0.6183554817275747,2025-01-01 16:58:40.785437,2025-01-01 16:59:04.046943,0 days 00:00:23.261506,6,40,10.0,55.0,25.0,55.0,50.0,,,,,3,3.0,3.0,4.0,3.0,4.0,,,,,COMPLETE
727,727,0.5952380952380952,2025-01-01 16:59:04.048422,2025-01-01 16:59:13.209953,0 days 00:00:09.161531,3,85,45.0,5.0,,,,,,,,3,3.0,2.0,,,,,,,,COMPLETE
728,728,0.677938808373591,2025-01-01 16:59:13.210807,2025-01-01 16:59:42.086372,0 days 00:00:28.875565,7,90,40.0,70.0,10.0,50.0,95.0,85.0,,,,3,2.0,4.0,5.0,3.0,4.0,5.0,,,,COMPLETE
729,729,0.6565656565656566,2025-01-01 16:59:42.087277,2025-01-01 16:59:48.822290,0 days 00:00:06.735013,2,60,85.0,,,,,,,,,2,3.0,,,,,,,,,COMPLETE
730,730,0.509090909090909,2025-01-01 16:59:48.822953,2025-01-01 16:59:59.269703,0 days 00:00:10.446750,2,50,60.0,,,,,,,,,6,3.0,,,,,,,,,COMPLETE
731,731,0.6524822695035462,2025-01-01 16:59:59.270416,2025-01-01 17:00:12.003142,0 days 00:00:12.732726,3,55,50.0,15.0,,,,,,,,3,4.0,3.0,,,,,,,,COMPLETE
732,732,0.7037037037037037,2025-01-01 17:00:12.003900,2025-01-01 17:00:16.831568,0 days 00:00:04.827668,1,65,,,,,,,,,,3,,,,,,,,,,COMPLETE
733,733,0.6680143755615453,2025-01-01 17:00:16.832666,2025-01-01 17:00:23.682779,0 days 00:00:06.850113,2,70,60.0,,,,,,,,,3,2.0,,,,,,,,,COMPLETE
734,734,0.6587715776796468,2025-01-01 17:00:23.683679,2025-01-01 17:00:31.446263,0 days 00:00:07.762584,2,100,55.0,,,,,,,,,3,3.0,,,,,,,,,COMPLETE
735,735,0.5720338983050848,2025-01-01 17:00:31.447073,2025-01-01 17:00:48.496475,0 days 00:00:17.049402,4,90,60.0,80.0,35.0,,,,,,,3,3.0,4.0,4.0,,,,,,,COMPLETE
736,736,0.5073891625615763,2025-01-01 17:00:48.497242,2025-01-01 17:01:12.190973,0 days 00:00:23.693731,6,90,65.0,55.0,40.0,75.0,40.0,,,,,3,3.0,3.0,2.0,5.0,4.0,,,,,COMPLETE
737,737,0.6931818181818181,2025-01-01 17:01:12.191763,2025-01-01 17:01:24.230425,0 days 00:00:12.038662,3,95,45.0,85.0,,,,,,,,3,5.0,2.0,,,,,,,,COMPLETE
738,738,0.6261224489795918,2025-01-01 17:01:24.231158,2025-01-01 17:01:41.007952,0 days 00:00:16.776794,5,85,50.0,70.0,20.0,35.0,,,,,,3,2.0,3.0,4.0,3.0,,,,,,COMPLETE
739,739,0.5831881533101045,2025-01-01 17:01:41.008752,2025-01-01 17:01:45.835512,0 days 00:00:04.826760,1,85,,,,,,,,,,3,,,,,,,,,,COMPLETE
740,740,0.677938808373591,2025-01-01 17:01:45.836389,2025-01-01 17:01:54.125019,0 days 00:00:08.288630,2,70,15.0,,,,,,,,,3,3.0,,,,,,,,,COMPLETE
741,741,0.6959517657192076,2025-01-01 17:01:54.125695,2025-01-01 17:02:04.772690,0 days 00:00:10.646995,3,65,55.0,65.0,,,,,,,,3,3.0,3.0,,,,,,,,COMPLETE
742,742,0.7005813953488372,2025-01-01 17:02:04.773558,2025-01-01 17:02:12.511139,0 days 00:00:07.737581,2,95,60.0,,,,,,,,,3,3.0,,,,,,,,,COMPLETE
743,743,0.5607210626185959,2025-01-01 17:02:12.511834,2025-01-01 17:02:21.304554,0 days 00:00:08.792720,3,90,5.0,60.0,,,,,,,,3,2.0,2.0,,,,,,,,COMPLETE
744,744,0.6594684385382059,2025-01-01 17:02:21.305286,2025-01-01 17:02:26.447978,0 days 00:00:05.142692,1,60,,,,,,,,,,3,,,,,,,,,,COMPLETE
745,745,0.6604010025062657,2025-01-01 17:02:26.448659,2025-01-01 17:02:37.315681,0 days 00:00:10.867022,3,55,10.0,75.0,,,,,,,,3,3.0,3.0,,,,,,,,COMPLETE
746,746,0.4995475113122172,2025-01-01 17:02:37.316454,2025-01-01 17:02:44.132388,0 days 00:00:06.815934,2,90,55.0,,,,,,,,,2,3.0,,,,,,,,,COMPLETE
747,747,0.5889830508474576,2025-01-01 17:02:44.133089,2025-01-01 17:02:52.489544,0 days 00:00:08.356455,2,35,60.0,,,,,,,,,3,3.0,,,,,,,,,COMPLETE
748,748,0.76,2025-01-01 17:02:52.490249,2025-01-01 17:03:18.160900,0 days 00:00:25.670651,6,95,90.0,75.0,15.0,60.0,45.0,,,,,3,2.0,3.0,5.0,5.0,5.0,,,,,COMPLETE
749,749,0.6,2025-01-01 17:03:18.161898,2025-01-01 17:03:40.236413,0 days 00:00:22.074515,6,100,90.0,75.0,15.0,60.0,45.0,,,,,3,2.0,3.0,5.0,5.0,5.0,,,,,COMPLETE
750,750,0.6444444444444444,2025-01-01 17:03:40.237366,2025-01-01 17:04:05.906027,0 days 00:00:25.668661,6,95,90.0,80.0,20.0,45.0,75.0,,,,,3,2.0,3.0,5.0,5.0,5.0,,,,,COMPLETE
751,751,0.5353535353535354,2025-01-01 17:04:05.906880,2025-01-01 17:04:33.116743,0 days 00:00:27.209863,6,95,80.0,75.0,15.0,55.0,55.0,,,,,3,2.0,3.0,5.0,5.0,6.0,,,,,COMPLETE
752,752,0.5586380832282472,2025-01-01 17:04:33.117583,2025-01-01 17:05:05.731921,0 days 00:00:32.614338,6,100,95.0,80.0,10.0,60.0,60.0,,,,,5,2.0,3.0,5.0,5.0,5.0,,,,,COMPLETE
753,753,0.5757575757575757,2025-01-01 17:05:05.733062,2025-01-01 17:05:31.093915,0 days 00:00:25.360853,6,95,85.0,70.0,25.0,50.0,60.0,,,,,3,2.0,3.0,5.0,6.0,5.0,,,,,COMPLETE
754,754,0.43253467843631777,2025-01-01 17:05:31.094790,2025-01-01 17:05:59.865160,0 days 00:00:28.770370,6,95,85.0,75.0,5.0,65.0,50.0,,,,,4,2.0,3.0,5.0,5.0,5.0,,,,,COMPLETE
755,755,0.6055646481178396,2025-01-01 17:05:59.866141,2025-01-01 17:06:25.334576,0 days 00:00:25.468435,6,95,95.0,70.0,10.0,70.0,45.0,,,,,3,2.0,3.0,5.0,5.0,6.0,,,,,COMPLETE
756,756,0.4093286835222319,2025-01-01 17:06:25.335720,2025-01-01 17:06:56.618688,0 days 00:00:31.282968,7,95,95.0,80.0,20.0,55.0,10.0,75.0,,,,3,2.0,3.0,5.0,6.0,5.0,5.0,,,,COMPLETE
757,757,0.6998799519807923,2025-01-01 17:06:56.619641,2025-01-01 17:07:10.421269,0 days 00:00:13.801628,6,90,65.0,70.0,15.0,50.0,40.0,,,,,3,2.0,3.0,5.0,5.0,4.0,,,,,COMPLETE
758,758,0.6565656565656566,2025-01-01 17:07:10.422139,2025-01-01 17:07:41.272456,0 days 00:00:30.850317,7,100,50.0,75.0,25.0,45.0,65.0,70.0,,,,3,2.0,3.0,5.0,5.0,5.0,5.0,,,,COMPLETE
759,759,0.6183554817275747,2025-01-01 17:07:41.273591,2025-01-01 17:08:07.154222,0 days 00:00:25.880631,6,90,90.0,75.0,10.0,50.0,35.0,,,,,3,2.0,3.0,4.0,5.0,6.0,,,,,COMPLETE
760,760,0.6365914786967418,2025-01-01 17:08:07.155192,2025-01-01 17:08:31.291393,0 days 00:00:24.136201,6,90,30.0,70.0,15.0,40.0,55.0,,,,,3,2.0,3.0,5.0,6.0,4.0,,,,,COMPLETE
761,761,0.6394230769230769,2025-01-01 17:08:31.292275,2025-01-01 17:08:59.010195,0 days 00:00:27.717920,6,95,85.0,65.0,20.0,60.0,35.0,,,,,3,2.0,3.0,5.0,5.0,5.0,,,,,COMPLETE
762,762,0.5891774891774892,2025-01-01 17:08:59.011019,2025-01-01 17:09:15.133406,0 days 00:00:16.122387,4,95,80.0,10.0,5.0,,,,,,,3,2.0,3.0,5.0,,,,,,,COMPLETE
763,763,0.5586380832282472,2025-01-01 17:09:15.134405,2025-01-01 17:09:39.894834,0 days 00:00:24.760429,6,40,90.0,5.0,25.0,55.0,65.0,,,,,3,2.0,3.0,4.0,5.0,4.0,,,,,COMPLETE
764,764,0.5535714285714286,2025-01-01 17:09:39.895854,2025-01-01 17:09:58.585119,0 days 00:00:18.689265,5,100,50.0,80.0,30.0,40.0,,,,,,3,4.0,3.0,3.0,5.0,,,,,,COMPLETE
765,765,0.6532027743778049,2025-01-01 17:09:58.585970,2025-01-01 17:10:22.920962,0 days 00:00:24.334992,6,95,55.0,50.0,15.0,70.0,40.0,,,,,3,2.0,3.0,5.0,5.0,4.0,,,,,COMPLETE
766,766,0.6379834854411126,2025-01-01 17:10:22.921818,2025-01-01 17:10:32.570990,0 days 00:00:09.649172,3,85,55.0,85.0,,,,,,,,3,2.0,3.0,,,,,,,,COMPLETE
767,767,0.4222222222222222,2025-01-01 17:10:32.571692,2025-01-01 17:10:41.374782,0 days 00:00:08.803090,3,90,60.0,60.0,,,,,,,,2,2.0,3.0,,,,,,,,COMPLETE
768,768,0.6851851851851851,2025-01-01 17:10:41.375542,2025-01-01 17:11:05.638139,0 days 00:00:24.262597,6,90,60.0,40.0,20.0,50.0,75.0,,,,,3,2.0,3.0,4.0,6.0,5.0,,,,,COMPLETE
769,769,0.6885521885521886,2025-01-01 17:11:05.640028,2025-01-01 17:11:10.133995,0 days 00:00:04.493967,1,50,,,,,,,,,,3,,,,,,,,,,COMPLETE
770,770,0.5006645990252547,2025-01-01 17:11:10.134843,2025-01-01 17:11:21.689095,0 days 00:00:11.554252,3,95,45.0,75.0,,,,,,,,3,4.0,2.0,,,,,,,,COMPLETE
771,771,0.6394230769230769,2025-01-01 17:11:21.689824,2025-01-01 17:11:41.636391,0 days 00:00:19.946567,5,90,55.0,25.0,10.0,55.0,,,,,,3,2.0,3.0,6.0,5.0,,,,,,COMPLETE
772,772,0.695540308747856,2025-01-01 17:11:41.637234,2025-01-01 17:11:51.394753,0 days 00:00:09.757519,3,85,65.0,65.0,,,,,,,,3,2.0,3.0,,,,,,,,COMPLETE
773,773,0.654978354978355,2025-01-01 17:11:51.395480,2025-01-01 17:12:08.408613,0 days 00:00:17.013133,4,95,60.0,75.0,5.0,,,,,,,3,3.0,3.0,5.0,,,,,,,COMPLETE
774,774,0.6802721088435374,2025-01-01 17:12:08.409392,2025-01-01 17:12:13.206310,0 days 00:00:04.796918,1,90,,,,,,,,,,3,,,,,,,,,,COMPLETE
775,775,0.5894909688013137,2025-01-01 17:12:13.206986,2025-01-01 17:12:23.895890,0 days 00:00:10.688904,3,35,80.0,80.0,,,,,,,,3,3.0,3.0,,,,,,,,COMPLETE
776,776,0.6565656565656566,2025-01-01 17:12:23.896827,2025-01-01 17:12:48.473879,0 days 00:00:24.577052,6,45,50.0,70.0,35.0,60.0,60.0,,,,,3,2.0,2.0,6.0,6.0,4.0,,,,,COMPLETE
777,777,0.5857843137254902,2025-01-01 17:12:48.474839,2025-01-01 17:13:20.918089,0 days 00:00:32.443250,7,55,35.0,70.0,25.0,45.0,45.0,70.0,,,,3,3.0,3.0,4.0,5.0,6.0,5.0,,,,COMPLETE
778,778,0.705810147299509,2025-01-01 17:13:20.919055,2025-01-01 17:13:31.598058,0 days 00:00:10.679003,3,100,90.0,60.0,,,,,,,,3,3.0,3.0,,,,,,,,COMPLETE
