,number,value,datetime_start,datetime_complete,duration,params_depth,params_neurons_layer_0,params_neurons_layer_1,params_neurons_layer_2,params_neurons_layer_3,params_neurons_layer_4,params_neurons_layer_5,params_neurons_layer_6,params_neurons_layer_7,params_neurons_layer_8,params_neurons_layer_9,params_orders_layer_0,params_orders_layer_1,params_orders_layer_2,params_orders_layer_3,params_orders_layer_4,params_orders_layer_5,params_orders_layer_6,params_orders_layer_7,params_orders_layer_8,params_orders_layer_9,state
502,502,0.7398959583833533,2025-01-01 16:11:17.855203,2025-01-01 16:11:42.422152,0 days 00:00:24.566949,6,80,10.0,80.0,30.0,50.0,55.0,,,,,3,3.0,3.0,5.0,3.0,4.0,,,,,COMPLETE
503,503,0.696969696969697,2025-01-01 16:11:42.422907,2025-01-01 16:12:04.790454,0 days 00:00:22.367547,6,80,10.0,80.0,30.0,50.0,55.0,,,,,3,3.0,3.0,4.0,2.0,4.0,,,,,COMPLETE
504,504,0.6594684385382059,2025-01-01 16:12:04.791451,2025-01-01 16:12:27.202254,0 days 00:00:22.410803,6,70,60.0,80.0,20.0,65.0,45.0,,,,,3,3.0,3.0,4.0,2.0,4.0,,,,,COMPLETE
505,505,0.6198275862068966,2025-01-01 16:12:27.203043,2025-01-01 16:12:50.185364,0 days 00:00:22.982321,6,80,10.0,75.0,35.0,55.0,60.0,,,,,3,3.0,3.0,4.0,3.0,4.0,,,,,COMPLETE
506,506,0.6505016722408027,2025-01-01 16:12:50.186092,2025-01-01 16:13:14.104142,0 days 00:00:23.918050,6,75,10.0,80.0,25.0,50.0,65.0,,,,,3,4.0,3.0,5.0,3.0,4.0,,,,,COMPLETE
507,507,0.5245969408846631,2025-01-01 16:13:14.104887,2025-01-01 16:13:34.835750,0 days 00:00:20.730863,6,80,5.0,75.0,45.0,75.0,50.0,,,,,3,3.0,3.0,4.0,2.0,4.0,,,,,COMPLETE
508,508,0.5353016688061617,2025-01-01 16:13:34.836620,2025-01-01 16:13:59.493969,0 days 00:00:24.657349,6,45,10.0,70.0,30.0,10.0,55.0,,,,,3,3.0,3.0,5.0,3.0,4.0,,,,,COMPLETE
509,509,0.595878889823381,2025-01-01 16:13:59.494833,2025-01-01 16:14:25.159182,0 days 00:00:25.664349,7,75,15.0,10.0,15.0,60.0,60.0,25.0,,,,3,3.0,3.0,5.0,2.0,5.0,4.0,,,,COMPLETE
510,510,0.6004983388704319,2025-01-01 16:14:25.159974,2025-01-01 16:14:44.107953,0 days 00:00:18.947979,5,40,10.0,65.0,10.0,45.0,,,,,,3,3.0,3.0,5.0,3.0,,,,,,COMPLETE
511,511,0.6565656565656566,2025-01-01 16:14:44.108664,2025-01-01 16:15:11.725232,0 days 00:00:27.616568,8,70,55.0,70.0,40.0,70.0,40.0,70.0,45.0,,,3,3.0,3.0,5.0,2.0,4.0,4.0,3.0,,,COMPLETE
512,512,0.6722408026755853,2025-01-01 16:15:11.726353,2025-01-01 16:15:32.182523,0 days 00:00:20.456170,6,80,15.0,75.0,25.0,55.0,65.0,,,,,3,3.0,3.0,3.0,3.0,4.0,,,,,COMPLETE
513,513,0.7159090909090908,2025-01-01 16:15:32.183322,2025-01-01 16:15:59.232057,0 days 00:00:27.048735,6,75,55.0,60.0,40.0,55.0,80.0,,,,,3,3.0,5.0,5.0,3.0,4.0,,,,,COMPLETE
514,514,0.6072757337742869,2025-01-01 16:15:59.232865,2025-01-01 16:16:09.817277,0 days 00:00:10.584412,3,80,10.0,70.0,,,,,,,,3,3.0,3.0,,,,,,,,COMPLETE
515,515,0.4942739349519011,2025-01-01 16:16:09.817992,2025-01-01 16:16:21.546583,0 days 00:00:11.728591,3,80,75.0,75.0,,,,,,,,4,3.0,3.0,,,,,,,,COMPLETE
516,516,0.6998799519807923,2025-01-01 16:16:21.547267,2025-01-01 16:16:46.910920,0 days 00:00:25.363653,7,85,5.0,80.0,20.0,50.0,50.0,75.0,,,,3,3.0,3.0,4.0,2.0,5.0,3.0,,,,COMPLETE
517,517,0.5845864661654135,2025-01-01 16:16:46.911978,2025-01-01 16:16:59.441232,0 days 00:00:12.529254,3,95,60.0,10.0,,,,,,,,3,3.0,4.0,,,,,,,,COMPLETE
518,518,0.5593853820598007,2025-01-01 16:16:59.441902,2025-01-01 16:17:18.173748,0 days 00:00:18.731846,5,70,15.0,65.0,35.0,60.0,,,,,,3,3.0,3.0,5.0,3.0,,,,,,COMPLETE
519,519,0.6598639455782312,2025-01-01 16:17:18.174486,2025-01-01 16:17:28.762006,0 days 00:00:10.587520,3,75,15.0,60.0,,,,,,,,3,3.0,3.0,,,,,,,,COMPLETE
520,520,0.6376811594202898,2025-01-01 16:17:28.762660,2025-01-01 16:17:44.641937,0 days 00:00:15.879277,4,85,55.0,80.0,60.0,,,,,,,3,3.0,3.0,5.0,,,,,,,COMPLETE
521,521,0.6376811594202898,2025-01-01 16:17:44.642646,2025-01-01 16:18:05.286366,0 days 00:00:20.643720,6,25,60.0,75.0,65.0,45.0,85.0,,,,,3,3.0,3.0,4.0,2.0,4.0,,,,,COMPLETE
522,522,0.6261224489795918,2025-01-01 16:18:05.287277,2025-01-01 16:18:29.602641,0 days 00:00:24.315364,6,35,10.0,70.0,30.0,50.0,40.0,,,,,3,3.0,3.0,5.0,3.0,5.0,,,,,COMPLETE
523,523,0.624524312896406,2025-01-01 16:18:29.603528,2025-01-01 16:18:40.270889,0 days 00:00:10.667361,3,95,55.0,65.0,,,,,,,,3,3.0,3.0,,,,,,,,COMPLETE
524,524,0.7227272727272727,2025-01-01 16:18:40.271576,2025-01-01 16:18:48.011906,0 days 00:00:07.740330,2,80,60.0,,,,,,,,,3,3.0,,,,,,,,,COMPLETE
525,525,0.6375105130361649,2025-01-01 16:18:48.012538,2025-01-01 16:18:57.809380,0 days 00:00:09.796842,3,95,70.0,70.0,,,,,,,,3,3.0,3.0,,,,,,,,COMPLETE
526,526,0.5604785112981834,2025-01-01 16:18:57.810032,2025-01-01 16:19:07.281816,0 days 00:00:09.471784,2,95,45.0,,,,,,,,,3,4.0,,,,,,,,,COMPLETE
527,527,0.5033738191632928,2025-01-01 16:19:07.282464,2025-01-01 16:19:21.932212,0 days 00:00:14.649748,3,35,55.0,75.0,,,,,,,,6,3.0,4.0,,,,,,,,COMPLETE
528,528,0.7005813953488372,2025-01-01 16:19:21.932909,2025-01-01 16:19:43.910356,0 days 00:00:21.977447,6,85,60.0,80.0,10.0,60.0,45.0,,,,,3,3.0,3.0,3.0,3.0,4.0,,,,,COMPLETE
529,529,0.6370689655172415,2025-01-01 16:19:43.911227,2025-01-01 16:19:59.811188,0 days 00:00:15.899961,4,40,55.0,65.0,55.0,,,,,,,3,3.0,3.0,5.0,,,,,,,COMPLETE
530,530,0.5948275862068966,2025-01-01 16:19:59.812026,2025-01-01 16:20:08.106176,0 days 00:00:08.294150,2,45,20.0,,,,,,,,,3,3.0,,,,,,,,,COMPLETE
531,531,0.696969696969697,2025-01-01 16:20:08.106846,2025-01-01 16:20:16.396304,0 days 00:00:08.289458,2,85,60.0,,,,,,,,,3,3.0,,,,,,,,,COMPLETE
532,532,0.5657894736842105,2025-01-01 16:20:16.397008,2025-01-01 16:20:28.962654,0 days 00:00:12.565646,3,95,25.0,5.0,,,,,,,,3,3.0,4.0,,,,,,,,COMPLETE
533,533,0.5384615384615384,2025-01-01 16:20:28.963342,2025-01-01 16:20:35.273139,0 days 00:00:06.309797,1,80,,,,,,,,,,4,,,,,,,,,,COMPLETE
534,534,0.6563192904656319,2025-01-01 16:20:35.273890,2025-01-01 16:20:43.490558,0 days 00:00:08.216668,2,90,5.0,,,,,,,,,3,3.0,,,,,,,,,COMPLETE
535,535,0.7005813953488372,2025-01-01 16:20:43.491188,2025-01-01 16:20:48.623577,0 days 00:00:05.132389,1,90,,,,,,,,,,3,,,,,,,,,,COMPLETE
536,536,0.6802536231884058,2025-01-01 16:20:48.624192,2025-01-01 16:20:59.418872,0 days 00:00:10.794680,2,70,50.0,,,,,,,,,3,5.0,,,,,,,,,COMPLETE
537,537,0.662962962962963,2025-01-01 16:20:59.419550,2025-01-01 16:21:10.069440,0 days 00:00:10.649890,3,95,55.0,75.0,,,,,,,,3,3.0,3.0,,,,,,,,COMPLETE
538,538,0.662962962962963,2025-01-01 16:21:10.070096,2025-01-01 16:21:18.370136,0 days 00:00:08.300040,2,85,60.0,,,,,,,,,3,3.0,,,,,,,,,COMPLETE
539,539,0.6486151302190988,2025-01-01 16:21:18.370971,2025-01-01 16:21:45.674396,0 days 00:00:27.303425,7,75,50.0,55.0,15.0,20.0,60.0,80.0,,,,3,3.0,3.0,5.0,3.0,4.0,4.0,,,,COMPLETE
540,540,0.5697522816166884,2025-01-01 16:21:45.675295,2025-01-01 16:22:06.831910,0 days 00:00:21.156615,5,90,70.0,60.0,70.0,65.0,,,,,,3,3.0,3.0,4.0,6.0,,,,,,COMPLETE
541,541,0.6458333333333333,2025-01-01 16:22:06.832682,2025-01-01 16:22:17.496788,0 days 00:00:10.664106,3,95,55.0,70.0,,,,,,,,3,3.0,3.0,,,,,,,,COMPLETE
542,542,0.5528031290743155,2025-01-01 16:22:17.497452,2025-01-01 16:22:42.515486,0 days 00:00:25.018034,6,90,65.0,65.0,45.0,25.0,80.0,,,,,3,3.0,3.0,5.0,2.0,5.0,,,,,COMPLETE
543,543,0.5941558441558441,2025-01-01 16:22:42.516296,2025-01-01 16:22:59.729225,0 days 00:00:17.212929,4,80,45.0,75.0,25.0,,,,,,,3,3.0,3.0,5.0,,,,,,,COMPLETE
544,544,0.6,2025-01-01 16:22:59.730112,2025-01-01 16:23:08.024124,0 days 00:00:08.294012,2,90,15.0,,,,,,,,,3,3.0,,,,,,,,,COMPLETE
545,545,0.6851851851851851,2025-01-01 16:23:08.024888,2025-01-01 16:23:18.722629,0 days 00:00:10.697741,3,85,75.0,70.0,,,,,,,,3,3.0,3.0,,,,,,,,COMPLETE
546,546,0.5344449319877139,2025-01-01 16:23:18.723305,2025-01-01 16:23:26.393738,0 days 00:00:07.670433,1,95,,,,,,,,,,5,,,,,,,,,,COMPLETE
547,547,0.6305418719211823,2025-01-01 16:23:26.394380,2025-01-01 16:23:34.183350,0 days 00:00:07.788970,2,75,30.0,,,,,,,,,3,3.0,,,,,,,,,COMPLETE
548,548,0.606060606060606,2025-01-01 16:23:34.183994,2025-01-01 16:23:45.459908,0 days 00:00:11.275914,3,95,65.0,80.0,,,,,,,,3,3.0,3.0,,,,,,,,COMPLETE
549,549,0.6183554817275747,2025-01-01 16:23:45.460609,2025-01-01 16:23:59.679157,0 days 00:00:14.218548,8,90,60.0,5.0,35.0,45.0,70.0,25.0,40.0,,,3,3.0,4.0,2.0,3.0,6.0,3.0,3.0,,,COMPLETE
550,550,0.662962962962963,2025-01-01 16:23:59.679981,2025-01-01 16:24:07.455982,0 days 00:00:07.776001,2,100,45.0,,,,,,,,,3,3.0,,,,,,,,,COMPLETE
551,551,0.6458333333333333,2025-01-01 16:24:07.456648,2025-01-01 16:24:32.255073,0 days 00:00:24.798425,7,85,50.0,10.0,20.0,55.0,55.0,35.0,,,,3,3.0,3.0,4.0,2.0,4.0,4.0,,,,COMPLETE
552,552,0.702939885914875,2025-01-01 16:24:32.256027,2025-01-01 16:24:37.111054,0 days 00:00:04.855027,1,95,,,,,,,,,,3,,,,,,,,,,COMPLETE
553,553,0.6733333333333333,2025-01-01 16:24:37.111711,2025-01-01 16:24:50.841956,0 days 00:00:13.730245,3,90,55.0,65.0,,,,,,,,3,4.0,4.0,,,,,,,,COMPLETE
554,554,0.6262254901960784,2025-01-01 16:24:50.842749,2025-01-01 16:25:16.718377,0 days 00:00:25.875628,6,70,60.0,75.0,45.0,45.0,85.0,,,,,3,3.0,3.0,5.0,3.0,5.0,,,,,COMPLETE
555,555,0.6444444444444444,2025-01-01 16:25:16.719182,2025-01-01 16:25:24.490652,0 days 00:00:07.771470,2,80,65.0,,,,,,,,,3,3.0,,,,,,,,,COMPLETE
556,556,0.6477801268498943,2025-01-01 16:25:24.491284,2025-01-01 16:25:47.387186,0 days 00:00:22.895902,6,90,55.0,15.0,30.0,75.0,70.0,,,,,3,3.0,3.0,5.0,3.0,4.0,,,,,COMPLETE
557,557,0.4942739349519011,2025-01-01 16:25:47.388001,2025-01-01 16:25:53.774289,0 days 00:00:06.386288,1,85,,,,,,,,,,4,,,,,,,,,,COMPLETE
558,558,0.684577522559475,2025-01-01 16:25:53.774953,2025-01-01 16:26:07.942566,0 days 00:00:14.167613,3,95,60.0,70.0,,,,,,,,3,3.0,5.0,,,,,,,,COMPLETE
559,559,0.6835664335664335,2025-01-01 16:26:07.943445,2025-01-01 16:26:15.692290,0 days 00:00:07.748845,2,90,50.0,,,,,,,,,3,3.0,,,,,,,,,COMPLETE
560,560,0.6753246753246753,2025-01-01 16:26:15.692942,2025-01-01 16:26:26.364077,0 days 00:00:10.671135,3,40,10.0,60.0,,,,,,,,3,3.0,3.0,,,,,,,,COMPLETE
561,561,0.6139830508474576,2025-01-01 16:26:26.364868,2025-01-01 16:26:31.178002,0 days 00:00:04.813134,1,45,,,,,,,,,,3,,,,,,,,,,COMPLETE
562,562,0.56,2025-01-01 16:26:31.178584,2025-01-01 16:26:48.262189,0 days 00:00:17.083605,9,85,55.0,80.0,10.0,50.0,90.0,20.0,50.0,30.0,,3,3.0,3.0,2.0,6.0,4.0,4.0,3.0,4.0,,COMPLETE
563,563,0.5743589743589743,2025-01-01 16:26:48.263096,2025-01-01 16:27:12.819405,0 days 00:00:24.556309,6,75,45.0,70.0,20.0,50.0,65.0,,,,,3,4.0,3.0,5.0,2.0,5.0,,,,,COMPLETE
564,564,0.6587715776796468,2025-01-01 16:27:12.820210,2025-01-01 16:27:20.618964,0 days 00:00:07.798754,2,95,40.0,,,,,,,,,3,3.0,,,,,,,,,COMPLETE
565,565,0.6525000000000001,2025-01-01 16:27:20.619693,2025-01-01 16:27:31.964806,0 days 00:00:11.345113,3,90,60.0,65.0,,,,,,,,3,3.0,3.0,,,,,,,,COMPLETE
566,566,0.6989160979526294,2025-01-01 16:27:31.965452,2025-01-01 16:27:39.747867,0 days 00:00:07.782415,2,100,65.0,,,,,,,,,3,3.0,,,,,,,,,COMPLETE
567,567,0.7045454545454546,2025-01-01 16:27:39.748513,2025-01-01 16:27:47.443906,0 days 00:00:07.695393,2,85,70.0,,,,,,,,,3,3.0,,,,,,,,,COMPLETE
568,568,0.7112794612794613,2025-01-01 16:27:47.444740,2025-01-01 16:27:52.530326,0 days 00:00:05.085586,1,65,,,,,,,,,,3,,,,,,,,,,COMPLETE
569,569,0.6473063973063973,2025-01-01 16:27:52.530963,2025-01-01 16:28:06.008951,0 days 00:00:13.477988,3,95,55.0,5.0,,,,,,,,3,3.0,6.0,,,,,,,,COMPLETE
570,570,0.6473063973063973,2025-01-01 16:28:06.009757,2025-01-01 16:28:13.757176,0 days 00:00:07.747419,2,90,50.0,,,,,,,,,3,3.0,,,,,,,,,COMPLETE
571,571,0.6733333333333333,2025-01-01 16:28:13.757863,2025-01-01 16:28:32.659409,0 days 00:00:18.901546,5,75,60.0,60.0,65.0,15.0,,,,,,3,3.0,3.0,5.0,3.0,,,,,,COMPLETE
572,572,0.6572890025575449,2025-01-01 16:28:32.660183,2025-01-01 16:28:44.027450,0 days 00:00:11.367267,3,90,65.0,10.0,,,,,,,,3,3.0,3.0,,,,,,,,COMPLETE
573,573,0.6794871794871795,2025-01-01 16:28:44.028102,2025-01-01 16:28:51.776067,0 days 00:00:07.747965,2,35,75.0,,,,,,,,,3,3.0,,,,,,,,,COMPLETE
574,574,0.6312056737588652,2025-01-01 16:28:51.776729,2025-01-01 16:29:18.976375,0 days 00:00:27.199646,6,70,60.0,55.0,40.0,65.0,55.0,,,,,3,3.0,5.0,5.0,2.0,6.0,,,,,COMPLETE
575,575,0.6594202898550725,2025-01-01 16:29:18.977203,2025-01-01 16:29:23.788960,0 days 00:00:04.811757,1,95,,,,,,,,,,3,,,,,,,,,,COMPLETE
576,576,0.677938808373591,2025-01-01 16:29:23.789772,2025-01-01 16:29:34.529577,0 days 00:00:10.739805,3,85,45.0,85.0,,,,,,,,3,3.0,3.0,,,,,,,,COMPLETE
577,577,0.650733752620545,2025-01-01 16:29:34.530240,2025-01-01 16:29:50.208601,0 days 00:00:15.678361,4,30,50.0,70.0,60.0,,,,,,,3,3.0,3.0,4.0,,,,,,,COMPLETE
578,578,0.6532027743778049,2025-01-01 16:29:50.209952,2025-01-01 16:30:22.667446,0 days 00:00:32.457494,8,90,55.0,65.0,70.0,20.0,5.0,10.0,20.0,,,3,3.0,3.0,5.0,3.0,4.0,3.0,4.0,,,COMPLETE
579,579,0.5784441547153412,2025-01-01 16:30:22.668259,2025-01-01 16:30:31.477314,0 days 00:00:08.809055,2,80,60.0,,,,,,,,,3,4.0,,,,,,,,,COMPLETE
580,580,0.7069387755102041,2025-01-01 16:30:31.477957,2025-01-01 16:30:39.254421,0 days 00:00:07.776464,2,95,80.0,,,,,,,,,3,3.0,,,,,,,,,COMPLETE
581,581,0.5571658615136876,2025-01-01 16:30:39.255076,2025-01-01 16:31:10.583462,0 days 00:00:31.328386,7,90,10.0,80.0,15.0,30.0,80.0,15.0,,,,3,3.0,4.0,4.0,3.0,6.0,5.0,,,,COMPLETE
582,582,0.696969696969697,2025-01-01 16:31:10.584452,2025-01-01 16:31:21.320245,0 days 00:00:10.735793,3,90,55.0,75.0,,,,,,,,3,3.0,3.0,,,,,,,,COMPLETE
583,583,0.719551282051282,2025-01-01 16:31:21.321050,2025-01-01 16:31:29.577047,0 days 00:00:08.255997,2,100,15.0,,,,,,,,,3,3.0,,,,,,,,,COMPLETE
584,584,0.6072757337742869,2025-01-01 16:31:29.577688,2025-01-01 16:31:37.499902,0 days 00:00:07.922214,6,75,5.0,70.0,55.0,55.0,50.0,,,,,3,3.0,3.0,5.0,2.0,4.0,,,,,COMPLETE
585,585,0.6505016722408027,2025-01-01 16:31:37.500684,2025-01-01 16:31:42.259933,0 days 00:00:04.759249,1,80,,,,,,,,,,3,,,,,,,,,,COMPLETE
586,586,0.6657095980311731,2025-01-01 16:31:42.260557,2025-01-01 16:31:53.684385,0 days 00:00:11.423828,3,85,50.0,75.0,,,,,,,,3,3.0,3.0,,,,,,,,COMPLETE
587,587,0.6737588652482269,2025-01-01 16:31:53.685079,2025-01-01 16:31:58.815816,0 days 00:00:05.130737,1,95,,,,,,,,,,3,,,,,,,,,,COMPLETE
588,588,0.6071428571428572,2025-01-01 16:31:58.816435,2025-01-01 16:32:25.674762,0 days 00:00:26.858327,6,90,60.0,60.0,30.0,70.0,60.0,,,,,3,3.0,3.0,4.0,6.0,5.0,,,,,COMPLETE
589,589,0.4337568058076225,2025-01-01 16:32:25.675558,2025-01-01 16:32:39.438642,0 days 00:00:13.763084,3,20,70.0,10.0,,,,,,,,4,3.0,4.0,,,,,,,,COMPLETE
590,590,0.5551992670636738,2025-01-01 16:32:39.439543,2025-01-01 16:32:54.138170,0 days 00:00:14.698627,4,40,55.0,5.0,25.0,,,,,,,3,3.0,3.0,3.0,,,,,,,COMPLETE
591,591,0.6918238993710691,2025-01-01 16:32:54.138909,2025-01-01 16:33:01.857863,0 days 00:00:07.718954,2,80,65.0,,,,,,,,,3,3.0,,,,,,,,,COMPLETE
592,592,0.684577522559475,2025-01-01 16:33:01.858609,2025-01-01 16:33:12.554686,0 days 00:00:10.696077,3,95,55.0,70.0,,,,,,,,3,3.0,3.0,,,,,,,,COMPLETE
593,593,0.6791421362489487,2025-01-01 16:33:12.555382,2025-01-01 16:33:20.798967,0 days 00:00:08.243585,2,85,40.0,,,,,,,,,3,3.0,,,,,,,,,COMPLETE
594,594,0.6653027823240589,2025-01-01 16:33:20.799749,2025-01-01 16:33:29.052023,0 days 00:00:08.252274,2,90,50.0,,,,,,,,,3,3.0,,,,,,,,,COMPLETE
595,595,0.6987179487179487,2025-01-01 16:33:29.052664,2025-01-01 16:33:33.859723,0 days 00:00:04.807059,1,65,,,,,,,,,,3,,,,,,,,,,COMPLETE
596,596,0.6321428571428571,2025-01-01 16:33:33.860345,2025-01-01 16:33:46.907390,0 days 00:00:13.047045,3,95,40.0,75.0,,,,,,,,3,5.0,3.0,,,,,,,,COMPLETE
597,597,0.6989160979526294,2025-01-01 16:33:46.908097,2025-01-01 16:34:11.321233,0 days 00:00:24.413136,6,85,65.0,55.0,35.0,45.0,65.0,,,,,3,3.0,3.0,5.0,3.0,4.0,,,,,COMPLETE
598,598,0.6794871794871795,2025-01-01 16:34:11.322024,2025-01-01 16:34:19.117585,0 days 00:00:07.795561,2,75,60.0,,,,,,,,,3,3.0,,,,,,,,,COMPLETE
599,599,0.6625277161862528,2025-01-01 16:34:19.118449,2025-01-01 16:34:23.925075,0 days 00:00:04.806626,1,70,,,,,,,,,,3,,,,,,,,,,COMPLETE
600,600,0.6444444444444444,2025-01-01 16:34:23.925725,2025-01-01 16:34:32.167193,0 days 00:00:08.241468,2,50,45.0,,,,,,,,,3,3.0,,,,,,,,,COMPLETE
601,601,0.5867612293144208,2025-01-01 16:34:32.167853,2025-01-01 16:34:46.906853,0 days 00:00:14.739000,3,90,20.0,65.0,,,,,,,,3,6.0,4.0,,,,,,,,COMPLETE
602,602,0.5784825371336813,2025-01-01 16:34:46.907643,2025-01-01 16:34:57.634218,0 days 00:00:10.726575,3,95,55.0,65.0,,,,,,,,3,3.0,3.0,,,,,,,,COMPLETE
603,603,0.6428571428571428,2025-01-01 16:34:57.634909,2025-01-01 16:35:05.446339,0 days 00:00:07.811430,2,100,60.0,,,,,,,,,3,3.0,,,,,,,,,COMPLETE
604,604,0.7037037037037037,2025-01-01 16:35:05.447011,2025-01-01 16:35:10.221827,0 days 00:00:04.774816,1,90,,,,,,,,,,3,,,,,,,,,,COMPLETE
605,605,0.6753246753246753,2025-01-01 16:35:10.222443,2025-01-01 16:35:37.837774,0 days 00:00:27.615331,7,90,45.0,85.0,35.0,35.0,70.0,20.0,,,,3,3.0,3.0,6.0,3.0,4.0,3.0,,,,COMPLETE
606,606,0.5361295681063123,2025-01-01 16:35:37.838584,2025-01-01 16:35:55.475811,0 days 00:00:17.637227,5,5,75.0,75.0,70.0,25.0,,,,,,3,3.0,3.0,6.0,2.0,,,,,,COMPLETE
607,607,0.5998244844229925,2025-01-01 16:35:55.476713,2025-01-01 16:36:05.498134,0 days 00:00:10.021421,2,80,50.0,,,,,,,,,5,3.0,,,,,,,,,COMPLETE
608,608,0.6657095980311731,2025-01-01 16:36:05.498787,2025-01-01 16:36:16.113991,0 days 00:00:10.615204,3,45,80.0,80.0,,,,,,,,3,3.0,3.0,,,,,,,,COMPLETE
609,609,0.6227272727272728,2025-01-01 16:36:16.114787,2025-01-01 16:36:41.605466,0 days 00:00:25.490679,6,95,60.0,60.0,10.0,40.0,35.0,,,,,3,4.0,3.0,5.0,3.0,5.0,,,,,COMPLETE
610,610,0.5571658615136876,2025-01-01 16:36:41.606324,2025-01-01 16:37:08.399124,0 days 00:00:26.792800,6,85,70.0,70.0,5.0,75.0,45.0,,,,,3,3.0,4.0,6.0,3.0,5.0,,,,,COMPLETE
611,611,0.595878889823381,2025-01-01 16:37:08.399957,2025-01-01 16:37:26.271312,0 days 00:00:17.871355,4,35,55.0,5.0,40.0,,,,,,,3,3.0,3.0,6.0,,,,,,,COMPLETE
612,612,0.6851851851851851,2025-01-01 16:37:26.272037,2025-01-01 16:37:34.506297,0 days 00:00:08.234260,2,90,30.0,,,,,,,,,3,3.0,,,,,,,,,COMPLETE
613,613,0.6347402597402598,2025-01-01 16:37:34.507132,2025-01-01 16:37:45.877367,0 days 00:00:11.370235,3,70,65.0,65.0,,,,,,,,3,3.0,3.0,,,,,,,,COMPLETE
614,614,0.6666666666666666,2025-01-01 16:37:45.878062,2025-01-01 16:38:03.771973,0 days 00:00:17.893911,5,100,60.0,75.0,20.0,60.0,,,,,,3,3.0,3.0,5.0,2.0,,,,,,COMPLETE
615,615,0.5894909688013137,2025-01-01 16:38:03.772849,2025-01-01 16:38:20.021941,0 days 00:00:16.249092,9,90,55.0,70.0,60.0,45.0,70.0,10.0,35.0,35.0,,3,3.0,3.0,6.0,6.0,4.0,4.0,3.0,3.0,,COMPLETE
616,616,0.702939885914875,2025-01-01 16:38:20.022825,2025-01-01 16:38:24.878716,0 days 00:00:04.855891,1,95,,,,,,,,,,3,,,,,,,,,,COMPLETE
617,617,0.45535714285714285,2025-01-01 16:38:24.879360,2025-01-01 16:38:33.720342,0 days 00:00:08.840982,2,80,50.0,,,,,,,,,4,3.0,,,,,,,,,COMPLETE
618,618,0.626783248964565,2025-01-01 16:38:33.721045,2025-01-01 16:38:43.150813,0 days 00:00:09.429768,2,90,25.0,,,,,,,,,3,4.0,,,,,,,,,COMPLETE
619,619,0.6572890025575449,2025-01-01 16:38:43.151456,2025-01-01 16:38:55.629651,0 days 00:00:12.478195,3,95,65.0,15.0,,,,,,,,3,3.0,4.0,,,,,,,,COMPLETE
620,620,0.6227272727272728,2025-01-01 16:38:55.630838,2025-01-01 16:39:03.348955,0 days 00:00:07.718117,2,75,55.0,,,,,,,,,3,3.0,,,,,,,,,COMPLETE
621,621,0.6198479391756703,2025-01-01 16:39:03.349588,2025-01-01 16:39:28.583479,0 days 00:00:25.233891,6,25,45.0,80.0,45.0,30.0,90.0,,,,,3,3.0,5.0,6.0,3.0,4.0,,,,,COMPLETE
622,622,0.6072757337742869,2025-01-01 16:39:28.584550,2025-01-01 16:39:40.116544,0 days 00:00:11.531994,3,30,60.0,55.0,,,,,,,,3,3.0,3.0,,,,,,,,COMPLETE
623,623,0.6666666666666666,2025-01-01 16:39:40.117239,2025-01-01 16:39:44.901445,0 days 00:00:04.784206,1,85,,,,,,,,,,3,,,,,,,,,,COMPLETE
624,624,0.7444444444444445,2025-01-01 16:39:44.902090,2025-01-01 16:39:52.643164,0 days 00:00:07.741074,2,65,50.0,,,,,,,,,3,3.0,,,,,,,,,COMPLETE
625,625,0.49979991996798717,2025-01-01 16:39:52.644228,2025-01-01 16:40:08.712332,0 days 00:00:16.068104,8,70,50.0,65.0,15.0,55.0,35.0,35.0,15.0,,,3,3.0,3.0,5.0,3.0,4.0,5.0,3.0,,,COMPLETE
626,626,0.6409090909090909,2025-01-01 16:40:08.713193,2025-01-01 16:40:20.152978,0 days 00:00:11.439785,3,65,45.0,50.0,,,,,,,,3,3.0,3.0,,,,,,,,COMPLETE
627,627,0.5398159263705482,2025-01-01 16:40:20.153952,2025-01-01 16:40:36.824358,0 days 00:00:16.670406,4,65,50.0,25.0,25.0,,,,,,,3,3.0,3.0,6.0,,,,,,,COMPLETE
628,628,0.7444444444444445,2025-01-01 16:40:36.825104,2025-01-01 16:40:45.079401,0 days 00:00:08.254297,2,65,10.0,,,,,,,,,3,3.0,,,,,,,,,COMPLETE
629,629,0.7398959583833533,2025-01-01 16:40:45.080048,2025-01-01 16:40:53.380413,0 days 00:00:08.300365,2,65,10.0,,,,,,,,,3,3.0,,,,,,,,,COMPLETE
630,630,0.6715927750410509,2025-01-01 16:40:53.381264,2025-01-01 16:41:01.609693,0 days 00:00:08.228429,2,65,10.0,,,,,,,,,3,3.0,,,,,,,,,COMPLETE
631,631,0.6587715776796468,2025-01-01 16:41:01.610355,2025-01-01 16:41:09.880744,0 days 00:00:08.270389,2,70,10.0,,,,,,,,,3,3.0,,,,,,,,,COMPLETE
632,632,0.6532027743778049,2025-01-01 16:41:09.881551,2025-01-01 16:41:18.064766,0 days 00:00:08.183215,2,65,15.0,,,,,,,,,3,3.0,,,,,,,,,COMPLETE
633,633,0.6350771869639794,2025-01-01 16:41:18.065413,2025-01-01 16:41:26.307930,0 days 00:00:08.242517,2,65,10.0,,,,,,,,,3,3.0,,,,,,,,,COMPLETE
634,634,0.6794871794871795,2025-01-01 16:41:26.308604,2025-01-01 16:41:34.636438,0 days 00:00:08.327834,2,65,10.0,,,,,,,,,3,3.0,,,,,,,,,COMPLETE
635,635,0.5701754385964912,2025-01-01 16:41:34.637132,2025-01-01 16:41:45.074376,0 days 00:00:10.437244,2,65,5.0,,,,,,,,,6,3.0,,,,,,,,,COMPLETE
636,636,0.6547518923465097,2025-01-01 16:41:45.075034,2025-01-01 16:41:49.949937,0 days 00:00:04.874903,1,65,,,,,,,,,,3,,,,,,,,,,COMPLETE
637,637,0.7037037037037037,2025-01-01 16:41:49.950586,2025-01-01 16:41:58.120917,0 days 00:00:08.170331,2,65,10.0,,,,,,,,,3,3.0,,,,,,,,,COMPLETE
638,638,0.6198275862068966,2025-01-01 16:41:58.121680,2025-01-01 16:42:06.403958,0 days 00:00:08.282278,2,70,15.0,,,,,,,,,3,3.0,,,,,,,,,COMPLETE
639,639,0.6477801268498943,2025-01-01 16:42:06.404626,2025-01-01 16:42:11.203531,0 days 00:00:04.798905,1,65,,,,,,,,,,3,,,,,,,,,,COMPLETE
